C maximal rule for r=c:ab; ar,br,cr,dr; a,b,c,dr
I    5.50] Elapsed: 5.50, vertices: 34, facets final: 16100, pending: 18927, pool: 12
I   10.50] Elapsed: 10.50, vertices: 39, facets final: 20546, pending: 14769, pool: 7
I   15.50] Elapsed: 15.50, vertices: 41, facets final: 54255, pending: 14523, pool: 6
I   84.96] Elapsed: 1:25, vertices: 43, facets final: 68916, pending: 77543, pool: 6
I  102.57] Elapsed: 1:43, vertices: 44, facets final: 69165, pending: 67342, pool: 5
I  107.57] Elapsed: 1:48, vertices: 44, facets final: 109003, pending: 27504
I  118.82] Elapsed: 1:59, vertices: 45, facets final: 136502, pending: 135870, pool: 5
I  466.45] Elapsed: 7:46, vertices: 46, facets final: 136663, pending: 153949, pool: 6
I  539.49] Elapsed: 8:59, vertices: 47, facets final: 136894, pending: 133654, pool: 5
I  544.49] Elapsed: 9:04, vertices: 47, facets final: 176057, pending: 94491
I  549.49] Elapsed: 9:09, vertices: 47, facets final: 215076, pending: 55472
I  554.49] Elapsed: 9:14, vertices: 47, facets final: 255351, pending: 15197
I  586.04] Elapsed: 9:46, vertices: 48, facets final: 270544, pending: 269781, pool: 4
I  591.04] Elapsed: 9:51, vertices: 48, facets final: 308729, pending: 231596
I  596.04] Elapsed: 9:56, vertices: 48, facets final: 346530, pending: 193795
I  601.04] Elapsed: 10:01, vertices: 48, facets final: 384955, pending: 155370
I  606.04] Elapsed: 10:06, vertices: 48, facets final: 422994, pending: 117331
I  611.04] Elapsed: 10:11, vertices: 48, facets final: 462070, pending: 78255
I  616.04] Elapsed: 10:16, vertices: 48, facets final: 501172, pending: 39153
I  746.30] Elapsed: 12:26, vertices: 49, facets final: 540322, pending: 538190, pool: 3
I19726.60] Elapsed: 5:28:47, vertices: 50, facets final: 540478, pending: 926810, pool: 10
I24660.82] Elapsed: 6:51:01, vertices: 51, facets final: 540611, pending: 794437, pool: 10
I26166.40] Elapsed: 7:16:06, vertices: 52, facets final: 540789, pending: 596723, pool: 9
I48977.10] Elapsed: 13:36:17, vertices: 53, facets final: 541072, pending: 928218, pool: 9
I68529.19] Elapsed: 19:02:09, vertices: 54, facets final: 541288, pending: 831072, pool: 9
I81774.47] Elapsed: 22:42:54, vertices: 55, facets final: 541470, pending: 765546, pool: 8
I83677.31] Elapsed: 23:14:37, vertices: 56, facets final: 541747, pending: 612789, pool: 7
I86016.13] Elapsed: 23:53:36, vertices: 57, facets final: 542191, pending: 583033, pool: 6
I86021.13] Elapsed: 23:53:41, vertices: 57, facets final: 578431, pending: 546793
I87798.22] Elapsed: 1d00:23:18, vertices: 58, facets final: 602073, pending: 588751, pool: 5
I87803.22] Elapsed: 1d00:23:23, vertices: 58, facets final: 639003, pending: 551821
I90022.52] Elapsed: 1d01:00:23, vertices: 59, facets final: 659365, pending: 628003, pool: 4
I91356.98] Elapsed: 1d01:22:37, vertices: 60, facets final: 659761, pending: 614391, pool: 3
I91361.98] Elapsed: 1d01:22:42, vertices: 60, facets final: 697041, pending: 577111
I91366.98] Elapsed: 1d01:22:47, vertices: 60, facets final: 734132, pending: 540020
I91371.98] Elapsed: 1d01:22:52, vertices: 60, facets final: 771245, pending: 502907
I91376.98] Elapsed: 1d01:22:57, vertices: 60, facets final: 808272, pending: 465880
I91381.98] Elapsed: 1d01:23:02, vertices: 60, facets final: 845615, pending: 428537
I91386.98] Elapsed: 1d01:23:07, vertices: 60, facets final: 882710, pending: 391442
I91391.98] Elapsed: 1d01:23:12, vertices: 60, facets final: 920224, pending: 353928
I91396.98] Elapsed: 1d01:23:17, vertices: 60, facets final: 957647, pending: 316505
I91401.98] Elapsed: 1d01:23:22, vertices: 60, facets final: 994927, pending: 279225
I91406.98] Elapsed: 1d01:23:27, vertices: 60, facets final: 1032465, pending: 241687
I91411.98] Elapsed: 1d01:23:32, vertices: 60, facets final: 1070056, pending: 204096
I91416.98] Elapsed: 1d01:23:37, vertices: 60, facets final: 1107831, pending: 166321
I91421.98] Elapsed: 1d01:23:42, vertices: 60, facets final: 1146573, pending: 127579
I91426.98] Elapsed: 1d01:23:47, vertices: 60, facets final: 1185687, pending: 88465
I91431.98] Elapsed: 1d01:23:52, vertices: 60, facets final: 1224217, pending: 49935
I91436.98] Elapsed: 1d01:23:57, vertices: 60, facets final: 1271556, pending: 2596
I92460.85] Elapsed: 1d01:41:01, vertices: 61, facets final: 1274149, pending: 1272100, pool: 2
I92465.85] Elapsed: 1d01:41:06, vertices: 61, facets final: 1310873, pending: 1235376
I92470.85] Elapsed: 1d01:41:11, vertices: 61, facets final: 1347669, pending: 1198580
I92475.85] Elapsed: 1d01:41:16, vertices: 61, facets final: 1384390, pending: 1161859
I92480.85] Elapsed: 1d01:41:21, vertices: 61, facets final: 1421251, pending: 1124998
I92485.85] Elapsed: 1d01:41:26, vertices: 61, facets final: 1458119, pending: 1088130
I92490.85] Elapsed: 1d01:41:31, vertices: 61, facets final: 1495067, pending: 1051182
I92495.85] Elapsed: 1d01:41:36, vertices: 61, facets final: 1532759, pending: 1013490
I92500.85] Elapsed: 1d01:41:41, vertices: 61, facets final: 1570132, pending: 976117
I92505.85] Elapsed: 1d01:41:46, vertices: 61, facets final: 1606844, pending: 939405
I92510.85] Elapsed: 1d01:41:51, vertices: 61, facets final: 1643777, pending: 902472
I92515.85] Elapsed: 1d01:41:56, vertices: 61, facets final: 1680372, pending: 865877
I92520.85] Elapsed: 1d01:42:01, vertices: 61, facets final: 1717010, pending: 829239
I92525.85] Elapsed: 1d01:42:06, vertices: 61, facets final: 1753771, pending: 792478
I92530.85] Elapsed: 1d01:42:11, vertices: 61, facets final: 1790046, pending: 756203
I92535.85] Elapsed: 1d01:42:16, vertices: 61, facets final: 1826566, pending: 719683
I92540.85] Elapsed: 1d01:42:21, vertices: 61, facets final: 1862511, pending: 683738
I92545.85] Elapsed: 1d01:42:26, vertices: 61, facets final: 1898645, pending: 647604
I92550.85] Elapsed: 1d01:42:31, vertices: 61, facets final: 1934497, pending: 611752
I92555.85] Elapsed: 1d01:42:36, vertices: 61, facets final: 1970125, pending: 576124
I92560.85] Elapsed: 1d01:42:41, vertices: 61, facets final: 2006378, pending: 539871
I92565.85] Elapsed: 1d01:42:46, vertices: 61, facets final: 2042818, pending: 503431
I92570.85] Elapsed: 1d01:42:51, vertices: 61, facets final: 2079093, pending: 467156
I92575.85] Elapsed: 1d01:42:56, vertices: 61, facets final: 2114988, pending: 431261
I92580.85] Elapsed: 1d01:43:01, vertices: 61, facets final: 2151030, pending: 395219
I92585.85] Elapsed: 1d01:43:06, vertices: 61, facets final: 2187594, pending: 358655
I92590.85] Elapsed: 1d01:43:11, vertices: 61, facets final: 2225028, pending: 321221
I92595.85] Elapsed: 1d01:43:16, vertices: 61, facets final: 2262335, pending: 283914
I92600.85] Elapsed: 1d01:43:21, vertices: 61, facets final: 2298581, pending: 247668
I92605.85] Elapsed: 1d01:43:26, vertices: 61, facets final: 2335010, pending: 211239
I92610.85] Elapsed: 1d01:43:31, vertices: 61, facets final: 2371448, pending: 174801
I92615.85] Elapsed: 1d01:43:36, vertices: 61, facets final: 2408116, pending: 138133
I92620.85] Elapsed: 1d01:43:41, vertices: 61, facets final: 2445079, pending: 101170
I92625.85] Elapsed: 1d01:43:46, vertices: 61, facets final: 2481949, pending: 64300
I92630.85] Elapsed: 1d01:43:51, vertices: 61, facets final: 2519328, pending: 26921
I96396.20] Elapsed: 1d02:46:36, vertices: 62, facets final: 2546247, pending: 2540641, pool: 1
I96401.20] Elapsed: 1d02:46:41, vertices: 62, facets final: 2582537, pending: 2504351
I96406.20] Elapsed: 1d02:46:46, vertices: 62, facets final: 2617897, pending: 2468991
I96411.20] Elapsed: 1d02:46:51, vertices: 62, facets final: 2653774, pending: 2433114
I96416.20] Elapsed: 1d02:46:56, vertices: 62, facets final: 2690002, pending: 2396886
I96421.20] Elapsed: 1d02:47:01, vertices: 62, facets final: 2725582, pending: 2361306
I96426.20] Elapsed: 1d02:47:06, vertices: 62, facets final: 2760828, pending: 2326060
I96431.20] Elapsed: 1d02:47:11, vertices: 62, facets final: 2796531, pending: 2290357
I96436.20] Elapsed: 1d02:47:16, vertices: 62, facets final: 2832414, pending: 2254474
I96441.20] Elapsed: 1d02:47:21, vertices: 62, facets final: 2867483, pending: 2219405
I96446.20] Elapsed: 1d02:47:26, vertices: 62, facets final: 2902694, pending: 2184194
I96451.20] Elapsed: 1d02:47:31, vertices: 62, facets final: 2938404, pending: 2148484
I96456.20] Elapsed: 1d02:47:36, vertices: 62, facets final: 2973824, pending: 2113064
I96461.20] Elapsed: 1d02:47:41, vertices: 62, facets final: 3008925, pending: 2077963
I96466.20] Elapsed: 1d02:47:46, vertices: 62, facets final: 3044710, pending: 2042178
I96471.20] Elapsed: 1d02:47:51, vertices: 62, facets final: 3079676, pending: 2007212
I96476.20] Elapsed: 1d02:47:56, vertices: 62, facets final: 3114402, pending: 1972486
I96481.20] Elapsed: 1d02:48:01, vertices: 62, facets final: 3149693, pending: 1937195
I96486.20] Elapsed: 1d02:48:06, vertices: 62, facets final: 3184433, pending: 1902455
I96491.20] Elapsed: 1d02:48:11, vertices: 62, facets final: 3218985, pending: 1867903
I96496.20] Elapsed: 1d02:48:16, vertices: 62, facets final: 3254361, pending: 1832527
I96501.20] Elapsed: 1d02:48:21, vertices: 62, facets final: 3289151, pending: 1797737
I96506.20] Elapsed: 1d02:48:26, vertices: 62, facets final: 3323841, pending: 1763047
I96511.20] Elapsed: 1d02:48:31, vertices: 62, facets final: 3359349, pending: 1727539
I96516.20] Elapsed: 1d02:48:36, vertices: 62, facets final: 3394563, pending: 1692325
I96521.20] Elapsed: 1d02:48:41, vertices: 62, facets final: 3429856, pending: 1657032
I96526.20] Elapsed: 1d02:48:46, vertices: 62, facets final: 3465245, pending: 1621643
I96531.20] Elapsed: 1d02:48:51, vertices: 62, facets final: 3500145, pending: 1586743
I96536.20] Elapsed: 1d02:48:56, vertices: 62, facets final: 3535026, pending: 1551862
I96541.20] Elapsed: 1d02:49:01, vertices: 62, facets final: 3569708, pending: 1517180
I96546.20] Elapsed: 1d02:49:06, vertices: 62, facets final: 3604169, pending: 1482719
I96551.20] Elapsed: 1d02:49:11, vertices: 62, facets final: 3639010, pending: 1447878
I96556.20] Elapsed: 1d02:49:16, vertices: 62, facets final: 3673447, pending: 1413441
I96561.20] Elapsed: 1d02:49:21, vertices: 62, facets final: 3708138, pending: 1378750
I96566.20] Elapsed: 1d02:49:26, vertices: 62, facets final: 3742639, pending: 1344249
I96571.20] Elapsed: 1d02:49:31, vertices: 62, facets final: 3777217, pending: 1309671
I96576.20] Elapsed: 1d02:49:36, vertices: 62, facets final: 3811334, pending: 1275554
I96581.20] Elapsed: 1d02:49:41, vertices: 62, facets final: 3846017, pending: 1240871
I96586.20] Elapsed: 1d02:49:46, vertices: 62, facets final: 3879996, pending: 1206892
I96591.20] Elapsed: 1d02:49:51, vertices: 62, facets final: 3914566, pending: 1172322
I96596.20] Elapsed: 1d02:49:56, vertices: 62, facets final: 3948761, pending: 1138127
I96601.20] Elapsed: 1d02:50:01, vertices: 62, facets final: 3983454, pending: 1103434
I96606.20] Elapsed: 1d02:50:06, vertices: 62, facets final: 4018054, pending: 1068834
I96611.20] Elapsed: 1d02:50:11, vertices: 62, facets final: 4052933, pending: 1033955
I96616.20] Elapsed: 1d02:50:16, vertices: 62, facets final: 4087571, pending: 999317
I96621.20] Elapsed: 1d02:50:21, vertices: 62, facets final: 4124678, pending: 962210
I96626.20] Elapsed: 1d02:50:26, vertices: 62, facets final: 4162994, pending: 923894
I96631.20] Elapsed: 1d02:50:31, vertices: 62, facets final: 4201413, pending: 885475
I96636.20] Elapsed: 1d02:50:36, vertices: 62, facets final: 4238749, pending: 848139
I96641.20] Elapsed: 1d02:50:41, vertices: 62, facets final: 4273335, pending: 813553
I96646.20] Elapsed: 1d02:50:46, vertices: 62, facets final: 4308126, pending: 778762
I96651.20] Elapsed: 1d02:50:51, vertices: 62, facets final: 4342924, pending: 743964
I96656.20] Elapsed: 1d02:50:56, vertices: 62, facets final: 4377441, pending: 709447
I96661.20] Elapsed: 1d02:51:01, vertices: 62, facets final: 4412063, pending: 674825
I96666.20] Elapsed: 1d02:51:06, vertices: 62, facets final: 4445917, pending: 640971
I96671.20] Elapsed: 1d02:51:11, vertices: 62, facets final: 4479892, pending: 606996
I96676.20] Elapsed: 1d02:51:16, vertices: 62, facets final: 4513511, pending: 573377
I96681.20] Elapsed: 1d02:51:21, vertices: 62, facets final: 4547065, pending: 539823
I96686.20] Elapsed: 1d02:51:26, vertices: 62, facets final: 4580631, pending: 506257
I96691.20] Elapsed: 1d02:51:31, vertices: 62, facets final: 4614199, pending: 472689
I96696.20] Elapsed: 1d02:51:36, vertices: 62, facets final: 4647191, pending: 439697
I96701.20] Elapsed: 1d02:51:41, vertices: 62, facets final: 4680224, pending: 406664
I96706.20] Elapsed: 1d02:51:46, vertices: 62, facets final: 4713268, pending: 373620
I96711.20] Elapsed: 1d02:51:51, vertices: 62, facets final: 4746235, pending: 340653
I96716.20] Elapsed: 1d02:51:56, vertices: 62, facets final: 4779217, pending: 307671
I96721.20] Elapsed: 1d02:52:01, vertices: 62, facets final: 4813612, pending: 273276
I96726.20] Elapsed: 1d02:52:06, vertices: 62, facets final: 4847703, pending: 239185
I96731.20] Elapsed: 1d02:52:11, vertices: 62, facets final: 4881269, pending: 205619
I96736.20] Elapsed: 1d02:52:16, vertices: 62, facets final: 4914527, pending: 172361
I96741.20] Elapsed: 1d02:52:21, vertices: 62, facets final: 4947680, pending: 139208
I96746.20] Elapsed: 1d02:52:26, vertices: 62, facets final: 4981129, pending: 105759
I96751.20] Elapsed: 1d02:52:31, vertices: 62, facets final: 5014345, pending: 72543
I96756.20] Elapsed: 1d02:52:36, vertices: 62, facets final: 5047826, pending: 39062
I96761.20] Elapsed: 1d02:52:41, vertices: 62, facets final: 5082024, pending: 4864
I96761.87] Elapsed: 1d02:52:42, vertices: 62, facets final: 5086888, pending: 0

--------------------------------
Problem completed
 name                    rule13.vlp
 output                  rule13.res
 rows, cols, objs        22, 99, 33
 vertices, facets        62, 5086888
 total time              1d02:52:42
--------------------------------
Statistics
LP:
 oracle calls            5094633
   avg iterations/calls  8.67
 total oracle time       10:47
Combinatorics:
 vertices added          62
 facets probed           5103407
 facets # max            5086889
 memory allocated        2.43G
 storage expansion
   vertices # / upto     1 / 124
   facets   # / upto     16 / 5087228
 facet manipulating
   added avg / max       113.10k / 2.54M
   compressed            28
 number of ridge tests
   avg / max             22.13G / 286.56G
--------------------------------
Parameters with non-default values
 VertexPoolSize=400
 OracleCallLimit=0
