C maximal rule for r=a:bc; ar,br,c,dr; a,r,c,d
I    5.00] Elapsed: 5.00, vertices: 24, facets final: 19628, pending: 30356, pool: 10
I   10.00] Elapsed: 10.00, vertices: 26, facets final: 37288, pending: 69077, pool: 10
I   15.00] Elapsed: 15.00, vertices: 28, facets final: 43311, pending: 62517, pool: 9
I   20.00] Elapsed: 20.00, vertices: 31, facets final: 65624, pending: 41302, pool: 7
I   25.00] Elapsed: 25.00, vertices: 33, facets final: 88590, pending: 23778, pool: 5
I   35.02] Elapsed: 35.02, vertices: 34, facets final: 112360, pending: 112347, pool: 4
I   40.02] Elapsed: 40.02, vertices: 35, facets final: 117288, pending: 115149, pool: 6
I   50.23] Elapsed: 50.23, vertices: 37, facets final: 121501, pending: 130996, pool: 5
I   65.62] Elapsed: 1:06, vertices: 38, facets final: 121864, pending: 122431, pool: 5
I   70.72] Elapsed: 1:11, vertices: 39, facets final: 122301, pending: 119941, pool: 4
I   75.72] Elapsed: 1:16, vertices: 39, facets final: 153963, pending: 88279
I   80.72] Elapsed: 1:21, vertices: 39, facets final: 186825, pending: 55417
I   85.72] Elapsed: 1:26, vertices: 39, facets final: 219286, pending: 22956
I  115.91] Elapsed: 1:56, vertices: 40, facets final: 242238, pending: 237616, pool: 3
I  132.99] Elapsed: 2:13, vertices: 41, facets final: 250323, pending: 240263, pool: 3
I  146.70] Elapsed: 2:27, vertices: 42, facets final: 250724, pending: 234555, pool: 3
I  151.70] Elapsed: 2:32, vertices: 42, facets final: 282945, pending: 202334
I  156.70] Elapsed: 2:37, vertices: 42, facets final: 316116, pending: 169163
I  161.70] Elapsed: 2:42, vertices: 42, facets final: 348286, pending: 136993
I  166.70] Elapsed: 2:47, vertices: 42, facets final: 382038, pending: 103241
I  171.70] Elapsed: 2:52, vertices: 42, facets final: 415995, pending: 69284
I  176.70] Elapsed: 2:57, vertices: 42, facets final: 451752, pending: 33527
I  316.13] Elapsed: 5:16, vertices: 43, facets final: 485277, pending: 484759, pool: 2
I  321.13] Elapsed: 5:21, vertices: 43, facets final: 515748, pending: 454288
I  326.13] Elapsed: 5:26, vertices: 43, facets final: 546797, pending: 423239
I  331.13] Elapsed: 5:31, vertices: 43, facets final: 577401, pending: 392635
I  336.13] Elapsed: 5:36, vertices: 43, facets final: 608096, pending: 361940
I  341.13] Elapsed: 5:41, vertices: 43, facets final: 639662, pending: 330374
I  346.13] Elapsed: 5:46, vertices: 43, facets final: 670217, pending: 299819
I  351.13] Elapsed: 5:51, vertices: 43, facets final: 700797, pending: 269239
I  356.13] Elapsed: 5:56, vertices: 43, facets final: 732417, pending: 237619
I  361.13] Elapsed: 6:01, vertices: 43, facets final: 763039, pending: 206997
I  366.13] Elapsed: 6:06, vertices: 43, facets final: 794197, pending: 175839
I  371.13] Elapsed: 6:11, vertices: 43, facets final: 825374, pending: 144662
I  376.13] Elapsed: 6:16, vertices: 43, facets final: 857369, pending: 112667
I  381.13] Elapsed: 6:21, vertices: 43, facets final: 889691, pending: 80345
I  386.13] Elapsed: 6:26, vertices: 43, facets final: 922818, pending: 47218
I  391.13] Elapsed: 6:31, vertices: 43, facets final: 956775, pending: 13261
I  856.08] Elapsed: 14:16, vertices: 44, facets final: 970035, pending: 820463, pool: 1
I  861.08] Elapsed: 14:21, vertices: 44, facets final: 999810, pending: 790688
I  866.08] Elapsed: 14:26, vertices: 44, facets final: 1029883, pending: 760615
I  871.08] Elapsed: 14:31, vertices: 44, facets final: 1059244, pending: 731254
I  876.08] Elapsed: 14:36, vertices: 44, facets final: 1089855, pending: 700643
I  881.08] Elapsed: 14:41, vertices: 44, facets final: 1119555, pending: 670943
I  886.08] Elapsed: 14:46, vertices: 44, facets final: 1149152, pending: 641346
I  891.08] Elapsed: 14:51, vertices: 44, facets final: 1179304, pending: 611194
I  896.08] Elapsed: 14:56, vertices: 44, facets final: 1208514, pending: 581984
I  901.08] Elapsed: 15:01, vertices: 44, facets final: 1237534, pending: 552964
I  906.08] Elapsed: 15:06, vertices: 44, facets final: 1267364, pending: 523134
I  911.08] Elapsed: 15:11, vertices: 44, facets final: 1296811, pending: 493687
I  916.08] Elapsed: 15:16, vertices: 44, facets final: 1327291, pending: 463207
I  921.08] Elapsed: 15:21, vertices: 44, facets final: 1357106, pending: 433392
I  926.08] Elapsed: 15:26, vertices: 44, facets final: 1387923, pending: 402575
I  931.08] Elapsed: 15:31, vertices: 44, facets final: 1417966, pending: 372532
I  936.08] Elapsed: 15:36, vertices: 44, facets final: 1449441, pending: 341057
I  941.08] Elapsed: 15:41, vertices: 44, facets final: 1480190, pending: 310308
I  946.08] Elapsed: 15:46, vertices: 44, facets final: 1511448, pending: 279050
I  951.08] Elapsed: 15:51, vertices: 44, facets final: 1542939, pending: 247559
I  956.08] Elapsed: 15:56, vertices: 44, facets final: 1574693, pending: 215805
I  961.08] Elapsed: 16:01, vertices: 44, facets final: 1605456, pending: 185042
I  966.08] Elapsed: 16:06, vertices: 44, facets final: 1636549, pending: 153949
I  971.08] Elapsed: 16:11, vertices: 44, facets final: 1667673, pending: 122825
I  976.08] Elapsed: 16:16, vertices: 44, facets final: 1698460, pending: 92038
I  981.08] Elapsed: 16:21, vertices: 44, facets final: 1729462, pending: 61036
I  986.08] Elapsed: 16:26, vertices: 44, facets final: 1761744, pending: 28754
I 1071.50] Elapsed: 17:52, vertices: 45, facets final: 1790462, pending: 57174, pool: 1
I 1469.66] Elapsed: 24:30, vertices: 46, facets final: 1790500, pending: 24797, pool: 1
I 1473.45] Elapsed: 24:33, vertices: 46, facets final: 1815297, pending: 0

--------------------------------
Problem completed
 name                    16.vlp
 output                  16.res
 rows, cols, objs        22, 99, 33
 vertices, facets        46, 1815297
 total time              24:33
--------------------------------
Statistics
LP:
 oracle calls            1820365
   avg iterations/calls  6.49
 total oracle time       4:30
Combinatorics:
 vertices added          46
 facets probed           1825585
 facets # max            1847637
 memory allocated        835.62M
 storage expansion
   vertices # / upto     1 / 124
   facets   # / upto     19 / 1851388
 facet manipulating
   added avg / max       42.62k / 820.46k
   compressed            22
 number of ridge tests
   avg / max             1.74G / 66.41G
--------------------------------
Parameters with non-default values
 VertexPoolSize=400
 OracleCallLimit=0
