I    5.17] Elapsed: 5.17, vertices: 4, facets final: 10, pending: 21
I   10.19] Elapsed: 10.19, vertices: 8, facets final: 21, pending: 52
I   15.32] Elapsed: 15.32, vertices: 22, facets final: 28, pending: 202
I   20.46] Elapsed: 20.46, vertices: 37, facets final: 40, pending: 380
I   25.66] Elapsed: 25.66, vertices: 60, facets final: 51, pending: 587
I   30.72] Elapsed: 30.72, vertices: 76, facets final: 66, pending: 655
I   35.94] Elapsed: 35.94, vertices: 88, facets final: 85, pending: 668
I   41.04] Elapsed: 41.04, vertices: 99, facets final: 103, pending: 663
I   41.41] recalculating facets...
I   46.18] Elapsed: 46.18, vertices: 110, facets final: 129, pending: 645
I   51.30] Elapsed: 51.30, vertices: 124, facets final: 150, pending: 616
I   56.30] Elapsed: 56.30, vertices: 132, facets final: 174, pending: 553
I   61.32] Elapsed: 1:01, vertices: 141, facets final: 196, pending: 542
I   66.46] Elapsed: 1:06, vertices: 147, facets final: 224, pending: 500
I   71.61] Elapsed: 1:12, vertices: 154, facets final: 253, pending: 470
I   76.65] Elapsed: 1:17, vertices: 161, facets final: 278, pending: 421
I   81.74] Elapsed: 1:22, vertices: 169, facets final: 305, pending: 401
I   86.86] Elapsed: 1:27, vertices: 192, facets final: 323, pending: 344
I   91.32] recalculating facets...
I   92.10] Elapsed: 1:32, vertices: 202, facets final: 340, pending: 357
I   97.26] Elapsed: 1:37, vertices: 213, facets final: 358, pending: 333
I  102.28] Elapsed: 1:42, vertices: 226, facets final: 375, pending: 304
I  107.29] Elapsed: 1:47, vertices: 236, facets final: 391, pending: 286
I  112.37] Elapsed: 1:52, vertices: 245, facets final: 415, pending: 246
I  117.52] Elapsed: 1:58, vertices: 256, facets final: 437, pending: 227
I  122.59] Elapsed: 2:03, vertices: 261, facets final: 457, pending: 197
I  127.63] Elapsed: 2:08, vertices: 269, facets final: 475, pending: 182
I  132.68] Elapsed: 2:13, vertices: 272, facets final: 503, pending: 150
I  137.76] Elapsed: 2:18, vertices: 277, facets final: 535, pending: 113
I  142.86] Elapsed: 2:23, vertices: 283, facets final: 563, pending: 85
I  147.94] Elapsed: 2:28, vertices: 286, facets final: 589, pending: 63
I  153.09] Elapsed: 2:33, vertices: 294, facets final: 619, pending: 24
I  157.04] Elapsed: 2:37, vertices: 297, facets final: 647, pending: 0

--------------------------------
Problem completed
 name                    10.vlp
 output                  copy/vlp/10.res
 rows, cols, objs        374, 4007, 10
 vertices, facets        297, 647
 total time              2:37
--------------------------------
Statistics
LP:
 oracle calls            944
   avg iterations/calls  354.17
 total oracle time       2:37
Combinatorics:
 vertices added          297
 facets probed           944
 facets # max            787
 memory allocated        1.41M
 storage expansion
   vertices # / upto     3 / 380
   facets   # / upto     1 / 4092
 facet manipulating
   added avg / max       16.51 / 97.00
   compressed            1
 number of ridge tests
   avg / max             8.16k / 47.85k
