C copy string: rs=ac:bd;tu=cd:ab;v=b:adru
Using 2 threads
I    5.02] Elapsed: 5.02, vertices: 20, facets final: 12, pending: 248, pool: 5
I   10.31] Elapsed: 10.31, vertices: 34, facets final: 24, pending: 693, pool: 29
I   15.36] Elapsed: 15.36, vertices: 90, facets final: 36, pending: 1821, pool: 29
I   20.37] Elapsed: 20.37, vertices: 157, facets final: 48, pending: 2016, pool: 30
I   25.39] Elapsed: 25.39, vertices: 212, facets final: 68, pending: 1822, pool: 30
I   30.42] Elapsed: 30.42, vertices: 258, facets final: 94, pending: 1732, pool: 30
I   35.46] Elapsed: 35.46, vertices: 289, facets final: 123, pending: 1628, pool: 30
I   40.52] Elapsed: 40.52, vertices: 324, facets final: 152, pending: 1522, pool: 30
I   45.52] Elapsed: 45.52, vertices: 362, facets final: 183, pending: 1416, pool: 30
I   50.55] Elapsed: 50.55, vertices: 389, facets final: 216, pending: 1312, pool: 28
I   55.61] Elapsed: 55.61, vertices: 408, facets final: 256, pending: 1213, pool: 30
I   60.61] Elapsed: 1:01, vertices: 419, facets final: 301, pending: 1160, pool: 28
I   65.66] Elapsed: 1:06, vertices: 433, facets final: 341, pending: 1049, pool: 30
I   70.69] Elapsed: 1:11, vertices: 446, facets final: 377, pending: 967, pool: 30
I   75.76] Elapsed: 1:16, vertices: 457, facets final: 421, pending: 874, pool: 29
I   80.88] Elapsed: 1:21, vertices: 467, facets final: 464, pending: 792, pool: 28
I   85.98] Elapsed: 1:26, vertices: 474, facets final: 508, pending: 726, pool: 30
I   91.06] Elapsed: 1:31, vertices: 485, facets final: 554, pending: 659, pool: 28
I   96.13] Elapsed: 1:36, vertices: 494, facets final: 596, pending: 596, pool: 29
I  101.18] Elapsed: 1:41, vertices: 499, facets final: 641, pending: 536, pool: 28
I  106.27] Elapsed: 1:46, vertices: 508, facets final: 683, pending: 482, pool: 25
I  111.30] Elapsed: 1:51, vertices: 511, facets final: 733, pending: 432, pool: 25
I  116.37] Elapsed: 1:56, vertices: 518, facets final: 781, pending: 369, pool: 25
I  121.48] Elapsed: 2:01, vertices: 525, facets final: 825, pending: 311, pool: 24
I  126.48] Elapsed: 2:06, vertices: 532, facets final: 871, pending: 257, pool: 20
I  131.66] Elapsed: 2:12, vertices: 537, facets final: 921, pending: 198, pool: 22
I  136.72] Elapsed: 2:17, vertices: 549, facets final: 962, pending: 128, pool: 18
I  141.77] Elapsed: 2:22, vertices: 559, facets final: 1015, pending: 80, pool: 11
I  146.81] Elapsed: 2:27, vertices: 578, facets final: 1055, pending: 21, pool: 2
I  148.40] Elapsed: 2:28, vertices: 583, facets final: 1071, pending: 0

--------------------------------
Problem completed
 name                    113.vlp
 output                  
   vertices              vlp/113.res
 rows, cols, objs        383, 4084, 10
 vertices, facets        583, 1071
 threads used            2
 total time              2:28
--------------------------------
Statistics
LP:
 oracle calls            1732
   avg iterations/calls  432.05
 total oracle time       2:28
Combinatorics:
 vertices added          583
 facets probed           2817
 facets # max            2216
 memory allocated        2.54M
 storage expansion
   vertices # / upto     5 / 636
   facets   # / upto     1 / 4092
 facet manipulating
   added avg / max       33.21 / 253.00
   compressed            7
 number of ridge tests
   avg / max             47.41k / 333.10k
--------------------------------
Parameters with non-default values
 OracleItLimit=300000
 OracleTimeLimit=180
 VertexPoolSize=30
