C copy string: rs=ac:bd;tu=cd:ab;v=d:bst
Using 2 threads
I    5.08] Elapsed: 5.08, vertices: 8, facets final: 16, pending: 26
I   10.12] Elapsed: 10.12, vertices: 20, facets final: 36, pending: 51
I   15.22] Elapsed: 15.22, vertices: 29, facets final: 70, pending: 1, pool: 2
I   15.38] Elapsed: 15.38, vertices: 31, facets final: 70, pending: 0

--------------------------------
Problem completed
 name                    115.vlp
 output                  
   vertices              vlp/115.res
 rows, cols, objs        375, 4037, 10
 vertices, facets        31, 70
 threads used            2
 total time              15.38
--------------------------------
Statistics
LP:
 oracle calls            107
   avg iterations/calls  676.64
 total oracle time       15.38
Combinatorics:
 vertices added          31
 facets probed           274
 facets # max            93
 memory allocated        1.40M
 storage expansion
   vertices # / upto     1 / 124
   facets   # / upto     1 / 4092
 facet manipulating
   added avg / max       8.90 / 40.00
   compressed            0
 number of ridge tests
   avg / max             285.23 / 1.10k
--------------------------------
Parameters with non-default values
 OracleItLimit=300000
 OracleTimeLimit=180
 VertexPoolSize=30
