I    5.17] Elapsed: 5.17, vertices: 11, facets final: 4, pending: 95
I   10.39] Elapsed: 10.39, vertices: 28, facets final: 8, pending: 327
I   15.56] Elapsed: 15.56, vertices: 44, facets final: 16, pending: 611
I   20.81] Elapsed: 20.81, vertices: 68, facets final: 20, pending: 1150
I   25.89] Elapsed: 25.89, vertices: 94, facets final: 25, pending: 1829
I   27.28] recalculating facets...
I   30.96] Elapsed: 30.96, vertices: 120, facets final: 28, pending: 2623
I   36.13] Elapsed: 36.13, vertices: 152, facets final: 28, pending: 3654
I   41.13] Elapsed: 41.13, vertices: 185, facets final: 31, pending: 4669
I   43.30] recalculating facets...
I   46.20] Elapsed: 46.20, vertices: 218, facets final: 32, pending: 5499
I   51.30] Elapsed: 51.30, vertices: 254, facets final: 35, pending: 6836
I   56.37] Elapsed: 56.37, vertices: 283, facets final: 37, pending: 7782
I   59.07] recalculating facets...
I   61.47] Elapsed: 1:01, vertices: 309, facets final: 41, pending: 8605
I   66.47] Elapsed: 1:06, vertices: 338, facets final: 43, pending: 9520
I   71.56] Elapsed: 1:12, vertices: 371, facets final: 43, pending: 10525
I   76.57] Elapsed: 1:17, vertices: 395, facets final: 47, pending: 11372
I   77.53] recalculating facets...
I   81.64] Elapsed: 1:22, vertices: 422, facets final: 52, pending: 12002
I   86.66] Elapsed: 1:27, vertices: 454, facets final: 52, pending: 12766
I   91.67] Elapsed: 1:32, vertices: 482, facets final: 53, pending: 13429
I   95.36] recalculating facets...
I   96.73] Elapsed: 1:37, vertices: 507, facets final: 56, pending: 14054
I  101.73] Elapsed: 1:42, vertices: 534, facets final: 56, pending: 14264
I  106.75] Elapsed: 1:47, vertices: 558, facets final: 59, pending: 14802
I  111.82] Elapsed: 1:52, vertices: 586, facets final: 60, pending: 15229
I  114.77] recalculating facets...
I  116.92] Elapsed: 1:57, vertices: 611, facets final: 62, pending: 15624
I  121.92] Elapsed: 2:02, vertices: 637, facets final: 64, pending: 15942
I  127.02] Elapsed: 2:07, vertices: 660, facets final: 68, pending: 16304
I  132.14] Elapsed: 2:12, vertices: 684, facets final: 70, pending: 16710
I  135.79] recalculating facets...
I  137.15] Elapsed: 2:17, vertices: 707, facets final: 74, pending: 16924
I  142.15] Elapsed: 2:22, vertices: 726, facets final: 78, pending: 17199
I  147.16] Elapsed: 2:27, vertices: 746, facets final: 82, pending: 17455
I  152.19] Elapsed: 2:32, vertices: 768, facets final: 84, pending: 17729
I  157.22] Elapsed: 2:37, vertices: 795, facets final: 86, pending: 17840
I  158.30] recalculating facets...
I  162.25] Elapsed: 2:42, vertices: 816, facets final: 91, pending: 18090
I  167.29] Elapsed: 2:47, vertices: 835, facets final: 97, pending: 18148
I  172.32] Elapsed: 2:52, vertices: 851, facets final: 102, pending: 18209
I  177.36] Elapsed: 2:57, vertices: 872, facets final: 106, pending: 18495
I  182.43] Elapsed: 3:02, vertices: 892, facets final: 112, pending: 18748
I  184.19] recalculating facets...
I  187.62] Elapsed: 3:08, vertices: 914, facets final: 118, pending: 18826
I  192.72] Elapsed: 3:13, vertices: 936, facets final: 121, pending: 18651
I  197.80] Elapsed: 3:18, vertices: 957, facets final: 124, pending: 18531
I  202.85] Elapsed: 3:23, vertices: 977, facets final: 130, pending: 18486
I  207.92] Elapsed: 3:28, vertices: 999, facets final: 133, pending: 18787
I  208.15] recalculating facets...
I  213.09] Elapsed: 3:33, vertices: 1019, facets final: 139, pending: 18835
I  218.18] Elapsed: 3:38, vertices: 1041, facets final: 141, pending: 19064
I  223.25] Elapsed: 3:43, vertices: 1063, facets final: 144, pending: 19036
I  228.40] Elapsed: 3:48, vertices: 1086, facets final: 150, pending: 19204
I  231.02] recalculating facets...
I  233.52] Elapsed: 3:54, vertices: 1111, facets final: 152, pending: 19290
I  238.63] Elapsed: 3:59, vertices: 1134, facets final: 157, pending: 19367
I  243.71] Elapsed: 4:04, vertices: 1156, facets final: 159, pending: 19605
I  248.73] Elapsed: 4:09, vertices: 1181, facets final: 162, pending: 19680
I  253.19] recalculating facets...
I  253.81] Elapsed: 4:14, vertices: 1202, facets final: 165, pending: 19658
I  258.90] Elapsed: 4:19, vertices: 1224, facets final: 171, pending: 19787
I  263.98] Elapsed: 4:24, vertices: 1244, facets final: 176, pending: 19877
I  269.11] Elapsed: 4:29, vertices: 1265, facets final: 183, pending: 19746
I  274.16] Elapsed: 4:34, vertices: 1284, facets final: 187, pending: 19816
I  278.26] recalculating facets...
I  279.23] Elapsed: 4:39, vertices: 1305, facets final: 192, pending: 19789
I  284.23] Elapsed: 4:44, vertices: 1326, facets final: 193, pending: 19766
I  289.25] Elapsed: 4:49, vertices: 1347, facets final: 196, pending: 19805
I  294.41] Elapsed: 4:54, vertices: 1364, facets final: 202, pending: 19731
I  299.48] Elapsed: 4:59, vertices: 1384, facets final: 209, pending: 19685
I  303.08] recalculating facets...
I  304.51] Elapsed: 5:05, vertices: 1405, facets final: 211, pending: 19542
I  309.60] Elapsed: 5:10, vertices: 1425, facets final: 217, pending: 19448
I  314.69] Elapsed: 5:15, vertices: 1445, facets final: 225, pending: 19421
I  319.70] Elapsed: 5:20, vertices: 1462, facets final: 230, pending: 19311
I  324.71] Elapsed: 5:25, vertices: 1482, facets final: 236, pending: 19055
I  328.78] recalculating facets...
I  329.79] Elapsed: 5:30, vertices: 1505, facets final: 240, pending: 18950
I  334.89] Elapsed: 5:35, vertices: 1531, facets final: 242, pending: 18871
I  340.01] Elapsed: 5:40, vertices: 1553, facets final: 249, pending: 18797
I  345.05] Elapsed: 5:45, vertices: 1576, facets final: 254, pending: 18693
I  350.10] Elapsed: 5:50, vertices: 1596, facets final: 261, pending: 18748
I  350.87] recalculating facets...
I  355.15] Elapsed: 5:55, vertices: 1616, facets final: 266, pending: 18614
I  360.22] Elapsed: 6:00, vertices: 1640, facets final: 272, pending: 18506
I  365.32] Elapsed: 6:05, vertices: 1658, facets final: 279, pending: 18368
I  370.32] Elapsed: 6:10, vertices: 1678, facets final: 288, pending: 18288
I  375.36] Elapsed: 6:15, vertices: 1700, facets final: 293, pending: 18187
I  375.60] recalculating facets...
I  380.36] Elapsed: 6:20, vertices: 1719, facets final: 299, pending: 18126
I  385.48] Elapsed: 6:25, vertices: 1740, facets final: 305, pending: 18071
I  390.48] Elapsed: 6:30, vertices: 1763, facets final: 312, pending: 18077
I  395.53] Elapsed: 6:36, vertices: 1783, facets final: 316, pending: 18035
I  399.26] recalculating facets...
I  400.63] Elapsed: 6:41, vertices: 1805, facets final: 323, pending: 17883
I  405.79] Elapsed: 6:46, vertices: 1824, facets final: 328, pending: 17658
I  410.83] Elapsed: 6:51, vertices: 1844, facets final: 334, pending: 17595
I  415.89] Elapsed: 6:56, vertices: 1862, facets final: 341, pending: 17569
I  421.03] Elapsed: 7:01, vertices: 1884, facets final: 347, pending: 17543
I  425.66] recalculating facets...
I  426.16] Elapsed: 7:06, vertices: 1901, facets final: 357, pending: 17384
I  431.20] Elapsed: 7:11, vertices: 1923, facets final: 361, pending: 17353
I  436.26] Elapsed: 7:16, vertices: 1945, facets final: 366, pending: 17121
I  441.32] Elapsed: 7:21, vertices: 1968, facets final: 377, pending: 16891
I  446.35] Elapsed: 7:26, vertices: 1989, facets final: 384, pending: 16754
I  449.69] recalculating facets...
I  451.38] Elapsed: 7:31, vertices: 2005, facets final: 400, pending: 16686
I  456.40] Elapsed: 7:36, vertices: 2029, facets final: 407, pending: 16573
I  461.42] Elapsed: 7:41, vertices: 2054, facets final: 411, pending: 16402
I  466.50] Elapsed: 7:47, vertices: 2076, facets final: 421, pending: 16219
I  471.51] Elapsed: 7:52, vertices: 2096, facets final: 429, pending: 16146
I  472.48] recalculating facets...
I  476.60] Elapsed: 7:57, vertices: 2114, facets final: 443, pending: 15985
I  481.62] Elapsed: 8:02, vertices: 2138, facets final: 447, pending: 15899
I  486.62] Elapsed: 8:07, vertices: 2157, facets final: 456, pending: 15708
I  491.78] Elapsed: 8:12, vertices: 2169, facets final: 473, pending: 15651
I  496.79] Elapsed: 8:17, vertices: 2193, facets final: 483, pending: 15608
I  498.08] recalculating facets...
I  501.84] Elapsed: 8:22, vertices: 2214, facets final: 494, pending: 15426
I  506.95] Elapsed: 8:27, vertices: 2238, facets final: 504, pending: 15293
I  511.96] Elapsed: 8:32, vertices: 2260, facets final: 512, pending: 15250
I  517.06] Elapsed: 8:37, vertices: 2273, facets final: 528, pending: 15241
I  522.09] Elapsed: 8:42, vertices: 2297, facets final: 536, pending: 15139
I  523.14] recalculating facets...
I  527.17] Elapsed: 8:47, vertices: 2314, facets final: 552, pending: 15021
I  532.17] Elapsed: 8:52, vertices: 2335, facets final: 562, pending: 14868
I  537.31] Elapsed: 8:57, vertices: 2354, facets final: 571, pending: 14759
I  542.37] Elapsed: 9:02, vertices: 2371, facets final: 583, pending: 14623
I  547.39] Elapsed: 9:07, vertices: 2394, facets final: 590, pending: 14479
I  548.49] recalculating facets...
I  552.48] Elapsed: 9:12, vertices: 2413, facets final: 605, pending: 14408
I  557.58] Elapsed: 9:18, vertices: 2435, facets final: 615, pending: 14212
I  562.63] Elapsed: 9:23, vertices: 2456, facets final: 626, pending: 14101
I  567.73] Elapsed: 9:28, vertices: 2479, facets final: 636, pending: 13886
I  572.58] recalculating facets...
I  572.76] Elapsed: 9:33, vertices: 2501, facets final: 649, pending: 13750
I  577.84] Elapsed: 9:38, vertices: 2524, facets final: 661, pending: 13597
I  582.85] Elapsed: 9:43, vertices: 2542, facets final: 676, pending: 13452
I  587.85] Elapsed: 9:48, vertices: 2561, facets final: 687, pending: 13352
I  592.91] Elapsed: 9:53, vertices: 2580, facets final: 703, pending: 13216
I  597.62] recalculating facets...
I  597.97] Elapsed: 9:58, vertices: 2601, facets final: 718, pending: 13057
I  603.04] Elapsed: 10:03, vertices: 2618, facets final: 734, pending: 12950
I  608.06] Elapsed: 10:08, vertices: 2638, facets final: 748, pending: 12820
I  613.15] Elapsed: 10:13, vertices: 2659, facets final: 759, pending: 12744
I  618.20] Elapsed: 10:18, vertices: 2678, facets final: 780, pending: 12617
I  623.23] Elapsed: 10:23, vertices: 2700, facets final: 796, pending: 12422
I  623.41] recalculating facets...
I  628.24] Elapsed: 10:28, vertices: 2721, facets final: 808, pending: 12291
I  633.32] Elapsed: 10:33, vertices: 2735, facets final: 826, pending: 12245
I  638.42] Elapsed: 10:38, vertices: 2756, facets final: 837, pending: 12216
I  643.48] Elapsed: 10:43, vertices: 2771, facets final: 858, pending: 12128
I  648.54] Elapsed: 10:49, vertices: 2789, facets final: 874, pending: 11955
I  652.11] recalculating facets...
I  653.59] Elapsed: 10:54, vertices: 2804, facets final: 895, pending: 11896
I  658.65] Elapsed: 10:59, vertices: 2829, facets final: 907, pending: 11749
I  663.67] Elapsed: 11:04, vertices: 2846, facets final: 923, pending: 11660
I  668.80] Elapsed: 11:09, vertices: 2861, facets final: 944, pending: 11561
I  673.85] Elapsed: 11:14, vertices: 2881, facets final: 957, pending: 11473
I  678.93] Elapsed: 11:19, vertices: 2894, facets final: 976, pending: 11394
I  681.04] recalculating facets...
I  683.93] Elapsed: 11:24, vertices: 2911, facets final: 993, pending: 11333
I  689.05] Elapsed: 11:29, vertices: 2926, facets final: 1013, pending: 11219
I  694.10] Elapsed: 11:34, vertices: 2940, facets final: 1034, pending: 11145
I  699.20] Elapsed: 11:39, vertices: 2953, facets final: 1058, pending: 11071
I  704.20] Elapsed: 11:44, vertices: 2970, facets final: 1071, pending: 11005
I  709.20] Elapsed: 11:49, vertices: 2988, facets final: 1087, pending: 10947
I  713.87] recalculating facets...
I  714.23] Elapsed: 11:54, vertices: 3001, facets final: 1108, pending: 10986
I  719.28] Elapsed: 11:59, vertices: 3016, facets final: 1128, pending: 10947
I  724.33] Elapsed: 12:04, vertices: 3034, facets final: 1146, pending: 10876
I  729.38] Elapsed: 12:09, vertices: 3049, facets final: 1166, pending: 10790
I  734.38] Elapsed: 12:14, vertices: 3072, facets final: 1183, pending: 10628
I  739.48] Elapsed: 12:19, vertices: 3091, facets final: 1201, pending: 10531
I  743.46] recalculating facets...
I  744.53] Elapsed: 12:25, vertices: 3103, facets final: 1226, pending: 10448
I  749.62] Elapsed: 12:30, vertices: 3117, facets final: 1245, pending: 10403
I  754.71] Elapsed: 12:35, vertices: 3135, facets final: 1261, pending: 10321
I  759.82] Elapsed: 12:40, vertices: 3154, facets final: 1278, pending: 10221
I  764.87] Elapsed: 12:45, vertices: 3167, facets final: 1300, pending: 10117
I  769.88] Elapsed: 12:50, vertices: 3184, facets final: 1320, pending: 10078
I  773.84] recalculating facets...
I  774.95] Elapsed: 12:55, vertices: 3206, facets final: 1338, pending: 9959
I  779.95] Elapsed: 13:00, vertices: 3218, facets final: 1359, pending: 9906
I  785.10] Elapsed: 13:05, vertices: 3234, facets final: 1381, pending: 9845
I  790.17] Elapsed: 13:10, vertices: 3252, facets final: 1399, pending: 9777
I  795.18] Elapsed: 13:15, vertices: 3264, facets final: 1423, pending: 9708
I  800.26] Elapsed: 13:20, vertices: 3277, facets final: 1449, pending: 9623
I  805.32] Elapsed: 13:25, vertices: 3292, facets final: 1474, pending: 9563
I  807.62] recalculating facets...
I  810.35] Elapsed: 13:30, vertices: 3308, facets final: 1499, pending: 9499
I  815.41] Elapsed: 13:35, vertices: 3317, facets final: 1522, pending: 9442
I  820.49] Elapsed: 13:40, vertices: 3330, facets final: 1540, pending: 9446
I  825.58] Elapsed: 13:46, vertices: 3345, facets final: 1562, pending: 9369
I  830.75] Elapsed: 13:51, vertices: 3361, facets final: 1586, pending: 9280
I  835.83] Elapsed: 13:56, vertices: 3370, facets final: 1608, pending: 9217
I  840.85] Elapsed: 14:01, vertices: 3380, facets final: 1638, pending: 9143
I  845.96] Elapsed: 14:06, vertices: 3395, facets final: 1659, pending: 9089
I  847.71] recalculating facets...
I  851.09] Elapsed: 14:11, vertices: 3410, facets final: 1684, pending: 8995
I  856.10] Elapsed: 14:16, vertices: 3418, facets final: 1712, pending: 8937
I  861.11] Elapsed: 14:21, vertices: 3428, facets final: 1737, pending: 8844
I  866.19] Elapsed: 14:26, vertices: 3442, facets final: 1758, pending: 8767
I  871.28] Elapsed: 14:31, vertices: 3457, facets final: 1782, pending: 8691
I  876.29] Elapsed: 14:36, vertices: 3466, facets final: 1804, pending: 8629
I  881.30] Elapsed: 14:41, vertices: 3482, facets final: 1828, pending: 8545
I  886.31] Elapsed: 14:46, vertices: 3494, facets final: 1857, pending: 8474
I  890.52] recalculating facets...
I  891.31] Elapsed: 14:51, vertices: 3501, facets final: 1883, pending: 8441
I  896.38] Elapsed: 14:56, vertices: 3513, facets final: 1904, pending: 8374
I  901.38] Elapsed: 15:01, vertices: 3520, facets final: 1933, pending: 8337
I  906.47] Elapsed: 15:06, vertices: 3530, facets final: 1962, pending: 8281
I  911.55] Elapsed: 15:12, vertices: 3541, facets final: 1990, pending: 8217
I  916.58] Elapsed: 15:17, vertices: 3551, facets final: 2014, pending: 8150
I  921.63] Elapsed: 15:22, vertices: 3568, facets final: 2041, pending: 8043
I  926.77] Elapsed: 15:27, vertices: 3580, facets final: 2069, pending: 7965
I  931.86] Elapsed: 15:32, vertices: 3592, facets final: 2095, pending: 7897
I  934.85] recalculating facets...
I  936.98] Elapsed: 15:37, vertices: 3605, facets final: 2120, pending: 7838
I  942.15] Elapsed: 15:42, vertices: 3612, facets final: 2153, pending: 7795
I  947.18] Elapsed: 15:47, vertices: 3623, facets final: 2177, pending: 7765
I  952.20] Elapsed: 15:52, vertices: 3633, facets final: 2202, pending: 7685
I  957.22] Elapsed: 15:57, vertices: 3646, facets final: 2227, pending: 7614
I  962.26] Elapsed: 16:02, vertices: 3656, facets final: 2256, pending: 7540
I  967.45] Elapsed: 16:07, vertices: 3666, facets final: 2288, pending: 7476
I  972.46] Elapsed: 16:12, vertices: 3679, facets final: 2310, pending: 7410
I  977.46] Elapsed: 16:17, vertices: 3688, facets final: 2340, pending: 7345
I  982.53] Elapsed: 16:23, vertices: 3696, facets final: 2371, pending: 7310
I  985.05] recalculating facets...
I  987.65] Elapsed: 16:28, vertices: 3704, facets final: 2396, pending: 7251
I  992.65] Elapsed: 16:33, vertices: 3713, facets final: 2422, pending: 7185
I  997.69] Elapsed: 16:38, vertices: 3721, facets final: 2454, pending: 7128
I 1002.75] Elapsed: 16:43, vertices: 3734, facets final: 2480, pending: 7078
I 1007.76] Elapsed: 16:48, vertices: 3741, facets final: 2513, pending: 7020
I 1012.93] Elapsed: 16:53, vertices: 3749, facets final: 2536, pending: 6974
I 1017.96] Elapsed: 16:58, vertices: 3758, facets final: 2563, pending: 6935
I 1023.02] Elapsed: 17:03, vertices: 3768, facets final: 2590, pending: 6877
I 1028.21] Elapsed: 17:08, vertices: 3773, facets final: 2621, pending: 6835
I 1033.23] Elapsed: 17:13, vertices: 3780, facets final: 2652, pending: 6779
I 1038.29] Elapsed: 17:18, vertices: 3786, facets final: 2680, pending: 6729
I 1043.46] Elapsed: 17:23, vertices: 3795, facets final: 2714, pending: 6674
I 1044.77] recalculating facets...
I 1048.54] Elapsed: 17:29, vertices: 3810, facets final: 2743, pending: 6619
I 1053.60] Elapsed: 17:34, vertices: 3813, facets final: 2779, pending: 6573
I 1058.70] Elapsed: 17:39, vertices: 3818, facets final: 2812, pending: 6527
I 1063.81] Elapsed: 17:44, vertices: 3828, facets final: 2841, pending: 6472
I 1068.93] Elapsed: 17:49, vertices: 3834, facets final: 2873, pending: 6426
I 1074.08] Elapsed: 17:54, vertices: 3843, facets final: 2905, pending: 6374
I 1079.15] Elapsed: 17:59, vertices: 3849, facets final: 2936, pending: 6330
I 1084.26] Elapsed: 18:04, vertices: 3857, facets final: 2959, pending: 6270
I 1089.31] Elapsed: 18:09, vertices: 3871, facets final: 2986, pending: 6201
I 1094.38] Elapsed: 18:14, vertices: 3880, facets final: 3014, pending: 6153
I 1099.41] Elapsed: 18:19, vertices: 3890, facets final: 3037, pending: 6115
I 1104.41] Elapsed: 18:24, vertices: 3898, facets final: 3066, pending: 6053
I 1105.69] recalculating facets...
I 1109.47] Elapsed: 18:29, vertices: 3907, facets final: 3095, pending: 5990
I 1114.55] Elapsed: 18:35, vertices: 3913, facets final: 3129, pending: 5954
I 1119.62] Elapsed: 18:40, vertices: 3918, facets final: 3160, pending: 5923
I 1124.75] Elapsed: 18:45, vertices: 3928, facets final: 3185, pending: 5873
I 1129.86] Elapsed: 18:50, vertices: 3936, facets final: 3213, pending: 5827
I 1134.94] Elapsed: 18:55, vertices: 3945, facets final: 3242, pending: 5763
I 1139.98] Elapsed: 19:00, vertices: 3951, facets final: 3273, pending: 5717
I 1144.98] Elapsed: 19:05, vertices: 3957, facets final: 3297, pending: 5661
I 1150.02] Elapsed: 19:10, vertices: 3965, facets final: 3323, pending: 5628
I 1155.22] Elapsed: 19:15, vertices: 3975, facets final: 3347, pending: 5587
I 1160.25] Elapsed: 19:20, vertices: 3985, facets final: 3377, pending: 5526
I 1165.32] Elapsed: 19:25, vertices: 3990, facets final: 3410, pending: 5492
I 1170.36] Elapsed: 19:30, vertices: 3995, facets final: 3439, pending: 5449
I 1174.67] recalculating facets...
I 1175.44] Elapsed: 19:35, vertices: 4003, facets final: 3467, pending: 5410
I 1180.44] Elapsed: 19:40, vertices: 4012, facets final: 3492, pending: 5366
I 1185.51] Elapsed: 19:46, vertices: 4017, facets final: 3528, pending: 5312
I 1190.58] Elapsed: 19:51, vertices: 4024, facets final: 3556, pending: 5273
I 1195.66] Elapsed: 19:56, vertices: 4028, facets final: 3590, pending: 5224
I 1200.66] Elapsed: 20:01, vertices: 4034, facets final: 3622, pending: 5199
I 1205.79] Elapsed: 20:06, vertices: 4043, facets final: 3652, pending: 5137
I 1210.79] Elapsed: 20:11, vertices: 4052, facets final: 3675, pending: 5090
I 1215.82] Elapsed: 20:16, vertices: 4057, facets final: 3704, pending: 5052
I 1221.04] Elapsed: 20:21, vertices: 4066, facets final: 3732, pending: 5009
I 1226.11] Elapsed: 20:26, vertices: 4073, facets final: 3765, pending: 4958
I 1231.17] Elapsed: 20:31, vertices: 4081, facets final: 3792, pending: 4911
I 1236.27] Elapsed: 20:36, vertices: 4084, facets final: 3823, pending: 4872
I 1241.32] Elapsed: 20:41, vertices: 4088, facets final: 3855, pending: 4835
I 1246.43] Elapsed: 20:46, vertices: 4093, facets final: 3892, pending: 4790
I 1250.66] recalculating facets...
I 1251.49] Elapsed: 20:51, vertices: 4101, facets final: 3924, pending: 4735
I 1256.57] Elapsed: 20:57, vertices: 4109, facets final: 3957, pending: 4684
I 1261.62] Elapsed: 21:02, vertices: 4114, facets final: 3987, pending: 4653
I 1266.62] Elapsed: 21:07, vertices: 4120, facets final: 4023, pending: 4606
I 1271.80] Elapsed: 21:12, vertices: 4124, facets final: 4057, pending: 4557
I 1276.93] Elapsed: 21:17, vertices: 4129, facets final: 4089, pending: 4512
I 1281.94] Elapsed: 21:22, vertices: 4132, facets final: 4122, pending: 4469
I 1286.96] Elapsed: 21:27, vertices: 4134, facets final: 4158, pending: 4429
I 1292.02] Elapsed: 21:32, vertices: 4140, facets final: 4188, pending: 4393
I 1297.02] Elapsed: 21:37, vertices: 4143, facets final: 4220, pending: 4373
I 1302.10] Elapsed: 21:42, vertices: 4149, facets final: 4251, pending: 4323
I 1307.20] Elapsed: 21:47, vertices: 4157, facets final: 4285, pending: 4265
I 1312.42] Elapsed: 21:52, vertices: 4162, facets final: 4319, pending: 4216
I 1317.49] Elapsed: 21:57, vertices: 4165, facets final: 4356, pending: 4166
I 1322.60] Elapsed: 22:03, vertices: 4169, facets final: 4388, pending: 4122
I 1327.85] Elapsed: 22:08, vertices: 4172, facets final: 4421, pending: 4082
I 1332.89] Elapsed: 22:13, vertices: 4175, facets final: 4456, pending: 4040
I 1337.95] Elapsed: 22:18, vertices: 4180, facets final: 4490, pending: 3993
I 1342.99] Elapsed: 22:23, vertices: 4185, facets final: 4524, pending: 3950
I 1348.11] Elapsed: 22:28, vertices: 4188, facets final: 4555, pending: 3911
I 1353.16] Elapsed: 22:33, vertices: 4194, facets final: 4586, pending: 3865
I 1358.31] Elapsed: 22:38, vertices: 4199, facets final: 4619, pending: 3825
I 1361.21] recalculating facets...
I 1363.32] Elapsed: 22:43, vertices: 4204, facets final: 4651, pending: 3791
I 1368.40] Elapsed: 22:48, vertices: 4211, facets final: 4683, pending: 3746
I 1373.55] Elapsed: 22:54, vertices: 4215, facets final: 4716, pending: 3707
I 1378.64] Elapsed: 22:59, vertices: 4220, facets final: 4754, pending: 3664
I 1383.68] Elapsed: 23:04, vertices: 4224, facets final: 4790, pending: 3621
I 1388.69] Elapsed: 23:09, vertices: 4228, facets final: 4822, pending: 3574
I 1393.80] Elapsed: 23:14, vertices: 4230, facets final: 4852, pending: 3538
I 1398.85] Elapsed: 23:19, vertices: 4231, facets final: 4884, pending: 3504
I 1403.99] Elapsed: 23:24, vertices: 4237, facets final: 4917, pending: 3459
I 1409.08] Elapsed: 23:29, vertices: 4242, facets final: 4948, pending: 3424
I 1414.18] Elapsed: 23:34, vertices: 4247, facets final: 4985, pending: 3378
I 1419.19] Elapsed: 23:39, vertices: 4251, facets final: 5018, pending: 3334
I 1424.40] Elapsed: 23:44, vertices: 4253, facets final: 5050, pending: 3295
I 1429.46] Elapsed: 23:49, vertices: 4256, facets final: 5084, pending: 3253
I 1434.57] Elapsed: 23:55, vertices: 4260, facets final: 5117, pending: 3211
I 1439.66] Elapsed: 24:00, vertices: 4265, facets final: 5151, pending: 3163
I 1444.70] Elapsed: 24:05, vertices: 4268, facets final: 5185, pending: 3124
I 1449.71] Elapsed: 24:10, vertices: 4273, facets final: 5220, pending: 3081
I 1454.90] Elapsed: 24:15, vertices: 4276, facets final: 5253, pending: 3047
I 1460.03] Elapsed: 24:20, vertices: 4279, facets final: 5289, pending: 3000
I 1465.19] Elapsed: 24:25, vertices: 4284, facets final: 5325, pending: 2951
I 1470.30] Elapsed: 24:30, vertices: 4287, facets final: 5360, pending: 2911
I 1475.44] Elapsed: 24:35, vertices: 4290, facets final: 5395, pending: 2867
I 1480.63] Elapsed: 24:41, vertices: 4296, facets final: 5428, pending: 2820
I 1485.66] Elapsed: 24:46, vertices: 4299, facets final: 5469, pending: 2775
I 1487.56] recalculating facets...
I 1490.74] Elapsed: 24:51, vertices: 4303, facets final: 5501, pending: 2736
I 1495.77] Elapsed: 24:56, vertices: 4305, facets final: 5536, pending: 2697
I 1500.81] Elapsed: 25:01, vertices: 4306, facets final: 5577, pending: 2654
I 1505.98] Elapsed: 25:06, vertices: 4307, facets final: 5619, pending: 2609
I 1511.03] Elapsed: 25:11, vertices: 4310, facets final: 5655, pending: 2572
I 1516.09] Elapsed: 25:16, vertices: 4316, facets final: 5690, pending: 2525
I 1521.16] Elapsed: 25:21, vertices: 4319, facets final: 5728, pending: 2481
I 1526.16] Elapsed: 25:26, vertices: 4322, facets final: 5766, pending: 2438
I 1531.28] Elapsed: 25:31, vertices: 4326, facets final: 5800, pending: 2398
I 1536.45] Elapsed: 25:36, vertices: 4329, facets final: 5832, pending: 2361
I 1541.60] Elapsed: 25:42, vertices: 4331, facets final: 5868, pending: 2321
I 1546.63] Elapsed: 25:47, vertices: 4333, facets final: 5902, pending: 2285
I 1551.68] Elapsed: 25:52, vertices: 4337, facets final: 5933, pending: 2245
I 1556.77] Elapsed: 25:57, vertices: 4338, facets final: 5968, pending: 2209
I 1561.95] Elapsed: 26:02, vertices: 4343, facets final: 5999, pending: 2174
I 1566.95] Elapsed: 26:07, vertices: 4347, facets final: 6035, pending: 2130
I 1572.02] Elapsed: 26:12, vertices: 4352, facets final: 6069, pending: 2086
I 1577.02] Elapsed: 26:17, vertices: 4354, facets final: 6111, pending: 2050
I 1582.02] Elapsed: 26:22, vertices: 4354, facets final: 6149, pending: 2012
I 1587.19] Elapsed: 26:27, vertices: 4357, facets final: 6181, pending: 1976
I 1592.22] Elapsed: 26:32, vertices: 4359, facets final: 6218, pending: 1936
I 1597.25] Elapsed: 26:37, vertices: 4365, facets final: 6252, pending: 1894
I 1602.26] Elapsed: 26:42, vertices: 4368, facets final: 6283, pending: 1857
I 1607.34] Elapsed: 26:47, vertices: 4368, facets final: 6322, pending: 1818
I 1612.37] Elapsed: 26:52, vertices: 4370, facets final: 6353, pending: 1782
I 1617.37] Elapsed: 26:57, vertices: 4372, facets final: 6386, pending: 1745
I 1622.40] Elapsed: 27:02, vertices: 4376, facets final: 6418, pending: 1707
I 1627.53] Elapsed: 27:08, vertices: 4379, facets final: 6452, pending: 1670
I 1632.53] Elapsed: 27:13, vertices: 4382, facets final: 6484, pending: 1634
I 1637.58] Elapsed: 27:18, vertices: 4385, facets final: 6517, pending: 1596
I 1642.62] Elapsed: 27:23, vertices: 4387, facets final: 6558, pending: 1551
I 1647.72] Elapsed: 27:28, vertices: 4392, facets final: 6594, pending: 1508
I 1652.78] Elapsed: 27:33, vertices: 4394, facets final: 6628, pending: 1470
I 1657.83] Elapsed: 27:38, vertices: 4396, facets final: 6671, pending: 1422
I 1662.94] Elapsed: 27:43, vertices: 4397, facets final: 6710, pending: 1381
I 1666.51] recalculating facets...
I 1668.02] Elapsed: 27:48, vertices: 4402, facets final: 6742, pending: 1340
I 1673.07] Elapsed: 27:53, vertices: 4404, facets final: 6782, pending: 1297
I 1678.26] Elapsed: 27:58, vertices: 4408, facets final: 6817, pending: 1259
I 1683.28] Elapsed: 28:03, vertices: 4412, facets final: 6850, pending: 1220
I 1688.46] Elapsed: 28:08, vertices: 4414, facets final: 6883, pending: 1184
I 1693.53] Elapsed: 28:14, vertices: 4416, facets final: 6919, pending: 1148
I 1698.59] Elapsed: 28:19, vertices: 4421, facets final: 6954, pending: 1118
I 1703.61] Elapsed: 28:24, vertices: 4422, facets final: 6992, pending: 1082
I 1708.68] Elapsed: 28:29, vertices: 4427, facets final: 7026, pending: 1042
I 1713.77] Elapsed: 28:34, vertices: 4430, facets final: 7059, pending: 1006
I 1718.87] Elapsed: 28:39, vertices: 4434, facets final: 7094, pending: 964
I 1724.03] Elapsed: 28:44, vertices: 4437, facets final: 7132, pending: 926
I 1729.11] Elapsed: 28:49, vertices: 4442, facets final: 7165, pending: 888
I 1734.19] Elapsed: 28:54, vertices: 4446, facets final: 7207, pending: 841
I 1739.21] Elapsed: 28:59, vertices: 4448, facets final: 7246, pending: 804
I 1744.23] Elapsed: 29:04, vertices: 4451, facets final: 7281, pending: 761
I 1749.34] Elapsed: 29:09, vertices: 4454, facets final: 7319, pending: 719
I 1754.38] Elapsed: 29:14, vertices: 4457, facets final: 7349, pending: 685
I 1759.51] Elapsed: 29:20, vertices: 4459, facets final: 7390, pending: 641
I 1764.62] Elapsed: 29:25, vertices: 4466, facets final: 7422, pending: 598
I 1769.71] Elapsed: 29:30, vertices: 4467, facets final: 7460, pending: 558
I 1774.82] Elapsed: 29:35, vertices: 4472, facets final: 7492, pending: 520
I 1779.98] Elapsed: 29:40, vertices: 4477, facets final: 7526, pending: 476
I 1785.00] Elapsed: 29:45, vertices: 4479, facets final: 7564, pending: 433
I 1790.07] Elapsed: 29:50, vertices: 4482, facets final: 7605, pending: 389
I 1795.09] Elapsed: 29:55, vertices: 4486, facets final: 7647, pending: 341
I 1800.20] Elapsed: 30:00, vertices: 4488, facets final: 7688, pending: 299
I 1805.27] Elapsed: 30:05, vertices: 4489, facets final: 7735, pending: 251
I 1810.32] Elapsed: 30:10, vertices: 4490, facets final: 7770, pending: 219
I 1815.33] Elapsed: 30:15, vertices: 4495, facets final: 7817, pending: 165
I 1820.45] Elapsed: 30:20, vertices: 4498, facets final: 7857, pending: 125
I 1825.50] Elapsed: 30:26, vertices: 4500, facets final: 7900, pending: 77
I 1826.58] recalculating facets...
I 1830.59] Elapsed: 30:31, vertices: 4502, facets final: 7938, pending: 37
I 1834.62] Elapsed: 30:35, vertices: 4510, facets final: 7965, pending: 0

--------------------------------
Problem completed
 name                    12.vlp
 output                  copy/vlp/12.res
 rows, cols, objs        366, 3897, 10
 vertices, facets        4510, 7965
 total time              30:35
--------------------------------
Statistics
LP:
 oracle calls            12475
   avg iterations/calls  320.80
 total oracle time       26:55
Combinatorics:
 vertices added          4510
 facets probed           12475
 facets # max            20092
 memory allocated        29.14M
 storage expansion
   vertices # / upto     36 / 4604
   facets   # / upto     5 / 20476
 facet manipulating
   added avg / max       39.96 / 414.00
   compressed            145
 number of ridge tests
   avg / max             550.66k / 5.90M
