C copy string: rs=ac:bd;tu=cd:abs;vw=ad:bst
I    5.07] Elapsed: 5.07, vertices: 16, facets final: 37, pending: 106
I   10.13] Elapsed: 10.13, vertices: 30, facets final: 83, pending: 134, pool: 7
I   15.25] Elapsed: 15.25, vertices: 42, facets final: 148, pending: 39, pool: 7
I   17.09] Elapsed: 17.09, vertices: 56, facets final: 178, pending: 0

--------------------------------
Problem completed
 name                    149.vlp
 output                  
   vertices              vlp/149.res
 rows, cols, objs        376, 4726, 10
 vertices, facets        56, 178
 total time              17.09
--------------------------------
Statistics
LP:
 oracle calls            254
   avg iterations/call   350.05
 total oracle time       17.08
Combinatorics:
 vertices added          56
 facets probed           722
 facets # max            223
 memory allocated        975.68k
 storage expansion
   vertices # / upto     1 / 124
   facets   # / upto     1 / 4092
 facet manipulating
   added avg / max       12.56 / 44.00
   compressed            0
 number of ridge tests
   avg / max             1.21k / 6.08k
--------------------------------
Parameters with non-default values
 OracleItLimit=300000
 OracleTimeLimit=180
 VertexPoolSize=30
