C copy string: rs=ac:bd;tuvw=bc|bc:ad
I    0.52] Elapsed: 0.52, vertices: 8, facets final: 23, pending: 0

--------------------------------
Problem completed
 name                    151.vlp
 output                  
   vertices              vlp/151.res
 rows, cols, objs        193, 2122, 10
 vertices, facets        8, 23
 total time              0.52
--------------------------------
Statistics
LP:
 oracle calls            31
   avg iterations/call   174.84
 total oracle time       0.52
Combinatorics:
 vertices added          8
 facets probed           31
 facets # max            24
 memory allocated        975.68k
 storage expansion
   vertices # / upto     1 / 124
   facets   # / upto     1 / 4092
 facet manipulating
   added avg / max       3.00 / 4.00
   compressed            0
 number of ridge tests
   avg / max             10.14 / 22.00
--------------------------------
Parameters with non-default values
 OracleItLimit=300000
 OracleTimeLimit=180
 VertexPoolSize=30
