C copy string: rs=cd:ab;tu=ac:bdr;v=b:adt
I    5.00] Elapsed: 5.00, vertices: 235, facets final: 207, pending: 952, pool: 30
I   10.00] Elapsed: 10.00, vertices: 390, facets final: 583, pending: 175, pool: 17
I   11.42] Elapsed: 11.42, vertices: 443, facets final: 701, pending: 0

--------------------------------
Problem completed
 name                    168.vlp
 output                  
   vertices              vlp/168.res
 rows, cols, objs        182, 1881, 10
 vertices, facets        443, 701
 total time              11.42
--------------------------------
Statistics
LP:
 oracle calls            1241
   avg iterations/call   121.95
 total oracle time       11.08
Combinatorics:
 vertices added          443
 facets probed           2823
 facets # max            1219
 memory allocated        1.63M
 storage expansion
   vertices # / upto     4 / 508
   facets   # / upto     1 / 4092
 facet manipulating
   added avg / max       21.26 / 171.00
   compressed            2
 number of ridge tests
   avg / max             15.55k / 110.55k
--------------------------------
Parameters with non-default values
 OracleItLimit=300000
 OracleTimeLimit=180
 VertexPoolSize=30
