C copy string: rs=cd:ab;tu=ac:bdr;v=d:bsu
I    2.52] Elapsed: 2.52, vertices: 72, facets final: 219, pending: 0

--------------------------------
Problem completed
 name                    174.vlp
 output                  
   vertices              vlp/174.res
 rows, cols, objs        182, 1880, 10
 vertices, facets        72, 219
 total time              2.52
--------------------------------
Statistics
LP:
 oracle calls            322
   avg iterations/call   106.24
 total oracle time       2.51
Combinatorics:
 vertices added          72
 facets probed           995
 facets # max            229
 memory allocated        975.68k
 storage expansion
   vertices # / upto     1 / 124
   facets   # / upto     1 / 4092
 facet manipulating
   added avg / max       11.15 / 59.00
   compressed            0
 number of ridge tests
   avg / max             968.82 / 2.90k
--------------------------------
Parameters with non-default values
 OracleItLimit=300000
 OracleTimeLimit=180
 VertexPoolSize=30
