C copy string: rs=cd:ab;tu=ac:bds;v=b:adst
I    1.92] Elapsed: 1.92, vertices: 55, facets final: 137, pending: 0

--------------------------------
Problem completed
 name                    187.vlp
 output                  
   vertices              vlp/187.res
 rows, cols, objs        177, 1832, 10
 vertices, facets        55, 137
 total time              1.92
--------------------------------
Statistics
LP:
 oracle calls            211
   avg iterations/call   127.14
 total oracle time       1.92
Combinatorics:
 vertices added          55
 facets probed           789
 facets # max            139
 memory allocated        975.68k
 storage expansion
   vertices # / upto     1 / 124
   facets   # / upto     1 / 4092
 facet manipulating
   added avg / max       6.48 / 18.00
   compressed            0
 number of ridge tests
   avg / max             326.37 / 833.00
--------------------------------
Parameters with non-default values
 OracleItLimit=300000
 OracleTimeLimit=180
 VertexPoolSize=30
