C copy string: rs=cd:ab;tu=ac:bs;v=t:bcu
I    2.78] Elapsed: 2.78, vertices: 33, facets final: 74, pending: 0

--------------------------------
Problem completed
 name                    195.vlp
 output                  
   vertices              vlp/195.res
 rows, cols, objs        211, 2313, 10
 vertices, facets        33, 74
 total time              2.78
--------------------------------
Statistics
LP:
 oracle calls            111
   avg iterations/call   214.04
 total oracle time       2.78
Combinatorics:
 vertices added          33
 facets probed           382
 facets # max            82
 memory allocated        975.68k
 storage expansion
   vertices # / upto     1 / 124
   facets   # / upto     1 / 4092
 facet manipulating
   added avg / max       6.53 / 19.00
   compressed            0
 number of ridge tests
   avg / max             203.44 / 810.00
--------------------------------
Parameters with non-default values
 OracleItLimit=300000
 OracleTimeLimit=180
 VertexPoolSize=30
