C copy string: rs=cd:ab;tu=cr:ab;vw=c(tu):as
Using 2 threads
I    5.85] Elapsed: 5.85, vertices: 1, facets final: 3, pending: 7
I   12.08] Elapsed: 12.08, vertices: 2, facets final: 8, pending: 11
I   17.60] Elapsed: 17.60, vertices: 2, facets final: 11, pending: 8
I   24.10] Elapsed: 24.10, vertices: 4, facets final: 12, pending: 20
I   30.24] Elapsed: 30.24, vertices: 4, facets final: 14, pending: 18
I   36.37] Elapsed: 36.37, vertices: 7, facets final: 15, pending: 26
I   42.50] Elapsed: 42.50, vertices: 9, facets final: 17, pending: 31
I   48.58] Elapsed: 48.58, vertices: 10, facets final: 18, pending: 33
I   55.38] Elapsed: 55.38, vertices: 11, facets final: 21, pending: 36
I   61.60] Elapsed: 1:02, vertices: 14, facets final: 22, pending: 37
I   67.12] Elapsed: 1:07, vertices: 16, facets final: 25, pending: 44
I   72.43] Elapsed: 1:12, vertices: 17, facets final: 28, pending: 54
I   77.49] Elapsed: 1:17, vertices: 17, facets final: 32, pending: 50
I   83.03] Elapsed: 1:23, vertices: 17, facets final: 35, pending: 47
I   88.14] Elapsed: 1:28, vertices: 18, facets final: 38, pending: 55
I   94.18] Elapsed: 1:34, vertices: 18, facets final: 43, pending: 50
I  101.27] Elapsed: 1:41, vertices: 19, facets final: 46, pending: 46
I  107.13] Elapsed: 1:47, vertices: 20, facets final: 51, pending: 42
I  114.08] Elapsed: 1:54, vertices: 20, facets final: 55, pending: 38
I  119.08] Elapsed: 1:59, vertices: 20, facets final: 57, pending: 36
I  124.79] Elapsed: 2:05, vertices: 20, facets final: 59, pending: 34, pool: 6
I  130.33] Elapsed: 2:10, vertices: 21, facets final: 60, pending: 35
I  135.40] Elapsed: 2:15, vertices: 22, facets final: 62, pending: 52, pool: 8
I  140.81] Elapsed: 2:21, vertices: 25, facets final: 65, pending: 38, pool: 7
I  146.37] Elapsed: 2:26, vertices: 25, facets final: 69, pending: 34
I  152.48] Elapsed: 2:32, vertices: 26, facets final: 72, pending: 33, pool: 6
I  157.91] Elapsed: 2:38, vertices: 28, facets final: 76, pending: 28, pool: 6
I  164.37] Elapsed: 2:44, vertices: 28, facets final: 81, pending: 23
I  169.55] Elapsed: 2:50, vertices: 31, facets final: 83, pending: 22, pool: 4
I  175.45] Elapsed: 2:55, vertices: 33, facets final: 90, pending: 20, pool: 3
I  180.76] Elapsed: 3:01, vertices: 35, facets final: 95, pending: 31, pool: 3
I  185.78] Elapsed: 3:06, vertices: 36, facets final: 97, pending: 35, pool: 5
I  192.31] Elapsed: 3:12, vertices: 40, facets final: 100, pending: 39, pool: 3
I  197.82] Elapsed: 3:18, vertices: 40, facets final: 105, pending: 34
I  203.27] Elapsed: 3:23, vertices: 41, facets final: 108, pending: 34, pool: 4
I  208.58] Elapsed: 3:29, vertices: 43, facets final: 116, pending: 25, pool: 4
I  214.43] Elapsed: 3:34, vertices: 44, facets final: 120, pending: 21, pool: 4
I  220.13] Elapsed: 3:40, vertices: 45, facets final: 127, pending: 14, pool: 3
I  225.36] Elapsed: 3:45, vertices: 46, facets final: 133, pending: 7, pool: 3
I  230.60] Elapsed: 3:51, vertices: 48, facets final: 136, pending: 10, pool: 2
I  235.72] Elapsed: 3:56, vertices: 53, facets final: 143, pending: 21, pool: 2
The oracle says: iteration limit exceeded (8)
I  357.22] Elapsed: 5:57, vertices: 55, facets final: 153, pending: 12, pool: 2

--------------------------------
Problem aborted with error
 name                    198.vlp
 output                  
   vertices              vlp/198.res
 rows, cols, objs        725, 9564, 10
 vertices, facets        55, 165
 threads used            2
 total time              5:57
--------------------------------
Statistics
LP:
 oracle calls            228
   avg iterations/calls  3.56k
 total oracle time       5:57
Combinatorics:
 vertices added          55
 facets probed           834
 facets # max            167
 memory allocated        1.40M
 storage expansion
   vertices # / upto     1 / 124
   facets   # / upto     1 / 4092
 facet manipulating
   added avg / max       8.33 / 30.00
   compressed            0
 number of ridge tests
   avg / max             458.13 / 1.51k
--------------------------------
Parameters with non-default values
 OracleItLimit=300000
 OracleTimeLimit=180
 VertexPoolSize=30
