C copy string: rs=cd:ab;tu=ac:br;v=u:ad
I    5.02] Elapsed: 5.02, vertices: 15, facets final: 28, pending: 52
I   10.11] Elapsed: 10.11, vertices: 20, facets final: 70, pending: 16
I   11.54] Elapsed: 11.54, vertices: 24, facets final: 86, pending: 0

--------------------------------
Problem completed
 name                    200.vlp
 output                  
   vertices              vlp/200.res
 rows, cols, objs        338, 3718, 10
 vertices, facets        24, 86
 total time              11.54
--------------------------------
Statistics
LP:
 oracle calls            110
   avg iterations/calls  540.43
 total oracle time       11.54
Combinatorics:
 vertices added          24
 facets probed           226
 facets # max            91
 memory allocated        975.68k
 storage expansion
   vertices # / upto     1 / 124
   facets   # / upto     1 / 4092
 facet manipulating
   added avg / max       6.43 / 12.00
   compressed            0
 number of ridge tests
   avg / max             142.17 / 720.00
--------------------------------
Parameters with non-default values
 VertexPoolSize=30
