C copy string: rs=cd:ab;tu=ac:bdr;v=a:bdst
I    5.03] Elapsed: 5.03, vertices: 14, facets final: 8, pending: 191
I   10.51] Elapsed: 10.51, vertices: 24, facets final: 11, pending: 477, pool: 22
I   15.51] Elapsed: 15.51, vertices: 55, facets final: 11, pending: 2568, pool: 30
I   20.52] Elapsed: 20.52, vertices: 99, facets final: 12, pending: 6914, pool: 30
I   25.56] Elapsed: 25.56, vertices: 138, facets final: 12, pending: 9879, pool: 30
I   30.58] Elapsed: 30.58, vertices: 172, facets final: 15, pending: 13607, pool: 30
I   35.63] Elapsed: 35.63, vertices: 203, facets final: 16, pending: 17083, pool: 30
I   40.71] Elapsed: 40.71, vertices: 235, facets final: 16, pending: 19206, pool: 30
I   45.85] Elapsed: 45.85, vertices: 263, facets final: 17, pending: 21277, pool: 30
I   50.95] Elapsed: 50.95, vertices: 285, facets final: 17, pending: 23077, pool: 30
I   56.07] Elapsed: 56.07, vertices: 313, facets final: 17, pending: 24951, pool: 30
I   61.13] Elapsed: 1:01, vertices: 335, facets final: 18, pending: 26240, pool: 30
I   66.15] Elapsed: 1:06, vertices: 357, facets final: 20, pending: 28023, pool: 30
I   71.20] Elapsed: 1:11, vertices: 379, facets final: 22, pending: 29179, pool: 30
I   76.23] Elapsed: 1:16, vertices: 400, facets final: 24, pending: 30050, pool: 30
I   81.65] Elapsed: 1:22, vertices: 418, facets final: 26, pending: 30932, pool: 30
I   86.86] Elapsed: 1:27, vertices: 438, facets final: 26, pending: 31490, pool: 30
I   92.03] Elapsed: 1:32, vertices: 456, facets final: 28, pending: 32714, pool: 30
I   97.04] Elapsed: 1:37, vertices: 473, facets final: 29, pending: 33262, pool: 30
I  102.19] Elapsed: 1:42, vertices: 493, facets final: 30, pending: 34301, pool: 30
I  107.21] Elapsed: 1:47, vertices: 510, facets final: 30, pending: 34964, pool: 30
I  112.28] Elapsed: 1:52, vertices: 527, facets final: 30, pending: 34813, pool: 30
I  117.34] Elapsed: 1:57, vertices: 544, facets final: 31, pending: 35307, pool: 30
I  122.38] Elapsed: 2:02, vertices: 563, facets final: 33, pending: 35978, pool: 30
I  127.39] Elapsed: 2:07, vertices: 581, facets final: 33, pending: 36481, pool: 30
I  132.39] Elapsed: 2:12, vertices: 599, facets final: 36, pending: 36331, pool: 30
I  137.49] Elapsed: 2:17, vertices: 615, facets final: 36, pending: 36281, pool: 30
I  142.52] Elapsed: 2:23, vertices: 634, facets final: 37, pending: 36368, pool: 30
I  147.63] Elapsed: 2:28, vertices: 655, facets final: 39, pending: 37076, pool: 30
I  152.89] Elapsed: 2:33, vertices: 673, facets final: 40, pending: 36837, pool: 30
I  158.36] Elapsed: 2:38, vertices: 691, facets final: 41, pending: 36118, pool: 30
I  163.41] Elapsed: 2:43, vertices: 710, facets final: 43, pending: 35871, pool: 30
I  168.65] Elapsed: 2:49, vertices: 730, facets final: 43, pending: 36058, pool: 30
I  173.67] Elapsed: 2:54, vertices: 748, facets final: 44, pending: 36225, pool: 30
I  178.76] Elapsed: 2:59, vertices: 768, facets final: 44, pending: 36486, pool: 30
I  183.95] Elapsed: 3:04, vertices: 790, facets final: 45, pending: 37178, pool: 30
I  189.21] Elapsed: 3:09, vertices: 806, facets final: 47, pending: 37319, pool: 30
I  194.30] Elapsed: 3:14, vertices: 824, facets final: 51, pending: 37404, pool: 30
I  199.35] Elapsed: 3:19, vertices: 846, facets final: 55, pending: 36912, pool: 30
I  204.39] Elapsed: 3:24, vertices: 867, facets final: 55, pending: 36747, pool: 30
I  209.82] Elapsed: 3:30, vertices: 886, facets final: 55, pending: 36178, pool: 30
I  214.82] Elapsed: 3:35, vertices: 906, facets final: 56, pending: 35866, pool: 30
I  219.94] Elapsed: 3:40, vertices: 929, facets final: 58, pending: 35418, pool: 30
I  225.02] Elapsed: 3:45, vertices: 953, facets final: 59, pending: 34826, pool: 30
I  230.07] Elapsed: 3:50, vertices: 972, facets final: 59, pending: 34540, pool: 30
I  235.14] Elapsed: 3:55, vertices: 992, facets final: 64, pending: 34675, pool: 30
I  240.43] Elapsed: 4:00, vertices: 1015, facets final: 65, pending: 34005, pool: 30
I  245.43] Elapsed: 4:05, vertices: 1038, facets final: 68, pending: 33964, pool: 30
I  250.50] Elapsed: 4:11, vertices: 1052, facets final: 71, pending: 34175, pool: 30
I  255.57] Elapsed: 4:16, vertices: 1072, facets final: 72, pending: 34014, pool: 30
I  260.63] Elapsed: 4:21, vertices: 1087, facets final: 75, pending: 33494, pool: 30
I  265.69] Elapsed: 4:26, vertices: 1103, facets final: 79, pending: 32946, pool: 30
I  270.69] Elapsed: 4:31, vertices: 1122, facets final: 81, pending: 32679, pool: 30
I  275.73] Elapsed: 4:36, vertices: 1140, facets final: 82, pending: 32327, pool: 30
I  280.97] Elapsed: 4:41, vertices: 1162, facets final: 84, pending: 31229, pool: 30
I  285.97] Elapsed: 4:46, vertices: 1182, facets final: 91, pending: 30531, pool: 30
I  290.99] Elapsed: 4:51, vertices: 1205, facets final: 93, pending: 29968, pool: 30
I  296.10] Elapsed: 4:56, vertices: 1229, facets final: 94, pending: 28986, pool: 30
I  301.16] Elapsed: 5:01, vertices: 1254, facets final: 98, pending: 28618, pool: 30
I  306.36] Elapsed: 5:06, vertices: 1278, facets final: 101, pending: 28133, pool: 30
I  311.41] Elapsed: 5:11, vertices: 1307, facets final: 102, pending: 27787, pool: 30
I  316.41] Elapsed: 5:16, vertices: 1333, facets final: 106, pending: 27472, pool: 30
I  321.44] Elapsed: 5:21, vertices: 1360, facets final: 109, pending: 26795, pool: 30
I  326.58] Elapsed: 5:27, vertices: 1389, facets final: 112, pending: 26234, pool: 30
I  331.66] Elapsed: 5:32, vertices: 1416, facets final: 115, pending: 25629, pool: 30
I  336.66] Elapsed: 5:37, vertices: 1442, facets final: 122, pending: 25120, pool: 30
I  341.66] Elapsed: 5:42, vertices: 1471, facets final: 128, pending: 24549, pool: 30
I  346.72] Elapsed: 5:47, vertices: 1497, facets final: 136, pending: 24385, pool: 30
I  351.77] Elapsed: 5:52, vertices: 1526, facets final: 141, pending: 23886, pool: 30
I  356.85] Elapsed: 5:57, vertices: 1555, facets final: 144, pending: 23552, pool: 30
I  361.95] Elapsed: 6:02, vertices: 1586, facets final: 149, pending: 22891, pool: 30
I  366.96] Elapsed: 6:07, vertices: 1621, facets final: 151, pending: 22400, pool: 30
I  372.01] Elapsed: 6:12, vertices: 1644, facets final: 166, pending: 21951, pool: 30
I  377.03] Elapsed: 6:17, vertices: 1674, facets final: 171, pending: 21809, pool: 30
I  382.03] Elapsed: 6:22, vertices: 1703, facets final: 173, pending: 21215, pool: 30
I  387.03] Elapsed: 6:27, vertices: 1734, facets final: 182, pending: 20753, pool: 30
I  392.13] Elapsed: 6:32, vertices: 1767, facets final: 189, pending: 20536, pool: 30
I  397.13] Elapsed: 6:37, vertices: 1799, facets final: 201, pending: 19887, pool: 30
I  402.23] Elapsed: 6:42, vertices: 1834, facets final: 206, pending: 19491, pool: 30
I  407.23] Elapsed: 6:47, vertices: 1864, facets final: 216, pending: 19060, pool: 30
I  412.32] Elapsed: 6:52, vertices: 1894, facets final: 228, pending: 18888, pool: 30
I  417.34] Elapsed: 6:57, vertices: 1924, facets final: 240, pending: 18483, pool: 30
I  422.36] Elapsed: 7:02, vertices: 1952, facets final: 251, pending: 18208, pool: 30
I  427.37] Elapsed: 7:07, vertices: 1980, facets final: 265, pending: 17872, pool: 30
I  432.40] Elapsed: 7:12, vertices: 2010, facets final: 271, pending: 17899, pool: 30
I  437.41] Elapsed: 7:17, vertices: 2044, facets final: 280, pending: 17720, pool: 30
I  442.46] Elapsed: 7:22, vertices: 2068, facets final: 297, pending: 17586, pool: 30
I  447.54] Elapsed: 7:28, vertices: 2098, facets final: 312, pending: 17295, pool: 30
I  452.55] Elapsed: 7:33, vertices: 2128, facets final: 324, pending: 16996, pool: 30
I  457.57] Elapsed: 7:38, vertices: 2153, facets final: 342, pending: 16743, pool: 30
I  462.61] Elapsed: 7:43, vertices: 2174, facets final: 362, pending: 16581, pool: 30
I  467.68] Elapsed: 7:48, vertices: 2195, facets final: 383, pending: 16435, pool: 30
I  472.69] Elapsed: 7:53, vertices: 2228, facets final: 396, pending: 16298, pool: 30
I  477.78] Elapsed: 7:58, vertices: 2247, facets final: 419, pending: 16203, pool: 30
I  482.78] Elapsed: 8:03, vertices: 2275, facets final: 430, pending: 15984, pool: 30
I  487.89] Elapsed: 8:08, vertices: 2302, facets final: 444, pending: 15732, pool: 30
I  492.89] Elapsed: 8:13, vertices: 2334, facets final: 456, pending: 15482, pool: 30
I  497.89] Elapsed: 8:18, vertices: 2369, facets final: 467, pending: 15141, pool: 30
I  502.99] Elapsed: 8:23, vertices: 2397, facets final: 485, pending: 14779, pool: 30
I  507.99] Elapsed: 8:28, vertices: 2425, facets final: 503, pending: 14456, pool: 30
I  513.01] Elapsed: 8:33, vertices: 2457, facets final: 515, pending: 14152, pool: 30
I  518.09] Elapsed: 8:38, vertices: 2484, facets final: 535, pending: 13871, pool: 30
I  523.10] Elapsed: 8:43, vertices: 2509, facets final: 552, pending: 13588, pool: 30
I  528.10] Elapsed: 8:48, vertices: 2536, facets final: 566, pending: 13242, pool: 30
I  533.16] Elapsed: 8:53, vertices: 2560, facets final: 583, pending: 12993, pool: 30
I  538.19] Elapsed: 8:58, vertices: 2585, facets final: 604, pending: 12748, pool: 30
I  543.22] Elapsed: 9:03, vertices: 2609, facets final: 624, pending: 12474, pool: 30
I  548.30] Elapsed: 9:08, vertices: 2637, facets final: 646, pending: 12188, pool: 30
I  553.31] Elapsed: 9:13, vertices: 2662, facets final: 673, pending: 11888, pool: 30
I  558.33] Elapsed: 9:18, vertices: 2684, facets final: 693, pending: 11797, pool: 30
I  563.51] Elapsed: 9:24, vertices: 2706, facets final: 714, pending: 11569, pool: 30
I  568.57] Elapsed: 9:29, vertices: 2729, facets final: 731, pending: 11411, pool: 30
I  573.61] Elapsed: 9:34, vertices: 2758, facets final: 750, pending: 11246, pool: 30
I  578.71] Elapsed: 9:39, vertices: 2785, facets final: 766, pending: 11215, pool: 30
I  583.72] Elapsed: 9:44, vertices: 2808, facets final: 785, pending: 11047, pool: 30
I  588.73] Elapsed: 9:49, vertices: 2832, facets final: 805, pending: 10886, pool: 30
I  593.74] Elapsed: 9:54, vertices: 2854, facets final: 828, pending: 10821, pool: 29
I  598.78] Elapsed: 9:59, vertices: 2877, facets final: 854, pending: 10660, pool: 30
I  603.81] Elapsed: 10:04, vertices: 2904, facets final: 874, pending: 10529, pool: 30
I  608.87] Elapsed: 10:09, vertices: 2927, facets final: 895, pending: 10386, pool: 30
I  613.95] Elapsed: 10:14, vertices: 2953, facets final: 917, pending: 10307, pool: 30
I  619.06] Elapsed: 10:19, vertices: 2976, facets final: 941, pending: 10153, pool: 30
I  624.06] Elapsed: 10:24, vertices: 3001, facets final: 960, pending: 9950, pool: 30
I  629.14] Elapsed: 10:29, vertices: 3022, facets final: 979, pending: 9830, pool: 30
I  634.15] Elapsed: 10:34, vertices: 3048, facets final: 998, pending: 9737, pool: 30
I  639.17] Elapsed: 10:39, vertices: 3070, facets final: 1019, pending: 9601, pool: 30
I  644.26] Elapsed: 10:44, vertices: 3086, facets final: 1048, pending: 9533, pool: 30
I  649.44] Elapsed: 10:49, vertices: 3108, facets final: 1069, pending: 9479, pool: 29
I  654.45] Elapsed: 10:54, vertices: 3127, facets final: 1093, pending: 9326, pool: 30
I  659.46] Elapsed: 10:59, vertices: 3148, facets final: 1117, pending: 9229, pool: 30
I  664.52] Elapsed: 11:05, vertices: 3171, facets final: 1144, pending: 9078, pool: 30
I  669.59] Elapsed: 11:10, vertices: 3194, facets final: 1168, pending: 8973, pool: 30
I  674.63] Elapsed: 11:15, vertices: 3212, facets final: 1195, pending: 8837, pool: 30
I  679.65] Elapsed: 11:20, vertices: 3231, facets final: 1220, pending: 8758, pool: 30
I  684.76] Elapsed: 11:25, vertices: 3248, facets final: 1247, pending: 8688, pool: 30
I  689.82] Elapsed: 11:30, vertices: 3265, facets final: 1271, pending: 8697, pool: 30
I  695.05] Elapsed: 11:35, vertices: 3281, facets final: 1294, pending: 8607, pool: 29
I  700.10] Elapsed: 11:40, vertices: 3303, facets final: 1315, pending: 8521, pool: 30
I  705.17] Elapsed: 11:45, vertices: 3319, facets final: 1341, pending: 8447, pool: 30
I  710.31] Elapsed: 11:50, vertices: 3339, facets final: 1360, pending: 8309, pool: 30
I  715.41] Elapsed: 11:55, vertices: 3354, facets final: 1395, pending: 8226, pool: 30
I  720.43] Elapsed: 12:00, vertices: 3371, facets final: 1420, pending: 8154, pool: 29
I  725.56] Elapsed: 12:06, vertices: 3388, facets final: 1448, pending: 8072, pool: 29
I  730.61] Elapsed: 12:11, vertices: 3398, facets final: 1482, pending: 8032, pool: 30
I  735.69] Elapsed: 12:16, vertices: 3420, facets final: 1502, pending: 7934, pool: 30
I  740.72] Elapsed: 12:21, vertices: 3436, facets final: 1531, pending: 7941, pool: 30
I  745.78] Elapsed: 12:26, vertices: 3453, facets final: 1560, pending: 7824, pool: 29
I  750.78] Elapsed: 12:31, vertices: 3468, facets final: 1591, pending: 7753, pool: 29
I  755.82] Elapsed: 12:36, vertices: 3476, facets final: 1624, pending: 7705, pool: 30
I  760.83] Elapsed: 12:41, vertices: 3494, facets final: 1643, pending: 7572, pool: 30
I  765.83] Elapsed: 12:46, vertices: 3513, facets final: 1671, pending: 7498, pool: 30
I  770.89] Elapsed: 12:51, vertices: 3532, facets final: 1701, pending: 7361, pool: 30
I  775.93] Elapsed: 12:56, vertices: 3547, facets final: 1730, pending: 7264, pool: 30
I  781.11] Elapsed: 13:01, vertices: 3563, facets final: 1756, pending: 7161, pool: 29
I  786.26] Elapsed: 13:06, vertices: 3578, facets final: 1788, pending: 7064, pool: 30
I  791.28] Elapsed: 13:11, vertices: 3589, facets final: 1817, pending: 6997, pool: 30
I  796.28] Elapsed: 13:16, vertices: 3610, facets final: 1836, pending: 6908, pool: 30
I  801.45] Elapsed: 13:21, vertices: 3623, facets final: 1869, pending: 6840, pool: 30
I  806.58] Elapsed: 13:27, vertices: 3637, facets final: 1898, pending: 6779, pool: 30
I  811.73] Elapsed: 13:32, vertices: 3652, facets final: 1934, pending: 6680, pool: 30
I  816.82] Elapsed: 13:37, vertices: 3666, facets final: 1960, pending: 6596, pool: 30
I  821.83] Elapsed: 13:42, vertices: 3675, facets final: 1992, pending: 6532, pool: 29
I  827.03] Elapsed: 13:47, vertices: 3689, facets final: 2025, pending: 6424, pool: 30
I  832.12] Elapsed: 13:52, vertices: 3697, facets final: 2060, pending: 6357, pool: 29
I  837.20] Elapsed: 13:57, vertices: 3707, facets final: 2097, pending: 6286, pool: 30
I  842.23] Elapsed: 14:02, vertices: 3722, facets final: 2122, pending: 6189, pool: 29
I  847.43] Elapsed: 14:07, vertices: 3730, facets final: 2155, pending: 6095, pool: 30
I  852.57] Elapsed: 14:13, vertices: 3740, facets final: 2193, pending: 6060, pool: 30
I  857.57] Elapsed: 14:18, vertices: 3751, facets final: 2225, pending: 5990, pool: 28
I  862.63] Elapsed: 14:23, vertices: 3763, facets final: 2261, pending: 5918, pool: 29
I  867.64] Elapsed: 14:28, vertices: 3772, facets final: 2297, pending: 5886, pool: 30
I  872.67] Elapsed: 14:33, vertices: 3782, facets final: 2332, pending: 5851, pool: 28
I  877.72] Elapsed: 14:38, vertices: 3795, facets final: 2367, pending: 5743, pool: 29
I  882.91] Elapsed: 14:43, vertices: 3806, facets final: 2394, pending: 5660, pool: 30
I  888.01] Elapsed: 14:48, vertices: 3824, facets final: 2421, pending: 5590, pool: 29
I  893.01] Elapsed: 14:53, vertices: 3829, facets final: 2462, pending: 5537, pool: 29
I  898.03] Elapsed: 14:58, vertices: 3840, facets final: 2497, pending: 5463, pool: 29
I  903.17] Elapsed: 15:03, vertices: 3846, facets final: 2538, pending: 5391, pool: 29
I  908.59] Elapsed: 15:09, vertices: 3856, facets final: 2571, pending: 5347, pool: 28
I  913.61] Elapsed: 15:14, vertices: 3868, facets final: 2606, pending: 5286, pool: 29
I  918.69] Elapsed: 15:19, vertices: 3878, facets final: 2640, pending: 5212, pool: 29
I  923.72] Elapsed: 15:24, vertices: 3889, facets final: 2675, pending: 5158, pool: 27
I  928.82] Elapsed: 15:29, vertices: 3894, facets final: 2709, pending: 5131, pool: 29
I  933.82] Elapsed: 15:34, vertices: 3903, facets final: 2736, pending: 5057, pool: 29
I  938.84] Elapsed: 15:39, vertices: 3916, facets final: 2767, pending: 4954, pool: 28
I  943.99] Elapsed: 15:44, vertices: 3924, facets final: 2803, pending: 4914, pool: 27
I  949.02] Elapsed: 15:49, vertices: 3931, facets final: 2848, pending: 4848, pool: 25
I  954.08] Elapsed: 15:54, vertices: 3940, facets final: 2890, pending: 4777, pool: 26
I  959.14] Elapsed: 15:59, vertices: 3947, facets final: 2923, pending: 4710, pool: 27
I  964.16] Elapsed: 16:04, vertices: 3960, facets final: 2961, pending: 4638, pool: 26
I  969.17] Elapsed: 16:09, vertices: 3967, facets final: 2996, pending: 4616, pool: 27
I  974.23] Elapsed: 16:14, vertices: 3974, facets final: 3035, pending: 4556, pool: 28
I  979.26] Elapsed: 16:19, vertices: 3981, facets final: 3079, pending: 4488, pool: 25
I  984.53] Elapsed: 16:25, vertices: 3985, facets final: 3116, pending: 4445, pool: 26
I  989.67] Elapsed: 16:30, vertices: 3993, facets final: 3157, pending: 4397, pool: 27
I  994.68] Elapsed: 16:35, vertices: 4004, facets final: 3185, pending: 4379, pool: 28
I  999.74] Elapsed: 16:40, vertices: 4012, facets final: 3223, pending: 4342, pool: 27
I 1005.01] Elapsed: 16:45, vertices: 4019, facets final: 3262, pending: 4295, pool: 28
I 1010.02] Elapsed: 16:50, vertices: 4029, facets final: 3298, pending: 4246, pool: 28
I 1015.20] Elapsed: 16:55, vertices: 4040, facets final: 3327, pending: 4179, pool: 29
I 1020.20] Elapsed: 17:00, vertices: 4050, facets final: 3365, pending: 4151, pool: 26
I 1025.30] Elapsed: 17:05, vertices: 4057, facets final: 3392, pending: 4103, pool: 27
I 1030.30] Elapsed: 17:10, vertices: 4065, facets final: 3424, pending: 4052, pool: 26
I 1035.35] Elapsed: 17:15, vertices: 4071, facets final: 3464, pending: 4011, pool: 27
I 1040.41] Elapsed: 17:20, vertices: 4081, facets final: 3498, pending: 3962, pool: 27
I 1045.43] Elapsed: 17:25, vertices: 4090, facets final: 3531, pending: 3902, pool: 27
I 1050.56] Elapsed: 17:31, vertices: 4095, facets final: 3564, pending: 3882, pool: 26
I 1055.66] Elapsed: 17:36, vertices: 4104, facets final: 3596, pending: 3803, pool: 29
I 1060.76] Elapsed: 17:41, vertices: 4113, facets final: 3631, pending: 3758, pool: 26
I 1065.86] Elapsed: 17:46, vertices: 4124, facets final: 3660, pending: 3709, pool: 27
I 1071.14] Elapsed: 17:51, vertices: 4132, facets final: 3700, pending: 3673, pool: 25
I 1076.20] Elapsed: 17:56, vertices: 4138, facets final: 3730, pending: 3622, pool: 27
I 1081.35] Elapsed: 18:01, vertices: 4143, facets final: 3762, pending: 3604, pool: 26
I 1086.35] Elapsed: 18:06, vertices: 4154, facets final: 3787, pending: 3531, pool: 27
I 1091.42] Elapsed: 18:11, vertices: 4164, facets final: 3817, pending: 3473, pool: 26
I 1096.43] Elapsed: 18:16, vertices: 4173, facets final: 3849, pending: 3479, pool: 26
I 1101.60] Elapsed: 18:22, vertices: 4178, facets final: 3878, pending: 3448, pool: 26
I 1106.62] Elapsed: 18:27, vertices: 4183, facets final: 3917, pending: 3406, pool: 24
I 1111.79] Elapsed: 18:32, vertices: 4188, facets final: 3954, pending: 3345, pool: 23
I 1117.03] Elapsed: 18:37, vertices: 4193, facets final: 3983, pending: 3317, pool: 26
I 1122.10] Elapsed: 18:42, vertices: 4198, facets final: 4013, pending: 3268, pool: 28
I 1127.14] Elapsed: 18:47, vertices: 4208, facets final: 4051, pending: 3222, pool: 26
I 1132.14] Elapsed: 18:52, vertices: 4214, facets final: 4091, pending: 3168, pool: 25
I 1137.21] Elapsed: 18:57, vertices: 4220, facets final: 4125, pending: 3128, pool: 26
I 1142.42] Elapsed: 19:02, vertices: 4226, facets final: 4161, pending: 3064, pool: 25
I 1147.55] Elapsed: 19:08, vertices: 4233, facets final: 4195, pending: 3029, pool: 29
I 1152.60] Elapsed: 19:13, vertices: 4243, facets final: 4239, pending: 2962, pool: 25
I 1157.65] Elapsed: 19:18, vertices: 4250, facets final: 4269, pending: 2929, pool: 25
I 1162.66] Elapsed: 19:23, vertices: 4257, facets final: 4301, pending: 2884, pool: 24
I 1167.69] Elapsed: 19:28, vertices: 4264, facets final: 4336, pending: 2855, pool: 23
I 1172.72] Elapsed: 19:33, vertices: 4268, facets final: 4372, pending: 2809, pool: 22
I 1177.83] Elapsed: 19:38, vertices: 4276, facets final: 4402, pending: 2767, pool: 27
I 1182.83] Elapsed: 19:43, vertices: 4283, facets final: 4437, pending: 2736, pool: 24
I 1187.94] Elapsed: 19:48, vertices: 4289, facets final: 4470, pending: 2685, pool: 24
I 1193.12] Elapsed: 19:53, vertices: 4297, facets final: 4506, pending: 2642, pool: 23
I 1198.24] Elapsed: 19:58, vertices: 4308, facets final: 4537, pending: 2614, pool: 24
I 1203.33] Elapsed: 20:03, vertices: 4315, facets final: 4573, pending: 2572, pool: 22
I 1208.38] Elapsed: 20:08, vertices: 4321, facets final: 4610, pending: 2517, pool: 22
I 1213.53] Elapsed: 20:14, vertices: 4332, facets final: 4643, pending: 2467, pool: 21
I 1218.64] Elapsed: 20:19, vertices: 4338, facets final: 4688, pending: 2410, pool: 18
I 1223.86] Elapsed: 20:24, vertices: 4345, facets final: 4721, pending: 2368, pool: 21
I 1228.91] Elapsed: 20:29, vertices: 4352, facets final: 4751, pending: 2313, pool: 21
I 1234.04] Elapsed: 20:34, vertices: 4360, facets final: 4784, pending: 2267, pool: 20
I 1239.11] Elapsed: 20:39, vertices: 4368, facets final: 4818, pending: 2211, pool: 22
I 1244.14] Elapsed: 20:44, vertices: 4380, facets final: 4844, pending: 2167, pool: 24
I 1249.19] Elapsed: 20:49, vertices: 4392, facets final: 4871, pending: 2123, pool: 22
I 1254.19] Elapsed: 20:54, vertices: 4402, facets final: 4904, pending: 2067, pool: 22
I 1259.26] Elapsed: 20:59, vertices: 4412, facets final: 4944, pending: 1991, pool: 18
I 1264.64] Elapsed: 21:05, vertices: 4419, facets final: 4979, pending: 1953, pool: 21
I 1269.71] Elapsed: 21:10, vertices: 4429, facets final: 5018, pending: 1897, pool: 18
I 1274.72] Elapsed: 21:15, vertices: 4436, facets final: 5045, pending: 1847, pool: 21
I 1279.78] Elapsed: 21:20, vertices: 4445, facets final: 5083, pending: 1802, pool: 18
I 1284.80] Elapsed: 21:25, vertices: 4450, facets final: 5114, pending: 1764, pool: 17
I 1289.91] Elapsed: 21:30, vertices: 4457, facets final: 5145, pending: 1730, pool: 17
I 1294.92] Elapsed: 21:35, vertices: 4463, facets final: 5180, pending: 1691, pool: 18
I 1299.95] Elapsed: 21:40, vertices: 4471, facets final: 5213, pending: 1630, pool: 19
I 1305.16] Elapsed: 21:45, vertices: 4481, facets final: 5243, pending: 1583, pool: 17
I 1310.21] Elapsed: 21:50, vertices: 4490, facets final: 5273, pending: 1535, pool: 18
I 1315.33] Elapsed: 21:55, vertices: 4497, facets final: 5310, pending: 1483, pool: 16
I 1320.37] Elapsed: 22:00, vertices: 4509, facets final: 5346, pending: 1424, pool: 14
I 1325.42] Elapsed: 22:05, vertices: 4514, facets final: 5377, pending: 1385, pool: 16
I 1330.50] Elapsed: 22:11, vertices: 4520, facets final: 5415, pending: 1333, pool: 16
I 1336.04] Elapsed: 22:16, vertices: 4528, facets final: 5449, pending: 1286, pool: 14
I 1341.13] Elapsed: 22:21, vertices: 4538, facets final: 5487, pending: 1233, pool: 12
I 1346.14] Elapsed: 22:26, vertices: 4543, facets final: 5526, pending: 1180, pool: 12
I 1351.14] Elapsed: 22:31, vertices: 4547, facets final: 5562, pending: 1145, pool: 16
I 1356.24] Elapsed: 22:36, vertices: 4550, facets final: 5605, pending: 1123, pool: 19
I 1361.32] Elapsed: 22:41, vertices: 4555, facets final: 5649, pending: 1076, pool: 18
I 1366.64] Elapsed: 22:47, vertices: 4560, facets final: 5687, pending: 1020, pool: 19
I 1371.66] Elapsed: 22:52, vertices: 4564, facets final: 5726, pending: 974, pool: 20
I 1376.74] Elapsed: 22:57, vertices: 4571, facets final: 5770, pending: 915, pool: 21
I 1381.83] Elapsed: 23:02, vertices: 4575, facets final: 5812, pending: 868, pool: 21
I 1386.89] Elapsed: 23:07, vertices: 4580, facets final: 5847, pending: 817, pool: 22
I 1391.93] Elapsed: 23:12, vertices: 4587, facets final: 5886, pending: 777, pool: 19
I 1396.93] Elapsed: 23:17, vertices: 4591, facets final: 5924, pending: 741, pool: 19
I 1401.95] Elapsed: 23:22, vertices: 4597, facets final: 5957, pending: 697, pool: 22
I 1406.99] Elapsed: 23:27, vertices: 4601, facets final: 5999, pending: 651, pool: 22
I 1412.08] Elapsed: 23:32, vertices: 4609, facets final: 6035, pending: 603, pool: 23
I 1417.22] Elapsed: 23:37, vertices: 4613, facets final: 6068, pending: 563, pool: 23
I 1422.28] Elapsed: 23:42, vertices: 4622, facets final: 6105, pending: 511, pool: 24
I 1427.33] Elapsed: 23:47, vertices: 4629, facets final: 6150, pending: 456, pool: 20
I 1432.42] Elapsed: 23:52, vertices: 4634, facets final: 6191, pending: 406, pool: 20
I 1437.49] Elapsed: 23:57, vertices: 4638, facets final: 6230, pending: 360, pool: 18
I 1442.52] Elapsed: 24:03, vertices: 4642, facets final: 6269, pending: 317, pool: 15
I 1447.57] Elapsed: 24:08, vertices: 4646, facets final: 6309, pending: 270, pool: 18
I 1452.64] Elapsed: 24:13, vertices: 4650, facets final: 6352, pending: 222, pool: 18
I 1457.79] Elapsed: 24:18, vertices: 4662, facets final: 6388, pending: 164, pool: 17
I 1462.84] Elapsed: 24:23, vertices: 4675, facets final: 6408, pending: 113, pool: 17
I 1467.88] Elapsed: 24:28, vertices: 4696, facets final: 6431, pending: 74, pool: 11
I 1472.94] Elapsed: 24:33, vertices: 4715, facets final: 6448, pending: 38, pool: 10
I 1477.62] Elapsed: 24:38, vertices: 4730, facets final: 6476, pending: 0

--------------------------------
Problem completed
 name                    208.vlp
 output                  
   vertices              vlp/208.res
 rows, cols, objs        395, 4160, 10
 vertices, facets        4730, 6476
 total time              24:38
--------------------------------
Statistics
LP:
 oracle calls            11270
   avg iterations/calls  609.36
 total oracle time       19:59
Combinatorics:
 vertices added          4730
 facets probed           17860
 facets # max            37737
 memory allocated        57.57M
 storage expansion
   vertices # / upto     38 / 4860
   facets   # / upto     10 / 40956
 facet manipulating
   added avg / max       96.99 / 1.56k
   compressed            191
 number of ridge tests
   avg / max             2.46M / 39.33M
--------------------------------
Parameters with non-default values
 OracleItLimit=300000
 OracleTimeLimit=180
 VertexPoolSize=30
