C copy string: rs=cd:ab;tu=cs:ab;v=a:bcrtu
I    5.03] Elapsed: 5.03, vertices: 20, facets final: 21, pending: 253, pool: 9
I   10.04] Elapsed: 10.04, vertices: 60, facets final: 24, pending: 1589, pool: 30
I   15.08] Elapsed: 15.08, vertices: 153, facets final: 30, pending: 5295, pool: 30
I   20.09] Elapsed: 20.09, vertices: 240, facets final: 33, pending: 8032, pool: 30
I   25.09] Elapsed: 25.09, vertices: 318, facets final: 38, pending: 10273, pool: 30
I   30.10] Elapsed: 30.10, vertices: 394, facets final: 41, pending: 11741, pool: 30
I   35.11] Elapsed: 35.11, vertices: 467, facets final: 52, pending: 13236, pool: 30
I   40.12] Elapsed: 40.12, vertices: 533, facets final: 60, pending: 14869, pool: 30
I   45.13] Elapsed: 45.13, vertices: 598, facets final: 68, pending: 15771, pool: 30
I   50.14] Elapsed: 50.14, vertices: 657, facets final: 73, pending: 16582, pool: 30
I   55.15] Elapsed: 55.15, vertices: 723, facets final: 75, pending: 16929, pool: 30
I   60.17] Elapsed: 1:00, vertices: 782, facets final: 85, pending: 16777, pool: 30
I   65.19] Elapsed: 1:05, vertices: 840, facets final: 93, pending: 16917, pool: 30
I   70.19] Elapsed: 1:10, vertices: 900, facets final: 108, pending: 17034, pool: 30
I   75.19] Elapsed: 1:15, vertices: 956, facets final: 123, pending: 16829, pool: 30
I   80.22] Elapsed: 1:20, vertices: 1019, facets final: 137, pending: 16766, pool: 30
I   85.22] Elapsed: 1:25, vertices: 1079, facets final: 147, pending: 16294, pool: 30
I   90.23] Elapsed: 1:30, vertices: 1135, facets final: 166, pending: 16165, pool: 30
I   95.26] Elapsed: 1:35, vertices: 1196, facets final: 179, pending: 15472, pool: 30
I  100.29] Elapsed: 1:40, vertices: 1258, facets final: 201, pending: 15231, pool: 30
I  105.30] Elapsed: 1:45, vertices: 1326, facets final: 220, pending: 15029, pool: 30
I  110.30] Elapsed: 1:50, vertices: 1387, facets final: 238, pending: 14613, pool: 30
I  115.30] Elapsed: 1:55, vertices: 1447, facets final: 259, pending: 14207, pool: 30
I  120.30] Elapsed: 2:00, vertices: 1509, facets final: 282, pending: 13690, pool: 30
I  125.34] Elapsed: 2:05, vertices: 1572, facets final: 309, pending: 13533, pool: 30
I  130.35] Elapsed: 2:10, vertices: 1626, facets final: 337, pending: 13448, pool: 30
I  135.37] Elapsed: 2:15, vertices: 1681, facets final: 376, pending: 12947, pool: 30
I  140.37] Elapsed: 2:20, vertices: 1737, facets final: 404, pending: 12708, pool: 30
I  145.40] Elapsed: 2:25, vertices: 1790, facets final: 434, pending: 12387, pool: 30
I  150.40] Elapsed: 2:30, vertices: 1836, facets final: 468, pending: 12185, pool: 30
I  155.45] Elapsed: 2:35, vertices: 1896, facets final: 497, pending: 11864, pool: 30
I  160.46] Elapsed: 2:40, vertices: 1947, facets final: 526, pending: 11603, pool: 30
I  165.50] Elapsed: 2:46, vertices: 1992, facets final: 567, pending: 11196, pool: 30
I  170.51] Elapsed: 2:51, vertices: 2041, facets final: 605, pending: 10883, pool: 30
I  175.51] Elapsed: 2:56, vertices: 2085, facets final: 651, pending: 10564, pool: 30
I  180.55] Elapsed: 3:01, vertices: 2135, facets final: 683, pending: 10515, pool: 30
I  185.60] Elapsed: 3:06, vertices: 2183, facets final: 731, pending: 10305, pool: 30
I  190.60] Elapsed: 3:11, vertices: 2221, facets final: 787, pending: 10013, pool: 30
I  195.64] Elapsed: 3:16, vertices: 2253, facets final: 838, pending: 9793, pool: 30
I  200.67] Elapsed: 3:21, vertices: 2294, facets final: 884, pending: 9568, pool: 30
I  205.71] Elapsed: 3:26, vertices: 2338, facets final: 930, pending: 9378, pool: 30
I  210.78] Elapsed: 3:31, vertices: 2381, facets final: 974, pending: 9096, pool: 30
I  215.79] Elapsed: 3:36, vertices: 2425, facets final: 1025, pending: 8801, pool: 30
I  220.79] Elapsed: 3:41, vertices: 2472, facets final: 1070, pending: 8723, pool: 30
I  225.83] Elapsed: 3:46, vertices: 2509, facets final: 1121, pending: 8576, pool: 30
I  230.85] Elapsed: 3:51, vertices: 2553, facets final: 1169, pending: 8520, pool: 30
I  235.86] Elapsed: 3:56, vertices: 2590, facets final: 1213, pending: 8324, pool: 30
I  240.90] Elapsed: 4:01, vertices: 2632, facets final: 1260, pending: 8124, pool: 30
I  245.92] Elapsed: 4:06, vertices: 2666, facets final: 1311, pending: 8000, pool: 30
I  250.92] Elapsed: 4:11, vertices: 2704, facets final: 1360, pending: 7791, pool: 30
I  255.92] Elapsed: 4:16, vertices: 2747, facets final: 1414, pending: 7555, pool: 29
I  260.94] Elapsed: 4:21, vertices: 2775, facets final: 1471, pending: 7356, pool: 30
I  265.94] Elapsed: 4:26, vertices: 2803, facets final: 1531, pending: 7181, pool: 30
I  270.97] Elapsed: 4:31, vertices: 2830, facets final: 1598, pending: 6993, pool: 29
I  275.98] Elapsed: 4:36, vertices: 2860, facets final: 1660, pending: 6850, pool: 30
I  281.03] Elapsed: 4:41, vertices: 2883, facets final: 1723, pending: 6701, pool: 30
I  286.04] Elapsed: 4:46, vertices: 2909, facets final: 1790, pending: 6553, pool: 30
I  291.07] Elapsed: 4:51, vertices: 2934, facets final: 1855, pending: 6391, pool: 30
I  296.08] Elapsed: 4:56, vertices: 2958, facets final: 1918, pending: 6256, pool: 30
I  301.08] Elapsed: 5:01, vertices: 2981, facets final: 1987, pending: 6129, pool: 30
I  306.08] Elapsed: 5:06, vertices: 3005, facets final: 2058, pending: 5984, pool: 30
I  311.09] Elapsed: 5:11, vertices: 3026, facets final: 2128, pending: 5864, pool: 30
I  316.09] Elapsed: 5:16, vertices: 3044, facets final: 2207, pending: 5729, pool: 30
I  321.10] Elapsed: 5:21, vertices: 3066, facets final: 2274, pending: 5570, pool: 29
I  326.10] Elapsed: 5:26, vertices: 3085, facets final: 2344, pending: 5428, pool: 30
I  331.12] Elapsed: 5:31, vertices: 3113, facets final: 2406, pending: 5297, pool: 30
I  336.14] Elapsed: 5:36, vertices: 3127, facets final: 2478, pending: 5185, pool: 29
I  341.22] Elapsed: 5:41, vertices: 3147, facets final: 2546, pending: 5050, pool: 30
I  346.26] Elapsed: 5:46, vertices: 3167, facets final: 2609, pending: 4912, pool: 30
I  351.33] Elapsed: 5:51, vertices: 3185, facets final: 2689, pending: 4795, pool: 30
I  356.35] Elapsed: 5:56, vertices: 3199, facets final: 2768, pending: 4681, pool: 30
I  361.39] Elapsed: 6:01, vertices: 3214, facets final: 2841, pending: 4558, pool: 29
I  366.39] Elapsed: 6:06, vertices: 3234, facets final: 2912, pending: 4434, pool: 29
I  371.39] Elapsed: 6:11, vertices: 3251, facets final: 2984, pending: 4314, pool: 29
I  376.42] Elapsed: 6:16, vertices: 3269, facets final: 3058, pending: 4202, pool: 29
I  381.43] Elapsed: 6:21, vertices: 3285, facets final: 3141, pending: 4097, pool: 29
I  386.47] Elapsed: 6:26, vertices: 3302, facets final: 3218, pending: 3966, pool: 28
I  391.48] Elapsed: 6:31, vertices: 3319, facets final: 3291, pending: 3867, pool: 29
I  396.48] Elapsed: 6:36, vertices: 3328, facets final: 3367, pending: 3769, pool: 30
I  401.52] Elapsed: 6:42, vertices: 3340, facets final: 3451, pending: 3664, pool: 28
I  406.58] Elapsed: 6:47, vertices: 3351, facets final: 3541, pending: 3560, pool: 28
I  411.58] Elapsed: 6:52, vertices: 3360, facets final: 3621, pending: 3452, pool: 28
I  416.60] Elapsed: 6:57, vertices: 3370, facets final: 3706, pending: 3367, pool: 28
I  421.64] Elapsed: 7:02, vertices: 3378, facets final: 3781, pending: 3272, pool: 26
I  426.69] Elapsed: 7:07, vertices: 3390, facets final: 3852, pending: 3159, pool: 28
I  431.69] Elapsed: 7:12, vertices: 3397, facets final: 3948, pending: 3047, pool: 27
I  436.79] Elapsed: 7:17, vertices: 3403, facets final: 4044, pending: 2939, pool: 27
I  441.89] Elapsed: 7:22, vertices: 3416, facets final: 4130, pending: 2835, pool: 27
I  446.97] Elapsed: 7:27, vertices: 3426, facets final: 4211, pending: 2739, pool: 26
I  451.99] Elapsed: 7:32, vertices: 3432, facets final: 4291, pending: 2653, pool: 26
I  457.06] Elapsed: 7:37, vertices: 3444, facets final: 4374, pending: 2542, pool: 26
I  462.06] Elapsed: 7:42, vertices: 3453, facets final: 4446, pending: 2449, pool: 28
I  467.09] Elapsed: 7:47, vertices: 3465, facets final: 4531, pending: 2344, pool: 28
I  472.09] Elapsed: 7:52, vertices: 3476, facets final: 4613, pending: 2239, pool: 27
I  477.12] Elapsed: 7:57, vertices: 3486, facets final: 4691, pending: 2149, pool: 26
I  482.15] Elapsed: 8:02, vertices: 3492, facets final: 4776, pending: 2059, pool: 22
I  487.15] Elapsed: 8:07, vertices: 3497, facets final: 4870, pending: 1960, pool: 21
I  492.20] Elapsed: 8:12, vertices: 3501, facets final: 4951, pending: 1874, pool: 22
I  497.20] Elapsed: 8:17, vertices: 3504, facets final: 5038, pending: 1783, pool: 21
I  502.21] Elapsed: 8:22, vertices: 3509, facets final: 5130, pending: 1686, pool: 21
I  507.28] Elapsed: 8:27, vertices: 3514, facets final: 5212, pending: 1606, pool: 20
I  512.31] Elapsed: 8:32, vertices: 3518, facets final: 5300, pending: 1514, pool: 21
I  517.35] Elapsed: 8:37, vertices: 3524, facets final: 5394, pending: 1409, pool: 20
I  522.41] Elapsed: 8:42, vertices: 3529, facets final: 5472, pending: 1325, pool: 21
I  527.42] Elapsed: 8:47, vertices: 3545, facets final: 5556, pending: 1211, pool: 19
I  532.47] Elapsed: 8:52, vertices: 3554, facets final: 5643, pending: 1119, pool: 17
I  537.47] Elapsed: 8:57, vertices: 3566, facets final: 5729, pending: 1008, pool: 16
I  542.52] Elapsed: 9:03, vertices: 3572, facets final: 5817, pending: 910, pool: 17
I  547.55] Elapsed: 9:08, vertices: 3580, facets final: 5907, pending: 810, pool: 16
I  552.56] Elapsed: 9:13, vertices: 3591, facets final: 5995, pending: 705, pool: 14
I  557.59] Elapsed: 9:18, vertices: 3603, facets final: 6071, pending: 616, pool: 13
I  562.60] Elapsed: 9:23, vertices: 3614, facets final: 6151, pending: 519, pool: 12
I  567.66] Elapsed: 9:28, vertices: 3623, facets final: 6243, pending: 418, pool: 10
I  572.69] Elapsed: 9:33, vertices: 3636, facets final: 6331, pending: 315, pool: 9
I  577.69] Elapsed: 9:38, vertices: 3647, facets final: 6420, pending: 211, pool: 7
I  582.71] Elapsed: 9:43, vertices: 3657, facets final: 6504, pending: 116, pool: 7
I  587.74] Elapsed: 9:48, vertices: 3666, facets final: 6597, pending: 16, pool: 6
I  588.21] Elapsed: 9:48, vertices: 3671, facets final: 6608, pending: 0

--------------------------------
Problem completed
 name                    217.vlp
 output                  
   vertices              vlp/217.res
 rows, cols, objs        375, 3963, 10
 vertices, facets        3671, 6608
 total time              9:48
--------------------------------
Statistics
LP:
 oracle calls            10323
   avg iterations/calls  337.54
 total oracle time       8:51
Combinatorics:
 vertices added          3671
 facets probed           13644
 facets # max            17304
 memory allocated        23.94M
 storage expansion
   vertices # / upto     29 / 3708
   facets   # / upto     5 / 20476
 facet manipulating
   added avg / max       42.65 / 517.00
   compressed            93
 number of ridge tests
   avg / max             497.82k / 5.63M
--------------------------------
Parameters with non-default values
 OracleItLimit=300000
 OracleTimeLimit=180
 VertexPoolSize=30
