C copy string: rs=cd:ab;tu=cr:ab;vw=tu:acs
I    5.12] Elapsed: 5.12, vertices: 6, facets final: 5, pending: 40
I   10.52] Elapsed: 10.52, vertices: 15, facets final: 13, pending: 89
I   15.63] Elapsed: 15.63, vertices: 21, facets final: 18, pending: 185, pool: 4
I   21.02] Elapsed: 21.02, vertices: 24, facets final: 21, pending: 267, pool: 10
I   26.06] Elapsed: 26.06, vertices: 30, facets final: 23, pending: 374, pool: 11
I   32.00] Elapsed: 32.00, vertices: 36, facets final: 25, pending: 432, pool: 17
I   37.48] Elapsed: 37.48, vertices: 39, facets final: 31, pending: 525, pool: 27
I   42.94] Elapsed: 42.94, vertices: 48, facets final: 34, pending: 786, pool: 29
I   48.17] Elapsed: 48.17, vertices: 65, facets final: 36, pending: 1223, pool: 30
I   53.20] Elapsed: 53.20, vertices: 81, facets final: 39, pending: 1335, pool: 29
I   58.28] Elapsed: 58.28, vertices: 92, facets final: 43, pending: 1564, pool: 30
I   63.33] Elapsed: 1:03, vertices: 110, facets final: 47, pending: 1855, pool: 30
I   68.71] Elapsed: 1:09, vertices: 131, facets final: 49, pending: 1987, pool: 30
I   73.73] Elapsed: 1:14, vertices: 149, facets final: 50, pending: 2150, pool: 30
I   79.02] Elapsed: 1:19, vertices: 161, facets final: 56, pending: 2145, pool: 30
I   84.24] Elapsed: 1:24, vertices: 176, facets final: 63, pending: 2162, pool: 29
I   89.44] Elapsed: 1:29, vertices: 192, facets final: 67, pending: 2237, pool: 29
I   94.68] Elapsed: 1:35, vertices: 205, facets final: 72, pending: 2232, pool: 30
I   99.78] Elapsed: 1:40, vertices: 220, facets final: 76, pending: 2246, pool: 30
I  104.79] Elapsed: 1:45, vertices: 235, facets final: 80, pending: 2381, pool: 29
I  109.93] Elapsed: 1:50, vertices: 249, facets final: 83, pending: 2340, pool: 30
I  115.28] Elapsed: 1:55, vertices: 257, facets final: 93, pending: 2375, pool: 30
I  120.47] Elapsed: 2:00, vertices: 270, facets final: 101, pending: 2444, pool: 30
I  125.76] Elapsed: 2:06, vertices: 283, facets final: 108, pending: 2474, pool: 30
I  130.77] Elapsed: 2:11, vertices: 291, facets final: 116, pending: 2445, pool: 30
I  135.78] Elapsed: 2:16, vertices: 299, facets final: 127, pending: 2432, pool: 30
I  140.95] Elapsed: 2:21, vertices: 308, facets final: 138, pending: 2423, pool: 30
I  145.99] Elapsed: 2:26, vertices: 319, facets final: 149, pending: 2462, pool: 30
I  151.03] Elapsed: 2:31, vertices: 329, facets final: 157, pending: 2432, pool: 30
I  156.34] Elapsed: 2:36, vertices: 342, facets final: 167, pending: 2369, pool: 30
I  161.45] Elapsed: 2:41, vertices: 350, facets final: 180, pending: 2374, pool: 30
I  166.71] Elapsed: 2:47, vertices: 356, facets final: 192, pending: 2359, pool: 30
I  171.91] Elapsed: 2:52, vertices: 368, facets final: 202, pending: 2388, pool: 30
I  176.93] Elapsed: 2:57, vertices: 378, facets final: 210, pending: 2389, pool: 30
I  182.20] Elapsed: 3:02, vertices: 387, facets final: 223, pending: 2358, pool: 30
I  187.27] Elapsed: 3:07, vertices: 400, facets final: 228, pending: 2315, pool: 30
I  192.37] Elapsed: 3:12, vertices: 413, facets final: 236, pending: 2253, pool: 30
I  197.39] Elapsed: 3:17, vertices: 419, facets final: 251, pending: 2244, pool: 30
I  202.64] Elapsed: 3:23, vertices: 429, facets final: 262, pending: 2222, pool: 30
I  207.66] Elapsed: 3:28, vertices: 438, facets final: 276, pending: 2299, pool: 30
I  212.73] Elapsed: 3:33, vertices: 445, facets final: 289, pending: 2350, pool: 30
I  217.92] Elapsed: 3:38, vertices: 454, facets final: 300, pending: 2292, pool: 30
I  223.10] Elapsed: 3:43, vertices: 468, facets final: 305, pending: 2307, pool: 30
I  228.24] Elapsed: 3:48, vertices: 475, facets final: 321, pending: 2277, pool: 30
I  233.27] Elapsed: 3:53, vertices: 483, facets final: 332, pending: 2260, pool: 29
I  238.42] Elapsed: 3:58, vertices: 489, facets final: 347, pending: 2248, pool: 30
I  243.51] Elapsed: 4:04, vertices: 496, facets final: 357, pending: 2240, pool: 30
I  248.52] Elapsed: 4:09, vertices: 504, facets final: 372, pending: 2211, pool: 30
I  253.66] Elapsed: 4:14, vertices: 511, facets final: 387, pending: 2182, pool: 30
I  258.70] Elapsed: 4:19, vertices: 520, facets final: 400, pending: 2142, pool: 30
I  263.71] Elapsed: 4:24, vertices: 528, facets final: 416, pending: 2125, pool: 30
I  268.78] Elapsed: 4:29, vertices: 534, facets final: 435, pending: 2079, pool: 30
I  274.02] Elapsed: 4:34, vertices: 537, facets final: 451, pending: 2056, pool: 30
I  279.07] Elapsed: 4:39, vertices: 543, facets final: 465, pending: 2024, pool: 29
I  284.10] Elapsed: 4:44, vertices: 551, facets final: 480, pending: 1986, pool: 30
I  289.60] Elapsed: 4:50, vertices: 558, facets final: 493, pending: 1933, pool: 30
I  294.88] Elapsed: 4:55, vertices: 563, facets final: 511, pending: 1929, pool: 30
I  299.96] Elapsed: 5:00, vertices: 571, facets final: 523, pending: 1893, pool: 30
I  305.01] Elapsed: 5:05, vertices: 575, facets final: 536, pending: 1859, pool: 30
I  310.17] Elapsed: 5:10, vertices: 581, facets final: 553, pending: 1817, pool: 30
I  315.28] Elapsed: 5:15, vertices: 588, facets final: 573, pending: 1817, pool: 29
I  320.38] Elapsed: 5:20, vertices: 589, facets final: 588, pending: 1799, pool: 28
I  325.53] Elapsed: 5:26, vertices: 594, facets final: 603, pending: 1771, pool: 30
I  330.75] Elapsed: 5:31, vertices: 600, facets final: 618, pending: 1771, pool: 30
I  335.81] Elapsed: 5:36, vertices: 605, facets final: 634, pending: 1736, pool: 30
I  340.85] Elapsed: 5:41, vertices: 609, facets final: 653, pending: 1720, pool: 30
I  345.86] Elapsed: 5:46, vertices: 614, facets final: 669, pending: 1704, pool: 30
I  351.10] Elapsed: 5:51, vertices: 617, facets final: 686, pending: 1705, pool: 30
I  356.22] Elapsed: 5:56, vertices: 622, facets final: 703, pending: 1688, pool: 29
I  361.25] Elapsed: 6:01, vertices: 625, facets final: 721, pending: 1679, pool: 30
I  366.39] Elapsed: 6:06, vertices: 631, facets final: 738, pending: 1661, pool: 29
I  371.65] Elapsed: 6:12, vertices: 633, facets final: 758, pending: 1639, pool: 29
I  376.72] Elapsed: 6:17, vertices: 638, facets final: 772, pending: 1609, pool: 29
I  381.94] Elapsed: 6:22, vertices: 640, facets final: 789, pending: 1575, pool: 29
I  386.98] Elapsed: 6:27, vertices: 642, facets final: 808, pending: 1544, pool: 30
I  392.12] Elapsed: 6:32, vertices: 647, facets final: 824, pending: 1520, pool: 30
I  397.43] Elapsed: 6:37, vertices: 652, facets final: 840, pending: 1497, pool: 29
I  402.45] Elapsed: 6:42, vertices: 653, facets final: 858, pending: 1478, pool: 29
I  407.69] Elapsed: 6:48, vertices: 659, facets final: 876, pending: 1445, pool: 29
I  412.97] Elapsed: 6:53, vertices: 662, facets final: 896, pending: 1437, pool: 28
I  418.14] Elapsed: 6:58, vertices: 663, facets final: 911, pending: 1416, pool: 29
I  423.30] Elapsed: 7:03, vertices: 665, facets final: 929, pending: 1404, pool: 28
I  428.48] Elapsed: 7:08, vertices: 667, facets final: 949, pending: 1391, pool: 29
I  433.90] Elapsed: 7:14, vertices: 668, facets final: 968, pending: 1377, pool: 28
I  439.16] Elapsed: 7:19, vertices: 670, facets final: 986, pending: 1365, pool: 30
I  444.22] Elapsed: 7:24, vertices: 673, facets final: 1002, pending: 1343, pool: 30
I  449.32] Elapsed: 7:29, vertices: 675, facets final: 1021, pending: 1322, pool: 29
I  454.44] Elapsed: 7:34, vertices: 675, facets final: 1045, pending: 1298
I  459.66] Elapsed: 7:40, vertices: 679, facets final: 1064, pending: 1257, pool: 29
I  464.95] Elapsed: 7:45, vertices: 681, facets final: 1084, pending: 1234, pool: 28
I  470.50] Elapsed: 7:51, vertices: 684, facets final: 1106, pending: 1201, pool: 29
I  475.78] Elapsed: 7:56, vertices: 686, facets final: 1125, pending: 1175, pool: 30
I  480.84] Elapsed: 8:01, vertices: 689, facets final: 1146, pending: 1152, pool: 28
I  485.85] Elapsed: 8:06, vertices: 690, facets final: 1168, pending: 1127, pool: 29
I  490.95] Elapsed: 8:11, vertices: 692, facets final: 1184, pending: 1109, pool: 29
I  496.15] Elapsed: 8:16, vertices: 694, facets final: 1202, pending: 1093, pool: 29
I  501.36] Elapsed: 8:21, vertices: 698, facets final: 1222, pending: 1070, pool: 29
I  506.49] Elapsed: 8:26, vertices: 701, facets final: 1238, pending: 1049, pool: 29
I  511.68] Elapsed: 8:32, vertices: 702, facets final: 1257, pending: 1036, pool: 28
I  516.98] Elapsed: 8:37, vertices: 704, facets final: 1276, pending: 1013, pool: 28
I  522.02] Elapsed: 8:42, vertices: 705, facets final: 1301, pending: 987, pool: 28
I  527.13] Elapsed: 8:47, vertices: 707, facets final: 1319, pending: 961, pool: 28
I  532.22] Elapsed: 8:52, vertices: 709, facets final: 1339, pending: 935, pool: 29
I  537.46] Elapsed: 8:57, vertices: 711, facets final: 1362, pending: 910, pool: 28
I  542.61] Elapsed: 9:03, vertices: 712, facets final: 1383, pending: 894, pool: 28
I  547.97] Elapsed: 9:08, vertices: 712, facets final: 1403, pending: 874
I  552.98] Elapsed: 9:13, vertices: 715, facets final: 1423, pending: 850, pool: 25
I  558.39] Elapsed: 9:18, vertices: 716, facets final: 1444, pending: 826, pool: 26
I  563.48] Elapsed: 9:23, vertices: 717, facets final: 1460, pending: 811, pool: 28
I  568.81] Elapsed: 9:29, vertices: 720, facets final: 1480, pending: 782, pool: 28
I  574.00] Elapsed: 9:34, vertices: 721, facets final: 1499, pending: 762, pool: 29
I  579.24] Elapsed: 9:39, vertices: 722, facets final: 1519, pending: 741, pool: 29
I  584.32] Elapsed: 9:44, vertices: 725, facets final: 1539, pending: 712, pool: 29
I  589.90] Elapsed: 9:50, vertices: 729, facets final: 1553, pending: 690, pool: 29
I  595.25] Elapsed: 9:55, vertices: 730, facets final: 1573, pending: 667, pool: 29
I  600.57] Elapsed: 10:01, vertices: 733, facets final: 1594, pending: 642, pool: 29
I  605.59] Elapsed: 10:06, vertices: 734, facets final: 1612, pending: 628, pool: 28
I  610.76] Elapsed: 10:11, vertices: 734, facets final: 1632, pending: 608
I  615.96] Elapsed: 10:16, vertices: 736, facets final: 1653, pending: 586, pool: 27
I  620.96] Elapsed: 10:21, vertices: 737, facets final: 1672, pending: 568, pool: 28
I  626.06] Elapsed: 10:26, vertices: 739, facets final: 1691, pending: 558, pool: 28
I  631.21] Elapsed: 10:31, vertices: 740, facets final: 1715, pending: 534, pool: 27
I  636.46] Elapsed: 10:36, vertices: 741, facets final: 1739, pending: 509, pool: 26
I  641.53] Elapsed: 10:42, vertices: 742, facets final: 1761, pending: 486, pool: 26
I  646.55] Elapsed: 10:47, vertices: 743, facets final: 1779, pending: 468, pool: 26
I  651.57] Elapsed: 10:52, vertices: 744, facets final: 1799, pending: 445, pool: 26
I  656.64] Elapsed: 10:57, vertices: 746, facets final: 1821, pending: 422, pool: 26
I  661.81] Elapsed: 11:02, vertices: 748, facets final: 1844, pending: 398, pool: 24
I  666.84] Elapsed: 11:07, vertices: 750, facets final: 1865, pending: 375, pool: 24
I  671.86] Elapsed: 11:12, vertices: 752, facets final: 1887, pending: 352, pool: 22
I  677.00] Elapsed: 11:17, vertices: 755, facets final: 1904, pending: 333, pool: 22
I  682.09] Elapsed: 11:22, vertices: 758, facets final: 1923, pending: 313, pool: 22
I  687.19] Elapsed: 11:27, vertices: 759, facets final: 1943, pending: 292, pool: 21
I  692.36] Elapsed: 11:32, vertices: 760, facets final: 1960, pending: 273, pool: 21
I  697.36] Elapsed: 11:37, vertices: 762, facets final: 1979, pending: 251, pool: 21
I  702.60] Elapsed: 11:43, vertices: 766, facets final: 2000, pending: 230, pool: 19
I  707.66] Elapsed: 11:48, vertices: 770, facets final: 2021, pending: 205, pool: 17
I  712.78] Elapsed: 11:53, vertices: 771, facets final: 2040, pending: 185, pool: 17
I  718.03] Elapsed: 11:58, vertices: 774, facets final: 2060, pending: 162, pool: 16
I  723.18] Elapsed: 12:03, vertices: 777, facets final: 2080, pending: 142, pool: 15
I  728.24] Elapsed: 12:08, vertices: 779, facets final: 2098, pending: 123, pool: 13
I  733.38] Elapsed: 12:13, vertices: 789, facets final: 2116, pending: 115, pool: 9
I  738.54] Elapsed: 12:19, vertices: 793, facets final: 2145, pending: 91, pool: 5
I  743.59] Elapsed: 12:24, vertices: 797, facets final: 2165, pending: 67, pool: 5
I  748.65] Elapsed: 12:29, vertices: 801, facets final: 2186, pending: 43, pool: 4
I  752.35] Elapsed: 12:32, vertices: 809, facets final: 2218, pending: 0

--------------------------------
Problem completed
 name                    229.vlp
 output                  
   vertices              vlp/229.res
 rows, cols, objs        454, 5905, 10
 vertices, facets        809, 2218
 total time              12:32
--------------------------------
Statistics
LP:
 oracle calls            3108
   avg iterations/call   965.96
 total oracle time       12:31
Combinatorics:
 vertices added          809
 facets probed           4323
 facets # max            2665
 memory allocated        2.29M
 storage expansion
   vertices # / upto     7 / 892
   facets   # / upto     1 / 4092
 facet manipulating
   added avg / max       26.20 / 250.00
   compressed            9
 number of ridge tests
   avg / max             44.00k / 387.71k
--------------------------------
Parameters with non-default values
 OracleItLimit=300000
 OracleTimeLimit=180
 VertexPoolSize=30
