C copy string: rs=cd:ab;tu=cs:ab;vw=cr:abtu
I    5.34] Elapsed: 5.34, vertices: 10, facets final: 9, pending: 78
I   10.39] Elapsed: 10.39, vertices: 19, facets final: 22, pending: 99
I   15.68] Elapsed: 15.68, vertices: 21, facets final: 39, pending: 94, pool: 6
I   20.80] Elapsed: 20.80, vertices: 26, facets final: 58, pending: 67, pool: 4
I   25.81] Elapsed: 25.81, vertices: 31, facets final: 81, pending: 36, pool: 1
I   27.90] Elapsed: 27.90, vertices: 37, facets final: 107, pending: 0

--------------------------------
Problem completed
 name                    237.vlp
 output                  
   vertices              vlp/237.res
 rows, cols, objs        433, 5539, 10
 vertices, facets        37, 107
 total time              27.90
--------------------------------
Statistics
LP:
 oracle calls            157
   avg iterations/call   763.90
 total oracle time       27.90
Combinatorics:
 vertices added          37
 facets probed           331
 facets # max            138
 memory allocated        975.68k
 storage expansion
   vertices # / upto     1 / 124
   facets   # / upto     1 / 4092
 facet manipulating
   added avg / max       12.08 / 35.00
   compressed            0
 number of ridge tests
   avg / max             704.06 / 2.10k
--------------------------------
Parameters with non-default values
 OracleItLimit=300000
 OracleTimeLimit=180
 VertexPoolSize=30
