C copy string: rs=cd:ab;tuv=cdr:ab;w=a:bcrtv
I    5.04] Elapsed: 5.04, vertices: 22, facets final: 21, pending: 209, pool: 16
I   10.04] Elapsed: 10.04, vertices: 52, facets final: 37, pending: 586, pool: 28
I   15.06] Elapsed: 15.06, vertices: 100, facets final: 58, pending: 1062, pool: 30
I   20.09] Elapsed: 20.09, vertices: 171, facets final: 79, pending: 1610, pool: 30
I   25.18] Elapsed: 25.18, vertices: 236, facets final: 103, pending: 2105, pool: 29
I   30.22] Elapsed: 30.22, vertices: 308, facets final: 117, pending: 2666, pool: 30
I   35.28] Elapsed: 35.28, vertices: 360, facets final: 147, pending: 3099, pool: 30
I   40.28] Elapsed: 40.28, vertices: 426, facets final: 165, pending: 3575, pool: 30
I   45.29] Elapsed: 45.29, vertices: 483, facets final: 182, pending: 3860, pool: 30
I   50.29] Elapsed: 50.29, vertices: 549, facets final: 207, pending: 4073, pool: 30
I   55.31] Elapsed: 55.31, vertices: 610, facets final: 232, pending: 4234, pool: 29
I   60.32] Elapsed: 1:00, vertices: 670, facets final: 256, pending: 4473, pool: 30
I   65.35] Elapsed: 1:05, vertices: 721, facets final: 288, pending: 4694, pool: 30
I   70.35] Elapsed: 1:10, vertices: 775, facets final: 317, pending: 4746, pool: 30
I   75.40] Elapsed: 1:15, vertices: 827, facets final: 349, pending: 4786, pool: 30
I   80.41] Elapsed: 1:20, vertices: 887, facets final: 378, pending: 4785, pool: 30
I   85.45] Elapsed: 1:25, vertices: 933, facets final: 413, pending: 4819, pool: 30
I   90.45] Elapsed: 1:30, vertices: 974, facets final: 447, pending: 4811, pool: 30
I   95.46] Elapsed: 1:35, vertices: 1014, facets final: 486, pending: 4789, pool: 30
I  100.50] Elapsed: 1:41, vertices: 1061, facets final: 529, pending: 4846, pool: 30
I  105.50] Elapsed: 1:46, vertices: 1109, facets final: 556, pending: 4842, pool: 30
I  110.50] Elapsed: 1:51, vertices: 1158, facets final: 583, pending: 4898, pool: 30
I  115.52] Elapsed: 1:56, vertices: 1200, facets final: 619, pending: 4902, pool: 30
I  120.56] Elapsed: 2:01, vertices: 1258, facets final: 645, pending: 4885, pool: 30
recalculate_facet: numerical instability at facet 6629, coord 0 (1.71498e-06)
recalculate_facet: numerical instability at facet 6629, coord 1 (-1.1783e-06)
recalculate_facet: numerical instability at facet 6629, coord 3 (-2.23173e-06)
recalculate_facet: numerical instability at facet 6629, coord 5 (1.05733e-06)
I  125.56] Elapsed: 2:06, vertices: 1303, facets final: 678, pending: 4859, pool: 30
I  130.60] Elapsed: 2:11, vertices: 1346, facets final: 714, pending: 4898, pool: 30
I  135.60] Elapsed: 2:16, vertices: 1392, facets final: 748, pending: 4951, pool: 30
I  140.61] Elapsed: 2:21, vertices: 1432, facets final: 778, pending: 4895, pool: 30
I  145.67] Elapsed: 2:26, vertices: 1468, facets final: 820, pending: 4817, pool: 30
I  150.69] Elapsed: 2:31, vertices: 1492, facets final: 868, pending: 4712, pool: 30
I  155.75] Elapsed: 2:36, vertices: 1525, facets final: 914, pending: 4640, pool: 29
I  160.75] Elapsed: 2:41, vertices: 1558, facets final: 957, pending: 4620, pool: 30
recalculate_facet: numerical instability at facet 939, coord 2 (1.86619e-06)
recalculate_facet: numerical instability at facet 939, coord 3 (-4.93869e-06)
recalculate_facet: numerical instability at facet 939, coord 4 (2.0838e-06)
recalculate_facet: numerical instability at facet 939, coord 5 (1.00748e-06)
recalculate_facet: numerical instability at facet 939, coord 10 (-4.21292e-06)
I  165.76] Elapsed: 2:46, vertices: 1601, facets final: 995, pending: 4589, pool: 30
I  170.79] Elapsed: 2:51, vertices: 1638, facets final: 1038, pending: 4527, pool: 30
I  175.79] Elapsed: 2:56, vertices: 1670, facets final: 1081, pending: 4437, pool: 30
recalculate_facet: numerical instability at facet 6020, coord 0 (-6.75051e-06)
recalculate_facet: numerical instability at facet 6020, coord 1 (2.59437e-06)
recalculate_facet: numerical instability at facet 6020, coord 2 (-2.13769e-06)
recalculate_facet: numerical instability at facet 6020, coord 3 (1.21886e-05)
recalculate_facet: numerical instability at facet 6020, coord 4 (-1.47098e-06)
recalculate_facet: numerical instability at facet 6020, coord 5 (-4.42377e-06)
recalculate_facet: numerical instability at facet 6020, coord 10 (5.4496e-06)
I  180.81] Elapsed: 3:01, vertices: 1701, facets final: 1137, pending: 4289, pool: 30
I  185.86] Elapsed: 3:06, vertices: 1729, facets final: 1187, pending: 4171, pool: 30
I  190.88] Elapsed: 3:11, vertices: 1768, facets final: 1228, pending: 4060, pool: 30
I  195.88] Elapsed: 3:16, vertices: 1796, facets final: 1271, pending: 3977, pool: 30
I  200.90] Elapsed: 3:21, vertices: 1825, facets final: 1320, pending: 3902, pool: 30
I  205.95] Elapsed: 3:26, vertices: 1853, facets final: 1371, pending: 3773, pool: 30
I  211.00] Elapsed: 3:31, vertices: 1882, facets final: 1432, pending: 3671, pool: 30
I  216.07] Elapsed: 3:36, vertices: 1908, facets final: 1481, pending: 3585, pool: 30
I  221.16] Elapsed: 3:41, vertices: 1929, facets final: 1536, pending: 3498, pool: 30
I  226.18] Elapsed: 3:46, vertices: 1953, facets final: 1586, pending: 3386, pool: 30
I  231.27] Elapsed: 3:51, vertices: 1973, facets final: 1636, pending: 3269, pool: 30
I  236.32] Elapsed: 3:56, vertices: 1989, facets final: 1694, pending: 3205, pool: 30
recalculate_facet: numerical instability at facet 5414, coord 3 (-2.07993e-06)
recalculate_facet: numerical instability at facet 5414, coord 5 (1.17867e-06)
recalculate_facet: numerical instability at facet 5414, coord 10 (-1.54029e-06)
I  241.40] Elapsed: 4:01, vertices: 2012, facets final: 1744, pending: 3109, pool: 30
I  246.41] Elapsed: 4:06, vertices: 2038, facets final: 1796, pending: 3015, pool: 30
I  251.42] Elapsed: 4:11, vertices: 2055, facets final: 1852, pending: 2940, pool: 30
I  256.43] Elapsed: 4:16, vertices: 2073, facets final: 1908, pending: 2851, pool: 30
I  261.44] Elapsed: 4:21, vertices: 2094, facets final: 1969, pending: 2747, pool: 30
recalculate_facet: numerical instability at facet 5982, coord 0 (6.82467e-06)
recalculate_facet: numerical instability at facet 5982, coord 1 (-7.6189e-06)
recalculate_facet: numerical instability at facet 5982, coord 2 (1.36958e-05)
recalculate_facet: numerical instability at facet 5982, coord 3 (-2.94438e-05)
recalculate_facet: numerical instability at facet 5982, coord 4 (9.65528e-06)
recalculate_facet: numerical instability at facet 5982, coord 5 (6.88692e-06)
recalculate_facet: numerical instability at facet 5982, coord 10 (-2.21319e-05)
recalculate_facet: numerical instability at facet 5983, coord 0 (-2.13773e-06)
recalculate_facet: numerical instability at facet 5983, coord 3 (-1.86528e-06)
recalculate_facet: numerical instability at facet 5983, coord 4 (1.42204e-06)
recalculate_facet: numerical instability at facet 5983, coord 10 (-4.24409e-06)
recalculate_facet: numerical instability at facet 5985, coord 0 (2.21474e-05)
recalculate_facet: numerical instability at facet 5985, coord 1 (-1.46523e-05)
recalculate_facet: numerical instability at facet 5985, coord 2 (1.27456e-05)
recalculate_facet: numerical instability at facet 5985, coord 3 (-2.96105e-05)
recalculate_facet: numerical instability at facet 5985, coord 4 (2.16457e-06)
recalculate_facet: numerical instability at facet 5985, coord 5 (7.20525e-06)
recalculate_facet: numerical instability at facet 5985, coord 10 (-5.67026e-06)
recalculate_facet: numerical instability at facet 5986, coord 0 (1.29811e-05)
recalculate_facet: numerical instability at facet 5986, coord 1 (-5.79308e-06)
recalculate_facet: numerical instability at facet 5986, coord 4 (-6.71209e-06)
recalculate_facet: numerical instability at facet 5986, coord 10 (1.36263e-05)
I  266.51] Elapsed: 4:27, vertices: 2110, facets final: 2032, pending: 2648, pool: 30
I  271.51] Elapsed: 4:32, vertices: 2134, facets final: 2094, pending: 2549, pool: 30
I  276.54] Elapsed: 4:37, vertices: 2146, facets final: 2159, pending: 2456, pool: 30
I  281.56] Elapsed: 4:42, vertices: 2165, facets final: 2227, pending: 2344, pool: 30
I  286.57] Elapsed: 4:47, vertices: 2175, facets final: 2288, pending: 2292, pool: 29
I  291.63] Elapsed: 4:52, vertices: 2188, facets final: 2352, pending: 2206, pool: 30
I  296.68] Elapsed: 4:57, vertices: 2202, facets final: 2419, pending: 2124, pool: 30
I  301.68] Elapsed: 5:02, vertices: 2209, facets final: 2481, pending: 2052, pool: 30
I  306.69] Elapsed: 5:07, vertices: 2224, facets final: 2538, pending: 1969, pool: 29
I  311.73] Elapsed: 5:12, vertices: 2239, facets final: 2594, pending: 1900, pool: 29
I  316.73] Elapsed: 5:17, vertices: 2252, facets final: 2650, pending: 1819, pool: 30
I  321.75] Elapsed: 5:22, vertices: 2269, facets final: 2709, pending: 1735, pool: 30
I  326.80] Elapsed: 5:27, vertices: 2280, facets final: 2777, pending: 1645, pool: 30
I  331.80] Elapsed: 5:32, vertices: 2287, facets final: 2842, pending: 1568, pool: 30
I  336.82] Elapsed: 5:37, vertices: 2294, facets final: 2904, pending: 1509, pool: 30
recalculate_facet: numerical instability at facet 6446, coord 0 (-7.55435e-06)
recalculate_facet: numerical instability at facet 6446, coord 1 (3.15973e-06)
recalculate_facet: numerical instability at facet 6446, coord 2 (1.13047e-06)
recalculate_facet: numerical instability at facet 6446, coord 4 (4.34478e-06)
recalculate_facet: numerical instability at facet 6446, coord 10 (-8.908e-06)
recalculate_facet: numerical instability at facet 6448, coord 0 (1.56009e-06)
recalculate_facet: numerical instability at facet 6448, coord 10 (1.89069e-06)
I  341.85] Elapsed: 5:42, vertices: 2300, facets final: 2976, pending: 1431, pool: 28
I  346.90] Elapsed: 5:47, vertices: 2311, facets final: 3043, pending: 1346, pool: 30
I  351.92] Elapsed: 5:52, vertices: 2324, facets final: 3101, pending: 1271, pool: 29
I  356.98] Elapsed: 5:57, vertices: 2333, facets final: 3162, pending: 1196, pool: 30
I  362.00] Elapsed: 6:02, vertices: 2340, facets final: 3232, pending: 1111, pool: 30
I  367.02] Elapsed: 6:07, vertices: 2344, facets final: 3306, pending: 1033, pool: 29
I  372.06] Elapsed: 6:12, vertices: 2349, facets final: 3378, pending: 955, pool: 28
I  377.07] Elapsed: 6:17, vertices: 2361, facets final: 3444, pending: 876, pool: 26
I  382.16] Elapsed: 6:22, vertices: 2372, facets final: 3507, pending: 807, pool: 26
I  387.23] Elapsed: 6:27, vertices: 2377, facets final: 3582, pending: 726, pool: 27
I  392.24] Elapsed: 6:32, vertices: 2387, facets final: 3658, pending: 637, pool: 26
I  397.26] Elapsed: 6:37, vertices: 2399, facets final: 3724, pending: 560, pool: 25
I  402.28] Elapsed: 6:42, vertices: 2408, facets final: 3803, pending: 473, pool: 18
I  407.33] Elapsed: 6:47, vertices: 2414, facets final: 3866, pending: 402, pool: 20
I  412.41] Elapsed: 6:52, vertices: 2425, facets final: 3932, pending: 319, pool: 17
I  417.43] Elapsed: 6:57, vertices: 2439, facets final: 3993, pending: 249, pool: 17
I  422.46] Elapsed: 7:02, vertices: 2453, facets final: 4059, pending: 172, pool: 12
I  427.50] Elapsed: 7:08, vertices: 2483, facets final: 4137, pending: 70, pool: 2
I  430.72] Elapsed: 7:11, vertices: 2506, facets final: 4180, pending: 0

--------------------------------
Problem completed
 name                    241.vlp
 output                  
   vertices              vlp/241.res
 rows, cols, objs        370, 4648, 10
 vertices, facets        2506, 4180
 total time              7:11
--------------------------------
Statistics
LP:
 oracle calls            6753
   avg iterations/call   369.87
 total oracle time       7:02
Combinatorics:
 vertices added          2506
 facets probed           9086
 facets # max            5709
 memory allocated        8.17M
 instability warnings    48
 storage expansion
   vertices # / upto     20 / 2556
   facets   # / upto     2 / 8188
 facet manipulating
   added avg / max       18.38 / 134.00
   compressed            32
 number of ridge tests
   avg / max             66.81k / 585.23k
--------------------------------
Parameters with non-default values
 OracleItLimit=300000
 OracleTimeLimit=180
 VertexPoolSize=30
