I    5.12] Elapsed: 5.12, vertices: 4, facets final: 4, pending: 19
I   10.50] Elapsed: 10.50, vertices: 6, facets final: 15, pending: 23
I   15.58] Elapsed: 15.58, vertices: 8, facets final: 25, pending: 75
I   20.88] Elapsed: 20.88, vertices: 16, facets final: 28, pending: 351
I   26.31] Elapsed: 26.31, vertices: 28, facets final: 29, pending: 732
I   31.40] Elapsed: 31.40, vertices: 39, facets final: 32, pending: 1294
I   36.46] Elapsed: 36.46, vertices: 59, facets final: 32, pending: 2999
I   41.47] Elapsed: 41.47, vertices: 79, facets final: 32, pending: 5062
I   46.70] Elapsed: 46.70, vertices: 93, facets final: 32, pending: 6545
I   49.32] recalculating facets...
I   51.81] Elapsed: 51.81, vertices: 107, facets final: 34, pending: 8301
I   56.83] Elapsed: 56.83, vertices: 119, facets final: 34, pending: 9448
I   61.93] Elapsed: 1:02, vertices: 135, facets final: 34, pending: 10861
I   67.03] Elapsed: 1:07, vertices: 148, facets final: 35, pending: 12944
I   72.08] Elapsed: 1:12, vertices: 162, facets final: 35, pending: 14441
I   77.10] Elapsed: 1:17, vertices: 176, facets final: 35, pending: 15694
I   82.11] Elapsed: 1:22, vertices: 187, facets final: 35, pending: 17493
I   87.44] Elapsed: 1:27, vertices: 197, facets final: 35, pending: 18967
I   88.57] recalculating facets...
I   92.57] Elapsed: 1:33, vertices: 207, facets final: 35, pending: 20032
I   97.93] Elapsed: 1:38, vertices: 214, facets final: 38, pending: 21900
I  103.31] Elapsed: 1:43, vertices: 223, facets final: 38, pending: 23335
I  108.69] Elapsed: 1:49, vertices: 231, facets final: 40, pending: 23223
I  113.88] Elapsed: 1:54, vertices: 242, facets final: 43, pending: 23842
I  118.89] Elapsed: 1:59, vertices: 250, facets final: 43, pending: 24205
I  124.17] Elapsed: 2:04, vertices: 258, facets final: 43, pending: 24827
I  129.51] Elapsed: 2:10, vertices: 264, facets final: 43, pending: 25492
I  134.56] Elapsed: 2:15, vertices: 272, facets final: 43, pending: 25291
I  139.76] Elapsed: 2:20, vertices: 280, facets final: 43, pending: 26038
I  144.84] Elapsed: 2:25, vertices: 288, facets final: 43, pending: 26389
I  149.93] Elapsed: 2:30, vertices: 295, facets final: 44, pending: 26815
I  152.10] recalculating facets...
I  155.28] Elapsed: 2:35, vertices: 305, facets final: 44, pending: 27680
I  160.91] Elapsed: 2:41, vertices: 313, facets final: 44, pending: 27128
I  165.95] Elapsed: 2:46, vertices: 322, facets final: 44, pending: 27592
I  171.23] Elapsed: 2:51, vertices: 332, facets final: 44, pending: 27719
I  176.73] Elapsed: 2:57, vertices: 340, facets final: 44, pending: 28283
I  182.30] Elapsed: 3:02, vertices: 349, facets final: 44, pending: 28567
I  187.55] Elapsed: 3:08, vertices: 358, facets final: 44, pending: 29185
I  192.78] Elapsed: 3:13, vertices: 366, facets final: 44, pending: 29285
I  197.99] Elapsed: 3:18, vertices: 376, facets final: 44, pending: 29669
I  203.01] Elapsed: 3:23, vertices: 383, facets final: 44, pending: 29382
I  208.03] Elapsed: 3:28, vertices: 388, facets final: 44, pending: 29665
I  213.36] Elapsed: 3:33, vertices: 394, facets final: 44, pending: 29947
I  218.49] Elapsed: 3:38, vertices: 400, facets final: 45, pending: 30023
I  218.81] recalculating facets...
I  224.23] Elapsed: 3:44, vertices: 407, facets final: 45, pending: 30387
I  229.46] Elapsed: 3:49, vertices: 414, facets final: 45, pending: 30568
I  234.76] Elapsed: 3:55, vertices: 420, facets final: 45, pending: 30063
I  239.78] Elapsed: 4:00, vertices: 428, facets final: 46, pending: 30466
I  246.01] Elapsed: 4:06, vertices: 437, facets final: 46, pending: 30422
I  251.05] Elapsed: 4:11, vertices: 444, facets final: 46, pending: 30312
I  256.17] Elapsed: 4:16, vertices: 452, facets final: 46, pending: 30269
I  261.17] Elapsed: 4:21, vertices: 460, facets final: 47, pending: 30648
I  266.24] Elapsed: 4:26, vertices: 470, facets final: 47, pending: 30516
I  271.36] Elapsed: 4:31, vertices: 478, facets final: 50, pending: 30514
I  277.68] Elapsed: 4:38, vertices: 485, facets final: 51, pending: 30117
I  282.82] Elapsed: 4:43, vertices: 493, facets final: 52, pending: 29859
I  287.33] recalculating facets...
I  287.90] Elapsed: 4:48, vertices: 501, facets final: 52, pending: 30103
I  293.17] Elapsed: 4:53, vertices: 508, facets final: 52, pending: 30383
I  298.42] Elapsed: 4:58, vertices: 517, facets final: 52, pending: 30114
I  303.53] Elapsed: 5:04, vertices: 525, facets final: 52, pending: 29950
I  308.89] Elapsed: 5:09, vertices: 532, facets final: 53, pending: 29593
I  313.89] Elapsed: 5:14, vertices: 542, facets final: 54, pending: 29884
I  319.25] Elapsed: 5:19, vertices: 550, facets final: 54, pending: 29755
I  324.33] Elapsed: 5:24, vertices: 559, facets final: 54, pending: 29858
I  329.59] Elapsed: 5:30, vertices: 568, facets final: 55, pending: 30189
I  335.03] Elapsed: 5:35, vertices: 576, facets final: 55, pending: 30105
I  340.12] Elapsed: 5:40, vertices: 583, facets final: 55, pending: 29627
I  345.24] Elapsed: 5:45, vertices: 591, facets final: 55, pending: 28956
I  350.17] recalculating facets...
I  350.56] Elapsed: 5:51, vertices: 601, facets final: 55, pending: 28878
I  355.56] Elapsed: 5:56, vertices: 612, facets final: 55, pending: 28974
I  360.86] Elapsed: 6:01, vertices: 619, facets final: 55, pending: 29157
I  365.93] Elapsed: 6:06, vertices: 628, facets final: 56, pending: 29126
I  371.73] Elapsed: 6:12, vertices: 639, facets final: 57, pending: 28773
I  376.89] Elapsed: 6:17, vertices: 649, facets final: 57, pending: 28568
I  382.63] Elapsed: 6:23, vertices: 660, facets final: 58, pending: 28513
I  387.98] Elapsed: 6:28, vertices: 668, facets final: 59, pending: 28142
I  393.00] Elapsed: 6:33, vertices: 677, facets final: 59, pending: 28153
I  398.15] Elapsed: 6:38, vertices: 685, facets final: 59, pending: 28204
I  403.19] Elapsed: 6:43, vertices: 693, facets final: 60, pending: 28216
I  406.75] recalculating facets...
I  408.40] Elapsed: 6:48, vertices: 703, facets final: 60, pending: 28398
I  413.40] Elapsed: 6:53, vertices: 711, facets final: 62, pending: 28637
I  418.51] Elapsed: 6:59, vertices: 719, facets final: 64, pending: 28469
I  423.71] Elapsed: 7:04, vertices: 727, facets final: 64, pending: 28297
I  428.86] Elapsed: 7:09, vertices: 736, facets final: 67, pending: 28020
I  434.01] Elapsed: 7:14, vertices: 747, facets final: 69, pending: 27776
I  439.03] Elapsed: 7:19, vertices: 753, facets final: 71, pending: 28064
I  444.27] Elapsed: 7:24, vertices: 760, facets final: 74, pending: 27817
I  449.49] Elapsed: 7:29, vertices: 768, facets final: 74, pending: 27951
I  454.67] Elapsed: 7:35, vertices: 778, facets final: 75, pending: 27562
I  460.16] Elapsed: 7:40, vertices: 786, facets final: 75, pending: 27612
I  465.17] Elapsed: 7:45, vertices: 795, facets final: 76, pending: 27579
I  466.95] recalculating facets...
I  470.22] Elapsed: 7:50, vertices: 805, facets final: 78, pending: 27775
I  475.26] Elapsed: 7:55, vertices: 813, facets final: 79, pending: 27813
I  480.28] Elapsed: 8:00, vertices: 821, facets final: 79, pending: 27500
I  485.48] Elapsed: 8:05, vertices: 829, facets final: 79, pending: 27624
I  490.52] Elapsed: 8:11, vertices: 837, facets final: 80, pending: 27077
I  496.06] Elapsed: 8:16, vertices: 845, facets final: 81, pending: 27041
I  501.20] Elapsed: 8:21, vertices: 855, facets final: 82, pending: 27031
I  506.23] Elapsed: 8:26, vertices: 866, facets final: 83, pending: 26826
I  511.49] Elapsed: 8:31, vertices: 875, facets final: 85, pending: 26743
I  516.52] Elapsed: 8:37, vertices: 883, facets final: 85, pending: 26366
I  521.61] Elapsed: 8:42, vertices: 893, facets final: 87, pending: 26357
I  526.24] recalculating facets...
I  526.79] Elapsed: 8:47, vertices: 901, facets final: 88, pending: 26194
I  531.84] Elapsed: 8:52, vertices: 908, facets final: 90, pending: 26307
I  537.07] Elapsed: 8:57, vertices: 915, facets final: 91, pending: 25859
I  542.11] Elapsed: 9:02, vertices: 924, facets final: 92, pending: 25654
I  547.28] Elapsed: 9:07, vertices: 934, facets final: 92, pending: 25478
I  552.52] Elapsed: 9:13, vertices: 944, facets final: 93, pending: 25293
I  557.67] Elapsed: 9:18, vertices: 953, facets final: 94, pending: 25181
I  562.68] Elapsed: 9:23, vertices: 961, facets final: 94, pending: 25320
I  568.16] Elapsed: 9:28, vertices: 971, facets final: 94, pending: 25169
I  573.24] Elapsed: 9:33, vertices: 982, facets final: 95, pending: 24834
I  578.24] Elapsed: 9:38, vertices: 991, facets final: 99, pending: 24615
I  582.64] recalculating facets...
I  583.26] Elapsed: 9:43, vertices: 1001, facets final: 99, pending: 24590
I  588.63] Elapsed: 9:49, vertices: 1009, facets final: 101, pending: 24258
I  593.66] Elapsed: 9:54, vertices: 1020, facets final: 101, pending: 23938
I  598.68] Elapsed: 9:59, vertices: 1031, facets final: 101, pending: 23975
I  603.97] Elapsed: 10:04, vertices: 1040, facets final: 103, pending: 23817
I  609.12] Elapsed: 10:09, vertices: 1049, facets final: 105, pending: 23842
I  614.29] Elapsed: 10:14, vertices: 1061, facets final: 105, pending: 23588
I  619.32] Elapsed: 10:19, vertices: 1070, facets final: 110, pending: 23408
I  624.50] Elapsed: 10:25, vertices: 1081, facets final: 113, pending: 23354
I  629.51] Elapsed: 10:30, vertices: 1094, facets final: 115, pending: 23119
I  631.74] recalculating facets...
I  634.57] Elapsed: 10:35, vertices: 1104, facets final: 117, pending: 22996
I  639.81] Elapsed: 10:40, vertices: 1115, facets final: 119, pending: 22865
I  644.93] Elapsed: 10:45, vertices: 1127, facets final: 120, pending: 22589
I  649.95] Elapsed: 10:50, vertices: 1137, facets final: 121, pending: 22359
I  655.05] Elapsed: 10:55, vertices: 1148, facets final: 125, pending: 22116
I  660.15] Elapsed: 11:00, vertices: 1158, facets final: 125, pending: 21998
I  665.21] Elapsed: 11:05, vertices: 1169, facets final: 128, pending: 21795
I  670.35] Elapsed: 11:10, vertices: 1178, facets final: 128, pending: 21737
I  675.40] Elapsed: 11:15, vertices: 1189, facets final: 129, pending: 21539
I  680.72] Elapsed: 11:21, vertices: 1198, facets final: 130, pending: 21235
I  681.83] recalculating facets...
I  685.72] Elapsed: 11:26, vertices: 1206, facets final: 133, pending: 20928
I  690.95] Elapsed: 11:31, vertices: 1219, facets final: 134, pending: 20667
I  696.12] Elapsed: 11:36, vertices: 1232, facets final: 136, pending: 20435
I  701.24] Elapsed: 11:41, vertices: 1245, facets final: 137, pending: 20313
I  706.37] Elapsed: 11:46, vertices: 1256, facets final: 139, pending: 20214
I  711.38] Elapsed: 11:51, vertices: 1267, facets final: 141, pending: 19918
I  716.44] Elapsed: 11:56, vertices: 1275, facets final: 144, pending: 19734
I  721.45] Elapsed: 12:01, vertices: 1285, facets final: 146, pending: 19522
I  726.54] Elapsed: 12:07, vertices: 1294, facets final: 151, pending: 19391
I  728.99] recalculating facets...
I  731.71] Elapsed: 12:12, vertices: 1306, facets final: 154, pending: 19420
I  737.14] Elapsed: 12:17, vertices: 1317, facets final: 157, pending: 19348
I  742.29] Elapsed: 12:22, vertices: 1328, facets final: 160, pending: 19169
I  747.29] Elapsed: 12:27, vertices: 1340, facets final: 161, pending: 18613
I  752.41] Elapsed: 12:32, vertices: 1351, facets final: 162, pending: 18421
I  757.45] Elapsed: 12:37, vertices: 1364, facets final: 163, pending: 18104
I  762.59] Elapsed: 12:43, vertices: 1374, facets final: 169, pending: 18117
I  767.65] Elapsed: 12:48, vertices: 1387, facets final: 170, pending: 17874
I  772.66] Elapsed: 12:53, vertices: 1398, facets final: 173, pending: 17475
I  773.32] recalculating facets...
I  777.72] Elapsed: 12:58, vertices: 1411, facets final: 176, pending: 17220
I  782.86] Elapsed: 13:03, vertices: 1423, facets final: 180, pending: 17078
I  787.94] Elapsed: 13:08, vertices: 1438, facets final: 183, pending: 16902
I  793.06] Elapsed: 13:13, vertices: 1450, facets final: 185, pending: 16852
I  798.13] Elapsed: 13:18, vertices: 1461, facets final: 190, pending: 16861
I  803.24] Elapsed: 13:23, vertices: 1473, facets final: 193, pending: 16744
I  808.31] Elapsed: 13:28, vertices: 1483, facets final: 199, pending: 16440
I  813.31] Elapsed: 13:33, vertices: 1491, facets final: 204, pending: 16340
I  818.21] recalculating facets...
I  818.31] Elapsed: 13:38, vertices: 1501, facets final: 208, pending: 16116
I  823.31] Elapsed: 13:43, vertices: 1510, facets final: 214, pending: 16014
I  828.34] Elapsed: 13:48, vertices: 1520, facets final: 219, pending: 15958
I  833.39] Elapsed: 13:53, vertices: 1532, facets final: 224, pending: 15819
I  838.50] Elapsed: 13:59, vertices: 1539, facets final: 232, pending: 15768
I  843.63] Elapsed: 14:04, vertices: 1549, facets final: 241, pending: 15562
I  848.76] Elapsed: 14:09, vertices: 1563, facets final: 243, pending: 15321
I  853.79] Elapsed: 14:14, vertices: 1574, facets final: 246, pending: 15102
I  858.86] Elapsed: 14:19, vertices: 1584, facets final: 247, pending: 14993
I  864.03] Elapsed: 14:24, vertices: 1595, facets final: 254, pending: 14805
I  866.15] recalculating facets...
I  869.14] Elapsed: 14:29, vertices: 1608, facets final: 258, pending: 14640
I  874.20] Elapsed: 14:34, vertices: 1619, facets final: 263, pending: 14386
I  879.45] Elapsed: 14:39, vertices: 1630, facets final: 270, pending: 14149
I  884.48] Elapsed: 14:44, vertices: 1643, facets final: 275, pending: 14055
I  889.76] Elapsed: 14:50, vertices: 1655, facets final: 283, pending: 13987
I  894.81] Elapsed: 14:55, vertices: 1666, facets final: 287, pending: 13964
I  899.83] Elapsed: 15:00, vertices: 1676, facets final: 294, pending: 13783
I  905.11] Elapsed: 15:05, vertices: 1685, facets final: 301, pending: 13607
I  910.30] Elapsed: 15:10, vertices: 1698, facets final: 304, pending: 13515
I  911.12] recalculating facets...
I  915.37] Elapsed: 15:15, vertices: 1711, facets final: 307, pending: 13320
I  920.40] Elapsed: 15:20, vertices: 1725, facets final: 312, pending: 13145
I  925.44] Elapsed: 15:25, vertices: 1736, facets final: 318, pending: 12917
I  930.54] Elapsed: 15:31, vertices: 1747, facets final: 325, pending: 12794
I  935.55] Elapsed: 15:36, vertices: 1761, facets final: 329, pending: 12487
I  940.72] Elapsed: 15:41, vertices: 1775, facets final: 334, pending: 12388
I  945.80] Elapsed: 15:46, vertices: 1781, facets final: 342, pending: 12329
I  950.85] Elapsed: 15:51, vertices: 1793, facets final: 347, pending: 12211
I  954.75] recalculating facets...
I  955.94] Elapsed: 15:56, vertices: 1803, facets final: 353, pending: 12173
I  961.02] Elapsed: 16:01, vertices: 1817, facets final: 358, pending: 12011
I  966.28] Elapsed: 16:06, vertices: 1825, facets final: 367, pending: 11872
I  971.46] Elapsed: 16:11, vertices: 1837, facets final: 371, pending: 11783
I  976.52] Elapsed: 16:17, vertices: 1844, facets final: 379, pending: 11673
I  981.64] Elapsed: 16:22, vertices: 1853, facets final: 387, pending: 11569
I  986.65] Elapsed: 16:27, vertices: 1869, facets final: 390, pending: 11394
I  991.78] Elapsed: 16:32, vertices: 1879, facets final: 399, pending: 11307
I  996.92] Elapsed: 16:37, vertices: 1886, facets final: 411, pending: 11252
I 1002.03] Elapsed: 16:42, vertices: 1897, facets final: 418, pending: 11077
I 1002.87] recalculating facets...
I 1007.04] Elapsed: 16:47, vertices: 1908, facets final: 424, pending: 10911
I 1012.09] Elapsed: 16:52, vertices: 1920, facets final: 433, pending: 10766
I 1017.29] Elapsed: 16:57, vertices: 1933, facets final: 442, pending: 10625
I 1022.36] Elapsed: 17:02, vertices: 1942, facets final: 451, pending: 10618
I 1027.37] Elapsed: 17:07, vertices: 1955, facets final: 456, pending: 10517
I 1032.45] Elapsed: 17:12, vertices: 1965, facets final: 463, pending: 10405
I 1037.83] Elapsed: 17:18, vertices: 1975, facets final: 471, pending: 10324
I 1043.00] Elapsed: 17:23, vertices: 1984, facets final: 481, pending: 10213
I 1048.10] Elapsed: 17:28, vertices: 1997, facets final: 490, pending: 10038
I 1050.69] recalculating facets...
I 1053.24] Elapsed: 17:33, vertices: 2005, facets final: 498, pending: 9924
I 1058.55] Elapsed: 17:39, vertices: 2016, facets final: 506, pending: 9808
I 1063.77] Elapsed: 17:44, vertices: 2024, facets final: 514, pending: 9663
I 1068.93] Elapsed: 17:49, vertices: 2039, facets final: 520, pending: 9495
I 1074.22] Elapsed: 17:54, vertices: 2050, facets final: 528, pending: 9372
I 1079.28] Elapsed: 17:59, vertices: 2058, facets final: 539, pending: 9281
I 1084.36] Elapsed: 18:04, vertices: 2067, facets final: 549, pending: 9242
I 1089.76] Elapsed: 18:10, vertices: 2074, facets final: 557, pending: 9188
I 1094.92] Elapsed: 18:15, vertices: 2084, facets final: 568, pending: 9095
I 1100.16] Elapsed: 18:20, vertices: 2094, facets final: 577, pending: 9007
I 1105.25] Elapsed: 18:25, vertices: 2100, facets final: 589, pending: 8937
I 1105.25] recalculating facets...
I 1110.52] Elapsed: 18:31, vertices: 2106, facets final: 599, pending: 8891
I 1115.76] Elapsed: 18:36, vertices: 2114, facets final: 607, pending: 8781
I 1120.87] Elapsed: 18:41, vertices: 2119, facets final: 616, pending: 8770
I 1125.89] Elapsed: 18:46, vertices: 2127, facets final: 626, pending: 8695
I 1130.89] Elapsed: 18:51, vertices: 2136, facets final: 636, pending: 8672
I 1135.90] Elapsed: 18:56, vertices: 2144, facets final: 644, pending: 8559
I 1140.98] Elapsed: 19:01, vertices: 2155, facets final: 650, pending: 8449
I 1146.38] Elapsed: 19:06, vertices: 2163, facets final: 664, pending: 8391
I 1151.38] Elapsed: 19:11, vertices: 2167, facets final: 679, pending: 8319
I 1156.49] Elapsed: 19:16, vertices: 2172, facets final: 691, pending: 8270
I 1161.69] Elapsed: 19:22, vertices: 2179, facets final: 701, pending: 8198
I 1166.71] Elapsed: 19:27, vertices: 2187, facets final: 707, pending: 8184
I 1171.72] Elapsed: 19:32, vertices: 2196, facets final: 717, pending: 8103
I 1174.60] recalculating facets...
I 1176.98] Elapsed: 19:37, vertices: 2203, facets final: 729, pending: 8053
I 1182.08] Elapsed: 19:42, vertices: 2214, facets final: 736, pending: 8019
I 1187.18] Elapsed: 19:47, vertices: 2221, facets final: 746, pending: 7941
I 1192.26] Elapsed: 19:52, vertices: 2227, facets final: 757, pending: 7929
I 1197.41] Elapsed: 19:57, vertices: 2232, facets final: 769, pending: 7882
I 1202.73] Elapsed: 20:03, vertices: 2238, facets final: 780, pending: 7825
I 1207.77] Elapsed: 20:08, vertices: 2245, facets final: 792, pending: 7748
I 1212.77] Elapsed: 20:13, vertices: 2254, facets final: 806, pending: 7693
I 1217.84] Elapsed: 20:18, vertices: 2258, facets final: 822, pending: 7622
I 1223.02] Elapsed: 20:23, vertices: 2264, facets final: 836, pending: 7554
I 1228.14] Elapsed: 20:28, vertices: 2275, facets final: 846, pending: 7515
I 1233.33] Elapsed: 20:33, vertices: 2284, facets final: 861, pending: 7450
I 1238.43] Elapsed: 20:38, vertices: 2295, facets final: 870, pending: 7357
I 1241.65] recalculating facets...
I 1243.67] Elapsed: 20:44, vertices: 2301, facets final: 885, pending: 7300
I 1248.73] Elapsed: 20:49, vertices: 2309, facets final: 895, pending: 7232
I 1253.73] Elapsed: 20:54, vertices: 2317, facets final: 906, pending: 7206
I 1258.94] Elapsed: 20:59, vertices: 2321, facets final: 923, pending: 7136
I 1264.05] Elapsed: 21:04, vertices: 2327, facets final: 933, pending: 7099
I 1269.23] Elapsed: 21:09, vertices: 2336, facets final: 946, pending: 7032
I 1274.40] Elapsed: 21:14, vertices: 2340, facets final: 961, pending: 6998
I 1279.64] Elapsed: 21:20, vertices: 2344, facets final: 972, pending: 7004
I 1284.72] Elapsed: 21:25, vertices: 2355, facets final: 980, pending: 6891
I 1289.74] Elapsed: 21:30, vertices: 2363, facets final: 989, pending: 6790
I 1294.78] Elapsed: 21:35, vertices: 2367, facets final: 1004, pending: 6724
I 1300.00] Elapsed: 21:40, vertices: 2373, facets final: 1015, pending: 6658
I 1305.14] Elapsed: 21:45, vertices: 2380, facets final: 1027, pending: 6603
I 1310.27] Elapsed: 21:50, vertices: 2387, facets final: 1039, pending: 6574
I 1315.33] Elapsed: 21:55, vertices: 2397, facets final: 1049, pending: 6495
I 1320.23] recalculating facets...
I 1320.40] Elapsed: 22:00, vertices: 2401, facets final: 1064, pending: 6473
I 1325.58] Elapsed: 22:06, vertices: 2408, facets final: 1077, pending: 6381
I 1330.85] Elapsed: 22:11, vertices: 2414, facets final: 1086, pending: 6312
I 1335.95] Elapsed: 22:16, vertices: 2419, facets final: 1098, pending: 6261
I 1341.33] Elapsed: 22:21, vertices: 2421, facets final: 1116, pending: 6251
I 1346.54] Elapsed: 22:27, vertices: 2427, facets final: 1129, pending: 6225
I 1351.65] Elapsed: 22:32, vertices: 2431, facets final: 1145, pending: 6191
I 1356.80] Elapsed: 22:37, vertices: 2432, facets final: 1162, pending: 6161
I 1361.93] Elapsed: 22:42, vertices: 2438, facets final: 1176, pending: 6124
I 1366.96] Elapsed: 22:47, vertices: 2443, facets final: 1187, pending: 6088
I 1372.04] Elapsed: 22:52, vertices: 2447, facets final: 1198, pending: 6067
I 1377.11] Elapsed: 22:57, vertices: 2451, facets final: 1215, pending: 6049
I 1382.29] Elapsed: 23:02, vertices: 2455, facets final: 1231, pending: 6029
I 1387.49] Elapsed: 23:07, vertices: 2459, facets final: 1245, pending: 5987
I 1392.50] Elapsed: 23:13, vertices: 2470, facets final: 1255, pending: 5938
I 1397.54] Elapsed: 23:18, vertices: 2476, facets final: 1266, pending: 5884
I 1402.60] Elapsed: 23:23, vertices: 2486, facets final: 1272, pending: 5809
I 1407.61] Elapsed: 23:28, vertices: 2495, facets final: 1283, pending: 5742
I 1410.68] recalculating facets...
I 1412.65] Elapsed: 23:33, vertices: 2503, facets final: 1294, pending: 5694
I 1417.71] Elapsed: 23:38, vertices: 2510, facets final: 1305, pending: 5658
I 1422.76] Elapsed: 23:43, vertices: 2515, facets final: 1319, pending: 5633
I 1427.83] Elapsed: 23:48, vertices: 2518, facets final: 1335, pending: 5619
I 1433.03] Elapsed: 23:53, vertices: 2523, facets final: 1349, pending: 5526
I 1438.44] Elapsed: 23:58, vertices: 2529, facets final: 1362, pending: 5502
I 1443.59] Elapsed: 24:04, vertices: 2538, facets final: 1373, pending: 5448
I 1448.70] Elapsed: 24:09, vertices: 2542, facets final: 1388, pending: 5433
I 1453.87] Elapsed: 24:14, vertices: 2547, facets final: 1404, pending: 5412
I 1458.92] Elapsed: 24:19, vertices: 2550, facets final: 1418, pending: 5395
I 1464.00] Elapsed: 24:24, vertices: 2553, facets final: 1435, pending: 5362
I 1469.32] Elapsed: 24:29, vertices: 2560, facets final: 1448, pending: 5333
I 1474.34] Elapsed: 24:34, vertices: 2561, facets final: 1463, pending: 5320
I 1479.37] Elapsed: 24:39, vertices: 2568, facets final: 1477, pending: 5292
I 1484.42] Elapsed: 24:44, vertices: 2571, facets final: 1493, pending: 5252
I 1489.59] Elapsed: 24:50, vertices: 2572, facets final: 1511, pending: 5231
I 1494.77] Elapsed: 24:55, vertices: 2575, facets final: 1525, pending: 5204
I 1499.84] Elapsed: 25:00, vertices: 2582, facets final: 1536, pending: 5182
I 1504.93] Elapsed: 25:05, vertices: 2584, facets final: 1553, pending: 5154
I 1510.24] Elapsed: 25:10, vertices: 2589, facets final: 1566, pending: 5113
I 1515.28] Elapsed: 25:15, vertices: 2593, facets final: 1578, pending: 5091
I 1520.37] Elapsed: 25:20, vertices: 2600, facets final: 1588, pending: 5066
I 1522.17] recalculating facets...
I 1525.46] Elapsed: 25:25, vertices: 2602, facets final: 1605, pending: 5036
I 1530.69] Elapsed: 25:31, vertices: 2605, facets final: 1618, pending: 5021
I 1535.77] Elapsed: 25:36, vertices: 2609, facets final: 1630, pending: 4982
I 1540.87] Elapsed: 25:41, vertices: 2613, facets final: 1644, pending: 4957
I 1545.90] Elapsed: 25:46, vertices: 2614, facets final: 1661, pending: 4932
I 1551.33] Elapsed: 25:51, vertices: 2617, facets final: 1677, pending: 4896
I 1556.47] Elapsed: 25:56, vertices: 2620, facets final: 1689, pending: 4868
I 1561.81] Elapsed: 26:02, vertices: 2623, facets final: 1703, pending: 4843
I 1566.90] Elapsed: 26:07, vertices: 2625, facets final: 1720, pending: 4816
I 1572.52] Elapsed: 26:13, vertices: 2629, facets final: 1733, pending: 4790
I 1578.01] Elapsed: 26:18, vertices: 2634, facets final: 1744, pending: 4764
I 1583.25] Elapsed: 26:23, vertices: 2638, facets final: 1764, pending: 4746
I 1588.29] Elapsed: 26:28, vertices: 2643, facets final: 1776, pending: 4775
I 1593.47] Elapsed: 26:33, vertices: 2647, facets final: 1793, pending: 4740
I 1598.57] Elapsed: 26:39, vertices: 2652, facets final: 1809, pending: 4702
I 1603.94] Elapsed: 26:44, vertices: 2655, facets final: 1824, pending: 4686
I 1609.08] Elapsed: 26:49, vertices: 2658, facets final: 1841, pending: 4670
I 1614.26] Elapsed: 26:54, vertices: 2662, facets final: 1859, pending: 4645
I 1619.50] Elapsed: 27:00, vertices: 2667, facets final: 1874, pending: 4595
I 1624.75] Elapsed: 27:05, vertices: 2670, facets final: 1887, pending: 4575
I 1629.75] Elapsed: 27:10, vertices: 2670, facets final: 1900, pending: 4562
I 1634.96] Elapsed: 27:15, vertices: 2671, facets final: 1915, pending: 4546
I 1640.00] Elapsed: 27:20, vertices: 2675, facets final: 1930, pending: 4512
I 1645.27] Elapsed: 27:25, vertices: 2677, facets final: 1948, pending: 4489
I 1650.45] Elapsed: 27:30, vertices: 2684, facets final: 1959, pending: 4424
I 1655.66] Elapsed: 27:36, vertices: 2686, facets final: 1977, pending: 4402
I 1660.95] Elapsed: 27:41, vertices: 2691, facets final: 1992, pending: 4356
I 1666.28] Elapsed: 27:46, vertices: 2694, facets final: 2005, pending: 4330
I 1671.60] Elapsed: 27:52, vertices: 2698, facets final: 2019, pending: 4333
I 1676.66] Elapsed: 27:57, vertices: 2698, facets final: 2037, pending: 4315
I 1678.97] recalculating facets...
I 1681.73] Elapsed: 28:02, vertices: 2702, facets final: 2052, pending: 4275
I 1686.90] Elapsed: 28:07, vertices: 2705, facets final: 2069, pending: 4251
I 1692.05] Elapsed: 28:12, vertices: 2705, facets final: 2084, pending: 4236
I 1697.07] Elapsed: 28:17, vertices: 2706, facets final: 2104, pending: 4216
I 1702.21] Elapsed: 28:22, vertices: 2708, facets final: 2120, pending: 4197
I 1707.24] Elapsed: 28:27, vertices: 2709, facets final: 2135, pending: 4181
I 1712.31] Elapsed: 28:32, vertices: 2712, facets final: 2145, pending: 4153
I 1717.33] Elapsed: 28:37, vertices: 2714, facets final: 2161, pending: 4136
I 1722.42] Elapsed: 28:42, vertices: 2715, facets final: 2177, pending: 4119
I 1727.71] Elapsed: 28:48, vertices: 2720, facets final: 2194, pending: 4092
I 1733.03] Elapsed: 28:53, vertices: 2721, facets final: 2212, pending: 4073
I 1738.27] Elapsed: 28:58, vertices: 2725, facets final: 2234, pending: 4037
I 1743.43] Elapsed: 29:03, vertices: 2726, facets final: 2247, pending: 4021
I 1748.45] Elapsed: 29:08, vertices: 2726, facets final: 2265, pending: 4003
I 1753.57] Elapsed: 29:14, vertices: 2729, facets final: 2281, pending: 3978
I 1758.79] Elapsed: 29:19, vertices: 2735, facets final: 2297, pending: 3940
I 1763.84] Elapsed: 29:24, vertices: 2738, facets final: 2315, pending: 3915
I 1768.88] Elapsed: 29:29, vertices: 2741, facets final: 2331, pending: 3884
I 1774.20] Elapsed: 29:34, vertices: 2749, facets final: 2344, pending: 3879
I 1779.20] Elapsed: 29:39, vertices: 2754, facets final: 2358, pending: 3891
I 1784.22] Elapsed: 29:44, vertices: 2758, facets final: 2373, pending: 3857
I 1789.32] Elapsed: 29:49, vertices: 2759, facets final: 2390, pending: 3842
I 1794.58] Elapsed: 29:55, vertices: 2763, facets final: 2406, pending: 3819
I 1799.74] Elapsed: 30:00, vertices: 2764, facets final: 2424, pending: 3801
I 1804.77] Elapsed: 30:05, vertices: 2766, facets final: 2443, pending: 3785
I 1809.88] Elapsed: 30:10, vertices: 2769, facets final: 2457, pending: 3766
I 1814.93] Elapsed: 30:15, vertices: 2770, facets final: 2480, pending: 3742
I 1820.10] Elapsed: 30:20, vertices: 2772, facets final: 2498, pending: 3717
I 1825.60] Elapsed: 30:26, vertices: 2775, facets final: 2518, pending: 3688
I 1830.83] Elapsed: 30:31, vertices: 2776, facets final: 2541, pending: 3668
I 1835.98] Elapsed: 30:36, vertices: 2779, facets final: 2563, pending: 3639
I 1841.22] Elapsed: 30:41, vertices: 2784, facets final: 2577, pending: 3604
I 1846.25] Elapsed: 30:46, vertices: 2787, facets final: 2595, pending: 3569
I 1851.36] Elapsed: 30:51, vertices: 2790, facets final: 2621, pending: 3521
I 1856.43] Elapsed: 30:56, vertices: 2793, facets final: 2637, pending: 3501
I 1861.51] Elapsed: 31:02, vertices: 2796, facets final: 2651, pending: 3476
I 1866.71] Elapsed: 31:07, vertices: 2796, facets final: 2669, pending: 3458
I 1871.74] Elapsed: 31:12, vertices: 2796, facets final: 2684, pending: 3443
I 1877.16] Elapsed: 31:17, vertices: 2798, facets final: 2702, pending: 3423
I 1882.18] Elapsed: 31:22, vertices: 2800, facets final: 2726, pending: 3388
I 1882.18] recalculating facets...
I 1887.42] Elapsed: 31:27, vertices: 2805, facets final: 2739, pending: 3358
I 1892.54] Elapsed: 31:33, vertices: 2812, facets final: 2754, pending: 3328
I 1897.57] Elapsed: 31:38, vertices: 2813, facets final: 2772, pending: 3309
I 1902.89] Elapsed: 31:43, vertices: 2818, facets final: 2788, pending: 3287
I 1908.07] Elapsed: 31:48, vertices: 2824, facets final: 2801, pending: 3250
I 1913.22] Elapsed: 31:53, vertices: 2830, facets final: 2819, pending: 3210
I 1918.28] Elapsed: 31:58, vertices: 2834, facets final: 2832, pending: 3181
I 1923.40] Elapsed: 32:03, vertices: 2838, facets final: 2850, pending: 3156
I 1928.46] Elapsed: 32:08, vertices: 2843, facets final: 2862, pending: 3137
I 1933.69] Elapsed: 32:14, vertices: 2846, facets final: 2884, pending: 3134
I 1938.69] Elapsed: 32:19, vertices: 2848, facets final: 2901, pending: 3113
I 1943.79] Elapsed: 32:24, vertices: 2851, facets final: 2920, pending: 3076
I 1948.93] Elapsed: 32:29, vertices: 2855, facets final: 2937, pending: 3045
I 1954.13] Elapsed: 32:34, vertices: 2857, facets final: 2957, pending: 3019
I 1959.15] Elapsed: 32:39, vertices: 2861, facets final: 2975, pending: 2993
I 1964.39] Elapsed: 32:44, vertices: 2864, facets final: 2991, pending: 2972
I 1969.40] Elapsed: 32:49, vertices: 2866, facets final: 3014, pending: 2946
I 1974.66] Elapsed: 32:55, vertices: 2871, facets final: 3029, pending: 2922
I 1979.68] Elapsed: 33:00, vertices: 2873, facets final: 3048, pending: 2908
I 1984.93] Elapsed: 33:05, vertices: 2876, facets final: 3066, pending: 2882
I 1990.00] Elapsed: 33:10, vertices: 2882, facets final: 3084, pending: 2850
I 1995.22] Elapsed: 33:15, vertices: 2886, facets final: 3099, pending: 2825
I 2000.44] Elapsed: 33:20, vertices: 2891, facets final: 3116, pending: 2791
I 2005.47] Elapsed: 33:25, vertices: 2892, facets final: 3134, pending: 2771
I 2010.71] Elapsed: 33:31, vertices: 2893, facets final: 3154, pending: 2742
I 2015.90] Elapsed: 33:36, vertices: 2900, facets final: 3171, pending: 2708
I 2016.11] recalculating facets...
I 2021.18] Elapsed: 33:41, vertices: 2906, facets final: 3191, pending: 2688
I 2026.25] Elapsed: 33:46, vertices: 2912, facets final: 3208, pending: 2648
I 2031.43] Elapsed: 33:51, vertices: 2913, facets final: 3231, pending: 2620
I 2036.44] Elapsed: 33:56, vertices: 2922, facets final: 3244, pending: 2589
I 2041.90] Elapsed: 34:02, vertices: 2926, facets final: 3264, pending: 2558
I 2047.13] Elapsed: 34:07, vertices: 2928, facets final: 3280, pending: 2533
I 2052.26] Elapsed: 34:12, vertices: 2931, facets final: 3296, pending: 2512
I 2057.31] Elapsed: 34:17, vertices: 2932, facets final: 3319, pending: 2500
I 2062.48] Elapsed: 34:22, vertices: 2935, facets final: 3335, pending: 2475
I 2067.68] Elapsed: 34:28, vertices: 2940, facets final: 3348, pending: 2451
I 2072.68] Elapsed: 34:33, vertices: 2943, facets final: 3367, pending: 2427
I 2078.03] Elapsed: 34:38, vertices: 2946, facets final: 3386, pending: 2402
I 2083.04] Elapsed: 34:43, vertices: 2949, facets final: 3406, pending: 2380
I 2088.14] Elapsed: 34:48, vertices: 2953, facets final: 3428, pending: 2339
I 2093.23] Elapsed: 34:53, vertices: 2954, facets final: 3449, pending: 2315
I 2098.40] Elapsed: 34:58, vertices: 2960, facets final: 3468, pending: 2283
I 2103.51] Elapsed: 35:04, vertices: 2960, facets final: 3488, pending: 2263
I 2108.60] Elapsed: 35:09, vertices: 2961, facets final: 3505, pending: 2242
I 2113.76] Elapsed: 35:14, vertices: 2964, facets final: 3521, pending: 2230
I 2118.78] Elapsed: 35:19, vertices: 2969, facets final: 3538, pending: 2216
I 2123.84] Elapsed: 35:24, vertices: 2972, facets final: 3555, pending: 2195
I 2128.98] Elapsed: 35:29, vertices: 2978, facets final: 3566, pending: 2176
I 2134.00] Elapsed: 35:34, vertices: 2984, facets final: 3576, pending: 2161
I 2139.14] Elapsed: 35:39, vertices: 2984, facets final: 3597, pending: 2140
I 2144.46] Elapsed: 35:44, vertices: 2986, facets final: 3612, pending: 2124
I 2149.57] Elapsed: 35:50, vertices: 2994, facets final: 3625, pending: 2098
I 2154.79] Elapsed: 35:55, vertices: 2999, facets final: 3642, pending: 2071
I 2157.29] recalculating facets...
I 2159.82] Elapsed: 36:00, vertices: 3004, facets final: 3659, pending: 2040
I 2165.13] Elapsed: 36:05, vertices: 3005, facets final: 3672, pending: 2025
I 2170.27] Elapsed: 36:10, vertices: 3010, facets final: 3687, pending: 2004
I 2175.37] Elapsed: 36:15, vertices: 3017, facets final: 3703, pending: 1978
I 2180.62] Elapsed: 36:21, vertices: 3018, facets final: 3717, pending: 1960
I 2185.73] Elapsed: 36:26, vertices: 3020, facets final: 3737, pending: 1936
I 2190.88] Elapsed: 36:31, vertices: 3021, facets final: 3761, pending: 1911
I 2196.28] Elapsed: 36:36, vertices: 3022, facets final: 3779, pending: 1889
I 2201.67] Elapsed: 36:42, vertices: 3028, facets final: 3792, pending: 1870
I 2206.88] Elapsed: 36:47, vertices: 3035, facets final: 3804, pending: 1835
I 2212.30] Elapsed: 36:52, vertices: 3038, facets final: 3821, pending: 1810
I 2217.53] Elapsed: 36:58, vertices: 3041, facets final: 3836, pending: 1789
I 2222.79] Elapsed: 37:03, vertices: 3048, facets final: 3852, pending: 1765
I 2228.02] Elapsed: 37:08, vertices: 3048, facets final: 3869, pending: 1748
I 2233.33] Elapsed: 37:13, vertices: 3049, facets final: 3886, pending: 1745
I 2238.40] Elapsed: 37:18, vertices: 3049, facets final: 3900, pending: 1731
I 2243.43] Elapsed: 37:23, vertices: 3049, facets final: 3913, pending: 1718
I 2248.46] Elapsed: 37:28, vertices: 3049, facets final: 3930, pending: 1701
I 2253.62] Elapsed: 37:34, vertices: 3049, facets final: 3953, pending: 1678
I 2258.69] Elapsed: 37:39, vertices: 3049, facets final: 3974, pending: 1657
I 2263.76] Elapsed: 37:44, vertices: 3049, facets final: 3992, pending: 1639
I 2268.79] Elapsed: 37:49, vertices: 3049, facets final: 4011, pending: 1620
I 2273.86] Elapsed: 37:54, vertices: 3049, facets final: 4033, pending: 1598
I 2279.11] Elapsed: 37:59, vertices: 3050, facets final: 4056, pending: 1564
I 2284.38] Elapsed: 38:04, vertices: 3050, facets final: 4079, pending: 1541
I 2289.45] Elapsed: 38:09, vertices: 3050, facets final: 4105, pending: 1515
I 2294.60] Elapsed: 38:15, vertices: 3050, facets final: 4128, pending: 1492
I 2299.82] Elapsed: 38:20, vertices: 3050, facets final: 4146, pending: 1474
I 2304.82] Elapsed: 38:25, vertices: 3050, facets final: 4167, pending: 1453
I 2310.04] Elapsed: 38:30, vertices: 3050, facets final: 4195, pending: 1425
I 2315.16] Elapsed: 38:35, vertices: 3050, facets final: 4217, pending: 1403
I 2320.20] Elapsed: 38:40, vertices: 3050, facets final: 4235, pending: 1385
I 2325.24] Elapsed: 38:45, vertices: 3050, facets final: 4256, pending: 1364
I 2330.27] Elapsed: 38:50, vertices: 3050, facets final: 4282, pending: 1338
I 2335.40] Elapsed: 38:55, vertices: 3050, facets final: 4297, pending: 1323
I 2340.47] Elapsed: 39:00, vertices: 3050, facets final: 4319, pending: 1301
I 2345.57] Elapsed: 39:06, vertices: 3050, facets final: 4344, pending: 1276
I 2350.74] Elapsed: 39:11, vertices: 3050, facets final: 4364, pending: 1256
I 2355.79] Elapsed: 39:16, vertices: 3050, facets final: 4382, pending: 1238
I 2360.95] Elapsed: 39:21, vertices: 3050, facets final: 4396, pending: 1224
I 2366.35] Elapsed: 39:26, vertices: 3050, facets final: 4420, pending: 1200
I 2371.61] Elapsed: 39:32, vertices: 3050, facets final: 4442, pending: 1178
I 2376.78] Elapsed: 39:37, vertices: 3050, facets final: 4465, pending: 1155
I 2381.83] Elapsed: 39:42, vertices: 3050, facets final: 4488, pending: 1132
I 2387.00] Elapsed: 39:47, vertices: 3050, facets final: 4511, pending: 1109
I 2392.19] Elapsed: 39:52, vertices: 3050, facets final: 4537, pending: 1083
I 2397.40] Elapsed: 39:57, vertices: 3050, facets final: 4556, pending: 1064
I 2402.56] Elapsed: 40:03, vertices: 3050, facets final: 4581, pending: 1039
I 2407.84] Elapsed: 40:08, vertices: 3050, facets final: 4605, pending: 1015
I 2413.04] Elapsed: 40:13, vertices: 3050, facets final: 4632, pending: 988
I 2418.08] Elapsed: 40:18, vertices: 3050, facets final: 4652, pending: 968
I 2423.46] Elapsed: 40:23, vertices: 3050, facets final: 4674, pending: 946
I 2428.65] Elapsed: 40:29, vertices: 3050, facets final: 4694, pending: 926
I 2433.70] Elapsed: 40:34, vertices: 3050, facets final: 4716, pending: 904
I 2438.91] Elapsed: 40:39, vertices: 3050, facets final: 4734, pending: 886
I 2443.93] Elapsed: 40:44, vertices: 3050, facets final: 4753, pending: 867
I 2449.02] Elapsed: 40:49, vertices: 3050, facets final: 4772, pending: 848
I 2454.04] Elapsed: 40:54, vertices: 3050, facets final: 4790, pending: 830
I 2459.13] Elapsed: 40:59, vertices: 3050, facets final: 4809, pending: 811
I 2464.13] Elapsed: 41:04, vertices: 3050, facets final: 4828, pending: 792
I 2469.14] Elapsed: 41:09, vertices: 3050, facets final: 4852, pending: 768
I 2474.42] Elapsed: 41:14, vertices: 3050, facets final: 4874, pending: 746
I 2479.47] Elapsed: 41:19, vertices: 3050, facets final: 4892, pending: 728
I 2484.71] Elapsed: 41:25, vertices: 3050, facets final: 4909, pending: 711
I 2490.06] Elapsed: 41:30, vertices: 3050, facets final: 4925, pending: 695
I 2495.09] Elapsed: 41:35, vertices: 3050, facets final: 4946, pending: 674
I 2500.25] Elapsed: 41:40, vertices: 3050, facets final: 4967, pending: 653
I 2505.38] Elapsed: 41:45, vertices: 3050, facets final: 4986, pending: 634
I 2510.55] Elapsed: 41:51, vertices: 3050, facets final: 5009, pending: 611
I 2515.75] Elapsed: 41:56, vertices: 3050, facets final: 5032, pending: 588
I 2520.80] Elapsed: 42:01, vertices: 3050, facets final: 5049, pending: 571
I 2525.80] Elapsed: 42:06, vertices: 3050, facets final: 5070, pending: 550
I 2530.94] Elapsed: 42:11, vertices: 3050, facets final: 5091, pending: 529
I 2535.96] Elapsed: 42:16, vertices: 3050, facets final: 5115, pending: 505
I 2541.07] Elapsed: 42:21, vertices: 3050, facets final: 5134, pending: 486
I 2546.27] Elapsed: 42:26, vertices: 3050, facets final: 5153, pending: 467
I 2551.41] Elapsed: 42:31, vertices: 3050, facets final: 5176, pending: 444
I 2556.52] Elapsed: 42:37, vertices: 3050, facets final: 5195, pending: 425
I 2561.81] Elapsed: 42:42, vertices: 3050, facets final: 5214, pending: 406
I 2567.18] Elapsed: 42:47, vertices: 3050, facets final: 5242, pending: 378
I 2572.18] Elapsed: 42:52, vertices: 3051, facets final: 5267, pending: 358
I 2577.26] Elapsed: 42:57, vertices: 3051, facets final: 5288, pending: 337
I 2582.30] Elapsed: 43:02, vertices: 3051, facets final: 5308, pending: 317
I 2587.56] Elapsed: 43:08, vertices: 3051, facets final: 5328, pending: 297
I 2592.59] Elapsed: 43:13, vertices: 3051, facets final: 5344, pending: 281
I 2597.60] Elapsed: 43:18, vertices: 3051, facets final: 5364, pending: 261
I 2602.61] Elapsed: 43:23, vertices: 3051, facets final: 5384, pending: 241
I 2607.74] Elapsed: 43:28, vertices: 3051, facets final: 5406, pending: 219
I 2612.78] Elapsed: 43:33, vertices: 3051, facets final: 5431, pending: 194
I 2618.00] Elapsed: 43:38, vertices: 3051, facets final: 5450, pending: 175
I 2623.00] Elapsed: 43:43, vertices: 3051, facets final: 5472, pending: 153
I 2628.21] Elapsed: 43:48, vertices: 3051, facets final: 5488, pending: 137
I 2633.41] Elapsed: 43:53, vertices: 3051, facets final: 5513, pending: 112
I 2638.46] Elapsed: 43:58, vertices: 3051, facets final: 5536, pending: 89
I 2643.75] Elapsed: 44:04, vertices: 3051, facets final: 5561, pending: 64
I 2648.82] Elapsed: 44:09, vertices: 3051, facets final: 5581, pending: 44
I 2654.07] Elapsed: 44:14, vertices: 3051, facets final: 5599, pending: 26
I 2659.23] Elapsed: 44:19, vertices: 3051, facets final: 5620, pending: 5
I 2660.97] Elapsed: 44:21, vertices: 3051, facets final: 5625, pending: 0

--------------------------------
Problem completed
 name                    27.vlp
 output                  copy/vlp/27.res
 rows, cols, objs        366, 3909, 10
 vertices, facets        3051, 5625
 total time              44:21
--------------------------------
Statistics
LP:
 oracle calls            8676
   avg iterations/calls  524.01
 total oracle time       36:36
Combinatorics:
 vertices added          3051
 facets probed           8676
 facets # max            30856
 memory allocated        30.89M
 storage expansion
   vertices # / upto     24 / 3068
   facets   # / upto     8 / 32764
 facet manipulating
   added avg / max       139.74 / 2.16k
   compressed            152
 number of ridge tests
   avg / max             3.03M / 50.28M
