C copy string: rs=cd:ab;t=a:bcr;u=a:bcrt;v=b:ads;w=b:adsv
I    5.27] Elapsed: 5.27, vertices: 1, facets final: 1, pending: 9
I   11.43] Elapsed: 11.43, vertices: 2, facets final: 2, pending: 17
I   18.24] Elapsed: 18.24, vertices: 4, facets final: 2, pending: 26
Warning: numerical instability (primal simplex, phase II)
I   25.57] Elapsed: 25.57, vertices: 6, facets final: 3, pending: 50
Warning: numerical instability (primal simplex, phase II)
I   31.30] Elapsed: 31.30, vertices: 8, facets final: 3, pending: 79
I   36.43] Elapsed: 36.43, vertices: 9, facets final: 4, pending: 98
I   42.02] Elapsed: 42.02, vertices: 11, facets final: 4, pending: 136
I   48.56] Elapsed: 48.56, vertices: 14, facets final: 5, pending: 179
I   54.81] Elapsed: 54.81, vertices: 17, facets final: 6, pending: 229
I   60.38] Elapsed: 1:00, vertices: 19, facets final: 8, pending: 262
I   66.90] Elapsed: 1:07, vertices: 21, facets final: 8, pending: 282
I   73.50] Elapsed: 1:14, vertices: 23, facets final: 9, pending: 302
I   79.00] Elapsed: 1:19, vertices: 25, facets final: 11, pending: 365
I   84.56] Elapsed: 1:25, vertices: 26, facets final: 13, pending: 388
I   91.18] Elapsed: 1:31, vertices: 28, facets final: 14, pending: 413
I   98.59] Elapsed: 1:39, vertices: 31, facets final: 15, pending: 470
I  104.62] Elapsed: 1:45, vertices: 33, facets final: 16, pending: 475
I  110.60] Elapsed: 1:51, vertices: 36, facets final: 17, pending: 523
I  116.61] Elapsed: 1:57, vertices: 37, facets final: 19, pending: 550
I  123.28] Elapsed: 2:03, vertices: 40, facets final: 20, pending: 619
I  128.34] Elapsed: 2:08, vertices: 42, facets final: 20, pending: 668
I  135.00] Elapsed: 2:15, vertices: 44, facets final: 21, pending: 681
I  140.86] Elapsed: 2:21, vertices: 45, facets final: 23, pending: 707
I  147.47] Elapsed: 2:27, vertices: 47, facets final: 25, pending: 680
I  152.86] Elapsed: 2:33, vertices: 49, facets final: 26, pending: 738
I  159.99] Elapsed: 2:40, vertices: 51, facets final: 27, pending: 766
I  166.43] Elapsed: 2:46, vertices: 52, facets final: 28, pending: 777
I  172.49] Elapsed: 2:52, vertices: 55, facets final: 29, pending: 788
I  178.24] Elapsed: 2:58, vertices: 56, facets final: 31, pending: 787
I  184.09] Elapsed: 3:04, vertices: 58, facets final: 31, pending: 842
I  189.28] Elapsed: 3:09, vertices: 60, facets final: 33, pending: 876
I  195.30] Elapsed: 3:15, vertices: 61, facets final: 37, pending: 860
I  201.31] Elapsed: 3:21, vertices: 61, facets final: 41, pending: 856
I  207.75] Elapsed: 3:28, vertices: 62, facets final: 44, pending: 870
I  213.66] Elapsed: 3:34, vertices: 64, facets final: 47, pending: 927
Warning: numerical instability (primal simplex, phase II)
I  219.12] Elapsed: 3:39, vertices: 64, facets final: 48, pending: 926
I  225.30] Elapsed: 3:45, vertices: 65, facets final: 50, pending: 930
I  230.97] Elapsed: 3:51, vertices: 67, facets final: 52, pending: 936
I  236.41] Elapsed: 3:56, vertices: 69, facets final: 55, pending: 940
I  243.05] Elapsed: 4:03, vertices: 71, facets final: 59, pending: 987
I  248.89] Elapsed: 4:09, vertices: 73, facets final: 61, pending: 1005
I  254.52] Elapsed: 4:15, vertices: 75, facets final: 62, pending: 1006
I  259.63] Elapsed: 4:20, vertices: 77, facets final: 63, pending: 1040
I  266.69] Elapsed: 4:27, vertices: 79, facets final: 63, pending: 1053
I  272.15] Elapsed: 4:32, vertices: 82, facets final: 64, pending: 1113
I  277.91] Elapsed: 4:38, vertices: 83, facets final: 66, pending: 1117
I  283.16] Elapsed: 4:43, vertices: 85, facets final: 68, pending: 1152
I  289.33] Elapsed: 4:49, vertices: 87, facets final: 70, pending: 1174
I  294.53] Elapsed: 4:55, vertices: 88, facets final: 72, pending: 1190
Warning: numerical instability (primal simplex, phase II)
I  301.78] Elapsed: 5:02, vertices: 88, facets final: 74, pending: 1188
I  308.07] Elapsed: 5:08, vertices: 89, facets final: 75, pending: 1173
I  313.10] Elapsed: 5:13, vertices: 89, facets final: 79, pending: 1169
I  318.49] Elapsed: 5:18, vertices: 91, facets final: 82, pending: 1218
I  325.32] Elapsed: 5:25, vertices: 92, facets final: 85, pending: 1233
I  331.06] Elapsed: 5:31, vertices: 92, facets final: 88, pending: 1230
I  337.12] Elapsed: 5:37, vertices: 93, facets final: 89, pending: 1233
I  343.71] Elapsed: 5:44, vertices: 94, facets final: 93, pending: 1243
I  349.72] Elapsed: 5:50, vertices: 95, facets final: 96, pending: 1223
I  355.40] Elapsed: 5:55, vertices: 95, facets final: 98, pending: 1221
I  362.25] Elapsed: 6:02, vertices: 97, facets final: 99, pending: 1239
I  369.47] Elapsed: 6:09, vertices: 97, facets final: 101, pending: 1237
Warning: numerical instability (primal simplex, phase II)
I  375.64] Elapsed: 6:16, vertices: 99, facets final: 103, pending: 1275
I  377.56] recalculating facets...
I  381.16] Elapsed: 6:21, vertices: 101, facets final: 105, pending: 1316
I  386.16] Elapsed: 6:26, vertices: 103, facets final: 105, pending: 1329
I  391.81] Elapsed: 6:32, vertices: 106, facets final: 106, pending: 1363
Warning: numerical instability (primal simplex, phase II)
I  398.16] Elapsed: 6:38, vertices: 110, facets final: 107, pending: 1407
Warning: numerical instability (primal simplex, phase II)
I  406.25] Elapsed: 6:46, vertices: 114, facets final: 109, pending: 1431
I  411.80] Elapsed: 6:52, vertices: 115, facets final: 111, pending: 1446
I  417.31] Elapsed: 6:57, vertices: 116, facets final: 113, pending: 1438
I  423.10] Elapsed: 7:03, vertices: 119, facets final: 114, pending: 1441
I  429.21] Elapsed: 7:09, vertices: 120, facets final: 117, pending: 1445
Warning: numerical instability (primal simplex, phase II)
Warning: numerical instability (primal simplex, phase II)
I  435.41] Elapsed: 7:15, vertices: 123, facets final: 117, pending: 1457
Warning: numerical instability (primal simplex, phase II)
Warning: numerical instability (primal simplex, phase II)
I  442.08] Elapsed: 7:22, vertices: 124, facets final: 119, pending: 1473
I  448.33] Elapsed: 7:28, vertices: 124, facets final: 124, pending: 1468
I  453.63] Elapsed: 7:34, vertices: 126, facets final: 125, pending: 1493
I  459.99] Elapsed: 7:40, vertices: 128, facets final: 126, pending: 1551
I  466.01] Elapsed: 7:46, vertices: 131, facets final: 128, pending: 1537
Warning: numerical instability (primal simplex, phase II)
I  471.20] Elapsed: 7:51, vertices: 134, facets final: 129, pending: 1566
I  476.21] Elapsed: 7:56, vertices: 134, facets final: 131, pending: 1564
I  482.32] Elapsed: 8:02, vertices: 138, facets final: 132, pending: 1505
I  489.02] Elapsed: 8:09, vertices: 139, facets final: 136, pending: 1513
I  494.32] Elapsed: 8:14, vertices: 140, facets final: 139, pending: 1522
I  499.89] Elapsed: 8:20, vertices: 142, facets final: 139, pending: 1519
I  506.20] Elapsed: 8:26, vertices: 145, facets final: 140, pending: 1568
I  512.17] Elapsed: 8:32, vertices: 145, facets final: 142, pending: 1566
I  518.58] Elapsed: 8:39, vertices: 148, facets final: 143, pending: 1589
I  524.11] Elapsed: 8:44, vertices: 150, facets final: 145, pending: 1612
I  529.66] Elapsed: 8:50, vertices: 152, facets final: 148, pending: 1606
I  534.87] Elapsed: 8:55, vertices: 154, facets final: 149, pending: 1614
I  540.28] Elapsed: 9:00, vertices: 158, facets final: 149, pending: 1632
I  547.11] Elapsed: 9:07, vertices: 161, facets final: 151, pending: 1658
I  552.80] Elapsed: 9:13, vertices: 161, facets final: 153, pending: 1656
I  560.70] Elapsed: 9:21, vertices: 165, facets final: 153, pending: 1649
Warning: numerical instability (primal simplex, phase II)
I  565.77] Elapsed: 9:26, vertices: 167, facets final: 153, pending: 1679
I  571.11] Elapsed: 9:31, vertices: 171, facets final: 155, pending: 1695
I  576.63] Elapsed: 9:37, vertices: 171, facets final: 159, pending: 1691
I  582.38] Elapsed: 9:42, vertices: 174, facets final: 160, pending: 1687
Warning: numerical instability (primal simplex, phase II)
Warning: numerical instability (primal simplex, phase II)
Warning: numerical instability (primal simplex, phase I)
I  587.45] Elapsed: 9:47, vertices: 175, facets final: 162, pending: 1690
I  593.20] Elapsed: 9:53, vertices: 177, facets final: 165, pending: 1664
I  598.55] Elapsed: 9:59, vertices: 178, facets final: 166, pending: 1670
I  604.12] Elapsed: 10:04, vertices: 181, facets final: 169, pending: 1674
I  610.02] Elapsed: 10:10, vertices: 183, facets final: 171, pending: 1667
I  616.93] Elapsed: 10:17, vertices: 184, facets final: 175, pending: 1662
I  622.02] Elapsed: 10:22, vertices: 186, facets final: 177, pending: 1662
I  631.31] Elapsed: 10:31, vertices: 187, facets final: 179, pending: 1672
I  636.73] Elapsed: 10:37, vertices: 189, facets final: 181, pending: 1665
I  643.16] Elapsed: 10:43, vertices: 192, facets final: 183, pending: 1654
I  648.20] Elapsed: 10:48, vertices: 193, facets final: 184, pending: 1650
I  653.23] Elapsed: 10:53, vertices: 195, facets final: 186, pending: 1639
Warning: numerical instability (primal simplex, phase II)
I  659.74] Elapsed: 11:00, vertices: 196, facets final: 189, pending: 1635
I  665.99] Elapsed: 11:06, vertices: 199, facets final: 191, pending: 1669
I  672.19] Elapsed: 11:12, vertices: 200, facets final: 194, pending: 1686
I  674.49] recalculating facets...
I  677.21] Elapsed: 11:17, vertices: 201, facets final: 196, pending: 1690
I  682.58] Elapsed: 11:23, vertices: 202, facets final: 197, pending: 1681
I  688.88] Elapsed: 11:29, vertices: 205, facets final: 198, pending: 1661
I  694.90] Elapsed: 11:35, vertices: 206, facets final: 200, pending: 1655
Warning: numerical instability (primal simplex, phase II)
I  699.94] Elapsed: 11:40, vertices: 208, facets final: 200, pending: 1641
I  704.97] Elapsed: 11:45, vertices: 209, facets final: 203, pending: 1654
I  711.09] Elapsed: 11:51, vertices: 211, facets final: 206, pending: 1654
Warning: numerical instability (primal simplex, phase II)
I  716.69] Elapsed: 11:57, vertices: 213, facets final: 209, pending: 1662
I  723.12] Elapsed: 12:03, vertices: 215, facets final: 212, pending: 1675
I  729.18] Elapsed: 12:09, vertices: 216, facets final: 214, pending: 1639
I  736.62] Elapsed: 12:17, vertices: 217, facets final: 217, pending: 1613
Warning: numerical instability (primal simplex, phase II)
I  741.62] Elapsed: 12:22, vertices: 217, facets final: 219, pending: 1611
I  747.39] Elapsed: 12:27, vertices: 219, facets final: 220, pending: 1614
I  753.16] Elapsed: 12:33, vertices: 221, facets final: 222, pending: 1605
I  759.09] Elapsed: 12:39, vertices: 225, facets final: 224, pending: 1613
I  764.42] Elapsed: 12:44, vertices: 226, facets final: 225, pending: 1615
I  770.56] Elapsed: 12:51, vertices: 230, facets final: 226, pending: 1622
I  776.56] Elapsed: 12:57, vertices: 232, facets final: 229, pending: 1628
I  781.86] Elapsed: 13:02, vertices: 233, facets final: 233, pending: 1619
Warning: numerical instability (primal simplex, phase II)
Warning: numerical instability (primal simplex, phase I)
I  787.18] Elapsed: 13:07, vertices: 233, facets final: 235, pending: 1617
I  792.83] Elapsed: 13:13, vertices: 235, facets final: 238, pending: 1615
Warning: numerical instability (primal simplex, phase II)
I  800.08] Elapsed: 13:20, vertices: 238, facets final: 241, pending: 1618
I  805.52] Elapsed: 13:26, vertices: 239, facets final: 244, pending: 1615
I  811.94] Elapsed: 13:32, vertices: 240, facets final: 246, pending: 1607
I  817.10] Elapsed: 13:37, vertices: 241, facets final: 250, pending: 1599
I  823.58] Elapsed: 13:44, vertices: 242, facets final: 250, pending: 1593
I  828.86] Elapsed: 13:49, vertices: 243, facets final: 254, pending: 1589
I  834.94] Elapsed: 13:55, vertices: 245, facets final: 255, pending: 1596
I  841.62] Elapsed: 14:02, vertices: 247, facets final: 259, pending: 1604
I  846.65] Elapsed: 14:07, vertices: 248, facets final: 261, pending: 1596
I  852.38] Elapsed: 14:12, vertices: 250, facets final: 263, pending: 1586
I  858.67] Elapsed: 14:19, vertices: 253, facets final: 266, pending: 1563
I  864.13] Elapsed: 14:24, vertices: 255, facets final: 269, pending: 1554
I  869.55] Elapsed: 14:30, vertices: 256, facets final: 271, pending: 1546
I  875.08] Elapsed: 14:35, vertices: 258, facets final: 272, pending: 1550
Warning: numerical instability (primal simplex, phase II)
I  881.44] Elapsed: 14:41, vertices: 262, facets final: 274, pending: 1534
I  887.06] Elapsed: 14:47, vertices: 264, facets final: 277, pending: 1537
I  893.55] Elapsed: 14:54, vertices: 267, facets final: 279, pending: 1548
I  898.63] Elapsed: 14:59, vertices: 268, facets final: 282, pending: 1547
I  905.32] Elapsed: 15:05, vertices: 269, facets final: 284, pending: 1556
I  911.70] Elapsed: 15:12, vertices: 269, facets final: 287, pending: 1553
I  916.88] Elapsed: 15:17, vertices: 272, facets final: 290, pending: 1550
Warning: numerical instability (primal simplex, phase II)
Warning: numerical instability (primal simplex, phase II)
I  922.60] Elapsed: 15:23, vertices: 273, facets final: 293, pending: 1545
I  927.79] Elapsed: 15:28, vertices: 274, facets final: 295, pending: 1543
I  932.81] Elapsed: 15:33, vertices: 274, facets final: 298, pending: 1540
I  937.97] Elapsed: 15:38, vertices: 276, facets final: 299, pending: 1537
Warning: numerical instability (primal simplex, phase II)
I  943.55] Elapsed: 15:44, vertices: 277, facets final: 302, pending: 1537
I  950.33] Elapsed: 15:50, vertices: 278, facets final: 305, pending: 1532
I  956.22] Elapsed: 15:56, vertices: 279, facets final: 308, pending: 1523
I  961.79] Elapsed: 16:02, vertices: 279, facets final: 312, pending: 1519
Warning: numerical instability (primal simplex, phase II)
Warning: numerical instability (primal simplex, phase II)
I  967.36] Elapsed: 16:07, vertices: 280, facets final: 315, pending: 1515
I  972.50] Elapsed: 16:13, vertices: 281, facets final: 318, pending: 1514
I  977.63] Elapsed: 16:18, vertices: 283, facets final: 321, pending: 1498
I  983.12] Elapsed: 16:23, vertices: 286, facets final: 326, pending: 1484
I  988.65] Elapsed: 16:29, vertices: 287, facets final: 329, pending: 1475
I  994.62] Elapsed: 16:35, vertices: 288, facets final: 331, pending: 1482
I 1000.92] Elapsed: 16:41, vertices: 290, facets final: 334, pending: 1521
I 1007.12] Elapsed: 16:47, vertices: 291, facets final: 335, pending: 1507
I 1013.69] Elapsed: 16:54, vertices: 293, facets final: 340, pending: 1481
I 1019.65] Elapsed: 17:00, vertices: 294, facets final: 344, pending: 1477
I 1024.85] Elapsed: 17:05, vertices: 294, facets final: 346, pending: 1475
I 1030.29] Elapsed: 17:10, vertices: 295, facets final: 349, pending: 1472
I 1035.80] Elapsed: 17:16, vertices: 296, facets final: 351, pending: 1464
I 1041.49] Elapsed: 17:21, vertices: 296, facets final: 354, pending: 1461
Warning: numerical instability (primal simplex, phase II)
I 1047.23] Elapsed: 17:27, vertices: 296, facets final: 358, pending: 1457
I 1052.36] Elapsed: 17:32, vertices: 298, facets final: 359, pending: 1468
I 1058.42] Elapsed: 17:38, vertices: 299, facets final: 363, pending: 1465
I 1064.70] Elapsed: 17:45, vertices: 299, facets final: 365, pending: 1463
I 1070.58] Elapsed: 17:51, vertices: 300, facets final: 367, pending: 1455
I 1075.60] Elapsed: 17:56, vertices: 300, facets final: 374, pending: 1448
I 1081.80] Elapsed: 18:02, vertices: 300, facets final: 377, pending: 1445
I 1081.80] recalculating facets...
I 1087.32] Elapsed: 18:07, vertices: 302, facets final: 379, pending: 1450
I 1093.23] Elapsed: 18:13, vertices: 303, facets final: 381, pending: 1448
I 1098.96] Elapsed: 18:19, vertices: 303, facets final: 384, pending: 1445
I 1106.02] Elapsed: 18:26, vertices: 304, facets final: 388, pending: 1437
I 1112.33] Elapsed: 18:32, vertices: 305, facets final: 391, pending: 1429
I 1118.15] Elapsed: 18:38, vertices: 305, facets final: 394, pending: 1426
I 1124.26] Elapsed: 18:44, vertices: 306, facets final: 396, pending: 1420
I 1129.63] Elapsed: 18:50, vertices: 307, facets final: 399, pending: 1420
I 1136.11] Elapsed: 18:56, vertices: 307, facets final: 402, pending: 1417
I 1141.46] Elapsed: 19:01, vertices: 308, facets final: 405, pending: 1411
Warning: numerical instability (primal simplex, phase II)
Warning: numerical instability (primal simplex, phase II)
I 1147.72] Elapsed: 19:08, vertices: 309, facets final: 407, pending: 1402
I 1154.13] Elapsed: 19:14, vertices: 309, facets final: 410, pending: 1399
I 1160.62] Elapsed: 19:21, vertices: 310, facets final: 414, pending: 1399
I 1166.80] Elapsed: 19:27, vertices: 311, facets final: 417, pending: 1395
Warning: numerical instability (primal simplex, phase II)
Warning: numerical instability (primal simplex, phase II)
Warning: numerical instability (primal simplex, phase II)
Warning: numerical instability (primal simplex, phase II)
Warning: numerical instability (primal simplex, phase II)
I 1172.61] Elapsed: 19:33, vertices: 311, facets final: 420, pending: 1392
I 1177.78] Elapsed: 19:38, vertices: 312, facets final: 422, pending: 1402
Warning: numerical instability (primal simplex, phase II)
I 1183.42] Elapsed: 19:43, vertices: 312, facets final: 426, pending: 1398
I 1189.76] Elapsed: 19:50, vertices: 312, facets final: 431, pending: 1393
Warning: numerical instability (primal simplex, phase II)
I 1198.25] Elapsed: 19:58, vertices: 312, facets final: 435, pending: 1389
I 1203.94] Elapsed: 20:04, vertices: 313, facets final: 438, pending: 1384
I 1210.13] Elapsed: 20:10, vertices: 313, facets final: 440, pending: 1382
I 1215.37] Elapsed: 20:15, vertices: 314, facets final: 442, pending: 1384
I 1220.66] Elapsed: 20:21, vertices: 314, facets final: 444, pending: 1382
I 1225.73] Elapsed: 20:26, vertices: 315, facets final: 448, pending: 1376
I 1232.11] Elapsed: 20:32, vertices: 317, facets final: 450, pending: 1376
I 1237.50] Elapsed: 20:38, vertices: 318, facets final: 454, pending: 1372
I 1243.12] Elapsed: 20:43, vertices: 319, facets final: 456, pending: 1373
I 1249.09] Elapsed: 20:49, vertices: 320, facets final: 459, pending: 1375
I 1256.78] Elapsed: 20:57, vertices: 323, facets final: 460, pending: 1373
I 1262.53] Elapsed: 21:03, vertices: 324, facets final: 464, pending: 1369
I 1268.09] Elapsed: 21:08, vertices: 325, facets final: 467, pending: 1363
I 1274.74] Elapsed: 21:15, vertices: 325, facets final: 470, pending: 1360
I 1281.06] Elapsed: 21:21, vertices: 326, facets final: 472, pending: 1357
I 1287.08] Elapsed: 21:27, vertices: 327, facets final: 475, pending: 1354
I 1292.33] Elapsed: 21:32, vertices: 327, facets final: 479, pending: 1350
I 1298.84] Elapsed: 21:39, vertices: 329, facets final: 481, pending: 1351
I 1304.16] Elapsed: 21:44, vertices: 330, facets final: 484, pending: 1343
I 1309.63] Elapsed: 21:50, vertices: 330, facets final: 487, pending: 1340
I 1314.63] Elapsed: 21:55, vertices: 330, facets final: 489, pending: 1338
I 1319.72] Elapsed: 22:00, vertices: 332, facets final: 490, pending: 1334
I 1325.33] Elapsed: 22:05, vertices: 334, facets final: 493, pending: 1347
I 1331.98] Elapsed: 22:12, vertices: 334, facets final: 498, pending: 1342
I 1337.57] Elapsed: 22:18, vertices: 336, facets final: 500, pending: 1328
I 1344.41] Elapsed: 22:24, vertices: 336, facets final: 504, pending: 1324
Warning: numerical instability (primal simplex, phase II)
I 1349.77] Elapsed: 22:30, vertices: 336, facets final: 507, pending: 1321
I 1356.65] Elapsed: 22:37, vertices: 337, facets final: 510, pending: 1318
I 1362.23] Elapsed: 22:42, vertices: 338, facets final: 513, pending: 1315
I 1369.16] Elapsed: 22:49, vertices: 340, facets final: 514, pending: 1314
I 1374.48] Elapsed: 22:54, vertices: 342, facets final: 516, pending: 1300
I 1380.33] Elapsed: 23:00, vertices: 344, facets final: 520, pending: 1294
I 1386.92] Elapsed: 23:07, vertices: 344, facets final: 523, pending: 1291
I 1394.50] Elapsed: 23:15, vertices: 346, facets final: 526, pending: 1284
I 1400.12] Elapsed: 23:20, vertices: 347, facets final: 531, pending: 1275
Warning: numerical instability (primal simplex, phase II)
Warning: numerical instability (primal simplex, phase II)
I 1405.34] Elapsed: 23:25, vertices: 347, facets final: 534, pending: 1272
I 1411.34] Elapsed: 23:31, vertices: 347, facets final: 538, pending: 1268
I 1417.34] Elapsed: 23:37, vertices: 348, facets final: 541, pending: 1265
I 1422.94] Elapsed: 23:43, vertices: 348, facets final: 543, pending: 1263
I 1429.35] Elapsed: 23:49, vertices: 348, facets final: 548, pending: 1258
I 1434.99] Elapsed: 23:55, vertices: 350, facets final: 551, pending: 1262
I 1440.77] Elapsed: 24:01, vertices: 350, facets final: 555, pending: 1258
I 1446.00] Elapsed: 24:06, vertices: 351, facets final: 557, pending: 1260
I 1451.84] Elapsed: 24:12, vertices: 351, facets final: 560, pending: 1257
I 1457.46] Elapsed: 24:17, vertices: 351, facets final: 563, pending: 1254
I 1463.75] Elapsed: 24:24, vertices: 351, facets final: 566, pending: 1251
I 1471.27] Elapsed: 24:31, vertices: 351, facets final: 570, pending: 1247
I 1477.73] Elapsed: 24:38, vertices: 352, facets final: 573, pending: 1241
I 1483.19] Elapsed: 24:43, vertices: 353, facets final: 575, pending: 1239
I 1490.02] Elapsed: 24:50, vertices: 353, facets final: 577, pending: 1237
I 1495.77] Elapsed: 24:56, vertices: 354, facets final: 582, pending: 1229
I 1500.83] Elapsed: 25:01, vertices: 354, facets final: 586, pending: 1225
I 1506.72] Elapsed: 25:07, vertices: 355, facets final: 588, pending: 1222
I 1512.18] Elapsed: 25:12, vertices: 356, facets final: 589, pending: 1221
I 1518.71] Elapsed: 25:19, vertices: 358, facets final: 591, pending: 1217
I 1524.93] Elapsed: 25:25, vertices: 358, facets final: 594, pending: 1214
I 1530.55] Elapsed: 25:31, vertices: 358, facets final: 600, pending: 1208
I 1535.89] Elapsed: 25:36, vertices: 358, facets final: 603, pending: 1205
I 1543.02] Elapsed: 25:43, vertices: 359, facets final: 605, pending: 1203
I 1548.68] Elapsed: 25:49, vertices: 360, facets final: 607, pending: 1198
I 1555.75] Elapsed: 25:56, vertices: 360, facets final: 610, pending: 1195
I 1563.47] Elapsed: 26:03, vertices: 361, facets final: 614, pending: 1196
I 1568.73] Elapsed: 26:09, vertices: 361, facets final: 617, pending: 1193
I 1574.72] Elapsed: 26:15, vertices: 361, facets final: 620, pending: 1190
I 1581.02] Elapsed: 26:21, vertices: 361, facets final: 624, pending: 1186
Warning: numerical instability (primal simplex, phase II)
Warning: numerical instability (primal simplex, phase I)
I 1586.34] Elapsed: 26:26, vertices: 361, facets final: 626, pending: 1184
I 1591.52] Elapsed: 26:32, vertices: 364, facets final: 627, pending: 1169
Warning: numerical instability (primal simplex, phase II)
I 1597.37] Elapsed: 26:37, vertices: 365, facets final: 629, pending: 1170
I 1603.00] Elapsed: 26:43, vertices: 367, facets final: 632, pending: 1167
I 1608.05] Elapsed: 26:48, vertices: 368, facets final: 635, pending: 1166
I 1613.43] Elapsed: 26:53, vertices: 368, facets final: 638, pending: 1163
I 1619.42] Elapsed: 26:59, vertices: 368, facets final: 640, pending: 1161
I 1624.70] Elapsed: 27:05, vertices: 370, facets final: 643, pending: 1157
Warning: numerical instability (primal simplex, phase II)
I 1630.06] Elapsed: 27:10, vertices: 370, facets final: 647, pending: 1153
I 1636.22] Elapsed: 27:16, vertices: 370, facets final: 650, pending: 1150
I 1641.29] Elapsed: 27:21, vertices: 371, facets final: 652, pending: 1149
I 1646.95] Elapsed: 27:27, vertices: 371, facets final: 655, pending: 1146
I 1653.03] Elapsed: 27:33, vertices: 371, facets final: 661, pending: 1140
I 1658.30] Elapsed: 27:38, vertices: 371, facets final: 665, pending: 1136
I 1663.33] Elapsed: 27:43, vertices: 371, facets final: 669, pending: 1132
I 1668.98] Elapsed: 27:49, vertices: 371, facets final: 670, pending: 1131
I 1674.55] Elapsed: 27:55, vertices: 372, facets final: 672, pending: 1131
Warning: numerical instability (primal simplex, phase II)
I 1680.26] Elapsed: 28:00, vertices: 372, facets final: 675, pending: 1128
I 1686.38] Elapsed: 28:06, vertices: 372, facets final: 678, pending: 1125
I 1694.42] Elapsed: 28:14, vertices: 372, facets final: 682, pending: 1121
I 1699.70] Elapsed: 28:20, vertices: 372, facets final: 684, pending: 1119
Warning: numerical instability (primal simplex, phase II)
I 1707.19] Elapsed: 28:27, vertices: 373, facets final: 687, pending: 1112
I 1712.87] Elapsed: 28:33, vertices: 374, facets final: 689, pending: 1109
Warning: numerical instability (primal simplex, phase II)
I 1719.33] Elapsed: 28:39, vertices: 374, facets final: 693, pending: 1105
I 1726.28] Elapsed: 28:46, vertices: 374, facets final: 695, pending: 1103
I 1732.05] Elapsed: 28:52, vertices: 375, facets final: 699, pending: 1100
I 1737.48] Elapsed: 28:57, vertices: 376, facets final: 703, pending: 1090
I 1742.98] Elapsed: 29:03, vertices: 376, facets final: 704, pending: 1089
I 1748.55] Elapsed: 29:09, vertices: 377, facets final: 707, pending: 1084
I 1753.98] Elapsed: 29:14, vertices: 378, facets final: 710, pending: 1079
I 1759.63] Elapsed: 29:20, vertices: 379, facets final: 712, pending: 1085
I 1767.14] Elapsed: 29:27, vertices: 379, facets final: 715, pending: 1082
I 1773.04] Elapsed: 29:33, vertices: 381, facets final: 716, pending: 1075
I 1778.39] Elapsed: 29:38, vertices: 382, facets final: 720, pending: 1061
I 1783.49] Elapsed: 29:43, vertices: 382, facets final: 723, pending: 1058
I 1789.71] Elapsed: 29:50, vertices: 383, facets final: 727, pending: 1046
I 1795.54] Elapsed: 29:56, vertices: 385, facets final: 732, pending: 1039
I 1801.00] Elapsed: 30:01, vertices: 385, facets final: 736, pending: 1035
I 1807.50] Elapsed: 30:08, vertices: 385, facets final: 738, pending: 1033
I 1813.56] Elapsed: 30:14, vertices: 385, facets final: 741, pending: 1030
I 1819.26] Elapsed: 30:19, vertices: 387, facets final: 745, pending: 1032
I 1825.01] Elapsed: 30:25, vertices: 387, facets final: 748, pending: 1029
I 1830.75] Elapsed: 30:31, vertices: 389, facets final: 750, pending: 1022
I 1835.93] Elapsed: 30:36, vertices: 390, facets final: 753, pending: 1017
I 1841.68] Elapsed: 30:42, vertices: 391, facets final: 754, pending: 1020
Warning: numerical instability (primal simplex, phase II)
Warning: numerical instability (primal simplex, phase I)
Warning: numerical instability (primal simplex, phase I)
I 1848.86] Elapsed: 30:49, vertices: 392, facets final: 757, pending: 1021
I 1854.53] Elapsed: 30:55, vertices: 392, facets final: 762, pending: 1016
I 1859.63] Elapsed: 31:00, vertices: 393, facets final: 763, pending: 1015
I 1866.46] Elapsed: 31:06, vertices: 394, facets final: 768, pending: 1009
Warning: numerical instability (primal simplex, phase II)
I 1871.88] Elapsed: 31:12, vertices: 394, facets final: 771, pending: 1006
I 1877.31] Elapsed: 31:17, vertices: 394, facets final: 774, pending: 1003
I 1882.91] Elapsed: 31:23, vertices: 394, facets final: 777, pending: 1000
I 1889.59] Elapsed: 31:30, vertices: 394, facets final: 781, pending: 996
I 1895.20] Elapsed: 31:35, vertices: 394, facets final: 785, pending: 992
I 1900.94] Elapsed: 31:41, vertices: 395, facets final: 789, pending: 986
I 1906.19] Elapsed: 31:46, vertices: 396, facets final: 791, pending: 986
Warning: numerical instability (primal simplex, phase II)
I 1911.46] Elapsed: 31:51, vertices: 396, facets final: 793, pending: 984
I 1916.88] Elapsed: 31:57, vertices: 396, facets final: 797, pending: 980
I 1922.85] Elapsed: 32:03, vertices: 398, facets final: 799, pending: 975
I 1929.07] Elapsed: 32:09, vertices: 398, facets final: 802, pending: 972
I 1935.08] Elapsed: 32:15, vertices: 399, facets final: 806, pending: 971
I 1941.83] Elapsed: 32:22, vertices: 400, facets final: 810, pending: 963
I 1944.26] recalculating facets...
I 1946.88] Elapsed: 32:27, vertices: 401, facets final: 811, pending: 964
I 1953.63] Elapsed: 32:34, vertices: 401, facets final: 814, pending: 961
I 1959.94] Elapsed: 32:40, vertices: 401, facets final: 818, pending: 957
I 1964.98] Elapsed: 32:45, vertices: 401, facets final: 820, pending: 955
I 1970.04] Elapsed: 32:50, vertices: 402, facets final: 823, pending: 951
I 1976.27] Elapsed: 32:56, vertices: 402, facets final: 827, pending: 947
I 1982.51] Elapsed: 33:03, vertices: 402, facets final: 831, pending: 943
I 1989.79] Elapsed: 33:10, vertices: 402, facets final: 834, pending: 940
I 1995.97] Elapsed: 33:16, vertices: 403, facets final: 837, pending: 937
I 2001.72] Elapsed: 33:22, vertices: 403, facets final: 842, pending: 932
I 2006.84] Elapsed: 33:27, vertices: 403, facets final: 844, pending: 930
I 2013.07] Elapsed: 33:33, vertices: 406, facets final: 846, pending: 931
I 2019.41] Elapsed: 33:39, vertices: 407, facets final: 849, pending: 928
Warning: numerical instability (primal simplex, phase II)
I 2025.21] Elapsed: 33:45, vertices: 407, facets final: 851, pending: 926
I 2031.82] Elapsed: 33:52, vertices: 407, facets final: 853, pending: 924
I 2038.44] Elapsed: 33:58, vertices: 408, facets final: 856, pending: 920
I 2043.72] Elapsed: 34:04, vertices: 409, facets final: 859, pending: 916
I 2051.56] Elapsed: 34:12, vertices: 410, facets final: 862, pending: 913
Warning: numerical instability (primal simplex, phase II)
I 2057.86] Elapsed: 34:18, vertices: 411, facets final: 865, pending: 911
Warning: numerical instability (primal simplex, phase II)
I 2064.41] Elapsed: 34:24, vertices: 411, facets final: 869, pending: 907
I 2069.57] Elapsed: 34:30, vertices: 412, facets final: 872, pending: 904
I 2074.66] Elapsed: 34:35, vertices: 412, facets final: 874, pending: 902
I 2081.22] Elapsed: 34:41, vertices: 413, facets final: 877, pending: 896
I 2086.65] Elapsed: 34:47, vertices: 413, facets final: 880, pending: 893
Warning: numerical instability (primal simplex, phase II)
I 2092.44] Elapsed: 34:52, vertices: 413, facets final: 882, pending: 891
I 2098.62] Elapsed: 34:59, vertices: 414, facets final: 886, pending: 884
I 2104.46] Elapsed: 35:04, vertices: 415, facets final: 888, pending: 883
I 2109.63] Elapsed: 35:10, vertices: 415, facets final: 893, pending: 878
I 2116.14] Elapsed: 35:16, vertices: 415, facets final: 897, pending: 874
I 2121.93] Elapsed: 35:22, vertices: 415, facets final: 900, pending: 871
I 2128.78] Elapsed: 35:29, vertices: 415, facets final: 905, pending: 866
Warning: numerical instability (primal simplex, phase II)
I 2135.05] Elapsed: 35:35, vertices: 415, facets final: 908, pending: 863
I 2140.31] Elapsed: 35:40, vertices: 415, facets final: 911, pending: 860
I 2145.95] Elapsed: 35:46, vertices: 417, facets final: 912, pending: 862
I 2152.57] Elapsed: 35:53, vertices: 417, facets final: 914, pending: 860
I 2159.29] Elapsed: 35:59, vertices: 418, facets final: 917, pending: 859
I 2165.49] Elapsed: 36:05, vertices: 419, facets final: 920, pending: 853
I 2172.79] Elapsed: 36:13, vertices: 420, facets final: 923, pending: 849
Warning: numerical instability (primal simplex, phase II)
I 2179.15] Elapsed: 36:19, vertices: 420, facets final: 925, pending: 847
I 2184.27] Elapsed: 36:24, vertices: 420, facets final: 929, pending: 843
I 2192.05] Elapsed: 36:32, vertices: 420, facets final: 932, pending: 840
I 2197.57] Elapsed: 36:38, vertices: 421, facets final: 935, pending: 837
I 2202.73] Elapsed: 36:43, vertices: 421, facets final: 937, pending: 835
Warning: numerical instability (primal simplex, phase II)
I 2210.03] Elapsed: 36:50, vertices: 422, facets final: 939, pending: 834
I 2215.44] Elapsed: 36:55, vertices: 423, facets final: 942, pending: 834
I 2221.27] Elapsed: 37:01, vertices: 424, facets final: 944, pending: 830
Warning: numerical instability (primal simplex, phase II)
Warning: numerical instability (primal simplex, phase II)
Warning: numerical instability (primal simplex, phase I)
Warning: numerical instability (primal simplex, phase II)
Warning: numerical instability (primal simplex, phase I)
Warning: numerical instability (primal simplex, phase II)
Warning: numerical instability (primal simplex, phase I)
Warning: numerical instability (primal simplex, phase II)
I 2227.26] Elapsed: 37:07, vertices: 425, facets final: 946, pending: 831
I 2232.48] Elapsed: 37:12, vertices: 426, facets final: 951, pending: 825
Warning: numerical instability (primal simplex, phase II)
I 2237.80] Elapsed: 37:18, vertices: 426, facets final: 953, pending: 823
I 2244.36] Elapsed: 37:24, vertices: 426, facets final: 957, pending: 819
I 2249.96] Elapsed: 37:30, vertices: 426, facets final: 961, pending: 815
Warning: numerical instability (primal simplex, phase II)
I 2256.28] Elapsed: 37:36, vertices: 426, facets final: 963, pending: 813
I 2261.66] Elapsed: 37:42, vertices: 427, facets final: 965, pending: 812
I 2268.23] Elapsed: 37:48, vertices: 429, facets final: 967, pending: 809
I 2274.65] Elapsed: 37:55, vertices: 429, facets final: 971, pending: 805
I 2279.86] Elapsed: 38:00, vertices: 429, facets final: 974, pending: 802
Warning: numerical instability (primal simplex, phase II)
Warning: numerical instability (primal simplex, phase II)
Warning: numerical instability (primal simplex, phase II)
I 2286.57] Elapsed: 38:07, vertices: 430, facets final: 978, pending: 797
I 2292.74] Elapsed: 38:13, vertices: 430, facets final: 981, pending: 794
I 2299.28] Elapsed: 38:19, vertices: 431, facets final: 985, pending: 789
I 2307.42] Elapsed: 38:27, vertices: 431, facets final: 989, pending: 785
I 2312.76] Elapsed: 38:33, vertices: 431, facets final: 992, pending: 782
I 2318.69] Elapsed: 38:39, vertices: 431, facets final: 995, pending: 779
I 2325.45] Elapsed: 38:45, vertices: 431, facets final: 999, pending: 775
Warning: numerical instability (primal simplex, phase II)
I 2331.62] Elapsed: 38:52, vertices: 431, facets final: 1002, pending: 772
I 2337.35] Elapsed: 38:57, vertices: 431, facets final: 1004, pending: 770
I 2342.35] Elapsed: 39:02, vertices: 432, facets final: 1006, pending: 767
I 2348.61] Elapsed: 39:09, vertices: 433, facets final: 1009, pending: 784
I 2354.01] Elapsed: 39:14, vertices: 433, facets final: 1012, pending: 781
I 2359.44] Elapsed: 39:19, vertices: 433, facets final: 1017, pending: 776
I 2365.37] Elapsed: 39:25, vertices: 433, facets final: 1021, pending: 772
I 2370.38] Elapsed: 39:30, vertices: 433, facets final: 1024, pending: 769
I 2377.16] Elapsed: 39:37, vertices: 433, facets final: 1027, pending: 766
I 2382.67] Elapsed: 39:43, vertices: 433, facets final: 1031, pending: 762
I 2388.01] Elapsed: 39:48, vertices: 433, facets final: 1036, pending: 757
I 2394.02] Elapsed: 39:54, vertices: 433, facets final: 1040, pending: 753
I 2399.60] Elapsed: 40:00, vertices: 435, facets final: 1043, pending: 759
I 2405.12] Elapsed: 40:05, vertices: 436, facets final: 1046, pending: 757
I 2411.59] Elapsed: 40:12, vertices: 438, facets final: 1048, pending: 750
I 2417.48] Elapsed: 40:17, vertices: 439, facets final: 1052, pending: 744
I 2423.73] Elapsed: 40:24, vertices: 439, facets final: 1056, pending: 740
I 2430.92] Elapsed: 40:31, vertices: 439, facets final: 1060, pending: 736
I 2436.00] Elapsed: 40:36, vertices: 439, facets final: 1063, pending: 733
I 2441.47] Elapsed: 40:41, vertices: 440, facets final: 1065, pending: 732
I 2446.71] Elapsed: 40:47, vertices: 440, facets final: 1070, pending: 727
I 2452.66] Elapsed: 40:53, vertices: 440, facets final: 1073, pending: 724
I 2460.31] Elapsed: 41:00, vertices: 440, facets final: 1079, pending: 718
Warning: numerical instability (primal simplex, phase II)
Warning: numerical instability (primal simplex, phase I)
I 2465.40] Elapsed: 41:05, vertices: 441, facets final: 1081, pending: 711
I 2472.24] Elapsed: 41:12, vertices: 441, facets final: 1084, pending: 708
I 2477.88] Elapsed: 41:18, vertices: 441, facets final: 1086, pending: 706
I 2483.51] Elapsed: 41:24, vertices: 441, facets final: 1091, pending: 701
I 2488.85] Elapsed: 41:29, vertices: 444, facets final: 1093, pending: 699
I 2494.14] Elapsed: 41:34, vertices: 445, facets final: 1096, pending: 694
I 2499.93] Elapsed: 41:40, vertices: 445, facets final: 1100, pending: 690
I 2505.84] Elapsed: 41:46, vertices: 445, facets final: 1104, pending: 686
I 2510.89] Elapsed: 41:51, vertices: 445, facets final: 1107, pending: 683
I 2516.92] Elapsed: 41:57, vertices: 446, facets final: 1109, pending: 683
Warning: numerical instability (primal simplex, phase II)
Warning: numerical instability (primal simplex, phase II)
I 2522.54] Elapsed: 42:03, vertices: 446, facets final: 1112, pending: 680
I 2528.83] Elapsed: 42:09, vertices: 447, facets final: 1114, pending: 679
I 2534.83] Elapsed: 42:15, vertices: 447, facets final: 1116, pending: 677
I 2541.52] Elapsed: 42:22, vertices: 448, facets final: 1119, pending: 667
I 2547.25] Elapsed: 42:27, vertices: 450, facets final: 1122, pending: 663
I 2554.31] Elapsed: 42:34, vertices: 450, facets final: 1124, pending: 661
I 2559.34] Elapsed: 42:39, vertices: 451, facets final: 1126, pending: 658
I 2565.88] Elapsed: 42:46, vertices: 451, facets final: 1129, pending: 655
I 2571.39] Elapsed: 42:51, vertices: 452, facets final: 1135, pending: 651
I 2576.49] Elapsed: 42:56, vertices: 452, facets final: 1138, pending: 648
I 2581.58] Elapsed: 43:02, vertices: 452, facets final: 1140, pending: 646
I 2587.04] Elapsed: 43:07, vertices: 453, facets final: 1143, pending: 646
I 2592.62] Elapsed: 43:13, vertices: 453, facets final: 1146, pending: 643
Warning: numerical instability (primal simplex, phase II)
I 2599.53] Elapsed: 43:20, vertices: 453, facets final: 1149, pending: 640
I 2606.05] Elapsed: 43:26, vertices: 454, facets final: 1151, pending: 634
I 2612.14] Elapsed: 43:32, vertices: 454, facets final: 1154, pending: 631
I 2619.10] Elapsed: 43:39, vertices: 456, facets final: 1156, pending: 643
I 2624.62] Elapsed: 43:45, vertices: 457, facets final: 1159, pending: 642
I 2630.77] Elapsed: 43:51, vertices: 458, facets final: 1160, pending: 649
I 2637.60] Elapsed: 43:58, vertices: 458, facets final: 1162, pending: 647
Warning: numerical instability (primal simplex, phase II)
I 2643.42] Elapsed: 44:03, vertices: 460, facets final: 1163, pending: 657
I 2649.61] Elapsed: 44:10, vertices: 461, facets final: 1166, pending: 655
I 2654.74] Elapsed: 44:15, vertices: 462, facets final: 1169, pending: 651
Warning: numerical instability (primal simplex, phase II)
Warning: numerical instability (primal simplex, phase I)
Warning: numerical instability (primal simplex, phase I)
Warning: numerical instability (primal simplex, phase I)
Warning: numerical instability (primal simplex, phase I)
Warning: numerical instability (primal simplex, phase I)
Warning: numerical instability (primal simplex, phase II)
I 2660.39] Elapsed: 44:20, vertices: 462, facets final: 1171, pending: 649
I 2666.68] Elapsed: 44:27, vertices: 462, facets final: 1174, pending: 646
I 2673.45] Elapsed: 44:33, vertices: 463, facets final: 1178, pending: 656
I 2680.66] Elapsed: 44:41, vertices: 464, facets final: 1180, pending: 660
I 2688.14] Elapsed: 44:48, vertices: 464, facets final: 1182, pending: 658
I 2693.53] Elapsed: 44:54, vertices: 464, facets final: 1185, pending: 655
I 2700.43] Elapsed: 45:00, vertices: 464, facets final: 1190, pending: 650
I 2706.45] Elapsed: 45:06, vertices: 465, facets final: 1192, pending: 662
I 2711.98] Elapsed: 45:12, vertices: 465, facets final: 1193, pending: 661
I 2717.72] Elapsed: 45:18, vertices: 466, facets final: 1196, pending: 654
I 2722.79] Elapsed: 45:23, vertices: 468, facets final: 1198, pending: 640
I 2728.90] Elapsed: 45:29, vertices: 469, facets final: 1199, pending: 638
I 2734.09] Elapsed: 45:34, vertices: 471, facets final: 1202, pending: 630
I 2740.28] Elapsed: 45:40, vertices: 471, facets final: 1205, pending: 627
I 2746.97] Elapsed: 45:47, vertices: 471, facets final: 1210, pending: 622
I 2753.77] Elapsed: 45:54, vertices: 472, facets final: 1214, pending: 618
I 2758.97] Elapsed: 45:59, vertices: 473, facets final: 1216, pending: 643
I 2765.10] Elapsed: 46:05, vertices: 473, facets final: 1219, pending: 640
I 2772.41] Elapsed: 46:12, vertices: 474, facets final: 1223, pending: 650
I 2779.18] Elapsed: 46:19, vertices: 475, facets final: 1226, pending: 643
I 2785.26] Elapsed: 46:25, vertices: 477, facets final: 1227, pending: 639
I 2792.15] Elapsed: 46:32, vertices: 478, facets final: 1231, pending: 631
I 2798.14] Elapsed: 46:38, vertices: 479, facets final: 1232, pending: 628
I 2804.43] Elapsed: 46:44, vertices: 481, facets final: 1235, pending: 618
I 2810.95] Elapsed: 46:51, vertices: 481, facets final: 1237, pending: 616
I 2817.99] Elapsed: 46:58, vertices: 481, facets final: 1240, pending: 613
I 2824.26] Elapsed: 47:04, vertices: 481, facets final: 1244, pending: 609
I 2830.58] Elapsed: 47:11, vertices: 483, facets final: 1246, pending: 600
I 2836.02] Elapsed: 47:16, vertices: 484, facets final: 1249, pending: 601
Warning: numerical instability (primal simplex, phase II)
I 2843.30] Elapsed: 47:23, vertices: 486, facets final: 1252, pending: 597
I 2848.67] Elapsed: 47:29, vertices: 486, facets final: 1255, pending: 594
I 2854.48] Elapsed: 47:34, vertices: 488, facets final: 1257, pending: 592
I 2860.75] Elapsed: 47:41, vertices: 488, facets final: 1260, pending: 589
I 2865.97] Elapsed: 47:46, vertices: 489, facets final: 1263, pending: 589
I 2872.60] Elapsed: 47:53, vertices: 489, facets final: 1269, pending: 583
I 2877.64] Elapsed: 47:58, vertices: 489, facets final: 1270, pending: 582
I 2882.64] Elapsed: 48:03, vertices: 490, facets final: 1273, pending: 580
I 2888.85] Elapsed: 48:09, vertices: 491, facets final: 1278, pending: 564
I 2894.55] Elapsed: 48:15, vertices: 492, facets final: 1280, pending: 559
Warning: numerical instability (primal simplex, phase II)
I 2899.60] Elapsed: 48:20, vertices: 493, facets final: 1282, pending: 553
I 2905.55] Elapsed: 48:26, vertices: 494, facets final: 1285, pending: 549
I 2910.71] Elapsed: 48:31, vertices: 495, facets final: 1287, pending: 541
I 2915.86] Elapsed: 48:36, vertices: 496, facets final: 1289, pending: 537
Warning: numerical instability (primal simplex, phase II)
Warning: numerical instability (primal simplex, phase II)
I 2921.93] Elapsed: 48:42, vertices: 496, facets final: 1291, pending: 535
I 2927.69] Elapsed: 48:48, vertices: 496, facets final: 1292, pending: 534
Warning: numerical instability (primal simplex, phase II)
I 2934.46] Elapsed: 48:54, vertices: 497, facets final: 1295, pending: 528
I 2941.52] Elapsed: 49:02, vertices: 497, facets final: 1298, pending: 525
I 2946.76] Elapsed: 49:07, vertices: 498, facets final: 1301, pending: 522
I 2952.85] Elapsed: 49:13, vertices: 499, facets final: 1304, pending: 517
I 2958.11] Elapsed: 49:18, vertices: 499, facets final: 1308, pending: 513
I 2964.03] Elapsed: 49:24, vertices: 499, facets final: 1311, pending: 510
I 2970.14] Elapsed: 49:30, vertices: 499, facets final: 1315, pending: 506
I 2976.87] Elapsed: 49:37, vertices: 499, facets final: 1319, pending: 502
I 2981.01] recalculating facets...
I 2982.99] Elapsed: 49:43, vertices: 501, facets final: 1322, pending: 514
I 2988.83] Elapsed: 49:49, vertices: 501, facets final: 1325, pending: 511
I 2994.30] Elapsed: 49:54, vertices: 501, facets final: 1329, pending: 507
I 3000.09] Elapsed: 50:00, vertices: 503, facets final: 1330, pending: 504
I 3005.42] Elapsed: 50:05, vertices: 503, facets final: 1332, pending: 502
I 3010.46] Elapsed: 50:10, vertices: 504, facets final: 1333, pending: 508
I 3016.06] Elapsed: 50:16, vertices: 505, facets final: 1336, pending: 508
I 3022.56] Elapsed: 50:23, vertices: 505, facets final: 1339, pending: 505
I 3028.35] Elapsed: 50:28, vertices: 505, facets final: 1342, pending: 502
I 3033.38] Elapsed: 50:33, vertices: 506, facets final: 1345, pending: 496
I 3039.07] Elapsed: 50:39, vertices: 508, facets final: 1347, pending: 492
I 3045.06] Elapsed: 50:45, vertices: 509, facets final: 1350, pending: 488
Warning: numerical instability (primal simplex, phase II)
I 3052.52] Elapsed: 50:53, vertices: 510, facets final: 1352, pending: 486
I 3059.04] Elapsed: 50:59, vertices: 510, facets final: 1355, pending: 483
I 3066.04] Elapsed: 51:06, vertices: 512, facets final: 1358, pending: 481
I 3071.81] Elapsed: 51:12, vertices: 512, facets final: 1361, pending: 478
I 3076.81] Elapsed: 51:17, vertices: 512, facets final: 1364, pending: 475
I 3082.33] Elapsed: 51:22, vertices: 512, facets final: 1367, pending: 472
I 3088.64] Elapsed: 51:29, vertices: 512, facets final: 1371, pending: 468
I 3094.78] Elapsed: 51:35, vertices: 512, facets final: 1375, pending: 464
I 3100.80] Elapsed: 51:41, vertices: 513, facets final: 1378, pending: 460
Warning: numerical instability (primal simplex, phase II)
I 3106.79] Elapsed: 51:47, vertices: 514, facets final: 1381, pending: 460
I 3112.25] Elapsed: 51:52, vertices: 514, facets final: 1383, pending: 458
I 3119.12] Elapsed: 51:59, vertices: 515, facets final: 1387, pending: 449
I 3124.38] Elapsed: 52:04, vertices: 515, facets final: 1390, pending: 446
Warning: numerical instability (primal simplex, phase II)
Warning: numerical instability (primal simplex, phase II)
I 3130.40] Elapsed: 52:10, vertices: 515, facets final: 1393, pending: 443
I 3137.24] Elapsed: 52:17, vertices: 517, facets final: 1394, pending: 435
I 3142.39] Elapsed: 52:22, vertices: 518, facets final: 1398, pending: 430
I 3147.45] Elapsed: 52:27, vertices: 519, facets final: 1402, pending: 427
Warning: numerical instability (primal simplex, phase II)
Warning: numerical instability (primal simplex, phase II)
I 3153.34] Elapsed: 52:33, vertices: 519, facets final: 1406, pending: 423
I 3158.72] Elapsed: 52:39, vertices: 519, facets final: 1408, pending: 421
Warning: numerical instability (primal simplex, phase II)
I 3164.53] Elapsed: 52:45, vertices: 521, facets final: 1411, pending: 422
I 3169.65] Elapsed: 52:50, vertices: 522, facets final: 1412, pending: 418
I 3175.10] Elapsed: 52:55, vertices: 524, facets final: 1414, pending: 409
I 3181.49] Elapsed: 53:01, vertices: 525, facets final: 1419, pending: 398
I 3189.16] Elapsed: 53:09, vertices: 526, facets final: 1422, pending: 393
I 3194.42] Elapsed: 53:14, vertices: 526, facets final: 1424, pending: 391
I 3199.84] Elapsed: 53:20, vertices: 526, facets final: 1428, pending: 387
I 3206.24] Elapsed: 53:26, vertices: 526, facets final: 1431, pending: 384
I 3212.78] Elapsed: 53:33, vertices: 528, facets final: 1436, pending: 378
I 3218.36] Elapsed: 53:38, vertices: 528, facets final: 1439, pending: 375
I 3224.35] Elapsed: 53:44, vertices: 529, facets final: 1441, pending: 369
I 3229.70] Elapsed: 53:50, vertices: 530, facets final: 1443, pending: 370
I 3234.91] Elapsed: 53:55, vertices: 531, facets final: 1445, pending: 365
I 3240.77] Elapsed: 54:01, vertices: 531, facets final: 1449, pending: 361
Warning: numerical instability (primal simplex, phase II)
Warning: numerical instability (primal simplex, phase II)
I 3246.05] Elapsed: 54:06, vertices: 531, facets final: 1451, pending: 359
I 3251.87] Elapsed: 54:12, vertices: 531, facets final: 1454, pending: 356
I 3257.85] Elapsed: 54:18, vertices: 531, facets final: 1457, pending: 353
I 3263.77] Elapsed: 54:24, vertices: 532, facets final: 1459, pending: 348
I 3269.82] Elapsed: 54:30, vertices: 533, facets final: 1462, pending: 344
I 3274.89] Elapsed: 54:35, vertices: 533, facets final: 1464, pending: 342
I 3280.03] Elapsed: 54:40, vertices: 533, facets final: 1466, pending: 340
I 3285.34] Elapsed: 54:45, vertices: 534, facets final: 1468, pending: 337
I 3291.54] Elapsed: 54:52, vertices: 534, facets final: 1473, pending: 332
I 3296.71] Elapsed: 54:57, vertices: 535, facets final: 1475, pending: 330
I 3301.87] Elapsed: 55:02, vertices: 535, facets final: 1478, pending: 327
I 3309.62] Elapsed: 55:10, vertices: 535, facets final: 1483, pending: 322
Warning: numerical instability (primal simplex, phase II)
Warning: numerical instability (primal simplex, phase I)
I 3315.72] Elapsed: 55:16, vertices: 535, facets final: 1485, pending: 320
I 3321.76] Elapsed: 55:22, vertices: 535, facets final: 1489, pending: 316
I 3328.15] Elapsed: 55:28, vertices: 538, facets final: 1489, pending: 315
I 3334.49] Elapsed: 55:34, vertices: 539, facets final: 1493, pending: 309
I 3339.81] Elapsed: 55:40, vertices: 540, facets final: 1496, pending: 305
I 3346.53] Elapsed: 55:47, vertices: 540, facets final: 1499, pending: 302
I 3351.53] Elapsed: 55:52, vertices: 541, facets final: 1501, pending: 299
I 3357.66] Elapsed: 55:58, vertices: 541, facets final: 1504, pending: 296
I 3363.84] Elapsed: 56:04, vertices: 542, facets final: 1506, pending: 296
I 3369.87] Elapsed: 56:10, vertices: 543, facets final: 1509, pending: 292
I 3378.00] Elapsed: 56:18, vertices: 544, facets final: 1515, pending: 287
I 3384.68] Elapsed: 56:25, vertices: 545, facets final: 1519, pending: 283
I 3390.04] Elapsed: 56:30, vertices: 545, facets final: 1522, pending: 280
I 3395.51] Elapsed: 56:36, vertices: 548, facets final: 1524, pending: 293
I 3401.42] Elapsed: 56:41, vertices: 550, facets final: 1527, pending: 323
I 3407.24] Elapsed: 56:47, vertices: 552, facets final: 1528, pending: 320
I 3412.97] Elapsed: 56:53, vertices: 553, facets final: 1533, pending: 319
I 3418.21] Elapsed: 56:58, vertices: 553, facets final: 1536, pending: 316
I 3424.55] Elapsed: 57:05, vertices: 553, facets final: 1540, pending: 312
Warning: numerical instability (primal simplex, phase II)
I 3429.82] Elapsed: 57:10, vertices: 553, facets final: 1543, pending: 309
I 3435.70] Elapsed: 57:16, vertices: 556, facets final: 1545, pending: 301
I 3441.35] Elapsed: 57:21, vertices: 556, facets final: 1549, pending: 297
I 3448.50] Elapsed: 57:29, vertices: 559, facets final: 1551, pending: 295
I 3455.08] Elapsed: 57:35, vertices: 561, facets final: 1554, pending: 288
I 3461.49] Elapsed: 57:41, vertices: 561, facets final: 1556, pending: 286
Warning: numerical instability (primal simplex, phase II)
I 3467.44] Elapsed: 57:47, vertices: 562, facets final: 1558, pending: 282
I 3473.62] Elapsed: 57:54, vertices: 564, facets final: 1562, pending: 270
I 3479.17] Elapsed: 57:59, vertices: 564, facets final: 1565, pending: 267
I 3484.21] Elapsed: 58:04, vertices: 565, facets final: 1566, pending: 264
I 3490.91] Elapsed: 58:11, vertices: 567, facets final: 1569, pending: 259
Warning: numerical instability (primal simplex, phase II)
I 3496.03] Elapsed: 58:16, vertices: 567, facets final: 1572, pending: 256
I 3503.33] Elapsed: 58:23, vertices: 568, facets final: 1573, pending: 256
I 3510.04] Elapsed: 58:30, vertices: 570, facets final: 1575, pending: 282
I 3516.41] Elapsed: 58:36, vertices: 572, facets final: 1578, pending: 276
I 3521.75] Elapsed: 58:42, vertices: 572, facets final: 1580, pending: 274
I 3527.30] Elapsed: 58:47, vertices: 572, facets final: 1583, pending: 271
I 3533.69] Elapsed: 58:54, vertices: 572, facets final: 1586, pending: 268
I 3539.75] Elapsed: 59:00, vertices: 574, facets final: 1588, pending: 261
I 3546.91] Elapsed: 59:07, vertices: 575, facets final: 1592, pending: 257
I 3552.19] Elapsed: 59:12, vertices: 576, facets final: 1593, pending: 255
I 3558.53] Elapsed: 59:19, vertices: 578, facets final: 1596, pending: 248
I 3564.35] Elapsed: 59:24, vertices: 578, facets final: 1599, pending: 245
I 3569.88] Elapsed: 59:30, vertices: 581, facets final: 1599, pending: 249
I 3574.91] Elapsed: 59:35, vertices: 583, facets final: 1600, pending: 247
Warning: numerical instability (primal simplex, phase II)
Warning: numerical instability (primal simplex, phase II)
I 3582.77] Elapsed: 59:43, vertices: 583, facets final: 1602, pending: 245
I 3589.93] Elapsed: 59:50, vertices: 586, facets final: 1603, pending: 236
I 3596.62] Elapsed: 59:57, vertices: 587, facets final: 1605, pending: 234
Warning: numerical instability (primal simplex, phase II)
Warning: numerical instability (primal simplex, phase II)
I 3601.67] Elapsed: 1:00:02, vertices: 588, facets final: 1607, pending: 232
I 3608.56] Elapsed: 1:00:09, vertices: 589, facets final: 1608, pending: 230
I 3615.41] Elapsed: 1:00:15, vertices: 590, facets final: 1612, pending: 223
I 3620.79] Elapsed: 1:00:21, vertices: 590, facets final: 1615, pending: 220
I 3627.09] Elapsed: 1:00:27, vertices: 591, facets final: 1616, pending: 216
I 3632.45] Elapsed: 1:00:32, vertices: 595, facets final: 1619, pending: 219
I 3639.11] Elapsed: 1:00:39, vertices: 596, facets final: 1624, pending: 220
I 3645.50] Elapsed: 1:00:46, vertices: 596, facets final: 1627, pending: 217
I 3651.55] Elapsed: 1:00:52, vertices: 598, facets final: 1630, pending: 215
I 3657.67] Elapsed: 1:00:58, vertices: 600, facets final: 1632, pending: 209
I 3661.39] recalculating facets...
I 3663.03] Elapsed: 1:01:03, vertices: 601, facets final: 1633, pending: 207
I 3669.25] Elapsed: 1:01:09, vertices: 604, facets final: 1635, pending: 208
I 3675.02] Elapsed: 1:01:15, vertices: 604, facets final: 1637, pending: 206
I 3681.04] Elapsed: 1:01:21, vertices: 605, facets final: 1639, pending: 204
I 3686.04] Elapsed: 1:01:26, vertices: 608, facets final: 1642, pending: 185
I 3691.57] Elapsed: 1:01:32, vertices: 611, facets final: 1646, pending: 188
I 3696.80] Elapsed: 1:01:37, vertices: 613, facets final: 1648, pending: 186
I 3702.58] Elapsed: 1:01:43, vertices: 615, facets final: 1650, pending: 189
I 3709.44] Elapsed: 1:01:49, vertices: 616, facets final: 1654, pending: 184
Warning: numerical instability (primal simplex, phase II)
I 3715.08] Elapsed: 1:01:55, vertices: 619, facets final: 1658, pending: 178
I 3721.98] Elapsed: 1:02:02, vertices: 620, facets final: 1661, pending: 173
I 3728.88] Elapsed: 1:02:09, vertices: 621, facets final: 1667, pending: 167
I 3735.36] Elapsed: 1:02:15, vertices: 626, facets final: 1670, pending: 147
I 3741.67] Elapsed: 1:02:22, vertices: 630, facets final: 1671, pending: 140
I 3747.33] Elapsed: 1:02:27, vertices: 631, facets final: 1674, pending: 132
I 3753.09] Elapsed: 1:02:33, vertices: 632, facets final: 1676, pending: 131
I 3759.00] Elapsed: 1:02:39, vertices: 633, facets final: 1682, pending: 125
I 3764.29] Elapsed: 1:02:44, vertices: 633, facets final: 1684, pending: 123
I 3770.52] Elapsed: 1:02:51, vertices: 639, facets final: 1690, pending: 108
I 3777.92] Elapsed: 1:02:58, vertices: 640, facets final: 1694, pending: 105
I 3783.58] Elapsed: 1:03:04, vertices: 640, facets final: 1697, pending: 102
Warning: numerical instability (primal simplex, phase II)
Warning: numerical instability (primal simplex, phase II)
Warning: numerical instability (primal simplex, phase II)
I 3789.15] Elapsed: 1:03:09, vertices: 641, facets final: 1698, pending: 100
I 3794.18] Elapsed: 1:03:14, vertices: 644, facets final: 1702, pending: 93
I 3799.22] Elapsed: 1:03:19, vertices: 647, facets final: 1705, pending: 82
I 3805.99] Elapsed: 1:03:26, vertices: 650, facets final: 1707, pending: 78
I 3811.54] Elapsed: 1:03:32, vertices: 652, facets final: 1710, pending: 74
I 3816.71] Elapsed: 1:03:37, vertices: 654, facets final: 1710, pending: 71
I 3822.12] Elapsed: 1:03:42, vertices: 658, facets final: 1715, pending: 58
I 3828.36] Elapsed: 1:03:48, vertices: 659, facets final: 1717, pending: 55
Warning: numerical instability (primal simplex, phase II)
I 3835.24] Elapsed: 1:03:55, vertices: 664, facets final: 1718, pending: 55
I 3841.24] Elapsed: 1:04:01, vertices: 667, facets final: 1724, pending: 49
I 3846.57] Elapsed: 1:04:07, vertices: 670, facets final: 1727, pending: 39
I 3851.93] Elapsed: 1:04:12, vertices: 670, facets final: 1731, pending: 35
I 3858.99] Elapsed: 1:04:19, vertices: 670, facets final: 1734, pending: 32
Warning: numerical instability (primal simplex, phase II)
I 3867.68] Elapsed: 1:04:28, vertices: 670, facets final: 1739, pending: 27
I 3874.58] Elapsed: 1:04:35, vertices: 670, facets final: 1742, pending: 24
I 3879.84] Elapsed: 1:04:40, vertices: 670, facets final: 1747, pending: 19
I 3884.87] Elapsed: 1:04:45, vertices: 670, facets final: 1752, pending: 14
I 3891.55] Elapsed: 1:04:52, vertices: 670, facets final: 1756, pending: 10
I 3896.68] Elapsed: 1:04:57, vertices: 670, facets final: 1760, pending: 6
I 3903.13] Elapsed: 1:05:03, vertices: 672, facets final: 1762, pending: 2
I 3903.51] Elapsed: 1:05:04, vertices: 672, facets final: 1764, pending: 0

--------------------------------
V  7/10 11/10 11/10 0 0 0 0 0 0 0
V  0 1/4 1/4 1/2 5/4 3/2 0 0 0 0
V  0 0 0 1/2 3/2 1 0 0 0 0
V  0 0 0 2 1/3 8/3 0 0 0 0
V  2 8/3 1/3 0 0 0 0 0 0 0
V  0 1/2 0 3/2 1/2 3/2 0 0 0 0
V  9/5 11/5 1/5 0 2/5 2/5 0 0 0 0
V  0 5/13 5/13 14/13 5/13 21/13 0 0 0 0
V  1/2 1 3/2 0 0 0 0 0 0 0
V  3/2 3/2 1/2 0 0 1/2 0 0 0 0
V  0 0 0 5/8 9/8 11/8 0 0 0 0
V  0 0 0 1 1 1 0 0 0 0
V  1 1 1 0 0 0 0 0 0 0
V  1/19 8/19 9/19 12/19 17/19 20/19 0 0 0 0
V  0 0 0 9/8 5/8 7/4 0 0 0 0
V  0 0 0 7/10 11/10 11/10 0 0 0 0
V  0 0 0 7/8 7/8 5/4 0 0 0 0
V  7/4 2 1/4 0 1/4 1/2 0 0 0 0
V  4/3 5/3 1/3 0 1/3 1/3 0 0 0 0
V  3/2 7/4 1/2 0 0 0 0 0 0 0
V  7/4 9/4 1/4 0 1/4 1/4 0 0 0 0
V  0 1/6 1/6 2/3 1 4/3 0 0 0 0
V  0 0 0 4/5 1 11/10 0 0 0 0
V  7/8 5/4 7/8 0 0 0 0 0 0 0
V  5/8 11/8 9/8 0 0 0 0 0 0 0
V  0 2/5 2/5 9/5 1/5 11/5 0 0 0 0
V  0 2/3 0 2 1/3 2 0 0 0 0
V  3/13 11/13 6/13 6/13 8/13 9/13 0 0 0 0
V  2 2 1/3 0 0 2/3 0 0 0 0
V  9/5 11/5 2/5 0 0 0 0 0 0 0
V  0 0 0 3/2 1/2 7/4 0 0 0 0
V  0 0 0 3/5 6/5 6/5 0 0 0 0
V  0 0 0 3/4 1 5/4 0 0 0 0
V  0 1/4 1/4 7/4 1/4 9/4 0 0 0 0
V  0 1/4 0 9/8 5/8 3/2 0 0 0 0
V  12/11 21/11 4/11 0 5/11 5/11 0 0 0 0
V  10/17 12/17 4/17 20/17 3/17 26/17 0 0 0 0
V  9/8 3/2 5/8 0 0 1/4 0 0 0 0
V  3/5 6/5 6/5 0 0 0 0 0 0 0
V  9/7 11/7 1/7 4/7 2/7 1 0 0 0 0
V  0 3/11 3/11 12/11 5/11 17/11 0 0 0 0
V  0 2/5 0 9/5 2/5 9/5 0 0 0 0
V  0 0 0 9/5 2/5 11/5 0 0 0 0
V  0 1/5 1/5 1 3/5 7/5 0 0 0 0
V  1 5/4 5/6 0 0 0 0 0 0 0
V  0 1/3 1/3 4/3 1/3 5/3 0 0 0 0
V  0 0 0 1 5/6 5/4 0 0 0 0
V  5/4 5/3 7/12 0 0 0 0 0 0 0
V  4/3 5/3 1/6 1/2 1/4 3/4 0 0 0 0
V  1/9 5/12 19/36 5/9 7/9 8/9 0 0 0 0
V  14/11 16/11 2/11 7/11 2/11 1 0 0 0 0
V  2/3 4/5 2/15 4/3 1/5 26/15 0 0 0 0
V  7/6 17/12 2/3 0 0 1/6 0 0 0 0
V  0 1/2 1/4 7/4 1/4 2 0 0 0 0
V  3/4 5/4 1 0 0 0 0 0 0 0
V  9/5 9/5 2/5 0 0 2/5 0 0 0 0
V  0 0 0 5/4 7/12 5/3 0 0 0 0
V  12/11 17/11 5/11 0 3/11 3/11 0 0 0 0
V  1/9 1/2 1/2 5/9 7/9 8/9 0 0 0 0
V  29/33 79/77 50/231 28/33 16/77 232/231 0 0 0 0
V  4/5 11/10 1 0 0 0 0 0 0 0
V  14/33 7/11 5/33 25/33 5/11 15/11 0 0 0 0
V  32/65 48/65 18/65 76/65 11/65 98/65 0 0 0 0
V  148/147 184/147 8/49 146/147 25/147 60/49 0 0 0 0
V  0 1/6 1/6 7/6 1/2 19/12 0 0 0 0
V  0 1/5 1/5 4/5 4/5 7/5 0 0 0 0
V  31/44 12/11 15/44 5/11 3/11 15/22 0 0 0 0
V  9/8 7/4 5/8 0 0 0 0 0 0 0
V  10/17 15/17 4/17 20/17 3/17 23/17 0 0 0 0
V  25/33 15/11 5/11 14/33 5/33 7/11 0 0 0 0
V  4/7 6/7 2/7 9/7 1/7 12/7 0 0 0 0
V  16/19 21/19 4/19 20/19 3/19 23/19 0 0 0 0
V  4/7 3/4 1/7 5/7 3/7 33/28 0 0 0 0
V  0 1/7 1/7 4/7 8/7 10/7 0 0 0 0
V  11/10 3/2 1/2 0 1/5 3/10 0 0 0 0
V  5/13 10/13 4/13 6/13 8/13 9/13 0 0 0 0
V  19/23 24/23 10/23 13/23 3/23 16/23 0 0 0 0
V  0 1/12 1/12 3/4 1 9/8 0 0 0 0
V  18/25 23/25 2/5 4/5 3/25 26/25 0 0 0 0
V  1/30 1/5 1/5 19/30 31/30 31/30 0 0 0 0
V  20/17 26/17 3/17 10/17 4/17 12/17 0 0 0 0
V  1 6/5 3/10 1/2 1/5 3/5 0 0 0 0
V  7/5 8/5 1/5 2/5 1/5 4/5 0 0 0 0
V  32/29 40/29 4/29 16/29 10/29 25/29 0 0 0 0
V  32/27 40/27 4/27 7/9 2/9 1 0 0 0 0
V  9/13 11/13 1/13 10/13 6/13 18/13 0 0 0 0
V  7/8 5/4 1/8 5/8 3/8 15/16 0 0 0 0
V  8/17 40/51 40/51 7/17 8/51 12/17 0 0 0 0
V  0 1/3 1/3 1 1/2 3/2 0 0 0 0
V  20/21 26/21 1/7 13/21 1/3 6/7 0 0 0 0
V  13/24 3/4 7/24 5/6 1/4 1 0 0 0 0
V  15/14 19/14 1/7 5/7 2/7 6/7 0 0 0 0
V  1 3/2 1/2 0 1/3 1/3 0 0 0 0
V  12/19 20/19 17/19 1/19 9/19 8/19 0 0 0 0
V  7/5 9/5 1/5 2/5 1/5 3/5 0 0 0 0
V  1/2 3/5 1/5 1 3/10 6/5 0 0 0 0
V  5/4 5/3 1/3 0 5/12 5/12 0 0 0 0
V  13/11 16/11 3/11 5/11 2/11 6/11 0 0 0 0
V  22/25 27/25 7/25 47/100 27/100 33/50 0 0 0 0
V  16/29 25/29 10/29 32/29 4/29 40/29 0 0 0 0
V  7/11 9/11 2/11 14/11 2/11 18/11 0 0 0 0
V  1/36 1/4 13/36 13/18 31/36 7/6 0 0 0 0
V  1/30 1/4 23/60 2/3 14/15 11/10 0 0 0 0
V  16/35 5/7 2/7 6/5 6/35 54/35 0 0 0 0
V  1/2 17/20 2/5 4/5 1/5 21/20 0 0 0 0
V  6/13 10/13 10/13 6/13 2/13 9/13 0 0 0 0
V  20/17 23/17 3/17 10/17 4/17 15/17 0 0 0 0
V  2/5 2/3 2/3 1/2 7/30 4/5 0 0 0 0
V  1/2 3/4 1/4 4/3 1/6 5/3 0 0 0 0
V  47/100 33/50 27/100 22/25 7/25 27/25 0 0 0 0
V  5/11 6/11 2/11 13/11 3/11 16/11 0 0 0 0
V  5/6 1 1/6 5/4 1/6 19/12 0 0 0 0
V  28/33 13/11 13/33 47/132 9/44 1/2 0 0 0 0
V  20/19 26/19 3/19 16/19 4/19 18/19 0 0 0 0
V  13/18 1 7/18 5/6 1/9 19/18 0 0 0 0
V  3/5 23/30 1/3 13/15 1/5 16/15 0 0 0 0
V  7/8 1 1/8 5/8 3/8 5/4 0 0 0 0
V  5/6 1 1/4 13/24 7/24 3/4 0 0 0 0
V  1/30 1/3 13/30 11/15 4/5 6/5 0 0 0 0
V  5/11 15/22 3/11 31/44 15/44 12/11 0 0 0 0
V  7/11 21/22 4/11 32/33 4/33 83/66 0 0 0 0
V  10/9 4/3 2/9 1 1/9 14/9 0 0 0 0
V  1/23 7/23 8/23 14/23 1 24/23 0 0 0 0
V  5/8 5/4 3/8 7/8 1/8 1 0 0 0 0
V  6/5 54/35 6/35 16/35 2/7 5/7 0 0 0 0
V  1/2 11/14 4/7 3/14 1/2 6/7 0 0 0 0
V  5/12 17/24 1/3 7/6 1/6 37/24 0 0 0 0
V  16/35 31/35 2/7 6/5 6/35 48/35 0 0 0 0
V  1 7/5 3/5 0 1/5 1/5 0 0 0 0
V  0 5/12 5/12 5/4 1/3 5/3 0 0 0 0
V  6/23 14/23 14/23 16/23 6/23 25/23 0 0 0 0
V  9/11 23/22 5/11 15/22 1/11 19/22 0 0 0 0
V  32/37 44/37 5/37 47/74 27/74 33/37 0 0 0 0
V  17/23 29/23 10/23 18/23 2/23 22/23 0 0 0 0
V  14/13 21/13 5/13 0 5/13 5/13 0 0 0 0
V  5/8 15/16 3/8 7/8 1/8 5/4 0 0 0 0
V  5/7 33/28 3/7 4/7 1/7 3/4 0 0 0 0
V  2/5 3/5 1/5 7/5 1/5 9/5 0 0 0 0
V  1 60/53 14/53 47/106 27/106 39/53 0 0 0 0
V  6/13 9/13 8/13 3/13 6/13 11/13 0 0 0 0
V  16/41 31/41 16/41 54/41 6/41 66/41 0 0 0 0
V  1/11 4/11 4/11 6/11 10/11 10/11 0 0 0 0
V  47/112 33/56 27/112 31/28 1/4 39/28 0 0 0 0
V  12/41 36/41 27/41 14/41 21/41 23/41 0 0 0 0
V  148/191 184/191 24/191 203/191 50/191 237/191 0 0 0 0
V  13/21 1 1/3 20/21 1/7 23/21 0 0 0 0
V  11/18 5/6 5/18 5/9 1/3 19/18 0 0 0 0
V  5/9 8/9 7/9 1/9 1/2 1/2 0 0 0 0
V  5/8 15/16 3/8 11/16 3/16 15/16 0 0 0 0
V  31/28 39/28 1/4 47/112 27/112 33/56 0 0 0 0
V  7/13 1 4/13 14/13 2/13 16/13 0 0 0 0
V  49/60 29/30 1/5 53/60 7/30 41/40 0 0 0 0
V  1/2 21/26 7/26 1 3/13 29/26 0 0 0 0
V  5/11 15/22 3/11 10/11 3/11 25/22 0 0 0 0
V  7/6 19/12 1/2 0 1/6 1/6 0 0 0 0
V  15/22 19/22 1/11 9/11 5/11 23/22 0 0 0 0
V  5/9 19/18 1/3 11/18 5/18 5/6 0 0 0 0
V  38/41 51/41 20/41 20/41 3/41 23/41 0 0 0 0
V  5/7 9/7 3/7 4/7 1/7 5/7 0 0 0 0
V  10/11 12/11 3/11 8/11 2/11 9/11 0 0 0 0
V  22/27 26/27 2/9 23/27 2/9 53/54 0 0 0 0
V  15/23 45/46 9/23 12/23 5/23 21/23 0 0 0 0
V  20/19 23/19 3/19 16/19 4/19 21/19 0 0 0 0
V  49/58 33/29 1/2 18/29 2/29 51/58 0 0 0 0
V  4/3 26/15 1/5 2/3 2/15 4/5 0 0 0 0
V  0 1/6 0 7/6 2/3 17/12 0 0 0 0
V  1/12 3/8 11/24 2/3 17/24 25/24 0 0 0 0
V  14/11 18/11 2/11 7/11 2/11 9/11 0 0 0 0
V  1 11/9 1/9 10/9 2/9 5/3 0 0 0 0
V  1 9/8 1/4 15/16 1/8 19/16 0 0 0 0
V  5/6 4/3 1/6 7/6 1/6 4/3 0 0 0 0
V  2/5 4/5 1/5 7/5 1/5 8/5 0 0 0 0
V  23/27 53/54 2/9 22/27 2/9 26/27 0 0 0 0
V  20/21 23/21 1/7 13/21 1/3 1 0 0 0 0
V  13/12 4/3 1/4 2/3 1/6 3/4 0 0 0 0
V  10/19 15/19 6/19 20/19 3/19 27/19 0 0 0 0
V  5/26 25/52 4/13 12/13 5/13 69/52 0 0 0 0
V  17/32 3/4 5/32 47/64 27/64 33/32 0 0 0 0
V  11/15 16/15 4/15 6/5 2/15 22/15 0 0 0 0
V  5/18 5/12 1/6 25/18 5/18 7/4 0 0 0 0
V  7/9 1 2/9 32/27 4/27 40/27 0 0 0 0
V  32/65 59/65 18/65 76/65 11/65 87/65 0 0 0 0
V  32/33 83/66 4/33 7/11 4/11 21/22 0 0 0 0
V  1/36 1/6 5/18 23/36 37/36 13/12 0 0 0 0
V  6/5 48/35 6/35 16/35 2/7 31/35 0 0 0 0
V  2/3 13/9 1 0 1/9 1/9 0 0 0 0
V  23/25 26/25 6/25 13/25 7/25 4/5 0 0 0 0
V  0 1/11 1/11 8/11 1 13/11 0 0 0 0
V  14/13 16/13 2/13 7/13 4/13 1 0 0 0 0
V  16/19 18/19 4/19 20/19 3/19 26/19 0 0 0 0
V  13/15 16/15 1/5 3/5 1/3 23/30 0 0 0 0
V  4/15 4/5 3/5 2/5 8/15 3/5 0 0 0 0
V  1/24 5/16 5/16 2/3 11/12 25/24 0 0 0 0
V  3/14 11/14 3/7 3/7 5/7 5/7 0 0 0 0
V  32/37 39/37 5/37 47/74 27/74 38/37 0 0 0 0
V  3/5 13/15 1/3 13/15 1/5 29/30 0 0 0 0
V  167/161 201/161 32/161 148/161 24/161 8/7 0 0 0 0
V  28/33 232/231 16/77 29/33 50/231 79/77 0 0 0 0
V  1/2 4/5 7/30 2/5 2/3 2/3 0 0 0 0
V  5/12 7/8 1/3 7/6 1/6 11/8 0 0 0 0
V  6/13 9/13 2/13 6/13 10/13 10/13 0 0 0 0
V  148/161 8/7 24/161 167/161 32/161 201/161 0 0 0 0
V  1/21 3/14 11/42 2/3 19/21 43/42 0 0 0 0
V  3/7 5/7 5/7 3/14 3/7 11/14 0 0 0 0
V  1 16/13 3/13 1/2 7/26 9/13 0 0 0 0
V  2/3 1 2/15 4/3 1/5 23/15 0 0 0 0
V  0 3/10 1/5 11/10 1/2 3/2 0 0 0 0
V  167/201 1 32/201 196/201 16/67 232/201 0 0 0 0
V  47/142 33/71 27/142 92/71 19/71 116/71 0 0 0 0
V  4/5 21/20 1/5 1/2 2/5 17/20 0 0 0 0
V  76/65 98/65 11/65 32/65 18/65 48/65 0 0 0 0
V  18/23 22/23 2/23 17/23 10/23 29/23 0 0 0 0
V  7/11 10/11 13/33 32/33 4/33 40/33 0 0 0 0
V  203/191 237/191 50/191 148/191 24/191 184/191 0 0 0 0
V  47/132 1/2 9/44 28/33 13/33 13/11 0 0 0 0
V  13/21 6/7 1/3 20/21 1/7 26/21 0 0 0 0
V  10/19 18/19 6/19 20/19 3/19 24/19 0 0 0 0
V  8/11 9/11 2/11 10/11 3/11 12/11 0 0 0 0
V  8/7 10/7 5/7 0 0 0 0 0 0 0
V  53/50 123/100 7/25 37/50 3/25 23/25 0 0 0 0
V  4/5 26/25 3/25 18/25 2/5 23/25 0 0 0 0
V  13/10 8/5 3/5 0 0 0 0 0 0 0
V  146/147 60/49 25/147 148/147 8/49 184/147 0 0 0 0
V  16/27 8/9 1/3 173/162 11/81 217/162 0 0 0 0
V  26/27 11/9 1/3 10/27 2/9 5/9 0 0 0 0
V  2/3 3/4 1/6 13/12 1/4 4/3 0 0 0 0
V  6/11 10/11 7/33 4/11 23/33 23/33 0 0 0 0
V  47/84 11/14 9/28 7/12 25/84 13/14 0 0 0 0
V  1 29/26 3/13 1/2 7/26 21/26 0 0 0 0
V  173/162 217/162 11/81 16/27 1/3 8/9 0 0 0 0
V  19/22 12/11 5/11 5/11 3/22 6/11 0 0 0 0
V  2/3 25/24 11/12 1/24 5/16 5/16 0 0 0 0
V  9/13 14/13 1/13 10/13 6/13 15/13 0 0 0 0
V  47/74 33/37 27/74 32/37 5/37 44/37 0 0 0 0
V  17/14 3/2 9/14 0 0 1/14 0 0 0 0
V  47/142 48/71 27/142 92/71 19/71 101/71 0 0 0 0
V  13/18 1 7/18 11/18 1/6 7/9 0 0 0 0
V  196/201 232/201 16/67 167/201 32/201 1 0 0 0 0
V  54/41 66/41 6/41 16/41 16/41 31/41 0 0 0 0
V  47/112 3/4 27/112 31/28 1/4 69/56 0 0 0 0
V  2/7 4/7 4/7 2/3 2/7 1 0 0 0 0
V  14/13 37/26 2/13 7/13 4/13 21/26 0 0 0 0
V  1/10 7/20 9/20 11/20 17/20 9/10 0 0 0 0
V  6/13 9/13 8/13 4/13 5/13 10/13 0 0 0 0
V  13/25 4/5 7/25 23/25 6/25 26/25 0 0 0 0
V  25/33 25/22 5/11 14/33 5/33 28/33 0 0 0 0
V  1 11/9 1/9 7/9 1/3 10/9 0 0 0 0
V  2/3 4/3 1 0 1/6 1/6 0 0 0 0
V  14/33 28/33 5/33 25/33 5/11 25/22 0 0 0 0
V  53/60 41/40 7/30 49/60 1/5 29/30 0 0 0 0
V  15/23 105/92 9/23 12/23 5/23 3/4 0 0 0 0
V  5/18 23/36 1/6 25/18 5/18 55/36 0 0 0 0
V  9/14 23/28 5/14 5/7 3/14 6/7 0 0 0 0
V  89/105 103/105 22/105 88/105 8/35 104/105 0 0 0 0
V  19/30 13/15 11/30 14/15 2/15 37/30 0 0 0 0
V  88/105 104/105 8/35 89/105 22/105 103/105 0 0 0 0
V  9/13 34/39 6/13 22/39 7/39 9/13 0 0 0 0
V  6/5 22/15 2/15 11/15 4/15 16/15 0 0 0 0
V  11/18 7/9 1/6 13/18 7/18 1 0 0 0 0
V  12/13 69/52 5/13 5/26 4/13 25/52 0 0 0 0
V  3/2 11/6 1/6 1/3 1/3 2/3 0 0 0 0
V  5/6 19/18 1/9 13/18 7/18 1 0 0 0 0
V  19/23 51/46 10/23 13/23 3/23 29/46 0 0 0 0
V  0 0 0 8/7 5/7 10/7 0 0 0 0
V  20/29 33/29 12/29 23/29 3/29 30/29 0 0 0 0
V  5/11 15/22 2/11 13/11 3/11 29/22 0 0 0 0
V  32/33 40/33 4/33 7/11 13/33 10/11 0 0 0 0
V  8/9 10/9 1/9 17/24 3/8 25/24 0 0 0 0
V  5/9 8/9 7/9 1/9 19/36 5/12 0 0 0 0
V  7/6 11/8 1/6 5/12 1/3 7/8 0 0 0 0
V  76/65 87/65 11/65 32/65 18/65 59/65 0 0 0 0
V  14/13 18/13 2/13 7/13 1/3 10/13 0 0 0 0
V  38/41 48/41 20/41 20/41 3/41 26/41 0 0 0 0
V  4/11 23/33 23/33 6/11 7/33 10/11 0 0 0 0
V  54/65 68/65 36/65 32/65 1/13 44/65 0 0 0 0
V  7/6 4/3 1/6 5/6 1/6 4/3 0 0 0 0
V  10/11 25/22 3/11 5/11 3/11 15/22 0 0 0 0
V  1 8/7 1/7 17/28 9/28 29/28 0 0 0 0
V  18/23 51/46 2/23 17/23 10/23 51/46 0 0 0 0
V  1 9/7 1/7 17/28 9/28 25/28 0 0 0 0
V  7/9 10/9 1/3 1 1/9 11/9 0 0 0 0
V  17/23 51/46 10/23 18/23 2/23 51/46 0 0 0 0
V  7/11 1 2/11 14/11 2/11 16/11 0 0 0 0
V  15/46 12/23 7/46 11/23 19/23 20/23 0 0 0 0
V  47/64 33/32 27/64 17/32 5/32 3/4 0 0 0 0
V  7/11 1 4/11 32/33 4/33 40/33 0 0 0 0
V  12/23 3/4 5/23 15/23 9/23 105/92 0 0 0 0
V  1/2 3/4 3/14 5/14 5/7 11/14 0 0 0 0
V  0 0 0 13/10 3/5 8/5 0 0 0 0
V  369/334 231/167 45/334 179/334 61/167 145/167 0 0 0 0
V  32/33 40/33 4/33 7/11 4/11 1 0 0 0 0
V  1/2 9/13 7/26 1 3/13 16/13 0 0 0 0
V  125/136 87/68 57/136 5/17 3/17 15/34 0 0 0 0
V  10/27 5/9 2/9 26/27 1/3 11/9 0 0 0 0
V  1 24/19 10/19 15/38 1/19 1/2 0 0 0 0
V  9/7 12/7 1/7 4/7 2/7 6/7 0 0 0 0
V  5/8 37/32 3/8 7/8 1/8 33/32 0 0 0 0
V  179/334 145/167 61/167 369/334 45/334 231/167 0 0 0 0
V  0 1/14 0 17/14 9/14 3/2 0 0 0 0
V  7/13 21/26 4/13 14/13 2/13 37/26 0 0 0 0
V  1/17 5/17 5/17 11/17 15/17 1 0 0 0 0
V  17/24 25/24 3/8 8/9 1/9 10/9 0 0 0 0
V  22/27 1 7/27 19/36 11/36 19/27 0 0 0 0
V  4/7 5/7 1/7 5/7 3/7 9/7 0 0 0 0
V  5/17 15/34 3/17 125/136 57/136 87/68 0 0 0 0
V  47/74 38/37 27/74 32/37 5/37 39/37 0 0 0 0
V  23/21 10/7 1/7 10/21 8/21 17/21 0 0 0 0
V  4/7 6/7 1/7 5/7 3/7 15/14 0 0 0 0
V  5/7 6/7 3/14 9/14 5/14 23/28 0 0 0 0
V  2/3 1 2/7 2/7 4/7 4/7 0 0 0 0
V  4/7 1 2/7 9/7 1/7 11/7 0 0 0 0
V  13/18 7/6 31/36 1/36 13/36 1/4 0 0 0 0
V  1 6/5 1/5 16/15 2/15 23/15 0 0 0 0
V  77/95 91/95 16/95 88/95 24/95 104/95 0 0 0 0
V  88/95 104/95 24/95 77/95 16/95 91/95 0 0 0 0
V  20/29 30/29 12/29 23/29 3/29 33/29 0 0 0 0
V  2/3 11/10 14/15 1/30 23/60 1/4 0 0 0 0
V  1/6 11/20 2/5 14/15 1/3 17/12 0 0 0 0
V  25/18 7/4 5/18 5/18 1/6 5/12 0 0 0 0
V  18/47 30/47 7/47 20/47 39/47 43/47 0 0 0 0
V  37/50 23/25 3/25 53/50 7/25 123/100 0 0 0 0
V  28/47 39/47 13/47 27/47 18/47 34/47 0 0 0 0
V  57/140 19/35 33/140 4/5 13/35 39/35 0 0 0 0
V  6/11 10/11 10/11 1/11 4/11 4/11 0 0 0 0
V  3/4 9/8 1 0 1/12 1/12 0 0 0 0
V  12/23 21/23 5/23 15/23 9/23 45/46 0 0 0 0
V  32/65 44/65 1/13 54/65 36/65 68/65 0 0 0 0
V  17/14 11/7 4/7 0 1/14 1/14 0 0 0 0
V  5/18 25/36 7/18 25/18 1/6 61/36 0 0 0 0
V  5/7 6/7 2/7 15/14 1/7 19/14 0 0 0 0
V  21/31 29/31 12/31 173/186 11/93 7/6 0 0 0 0
V  1 27/23 6/23 10/23 6/23 17/23 0 0 0 0
V  3/14 6/7 1/2 1/2 4/7 11/14 0 0 0 0
V  92/71 101/71 19/71 47/142 27/142 48/71 0 0 0 0
V  7/6 37/24 1/6 5/12 1/3 17/24 0 0 0 0
V  4/5 7/5 4/5 0 1/5 1/5 0 0 0 0
V  9/14 13/14 1/7 3/7 5/7 5/7 0 0 0 0
V  1/22 4/11 1/2 7/11 10/11 12/11 0 0 0 0
V  8/11 13/11 1 0 1/11 1/11 0 0 0 0
V  2/3 25/24 17/24 1/12 11/24 3/8 0 0 0 0
V  38/45 10/9 4/9 23/45 2/15 26/45 0 0 0 0
V  20/19 24/19 3/19 10/19 6/19 18/19 0 0 0 0
V  10/9 5/3 2/9 1 1/9 11/9 0 0 0 0
V  5/6 1 1/6 7/6 1/6 5/3 0 0 0 0
V  92/71 116/71 19/71 47/142 27/142 33/71 0 0 0 0
V  1 7/5 1/5 16/15 2/15 4/3 0 0 0 0
V  1/3 2/3 1/3 3/2 1/6 11/6 0 0 0 0
V  32/65 47/65 1/13 57/65 33/65 71/65 0 0 0 0
V  1/25 19/50 21/50 18/25 4/5 29/25 0 0 0 0
V  0 1/13 1/13 8/13 14/13 20/13 0 0 0 0
V  8/13 20/13 14/13 0 1/13 1/13 0 0 0 0
V  1/54 1/6 13/54 19/27 26/27 10/9 0 0 0 0
V  25/26 15/13 17/52 37/52 3/26 23/26 0 0 0 0
V  2/3 43/42 19/21 1/21 11/42 3/14 0 0 0 0
V  18/25 26/25 2/5 4/5 3/25 23/25 0 0 0 0
V  15/38 45/76 9/38 45/38 9/38 115/76 0 0 0 0
V  23/29 30/29 3/29 20/29 12/29 33/29 0 0 0 0
V  12/11 243/176 3/22 47/88 4/11 151/176 0 0 0 0
V  124/169 166/169 19/169 126/169 72/169 160/169 0 0 0 0
V  9/35 33/35 18/35 2/5 3/5 23/35 0 0 0 0
V  369/338 465/338 45/338 92/169 62/169 295/338 0 0 0 0
V  2/11 2/5 13/55 54/55 23/55 15/11 0 0 0 0
V  0 1/9 1/9 2/3 1 13/9 0 0 0 0
V  10/21 17/21 8/21 23/21 1/7 10/7 0 0 0 0
V  20/41 23/41 3/41 38/41 20/41 51/41 0 0 0 0
V  7/12 13/14 25/84 47/84 9/28 11/14 0 0 0 0
V  19/36 19/27 11/36 22/27 7/27 1 0 0 0 0
V  31/42 13/14 1/6 9/14 3/7 17/21 0 0 0 0
V  2/5 23/35 3/5 9/35 18/35 33/35 0 0 0 0
V  17/28 29/28 9/28 1 1/7 8/7 0 0 0 0
V  0 5/11 5/11 12/11 4/11 21/11 0 0 0 0
V  20/41 26/41 3/41 38/41 20/41 48/41 0 0 0 0
V  15/44 6/11 7/44 5/11 9/11 10/11 0 0 0 0
V  0 1/14 1/14 17/14 4/7 11/7 0 0 0 0
V  11/20 9/10 17/20 1/10 9/20 7/20 0 0 0 0
V  20/19 27/19 3/19 10/19 6/19 15/19 0 0 0 0
V  13/11 29/22 3/11 5/11 2/11 15/22 0 0 0 0
V  22/39 9/13 7/39 9/13 6/13 34/39 0 0 0 0
V  11/23 20/23 19/23 15/46 7/46 12/23 0 0 0 0
V  1/4 3/4 9/16 3/8 5/8 5/8 0 0 0 0
V  7/13 10/13 1/3 14/13 2/13 18/13 0 0 0 0
V  31/28 69/56 1/4 47/112 27/112 3/4 0 0 0 0
V  7/8 33/32 1/8 5/8 3/8 37/32 0 0 0 0
V  19/26 1 11/26 32/39 4/39 83/78 0 0 0 0
V  31/42 27/28 1/6 19/28 11/28 71/84 0 0 0 0
V  27/47 34/47 18/47 28/47 13/47 39/47 0 0 0 0
V  2/3 10/9 7/18 8/9 1/9 59/54 0 0 0 0
V  19/27 10/9 26/27 1/54 13/54 1/6 0 0 0 0
V  9/8 11/8 1/8 7/8 1/4 5/4 0 0 0 0
V  10/13 18/13 6/13 9/13 1/13 11/13 0 0 0 0
V  18/53 29/53 25/53 16/53 37/53 49/53 0 0 0 0
V  8/9 59/54 1/9 2/3 7/18 10/9 0 0 0 0
V  7/17 12/17 8/51 8/17 40/51 40/51 0 0 0 0
V  4/13 10/13 5/13 6/13 8/13 9/13 0 0 0 0
V  47/88 151/176 4/11 12/11 3/22 243/176 0 0 0 0
V  10/23 17/23 6/23 1 6/23 27/23 0 0 0 0
V  4/15 1 5/9 2/5 5/9 29/45 0 0 0 0
V  1 14/9 1/9 10/9 2/9 4/3 0 0 0 0
V  19/32 17/16 35/32 1/32 7/32 1/4 0 0 0 0
V  15/38 29/38 9/38 45/38 9/38 51/38 0 0 0 0
V  3/2 9/4 1/4 0 1/2 1/2 0 0 0 0
V  15/23 27/23 9/23 12/23 5/23 17/23 0 0 0 0
V  18/29 22/29 2/29 26/29 13/29 38/29 0 0 0 0
V  25/18 61/36 1/6 5/18 7/18 25/36 0 0 0 0
V  3/7 5/7 5/7 9/14 1/7 13/14 0 0 0 0
V  92/99 116/99 19/99 6/11 4/11 68/99 0 0 0 0
V  18/25 29/25 4/5 1/25 21/50 19/50 0 0 0 0
V  10/21 2/3 4/21 23/21 2/7 26/21 0 0 0 0
V  6/5 22/15 2/15 7/15 19/45 4/5 0 0 0 0
V  11/26 11/13 7/26 6/13 8/13 9/13 0 0 0 0
V  3/5 26/25 26/25 1/25 3/10 3/10 0 0 0 0
V  16/15 23/15 2/15 1 1/5 6/5 0 0 0 0
V  25/18 55/36 5/18 5/18 1/6 23/36 0 0 0 0
V  11/16 15/16 3/16 5/8 3/8 15/16 0 0 0 0
V  173/186 7/6 11/93 21/31 12/31 29/31 0 0 0 0
V  2/5 3/5 8/15 4/15 3/5 4/5 0 0 0 0
V  9/14 17/21 3/7 31/42 1/6 13/14 0 0 0 0
V  1/26 4/13 4/13 9/13 23/26 14/13 0 0 0 0
V  14/29 21/29 6/29 11/29 21/29 22/29 0 0 0 0
V  16/31 25/31 6/31 11/31 23/31 24/31 0 0 0 0
V  5/13 10/13 5/13 16/13 2/13 20/13 0 0 0 0
V  1/32 1/4 7/32 19/32 35/32 17/16 0 0 0 0
V  37/51 15/17 23/102 21/34 6/17 40/51 0 0 0 0
V  1/4 13/16 5/8 7/16 1/2 11/16 0 0 0 0
V  31/46 93/92 9/23 41/46 5/46 329/276 0 0 0 0
V  7/8 5/4 1/4 9/8 1/8 11/8 0 0 0 0
V  101/111 42/37 23/111 21/37 12/37 80/111 0 0 0 0
V  6/13 9/13 8/13 11/26 7/26 11/13 0 0 0 0
V  6/11 68/99 4/11 92/99 19/99 116/99 0 0 0 0
V  17/28 25/28 9/28 1 1/7 9/7 0 0 0 0
V  18/29 51/58 2/29 49/58 1/2 33/29 0 0 0 0
V  7/15 4/5 19/45 6/5 2/15 22/15 0 0 0 0
V  34/127 76/127 60/127 42/127 93/127 147/127 0 0 0 0
V  2/5 5/6 3/5 7/30 17/30 13/15 0 0 0 0
V  37/52 23/26 3/26 25/26 17/52 15/13 0 0 0 0
V  57/70 71/70 33/70 7/20 5/28 3/5 0 0 0 0
V  16/23 25/23 6/23 6/23 14/23 14/23 0 0 0 0
V  1/11 5/11 5/11 7/11 8/11 1 0 0 0 0
V  7/8 9/8 1/4 9/8 1/8 3/2 0 0 0 0
V  7/11 12/11 10/11 1/22 1/2 4/11 0 0 0 0
V  47/106 39/53 27/106 1 14/53 60/53 0 0 0 0
V  45/38 51/38 9/38 15/38 9/38 29/38 0 0 0 0
V  5/11 6/11 3/22 19/22 5/11 12/11 0 0 0 0
V  7/11 1 8/11 1/11 5/11 5/11 0 0 0 0
V  5/7 15/14 3/7 4/7 1/7 6/7 0 0 0 0
V  9/13 14/13 23/26 1/26 4/13 4/13 0 0 0 0
V  57/65 71/65 33/65 32/65 1/13 47/65 0 0 0 0
V  4/3 23/15 1/5 2/3 2/15 1 0 0 0 0
V  1/26 7/26 5/13 8/13 1 14/13 0 0 0 0
V  14/15 17/12 1/3 1/6 2/5 11/20 0 0 0 0
V  3/8 5/8 5/8 1/4 9/16 3/4 0 0 0 0
V  19/28 71/84 11/28 31/42 1/6 27/28 0 0 0 0
V  19/30 31/30 31/30 1/30 1/5 1/5 0 0 0 0
V  1/32 1/4 1/4 11/16 15/16 17/16 0 0 0 0
V  31/46 25/23 9/23 41/46 5/46 77/69 0 0 0 0
V  20/71 87/142 32/71 45/142 111/142 129/142 0 0 0 0
V  11/17 1 15/17 1/17 5/17 5/17 0 0 0 0
V  22/67 51/67 37/67 18/67 45/67 51/67 0 0 0 0
V  11/10 31/20 3/10 1/20 3/5 11/20 0 0 0 0
V  14/15 37/30 2/15 19/30 11/30 13/15 0 0 0 0
V  10/7 13/7 2/7 0 3/7 3/7 0 0 0 0
V  19/26 71/78 11/26 22/39 7/39 19/26 0 0 0 0
V  19/61 118/183 30/61 18/61 133/183 155/183 0 0 0 0
V  14/45 5/9 13/27 43/135 92/135 17/15 0 0 0 0
V  29/92 15/23 45/92 27/92 67/92 39/46 0 0 0 0
V  11/16 17/16 15/16 1/32 1/4 1/4 0 0 0 0
V  126/169 160/169 72/169 124/169 19/169 166/169 0 0 0 0
V  2/5 29/45 5/9 4/15 5/9 1 0 0 0 0
V  25/33 59/44 5/11 14/33 5/33 85/132 0 0 0 0
V  32/39 83/78 4/39 19/26 11/26 1 0 0 0 0
V  16/15 4/3 2/15 1 1/5 7/5 0 0 0 0
V  23/29 26/29 6/29 18/29 10/29 25/29 0 0 0 0
V  43/148 22/37 18/37 12/37 51/74 42/37 0 0 0 0
V  25/71 42/71 36/71 21/71 45/71 147/142 0 0 0 0
V  14/41 23/41 21/41 12/41 27/41 36/41 0 0 0 0
V  25/34 61/68 3/34 25/34 15/34 89/68 0 0 0 0
V  54/55 15/11 23/55 2/11 13/55 2/5 0 0 0 0
V  1/3 35/51 9/17 29/102 67/102 97/102 0 0 0 0
V  9/8 3/2 1/8 7/8 1/4 9/8 0 0 0 0
V  10/13 15/13 6/13 9/13 1/13 14/13 0 0 0 0
V  27/106 55/106 45/106 18/53 43/53 1 0 0 0 0
V  25/83 42/83 36/83 27/83 63/83 159/166 0 0 0 0
V  12/23 17/23 5/23 15/23 9/23 27/23 0 0 0 0
V  3/11 7/11 21/44 57/176 129/176 195/176 0 0 0 0
V  26/29 75/58 13/29 18/29 2/29 45/58 0 0 0 0
V  57/94 71/94 33/94 28/47 13/47 81/94 0 0 0 0
V  32/113 55/113 47/113 38/113 89/113 112/113 0 0 0 0
V  7/6 5/3 1/6 5/6 1/6 1 0 0 0 0
V  27/71 54/71 40/71 18/71 43/71 60/71 0 0 0 0
V  10/9 44/27 10/27 0 11/27 11/27 0 0 0 0
V  3/10 11/18 1/2 14/45 31/45 49/45 0 0 0 0
V  14/23 24/23 1 1/23 8/23 7/23 0 0 0 0
V  13/23 16/23 3/23 19/23 10/23 24/23 0 0 0 0
V  27/35 34/35 18/35 7/20 5/28 39/70 0 0 0 0
V  7/16 11/16 1/2 1/4 5/8 13/16 0 0 0 0
V  9/8 177/128 9/64 131/256 23/64 7/8 0 0 0 0
V  6/5 28/15 1/3 0 7/15 7/15 0 0 0 0
V  15/38 1/2 1/19 1 10/19 24/19 0 0 0 0
V  4/11 29/33 7/11 8/33 6/11 29/33 0 0 0 0
V  42/127 147/127 93/127 34/127 60/127 76/127 0 0 0 0
V  76/73 98/73 11/73 42/73 24/73 58/73 0 0 0 0
V  92/99 119/99 19/99 19/33 1/3 71/99 0 0 0 0
V  1/3 2/3 20/39 11/39 9/13 21/26 0 0 0 0
V  15/16 19/16 1/8 1 1/4 9/8 0 0 0 0
V  22/73 45/73 36/73 23/73 50/73 81/73 0 0 0 0
V  22/39 19/26 7/39 19/26 11/26 71/78 0 0 0 0
V  18/29 25/29 10/29 23/29 6/29 26/29 0 0 0 0
V  11/15 6/5 4/5 1/30 13/30 1/3 0 0 0 0
V  14/33 85/132 5/33 25/33 5/11 59/44 0 0 0 0
V  70/229 124/229 108/229 75/229 156/229 267/229 0 0 0 0
V  4/9 76/81 2/3 16/81 13/27 61/81 0 0 0 0
V  45/38 115/76 9/38 15/38 9/38 45/76 0 0 0 0
V  54/83 75/83 23/83 45/83 27/83 78/83 0 0 0 0
V  27/79 54/79 40/79 22/79 55/79 64/79 0 0 0 0
V  24/61 50/61 36/61 29/122 71/122 101/122 0 0 0 0
V  9/25 3/5 38/75 22/75 47/75 27/25 0 0 0 0
V  57/92 19/23 33/92 49/92 25/92 39/46 0 0 0 0
V  20/73 136/219 34/73 143/438 325/438 487/438 0 0 0 0
V  7/20 3/5 5/28 57/70 33/70 71/70 0 0 0 0
V  89/263 186/263 140/263 147/526 345/526 483/526 0 0 0 0
V  31/30 13/10 7/30 19/40 11/40 19/30 0 0 0 0
V  89/296 93/148 35/74 45/148 3/4 129/148 0 0 0 0
V  26/29 38/29 13/29 18/29 2/29 22/29 0 0 0 0
V  22/61 51/61 37/61 15/61 36/61 48/61 0 0 0 0
V  27/89 45/89 38/89 29/89 68/89 86/89 0 0 0 0
V  24/103 56/103 42/103 36/103 87/103 105/103 0 0 0 0
V  1/25 3/10 3/10 3/5 26/25 26/25 0 0 0 0
V  24/65 58/65 42/65 3/13 36/65 48/65 0 0 0 0
V  27/76 45/76 1/2 45/152 97/152 159/152 0 0 0 0
V  12/43 51/86 41/86 14/43 31/43 49/43 0 0 0 0
V  28/47 81/94 13/47 57/94 33/94 71/94 0 0 0 0
V  17/58 35/58 27/58 9/29 22/29 26/29 0 0 0 0
V  23/21 26/21 2/7 10/21 4/21 2/3 0 0 0 0
V  2/3 77/72 7/18 8/9 1/9 9/8 0 0 0 0
V  21/34 40/51 6/17 37/51 23/102 15/17 0 0 0 0
V  57/82 38/41 33/82 32/41 5/41 44/41 0 0 0 0
V  23/36 13/12 37/36 1/36 5/18 1/6 0 0 0 0
V  23/26 33/26 11/26 9/13 1/13 11/13 0 0 0 0
V  13/15 29/30 1/5 3/5 1/3 13/15 0 0 0 0
V  27/25 81/50 19/50 0 2/5 2/5 0 0 0 0
V  6/23 75/161 65/161 8/23 131/161 166/161 0 0 0 0
V  0 1/2 1/2 3/2 1/4 9/4 0 0 0 0
V  45/83 78/83 27/83 54/83 23/83 75/83 0 0 0 0
V  21/37 80/111 12/37 101/111 23/111 42/37 0 0 0 0
V  92/169 295/338 62/169 369/338 45/338 465/338 0 0 0 0
V  8/25 19/25 14/25 7/25 16/25 1 0 0 0 0
V  11/38 49/76 39/76 6/19 51/76 21/19 0 0 0 0
V  18/61 155/183 133/183 19/61 30/61 118/183 0 0 0 0
V  12/37 42/37 51/74 43/148 18/37 22/37 0 0 0 0
V  143/438 487/438 325/438 20/73 34/73 136/219 0 0 0 0
V  244/237 310/237 47/237 42/79 24/79 160/237 0 0 0 0
V  57/163 118/163 90/163 44/163 103/163 145/163 0 0 0 0
V  18/53 1 43/53 27/106 45/106 55/106 0 0 0 0
V  131/256 7/8 23/64 9/8 9/64 177/128 0 0 0 0
V  80/251 174/251 128/251 147/502 345/502 483/502 0 0 0 0
V  5/4 19/12 1/6 5/6 1/6 1 0 0 0 0
V  74/95 92/95 12/95 91/95 28/95 108/95 0 0 0 0
V  18/29 45/58 2/29 26/29 13/29 75/58 0 0 0 0
V  0 3/7 3/7 10/7 2/7 13/7 0 0 0 0
V  6/13 9/13 8/13 5/13 4/13 10/13 0 0 0 0
V  6/17 25/34 9/17 9/34 23/34 27/34 0 0 0 0
V  8/15 5/6 1/5 1/3 11/15 4/5 0 0 0 0
V  9/31 55/93 15/31 10/31 65/93 35/31 0 0 0 0
V  44/163 145/163 103/163 57/163 90/163 118/163 0 0 0 0
V  10/27 148/243 14/27 70/243 49/81 259/243 0 0 0 0
V  37/118 65/118 28/59 19/59 40/59 68/59 0 0 0 0
V  15/64 17/32 51/128 45/128 109/128 131/128 0 0 0 0
V  49/92 39/46 25/92 57/92 33/92 19/23 0 0 0 0
V  22/75 27/25 47/75 9/25 38/75 3/5 0 0 0 0
V  29/122 101/122 71/122 24/61 36/61 50/61 0 0 0 0
V  24/71 58/71 42/71 18/71 45/71 51/71 0 0 0 0
V  34/151 76/151 60/151 54/151 129/151 159/151 0 0 0 0
V  1/3 55/96 47/96 59/192 127/192 69/64 0 0 0 0
V  23/29 33/29 3/29 20/29 12/29 30/29 0 0 0 0
V  35/129 26/43 20/43 85/258 191/258 293/258 0 0 0 0
V  7/23 25/46 65/138 15/46 95/138 80/69 0 0 0 0
V  4/5 39/35 13/35 57/140 33/140 19/35 0 0 0 0
V  2/3 1 7/18 8/9 1/9 43/36 0 0 0 0
V  15/61 48/61 36/61 22/61 37/61 51/61 0 0 0 0
V  25/34 89/68 15/34 25/34 3/34 61/68 0 0 0 0
V  19/50 38/75 11/50 92/75 19/75 116/75 0 0 0 0
V  8/13 14/13 1 1/26 5/13 7/26 0 0 0 0
V  6/7 26/21 3/7 43/63 5/63 53/63 0 0 0 0
V  29/82 30/41 45/82 11/41 26/41 73/82 0 0 0 0
V  13/23 29/46 3/23 19/23 10/23 51/46 0 0 0 0
V  4/5 23/25 3/25 18/25 2/5 26/25 0 0 0 0
V  0 7/15 7/15 6/5 1/3 28/15 0 0 0 0
V  8/9 9/8 1/9 2/3 7/18 77/72 0 0 0 0
V  5/7 26/21 3/7 16/21 2/21 20/21 0 0 0 0
V  19/40 19/30 11/40 31/30 7/30 13/10 0 0 0 0
V  18/49 30/49 1/7 22/49 41/49 43/49 0 0 0 0
V  16/53 49/53 37/53 18/53 25/53 29/53 0 0 0 0
V  9/35 59/70 3/5 13/35 4/7 26/35 0 0 0 0
V  18/67 51/67 45/67 22/67 37/67 51/67 0 0 0 0
V  11/39 21/26 9/13 1/3 20/39 2/3 0 0 0 0
V  14/43 49/43 31/43 12/43 41/86 51/86 0 0 0 0
V  6/19 21/19 51/76 11/38 39/76 49/76 0 0 0 0
V  57/176 195/176 129/176 3/11 21/44 7/11 0 0 0 0
V  41/46 77/69 5/46 31/46 9/23 25/23 0 0 0 0
V  8/9 26/23 37/207 14/23 8/23 160/207 0 0 0 0
V  4/17 1/2 41/102 6/17 43/51 53/51 0 0 0 0
V  92/75 116/75 19/75 19/50 11/50 38/75 0 0 0 0
V  18/71 60/71 43/71 27/71 40/71 54/71 0 0 0 0
V  13/35 26/35 4/7 9/35 3/5 59/70 0 0 0 0
V  9/13 11/13 1/13 23/26 11/26 33/26 0 0 0 0
V  1/20 11/20 3/5 11/10 3/10 31/20 0 0 0 0
V  22/79 64/79 55/79 27/79 40/79 54/79 0 0 0 0
V  14/45 49/45 31/45 3/10 1/2 11/18 0 0 0 0
V  7/20 39/70 5/28 27/35 18/35 34/35 0 0 0 0
V  16/81 61/81 13/27 4/9 2/3 76/81 0 0 0 0
V  43/135 17/15 92/135 14/45 13/27 5/9 0 0 0 0
V  29/89 86/89 68/89 27/89 38/89 45/89 0 0 0 0
V  75/229 267/229 156/229 70/229 108/229 124/229 0 0 0 0
V  147/526 483/526 345/526 89/263 140/263 186/263 0 0 0 0
V  0 11/27 11/27 10/9 10/27 44/27 0 0 0 0
V  19/66 41/66 16/33 7/22 47/66 37/33 0 0 0 0
V  42/79 160/237 24/79 244/237 47/237 310/237 0 0 0 0
V  9/11 27/22 9/22 8/11 1/11 19/22 0 0 0 0
V  23/45 26/45 2/15 38/45 4/9 10/9 0 0 0 0
V  8/9 43/36 1/9 2/3 7/18 1 0 0 0 0
V  45/128 131/128 109/128 15/64 51/128 17/32 0 0 0 0
V  11/41 73/82 26/41 29/82 45/82 30/41 0 0 0 0
V  7/30 13/15 17/30 2/5 3/5 5/6 0 0 0 0
V  85/258 293/258 191/258 35/129 20/43 26/43 0 0 0 0
V  3/13 48/65 36/65 24/65 42/65 58/65 0 0 0 0
V  9/34 27/34 23/34 6/17 9/17 25/34 0 0 0 0
V  42/73 58/73 24/73 76/73 11/73 98/73 0 0 0 0
V  41/46 329/276 5/46 31/46 9/23 93/92 0 0 0 0
V  35/152 39/76 15/38 27/76 65/76 79/76 0 0 0 0
V  32/41 44/41 5/41 57/82 33/82 38/41 0 0 0 0
V  45/152 159/152 97/152 27/76 1/2 45/76 0 0 0 0
V  16/13 20/13 2/13 5/13 5/13 10/13 0 0 0 0
V  43/63 53/63 5/63 6/7 3/7 26/21 0 0 0 0
V  8/33 29/33 6/11 4/11 7/11 29/33 0 0 0 0
V  70/243 259/243 49/81 10/27 14/27 148/243 0 0 0 0
V  23/73 81/73 50/73 22/73 36/73 45/73 0 0 0 0
V  8/23 166/161 131/161 6/23 65/161 75/161 0 0 0 0
V  59/192 69/64 127/192 1/3 47/96 55/96 0 0 0 0
V  9/29 26/29 22/29 17/58 27/58 35/58 0 0 0 0
V  147/502 483/502 345/502 80/251 128/251 174/251 0 0 0 0
V  0 2/5 2/5 27/25 19/50 81/50 0 0 0 0
V  19/33 71/99 1/3 92/99 19/99 119/99 0 0 0 0
V  14/23 160/207 8/23 8/9 37/207 26/23 0 0 0 0
V  54/151 159/151 129/151 34/151 60/151 76/151 0 0 0 0
V  18/71 51/71 45/71 24/71 42/71 58/71 0 0 0 0
V  27/92 39/46 67/92 29/92 45/92 15/23 0 0 0 0
V  16/21 20/21 2/21 5/7 3/7 26/21 0 0 0 0
V  8/11 19/22 1/11 9/11 9/22 27/22 0 0 0 0
V  7/25 1 16/25 8/25 14/25 19/25 0 0 0 0
V  7/22 37/33 47/66 19/66 16/33 41/66 0 0 0 0
V  10/31 35/31 65/93 9/31 15/31 55/93 0 0 0 0
V  19/59 68/59 40/59 37/118 28/59 65/118 0 0 0 0
V  27/83 159/166 63/83 25/83 36/83 42/83 0 0 0 0
V  91/95 108/95 28/95 74/95 12/95 92/95 0 0 0 0
V  29/102 97/102 67/102 1/3 9/17 35/51 0 0 0 0
V  6/17 53/51 43/51 4/17 41/102 1/2 0 0 0 0
V  36/103 105/103 87/103 24/103 42/103 56/103 0 0 0 0
V  45/142 129/142 111/142 20/71 32/71 87/142 0 0 0 0
V  15/46 80/69 95/138 7/23 65/138 25/46 0 0 0 0
V  38/113 112/113 89/113 32/113 47/113 55/113 0 0 0 0
V  21/71 147/142 45/71 25/71 36/71 42/71 0 0 0 0
V  5/11 10/11 9/11 15/44 7/44 6/11 0 0 0 0
V  27/76 79/76 65/76 35/152 15/38 39/76 0 0 0 0
V  5/14 11/14 5/7 1/2 3/14 3/4 0 0 0 0
V  45/148 129/148 3/4 89/296 35/74 93/148 0 0 0 0
V  20/47 43/47 39/47 18/47 7/47 30/47 0 0 0 0
V  11/29 22/29 21/29 14/29 6/29 21/29 0 0 0 0
V  1/3 4/5 11/15 8/15 1/5 5/6 0 0 0 0
V  22/49 43/49 41/49 18/49 1/7 30/49 0 0 0 0
V  11/31 24/31 23/31 16/31 6/31 25/31 0 0 0 0
V  1/2 3/2 5/4 0 1/4 1/4 0 0 0 0
V  4/7 10/7 8/7 0 1/7 1/7 0 0 0 0

--------------------------------
Problem completed
 name                    35.vlp
 output                  35.res
 rows, cols, objs        859, 10789, 10
 vertices, facets        672, 1764
 total time              1:05:04
--------------------------------
Statistics
LP:
 oracle calls            2436
   avg iterations/calls  3.85k
 total oracle time       1:05:03
Combinatorics:
 vertices added          672
 facets probed           2436
 facets # max            1888
 memory allocated        2.07M
 storage expansion
   vertices # / upto     6 / 764
   facets   # / upto     1 / 4092
 facet manipulating
   added avg / max       15.43 / 111.00
   compressed            3
 number of ridge tests
   avg / max             17.71k / 167.96k
--------------------------------
Parameters with non-default values
 OracleItLimit = 30000
