C copy string: rs=ac:bd;t=r:abs;u=r:bdt;v=r:bdtu
I    5.00] Elapsed: 5.00, vertices: 1, facets final: 7, pending: 3
I   10.01] Elapsed: 10.01, vertices: 11, facets final: 9, pending: 122
I   15.25] Elapsed: 15.25, vertices: 19, facets final: 14, pending: 267
I   20.36] Elapsed: 20.36, vertices: 28, facets final: 17, pending: 323
I   25.46] Elapsed: 25.46, vertices: 35, facets final: 24, pending: 451
I   30.92] Elapsed: 30.92, vertices: 44, facets final: 31, pending: 567
I   36.36] Elapsed: 36.36, vertices: 54, facets final: 38, pending: 593
I   41.46] Elapsed: 41.46, vertices: 60, facets final: 45, pending: 594
I   46.48] Elapsed: 46.48, vertices: 64, facets final: 55, pending: 581
I   51.66] Elapsed: 51.66, vertices: 68, facets final: 66, pending: 575
I   56.84] Elapsed: 56.84, vertices: 74, facets final: 80, pending: 470
I   61.95] Elapsed: 1:02, vertices: 78, facets final: 93, pending: 439
I   67.21] Elapsed: 1:07, vertices: 82, facets final: 103, pending: 436
I   72.24] Elapsed: 1:12, vertices: 86, facets final: 117, pending: 434
I   77.35] Elapsed: 1:17, vertices: 87, facets final: 129, pending: 411
I   82.52] Elapsed: 1:23, vertices: 89, facets final: 144, pending: 435
I   87.54] Elapsed: 1:28, vertices: 91, facets final: 158, pending: 449
I   92.64] Elapsed: 1:33, vertices: 92, facets final: 167, pending: 460
I   97.80] Elapsed: 1:38, vertices: 95, facets final: 180, pending: 400
I  103.12] Elapsed: 1:43, vertices: 98, facets final: 193, pending: 397
I  108.12] Elapsed: 1:48, vertices: 99, facets final: 207, pending: 372
I  113.69] Elapsed: 1:54, vertices: 100, facets final: 220, pending: 359
I  118.75] Elapsed: 1:59, vertices: 100, facets final: 237, pending: 342
I  120.60] recalculating facets...
I  124.36] Elapsed: 2:04, vertices: 102, facets final: 250, pending: 330
I  129.89] Elapsed: 2:10, vertices: 105, facets final: 263, pending: 298
I  134.99] Elapsed: 2:15, vertices: 107, facets final: 275, pending: 281
I  140.30] Elapsed: 2:20, vertices: 111, facets final: 295, pending: 248
I  145.63] Elapsed: 2:26, vertices: 112, facets final: 308, pending: 234
I  151.05] Elapsed: 2:31, vertices: 116, facets final: 320, pending: 210
I  156.08] Elapsed: 2:36, vertices: 119, facets final: 341, pending: 181
I  161.52] Elapsed: 2:42, vertices: 125, facets final: 358, pending: 150
I  166.85] Elapsed: 2:47, vertices: 126, facets final: 375, pending: 131
I  172.13] Elapsed: 2:52, vertices: 128, facets final: 392, pending: 112
I  177.21] Elapsed: 2:57, vertices: 130, facets final: 409, pending: 92
I  182.74] Elapsed: 3:03, vertices: 134, facets final: 416, pending: 68
I  187.74] Elapsed: 3:08, vertices: 135, facets final: 429, pending: 54
I  192.75] Elapsed: 3:13, vertices: 140, facets final: 441, pending: 40
I  197.86] Elapsed: 3:18, vertices: 142, facets final: 453, pending: 23
I  202.85] Elapsed: 3:23, vertices: 150, facets final: 460, pending: 0

--------------------------------
Problem completed
 name                    42.vlp
 output                  copy/vlp/42.res
 rows, cols, objs        402, 4186, 10
 vertices, facets        150, 460
 total time              3:23
--------------------------------
Statistics
LP:
 oracle calls            610
   avg iterations/calls  610.40
 total oracle time       3:23
Combinatorics:
 vertices added          150
 facets probed           610
 facets # max            695
 memory allocated        1.19M
 storage expansion
   vertices # / upto     2 / 252
   facets   # / upto     1 / 4092
 facet manipulating
   added avg / max       24.36 / 178.00
   compressed            0
 number of ridge tests
   avg / max             9.44k / 68.52k
