C copy string: rs=cd:ab;tu=cr:ab;vw=dr:abtu
I    6.66] Elapsed: 6.66, vertices: 1, facets final: 0, pending: 0
I   12.10] Elapsed: 12.10, vertices: 1, facets final: 1, pending: 9
I   21.66] Elapsed: 21.66, vertices: 1, facets final: 1, pending: 9
I   30.33] Elapsed: 30.33, vertices: 2, facets final: 1, pending: 18
I   37.05] Elapsed: 37.05, vertices: 4, facets final: 1, pending: 30
I   45.80] Elapsed: 45.80, vertices: 5, facets final: 1, pending: 36
I   51.92] Elapsed: 51.92, vertices: 6, facets final: 1, pending: 56
I   63.17] Elapsed: 1:03, vertices: 7, facets final: 3, pending: 52
I   79.29] Elapsed: 1:19, vertices: 7, facets final: 5, pending: 50
I   90.20] Elapsed: 1:30, vertices: 7, facets final: 6, pending: 49
I   98.41] Elapsed: 1:38, vertices: 7, facets final: 7, pending: 48
I  105.46] Elapsed: 1:45, vertices: 8, facets final: 8, pending: 59
I  112.61] Elapsed: 1:53, vertices: 8, facets final: 9, pending: 58
I  120.71] Elapsed: 2:01, vertices: 9, facets final: 11, pending: 64
I  127.16] Elapsed: 2:07, vertices: 9, facets final: 12, pending: 63
I  133.09] Elapsed: 2:13, vertices: 9, facets final: 14, pending: 61
I  140.59] Elapsed: 2:21, vertices: 9, facets final: 15, pending: 60
I  145.60] Elapsed: 2:26, vertices: 12, facets final: 15, pending: 58
I  151.05] Elapsed: 2:31, vertices: 13, facets final: 16, pending: 53
I  156.73] Elapsed: 2:37, vertices: 13, facets final: 18, pending: 51
I  165.77] Elapsed: 2:46, vertices: 13, facets final: 19, pending: 50
I  171.39] Elapsed: 2:51, vertices: 14, facets final: 20, pending: 49
I  176.95] Elapsed: 2:57, vertices: 14, facets final: 22, pending: 47
I  188.66] Elapsed: 3:09, vertices: 14, facets final: 23, pending: 46
I  198.23] Elapsed: 3:18, vertices: 15, facets final: 25, pending: 60
I  206.64] Elapsed: 3:27, vertices: 15, facets final: 26, pending: 59
I  211.88] Elapsed: 3:32, vertices: 16, facets final: 27, pending: 64
I  226.31] Elapsed: 3:46, vertices: 16, facets final: 29, pending: 62
I  235.83] Elapsed: 3:56, vertices: 16, facets final: 30, pending: 61
I  241.38] Elapsed: 4:01, vertices: 16, facets final: 31, pending: 60
I  250.85] Elapsed: 4:11, vertices: 16, facets final: 34, pending: 57
I  260.27] Elapsed: 4:20, vertices: 16, facets final: 36, pending: 55
I  266.25] Elapsed: 4:26, vertices: 17, facets final: 37, pending: 66
I  274.76] Elapsed: 4:35, vertices: 18, facets final: 38, pending: 71
I  280.50] Elapsed: 4:41, vertices: 19, facets final: 38, pending: 61
I  286.40] Elapsed: 4:46, vertices: 20, facets final: 39, pending: 68
I  293.40] Elapsed: 4:53, vertices: 20, facets final: 40, pending: 67
I  299.48] Elapsed: 4:59, vertices: 21, facets final: 41, pending: 70
I  306.68] Elapsed: 5:07, vertices: 21, facets final: 42, pending: 69
I  315.04] Elapsed: 5:15, vertices: 22, facets final: 44, pending: 67
I  320.65] Elapsed: 5:21, vertices: 22, facets final: 46, pending: 65
I  330.11] Elapsed: 5:30, vertices: 23, facets final: 48, pending: 69
I  335.35] Elapsed: 5:35, vertices: 23, facets final: 50, pending: 67
I  343.85] Elapsed: 5:44, vertices: 24, facets final: 51, pending: 66
I  350.78] Elapsed: 5:51, vertices: 24, facets final: 54, pending: 63
I  364.88] Elapsed: 6:05, vertices: 24, facets final: 58, pending: 59
I  370.35] Elapsed: 6:10, vertices: 24, facets final: 60, pending: 57
I  377.01] Elapsed: 6:17, vertices: 24, facets final: 63, pending: 54
I  382.58] Elapsed: 6:23, vertices: 24, facets final: 65, pending: 52
I  390.56] Elapsed: 6:31, vertices: 25, facets final: 68, pending: 49
I  397.51] Elapsed: 6:38, vertices: 25, facets final: 69, pending: 48
I  409.66] Elapsed: 6:50, vertices: 25, facets final: 71, pending: 46
I  414.82] Elapsed: 6:55, vertices: 25, facets final: 72, pending: 45
I  426.95] Elapsed: 7:07, vertices: 25, facets final: 74, pending: 43
I  433.30] Elapsed: 7:13, vertices: 25, facets final: 76, pending: 41
I  441.22] Elapsed: 7:21, vertices: 25, facets final: 77, pending: 40
I  449.02] Elapsed: 7:29, vertices: 26, facets final: 78, pending: 35
I  454.27] Elapsed: 7:34, vertices: 27, facets final: 79, pending: 30
I  460.70] Elapsed: 7:41, vertices: 27, facets final: 80, pending: 29
I  468.19] Elapsed: 7:48, vertices: 27, facets final: 82, pending: 27
I  474.75] Elapsed: 7:55, vertices: 27, facets final: 84, pending: 25
I  482.95] Elapsed: 8:03, vertices: 27, facets final: 85, pending: 24
I  488.56] Elapsed: 8:09, vertices: 28, facets final: 86, pending: 19
I  497.45] Elapsed: 8:17, vertices: 28, facets final: 87, pending: 18
I  503.23] Elapsed: 8:23, vertices: 28, facets final: 88, pending: 17
I  510.50] Elapsed: 8:31, vertices: 29, facets final: 90, pending: 15
I  515.83] Elapsed: 8:36, vertices: 29, facets final: 91, pending: 14
I  527.38] Elapsed: 8:47, vertices: 30, facets final: 94, pending: 7
I  533.50] Elapsed: 8:54, vertices: 30, facets final: 95, pending: 6
I  541.70] Elapsed: 9:02, vertices: 30, facets final: 97, pending: 4
I  549.77] Elapsed: 9:10, vertices: 30, facets final: 98, pending: 3
I  555.64] Elapsed: 9:16, vertices: 30, facets final: 101, pending: 0
I  555.64] Elapsed: 9:16, vertices: 30, facets final: 101, pending: 0

--------------------------------
Problem completed
 name                    50.vlp
 output                  copy/vlp/50.res
 rows, cols, objs        779, 10017, 10
 vertices, facets        30, 101
 total time              9:16
--------------------------------
Statistics
LP:
 oracle calls            131
   avg iterations/calls  2.86k
 total oracle time       9:16
Combinatorics:
 vertices added          30
 facets probed           131
 facets # max            118
 memory allocated        975.68k
 storage expansion
   vertices # / upto     1 / 124
   facets   # / upto     1 / 4092
 facet manipulating
   added avg / max       13.34 / 32.00
   compressed            0
 number of ridge tests
   avg / max             626.14 / 1.74k
--------------------------------
Parameters with non-default values
 OracleItLimit = 25000
 OracleTimeLimit = 40
