C copy string: rs=cd:ab;tu=cr:ab;vw=cs:abt
I    9.88] Elapsed: 9.88, vertices: 1, facets final: 0, pending: 0
I   15.90] Elapsed: 15.90, vertices: 1, facets final: 1, pending: 9
I   25.52] Elapsed: 25.52, vertices: 1, facets final: 1, pending: 9
I   37.35] Elapsed: 37.35, vertices: 2, facets final: 2, pending: 11
I   43.42] Elapsed: 43.42, vertices: 2, facets final: 3, pending: 10
I   50.34] Elapsed: 50.34, vertices: 3, facets final: 4, pending: 17
I   65.95] Elapsed: 1:06, vertices: 3, facets final: 4, pending: 17
I   71.19] Elapsed: 1:11, vertices: 4, facets final: 5, pending: 20
I   77.38] Elapsed: 1:17, vertices: 4, facets final: 5, pending: 20
I   89.32] Elapsed: 1:29, vertices: 6, facets final: 6, pending: 33
I  101.91] Elapsed: 1:42, vertices: 6, facets final: 6, pending: 33
I  116.95] Elapsed: 1:57, vertices: 7, facets final: 6, pending: 39
I  123.35] Elapsed: 2:03, vertices: 8, facets final: 6, pending: 63
I  128.98] Elapsed: 2:09, vertices: 9, facets final: 6, pending: 67
I  141.53] Elapsed: 2:22, vertices: 10, facets final: 7, pending: 56
I  154.58] Elapsed: 2:35, vertices: 10, facets final: 8, pending: 55
I  161.68] Elapsed: 2:42, vertices: 11, facets final: 9, pending: 56
I  169.86] Elapsed: 2:50, vertices: 11, facets final: 9, pending: 56
I  177.23] Elapsed: 2:57, vertices: 12, facets final: 11, pending: 54
I  184.88] Elapsed: 3:05, vertices: 12, facets final: 11, pending: 54
I  192.17] Elapsed: 3:12, vertices: 13, facets final: 13, pending: 54
I  201.05] Elapsed: 3:21, vertices: 13, facets final: 14, pending: 53
I  213.08] Elapsed: 3:33, vertices: 13, facets final: 16, pending: 51
I  222.61] Elapsed: 3:43, vertices: 13, facets final: 17, pending: 50
I  234.01] Elapsed: 3:54, vertices: 13, facets final: 18, pending: 49
I  245.01] Elapsed: 4:05, vertices: 13, facets final: 19, pending: 48
I  253.98] Elapsed: 4:14, vertices: 14, facets final: 21, pending: 50
I  262.53] Elapsed: 4:23, vertices: 14, facets final: 23, pending: 48
I  273.74] Elapsed: 4:34, vertices: 14, facets final: 25, pending: 46
I  280.61] Elapsed: 4:41, vertices: 14, facets final: 26, pending: 45
I  288.75] Elapsed: 4:49, vertices: 14, facets final: 27, pending: 44
I  300.37] Elapsed: 5:00, vertices: 14, facets final: 29, pending: 42
I  308.06] Elapsed: 5:08, vertices: 14, facets final: 31, pending: 40
I  316.21] Elapsed: 5:16, vertices: 14, facets final: 32, pending: 39
I  323.87] Elapsed: 5:24, vertices: 14, facets final: 35, pending: 36
I  331.93] Elapsed: 5:32, vertices: 15, facets final: 36, pending: 33
I  340.36] Elapsed: 5:40, vertices: 15, facets final: 38, pending: 31
I  346.04] Elapsed: 5:46, vertices: 15, facets final: 38, pending: 31
I  366.16] Elapsed: 6:06, vertices: 16, facets final: 40, pending: 29
I  374.55] Elapsed: 6:15, vertices: 16, facets final: 42, pending: 27
I  380.14] Elapsed: 6:20, vertices: 16, facets final: 43, pending: 26
I  385.44] Elapsed: 6:25, vertices: 16, facets final: 44, pending: 25
I  392.71] Elapsed: 6:33, vertices: 16, facets final: 44, pending: 25
I  401.15] Elapsed: 6:41, vertices: 17, facets final: 45, pending: 20
I  407.96] Elapsed: 6:48, vertices: 17, facets final: 45, pending: 20
I  417.82] Elapsed: 6:58, vertices: 18, facets final: 46, pending: 15
I  426.99] Elapsed: 7:07, vertices: 18, facets final: 48, pending: 13
I  435.57] Elapsed: 7:16, vertices: 18, facets final: 50, pending: 11
I  443.88] Elapsed: 7:24, vertices: 18, facets final: 52, pending: 9
I  449.24] Elapsed: 7:29, vertices: 18, facets final: 53, pending: 8
I  456.64] Elapsed: 7:37, vertices: 18, facets final: 56, pending: 5
I  462.56] Elapsed: 7:43, vertices: 18, facets final: 59, pending: 2
I  465.60] Elapsed: 7:46, vertices: 18, facets final: 61, pending: 0

--------------------------------
Problem completed
 name                    56.vlp
 output                  copy/vlp/56.res
 rows, cols, objs        779, 10158, 10
 vertices, facets        18, 61
 total time              7:46
--------------------------------
Statistics
LP:
 oracle calls            79
   avg iterations/calls  3.22k
 total oracle time       7:46
Combinatorics:
 vertices added          18
 facets probed           79
 facets # max            74
 memory allocated        975.68k
 storage expansion
   vertices # / upto     1 / 124
   facets   # / upto     1 / 4092
 facet manipulating
   added avg / max       11.29 / 35.00
   compressed            0
 number of ridge tests
   avg / max             272.71 / 720.00
--------------------------------
Parameters with non-default values
 OracleItLimit = 25000
 OracleTimeLimit = 40
