C copy string: rs=cd:ab;tu=ac:br;v=d:bru;w=d:bruv
I    5.34] Elapsed: 5.34, vertices: 1, facets final: 1, pending: 9
I   12.67] Elapsed: 12.67, vertices: 1, facets final: 6, pending: 4
I   17.68] Elapsed: 17.68, vertices: 3, facets final: 7, pending: 16
I   25.07] Elapsed: 25.07, vertices: 4, facets final: 8, pending: 18
I   30.39] Elapsed: 30.39, vertices: 5, facets final: 11, pending: 25
I   37.32] Elapsed: 37.32, vertices: 5, facets final: 16, pending: 20
I   45.89] Elapsed: 45.89, vertices: 6, facets final: 17, pending: 23
I   51.74] Elapsed: 51.74, vertices: 8, facets final: 18, pending: 39
Warning: numerical instability (primal simplex, phase II)
I   58.86] Elapsed: 58.86, vertices: 10, facets final: 19, pending: 66
I   64.84] Elapsed: 1:05, vertices: 12, facets final: 20, pending: 65
I   71.03] Elapsed: 1:11, vertices: 14, facets final: 21, pending: 105
I   76.14] Elapsed: 1:16, vertices: 14, facets final: 24, pending: 102
I   82.42] Elapsed: 1:22, vertices: 17, facets final: 24, pending: 151
I   89.37] Elapsed: 1:29, vertices: 20, facets final: 24, pending: 184
I   94.74] Elapsed: 1:35, vertices: 23, facets final: 25, pending: 242
I  100.22] Elapsed: 1:40, vertices: 26, facets final: 25, pending: 268
Warning: numerical instability (primal simplex, phase II)
I  107.20] Elapsed: 1:47, vertices: 28, facets final: 27, pending: 323
I  113.74] Elapsed: 1:54, vertices: 30, facets final: 28, pending: 330
Warning: numerical instability (primal simplex, phase II)
I  120.46] Elapsed: 2:00, vertices: 32, facets final: 28, pending: 310
I  126.60] Elapsed: 2:07, vertices: 35, facets final: 30, pending: 358
I  131.83] Elapsed: 2:12, vertices: 36, facets final: 30, pending: 335
Warning: numerical instability (primal simplex, phase II)
I  139.42] Elapsed: 2:19, vertices: 38, facets final: 31, pending: 338
I  144.60] Elapsed: 2:25, vertices: 41, facets final: 32, pending: 407
I  150.25] Elapsed: 2:30, vertices: 44, facets final: 32, pending: 426
I  156.50] Elapsed: 2:37, vertices: 47, facets final: 33, pending: 466
I  162.11] Elapsed: 2:42, vertices: 48, facets final: 34, pending: 468
I  167.60] Elapsed: 2:48, vertices: 51, facets final: 38, pending: 479
Warning: numerical instability (primal simplex, phase II)
I  172.88] Elapsed: 2:53, vertices: 52, facets final: 39, pending: 455
I  179.34] Elapsed: 2:59, vertices: 53, facets final: 41, pending: 452
I  186.08] Elapsed: 3:06, vertices: 56, facets final: 42, pending: 488
I  191.63] Elapsed: 3:12, vertices: 59, facets final: 43, pending: 509
I  196.71] Elapsed: 3:17, vertices: 60, facets final: 44, pending: 521
I  202.24] Elapsed: 3:22, vertices: 62, facets final: 46, pending: 547
I  207.89] Elapsed: 3:28, vertices: 64, facets final: 48, pending: 551
I  215.47] Elapsed: 3:35, vertices: 65, facets final: 50, pending: 557
I  221.20] Elapsed: 3:41, vertices: 66, facets final: 52, pending: 556
I  226.77] Elapsed: 3:47, vertices: 67, facets final: 55, pending: 549
I  232.76] Elapsed: 3:53, vertices: 69, facets final: 57, pending: 539
I  238.69] Elapsed: 3:59, vertices: 72, facets final: 59, pending: 567
I  243.88] Elapsed: 4:04, vertices: 75, facets final: 60, pending: 554
Warning: numerical instability (primal simplex, phase II)
I  253.15] Elapsed: 4:13, vertices: 76, facets final: 62, pending: 577
I  259.33] Elapsed: 4:19, vertices: 76, facets final: 66, pending: 573
I  265.29] Elapsed: 4:25, vertices: 78, facets final: 67, pending: 579
I  274.37] Elapsed: 4:34, vertices: 79, facets final: 68, pending: 581
Warning: numerical instability (primal simplex, phase II)
Warning: numerical instability (primal simplex, phase II)
Warning: numerical instability (primal simplex, phase II)
Warning: numerical instability (primal simplex, phase I)
Warning: numerical instability (primal simplex, phase I)
Warning: numerical instability (primal simplex, phase I)
I  279.70] Elapsed: 4:40, vertices: 81, facets final: 69, pending: 579
I  285.11] Elapsed: 4:45, vertices: 82, facets final: 72, pending: 588
Warning: numerical instability (primal simplex, phase II)
Warning: numerical instability (primal simplex, phase II)
I  293.11] Elapsed: 4:53, vertices: 83, facets final: 75, pending: 673
I  300.09] Elapsed: 5:00, vertices: 83, facets final: 78, pending: 670
I  305.11] Elapsed: 5:05, vertices: 85, facets final: 81, pending: 669
I  312.19] Elapsed: 5:12, vertices: 87, facets final: 83, pending: 667
I  318.37] Elapsed: 5:18, vertices: 90, facets final: 85, pending: 710
I  324.00] Elapsed: 5:24, vertices: 93, facets final: 86, pending: 724
I  329.08] Elapsed: 5:29, vertices: 95, facets final: 88, pending: 727
I  336.53] Elapsed: 5:37, vertices: 96, facets final: 91, pending: 721
I  341.92] Elapsed: 5:42, vertices: 97, facets final: 93, pending: 715
Warning: numerical instability (primal simplex, phase II)
Warning: numerical instability (primal simplex, phase II)
I  350.71] Elapsed: 5:51, vertices: 97, facets final: 96, pending: 712
I  355.08] recalculating facets...
I  355.91] Elapsed: 5:56, vertices: 102, facets final: 98, pending: 738
I  361.20] Elapsed: 6:01, vertices: 105, facets final: 100, pending: 721
I  367.11] Elapsed: 6:07, vertices: 105, facets final: 103, pending: 718
I  372.35] Elapsed: 6:12, vertices: 108, facets final: 106, pending: 795
Warning: numerical instability (primal simplex, phase II)
Warning: numerical instability (primal simplex, phase II)
I  378.99] Elapsed: 6:19, vertices: 109, facets final: 109, pending: 818
Warning: numerical instability (primal simplex, phase II)
I  385.51] Elapsed: 6:26, vertices: 109, facets final: 114, pending: 813
Warning: numerical instability (primal simplex, phase II)
Warning: numerical instability (primal simplex, phase I)
Warning: numerical instability (primal simplex, phase II)
Warning: numerical instability (primal simplex, phase I)
Warning: numerical instability (primal simplex, phase II)
Warning: numerical instability (primal simplex, phase II)
I  391.96] Elapsed: 6:32, vertices: 111, facets final: 115, pending: 859
I  397.06] Elapsed: 6:37, vertices: 114, facets final: 117, pending: 886
I  403.84] Elapsed: 6:44, vertices: 115, facets final: 119, pending: 891
Warning: numerical instability (primal simplex, phase II)
I  410.33] Elapsed: 6:50, vertices: 116, facets final: 121, pending: 891
Warning: numerical instability (primal simplex, phase II)
I  416.76] Elapsed: 6:57, vertices: 120, facets final: 121, pending: 875
I  423.73] Elapsed: 7:04, vertices: 125, facets final: 124, pending: 885
I  429.75] Elapsed: 7:10, vertices: 127, facets final: 126, pending: 881
I  435.00] Elapsed: 7:15, vertices: 131, facets final: 127, pending: 860
I  440.53] Elapsed: 7:21, vertices: 136, facets final: 130, pending: 886
I  445.80] Elapsed: 7:26, vertices: 141, facets final: 132, pending: 827
I  451.77] Elapsed: 7:32, vertices: 144, facets final: 135, pending: 815
I  457.29] Elapsed: 7:37, vertices: 146, facets final: 138, pending: 830
Warning: numerical instability (primal simplex, phase II)
I  463.09] Elapsed: 7:43, vertices: 151, facets final: 139, pending: 787
I  469.87] Elapsed: 7:50, vertices: 154, facets final: 139, pending: 836
I  475.29] Elapsed: 7:55, vertices: 155, facets final: 141, pending: 807
I  480.91] Elapsed: 8:01, vertices: 158, facets final: 143, pending: 811
I  487.42] Elapsed: 8:07, vertices: 161, facets final: 145, pending: 803
I  493.35] Elapsed: 8:13, vertices: 164, facets final: 146, pending: 804
I  499.36] Elapsed: 8:19, vertices: 165, facets final: 149, pending: 800
I  505.57] Elapsed: 8:26, vertices: 165, facets final: 151, pending: 798
I  510.97] Elapsed: 8:31, vertices: 168, facets final: 153, pending: 801
I  516.24] Elapsed: 8:36, vertices: 169, facets final: 155, pending: 788
I  521.35] Elapsed: 8:41, vertices: 173, facets final: 157, pending: 875
I  526.51] Elapsed: 8:47, vertices: 177, facets final: 159, pending: 930
I  531.55] Elapsed: 8:52, vertices: 177, facets final: 160, pending: 929
Warning: numerical instability (primal simplex, phase II)
I  539.36] Elapsed: 8:59, vertices: 178, facets final: 163, pending: 929
I  544.62] Elapsed: 9:05, vertices: 181, facets final: 164, pending: 923
Warning: numerical instability (primal simplex, phase II)
I  552.39] Elapsed: 9:12, vertices: 185, facets final: 166, pending: 958
I  557.93] Elapsed: 9:18, vertices: 187, facets final: 169, pending: 957
I  563.71] Elapsed: 9:24, vertices: 191, facets final: 173, pending: 1033
Warning: numerical instability (primal simplex, phase II)
I  570.59] Elapsed: 9:31, vertices: 191, facets final: 176, pending: 1030
I  575.92] Elapsed: 9:36, vertices: 193, facets final: 181, pending: 1023
I  580.92] Elapsed: 9:41, vertices: 197, facets final: 184, pending: 993
I  586.16] Elapsed: 9:46, vertices: 199, facets final: 185, pending: 990
I  587.17] recalculating facets...
I  591.61] Elapsed: 9:52, vertices: 204, facets final: 186, pending: 992
I  596.69] Elapsed: 9:57, vertices: 206, facets final: 189, pending: 994
Warning: numerical instability (primal simplex, phase II)
I  603.67] Elapsed: 10:04, vertices: 207, facets final: 192, pending: 988
I  610.70] Elapsed: 10:11, vertices: 210, facets final: 195, pending: 1009
I  616.57] Elapsed: 10:17, vertices: 210, facets final: 202, pending: 1002
I  621.79] Elapsed: 10:22, vertices: 212, facets final: 205, pending: 990
I  628.07] Elapsed: 10:28, vertices: 215, facets final: 207, pending: 1053
I  633.88] Elapsed: 10:34, vertices: 215, facets final: 209, pending: 1051
I  639.30] Elapsed: 10:39, vertices: 220, facets final: 211, pending: 1134
I  644.50] Elapsed: 10:45, vertices: 223, facets final: 213, pending: 1142
I  649.93] Elapsed: 10:50, vertices: 226, facets final: 214, pending: 1130
I  654.99] Elapsed: 10:55, vertices: 231, facets final: 216, pending: 1115
I  660.22] Elapsed: 11:00, vertices: 234, facets final: 219, pending: 1116
Warning: numerical instability (primal simplex, phase II)
I  667.90] Elapsed: 11:08, vertices: 235, facets final: 221, pending: 1106
I  673.23] Elapsed: 11:13, vertices: 240, facets final: 223, pending: 1104
I  678.64] Elapsed: 11:19, vertices: 243, facets final: 227, pending: 1053
I  683.64] Elapsed: 11:24, vertices: 245, facets final: 229, pending: 1026
I  689.36] Elapsed: 11:29, vertices: 248, facets final: 230, pending: 1030
I  694.69] Elapsed: 11:35, vertices: 249, facets final: 234, pending: 1041
I  700.61] Elapsed: 11:41, vertices: 250, facets final: 236, pending: 1033
Warning: numerical instability (primal simplex, phase II)
I  707.21] Elapsed: 11:47, vertices: 253, facets final: 239, pending: 1030
I  712.36] Elapsed: 11:52, vertices: 255, facets final: 245, pending: 997
I  718.27] Elapsed: 11:58, vertices: 257, facets final: 250, pending: 975
I  723.87] Elapsed: 12:04, vertices: 260, facets final: 252, pending: 969
Warning: numerical instability (primal simplex, phase II)
I  729.16] Elapsed: 12:09, vertices: 261, facets final: 254, pending: 965
I  734.37] Elapsed: 12:14, vertices: 261, facets final: 259, pending: 960
I  739.91] Elapsed: 12:20, vertices: 263, facets final: 262, pending: 953
I  745.12] Elapsed: 12:25, vertices: 265, facets final: 265, pending: 919
I  750.73] Elapsed: 12:31, vertices: 267, facets final: 268, pending: 898
I  756.49] Elapsed: 12:36, vertices: 269, facets final: 272, pending: 877
I  762.84] Elapsed: 12:43, vertices: 270, facets final: 275, pending: 881
I  769.21] Elapsed: 12:49, vertices: 272, facets final: 279, pending: 867
Warning: numerical instability (primal simplex, phase II)
I  778.00] Elapsed: 12:58, vertices: 273, facets final: 282, pending: 863
I  783.84] Elapsed: 13:04, vertices: 275, facets final: 285, pending: 853
I  789.11] Elapsed: 13:09, vertices: 275, facets final: 289, pending: 849
Warning: numerical instability (primal simplex, phase II)
Warning: numerical instability (primal simplex, phase I)
I  795.21] Elapsed: 13:15, vertices: 277, facets final: 293, pending: 836
I  801.81] Elapsed: 13:22, vertices: 278, facets final: 298, pending: 822
I  807.11] Elapsed: 13:27, vertices: 283, facets final: 301, pending: 811
Warning: numerical instability (primal simplex, phase II)
I  813.12] Elapsed: 13:33, vertices: 285, facets final: 303, pending: 800
Warning: numerical instability (primal simplex, phase II)
I  821.00] Elapsed: 13:41, vertices: 286, facets final: 307, pending: 794
I  826.96] Elapsed: 13:47, vertices: 289, facets final: 310, pending: 767
I  832.26] Elapsed: 13:52, vertices: 289, facets final: 315, pending: 762
I  837.38] Elapsed: 13:57, vertices: 291, facets final: 319, pending: 747
I  842.48] Elapsed: 14:02, vertices: 292, facets final: 322, pending: 741
Warning: numerical instability (primal simplex, phase II)
I  847.92] Elapsed: 14:08, vertices: 293, facets final: 325, pending: 735
I  853.40] Elapsed: 14:13, vertices: 295, facets final: 330, pending: 707
I  859.09] Elapsed: 14:19, vertices: 296, facets final: 334, pending: 696
I  864.33] Elapsed: 14:24, vertices: 297, facets final: 337, pending: 683
Warning: numerical instability (primal simplex, phase II)
Warning: numerical instability (primal simplex, phase II)
I  870.33] Elapsed: 14:30, vertices: 298, facets final: 340, pending: 676
I  876.07] Elapsed: 14:36, vertices: 300, facets final: 343, pending: 669
I  881.20] Elapsed: 14:41, vertices: 300, facets final: 347, pending: 665
I  881.20] recalculating facets...
I  886.25] Elapsed: 14:46, vertices: 303, facets final: 352, pending: 642
I  891.30] Elapsed: 14:51, vertices: 304, facets final: 356, pending: 638
I  897.46] Elapsed: 14:57, vertices: 305, facets final: 361, pending: 624
I  902.50] Elapsed: 15:03, vertices: 306, facets final: 364, pending: 618
I  908.02] Elapsed: 15:08, vertices: 308, facets final: 368, pending: 621
I  914.28] Elapsed: 15:14, vertices: 308, facets final: 375, pending: 614
I  920.12] Elapsed: 15:20, vertices: 308, facets final: 379, pending: 610
I  927.02] Elapsed: 15:27, vertices: 309, facets final: 383, pending: 605
I  932.03] Elapsed: 15:32, vertices: 309, facets final: 387, pending: 601
I  938.61] Elapsed: 15:39, vertices: 311, facets final: 392, pending: 585
I  944.21] Elapsed: 15:44, vertices: 311, facets final: 394, pending: 583
I  949.79] Elapsed: 15:50, vertices: 312, facets final: 398, pending: 577
I  955.82] Elapsed: 15:56, vertices: 313, facets final: 403, pending: 573
I  960.83] Elapsed: 16:01, vertices: 313, facets final: 408, pending: 568
I  966.82] Elapsed: 16:07, vertices: 314, facets final: 414, pending: 557
I  973.74] Elapsed: 16:14, vertices: 315, facets final: 419, pending: 547
I  979.29] Elapsed: 16:19, vertices: 316, facets final: 424, pending: 540
I  984.34] Elapsed: 16:24, vertices: 316, facets final: 429, pending: 535
I  990.20] Elapsed: 16:30, vertices: 316, facets final: 432, pending: 532
I  996.93] Elapsed: 16:37, vertices: 318, facets final: 439, pending: 521
I 1002.01] Elapsed: 16:42, vertices: 320, facets final: 442, pending: 508
I 1007.83] Elapsed: 16:48, vertices: 320, facets final: 446, pending: 504
I 1014.67] Elapsed: 16:55, vertices: 320, facets final: 449, pending: 501
I 1020.61] Elapsed: 17:01, vertices: 321, facets final: 452, pending: 503
I 1025.94] Elapsed: 17:06, vertices: 323, facets final: 455, pending: 497
I 1031.40] Elapsed: 17:11, vertices: 324, facets final: 459, pending: 484
I 1036.65] Elapsed: 17:17, vertices: 326, facets final: 461, pending: 488
I 1042.37] Elapsed: 17:22, vertices: 327, facets final: 466, pending: 481
Warning: numerical instability (primal simplex, phase II)
Warning: numerical instability (primal simplex, phase I)
I 1047.50] Elapsed: 17:28, vertices: 327, facets final: 468, pending: 479
I 1052.65] Elapsed: 17:33, vertices: 328, facets final: 472, pending: 469
I 1058.29] Elapsed: 17:38, vertices: 330, facets final: 473, pending: 464
I 1063.71] Elapsed: 17:44, vertices: 332, facets final: 475, pending: 458
I 1069.47] Elapsed: 17:49, vertices: 333, facets final: 479, pending: 445
I 1075.27] Elapsed: 17:55, vertices: 333, facets final: 485, pending: 439
Warning: numerical instability (primal simplex, phase II)
I 1081.70] Elapsed: 18:02, vertices: 333, facets final: 490, pending: 434
I 1088.75] Elapsed: 18:09, vertices: 334, facets final: 494, pending: 428
I 1093.97] Elapsed: 18:14, vertices: 334, facets final: 496, pending: 426
I 1099.38] Elapsed: 18:19, vertices: 335, facets final: 502, pending: 416
I 1105.71] Elapsed: 18:26, vertices: 335, facets final: 505, pending: 413
I 1111.72] Elapsed: 18:32, vertices: 337, facets final: 510, pending: 402
I 1117.53] Elapsed: 18:38, vertices: 340, facets final: 512, pending: 380
I 1122.83] Elapsed: 18:43, vertices: 341, facets final: 515, pending: 378
I 1128.54] Elapsed: 18:49, vertices: 342, facets final: 518, pending: 371
Warning: numerical instability (primal simplex, phase II)
Warning: numerical instability (primal simplex, phase II)
Warning: numerical instability (primal simplex, phase I)
Warning: numerical instability (primal simplex, phase II)
Warning: numerical instability (primal simplex, phase I)
Warning: numerical instability (primal simplex, phase I)
I 1135.04] Elapsed: 18:55, vertices: 344, facets final: 521, pending: 361
I 1140.90] Elapsed: 19:01, vertices: 344, facets final: 526, pending: 356
I 1148.36] Elapsed: 19:08, vertices: 345, facets final: 532, pending: 348
I 1153.39] Elapsed: 19:13, vertices: 346, facets final: 535, pending: 344
I 1158.84] Elapsed: 19:19, vertices: 349, facets final: 539, pending: 334
Warning: numerical instability (primal simplex, phase II)
I 1165.65] Elapsed: 19:26, vertices: 350, facets final: 544, pending: 325
I 1171.26] Elapsed: 19:31, vertices: 351, facets final: 546, pending: 322
Warning: numerical instability (primal simplex, phase II)
I 1176.45] Elapsed: 19:36, vertices: 353, facets final: 548, pending: 317
I 1181.90] Elapsed: 19:42, vertices: 353, facets final: 552, pending: 313
Warning: numerical instability (primal simplex, phase II)
I 1190.10] Elapsed: 19:50, vertices: 353, facets final: 555, pending: 310
Warning: numerical instability (primal simplex, phase II)
Warning: numerical instability (primal simplex, phase I)
Warning: numerical instability (primal simplex, phase I)
Warning: numerical instability (primal simplex, phase II)
Warning: numerical instability (primal simplex, phase II)
Warning: numerical instability (primal simplex, phase I)
I 1196.65] Elapsed: 19:57, vertices: 353, facets final: 558, pending: 307
Warning: numerical instability (primal simplex, phase II)
Warning: numerical instability (primal simplex, phase II)
Warning: numerical instability (primal simplex, phase II)
I 1204.49] Elapsed: 20:04, vertices: 354, facets final: 560, pending: 304
I 1209.90] Elapsed: 20:10, vertices: 354, facets final: 566, pending: 298
I 1216.21] Elapsed: 20:16, vertices: 357, facets final: 569, pending: 282
I 1222.02] Elapsed: 20:22, vertices: 358, facets final: 573, pending: 274
I 1227.64] Elapsed: 20:28, vertices: 360, facets final: 575, pending: 270
I 1233.07] Elapsed: 20:33, vertices: 361, facets final: 577, pending: 267
I 1238.70] Elapsed: 20:39, vertices: 363, facets final: 585, pending: 257
I 1245.10] Elapsed: 20:45, vertices: 363, facets final: 589, pending: 253
I 1250.55] Elapsed: 20:51, vertices: 364, facets final: 593, pending: 245
I 1255.92] Elapsed: 20:56, vertices: 365, facets final: 596, pending: 240
I 1261.13] Elapsed: 21:01, vertices: 365, facets final: 599, pending: 237
I 1266.65] Elapsed: 21:07, vertices: 366, facets final: 604, pending: 228
I 1272.68] Elapsed: 21:13, vertices: 366, facets final: 608, pending: 224
I 1278.74] Elapsed: 21:19, vertices: 367, facets final: 610, pending: 221
I 1285.04] Elapsed: 21:25, vertices: 367, facets final: 617, pending: 214
I 1290.48] Elapsed: 21:30, vertices: 368, facets final: 620, pending: 207
I 1296.20] Elapsed: 21:36, vertices: 371, facets final: 622, pending: 201
I 1301.49] Elapsed: 21:41, vertices: 376, facets final: 624, pending: 194
I 1306.70] Elapsed: 21:47, vertices: 377, facets final: 629, pending: 187
I 1313.17] Elapsed: 21:53, vertices: 377, facets final: 633, pending: 183
I 1318.98] Elapsed: 21:59, vertices: 377, facets final: 639, pending: 177
Warning: numerical instability (primal simplex, phase II)
I 1324.17] Elapsed: 22:04, vertices: 377, facets final: 644, pending: 172
I 1331.00] Elapsed: 22:11, vertices: 377, facets final: 649, pending: 167
I 1336.44] Elapsed: 22:16, vertices: 377, facets final: 654, pending: 162
I 1341.89] Elapsed: 22:22, vertices: 377, facets final: 657, pending: 159
Warning: numerical instability (primal simplex, phase II)
I 1347.66] Elapsed: 22:28, vertices: 377, facets final: 660, pending: 156
I 1354.76] Elapsed: 22:35, vertices: 377, facets final: 665, pending: 151
I 1359.79] Elapsed: 22:40, vertices: 377, facets final: 669, pending: 147
I 1364.92] Elapsed: 22:45, vertices: 377, facets final: 672, pending: 144
I 1370.30] Elapsed: 22:50, vertices: 377, facets final: 674, pending: 142
Warning: numerical instability (primal simplex, phase II)
Warning: numerical instability (primal simplex, phase II)
I 1375.83] Elapsed: 22:56, vertices: 377, facets final: 677, pending: 139
Warning: numerical instability (primal simplex, phase II)
Warning: numerical instability (primal simplex, phase II)
Warning: numerical instability (primal simplex, phase I)
I 1382.86] Elapsed: 23:03, vertices: 377, facets final: 684, pending: 132
I 1388.39] Elapsed: 23:08, vertices: 377, facets final: 689, pending: 127
I 1393.98] Elapsed: 23:14, vertices: 377, facets final: 693, pending: 123
I 1400.59] Elapsed: 23:21, vertices: 377, facets final: 699, pending: 117
I 1406.00] Elapsed: 23:26, vertices: 378, facets final: 704, pending: 111
I 1412.29] Elapsed: 23:32, vertices: 378, facets final: 708, pending: 107
I 1420.20] Elapsed: 23:40, vertices: 378, facets final: 712, pending: 103
I 1425.59] Elapsed: 23:46, vertices: 378, facets final: 718, pending: 97
I 1431.34] Elapsed: 23:51, vertices: 378, facets final: 726, pending: 89
I 1438.29] Elapsed: 23:58, vertices: 378, facets final: 730, pending: 85
I 1443.29] Elapsed: 24:03, vertices: 378, facets final: 732, pending: 83
I 1449.31] Elapsed: 24:09, vertices: 378, facets final: 739, pending: 76
I 1455.09] Elapsed: 24:15, vertices: 378, facets final: 742, pending: 73
I 1460.36] Elapsed: 24:20, vertices: 378, facets final: 746, pending: 69
I 1465.76] Elapsed: 24:26, vertices: 378, facets final: 753, pending: 62
I 1472.15] Elapsed: 24:32, vertices: 378, facets final: 760, pending: 55
I 1477.69] Elapsed: 24:38, vertices: 378, facets final: 767, pending: 48
I 1482.86] Elapsed: 24:43, vertices: 379, facets final: 771, pending: 43
I 1487.91] Elapsed: 24:48, vertices: 379, facets final: 777, pending: 37
I 1493.17] Elapsed: 24:53, vertices: 379, facets final: 783, pending: 31
I 1498.29] Elapsed: 24:58, vertices: 379, facets final: 789, pending: 25
I 1504.50] Elapsed: 25:05, vertices: 379, facets final: 792, pending: 22
I 1510.22] Elapsed: 25:10, vertices: 379, facets final: 795, pending: 19
I 1515.44] Elapsed: 25:15, vertices: 379, facets final: 801, pending: 13
I 1521.03] Elapsed: 25:21, vertices: 379, facets final: 808, pending: 6
I 1524.99] Elapsed: 25:25, vertices: 379, facets final: 814, pending: 0

--------------------------------
Problem completed
 name                    59.vlp
 output                  copy/vlp/59.res
 rows, cols, objs        831, 10621, 10
 vertices, facets        379, 814
 total time              25:25
--------------------------------
Statistics
LP:
 oracle calls            1193
   avg iterations/calls  3.40k
 total oracle time       25:25
Combinatorics:
 vertices added          379
 facets probed           1193
 facets # max            1358
 memory allocated        3.50M
 storage expansion
   vertices # / upto     4 / 508
   facets   # / upto     1 / 4092
 facet manipulating
   added avg / max       24.51 / 199.00
   compressed            2
 number of ridge tests
   avg / max             18.58k / 126.67k
--------------------------------
Parameters with non-default values
 OracleItLimit = 25000
