C copy string: rs=cd:ab;tu=ac:bds;vw=ac:bdst
I    6.40] Elapsed: 6.40, vertices: 1, facets final: 3, pending: 7
I   12.18] Elapsed: 12.18, vertices: 2, facets final: 6, pending: 13
I   18.25] Elapsed: 18.25, vertices: 5, facets final: 8, pending: 26
I   25.42] Elapsed: 25.42, vertices: 8, facets final: 11, pending: 49
I   31.50] Elapsed: 31.50, vertices: 9, facets final: 13, pending: 55
I   36.54] Elapsed: 36.54, vertices: 12, facets final: 14, pending: 60
I   42.55] Elapsed: 42.55, vertices: 14, facets final: 17, pending: 62
I   48.46] Elapsed: 48.46, vertices: 16, facets final: 20, pending: 66
I   55.00] Elapsed: 55.00, vertices: 18, facets final: 22, pending: 76
I   61.29] Elapsed: 1:01, vertices: 19, facets final: 25, pending: 78
I   67.78] Elapsed: 1:08, vertices: 21, facets final: 27, pending: 80
I   73.47] Elapsed: 1:13, vertices: 21, facets final: 32, pending: 75
I   80.23] Elapsed: 1:20, vertices: 23, facets final: 35, pending: 75
I   86.06] Elapsed: 1:26, vertices: 27, facets final: 38, pending: 75
I   91.54] Elapsed: 1:32, vertices: 30, facets final: 39, pending: 69
I   97.25] Elapsed: 1:37, vertices: 30, facets final: 43, pending: 65
I  102.29] Elapsed: 1:42, vertices: 31, facets final: 48, pending: 61
I  107.79] Elapsed: 1:48, vertices: 34, facets final: 51, pending: 59
I  112.96] Elapsed: 1:53, vertices: 36, facets final: 53, pending: 56
I  118.96] Elapsed: 1:59, vertices: 37, facets final: 57, pending: 54
I  124.27] Elapsed: 2:04, vertices: 39, facets final: 59, pending: 49
Warning: numerical instability (primal simplex, phase II)
I  130.62] Elapsed: 2:11, vertices: 41, facets final: 62, pending: 48
I  135.88] Elapsed: 2:16, vertices: 41, facets final: 66, pending: 44
I  140.97] Elapsed: 2:21, vertices: 42, facets final: 70, pending: 36
I  146.98] Elapsed: 2:27, vertices: 42, facets final: 74, pending: 32
I  152.60] Elapsed: 2:33, vertices: 44, facets final: 79, pending: 24
I  158.21] Elapsed: 2:38, vertices: 46, facets final: 83, pending: 21
I  163.22] Elapsed: 2:43, vertices: 47, facets final: 89, pending: 16
I  168.72] Elapsed: 2:49, vertices: 49, facets final: 94, pending: 12
I  174.48] Elapsed: 2:54, vertices: 52, facets final: 98, pending: 6
I  180.60] Elapsed: 3:01, vertices: 54, facets final: 102, pending: 1
I  181.74] Elapsed: 3:02, vertices: 54, facets final: 103, pending: 0

--------------------------------
Problem completed
 name                    63.vlp
 output                  copy/vlp//63.res
 rows, cols, objs        779, 9974, 10
 vertices, facets        54, 103
 total time              3:02
--------------------------------
Statistics
LP:
 oracle calls            157
   avg iterations/calls  2.93k
 total oracle time       3:02
Combinatorics:
 vertices added          54
 facets probed           157
 facets # max            120
 memory allocated        975.68k
 storage expansion
   vertices # / upto     1 / 124
   facets   # / upto     1 / 4092
 facet manipulating
   added avg / max       7.83 / 24.00
   compressed            0
 number of ridge tests
   avg / max             429.19 / 1.90k
--------------------------------
Parameters with non-default values
 OracleItLimit = 300000
 OracleTimeLimit = 150
