C copy string: rs=cd:ab;t=a:bcr;u=(br):act;v=(br):actu
I    5.01] Elapsed: 5.01, vertices: 12, facets final: 30, pending: 24
I    8.43] Elapsed: 8.43, vertices: 21, facets final: 57, pending: 0

--------------------------------
Problem completed
 name                    69.vlp
 output                  copy/vlp/69.res
 rows, cols, objs        402, 4246, 10
 vertices, facets        21, 57
 total time              8.43
--------------------------------
Statistics
LP:
 oracle calls            78
   avg iterations/calls  643.28
 total oracle time       8.43
Combinatorics:
 vertices added          21
 facets probed           78
 facets # max            61
 memory allocated        975.68k
 storage expansion
   vertices # / upto     1 / 124
   facets   # / upto     1 / 4092
 facet manipulating
   added avg / max       6.45 / 21.00
   compressed            0
 number of ridge tests
   avg / max             126.40 / 350.00
--------------------------------
Parameters with non-default values
 OracleItLimit = 300000
 OracleTimeLimit = 150
