C copy string: rs=cd:ab;tu=ac:bds;v=b:adst;w=b:adstv
I    5.30] Elapsed: 5.30, vertices: 2, facets final: 1, pending: 18
I   12.09] Elapsed: 12.09, vertices: 3, facets final: 5, pending: 17
I   18.23] Elapsed: 18.23, vertices: 4, facets final: 7, pending: 15
I   23.69] Elapsed: 23.69, vertices: 5, facets final: 10, pending: 23
I   31.35] Elapsed: 31.35, vertices: 7, facets final: 12, pending: 31
I   37.78] Elapsed: 37.78, vertices: 10, facets final: 14, pending: 48
I   45.25] Elapsed: 45.25, vertices: 11, facets final: 14, pending: 54
I   51.78] Elapsed: 51.78, vertices: 16, facets final: 15, pending: 82
I   59.42] Elapsed: 59.42, vertices: 17, facets final: 17, pending: 85
I   65.65] Elapsed: 1:06, vertices: 20, facets final: 18, pending: 101
Warning: numerical instability (primal simplex, phase II)
I   72.44] Elapsed: 1:12, vertices: 22, facets final: 19, pending: 96
I   77.88] Elapsed: 1:18, vertices: 25, facets final: 22, pending: 105
I   83.13] Elapsed: 1:23, vertices: 25, facets final: 25, pending: 102
I   90.20] Elapsed: 1:30, vertices: 25, facets final: 27, pending: 100
I   95.60] Elapsed: 1:36, vertices: 27, facets final: 30, pending: 112
I  103.20] Elapsed: 1:43, vertices: 29, facets final: 30, pending: 119
I  111.92] Elapsed: 1:52, vertices: 33, facets final: 30, pending: 144
Warning: numerical instability (primal simplex, phase II)
I  117.00] Elapsed: 1:57, vertices: 36, facets final: 32, pending: 158
I  122.77] Elapsed: 2:03, vertices: 37, facets final: 33, pending: 167
Warning: numerical instability (primal simplex, phase II)
Warning: numerical instability (primal simplex, phase I)
Warning: numerical instability (primal simplex, phase I)
Warning: numerical instability (primal simplex, phase II)
Warning: numerical instability (primal simplex, phase I)
Warning: numerical instability (primal simplex, phase I)
Warning: numerical instability (primal simplex, phase I)
I  127.78] Elapsed: 2:08, vertices: 40, facets final: 34, pending: 186
I  133.55] Elapsed: 2:14, vertices: 42, facets final: 36, pending: 200
I  140.72] Elapsed: 2:21, vertices: 44, facets final: 38, pending: 213
I  147.75] Elapsed: 2:28, vertices: 44, facets final: 40, pending: 211
I  153.12] Elapsed: 2:33, vertices: 46, facets final: 41, pending: 226
I  158.30] Elapsed: 2:38, vertices: 47, facets final: 44, pending: 231
I  163.74] Elapsed: 2:44, vertices: 48, facets final: 46, pending: 233
Warning: numerical instability (primal simplex, phase II)
I  170.26] Elapsed: 2:50, vertices: 49, facets final: 47, pending: 234
I  176.63] Elapsed: 2:57, vertices: 52, facets final: 48, pending: 255
Warning: numerical instability (primal simplex, phase II)
Warning: numerical instability (primal simplex, phase II)
I  182.62] Elapsed: 3:03, vertices: 52, facets final: 51, pending: 252
I  189.21] Elapsed: 3:09, vertices: 54, facets final: 54, pending: 256
Warning: numerical instability (primal simplex, phase II)
I  196.01] Elapsed: 3:16, vertices: 55, facets final: 57, pending: 251
I  201.23] Elapsed: 3:21, vertices: 55, facets final: 62, pending: 246
I  206.55] Elapsed: 3:27, vertices: 56, facets final: 66, pending: 248
I  211.67] Elapsed: 3:32, vertices: 58, facets final: 67, pending: 259
Warning: numerical instability (primal simplex, phase II)
I  219.70] Elapsed: 3:40, vertices: 59, facets final: 69, pending: 262
I  224.95] Elapsed: 3:45, vertices: 60, facets final: 70, pending: 264
I  230.73] Elapsed: 3:51, vertices: 62, facets final: 72, pending: 280
I  236.27] Elapsed: 3:56, vertices: 62, facets final: 73, pending: 279
I  241.81] Elapsed: 4:02, vertices: 64, facets final: 73, pending: 282
I  249.33] Elapsed: 4:09, vertices: 66, facets final: 75, pending: 295
I  254.47] Elapsed: 4:14, vertices: 67, facets final: 77, pending: 297
I  261.09] Elapsed: 4:21, vertices: 68, facets final: 78, pending: 302
I  266.23] Elapsed: 4:26, vertices: 69, facets final: 79, pending: 300
I  272.54] Elapsed: 4:33, vertices: 72, facets final: 79, pending: 316
I  277.58] Elapsed: 4:38, vertices: 73, facets final: 80, pending: 312
I  284.95] Elapsed: 4:45, vertices: 77, facets final: 82, pending: 352
I  291.88] Elapsed: 4:52, vertices: 79, facets final: 82, pending: 357
I  299.97] Elapsed: 5:00, vertices: 81, facets final: 84, pending: 370
I  305.97] Elapsed: 5:06, vertices: 83, facets final: 85, pending: 387
I  311.11] Elapsed: 5:11, vertices: 83, facets final: 87, pending: 385
I  316.16] Elapsed: 5:16, vertices: 83, facets final: 90, pending: 382
I  322.26] Elapsed: 5:22, vertices: 84, facets final: 93, pending: 384
I  328.83] Elapsed: 5:29, vertices: 85, facets final: 94, pending: 389
I  337.25] Elapsed: 5:37, vertices: 85, facets final: 97, pending: 386
I  343.38] Elapsed: 5:43, vertices: 87, facets final: 99, pending: 392
I  349.50] Elapsed: 5:50, vertices: 88, facets final: 101, pending: 398
I  355.23] Elapsed: 5:55, vertices: 89, facets final: 102, pending: 402
I  361.15] Elapsed: 6:01, vertices: 89, facets final: 105, pending: 399
Warning: numerical instability (primal simplex, phase II)
Warning: numerical instability (primal simplex, phase I)
I  368.02] Elapsed: 6:08, vertices: 90, facets final: 108, pending: 404
I  373.47] Elapsed: 6:13, vertices: 92, facets final: 111, pending: 411
I  378.73] Elapsed: 6:19, vertices: 92, facets final: 116, pending: 406
I  384.85] Elapsed: 6:25, vertices: 94, facets final: 119, pending: 411
I  390.41] Elapsed: 6:30, vertices: 96, facets final: 119, pending: 417
I  396.09] Elapsed: 6:36, vertices: 98, facets final: 119, pending: 421
Warning: numerical instability (primal simplex, phase II)
I  402.88] Elapsed: 6:43, vertices: 100, facets final: 121, pending: 440
Warning: numerical instability (primal simplex, phase II)
I  406.26] recalculating facets...
Warning: numerical instability (primal simplex, phase II)
Warning: numerical instability (primal simplex, phase II)
I  409.19] Elapsed: 6:49, vertices: 101, facets final: 122, pending: 445
I  416.18] Elapsed: 6:56, vertices: 103, facets final: 123, pending: 460
I  422.16] Elapsed: 7:02, vertices: 106, facets final: 124, pending: 484
I  429.42] Elapsed: 7:09, vertices: 109, facets final: 126, pending: 487
Warning: numerical instability (primal simplex, phase II)
I  435.79] Elapsed: 7:16, vertices: 110, facets final: 128, pending: 487
I  442.48] Elapsed: 7:22, vertices: 111, facets final: 131, pending: 494
I  448.62] Elapsed: 7:29, vertices: 113, facets final: 132, pending: 510
Warning: numerical instability (primal simplex, phase II)
Warning: numerical instability (primal simplex, phase I)
Warning: numerical instability (primal simplex, phase II)
Warning: numerical instability (primal simplex, phase II)
I  453.73] Elapsed: 7:34, vertices: 115, facets final: 133, pending: 539
I  459.40] Elapsed: 7:39, vertices: 118, facets final: 134, pending: 554
I  467.74] Elapsed: 7:48, vertices: 120, facets final: 137, pending: 560
I  475.06] Elapsed: 7:55, vertices: 123, facets final: 138, pending: 556
I  482.39] Elapsed: 8:02, vertices: 126, facets final: 140, pending: 557
I  490.86] Elapsed: 8:11, vertices: 128, facets final: 141, pending: 567
I  497.32] Elapsed: 8:17, vertices: 129, facets final: 143, pending: 569
Warning: numerical instability (primal simplex, phase II)
Warning: numerical instability (primal simplex, phase II)
I  502.54] Elapsed: 8:23, vertices: 131, facets final: 144, pending: 579
I  510.02] Elapsed: 8:30, vertices: 133, facets final: 145, pending: 580
I  515.10] Elapsed: 8:35, vertices: 135, facets final: 148, pending: 586
I  520.23] Elapsed: 8:40, vertices: 137, facets final: 148, pending: 590
Warning: numerical instability (primal simplex, phase II)
I  525.70] Elapsed: 8:46, vertices: 138, facets final: 151, pending: 587
Warning: numerical instability (primal simplex, phase II)
I  531.06] Elapsed: 8:51, vertices: 139, facets final: 152, pending: 596
Warning: numerical instability (primal simplex, phase II)
I  536.82] Elapsed: 8:57, vertices: 140, facets final: 155, pending: 601
Warning: numerical instability (primal simplex, phase II)
I  542.46] Elapsed: 9:02, vertices: 143, facets final: 155, pending: 611
I  547.57] Elapsed: 9:08, vertices: 144, facets final: 157, pending: 616
I  552.65] Elapsed: 9:13, vertices: 147, facets final: 158, pending: 632
I  558.41] Elapsed: 9:18, vertices: 150, facets final: 158, pending: 639
I  563.65] Elapsed: 9:24, vertices: 154, facets final: 158, pending: 683
I  569.84] Elapsed: 9:30, vertices: 157, facets final: 160, pending: 711
I  576.77] Elapsed: 9:37, vertices: 159, facets final: 161, pending: 718
I  582.20] Elapsed: 9:42, vertices: 163, facets final: 162, pending: 726
Warning: numerical instability (primal simplex, phase II)
I  588.98] Elapsed: 9:49, vertices: 164, facets final: 166, pending: 723
I  595.11] Elapsed: 9:55, vertices: 166, facets final: 167, pending: 724
I  600.99] Elapsed: 10:01, vertices: 171, facets final: 168, pending: 748
I  606.67] Elapsed: 10:07, vertices: 173, facets final: 170, pending: 756
I  613.29] Elapsed: 10:13, vertices: 178, facets final: 170, pending: 774
I  618.91] Elapsed: 10:19, vertices: 179, facets final: 173, pending: 777
Warning: numerical instability (primal simplex, phase II)
I  626.32] Elapsed: 10:26, vertices: 181, facets final: 176, pending: 794
I  633.24] Elapsed: 10:33, vertices: 182, facets final: 179, pending: 801
I  639.46] Elapsed: 10:39, vertices: 185, facets final: 180, pending: 815
I  646.32] Elapsed: 10:46, vertices: 186, facets final: 185, pending: 822
Warning: numerical instability (primal simplex, phase II)
I  653.27] Elapsed: 10:53, vertices: 188, facets final: 187, pending: 848
Warning: numerical instability (primal simplex, phase II)
Warning: numerical instability (primal simplex, phase I)
I  659.25] Elapsed: 10:59, vertices: 190, facets final: 188, pending: 849
Warning: numerical instability (primal simplex, phase II)
I  665.97] Elapsed: 11:06, vertices: 192, facets final: 190, pending: 851
I  672.73] Elapsed: 11:13, vertices: 192, facets final: 192, pending: 849
Warning: numerical instability (primal simplex, phase II)
Warning: numerical instability (primal simplex, phase I)
Warning: numerical instability (primal simplex, phase II)
Warning: numerical instability (primal simplex, phase I)
I  678.46] Elapsed: 11:18, vertices: 197, facets final: 195, pending: 883
Warning: numerical instability (primal simplex, phase II)
Warning: numerical instability (primal simplex, phase II)
I  684.88] Elapsed: 11:25, vertices: 200, facets final: 197, pending: 906
I  688.00] recalculating facets...
I  690.62] Elapsed: 11:31, vertices: 201, facets final: 198, pending: 904
I  695.98] Elapsed: 11:36, vertices: 203, facets final: 203, pending: 907
I  702.74] Elapsed: 11:43, vertices: 204, facets final: 205, pending: 905
I  708.82] Elapsed: 11:49, vertices: 206, facets final: 209, pending: 904
I  716.47] Elapsed: 11:56, vertices: 209, facets final: 209, pending: 910
I  722.84] Elapsed: 12:03, vertices: 213, facets final: 212, pending: 900
Warning: numerical instability (primal simplex, phase II)
I  729.43] Elapsed: 12:09, vertices: 215, facets final: 215, pending: 908
I  734.74] Elapsed: 12:15, vertices: 217, facets final: 216, pending: 923
I  740.12] Elapsed: 12:20, vertices: 219, facets final: 217, pending: 939
I  745.89] Elapsed: 12:26, vertices: 221, facets final: 219, pending: 951
I  751.11] Elapsed: 12:31, vertices: 222, facets final: 220, pending: 951
I  757.41] Elapsed: 12:37, vertices: 225, facets final: 221, pending: 968
Warning: numerical instability (primal simplex, phase II)
Warning: numerical instability (primal simplex, phase II)
I  764.55] Elapsed: 12:45, vertices: 226, facets final: 223, pending: 964
I  770.14] Elapsed: 12:50, vertices: 228, facets final: 225, pending: 966
I  778.96] Elapsed: 12:59, vertices: 228, facets final: 227, pending: 964
I  784.80] Elapsed: 13:05, vertices: 230, facets final: 228, pending: 965
Warning: numerical instability (primal simplex, phase II)
I  791.43] Elapsed: 13:11, vertices: 234, facets final: 229, pending: 983
I  796.59] Elapsed: 13:17, vertices: 235, facets final: 230, pending: 985
Warning: numerical instability (primal simplex, phase II)
Warning: numerical instability (primal simplex, phase II)
I  801.65] Elapsed: 13:22, vertices: 237, facets final: 230, pending: 978
Warning: numerical instability (primal simplex, phase II)
I  808.19] Elapsed: 13:28, vertices: 238, facets final: 234, pending: 982
I  814.30] Elapsed: 13:34, vertices: 239, facets final: 237, pending: 975
Warning: numerical instability (primal simplex, phase II)
Warning: numerical instability (primal simplex, phase I)
I  820.95] Elapsed: 13:41, vertices: 241, facets final: 240, pending: 974
Warning: numerical instability (primal simplex, phase II)
I  826.63] Elapsed: 13:47, vertices: 242, facets final: 242, pending: 972
Warning: numerical instability (primal simplex, phase II)
I  831.97] Elapsed: 13:52, vertices: 244, facets final: 243, pending: 974
I  839.75] Elapsed: 14:00, vertices: 245, facets final: 245, pending: 975
I  846.23] Elapsed: 14:06, vertices: 246, facets final: 247, pending: 969
I  851.25] Elapsed: 14:11, vertices: 249, facets final: 249, pending: 974
I  858.40] Elapsed: 14:18, vertices: 251, facets final: 250, pending: 983
I  864.45] Elapsed: 14:24, vertices: 253, facets final: 255, pending: 986
I  869.78] Elapsed: 14:30, vertices: 255, facets final: 256, pending: 987
I  875.03] Elapsed: 14:35, vertices: 258, facets final: 259, pending: 1012
I  880.78] Elapsed: 14:41, vertices: 260, facets final: 260, pending: 1007
Warning: numerical instability (primal simplex, phase II)
Warning: numerical instability (primal simplex, phase II)
I  887.18] Elapsed: 14:47, vertices: 264, facets final: 260, pending: 1011
I  894.28] Elapsed: 14:54, vertices: 268, facets final: 261, pending: 1030
I  900.05] Elapsed: 15:00, vertices: 272, facets final: 263, pending: 1050
I  907.71] Elapsed: 15:08, vertices: 274, facets final: 264, pending: 1057
I  914.69] Elapsed: 15:15, vertices: 279, facets final: 264, pending: 1074
I  919.92] Elapsed: 15:20, vertices: 282, facets final: 265, pending: 1069
Warning: numerical instability (primal simplex, phase II)
I  925.73] Elapsed: 15:26, vertices: 287, facets final: 267, pending: 1095
I  931.65] Elapsed: 15:32, vertices: 289, facets final: 269, pending: 1110
Warning: numerical instability (primal simplex, phase II)
I  937.39] Elapsed: 15:37, vertices: 293, facets final: 270, pending: 1129
I  943.57] Elapsed: 15:44, vertices: 295, facets final: 274, pending: 1133
I  949.76] Elapsed: 15:50, vertices: 297, facets final: 276, pending: 1136
I  955.15] Elapsed: 15:55, vertices: 298, facets final: 278, pending: 1136
I  960.24] Elapsed: 16:00, vertices: 300, facets final: 279, pending: 1139
I  960.92] recalculating facets...
Warning: numerical instability (primal simplex, phase II)
I  967.75] Elapsed: 16:08, vertices: 302, facets final: 282, pending: 1138
I  972.96] Elapsed: 16:13, vertices: 303, facets final: 284, pending: 1154
I  978.14] Elapsed: 16:18, vertices: 304, facets final: 286, pending: 1146
I  986.10] Elapsed: 16:26, vertices: 306, facets final: 289, pending: 1163
I  991.75] Elapsed: 16:32, vertices: 310, facets final: 289, pending: 1169
I  997.15] Elapsed: 16:37, vertices: 312, facets final: 291, pending: 1179
I 1002.17] Elapsed: 16:42, vertices: 314, facets final: 291, pending: 1187
I 1007.81] Elapsed: 16:48, vertices: 316, facets final: 292, pending: 1190
I 1012.91] Elapsed: 16:53, vertices: 320, facets final: 293, pending: 1207
I 1018.09] Elapsed: 16:58, vertices: 324, facets final: 294, pending: 1210
I 1024.05] Elapsed: 17:04, vertices: 328, facets final: 295, pending: 1217
I 1030.63] Elapsed: 17:11, vertices: 331, facets final: 297, pending: 1209
I 1037.24] Elapsed: 17:17, vertices: 333, facets final: 300, pending: 1213
I 1043.67] Elapsed: 17:24, vertices: 336, facets final: 300, pending: 1223
Warning: numerical instability (primal simplex, phase II)
I 1050.09] Elapsed: 17:30, vertices: 339, facets final: 302, pending: 1239
I 1055.46] Elapsed: 17:35, vertices: 340, facets final: 302, pending: 1233
I 1061.11] Elapsed: 17:41, vertices: 342, facets final: 306, pending: 1243
I 1068.51] Elapsed: 17:49, vertices: 344, facets final: 308, pending: 1257
I 1075.10] Elapsed: 17:55, vertices: 344, facets final: 311, pending: 1254
I 1080.60] Elapsed: 18:01, vertices: 347, facets final: 311, pending: 1262
I 1085.73] Elapsed: 18:06, vertices: 349, facets final: 313, pending: 1266
I 1092.70] Elapsed: 18:13, vertices: 354, facets final: 317, pending: 1308
I 1097.96] Elapsed: 18:18, vertices: 356, facets final: 319, pending: 1313
I 1103.02] Elapsed: 18:23, vertices: 357, facets final: 320, pending: 1321
I 1109.12] Elapsed: 18:29, vertices: 359, facets final: 323, pending: 1322
I 1115.37] Elapsed: 18:35, vertices: 362, facets final: 327, pending: 1316
I 1121.93] Elapsed: 18:42, vertices: 364, facets final: 331, pending: 1312
I 1127.04] Elapsed: 18:47, vertices: 365, facets final: 333, pending: 1319
I 1132.68] Elapsed: 18:53, vertices: 367, facets final: 337, pending: 1304
I 1138.39] Elapsed: 18:58, vertices: 372, facets final: 338, pending: 1319
Warning: numerical instability (primal simplex, phase II)
I 1144.19] Elapsed: 19:04, vertices: 374, facets final: 340, pending: 1310
I 1150.34] Elapsed: 19:10, vertices: 376, facets final: 342, pending: 1320
I 1155.75] Elapsed: 19:16, vertices: 380, facets final: 342, pending: 1323
Warning: numerical instability (primal simplex, phase II)
I 1162.19] Elapsed: 19:22, vertices: 382, facets final: 345, pending: 1327
I 1167.60] Elapsed: 19:28, vertices: 387, facets final: 348, pending: 1337
I 1172.74] Elapsed: 19:33, vertices: 388, facets final: 351, pending: 1332
Warning: numerical instability (primal simplex, phase II)
I 1178.87] Elapsed: 19:39, vertices: 391, facets final: 352, pending: 1333
I 1184.59] Elapsed: 19:45, vertices: 393, facets final: 359, pending: 1345
I 1191.72] Elapsed: 19:52, vertices: 395, facets final: 362, pending: 1340
I 1197.13] Elapsed: 19:57, vertices: 397, facets final: 363, pending: 1339
I 1203.36] Elapsed: 20:03, vertices: 400, facets final: 366, pending: 1346
I 1203.36] recalculating facets...
I 1208.59] Elapsed: 20:09, vertices: 403, facets final: 367, pending: 1344
I 1214.17] Elapsed: 20:14, vertices: 405, facets final: 370, pending: 1359
Warning: numerical instability (primal simplex, phase II)
I 1220.90] Elapsed: 20:21, vertices: 408, facets final: 373, pending: 1349
I 1226.16] Elapsed: 20:26, vertices: 411, facets final: 376, pending: 1365
I 1232.97] Elapsed: 20:33, vertices: 412, facets final: 378, pending: 1368
I 1237.97] Elapsed: 20:38, vertices: 413, facets final: 381, pending: 1357
I 1244.37] Elapsed: 20:44, vertices: 417, facets final: 383, pending: 1361
I 1250.64] Elapsed: 20:51, vertices: 417, facets final: 385, pending: 1359
I 1257.04] Elapsed: 20:57, vertices: 420, facets final: 385, pending: 1385
Warning: numerical instability (primal simplex, phase II)
Warning: numerical instability (primal simplex, phase II)
I 1263.15] Elapsed: 21:03, vertices: 424, facets final: 386, pending: 1384
I 1268.60] Elapsed: 21:09, vertices: 425, facets final: 390, pending: 1378
Warning: numerical instability (primal simplex, phase II)
Warning: numerical instability (primal simplex, phase II)
I 1274.84] Elapsed: 21:15, vertices: 426, facets final: 392, pending: 1372
I 1280.32] Elapsed: 21:20, vertices: 428, facets final: 395, pending: 1377
I 1286.13] Elapsed: 21:26, vertices: 429, facets final: 399, pending: 1364
I 1292.80] Elapsed: 21:33, vertices: 430, facets final: 402, pending: 1361
I 1297.82] Elapsed: 21:38, vertices: 432, facets final: 404, pending: 1364
I 1303.53] Elapsed: 21:44, vertices: 433, facets final: 406, pending: 1352
I 1309.04] Elapsed: 21:49, vertices: 434, facets final: 409, pending: 1347
I 1315.19] Elapsed: 21:55, vertices: 435, facets final: 413, pending: 1341
I 1322.56] Elapsed: 22:03, vertices: 440, facets final: 415, pending: 1351
I 1328.32] Elapsed: 22:08, vertices: 442, facets final: 418, pending: 1348
I 1333.62] Elapsed: 22:14, vertices: 443, facets final: 421, pending: 1347
I 1339.05] Elapsed: 22:19, vertices: 445, facets final: 424, pending: 1354
I 1345.72] Elapsed: 22:26, vertices: 448, facets final: 426, pending: 1355
I 1351.11] Elapsed: 22:31, vertices: 450, facets final: 429, pending: 1352
I 1357.70] Elapsed: 22:38, vertices: 451, facets final: 431, pending: 1344
Warning: numerical instability (primal simplex, phase II)
I 1362.76] Elapsed: 22:43, vertices: 453, facets final: 432, pending: 1344
I 1369.60] Elapsed: 22:50, vertices: 455, facets final: 436, pending: 1344
I 1376.37] Elapsed: 22:56, vertices: 458, facets final: 439, pending: 1347
I 1381.65] Elapsed: 23:02, vertices: 459, facets final: 441, pending: 1341
I 1387.27] Elapsed: 23:07, vertices: 460, facets final: 444, pending: 1345
I 1393.87] Elapsed: 23:14, vertices: 462, facets final: 446, pending: 1343
I 1399.80] Elapsed: 23:20, vertices: 464, facets final: 450, pending: 1337
I 1405.53] Elapsed: 23:26, vertices: 466, facets final: 452, pending: 1335
Warning: numerical instability (primal simplex, phase II)
I 1412.75] Elapsed: 23:33, vertices: 468, facets final: 454, pending: 1334
I 1419.10] Elapsed: 23:39, vertices: 471, facets final: 456, pending: 1331
I 1425.01] Elapsed: 23:45, vertices: 472, facets final: 459, pending: 1324
I 1430.94] Elapsed: 23:51, vertices: 473, facets final: 462, pending: 1323
Warning: numerical instability (primal simplex, phase II)
I 1436.54] Elapsed: 23:57, vertices: 476, facets final: 464, pending: 1315
I 1441.88] Elapsed: 24:02, vertices: 477, facets final: 466, pending: 1312
Warning: numerical instability (primal simplex, phase II)
I 1447.74] Elapsed: 24:08, vertices: 478, facets final: 468, pending: 1308
I 1453.40] Elapsed: 24:13, vertices: 480, facets final: 471, pending: 1307
I 1459.76] Elapsed: 24:20, vertices: 484, facets final: 473, pending: 1306
I 1464.99] Elapsed: 24:25, vertices: 487, facets final: 475, pending: 1317
Warning: numerical instability (primal simplex, phase II)
I 1472.23] Elapsed: 24:32, vertices: 489, facets final: 478, pending: 1313
Warning: numerical instability (primal simplex, phase II)
I 1478.99] Elapsed: 24:39, vertices: 491, facets final: 480, pending: 1299
I 1484.67] Elapsed: 24:45, vertices: 494, facets final: 483, pending: 1298
I 1490.08] Elapsed: 24:50, vertices: 494, facets final: 489, pending: 1292
I 1496.18] Elapsed: 24:56, vertices: 495, facets final: 492, pending: 1291
I 1502.38] Elapsed: 25:02, vertices: 495, facets final: 496, pending: 1287
Warning: numerical instability (primal simplex, phase II)
I 1507.43] Elapsed: 25:07, vertices: 496, facets final: 497, pending: 1284
Warning: numerical instability (primal simplex, phase II)
I 1513.35] Elapsed: 25:13, vertices: 497, facets final: 499, pending: 1274
I 1518.86] Elapsed: 25:19, vertices: 498, facets final: 502, pending: 1272
Warning: numerical instability (primal simplex, phase II)
Warning: numerical instability (primal simplex, phase I)
Warning: numerical instability (primal simplex, phase I)
I 1521.16] recalculating facets...
I 1525.13] Elapsed: 25:25, vertices: 502, facets final: 505, pending: 1265
I 1530.97] Elapsed: 25:31, vertices: 503, facets final: 509, pending: 1262
I 1536.67] Elapsed: 25:37, vertices: 503, facets final: 512, pending: 1259
Warning: numerical instability (primal simplex, phase II)
I 1542.38] Elapsed: 25:42, vertices: 503, facets final: 516, pending: 1255
I 1548.16] Elapsed: 25:48, vertices: 503, facets final: 518, pending: 1253
I 1553.94] Elapsed: 25:54, vertices: 504, facets final: 524, pending: 1243
I 1559.59] Elapsed: 26:00, vertices: 508, facets final: 525, pending: 1256
Warning: numerical instability (primal simplex, phase II)
I 1566.47] Elapsed: 26:06, vertices: 510, facets final: 526, pending: 1245
I 1573.29] Elapsed: 26:13, vertices: 514, facets final: 530, pending: 1265
I 1579.35] Elapsed: 26:19, vertices: 515, facets final: 532, pending: 1264
I 1584.72] Elapsed: 26:25, vertices: 515, facets final: 535, pending: 1261
I 1589.94] Elapsed: 26:30, vertices: 517, facets final: 537, pending: 1269
I 1595.21] Elapsed: 26:35, vertices: 519, facets final: 541, pending: 1257
I 1600.72] Elapsed: 26:41, vertices: 521, facets final: 542, pending: 1260
I 1607.12] Elapsed: 26:47, vertices: 523, facets final: 544, pending: 1260
I 1613.82] Elapsed: 26:54, vertices: 524, facets final: 546, pending: 1252
I 1619.53] Elapsed: 27:00, vertices: 524, facets final: 550, pending: 1248
Warning: numerical instability (primal simplex, phase II)
I 1625.31] Elapsed: 27:05, vertices: 525, facets final: 552, pending: 1250
I 1631.63] Elapsed: 27:12, vertices: 528, facets final: 555, pending: 1257
I 1637.84] Elapsed: 27:18, vertices: 529, facets final: 558, pending: 1252
I 1643.75] Elapsed: 27:24, vertices: 530, facets final: 560, pending: 1248
I 1650.02] Elapsed: 27:30, vertices: 531, facets final: 561, pending: 1247
I 1657.19] Elapsed: 27:37, vertices: 535, facets final: 564, pending: 1249
I 1663.12] Elapsed: 27:43, vertices: 537, facets final: 564, pending: 1253
I 1669.03] Elapsed: 27:49, vertices: 539, facets final: 568, pending: 1241
I 1674.60] Elapsed: 27:55, vertices: 541, facets final: 570, pending: 1232
I 1680.15] Elapsed: 28:00, vertices: 545, facets final: 570, pending: 1233
I 1687.03] Elapsed: 28:07, vertices: 547, facets final: 574, pending: 1226
Warning: numerical instability (primal simplex, phase II)
I 1693.73] Elapsed: 28:14, vertices: 547, facets final: 578, pending: 1222
I 1700.94] Elapsed: 28:21, vertices: 551, facets final: 582, pending: 1210
I 1708.62] Elapsed: 28:29, vertices: 551, facets final: 585, pending: 1207
Warning: numerical instability (primal simplex, phase II)
I 1715.77] Elapsed: 28:36, vertices: 554, facets final: 589, pending: 1193
I 1722.04] Elapsed: 28:42, vertices: 556, facets final: 592, pending: 1187
I 1727.69] Elapsed: 28:48, vertices: 557, facets final: 596, pending: 1183
I 1734.55] Elapsed: 28:55, vertices: 558, facets final: 599, pending: 1182
Warning: numerical instability (primal simplex, phase II)
I 1741.68] Elapsed: 29:02, vertices: 559, facets final: 602, pending: 1174
I 1747.77] Elapsed: 29:08, vertices: 561, facets final: 607, pending: 1162
I 1753.98] Elapsed: 29:14, vertices: 563, facets final: 610, pending: 1153
I 1760.11] Elapsed: 29:20, vertices: 565, facets final: 613, pending: 1143
I 1766.27] Elapsed: 29:26, vertices: 568, facets final: 617, pending: 1139
I 1771.75] Elapsed: 29:32, vertices: 569, facets final: 620, pending: 1137
I 1778.07] Elapsed: 29:38, vertices: 569, facets final: 623, pending: 1134
I 1784.41] Elapsed: 29:44, vertices: 571, facets final: 628, pending: 1131
I 1790.20] Elapsed: 29:50, vertices: 573, facets final: 631, pending: 1124
I 1795.41] Elapsed: 29:55, vertices: 573, facets final: 633, pending: 1122
Warning: numerical instability (primal simplex, phase II)
I 1801.66] Elapsed: 30:02, vertices: 574, facets final: 637, pending: 1110
I 1806.92] Elapsed: 30:07, vertices: 575, facets final: 640, pending: 1107
I 1813.37] Elapsed: 30:13, vertices: 576, facets final: 644, pending: 1103
I 1819.71] Elapsed: 30:20, vertices: 579, facets final: 650, pending: 1100
I 1825.82] Elapsed: 30:26, vertices: 579, facets final: 655, pending: 1095
Warning: numerical instability (primal simplex, phase II)
I 1831.95] Elapsed: 30:32, vertices: 580, facets final: 660, pending: 1087
I 1837.92] Elapsed: 30:38, vertices: 581, facets final: 665, pending: 1078
I 1843.39] Elapsed: 30:43, vertices: 582, facets final: 668, pending: 1075
I 1849.07] Elapsed: 30:49, vertices: 584, facets final: 673, pending: 1069
I 1855.05] Elapsed: 30:55, vertices: 585, facets final: 677, pending: 1066
Warning: numerical instability (primal simplex, phase II)
I 1861.70] Elapsed: 31:02, vertices: 586, facets final: 681, pending: 1061
I 1866.88] Elapsed: 31:07, vertices: 587, facets final: 685, pending: 1058
I 1872.65] Elapsed: 31:13, vertices: 589, facets final: 688, pending: 1053
Warning: numerical instability (primal simplex, phase II)
I 1879.69] Elapsed: 31:20, vertices: 590, facets final: 694, pending: 1045
I 1885.21] Elapsed: 31:25, vertices: 590, facets final: 699, pending: 1040
Warning: numerical instability (primal simplex, phase II)
I 1890.73] Elapsed: 31:31, vertices: 591, facets final: 702, pending: 1037
Warning: numerical instability (primal simplex, phase II)
I 1898.33] Elapsed: 31:38, vertices: 591, facets final: 706, pending: 1033
I 1905.22] Elapsed: 31:45, vertices: 591, facets final: 710, pending: 1029
Warning: numerical instability (primal simplex, phase II)
Warning: numerical instability (primal simplex, phase I)
I 1910.29] Elapsed: 31:50, vertices: 592, facets final: 714, pending: 1025
I 1915.57] Elapsed: 31:56, vertices: 593, facets final: 717, pending: 1016
I 1921.06] Elapsed: 32:01, vertices: 594, facets final: 723, pending: 1010
I 1926.23] Elapsed: 32:06, vertices: 594, facets final: 726, pending: 1007
I 1931.70] Elapsed: 32:12, vertices: 594, facets final: 731, pending: 1002
I 1936.94] Elapsed: 32:17, vertices: 594, facets final: 736, pending: 997
I 1942.75] Elapsed: 32:23, vertices: 595, facets final: 739, pending: 994
I 1948.60] Elapsed: 32:29, vertices: 597, facets final: 746, pending: 984
I 1954.13] Elapsed: 32:34, vertices: 597, facets final: 749, pending: 981
I 1959.57] Elapsed: 32:40, vertices: 597, facets final: 753, pending: 977
I 1964.59] Elapsed: 32:45, vertices: 597, facets final: 757, pending: 973
I 1969.75] Elapsed: 32:50, vertices: 597, facets final: 759, pending: 971
I 1974.83] Elapsed: 32:55, vertices: 598, facets final: 763, pending: 969
Warning: numerical instability (primal simplex, phase II)
I 1980.60] Elapsed: 33:01, vertices: 600, facets final: 767, pending: 957
I 1984.80] recalculating facets...
I 1985.61] Elapsed: 33:06, vertices: 601, facets final: 770, pending: 956
I 1990.72] Elapsed: 33:11, vertices: 601, facets final: 773, pending: 953
I 1996.39] Elapsed: 33:16, vertices: 603, facets final: 777, pending: 947
I 2002.34] Elapsed: 33:22, vertices: 605, facets final: 782, pending: 948
I 2008.35] Elapsed: 33:28, vertices: 606, facets final: 784, pending: 944
Warning: numerical instability (primal simplex, phase II)
Warning: numerical instability (primal simplex, phase I)
Warning: numerical instability (primal simplex, phase I)
Warning: numerical instability (primal simplex, phase I)
I 2013.67] Elapsed: 33:34, vertices: 607, facets final: 787, pending: 949
I 2019.84] Elapsed: 33:40, vertices: 608, facets final: 794, pending: 942
I 2024.84] Elapsed: 33:45, vertices: 608, facets final: 800, pending: 936
Warning: numerical instability (primal simplex, phase II)
I 2030.32] Elapsed: 33:50, vertices: 609, facets final: 801, pending: 933
I 2035.63] Elapsed: 33:56, vertices: 611, facets final: 805, pending: 924
I 2040.87] Elapsed: 34:01, vertices: 612, facets final: 807, pending: 917
I 2045.95] Elapsed: 34:06, vertices: 613, facets final: 810, pending: 908
I 2051.08] Elapsed: 34:11, vertices: 614, facets final: 817, pending: 899
I 2056.24] Elapsed: 34:16, vertices: 615, facets final: 820, pending: 894
I 2061.75] Elapsed: 34:22, vertices: 617, facets final: 823, pending: 885
I 2067.06] Elapsed: 34:27, vertices: 619, facets final: 826, pending: 883
I 2072.19] Elapsed: 34:32, vertices: 620, facets final: 832, pending: 865
I 2077.86] Elapsed: 34:38, vertices: 621, facets final: 836, pending: 861
I 2082.97] Elapsed: 34:43, vertices: 622, facets final: 838, pending: 857
Warning: numerical instability (primal simplex, phase II)
Warning: numerical instability (primal simplex, phase II)
I 2088.67] Elapsed: 34:49, vertices: 626, facets final: 840, pending: 854
I 2094.00] Elapsed: 34:54, vertices: 628, facets final: 844, pending: 849
Warning: numerical instability (primal simplex, phase II)
I 2099.37] Elapsed: 34:59, vertices: 629, facets final: 850, pending: 841
I 2105.84] Elapsed: 35:06, vertices: 630, facets final: 854, pending: 834
I 2111.34] Elapsed: 35:11, vertices: 631, facets final: 859, pending: 829
I 2117.37] Elapsed: 35:17, vertices: 631, facets final: 864, pending: 824
I 2122.85] Elapsed: 35:23, vertices: 632, facets final: 867, pending: 821
Warning: numerical instability (primal simplex, phase II)
Warning: numerical instability (primal simplex, phase II)
I 2128.26] Elapsed: 35:28, vertices: 632, facets final: 872, pending: 816
I 2134.14] Elapsed: 35:34, vertices: 632, facets final: 876, pending: 812
Warning: numerical instability (primal simplex, phase II)
I 2139.92] Elapsed: 35:40, vertices: 632, facets final: 879, pending: 809
Warning: numerical instability (primal simplex, phase II)
I 2145.79] Elapsed: 35:46, vertices: 633, facets final: 882, pending: 804
Warning: numerical instability (primal simplex, phase II)
I 2151.20] Elapsed: 35:51, vertices: 634, facets final: 886, pending: 804
I 2157.18] Elapsed: 35:57, vertices: 635, facets final: 891, pending: 801
I 2162.21] Elapsed: 36:02, vertices: 636, facets final: 897, pending: 799
Warning: numerical instability (primal simplex, phase II)
I 2168.02] Elapsed: 36:08, vertices: 636, facets final: 900, pending: 796
I 2175.50] Elapsed: 36:16, vertices: 637, facets final: 904, pending: 793
I 2181.28] Elapsed: 36:21, vertices: 637, facets final: 909, pending: 788
I 2186.31] Elapsed: 36:26, vertices: 637, facets final: 914, pending: 783
I 2191.69] Elapsed: 36:32, vertices: 639, facets final: 919, pending: 778
I 2197.04] Elapsed: 36:37, vertices: 639, facets final: 924, pending: 773
Warning: numerical instability (primal simplex, phase II)
Warning: numerical instability (primal simplex, phase II)
I 2202.19] Elapsed: 36:42, vertices: 641, facets final: 925, pending: 773
I 2207.42] Elapsed: 36:47, vertices: 641, facets final: 928, pending: 770
I 2212.50] Elapsed: 36:53, vertices: 641, facets final: 930, pending: 768
I 2217.61] Elapsed: 36:58, vertices: 642, facets final: 932, pending: 764
Warning: numerical instability (primal simplex, phase II)
I 2224.61] Elapsed: 37:05, vertices: 643, facets final: 939, pending: 756
I 2229.76] Elapsed: 37:10, vertices: 644, facets final: 943, pending: 750
I 2234.80] Elapsed: 37:15, vertices: 644, facets final: 947, pending: 746
I 2239.86] Elapsed: 37:20, vertices: 645, facets final: 950, pending: 741
Warning: numerical instability (primal simplex, phase II)
I 2245.07] Elapsed: 37:25, vertices: 647, facets final: 954, pending: 734
Warning: numerical instability (primal simplex, phase II)
I 2250.37] Elapsed: 37:30, vertices: 647, facets final: 958, pending: 730
I 2255.75] Elapsed: 37:36, vertices: 648, facets final: 964, pending: 723
I 2261.29] Elapsed: 37:41, vertices: 649, facets final: 970, pending: 714
I 2267.10] Elapsed: 37:47, vertices: 650, facets final: 977, pending: 709
I 2273.26] Elapsed: 37:53, vertices: 651, facets final: 982, pending: 706
I 2279.96] Elapsed: 38:00, vertices: 653, facets final: 989, pending: 694
Warning: numerical instability (primal simplex, phase II)
Warning: numerical instability (primal simplex, phase II)
Warning: numerical instability (primal simplex, phase II)
I 2285.37] Elapsed: 38:05, vertices: 653, facets final: 994, pending: 689
I 2291.82] Elapsed: 38:12, vertices: 653, facets final: 1000, pending: 683
Warning: numerical instability (primal simplex, phase II)
I 2297.93] Elapsed: 38:18, vertices: 654, facets final: 1003, pending: 678
Warning: numerical instability (primal simplex, phase II)
Warning: numerical instability (primal simplex, phase II)
Warning: numerical instability (primal simplex, phase I)
I 2305.03] Elapsed: 38:25, vertices: 657, facets final: 1008, pending: 673
I 2311.24] Elapsed: 38:31, vertices: 659, facets final: 1013, pending: 670
Warning: numerical instability (primal simplex, phase II)
I 2316.71] Elapsed: 38:37, vertices: 660, facets final: 1019, pending: 663
I 2322.56] Elapsed: 38:43, vertices: 660, facets final: 1025, pending: 657
I 2328.89] Elapsed: 38:49, vertices: 663, facets final: 1029, pending: 649
I 2335.58] Elapsed: 38:56, vertices: 665, facets final: 1033, pending: 633
I 2342.08] Elapsed: 39:02, vertices: 665, facets final: 1041, pending: 625
I 2347.52] Elapsed: 39:08, vertices: 666, facets final: 1044, pending: 622
Warning: numerical instability (primal simplex, phase II)
Warning: numerical instability (primal simplex, phase II)
Warning: numerical instability (primal simplex, phase I)
I 2353.19] Elapsed: 39:13, vertices: 667, facets final: 1047, pending: 618
I 2358.34] Elapsed: 39:18, vertices: 667, facets final: 1054, pending: 611
Warning: numerical instability (primal simplex, phase II)
I 2364.36] Elapsed: 39:24, vertices: 668, facets final: 1057, pending: 604
I 2369.43] Elapsed: 39:29, vertices: 669, facets final: 1063, pending: 594
Warning: numerical instability (primal simplex, phase II)
I 2374.55] Elapsed: 39:35, vertices: 669, facets final: 1069, pending: 588
I 2380.13] Elapsed: 39:40, vertices: 669, facets final: 1074, pending: 583
Warning: numerical instability (primal simplex, phase II)
I 2386.14] Elapsed: 39:46, vertices: 669, facets final: 1079, pending: 578
Warning: numerical instability (primal simplex, phase II)
Warning: numerical instability (primal simplex, phase II)
I 2391.49] Elapsed: 39:51, vertices: 669, facets final: 1084, pending: 573
I 2397.01] Elapsed: 39:57, vertices: 670, facets final: 1087, pending: 566
I 2402.93] Elapsed: 40:03, vertices: 671, facets final: 1092, pending: 558
I 2408.44] Elapsed: 40:08, vertices: 671, facets final: 1096, pending: 554
I 2414.52] Elapsed: 40:15, vertices: 673, facets final: 1101, pending: 552
I 2419.94] Elapsed: 40:20, vertices: 674, facets final: 1106, pending: 549
Warning: numerical instability (primal simplex, phase II)
I 2425.65] Elapsed: 40:26, vertices: 675, facets final: 1111, pending: 540
I 2431.14] Elapsed: 40:31, vertices: 675, facets final: 1116, pending: 535
I 2436.33] Elapsed: 40:36, vertices: 675, facets final: 1121, pending: 530
I 2441.72] Elapsed: 40:42, vertices: 675, facets final: 1126, pending: 525
I 2447.92] Elapsed: 40:48, vertices: 675, facets final: 1132, pending: 519
I 2453.01] Elapsed: 40:53, vertices: 676, facets final: 1135, pending: 514
I 2458.82] Elapsed: 40:59, vertices: 676, facets final: 1141, pending: 508
I 2463.91] Elapsed: 41:04, vertices: 676, facets final: 1146, pending: 503
I 2469.21] Elapsed: 41:09, vertices: 676, facets final: 1151, pending: 498
I 2476.26] Elapsed: 41:16, vertices: 676, facets final: 1158, pending: 491
Warning: numerical instability (primal simplex, phase II)
I 2482.01] Elapsed: 41:22, vertices: 676, facets final: 1163, pending: 486
I 2487.78] Elapsed: 41:28, vertices: 676, facets final: 1168, pending: 481
I 2493.81] Elapsed: 41:34, vertices: 677, facets final: 1175, pending: 472
I 2500.03] Elapsed: 41:40, vertices: 677, facets final: 1179, pending: 468
Warning: numerical instability (primal simplex, phase II)
I 2505.47] Elapsed: 41:45, vertices: 678, facets final: 1182, pending: 466
I 2511.05] Elapsed: 41:51, vertices: 680, facets final: 1186, pending: 460
Warning: numerical instability (primal simplex, phase II)
I 2516.83] Elapsed: 41:57, vertices: 680, facets final: 1190, pending: 456
Warning: numerical instability (primal simplex, phase II)
I 2523.60] Elapsed: 42:04, vertices: 680, facets final: 1195, pending: 451
I 2529.95] Elapsed: 42:10, vertices: 680, facets final: 1199, pending: 447
I 2535.04] Elapsed: 42:15, vertices: 680, facets final: 1202, pending: 444
I 2541.80] Elapsed: 42:22, vertices: 681, facets final: 1207, pending: 439
I 2546.94] Elapsed: 42:27, vertices: 681, facets final: 1211, pending: 435
I 2552.23] Elapsed: 42:32, vertices: 681, facets final: 1216, pending: 430
I 2558.35] Elapsed: 42:38, vertices: 682, facets final: 1219, pending: 425
I 2563.54] Elapsed: 42:44, vertices: 682, facets final: 1225, pending: 419
Warning: numerical instability (primal simplex, phase II)
I 2568.94] Elapsed: 42:49, vertices: 682, facets final: 1230, pending: 414
I 2575.07] Elapsed: 42:55, vertices: 682, facets final: 1237, pending: 407
I 2580.23] Elapsed: 43:00, vertices: 682, facets final: 1242, pending: 402
I 2585.75] Elapsed: 43:06, vertices: 682, facets final: 1247, pending: 397
I 2590.97] Elapsed: 43:11, vertices: 682, facets final: 1251, pending: 393
I 2596.13] Elapsed: 43:16, vertices: 683, facets final: 1255, pending: 389
I 2601.54] Elapsed: 43:22, vertices: 684, facets final: 1260, pending: 382
I 2608.69] Elapsed: 43:29, vertices: 685, facets final: 1266, pending: 376
I 2615.20] Elapsed: 43:35, vertices: 685, facets final: 1271, pending: 371
I 2620.86] Elapsed: 43:41, vertices: 686, facets final: 1275, pending: 363
I 2626.66] Elapsed: 43:47, vertices: 686, facets final: 1280, pending: 358
I 2631.68] Elapsed: 43:52, vertices: 686, facets final: 1284, pending: 354
I 2637.15] Elapsed: 43:57, vertices: 686, facets final: 1287, pending: 351
I 2642.97] Elapsed: 44:03, vertices: 687, facets final: 1291, pending: 345
I 2649.78] Elapsed: 44:10, vertices: 687, facets final: 1295, pending: 341
I 2655.37] Elapsed: 44:15, vertices: 687, facets final: 1301, pending: 335
I 2661.12] Elapsed: 44:21, vertices: 688, facets final: 1305, pending: 329
I 2666.26] Elapsed: 44:26, vertices: 688, facets final: 1313, pending: 321
I 2672.06] Elapsed: 44:32, vertices: 688, facets final: 1324, pending: 310
I 2677.19] Elapsed: 44:37, vertices: 688, facets final: 1330, pending: 304
I 2683.01] Elapsed: 44:43, vertices: 689, facets final: 1338, pending: 294
I 2689.32] Elapsed: 44:49, vertices: 690, facets final: 1343, pending: 287
Warning: numerical instability (primal simplex, phase II)
I 2695.26] Elapsed: 44:55, vertices: 691, facets final: 1350, pending: 278
Warning: numerical instability (primal simplex, phase II)
I 2701.51] Elapsed: 45:02, vertices: 691, facets final: 1356, pending: 272
I 2707.24] Elapsed: 45:07, vertices: 691, facets final: 1364, pending: 264
I 2713.29] Elapsed: 45:13, vertices: 692, facets final: 1369, pending: 259
I 2718.92] Elapsed: 45:19, vertices: 693, facets final: 1374, pending: 252
I 2724.15] Elapsed: 45:24, vertices: 693, facets final: 1377, pending: 249
I 2729.88] Elapsed: 45:30, vertices: 697, facets final: 1384, pending: 242
Warning: numerical instability (primal simplex, phase II)
Warning: numerical instability (primal simplex, phase II)
Warning: numerical instability (primal simplex, phase II)
I 2734.93] Elapsed: 45:35, vertices: 698, facets final: 1392, pending: 228
I 2739.94] Elapsed: 45:40, vertices: 698, facets final: 1398, pending: 222
I 2744.29] recalculating facets...
I 2745.81] Elapsed: 45:46, vertices: 702, facets final: 1404, pending: 213
I 2750.86] Elapsed: 45:51, vertices: 704, facets final: 1413, pending: 200
I 2756.12] Elapsed: 45:56, vertices: 704, facets final: 1426, pending: 187
I 2761.23] Elapsed: 46:01, vertices: 704, facets final: 1439, pending: 174
I 2766.25] Elapsed: 46:06, vertices: 706, facets final: 1449, pending: 160
I 2771.74] Elapsed: 46:12, vertices: 706, facets final: 1459, pending: 150
I 2777.03] Elapsed: 46:17, vertices: 706, facets final: 1474, pending: 135
I 2783.32] Elapsed: 46:23, vertices: 707, facets final: 1480, pending: 129
I 2789.11] Elapsed: 46:29, vertices: 709, facets final: 1491, pending: 116
I 2794.86] Elapsed: 46:35, vertices: 710, facets final: 1498, pending: 109
I 2800.59] Elapsed: 46:41, vertices: 713, facets final: 1502, pending: 100
I 2807.28] Elapsed: 46:47, vertices: 716, facets final: 1514, pending: 80
I 2812.28] Elapsed: 46:52, vertices: 717, facets final: 1523, pending: 79
I 2817.37] Elapsed: 46:57, vertices: 720, facets final: 1531, pending: 63
I 2822.62] Elapsed: 47:03, vertices: 722, facets final: 1543, pending: 49
I 2829.12] Elapsed: 47:09, vertices: 722, facets final: 1546, pending: 46
I 2834.12] Elapsed: 47:14, vertices: 725, facets final: 1556, pending: 35
I 2839.56] Elapsed: 47:20, vertices: 726, facets final: 1564, pending: 25
Warning: numerical instability (primal simplex, phase II)
I 2846.03] Elapsed: 47:26, vertices: 727, facets final: 1582, pending: 6
Warning: numerical instability (primal simplex, phase II)
Warning: numerical instability (primal simplex, phase II)
I 2852.89] Elapsed: 47:33, vertices: 730, facets final: 1584, pending: 3
I 2856.05] Elapsed: 47:36, vertices: 730, facets final: 1587, pending: 0

--------------------------------
Problem completed
 name                    74.vlp
 output                  copy/vlp/74.res
 rows, cols, objs        839, 10570, 10
 vertices, facets        730, 1587
 total time              47:36
--------------------------------
Statistics
LP:
 oracle calls            2317
   avg iterations/calls  3.21k
 total oracle time       47:36
Combinatorics:
 vertices added          730
 facets probed           2317
 facets # max            1818
 memory allocated        2.08M
 storage expansion
   vertices # / upto     6 / 764
   facets   # / upto     1 / 4092
 facet manipulating
   added avg / max       11.53 / 52.00
   compressed            2
 number of ridge tests
   avg / max             11.74k / 71.06k
--------------------------------
Parameters with non-default values
 OracleItLimit = 300000
 OracleTimeLimit = 120
