C copy string: rs=ac:bd;tu=(cs)d:abr;v=d:abru
I    4.01] Elapsed: 4.01, vertices: 13, facets final: 51, pending: 0

--------------------------------
Problem completed
 name                    86.vlp
 output                  vlp/86.res
 rows, cols, objs        374, 4103, 10
 vertices, facets        13, 51
 total time              4.01
--------------------------------
Statistics
LP:
 oracle calls            64
   avg iterations/calls  413.22
 total oracle time       4.01
Combinatorics:
 vertices added          13
 facets probed           64
 facets # max            52
 memory allocated        2.26M
 storage expansion
   vertices # / upto     1 / 124
   facets   # / upto     1 / 4092
 facet manipulating
   added avg / max       5.67 / 17.00
   compressed            0
 number of ridge tests
   avg / max             44.33 / 124.00
--------------------------------
Parameters with non-default values
 VertexPoolSize = 150
