C copy string: rs=ac:bd;t=d:abr;u=d:abrt;ar,br,cr,dr;art,brt,crt,drt; ineq: base
I    5.03] Elapsed: 5.03, vertices: 64, facets final: 14, pending: 4588, pool: 50
I   10.03] Elapsed: 10.03, vertices: 126, facets final: 14, pending: 11555, pool: 50
I   15.03] Elapsed: 15.03, vertices: 167, facets final: 16, pending: 14393, pool: 50
I   20.15] Elapsed: 20.15, vertices: 206, facets final: 18, pending: 15957, pool: 50
I   25.17] Elapsed: 25.17, vertices: 241, facets final: 20, pending: 17264, pool: 50
I   30.17] Elapsed: 30.17, vertices: 269, facets final: 23, pending: 17675, pool: 50
I   35.61] Elapsed: 35.61, vertices: 293, facets final: 28, pending: 17646, pool: 50
I   40.66] Elapsed: 40.66, vertices: 315, facets final: 30, pending: 17711, pool: 50
I   45.87] Elapsed: 45.87, vertices: 339, facets final: 35, pending: 17794, pool: 50
I   50.94] Elapsed: 50.94, vertices: 366, facets final: 36, pending: 17969, pool: 50
I   55.96] Elapsed: 55.96, vertices: 393, facets final: 39, pending: 17456, pool: 50
I   60.97] Elapsed: 1:01, vertices: 425, facets final: 46, pending: 17247, pool: 50
I   66.08] Elapsed: 1:06, vertices: 461, facets final: 53, pending: 16889, pool: 50
I   71.14] Elapsed: 1:11, vertices: 497, facets final: 61, pending: 17020, pool: 50
I   76.19] Elapsed: 1:16, vertices: 528, facets final: 66, pending: 16542, pool: 50
I   81.21] Elapsed: 1:21, vertices: 565, facets final: 76, pending: 16506, pool: 50
I   86.34] Elapsed: 1:26, vertices: 600, facets final: 83, pending: 16008, pool: 50
I   91.37] Elapsed: 1:31, vertices: 636, facets final: 90, pending: 15821, pool: 50
I   96.38] Elapsed: 1:36, vertices: 664, facets final: 99, pending: 15659, pool: 50
I  101.39] Elapsed: 1:41, vertices: 693, facets final: 101, pending: 15422, pool: 50
recalculate_facet: numerical instability at facet 3425, coord 0 (-1.41803e-06)
recalculate_facet: numerical instability at facet 3425, coord 1 (-1.807e-06)
recalculate_facet: numerical instability at facet 3425, coord 2 (-2.09989e-06)
recalculate_facet: numerical instability at facet 3425, coord 3 (4.46518e-06)
recalculate_facet: numerical instability at facet 3425, coord 4 (1.14249e-06)
recalculate_facet: numerical instability at facet 3425, coord 10 (-3.69952e-06)
recalculate_facet: numerical instability at facet 13461, coord 0 (-1.87486e-06)
recalculate_facet: numerical instability at facet 13461, coord 2 (-1.49348e-06)
recalculate_facet: numerical instability at facet 13461, coord 3 (1.35182e-06)
recalculate_facet: numerical instability at facet 13461, coord 10 (-2.45287e-06)
I  106.44] Elapsed: 1:46, vertices: 721, facets final: 109, pending: 14979, pool: 50
I  111.51] Elapsed: 1:52, vertices: 752, facets final: 111, pending: 14274, pool: 50
I  116.51] Elapsed: 1:57, vertices: 786, facets final: 121, pending: 14080, pool: 50
I  121.53] Elapsed: 2:02, vertices: 819, facets final: 131, pending: 13593, pool: 50
I  126.56] Elapsed: 2:07, vertices: 850, facets final: 147, pending: 13625, pool: 50
I  131.70] Elapsed: 2:12, vertices: 885, facets final: 166, pending: 13346, pool: 50
I  136.82] Elapsed: 2:17, vertices: 916, facets final: 187, pending: 13042, pool: 50
I  141.84] Elapsed: 2:22, vertices: 950, facets final: 209, pending: 12919, pool: 50
I  146.86] Elapsed: 2:27, vertices: 985, facets final: 230, pending: 12446, pool: 50
I  151.86] Elapsed: 2:32, vertices: 1022, facets final: 250, pending: 12339, pool: 50
I  157.01] Elapsed: 2:37, vertices: 1064, facets final: 265, pending: 11804, pool: 50
I  162.01] Elapsed: 2:42, vertices: 1098, facets final: 280, pending: 11682, pool: 50
I  167.01] Elapsed: 2:47, vertices: 1129, facets final: 305, pending: 11445, pool: 49
I  172.04] Elapsed: 2:52, vertices: 1160, facets final: 326, pending: 10959, pool: 50
I  177.06] Elapsed: 2:57, vertices: 1197, facets final: 359, pending: 10518, pool: 50
I  182.16] Elapsed: 3:02, vertices: 1238, facets final: 387, pending: 9843, pool: 50
I  187.18] Elapsed: 3:07, vertices: 1279, facets final: 416, pending: 9504, pool: 50
I  192.23] Elapsed: 3:12, vertices: 1311, facets final: 471, pending: 9134, pool: 50
I  197.26] Elapsed: 3:17, vertices: 1348, facets final: 514, pending: 8778, pool: 50
I  202.30] Elapsed: 3:22, vertices: 1389, facets final: 556, pending: 8461, pool: 50
I  207.31] Elapsed: 3:27, vertices: 1428, facets final: 605, pending: 8139, pool: 50
I  212.31] Elapsed: 3:32, vertices: 1460, facets final: 661, pending: 7896, pool: 50
I  217.32] Elapsed: 3:37, vertices: 1496, facets final: 712, pending: 7688, pool: 50
I  222.32] Elapsed: 3:42, vertices: 1530, facets final: 770, pending: 7411, pool: 50
I  227.35] Elapsed: 3:47, vertices: 1560, facets final: 844, pending: 7077, pool: 50
I  232.35] Elapsed: 3:52, vertices: 1595, facets final: 902, pending: 6858, pool: 49
I  237.36] Elapsed: 3:57, vertices: 1623, facets final: 980, pending: 6580, pool: 50
I  242.37] Elapsed: 4:02, vertices: 1648, facets final: 1068, pending: 6444, pool: 49
I  247.40] Elapsed: 4:07, vertices: 1678, facets final: 1144, pending: 6217, pool: 50
I  252.41] Elapsed: 4:12, vertices: 1713, facets final: 1214, pending: 5961, pool: 50
I  257.43] Elapsed: 4:17, vertices: 1743, facets final: 1297, pending: 5723, pool: 50
I  262.46] Elapsed: 4:22, vertices: 1767, facets final: 1391, pending: 5523, pool: 49
I  267.47] Elapsed: 4:27, vertices: 1789, facets final: 1493, pending: 5328, pool: 50
I  272.48] Elapsed: 4:32, vertices: 1817, facets final: 1591, pending: 5181, pool: 49
I  277.51] Elapsed: 4:38, vertices: 1846, facets final: 1688, pending: 4985, pool: 50
I  282.56] Elapsed: 4:43, vertices: 1876, facets final: 1781, pending: 4829, pool: 50
I  287.56] Elapsed: 4:48, vertices: 1902, facets final: 1890, pending: 4659, pool: 49
I  292.57] Elapsed: 4:53, vertices: 1921, facets final: 2016, pending: 4480, pool: 49
I  297.58] Elapsed: 4:58, vertices: 1944, facets final: 2137, pending: 4298, pool: 49
I  302.63] Elapsed: 5:03, vertices: 1962, facets final: 2262, pending: 4141, pool: 49
I  307.63] Elapsed: 5:08, vertices: 1987, facets final: 2381, pending: 3970, pool: 49
I  312.64] Elapsed: 5:13, vertices: 2004, facets final: 2513, pending: 3783, pool: 49
I  317.66] Elapsed: 5:18, vertices: 2027, facets final: 2631, pending: 3599, pool: 49
I  322.69] Elapsed: 5:23, vertices: 2046, facets final: 2758, pending: 3403, pool: 49
I  327.69] Elapsed: 5:28, vertices: 2060, facets final: 2898, pending: 3227, pool: 48
I  332.72] Elapsed: 5:33, vertices: 2071, facets final: 3030, pending: 3085, pool: 49
I  337.75] Elapsed: 5:38, vertices: 2083, facets final: 3164, pending: 2922, pool: 49
I  342.79] Elapsed: 5:43, vertices: 2093, facets final: 3308, pending: 2765, pool: 47
I  347.79] Elapsed: 5:48, vertices: 2105, facets final: 3444, pending: 2616, pool: 47
I  352.82] Elapsed: 5:53, vertices: 2119, facets final: 3585, pending: 2451, pool: 47
I  357.82] Elapsed: 5:58, vertices: 2127, facets final: 3735, pending: 2294, pool: 42
I  362.86] Elapsed: 6:03, vertices: 2134, facets final: 3875, pending: 2140, pool: 42
I  367.90] Elapsed: 6:08, vertices: 2144, facets final: 4007, pending: 1987, pool: 39
I  372.91] Elapsed: 6:13, vertices: 2149, facets final: 4157, pending: 1826, pool: 39
I  377.92] Elapsed: 6:18, vertices: 2153, facets final: 4303, pending: 1674, pool: 40
I  382.92] Elapsed: 6:23, vertices: 2161, facets final: 4449, pending: 1523, pool: 42
I  387.92] Elapsed: 6:28, vertices: 2168, facets final: 4581, pending: 1379, pool: 39
I  392.93] Elapsed: 6:33, vertices: 2175, facets final: 4723, pending: 1235, pool: 39
I  397.95] Elapsed: 6:38, vertices: 2182, facets final: 4869, pending: 1077, pool: 35
I  402.97] Elapsed: 6:43, vertices: 2187, facets final: 5022, pending: 911, pool: 33
I  407.97] Elapsed: 6:48, vertices: 2192, facets final: 5171, pending: 756, pool: 30
I  413.00] Elapsed: 6:53, vertices: 2199, facets final: 5325, pending: 596, pool: 28
I  418.05] Elapsed: 6:58, vertices: 2204, facets final: 5469, pending: 446, pool: 24
I  423.05] Elapsed: 7:03, vertices: 2211, facets final: 5612, pending: 295, pool: 19
I  428.07] Elapsed: 7:08, vertices: 2222, facets final: 5757, pending: 151, pool: 15
I  431.74] Elapsed: 7:12, vertices: 2253, facets final: 5880, pending: 0

--------------------------------
Problem completed
 name                    03.vlp
 output                  vlp/03.res
 rows, cols, objs        177, 1663, 10
 vertices, facets        2253, 5880
 total time              7:12
--------------------------------
Statistics
LP:
 oracle calls            8336
   avg iterations/calls  164.69
 total oracle time       4:15
Combinatorics:
 vertices added          2253
 facets probed           11377
 facets # max            18209
 memory allocated        17.32M
 instability warnings    10
 storage expansion
   vertices # / upto     18 / 2300
   facets   # / upto     5 / 20476
 facet manipulating
   added avg / max       101.56 / 1.26k
   compressed            93
 number of ridge tests
   avg / max             1.32M / 15.46M
--------------------------------
Parameters with non-default values
 VertexPoolSize=50
