C copy string: rs=cd:ab;t=a:bcr;u=a:bcrt;ar,br,cr,dr;as,bs,cs,ds;at,bt,ct,dt; in
I    5.01] Elapsed: 5.01, vertices: 160, facets final: 34, pending: 5788, pool: 100
I   10.01] Elapsed: 10.01, vertices: 337, facets final: 55, pending: 13368, pool: 100
I   15.02] Elapsed: 15.02, vertices: 470, facets final: 84, pending: 16143, pool: 100
I   20.02] Elapsed: 20.02, vertices: 593, facets final: 111, pending: 17981, pool: 100
I   25.02] Elapsed: 25.02, vertices: 704, facets final: 152, pending: 19186, pool: 100
I   30.03] Elapsed: 30.03, vertices: 814, facets final: 200, pending: 19778, pool: 100
I   35.04] Elapsed: 35.04, vertices: 918, facets final: 235, pending: 20746, pool: 100
I   40.04] Elapsed: 40.04, vertices: 1022, facets final: 285, pending: 21202, pool: 100
I   45.04] Elapsed: 45.04, vertices: 1117, facets final: 332, pending: 21253, pool: 100
I   50.05] Elapsed: 50.05, vertices: 1217, facets final: 377, pending: 20933, pool: 100
I   55.07] Elapsed: 55.07, vertices: 1321, facets final: 434, pending: 20446, pool: 100
I   60.11] Elapsed: 1:00, vertices: 1422, facets final: 514, pending: 19883, pool: 100
I   65.12] Elapsed: 1:05, vertices: 1518, facets final: 603, pending: 19547, pool: 100
I   70.14] Elapsed: 1:10, vertices: 1618, facets final: 685, pending: 18927, pool: 100
I   75.14] Elapsed: 1:15, vertices: 1711, facets final: 790, pending: 18374, pool: 100
I   80.14] Elapsed: 1:20, vertices: 1810, facets final: 895, pending: 17421, pool: 100
I   85.15] Elapsed: 1:25, vertices: 1902, facets final: 1029, pending: 16446, pool: 100
I   90.16] Elapsed: 1:30, vertices: 1989, facets final: 1176, pending: 15530, pool: 100
I   95.18] Elapsed: 1:35, vertices: 2070, facets final: 1338, pending: 14824, pool: 100
I  100.18] Elapsed: 1:40, vertices: 2153, facets final: 1533, pending: 14351, pool: 100
I  105.18] Elapsed: 1:45, vertices: 2223, facets final: 1755, pending: 13863, pool: 100
I  110.18] Elapsed: 1:50, vertices: 2303, facets final: 1959, pending: 13223, pool: 100
I  115.18] Elapsed: 1:55, vertices: 2377, facets final: 2181, pending: 12708, pool: 100
I  120.18] Elapsed: 2:00, vertices: 2442, facets final: 2435, pending: 12135, pool: 99
I  125.18] Elapsed: 2:05, vertices: 2506, facets final: 2677, pending: 11722, pool: 100
I  130.19] Elapsed: 2:10, vertices: 2563, facets final: 2937, pending: 11207, pool: 100
I  135.19] Elapsed: 2:15, vertices: 2624, facets final: 3182, pending: 10766, pool: 100
I  140.19] Elapsed: 2:20, vertices: 2666, facets final: 3495, pending: 10350, pool: 100
I  145.19] Elapsed: 2:25, vertices: 2701, facets final: 3804, pending: 9878, pool: 99
I  150.20] Elapsed: 2:30, vertices: 2733, facets final: 4134, pending: 9489, pool: 99
I  155.20] Elapsed: 2:35, vertices: 2762, facets final: 4474, pending: 9051, pool: 98
I  160.20] Elapsed: 2:40, vertices: 2786, facets final: 4816, pending: 8640, pool: 99
I  165.20] Elapsed: 2:45, vertices: 2817, facets final: 5127, pending: 8221, pool: 99
I  170.20] Elapsed: 2:50, vertices: 2844, facets final: 5472, pending: 7767, pool: 95
I  175.21] Elapsed: 2:55, vertices: 2872, facets final: 5813, pending: 7344, pool: 96
I  180.22] Elapsed: 3:00, vertices: 2889, facets final: 6175, pending: 6965, pool: 96
I  185.22] Elapsed: 3:05, vertices: 2906, facets final: 6532, pending: 6576, pool: 96
I  190.22] Elapsed: 3:10, vertices: 2925, facets final: 6907, pending: 6170, pool: 92
I  195.22] Elapsed: 3:15, vertices: 2937, facets final: 7313, pending: 5744, pool: 95
I  200.23] Elapsed: 3:20, vertices: 2957, facets final: 7680, pending: 5347, pool: 89
I  205.23] Elapsed: 3:25, vertices: 2968, facets final: 8080, pending: 4923, pool: 89
I  210.24] Elapsed: 3:30, vertices: 2977, facets final: 8469, pending: 4520, pool: 88
I  215.24] Elapsed: 3:35, vertices: 2987, facets final: 8849, pending: 4124, pool: 85
I  220.24] Elapsed: 3:40, vertices: 2994, facets final: 9240, pending: 3718, pool: 83
I  225.25] Elapsed: 3:45, vertices: 3002, facets final: 9629, pending: 3322, pool: 85
I  230.26] Elapsed: 3:50, vertices: 3012, facets final: 10022, pending: 2922, pool: 82
I  235.27] Elapsed: 3:55, vertices: 3023, facets final: 10409, pending: 2511, pool: 77
I  240.27] Elapsed: 4:00, vertices: 3033, facets final: 10802, pending: 2101, pool: 73
I  245.27] Elapsed: 4:05, vertices: 3044, facets final: 11184, pending: 1711, pool: 66
I  250.27] Elapsed: 4:10, vertices: 3059, facets final: 11586, pending: 1297, pool: 59
I  255.27] Elapsed: 4:15, vertices: 3072, facets final: 11965, pending: 905, pool: 59
I  260.28] Elapsed: 4:20, vertices: 3088, facets final: 12349, pending: 511, pool: 50
I  265.28] Elapsed: 4:25, vertices: 3148, facets final: 12690, pending: 128, pool: 16
I  266.67] Elapsed: 4:27, vertices: 3190, facets final: 12776, pending: 0

--------------------------------
Problem completed
 name                    11.vlp
 output                  vlp/11.res
 rows, cols, objs        177, 1743, 10
 vertices, facets        3190, 12776
 total time              4:27
--------------------------------
Statistics
LP:
 oracle calls            16298
   avg iterations/calls  165.10
 total oracle time       3:09
Combinatorics:
 vertices added          3190
 facets probed           28132
 facets # max            21645
 memory allocated        29.67M
 storage expansion
   vertices # / upto     26 / 3324
   facets   # / upto     6 / 24572
 facet manipulating
   added avg / max       59.25 / 666.00
   compressed            134
 number of ridge tests
   avg / max             857.89k / 11.42M
--------------------------------
Parameters with non-default values
 VertexPoolSize=100
