C copy string: rs=cd:ab;tu=ac:bs;v=a:bdsu;ar,br,cr,dr;as,bs,cs,ds;at,bt,ct,dt;av
I    5.68] Elapsed: 5.68, vertices: 20, facets final: 10, pending: 285
I   10.84] Elapsed: 10.84, vertices: 29, facets final: 12, pending: 584, pool: 39
I   15.88] Elapsed: 15.88, vertices: 43, facets final: 15, pending: 1162, pool: 59
I   21.60] Elapsed: 21.60, vertices: 58, facets final: 19, pending: 1829, pool: 81
I   26.73] Elapsed: 26.73, vertices: 80, facets final: 24, pending: 2914, pool: 99
I   31.94] Elapsed: 31.94, vertices: 122, facets final: 27, pending: 4879, pool: 99
I   36.97] Elapsed: 36.97, vertices: 163, facets final: 33, pending: 6526, pool: 100
I   42.04] Elapsed: 42.04, vertices: 199, facets final: 44, pending: 7621, pool: 100
I   47.07] Elapsed: 47.07, vertices: 240, facets final: 53, pending: 9363, pool: 100
I   52.26] Elapsed: 52.26, vertices: 279, facets final: 59, pending: 9914, pool: 99
I   57.40] Elapsed: 57.40, vertices: 314, facets final: 75, pending: 10572, pool: 99
I   62.69] Elapsed: 1:03, vertices: 343, facets final: 86, pending: 10771, pool: 100
I   67.70] Elapsed: 1:08, vertices: 377, facets final: 98, pending: 10860, pool: 100
I   72.71] Elapsed: 1:13, vertices: 406, facets final: 107, pending: 11007, pool: 100
I   77.80] Elapsed: 1:18, vertices: 436, facets final: 121, pending: 11046, pool: 100
I   82.80] Elapsed: 1:23, vertices: 468, facets final: 134, pending: 11139, pool: 100
I   87.89] Elapsed: 1:28, vertices: 499, facets final: 152, pending: 11137, pool: 100
I   92.98] Elapsed: 1:33, vertices: 529, facets final: 170, pending: 11047, pool: 100
I   98.06] Elapsed: 1:38, vertices: 556, facets final: 190, pending: 11259, pool: 100
I  103.19] Elapsed: 1:43, vertices: 581, facets final: 205, pending: 11226, pool: 100
I  108.20] Elapsed: 1:48, vertices: 612, facets final: 222, pending: 11110, pool: 100
I  113.24] Elapsed: 1:53, vertices: 634, facets final: 245, pending: 10888, pool: 100
I  118.29] Elapsed: 1:58, vertices: 656, facets final: 267, pending: 10789, pool: 100
I  123.39] Elapsed: 2:03, vertices: 679, facets final: 292, pending: 10481, pool: 99
I  128.50] Elapsed: 2:09, vertices: 701, facets final: 314, pending: 10510, pool: 99
I  133.60] Elapsed: 2:14, vertices: 722, facets final: 338, pending: 10371, pool: 100
I  138.65] Elapsed: 2:19, vertices: 742, facets final: 366, pending: 10282, pool: 100
I  143.66] Elapsed: 2:24, vertices: 767, facets final: 393, pending: 10176, pool: 100
I  148.74] Elapsed: 2:29, vertices: 786, facets final: 419, pending: 10060, pool: 100
I  153.78] Elapsed: 2:34, vertices: 801, facets final: 448, pending: 10043, pool: 100
I  158.78] Elapsed: 2:39, vertices: 821, facets final: 475, pending: 9849, pool: 100
I  163.84] Elapsed: 2:44, vertices: 848, facets final: 502, pending: 9673, pool: 100
I  169.01] Elapsed: 2:49, vertices: 868, facets final: 535, pending: 9472, pool: 98
I  174.08] Elapsed: 2:54, vertices: 890, facets final: 566, pending: 9396, pool: 100
I  179.11] Elapsed: 2:59, vertices: 905, facets final: 600, pending: 9313, pool: 99
I  184.11] Elapsed: 3:04, vertices: 921, facets final: 627, pending: 9240, pool: 100
I  189.15] Elapsed: 3:09, vertices: 943, facets final: 655, pending: 9141, pool: 100
I  194.19] Elapsed: 3:14, vertices: 957, facets final: 697, pending: 8903, pool: 100
I  199.27] Elapsed: 3:19, vertices: 974, facets final: 726, pending: 8799, pool: 99
I  204.35] Elapsed: 3:24, vertices: 983, facets final: 770, pending: 8727, pool: 100
I  209.42] Elapsed: 3:29, vertices: 998, facets final: 806, pending: 8567, pool: 100
I  214.44] Elapsed: 3:34, vertices: 1013, facets final: 836, pending: 8534, pool: 98
I  219.61] Elapsed: 3:40, vertices: 1028, facets final: 866, pending: 8396, pool: 98
I  224.63] Elapsed: 3:45, vertices: 1039, facets final: 908, pending: 8267, pool: 100
I  229.67] Elapsed: 3:50, vertices: 1051, facets final: 939, pending: 8143, pool: 99
I  234.69] Elapsed: 3:55, vertices: 1060, facets final: 979, pending: 8077, pool: 99
I  239.69] Elapsed: 4:00, vertices: 1067, facets final: 1021, pending: 7970, pool: 100
I  244.73] Elapsed: 4:05, vertices: 1075, facets final: 1059, pending: 7902, pool: 100
I  249.73] Elapsed: 4:10, vertices: 1086, facets final: 1097, pending: 7821, pool: 100
I  254.73] Elapsed: 4:15, vertices: 1098, facets final: 1142, pending: 7720, pool: 99
I  259.75] Elapsed: 4:20, vertices: 1106, facets final: 1181, pending: 7649, pool: 99
I  264.79] Elapsed: 4:25, vertices: 1118, facets final: 1225, pending: 7544, pool: 100
I  269.82] Elapsed: 4:30, vertices: 1127, facets final: 1263, pending: 7487, pool: 100
I  274.84] Elapsed: 4:35, vertices: 1135, facets final: 1303, pending: 7437, pool: 100
I  279.89] Elapsed: 4:40, vertices: 1142, facets final: 1339, pending: 7330, pool: 98
I  284.89] Elapsed: 4:45, vertices: 1148, facets final: 1383, pending: 7294, pool: 99
I  289.96] Elapsed: 4:50, vertices: 1162, facets final: 1417, pending: 7132, pool: 100
I  294.98] Elapsed: 4:55, vertices: 1170, facets final: 1464, pending: 7100, pool: 99
I  300.04] Elapsed: 5:00, vertices: 1179, facets final: 1500, pending: 7025, pool: 100
I  305.08] Elapsed: 5:05, vertices: 1188, facets final: 1543, pending: 6950, pool: 100
I  310.14] Elapsed: 5:10, vertices: 1198, facets final: 1586, pending: 6834, pool: 99
I  315.17] Elapsed: 5:15, vertices: 1206, facets final: 1631, pending: 6776, pool: 98
I  320.18] Elapsed: 5:20, vertices: 1208, facets final: 1675, pending: 6726, pool: 99
I  325.26] Elapsed: 5:25, vertices: 1211, facets final: 1720, pending: 6705, pool: 100
I  330.30] Elapsed: 5:30, vertices: 1218, facets final: 1763, pending: 6631, pool: 100
I  335.38] Elapsed: 5:35, vertices: 1223, facets final: 1808, pending: 6604, pool: 98
I  340.49] Elapsed: 5:40, vertices: 1227, facets final: 1852, pending: 6567, pool: 100
I  345.58] Elapsed: 5:46, vertices: 1232, facets final: 1900, pending: 6500, pool: 100
I  350.62] Elapsed: 5:51, vertices: 1235, facets final: 1949, pending: 6442, pool: 100
I  355.63] Elapsed: 5:56, vertices: 1238, facets final: 1999, pending: 6395, pool: 100
I  360.72] Elapsed: 6:01, vertices: 1242, facets final: 2043, pending: 6381, pool: 99
I  365.84] Elapsed: 6:06, vertices: 1245, facets final: 2092, pending: 6317, pool: 100
I  371.01] Elapsed: 6:11, vertices: 1250, facets final: 2138, pending: 6261, pool: 97
I  376.17] Elapsed: 6:16, vertices: 1258, facets final: 2180, pending: 6176, pool: 99
I  381.17] Elapsed: 6:21, vertices: 1262, facets final: 2227, pending: 6129, pool: 99
I  386.23] Elapsed: 6:26, vertices: 1267, facets final: 2274, pending: 6086, pool: 99
I  391.23] Elapsed: 6:31, vertices: 1271, facets final: 2322, pending: 6025, pool: 99
I  396.24] Elapsed: 6:36, vertices: 1271, facets final: 2372, pending: 5975
I  401.31] Elapsed: 6:41, vertices: 1276, facets final: 2417, pending: 5914, pool: 99
I  406.31] Elapsed: 6:46, vertices: 1279, facets final: 2467, pending: 5856, pool: 100
I  411.37] Elapsed: 6:51, vertices: 1285, facets final: 2513, pending: 5821, pool: 99
I  416.44] Elapsed: 6:56, vertices: 1289, facets final: 2556, pending: 5772, pool: 98
I  421.48] Elapsed: 7:01, vertices: 1291, facets final: 2602, pending: 5716, pool: 97
I  426.50] Elapsed: 7:07, vertices: 1297, facets final: 2647, pending: 5722, pool: 99
I  431.55] Elapsed: 7:12, vertices: 1303, facets final: 2697, pending: 5673, pool: 99
I  436.59] Elapsed: 7:17, vertices: 1307, facets final: 2742, pending: 5635, pool: 98
I  441.71] Elapsed: 7:22, vertices: 1311, facets final: 2790, pending: 5572, pool: 96
I  446.71] Elapsed: 7:27, vertices: 1318, facets final: 2831, pending: 5523, pool: 97
I  451.73] Elapsed: 7:32, vertices: 1322, facets final: 2874, pending: 5473, pool: 95
I  456.85] Elapsed: 7:37, vertices: 1323, facets final: 2924, pending: 5420, pool: 94
I  461.93] Elapsed: 7:42, vertices: 1325, facets final: 2974, pending: 5364, pool: 97
I  466.96] Elapsed: 7:47, vertices: 1329, facets final: 3018, pending: 5323, pool: 99
I  472.07] Elapsed: 7:52, vertices: 1331, facets final: 3068, pending: 5265, pool: 100
I  477.09] Elapsed: 7:57, vertices: 1333, facets final: 3112, pending: 5216, pool: 99
I  482.13] Elapsed: 8:02, vertices: 1337, facets final: 3162, pending: 5177, pool: 98
I  487.22] Elapsed: 8:07, vertices: 1340, facets final: 3217, pending: 5112, pool: 96
I  492.30] Elapsed: 8:12, vertices: 1342, facets final: 3271, pending: 5048, pool: 95
I  497.35] Elapsed: 8:17, vertices: 1345, facets final: 3315, pending: 5001, pool: 97
I  502.38] Elapsed: 8:22, vertices: 1347, facets final: 3360, pending: 4951, pool: 97
I  507.40] Elapsed: 8:27, vertices: 1352, facets final: 3408, pending: 4888, pool: 99
I  512.54] Elapsed: 8:33, vertices: 1355, facets final: 3454, pending: 4832, pool: 99
I  517.63] Elapsed: 8:38, vertices: 1364, facets final: 3496, pending: 4785, pool: 96
I  522.63] Elapsed: 8:43, vertices: 1365, facets final: 3551, pending: 4726, pool: 96
I  527.63] Elapsed: 8:48, vertices: 1368, facets final: 3592, pending: 4691, pool: 100
I  532.69] Elapsed: 8:53, vertices: 1371, facets final: 3642, pending: 4637, pool: 98
I  537.69] Elapsed: 8:58, vertices: 1376, facets final: 3682, pending: 4617, pool: 99
I  542.71] Elapsed: 9:03, vertices: 1381, facets final: 3736, pending: 4544, pool: 99
I  547.74] Elapsed: 9:08, vertices: 1385, facets final: 3782, pending: 4482, pool: 97
I  552.79] Elapsed: 9:13, vertices: 1388, facets final: 3831, pending: 4428, pool: 96
I  557.85] Elapsed: 9:18, vertices: 1391, facets final: 3874, pending: 4406, pool: 100
I  562.96] Elapsed: 9:23, vertices: 1398, facets final: 3917, pending: 4355, pool: 99
I  568.00] Elapsed: 9:28, vertices: 1401, facets final: 3961, pending: 4319, pool: 98
I  573.00] Elapsed: 9:33, vertices: 1402, facets final: 4010, pending: 4272, pool: 98
I  578.03] Elapsed: 9:38, vertices: 1406, facets final: 4053, pending: 4225, pool: 98
I  583.06] Elapsed: 9:43, vertices: 1411, facets final: 4100, pending: 4178, pool: 97
I  588.24] Elapsed: 9:48, vertices: 1413, facets final: 4151, pending: 4132, pool: 95
I  593.37] Elapsed: 9:53, vertices: 1416, facets final: 4202, pending: 4093, pool: 94
I  598.40] Elapsed: 9:58, vertices: 1419, facets final: 4247, pending: 4034, pool: 94
I  603.44] Elapsed: 10:03, vertices: 1420, facets final: 4292, pending: 3990, pool: 95
I  608.50] Elapsed: 10:09, vertices: 1420, facets final: 4342, pending: 3940
I  613.50] Elapsed: 10:14, vertices: 1422, facets final: 4388, pending: 3889, pool: 96
I  618.51] Elapsed: 10:19, vertices: 1422, facets final: 4442, pending: 3835
I  623.59] Elapsed: 10:24, vertices: 1424, facets final: 4489, pending: 3784, pool: 99
I  628.59] Elapsed: 10:29, vertices: 1430, facets final: 4537, pending: 3764, pool: 96
I  633.68] Elapsed: 10:34, vertices: 1433, facets final: 4588, pending: 3712, pool: 96
I  638.75] Elapsed: 10:39, vertices: 1434, facets final: 4635, pending: 3662, pool: 95
I  643.80] Elapsed: 10:44, vertices: 1437, facets final: 4678, pending: 3614, pool: 97
I  648.85] Elapsed: 10:49, vertices: 1440, facets final: 4723, pending: 3584, pool: 97
I  653.85] Elapsed: 10:54, vertices: 1442, facets final: 4767, pending: 3536, pool: 98
I  658.85] Elapsed: 10:59, vertices: 1446, facets final: 4811, pending: 3485, pool: 98
I  664.01] Elapsed: 11:04, vertices: 1448, facets final: 4863, pending: 3431, pool: 96
I  669.04] Elapsed: 11:09, vertices: 1449, facets final: 4915, pending: 3379, pool: 98
I  674.06] Elapsed: 11:14, vertices: 1452, facets final: 4959, pending: 3328, pool: 97
I  679.08] Elapsed: 11:19, vertices: 1452, facets final: 5012, pending: 3275
I  684.15] Elapsed: 11:24, vertices: 1454, facets final: 5060, pending: 3221, pool: 97
I  689.29] Elapsed: 11:29, vertices: 1458, facets final: 5107, pending: 3158, pool: 96
I  694.35] Elapsed: 11:34, vertices: 1462, facets final: 5148, pending: 3105, pool: 93
I  699.38] Elapsed: 11:39, vertices: 1463, facets final: 5195, pending: 3052, pool: 93
I  704.49] Elapsed: 11:44, vertices: 1464, facets final: 5247, pending: 2997, pool: 93
I  709.53] Elapsed: 11:50, vertices: 1467, facets final: 5296, pending: 2946, pool: 97
I  714.57] Elapsed: 11:55, vertices: 1468, facets final: 5348, pending: 2891, pool: 97
I  719.57] Elapsed: 12:00, vertices: 1470, facets final: 5390, pending: 2848, pool: 97
I  724.61] Elapsed: 12:05, vertices: 1473, facets final: 5441, pending: 2785, pool: 96
I  729.64] Elapsed: 12:10, vertices: 1475, facets final: 5490, pending: 2731, pool: 96
I  734.74] Elapsed: 12:15, vertices: 1478, facets final: 5541, pending: 2678, pool: 96
I  739.83] Elapsed: 12:20, vertices: 1480, facets final: 5596, pending: 2618, pool: 94
I  744.92] Elapsed: 12:25, vertices: 1481, facets final: 5648, pending: 2563, pool: 95
I  750.02] Elapsed: 12:30, vertices: 1483, facets final: 5692, pending: 2511, pool: 96
I  755.08] Elapsed: 12:35, vertices: 1487, facets final: 5746, pending: 2447, pool: 95
I  760.14] Elapsed: 12:40, vertices: 1492, facets final: 5793, pending: 2403, pool: 91
I  765.19] Elapsed: 12:45, vertices: 1495, facets final: 5840, pending: 2354, pool: 89
I  770.28] Elapsed: 12:50, vertices: 1495, facets final: 5887, pending: 2307
I  775.28] Elapsed: 12:55, vertices: 1497, facets final: 5932, pending: 2252, pool: 93
I  780.44] Elapsed: 13:00, vertices: 1498, facets final: 5980, pending: 2206, pool: 93
I  785.50] Elapsed: 13:06, vertices: 1500, facets final: 6035, pending: 2139, pool: 94
I  790.50] Elapsed: 13:11, vertices: 1504, facets final: 6088, pending: 2080, pool: 90
I  795.56] Elapsed: 13:16, vertices: 1506, facets final: 6135, pending: 2033, pool: 89
I  800.71] Elapsed: 13:21, vertices: 1507, facets final: 6184, pending: 1992, pool: 89
I  805.71] Elapsed: 13:26, vertices: 1511, facets final: 6223, pending: 1945, pool: 86
I  810.76] Elapsed: 13:31, vertices: 1511, facets final: 6276, pending: 1892
I  815.77] Elapsed: 13:36, vertices: 1513, facets final: 6330, pending: 1837, pool: 86
I  820.86] Elapsed: 13:41, vertices: 1515, facets final: 6382, pending: 1791, pool: 86
I  825.86] Elapsed: 13:46, vertices: 1516, facets final: 6432, pending: 1737, pool: 86
I  830.92] Elapsed: 13:51, vertices: 1518, facets final: 6485, pending: 1679, pool: 85
I  835.97] Elapsed: 13:56, vertices: 1519, facets final: 6535, pending: 1627, pool: 85
I  841.06] Elapsed: 14:01, vertices: 1520, facets final: 6592, pending: 1568, pool: 84
I  846.12] Elapsed: 14:06, vertices: 1523, facets final: 6635, pending: 1523, pool: 81
I  851.27] Elapsed: 14:11, vertices: 1523, facets final: 6685, pending: 1473
I  856.35] Elapsed: 14:16, vertices: 1524, facets final: 6735, pending: 1421, pool: 81
I  861.45] Elapsed: 14:21, vertices: 1524, facets final: 6784, pending: 1372
I  866.53] Elapsed: 14:27, vertices: 1525, facets final: 6840, pending: 1313, pool: 81
I  871.60] Elapsed: 14:32, vertices: 1526, facets final: 6893, pending: 1261, pool: 81
I  876.60] Elapsed: 14:37, vertices: 1527, facets final: 6943, pending: 1210, pool: 81
I  881.69] Elapsed: 14:42, vertices: 1530, facets final: 6993, pending: 1155, pool: 79
I  886.73] Elapsed: 14:47, vertices: 1531, facets final: 7043, pending: 1103, pool: 78
I  891.78] Elapsed: 14:52, vertices: 1533, facets final: 7094, pending: 1052, pool: 77
I  896.94] Elapsed: 14:57, vertices: 1534, facets final: 7144, pending: 1002, pool: 76
I  901.97] Elapsed: 15:02, vertices: 1536, facets final: 7191, pending: 954, pool: 77
I  907.08] Elapsed: 15:07, vertices: 1537, facets final: 7241, pending: 906, pool: 76
I  912.16] Elapsed: 15:12, vertices: 1539, facets final: 7287, pending: 854, pool: 77
I  917.16] Elapsed: 15:17, vertices: 1540, facets final: 7336, pending: 805, pool: 77
I  922.17] Elapsed: 15:22, vertices: 1543, facets final: 7387, pending: 749, pool: 76
I  927.18] Elapsed: 15:27, vertices: 1545, facets final: 7438, pending: 694, pool: 75
I  932.20] Elapsed: 15:32, vertices: 1547, facets final: 7484, pending: 651, pool: 75
I  937.20] Elapsed: 15:37, vertices: 1550, facets final: 7538, pending: 596, pool: 73
I  942.21] Elapsed: 15:42, vertices: 1551, facets final: 7589, pending: 543, pool: 73
I  947.28] Elapsed: 15:47, vertices: 1554, facets final: 7642, pending: 490, pool: 73
I  952.29] Elapsed: 15:52, vertices: 1560, facets final: 7684, pending: 441, pool: 68
I  957.38] Elapsed: 15:57, vertices: 1567, facets final: 7728, pending: 399, pool: 62
I  962.44] Elapsed: 16:02, vertices: 1571, facets final: 7784, pending: 335, pool: 62
I  967.49] Elapsed: 16:07, vertices: 1580, facets final: 7836, pending: 276, pool: 54
I  972.56] Elapsed: 16:13, vertices: 1588, facets final: 7882, pending: 226, pool: 46
I  977.64] Elapsed: 16:18, vertices: 1609, facets final: 7922, pending: 169, pool: 34
I  982.84] Elapsed: 16:23, vertices: 1628, facets final: 7959, pending: 115, pool: 20
I  987.88] Elapsed: 16:28, vertices: 1650, facets final: 8001, pending: 53, pool: 7
I  992.24] Elapsed: 16:32, vertices: 1663, facets final: 8042, pending: 0

--------------------------------
Problem completed
 name                    22.vlp
 output                  vlp/22.res
 rows, cols, objs        374, 4326, 10
 vertices, facets        1663, 8042
 total time              16:32
--------------------------------
Statistics
LP:
 oracle calls            10141
   avg iterations/calls  562.42
 total oracle time       16:14
Combinatorics:
 vertices added          1663
 facets probed           17852
 facets # max            11532
 memory allocated        12.16M
 storage expansion
   vertices # / upto     14 / 1788
   facets   # / upto     3 / 12284
 facet manipulating
   added avg / max       52.55 / 396.00
   compressed            62
 number of ridge tests
   avg / max             398.61k / 3.24M
--------------------------------
Parameters with non-default values
 OracleItLimit=300000
 OracleTimeLimit=300
 VertexPoolSize=100
