C applying rule 11.txt for base50.txt
I    5.11] Elapsed: 5.11, vertices: 85, facets final: 17, pending: 5028, pool: 107
recalculate_facet: numerical instability at facet 117, coord 0 (1.59968e-06)
recalculate_facet: numerical instability at facet 117, coord 5 (-1.94145e-06)
recalculate_facet: numerical instability at facet 66, coord 0 (-1.42383e-06)
recalculate_facet: numerical instability at facet 66, coord 5 (1.3954e-06)
I   10.15] Elapsed: 10.15, vertices: 143, facets final: 38, pending: 6517, pool: 128
recalculate_facet: numerical instability at facet 82, coord 0 (1.66312e-06)
recalculate_facet: numerical instability at facet 82, coord 5 (-1.86113e-06)
recalculate_facet: numerical instability at facet 6133, coord 0 (1.2515e-06)
recalculate_facet: numerical instability at facet 6133, coord 5 (-1.36061e-06)
recalculate_facet: numerical instability at facet 61, coord 0 (1.55307e-06)
recalculate_facet: numerical instability at facet 61, coord 5 (-1.68681e-06)
recalculate_facet: numerical instability at facet 63, coord 0 (-2.0169e-06)
recalculate_facet: numerical instability at facet 63, coord 1 (1.6578e-06)
recalculate_facet: numerical instability at facet 63, coord 2 (-1.67114e-06)
recalculate_facet: numerical instability at facet 63, coord 5 (1.74756e-06)
recalculate_facet: numerical instability at facet 64, coord 0 (1.60066e-06)
recalculate_facet: numerical instability at facet 64, coord 5 (-1.84905e-06)
recalculate_facet: numerical instability at facet 39, coord 0 (-3.06922e-06)
recalculate_facet: numerical instability at facet 39, coord 5 (3.29882e-06)
recalculate_facet: numerical instability at facet 41, coord 0 (-3.26674e-06)
recalculate_facet: numerical instability at facet 41, coord 5 (3.49663e-06)
I   15.20] Elapsed: 15.20, vertices: 191, facets final: 66, pending: 8080, pool: 147
recalculate_facet: numerical instability at facet 5482, coord 0 (5.25118e-06)
recalculate_facet: numerical instability at facet 5482, coord 5 (-5.70274e-06)
recalculate_facet: numerical instability at facet 20, coord 0 (3.34579e-06)
recalculate_facet: numerical instability at facet 20, coord 5 (-3.2659e-06)
recalculate_facet: numerical instability at facet 29, coord 0 (-1.45222e-06)
recalculate_facet: numerical instability at facet 29, coord 5 (1.47831e-06)
I   20.23] Elapsed: 20.23, vertices: 232, facets final: 100, pending: 8186, pool: 155
recalculate_facet: numerical instability at facet 20, coord 0 (-1.26438e-06)
recalculate_facet: numerical instability at facet 20, coord 5 (1.36441e-06)
recalculate_facet: numerical instability at facet 26, coord 0 (-1.1957e-06)
recalculate_facet: numerical instability at facet 26, coord 5 (1.35955e-06)
recalculate_facet: numerical instability at facet 29, coord 0 (-1.37923e-06)
recalculate_facet: numerical instability at facet 29, coord 5 (1.43715e-06)
recalculate_facet: numerical instability at facet 42, coord 0 (-8.33211e-06)
recalculate_facet: numerical instability at facet 42, coord 5 (8.98057e-06)
recalculate_facet: numerical instability at facet 42, coord 10 (1.42782e-06)
I   25.30] Elapsed: 25.30, vertices: 273, facets final: 120, pending: 9304, pool: 156
recalculate_facet: numerical instability at facet 6, coord 0 (1.62924e-06)
recalculate_facet: numerical instability at facet 6, coord 5 (-1.93508e-06)
recalculate_facet: numerical instability at facet 9, coord 0 (1.05435e-05)
recalculate_facet: numerical instability at facet 9, coord 5 (-1.16166e-05)
recalculate_facet: numerical instability at facet 9, coord 10 (-1.81652e-06)
recalculate_facet: numerical instability at facet 17, coord 0 (1.20365e-06)
recalculate_facet: numerical instability at facet 17, coord 5 (-1.47074e-06)
recalculate_facet: numerical instability at facet 90, coord 5 (-1.0602e-06)
recalculate_facet: numerical instability at facet 22, coord 0 (-1.15243e-05)
recalculate_facet: numerical instability at facet 22, coord 5 (1.26848e-05)
recalculate_facet: numerical instability at facet 22, coord 10 (1.948e-06)
recalculate_facet: numerical instability at facet 23, coord 0 (-1.66534e-06)
recalculate_facet: numerical instability at facet 23, coord 5 (2.29854e-06)
recalculate_facet: numerical instability at facet 43, coord 0 (-1.57437e-06)
recalculate_facet: numerical instability at facet 43, coord 5 (1.73059e-06)
recalculate_facet: numerical instability at facet 24, coord 0 (-1.40452e-06)
recalculate_facet: numerical instability at facet 24, coord 5 (1.44897e-06)
recalculate_facet: numerical instability at facet 45, coord 0 (-1.02555e-05)
recalculate_facet: numerical instability at facet 45, coord 5 (1.05781e-05)
recalculate_facet: numerical instability at facet 45, coord 10 (1.7261e-06)
I   30.33] Elapsed: 30.33, vertices: 310, facets final: 163, pending: 9536, pool: 156
recalculate_facet: numerical instability at facet 19, coord 0 (0.000104376)
recalculate_facet: numerical instability at facet 19, coord 3 (1.84115e-06)
recalculate_facet: numerical instability at facet 19, coord 4 (3.08333e-06)
recalculate_facet: numerical instability at facet 19, coord 5 (-0.000112163)
recalculate_facet: numerical instability at facet 19, coord 7 (2.24558e-06)
recalculate_facet: numerical instability at facet 19, coord 10 (-1.79088e-05)
recalculate_facet: numerical instability at facet 18, coord 0 (1.23844e-05)
recalculate_facet: numerical instability at facet 18, coord 5 (-1.32593e-05)
recalculate_facet: numerical instability at facet 18, coord 10 (-2.15956e-06)
recalculate_facet: numerical instability at facet 21, coord 0 (4.26296e-05)
recalculate_facet: numerical instability at facet 21, coord 4 (1.25422e-06)
recalculate_facet: numerical instability at facet 21, coord 5 (-4.58019e-05)
recalculate_facet: numerical instability at facet 21, coord 10 (-7.30969e-06)
recalculate_facet: numerical instability at facet 1732, coord 0 (-2.14943e-06)
recalculate_facet: numerical instability at facet 1732, coord 5 (2.13255e-06)
recalculate_facet: numerical instability at facet 4176, coord 0 (5.447e-06)
recalculate_facet: numerical instability at facet 4176, coord 5 (-6.07765e-06)
recalculate_facet: numerical instability at facet 16, coord 0 (-1.33022e-06)
recalculate_facet: numerical instability at facet 16, coord 5 (1.28703e-06)
recalculate_facet: numerical instability at facet 17, coord 0 (1.80382e-06)
recalculate_facet: numerical instability at facet 17, coord 5 (-1.73931e-06)
recalculate_facet: numerical instability at facet 18, coord 0 (2.66639e-06)
recalculate_facet: numerical instability at facet 18, coord 5 (-3.06619e-06)
I   35.33] Elapsed: 35.33, vertices: 341, facets final: 226, pending: 9487, pool: 166
I   40.41] Elapsed: 40.41, vertices: 374, facets final: 283, pending: 9372, pool: 177
I   45.43] Elapsed: 45.43, vertices: 406, facets final: 343, pending: 8988, pool: 178
I   50.48] Elapsed: 50.48, vertices: 439, facets final: 402, pending: 8524, pool: 179
I   55.50] Elapsed: 55.50, vertices: 466, facets final: 496, pending: 8529, pool: 186
I   60.51] Elapsed: 1:01, vertices: 492, facets final: 585, pending: 8352, pool: 198
I   65.59] Elapsed: 1:06, vertices: 519, facets final: 683, pending: 8365, pool: 199
I   70.62] Elapsed: 1:11, vertices: 547, facets final: 760, pending: 8335, pool: 201
I   75.68] Elapsed: 1:16, vertices: 572, facets final: 850, pending: 8501, pool: 207
I   80.72] Elapsed: 1:21, vertices: 594, facets final: 944, pending: 8819, pool: 215
I   85.73] Elapsed: 1:26, vertices: 612, facets final: 1049, pending: 9345, pool: 227
I   90.86] Elapsed: 1:31, vertices: 633, facets final: 1115, pending: 9787, pool: 245
I   95.86] Elapsed: 1:36, vertices: 650, facets final: 1193, pending: 10177, pool: 269
I  100.92] Elapsed: 1:41, vertices: 669, facets final: 1258, pending: 10159, pool: 273
I  105.92] Elapsed: 1:46, vertices: 689, facets final: 1321, pending: 10068, pool: 276
I  111.01] Elapsed: 1:51, vertices: 713, facets final: 1372, pending: 10173, pool: 264
I  116.14] Elapsed: 1:56, vertices: 734, facets final: 1431, pending: 10101, pool: 273
I  121.14] Elapsed: 2:01, vertices: 756, facets final: 1494, pending: 10029, pool: 268
I  126.18] Elapsed: 2:06, vertices: 779, facets final: 1574, pending: 9703, pool: 255
I  131.18] Elapsed: 2:11, vertices: 800, facets final: 1656, pending: 9410, pool: 250
I  136.19] Elapsed: 2:16, vertices: 819, facets final: 1778, pending: 9253, pool: 251
I  141.19] Elapsed: 2:21, vertices: 841, facets final: 1875, pending: 9186, pool: 242
I  146.20] Elapsed: 2:26, vertices: 865, facets final: 1956, pending: 8971, pool: 236
I  151.21] Elapsed: 2:31, vertices: 889, facets final: 2054, pending: 8832, pool: 226
I  156.21] Elapsed: 2:36, vertices: 912, facets final: 2158, pending: 8828, pool: 216
I  161.29] Elapsed: 2:41, vertices: 935, facets final: 2270, pending: 8676, pool: 209
I  166.29] Elapsed: 2:46, vertices: 960, facets final: 2379, pending: 8524, pool: 196
I  171.37] Elapsed: 2:51, vertices: 980, facets final: 2519, pending: 8467, pool: 196
I  176.45] Elapsed: 2:56, vertices: 1002, facets final: 2660, pending: 8302, pool: 187
I  181.50] Elapsed: 3:02, vertices: 1021, facets final: 2823, pending: 8109, pool: 185
I  186.50] Elapsed: 3:07, vertices: 1039, facets final: 2993, pending: 7812, pool: 180
I  191.57] Elapsed: 3:12, vertices: 1058, facets final: 3163, pending: 7570, pool: 178
I  196.57] Elapsed: 3:17, vertices: 1078, facets final: 3333, pending: 7322, pool: 168
I  201.58] Elapsed: 3:22, vertices: 1092, facets final: 3541, pending: 7046, pool: 165
I  206.58] Elapsed: 3:27, vertices: 1108, facets final: 3749, pending: 6771, pool: 156
I  211.59] Elapsed: 3:32, vertices: 1122, facets final: 3967, pending: 6510, pool: 149
I  216.60] Elapsed: 3:37, vertices: 1140, facets final: 4169, pending: 6241, pool: 143
I  221.60] Elapsed: 3:42, vertices: 1157, facets final: 4385, pending: 6032, pool: 129
I  226.60] Elapsed: 3:47, vertices: 1169, facets final: 4630, pending: 5779, pool: 123
I  231.60] Elapsed: 3:52, vertices: 1180, facets final: 4880, pending: 5477, pool: 119
I  236.61] Elapsed: 3:57, vertices: 1195, facets final: 5110, pending: 5198, pool: 115
I  241.62] Elapsed: 4:02, vertices: 1205, facets final: 5373, pending: 4942, pool: 108
I  246.62] Elapsed: 4:07, vertices: 1222, facets final: 5601, pending: 4655, pool: 100
I  251.63] Elapsed: 4:12, vertices: 1233, facets final: 5861, pending: 4380, pool: 96
I  256.64] Elapsed: 4:17, vertices: 1246, facets final: 6110, pending: 4160, pool: 91
I  261.64] Elapsed: 4:22, vertices: 1256, facets final: 6369, pending: 3914, pool: 90
I  266.64] Elapsed: 4:27, vertices: 1259, facets final: 6658, pending: 3616, pool: 94
I  271.64] Elapsed: 4:32, vertices: 1269, facets final: 6928, pending: 3331, pool: 89
I  276.64] Elapsed: 4:37, vertices: 1277, facets final: 7205, pending: 3052, pool: 84
I  281.65] Elapsed: 4:42, vertices: 1282, facets final: 7491, pending: 2768, pool: 86
I  286.65] Elapsed: 4:47, vertices: 1287, facets final: 7778, pending: 2469, pool: 84
I  291.66] Elapsed: 4:52, vertices: 1299, facets final: 8049, pending: 2176, pool: 73
I  296.66] Elapsed: 4:57, vertices: 1308, facets final: 8326, pending: 1882, pool: 68
I  301.67] Elapsed: 5:02, vertices: 1315, facets final: 8612, pending: 1586, pool: 64
I  306.67] Elapsed: 5:07, vertices: 1322, facets final: 8895, pending: 1311, pool: 61
I  311.67] Elapsed: 5:12, vertices: 1333, facets final: 9170, pending: 1026, pool: 57
I  316.67] Elapsed: 5:17, vertices: 1341, facets final: 9453, pending: 760, pool: 52
I  321.67] Elapsed: 5:22, vertices: 1363, facets final: 9705, pending: 549, pool: 34
I  326.67] Elapsed: 5:27, vertices: 1374, facets final: 9976, pending: 264, pool: 39
I  331.68] Elapsed: 5:32, vertices: 1410, facets final: 10207, pending: 18, pool: 14
I  332.15] Elapsed: 5:32, vertices: 1424, facets final: 10213, pending: 0

--------------------------------
Problem completed
 name                    11.vlp
 output                  vlp/11.res
 rows, cols, objs        12, 6737, 10
 vertices, facets        1424, 10213
 total time              5:32
--------------------------------
Statistics
LP:
 oracle calls            12991
   avg iterations/calls  4.48
 total oracle time       3:28
Combinatorics:
 vertices added          1424
 facets probed           28549
 facets # max            11611
 memory allocated        8.50M
 instability warnings    78
 storage expansion
   vertices # / upto     12 / 1532
   facets   # / upto     3 / 12284
 facet manipulating
   added avg / max       73.83 / 802.00
   compressed            63
 number of ridge tests
   avg / max             505.97k / 3.98M
--------------------------------
Parameters with non-default values
 ExactFacetEq = 1
 VertexPoolSize = 300
 RecalculateFacets = 33
 PolytopeEps = 4e-09
 LineqEps = 1e-07
