C applying rule 15.txt for base50.txt
I    5.01] Elapsed: 5.01, vertices: 87, facets final: 35, pending: 5058, pool: 72
I   10.02] Elapsed: 10.02, vertices: 127, facets final: 162, pending: 6746, pool: 95
I   15.06] Elapsed: 15.06, vertices: 174, facets final: 246, pending: 8496, pool: 103
I   20.07] Elapsed: 20.07, vertices: 217, facets final: 336, pending: 9330, pool: 102
I   25.08] Elapsed: 25.08, vertices: 248, facets final: 475, pending: 9180, pool: 104
I   30.12] Elapsed: 30.12, vertices: 276, facets final: 623, pending: 9579, pool: 107
I   35.13] Elapsed: 35.13, vertices: 303, facets final: 759, pending: 9828, pool: 112
I   40.13] Elapsed: 40.13, vertices: 326, facets final: 885, pending: 10671, pool: 127
I   45.13] Elapsed: 45.13, vertices: 350, facets final: 966, pending: 11727, pool: 138
I   50.14] Elapsed: 50.14, vertices: 369, facets final: 1070, pending: 11753, pool: 153
I   55.14] Elapsed: 55.14, vertices: 391, facets final: 1149, pending: 12474, pool: 160
I   60.14] Elapsed: 1:00, vertices: 410, facets final: 1238, pending: 13619, pool: 164
I   65.15] Elapsed: 1:05, vertices: 426, facets final: 1300, pending: 14916, pool: 182
I   70.28] Elapsed: 1:10, vertices: 441, facets final: 1366, pending: 16023, pool: 190
I   75.33] Elapsed: 1:15, vertices: 454, facets final: 1431, pending: 16518, pool: 203
I   80.71] Elapsed: 1:21, vertices: 470, facets final: 1468, pending: 16948, pool: 200
I   85.83] Elapsed: 1:26, vertices: 484, facets final: 1537, pending: 17456, pool: 206
I   90.83] Elapsed: 1:31, vertices: 495, facets final: 1599, pending: 17181, pool: 225
I   95.93] Elapsed: 1:36, vertices: 509, facets final: 1653, pending: 17794, pool: 227
I  100.94] Elapsed: 1:41, vertices: 523, facets final: 1711, pending: 18006, pool: 226
I  106.22] Elapsed: 1:46, vertices: 535, facets final: 1775, pending: 17926, pool: 245
I  111.40] Elapsed: 1:51, vertices: 548, facets final: 1842, pending: 18085, pool: 249
I  116.41] Elapsed: 1:56, vertices: 563, facets final: 1881, pending: 18167, pool: 249
I  121.43] Elapsed: 2:01, vertices: 579, facets final: 1911, pending: 18401, pool: 247
I  126.50] Elapsed: 2:07, vertices: 592, facets final: 1972, pending: 18515, pool: 250
I  131.54] Elapsed: 2:12, vertices: 606, facets final: 2007, pending: 18768, pool: 248
I  136.73] Elapsed: 2:17, vertices: 620, facets final: 2056, pending: 18845, pool: 246
I  141.74] Elapsed: 2:22, vertices: 634, facets final: 2091, pending: 18979, pool: 250
I  146.74] Elapsed: 2:27, vertices: 647, facets final: 2137, pending: 18982, pool: 249
I  151.91] Elapsed: 2:32, vertices: 659, facets final: 2205, pending: 19181, pool: 249
I  157.10] Elapsed: 2:37, vertices: 673, facets final: 2249, pending: 19543, pool: 245
I  162.10] Elapsed: 2:42, vertices: 684, facets final: 2313, pending: 19697, pool: 249
I  167.15] Elapsed: 2:47, vertices: 697, facets final: 2355, pending: 19900, pool: 250
I  172.16] Elapsed: 2:52, vertices: 710, facets final: 2407, pending: 19993, pool: 248
I  177.19] Elapsed: 2:57, vertices: 723, facets final: 2454, pending: 20032, pool: 249
I  182.55] Elapsed: 3:03, vertices: 738, facets final: 2491, pending: 20301, pool: 250
I  187.58] Elapsed: 3:08, vertices: 752, facets final: 2517, pending: 20397, pool: 249
I  192.68] Elapsed: 3:13, vertices: 765, facets final: 2570, pending: 20346, pool: 248
I  197.70] Elapsed: 3:18, vertices: 778, facets final: 2618, pending: 20384, pool: 250
I  202.70] Elapsed: 3:23, vertices: 791, facets final: 2666, pending: 20826, pool: 247
I  207.84] Elapsed: 3:28, vertices: 802, facets final: 2742, pending: 20784, pool: 248
I  212.95] Elapsed: 3:33, vertices: 815, facets final: 2787, pending: 20683, pool: 249
I  218.21] Elapsed: 3:38, vertices: 828, facets final: 2846, pending: 20744, pool: 249
I  223.23] Elapsed: 3:43, vertices: 841, facets final: 2890, pending: 20748, pool: 246
I  228.24] Elapsed: 3:48, vertices: 853, facets final: 2954, pending: 20622, pool: 241
I  233.26] Elapsed: 3:53, vertices: 866, facets final: 3021, pending: 20567, pool: 237
I  238.51] Elapsed: 3:59, vertices: 880, facets final: 3090, pending: 20526, pool: 230
I  243.51] Elapsed: 4:04, vertices: 894, facets final: 3141, pending: 20482, pool: 224
I  248.85] Elapsed: 4:09, vertices: 905, facets final: 3234, pending: 20485, pool: 235
I  254.07] Elapsed: 4:14, vertices: 917, facets final: 3310, pending: 20214, pool: 233
I  259.21] Elapsed: 4:19, vertices: 931, facets final: 3371, pending: 20378, pool: 225
I  264.21] Elapsed: 4:24, vertices: 943, facets final: 3452, pending: 20406, pool: 224
I  269.45] Elapsed: 4:29, vertices: 954, facets final: 3562, pending: 20398, pool: 227
I  274.52] Elapsed: 4:35, vertices: 966, facets final: 3648, pending: 20460, pool: 225
I  279.52] Elapsed: 4:40, vertices: 977, facets final: 3744, pending: 20328, pool: 223
I  284.57] Elapsed: 4:45, vertices: 989, facets final: 3830, pending: 20316, pool: 223
I  289.61] Elapsed: 4:50, vertices: 1000, facets final: 3926, pending: 20128, pool: 224
I  294.62] Elapsed: 4:55, vertices: 1013, facets final: 4015, pending: 20182, pool: 215
I  299.63] Elapsed: 5:00, vertices: 1023, facets final: 4125, pending: 20190, pool: 220
I  304.77] Elapsed: 5:05, vertices: 1033, facets final: 4242, pending: 19983, pool: 226
I  309.98] Elapsed: 5:10, vertices: 1043, facets final: 4377, pending: 19854, pool: 224
I  315.17] Elapsed: 5:15, vertices: 1051, facets final: 4537, pending: 19769, pool: 227
I  320.30] Elapsed: 5:20, vertices: 1064, facets final: 4626, pending: 19740, pool: 219
I  325.48] Elapsed: 5:25, vertices: 1076, facets final: 4725, pending: 19514, pool: 220
I  330.48] Elapsed: 5:30, vertices: 1086, facets final: 4846, pending: 19410, pool: 217
I  335.69] Elapsed: 5:36, vertices: 1096, facets final: 4960, pending: 19358, pool: 235
I  340.82] Elapsed: 5:41, vertices: 1108, facets final: 5050, pending: 19314, pool: 230
I  345.83] Elapsed: 5:46, vertices: 1118, facets final: 5164, pending: 19212, pool: 229
I  350.83] Elapsed: 5:51, vertices: 1124, facets final: 5346, pending: 19042, pool: 230
I  355.83] Elapsed: 5:56, vertices: 1132, facets final: 5493, pending: 18878, pool: 233
I  360.96] Elapsed: 6:01, vertices: 1145, facets final: 5574, pending: 18783, pool: 229
I  365.97] Elapsed: 6:06, vertices: 1155, facets final: 5700, pending: 18705, pool: 225
I  371.16] Elapsed: 6:11, vertices: 1163, facets final: 5861, pending: 18519, pool: 229
I  376.21] Elapsed: 6:16, vertices: 1173, facets final: 5978, pending: 18520, pool: 229
I  381.21] Elapsed: 6:21, vertices: 1179, facets final: 6159, pending: 18377, pool: 232
I  386.35] Elapsed: 6:26, vertices: 1188, facets final: 6311, pending: 18250, pool: 229
I  391.57] Elapsed: 6:32, vertices: 1197, facets final: 6458, pending: 18123, pool: 229
I  396.70] Elapsed: 6:37, vertices: 1204, facets final: 6624, pending: 17968, pool: 231
I  401.70] Elapsed: 6:42, vertices: 1214, facets final: 6753, pending: 17796, pool: 224
I  406.70] Elapsed: 6:47, vertices: 1223, facets final: 6901, pending: 17641, pool: 222
I  411.71] Elapsed: 6:52, vertices: 1230, facets final: 7075, pending: 17488, pool: 222
I  416.71] Elapsed: 6:57, vertices: 1238, facets final: 7231, pending: 17327, pool: 225
I  421.72] Elapsed: 7:02, vertices: 1246, facets final: 7386, pending: 17212, pool: 225
I  426.94] Elapsed: 7:07, vertices: 1255, facets final: 7538, pending: 17116, pool: 222
I  432.18] Elapsed: 7:12, vertices: 1268, facets final: 7638, pending: 17107, pool: 212
I  437.18] Elapsed: 7:17, vertices: 1276, facets final: 7797, pending: 16941, pool: 207
I  442.39] Elapsed: 7:22, vertices: 1287, facets final: 7925, pending: 16828, pool: 203
I  447.39] Elapsed: 7:27, vertices: 1297, facets final: 8059, pending: 16732, pool: 200
I  452.39] Elapsed: 7:32, vertices: 1302, facets final: 8257, pending: 16571, pool: 203
I  457.40] Elapsed: 7:37, vertices: 1308, facets final: 8444, pending: 16374, pool: 205
I  462.41] Elapsed: 7:42, vertices: 1315, facets final: 8627, pending: 16160, pool: 199
I  467.41] Elapsed: 7:47, vertices: 1325, facets final: 8763, pending: 16060, pool: 194
I  472.47] Elapsed: 7:52, vertices: 1334, facets final: 8906, pending: 15983, pool: 194
I  477.65] Elapsed: 7:58, vertices: 1346, facets final: 9024, pending: 15941, pool: 189
I  482.70] Elapsed: 8:03, vertices: 1355, facets final: 9173, pending: 15917, pool: 185
I  487.71] Elapsed: 8:08, vertices: 1362, facets final: 9350, pending: 15807, pool: 184
I  492.71] Elapsed: 8:13, vertices: 1372, facets final: 9491, pending: 15610, pool: 177
I  497.87] Elapsed: 8:18, vertices: 1381, facets final: 9654, pending: 15540, pool: 175
I  502.87] Elapsed: 8:23, vertices: 1387, facets final: 9842, pending: 15361, pool: 178
I  507.87] Elapsed: 8:28, vertices: 1393, facets final: 10019, pending: 15184, pool: 182
I  513.03] Elapsed: 8:33, vertices: 1403, facets final: 10136, pending: 15167, pool: 182
I  518.03] Elapsed: 8:38, vertices: 1408, facets final: 10324, pending: 15096, pool: 190
I  523.07] Elapsed: 8:43, vertices: 1415, facets final: 10486, pending: 14972, pool: 191
I  528.07] Elapsed: 8:48, vertices: 1421, facets final: 10650, pending: 14896, pool: 200
I  533.22] Elapsed: 8:53, vertices: 1431, facets final: 10783, pending: 14755, pool: 195
I  538.22] Elapsed: 8:58, vertices: 1438, facets final: 10947, pending: 14627, pool: 198
I  543.42] Elapsed: 9:03, vertices: 1442, facets final: 11170, pending: 14394, pool: 203
I  548.42] Elapsed: 9:08, vertices: 1452, facets final: 11291, pending: 14276, pool: 200
I  553.43] Elapsed: 9:13, vertices: 1460, facets final: 11458, pending: 14150, pool: 197
I  558.60] Elapsed: 9:19, vertices: 1468, facets final: 11622, pending: 14029, pool: 197
I  563.60] Elapsed: 9:24, vertices: 1475, facets final: 11789, pending: 13901, pool: 198
I  568.60] Elapsed: 9:29, vertices: 1484, facets final: 11934, pending: 13751, pool: 195
I  573.70] Elapsed: 9:34, vertices: 1495, facets final: 12061, pending: 13661, pool: 191
I  578.71] Elapsed: 9:39, vertices: 1503, facets final: 12211, pending: 13515, pool: 192
I  583.72] Elapsed: 9:44, vertices: 1512, facets final: 12363, pending: 13340, pool: 188
I  588.72] Elapsed: 9:49, vertices: 1522, facets final: 12506, pending: 13153, pool: 181
I  593.72] Elapsed: 9:54, vertices: 1528, facets final: 12706, pending: 12947, pool: 176
I  598.72] Elapsed: 9:59, vertices: 1536, facets final: 12883, pending: 12833, pool: 171
I  603.90] Elapsed: 10:04, vertices: 1544, facets final: 13071, pending: 12633, pool: 166
I  608.93] Elapsed: 10:09, vertices: 1551, facets final: 13269, pending: 12400, pool: 162
I  613.93] Elapsed: 10:14, vertices: 1558, facets final: 13468, pending: 12198, pool: 158
I  618.94] Elapsed: 10:19, vertices: 1563, facets final: 13691, pending: 11963, pool: 156
I  623.94] Elapsed: 10:24, vertices: 1572, facets final: 13863, pending: 11825, pool: 151
I  628.95] Elapsed: 10:29, vertices: 1575, facets final: 14103, pending: 11589, pool: 157
I  633.95] Elapsed: 10:34, vertices: 1583, facets final: 14288, pending: 11435, pool: 157
I  638.95] Elapsed: 10:39, vertices: 1590, facets final: 14485, pending: 11243, pool: 159
I  643.95] Elapsed: 10:44, vertices: 1595, facets final: 14706, pending: 11045, pool: 159
I  648.95] Elapsed: 10:49, vertices: 1600, facets final: 14916, pending: 10836, pool: 162
I  653.99] Elapsed: 10:54, vertices: 1608, facets final: 15092, pending: 10676, pool: 167
I  658.99] Elapsed: 10:59, vertices: 1613, facets final: 15310, pending: 10501, pool: 164
I  663.99] Elapsed: 11:04, vertices: 1618, facets final: 15530, pending: 10271, pool: 165
I  669.00] Elapsed: 11:09, vertices: 1627, facets final: 15710, pending: 10079, pool: 159
I  674.04] Elapsed: 11:14, vertices: 1634, facets final: 15916, pending: 9868, pool: 156
I  679.04] Elapsed: 11:19, vertices: 1643, facets final: 16098, pending: 9685, pool: 149
I  684.05] Elapsed: 11:24, vertices: 1648, facets final: 16319, pending: 9444, pool: 149
I  689.05] Elapsed: 11:29, vertices: 1657, facets final: 16501, pending: 9281, pool: 143
I  694.05] Elapsed: 11:34, vertices: 1663, facets final: 16719, pending: 9093, pool: 139
I  699.06] Elapsed: 11:39, vertices: 1671, facets final: 16917, pending: 8916, pool: 137
I  704.07] Elapsed: 11:44, vertices: 1678, facets final: 17125, pending: 8692, pool: 133
I  709.08] Elapsed: 11:49, vertices: 1683, facets final: 17358, pending: 8484, pool: 131
I  714.08] Elapsed: 11:54, vertices: 1689, facets final: 17576, pending: 8252, pool: 130
I  719.12] Elapsed: 11:59, vertices: 1697, facets final: 17778, pending: 8049, pool: 127
I  724.15] Elapsed: 12:04, vertices: 1703, facets final: 17991, pending: 7844, pool: 126
I  729.27] Elapsed: 12:09, vertices: 1714, facets final: 18179, pending: 7662, pool: 119
I  734.28] Elapsed: 12:14, vertices: 1719, facets final: 18413, pending: 7420, pool: 118
I  739.33] Elapsed: 12:19, vertices: 1725, facets final: 18649, pending: 7184, pool: 114
I  744.33] Elapsed: 12:24, vertices: 1732, facets final: 18870, pending: 7003, pool: 110
I  749.34] Elapsed: 12:29, vertices: 1735, facets final: 19117, pending: 6768, pool: 111
I  754.35] Elapsed: 12:34, vertices: 1742, facets final: 19342, pending: 6540, pool: 108
I  759.36] Elapsed: 12:39, vertices: 1746, facets final: 19594, pending: 6289, pool: 105
I  764.36] Elapsed: 12:44, vertices: 1751, facets final: 19830, pending: 6044, pool: 108
I  769.37] Elapsed: 12:49, vertices: 1757, facets final: 20055, pending: 5825, pool: 106
I  774.38] Elapsed: 12:54, vertices: 1761, facets final: 20295, pending: 5707, pool: 109
I  779.38] Elapsed: 12:59, vertices: 1769, facets final: 20504, pending: 5506, pool: 105
I  784.38] Elapsed: 13:04, vertices: 1778, facets final: 20708, pending: 5280, pool: 100
I  789.38] Elapsed: 13:09, vertices: 1781, facets final: 20967, pending: 5015, pool: 100
I  794.38] Elapsed: 13:14, vertices: 1785, facets final: 21219, pending: 4782, pool: 100
I  799.39] Elapsed: 13:19, vertices: 1788, facets final: 21477, pending: 4549, pool: 99
I  804.40] Elapsed: 13:24, vertices: 1794, facets final: 21711, pending: 4345, pool: 97
I  809.41] Elapsed: 13:29, vertices: 1802, facets final: 21928, pending: 4137, pool: 91
I  814.43] Elapsed: 13:34, vertices: 1809, facets final: 22158, pending: 3897, pool: 88
I  819.43] Elapsed: 13:39, vertices: 1822, facets final: 22356, pending: 3706, pool: 78
I  824.44] Elapsed: 13:44, vertices: 1832, facets final: 22580, pending: 3472, pool: 70
I  829.44] Elapsed: 13:49, vertices: 1842, facets final: 22809, pending: 3241, pool: 62
I  834.45] Elapsed: 13:54, vertices: 1852, facets final: 23042, pending: 2996, pool: 56
I  839.45] Elapsed: 13:59, vertices: 1862, facets final: 23275, pending: 2789, pool: 50
I  844.46] Elapsed: 14:04, vertices: 1868, facets final: 23532, pending: 2551, pool: 47
I  849.47] Elapsed: 14:09, vertices: 1883, facets final: 23760, pending: 2312, pool: 35
I  854.48] Elapsed: 14:14, vertices: 1886, facets final: 24036, pending: 2030, pool: 35
I  859.49] Elapsed: 14:19, vertices: 1888, facets final: 24314, pending: 1749, pool: 36
I  864.49] Elapsed: 14:24, vertices: 1889, facets final: 24601, pending: 1459, pool: 37
I  869.49] Elapsed: 14:29, vertices: 1897, facets final: 24857, pending: 1195, pool: 36
I  874.50] Elapsed: 14:35, vertices: 1904, facets final: 25120, pending: 948, pool: 30
I  879.50] Elapsed: 14:40, vertices: 1910, facets final: 25386, pending: 673, pool: 28
I  884.50] Elapsed: 14:45, vertices: 1922, facets final: 25638, pending: 420, pool: 29
I  889.51] Elapsed: 14:50, vertices: 1951, facets final: 25861, pending: 202, pool: 10
I  893.58] Elapsed: 14:54, vertices: 1978, facets final: 26071, pending: 0

--------------------------------
Problem completed
 name                    15.vlp
 output                  vlp/15.res
 rows, cols, objs        12, 6683, 10
 vertices, facets        1978, 26071
 total time              14:54
--------------------------------
Statistics
LP:
 oracle calls            29830
   avg iterations/calls  8.68
 total oracle time       8:38
Combinatorics:
 vertices added          1978
 facets probed           50711
 facets # max            26089
 memory allocated        20.71M
 storage expansion
   vertices # / upto     16 / 2044
   facets   # / upto     7 / 28668
 facet manipulating
   added avg / max       74.86 / 850.00
   compressed            124
 number of ridge tests
   avg / max             938.48k / 14.56M
--------------------------------
Parameters with non-default values
 VertexPoolSize = 250
