C applying rule 24.txt for base50.txt
I    5.08] Elapsed: 5.08, vertices: 80, facets final: 29, pending: 3890, pool: 109
I    6.37] recalculating facets...
I   10.08] Elapsed: 10.08, vertices: 139, facets final: 84, pending: 6431, pool: 137
I   15.15] Elapsed: 15.15, vertices: 175, facets final: 139, pending: 8825, pool: 188
I   18.63] recalculating facets...
I   20.22] Elapsed: 20.22, vertices: 209, facets final: 165, pending: 10858, pool: 200
I   25.23] Elapsed: 25.23, vertices: 241, facets final: 185, pending: 12921, pool: 200
I   30.43] Elapsed: 30.43, vertices: 267, facets final: 215, pending: 14036, pool: 198
I   35.44] Elapsed: 35.44, vertices: 291, facets final: 257, pending: 15116, pool: 199
I   37.48] recalculating facets...
I   40.47] Elapsed: 40.47, vertices: 314, facets final: 287, pending: 16215, pool: 198
I   45.48] Elapsed: 45.48, vertices: 334, facets final: 327, pending: 17571, pool: 199
I   50.67] Elapsed: 50.67, vertices: 356, facets final: 353, pending: 18393, pool: 200
I   55.81] Elapsed: 55.81, vertices: 378, facets final: 373, pending: 19007, pool: 199
I   60.82] Elapsed: 1:01, vertices: 397, facets final: 388, pending: 20021, pool: 198
I   61.76] recalculating facets...
I   65.83] Elapsed: 1:06, vertices: 414, facets final: 423, pending: 20768, pool: 199
I   70.83] Elapsed: 1:11, vertices: 432, facets final: 442, pending: 21717, pool: 199
I   75.91] Elapsed: 1:16, vertices: 449, facets final: 472, pending: 22381, pool: 200
I   81.04] Elapsed: 1:21, vertices: 466, facets final: 496, pending: 22579, pool: 200
I   86.31] Elapsed: 1:26, vertices: 483, facets final: 533, pending: 23305, pool: 200
I   91.41] Elapsed: 1:31, vertices: 499, facets final: 553, pending: 23880, pool: 200
I   91.73] recalculating facets...
I   96.48] Elapsed: 1:36, vertices: 513, facets final: 568, pending: 24612, pool: 200
I  102.04] Elapsed: 1:42, vertices: 528, facets final: 584, pending: 25599, pool: 200
I  107.27] Elapsed: 1:47, vertices: 543, facets final: 604, pending: 26009, pool: 199
I  112.42] Elapsed: 1:52, vertices: 557, facets final: 623, pending: 26675, pool: 200
I  117.42] Elapsed: 1:57, vertices: 569, facets final: 674, pending: 27008, pool: 199
I  122.60] Elapsed: 2:03, vertices: 583, facets final: 706, pending: 27693, pool: 196
I  127.89] Elapsed: 2:08, vertices: 595, facets final: 734, pending: 27850, pool: 200
I  129.80] recalculating facets...
I  133.23] Elapsed: 2:13, vertices: 609, facets final: 767, pending: 28046, pool: 199
I  138.44] Elapsed: 2:18, vertices: 622, facets final: 790, pending: 28475, pool: 199
I  143.44] Elapsed: 2:23, vertices: 635, facets final: 819, pending: 28732, pool: 200
I  148.45] Elapsed: 2:28, vertices: 648, facets final: 830, pending: 29506, pool: 200
I  153.45] Elapsed: 2:33, vertices: 660, facets final: 847, pending: 29683, pool: 198
I  158.46] Elapsed: 2:38, vertices: 672, facets final: 867, pending: 29896, pool: 196
I  163.68] Elapsed: 2:44, vertices: 684, facets final: 900, pending: 30125, pool: 199
I  168.92] Elapsed: 2:49, vertices: 695, facets final: 931, pending: 30592, pool: 200
I  170.80] recalculating facets...
I  174.10] Elapsed: 2:54, vertices: 707, facets final: 953, pending: 30843, pool: 200
I  179.42] Elapsed: 2:59, vertices: 720, facets final: 973, pending: 31079, pool: 198
I  184.45] Elapsed: 3:04, vertices: 732, facets final: 992, pending: 31414, pool: 200
I  189.73] Elapsed: 3:10, vertices: 743, facets final: 1040, pending: 31773, pool: 200
I  195.06] Elapsed: 3:15, vertices: 756, facets final: 1065, pending: 31977, pool: 199
I  200.31] Elapsed: 3:20, vertices: 768, facets final: 1082, pending: 32259, pool: 200
I  205.45] Elapsed: 3:25, vertices: 780, facets final: 1097, pending: 32236, pool: 200
I  210.45] Elapsed: 3:30, vertices: 791, facets final: 1134, pending: 32485, pool: 200
I  214.66] recalculating facets...
I  215.69] Elapsed: 3:36, vertices: 802, facets final: 1155, pending: 32923, pool: 200
I  220.74] Elapsed: 3:41, vertices: 813, facets final: 1188, pending: 33051, pool: 200
I  226.18] Elapsed: 3:46, vertices: 824, facets final: 1223, pending: 33621, pool: 200
I  231.48] Elapsed: 3:51, vertices: 835, facets final: 1274, pending: 33883, pool: 200
I  236.48] Elapsed: 3:56, vertices: 845, facets final: 1315, pending: 34247, pool: 200
I  241.71] Elapsed: 4:02, vertices: 856, facets final: 1345, pending: 34377, pool: 200
I  246.92] Elapsed: 4:07, vertices: 867, facets final: 1387, pending: 34657, pool: 200
I  252.21] Elapsed: 4:12, vertices: 877, facets final: 1435, pending: 34797, pool: 200
I  257.23] Elapsed: 4:17, vertices: 888, facets final: 1473, pending: 34949, pool: 200
I  262.34] Elapsed: 4:22, vertices: 898, facets final: 1511, pending: 35031, pool: 200
I  263.14] recalculating facets...
I  267.34] Elapsed: 4:27, vertices: 908, facets final: 1541, pending: 35154, pool: 199
I  272.41] Elapsed: 4:32, vertices: 919, facets final: 1577, pending: 35334, pool: 200
I  277.45] Elapsed: 4:37, vertices: 930, facets final: 1597, pending: 35717, pool: 200
I  282.68] Elapsed: 4:43, vertices: 940, facets final: 1630, pending: 36022, pool: 199
I  288.01] Elapsed: 4:48, vertices: 951, facets final: 1656, pending: 36063, pool: 200
I  293.32] Elapsed: 4:53, vertices: 961, facets final: 1691, pending: 36244, pool: 200
I  298.80] Elapsed: 4:59, vertices: 972, facets final: 1725, pending: 36507, pool: 200
I  304.04] Elapsed: 5:04, vertices: 982, facets final: 1763, pending: 36604, pool: 200
I  309.28] Elapsed: 5:09, vertices: 992, facets final: 1799, pending: 36885, pool: 199
I  313.18] recalculating facets...
I  314.29] Elapsed: 5:14, vertices: 1002, facets final: 1830, pending: 36977, pool: 196
I  319.63] Elapsed: 5:20, vertices: 1011, facets final: 1870, pending: 36935, pool: 200
I  324.63] Elapsed: 5:25, vertices: 1021, facets final: 1904, pending: 37309, pool: 196
I  329.89] Elapsed: 5:30, vertices: 1030, facets final: 1935, pending: 37254, pool: 200
I  335.40] Elapsed: 5:35, vertices: 1041, facets final: 1966, pending: 37319, pool: 200
I  340.45] Elapsed: 5:40, vertices: 1051, facets final: 2002, pending: 37422, pool: 200
I  345.74] Elapsed: 5:46, vertices: 1061, facets final: 2035, pending: 37552, pool: 200
I  350.76] Elapsed: 5:51, vertices: 1071, facets final: 2069, pending: 37608, pool: 198
I  355.76] Elapsed: 5:56, vertices: 1079, facets final: 2102, pending: 37848, pool: 200
I  361.05] Elapsed: 6:01, vertices: 1090, facets final: 2135, pending: 37995, pool: 198
I  366.35] Elapsed: 6:06, vertices: 1100, facets final: 2161, pending: 38127, pool: 200
I  366.35] recalculating facets...
I  371.62] Elapsed: 6:12, vertices: 1110, facets final: 2189, pending: 38135, pool: 200
I  376.70] Elapsed: 6:17, vertices: 1119, facets final: 2215, pending: 38297, pool: 200
I  382.13] Elapsed: 6:22, vertices: 1130, facets final: 2242, pending: 38406, pool: 200
I  387.23] Elapsed: 6:27, vertices: 1140, facets final: 2276, pending: 38584, pool: 199
I  392.39] Elapsed: 6:32, vertices: 1149, facets final: 2311, pending: 38655, pool: 200
I  397.39] Elapsed: 6:37, vertices: 1159, facets final: 2345, pending: 38708, pool: 199
I  402.50] Elapsed: 6:43, vertices: 1168, facets final: 2383, pending: 38663, pool: 200
I  407.72] Elapsed: 6:48, vertices: 1177, facets final: 2412, pending: 38733, pool: 199
I  412.76] Elapsed: 6:53, vertices: 1186, facets final: 2456, pending: 38880, pool: 199
I  417.77] Elapsed: 6:58, vertices: 1195, facets final: 2505, pending: 38907, pool: 199
I  420.51] recalculating facets...
I  422.90] Elapsed: 7:03, vertices: 1204, facets final: 2544, pending: 39092, pool: 199
I  428.18] Elapsed: 7:08, vertices: 1213, facets final: 2587, pending: 39231, pool: 200
I  433.76] Elapsed: 7:14, vertices: 1222, facets final: 2661, pending: 39494, pool: 200
I  439.11] Elapsed: 7:19, vertices: 1232, facets final: 2696, pending: 39477, pool: 199
I  444.51] Elapsed: 7:25, vertices: 1241, facets final: 2750, pending: 39530, pool: 200
I  449.65] Elapsed: 7:30, vertices: 1250, facets final: 2788, pending: 39552, pool: 200
I  455.08] Elapsed: 7:35, vertices: 1259, facets final: 2842, pending: 39533, pool: 200
I  460.52] Elapsed: 7:41, vertices: 1270, facets final: 2866, pending: 39473, pool: 200
I  465.81] Elapsed: 7:46, vertices: 1280, facets final: 2905, pending: 39610, pool: 200
I  470.81] Elapsed: 7:51, vertices: 1289, facets final: 2931, pending: 39723, pool: 200
I  476.23] Elapsed: 7:56, vertices: 1297, facets final: 2980, pending: 39649, pool: 200
I  477.76] recalculating facets...
I  481.32] Elapsed: 8:01, vertices: 1307, facets final: 2998, pending: 39782, pool: 199
I  486.32] Elapsed: 8:06, vertices: 1315, facets final: 3043, pending: 39943, pool: 200
I  491.33] Elapsed: 8:11, vertices: 1323, facets final: 3084, pending: 39963, pool: 200
I  496.33] Elapsed: 8:16, vertices: 1331, facets final: 3166, pending: 39981, pool: 199
I  501.74] Elapsed: 8:22, vertices: 1341, facets final: 3203, pending: 40109, pool: 199
I  507.13] Elapsed: 8:27, vertices: 1350, facets final: 3245, pending: 40123, pool: 200
I  512.56] Elapsed: 8:33, vertices: 1359, facets final: 3301, pending: 40076, pool: 200
I  517.56] Elapsed: 8:38, vertices: 1368, facets final: 3323, pending: 40168, pool: 200
I  522.56] Elapsed: 8:43, vertices: 1377, facets final: 3364, pending: 40286, pool: 200
I  528.15] Elapsed: 8:48, vertices: 1386, facets final: 3400, pending: 40341, pool: 200
I  533.20] Elapsed: 8:53, vertices: 1395, facets final: 3452, pending: 40302, pool: 199
I  536.80] recalculating facets...
I  538.44] Elapsed: 8:58, vertices: 1402, facets final: 3539, pending: 40290, pool: 200
I  543.45] Elapsed: 9:03, vertices: 1410, facets final: 3594, pending: 40275, pool: 200
I  548.85] Elapsed: 9:09, vertices: 1419, facets final: 3651, pending: 40247, pool: 200
I  553.87] Elapsed: 9:14, vertices: 1428, facets final: 3687, pending: 40221, pool: 200
I  558.87] Elapsed: 9:19, vertices: 1437, facets final: 3722, pending: 40227, pool: 199
I  564.30] Elapsed: 9:24, vertices: 1447, facets final: 3753, pending: 40288, pool: 200
I  569.53] Elapsed: 9:30, vertices: 1455, facets final: 3839, pending: 40137, pool: 200
I  574.95] Elapsed: 9:35, vertices: 1463, facets final: 3934, pending: 40012, pool: 200
I  580.34] Elapsed: 9:40, vertices: 1473, facets final: 3962, pending: 40065, pool: 200
I  585.35] Elapsed: 9:45, vertices: 1482, facets final: 3992, pending: 40116, pool: 200
I  590.69] Elapsed: 9:51, vertices: 1491, facets final: 4059, pending: 40149, pool: 200
I  596.10] Elapsed: 9:56, vertices: 1500, facets final: 4147, pending: 40095, pool: 199
I  596.10] recalculating facets...
I  601.55] Elapsed: 10:02, vertices: 1508, facets final: 4221, pending: 40094, pool: 200
I  606.59] Elapsed: 10:07, vertices: 1517, facets final: 4281, pending: 40122, pool: 200
I  611.78] Elapsed: 10:12, vertices: 1526, facets final: 4330, pending: 40105, pool: 200
I  616.85] Elapsed: 10:17, vertices: 1535, facets final: 4369, pending: 40129, pool: 199
I  621.89] Elapsed: 10:22, vertices: 1543, facets final: 4426, pending: 40149, pool: 199
I  627.05] Elapsed: 10:27, vertices: 1552, facets final: 4480, pending: 40314, pool: 199
I  632.46] Elapsed: 10:32, vertices: 1560, facets final: 4581, pending: 40262, pool: 198
I  637.47] Elapsed: 10:37, vertices: 1567, facets final: 4678, pending: 40286, pool: 200
I  642.47] Elapsed: 10:42, vertices: 1575, facets final: 4748, pending: 40222, pool: 199
I  647.80] Elapsed: 10:48, vertices: 1584, facets final: 4802, pending: 40163, pool: 200
I  652.80] Elapsed: 10:53, vertices: 1593, facets final: 4853, pending: 40166, pool: 200
I  656.79] recalculating facets...
I  658.14] Elapsed: 10:58, vertices: 1602, facets final: 4916, pending: 40164, pool: 200
I  663.26] Elapsed: 11:03, vertices: 1610, facets final: 4965, pending: 40121, pool: 199
I  668.46] Elapsed: 11:08, vertices: 1619, facets final: 5008, pending: 40134, pool: 200
I  673.79] Elapsed: 11:14, vertices: 1628, facets final: 5070, pending: 40077, pool: 200
I  679.09] Elapsed: 11:19, vertices: 1636, facets final: 5157, pending: 40038, pool: 200
I  684.16] Elapsed: 11:24, vertices: 1644, facets final: 5227, pending: 39991, pool: 200
I  689.57] Elapsed: 11:30, vertices: 1651, facets final: 5356, pending: 39894, pool: 198
I  694.57] Elapsed: 11:35, vertices: 1658, facets final: 5452, pending: 39828, pool: 200
I  699.57] Elapsed: 11:40, vertices: 1666, facets final: 5509, pending: 39803, pool: 198
I  704.63] Elapsed: 11:45, vertices: 1673, facets final: 5607, pending: 39770, pool: 200
I  709.63] Elapsed: 11:50, vertices: 1680, facets final: 5705, pending: 39695, pool: 198
I  714.92] Elapsed: 11:55, vertices: 1689, facets final: 5769, pending: 39626, pool: 199
I  720.12] Elapsed: 12:00, vertices: 1696, facets final: 5886, pending: 39655, pool: 200
I  722.65] recalculating facets...
I  725.20] Elapsed: 12:05, vertices: 1703, facets final: 5977, pending: 39545, pool: 199
I  730.20] Elapsed: 12:10, vertices: 1711, facets final: 6041, pending: 39433, pool: 200
I  735.28] Elapsed: 12:15, vertices: 1719, facets final: 6120, pending: 39422, pool: 199
I  740.58] Elapsed: 12:21, vertices: 1728, facets final: 6176, pending: 39409, pool: 200
I  745.60] Elapsed: 12:26, vertices: 1736, facets final: 6247, pending: 39267, pool: 199
I  750.90] Elapsed: 12:31, vertices: 1744, facets final: 6348, pending: 39181, pool: 200
I  756.18] Elapsed: 12:36, vertices: 1753, facets final: 6419, pending: 39161, pool: 200
I  761.20] Elapsed: 12:41, vertices: 1762, facets final: 6467, pending: 39032, pool: 198
I  766.21] Elapsed: 12:46, vertices: 1769, facets final: 6572, pending: 38942, pool: 200
I  771.21] Elapsed: 12:51, vertices: 1777, facets final: 6659, pending: 38812, pool: 200
I  776.41] Elapsed: 12:56, vertices: 1784, facets final: 6781, pending: 38728, pool: 198
I  781.55] Elapsed: 13:02, vertices: 1790, facets final: 6921, pending: 38591, pool: 199
I  786.56] Elapsed: 13:07, vertices: 1798, facets final: 6995, pending: 38501, pool: 200
I  787.70] recalculating facets...
I  791.56] Elapsed: 13:12, vertices: 1805, facets final: 7095, pending: 38422, pool: 200
I  796.74] Elapsed: 13:17, vertices: 1813, facets final: 7178, pending: 38376, pool: 200
I  801.87] Elapsed: 13:22, vertices: 1821, facets final: 7274, pending: 38330, pool: 199
I  806.88] Elapsed: 13:27, vertices: 1829, facets final: 7338, pending: 38249, pool: 199
I  811.88] Elapsed: 13:32, vertices: 1837, facets final: 7414, pending: 38201, pool: 199
I  816.89] Elapsed: 13:37, vertices: 1844, facets final: 7516, pending: 38060, pool: 200
I  821.89] Elapsed: 13:42, vertices: 1850, facets final: 7652, pending: 37989, pool: 197
I  826.90] Elapsed: 13:47, vertices: 1858, facets final: 7727, pending: 37898, pool: 198
I  831.91] Elapsed: 13:52, vertices: 1865, facets final: 7836, pending: 37807, pool: 198
I  836.91] Elapsed: 13:57, vertices: 1872, facets final: 7937, pending: 37692, pool: 199
I  841.91] Elapsed: 14:02, vertices: 1880, facets final: 8004, pending: 37720, pool: 200
I  846.92] Elapsed: 14:07, vertices: 1885, facets final: 8170, pending: 37575, pool: 199
I  851.92] Elapsed: 14:12, vertices: 1892, facets final: 8277, pending: 37466, pool: 198
I  857.06] Elapsed: 14:17, vertices: 1898, facets final: 8434, pending: 37371, pool: 200
I  858.05] recalculating facets...
I  862.06] Elapsed: 14:22, vertices: 1906, facets final: 8510, pending: 37336, pool: 199
I  867.07] Elapsed: 14:27, vertices: 1914, facets final: 8599, pending: 37268, pool: 199
I  872.30] Elapsed: 14:32, vertices: 1920, facets final: 8767, pending: 37105, pool: 198
I  877.31] Elapsed: 14:37, vertices: 1926, facets final: 8916, pending: 36974, pool: 196
I  882.72] Elapsed: 14:43, vertices: 1930, facets final: 9141, pending: 36706, pool: 199
I  887.94] Elapsed: 14:48, vertices: 1936, facets final: 9309, pending: 36546, pool: 200
I  893.12] Elapsed: 14:53, vertices: 1942, facets final: 9470, pending: 36370, pool: 200
I  898.12] Elapsed: 14:58, vertices: 1949, facets final: 9587, pending: 36222, pool: 199
I  903.41] Elapsed: 15:03, vertices: 1957, facets final: 9698, pending: 36135, pool: 200
I  908.42] Elapsed: 15:08, vertices: 1964, facets final: 9818, pending: 35989, pool: 197
I  913.43] Elapsed: 15:13, vertices: 1969, facets final: 9998, pending: 35826, pool: 194
I  918.43] Elapsed: 15:18, vertices: 1974, facets final: 10171, pending: 35643, pool: 197
I  923.43] Elapsed: 15:23, vertices: 1979, facets final: 10355, pending: 35469, pool: 200
I  928.56] Elapsed: 15:29, vertices: 1986, facets final: 10488, pending: 35347, pool: 200
I  933.83] Elapsed: 15:34, vertices: 1992, facets final: 10655, pending: 35220, pool: 198
I  938.89] Elapsed: 15:39, vertices: 1998, facets final: 10805, pending: 35125, pool: 200
I  939.92] recalculating facets...
I  943.89] Elapsed: 15:44, vertices: 2006, facets final: 10890, pending: 35025, pool: 198
I  948.90] Elapsed: 15:49, vertices: 2011, facets final: 11067, pending: 34843, pool: 198
I  953.90] Elapsed: 15:54, vertices: 2017, facets final: 11225, pending: 34709, pool: 193
I  959.28] Elapsed: 15:59, vertices: 2022, facets final: 11426, pending: 34542, pool: 196
I  964.38] Elapsed: 16:04, vertices: 2028, facets final: 11567, pending: 34410, pool: 200
I  969.38] Elapsed: 16:09, vertices: 2034, facets final: 11720, pending: 34243, pool: 197
I  974.39] Elapsed: 16:14, vertices: 2040, facets final: 11866, pending: 34089, pool: 199
I  979.40] Elapsed: 16:19, vertices: 2044, facets final: 12072, pending: 33884, pool: 198
I  984.50] Elapsed: 16:25, vertices: 2050, facets final: 12221, pending: 33714, pool: 199
I  989.73] Elapsed: 16:30, vertices: 2054, facets final: 12428, pending: 33571, pool: 200
I  994.73] Elapsed: 16:35, vertices: 2060, facets final: 12549, pending: 33682, pool: 200
I 1000.23] Elapsed: 16:40, vertices: 2067, facets final: 12660, pending: 33525, pool: 200
I 1005.31] Elapsed: 16:45, vertices: 2074, facets final: 12782, pending: 33516, pool: 197
I 1010.62] Elapsed: 16:51, vertices: 2080, facets final: 12916, pending: 33485, pool: 200
I 1015.62] Elapsed: 16:56, vertices: 2085, facets final: 13089, pending: 33290, pool: 200
I 1020.78] Elapsed: 17:01, vertices: 2090, facets final: 13276, pending: 33081, pool: 200
I 1026.00] Elapsed: 17:06, vertices: 2095, facets final: 13452, pending: 32967, pool: 200
I 1030.90] recalculating facets...
I 1031.12] Elapsed: 17:11, vertices: 2100, facets final: 13618, pending: 32832, pool: 200
I 1036.13] Elapsed: 17:16, vertices: 2106, facets final: 13752, pending: 32764, pool: 200
I 1041.30] Elapsed: 17:21, vertices: 2113, facets final: 13882, pending: 32689, pool: 197
I 1046.57] Elapsed: 17:27, vertices: 2116, facets final: 14127, pending: 32397, pool: 199
I 1051.57] Elapsed: 17:32, vertices: 2121, facets final: 14283, pending: 32175, pool: 199
I 1056.58] Elapsed: 17:37, vertices: 2127, facets final: 14430, pending: 32005, pool: 198
I 1061.77] Elapsed: 17:42, vertices: 2133, facets final: 14591, pending: 31847, pool: 200
I 1067.06] Elapsed: 17:47, vertices: 2140, facets final: 14705, pending: 31769, pool: 198
I 1072.60] Elapsed: 17:53, vertices: 2144, facets final: 14935, pending: 31503, pool: 197
I 1077.60] Elapsed: 17:58, vertices: 2149, facets final: 15114, pending: 31330, pool: 196
I 1082.84] Elapsed: 18:03, vertices: 2152, facets final: 15371, pending: 31069, pool: 196
I 1088.16] Elapsed: 18:08, vertices: 2156, facets final: 15594, pending: 30819, pool: 197
I 1093.16] Elapsed: 18:13, vertices: 2159, facets final: 15826, pending: 30580, pool: 198
I 1098.42] Elapsed: 18:18, vertices: 2165, facets final: 15996, pending: 30454, pool: 196
I 1103.42] Elapsed: 18:23, vertices: 2170, facets final: 16183, pending: 30260, pool: 192
I 1108.55] Elapsed: 18:29, vertices: 2175, facets final: 16373, pending: 30061, pool: 190
I 1113.55] Elapsed: 18:34, vertices: 2181, facets final: 16531, pending: 29909, pool: 187
I 1118.55] Elapsed: 18:39, vertices: 2185, facets final: 16742, pending: 29698, pool: 189
I 1123.55] Elapsed: 18:44, vertices: 2188, facets final: 16981, pending: 29443, pool: 190
I 1128.95] Elapsed: 18:49, vertices: 2192, facets final: 17208, pending: 29310, pool: 194
I 1133.95] Elapsed: 18:54, vertices: 2194, facets final: 17475, pending: 29031, pool: 193
I 1138.96] Elapsed: 18:59, vertices: 2198, facets final: 17685, pending: 28848, pool: 197
I 1140.84] recalculating facets...
I 1143.96] Elapsed: 19:04, vertices: 2202, facets final: 17878, pending: 28643, pool: 198
I 1148.97] Elapsed: 19:09, vertices: 2205, facets final: 18117, pending: 28397, pool: 195
I 1153.97] Elapsed: 19:14, vertices: 2210, facets final: 18296, pending: 28243, pool: 195
I 1158.97] Elapsed: 19:19, vertices: 2212, facets final: 18558, pending: 27979, pool: 198
I 1163.98] Elapsed: 19:24, vertices: 2216, facets final: 18767, pending: 27757, pool: 200
I 1168.98] Elapsed: 19:29, vertices: 2221, facets final: 18945, pending: 27605, pool: 197
I 1173.98] Elapsed: 19:34, vertices: 2227, facets final: 19100, pending: 27425, pool: 192
I 1179.18] Elapsed: 19:39, vertices: 2231, facets final: 19322, pending: 27202, pool: 193
I 1184.19] Elapsed: 19:44, vertices: 2234, facets final: 19563, pending: 26963, pool: 190
I 1189.48] Elapsed: 19:49, vertices: 2239, facets final: 19766, pending: 26773, pool: 189
I 1194.54] Elapsed: 19:55, vertices: 2242, facets final: 20014, pending: 26532, pool: 188
I 1199.54] Elapsed: 20:00, vertices: 2246, facets final: 20225, pending: 26373, pool: 186
I 1204.54] Elapsed: 20:05, vertices: 2249, facets final: 20462, pending: 26134, pool: 188
I 1209.54] Elapsed: 20:10, vertices: 2252, facets final: 20706, pending: 25900, pool: 186
I 1214.81] Elapsed: 20:15, vertices: 2258, facets final: 20888, pending: 25734, pool: 182
I 1219.81] Elapsed: 20:20, vertices: 2261, facets final: 21123, pending: 25478, pool: 185
I 1224.81] Elapsed: 20:25, vertices: 2264, facets final: 21362, pending: 25238, pool: 184
I 1229.81] Elapsed: 20:30, vertices: 2267, facets final: 21607, pending: 24985, pool: 182
I 1234.82] Elapsed: 20:35, vertices: 2272, facets final: 21794, pending: 24788, pool: 181
I 1239.83] Elapsed: 20:40, vertices: 2277, facets final: 21990, pending: 24620, pool: 176
I 1244.83] Elapsed: 20:45, vertices: 2280, facets final: 22236, pending: 24372, pool: 175
I 1249.83] Elapsed: 20:50, vertices: 2283, facets final: 22481, pending: 24148, pool: 175
I 1254.83] Elapsed: 20:55, vertices: 2284, facets final: 22778, pending: 23853, pool: 175
I 1259.84] Elapsed: 21:00, vertices: 2287, facets final: 23019, pending: 23648, pool: 175
I 1265.04] Elapsed: 21:05, vertices: 2292, facets final: 23231, pending: 23427, pool: 175
I 1270.04] Elapsed: 21:10, vertices: 2297, facets final: 23420, pending: 23229, pool: 175
I 1275.36] Elapsed: 21:15, vertices: 2298, facets final: 23744, pending: 22914, pool: 177
I 1278.96] recalculating facets...
I 1280.63] Elapsed: 21:21, vertices: 2301, facets final: 24001, pending: 22673, pool: 174
I 1285.64] Elapsed: 21:26, vertices: 2303, facets final: 24281, pending: 22391, pool: 173
I 1290.64] Elapsed: 21:31, vertices: 2306, facets final: 24537, pending: 22133, pool: 171
I 1295.65] Elapsed: 21:36, vertices: 2311, facets final: 24747, pending: 21928, pool: 166
I 1300.65] Elapsed: 21:41, vertices: 2313, facets final: 25021, pending: 21640, pool: 169
I 1305.65] Elapsed: 21:46, vertices: 2317, facets final: 25255, pending: 21387, pool: 168
I 1310.65] Elapsed: 21:51, vertices: 2321, facets final: 25487, pending: 21151, pool: 167
I 1315.65] Elapsed: 21:56, vertices: 2323, facets final: 25771, pending: 20892, pool: 165
I 1320.65] Elapsed: 22:01, vertices: 2327, facets final: 26005, pending: 20677, pool: 164
I 1325.65] Elapsed: 22:06, vertices: 2329, facets final: 26290, pending: 20398, pool: 162
I 1330.65] Elapsed: 22:11, vertices: 2333, facets final: 26524, pending: 20165, pool: 161
I 1335.76] Elapsed: 22:16, vertices: 2336, facets final: 26787, pending: 19914, pool: 160
I 1341.03] Elapsed: 22:21, vertices: 2339, facets final: 27065, pending: 19633, pool: 158
I 1346.05] Elapsed: 22:26, vertices: 2343, facets final: 27304, pending: 19403, pool: 157
I 1351.06] Elapsed: 22:31, vertices: 2347, facets final: 27545, pending: 19187, pool: 155
I 1356.06] Elapsed: 22:36, vertices: 2349, facets final: 27834, pending: 18902, pool: 154
I 1361.06] Elapsed: 22:41, vertices: 2353, facets final: 28079, pending: 18676, pool: 150
I 1366.07] Elapsed: 22:46, vertices: 2353, facets final: 28412, pending: 18343
I 1371.08] Elapsed: 22:51, vertices: 2356, facets final: 28676, pending: 18083, pool: 151
I 1376.08] Elapsed: 22:56, vertices: 2359, facets final: 28942, pending: 17835, pool: 149
I 1381.08] Elapsed: 23:01, vertices: 2359, facets final: 29271, pending: 17506
I 1386.38] Elapsed: 23:06, vertices: 2362, facets final: 29556, pending: 17216, pool: 149
I 1391.55] Elapsed: 23:12, vertices: 2368, facets final: 29771, pending: 16985, pool: 144
I 1396.55] Elapsed: 23:17, vertices: 2372, facets final: 30016, pending: 16731, pool: 141
I 1401.79] Elapsed: 23:22, vertices: 2375, facets final: 30297, pending: 16440, pool: 140
I 1406.79] Elapsed: 23:27, vertices: 2380, facets final: 30525, pending: 16224, pool: 138
I 1411.79] Elapsed: 23:32, vertices: 2385, facets final: 30757, pending: 16026, pool: 133
I 1416.79] Elapsed: 23:37, vertices: 2389, facets final: 31005, pending: 15795, pool: 132
I 1421.80] Elapsed: 23:42, vertices: 2392, facets final: 31275, pending: 15518, pool: 132
I 1426.81] Elapsed: 23:47, vertices: 2392, facets final: 31606, pending: 15187
I 1431.81] Elapsed: 23:52, vertices: 2394, facets final: 31900, pending: 14886, pool: 132
I 1436.81] Elapsed: 23:57, vertices: 2396, facets final: 32191, pending: 14599, pool: 131
I 1441.94] Elapsed: 24:02, vertices: 2398, facets final: 32493, pending: 14293, pool: 131
I 1443.14] recalculating facets...
I 1446.94] Elapsed: 24:07, vertices: 2400, facets final: 32770, pending: 14032, pool: 129
I 1451.95] Elapsed: 24:12, vertices: 2400, facets final: 33100, pending: 13702
I 1456.95] Elapsed: 24:17, vertices: 2403, facets final: 33371, pending: 13438, pool: 129
I 1462.18] Elapsed: 24:22, vertices: 2408, facets final: 33624, pending: 13170, pool: 125
I 1467.19] Elapsed: 24:27, vertices: 2411, facets final: 33900, pending: 12898, pool: 123
I 1472.21] Elapsed: 24:32, vertices: 2414, facets final: 34174, pending: 12615, pool: 122
I 1477.22] Elapsed: 24:37, vertices: 2418, facets final: 34431, pending: 12360, pool: 119
I 1482.22] Elapsed: 24:42, vertices: 2422, facets final: 34693, pending: 12112, pool: 115
I 1487.22] Elapsed: 24:47, vertices: 2423, facets final: 34999, pending: 11803, pool: 114
I 1492.22] Elapsed: 24:52, vertices: 2426, facets final: 35280, pending: 11526, pool: 113
I 1497.23] Elapsed: 24:57, vertices: 2430, facets final: 35545, pending: 11264, pool: 110
I 1502.24] Elapsed: 25:02, vertices: 2433, facets final: 35826, pending: 10990, pool: 108
I 1507.37] Elapsed: 25:07, vertices: 2437, facets final: 36101, pending: 10709, pool: 104
I 1512.37] Elapsed: 25:12, vertices: 2442, facets final: 36354, pending: 10485, pool: 99
I 1517.38] Elapsed: 25:17, vertices: 2446, facets final: 36623, pending: 10229, pool: 95
I 1522.39] Elapsed: 25:22, vertices: 2448, facets final: 36922, pending: 9938, pool: 96
I 1527.40] Elapsed: 25:27, vertices: 2451, facets final: 37206, pending: 9654, pool: 96
I 1532.41] Elapsed: 25:32, vertices: 2454, facets final: 37492, pending: 9376, pool: 95
I 1537.42] Elapsed: 25:37, vertices: 2456, facets final: 37796, pending: 9068, pool: 95
I 1542.42] Elapsed: 25:42, vertices: 2459, facets final: 38086, pending: 8785, pool: 92
I 1547.43] Elapsed: 25:47, vertices: 2459, facets final: 38413, pending: 8458
I 1552.43] Elapsed: 25:52, vertices: 2461, facets final: 38715, pending: 8165, pool: 92
I 1557.43] Elapsed: 25:57, vertices: 2462, facets final: 39030, pending: 7852, pool: 91
I 1562.43] Elapsed: 26:02, vertices: 2463, facets final: 39349, pending: 7532, pool: 94
I 1567.44] Elapsed: 26:07, vertices: 2466, facets final: 39635, pending: 7254, pool: 94
I 1572.44] Elapsed: 26:12, vertices: 2470, facets final: 39911, pending: 6976, pool: 91
I 1577.44] Elapsed: 26:17, vertices: 2470, facets final: 40241, pending: 6646
I 1582.44] Elapsed: 26:22, vertices: 2471, facets final: 40557, pending: 6332, pool: 90
I 1587.45] Elapsed: 26:27, vertices: 2475, facets final: 40836, pending: 6062, pool: 87
I 1592.45] Elapsed: 26:32, vertices: 2478, facets final: 41128, pending: 5783, pool: 84
I 1597.45] Elapsed: 26:37, vertices: 2481, facets final: 41417, pending: 5498, pool: 83
I 1602.50] Elapsed: 26:43, vertices: 2487, facets final: 41673, pending: 5254, pool: 79
I 1607.50] Elapsed: 26:48, vertices: 2493, facets final: 41933, pending: 5010, pool: 73
I 1612.50] Elapsed: 26:53, vertices: 2495, facets final: 42242, pending: 4704, pool: 71
I 1617.51] Elapsed: 26:58, vertices: 2498, facets final: 42540, pending: 4410, pool: 69
I 1620.16] recalculating facets...
I 1622.51] Elapsed: 27:03, vertices: 2501, facets final: 42825, pending: 4123, pool: 68
I 1627.52] Elapsed: 27:08, vertices: 2501, facets final: 43156, pending: 3792
I 1632.53] Elapsed: 27:13, vertices: 2503, facets final: 43465, pending: 3479, pool: 67
I 1637.53] Elapsed: 27:18, vertices: 2504, facets final: 43786, pending: 3148, pool: 68
I 1642.53] Elapsed: 27:23, vertices: 2506, facets final: 44094, pending: 2845, pool: 67
I 1647.53] Elapsed: 27:28, vertices: 2509, facets final: 44392, pending: 2551, pool: 64
I 1652.53] Elapsed: 27:33, vertices: 2513, facets final: 44682, pending: 2255, pool: 60
I 1657.54] Elapsed: 27:38, vertices: 2521, facets final: 44939, pending: 2017, pool: 52
I 1662.55] Elapsed: 27:43, vertices: 2524, facets final: 45244, pending: 1720, pool: 51
I 1667.55] Elapsed: 27:48, vertices: 2529, facets final: 45535, pending: 1438, pool: 47
I 1672.55] Elapsed: 27:53, vertices: 2535, facets final: 45824, pending: 1145, pool: 42
I 1677.55] Elapsed: 27:58, vertices: 2543, facets final: 46101, pending: 870, pool: 38
I 1682.58] Elapsed: 28:03, vertices: 2562, facets final: 46329, pending: 684, pool: 24
I 1687.59] Elapsed: 28:08, vertices: 2591, facets final: 46561, pending: 470, pool: 4
I 1690.91] recalculating facets...
I 1692.59] Elapsed: 28:13, vertices: 2603, facets final: 46875, pending: 160, pool: 1
I 1695.04] Elapsed: 28:15, vertices: 2614, facets final: 47024, pending: 0

--------------------------------
Problem completed
 name                    24.vlp
 output                  vlp/24.res
 rows, cols, objs        12, 6689, 10
 vertices, facets        2614, 47024
 total time              28:15
--------------------------------
Statistics
LP:
 oracle calls            50880
   avg iterations/calls  4.11
 total oracle time       12:52
Combinatorics:
 vertices added          2614
 facets probed           69127
 facets # max            47040
 memory allocated        41.88M
 storage expansion
   vertices # / upto     21 / 2684
   facets   # / upto     12 / 49148
 facet manipulating
   added avg / max       80.34 / 842.00
   compressed            181
 number of ridge tests
   avg / max             1.66M / 17.74M
--------------------------------
Parameters with non-default values
 VertexPoolSize = 200
