C copy string: r=c:ab;s=c:abr;t=a:bdrs;ar,br,cr,d;ar,br,c,dr; ineq: base30.txt
I    5.15] Elapsed: 5.15, vertices: 54, facets final: 12, pending: 2352, pool: 77
I    8.47] recalculating facets...
I   10.16] Elapsed: 10.16, vertices: 123, facets final: 13, pending: 8032, pool: 100
I   15.18] Elapsed: 15.18, vertices: 176, facets final: 16, pending: 12074, pool: 100
I   18.03] recalculating facets...
I   20.21] Elapsed: 20.21, vertices: 217, facets final: 16, pending: 14725, pool: 99
I   25.27] Elapsed: 25.27, vertices: 252, facets final: 18, pending: 16767, pool: 100
I   30.27] Elapsed: 30.27, vertices: 279, facets final: 19, pending: 19089, pool: 100
I   34.58] recalculating facets...
I   35.27] Elapsed: 35.27, vertices: 303, facets final: 20, pending: 19435, pool: 100
I   40.29] Elapsed: 40.29, vertices: 329, facets final: 22, pending: 20962, pool: 99
I   45.39] Elapsed: 45.39, vertices: 351, facets final: 23, pending: 22396, pool: 100
I   50.46] Elapsed: 50.46, vertices: 372, facets final: 26, pending: 23471, pool: 100
I   55.56] Elapsed: 55.56, vertices: 394, facets final: 27, pending: 24465, pool: 100
I   57.09] recalculating facets...
I   60.65] Elapsed: 1:01, vertices: 414, facets final: 28, pending: 25417, pool: 100
I   65.75] Elapsed: 1:06, vertices: 433, facets final: 32, pending: 26250, pool: 100
I   70.81] Elapsed: 1:11, vertices: 451, facets final: 34, pending: 26564, pool: 100
I   75.93] Elapsed: 1:16, vertices: 469, facets final: 36, pending: 27411, pool: 100
I   80.93] Elapsed: 1:21, vertices: 486, facets final: 41, pending: 27812, pool: 100
I   84.57] recalculating facets...
I   85.99] Elapsed: 1:26, vertices: 505, facets final: 42, pending: 28279, pool: 100
I   91.17] Elapsed: 1:31, vertices: 521, facets final: 46, pending: 28232, pool: 100
I   96.18] Elapsed: 1:36, vertices: 538, facets final: 49, pending: 28131, pool: 99
I  101.25] Elapsed: 1:41, vertices: 553, facets final: 52, pending: 28580, pool: 100
I  106.43] Elapsed: 1:46, vertices: 570, facets final: 54, pending: 28888, pool: 100
I  111.77] Elapsed: 1:52, vertices: 586, facets final: 55, pending: 29589, pool: 100
I  116.18] recalculating facets...
I  116.77] Elapsed: 1:57, vertices: 601, facets final: 62, pending: 30142, pool: 100
I  121.89] Elapsed: 2:02, vertices: 618, facets final: 64, pending: 30567, pool: 100
I  126.97] Elapsed: 2:07, vertices: 634, facets final: 65, pending: 30305, pool: 100
I  131.97] Elapsed: 2:12, vertices: 649, facets final: 69, pending: 30982, pool: 100
I  137.03] Elapsed: 2:17, vertices: 665, facets final: 71, pending: 30996, pool: 100
I  142.12] Elapsed: 2:22, vertices: 681, facets final: 72, pending: 31508, pool: 100
I  147.19] Elapsed: 2:27, vertices: 692, facets final: 73, pending: 31739, pool: 100
I  149.79] recalculating facets...
I  152.33] Elapsed: 2:32, vertices: 707, facets final: 73, pending: 32429, pool: 100
I  157.48] Elapsed: 2:37, vertices: 722, facets final: 74, pending: 33026, pool: 100
I  162.73] Elapsed: 2:43, vertices: 734, facets final: 75, pending: 33181, pool: 100
I  167.94] Elapsed: 2:48, vertices: 750, facets final: 78, pending: 33078, pool: 100
I  173.01] Elapsed: 2:53, vertices: 762, facets final: 84, pending: 33756, pool: 99
I  178.13] Elapsed: 2:58, vertices: 774, facets final: 90, pending: 33484, pool: 100
I  183.28] Elapsed: 3:03, vertices: 786, facets final: 91, pending: 34030, pool: 100
I  188.44] Elapsed: 3:08, vertices: 799, facets final: 95, pending: 34593, pool: 100
I  188.93] recalculating facets...
I  193.57] Elapsed: 3:14, vertices: 811, facets final: 97, pending: 34407, pool: 100
I  198.59] Elapsed: 3:19, vertices: 825, facets final: 102, pending: 34387, pool: 100
I  203.65] Elapsed: 3:24, vertices: 836, facets final: 103, pending: 34863, pool: 100
I  208.67] Elapsed: 3:29, vertices: 848, facets final: 104, pending: 35316, pool: 100
I  213.71] Elapsed: 3:34, vertices: 863, facets final: 105, pending: 35620, pool: 100
I  218.78] Elapsed: 3:39, vertices: 877, facets final: 109, pending: 35517, pool: 100
I  223.84] Elapsed: 3:44, vertices: 889, facets final: 110, pending: 35860, pool: 100
I  227.90] recalculating facets...
I  229.17] Elapsed: 3:49, vertices: 903, facets final: 115, pending: 35928, pool: 100
I  234.34] Elapsed: 3:54, vertices: 914, facets final: 116, pending: 36027, pool: 100
I  239.35] Elapsed: 3:59, vertices: 926, facets final: 123, pending: 35921, pool: 100
I  244.48] Elapsed: 4:04, vertices: 938, facets final: 124, pending: 36373, pool: 100
I  249.62] Elapsed: 4:10, vertices: 948, facets final: 126, pending: 36799, pool: 100
I  254.75] Elapsed: 4:15, vertices: 959, facets final: 130, pending: 37405, pool: 100
I  260.13] Elapsed: 4:20, vertices: 972, facets final: 131, pending: 37675, pool: 100
I  265.14] Elapsed: 4:25, vertices: 981, facets final: 136, pending: 37448, pool: 99
I  270.34] Elapsed: 4:30, vertices: 990, facets final: 139, pending: 37187, pool: 100
I  274.90] recalculating facets...
I  275.59] Elapsed: 4:36, vertices: 1002, facets final: 141, pending: 37220, pool: 100
I  280.71] Elapsed: 4:41, vertices: 1013, facets final: 147, pending: 37049, pool: 100
I  285.80] Elapsed: 4:46, vertices: 1024, facets final: 150, pending: 37361, pool: 100
I  290.86] Elapsed: 4:51, vertices: 1035, facets final: 152, pending: 37354, pool: 100
I  295.88] Elapsed: 4:56, vertices: 1047, facets final: 155, pending: 37347, pool: 100
I  301.02] Elapsed: 5:01, vertices: 1059, facets final: 157, pending: 37462, pool: 100
I  306.06] Elapsed: 5:06, vertices: 1072, facets final: 160, pending: 37628, pool: 100
I  311.10] Elapsed: 5:11, vertices: 1082, facets final: 164, pending: 37366, pool: 100
I  316.15] Elapsed: 5:16, vertices: 1095, facets final: 167, pending: 37615, pool: 100
I  318.35] recalculating facets...
I  321.19] Elapsed: 5:21, vertices: 1108, facets final: 169, pending: 37484, pool: 100
I  326.39] Elapsed: 5:26, vertices: 1121, facets final: 172, pending: 37477, pool: 100
I  331.48] Elapsed: 5:31, vertices: 1134, facets final: 180, pending: 37917, pool: 100
I  336.51] Elapsed: 5:37, vertices: 1146, facets final: 187, pending: 38162, pool: 99
I  341.51] Elapsed: 5:42, vertices: 1159, facets final: 189, pending: 38277, pool: 100
I  346.76] Elapsed: 5:47, vertices: 1172, facets final: 192, pending: 38331, pool: 100
I  351.90] Elapsed: 5:52, vertices: 1185, facets final: 195, pending: 38475, pool: 100
I  357.27] Elapsed: 5:57, vertices: 1195, facets final: 199, pending: 38933, pool: 100
I  360.18] recalculating facets...
I  362.27] Elapsed: 6:02, vertices: 1205, facets final: 200, pending: 39575, pool: 100
I  367.40] Elapsed: 6:07, vertices: 1215, facets final: 201, pending: 39458, pool: 100
I  372.49] Elapsed: 6:12, vertices: 1226, facets final: 205, pending: 39595, pool: 100
I  377.49] Elapsed: 6:17, vertices: 1238, facets final: 206, pending: 39730, pool: 100
I  382.51] Elapsed: 6:23, vertices: 1250, facets final: 210, pending: 39502, pool: 100
I  387.57] Elapsed: 6:28, vertices: 1262, facets final: 211, pending: 39765, pool: 100
I  393.02] Elapsed: 6:33, vertices: 1276, facets final: 217, pending: 39766, pool: 100
I  398.28] Elapsed: 6:38, vertices: 1288, facets final: 222, pending: 39719, pool: 100
I  403.28] Elapsed: 6:43, vertices: 1300, facets final: 223, pending: 39529, pool: 99
I  403.51] recalculating facets...
I  408.30] Elapsed: 6:48, vertices: 1311, facets final: 225, pending: 39729, pool: 100
I  413.46] Elapsed: 6:53, vertices: 1320, facets final: 226, pending: 39587, pool: 100
I  418.47] Elapsed: 6:58, vertices: 1330, facets final: 227, pending: 39620, pool: 100
I  423.79] Elapsed: 7:04, vertices: 1343, facets final: 231, pending: 39623, pool: 100
I  428.93] Elapsed: 7:09, vertices: 1354, facets final: 233, pending: 39826, pool: 100
I  433.97] Elapsed: 7:14, vertices: 1366, facets final: 235, pending: 39926, pool: 100
I  439.09] Elapsed: 7:19, vertices: 1376, facets final: 240, pending: 39831, pool: 100
I  444.55] Elapsed: 7:25, vertices: 1388, facets final: 243, pending: 39893, pool: 100
I  449.02] recalculating facets...
I  449.61] Elapsed: 7:30, vertices: 1401, facets final: 247, pending: 39872, pool: 100
I  454.63] Elapsed: 7:35, vertices: 1413, facets final: 248, pending: 39900, pool: 100
I  459.75] Elapsed: 7:40, vertices: 1423, facets final: 249, pending: 39962, pool: 100
I  465.10] Elapsed: 7:45, vertices: 1434, facets final: 257, pending: 39625, pool: 100
I  470.25] Elapsed: 7:50, vertices: 1444, facets final: 259, pending: 39997, pool: 100
I  475.43] Elapsed: 7:55, vertices: 1456, facets final: 262, pending: 40174, pool: 100
I  480.58] Elapsed: 8:01, vertices: 1468, facets final: 266, pending: 40029, pool: 100
I  485.75] Elapsed: 8:06, vertices: 1477, facets final: 272, pending: 40166, pool: 100
I  490.75] Elapsed: 8:11, vertices: 1491, facets final: 272, pending: 40037, pool: 100
I  495.01] recalculating facets...
I  495.85] Elapsed: 8:16, vertices: 1502, facets final: 275, pending: 39872, pool: 100
I  500.85] Elapsed: 8:21, vertices: 1513, facets final: 284, pending: 39635, pool: 100
I  505.92] Elapsed: 8:26, vertices: 1524, facets final: 288, pending: 39629, pool: 100
I  511.00] Elapsed: 8:31, vertices: 1535, facets final: 292, pending: 39657, pool: 100
I  516.04] Elapsed: 8:36, vertices: 1546, facets final: 296, pending: 39693, pool: 100
I  521.39] Elapsed: 8:41, vertices: 1560, facets final: 302, pending: 39814, pool: 100
I  526.52] Elapsed: 8:47, vertices: 1572, facets final: 311, pending: 39750, pool: 100
I  532.47] Elapsed: 8:52, vertices: 1583, facets final: 325, pending: 39691, pool: 100
I  537.52] Elapsed: 8:58, vertices: 1597, facets final: 330, pending: 39688, pool: 100
I  538.85] recalculating facets...
I  542.56] Elapsed: 9:03, vertices: 1608, facets final: 337, pending: 39689, pool: 100
I  547.64] Elapsed: 9:08, vertices: 1620, facets final: 342, pending: 39884, pool: 100
I  552.69] Elapsed: 9:13, vertices: 1632, facets final: 348, pending: 39914, pool: 100
I  557.69] Elapsed: 9:18, vertices: 1646, facets final: 356, pending: 40065, pool: 100
I  562.69] Elapsed: 9:23, vertices: 1659, facets final: 360, pending: 40145, pool: 100
I  567.85] Elapsed: 9:28, vertices: 1670, facets final: 364, pending: 40113, pool: 100
I  573.03] Elapsed: 9:33, vertices: 1683, facets final: 370, pending: 40102, pool: 100
I  578.28] Elapsed: 9:38, vertices: 1695, facets final: 375, pending: 40313, pool: 100
I  580.64] recalculating facets...
I  583.37] Elapsed: 9:43, vertices: 1705, facets final: 377, pending: 40196, pool: 100
I  588.47] Elapsed: 9:48, vertices: 1719, facets final: 378, pending: 40281, pool: 100
I  593.55] Elapsed: 9:54, vertices: 1729, facets final: 380, pending: 40398, pool: 100
I  598.59] Elapsed: 9:59, vertices: 1741, facets final: 380, pending: 40295, pool: 100
I  603.69] Elapsed: 10:04, vertices: 1752, facets final: 385, pending: 40215, pool: 100
I  608.72] Elapsed: 10:09, vertices: 1763, facets final: 396, pending: 39981, pool: 100
I  613.80] Elapsed: 10:14, vertices: 1775, facets final: 408, pending: 40049, pool: 100
I  618.89] Elapsed: 10:19, vertices: 1785, facets final: 412, pending: 40327, pool: 100
I  623.92] Elapsed: 10:24, vertices: 1796, facets final: 418, pending: 40441, pool: 100
I  625.70] recalculating facets...
I  628.94] Elapsed: 10:29, vertices: 1806, facets final: 425, pending: 40266, pool: 99
I  634.29] Elapsed: 10:34, vertices: 1817, facets final: 429, pending: 40287, pool: 100
I  639.59] Elapsed: 10:40, vertices: 1826, facets final: 432, pending: 40294, pool: 100
I  644.60] Elapsed: 10:45, vertices: 1839, facets final: 439, pending: 40196, pool: 100
I  649.94] Elapsed: 10:50, vertices: 1851, facets final: 442, pending: 40261, pool: 100
I  654.99] Elapsed: 10:55, vertices: 1863, facets final: 450, pending: 40393, pool: 100
I  660.12] Elapsed: 11:00, vertices: 1874, facets final: 456, pending: 40399, pool: 100
I  665.14] Elapsed: 11:05, vertices: 1885, facets final: 462, pending: 40470, pool: 100
I  670.26] Elapsed: 11:10, vertices: 1897, facets final: 473, pending: 40459, pool: 100
I  671.59] recalculating facets...
I  675.73] Elapsed: 11:16, vertices: 1908, facets final: 479, pending: 40356, pool: 100
I  680.83] Elapsed: 11:21, vertices: 1919, facets final: 483, pending: 40214, pool: 100
I  686.19] Elapsed: 11:26, vertices: 1929, facets final: 490, pending: 40221, pool: 100
I  691.32] Elapsed: 11:31, vertices: 1938, facets final: 496, pending: 40197, pool: 100
I  696.37] Elapsed: 11:36, vertices: 1949, facets final: 502, pending: 40295, pool: 100
I  701.59] Elapsed: 11:42, vertices: 1960, facets final: 513, pending: 40305, pool: 100
I  706.76] Elapsed: 11:47, vertices: 1971, facets final: 518, pending: 40410, pool: 100
I  711.85] Elapsed: 11:52, vertices: 1984, facets final: 524, pending: 40394, pool: 100
I  716.95] Elapsed: 11:57, vertices: 1994, facets final: 532, pending: 40342, pool: 100
I  720.79] recalculating facets...
I  722.10] Elapsed: 12:02, vertices: 2002, facets final: 536, pending: 40272, pool: 100
I  727.12] Elapsed: 12:07, vertices: 2012, facets final: 538, pending: 40422, pool: 100
I  732.33] Elapsed: 12:12, vertices: 2024, facets final: 543, pending: 40365, pool: 100
I  737.49] Elapsed: 12:17, vertices: 2037, facets final: 551, pending: 40300, pool: 100
I  742.60] Elapsed: 12:23, vertices: 2047, facets final: 558, pending: 40209, pool: 100
I  747.65] Elapsed: 12:28, vertices: 2059, facets final: 567, pending: 40151, pool: 100
I  752.67] Elapsed: 12:33, vertices: 2070, facets final: 570, pending: 40289, pool: 100
I  757.72] Elapsed: 12:38, vertices: 2081, facets final: 575, pending: 40309, pool: 100
I  762.77] Elapsed: 12:43, vertices: 2093, facets final: 578, pending: 40460, pool: 100
I  766.12] recalculating facets...
I  767.86] Elapsed: 12:48, vertices: 2105, facets final: 583, pending: 40463, pool: 100
I  772.87] Elapsed: 12:53, vertices: 2116, facets final: 585, pending: 40489, pool: 100
I  778.00] Elapsed: 12:58, vertices: 2127, facets final: 590, pending: 40324, pool: 100
I  783.15] Elapsed: 13:03, vertices: 2138, facets final: 596, pending: 40193, pool: 100
I  788.24] Elapsed: 13:08, vertices: 2147, facets final: 600, pending: 40150, pool: 100
I  793.31] Elapsed: 13:13, vertices: 2158, facets final: 605, pending: 39867, pool: 100
I  798.55] Elapsed: 13:19, vertices: 2170, facets final: 616, pending: 39767, pool: 100
I  804.15] Elapsed: 13:24, vertices: 2183, facets final: 622, pending: 39581, pool: 100
I  809.17] Elapsed: 13:29, vertices: 2194, facets final: 637, pending: 39479, pool: 100
I  811.52] recalculating facets...
I  814.28] Elapsed: 13:34, vertices: 2207, facets final: 638, pending: 39400, pool: 100
I  819.49] Elapsed: 13:39, vertices: 2216, facets final: 645, pending: 39535, pool: 100
I  824.52] Elapsed: 13:45, vertices: 2227, facets final: 650, pending: 39490, pool: 100
I  829.59] Elapsed: 13:50, vertices: 2238, facets final: 655, pending: 39745, pool: 100
I  834.61] Elapsed: 13:55, vertices: 2251, facets final: 661, pending: 39733, pool: 99
I  839.71] Elapsed: 14:00, vertices: 2262, facets final: 673, pending: 39800, pool: 100
I  844.94] Elapsed: 14:05, vertices: 2276, facets final: 682, pending: 39913, pool: 100
I  849.99] Elapsed: 14:10, vertices: 2287, facets final: 684, pending: 40008, pool: 100
I  855.12] Elapsed: 14:15, vertices: 2300, facets final: 691, pending: 40245, pool: 100
I  855.13] recalculating facets...
I  860.26] Elapsed: 14:20, vertices: 2310, facets final: 694, pending: 40141, pool: 100
I  865.27] Elapsed: 14:25, vertices: 2323, facets final: 700, pending: 40162, pool: 100
I  870.37] Elapsed: 14:30, vertices: 2334, facets final: 709, pending: 40157, pool: 100
I  875.51] Elapsed: 14:36, vertices: 2344, facets final: 714, pending: 40137, pool: 100
I  880.62] Elapsed: 14:41, vertices: 2357, facets final: 719, pending: 40223, pool: 100
I  885.62] Elapsed: 14:46, vertices: 2369, facets final: 729, pending: 40004, pool: 100
I  890.77] Elapsed: 14:51, vertices: 2379, facets final: 738, pending: 40006, pool: 100
I  895.83] Elapsed: 14:56, vertices: 2391, facets final: 747, pending: 39871, pool: 100
I  900.31] recalculating facets...
I  900.94] Elapsed: 15:01, vertices: 2401, facets final: 755, pending: 39971, pool: 100
I  905.95] Elapsed: 15:06, vertices: 2414, facets final: 760, pending: 39897, pool: 100
I  911.25] Elapsed: 15:11, vertices: 2426, facets final: 765, pending: 39773, pool: 100
I  916.36] Elapsed: 15:16, vertices: 2436, facets final: 778, pending: 39566, pool: 100
I  921.37] Elapsed: 15:21, vertices: 2446, facets final: 784, pending: 39452, pool: 100
I  926.48] Elapsed: 15:26, vertices: 2457, facets final: 790, pending: 39495, pool: 100
I  931.57] Elapsed: 15:32, vertices: 2468, facets final: 795, pending: 39329, pool: 100
I  936.66] Elapsed: 15:37, vertices: 2479, facets final: 800, pending: 39307, pool: 100
I  941.80] Elapsed: 15:42, vertices: 2491, facets final: 807, pending: 39185, pool: 100
I  946.39] recalculating facets...
I  946.88] Elapsed: 15:47, vertices: 2501, facets final: 814, pending: 38993, pool: 100
I  952.00] Elapsed: 15:52, vertices: 2513, facets final: 821, pending: 38944, pool: 100
I  957.18] Elapsed: 15:57, vertices: 2521, facets final: 831, pending: 38804, pool: 100
I  962.25] Elapsed: 16:02, vertices: 2534, facets final: 842, pending: 38894, pool: 100
I  967.39] Elapsed: 16:07, vertices: 2545, facets final: 856, pending: 38977, pool: 100
I  973.09] Elapsed: 16:13, vertices: 2557, facets final: 866, pending: 38912, pool: 100
I  978.12] Elapsed: 16:18, vertices: 2567, facets final: 875, pending: 38896, pool: 100
I  983.21] Elapsed: 16:23, vertices: 2580, facets final: 882, pending: 38848, pool: 100
I  988.21] Elapsed: 16:28, vertices: 2592, facets final: 898, pending: 38813, pool: 100
I  991.84] recalculating facets...
I  993.43] Elapsed: 16:33, vertices: 2604, facets final: 910, pending: 38749, pool: 100
I  998.46] Elapsed: 16:38, vertices: 2613, facets final: 919, pending: 38803, pool: 100
I 1003.85] Elapsed: 16:44, vertices: 2624, facets final: 932, pending: 38977, pool: 100
I 1009.02] Elapsed: 16:49, vertices: 2636, facets final: 944, pending: 38868, pool: 100
I 1014.03] Elapsed: 16:54, vertices: 2649, facets final: 951, pending: 38757, pool: 100
I 1019.13] Elapsed: 16:59, vertices: 2659, facets final: 958, pending: 38689, pool: 100
I 1024.16] Elapsed: 17:04, vertices: 2671, facets final: 961, pending: 38702, pool: 100
I 1029.21] Elapsed: 17:09, vertices: 2680, facets final: 978, pending: 38648, pool: 100
I 1034.35] Elapsed: 17:14, vertices: 2693, facets final: 990, pending: 38754, pool: 100
I 1038.04] recalculating facets...
I 1039.45] Elapsed: 17:19, vertices: 2703, facets final: 999, pending: 38970, pool: 100
I 1044.64] Elapsed: 17:25, vertices: 2714, facets final: 1002, pending: 38978, pool: 100
I 1049.98] Elapsed: 17:30, vertices: 2726, facets final: 1015, pending: 39005, pool: 100
I 1055.09] Elapsed: 17:35, vertices: 2739, facets final: 1026, pending: 39014, pool: 100
I 1060.11] Elapsed: 17:40, vertices: 2750, facets final: 1039, pending: 39026, pool: 100
I 1065.23] Elapsed: 17:45, vertices: 2762, facets final: 1045, pending: 38934, pool: 100
I 1070.30] Elapsed: 17:50, vertices: 2773, facets final: 1050, pending: 38853, pool: 100
I 1075.50] Elapsed: 17:56, vertices: 2786, facets final: 1061, pending: 38864, pool: 100
I 1080.62] Elapsed: 18:01, vertices: 2798, facets final: 1069, pending: 38657, pool: 100
I 1081.23] recalculating facets...
I 1085.75] Elapsed: 18:06, vertices: 2810, facets final: 1077, pending: 38738, pool: 100
I 1090.89] Elapsed: 18:11, vertices: 2820, facets final: 1084, pending: 38585, pool: 100
I 1095.90] Elapsed: 18:16, vertices: 2831, facets final: 1088, pending: 38601, pool: 100
I 1101.08] Elapsed: 18:21, vertices: 2843, facets final: 1100, pending: 38674, pool: 100
I 1106.09] Elapsed: 18:26, vertices: 2855, facets final: 1108, pending: 38870, pool: 100
I 1111.21] Elapsed: 18:31, vertices: 2869, facets final: 1119, pending: 38827, pool: 100
I 1116.22] Elapsed: 18:36, vertices: 2881, facets final: 1135, pending: 38848, pool: 100
I 1121.27] Elapsed: 18:41, vertices: 2892, facets final: 1147, pending: 38844, pool: 100
I 1124.18] recalculating facets...
I 1126.46] Elapsed: 18:46, vertices: 2904, facets final: 1159, pending: 38800, pool: 100
I 1131.61] Elapsed: 18:52, vertices: 2915, facets final: 1168, pending: 38714, pool: 100
I 1136.72] Elapsed: 18:57, vertices: 2930, facets final: 1180, pending: 38695, pool: 100
I 1141.78] Elapsed: 19:02, vertices: 2941, facets final: 1185, pending: 38569, pool: 100
I 1146.92] Elapsed: 19:07, vertices: 2951, facets final: 1195, pending: 38523, pool: 100
I 1152.08] Elapsed: 19:12, vertices: 2960, facets final: 1201, pending: 38531, pool: 100
I 1157.17] Elapsed: 19:17, vertices: 2971, facets final: 1213, pending: 38453, pool: 100
I 1162.88] Elapsed: 19:23, vertices: 2981, facets final: 1219, pending: 38642, pool: 100
I 1168.03] Elapsed: 19:28, vertices: 2992, facets final: 1224, pending: 38571, pool: 100
I 1171.64] recalculating facets...
I 1173.37] Elapsed: 19:33, vertices: 3003, facets final: 1228, pending: 38528, pool: 100
I 1178.48] Elapsed: 19:38, vertices: 3014, facets final: 1236, pending: 38467, pool: 100
I 1183.59] Elapsed: 19:44, vertices: 3024, facets final: 1241, pending: 38489, pool: 100
I 1188.63] Elapsed: 19:49, vertices: 3036, facets final: 1250, pending: 38406, pool: 100
I 1193.89] Elapsed: 19:54, vertices: 3049, facets final: 1259, pending: 38293, pool: 100
I 1198.98] Elapsed: 19:59, vertices: 3063, facets final: 1271, pending: 38321, pool: 100
I 1204.10] Elapsed: 20:04, vertices: 3074, facets final: 1277, pending: 38411, pool: 100
I 1209.78] Elapsed: 20:10, vertices: 3085, facets final: 1292, pending: 38345, pool: 100
I 1214.95] Elapsed: 20:15, vertices: 3097, facets final: 1300, pending: 38400, pool: 100
I 1217.17] recalculating facets...
I 1220.03] Elapsed: 20:20, vertices: 3107, facets final: 1313, pending: 38343, pool: 100
I 1225.10] Elapsed: 20:25, vertices: 3120, facets final: 1325, pending: 38307, pool: 100
I 1230.11] Elapsed: 20:30, vertices: 3133, facets final: 1337, pending: 38319, pool: 100
I 1235.33] Elapsed: 20:35, vertices: 3144, facets final: 1345, pending: 38238, pool: 100
I 1240.33] Elapsed: 20:40, vertices: 3153, facets final: 1352, pending: 38108, pool: 100
I 1245.61] Elapsed: 20:46, vertices: 3164, facets final: 1358, pending: 38166, pool: 100
I 1250.63] Elapsed: 20:51, vertices: 3177, facets final: 1366, pending: 38184, pool: 100
I 1255.77] Elapsed: 20:56, vertices: 3188, facets final: 1374, pending: 38218, pool: 100
I 1260.74] recalculating facets...
I 1260.98] Elapsed: 21:01, vertices: 3201, facets final: 1387, pending: 38091, pool: 99
I 1266.12] Elapsed: 21:06, vertices: 3213, facets final: 1408, pending: 38028, pool: 100
I 1271.53] Elapsed: 21:12, vertices: 3224, facets final: 1421, pending: 37918, pool: 100
I 1276.57] Elapsed: 21:17, vertices: 3236, facets final: 1432, pending: 37767, pool: 100
I 1281.66] Elapsed: 21:22, vertices: 3246, facets final: 1448, pending: 37897, pool: 100
I 1286.69] Elapsed: 21:27, vertices: 3259, facets final: 1457, pending: 37865, pool: 100
I 1292.21] Elapsed: 21:32, vertices: 3271, facets final: 1467, pending: 37790, pool: 100
I 1297.23] Elapsed: 21:37, vertices: 3282, facets final: 1485, pending: 37710, pool: 100
I 1302.37] Elapsed: 21:42, vertices: 3295, facets final: 1495, pending: 37659, pool: 100
I 1303.94] recalculating facets...
I 1307.57] Elapsed: 21:48, vertices: 3307, facets final: 1504, pending: 37659, pool: 100
I 1312.74] Elapsed: 21:53, vertices: 3320, facets final: 1515, pending: 37654, pool: 100
I 1318.01] Elapsed: 21:58, vertices: 3331, facets final: 1527, pending: 37539, pool: 100
I 1323.18] Elapsed: 22:03, vertices: 3342, facets final: 1540, pending: 37475, pool: 100
I 1328.19] Elapsed: 22:08, vertices: 3356, facets final: 1556, pending: 37374, pool: 100
I 1333.33] Elapsed: 22:13, vertices: 3368, facets final: 1564, pending: 37328, pool: 100
I 1338.41] Elapsed: 22:18, vertices: 3379, facets final: 1569, pending: 37230, pool: 100
I 1344.10] Elapsed: 22:24, vertices: 3392, facets final: 1576, pending: 37260, pool: 100
I 1347.03] recalculating facets...
I 1349.23] Elapsed: 22:29, vertices: 3405, facets final: 1588, pending: 37226, pool: 100
I 1354.34] Elapsed: 22:34, vertices: 3418, facets final: 1604, pending: 37085, pool: 99
I 1359.46] Elapsed: 22:39, vertices: 3430, facets final: 1621, pending: 37152, pool: 100
I 1364.60] Elapsed: 22:45, vertices: 3442, facets final: 1634, pending: 37045, pool: 100
I 1369.74] Elapsed: 22:50, vertices: 3453, facets final: 1652, pending: 36956, pool: 100
I 1374.75] Elapsed: 22:55, vertices: 3467, facets final: 1673, pending: 36876, pool: 100
I 1379.90] Elapsed: 23:00, vertices: 3478, facets final: 1694, pending: 36705, pool: 100
I 1384.92] Elapsed: 23:05, vertices: 3488, facets final: 1715, pending: 36630, pool: 100
I 1390.02] Elapsed: 23:10, vertices: 3500, facets final: 1723, pending: 36599, pool: 100
I 1390.24] recalculating facets...
I 1395.08] Elapsed: 23:15, vertices: 3512, facets final: 1737, pending: 36532, pool: 100
I 1400.23] Elapsed: 23:20, vertices: 3524, facets final: 1749, pending: 36548, pool: 100
I 1405.24] Elapsed: 23:25, vertices: 3535, facets final: 1757, pending: 36599, pool: 100
I 1410.30] Elapsed: 23:30, vertices: 3546, facets final: 1767, pending: 36489, pool: 100
I 1415.38] Elapsed: 23:35, vertices: 3557, facets final: 1774, pending: 36446, pool: 100
I 1420.41] Elapsed: 23:40, vertices: 3571, facets final: 1782, pending: 36426, pool: 100
I 1425.54] Elapsed: 23:46, vertices: 3583, facets final: 1807, pending: 36465, pool: 100
I 1430.61] Elapsed: 23:51, vertices: 3594, facets final: 1813, pending: 36244, pool: 100
I 1433.57] recalculating facets...
I 1435.65] Elapsed: 23:56, vertices: 3605, facets final: 1827, pending: 36262, pool: 100
I 1440.81] Elapsed: 24:01, vertices: 3619, facets final: 1847, pending: 36205, pool: 100
I 1446.19] Elapsed: 24:06, vertices: 3634, facets final: 1859, pending: 36142, pool: 100
I 1451.24] Elapsed: 24:11, vertices: 3646, facets final: 1870, pending: 36049, pool: 100
I 1456.42] Elapsed: 24:16, vertices: 3660, facets final: 1882, pending: 35946, pool: 100
I 1461.66] Elapsed: 24:22, vertices: 3672, facets final: 1914, pending: 35879, pool: 100
I 1466.67] Elapsed: 24:27, vertices: 3685, facets final: 1952, pending: 35886, pool: 100
I 1471.73] Elapsed: 24:32, vertices: 3697, facets final: 1976, pending: 35911, pool: 100
I 1472.89] recalculating facets...
I 1476.80] Elapsed: 24:37, vertices: 3709, facets final: 1990, pending: 35871, pool: 100
I 1482.03] Elapsed: 24:42, vertices: 3723, facets final: 2019, pending: 35822, pool: 100
I 1487.12] Elapsed: 24:47, vertices: 3737, facets final: 2034, pending: 35753, pool: 100
I 1492.12] Elapsed: 24:52, vertices: 3750, facets final: 2056, pending: 35718, pool: 100
I 1497.12] Elapsed: 24:57, vertices: 3762, facets final: 2087, pending: 35705, pool: 100
I 1502.14] Elapsed: 25:02, vertices: 3774, facets final: 2115, pending: 35542, pool: 100
I 1507.32] Elapsed: 25:07, vertices: 3788, facets final: 2123, pending: 35418, pool: 100
I 1512.59] Elapsed: 25:13, vertices: 3800, facets final: 2164, pending: 35293, pool: 100
I 1512.78] recalculating facets...
I 1517.60] Elapsed: 25:18, vertices: 3811, facets final: 2189, pending: 35229, pool: 100
I 1523.09] Elapsed: 25:23, vertices: 3825, facets final: 2210, pending: 35229, pool: 100
I 1528.09] Elapsed: 25:28, vertices: 3839, facets final: 2220, pending: 35188, pool: 100
I 1533.15] Elapsed: 25:33, vertices: 3851, facets final: 2240, pending: 35209, pool: 100
I 1538.27] Elapsed: 25:38, vertices: 3865, facets final: 2260, pending: 35136, pool: 100
I 1543.41] Elapsed: 25:43, vertices: 3878, facets final: 2270, pending: 35045, pool: 100
I 1548.42] Elapsed: 25:48, vertices: 3894, facets final: 2284, pending: 34935, pool: 100
I 1550.44] recalculating facets...
I 1553.44] Elapsed: 25:53, vertices: 3910, facets final: 2298, pending: 34831, pool: 100
I 1558.46] Elapsed: 25:58, vertices: 3923, facets final: 2323, pending: 34851, pool: 100
I 1563.62] Elapsed: 26:04, vertices: 3937, facets final: 2344, pending: 34675, pool: 100
I 1568.79] Elapsed: 26:09, vertices: 3952, facets final: 2359, pending: 34572, pool: 100
I 1574.05] Elapsed: 26:14, vertices: 3964, facets final: 2380, pending: 34616, pool: 100
I 1579.25] Elapsed: 26:19, vertices: 3976, facets final: 2416, pending: 34429, pool: 100
I 1584.35] Elapsed: 26:24, vertices: 3988, facets final: 2447, pending: 34415, pool: 100
I 1589.35] Elapsed: 26:29, vertices: 3999, facets final: 2455, pending: 34358, pool: 100
I 1589.82] recalculating facets...
I 1594.36] Elapsed: 26:34, vertices: 4013, facets final: 2480, pending: 34319, pool: 100
I 1599.37] Elapsed: 26:39, vertices: 4025, facets final: 2503, pending: 34273, pool: 100
I 1604.38] Elapsed: 26:44, vertices: 4035, facets final: 2548, pending: 34130, pool: 100
I 1609.41] Elapsed: 26:49, vertices: 4048, facets final: 2580, pending: 34008, pool: 100
I 1614.58] Elapsed: 26:55, vertices: 4061, facets final: 2602, pending: 33880, pool: 100
I 1619.60] Elapsed: 27:00, vertices: 4075, facets final: 2631, pending: 33750, pool: 100
I 1624.69] Elapsed: 27:05, vertices: 4089, facets final: 2649, pending: 33755, pool: 100
I 1629.08] recalculating facets...
I 1629.70] Elapsed: 27:10, vertices: 4102, facets final: 2677, pending: 33637, pool: 100
I 1635.12] Elapsed: 27:15, vertices: 4116, facets final: 2699, pending: 33474, pool: 100
I 1640.31] Elapsed: 27:20, vertices: 4131, facets final: 2717, pending: 33416, pool: 100
I 1645.31] Elapsed: 27:25, vertices: 4141, facets final: 2743, pending: 33357, pool: 100
I 1650.32] Elapsed: 27:30, vertices: 4156, facets final: 2767, pending: 33339, pool: 100
I 1655.32] Elapsed: 27:35, vertices: 4167, facets final: 2787, pending: 33206, pool: 100
I 1660.34] Elapsed: 27:40, vertices: 4179, facets final: 2824, pending: 33181, pool: 99
I 1665.37] Elapsed: 27:45, vertices: 4190, facets final: 2848, pending: 33136, pool: 100
I 1669.63] recalculating facets...
I 1670.39] Elapsed: 27:50, vertices: 4201, facets final: 2875, pending: 33014, pool: 100
I 1675.41] Elapsed: 27:55, vertices: 4215, facets final: 2899, pending: 32844, pool: 100
I 1680.41] Elapsed: 28:00, vertices: 4229, facets final: 2933, pending: 32766, pool: 100
I 1685.46] Elapsed: 28:05, vertices: 4242, facets final: 2968, pending: 32712, pool: 100
I 1690.57] Elapsed: 28:11, vertices: 4256, facets final: 3007, pending: 32668, pool: 100
I 1695.57] Elapsed: 28:16, vertices: 4271, facets final: 3037, pending: 32498, pool: 100
I 1700.60] Elapsed: 28:21, vertices: 4285, facets final: 3067, pending: 32347, pool: 100
I 1705.74] Elapsed: 28:26, vertices: 4296, facets final: 3123, pending: 32159, pool: 100
I 1707.30] recalculating facets...
I 1710.85] Elapsed: 28:31, vertices: 4310, facets final: 3157, pending: 32027, pool: 100
I 1716.01] Elapsed: 28:36, vertices: 4324, facets final: 3201, pending: 31949, pool: 100
I 1721.06] Elapsed: 28:41, vertices: 4336, facets final: 3238, pending: 31871, pool: 100
I 1726.07] Elapsed: 28:46, vertices: 4351, facets final: 3264, pending: 31869, pool: 100
I 1731.10] Elapsed: 28:51, vertices: 4365, facets final: 3297, pending: 31878, pool: 100
I 1736.21] Elapsed: 28:56, vertices: 4377, facets final: 3336, pending: 31894, pool: 100
I 1741.35] Elapsed: 29:01, vertices: 4388, facets final: 3362, pending: 31772, pool: 100
I 1745.78] recalculating facets...
I 1746.44] Elapsed: 29:06, vertices: 4402, facets final: 3406, pending: 31664, pool: 100
I 1751.56] Elapsed: 29:12, vertices: 4416, facets final: 3427, pending: 31603, pool: 100
I 1756.57] Elapsed: 29:17, vertices: 4430, facets final: 3478, pending: 31518, pool: 100
I 1761.60] Elapsed: 29:22, vertices: 4443, facets final: 3504, pending: 31433, pool: 100
I 1766.73] Elapsed: 29:27, vertices: 4458, facets final: 3545, pending: 31363, pool: 100
I 1771.73] Elapsed: 29:32, vertices: 4472, facets final: 3578, pending: 31317, pool: 100
I 1776.73] Elapsed: 29:37, vertices: 4486, facets final: 3624, pending: 31202, pool: 100
I 1781.66] recalculating facets...
I 1781.97] Elapsed: 29:42, vertices: 4501, facets final: 3643, pending: 31148, pool: 100
I 1787.01] Elapsed: 29:47, vertices: 4513, facets final: 3689, pending: 31148, pool: 100
I 1792.03] Elapsed: 29:52, vertices: 4527, facets final: 3716, pending: 31079, pool: 100
I 1797.12] Elapsed: 29:57, vertices: 4540, facets final: 3742, pending: 30963, pool: 100
I 1802.13] Elapsed: 30:02, vertices: 4554, facets final: 3779, pending: 30864, pool: 100
I 1807.27] Elapsed: 30:07, vertices: 4567, facets final: 3828, pending: 30725, pool: 100
I 1812.29] Elapsed: 30:12, vertices: 4581, facets final: 3854, pending: 30642, pool: 100
I 1817.45] Elapsed: 30:17, vertices: 4594, facets final: 3917, pending: 30553, pool: 100
I 1820.01] recalculating facets...
I 1822.51] Elapsed: 30:23, vertices: 4607, facets final: 3951, pending: 30486, pool: 100
I 1827.51] Elapsed: 30:28, vertices: 4621, facets final: 4002, pending: 30386, pool: 100
I 1832.52] Elapsed: 30:33, vertices: 4634, facets final: 4043, pending: 30234, pool: 100
I 1837.57] Elapsed: 30:38, vertices: 4648, facets final: 4074, pending: 30156, pool: 100
I 1842.57] Elapsed: 30:43, vertices: 4664, facets final: 4118, pending: 30070, pool: 100
I 1847.72] Elapsed: 30:48, vertices: 4675, facets final: 4180, pending: 29937, pool: 100
I 1852.72] Elapsed: 30:53, vertices: 4689, facets final: 4214, pending: 29838, pool: 100
I 1856.93] recalculating facets...
I 1857.74] Elapsed: 30:58, vertices: 4702, facets final: 4256, pending: 29824, pool: 100
I 1862.82] Elapsed: 31:03, vertices: 4715, facets final: 4308, pending: 29727, pool: 100
I 1867.85] Elapsed: 31:08, vertices: 4728, facets final: 4347, pending: 29669, pool: 100
I 1872.86] Elapsed: 31:13, vertices: 4741, facets final: 4412, pending: 29525, pool: 100
I 1877.86] Elapsed: 31:18, vertices: 4754, facets final: 4442, pending: 29429, pool: 100
I 1882.92] Elapsed: 31:23, vertices: 4768, facets final: 4488, pending: 29341, pool: 100
I 1887.96] Elapsed: 31:28, vertices: 4782, facets final: 4511, pending: 29269, pool: 100
I 1892.98] Elapsed: 31:33, vertices: 4794, facets final: 4577, pending: 29186, pool: 100
I 1895.80] recalculating facets...
I 1897.99] Elapsed: 31:38, vertices: 4807, facets final: 4619, pending: 29034, pool: 100
I 1903.04] Elapsed: 31:43, vertices: 4819, facets final: 4684, pending: 28901, pool: 100
I 1908.06] Elapsed: 31:48, vertices: 4832, facets final: 4738, pending: 28787, pool: 100
I 1913.14] Elapsed: 31:53, vertices: 4845, facets final: 4787, pending: 28646, pool: 100
I 1918.14] Elapsed: 31:58, vertices: 4857, facets final: 4850, pending: 28507, pool: 100
I 1923.30] Elapsed: 32:03, vertices: 4869, facets final: 4903, pending: 28361, pool: 100
I 1928.31] Elapsed: 32:08, vertices: 4883, facets final: 4956, pending: 28223, pool: 100
I 1933.46] Elapsed: 32:13, vertices: 4898, facets final: 5012, pending: 28086, pool: 100
I 1934.25] recalculating facets...
I 1938.58] Elapsed: 32:19, vertices: 4913, facets final: 5065, pending: 27974, pool: 100
I 1943.68] Elapsed: 32:24, vertices: 4925, facets final: 5144, pending: 27855, pool: 100
I 1948.74] Elapsed: 32:29, vertices: 4939, facets final: 5208, pending: 27706, pool: 100
I 1953.75] Elapsed: 32:34, vertices: 4952, facets final: 5291, pending: 27576, pool: 100
I 1958.77] Elapsed: 32:39, vertices: 4966, facets final: 5356, pending: 27460, pool: 99
I 1963.81] Elapsed: 32:44, vertices: 4983, facets final: 5404, pending: 27420, pool: 100
I 1968.81] Elapsed: 32:49, vertices: 4997, facets final: 5463, pending: 27318, pool: 100
I 1970.20] recalculating facets...
I 1973.81] Elapsed: 32:54, vertices: 5009, facets final: 5530, pending: 27149, pool: 100
I 1978.81] Elapsed: 32:59, vertices: 5021, facets final: 5616, pending: 27004, pool: 100
I 1983.82] Elapsed: 33:04, vertices: 5034, facets final: 5674, pending: 26932, pool: 100
I 1988.82] Elapsed: 33:09, vertices: 5046, facets final: 5744, pending: 26855, pool: 100
I 1993.96] Elapsed: 33:14, vertices: 5058, facets final: 5823, pending: 26699, pool: 100
I 1999.06] Elapsed: 33:19, vertices: 5068, facets final: 5932, pending: 26546, pool: 100
I 2004.09] Elapsed: 33:24, vertices: 5080, facets final: 6015, pending: 26450, pool: 100
I 2009.11] Elapsed: 33:29, vertices: 5093, facets final: 6097, pending: 26298, pool: 100
I 2011.77] recalculating facets...
I 2014.11] Elapsed: 33:34, vertices: 5103, facets final: 6190, pending: 26156, pool: 100
I 2019.12] Elapsed: 33:39, vertices: 5116, facets final: 6257, pending: 26003, pool: 100
I 2024.14] Elapsed: 33:44, vertices: 5132, facets final: 6324, pending: 25853, pool: 100
I 2029.23] Elapsed: 33:49, vertices: 5143, facets final: 6407, pending: 25715, pool: 100
I 2034.27] Elapsed: 33:54, vertices: 5153, facets final: 6481, pending: 25584, pool: 100
I 2039.27] Elapsed: 33:59, vertices: 5167, facets final: 6556, pending: 25493, pool: 100
I 2044.30] Elapsed: 34:04, vertices: 5183, facets final: 6604, pending: 25400, pool: 100
I 2049.30] Elapsed: 34:09, vertices: 5200, facets final: 6653, pending: 25296, pool: 100
I 2049.30] recalculating facets...
I 2054.40] Elapsed: 34:14, vertices: 5213, facets final: 6726, pending: 25202, pool: 100
I 2059.42] Elapsed: 34:19, vertices: 5227, facets final: 6802, pending: 25052, pool: 100
I 2064.50] Elapsed: 34:25, vertices: 5236, facets final: 6907, pending: 24908, pool: 100
I 2069.51] Elapsed: 34:30, vertices: 5247, facets final: 7002, pending: 24794, pool: 100
I 2074.53] Elapsed: 34:35, vertices: 5258, facets final: 7091, pending: 24653, pool: 100
I 2079.65] Elapsed: 34:40, vertices: 5268, facets final: 7193, pending: 24504, pool: 100
I 2084.65] Elapsed: 34:45, vertices: 5281, facets final: 7273, pending: 24332, pool: 100
I 2089.68] Elapsed: 34:50, vertices: 5292, facets final: 7363, pending: 24204, pool: 100
I 2093.22] recalculating facets...
I 2094.68] Elapsed: 34:55, vertices: 5304, facets final: 7444, pending: 24057, pool: 100
I 2099.70] Elapsed: 35:00, vertices: 5316, facets final: 7535, pending: 23961, pool: 100
I 2104.71] Elapsed: 35:05, vertices: 5328, facets final: 7619, pending: 23809, pool: 100
I 2109.73] Elapsed: 35:10, vertices: 5342, facets final: 7700, pending: 23683, pool: 100
I 2114.81] Elapsed: 35:15, vertices: 5354, facets final: 7797, pending: 23578, pool: 100
I 2119.81] Elapsed: 35:20, vertices: 5365, facets final: 7905, pending: 23426, pool: 100
I 2124.83] Elapsed: 35:25, vertices: 5374, facets final: 8020, pending: 23290, pool: 100
I 2129.83] Elapsed: 35:30, vertices: 5386, facets final: 8107, pending: 23162, pool: 100
I 2134.83] Elapsed: 35:35, vertices: 5396, facets final: 8212, pending: 23042, pool: 100
I 2136.98] recalculating facets...
I 2139.85] Elapsed: 35:40, vertices: 5406, facets final: 8313, pending: 22906, pool: 100
I 2144.95] Elapsed: 35:45, vertices: 5415, facets final: 8432, pending: 22740, pool: 100
I 2149.96] Elapsed: 35:50, vertices: 5424, facets final: 8563, pending: 22591, pool: 100
I 2155.09] Elapsed: 35:55, vertices: 5431, facets final: 8685, pending: 22446, pool: 100
I 2160.11] Elapsed: 36:00, vertices: 5442, facets final: 8796, pending: 22300, pool: 100
I 2165.12] Elapsed: 36:05, vertices: 5448, facets final: 8944, pending: 22134, pool: 100
I 2170.13] Elapsed: 36:10, vertices: 5458, facets final: 9052, pending: 21988, pool: 100
I 2175.13] Elapsed: 36:15, vertices: 5466, facets final: 9176, pending: 21828, pool: 99
I 2180.13] Elapsed: 36:20, vertices: 5476, facets final: 9280, pending: 21699, pool: 99
I 2185.14] Elapsed: 36:25, vertices: 5485, facets final: 9388, pending: 21539, pool: 100
I 2190.17] Elapsed: 36:30, vertices: 5493, facets final: 9523, pending: 21371, pool: 100
I 2195.17] Elapsed: 36:35, vertices: 5499, facets final: 9651, pending: 21216, pool: 100
I 2195.70] recalculating facets...
I 2200.17] Elapsed: 36:40, vertices: 5510, facets final: 9738, pending: 21099, pool: 100
I 2205.17] Elapsed: 36:45, vertices: 5519, facets final: 9861, pending: 20964, pool: 98
I 2210.18] Elapsed: 36:50, vertices: 5527, facets final: 9982, pending: 20837, pool: 100
I 2215.19] Elapsed: 36:55, vertices: 5534, facets final: 10119, pending: 20684, pool: 99
I 2220.21] Elapsed: 37:00, vertices: 5541, facets final: 10248, pending: 20528, pool: 100
I 2225.32] Elapsed: 37:05, vertices: 5549, facets final: 10372, pending: 20393, pool: 100
I 2230.32] Elapsed: 37:10, vertices: 5559, facets final: 10482, pending: 20273, pool: 100
I 2235.33] Elapsed: 37:15, vertices: 5568, facets final: 10609, pending: 20118, pool: 100
I 2240.36] Elapsed: 37:20, vertices: 5577, facets final: 10734, pending: 19998, pool: 100
I 2245.37] Elapsed: 37:25, vertices: 5586, facets final: 10857, pending: 19873, pool: 100
I 2250.37] Elapsed: 37:30, vertices: 5593, facets final: 10994, pending: 19729, pool: 100
I 2255.25] recalculating facets...
I 2255.47] Elapsed: 37:35, vertices: 5601, facets final: 11119, pending: 19586, pool: 100
I 2260.48] Elapsed: 37:40, vertices: 5605, facets final: 11281, pending: 19404, pool: 100
I 2265.48] Elapsed: 37:45, vertices: 5609, facets final: 11446, pending: 19227, pool: 99
I 2270.50] Elapsed: 37:51, vertices: 5615, facets final: 11590, pending: 19069, pool: 100
I 2275.51] Elapsed: 37:56, vertices: 5622, facets final: 11723, pending: 18913, pool: 99
I 2280.52] Elapsed: 38:01, vertices: 5627, facets final: 11872, pending: 18744, pool: 100
I 2285.63] Elapsed: 38:06, vertices: 5633, facets final: 12016, pending: 18586, pool: 100
I 2290.63] Elapsed: 38:11, vertices: 5642, facets final: 12137, pending: 18432, pool: 99
I 2295.64] Elapsed: 38:16, vertices: 5650, facets final: 12265, pending: 18287, pool: 99
I 2300.64] Elapsed: 38:21, vertices: 5658, facets final: 12393, pending: 18147, pool: 100
I 2305.64] Elapsed: 38:26, vertices: 5667, facets final: 12516, pending: 18004, pool: 100
I 2310.66] Elapsed: 38:31, vertices: 5671, facets final: 12681, pending: 17830, pool: 99
I 2315.78] Elapsed: 38:36, vertices: 5677, facets final: 12824, pending: 17664, pool: 100
I 2320.80] Elapsed: 38:41, vertices: 5684, facets final: 12962, pending: 17504, pool: 100
I 2325.83] Elapsed: 38:46, vertices: 5690, facets final: 13112, pending: 17354, pool: 99
I 2330.84] Elapsed: 38:51, vertices: 5694, facets final: 13277, pending: 17179, pool: 100
I 2334.51] recalculating facets...
I 2335.87] Elapsed: 38:56, vertices: 5702, facets final: 13402, pending: 17045, pool: 100
I 2340.89] Elapsed: 39:01, vertices: 5709, facets final: 13537, pending: 16879, pool: 99
I 2345.89] Elapsed: 39:06, vertices: 5716, facets final: 13667, pending: 16743, pool: 100
I 2350.90] Elapsed: 39:11, vertices: 5722, facets final: 13808, pending: 16584, pool: 100
I 2355.90] Elapsed: 39:16, vertices: 5725, facets final: 13975, pending: 16409, pool: 98
I 2360.92] Elapsed: 39:21, vertices: 5730, facets final: 14123, pending: 16254, pool: 99
I 2365.96] Elapsed: 39:26, vertices: 5735, facets final: 14266, pending: 16095, pool: 100
I 2370.97] Elapsed: 39:31, vertices: 5742, facets final: 14414, pending: 15929, pool: 100
I 2376.08] Elapsed: 39:36, vertices: 5748, facets final: 14555, pending: 15775, pool: 100
I 2381.08] Elapsed: 39:41, vertices: 5752, facets final: 14723, pending: 15598, pool: 100
I 2386.09] Elapsed: 39:46, vertices: 5760, facets final: 14848, pending: 15473, pool: 99
I 2391.09] Elapsed: 39:51, vertices: 5763, facets final: 15016, pending: 15298, pool: 99
I 2396.10] Elapsed: 39:56, vertices: 5767, facets final: 15183, pending: 15124, pool: 99
I 2401.14] Elapsed: 40:01, vertices: 5773, facets final: 15332, pending: 14955, pool: 99
I 2406.15] Elapsed: 40:06, vertices: 5776, facets final: 15503, pending: 14789, pool: 99
I 2411.16] Elapsed: 40:11, vertices: 5782, facets final: 15650, pending: 14641, pool: 100
I 2416.21] Elapsed: 40:16, vertices: 5788, facets final: 15793, pending: 14477, pool: 98
I 2421.21] Elapsed: 40:21, vertices: 5793, facets final: 15952, pending: 14310, pool: 100
I 2426.24] Elapsed: 40:26, vertices: 5796, facets final: 16127, pending: 14129, pool: 99
I 2431.16] recalculating facets...
I 2431.37] Elapsed: 40:31, vertices: 5801, facets final: 16275, pending: 13974, pool: 97
I 2436.39] Elapsed: 40:36, vertices: 5802, facets final: 16460, pending: 13779, pool: 97
I 2441.40] Elapsed: 40:41, vertices: 5805, facets final: 16623, pending: 13605, pool: 99
I 2446.55] Elapsed: 40:47, vertices: 5813, facets final: 16755, pending: 13453, pool: 100
I 2451.57] Elapsed: 40:52, vertices: 5819, facets final: 16908, pending: 13285, pool: 98
I 2456.58] Elapsed: 40:57, vertices: 5822, facets final: 17075, pending: 13106, pool: 98
I 2461.59] Elapsed: 41:02, vertices: 5823, facets final: 17260, pending: 12919, pool: 97
I 2466.66] Elapsed: 41:07, vertices: 5828, facets final: 17409, pending: 12751, pool: 99
I 2471.66] Elapsed: 41:12, vertices: 5833, facets final: 17575, pending: 12573, pool: 99
I 2476.67] Elapsed: 41:17, vertices: 5836, facets final: 17743, pending: 12407, pool: 98
I 2481.68] Elapsed: 41:22, vertices: 5839, facets final: 17913, pending: 12236, pool: 96
I 2486.69] Elapsed: 41:27, vertices: 5844, facets final: 18066, pending: 12070, pool: 99
I 2491.69] Elapsed: 41:32, vertices: 5847, facets final: 18234, pending: 11891, pool: 99
I 2496.76] Elapsed: 41:37, vertices: 5855, facets final: 18359, pending: 11755, pool: 100
I 2501.76] Elapsed: 41:42, vertices: 5861, facets final: 18509, pending: 11584, pool: 100
I 2506.78] Elapsed: 41:47, vertices: 5868, facets final: 18650, pending: 11424, pool: 99
I 2511.79] Elapsed: 41:52, vertices: 5871, facets final: 18823, pending: 11245, pool: 99
I 2516.79] Elapsed: 41:57, vertices: 5876, facets final: 18976, pending: 11089, pool: 98
I 2521.81] Elapsed: 42:02, vertices: 5879, facets final: 19148, pending: 10916, pool: 98
I 2526.83] Elapsed: 42:07, vertices: 5882, facets final: 19323, pending: 10734, pool: 98
I 2531.91] Elapsed: 42:12, vertices: 5889, facets final: 19460, pending: 10584, pool: 98
I 2536.92] Elapsed: 42:17, vertices: 5894, facets final: 19628, pending: 10396, pool: 98
I 2541.92] Elapsed: 42:22, vertices: 5898, facets final: 19799, pending: 10228, pool: 98
I 2545.59] recalculating facets...
I 2546.93] Elapsed: 42:27, vertices: 5902, facets final: 19942, pending: 10076, pool: 99
I 2551.93] Elapsed: 42:32, vertices: 5906, facets final: 20111, pending: 9907, pool: 96
I 2556.95] Elapsed: 42:37, vertices: 5909, facets final: 20279, pending: 9722, pool: 99
I 2561.97] Elapsed: 42:42, vertices: 5913, facets final: 20445, pending: 9549, pool: 96
I 2566.97] Elapsed: 42:47, vertices: 5915, facets final: 20627, pending: 9364, pool: 95
I 2571.99] Elapsed: 42:52, vertices: 5917, facets final: 20804, pending: 9184, pool: 96
I 2576.99] Elapsed: 42:57, vertices: 5920, facets final: 20977, pending: 9008, pool: 94
I 2582.08] Elapsed: 43:02, vertices: 5922, facets final: 21145, pending: 8836, pool: 95
I 2587.11] Elapsed: 43:07, vertices: 5926, facets final: 21314, pending: 8659, pool: 96
I 2592.13] Elapsed: 43:12, vertices: 5930, facets final: 21493, pending: 8472, pool: 94
I 2597.22] Elapsed: 43:17, vertices: 5932, facets final: 21663, pending: 8298, pool: 94
I 2602.24] Elapsed: 43:22, vertices: 5934, facets final: 21845, pending: 8112, pool: 93
I 2607.24] Elapsed: 43:27, vertices: 5937, facets final: 22018, pending: 7933, pool: 93
I 2612.27] Elapsed: 43:32, vertices: 5938, facets final: 22213, pending: 7737, pool: 93
I 2617.27] Elapsed: 43:37, vertices: 5941, facets final: 22382, pending: 7565, pool: 96
I 2622.27] Elapsed: 43:42, vertices: 5944, facets final: 22550, pending: 7393, pool: 96
I 2627.27] Elapsed: 43:47, vertices: 5946, facets final: 22734, pending: 7205, pool: 94
I 2632.27] Elapsed: 43:52, vertices: 5948, facets final: 22909, pending: 7026, pool: 95
I 2637.28] Elapsed: 43:57, vertices: 5950, facets final: 23096, pending: 6836, pool: 94
I 2642.31] Elapsed: 44:02, vertices: 5952, facets final: 23269, pending: 6657, pool: 95
I 2647.32] Elapsed: 44:07, vertices: 5954, facets final: 23450, pending: 6472, pool: 94
I 2652.34] Elapsed: 44:12, vertices: 5956, facets final: 23624, pending: 6297, pool: 93
I 2657.38] Elapsed: 44:17, vertices: 5959, facets final: 23803, pending: 6115, pool: 90
I 2662.39] Elapsed: 44:22, vertices: 5961, facets final: 23990, pending: 5926, pool: 89
I 2667.41] Elapsed: 44:27, vertices: 5963, facets final: 24170, pending: 5745, pool: 90
I 2672.41] Elapsed: 44:32, vertices: 5965, facets final: 24354, pending: 5559, pool: 89
I 2677.43] Elapsed: 44:37, vertices: 5968, facets final: 24522, pending: 5388, pool: 88
I 2682.43] Elapsed: 44:42, vertices: 5969, facets final: 24715, pending: 5194, pool: 87
I 2687.44] Elapsed: 44:47, vertices: 5971, facets final: 24890, pending: 5014, pool: 87
I 2692.45] Elapsed: 44:52, vertices: 5973, facets final: 25067, pending: 4834, pool: 88
I 2697.46] Elapsed: 44:57, vertices: 5975, facets final: 25250, pending: 4648, pool: 88
I 2702.47] Elapsed: 45:02, vertices: 5977, facets final: 25427, pending: 4464, pool: 89
I 2707.47] Elapsed: 45:07, vertices: 5979, facets final: 25601, pending: 4286, pool: 92
I 2712.48] Elapsed: 45:12, vertices: 5983, facets final: 25763, pending: 4116, pool: 92
I 2717.49] Elapsed: 45:17, vertices: 5986, facets final: 25937, pending: 3937, pool: 89
I 2722.58] Elapsed: 45:23, vertices: 5988, facets final: 26113, pending: 3759, pool: 87
I 2727.60] Elapsed: 45:28, vertices: 5992, facets final: 26296, pending: 3574, pool: 84
I 2732.62] Elapsed: 45:33, vertices: 5994, facets final: 26477, pending: 3390, pool: 84
I 2737.64] Elapsed: 45:38, vertices: 5996, facets final: 26656, pending: 3207, pool: 83
I 2742.65] Elapsed: 45:43, vertices: 5999, facets final: 26832, pending: 3027, pool: 81
I 2746.26] recalculating facets...
I 2747.65] Elapsed: 45:48, vertices: 6001, facets final: 27013, pending: 2842, pool: 85
I 2752.76] Elapsed: 45:53, vertices: 6004, facets final: 27185, pending: 2664, pool: 84
I 2757.76] Elapsed: 45:58, vertices: 6007, facets final: 27367, pending: 2479, pool: 82
I 2762.77] Elapsed: 46:03, vertices: 6011, facets final: 27543, pending: 2299, pool: 80
I 2767.83] Elapsed: 46:08, vertices: 6014, facets final: 27721, pending: 2117, pool: 78
I 2772.84] Elapsed: 46:13, vertices: 6018, facets final: 27893, pending: 1940, pool: 76
I 2777.86] Elapsed: 46:18, vertices: 6022, facets final: 28064, pending: 1766, pool: 72
I 2782.86] Elapsed: 46:23, vertices: 6026, facets final: 28237, pending: 1588, pool: 70
I 2787.88] Elapsed: 46:28, vertices: 6030, facets final: 28403, pending: 1418, pool: 69
I 2792.89] Elapsed: 46:33, vertices: 6035, facets final: 28563, pending: 1255, pool: 66
I 2797.90] Elapsed: 46:38, vertices: 6042, facets final: 28729, pending: 1083, pool: 61
I 2802.91] Elapsed: 46:43, vertices: 6047, facets final: 28900, pending: 907, pool: 57
I 2807.92] Elapsed: 46:48, vertices: 6054, facets final: 29053, pending: 747, pool: 52
I 2812.93] Elapsed: 46:53, vertices: 6063, facets final: 29213, pending: 579, pool: 44
I 2817.98] Elapsed: 46:58, vertices: 6072, facets final: 29370, pending: 414, pool: 38
I 2823.15] Elapsed: 47:03, vertices: 6091, facets final: 29501, pending: 261, pool: 29
I 2824.50] recalculating facets...
I 2828.17] Elapsed: 47:08, vertices: 6126, facets final: 29633, pending: 93, pool: 2
I 2830.62] Elapsed: 47:11, vertices: 6145, facets final: 29702, pending: 0

--------------------------------
Problem completed
 name                    11.vlp
 output                  vlp/11.res
 rows, cols, objs        80, 3595, 10
 vertices, facets        6145, 29702
 total time              47:11
--------------------------------
Statistics
LP:
 oracle calls            36124
   avg iterations/calls  48.18
 total oracle time       15:33
Combinatorics:
 vertices added          6145
 facets probed           45854
 facets # max            41075
 memory allocated        83.38M
 storage expansion
   vertices # / upto     49 / 6268
   facets   # / upto     11 / 45052
 facet manipulating
   added avg / max       77.18 / 1.07k
   compressed            324
 number of ridge tests
   avg / max             2.26M / 33.73M
--------------------------------
Parameters with non-default values
 VertexPoolSize = 100
