C copy string: rs=ac:bd;t=d:abs;u=t:adr;ar,br,cr,d;ar,br,c,dr; ineq: base30.txt
I    5.00] Elapsed: 5.00, vertices: 15, facets final: 6, pending: 350
I   10.01] Elapsed: 10.01, vertices: 24, facets final: 7, pending: 783, pool: 12
I   15.02] Elapsed: 15.02, vertices: 30, facets final: 7, pending: 1335, pool: 28
I   21.74] Elapsed: 21.74, vertices: 37, facets final: 8, pending: 1949, pool: 51
I   27.38] Elapsed: 27.38, vertices: 44, facets final: 9, pending: 2505, pool: 70
I   32.81] Elapsed: 32.81, vertices: 55, facets final: 10, pending: 3759, pool: 82
I   37.82] Elapsed: 37.82, vertices: 65, facets final: 10, pending: 5670, pool: 99
I   42.93] Elapsed: 42.93, vertices: 84, facets final: 10, pending: 8087, pool: 100
I   48.09] Elapsed: 48.09, vertices: 100, facets final: 11, pending: 11815, pool: 99
I   48.09] recalculating facets...
I   53.48] Elapsed: 53.48, vertices: 116, facets final: 11, pending: 14864, pool: 100
I   58.56] Elapsed: 58.56, vertices: 133, facets final: 11, pending: 16962, pool: 100
I   63.62] Elapsed: 1:04, vertices: 146, facets final: 13, pending: 17988, pool: 100
I   68.68] Elapsed: 1:09, vertices: 161, facets final: 13, pending: 18903, pool: 100
I   73.87] Elapsed: 1:14, vertices: 175, facets final: 14, pending: 19833, pool: 100
I   79.06] Elapsed: 1:19, vertices: 188, facets final: 16, pending: 20187, pool: 100
I   83.53] recalculating facets...
I   84.07] Elapsed: 1:24, vertices: 201, facets final: 16, pending: 22027, pool: 100
I   89.22] Elapsed: 1:29, vertices: 213, facets final: 19, pending: 22992, pool: 100
I   94.35] Elapsed: 1:34, vertices: 226, facets final: 21, pending: 24029, pool: 100
I   99.40] Elapsed: 1:39, vertices: 239, facets final: 23, pending: 24113, pool: 100
I  104.57] Elapsed: 1:45, vertices: 249, facets final: 25, pending: 23768, pool: 100
I  109.68] Elapsed: 1:50, vertices: 261, facets final: 26, pending: 24725, pool: 100
I  114.84] Elapsed: 1:55, vertices: 271, facets final: 28, pending: 24196, pool: 100
I  119.99] Elapsed: 2:00, vertices: 283, facets final: 31, pending: 24570, pool: 100
I  125.04] Elapsed: 2:05, vertices: 294, facets final: 33, pending: 24766, pool: 100
I  127.80] recalculating facets...
I  130.12] Elapsed: 2:10, vertices: 305, facets final: 34, pending: 24804, pool: 100
I  135.20] Elapsed: 2:15, vertices: 316, facets final: 36, pending: 25564, pool: 100
I  140.34] Elapsed: 2:20, vertices: 328, facets final: 37, pending: 26074, pool: 100
I  145.40] Elapsed: 2:25, vertices: 340, facets final: 40, pending: 25414, pool: 100
I  150.43] Elapsed: 2:30, vertices: 352, facets final: 41, pending: 25728, pool: 100
I  155.59] Elapsed: 2:36, vertices: 365, facets final: 44, pending: 26064, pool: 100
I  160.68] Elapsed: 2:41, vertices: 376, facets final: 47, pending: 26476, pool: 100
I  165.79] Elapsed: 2:46, vertices: 387, facets final: 48, pending: 26772, pool: 100
I  170.86] Elapsed: 2:51, vertices: 397, facets final: 48, pending: 27235, pool: 100
I  171.93] recalculating facets...
I  175.92] Elapsed: 2:56, vertices: 410, facets final: 51, pending: 27376, pool: 100
I  180.96] Elapsed: 3:01, vertices: 420, facets final: 54, pending: 27204, pool: 100
I  186.03] Elapsed: 3:06, vertices: 431, facets final: 55, pending: 26877, pool: 100
I  191.12] Elapsed: 3:11, vertices: 443, facets final: 57, pending: 27060, pool: 100
I  196.12] Elapsed: 3:16, vertices: 456, facets final: 60, pending: 27686, pool: 99
I  201.17] Elapsed: 3:21, vertices: 467, facets final: 63, pending: 27719, pool: 100
I  206.42] Elapsed: 3:26, vertices: 479, facets final: 67, pending: 27981, pool: 100
I  211.44] Elapsed: 3:31, vertices: 490, facets final: 70, pending: 27828, pool: 100
I  215.85] recalculating facets...
I  216.53] Elapsed: 3:37, vertices: 502, facets final: 70, pending: 27462, pool: 100
I  221.54] Elapsed: 3:42, vertices: 513, facets final: 72, pending: 27079, pool: 99
I  226.67] Elapsed: 3:47, vertices: 523, facets final: 77, pending: 27019, pool: 100
I  231.84] Elapsed: 3:52, vertices: 533, facets final: 80, pending: 26802, pool: 100
I  237.07] Elapsed: 3:57, vertices: 544, facets final: 80, pending: 27404, pool: 100
I  242.07] Elapsed: 4:02, vertices: 555, facets final: 80, pending: 27242, pool: 100
I  247.13] Elapsed: 4:07, vertices: 565, facets final: 83, pending: 27066, pool: 100
I  252.39] Elapsed: 4:12, vertices: 575, facets final: 89, pending: 27251, pool: 100
I  257.46] Elapsed: 4:17, vertices: 586, facets final: 90, pending: 27133, pool: 100
I  262.48] Elapsed: 4:22, vertices: 597, facets final: 92, pending: 27243, pool: 100
I  264.42] recalculating facets...
I  267.81] Elapsed: 4:28, vertices: 608, facets final: 94, pending: 27589, pool: 100
I  273.00] Elapsed: 4:33, vertices: 620, facets final: 94, pending: 27971, pool: 100
I  278.15] Elapsed: 4:38, vertices: 634, facets final: 97, pending: 28059, pool: 100
I  283.32] Elapsed: 4:43, vertices: 643, facets final: 103, pending: 28271, pool: 100
I  288.35] Elapsed: 4:48, vertices: 653, facets final: 105, pending: 28646, pool: 100
I  293.37] Elapsed: 4:53, vertices: 664, facets final: 107, pending: 29281, pool: 100
I  298.49] Elapsed: 4:58, vertices: 674, facets final: 110, pending: 29420, pool: 100
I  303.58] Elapsed: 5:04, vertices: 686, facets final: 110, pending: 29219, pool: 100
I  308.79] Elapsed: 5:09, vertices: 697, facets final: 111, pending: 29620, pool: 100
I  310.84] recalculating facets...
I  313.83] Elapsed: 5:14, vertices: 706, facets final: 115, pending: 29570, pool: 100
I  319.09] Elapsed: 5:19, vertices: 716, facets final: 118, pending: 29988, pool: 100
I  324.11] Elapsed: 5:24, vertices: 727, facets final: 122, pending: 29824, pool: 100
I  329.16] Elapsed: 5:29, vertices: 737, facets final: 129, pending: 29811, pool: 99
I  334.45] Elapsed: 5:34, vertices: 747, facets final: 132, pending: 29796, pool: 100
I  339.51] Elapsed: 5:40, vertices: 756, facets final: 133, pending: 30088, pool: 100
I  344.56] Elapsed: 5:45, vertices: 767, facets final: 135, pending: 30047, pool: 99
I  349.60] Elapsed: 5:50, vertices: 775, facets final: 141, pending: 29945, pool: 100
I  354.69] Elapsed: 5:55, vertices: 785, facets final: 147, pending: 30066, pool: 100
I  359.72] Elapsed: 6:00, vertices: 796, facets final: 152, pending: 29914, pool: 99
I  362.38] recalculating facets...
I  364.89] Elapsed: 6:05, vertices: 806, facets final: 156, pending: 29914, pool: 100
I  370.13] Elapsed: 6:10, vertices: 817, facets final: 159, pending: 30077, pool: 100
I  375.13] Elapsed: 6:15, vertices: 826, facets final: 165, pending: 30462, pool: 100
I  380.34] Elapsed: 6:20, vertices: 836, facets final: 170, pending: 30419, pool: 100
I  385.34] Elapsed: 6:25, vertices: 848, facets final: 171, pending: 30290, pool: 100
I  390.54] Elapsed: 6:31, vertices: 858, facets final: 174, pending: 30172, pool: 100
I  395.76] Elapsed: 6:36, vertices: 868, facets final: 176, pending: 30584, pool: 100
I  400.82] Elapsed: 6:41, vertices: 879, facets final: 179, pending: 30485, pool: 100
I  405.88] Elapsed: 6:46, vertices: 888, facets final: 182, pending: 30585, pool: 100
I  410.98] Elapsed: 6:51, vertices: 899, facets final: 186, pending: 30374, pool: 100
I  411.60] recalculating facets...
I  416.22] Elapsed: 6:56, vertices: 910, facets final: 188, pending: 30749, pool: 100
I  421.51] Elapsed: 7:02, vertices: 918, facets final: 192, pending: 30878, pool: 100
I  426.97] Elapsed: 7:07, vertices: 929, facets final: 194, pending: 30592, pool: 100
I  432.26] Elapsed: 7:12, vertices: 940, facets final: 197, pending: 30641, pool: 100
I  437.43] Elapsed: 7:17, vertices: 949, facets final: 198, pending: 30816, pool: 100
I  442.46] Elapsed: 7:22, vertices: 960, facets final: 201, pending: 30900, pool: 100
I  447.51] Elapsed: 7:28, vertices: 969, facets final: 202, pending: 30455, pool: 100
I  452.56] Elapsed: 7:33, vertices: 980, facets final: 204, pending: 30315, pool: 100
I  457.64] Elapsed: 7:38, vertices: 989, facets final: 209, pending: 30505, pool: 100
I  462.83] Elapsed: 7:43, vertices: 999, facets final: 212, pending: 30644, pool: 100
I  463.73] recalculating facets...
I  467.91] Elapsed: 7:48, vertices: 1009, facets final: 216, pending: 30423, pool: 100
I  473.16] Elapsed: 7:53, vertices: 1021, facets final: 216, pending: 30065, pool: 100
I  478.17] Elapsed: 7:58, vertices: 1029, facets final: 224, pending: 29609, pool: 99
I  483.21] Elapsed: 8:03, vertices: 1038, facets final: 229, pending: 29594, pool: 100
I  488.34] Elapsed: 8:08, vertices: 1046, facets final: 233, pending: 29560, pool: 100
I  493.37] Elapsed: 8:13, vertices: 1055, facets final: 237, pending: 29633, pool: 99
I  498.38] Elapsed: 8:18, vertices: 1065, facets final: 243, pending: 29886, pool: 100
I  503.39] Elapsed: 8:23, vertices: 1076, facets final: 248, pending: 29744, pool: 100
I  508.66] Elapsed: 8:29, vertices: 1086, facets final: 252, pending: 29819, pool: 100
I  513.73] Elapsed: 8:34, vertices: 1096, facets final: 258, pending: 29774, pool: 100
I  516.28] recalculating facets...
I  518.87] Elapsed: 8:39, vertices: 1104, facets final: 262, pending: 29660, pool: 100
I  523.91] Elapsed: 8:44, vertices: 1114, facets final: 265, pending: 29665, pool: 100
I  529.21] Elapsed: 8:49, vertices: 1124, facets final: 269, pending: 29644, pool: 100
I  534.37] Elapsed: 8:54, vertices: 1135, facets final: 275, pending: 29825, pool: 100
I  539.45] Elapsed: 8:59, vertices: 1146, facets final: 279, pending: 29794, pool: 100
I  544.55] Elapsed: 9:05, vertices: 1156, facets final: 285, pending: 29731, pool: 100
I  549.72] Elapsed: 9:10, vertices: 1166, facets final: 291, pending: 29508, pool: 100
I  554.74] Elapsed: 9:15, vertices: 1177, facets final: 293, pending: 29612, pool: 100
I  559.82] Elapsed: 9:20, vertices: 1187, facets final: 296, pending: 29560, pool: 100
I  564.87] Elapsed: 9:25, vertices: 1196, facets final: 304, pending: 29504, pool: 100
I  566.77] recalculating facets...
I  570.18] Elapsed: 9:30, vertices: 1207, facets final: 310, pending: 29319, pool: 100
I  575.26] Elapsed: 9:35, vertices: 1217, facets final: 317, pending: 29369, pool: 100
I  580.37] Elapsed: 9:40, vertices: 1228, facets final: 322, pending: 29748, pool: 100
I  585.45] Elapsed: 9:45, vertices: 1237, facets final: 326, pending: 29665, pool: 100
I  590.45] Elapsed: 9:50, vertices: 1245, facets final: 331, pending: 29860, pool: 100
I  595.80] Elapsed: 9:56, vertices: 1256, facets final: 335, pending: 29603, pool: 98
I  600.99] Elapsed: 10:01, vertices: 1265, facets final: 339, pending: 29739, pool: 100
I  606.06] Elapsed: 10:06, vertices: 1273, facets final: 350, pending: 29798, pool: 100
I  611.15] Elapsed: 10:11, vertices: 1283, facets final: 355, pending: 29867, pool: 100
I  616.17] Elapsed: 10:16, vertices: 1292, facets final: 361, pending: 29751, pool: 100
I  621.31] Elapsed: 10:21, vertices: 1300, facets final: 369, pending: 29821, pool: 100
I  621.57] recalculating facets...
I  626.46] Elapsed: 10:26, vertices: 1309, facets final: 373, pending: 29680, pool: 100
I  631.50] Elapsed: 10:32, vertices: 1320, facets final: 378, pending: 29815, pool: 100
I  636.50] Elapsed: 10:37, vertices: 1327, facets final: 386, pending: 29563, pool: 100
I  641.71] Elapsed: 10:42, vertices: 1336, facets final: 390, pending: 29260, pool: 99
I  646.87] Elapsed: 10:47, vertices: 1347, facets final: 391, pending: 29386, pool: 100
I  652.05] Elapsed: 10:52, vertices: 1356, facets final: 398, pending: 29480, pool: 100
I  657.18] Elapsed: 10:57, vertices: 1365, facets final: 404, pending: 29204, pool: 100
I  662.28] Elapsed: 11:02, vertices: 1374, facets final: 412, pending: 29160, pool: 100
I  667.33] Elapsed: 11:07, vertices: 1384, facets final: 417, pending: 28941, pool: 100
I  672.36] Elapsed: 11:12, vertices: 1395, facets final: 422, pending: 29284, pool: 99
I  676.73] recalculating facets...
I  677.60] Elapsed: 11:18, vertices: 1402, facets final: 432, pending: 29208, pool: 100
I  682.65] Elapsed: 11:23, vertices: 1412, facets final: 437, pending: 29214, pool: 100
I  687.78] Elapsed: 11:28, vertices: 1422, facets final: 444, pending: 29191, pool: 100
I  692.78] Elapsed: 11:33, vertices: 1433, facets final: 451, pending: 28840, pool: 100
I  697.87] Elapsed: 11:38, vertices: 1442, facets final: 455, pending: 28918, pool: 100
I  702.90] Elapsed: 11:43, vertices: 1452, facets final: 462, pending: 28769, pool: 100
I  708.10] Elapsed: 11:48, vertices: 1462, facets final: 467, pending: 28818, pool: 100
I  713.25] Elapsed: 11:53, vertices: 1471, facets final: 474, pending: 28507, pool: 100
I  718.26] Elapsed: 11:58, vertices: 1481, facets final: 479, pending: 28419, pool: 100
I  723.34] Elapsed: 12:03, vertices: 1488, facets final: 491, pending: 28369, pool: 100
I  728.42] Elapsed: 12:08, vertices: 1498, facets final: 497, pending: 28304, pool: 100
I  729.47] recalculating facets...
I  733.46] Elapsed: 12:13, vertices: 1508, facets final: 500, pending: 28225, pool: 100
I  738.56] Elapsed: 12:19, vertices: 1518, facets final: 504, pending: 28010, pool: 100
I  743.56] Elapsed: 12:24, vertices: 1528, facets final: 511, pending: 27908, pool: 100
I  748.57] Elapsed: 12:29, vertices: 1537, facets final: 518, pending: 27951, pool: 100
I  753.63] Elapsed: 12:34, vertices: 1545, facets final: 526, pending: 27966, pool: 100
I  758.80] Elapsed: 12:39, vertices: 1554, facets final: 532, pending: 27888, pool: 100
I  764.06] Elapsed: 12:44, vertices: 1564, facets final: 541, pending: 27725, pool: 100
I  769.12] Elapsed: 12:49, vertices: 1573, facets final: 551, pending: 27848, pool: 100
I  774.25] Elapsed: 12:54, vertices: 1584, facets final: 554, pending: 27586, pool: 100
I  779.38] Elapsed: 12:59, vertices: 1593, facets final: 564, pending: 27623, pool: 100
I  783.09] recalculating facets...
I  784.42] Elapsed: 13:04, vertices: 1603, facets final: 569, pending: 27575, pool: 100
I  789.58] Elapsed: 13:10, vertices: 1611, facets final: 580, pending: 27657, pool: 100
I  794.71] Elapsed: 13:15, vertices: 1621, facets final: 584, pending: 27645, pool: 100
I  800.09] Elapsed: 13:20, vertices: 1631, facets final: 590, pending: 27600, pool: 100
I  805.15] Elapsed: 13:25, vertices: 1639, facets final: 599, pending: 27476, pool: 100
I  810.16] Elapsed: 13:30, vertices: 1648, facets final: 612, pending: 27402, pool: 100
I  815.20] Elapsed: 13:35, vertices: 1657, facets final: 622, pending: 27458, pool: 100
I  820.39] Elapsed: 13:40, vertices: 1668, facets final: 630, pending: 27325, pool: 100
I  825.40] Elapsed: 13:45, vertices: 1679, facets final: 637, pending: 27206, pool: 100
I  830.49] Elapsed: 13:50, vertices: 1688, facets final: 643, pending: 27241, pool: 100
I  835.78] Elapsed: 13:56, vertices: 1697, facets final: 652, pending: 27084, pool: 100
I  837.40] recalculating facets...
I  840.97] Elapsed: 14:01, vertices: 1706, facets final: 657, pending: 26700, pool: 100
I  846.00] Elapsed: 14:06, vertices: 1715, facets final: 670, pending: 26483, pool: 100
I  851.25] Elapsed: 14:11, vertices: 1723, facets final: 685, pending: 26517, pool: 100
I  856.25] Elapsed: 14:16, vertices: 1735, facets final: 691, pending: 26436, pool: 100
I  861.27] Elapsed: 14:21, vertices: 1744, facets final: 701, pending: 26260, pool: 100
I  866.30] Elapsed: 14:26, vertices: 1753, facets final: 710, pending: 26226, pool: 100
I  871.32] Elapsed: 14:31, vertices: 1762, facets final: 719, pending: 26081, pool: 100
I  876.43] Elapsed: 14:36, vertices: 1772, facets final: 725, pending: 26011, pool: 99
I  881.46] Elapsed: 14:41, vertices: 1781, facets final: 732, pending: 25735, pool: 100
I  886.59] Elapsed: 14:47, vertices: 1791, facets final: 741, pending: 25542, pool: 100
I  891.59] Elapsed: 14:52, vertices: 1799, facets final: 755, pending: 25524, pool: 100
I  892.98] recalculating facets...
I  896.87] Elapsed: 14:57, vertices: 1806, facets final: 766, pending: 25374, pool: 100
I  901.88] Elapsed: 15:02, vertices: 1815, facets final: 777, pending: 25259, pool: 100
I  906.91] Elapsed: 15:07, vertices: 1824, facets final: 787, pending: 25256, pool: 100
I  911.92] Elapsed: 15:12, vertices: 1837, facets final: 790, pending: 25149, pool: 100
I  916.95] Elapsed: 15:17, vertices: 1845, facets final: 804, pending: 25076, pool: 100
I  921.96] Elapsed: 15:22, vertices: 1856, facets final: 811, pending: 24721, pool: 100
I  927.00] Elapsed: 15:27, vertices: 1862, facets final: 832, pending: 24613, pool: 100
I  932.00] Elapsed: 15:32, vertices: 1872, facets final: 839, pending: 24638, pool: 100
I  937.07] Elapsed: 15:37, vertices: 1881, facets final: 852, pending: 24426, pool: 100
I  942.28] Elapsed: 15:42, vertices: 1892, facets final: 860, pending: 24309, pool: 100
I  947.49] Elapsed: 15:47, vertices: 1900, facets final: 876, pending: 24230, pool: 100
I  947.49] recalculating facets...
I  952.60] Elapsed: 15:53, vertices: 1908, facets final: 887, pending: 24014, pool: 100
I  957.60] Elapsed: 15:58, vertices: 1919, facets final: 895, pending: 24034, pool: 100
I  962.78] Elapsed: 16:03, vertices: 1925, facets final: 910, pending: 23961, pool: 100
I  967.97] Elapsed: 16:08, vertices: 1933, facets final: 924, pending: 23798, pool: 100
I  972.97] Elapsed: 16:13, vertices: 1944, facets final: 928, pending: 23698, pool: 100
I  978.02] Elapsed: 16:18, vertices: 1952, facets final: 936, pending: 23557, pool: 100
I  983.11] Elapsed: 16:23, vertices: 1961, facets final: 947, pending: 23544, pool: 100
I  988.38] Elapsed: 16:28, vertices: 1971, facets final: 958, pending: 23662, pool: 100
I  993.50] Elapsed: 16:34, vertices: 1980, facets final: 969, pending: 23519, pool: 100
I  998.56] Elapsed: 16:39, vertices: 1990, facets final: 978, pending: 23514, pool: 100
I 1003.59] Elapsed: 16:44, vertices: 1998, facets final: 986, pending: 23436, pool: 100
I 1004.35] recalculating facets...
I 1008.80] Elapsed: 16:49, vertices: 2011, facets final: 992, pending: 23282, pool: 100
I 1013.95] Elapsed: 16:54, vertices: 2021, facets final: 1001, pending: 23314, pool: 100
I 1018.97] Elapsed: 16:59, vertices: 2034, facets final: 1006, pending: 23225, pool: 100
I 1024.08] Elapsed: 17:04, vertices: 2042, facets final: 1021, pending: 23234, pool: 100
I 1029.13] Elapsed: 17:09, vertices: 2051, facets final: 1032, pending: 23186, pool: 100
I 1034.19] Elapsed: 17:14, vertices: 2062, facets final: 1041, pending: 23086, pool: 99
I 1039.41] Elapsed: 17:19, vertices: 2069, facets final: 1057, pending: 22905, pool: 100
I 1044.72] Elapsed: 17:25, vertices: 2080, facets final: 1067, pending: 22717, pool: 98
I 1049.76] Elapsed: 17:30, vertices: 2089, facets final: 1075, pending: 22689, pool: 100
I 1054.89] Elapsed: 17:35, vertices: 2099, facets final: 1083, pending: 22680, pool: 100
I 1055.25] recalculating facets...
I 1060.07] Elapsed: 17:40, vertices: 2110, facets final: 1092, pending: 22503, pool: 100
I 1065.24] Elapsed: 17:45, vertices: 2117, facets final: 1110, pending: 22312, pool: 100
I 1070.44] Elapsed: 17:50, vertices: 2125, facets final: 1127, pending: 22226, pool: 99
I 1075.50] Elapsed: 17:56, vertices: 2130, facets final: 1144, pending: 22106, pool: 100
I 1080.81] Elapsed: 18:01, vertices: 2137, facets final: 1164, pending: 22036, pool: 99
I 1086.08] Elapsed: 18:06, vertices: 2144, facets final: 1180, pending: 21891, pool: 100
I 1091.17] Elapsed: 18:11, vertices: 2151, facets final: 1198, pending: 21866, pool: 100
I 1096.32] Elapsed: 18:16, vertices: 2159, facets final: 1217, pending: 21818, pool: 100
I 1101.41] Elapsed: 18:21, vertices: 2171, facets final: 1228, pending: 21740, pool: 99
I 1106.48] Elapsed: 18:26, vertices: 2180, facets final: 1240, pending: 21706, pool: 100
I 1111.54] Elapsed: 18:32, vertices: 2190, facets final: 1251, pending: 21589, pool: 100
I 1116.62] Elapsed: 18:37, vertices: 2199, facets final: 1264, pending: 21495, pool: 100
I 1117.57] recalculating facets...
I 1121.69] Elapsed: 18:42, vertices: 2207, facets final: 1279, pending: 21353, pool: 98
I 1126.78] Elapsed: 18:47, vertices: 2213, facets final: 1296, pending: 21256, pool: 100
I 1131.84] Elapsed: 18:52, vertices: 2223, facets final: 1311, pending: 21256, pool: 100
I 1136.86] Elapsed: 18:57, vertices: 2231, facets final: 1325, pending: 21312, pool: 100
I 1142.03] Elapsed: 19:02, vertices: 2240, facets final: 1339, pending: 21205, pool: 100
I 1147.28] Elapsed: 19:07, vertices: 2248, facets final: 1352, pending: 21114, pool: 100
I 1152.42] Elapsed: 19:12, vertices: 2257, facets final: 1369, pending: 21058, pool: 100
I 1157.51] Elapsed: 19:18, vertices: 2266, facets final: 1385, pending: 20958, pool: 100
I 1162.61] Elapsed: 19:23, vertices: 2274, facets final: 1401, pending: 20879, pool: 100
I 1167.70] Elapsed: 19:28, vertices: 2283, facets final: 1417, pending: 20702, pool: 100
I 1172.80] Elapsed: 19:33, vertices: 2292, facets final: 1431, pending: 20603, pool: 100
I 1177.47] recalculating facets...
I 1177.89] Elapsed: 19:38, vertices: 2301, facets final: 1442, pending: 20463, pool: 100
I 1182.94] Elapsed: 19:43, vertices: 2307, facets final: 1461, pending: 20439, pool: 100
I 1188.02] Elapsed: 19:48, vertices: 2314, facets final: 1478, pending: 20487, pool: 100
I 1193.05] Elapsed: 19:53, vertices: 2320, facets final: 1500, pending: 20417, pool: 98
I 1198.09] Elapsed: 19:58, vertices: 2328, facets final: 1513, pending: 20422, pool: 99
I 1203.11] Elapsed: 20:03, vertices: 2335, facets final: 1526, pending: 20367, pool: 99
I 1208.12] Elapsed: 20:08, vertices: 2343, facets final: 1542, pending: 20256, pool: 100
I 1213.19] Elapsed: 20:13, vertices: 2351, facets final: 1558, pending: 20149, pool: 100
I 1218.21] Elapsed: 20:18, vertices: 2357, facets final: 1577, pending: 20058, pool: 100
I 1223.22] Elapsed: 20:23, vertices: 2362, facets final: 1600, pending: 20022, pool: 100
I 1228.35] Elapsed: 20:28, vertices: 2370, facets final: 1616, pending: 19995, pool: 100
I 1233.43] Elapsed: 20:33, vertices: 2374, facets final: 1637, pending: 19998, pool: 100
I 1238.46] Elapsed: 20:38, vertices: 2381, facets final: 1656, pending: 19958, pool: 100
I 1243.70] Elapsed: 20:44, vertices: 2386, facets final: 1679, pending: 19889, pool: 100
I 1248.76] Elapsed: 20:49, vertices: 2396, facets final: 1688, pending: 19775, pool: 100
I 1251.41] recalculating facets...
I 1253.79] Elapsed: 20:54, vertices: 2403, facets final: 1707, pending: 19732, pool: 100
I 1258.97] Elapsed: 20:59, vertices: 2412, facets final: 1722, pending: 19635, pool: 100
I 1263.99] Elapsed: 21:04, vertices: 2419, facets final: 1741, pending: 19623, pool: 100
I 1269.06] Elapsed: 21:09, vertices: 2428, facets final: 1760, pending: 19531, pool: 100
I 1274.11] Elapsed: 21:14, vertices: 2435, facets final: 1779, pending: 19438, pool: 100
I 1279.22] Elapsed: 21:19, vertices: 2442, facets final: 1796, pending: 19386, pool: 100
I 1284.28] Elapsed: 21:24, vertices: 2448, facets final: 1812, pending: 19358, pool: 100
I 1289.43] Elapsed: 21:29, vertices: 2456, facets final: 1829, pending: 19332, pool: 100
I 1294.70] Elapsed: 21:35, vertices: 2463, facets final: 1851, pending: 19233, pool: 100
I 1299.77] Elapsed: 21:40, vertices: 2474, facets final: 1866, pending: 19154, pool: 100
I 1304.92] Elapsed: 21:45, vertices: 2481, facets final: 1886, pending: 19074, pool: 100
I 1309.98] Elapsed: 21:50, vertices: 2488, facets final: 1906, pending: 19012, pool: 100
I 1315.02] Elapsed: 21:55, vertices: 2498, facets final: 1921, pending: 18918, pool: 100
I 1316.06] recalculating facets...
I 1320.18] Elapsed: 22:00, vertices: 2504, facets final: 1941, pending: 18832, pool: 100
I 1325.36] Elapsed: 22:05, vertices: 2510, facets final: 1967, pending: 18794, pool: 100
I 1330.42] Elapsed: 22:10, vertices: 2515, facets final: 1990, pending: 18762, pool: 100
I 1335.48] Elapsed: 22:15, vertices: 2523, facets final: 2012, pending: 18674, pool: 100
I 1340.54] Elapsed: 22:21, vertices: 2528, facets final: 2033, pending: 18631, pool: 100
I 1345.56] Elapsed: 22:26, vertices: 2535, facets final: 2056, pending: 18610, pool: 100
I 1350.65] Elapsed: 22:31, vertices: 2543, facets final: 2073, pending: 18585, pool: 100
I 1355.81] Elapsed: 22:36, vertices: 2547, facets final: 2100, pending: 18490, pool: 100
I 1360.86] Elapsed: 22:41, vertices: 2556, facets final: 2113, pending: 18355, pool: 100
I 1365.87] Elapsed: 22:46, vertices: 2564, facets final: 2128, pending: 18308, pool: 100
I 1370.95] Elapsed: 22:51, vertices: 2570, facets final: 2152, pending: 18274, pool: 100
I 1376.01] Elapsed: 22:56, vertices: 2575, facets final: 2177, pending: 18209, pool: 100
I 1381.12] Elapsed: 23:01, vertices: 2580, facets final: 2199, pending: 18135, pool: 100
I 1386.17] Elapsed: 23:06, vertices: 2588, facets final: 2217, pending: 18063, pool: 100
I 1391.19] Elapsed: 23:11, vertices: 2596, facets final: 2232, pending: 18020, pool: 100
I 1393.60] recalculating facets...
I 1396.25] Elapsed: 23:16, vertices: 2603, facets final: 2251, pending: 17962, pool: 100
I 1401.44] Elapsed: 23:21, vertices: 2609, facets final: 2270, pending: 17900, pool: 100
I 1406.58] Elapsed: 23:27, vertices: 2615, facets final: 2289, pending: 17842, pool: 100
I 1411.61] Elapsed: 23:32, vertices: 2620, facets final: 2314, pending: 17775, pool: 100
I 1416.63] Elapsed: 23:37, vertices: 2628, facets final: 2330, pending: 17737, pool: 100
I 1421.76] Elapsed: 23:42, vertices: 2637, facets final: 2347, pending: 17663, pool: 100
I 1426.99] Elapsed: 23:47, vertices: 2645, facets final: 2365, pending: 17563, pool: 100
I 1432.09] Elapsed: 23:52, vertices: 2649, facets final: 2389, pending: 17536, pool: 100
I 1437.14] Elapsed: 23:57, vertices: 2656, facets final: 2408, pending: 17504, pool: 100
I 1442.17] Elapsed: 24:02, vertices: 2664, facets final: 2425, pending: 17419, pool: 100
I 1447.35] Elapsed: 24:07, vertices: 2670, facets final: 2447, pending: 17341, pool: 100
I 1452.51] Elapsed: 24:13, vertices: 2677, facets final: 2471, pending: 17332, pool: 99
I 1457.55] Elapsed: 24:18, vertices: 2682, facets final: 2493, pending: 17291, pool: 100
I 1462.60] Elapsed: 24:23, vertices: 2686, facets final: 2515, pending: 17227, pool: 100
I 1467.82] Elapsed: 24:28, vertices: 2692, facets final: 2537, pending: 17162, pool: 100
I 1472.74] recalculating facets...
I 1472.88] Elapsed: 24:33, vertices: 2701, facets final: 2554, pending: 17089, pool: 99
I 1478.16] Elapsed: 24:38, vertices: 2704, facets final: 2578, pending: 17041, pool: 99
I 1483.20] Elapsed: 24:43, vertices: 2710, facets final: 2599, pending: 17046, pool: 100
I 1488.34] Elapsed: 24:48, vertices: 2716, facets final: 2621, pending: 16967, pool: 100
I 1493.40] Elapsed: 24:53, vertices: 2722, facets final: 2643, pending: 16876, pool: 99
I 1498.49] Elapsed: 24:58, vertices: 2723, facets final: 2670, pending: 16851, pool: 100
I 1503.51] Elapsed: 25:04, vertices: 2729, facets final: 2690, pending: 16790, pool: 100
I 1508.56] Elapsed: 25:09, vertices: 2735, facets final: 2714, pending: 16802, pool: 100
I 1513.58] Elapsed: 25:14, vertices: 2739, facets final: 2737, pending: 16751, pool: 100
I 1518.60] Elapsed: 25:19, vertices: 2742, facets final: 2761, pending: 16716, pool: 100
I 1523.83] Elapsed: 25:24, vertices: 2749, facets final: 2785, pending: 16672, pool: 100
I 1528.99] Elapsed: 25:29, vertices: 2753, facets final: 2810, pending: 16622, pool: 100
I 1534.22] Elapsed: 25:34, vertices: 2759, facets final: 2831, pending: 16609, pool: 99
I 1539.28] Elapsed: 25:39, vertices: 2767, facets final: 2852, pending: 16554, pool: 100
I 1544.35] Elapsed: 25:44, vertices: 2773, facets final: 2872, pending: 16522, pool: 96
I 1549.49] Elapsed: 25:49, vertices: 2776, facets final: 2894, pending: 16452, pool: 100
I 1554.51] Elapsed: 25:55, vertices: 2781, facets final: 2919, pending: 16398, pool: 100
I 1559.53] Elapsed: 26:00, vertices: 2788, facets final: 2937, pending: 16363, pool: 100
I 1564.53] Elapsed: 26:05, vertices: 2793, facets final: 2962, pending: 16285, pool: 100
I 1569.74] Elapsed: 26:10, vertices: 2797, facets final: 2985, pending: 16249, pool: 100
I 1572.43] recalculating facets...
I 1574.85] Elapsed: 26:15, vertices: 2803, facets final: 3008, pending: 16203, pool: 100
I 1580.03] Elapsed: 26:20, vertices: 2810, facets final: 3029, pending: 16132, pool: 99
I 1585.27] Elapsed: 26:25, vertices: 2816, facets final: 3051, pending: 16122, pool: 100
I 1590.33] Elapsed: 26:30, vertices: 2823, facets final: 3070, pending: 16064, pool: 100
I 1595.35] Elapsed: 26:35, vertices: 2828, facets final: 3094, pending: 16041, pool: 100
I 1600.39] Elapsed: 26:40, vertices: 2832, facets final: 3118, pending: 16001, pool: 100
I 1605.55] Elapsed: 26:46, vertices: 2837, facets final: 3138, pending: 15939, pool: 100
I 1610.66] Elapsed: 26:51, vertices: 2842, facets final: 3164, pending: 15874, pool: 100
I 1615.66] Elapsed: 26:56, vertices: 2845, facets final: 3193, pending: 15848, pool: 98
I 1620.71] Elapsed: 27:01, vertices: 2851, facets final: 3212, pending: 15776, pool: 100
I 1626.01] Elapsed: 27:06, vertices: 2859, facets final: 3230, pending: 15700, pool: 100
I 1631.11] Elapsed: 27:11, vertices: 2865, facets final: 3251, pending: 15640, pool: 100
I 1636.27] Elapsed: 27:16, vertices: 2872, facets final: 3275, pending: 15606, pool: 100
I 1641.41] Elapsed: 27:21, vertices: 2875, facets final: 3299, pending: 15574, pool: 100
I 1646.50] Elapsed: 27:27, vertices: 2879, facets final: 3326, pending: 15538, pool: 99
I 1651.53] Elapsed: 27:32, vertices: 2885, facets final: 3348, pending: 15491, pool: 99
I 1656.59] Elapsed: 27:37, vertices: 2888, facets final: 3374, pending: 15451, pool: 100
I 1661.64] Elapsed: 27:42, vertices: 2893, facets final: 3399, pending: 15421, pool: 100
I 1666.72] Elapsed: 27:47, vertices: 2899, facets final: 3421, pending: 15371, pool: 98
I 1669.58] recalculating facets...
I 1671.76] Elapsed: 27:52, vertices: 2902, facets final: 3446, pending: 15328, pool: 100
I 1676.89] Elapsed: 27:57, vertices: 2908, facets final: 3472, pending: 15279, pool: 99
I 1681.92] Elapsed: 28:02, vertices: 2913, facets final: 3493, pending: 15203, pool: 100
I 1686.93] Elapsed: 28:07, vertices: 2917, facets final: 3520, pending: 15147, pool: 100
I 1692.14] Elapsed: 28:12, vertices: 2919, facets final: 3553, pending: 15109, pool: 100
I 1697.27] Elapsed: 28:17, vertices: 2924, facets final: 3575, pending: 15066, pool: 100
I 1702.31] Elapsed: 28:22, vertices: 2929, facets final: 3598, pending: 15032, pool: 99
I 1707.33] Elapsed: 28:27, vertices: 2931, facets final: 3628, pending: 14967, pool: 100
I 1712.47] Elapsed: 28:32, vertices: 2938, facets final: 3647, pending: 14951, pool: 100
I 1717.60] Elapsed: 28:38, vertices: 2940, facets final: 3673, pending: 14930, pool: 100
I 1722.64] Elapsed: 28:43, vertices: 2948, facets final: 3691, pending: 14875, pool: 100
I 1727.76] Elapsed: 28:48, vertices: 2951, facets final: 3717, pending: 14860, pool: 100
I 1732.82] Elapsed: 28:53, vertices: 2952, facets final: 3750, pending: 14825, pool: 99
I 1737.93] Elapsed: 28:58, vertices: 2956, facets final: 3776, pending: 14770, pool: 100
I 1743.04] Elapsed: 29:03, vertices: 2958, facets final: 3803, pending: 14733, pool: 100
I 1748.22] Elapsed: 29:08, vertices: 2962, facets final: 3832, pending: 14686, pool: 100
I 1753.37] Elapsed: 29:13, vertices: 2966, facets final: 3855, pending: 14636, pool: 99
I 1758.50] Elapsed: 29:19, vertices: 2968, facets final: 3880, pending: 14626, pool: 99
I 1763.50] Elapsed: 29:24, vertices: 2972, facets final: 3906, pending: 14572, pool: 100
I 1768.60] Elapsed: 29:29, vertices: 2978, facets final: 3928, pending: 14527, pool: 100
I 1773.74] Elapsed: 29:34, vertices: 2983, facets final: 3954, pending: 14461, pool: 99
I 1778.74] Elapsed: 29:39, vertices: 2985, facets final: 3982, pending: 14428, pool: 100
I 1783.78] Elapsed: 29:44, vertices: 2991, facets final: 4004, pending: 14348, pool: 100
I 1788.79] Elapsed: 29:49, vertices: 2994, facets final: 4034, pending: 14326, pool: 100
I 1793.80] Elapsed: 29:54, vertices: 2998, facets final: 4059, pending: 14301, pool: 100
I 1798.94] Elapsed: 29:59, vertices: 3000, facets final: 4089, pending: 14253, pool: 100
I 1799.05] recalculating facets...
I 1803.97] Elapsed: 30:04, vertices: 3006, facets final: 4109, pending: 14192, pool: 100
I 1809.10] Elapsed: 30:09, vertices: 3011, facets final: 4132, pending: 14138, pool: 100
I 1814.12] Elapsed: 30:14, vertices: 3015, facets final: 4159, pending: 14094, pool: 99
I 1819.17] Elapsed: 30:19, vertices: 3017, facets final: 4188, pending: 14053, pool: 99
I 1824.28] Elapsed: 30:24, vertices: 3024, facets final: 4206, pending: 13980, pool: 100
I 1829.34] Elapsed: 30:29, vertices: 3027, facets final: 4235, pending: 13937, pool: 99
I 1834.36] Elapsed: 30:34, vertices: 3028, facets final: 4267, pending: 13897, pool: 99
I 1839.48] Elapsed: 30:39, vertices: 3033, facets final: 4293, pending: 13864, pool: 100
I 1844.49] Elapsed: 30:44, vertices: 3036, facets final: 4320, pending: 13834, pool: 99
I 1849.57] Elapsed: 30:50, vertices: 3037, facets final: 4351, pending: 13801, pool: 99
I 1854.63] Elapsed: 30:55, vertices: 3039, facets final: 4380, pending: 13776, pool: 98
I 1859.76] Elapsed: 31:00, vertices: 3040, facets final: 4411, pending: 13735, pool: 100
I 1864.86] Elapsed: 31:05, vertices: 3044, facets final: 4435, pending: 13678, pool: 100
I 1869.89] Elapsed: 31:10, vertices: 3046, facets final: 4461, pending: 13601, pool: 100
I 1874.89] Elapsed: 31:15, vertices: 3051, facets final: 4483, pending: 13561, pool: 100
I 1879.99] Elapsed: 31:20, vertices: 3053, facets final: 4511, pending: 13514, pool: 100
I 1884.99] Elapsed: 31:25, vertices: 3055, facets final: 4542, pending: 13482, pool: 98
I 1890.00] Elapsed: 31:30, vertices: 3056, facets final: 4570, pending: 13451, pool: 98
I 1895.02] Elapsed: 31:35, vertices: 3058, facets final: 4597, pending: 13433, pool: 99
I 1900.08] Elapsed: 31:40, vertices: 3059, facets final: 4622, pending: 13408, pool: 99
I 1905.08] Elapsed: 31:45, vertices: 3060, facets final: 4649, pending: 13373, pool: 99
I 1910.15] Elapsed: 31:50, vertices: 3064, facets final: 4680, pending: 13319, pool: 98
I 1915.29] Elapsed: 31:55, vertices: 3066, facets final: 4710, pending: 13243, pool: 100
I 1920.43] Elapsed: 32:00, vertices: 3070, facets final: 4739, pending: 13193, pool: 99
I 1925.53] Elapsed: 32:06, vertices: 3077, facets final: 4757, pending: 13127, pool: 100
I 1930.62] Elapsed: 32:11, vertices: 3081, facets final: 4787, pending: 13089, pool: 99
I 1935.78] Elapsed: 32:16, vertices: 3082, facets final: 4815, pending: 13058, pool: 100
I 1940.87] Elapsed: 32:21, vertices: 3086, facets final: 4843, pending: 13035, pool: 100
I 1945.97] Elapsed: 32:26, vertices: 3089, facets final: 4870, pending: 12999, pool: 99
I 1951.09] Elapsed: 32:31, vertices: 3091, facets final: 4896, pending: 12962, pool: 99
I 1956.14] Elapsed: 32:36, vertices: 3094, facets final: 4922, pending: 12929, pool: 98
I 1961.21] Elapsed: 32:41, vertices: 3095, facets final: 4950, pending: 12900, pool: 98
I 1966.22] Elapsed: 32:46, vertices: 3097, facets final: 4978, pending: 12863, pool: 97
I 1971.29] Elapsed: 32:51, vertices: 3099, facets final: 5011, pending: 12830, pool: 97
I 1976.42] Elapsed: 32:56, vertices: 3099, facets final: 5044, pending: 12797
I 1979.87] recalculating facets...
I 1981.54] Elapsed: 33:02, vertices: 3102, facets final: 5070, pending: 12781, pool: 96
I 1986.56] Elapsed: 33:07, vertices: 3103, facets final: 5100, pending: 12749, pool: 96
I 1991.75] Elapsed: 33:12, vertices: 3104, facets final: 5132, pending: 12720, pool: 97
I 1996.81] Elapsed: 33:17, vertices: 3106, facets final: 5160, pending: 12674, pool: 100
I 2001.86] Elapsed: 33:22, vertices: 3111, facets final: 5183, pending: 12632, pool: 98
I 2006.88] Elapsed: 33:27, vertices: 3115, facets final: 5210, pending: 12593, pool: 98
I 2012.04] Elapsed: 33:32, vertices: 3116, facets final: 5239, pending: 12546, pool: 99
I 2017.11] Elapsed: 33:37, vertices: 3118, facets final: 5266, pending: 12508, pool: 99
I 2022.19] Elapsed: 33:42, vertices: 3120, facets final: 5297, pending: 12472, pool: 98
I 2027.33] Elapsed: 33:47, vertices: 3121, facets final: 5325, pending: 12441, pool: 98
I 2032.35] Elapsed: 33:52, vertices: 3122, facets final: 5358, pending: 12404, pool: 98
I 2037.42] Elapsed: 33:57, vertices: 3123, facets final: 5392, pending: 12365, pool: 98
I 2042.55] Elapsed: 34:03, vertices: 3126, facets final: 5418, pending: 12321, pool: 98
I 2047.69] Elapsed: 34:08, vertices: 3129, facets final: 5445, pending: 12298, pool: 97
I 2052.73] Elapsed: 34:13, vertices: 3131, facets final: 5476, pending: 12259, pool: 97
I 2057.85] Elapsed: 34:18, vertices: 3133, facets final: 5503, pending: 12235, pool: 97
I 2062.90] Elapsed: 34:23, vertices: 3135, facets final: 5529, pending: 12204, pool: 100
I 2067.95] Elapsed: 34:28, vertices: 3137, facets final: 5556, pending: 12178, pool: 99
I 2073.02] Elapsed: 34:33, vertices: 3139, facets final: 5584, pending: 12148, pool: 100
I 2078.03] Elapsed: 34:38, vertices: 3142, facets final: 5610, pending: 12115, pool: 99
I 2083.26] Elapsed: 34:43, vertices: 3144, facets final: 5640, pending: 12089, pool: 99
I 2088.36] Elapsed: 34:48, vertices: 3146, facets final: 5670, pending: 12054, pool: 99
I 2093.46] Elapsed: 34:53, vertices: 3149, facets final: 5701, pending: 12008, pool: 97
I 2098.59] Elapsed: 34:59, vertices: 3151, facets final: 5729, pending: 11969, pool: 98
I 2103.69] Elapsed: 35:04, vertices: 3152, facets final: 5759, pending: 11932, pool: 99
I 2108.77] Elapsed: 35:09, vertices: 3154, facets final: 5789, pending: 11929, pool: 98
I 2113.84] Elapsed: 35:14, vertices: 3156, facets final: 5818, pending: 11894, pool: 97
I 2118.95] Elapsed: 35:19, vertices: 3156, facets final: 5848, pending: 11864
I 2124.02] Elapsed: 35:24, vertices: 3156, facets final: 5881, pending: 11831, pool: 98
I 2129.11] Elapsed: 35:29, vertices: 3157, facets final: 5914, pending: 11816
I 2134.22] Elapsed: 35:34, vertices: 3159, facets final: 5942, pending: 11776, pool: 99
I 2139.26] Elapsed: 35:39, vertices: 3160, facets final: 5967, pending: 11744, pool: 100
I 2144.46] Elapsed: 35:44, vertices: 3164, facets final: 5996, pending: 11721, pool: 98
I 2149.80] Elapsed: 35:50, vertices: 3166, facets final: 6027, pending: 11688, pool: 98
I 2154.92] Elapsed: 35:55, vertices: 3168, facets final: 6058, pending: 11647, pool: 99
I 2159.96] Elapsed: 36:00, vertices: 3170, facets final: 6088, pending: 11614, pool: 98
I 2165.02] Elapsed: 36:05, vertices: 3171, facets final: 6116, pending: 11583, pool: 97
I 2170.10] Elapsed: 36:10, vertices: 3172, facets final: 6148, pending: 11543, pool: 97
I 2175.17] Elapsed: 36:15, vertices: 3174, facets final: 6177, pending: 11511, pool: 97
I 2180.22] Elapsed: 36:20, vertices: 3174, facets final: 6209, pending: 11479
I 2185.30] Elapsed: 36:25, vertices: 3176, facets final: 6238, pending: 11449, pool: 98
I 2190.52] Elapsed: 36:31, vertices: 3179, facets final: 6269, pending: 11410, pool: 97
I 2195.63] Elapsed: 36:36, vertices: 3181, facets final: 6299, pending: 11374, pool: 96
I 2200.67] Elapsed: 36:41, vertices: 3182, facets final: 6329, pending: 11341, pool: 95
I 2205.69] Elapsed: 36:46, vertices: 3182, facets final: 6362, pending: 11308
I 2210.71] Elapsed: 36:51, vertices: 3184, facets final: 6392, pending: 11246, pool: 95
I 2215.80] Elapsed: 36:56, vertices: 3185, facets final: 6421, pending: 11217, pool: 96
I 2220.80] Elapsed: 37:01, vertices: 3186, facets final: 6450, pending: 11184, pool: 96
I 2225.92] Elapsed: 37:06, vertices: 3188, facets final: 6476, pending: 11131, pool: 99
I 2231.00] Elapsed: 37:11, vertices: 3191, facets final: 6503, pending: 11123, pool: 99
I 2236.15] Elapsed: 37:16, vertices: 3193, facets final: 6532, pending: 11144, pool: 99
I 2241.15] Elapsed: 37:21, vertices: 3195, facets final: 6558, pending: 11109, pool: 99
I 2246.20] Elapsed: 37:26, vertices: 3198, facets final: 6585, pending: 11074, pool: 98
I 2251.21] Elapsed: 37:31, vertices: 3199, facets final: 6617, pending: 11039, pool: 99
I 2256.32] Elapsed: 37:36, vertices: 3200, facets final: 6648, pending: 11008, pool: 98
I 2257.47] recalculating facets...
I 2261.34] Elapsed: 37:41, vertices: 3202, facets final: 6677, pending: 10969, pool: 98
I 2266.41] Elapsed: 37:46, vertices: 3203, facets final: 6705, pending: 10939, pool: 98
I 2271.47] Elapsed: 37:51, vertices: 3204, facets final: 6737, pending: 10904, pool: 98
I 2276.72] Elapsed: 37:57, vertices: 3207, facets final: 6766, pending: 10864, pool: 99
I 2281.76] Elapsed: 38:02, vertices: 3210, facets final: 6794, pending: 10828, pool: 98
I 2286.91] Elapsed: 38:07, vertices: 3212, facets final: 6818, pending: 10801, pool: 100
I 2291.93] Elapsed: 38:12, vertices: 3217, facets final: 6843, pending: 10765, pool: 98
I 2297.08] Elapsed: 38:17, vertices: 3219, facets final: 6872, pending: 10730, pool: 96
I 2302.19] Elapsed: 38:22, vertices: 3220, facets final: 6902, pending: 10693, pool: 97
I 2307.26] Elapsed: 38:27, vertices: 3221, facets final: 6932, pending: 10678, pool: 97
I 2312.35] Elapsed: 38:32, vertices: 3223, facets final: 6959, pending: 10643, pool: 95
I 2317.41] Elapsed: 38:37, vertices: 3224, facets final: 6993, pending: 10602, pool: 98
I 2322.42] Elapsed: 38:42, vertices: 3226, facets final: 7019, pending: 10571, pool: 99
I 2327.45] Elapsed: 38:47, vertices: 3228, facets final: 7048, pending: 10536, pool: 97
I 2332.65] Elapsed: 38:53, vertices: 3229, facets final: 7076, pending: 10509, pool: 99
I 2337.68] Elapsed: 38:58, vertices: 3230, facets final: 7108, pending: 10474
I 2342.82] Elapsed: 39:03, vertices: 3233, facets final: 7137, pending: 10446, pool: 98
I 2347.85] Elapsed: 39:08, vertices: 3234, facets final: 7168, pending: 10418, pool: 98
I 2352.89] Elapsed: 39:13, vertices: 3236, facets final: 7198, pending: 10377, pool: 98
I 2358.00] Elapsed: 39:18, vertices: 3239, facets final: 7223, pending: 10338, pool: 97
I 2363.18] Elapsed: 39:23, vertices: 3241, facets final: 7252, pending: 10337, pool: 98
I 2368.18] Elapsed: 39:28, vertices: 3242, facets final: 7283, pending: 10302, pool: 97
I 2373.23] Elapsed: 39:33, vertices: 3243, facets final: 7312, pending: 10271, pool: 97
I 2378.44] Elapsed: 39:38, vertices: 3245, facets final: 7339, pending: 10236, pool: 98
I 2383.52] Elapsed: 39:44, vertices: 3246, facets final: 7367, pending: 10215, pool: 98
I 2388.52] Elapsed: 39:49, vertices: 3247, facets final: 7398, pending: 10180
I 2393.63] Elapsed: 39:54, vertices: 3249, facets final: 7427, pending: 10148, pool: 98
I 2398.74] Elapsed: 39:59, vertices: 3251, facets final: 7461, pending: 10113, pool: 96
I 2403.78] Elapsed: 40:04, vertices: 3251, facets final: 7495, pending: 10079
I 2408.93] Elapsed: 40:09, vertices: 3253, facets final: 7525, pending: 10048, pool: 94
I 2414.11] Elapsed: 40:14, vertices: 3255, facets final: 7553, pending: 10008, pool: 96
I 2419.31] Elapsed: 40:19, vertices: 3256, facets final: 7585, pending: 9982, pool: 97
I 2424.35] Elapsed: 40:24, vertices: 3258, facets final: 7615, pending: 9942, pool: 96
I 2429.37] Elapsed: 40:29, vertices: 3259, facets final: 7646, pending: 9911, pool: 95
I 2434.40] Elapsed: 40:34, vertices: 3260, facets final: 7677, pending: 9878, pool: 97
I 2439.45] Elapsed: 40:39, vertices: 3261, facets final: 7709, pending: 9844, pool: 96
I 2444.46] Elapsed: 40:44, vertices: 3261, facets final: 7741, pending: 9812
I 2449.54] Elapsed: 40:50, vertices: 3262, facets final: 7767, pending: 9793, pool: 97
I 2454.70] Elapsed: 40:55, vertices: 3264, facets final: 7796, pending: 9760, pool: 98
I 2459.83] Elapsed: 41:00, vertices: 3265, facets final: 7827, pending: 9726, pool: 98
I 2464.85] Elapsed: 41:05, vertices: 3268, facets final: 7853, pending: 9702, pool: 96
I 2469.93] Elapsed: 41:10, vertices: 3268, facets final: 7880, pending: 9675
I 2475.04] Elapsed: 41:15, vertices: 3269, facets final: 7910, pending: 9640, pool: 98
I 2480.07] Elapsed: 41:20, vertices: 3270, facets final: 7941, pending: 9605, pool: 97
I 2485.18] Elapsed: 41:25, vertices: 3272, facets final: 7973, pending: 9568, pool: 95
I 2490.25] Elapsed: 41:30, vertices: 3273, facets final: 8009, pending: 9529, pool: 95
I 2495.31] Elapsed: 41:35, vertices: 3274, facets final: 8031, pending: 9508, pool: 100
I 2500.40] Elapsed: 41:40, vertices: 3276, facets final: 8065, pending: 9471, pool: 98
I 2505.48] Elapsed: 41:45, vertices: 3277, facets final: 8097, pending: 9437, pool: 97
I 2510.54] Elapsed: 41:51, vertices: 3278, facets final: 8124, pending: 9409, pool: 97
I 2515.60] Elapsed: 41:56, vertices: 3279, facets final: 8154, pending: 9385, pool: 98
I 2520.60] Elapsed: 42:01, vertices: 3280, facets final: 8185, pending: 9350, pool: 98
I 2525.60] Elapsed: 42:06, vertices: 3282, facets final: 8213, pending: 9326, pool: 98
I 2530.60] Elapsed: 42:11, vertices: 3283, facets final: 8246, pending: 9297, pool: 97
I 2535.71] Elapsed: 42:16, vertices: 3283, facets final: 8280, pending: 9263
I 2540.73] Elapsed: 42:21, vertices: 3284, facets final: 8311, pending: 9230, pool: 96
I 2545.95] Elapsed: 42:26, vertices: 3285, facets final: 8341, pending: 9198, pool: 96
I 2551.07] Elapsed: 42:31, vertices: 3286, facets final: 8377, pending: 9155, pool: 96
I 2556.20] Elapsed: 42:36, vertices: 3287, facets final: 8408, pending: 9122, pool: 95
I 2561.34] Elapsed: 42:41, vertices: 3288, facets final: 8438, pending: 9087, pool: 95
I 2566.56] Elapsed: 42:47, vertices: 3289, facets final: 8469, pending: 9054, pool: 94
I 2571.66] Elapsed: 42:52, vertices: 3291, facets final: 8501, pending: 9018, pool: 93
I 2576.89] Elapsed: 42:57, vertices: 3291, facets final: 8535, pending: 8984
I 2582.01] Elapsed: 43:02, vertices: 3292, facets final: 8564, pending: 8952, pool: 94
I 2587.10] Elapsed: 43:07, vertices: 3293, facets final: 8593, pending: 8920, pool: 96
I 2592.15] Elapsed: 43:12, vertices: 3293, facets final: 8623, pending: 8890
I 2597.27] Elapsed: 43:17, vertices: 3294, facets final: 8652, pending: 8856, pool: 97
I 2602.28] Elapsed: 43:22, vertices: 3296, facets final: 8686, pending: 8820, pool: 98
I 2607.30] Elapsed: 43:27, vertices: 3297, facets final: 8719, pending: 8783, pool: 98
I 2612.43] Elapsed: 43:32, vertices: 3298, facets final: 8747, pending: 8752, pool: 98
I 2616.68] recalculating facets...
I 2617.54] Elapsed: 43:38, vertices: 3302, facets final: 8772, pending: 8716, pool: 98
I 2622.62] Elapsed: 43:43, vertices: 3304, facets final: 8802, pending: 8685, pool: 96
I 2627.62] Elapsed: 43:48, vertices: 3304, facets final: 8836, pending: 8651
I 2632.65] Elapsed: 43:53, vertices: 3306, facets final: 8866, pending: 8623, pool: 96
I 2637.83] Elapsed: 43:58, vertices: 3307, facets final: 8895, pending: 8592, pool: 95
I 2643.00] Elapsed: 44:03, vertices: 3308, facets final: 8926, pending: 8559, pool: 95
I 2648.05] Elapsed: 44:08, vertices: 3309, facets final: 8954, pending: 8529, pool: 95
I 2653.11] Elapsed: 44:13, vertices: 3310, facets final: 8991, pending: 8490, pool: 95
I 2658.12] Elapsed: 44:18, vertices: 3311, facets final: 9026, pending: 8454, pool: 94
I 2663.24] Elapsed: 44:23, vertices: 3312, facets final: 9056, pending: 8422, pool: 93
I 2668.33] Elapsed: 44:28, vertices: 3313, facets final: 9086, pending: 8390, pool: 92
I 2673.40] Elapsed: 44:33, vertices: 3313, facets final: 9113, pending: 8363
I 2678.59] Elapsed: 44:39, vertices: 3314, facets final: 9144, pending: 8329, pool: 96
I 2683.64] Elapsed: 44:44, vertices: 3315, facets final: 9173, pending: 8296, pool: 95
I 2688.84] Elapsed: 44:49, vertices: 3315, facets final: 9208, pending: 8261
I 2693.86] Elapsed: 44:54, vertices: 3316, facets final: 9238, pending: 8228, pool: 96
I 2698.92] Elapsed: 44:59, vertices: 3318, facets final: 9270, pending: 8189, pool: 97
I 2703.97] Elapsed: 45:04, vertices: 3320, facets final: 9300, pending: 8166, pool: 98
I 2708.98] Elapsed: 45:09, vertices: 3322, facets final: 9332, pending: 8127, pool: 98
I 2714.04] Elapsed: 45:14, vertices: 3324, facets final: 9366, pending: 8087, pool: 96
I 2719.05] Elapsed: 45:19, vertices: 3324, facets final: 9402, pending: 8051
I 2724.20] Elapsed: 45:24, vertices: 3325, facets final: 9434, pending: 8017, pool: 95
I 2729.28] Elapsed: 45:29, vertices: 3326, facets final: 9469, pending: 7980, pool: 95
I 2734.46] Elapsed: 45:34, vertices: 3327, facets final: 9499, pending: 7948, pool: 96
I 2739.51] Elapsed: 45:40, vertices: 3329, facets final: 9526, pending: 7912, pool: 96
I 2744.65] Elapsed: 45:45, vertices: 3330, facets final: 9557, pending: 7888, pool: 96
I 2749.76] Elapsed: 45:50, vertices: 3332, facets final: 9587, pending: 7855, pool: 94
I 2754.84] Elapsed: 45:55, vertices: 3333, facets final: 9619, pending: 7821, pool: 94
I 2759.93] Elapsed: 46:00, vertices: 3334, facets final: 9649, pending: 7790, pool: 94
I 2765.00] Elapsed: 46:05, vertices: 3334, facets final: 9680, pending: 7759
I 2770.07] Elapsed: 46:10, vertices: 3335, facets final: 9709, pending: 7728, pool: 93
I 2775.23] Elapsed: 46:15, vertices: 3336, facets final: 9743, pending: 7693, pool: 93
I 2780.33] Elapsed: 46:20, vertices: 3337, facets final: 9769, pending: 7665, pool: 92
I 2785.45] Elapsed: 46:25, vertices: 3337, facets final: 9803, pending: 7631
I 2790.46] Elapsed: 46:30, vertices: 3339, facets final: 9832, pending: 7606, pool: 91
I 2795.60] Elapsed: 46:36, vertices: 3339, facets final: 9863, pending: 7575
I 2800.71] Elapsed: 46:41, vertices: 3340, facets final: 9896, pending: 7532, pool: 94
I 2805.79] Elapsed: 46:46, vertices: 3341, facets final: 9928, pending: 7492, pool: 93
I 2810.87] Elapsed: 46:51, vertices: 3344, facets final: 9955, pending: 7479, pool: 91
I 2815.92] Elapsed: 46:56, vertices: 3344, facets final: 9989, pending: 7445
I 2821.04] Elapsed: 47:01, vertices: 3346, facets final: 10021, pending: 7411, pool: 89
I 2826.14] Elapsed: 47:06, vertices: 3346, facets final: 10048, pending: 7384
I 2831.32] Elapsed: 47:11, vertices: 3347, facets final: 10079, pending: 7357, pool: 90
I 2836.48] Elapsed: 47:16, vertices: 3347, facets final: 10111, pending: 7325
I 2841.52] Elapsed: 47:22, vertices: 3348, facets final: 10145, pending: 7283, pool: 93
I 2846.63] Elapsed: 47:27, vertices: 3349, facets final: 10175, pending: 7251, pool: 92
I 2851.64] Elapsed: 47:32, vertices: 3350, facets final: 10205, pending: 7223, pool: 92
I 2856.67] Elapsed: 47:37, vertices: 3351, facets final: 10232, pending: 7194, pool: 92
I 2861.79] Elapsed: 47:42, vertices: 3351, facets final: 10266, pending: 7160
I 2866.85] Elapsed: 47:47, vertices: 3352, facets final: 10297, pending: 7126, pool: 92
I 2871.97] Elapsed: 47:52, vertices: 3352, facets final: 10332, pending: 7091
I 2877.00] Elapsed: 47:57, vertices: 3353, facets final: 10367, pending: 7054, pool: 91
I 2882.04] Elapsed: 48:02, vertices: 3355, facets final: 10400, pending: 7017, pool: 90
I 2887.06] Elapsed: 48:07, vertices: 3356, facets final: 10431, pending: 6985, pool: 90
I 2892.25] Elapsed: 48:12, vertices: 3357, facets final: 10463, pending: 6951, pool: 89
I 2897.41] Elapsed: 48:17, vertices: 3357, facets final: 10492, pending: 6922
I 2902.52] Elapsed: 48:23, vertices: 3359, facets final: 10520, pending: 6893, pool: 89
I 2907.68] Elapsed: 48:28, vertices: 3359, facets final: 10555, pending: 6858
I 2912.85] Elapsed: 48:33, vertices: 3360, facets final: 10587, pending: 6824, pool: 88
I 2917.89] Elapsed: 48:38, vertices: 3360, facets final: 10617, pending: 6794
I 2922.99] Elapsed: 48:43, vertices: 3362, facets final: 10645, pending: 6773, pool: 87
I 2928.05] Elapsed: 48:48, vertices: 3363, facets final: 10671, pending: 6764, pool: 87
I 2933.17] Elapsed: 48:53, vertices: 3365, facets final: 10699, pending: 6728, pool: 86
I 2938.20] Elapsed: 48:58, vertices: 3367, facets final: 10731, pending: 6693, pool: 85
I 2943.33] Elapsed: 49:03, vertices: 3368, facets final: 10761, pending: 6659, pool: 85
I 2948.42] Elapsed: 49:08, vertices: 3368, facets final: 10792, pending: 6628
I 2953.53] Elapsed: 49:14, vertices: 3368, facets final: 10824, pending: 6596
I 2958.54] Elapsed: 49:19, vertices: 3369, facets final: 10855, pending: 6562, pool: 88
I 2963.61] Elapsed: 49:24, vertices: 3369, facets final: 10886, pending: 6531
I 2968.64] Elapsed: 49:29, vertices: 3370, facets final: 10915, pending: 6496, pool: 88
I 2973.68] Elapsed: 49:34, vertices: 3372, facets final: 10947, pending: 6461, pool: 87
I 2978.75] Elapsed: 49:39, vertices: 3372, facets final: 10974, pending: 6434
I 2983.82] Elapsed: 49:44, vertices: 3373, facets final: 11004, pending: 6403, pool: 88
I 2988.83] Elapsed: 49:49, vertices: 3375, facets final: 11032, pending: 6371, pool: 87
I 2993.92] Elapsed: 49:54, vertices: 3376, facets final: 11064, pending: 6336, pool: 87
I 2998.95] Elapsed: 49:59, vertices: 3376, facets final: 11095, pending: 6305
I 3004.09] Elapsed: 50:04, vertices: 3376, facets final: 11126, pending: 6274
I 3009.21] Elapsed: 50:09, vertices: 3377, facets final: 11160, pending: 6240, pool: 86
I 3014.39] Elapsed: 50:14, vertices: 3378, facets final: 11191, pending: 6207, pool: 86
I 3019.43] Elapsed: 50:19, vertices: 3378, facets final: 11221, pending: 6177
I 3024.52] Elapsed: 50:25, vertices: 3379, facets final: 11252, pending: 6144, pool: 85
I 3029.64] Elapsed: 50:30, vertices: 3379, facets final: 11289, pending: 6107
I 3034.82] Elapsed: 50:35, vertices: 3381, facets final: 11321, pending: 6069, pool: 84
I 3040.08] Elapsed: 50:40, vertices: 3382, facets final: 11349, pending: 6039, pool: 83
I 3045.17] Elapsed: 50:45, vertices: 3383, facets final: 11380, pending: 6008, pool: 82
I 3050.40] Elapsed: 50:50, vertices: 3383, facets final: 11410, pending: 5978, pool: 81
I 3055.52] Elapsed: 50:56, vertices: 3384, facets final: 11444, pending: 5946
I 3060.70] Elapsed: 51:01, vertices: 3384, facets final: 11476, pending: 5914
I 3065.81] Elapsed: 51:06, vertices: 3385, facets final: 11506, pending: 5880, pool: 81
I 3070.91] Elapsed: 51:11, vertices: 3386, facets final: 11536, pending: 5852, pool: 80
I 3075.96] Elapsed: 51:16, vertices: 3386, facets final: 11568, pending: 5820
I 3081.06] Elapsed: 51:21, vertices: 3388, facets final: 11597, pending: 5783, pool: 80
I 3086.09] Elapsed: 51:26, vertices: 3388, facets final: 11628, pending: 5752
I 3091.17] Elapsed: 51:31, vertices: 3390, facets final: 11654, pending: 5724, pool: 79
I 3096.19] Elapsed: 51:36, vertices: 3391, facets final: 11684, pending: 5694, pool: 78
I 3101.37] Elapsed: 51:41, vertices: 3392, facets final: 11717, pending: 5659, pool: 77
I 3106.39] Elapsed: 51:46, vertices: 3393, facets final: 11749, pending: 5626, pool: 76
I 3111.39] Elapsed: 51:51, vertices: 3394, facets final: 11780, pending: 5593, pool: 75
I 3116.43] Elapsed: 51:56, vertices: 3395, facets final: 11810, pending: 5561, pool: 75
I 3121.51] Elapsed: 52:02, vertices: 3397, facets final: 11840, pending: 5531, pool: 74
I 3126.66] Elapsed: 52:07, vertices: 3398, facets final: 11868, pending: 5501, pool: 74
I 3131.67] Elapsed: 52:12, vertices: 3399, facets final: 11898, pending: 5469, pool: 73
I 3136.74] Elapsed: 52:17, vertices: 3399, facets final: 11928, pending: 5439
I 3141.80] Elapsed: 52:22, vertices: 3399, facets final: 11959, pending: 5408
I 3146.88] Elapsed: 52:27, vertices: 3399, facets final: 11998, pending: 5369
I 3151.96] Elapsed: 52:32, vertices: 3400, facets final: 12031, pending: 5332, pool: 75
I 3156.97] Elapsed: 52:37, vertices: 3400, facets final: 12063, pending: 5300
I 3162.04] Elapsed: 52:42, vertices: 3400, facets final: 12097, pending: 5266
I 3167.08] Elapsed: 52:47, vertices: 3400, facets final: 12129, pending: 5234
I 3172.12] Elapsed: 52:52, vertices: 3400, facets final: 12164, pending: 5199
I 3173.30] recalculating facets...
I 3177.14] Elapsed: 52:57, vertices: 3402, facets final: 12195, pending: 5165, pool: 75
I 3182.25] Elapsed: 53:02, vertices: 3403, facets final: 12227, pending: 5130, pool: 74
I 3187.49] Elapsed: 53:07, vertices: 3403, facets final: 12260, pending: 5097
I 3192.70] Elapsed: 53:13, vertices: 3403, facets final: 12291, pending: 5066
I 3197.85] Elapsed: 53:18, vertices: 3403, facets final: 12325, pending: 5032
I 3202.87] Elapsed: 53:23, vertices: 3403, facets final: 12357, pending: 5000
I 3207.87] Elapsed: 53:28, vertices: 3405, facets final: 12386, pending: 4967, pool: 72
I 3212.90] Elapsed: 53:33, vertices: 3405, facets final: 12413, pending: 4940
I 3217.99] Elapsed: 53:38, vertices: 3405, facets final: 12451, pending: 4902
I 3223.17] Elapsed: 53:43, vertices: 3407, facets final: 12481, pending: 4868, pool: 73
I 3228.21] Elapsed: 53:48, vertices: 3407, facets final: 12513, pending: 4836
I 3233.29] Elapsed: 53:53, vertices: 3407, facets final: 12544, pending: 4805
I 3238.29] Elapsed: 53:58, vertices: 3407, facets final: 12578, pending: 4771
I 3243.34] Elapsed: 54:03, vertices: 3407, facets final: 12610, pending: 4739
I 3248.43] Elapsed: 54:08, vertices: 3407, facets final: 12638, pending: 4711
I 3253.59] Elapsed: 54:14, vertices: 3408, facets final: 12670, pending: 4681, pool: 73
I 3258.62] Elapsed: 54:19, vertices: 3409, facets final: 12698, pending: 4651, pool: 72
I 3263.65] Elapsed: 54:24, vertices: 3411, facets final: 12727, pending: 4625, pool: 71
I 3268.72] Elapsed: 54:29, vertices: 3412, facets final: 12753, pending: 4597, pool: 72
I 3273.77] Elapsed: 54:34, vertices: 3412, facets final: 12780, pending: 4570
I 3278.77] Elapsed: 54:39, vertices: 3413, facets final: 12810, pending: 4540, pool: 73
I 3283.82] Elapsed: 54:44, vertices: 3415, facets final: 12839, pending: 4507, pool: 71
I 3288.97] Elapsed: 54:49, vertices: 3415, facets final: 12869, pending: 4477
I 3294.00] Elapsed: 54:54, vertices: 3415, facets final: 12896, pending: 4450
I 3299.15] Elapsed: 54:59, vertices: 3415, facets final: 12930, pending: 4416
I 3304.30] Elapsed: 55:04, vertices: 3416, facets final: 12964, pending: 4378, pool: 72
I 3309.34] Elapsed: 55:09, vertices: 3416, facets final: 12994, pending: 4348
I 3314.41] Elapsed: 55:14, vertices: 3418, facets final: 13022, pending: 4315, pool: 70
I 3319.43] Elapsed: 55:19, vertices: 3418, facets final: 13049, pending: 4288
I 3324.44] Elapsed: 55:24, vertices: 3418, facets final: 13081, pending: 4256
I 3329.52] Elapsed: 55:30, vertices: 3418, facets final: 13114, pending: 4223
I 3334.68] Elapsed: 55:35, vertices: 3419, facets final: 13144, pending: 4188, pool: 71
I 3339.77] Elapsed: 55:40, vertices: 3419, facets final: 13176, pending: 4156
I 3344.79] Elapsed: 55:45, vertices: 3420, facets final: 13207, pending: 4124, pool: 72
I 3349.94] Elapsed: 55:50, vertices: 3420, facets final: 13238, pending: 4093
I 3355.05] Elapsed: 55:55, vertices: 3420, facets final: 13272, pending: 4059
I 3360.18] Elapsed: 56:00, vertices: 3421, facets final: 13305, pending: 4024, pool: 72
I 3365.18] Elapsed: 56:05, vertices: 3422, facets final: 13334, pending: 3994, pool: 73
I 3370.23] Elapsed: 56:10, vertices: 3423, facets final: 13364, pending: 3962, pool: 72
I 3375.31] Elapsed: 56:15, vertices: 3424, facets final: 13399, pending: 3928, pool: 71
I 3380.35] Elapsed: 56:20, vertices: 3424, facets final: 13429, pending: 3898
I 3385.47] Elapsed: 56:25, vertices: 3424, facets final: 13462, pending: 3865
I 3390.64] Elapsed: 56:31, vertices: 3425, facets final: 13494, pending: 3831, pool: 71
I 3395.74] Elapsed: 56:36, vertices: 3425, facets final: 13522, pending: 3803
I 3400.78] Elapsed: 56:41, vertices: 3425, facets final: 13552, pending: 3773
I 3405.84] Elapsed: 56:46, vertices: 3426, facets final: 13583, pending: 3739, pool: 73
I 3411.04] Elapsed: 56:51, vertices: 3426, facets final: 13613, pending: 3709
I 3416.17] Elapsed: 56:56, vertices: 3427, facets final: 13644, pending: 3675, pool: 73
I 3421.25] Elapsed: 57:01, vertices: 3427, facets final: 13678, pending: 3641
I 3426.36] Elapsed: 57:06, vertices: 3427, facets final: 13710, pending: 3609
I 3431.44] Elapsed: 57:11, vertices: 3428, facets final: 13741, pending: 3576, pool: 72
I 3436.50] Elapsed: 57:17, vertices: 3428, facets final: 13776, pending: 3541
I 3441.51] Elapsed: 57:22, vertices: 3429, facets final: 13810, pending: 3505, pool: 72
I 3446.70] Elapsed: 57:27, vertices: 3430, facets final: 13845, pending: 3468, pool: 71
I 3451.78] Elapsed: 57:32, vertices: 3430, facets final: 13875, pending: 3438
I 3456.83] Elapsed: 57:37, vertices: 3431, facets final: 13905, pending: 3405, pool: 72
I 3461.92] Elapsed: 57:42, vertices: 3431, facets final: 13938, pending: 3372
I 3467.06] Elapsed: 57:47, vertices: 3432, facets final: 13967, pending: 3341, pool: 71
I 3472.17] Elapsed: 57:52, vertices: 3432, facets final: 13996, pending: 3312
I 3477.28] Elapsed: 57:57, vertices: 3432, facets final: 14030, pending: 3278
I 3482.65] Elapsed: 58:03, vertices: 3433, facets final: 14059, pending: 3247, pool: 70
I 3487.68] Elapsed: 58:08, vertices: 3433, facets final: 14090, pending: 3216
I 3492.80] Elapsed: 58:13, vertices: 3434, facets final: 14125, pending: 3179, pool: 70
I 3497.89] Elapsed: 58:18, vertices: 3435, facets final: 14158, pending: 3141, pool: 71
I 3502.93] Elapsed: 58:23, vertices: 3435, facets final: 14195, pending: 3104
I 3508.05] Elapsed: 58:28, vertices: 3436, facets final: 14226, pending: 3071, pool: 70
I 3513.13] Elapsed: 58:33, vertices: 3436, facets final: 14261, pending: 3036
I 3518.26] Elapsed: 58:38, vertices: 3437, facets final: 14288, pending: 3007, pool: 70
I 3523.37] Elapsed: 58:43, vertices: 3437, facets final: 14322, pending: 2973
I 3528.48] Elapsed: 58:48, vertices: 3438, facets final: 14355, pending: 2938, pool: 69
I 3533.53] Elapsed: 58:54, vertices: 3438, facets final: 14387, pending: 2906
I 3538.54] Elapsed: 58:59, vertices: 3439, facets final: 14419, pending: 2872, pool: 68
I 3543.60] Elapsed: 59:04, vertices: 3440, facets final: 14453, pending: 2835, pool: 69
I 3548.71] Elapsed: 59:09, vertices: 3441, facets final: 14483, pending: 2804, pool: 70
I 3553.80] Elapsed: 59:14, vertices: 3442, facets final: 14518, pending: 2766, pool: 69
I 3559.01] Elapsed: 59:19, vertices: 3443, facets final: 14551, pending: 2729, pool: 70
I 3564.11] Elapsed: 59:24, vertices: 3443, facets final: 14580, pending: 2700
I 3569.13] Elapsed: 59:29, vertices: 3444, facets final: 14609, pending: 2671, pool: 72
I 3574.22] Elapsed: 59:34, vertices: 3445, facets final: 14639, pending: 2638, pool: 71
I 3579.23] Elapsed: 59:39, vertices: 3445, facets final: 14670, pending: 2607
I 3584.31] Elapsed: 59:44, vertices: 3446, facets final: 14700, pending: 2575, pool: 70
I 3589.36] Elapsed: 59:49, vertices: 3447, facets final: 14732, pending: 2541, pool: 70
I 3594.51] Elapsed: 59:55, vertices: 3448, facets final: 14764, pending: 2511, pool: 69
I 3599.52] Elapsed: 1:00:00, vertices: 3449, facets final: 14795, pending: 2488, pool: 68
I 3604.69] Elapsed: 1:00:05, vertices: 3449, facets final: 14829, pending: 2454
I 3609.90] Elapsed: 1:00:10, vertices: 3450, facets final: 14861, pending: 2419, pool: 68
I 3615.07] Elapsed: 1:00:15, vertices: 3451, facets final: 14893, pending: 2386, pool: 67
I 3620.30] Elapsed: 1:00:20, vertices: 3452, facets final: 14927, pending: 2349, pool: 67
I 3625.30] Elapsed: 1:00:25, vertices: 3453, facets final: 14961, pending: 2314, pool: 66
I 3630.46] Elapsed: 1:00:30, vertices: 3454, facets final: 14993, pending: 2282, pool: 65
I 3635.54] Elapsed: 1:00:36, vertices: 3455, facets final: 15026, pending: 2248, pool: 67
I 3640.70] Elapsed: 1:00:41, vertices: 3455, facets final: 15059, pending: 2215
I 3645.76] Elapsed: 1:00:46, vertices: 3456, facets final: 15091, pending: 2186, pool: 66
I 3650.88] Elapsed: 1:00:51, vertices: 3456, facets final: 15124, pending: 2153
I 3655.97] Elapsed: 1:00:56, vertices: 3457, facets final: 15159, pending: 2117, pool: 65
I 3661.04] Elapsed: 1:01:01, vertices: 3457, facets final: 15193, pending: 2083
I 3666.29] Elapsed: 1:01:06, vertices: 3458, facets final: 15224, pending: 2051, pool: 65
I 3671.39] Elapsed: 1:01:11, vertices: 3459, facets final: 15259, pending: 2013, pool: 65
I 3676.40] Elapsed: 1:01:16, vertices: 3459, facets final: 15294, pending: 1978
I 3681.45] Elapsed: 1:01:21, vertices: 3460, facets final: 15323, pending: 1948, pool: 65
I 3686.54] Elapsed: 1:01:27, vertices: 3461, facets final: 15354, pending: 1917, pool: 65
I 3691.58] Elapsed: 1:01:32, vertices: 3462, facets final: 15385, pending: 1886, pool: 64
I 3696.66] Elapsed: 1:01:37, vertices: 3463, facets final: 15415, pending: 1855, pool: 64
I 3701.75] Elapsed: 1:01:42, vertices: 3464, facets final: 15447, pending: 1822, pool: 63
I 3706.84] Elapsed: 1:01:47, vertices: 3465, facets final: 15479, pending: 1797, pool: 63
I 3711.94] Elapsed: 1:01:52, vertices: 3466, facets final: 15509, pending: 1773, pool: 63
I 3716.96] Elapsed: 1:01:57, vertices: 3467, facets final: 15543, pending: 1738, pool: 62
I 3722.07] Elapsed: 1:02:02, vertices: 3468, facets final: 15576, pending: 1705, pool: 62
I 3727.08] Elapsed: 1:02:07, vertices: 3470, facets final: 15606, pending: 1674, pool: 60
I 3732.27] Elapsed: 1:02:12, vertices: 3471, facets final: 15639, pending: 1640, pool: 59
I 3737.32] Elapsed: 1:02:17, vertices: 3472, facets final: 15668, pending: 1616, pool: 58
I 3742.32] Elapsed: 1:02:22, vertices: 3473, facets final: 15697, pending: 1585, pool: 58
I 3747.37] Elapsed: 1:02:27, vertices: 3474, facets final: 15733, pending: 1548, pool: 57
I 3752.37] Elapsed: 1:02:32, vertices: 3475, facets final: 15765, pending: 1515, pool: 56
I 3757.48] Elapsed: 1:02:37, vertices: 3476, facets final: 15794, pending: 1485, pool: 55
I 3762.55] Elapsed: 1:02:43, vertices: 3477, facets final: 15828, pending: 1451, pool: 55
I 3767.61] Elapsed: 1:02:48, vertices: 3479, facets final: 15860, pending: 1417, pool: 54
I 3772.66] Elapsed: 1:02:53, vertices: 3480, facets final: 15893, pending: 1383, pool: 53
I 3777.77] Elapsed: 1:02:58, vertices: 3481, facets final: 15929, pending: 1346, pool: 52
I 3782.86] Elapsed: 1:03:03, vertices: 3482, facets final: 15960, pending: 1314, pool: 51
I 3787.93] Elapsed: 1:03:08, vertices: 3484, facets final: 15995, pending: 1278, pool: 49
I 3792.94] Elapsed: 1:03:13, vertices: 3485, facets final: 16031, pending: 1242, pool: 48
I 3797.94] Elapsed: 1:03:18, vertices: 3485, facets final: 16063, pending: 1210
I 3803.10] Elapsed: 1:03:23, vertices: 3487, facets final: 16098, pending: 1173, pool: 46
I 3808.17] Elapsed: 1:03:28, vertices: 3488, facets final: 16130, pending: 1140, pool: 44
I 3813.21] Elapsed: 1:03:33, vertices: 3489, facets final: 16162, pending: 1107
I 3818.30] Elapsed: 1:03:38, vertices: 3491, facets final: 16190, pending: 1077, pool: 44
I 3823.32] Elapsed: 1:03:43, vertices: 3492, facets final: 16220, pending: 1048, pool: 44
I 3828.45] Elapsed: 1:03:48, vertices: 3493, facets final: 16255, pending: 1013, pool: 43
I 3833.52] Elapsed: 1:03:54, vertices: 3494, facets final: 16286, pending: 985, pool: 42
I 3838.53] Elapsed: 1:03:59, vertices: 3495, facets final: 16318, pending: 952, pool: 41
I 3843.53] Elapsed: 1:04:04, vertices: 3497, facets final: 16350, pending: 918, pool: 39
I 3848.59] Elapsed: 1:04:09, vertices: 3497, facets final: 16386, pending: 882
I 3853.69] Elapsed: 1:04:14, vertices: 3499, facets final: 16419, pending: 855, pool: 39
I 3858.78] Elapsed: 1:04:19, vertices: 3500, facets final: 16452, pending: 820, pool: 40
I 3860.90] recalculating facets...
I 3863.80] Elapsed: 1:04:24, vertices: 3501, facets final: 16482, pending: 791, pool: 39
I 3869.00] Elapsed: 1:04:29, vertices: 3503, facets final: 16516, pending: 755, pool: 39
I 3874.00] Elapsed: 1:04:34, vertices: 3504, facets final: 16543, pending: 727, pool: 41
I 3879.16] Elapsed: 1:04:39, vertices: 3505, facets final: 16573, pending: 700, pool: 41
I 3884.24] Elapsed: 1:04:44, vertices: 3506, facets final: 16608, pending: 664, pool: 40
I 3889.42] Elapsed: 1:04:49, vertices: 3507, facets final: 16642, pending: 629, pool: 39
I 3894.44] Elapsed: 1:04:54, vertices: 3509, facets final: 16674, pending: 595, pool: 39
I 3899.54] Elapsed: 1:05:00, vertices: 3511, facets final: 16707, pending: 561, pool: 37
I 3904.56] Elapsed: 1:05:05, vertices: 3513, facets final: 16738, pending: 521, pool: 38
I 3909.64] Elapsed: 1:05:10, vertices: 3515, facets final: 16771, pending: 485, pool: 36
I 3914.76] Elapsed: 1:05:15, vertices: 3518, facets final: 16805, pending: 453, pool: 34
I 3919.90] Elapsed: 1:05:20, vertices: 3522, facets final: 16837, pending: 417, pool: 31
I 3925.03] Elapsed: 1:05:25, vertices: 3526, facets final: 16866, pending: 384, pool: 28
I 3930.03] Elapsed: 1:05:30, vertices: 3529, facets final: 16899, pending: 349, pool: 25
I 3935.19] Elapsed: 1:05:35, vertices: 3533, facets final: 16925, pending: 320, pool: 22
I 3940.34] Elapsed: 1:05:40, vertices: 3536, facets final: 16957, pending: 287, pool: 19
I 3945.34] Elapsed: 1:05:45, vertices: 3539, facets final: 16989, pending: 253, pool: 16
I 3950.41] Elapsed: 1:05:50, vertices: 3541, facets final: 17022, pending: 218, pool: 14
I 3955.55] Elapsed: 1:05:56, vertices: 3542, facets final: 17055, pending: 182, pool: 14
I 3960.64] Elapsed: 1:06:01, vertices: 3554, facets final: 17084, pending: 145, pool: 4
I 3965.70] Elapsed: 1:06:06, vertices: 3558, facets final: 17125, pending: 104, pool: 3
I 3970.80] Elapsed: 1:06:11, vertices: 3567, facets final: 17156, pending: 59, pool: 4
I 3975.81] Elapsed: 1:06:16, vertices: 3580, facets final: 17188, pending: 25, pool: 2
I 3978.82] Elapsed: 1:06:19, vertices: 3590, facets final: 17205, pending: 0

--------------------------------
Problem completed
 name                    120.vlp
 output                  vlp/120.res
 rows, cols, objs        177, 4601, 10
 vertices, facets        3590, 17205
 total time              1:06:19
--------------------------------
Statistics
LP:
 oracle calls            21177
   avg iterations/calls  230.14
 total oracle time       54:02
Combinatorics:
 vertices added          3590
 facets probed           32975
 facets # max            31178
 memory allocated        38.84M
 storage expansion
   vertices # / upto     29 / 3708
   facets   # / upto     8 / 32764
 facet manipulating
   added avg / max       113.53 / 1.64k
   compressed            185
 number of ridge tests
   avg / max             2.57M / 29.38M
--------------------------------
Parameters with non-default values
 VertexPoolSize = 100
