C copy string: rs=ac:bd;t=b:adr;u=b:ars;ar,br,cr,d;ar,br,c,dr; ineq: base30.txt
I    5.40] Elapsed: 5.40, vertices: 20, facets final: 7, pending: 528, pool: 4
I   10.64] Elapsed: 10.64, vertices: 26, facets final: 10, pending: 939, pool: 22
I   15.65] Elapsed: 15.65, vertices: 37, facets final: 10, pending: 2002, pool: 37
I   20.68] Elapsed: 20.68, vertices: 45, facets final: 11, pending: 3085, pool: 57
I   25.75] Elapsed: 25.75, vertices: 56, facets final: 12, pending: 5319, pool: 69
I   31.15] Elapsed: 31.15, vertices: 72, facets final: 12, pending: 7992, pool: 78
I   36.31] Elapsed: 36.31, vertices: 82, facets final: 13, pending: 9740, pool: 99
I   41.32] Elapsed: 41.32, vertices: 99, facets final: 15, pending: 12407, pool: 98
I   41.71] recalculating facets...
I   46.52] Elapsed: 46.52, vertices: 114, facets final: 15, pending: 12751, pool: 100
I   51.54] Elapsed: 51.54, vertices: 133, facets final: 15, pending: 13898, pool: 100
I   56.55] Elapsed: 56.55, vertices: 149, facets final: 17, pending: 15289, pool: 100
I   61.57] Elapsed: 1:02, vertices: 166, facets final: 19, pending: 15355, pool: 100
I   66.64] Elapsed: 1:07, vertices: 185, facets final: 20, pending: 14725, pool: 100
I   70.16] recalculating facets...
I   71.74] Elapsed: 1:12, vertices: 206, facets final: 21, pending: 14535, pool: 100
I   76.79] Elapsed: 1:17, vertices: 225, facets final: 24, pending: 14336, pool: 100
I   81.82] Elapsed: 1:22, vertices: 244, facets final: 27, pending: 15566, pool: 99
I   86.89] Elapsed: 1:27, vertices: 264, facets final: 27, pending: 15116, pool: 100
I   92.03] Elapsed: 1:32, vertices: 280, facets final: 34, pending: 14361, pool: 100
I   97.10] Elapsed: 1:37, vertices: 299, facets final: 40, pending: 14009, pool: 100
I   97.53] recalculating facets...
I  102.22] Elapsed: 1:42, vertices: 319, facets final: 43, pending: 12790, pool: 100
I  107.27] Elapsed: 1:47, vertices: 337, facets final: 48, pending: 12128, pool: 100
I  112.34] Elapsed: 1:52, vertices: 356, facets final: 51, pending: 11571, pool: 98
I  117.36] Elapsed: 1:57, vertices: 372, facets final: 61, pending: 12151, pool: 100
I  122.40] Elapsed: 2:02, vertices: 391, facets final: 69, pending: 11996, pool: 99
I  125.33] recalculating facets...
I  127.50] Elapsed: 2:08, vertices: 408, facets final: 75, pending: 12136, pool: 100
I  132.56] Elapsed: 2:13, vertices: 425, facets final: 84, pending: 11881, pool: 100
I  137.67] Elapsed: 2:18, vertices: 442, facets final: 90, pending: 11909, pool: 100
I  142.74] Elapsed: 2:23, vertices: 458, facets final: 98, pending: 12177, pool: 100
I  147.76] Elapsed: 2:28, vertices: 478, facets final: 102, pending: 11967, pool: 99
I  152.83] Elapsed: 2:33, vertices: 496, facets final: 107, pending: 11626, pool: 100
I  153.99] recalculating facets...
I  158.12] Elapsed: 2:38, vertices: 513, facets final: 117, pending: 11367, pool: 100
I  163.24] Elapsed: 2:43, vertices: 529, facets final: 126, pending: 11028, pool: 100
I  168.37] Elapsed: 2:48, vertices: 545, facets final: 139, pending: 10667, pool: 100
I  173.53] Elapsed: 2:54, vertices: 564, facets final: 151, pending: 10236, pool: 100
I  178.63] Elapsed: 2:59, vertices: 583, facets final: 163, pending: 10068, pool: 100
I  183.75] Elapsed: 3:04, vertices: 598, facets final: 178, pending: 9694, pool: 100
I  184.27] recalculating facets...
I  188.92] Elapsed: 3:09, vertices: 617, facets final: 184, pending: 9402, pool: 99
I  194.08] Elapsed: 3:14, vertices: 632, facets final: 196, pending: 9399, pool: 100
I  199.21] Elapsed: 3:19, vertices: 642, facets final: 210, pending: 9211, pool: 100
I  204.22] Elapsed: 3:24, vertices: 657, facets final: 221, pending: 9318, pool: 100
I  209.45] Elapsed: 3:29, vertices: 673, facets final: 229, pending: 9306, pool: 99
I  214.57] Elapsed: 3:35, vertices: 690, facets final: 239, pending: 9029, pool: 100
I  217.47] recalculating facets...
I  219.69] Elapsed: 3:40, vertices: 705, facets final: 253, pending: 8811, pool: 99
I  224.71] Elapsed: 3:45, vertices: 720, facets final: 264, pending: 8561, pool: 100
I  229.71] Elapsed: 3:50, vertices: 734, facets final: 276, pending: 8338, pool: 100
I  234.91] Elapsed: 3:55, vertices: 744, facets final: 298, pending: 8356, pool: 100
I  240.02] Elapsed: 4:00, vertices: 758, facets final: 309, pending: 8412, pool: 99
I  245.05] Elapsed: 4:05, vertices: 772, facets final: 318, pending: 8323, pool: 99
I  250.13] Elapsed: 4:10, vertices: 790, facets final: 331, pending: 8195, pool: 100
I  255.41] Elapsed: 4:15, vertices: 799, facets final: 351, pending: 8118, pool: 100
I  255.66] recalculating facets...
I  260.50] Elapsed: 4:21, vertices: 808, facets final: 372, pending: 7958, pool: 100
I  265.60] Elapsed: 4:26, vertices: 819, facets final: 390, pending: 7842, pool: 99
I  270.64] Elapsed: 4:31, vertices: 832, facets final: 406, pending: 7783, pool: 100
I  275.71] Elapsed: 4:36, vertices: 844, facets final: 425, pending: 7755, pool: 100
I  280.73] Elapsed: 4:41, vertices: 854, facets final: 443, pending: 7515, pool: 99
I  285.90] Elapsed: 4:46, vertices: 865, facets final: 463, pending: 7358, pool: 99
I  290.95] Elapsed: 4:51, vertices: 879, facets final: 476, pending: 7139, pool: 100
I  295.95] Elapsed: 4:56, vertices: 888, facets final: 500, pending: 6981, pool: 100
I  300.99] Elapsed: 5:01, vertices: 896, facets final: 521, pending: 6878, pool: 98
I  303.89] recalculating facets...
I  305.99] Elapsed: 5:06, vertices: 903, facets final: 542, pending: 6745, pool: 98
I  311.09] Elapsed: 5:11, vertices: 912, facets final: 564, pending: 6644, pool: 99
I  316.20] Elapsed: 5:16, vertices: 921, facets final: 583, pending: 6509, pool: 100
I  321.31] Elapsed: 5:21, vertices: 937, facets final: 600, pending: 6233, pool: 98
I  326.39] Elapsed: 5:26, vertices: 944, facets final: 626, pending: 6100, pool: 100
I  331.40] Elapsed: 5:31, vertices: 947, facets final: 653, pending: 6074, pool: 98
I  336.44] Elapsed: 5:36, vertices: 956, facets final: 677, pending: 6027, pool: 100
I  341.61] Elapsed: 5:42, vertices: 967, facets final: 697, pending: 5892, pool: 100
I  346.75] Elapsed: 5:47, vertices: 980, facets final: 714, pending: 5837, pool: 98
I  351.84] Elapsed: 5:52, vertices: 985, facets final: 740, pending: 5744, pool: 98
I  356.92] Elapsed: 5:57, vertices: 994, facets final: 763, pending: 5821, pool: 97
I  360.62] recalculating facets...
I  362.19] Elapsed: 6:02, vertices: 1002, facets final: 785, pending: 5751, pool: 100
I  367.27] Elapsed: 6:07, vertices: 1009, facets final: 806, pending: 5719, pool: 99
I  372.29] Elapsed: 6:12, vertices: 1015, facets final: 830, pending: 5632, pool: 98
I  377.41] Elapsed: 6:17, vertices: 1020, facets final: 857, pending: 5565, pool: 100
I  382.57] Elapsed: 6:23, vertices: 1026, facets final: 886, pending: 5489, pool: 97
I  387.58] Elapsed: 6:28, vertices: 1034, facets final: 910, pending: 5439, pool: 98
I  392.69] Elapsed: 6:33, vertices: 1039, facets final: 938, pending: 5392, pool: 96
I  397.71] Elapsed: 6:38, vertices: 1043, facets final: 963, pending: 5359, pool: 97
I  402.94] Elapsed: 6:43, vertices: 1047, facets final: 987, pending: 5297, pool: 98
I  407.98] Elapsed: 6:48, vertices: 1052, facets final: 1012, pending: 5240, pool: 97
I  413.00] Elapsed: 6:53, vertices: 1056, facets final: 1040, pending: 5194, pool: 97
I  418.04] Elapsed: 6:58, vertices: 1059, facets final: 1072, pending: 5132, pool: 98
I  423.12] Elapsed: 7:03, vertices: 1061, facets final: 1105, pending: 5080, pool: 97
I  428.28] Elapsed: 7:08, vertices: 1066, facets final: 1132, pending: 4997, pool: 99
I  433.41] Elapsed: 7:13, vertices: 1069, facets final: 1160, pending: 4950, pool: 99
I  438.45] Elapsed: 7:18, vertices: 1074, facets final: 1186, pending: 4994, pool: 100
I  443.59] Elapsed: 7:24, vertices: 1080, facets final: 1215, pending: 4958, pool: 95
I  448.79] Elapsed: 7:29, vertices: 1082, facets final: 1246, pending: 4907, pool: 97
I  453.83] Elapsed: 7:34, vertices: 1084, facets final: 1277, pending: 4860, pool: 96
I  458.92] Elapsed: 7:39, vertices: 1088, facets final: 1302, pending: 4769, pool: 98
I  463.93] Elapsed: 7:44, vertices: 1094, facets final: 1327, pending: 4714, pool: 98
I  469.09] Elapsed: 7:49, vertices: 1097, facets final: 1357, pending: 4662, pool: 98
I  474.13] Elapsed: 7:54, vertices: 1100, facets final: 1384, pending: 4643, pool: 98
I  474.50] recalculating facets...
I  479.24] Elapsed: 7:59, vertices: 1105, facets final: 1407, pending: 4633, pool: 96
I  484.41] Elapsed: 8:04, vertices: 1109, facets final: 1435, pending: 4583, pool: 99
I  489.59] Elapsed: 8:10, vertices: 1113, facets final: 1465, pending: 4559, pool: 95
I  494.71] Elapsed: 8:15, vertices: 1119, facets final: 1491, pending: 4490, pool: 98
I  499.74] Elapsed: 8:20, vertices: 1123, facets final: 1521, pending: 4445, pool: 96
I  504.78] Elapsed: 8:25, vertices: 1128, facets final: 1546, pending: 4385, pool: 93
I  509.82] Elapsed: 8:30, vertices: 1130, facets final: 1573, pending: 4344, pool: 96
I  515.04] Elapsed: 8:35, vertices: 1135, facets final: 1600, pending: 4307, pool: 96
I  520.09] Elapsed: 8:40, vertices: 1139, facets final: 1630, pending: 4248, pool: 95
I  525.19] Elapsed: 8:45, vertices: 1143, facets final: 1659, pending: 4223, pool: 93
I  530.21] Elapsed: 8:50, vertices: 1148, facets final: 1689, pending: 4175, pool: 92
I  535.23] Elapsed: 8:55, vertices: 1149, facets final: 1717, pending: 4145, pool: 91
I  540.33] Elapsed: 9:00, vertices: 1154, facets final: 1745, pending: 4095, pool: 94
I  545.64] Elapsed: 9:06, vertices: 1157, facets final: 1771, pending: 4070, pool: 98
I  550.69] Elapsed: 9:11, vertices: 1160, facets final: 1801, pending: 4057, pool: 99
I  555.70] Elapsed: 9:16, vertices: 1163, facets final: 1831, pending: 4014, pool: 97
I  560.98] Elapsed: 9:21, vertices: 1168, facets final: 1856, pending: 3987, pool: 93
I  566.06] Elapsed: 9:26, vertices: 1170, facets final: 1885, pending: 3976, pool: 99
I  571.12] Elapsed: 9:31, vertices: 1175, facets final: 1918, pending: 3972, pool: 98
I  576.18] Elapsed: 9:36, vertices: 1178, facets final: 1949, pending: 3946, pool: 95
I  581.24] Elapsed: 9:41, vertices: 1183, facets final: 1973, pending: 3892, pool: 97
I  586.26] Elapsed: 9:46, vertices: 1186, facets final: 2007, pending: 3830, pool: 98
I  591.33] Elapsed: 9:51, vertices: 1191, facets final: 2034, pending: 3775, pool: 93
I  596.47] Elapsed: 9:56, vertices: 1195, facets final: 2065, pending: 3725, pool: 91
I  601.50] Elapsed: 10:02, vertices: 1197, facets final: 2099, pending: 3691, pool: 92
I  606.54] Elapsed: 10:07, vertices: 1198, facets final: 2132, pending: 3652, pool: 91
I  611.81] Elapsed: 10:12, vertices: 1200, facets final: 2166, pending: 3601, pool: 90
I  613.90] recalculating facets...
I  616.83] Elapsed: 10:17, vertices: 1202, facets final: 2194, pending: 3555, pool: 92
I  621.87] Elapsed: 10:22, vertices: 1206, facets final: 2224, pending: 3499, pool: 90
I  626.97] Elapsed: 10:27, vertices: 1209, facets final: 2260, pending: 3506, pool: 89
I  632.02] Elapsed: 10:32, vertices: 1210, facets final: 2294, pending: 3453, pool: 90
I  637.14] Elapsed: 10:37, vertices: 1211, facets final: 2326, pending: 3410, pool: 91
I  642.16] Elapsed: 10:42, vertices: 1212, facets final: 2357, pending: 3374, pool: 93
I  647.20] Elapsed: 10:47, vertices: 1214, facets final: 2389, pending: 3328, pool: 92
I  652.31] Elapsed: 10:52, vertices: 1215, facets final: 2419, pending: 3292, pool: 92
I  657.36] Elapsed: 10:57, vertices: 1218, facets final: 2446, pending: 3256, pool: 91
I  662.50] Elapsed: 11:03, vertices: 1221, facets final: 2471, pending: 3223, pool: 89
I  667.69] Elapsed: 11:08, vertices: 1225, facets final: 2500, pending: 3184, pool: 90
I  672.70] Elapsed: 11:13, vertices: 1227, facets final: 2525, pending: 3141, pool: 91
I  677.81] Elapsed: 11:18, vertices: 1229, facets final: 2557, pending: 3127, pool: 89
I  682.86] Elapsed: 11:23, vertices: 1231, facets final: 2586, pending: 3096, pool: 87
I  687.93] Elapsed: 11:28, vertices: 1233, facets final: 2612, pending: 3060, pool: 86
I  693.17] Elapsed: 11:33, vertices: 1233, facets final: 2641, pending: 3031
I  698.37] Elapsed: 11:38, vertices: 1235, facets final: 2671, pending: 2991, pool: 87
I  703.39] Elapsed: 11:43, vertices: 1237, facets final: 2701, pending: 2962, pool: 88
I  708.58] Elapsed: 11:49, vertices: 1241, facets final: 2725, pending: 2936, pool: 86
I  713.58] Elapsed: 11:54, vertices: 1244, facets final: 2751, pending: 2885, pool: 86
I  718.68] Elapsed: 11:59, vertices: 1246, facets final: 2777, pending: 2850, pool: 85
I  723.77] Elapsed: 12:04, vertices: 1247, facets final: 2807, pending: 2816, pool: 84
I  728.87] Elapsed: 12:09, vertices: 1252, facets final: 2832, pending: 2776, pool: 80
I  733.91] Elapsed: 12:14, vertices: 1252, facets final: 2866, pending: 2742
I  739.10] Elapsed: 12:19, vertices: 1252, facets final: 2899, pending: 2709
I  744.12] Elapsed: 12:24, vertices: 1254, facets final: 2927, pending: 2673, pool: 79
I  749.18] Elapsed: 12:29, vertices: 1255, facets final: 2954, pending: 2642, pool: 80
I  754.19] Elapsed: 12:34, vertices: 1255, facets final: 2986, pending: 2610
I  759.21] Elapsed: 12:39, vertices: 1257, facets final: 3016, pending: 2580, pool: 80
I  764.33] Elapsed: 12:44, vertices: 1259, facets final: 3041, pending: 2549, pool: 80
I  769.60] Elapsed: 12:50, vertices: 1260, facets final: 3070, pending: 2522, pool: 81
I  774.91] Elapsed: 12:55, vertices: 1260, facets final: 3102, pending: 2490
I  779.93] Elapsed: 13:00, vertices: 1261, facets final: 3128, pending: 2469, pool: 82
I  784.97] Elapsed: 13:05, vertices: 1262, facets final: 3156, pending: 2439, pool: 82
I  790.13] Elapsed: 13:10, vertices: 1262, facets final: 3187, pending: 2408
I  795.24] Elapsed: 13:15, vertices: 1264, facets final: 3213, pending: 2377, pool: 81
I  800.32] Elapsed: 13:20, vertices: 1264, facets final: 3240, pending: 2350
I  805.36] Elapsed: 13:25, vertices: 1270, facets final: 3264, pending: 2300, pool: 80
I  810.37] Elapsed: 13:30, vertices: 1271, facets final: 3289, pending: 2280, pool: 80
I  815.38] Elapsed: 13:35, vertices: 1273, facets final: 3318, pending: 2242, pool: 79
I  820.41] Elapsed: 13:40, vertices: 1274, facets final: 3347, pending: 2209, pool: 78
I  825.54] Elapsed: 13:46, vertices: 1274, facets final: 3375, pending: 2181
I  830.66] Elapsed: 13:51, vertices: 1277, facets final: 3402, pending: 2153, pool: 76
I  835.72] Elapsed: 13:56, vertices: 1279, facets final: 3432, pending: 2115, pool: 74
I  840.73] Elapsed: 14:01, vertices: 1279, facets final: 3460, pending: 2087
I  845.79] Elapsed: 14:06, vertices: 1280, facets final: 3486, pending: 2068, pool: 75
I  850.82] Elapsed: 14:11, vertices: 1282, facets final: 3514, pending: 2030, pool: 76
I  855.94] Elapsed: 14:16, vertices: 1283, facets final: 3546, pending: 1996, pool: 75
I  861.14] Elapsed: 14:21, vertices: 1284, facets final: 3575, pending: 1965, pool: 75
I  866.17] Elapsed: 14:26, vertices: 1285, facets final: 3602, pending: 1937, pool: 74
I  871.17] Elapsed: 14:31, vertices: 1286, facets final: 3632, pending: 1904, pool: 74
I  876.19] Elapsed: 14:36, vertices: 1288, facets final: 3659, pending: 1883, pool: 76
I  881.25] Elapsed: 14:41, vertices: 1288, facets final: 3689, pending: 1853
I  886.41] Elapsed: 14:46, vertices: 1290, facets final: 3715, pending: 1829, pool: 74
I  891.44] Elapsed: 14:51, vertices: 1293, facets final: 3742, pending: 1797, pool: 71
I  896.53] Elapsed: 14:57, vertices: 1293, facets final: 3767, pending: 1772
I  901.55] Elapsed: 15:02, vertices: 1293, facets final: 3799, pending: 1740
I  906.55] Elapsed: 15:07, vertices: 1294, facets final: 3830, pending: 1706, pool: 70
I  911.63] Elapsed: 15:12, vertices: 1294, facets final: 3860, pending: 1676
I  916.69] Elapsed: 15:17, vertices: 1294, facets final: 3887, pending: 1649, pool: 71
I  921.89] Elapsed: 15:22, vertices: 1297, facets final: 3917, pending: 1614, pool: 69
I  926.90] Elapsed: 15:27, vertices: 1298, facets final: 3942, pending: 1586, pool: 68
I  931.90] Elapsed: 15:32, vertices: 1299, facets final: 3970, pending: 1558, pool: 71
I  936.90] Elapsed: 15:37, vertices: 1300, facets final: 3996, pending: 1528, pool: 71
I  939.69] recalculating facets...
I  941.97] Elapsed: 15:42, vertices: 1302, facets final: 4024, pending: 1496, pool: 69
I  946.97] Elapsed: 15:47, vertices: 1304, facets final: 4053, pending: 1464, pool: 67
I  952.12] Elapsed: 15:52, vertices: 1304, facets final: 4083, pending: 1434
I  957.20] Elapsed: 15:57, vertices: 1305, facets final: 4113, pending: 1401, pool: 66
I  962.37] Elapsed: 16:02, vertices: 1307, facets final: 4141, pending: 1371, pool: 65
I  967.53] Elapsed: 16:08, vertices: 1307, facets final: 4167, pending: 1345
I  972.56] Elapsed: 16:13, vertices: 1309, facets final: 4201, pending: 1313, pool: 65
I  977.71] Elapsed: 16:18, vertices: 1311, facets final: 4227, pending: 1286, pool: 65
I  982.79] Elapsed: 16:23, vertices: 1312, facets final: 4262, pending: 1248, pool: 64
I  987.93] Elapsed: 16:28, vertices: 1314, facets final: 4294, pending: 1212, pool: 63
I  993.06] Elapsed: 16:33, vertices: 1318, facets final: 4318, pending: 1179, pool: 59
I  998.07] Elapsed: 16:38, vertices: 1320, facets final: 4349, pending: 1158, pool: 57
I 1003.34] Elapsed: 16:43, vertices: 1321, facets final: 4379, pending: 1128, pool: 56
I 1008.44] Elapsed: 16:48, vertices: 1324, facets final: 4411, pending: 1092, pool: 53
I 1013.52] Elapsed: 16:54, vertices: 1325, facets final: 4444, pending: 1058, pool: 52
I 1018.58] Elapsed: 16:59, vertices: 1327, facets final: 4473, pending: 1029, pool: 50
I 1023.67] Elapsed: 17:04, vertices: 1328, facets final: 4507, pending: 993, pool: 49
I 1028.69] Elapsed: 17:09, vertices: 1328, facets final: 4538, pending: 962
I 1033.72] Elapsed: 17:14, vertices: 1329, facets final: 4567, pending: 941, pool: 49
I 1038.76] Elapsed: 17:19, vertices: 1330, facets final: 4596, pending: 906, pool: 51
I 1043.82] Elapsed: 17:24, vertices: 1330, facets final: 4625, pending: 877
I 1048.86] Elapsed: 17:29, vertices: 1332, facets final: 4655, pending: 851, pool: 50
I 1054.02] Elapsed: 17:34, vertices: 1334, facets final: 4683, pending: 831, pool: 49
I 1059.05] Elapsed: 17:39, vertices: 1335, facets final: 4713, pending: 798, pool: 49
I 1064.11] Elapsed: 17:44, vertices: 1337, facets final: 4743, pending: 766, pool: 47
I 1069.13] Elapsed: 17:49, vertices: 1341, facets final: 4766, pending: 769, pool: 48
I 1074.33] Elapsed: 17:54, vertices: 1345, facets final: 4791, pending: 739, pool: 45
I 1079.33] Elapsed: 17:59, vertices: 1346, facets final: 4820, pending: 711, pool: 44
I 1084.39] Elapsed: 18:04, vertices: 1349, facets final: 4848, pending: 680, pool: 42
I 1089.50] Elapsed: 18:10, vertices: 1350, facets final: 4887, pending: 639, pool: 41
I 1094.62] Elapsed: 18:15, vertices: 1350, facets final: 4918, pending: 608
I 1099.91] Elapsed: 18:20, vertices: 1353, facets final: 4941, pending: 580, pool: 39
I 1105.12] Elapsed: 18:25, vertices: 1356, facets final: 4968, pending: 547, pool: 36
I 1110.17] Elapsed: 18:30, vertices: 1358, facets final: 5000, pending: 519, pool: 34
I 1115.37] Elapsed: 18:35, vertices: 1360, facets final: 5030, pending: 485, pool: 32
I 1120.39] Elapsed: 18:40, vertices: 1361, facets final: 5052, pending: 472, pool: 34
I 1125.46] Elapsed: 18:45, vertices: 1364, facets final: 5078, pending: 445, pool: 33
I 1130.59] Elapsed: 18:51, vertices: 1368, facets final: 5102, pending: 417, pool: 31
I 1135.69] Elapsed: 18:56, vertices: 1371, facets final: 5129, pending: 398, pool: 31
I 1140.75] Elapsed: 19:01, vertices: 1373, facets final: 5158, pending: 367, pool: 29
I 1145.93] Elapsed: 19:06, vertices: 1376, facets final: 5182, pending: 338, pool: 26
I 1151.14] Elapsed: 19:11, vertices: 1377, facets final: 5207, pending: 312, pool: 25
I 1156.50] Elapsed: 19:17, vertices: 1379, facets final: 5239, pending: 278, pool: 24
I 1161.51] Elapsed: 19:22, vertices: 1380, facets final: 5265, pending: 259, pool: 26
I 1166.78] Elapsed: 19:27, vertices: 1382, facets final: 5290, pending: 228, pool: 27
I 1171.78] Elapsed: 19:32, vertices: 1384, facets final: 5320, pending: 195, pool: 27
I 1176.84] Elapsed: 19:37, vertices: 1385, facets final: 5347, pending: 165, pool: 27
I 1181.88] Elapsed: 19:42, vertices: 1389, facets final: 5371, pending: 134, pool: 26
I 1187.10] Elapsed: 19:47, vertices: 1397, facets final: 5397, pending: 101, pool: 22
I 1188.32] recalculating facets...
I 1192.13] Elapsed: 19:52, vertices: 1409, facets final: 5419, pending: 64, pool: 16
I 1197.33] Elapsed: 19:57, vertices: 1421, facets final: 5440, pending: 35, pool: 7
I 1202.27] Elapsed: 20:02, vertices: 1433, facets final: 5466, pending: 0

--------------------------------
Problem completed
 name                    142.vlp
 output                  vlp/142.res
 rows, cols, objs        177, 4597, 10
 vertices, facets        1433, 5466
 total time              20:02
--------------------------------
Statistics
LP:
 oracle calls            7432
   avg iterations/calls  204.88
 total oracle time       18:23
Combinatorics:
 vertices added          1433
 facets probed           15614
 facets # max            15789
 memory allocated        10.48M
 storage expansion
   vertices # / upto     12 / 1532
   facets   # / upto     4 / 16380
 facet manipulating
   added avg / max       127.77 / 1.47k
   compressed            84
 number of ridge tests
   avg / max             1.38M / 21.26M
--------------------------------
Parameters with non-default values
 VertexPoolSize = 100
