C copy string: rs=cd:ab;tu=(cr)(dr):ab;ar,br,cr,d;ar,br,c,dr; ineq: base30.txt
I    2.72] recalculating facets...
I    5.07] Elapsed: 5.07, vertices: 49, facets final: 16, pending: 2380, pool: 87
I    6.03] recalculating facets...
I    9.16] recalculating facets...
I   10.11] Elapsed: 10.11, vertices: 99, facets final: 20, pending: 5666, pool: 175
I   12.20] recalculating facets...
I   14.67] recalculating facets...
I   15.14] Elapsed: 15.14, vertices: 154, facets final: 27, pending: 8647, pool: 223
I   17.33] recalculating facets...
I   19.72] recalculating facets...
I   20.15] Elapsed: 20.15, vertices: 214, facets final: 30, pending: 12096, pool: 237
I   22.35] recalculating facets...
I   24.92] recalculating facets...
I   25.16] Elapsed: 25.16, vertices: 272, facets final: 35, pending: 15669, pool: 249
I   27.56] recalculating facets...
I   30.16] Elapsed: 30.16, vertices: 327, facets final: 39, pending: 18393, pool: 250
I   30.47] recalculating facets...
I   33.64] recalculating facets...
I   35.20] Elapsed: 35.20, vertices: 375, facets final: 46, pending: 20383, pool: 250
I   36.79] recalculating facets...
I   40.19] recalculating facets...
I   40.24] Elapsed: 40.24, vertices: 421, facets final: 51, pending: 22289, pool: 250
I   43.73] recalculating facets...
I   45.24] Elapsed: 45.24, vertices: 461, facets final: 62, pending: 23873, pool: 250
I   47.45] recalculating facets...
I   50.31] Elapsed: 50.31, vertices: 505, facets final: 65, pending: 25367, pool: 250
I   50.95] recalculating facets...
I   54.81] recalculating facets...
I   55.33] Elapsed: 55.33, vertices: 544, facets final: 67, pending: 26839, pool: 250
I   58.56] recalculating facets...
I   60.34] Elapsed: 1:00, vertices: 585, facets final: 71, pending: 27779, pool: 250
I   62.63] recalculating facets...
I   65.38] Elapsed: 1:05, vertices: 621, facets final: 83, pending: 28747, pool: 250
I   66.73] recalculating facets...
I   70.38] Elapsed: 1:10, vertices: 657, facets final: 96, pending: 29287, pool: 250
I   70.88] recalculating facets...
I   75.40] Elapsed: 1:15, vertices: 690, facets final: 101, pending: 30829, pool: 250
I   75.50] recalculating facets...
I   80.11] recalculating facets...
I   80.44] Elapsed: 1:20, vertices: 722, facets final: 110, pending: 32205, pool: 250
I   84.72] recalculating facets...
I   85.47] Elapsed: 1:25, vertices: 754, facets final: 114, pending: 33074, pool: 250
I   89.79] recalculating facets...
I   90.55] Elapsed: 1:31, vertices: 785, facets final: 119, pending: 33330, pool: 250
I   94.64] recalculating facets...
I   95.61] Elapsed: 1:36, vertices: 815, facets final: 126, pending: 33515, pool: 250
I   99.45] recalculating facets...
I  100.63] Elapsed: 1:41, vertices: 847, facets final: 131, pending: 33543, pool: 250
I  103.95] recalculating facets...
I  105.68] Elapsed: 1:46, vertices: 881, facets final: 138, pending: 34457, pool: 250
I  109.17] recalculating facets...
I  110.70] Elapsed: 1:51, vertices: 908, facets final: 151, pending: 35126, pool: 249
I  114.45] recalculating facets...
I  115.74] Elapsed: 1:56, vertices: 937, facets final: 166, pending: 35257, pool: 250
I  119.72] recalculating facets...
I  120.74] Elapsed: 2:01, vertices: 966, facets final: 174, pending: 36003, pool: 250
I  124.69] recalculating facets...
I  125.76] Elapsed: 2:06, vertices: 996, facets final: 182, pending: 36909, pool: 250
I  130.22] recalculating facets...
I  130.76] Elapsed: 2:11, vertices: 1023, facets final: 192, pending: 36935, pool: 250
I  135.85] Elapsed: 2:16, vertices: 1048, facets final: 202, pending: 37461, pool: 250
I  136.29] recalculating facets...
I  140.85] Elapsed: 2:21, vertices: 1076, facets final: 206, pending: 38407, pool: 250
I  141.76] recalculating facets...
I  145.85] Elapsed: 2:26, vertices: 1102, facets final: 213, pending: 38715, pool: 250
I  147.68] recalculating facets...
I  150.85] Elapsed: 2:31, vertices: 1127, facets final: 222, pending: 39114, pool: 250
I  153.55] recalculating facets...
I  155.89] Elapsed: 2:36, vertices: 1153, facets final: 229, pending: 39819, pool: 250
I  159.03] recalculating facets...
I  160.95] Elapsed: 2:41, vertices: 1180, facets final: 243, pending: 40330, pool: 250
I  164.67] recalculating facets...
I  165.96] Elapsed: 2:46, vertices: 1208, facets final: 247, pending: 39806, pool: 249
I  170.28] recalculating facets...
I  170.99] Elapsed: 2:51, vertices: 1233, facets final: 260, pending: 40023, pool: 250
I  175.99] Elapsed: 2:56, vertices: 1260, facets final: 266, pending: 39750, pool: 250
I  176.13] recalculating facets...
I  181.06] Elapsed: 3:01, vertices: 1285, facets final: 273, pending: 39496, pool: 250
I  182.06] recalculating facets...
I  186.16] Elapsed: 3:06, vertices: 1312, facets final: 285, pending: 39846, pool: 250
I  188.06] recalculating facets...
I  191.19] Elapsed: 3:11, vertices: 1336, facets final: 291, pending: 39029, pool: 250
I  194.00] recalculating facets...
I  196.20] Elapsed: 3:16, vertices: 1362, facets final: 302, pending: 39142, pool: 250
I  199.49] recalculating facets...
I  201.23] Elapsed: 3:21, vertices: 1389, facets final: 310, pending: 39110, pool: 250
I  205.19] recalculating facets...
I  206.25] Elapsed: 3:26, vertices: 1416, facets final: 317, pending: 39482, pool: 250
I  210.78] recalculating facets...
I  211.37] Elapsed: 3:31, vertices: 1443, facets final: 334, pending: 39378, pool: 250
I  216.26] recalculating facets...
I  216.37] Elapsed: 3:36, vertices: 1471, facets final: 339, pending: 39489, pool: 250
I  221.40] Elapsed: 3:41, vertices: 1498, facets final: 352, pending: 39278, pool: 250
I  221.76] recalculating facets...
I  226.42] Elapsed: 3:46, vertices: 1524, facets final: 374, pending: 38787, pool: 250
I  227.39] recalculating facets...
I  231.47] Elapsed: 3:51, vertices: 1551, facets final: 384, pending: 38280, pool: 249
I  233.00] recalculating facets...
I  236.52] Elapsed: 3:57, vertices: 1578, facets final: 396, pending: 39301, pool: 250
I  238.73] recalculating facets...
I  241.53] Elapsed: 4:02, vertices: 1606, facets final: 405, pending: 39509, pool: 249
I  244.51] recalculating facets...
I  246.53] Elapsed: 4:07, vertices: 1630, facets final: 424, pending: 39609, pool: 250
I  250.45] recalculating facets...
I  251.57] Elapsed: 4:12, vertices: 1656, facets final: 440, pending: 39661, pool: 249
I  256.38] recalculating facets...
I  256.62] Elapsed: 4:17, vertices: 1681, facets final: 452, pending: 39743, pool: 250
I  261.68] Elapsed: 4:22, vertices: 1708, facets final: 474, pending: 39878, pool: 250
I  262.11] recalculating facets...
I  266.70] Elapsed: 4:27, vertices: 1732, facets final: 496, pending: 40118, pool: 250
I  268.50] recalculating facets...
I  271.72] Elapsed: 4:32, vertices: 1757, facets final: 506, pending: 40426, pool: 250
I  274.09] recalculating facets...
I  276.74] Elapsed: 4:37, vertices: 1785, facets final: 514, pending: 40348, pool: 250
I  280.14] recalculating facets...
I  281.85] Elapsed: 4:42, vertices: 1808, facets final: 527, pending: 40311, pool: 250
I  286.20] recalculating facets...
I  286.87] Elapsed: 4:47, vertices: 1833, facets final: 537, pending: 40000, pool: 249
I  291.90] Elapsed: 4:52, vertices: 1857, facets final: 555, pending: 39889, pool: 250
I  292.55] recalculating facets...
I  296.93] Elapsed: 4:57, vertices: 1882, facets final: 568, pending: 39725, pool: 250
I  298.48] recalculating facets...
I  301.99] Elapsed: 5:02, vertices: 1907, facets final: 577, pending: 39730, pool: 250
I  304.79] recalculating facets...
I  307.00] Elapsed: 5:07, vertices: 1931, facets final: 600, pending: 39623, pool: 250
I  310.92] recalculating facets...
I  312.06] Elapsed: 5:12, vertices: 1956, facets final: 619, pending: 39515, pool: 250
I  317.10] Elapsed: 5:17, vertices: 1979, facets final: 633, pending: 39452, pool: 249
I  317.29] recalculating facets...
I  322.12] Elapsed: 5:22, vertices: 2006, facets final: 639, pending: 39719, pool: 250
I  323.05] recalculating facets...
I  327.21] Elapsed: 5:27, vertices: 2031, facets final: 657, pending: 39869, pool: 250
I  329.16] recalculating facets...
I  332.22] Elapsed: 5:32, vertices: 2055, facets final: 680, pending: 39568, pool: 250
I  335.17] recalculating facets...
I  337.31] Elapsed: 5:37, vertices: 2081, facets final: 701, pending: 39576, pool: 249
I  341.24] recalculating facets...
I  342.31] Elapsed: 5:42, vertices: 2106, facets final: 724, pending: 39407, pool: 250
I  347.23] recalculating facets...
I  347.42] Elapsed: 5:47, vertices: 2131, facets final: 738, pending: 39126, pool: 250
I  352.42] Elapsed: 5:52, vertices: 2155, facets final: 757, pending: 38764, pool: 250
I  353.61] recalculating facets...
I  357.42] Elapsed: 5:57, vertices: 2179, facets final: 776, pending: 38978, pool: 250
I  359.48] recalculating facets...
I  362.51] Elapsed: 6:03, vertices: 2207, facets final: 790, pending: 38679, pool: 249
I  364.70] recalculating facets...
I  367.61] Elapsed: 6:08, vertices: 2238, facets final: 804, pending: 38707, pool: 250
I  369.80] recalculating facets...
I  372.62] Elapsed: 6:13, vertices: 2265, facets final: 818, pending: 38752, pool: 250
I  375.53] recalculating facets...
I  377.63] Elapsed: 6:18, vertices: 2291, facets final: 836, pending: 38673, pool: 250
I  381.72] recalculating facets...
I  382.71] Elapsed: 6:23, vertices: 2315, facets final: 855, pending: 38489, pool: 250
I  387.24] recalculating facets...
I  387.71] Elapsed: 6:28, vertices: 2342, facets final: 877, pending: 38276, pool: 250
I  392.72] Elapsed: 6:33, vertices: 2367, facets final: 895, pending: 37991, pool: 250
I  393.22] recalculating facets...
I  397.72] Elapsed: 6:38, vertices: 2393, facets final: 910, pending: 37541, pool: 250
I  399.29] recalculating facets...
I  402.81] Elapsed: 6:43, vertices: 2418, facets final: 930, pending: 37534, pool: 250
I  405.13] recalculating facets...
I  407.84] Elapsed: 6:48, vertices: 2445, facets final: 953, pending: 37333, pool: 250
I  410.92] recalculating facets...
I  412.95] Elapsed: 6:53, vertices: 2471, facets final: 980, pending: 36971, pool: 250
I  416.91] recalculating facets...
I  418.02] Elapsed: 6:58, vertices: 2495, facets final: 1008, pending: 36977, pool: 250
I  423.06] Elapsed: 7:03, vertices: 2520, facets final: 1030, pending: 36812, pool: 250
I  423.06] recalculating facets...
I  428.08] Elapsed: 7:08, vertices: 2545, facets final: 1052, pending: 36755, pool: 250
I  429.16] recalculating facets...
I  433.08] Elapsed: 7:13, vertices: 2570, facets final: 1072, pending: 36582, pool: 249
I  434.91] recalculating facets...
I  438.11] Elapsed: 7:18, vertices: 2596, facets final: 1100, pending: 36548, pool: 250
I  440.67] recalculating facets...
I  443.16] Elapsed: 7:23, vertices: 2623, facets final: 1120, pending: 36257, pool: 250
I  446.40] recalculating facets...
I  448.19] Elapsed: 7:28, vertices: 2650, facets final: 1144, pending: 36002, pool: 249
I  452.00] recalculating facets...
I  453.20] Elapsed: 7:33, vertices: 2677, facets final: 1171, pending: 35940, pool: 250
I  457.80] recalculating facets...
I  458.27] Elapsed: 7:38, vertices: 2702, facets final: 1194, pending: 35657, pool: 250
I  463.30] Elapsed: 7:43, vertices: 2726, facets final: 1220, pending: 35546, pool: 250
I  464.26] recalculating facets...
I  468.41] Elapsed: 7:48, vertices: 2751, facets final: 1250, pending: 35512, pool: 249
I  470.05] recalculating facets...
I  473.42] Elapsed: 7:53, vertices: 2778, facets final: 1278, pending: 35272, pool: 250
I  475.87] recalculating facets...
I  478.43] Elapsed: 7:58, vertices: 2803, facets final: 1309, pending: 35177, pool: 250
I  481.72] recalculating facets...
I  483.45] Elapsed: 8:03, vertices: 2828, facets final: 1343, pending: 35314, pool: 249
I  488.12] recalculating facets...
I  488.46] Elapsed: 8:08, vertices: 2851, facets final: 1389, pending: 35138, pool: 250
I  493.46] Elapsed: 8:13, vertices: 2879, facets final: 1417, pending: 34964, pool: 250
I  493.76] recalculating facets...
I  498.51] Elapsed: 8:19, vertices: 2907, facets final: 1440, pending: 34742, pool: 250
I  499.28] recalculating facets...
I  503.63] Elapsed: 8:24, vertices: 2932, facets final: 1467, pending: 34729, pool: 250
I  505.18] recalculating facets...
I  508.71] Elapsed: 8:29, vertices: 2957, facets final: 1490, pending: 34768, pool: 250
I  510.94] recalculating facets...
I  513.73] Elapsed: 8:34, vertices: 2986, facets final: 1522, pending: 34451, pool: 250
I  516.69] recalculating facets...
I  518.74] Elapsed: 8:39, vertices: 3010, facets final: 1567, pending: 34399, pool: 250
I  522.37] recalculating facets...
I  523.74] Elapsed: 8:44, vertices: 3037, facets final: 1592, pending: 34110, pool: 250
I  527.89] recalculating facets...
I  528.82] Elapsed: 8:49, vertices: 3064, facets final: 1618, pending: 34110, pool: 250
I  533.86] Elapsed: 8:54, vertices: 3089, facets final: 1651, pending: 33979, pool: 250
I  534.10] recalculating facets...
I  538.96] Elapsed: 8:59, vertices: 3115, facets final: 1688, pending: 33883, pool: 250
I  540.06] recalculating facets...
I  543.96] Elapsed: 9:04, vertices: 3140, facets final: 1727, pending: 33801, pool: 250
I  546.17] recalculating facets...
I  548.96] Elapsed: 9:09, vertices: 3165, facets final: 1757, pending: 33819, pool: 250
I  551.91] recalculating facets...
I  553.98] Elapsed: 9:14, vertices: 3190, facets final: 1792, pending: 33769, pool: 250
I  558.66] recalculating facets...
I  559.05] Elapsed: 9:19, vertices: 3212, facets final: 1832, pending: 33633, pool: 250
I  564.05] Elapsed: 9:24, vertices: 3240, facets final: 1874, pending: 33360, pool: 250
I  564.15] recalculating facets...
I  569.09] Elapsed: 9:29, vertices: 3267, facets final: 1922, pending: 33188, pool: 250
I  569.54] recalculating facets...
I  574.09] Elapsed: 9:34, vertices: 3298, facets final: 1956, pending: 33016, pool: 250
I  574.81] recalculating facets...
I  579.11] Elapsed: 9:39, vertices: 3322, facets final: 2010, pending: 32924, pool: 250
I  580.56] recalculating facets...
I  584.19] Elapsed: 9:44, vertices: 3348, facets final: 2048, pending: 32757, pool: 250
I  586.25] recalculating facets...
I  589.28] Elapsed: 9:49, vertices: 3375, facets final: 2087, pending: 32688, pool: 250
I  591.91] recalculating facets...
I  594.33] Elapsed: 9:54, vertices: 3403, facets final: 2127, pending: 32490, pool: 250
I  597.24] recalculating facets...
I  599.34] Elapsed: 9:59, vertices: 3430, facets final: 2162, pending: 32229, pool: 249
I  603.35] recalculating facets...
I  604.34] Elapsed: 10:04, vertices: 3456, facets final: 2198, pending: 31999, pool: 250
I  609.31] recalculating facets...
I  609.39] Elapsed: 10:09, vertices: 3481, facets final: 2249, pending: 31850, pool: 250
I  614.39] Elapsed: 10:14, vertices: 3505, facets final: 2286, pending: 31674, pool: 250
I  615.51] recalculating facets...
I  619.50] Elapsed: 10:20, vertices: 3527, facets final: 2333, pending: 31426, pool: 250
I  622.14] recalculating facets...
I  624.61] Elapsed: 10:25, vertices: 3552, facets final: 2376, pending: 31178, pool: 250
I  628.15] recalculating facets...
I  629.63] Elapsed: 10:30, vertices: 3577, facets final: 2417, pending: 31101, pool: 250
I  634.63] Elapsed: 10:35, vertices: 3600, facets final: 2459, pending: 31087, pool: 250
I  634.84] recalculating facets...
I  639.66] Elapsed: 10:40, vertices: 3627, facets final: 2517, pending: 31066, pool: 250
I  640.08] recalculating facets...
I  644.67] Elapsed: 10:45, vertices: 3654, facets final: 2571, pending: 30754, pool: 249
I  645.86] recalculating facets...
I  649.67] Elapsed: 10:50, vertices: 3682, facets final: 2622, pending: 30568, pool: 250
I  651.00] recalculating facets...
I  654.69] Elapsed: 10:55, vertices: 3711, facets final: 2660, pending: 30389, pool: 250
I  656.51] recalculating facets...
I  659.70] Elapsed: 11:00, vertices: 3735, facets final: 2717, pending: 30213, pool: 249
I  662.24] recalculating facets...
I  664.83] Elapsed: 11:05, vertices: 3765, facets final: 2748, pending: 30066, pool: 250
I  668.03] recalculating facets...
I  669.84] Elapsed: 11:10, vertices: 3789, facets final: 2807, pending: 29951, pool: 250
I  673.91] recalculating facets...
I  674.89] Elapsed: 11:15, vertices: 3815, facets final: 2857, pending: 29766, pool: 250
I  679.28] recalculating facets...
I  679.93] Elapsed: 11:20, vertices: 3843, facets final: 2894, pending: 29523, pool: 250
I  684.96] Elapsed: 11:25, vertices: 3867, facets final: 2962, pending: 29279, pool: 250
I  685.92] recalculating facets...
I  689.98] Elapsed: 11:30, vertices: 3887, facets final: 3032, pending: 29154, pool: 250
I  692.76] recalculating facets...
I  694.98] Elapsed: 11:35, vertices: 3911, facets final: 3092, pending: 28937, pool: 250
I  699.11] recalculating facets...
I  700.10] Elapsed: 11:40, vertices: 3933, facets final: 3156, pending: 28746, pool: 250
I  705.11] Elapsed: 11:45, vertices: 3957, facets final: 3223, pending: 28639, pool: 250
I  705.84] recalculating facets...
I  710.11] Elapsed: 11:50, vertices: 3985, facets final: 3265, pending: 28571, pool: 249
I  711.36] recalculating facets...
I  715.12] Elapsed: 11:55, vertices: 4008, facets final: 3329, pending: 28314, pool: 250
I  717.84] recalculating facets...
I  720.15] Elapsed: 12:00, vertices: 4032, facets final: 3384, pending: 28201, pool: 250
I  723.58] recalculating facets...
I  725.15] Elapsed: 12:05, vertices: 4058, facets final: 3432, pending: 28053, pool: 250
I  729.68] recalculating facets...
I  730.17] Elapsed: 12:10, vertices: 4083, facets final: 3488, pending: 27885, pool: 250
I  735.17] Elapsed: 12:15, vertices: 4103, facets final: 3559, pending: 27841, pool: 250
I  736.60] recalculating facets...
I  740.22] Elapsed: 12:20, vertices: 4124, facets final: 3629, pending: 27702, pool: 250
I  743.71] recalculating facets...
I  745.24] Elapsed: 12:25, vertices: 4148, facets final: 3687, pending: 27564, pool: 250
I  750.24] Elapsed: 12:30, vertices: 4168, facets final: 3763, pending: 27395, pool: 250
I  750.97] recalculating facets...
I  755.36] Elapsed: 12:35, vertices: 4190, facets final: 3831, pending: 27338, pool: 250
I  757.63] recalculating facets...
I  760.41] Elapsed: 12:40, vertices: 4210, facets final: 3896, pending: 27239, pool: 250
I  765.15] recalculating facets...
I  765.43] Elapsed: 12:45, vertices: 4232, facets final: 3967, pending: 27154, pool: 249
I  770.43] Elapsed: 12:50, vertices: 4255, facets final: 4022, pending: 27044, pool: 250
I  771.91] recalculating facets...
I  775.56] Elapsed: 12:56, vertices: 4275, facets final: 4094, pending: 26803, pool: 250
I  778.88] recalculating facets...
I  780.61] Elapsed: 13:01, vertices: 4297, facets final: 4166, pending: 26706, pool: 250
I  785.66] Elapsed: 13:06, vertices: 4320, facets final: 4252, pending: 26550, pool: 250
I  785.66] recalculating facets...
I  790.67] Elapsed: 13:11, vertices: 4343, facets final: 4321, pending: 26408, pool: 250
I  792.26] recalculating facets...
I  795.67] Elapsed: 13:16, vertices: 4368, facets final: 4401, pending: 26258, pool: 250
I  798.24] recalculating facets...
I  800.67] Elapsed: 13:21, vertices: 4391, facets final: 4503, pending: 26078, pool: 250
I  805.66] recalculating facets...
I  805.73] Elapsed: 13:26, vertices: 4411, facets final: 4603, pending: 25868, pool: 250
I  810.74] Elapsed: 13:31, vertices: 4428, facets final: 4704, pending: 25681, pool: 250
I  813.12] recalculating facets...
I  815.80] Elapsed: 13:36, vertices: 4449, facets final: 4793, pending: 25535, pool: 250
I  820.74] recalculating facets...
I  820.84] Elapsed: 13:41, vertices: 4471, facets final: 4879, pending: 25241, pool: 250
I  825.86] Elapsed: 13:46, vertices: 4487, facets final: 4983, pending: 25123, pool: 249
I  828.67] recalculating facets...
I  830.86] Elapsed: 13:51, vertices: 4510, facets final: 5058, pending: 25006, pool: 250
I  835.94] Elapsed: 13:56, vertices: 4527, facets final: 5167, pending: 24841, pool: 249
I  837.33] recalculating facets...
I  840.96] Elapsed: 14:01, vertices: 4544, facets final: 5281, pending: 24713, pool: 250
I  845.96] Elapsed: 14:06, vertices: 4559, facets final: 5401, pending: 24551, pool: 249
I  846.98] recalculating facets...
I  850.98] Elapsed: 14:11, vertices: 4581, facets final: 5487, pending: 24391, pool: 250
I  853.09] recalculating facets...
I  855.98] Elapsed: 14:16, vertices: 4604, facets final: 5578, pending: 24310, pool: 250
I  860.00] recalculating facets...
I  860.99] Elapsed: 14:21, vertices: 4623, facets final: 5674, pending: 24245, pool: 250
I  866.07] Elapsed: 14:26, vertices: 4641, facets final: 5787, pending: 24089, pool: 250
I  868.63] recalculating facets...
I  871.09] Elapsed: 14:31, vertices: 4657, facets final: 5903, pending: 23894, pool: 250
I  876.10] Elapsed: 14:36, vertices: 4675, facets final: 6011, pending: 23686, pool: 250
I  877.75] recalculating facets...
I  881.13] Elapsed: 14:41, vertices: 4691, facets final: 6116, pending: 23503, pool: 248
I  886.15] Elapsed: 14:46, vertices: 4710, facets final: 6224, pending: 23326, pool: 248
I  886.89] recalculating facets...
I  891.15] Elapsed: 14:51, vertices: 4729, facets final: 6318, pending: 23240, pool: 250
I  895.86] recalculating facets...
I  896.20] Elapsed: 14:56, vertices: 4742, facets final: 6447, pending: 23070, pool: 250
I  901.20] Elapsed: 15:01, vertices: 4761, facets final: 6552, pending: 22966, pool: 248
I  904.11] recalculating facets...
I  906.20] Elapsed: 15:06, vertices: 4779, facets final: 6653, pending: 22843, pool: 249
I  911.25] Elapsed: 15:11, vertices: 4797, facets final: 6751, pending: 22671, pool: 250
I  912.23] recalculating facets...
I  916.29] Elapsed: 15:16, vertices: 4814, facets final: 6861, pending: 22499, pool: 249
I  921.09] recalculating facets...
I  921.36] Elapsed: 15:21, vertices: 4831, facets final: 6961, pending: 22345, pool: 250
I  926.38] Elapsed: 15:26, vertices: 4846, facets final: 7091, pending: 22099, pool: 250
I  931.51] Elapsed: 15:32, vertices: 4859, facets final: 7219, pending: 21972, pool: 250
I  931.70] recalculating facets...
I  936.58] Elapsed: 15:37, vertices: 4879, facets final: 7311, pending: 21801, pool: 249
I  940.79] recalculating facets...
I  941.61] Elapsed: 15:42, vertices: 4894, facets final: 7425, pending: 21689, pool: 249
I  946.61] Elapsed: 15:47, vertices: 4914, facets final: 7523, pending: 21514, pool: 250
I  948.91] recalculating facets...
I  951.63] Elapsed: 15:52, vertices: 4927, facets final: 7643, pending: 21341, pool: 250
I  956.64] Elapsed: 15:57, vertices: 4944, facets final: 7760, pending: 21154, pool: 249
I  959.23] recalculating facets...
I  961.67] Elapsed: 16:02, vertices: 4959, facets final: 7864, pending: 21019, pool: 250
I  966.67] Elapsed: 16:07, vertices: 4974, facets final: 7996, pending: 20840, pool: 250
I  968.80] recalculating facets...
I  971.68] Elapsed: 16:12, vertices: 4989, facets final: 8118, pending: 20666, pool: 248
I  976.73] Elapsed: 16:17, vertices: 4998, facets final: 8254, pending: 20499, pool: 250
I  980.82] recalculating facets...
I  981.81] Elapsed: 16:22, vertices: 5012, facets final: 8385, pending: 20342, pool: 250
I  986.81] Elapsed: 16:27, vertices: 5025, facets final: 8520, pending: 20209, pool: 250
I  991.89] Elapsed: 16:32, vertices: 5038, facets final: 8642, pending: 20071, pool: 250
I  992.66] recalculating facets...
I  996.89] Elapsed: 16:37, vertices: 5056, facets final: 8743, pending: 19900, pool: 250
I 1000.66] recalculating facets...
I 1001.90] Elapsed: 16:42, vertices: 5074, facets final: 8850, pending: 19713, pool: 248
I 1006.91] Elapsed: 16:47, vertices: 5087, facets final: 8971, pending: 19564, pool: 244
I 1011.92] Elapsed: 16:52, vertices: 5098, facets final: 9111, pending: 19423, pool: 250
I 1012.82] recalculating facets...
I 1016.94] Elapsed: 16:57, vertices: 5107, facets final: 9259, pending: 19223, pool: 248
I 1021.96] Elapsed: 17:02, vertices: 5122, facets final: 9374, pending: 19040, pool: 250
I 1024.61] recalculating facets...
I 1026.97] Elapsed: 17:07, vertices: 5136, facets final: 9494, pending: 18865, pool: 250
I 1032.04] Elapsed: 17:12, vertices: 5148, facets final: 9616, pending: 18709, pool: 250
I 1036.63] recalculating facets...
I 1037.04] Elapsed: 17:17, vertices: 5161, facets final: 9755, pending: 18536, pool: 249
I 1042.05] Elapsed: 17:22, vertices: 5171, facets final: 9889, pending: 18350, pool: 249
I 1047.10] Elapsed: 17:27, vertices: 5179, facets final: 10038, pending: 18169, pool: 249
I 1051.64] recalculating facets...
I 1052.12] Elapsed: 17:32, vertices: 5191, facets final: 10182, pending: 18026, pool: 249
I 1057.13] Elapsed: 17:37, vertices: 5199, facets final: 10335, pending: 17892, pool: 249
I 1062.13] Elapsed: 17:42, vertices: 5212, facets final: 10481, pending: 17722, pool: 249
I 1067.17] Elapsed: 17:47, vertices: 5220, facets final: 10640, pending: 17531, pool: 248
I 1067.43] recalculating facets...
I 1072.17] Elapsed: 17:52, vertices: 5227, facets final: 10812, pending: 17323, pool: 249
I 1077.19] Elapsed: 17:57, vertices: 5239, facets final: 10957, pending: 17149, pool: 247
I 1082.21] Elapsed: 18:02, vertices: 5249, facets final: 11110, pending: 16959, pool: 246
I 1083.46] recalculating facets...
I 1087.22] Elapsed: 18:07, vertices: 5259, facets final: 11257, pending: 16803, pool: 250
I 1092.22] Elapsed: 18:12, vertices: 5269, facets final: 11404, pending: 16640, pool: 250
I 1096.70] recalculating facets...
I 1097.23] Elapsed: 18:17, vertices: 5282, facets final: 11535, pending: 16480, pool: 249
I 1102.23] Elapsed: 18:22, vertices: 5289, facets final: 11693, pending: 16318, pool: 247
I 1107.25] Elapsed: 18:27, vertices: 5300, facets final: 11841, pending: 16149, pool: 247
I 1112.26] Elapsed: 18:32, vertices: 5310, facets final: 11992, pending: 15974, pool: 245
I 1112.78] recalculating facets...
I 1117.27] Elapsed: 18:37, vertices: 5316, facets final: 12155, pending: 15784, pool: 248
I 1122.28] Elapsed: 18:42, vertices: 5322, facets final: 12316, pending: 15612, pool: 249
I 1127.28] Elapsed: 18:47, vertices: 5330, facets final: 12482, pending: 15433, pool: 249
I 1131.73] recalculating facets...
I 1132.33] Elapsed: 18:52, vertices: 5342, facets final: 12618, pending: 15284, pool: 250
I 1137.43] Elapsed: 18:57, vertices: 5349, facets final: 12784, pending: 15110, pool: 249
I 1142.43] Elapsed: 19:02, vertices: 5356, facets final: 12943, pending: 14936, pool: 248
I 1147.44] Elapsed: 19:07, vertices: 5362, facets final: 13114, pending: 14754, pool: 249
I 1152.44] Elapsed: 19:12, vertices: 5370, facets final: 13270, pending: 14559, pool: 246
I 1152.88] recalculating facets...
I 1157.44] Elapsed: 19:17, vertices: 5378, facets final: 13417, pending: 14380, pool: 246
I 1162.46] Elapsed: 19:22, vertices: 5384, facets final: 13572, pending: 14216, pool: 249
I 1167.46] Elapsed: 19:27, vertices: 5392, facets final: 13725, pending: 14048, pool: 246
I 1172.46] Elapsed: 19:32, vertices: 5398, facets final: 13897, pending: 13871, pool: 246
I 1173.85] recalculating facets...
I 1177.48] Elapsed: 19:37, vertices: 5405, facets final: 14052, pending: 13701, pool: 246
I 1182.49] Elapsed: 19:42, vertices: 5411, facets final: 14217, pending: 13526, pool: 247
I 1187.51] Elapsed: 19:48, vertices: 5418, facets final: 14384, pending: 13342, pool: 246
I 1192.51] Elapsed: 19:53, vertices: 5420, facets final: 14558, pending: 13159, pool: 247
I 1197.53] Elapsed: 19:58, vertices: 5426, facets final: 14724, pending: 12975, pool: 244
I 1202.56] Elapsed: 20:03, vertices: 5430, facets final: 14900, pending: 12783, pool: 247
I 1203.41] recalculating facets...
I 1207.56] Elapsed: 20:08, vertices: 5435, facets final: 15074, pending: 12594, pool: 245
I 1212.57] Elapsed: 20:13, vertices: 5440, facets final: 15257, pending: 12392, pool: 244
I 1217.59] Elapsed: 20:18, vertices: 5443, facets final: 15442, pending: 12199, pool: 244
I 1222.59] Elapsed: 20:23, vertices: 5448, facets final: 15613, pending: 12023, pool: 246
I 1227.59] Elapsed: 20:28, vertices: 5454, facets final: 15777, pending: 11849, pool: 243
I 1232.62] Elapsed: 20:33, vertices: 5457, facets final: 15974, pending: 11651, pool: 244
I 1236.23] recalculating facets...
I 1237.64] Elapsed: 20:38, vertices: 5462, facets final: 16135, pending: 11498, pool: 244
I 1242.66] Elapsed: 20:43, vertices: 5468, facets final: 16314, pending: 11301, pool: 243
I 1247.67] Elapsed: 20:48, vertices: 5473, facets final: 16495, pending: 11093, pool: 244
I 1252.68] Elapsed: 20:53, vertices: 5477, facets final: 16685, pending: 10894, pool: 243
I 1257.68] Elapsed: 20:58, vertices: 5481, facets final: 16859, pending: 10706, pool: 245
I 1262.68] Elapsed: 21:03, vertices: 5488, facets final: 17028, pending: 10523, pool: 240
I 1266.09] recalculating facets...
I 1267.69] Elapsed: 21:08, vertices: 5492, facets final: 17199, pending: 10329, pool: 243
I 1272.70] Elapsed: 21:13, vertices: 5499, facets final: 17353, pending: 10159, pool: 242
I 1277.71] Elapsed: 21:18, vertices: 5505, facets final: 17511, pending: 9982, pool: 245
I 1282.72] Elapsed: 21:23, vertices: 5510, facets final: 17685, pending: 9800, pool: 241
I 1287.73] Elapsed: 21:28, vertices: 5514, facets final: 17863, pending: 9632, pool: 239
I 1292.74] Elapsed: 21:33, vertices: 5517, facets final: 18033, pending: 9462, pool: 241
I 1295.59] recalculating facets...
I 1297.74] Elapsed: 21:38, vertices: 5522, facets final: 18208, pending: 9280, pool: 240
I 1302.79] Elapsed: 21:43, vertices: 5530, facets final: 18366, pending: 9121, pool: 236
I 1307.79] Elapsed: 21:48, vertices: 5533, facets final: 18547, pending: 8936, pool: 235
I 1312.79] Elapsed: 21:53, vertices: 5536, facets final: 18721, pending: 8757, pool: 232
I 1317.80] Elapsed: 21:58, vertices: 5541, facets final: 18895, pending: 8572, pool: 234
I 1322.81] Elapsed: 22:03, vertices: 5547, facets final: 19062, pending: 8399, pool: 232
I 1326.83] recalculating facets...
I 1327.82] Elapsed: 22:08, vertices: 5551, facets final: 19226, pending: 8232, pool: 230
I 1332.84] Elapsed: 22:13, vertices: 5554, facets final: 19427, pending: 8028, pool: 228
I 1337.84] Elapsed: 22:18, vertices: 5561, facets final: 19585, pending: 7858, pool: 226
I 1342.90] Elapsed: 22:23, vertices: 5565, facets final: 19765, pending: 7673, pool: 226
I 1347.93] Elapsed: 22:28, vertices: 5571, facets final: 19932, pending: 7499, pool: 224
I 1352.95] Elapsed: 22:33, vertices: 5575, facets final: 20113, pending: 7312, pool: 228
I 1355.71] recalculating facets...
I 1357.95] Elapsed: 22:38, vertices: 5582, facets final: 20274, pending: 7139, pool: 223
I 1362.95] Elapsed: 22:43, vertices: 5589, facets final: 20441, pending: 6956, pool: 221
I 1367.96] Elapsed: 22:48, vertices: 5593, facets final: 20621, pending: 6773, pool: 218
I 1373.01] Elapsed: 22:53, vertices: 5602, facets final: 20777, pending: 6601, pool: 209
I 1378.01] Elapsed: 22:58, vertices: 5609, facets final: 20953, pending: 6413, pool: 207
I 1378.59] recalculating facets...
I 1383.04] Elapsed: 23:03, vertices: 5618, facets final: 21109, pending: 6245, pool: 199
I 1388.05] Elapsed: 23:08, vertices: 5625, facets final: 21286, pending: 6056, pool: 193
I 1393.08] Elapsed: 23:13, vertices: 5634, facets final: 21443, pending: 5882, pool: 187
I 1398.09] Elapsed: 23:18, vertices: 5640, facets final: 21619, pending: 5692, pool: 185
I 1398.21] recalculating facets...
I 1403.09] Elapsed: 23:23, vertices: 5646, facets final: 21785, pending: 5529, pool: 182
I 1408.11] Elapsed: 23:28, vertices: 5652, facets final: 21953, pending: 5346, pool: 181
I 1413.13] Elapsed: 23:33, vertices: 5655, facets final: 22142, pending: 5151, pool: 178
I 1418.14] Elapsed: 23:38, vertices: 5663, facets final: 22312, pending: 4968, pool: 170
I 1423.16] Elapsed: 23:43, vertices: 5668, facets final: 22482, pending: 4787, pool: 167
I 1428.16] Elapsed: 23:48, vertices: 5669, facets final: 22681, pending: 4586, pool: 166
I 1429.92] recalculating facets...
I 1433.19] Elapsed: 23:53, vertices: 5676, facets final: 22848, pending: 4410, pool: 167
I 1438.20] Elapsed: 23:58, vertices: 5682, facets final: 23025, pending: 4221, pool: 163
I 1443.21] Elapsed: 24:03, vertices: 5686, facets final: 23212, pending: 4025, pool: 161
I 1448.21] Elapsed: 24:08, vertices: 5692, facets final: 23375, pending: 3874, pool: 159
I 1453.21] Elapsed: 24:13, vertices: 5699, facets final: 23546, pending: 3689, pool: 155
I 1457.07] recalculating facets...
I 1458.21] Elapsed: 24:18, vertices: 5701, facets final: 23737, pending: 3493, pool: 154
I 1463.23] Elapsed: 24:23, vertices: 5707, facets final: 23894, pending: 3331, pool: 151
I 1468.24] Elapsed: 24:28, vertices: 5712, facets final: 24080, pending: 3141, pool: 148
I 1473.27] Elapsed: 24:33, vertices: 5718, facets final: 24249, pending: 2972, pool: 144
I 1478.30] Elapsed: 24:38, vertices: 5723, facets final: 24424, pending: 2808, pool: 143
I 1482.49] recalculating facets...
I 1483.31] Elapsed: 24:43, vertices: 5733, facets final: 24586, pending: 2634, pool: 136
I 1488.32] Elapsed: 24:48, vertices: 5741, facets final: 24767, pending: 2449, pool: 128
I 1493.35] Elapsed: 24:53, vertices: 5751, facets final: 24930, pending: 2266, pool: 121
I 1498.36] Elapsed: 24:58, vertices: 5756, facets final: 25108, pending: 2079, pool: 116
I 1501.33] recalculating facets...
I 1503.36] Elapsed: 25:03, vertices: 5764, facets final: 25285, pending: 1891, pool: 108
I 1508.36] Elapsed: 25:08, vertices: 5765, facets final: 25471, pending: 1702, pool: 109
I 1513.38] Elapsed: 25:13, vertices: 5766, facets final: 25669, pending: 1499, pool: 112
I 1518.39] Elapsed: 25:18, vertices: 5768, facets final: 25851, pending: 1314, pool: 112
I 1523.41] Elapsed: 25:23, vertices: 5772, facets final: 26044, pending: 1103, pool: 112
I 1528.42] Elapsed: 25:28, vertices: 5775, facets final: 26237, pending: 901, pool: 114
I 1533.43] Elapsed: 25:33, vertices: 5781, facets final: 26417, pending: 711, pool: 109
I 1536.75] recalculating facets...
I 1538.44] Elapsed: 25:38, vertices: 5796, facets final: 26575, pending: 538, pool: 103
I 1543.44] Elapsed: 25:43, vertices: 5820, facets final: 26737, pending: 359, pool: 92
I 1543.50] recalculating facets...
I 1547.20] recalculating facets...
I 1548.44] Elapsed: 25:48, vertices: 5864, facets final: 26857, pending: 193, pool: 66
I 1549.71] recalculating facets...
I 1551.67] recalculating facets...
I 1553.17] recalculating facets...
I 1553.47] Elapsed: 25:53, vertices: 5947, facets final: 26966, pending: 6, pool: 2
I 1553.55] Elapsed: 25:54, vertices: 5949, facets final: 26970, pending: 0

--------------------------------
Problem completed
 name                    15.vlp
 output                  vlp/15.res
 rows, cols, objs        149, 4479, 10
 vertices, facets        5949, 26970
 total time              25:54
--------------------------------
Statistics
LP:
 oracle calls            34156
   avg iterations/calls  173.94
 total oracle time       14:31
Combinatorics:
 vertices added          5949
 facets probed           69913
 facets # max            41091
 memory allocated        87.14M
 storage expansion
   vertices # / upto     47 / 6012
   facets   # / upto     11 / 45052
 facet manipulating
   added avg / max       69.60 / 892.00
   compressed            273
 number of ridge tests
   avg / max             1.93M / 36.96M
--------------------------------
Parameters with non-default values
 ExactFacetEq = 1
 VertexPoolSize = 250
 RecalculateFacets = 30
 ScaleEps = 5e-08
 RoundEps = 5e-08
