C copy string: rs=cd:ab;t=a:bcr;u=d:ar;ar,br,cr,d;ar,br,c,dr; ineq: base30.txt
I    5.72] Elapsed: 5.72, vertices: 20, facets final: 7, pending: 416, pool: 12
I   11.64] Elapsed: 11.64, vertices: 29, facets final: 14, pending: 843, pool: 38
I   16.80] Elapsed: 16.80, vertices: 43, facets final: 14, pending: 1794, pool: 55
I   22.25] Elapsed: 22.25, vertices: 61, facets final: 16, pending: 3239, pool: 72
I   27.40] Elapsed: 27.40, vertices: 78, facets final: 17, pending: 4180, pool: 100
I   31.28] recalculating facets...
I   32.47] Elapsed: 32.47, vertices: 110, facets final: 17, pending: 6403, pool: 100
I   37.55] Elapsed: 37.55, vertices: 144, facets final: 18, pending: 9080, pool: 100
I   42.64] Elapsed: 42.64, vertices: 174, facets final: 20, pending: 11180, pool: 100
I   47.43] recalculating facets...
I   47.72] Elapsed: 47.72, vertices: 202, facets final: 22, pending: 12707, pool: 100
I   52.77] Elapsed: 52.77, vertices: 228, facets final: 23, pending: 14381, pool: 100
I   57.86] Elapsed: 57.86, vertices: 252, facets final: 25, pending: 15604, pool: 100
I   62.88] Elapsed: 1:03, vertices: 273, facets final: 27, pending: 16941, pool: 100
I   67.97] Elapsed: 1:08, vertices: 293, facets final: 31, pending: 17314, pool: 100
I   69.80] recalculating facets...
I   72.97] Elapsed: 1:13, vertices: 313, facets final: 31, pending: 18354, pool: 100
I   78.02] Elapsed: 1:18, vertices: 332, facets final: 33, pending: 18784, pool: 100
I   83.19] Elapsed: 1:23, vertices: 350, facets final: 35, pending: 19409, pool: 100
I   88.57] Elapsed: 1:29, vertices: 370, facets final: 36, pending: 20013, pool: 100
I   93.57] Elapsed: 1:34, vertices: 387, facets final: 39, pending: 20458, pool: 100
I   97.34] recalculating facets...
I   98.58] Elapsed: 1:39, vertices: 404, facets final: 40, pending: 21104, pool: 100
I  103.63] Elapsed: 1:44, vertices: 420, facets final: 43, pending: 20935, pool: 100
I  108.74] Elapsed: 1:49, vertices: 436, facets final: 50, pending: 21241, pool: 100
I  113.78] Elapsed: 1:54, vertices: 453, facets final: 55, pending: 22132, pool: 100
I  118.82] Elapsed: 1:59, vertices: 470, facets final: 57, pending: 22921, pool: 99
I  123.84] Elapsed: 2:04, vertices: 487, facets final: 61, pending: 23723, pool: 100
I  128.38] recalculating facets...
I  128.98] Elapsed: 2:09, vertices: 501, facets final: 64, pending: 24618, pool: 100
I  134.22] Elapsed: 2:14, vertices: 517, facets final: 66, pending: 25182, pool: 100
I  139.35] Elapsed: 2:19, vertices: 529, facets final: 70, pending: 25293, pool: 100
I  144.42] Elapsed: 2:24, vertices: 543, facets final: 71, pending: 25886, pool: 100
I  149.42] Elapsed: 2:29, vertices: 559, facets final: 73, pending: 26147, pool: 100
I  154.67] Elapsed: 2:35, vertices: 574, facets final: 75, pending: 26829, pool: 100
I  159.83] Elapsed: 2:40, vertices: 590, facets final: 75, pending: 28133, pool: 100
I  163.86] recalculating facets...
I  164.85] Elapsed: 2:45, vertices: 603, facets final: 78, pending: 28126, pool: 100
I  169.88] Elapsed: 2:50, vertices: 617, facets final: 81, pending: 28724, pool: 100
I  175.14] Elapsed: 2:55, vertices: 631, facets final: 86, pending: 29003, pool: 100
I  180.19] Elapsed: 3:00, vertices: 643, facets final: 91, pending: 29239, pool: 100
I  185.61] Elapsed: 3:06, vertices: 654, facets final: 93, pending: 29323, pool: 100
I  190.67] Elapsed: 3:11, vertices: 665, facets final: 97, pending: 29217, pool: 100
I  195.75] Elapsed: 3:16, vertices: 678, facets final: 98, pending: 29085, pool: 100
I  200.91] Elapsed: 3:21, vertices: 692, facets final: 100, pending: 29295, pool: 100
I  204.45] recalculating facets...
I  206.01] Elapsed: 3:26, vertices: 703, facets final: 104, pending: 29413, pool: 100
I  211.03] Elapsed: 3:31, vertices: 715, facets final: 107, pending: 29872, pool: 100
I  216.18] Elapsed: 3:36, vertices: 728, facets final: 111, pending: 30118, pool: 100
I  221.22] Elapsed: 3:41, vertices: 741, facets final: 114, pending: 30189, pool: 100
I  226.23] Elapsed: 3:46, vertices: 753, facets final: 118, pending: 30832, pool: 100
I  231.26] Elapsed: 3:51, vertices: 763, facets final: 122, pending: 31167, pool: 100
I  236.43] Elapsed: 3:56, vertices: 777, facets final: 124, pending: 31501, pool: 100
I  241.50] Elapsed: 4:02, vertices: 788, facets final: 124, pending: 31899, pool: 100
I  246.64] Elapsed: 4:07, vertices: 798, facets final: 129, pending: 31892, pool: 100
I  247.78] recalculating facets...
I  251.77] Elapsed: 4:12, vertices: 809, facets final: 132, pending: 32320, pool: 100
I  256.78] Elapsed: 4:17, vertices: 821, facets final: 137, pending: 32447, pool: 100
I  262.07] Elapsed: 4:22, vertices: 833, facets final: 141, pending: 32789, pool: 100
I  267.12] Elapsed: 4:27, vertices: 844, facets final: 143, pending: 32862, pool: 100
I  272.19] Elapsed: 4:32, vertices: 855, facets final: 145, pending: 32852, pool: 100
I  277.20] Elapsed: 4:37, vertices: 864, facets final: 150, pending: 32943, pool: 100
I  282.29] Elapsed: 4:42, vertices: 876, facets final: 156, pending: 32978, pool: 100
I  287.33] Elapsed: 4:47, vertices: 886, facets final: 157, pending: 33259, pool: 100
I  292.58] Elapsed: 4:53, vertices: 895, facets final: 159, pending: 33763, pool: 100
I  295.88] recalculating facets...
I  297.81] Elapsed: 4:58, vertices: 904, facets final: 167, pending: 33923, pool: 100
I  302.99] Elapsed: 5:03, vertices: 915, facets final: 170, pending: 33997, pool: 100
I  308.01] Elapsed: 5:08, vertices: 925, facets final: 174, pending: 34178, pool: 100
I  313.17] Elapsed: 5:13, vertices: 933, facets final: 174, pending: 33836, pool: 100
I  318.44] Elapsed: 5:18, vertices: 943, facets final: 175, pending: 33833, pool: 100
I  323.48] Elapsed: 5:23, vertices: 953, facets final: 177, pending: 34284, pool: 100
I  328.67] Elapsed: 5:29, vertices: 962, facets final: 181, pending: 34455, pool: 100
I  333.78] Elapsed: 5:34, vertices: 972, facets final: 183, pending: 34751, pool: 100
I  339.01] Elapsed: 5:39, vertices: 983, facets final: 185, pending: 34971, pool: 100
I  344.31] Elapsed: 5:44, vertices: 994, facets final: 190, pending: 35186, pool: 100
I  347.64] recalculating facets...
I  349.33] Elapsed: 5:49, vertices: 1003, facets final: 194, pending: 35637, pool: 97
I  354.59] Elapsed: 5:55, vertices: 1014, facets final: 195, pending: 35721, pool: 99
I  359.78] Elapsed: 6:00, vertices: 1021, facets final: 196, pending: 35566, pool: 100
I  364.99] Elapsed: 6:05, vertices: 1032, facets final: 197, pending: 35646, pool: 100
I  370.04] Elapsed: 6:10, vertices: 1042, facets final: 198, pending: 35879, pool: 100
I  375.20] Elapsed: 6:15, vertices: 1054, facets final: 200, pending: 35969, pool: 100
I  380.33] Elapsed: 6:20, vertices: 1062, facets final: 203, pending: 35569, pool: 100
I  385.50] Elapsed: 6:26, vertices: 1073, facets final: 205, pending: 35645, pool: 100
I  390.55] Elapsed: 6:31, vertices: 1082, facets final: 209, pending: 36264, pool: 100
I  395.76] Elapsed: 6:36, vertices: 1087, facets final: 209, pending: 36518, pool: 100
I  400.79] Elapsed: 6:41, vertices: 1095, facets final: 212, pending: 36501, pool: 100
I  403.44] recalculating facets...
I  405.97] Elapsed: 6:46, vertices: 1105, facets final: 214, pending: 36591, pool: 100
I  411.18] Elapsed: 6:51, vertices: 1116, facets final: 216, pending: 36665, pool: 100
I  416.45] Elapsed: 6:56, vertices: 1124, facets final: 219, pending: 36411, pool: 100
I  421.62] Elapsed: 7:02, vertices: 1134, facets final: 220, pending: 36670, pool: 100
I  427.02] Elapsed: 7:07, vertices: 1144, facets final: 220, pending: 36505, pool: 100
I  432.75] Elapsed: 7:13, vertices: 1152, facets final: 222, pending: 37026, pool: 100
I  437.81] Elapsed: 7:18, vertices: 1161, facets final: 222, pending: 37284, pool: 100
I  443.38] Elapsed: 7:23, vertices: 1168, facets final: 226, pending: 37723, pool: 100
I  448.55] Elapsed: 7:29, vertices: 1176, facets final: 227, pending: 37766, pool: 100
I  455.06] Elapsed: 7:35, vertices: 1186, facets final: 229, pending: 37967, pool: 100
I  460.06] Elapsed: 7:40, vertices: 1194, facets final: 229, pending: 38263, pool: 100
I  462.80] recalculating facets...
I  465.26] Elapsed: 7:45, vertices: 1203, facets final: 232, pending: 38018, pool: 100
I  470.29] Elapsed: 7:50, vertices: 1214, facets final: 237, pending: 38248, pool: 100
I  475.47] Elapsed: 7:55, vertices: 1223, facets final: 241, pending: 38011, pool: 100
I  480.75] Elapsed: 8:01, vertices: 1232, facets final: 241, pending: 37771, pool: 100
I  485.98] Elapsed: 8:06, vertices: 1242, facets final: 245, pending: 37905, pool: 100
I  491.10] Elapsed: 8:11, vertices: 1253, facets final: 254, pending: 37958, pool: 100
I  496.16] Elapsed: 8:16, vertices: 1263, facets final: 262, pending: 38050, pool: 100
I  501.40] Elapsed: 8:21, vertices: 1272, facets final: 263, pending: 38038, pool: 100
I  506.41] Elapsed: 8:26, vertices: 1284, facets final: 266, pending: 38176, pool: 100
I  511.41] Elapsed: 8:31, vertices: 1293, facets final: 268, pending: 38167, pool: 100
I  516.33] recalculating facets...
I  516.65] Elapsed: 8:37, vertices: 1301, facets final: 271, pending: 38354, pool: 100
I  521.66] Elapsed: 8:42, vertices: 1308, facets final: 273, pending: 38316, pool: 100
I  526.98] Elapsed: 8:47, vertices: 1316, facets final: 275, pending: 38129, pool: 100
I  532.01] Elapsed: 8:52, vertices: 1321, facets final: 280, pending: 38259, pool: 100
I  537.15] Elapsed: 8:57, vertices: 1330, facets final: 282, pending: 38328, pool: 100
I  542.18] Elapsed: 9:02, vertices: 1339, facets final: 284, pending: 38191, pool: 100
I  547.41] Elapsed: 9:07, vertices: 1349, facets final: 284, pending: 38310, pool: 100
I  552.68] Elapsed: 9:13, vertices: 1359, facets final: 288, pending: 38210, pool: 100
I  557.70] Elapsed: 9:18, vertices: 1366, facets final: 289, pending: 38117, pool: 100
I  562.73] Elapsed: 9:23, vertices: 1374, facets final: 295, pending: 38273, pool: 100
I  567.88] Elapsed: 9:28, vertices: 1382, facets final: 296, pending: 38683, pool: 100
I  572.92] Elapsed: 9:33, vertices: 1387, facets final: 297, pending: 38238, pool: 100
I  578.10] Elapsed: 9:38, vertices: 1399, facets final: 298, pending: 38022, pool: 100
I  578.47] recalculating facets...
I  583.25] Elapsed: 9:43, vertices: 1409, facets final: 300, pending: 38084, pool: 100
I  588.46] Elapsed: 9:48, vertices: 1417, facets final: 305, pending: 37930, pool: 100
I  593.63] Elapsed: 9:54, vertices: 1425, facets final: 307, pending: 37778, pool: 100
I  598.85] Elapsed: 9:59, vertices: 1435, facets final: 313, pending: 37639, pool: 100
I  604.01] Elapsed: 10:04, vertices: 1446, facets final: 317, pending: 37720, pool: 100
I  609.16] Elapsed: 10:09, vertices: 1454, facets final: 321, pending: 37786, pool: 100
I  614.24] Elapsed: 10:14, vertices: 1463, facets final: 325, pending: 37917, pool: 100
I  619.45] Elapsed: 10:19, vertices: 1473, facets final: 326, pending: 38198, pool: 100
I  624.73] Elapsed: 10:25, vertices: 1481, facets final: 330, pending: 38050, pool: 100
I  629.79] Elapsed: 10:30, vertices: 1490, facets final: 334, pending: 38042, pool: 100
I  635.03] Elapsed: 10:35, vertices: 1498, facets final: 336, pending: 37818, pool: 100
I  635.96] recalculating facets...
I  640.03] Elapsed: 10:40, vertices: 1509, facets final: 342, pending: 37696, pool: 100
I  645.05] Elapsed: 10:45, vertices: 1518, facets final: 345, pending: 37647, pool: 100
I  650.29] Elapsed: 10:50, vertices: 1527, facets final: 357, pending: 37763, pool: 100
I  655.38] Elapsed: 10:55, vertices: 1536, facets final: 359, pending: 37805, pool: 100
I  660.42] Elapsed: 11:00, vertices: 1544, facets final: 366, pending: 37582, pool: 100
I  665.70] Elapsed: 11:06, vertices: 1551, facets final: 369, pending: 37499, pool: 100
I  670.82] Elapsed: 11:11, vertices: 1559, facets final: 371, pending: 37676, pool: 100
I  676.32] Elapsed: 11:16, vertices: 1567, facets final: 378, pending: 37623, pool: 100
I  681.58] Elapsed: 11:22, vertices: 1577, facets final: 383, pending: 37671, pool: 100
I  686.76] Elapsed: 11:27, vertices: 1587, facets final: 385, pending: 37759, pool: 100
I  692.01] Elapsed: 11:32, vertices: 1598, facets final: 388, pending: 37921, pool: 100
I  693.04] recalculating facets...
I  697.16] Elapsed: 11:37, vertices: 1605, facets final: 394, pending: 37823, pool: 100
I  702.47] Elapsed: 11:42, vertices: 1615, facets final: 396, pending: 37848, pool: 100
I  708.30] Elapsed: 11:48, vertices: 1626, facets final: 398, pending: 37847, pool: 100
I  713.44] Elapsed: 11:53, vertices: 1635, facets final: 402, pending: 37730, pool: 100
I  718.55] Elapsed: 11:59, vertices: 1642, facets final: 406, pending: 37751, pool: 100
I  723.67] Elapsed: 12:04, vertices: 1651, facets final: 407, pending: 37603, pool: 100
I  729.01] Elapsed: 12:09, vertices: 1660, facets final: 411, pending: 37501, pool: 100
I  734.11] Elapsed: 12:14, vertices: 1669, facets final: 416, pending: 37387, pool: 100
I  739.30] Elapsed: 12:19, vertices: 1679, facets final: 423, pending: 37147, pool: 100
I  744.39] Elapsed: 12:24, vertices: 1688, facets final: 432, pending: 37489, pool: 100
I  749.66] Elapsed: 12:30, vertices: 1699, facets final: 432, pending: 37529, pool: 100
I  750.11] recalculating facets...
I  754.90] Elapsed: 12:35, vertices: 1710, facets final: 435, pending: 37417, pool: 100
I  760.10] Elapsed: 12:40, vertices: 1720, facets final: 441, pending: 37235, pool: 100
I  765.26] Elapsed: 12:45, vertices: 1729, facets final: 443, pending: 37070, pool: 100
I  770.27] Elapsed: 12:50, vertices: 1738, facets final: 447, pending: 36845, pool: 100
I  775.50] Elapsed: 12:56, vertices: 1748, facets final: 450, pending: 36710, pool: 100
I  780.62] Elapsed: 13:01, vertices: 1756, facets final: 456, pending: 36885, pool: 100
I  785.87] Elapsed: 13:06, vertices: 1765, facets final: 462, pending: 37246, pool: 100
I  791.20] Elapsed: 13:11, vertices: 1774, facets final: 468, pending: 37161, pool: 100
I  796.40] Elapsed: 13:16, vertices: 1784, facets final: 468, pending: 37156, pool: 100
I  801.52] Elapsed: 13:22, vertices: 1792, facets final: 472, pending: 37064, pool: 99
I  805.96] recalculating facets...
I  806.80] Elapsed: 13:27, vertices: 1801, facets final: 475, pending: 37038, pool: 100
I  811.92] Elapsed: 13:32, vertices: 1810, facets final: 488, pending: 37023, pool: 100
I  817.11] Elapsed: 13:37, vertices: 1819, facets final: 489, pending: 37193, pool: 100
I  822.19] Elapsed: 13:42, vertices: 1829, facets final: 493, pending: 36956, pool: 100
I  827.27] Elapsed: 13:47, vertices: 1838, facets final: 494, pending: 36909, pool: 99
I  832.67] Elapsed: 13:53, vertices: 1846, facets final: 504, pending: 36847, pool: 100
I  838.17] Elapsed: 13:58, vertices: 1856, facets final: 507, pending: 36945, pool: 100
I  843.26] Elapsed: 14:03, vertices: 1863, facets final: 514, pending: 36899, pool: 100
I  848.30] Elapsed: 14:08, vertices: 1872, facets final: 516, pending: 36710, pool: 100
I  853.33] Elapsed: 14:13, vertices: 1880, facets final: 523, pending: 36759, pool: 100
I  858.57] Elapsed: 14:19, vertices: 1889, facets final: 525, pending: 36799, pool: 99
I  863.93] Elapsed: 14:24, vertices: 1898, facets final: 530, pending: 36768, pool: 100
I  864.85] recalculating facets...
I  869.06] Elapsed: 14:29, vertices: 1909, facets final: 533, pending: 36600, pool: 100
I  874.08] Elapsed: 14:34, vertices: 1919, facets final: 538, pending: 36462, pool: 100
I  879.13] Elapsed: 14:39, vertices: 1927, facets final: 541, pending: 36295, pool: 100
I  884.30] Elapsed: 14:44, vertices: 1938, facets final: 545, pending: 36196, pool: 100
I  889.37] Elapsed: 14:49, vertices: 1949, facets final: 546, pending: 36090, pool: 100
I  894.38] Elapsed: 14:54, vertices: 1959, facets final: 548, pending: 36120, pool: 100
I  899.45] Elapsed: 14:59, vertices: 1968, facets final: 555, pending: 36061, pool: 100
I  904.49] Elapsed: 15:04, vertices: 1975, facets final: 560, pending: 36074, pool: 100
I  909.54] Elapsed: 15:10, vertices: 1984, facets final: 565, pending: 36161, pool: 100
I  914.60] Elapsed: 15:15, vertices: 1994, facets final: 568, pending: 36152, pool: 100
I  918.49] recalculating facets...
I  919.70] Elapsed: 15:20, vertices: 2003, facets final: 578, pending: 36069, pool: 100
I  924.88] Elapsed: 15:25, vertices: 2011, facets final: 587, pending: 35901, pool: 99
I  929.90] Elapsed: 15:30, vertices: 2023, facets final: 592, pending: 35917, pool: 100
I  935.13] Elapsed: 15:35, vertices: 2032, facets final: 599, pending: 35815, pool: 100
I  940.28] Elapsed: 15:40, vertices: 2041, facets final: 601, pending: 35728, pool: 100
I  945.32] Elapsed: 15:45, vertices: 2052, facets final: 607, pending: 35792, pool: 100
I  950.34] Elapsed: 15:50, vertices: 2063, facets final: 611, pending: 35691, pool: 99
I  955.49] Elapsed: 15:55, vertices: 2072, facets final: 623, pending: 35616, pool: 100
I  960.49] Elapsed: 16:00, vertices: 2081, facets final: 630, pending: 35671, pool: 100
I  965.56] Elapsed: 16:06, vertices: 2087, facets final: 641, pending: 35660, pool: 100
I  970.73] Elapsed: 16:11, vertices: 2098, facets final: 642, pending: 35493, pool: 100
I  971.70] recalculating facets...
I  975.80] Elapsed: 16:16, vertices: 2108, facets final: 645, pending: 35514, pool: 100
I  981.05] Elapsed: 16:21, vertices: 2117, facets final: 645, pending: 35579, pool: 100
I  986.14] Elapsed: 16:26, vertices: 2126, facets final: 653, pending: 35701, pool: 100
I  991.16] Elapsed: 16:31, vertices: 2137, facets final: 658, pending: 35637, pool: 100
I  996.24] Elapsed: 16:36, vertices: 2148, facets final: 663, pending: 35591, pool: 100
I 1001.26] Elapsed: 16:41, vertices: 2158, facets final: 668, pending: 35587, pool: 100
I 1006.30] Elapsed: 16:46, vertices: 2166, facets final: 676, pending: 35509, pool: 99
I 1011.52] Elapsed: 16:52, vertices: 2174, facets final: 682, pending: 35442, pool: 100
I 1016.63] Elapsed: 16:57, vertices: 2183, facets final: 689, pending: 35395, pool: 100
I 1021.86] Elapsed: 17:02, vertices: 2192, facets final: 695, pending: 35300, pool: 100
I 1026.87] Elapsed: 17:07, vertices: 2200, facets final: 705, pending: 35265, pool: 100
I 1027.43] recalculating facets...
I 1032.20] Elapsed: 17:12, vertices: 2209, facets final: 713, pending: 35129, pool: 100
I 1037.24] Elapsed: 17:17, vertices: 2221, facets final: 715, pending: 35065, pool: 100
I 1042.44] Elapsed: 17:22, vertices: 2230, facets final: 722, pending: 34994, pool: 100
I 1047.50] Elapsed: 17:28, vertices: 2239, facets final: 727, pending: 34995, pool: 100
I 1052.67] Elapsed: 17:33, vertices: 2249, facets final: 732, pending: 34893, pool: 100
I 1057.86] Elapsed: 17:38, vertices: 2261, facets final: 738, pending: 35028, pool: 100
I 1063.13] Elapsed: 17:43, vertices: 2270, facets final: 749, pending: 34974, pool: 100
I 1068.19] Elapsed: 17:48, vertices: 2277, facets final: 766, pending: 34780, pool: 100
I 1073.24] Elapsed: 17:53, vertices: 2288, facets final: 773, pending: 34793, pool: 100
I 1078.25] Elapsed: 17:58, vertices: 2297, facets final: 778, pending: 34734, pool: 100
I 1080.03] recalculating facets...
I 1083.37] Elapsed: 18:03, vertices: 2306, facets final: 782, pending: 34552, pool: 100
I 1088.50] Elapsed: 18:09, vertices: 2316, facets final: 792, pending: 34532, pool: 100
I 1093.74] Elapsed: 18:14, vertices: 2328, facets final: 792, pending: 34407, pool: 100
I 1098.74] Elapsed: 18:19, vertices: 2338, facets final: 794, pending: 34243, pool: 100
I 1104.02] Elapsed: 18:24, vertices: 2347, facets final: 805, pending: 34199, pool: 100
I 1109.06] Elapsed: 18:29, vertices: 2356, facets final: 813, pending: 34081, pool: 100
I 1114.16] Elapsed: 18:34, vertices: 2367, facets final: 817, pending: 33997, pool: 100
I 1119.49] Elapsed: 18:39, vertices: 2375, facets final: 824, pending: 33957, pool: 100
I 1124.66] Elapsed: 18:45, vertices: 2387, facets final: 826, pending: 34166, pool: 100
I 1129.67] Elapsed: 18:50, vertices: 2396, facets final: 829, pending: 34242, pool: 100
I 1132.48] recalculating facets...
I 1134.79] Elapsed: 18:55, vertices: 2404, facets final: 834, pending: 34145, pool: 100
I 1139.98] Elapsed: 19:00, vertices: 2412, facets final: 845, pending: 34134, pool: 100
I 1144.98] Elapsed: 19:05, vertices: 2422, facets final: 850, pending: 33975, pool: 100
I 1150.10] Elapsed: 19:10, vertices: 2431, facets final: 857, pending: 33991, pool: 100
I 1155.13] Elapsed: 19:15, vertices: 2441, facets final: 864, pending: 33861, pool: 100
I 1160.20] Elapsed: 19:20, vertices: 2451, facets final: 866, pending: 33865, pool: 100
I 1165.20] Elapsed: 19:25, vertices: 2461, facets final: 872, pending: 33748, pool: 100
I 1170.25] Elapsed: 19:30, vertices: 2471, facets final: 875, pending: 33542, pool: 100
I 1175.26] Elapsed: 19:35, vertices: 2481, facets final: 884, pending: 33313, pool: 100
I 1180.59] Elapsed: 19:41, vertices: 2490, facets final: 891, pending: 33174, pool: 100
I 1185.46] recalculating facets...
I 1185.69] Elapsed: 19:46, vertices: 2501, facets final: 894, pending: 33134, pool: 100
I 1190.98] Elapsed: 19:51, vertices: 2510, facets final: 899, pending: 33252, pool: 100
I 1196.05] Elapsed: 19:56, vertices: 2519, facets final: 912, pending: 33159, pool: 100
I 1201.07] Elapsed: 20:01, vertices: 2531, facets final: 916, pending: 33092, pool: 100
I 1206.07] Elapsed: 20:06, vertices: 2541, facets final: 918, pending: 32947, pool: 100
I 1211.08] Elapsed: 20:11, vertices: 2552, facets final: 925, pending: 32977, pool: 100
I 1216.08] Elapsed: 20:16, vertices: 2560, facets final: 939, pending: 32991, pool: 100
I 1221.20] Elapsed: 20:21, vertices: 2568, facets final: 952, pending: 32960, pool: 100
I 1226.37] Elapsed: 20:26, vertices: 2578, facets final: 959, pending: 32907, pool: 100
I 1231.46] Elapsed: 20:31, vertices: 2589, facets final: 964, pending: 32886, pool: 100
I 1236.65] Elapsed: 20:37, vertices: 2599, facets final: 970, pending: 32766, pool: 100
I 1237.40] recalculating facets...
I 1241.68] Elapsed: 20:42, vertices: 2606, facets final: 981, pending: 32715, pool: 100
I 1247.04] Elapsed: 20:47, vertices: 2617, facets final: 987, pending: 32630, pool: 100
I 1252.08] Elapsed: 20:52, vertices: 2625, facets final: 998, pending: 32449, pool: 100
I 1257.16] Elapsed: 20:57, vertices: 2631, facets final: 1014, pending: 32340, pool: 100
I 1262.24] Elapsed: 21:02, vertices: 2643, facets final: 1021, pending: 32260, pool: 100
I 1267.28] Elapsed: 21:07, vertices: 2651, facets final: 1030, pending: 32233, pool: 100
I 1272.40] Elapsed: 21:12, vertices: 2660, facets final: 1039, pending: 31944, pool: 100
I 1277.65] Elapsed: 21:18, vertices: 2670, facets final: 1048, pending: 31926, pool: 100
I 1282.68] Elapsed: 21:23, vertices: 2680, facets final: 1060, pending: 32012, pool: 100
I 1287.76] Elapsed: 21:28, vertices: 2690, facets final: 1069, pending: 31934, pool: 100
I 1292.71] recalculating facets...
I 1293.14] Elapsed: 21:33, vertices: 2701, facets final: 1075, pending: 31855, pool: 100
I 1298.20] Elapsed: 21:38, vertices: 2709, facets final: 1092, pending: 31665, pool: 100
I 1303.25] Elapsed: 21:43, vertices: 2716, facets final: 1114, pending: 31649, pool: 100
I 1308.35] Elapsed: 21:48, vertices: 2724, facets final: 1133, pending: 31628, pool: 100
I 1313.56] Elapsed: 21:54, vertices: 2732, facets final: 1146, pending: 31492, pool: 100
I 1318.65] Elapsed: 21:59, vertices: 2743, facets final: 1161, pending: 31407, pool: 100
I 1323.67] Elapsed: 22:04, vertices: 2751, facets final: 1170, pending: 31245, pool: 100
I 1328.79] Elapsed: 22:09, vertices: 2760, facets final: 1180, pending: 31165, pool: 100
I 1333.97] Elapsed: 22:14, vertices: 2771, facets final: 1190, pending: 31248, pool: 100
I 1339.19] Elapsed: 22:19, vertices: 2780, facets final: 1199, pending: 31087, pool: 100
I 1344.22] Elapsed: 22:24, vertices: 2791, facets final: 1210, pending: 30981, pool: 100
I 1349.27] Elapsed: 22:29, vertices: 2799, facets final: 1226, pending: 30987, pool: 100
I 1350.38] recalculating facets...
I 1354.34] Elapsed: 22:34, vertices: 2806, facets final: 1239, pending: 30930, pool: 100
I 1359.53] Elapsed: 22:40, vertices: 2815, facets final: 1252, pending: 30788, pool: 100
I 1364.65] Elapsed: 22:45, vertices: 2825, facets final: 1263, pending: 30597, pool: 100
I 1369.72] Elapsed: 22:50, vertices: 2834, facets final: 1274, pending: 30558, pool: 100
I 1374.72] Elapsed: 22:55, vertices: 2842, facets final: 1285, pending: 30471, pool: 100
I 1379.78] Elapsed: 23:00, vertices: 2851, facets final: 1302, pending: 30406, pool: 100
I 1385.03] Elapsed: 23:05, vertices: 2860, facets final: 1312, pending: 30285, pool: 100
I 1390.10] Elapsed: 23:10, vertices: 2869, facets final: 1322, pending: 30357, pool: 100
I 1395.20] Elapsed: 23:15, vertices: 2878, facets final: 1332, pending: 30164, pool: 100
I 1400.25] Elapsed: 23:20, vertices: 2887, facets final: 1347, pending: 30026, pool: 100
I 1405.28] Elapsed: 23:25, vertices: 2895, facets final: 1366, pending: 29972, pool: 100
I 1408.49] recalculating facets...
I 1410.49] Elapsed: 23:30, vertices: 2902, facets final: 1382, pending: 29925, pool: 100
I 1415.75] Elapsed: 23:36, vertices: 2910, facets final: 1392, pending: 29848, pool: 99
I 1420.86] Elapsed: 23:41, vertices: 2920, facets final: 1400, pending: 29761, pool: 100
I 1426.04] Elapsed: 23:46, vertices: 2930, facets final: 1414, pending: 29647, pool: 100
I 1431.47] Elapsed: 23:51, vertices: 2941, facets final: 1423, pending: 29508, pool: 100
I 1436.69] Elapsed: 23:57, vertices: 2950, facets final: 1443, pending: 29449, pool: 100
I 1441.85] Elapsed: 24:02, vertices: 2961, facets final: 1452, pending: 29373, pool: 100
I 1446.96] Elapsed: 24:07, vertices: 2973, facets final: 1461, pending: 29338, pool: 100
I 1452.00] Elapsed: 24:12, vertices: 2982, facets final: 1472, pending: 29322, pool: 100
I 1457.00] Elapsed: 24:17, vertices: 2995, facets final: 1478, pending: 29383, pool: 100
I 1459.69] recalculating facets...
I 1462.20] Elapsed: 24:22, vertices: 3004, facets final: 1491, pending: 29326, pool: 100
I 1467.25] Elapsed: 24:27, vertices: 3014, facets final: 1509, pending: 29277, pool: 100
I 1472.34] Elapsed: 24:32, vertices: 3022, facets final: 1524, pending: 29116, pool: 100
I 1477.36] Elapsed: 24:37, vertices: 3032, facets final: 1536, pending: 28992, pool: 100
I 1482.48] Elapsed: 24:42, vertices: 3042, facets final: 1544, pending: 28991, pool: 100
I 1487.56] Elapsed: 24:48, vertices: 3050, facets final: 1567, pending: 28868, pool: 100
I 1492.61] Elapsed: 24:53, vertices: 3060, facets final: 1582, pending: 28785, pool: 100
I 1497.68] Elapsed: 24:58, vertices: 3068, facets final: 1595, pending: 28665, pool: 100
I 1502.98] Elapsed: 25:03, vertices: 3078, facets final: 1602, pending: 28597, pool: 100
I 1507.98] Elapsed: 25:08, vertices: 3087, facets final: 1620, pending: 28586, pool: 100
I 1512.98] Elapsed: 25:13, vertices: 3097, facets final: 1631, pending: 28500, pool: 100
I 1514.91] recalculating facets...
I 1518.11] Elapsed: 25:18, vertices: 3107, facets final: 1641, pending: 28440, pool: 100
I 1523.12] Elapsed: 25:23, vertices: 3117, facets final: 1651, pending: 28317, pool: 100
I 1528.14] Elapsed: 25:28, vertices: 3127, facets final: 1662, pending: 28221, pool: 100
I 1533.20] Elapsed: 25:33, vertices: 3136, facets final: 1681, pending: 28189, pool: 100
I 1538.39] Elapsed: 25:38, vertices: 3145, facets final: 1698, pending: 28050, pool: 100
I 1543.51] Elapsed: 25:44, vertices: 3155, facets final: 1712, pending: 27877, pool: 100
I 1548.68] Elapsed: 25:49, vertices: 3164, facets final: 1729, pending: 27800, pool: 100
I 1553.91] Elapsed: 25:54, vertices: 3172, facets final: 1754, pending: 27743, pool: 100
I 1558.96] Elapsed: 25:59, vertices: 3180, facets final: 1776, pending: 27580, pool: 100
I 1563.96] Elapsed: 26:04, vertices: 3188, facets final: 1792, pending: 27592, pool: 100
I 1569.08] Elapsed: 26:09, vertices: 3197, facets final: 1805, pending: 27491, pool: 100
I 1570.87] recalculating facets...
I 1574.09] Elapsed: 26:14, vertices: 3207, facets final: 1818, pending: 27429, pool: 100
I 1579.11] Elapsed: 26:19, vertices: 3215, facets final: 1839, pending: 27386, pool: 100
I 1584.26] Elapsed: 26:24, vertices: 3223, facets final: 1853, pending: 27209, pool: 100
I 1589.29] Elapsed: 26:29, vertices: 3234, facets final: 1859, pending: 27185, pool: 100
I 1594.36] Elapsed: 26:34, vertices: 3241, facets final: 1880, pending: 27118, pool: 100
I 1599.56] Elapsed: 26:40, vertices: 3250, facets final: 1898, pending: 27026, pool: 100
I 1604.65] Elapsed: 26:45, vertices: 3260, facets final: 1911, pending: 26881, pool: 100
I 1609.74] Elapsed: 26:50, vertices: 3268, facets final: 1931, pending: 26786, pool: 100
I 1614.78] Elapsed: 26:55, vertices: 3278, facets final: 1942, pending: 26700, pool: 100
I 1619.89] Elapsed: 27:00, vertices: 3289, facets final: 1960, pending: 26672, pool: 100
I 1624.94] Elapsed: 27:05, vertices: 3298, facets final: 1980, pending: 26550, pool: 100
I 1626.21] recalculating facets...
I 1630.19] Elapsed: 27:10, vertices: 3309, facets final: 1995, pending: 26454, pool: 100
I 1635.39] Elapsed: 27:15, vertices: 3320, facets final: 2011, pending: 26385, pool: 99
I 1640.55] Elapsed: 27:21, vertices: 3327, facets final: 2037, pending: 26269, pool: 100
I 1645.66] Elapsed: 27:26, vertices: 3336, facets final: 2059, pending: 26225, pool: 100
I 1650.74] Elapsed: 27:31, vertices: 3350, facets final: 2065, pending: 26145, pool: 100
I 1655.79] Elapsed: 27:36, vertices: 3361, facets final: 2082, pending: 26040, pool: 100
I 1660.80] Elapsed: 27:41, vertices: 3371, facets final: 2099, pending: 25908, pool: 100
I 1665.94] Elapsed: 27:46, vertices: 3379, facets final: 2126, pending: 25928, pool: 100
I 1671.05] Elapsed: 27:51, vertices: 3387, facets final: 2142, pending: 25879, pool: 100
I 1676.11] Elapsed: 27:56, vertices: 3398, facets final: 2161, pending: 25804, pool: 98
I 1677.53] recalculating facets...
I 1681.11] Elapsed: 28:01, vertices: 3406, facets final: 2182, pending: 25723, pool: 100
I 1686.19] Elapsed: 28:06, vertices: 3417, facets final: 2195, pending: 25636, pool: 100
I 1691.20] Elapsed: 28:11, vertices: 3425, facets final: 2223, pending: 25588, pool: 100
I 1696.31] Elapsed: 28:16, vertices: 3432, facets final: 2247, pending: 25447, pool: 100
I 1701.43] Elapsed: 28:21, vertices: 3441, facets final: 2270, pending: 25322, pool: 100
I 1706.70] Elapsed: 28:27, vertices: 3447, facets final: 2294, pending: 25264, pool: 100
I 1711.71] Elapsed: 28:32, vertices: 3457, facets final: 2309, pending: 25280, pool: 100
I 1716.73] Elapsed: 28:37, vertices: 3465, facets final: 2330, pending: 25200, pool: 100
I 1721.75] Elapsed: 28:42, vertices: 3477, facets final: 2344, pending: 25140, pool: 100
I 1726.97] Elapsed: 28:47, vertices: 3485, facets final: 2367, pending: 25120, pool: 100
I 1732.02] Elapsed: 28:52, vertices: 3495, facets final: 2384, pending: 24982, pool: 100
I 1735.24] recalculating facets...
I 1737.11] Elapsed: 28:57, vertices: 3504, facets final: 2400, pending: 24969, pool: 100
I 1742.14] Elapsed: 29:02, vertices: 3513, facets final: 2420, pending: 24912, pool: 99
I 1747.15] Elapsed: 29:07, vertices: 3521, facets final: 2443, pending: 24841, pool: 100
I 1752.23] Elapsed: 29:12, vertices: 3530, facets final: 2459, pending: 24760, pool: 100
I 1757.40] Elapsed: 29:17, vertices: 3538, facets final: 2482, pending: 24675, pool: 100
I 1762.61] Elapsed: 29:23, vertices: 3547, facets final: 2498, pending: 24653, pool: 100
I 1767.67] Elapsed: 29:28, vertices: 3557, facets final: 2517, pending: 24509, pool: 100
I 1772.78] Elapsed: 29:33, vertices: 3568, facets final: 2532, pending: 24427, pool: 100
I 1777.93] Elapsed: 29:38, vertices: 3575, facets final: 2563, pending: 24386, pool: 100
I 1783.02] Elapsed: 29:43, vertices: 3582, facets final: 2589, pending: 24316, pool: 100
I 1788.07] Elapsed: 29:48, vertices: 3591, facets final: 2608, pending: 24238, pool: 100
I 1793.10] Elapsed: 29:53, vertices: 3597, facets final: 2636, pending: 24129, pool: 100
I 1795.07] recalculating facets...
I 1798.17] Elapsed: 29:58, vertices: 3605, facets final: 2654, pending: 24057, pool: 100
I 1803.18] Elapsed: 30:03, vertices: 3613, facets final: 2673, pending: 23980, pool: 100
I 1808.34] Elapsed: 30:08, vertices: 3621, facets final: 2698, pending: 23915, pool: 100
I 1813.47] Elapsed: 30:13, vertices: 3633, facets final: 2708, pending: 23852, pool: 100
I 1818.56] Elapsed: 30:19, vertices: 3640, facets final: 2729, pending: 23804, pool: 100
I 1823.63] Elapsed: 30:24, vertices: 3647, facets final: 2758, pending: 23727, pool: 100
I 1828.69] Elapsed: 30:29, vertices: 3656, facets final: 2775, pending: 23597, pool: 100
I 1833.70] Elapsed: 30:34, vertices: 3664, facets final: 2800, pending: 23480, pool: 100
I 1838.72] Elapsed: 30:39, vertices: 3670, facets final: 2821, pending: 23405, pool: 100
I 1843.92] Elapsed: 30:44, vertices: 3679, facets final: 2842, pending: 23353, pool: 100
I 1848.93] Elapsed: 30:49, vertices: 3688, facets final: 2863, pending: 23258, pool: 100
I 1853.94] Elapsed: 30:54, vertices: 3697, facets final: 2882, pending: 23191, pool: 100
I 1855.58] recalculating facets...
I 1858.98] Elapsed: 30:59, vertices: 3706, facets final: 2900, pending: 23111, pool: 100
I 1864.14] Elapsed: 31:04, vertices: 3714, facets final: 2918, pending: 23046, pool: 100
I 1869.21] Elapsed: 31:09, vertices: 3721, facets final: 2943, pending: 22960, pool: 100
I 1874.28] Elapsed: 31:14, vertices: 3729, facets final: 2965, pending: 22971, pool: 100
I 1879.29] Elapsed: 31:19, vertices: 3735, facets final: 2988, pending: 22912, pool: 100
I 1884.29] Elapsed: 31:24, vertices: 3742, facets final: 3011, pending: 22832, pool: 100
I 1889.34] Elapsed: 31:29, vertices: 3752, facets final: 3025, pending: 22756, pool: 100
I 1894.40] Elapsed: 31:34, vertices: 3758, facets final: 3055, pending: 22690, pool: 100
I 1899.57] Elapsed: 31:40, vertices: 3767, facets final: 3076, pending: 22626, pool: 100
I 1904.65] Elapsed: 31:45, vertices: 3775, facets final: 3099, pending: 22563, pool: 100
I 1909.77] Elapsed: 31:50, vertices: 3784, facets final: 3121, pending: 22482, pool: 100
I 1914.98] Elapsed: 31:55, vertices: 3792, facets final: 3147, pending: 22420, pool: 100
I 1920.09] Elapsed: 32:00, vertices: 3799, facets final: 3176, pending: 22343, pool: 99
I 1921.20] recalculating facets...
I 1925.16] Elapsed: 32:05, vertices: 3806, facets final: 3198, pending: 22269, pool: 100
I 1930.16] Elapsed: 32:10, vertices: 3815, facets final: 3214, pending: 22199, pool: 100
I 1935.25] Elapsed: 32:15, vertices: 3823, facets final: 3234, pending: 22137, pool: 100
I 1940.26] Elapsed: 32:20, vertices: 3829, facets final: 3266, pending: 22061, pool: 100
I 1945.28] Elapsed: 32:25, vertices: 3837, facets final: 3286, pending: 21976, pool: 100
I 1950.45] Elapsed: 32:30, vertices: 3848, facets final: 3308, pending: 21950, pool: 100
I 1955.46] Elapsed: 32:35, vertices: 3855, facets final: 3331, pending: 21861, pool: 100
I 1960.48] Elapsed: 32:40, vertices: 3863, facets final: 3358, pending: 21870, pool: 100
I 1965.57] Elapsed: 32:46, vertices: 3867, facets final: 3389, pending: 21849, pool: 100
I 1970.65] Elapsed: 32:51, vertices: 3873, facets final: 3419, pending: 21818, pool: 100
I 1975.65] Elapsed: 32:56, vertices: 3879, facets final: 3448, pending: 21817, pool: 100
I 1980.73] Elapsed: 33:01, vertices: 3883, facets final: 3485, pending: 21731, pool: 100
I 1985.76] Elapsed: 33:06, vertices: 3891, facets final: 3507, pending: 21689, pool: 100
I 1990.77] Elapsed: 33:11, vertices: 3900, facets final: 3524, pending: 21611, pool: 100
I 1991.44] recalculating facets...
I 1995.87] Elapsed: 33:16, vertices: 3906, facets final: 3551, pending: 21550, pool: 100
I 2000.89] Elapsed: 33:21, vertices: 3912, facets final: 3576, pending: 21485, pool: 100
I 2006.09] Elapsed: 33:26, vertices: 3919, facets final: 3606, pending: 21425, pool: 99
I 2011.17] Elapsed: 33:31, vertices: 3928, facets final: 3625, pending: 21370, pool: 100
I 2016.26] Elapsed: 33:36, vertices: 3938, facets final: 3649, pending: 21311, pool: 99
I 2021.48] Elapsed: 33:41, vertices: 3949, facets final: 3664, pending: 21252, pool: 100
I 2026.49] Elapsed: 33:46, vertices: 3954, facets final: 3696, pending: 21212, pool: 100
I 2031.74] Elapsed: 33:52, vertices: 3959, facets final: 3731, pending: 21145, pool: 100
I 2036.77] Elapsed: 33:57, vertices: 3968, facets final: 3757, pending: 21077, pool: 99
I 2041.84] Elapsed: 34:02, vertices: 3975, facets final: 3782, pending: 21035, pool: 100
I 2046.85] Elapsed: 34:07, vertices: 3980, facets final: 3817, pending: 20973, pool: 99
I 2051.97] Elapsed: 34:12, vertices: 3987, facets final: 3842, pending: 20937, pool: 100
I 2057.24] Elapsed: 34:17, vertices: 3993, facets final: 3867, pending: 20882, pool: 100
I 2061.96] recalculating facets...
I 2062.32] Elapsed: 34:22, vertices: 4001, facets final: 3892, pending: 20827, pool: 100
I 2067.35] Elapsed: 34:27, vertices: 4010, facets final: 3920, pending: 20776, pool: 100
I 2072.43] Elapsed: 34:32, vertices: 4017, facets final: 3946, pending: 20698, pool: 99
I 2077.49] Elapsed: 34:37, vertices: 4022, facets final: 3973, pending: 20611, pool: 100
I 2082.71] Elapsed: 34:43, vertices: 4029, facets final: 4001, pending: 20578, pool: 100
I 2087.73] Elapsed: 34:48, vertices: 4038, facets final: 4028, pending: 20560, pool: 100
I 2092.78] Elapsed: 34:53, vertices: 4046, facets final: 4051, pending: 20490, pool: 100
I 2097.89] Elapsed: 34:58, vertices: 4052, facets final: 4077, pending: 20425, pool: 100
I 2102.90] Elapsed: 35:03, vertices: 4058, facets final: 4107, pending: 20352, pool: 100
I 2108.00] Elapsed: 35:08, vertices: 4064, facets final: 4140, pending: 20282, pool: 100
I 2113.21] Elapsed: 35:13, vertices: 4067, facets final: 4172, pending: 20257, pool: 100
I 2118.24] Elapsed: 35:18, vertices: 4076, facets final: 4189, pending: 20201, pool: 100
I 2123.27] Elapsed: 35:23, vertices: 4080, facets final: 4224, pending: 20159, pool: 100
I 2128.63] Elapsed: 35:29, vertices: 4086, facets final: 4259, pending: 20085, pool: 100
I 2133.73] Elapsed: 35:34, vertices: 4089, facets final: 4301, pending: 20021, pool: 100
I 2138.85] Elapsed: 35:39, vertices: 4094, facets final: 4332, pending: 19965, pool: 100
I 2141.90] recalculating facets...
I 2143.88] Elapsed: 35:44, vertices: 4104, facets final: 4352, pending: 19903, pool: 98
I 2149.07] Elapsed: 35:49, vertices: 4106, facets final: 4389, pending: 19845, pool: 100
I 2154.13] Elapsed: 35:54, vertices: 4112, facets final: 4421, pending: 19822, pool: 98
I 2159.20] Elapsed: 35:59, vertices: 4116, facets final: 4460, pending: 19762, pool: 100
I 2164.28] Elapsed: 36:04, vertices: 4121, facets final: 4493, pending: 19716, pool: 100
I 2169.41] Elapsed: 36:09, vertices: 4127, facets final: 4523, pending: 19644, pool: 100
I 2174.41] Elapsed: 36:14, vertices: 4133, facets final: 4554, pending: 19616, pool: 100
I 2179.50] Elapsed: 36:20, vertices: 4138, facets final: 4586, pending: 19601, pool: 100
I 2184.60] Elapsed: 36:25, vertices: 4142, facets final: 4632, pending: 19540, pool: 99
I 2189.81] Elapsed: 36:30, vertices: 4148, facets final: 4666, pending: 19486, pool: 100
I 2194.94] Elapsed: 36:35, vertices: 4155, facets final: 4695, pending: 19398, pool: 100
I 2200.08] Elapsed: 36:40, vertices: 4160, facets final: 4731, pending: 19338, pool: 100
I 2205.12] Elapsed: 36:45, vertices: 4167, facets final: 4766, pending: 19283, pool: 99
I 2210.19] Elapsed: 36:50, vertices: 4170, facets final: 4804, pending: 19230, pool: 100
I 2215.31] Elapsed: 36:55, vertices: 4175, facets final: 4838, pending: 19197, pool: 100
I 2220.47] Elapsed: 37:00, vertices: 4182, facets final: 4864, pending: 19126, pool: 100
I 2225.53] Elapsed: 37:06, vertices: 4191, facets final: 4891, pending: 19062, pool: 99
I 2230.58] Elapsed: 37:11, vertices: 4196, facets final: 4925, pending: 19006, pool: 99
I 2235.65] Elapsed: 37:16, vertices: 4199, facets final: 4964, pending: 18954, pool: 99
I 2237.70] recalculating facets...
I 2240.67] Elapsed: 37:21, vertices: 4203, facets final: 5000, pending: 18901, pool: 99
I 2245.69] Elapsed: 37:26, vertices: 4205, facets final: 5043, pending: 18866, pool: 98
I 2250.70] Elapsed: 37:31, vertices: 4209, facets final: 5081, pending: 18796, pool: 100
I 2255.78] Elapsed: 37:36, vertices: 4216, facets final: 5111, pending: 18741, pool: 99
I 2260.84] Elapsed: 37:41, vertices: 4223, facets final: 5144, pending: 18679, pool: 100
I 2265.88] Elapsed: 37:46, vertices: 4230, facets final: 5170, pending: 18625, pool: 100
I 2270.99] Elapsed: 37:51, vertices: 4235, facets final: 5212, pending: 18552, pool: 100
I 2276.00] Elapsed: 37:56, vertices: 4238, facets final: 5250, pending: 18501, pool: 100
I 2281.07] Elapsed: 38:01, vertices: 4242, facets final: 5287, pending: 18445, pool: 100
I 2286.20] Elapsed: 38:06, vertices: 4247, facets final: 5324, pending: 18401, pool: 99
I 2291.41] Elapsed: 38:11, vertices: 4252, facets final: 5359, pending: 18351, pool: 100
I 2296.56] Elapsed: 38:17, vertices: 4255, facets final: 5397, pending: 18293, pool: 100
I 2301.59] Elapsed: 38:22, vertices: 4264, facets final: 5422, pending: 18242, pool: 99
I 2306.62] Elapsed: 38:27, vertices: 4271, facets final: 5453, pending: 18159, pool: 100
I 2311.79] Elapsed: 38:32, vertices: 4274, facets final: 5492, pending: 18116, pool: 100
I 2316.79] Elapsed: 38:37, vertices: 4281, facets final: 5522, pending: 18058, pool: 100
I 2321.85] Elapsed: 38:42, vertices: 4285, facets final: 5559, pending: 17990, pool: 99
I 2327.02] Elapsed: 38:47, vertices: 4290, facets final: 5593, pending: 17920, pool: 100
I 2332.11] Elapsed: 38:52, vertices: 4294, facets final: 5637, pending: 17873, pool: 99
I 2336.18] recalculating facets...
I 2337.30] Elapsed: 38:57, vertices: 4302, facets final: 5668, pending: 17805, pool: 100
I 2342.35] Elapsed: 39:02, vertices: 4307, facets final: 5704, pending: 17750, pool: 98
I 2347.38] Elapsed: 39:07, vertices: 4310, facets final: 5742, pending: 17702, pool: 99
I 2352.39] Elapsed: 39:12, vertices: 4312, facets final: 5784, pending: 17640, pool: 99
I 2357.41] Elapsed: 39:17, vertices: 4321, facets final: 5809, pending: 17598, pool: 99
I 2362.50] Elapsed: 39:23, vertices: 4325, facets final: 5843, pending: 17535, pool: 100
I 2367.61] Elapsed: 39:28, vertices: 4331, facets final: 5875, pending: 17489, pool: 100
I 2372.69] Elapsed: 39:33, vertices: 4334, facets final: 5914, pending: 17447, pool: 99
I 2377.76] Elapsed: 39:38, vertices: 4338, facets final: 5948, pending: 17417, pool: 100
I 2382.97] Elapsed: 39:43, vertices: 4341, facets final: 5991, pending: 17365, pool: 100
I 2388.04] Elapsed: 39:48, vertices: 4345, facets final: 6029, pending: 17304, pool: 99
I 2393.05] Elapsed: 39:53, vertices: 4352, facets final: 6061, pending: 17259, pool: 99
I 2398.06] Elapsed: 39:58, vertices: 4355, facets final: 6099, pending: 17212, pool: 99
I 2403.23] Elapsed: 40:03, vertices: 4359, facets final: 6129, pending: 17164, pool: 100
I 2408.24] Elapsed: 40:08, vertices: 4365, facets final: 6156, pending: 17124, pool: 100
I 2413.28] Elapsed: 40:13, vertices: 4370, facets final: 6196, pending: 17080, pool: 99
I 2418.45] Elapsed: 40:18, vertices: 4373, facets final: 6233, pending: 17033, pool: 100
I 2423.54] Elapsed: 40:24, vertices: 4378, facets final: 6272, pending: 16984, pool: 100
I 2428.63] Elapsed: 40:29, vertices: 4385, facets final: 6298, pending: 16919, pool: 100
I 2433.63] Elapsed: 40:34, vertices: 4388, facets final: 6333, pending: 16867, pool: 100
I 2438.65] Elapsed: 40:39, vertices: 4392, facets final: 6368, pending: 16795, pool: 100
I 2443.68] Elapsed: 40:44, vertices: 4395, facets final: 6412, pending: 16725, pool: 99
I 2448.51] recalculating facets...
I 2448.68] Elapsed: 40:49, vertices: 4401, facets final: 6443, pending: 16696, pool: 99
I 2453.78] Elapsed: 40:54, vertices: 4403, facets final: 6479, pending: 16653, pool: 100
I 2458.90] Elapsed: 40:59, vertices: 4404, facets final: 6522, pending: 16608, pool: 99
I 2463.93] Elapsed: 41:04, vertices: 4408, facets final: 6562, pending: 16550, pool: 98
I 2469.00] Elapsed: 41:09, vertices: 4410, facets final: 6603, pending: 16503, pool: 99
I 2474.05] Elapsed: 41:14, vertices: 4414, facets final: 6641, pending: 16455, pool: 99
I 2479.13] Elapsed: 41:19, vertices: 4419, facets final: 6669, pending: 16431, pool: 100
I 2484.15] Elapsed: 41:24, vertices: 4424, facets final: 6709, pending: 16363, pool: 99
I 2489.17] Elapsed: 41:29, vertices: 4428, facets final: 6749, pending: 16311, pool: 100
I 2494.18] Elapsed: 41:34, vertices: 4431, facets final: 6792, pending: 16270, pool: 98
I 2499.30] Elapsed: 41:39, vertices: 4432, facets final: 6835, pending: 16220, pool: 100
I 2504.39] Elapsed: 41:44, vertices: 4436, facets final: 6873, pending: 16147, pool: 99
I 2509.47] Elapsed: 41:49, vertices: 4440, facets final: 6913, pending: 16127, pool: 100
I 2514.49] Elapsed: 41:54, vertices: 4446, facets final: 6947, pending: 16055, pool: 99
I 2519.55] Elapsed: 42:00, vertices: 4449, facets final: 6990, pending: 16003, pool: 100
I 2524.59] Elapsed: 42:05, vertices: 4451, facets final: 7038, pending: 15949, pool: 98
I 2529.64] Elapsed: 42:10, vertices: 4454, facets final: 7077, pending: 15899, pool: 98
I 2534.65] Elapsed: 42:15, vertices: 4456, facets final: 7121, pending: 15864, pool: 100
I 2539.71] Elapsed: 42:20, vertices: 4458, facets final: 7166, pending: 15821, pool: 99
I 2544.78] Elapsed: 42:25, vertices: 4462, facets final: 7207, pending: 15757, pool: 99
I 2549.81] Elapsed: 42:30, vertices: 4465, facets final: 7251, pending: 15707, pool: 99
I 2554.89] Elapsed: 42:35, vertices: 4468, facets final: 7290, pending: 15659, pool: 100
I 2559.93] Elapsed: 42:40, vertices: 4475, facets final: 7326, pending: 15579, pool: 99
I 2565.00] Elapsed: 42:45, vertices: 4477, facets final: 7364, pending: 15539, pool: 100
I 2570.07] Elapsed: 42:50, vertices: 4482, facets final: 7400, pending: 15504, pool: 97
I 2575.07] Elapsed: 42:55, vertices: 4484, facets final: 7448, pending: 15451, pool: 97
I 2580.16] Elapsed: 43:00, vertices: 4486, facets final: 7495, pending: 15395, pool: 97
I 2585.36] Elapsed: 43:05, vertices: 4489, facets final: 7528, pending: 15349, pool: 100
I 2590.52] Elapsed: 43:11, vertices: 4495, facets final: 7566, pending: 15285, pool: 100
I 2595.26] recalculating facets...
I 2595.76] Elapsed: 43:16, vertices: 4501, facets final: 7594, pending: 15239, pool: 100
I 2600.78] Elapsed: 43:21, vertices: 4504, facets final: 7633, pending: 15194, pool: 100
I 2605.83] Elapsed: 43:26, vertices: 4506, facets final: 7672, pending: 15153, pool: 100
I 2610.84] Elapsed: 43:31, vertices: 4511, facets final: 7706, pending: 15112, pool: 98
I 2615.85] Elapsed: 43:36, vertices: 4514, facets final: 7752, pending: 15057, pool: 99
I 2621.14] Elapsed: 43:41, vertices: 4516, facets final: 7795, pending: 15015, pool: 96
I 2626.14] Elapsed: 43:46, vertices: 4518, facets final: 7840, pending: 14972, pool: 95
I 2631.14] Elapsed: 43:51, vertices: 4521, facets final: 7881, pending: 14935, pool: 92
I 2636.17] Elapsed: 43:56, vertices: 4522, facets final: 7925, pending: 14889, pool: 91
I 2641.29] Elapsed: 44:01, vertices: 4524, facets final: 7966, pending: 14837, pool: 97
I 2646.38] Elapsed: 44:06, vertices: 4527, facets final: 8004, pending: 14794, pool: 98
I 2651.39] Elapsed: 44:11, vertices: 4528, facets final: 8046, pending: 14749, pool: 98
I 2656.42] Elapsed: 44:16, vertices: 4530, facets final: 8086, pending: 14685, pool: 99
I 2661.47] Elapsed: 44:21, vertices: 4533, facets final: 8128, pending: 14624, pool: 99
I 2666.57] Elapsed: 44:27, vertices: 4537, facets final: 8169, pending: 14565, pool: 99
I 2671.66] Elapsed: 44:32, vertices: 4539, facets final: 8209, pending: 14524, pool: 99
I 2676.66] Elapsed: 44:37, vertices: 4544, facets final: 8241, pending: 14479, pool: 99
I 2681.78] Elapsed: 44:42, vertices: 4548, facets final: 8281, pending: 14434, pool: 99
I 2686.88] Elapsed: 44:47, vertices: 4549, facets final: 8326, pending: 14387, pool: 98
I 2691.91] Elapsed: 44:52, vertices: 4551, facets final: 8368, pending: 14326, pool: 98
I 2696.99] Elapsed: 44:57, vertices: 4554, facets final: 8410, pending: 14286, pool: 97
I 2702.01] Elapsed: 45:02, vertices: 4557, facets final: 8453, pending: 14253, pool: 98
I 2707.04] Elapsed: 45:07, vertices: 4559, facets final: 8497, pending: 14203, pool: 97
I 2712.06] Elapsed: 45:12, vertices: 4560, facets final: 8540, pending: 14158, pool: 96
I 2717.14] Elapsed: 45:17, vertices: 4563, facets final: 8579, pending: 14103, pool: 96
I 2722.17] Elapsed: 45:22, vertices: 4566, facets final: 8617, pending: 14052, pool: 98
I 2727.32] Elapsed: 45:27, vertices: 4569, facets final: 8649, pending: 14018, pool: 99
I 2732.41] Elapsed: 45:32, vertices: 4574, facets final: 8690, pending: 13957, pool: 97
I 2737.41] Elapsed: 45:37, vertices: 4576, facets final: 8729, pending: 13923, pool: 100
I 2742.47] Elapsed: 45:42, vertices: 4577, facets final: 8777, pending: 13868, pool: 100
I 2747.51] Elapsed: 45:48, vertices: 4580, facets final: 8823, pending: 13819, pool: 100
I 2752.54] Elapsed: 45:53, vertices: 4583, facets final: 8859, pending: 13776, pool: 99
I 2757.61] Elapsed: 45:58, vertices: 4586, facets final: 8898, pending: 13733, pool: 100
I 2762.89] Elapsed: 46:03, vertices: 4588, facets final: 8943, pending: 13681, pool: 100
I 2767.92] Elapsed: 46:08, vertices: 4591, facets final: 8982, pending: 13631, pool: 99
I 2773.06] Elapsed: 46:13, vertices: 4594, facets final: 9019, pending: 13581, pool: 100
I 2778.18] Elapsed: 46:18, vertices: 4596, facets final: 9062, pending: 13534, pool: 99
I 2783.21] Elapsed: 46:23, vertices: 4599, facets final: 9103, pending: 13487, pool: 99
I 2786.75] recalculating facets...
I 2788.23] Elapsed: 46:28, vertices: 4601, facets final: 9144, pending: 13442, pool: 100
I 2793.24] Elapsed: 46:33, vertices: 4606, facets final: 9179, pending: 13388, pool: 99
I 2798.31] Elapsed: 46:38, vertices: 4606, facets final: 9227, pending: 13340
I 2803.35] Elapsed: 46:43, vertices: 4611, facets final: 9264, pending: 13260, pool: 99
I 2808.35] Elapsed: 46:48, vertices: 4616, facets final: 9303, pending: 13193, pool: 99
I 2813.48] Elapsed: 46:53, vertices: 4620, facets final: 9338, pending: 13157, pool: 100
I 2818.58] Elapsed: 46:59, vertices: 4622, facets final: 9381, pending: 13113, pool: 100
I 2823.63] Elapsed: 47:04, vertices: 4623, facets final: 9435, pending: 13053, pool: 100
I 2828.68] Elapsed: 47:09, vertices: 4624, facets final: 9479, pending: 13009, pool: 99
I 2833.74] Elapsed: 47:14, vertices: 4625, facets final: 9531, pending: 12953, pool: 100
I 2838.80] Elapsed: 47:19, vertices: 4625, facets final: 9576, pending: 12908, pool: 100
I 2843.83] Elapsed: 47:24, vertices: 4629, facets final: 9619, pending: 12856, pool: 99
I 2849.03] Elapsed: 47:29, vertices: 4632, facets final: 9663, pending: 12816, pool: 100
I 2854.07] Elapsed: 47:34, vertices: 4637, facets final: 9697, pending: 12755, pool: 99
I 2859.07] Elapsed: 47:39, vertices: 4639, facets final: 9737, pending: 12706, pool: 100
I 2864.22] Elapsed: 47:44, vertices: 4640, facets final: 9779, pending: 12658, pool: 100
I 2869.27] Elapsed: 47:49, vertices: 4646, facets final: 9816, pending: 12594, pool: 100
I 2874.33] Elapsed: 47:54, vertices: 4648, facets final: 9858, pending: 12548, pool: 98
I 2879.53] Elapsed: 48:00, vertices: 4651, facets final: 9897, pending: 12498, pool: 99
I 2884.62] Elapsed: 48:05, vertices: 4656, facets final: 9934, pending: 12444, pool: 100
I 2889.72] Elapsed: 48:10, vertices: 4659, facets final: 9969, pending: 12396, pool: 100
I 2894.76] Elapsed: 48:15, vertices: 4664, facets final: 10012, pending: 12361, pool: 100
I 2899.78] Elapsed: 48:20, vertices: 4666, facets final: 10055, pending: 12299, pool: 100
I 2904.85] Elapsed: 48:25, vertices: 4669, facets final: 10100, pending: 12259, pool: 100
I 2909.91] Elapsed: 48:30, vertices: 4671, facets final: 10144, pending: 12201, pool: 99
I 2914.95] Elapsed: 48:35, vertices: 4673, facets final: 10187, pending: 12153, pool: 100
I 2920.00] Elapsed: 48:40, vertices: 4676, facets final: 10229, pending: 12105, pool: 100
I 2925.10] Elapsed: 48:45, vertices: 4676, facets final: 10277, pending: 12057
I 2930.11] Elapsed: 48:50, vertices: 4679, facets final: 10316, pending: 12007, pool: 99
I 2935.12] Elapsed: 48:55, vertices: 4683, facets final: 10355, pending: 11962, pool: 98
I 2940.15] Elapsed: 49:00, vertices: 4683, facets final: 10402, pending: 11915
I 2945.18] Elapsed: 49:05, vertices: 4684, facets final: 10444, pending: 11864, pool: 98
I 2950.18] Elapsed: 49:10, vertices: 4684, facets final: 10492, pending: 11816
I 2955.28] Elapsed: 49:15, vertices: 4685, facets final: 10539, pending: 11766, pool: 100
I 2960.32] Elapsed: 49:20, vertices: 4687, facets final: 10580, pending: 11718, pool: 100
I 2965.32] Elapsed: 49:25, vertices: 4689, facets final: 10620, pending: 11679, pool: 100
I 2970.33] Elapsed: 49:30, vertices: 4693, facets final: 10664, pending: 11631, pool: 99
I 2975.39] Elapsed: 49:35, vertices: 4695, facets final: 10710, pending: 11575, pool: 100
I 2980.47] Elapsed: 49:40, vertices: 4697, facets final: 10754, pending: 11521, pool: 98
I 2985.53] Elapsed: 49:46, vertices: 4698, facets final: 10799, pending: 11474
I 2988.12] recalculating facets...
I 2990.56] Elapsed: 49:51, vertices: 4704, facets final: 10834, pending: 11426, pool: 99
I 2995.58] Elapsed: 49:56, vertices: 4705, facets final: 10875, pending: 11385, pool: 100
I 3000.67] Elapsed: 50:01, vertices: 4706, facets final: 10921, pending: 11337, pool: 100
I 3005.73] Elapsed: 50:06, vertices: 4709, facets final: 10962, pending: 11283, pool: 100
I 3010.83] Elapsed: 50:11, vertices: 4710, facets final: 11004, pending: 11235, pool: 100
I 3015.92] Elapsed: 50:16, vertices: 4713, facets final: 11042, pending: 11197, pool: 99
I 3020.95] Elapsed: 50:21, vertices: 4715, facets final: 11083, pending: 11152, pool: 99
I 3025.98] Elapsed: 50:26, vertices: 4718, facets final: 11130, pending: 11097, pool: 100
I 3031.13] Elapsed: 50:31, vertices: 4720, facets final: 11174, pending: 11048, pool: 99
I 3036.16] Elapsed: 50:36, vertices: 4722, facets final: 11217, pending: 10995, pool: 100
I 3041.35] Elapsed: 50:41, vertices: 4723, facets final: 11260, pending: 10952, pool: 98
I 3046.38] Elapsed: 50:46, vertices: 4725, facets final: 11303, pending: 10906, pool: 98
I 3051.44] Elapsed: 50:51, vertices: 4725, facets final: 11354, pending: 10855
I 3056.47] Elapsed: 50:56, vertices: 4729, facets final: 11395, pending: 10803, pool: 100
I 3061.50] Elapsed: 51:02, vertices: 4732, facets final: 11436, pending: 10755, pool: 100
I 3066.58] Elapsed: 51:07, vertices: 4734, facets final: 11480, pending: 10708, pool: 98
I 3071.75] Elapsed: 51:12, vertices: 4734, facets final: 11533, pending: 10655
I 3076.76] Elapsed: 51:17, vertices: 4735, facets final: 11582, pending: 10602, pool: 99
I 3081.85] Elapsed: 51:22, vertices: 4736, facets final: 11631, pending: 10552, pool: 98
I 3086.85] Elapsed: 51:27, vertices: 4737, facets final: 11676, pending: 10503, pool: 99
I 3091.86] Elapsed: 51:32, vertices: 4738, facets final: 11720, pending: 10458, pool: 99
I 3096.87] Elapsed: 51:37, vertices: 4739, facets final: 11761, pending: 10412, pool: 100
I 3101.92] Elapsed: 51:42, vertices: 4741, facets final: 11807, pending: 10366, pool: 99
I 3106.92] Elapsed: 51:47, vertices: 4742, facets final: 11856, pending: 10315, pool: 99
I 3111.97] Elapsed: 51:52, vertices: 4744, facets final: 11900, pending: 10263, pool: 99
I 3117.18] Elapsed: 51:57, vertices: 4745, facets final: 11947, pending: 10215, pool: 98
I 3122.19] Elapsed: 52:02, vertices: 4746, facets final: 11994, pending: 10164
I 3127.34] Elapsed: 52:07, vertices: 4748, facets final: 12036, pending: 10113, pool: 98
I 3132.34] Elapsed: 52:12, vertices: 4750, facets final: 12079, pending: 10068, pool: 98
I 3137.34] Elapsed: 52:17, vertices: 4752, facets final: 12125, pending: 10019, pool: 96
I 3142.38] Elapsed: 52:22, vertices: 4752, facets final: 12172, pending: 9972
I 3147.42] Elapsed: 52:27, vertices: 4752, facets final: 12224, pending: 9920
I 3152.58] Elapsed: 52:33, vertices: 4754, facets final: 12266, pending: 9856, pool: 100
I 3157.67] Elapsed: 52:38, vertices: 4756, facets final: 12309, pending: 9807, pool: 100
I 3162.69] Elapsed: 52:43, vertices: 4758, facets final: 12353, pending: 9760, pool: 100
I 3167.71] Elapsed: 52:48, vertices: 4761, facets final: 12396, pending: 9710, pool: 99
I 3172.71] Elapsed: 52:53, vertices: 4762, facets final: 12440, pending: 9662, pool: 100
I 3177.72] Elapsed: 52:58, vertices: 4765, facets final: 12479, pending: 9615, pool: 99
I 3182.72] Elapsed: 53:03, vertices: 4768, facets final: 12522, pending: 9564, pool: 98
I 3187.76] Elapsed: 53:08, vertices: 4770, facets final: 12567, pending: 9516, pool: 99
I 3192.83] Elapsed: 53:13, vertices: 4771, facets final: 12616, pending: 9465, pool: 98
I 3198.01] Elapsed: 53:18, vertices: 4772, facets final: 12663, pending: 9416, pool: 97
I 3203.01] Elapsed: 53:23, vertices: 4772, facets final: 12707, pending: 9372
I 3208.02] Elapsed: 53:28, vertices: 4773, facets final: 12752, pending: 9331, pool: 99
I 3213.11] Elapsed: 53:33, vertices: 4774, facets final: 12789, pending: 9294, pool: 100
I 3218.24] Elapsed: 53:38, vertices: 4775, facets final: 12832, pending: 9250, pool: 100
I 3223.24] Elapsed: 53:43, vertices: 4777, facets final: 12874, pending: 9203, pool: 99
I 3228.25] Elapsed: 53:48, vertices: 4778, facets final: 12917, pending: 9158, pool: 98
I 3233.28] Elapsed: 53:53, vertices: 4779, facets final: 12960, pending: 9111, pool: 98
I 3238.32] Elapsed: 53:58, vertices: 4780, facets final: 13003, pending: 9066, pool: 97
I 3243.33] Elapsed: 54:03, vertices: 4780, facets final: 13048, pending: 9021
I 3248.35] Elapsed: 54:08, vertices: 4782, facets final: 13085, pending: 8974, pool: 100
I 3253.44] Elapsed: 54:13, vertices: 4785, facets final: 13123, pending: 8936, pool: 100
I 3258.50] Elapsed: 54:19, vertices: 4786, facets final: 13174, pending: 8883, pool: 99
I 3263.63] Elapsed: 54:24, vertices: 4786, facets final: 13220, pending: 8837
I 3268.74] Elapsed: 54:29, vertices: 4789, facets final: 13259, pending: 8794, pool: 99
I 3273.84] Elapsed: 54:34, vertices: 4790, facets final: 13306, pending: 8745, pool: 98
I 3279.02] Elapsed: 54:39, vertices: 4790, facets final: 13348, pending: 8703
I 3284.13] Elapsed: 54:44, vertices: 4792, facets final: 13390, pending: 8653, pool: 99
I 3289.24] Elapsed: 54:49, vertices: 4792, facets final: 13437, pending: 8606
I 3294.37] Elapsed: 54:54, vertices: 4793, facets final: 13480, pending: 8561, pool: 100
I 3299.38] Elapsed: 54:59, vertices: 4795, facets final: 13522, pending: 8513, pool: 99
I 3304.45] Elapsed: 55:04, vertices: 4798, facets final: 13561, pending: 8467, pool: 99
I 3309.64] Elapsed: 55:10, vertices: 4799, facets final: 13612, pending: 8415, pool: 98
I 3314.70] Elapsed: 55:15, vertices: 4800, facets final: 13656, pending: 8369, pool: 98
I 3315.59] recalculating facets...
I 3319.70] Elapsed: 55:20, vertices: 4802, facets final: 13696, pending: 8336, pool: 97
I 3324.74] Elapsed: 55:25, vertices: 4803, facets final: 13736, pending: 8293, pool: 97
I 3329.94] Elapsed: 55:30, vertices: 4804, facets final: 13780, pending: 8247, pool: 98
I 3334.95] Elapsed: 55:35, vertices: 4806, facets final: 13823, pending: 8194, pool: 98
I 3339.95] Elapsed: 55:40, vertices: 4806, facets final: 13862, pending: 8155
I 3345.06] Elapsed: 55:45, vertices: 4809, facets final: 13908, pending: 8106, pool: 96
I 3350.08] Elapsed: 55:50, vertices: 4810, facets final: 13960, pending: 8058, pool: 95
I 3355.10] Elapsed: 55:55, vertices: 4810, facets final: 14004, pending: 8014
I 3360.15] Elapsed: 56:00, vertices: 4811, facets final: 14049, pending: 7967, pool: 98
I 3365.21] Elapsed: 56:05, vertices: 4812, facets final: 14095, pending: 7917, pool: 97
I 3370.26] Elapsed: 56:10, vertices: 4813, facets final: 14136, pending: 7872, pool: 97
I 3375.26] Elapsed: 56:15, vertices: 4815, facets final: 14179, pending: 7833, pool: 95
I 3380.35] Elapsed: 56:20, vertices: 4815, facets final: 14229, pending: 7783
I 3385.44] Elapsed: 56:25, vertices: 4815, facets final: 14275, pending: 7737
I 3390.49] Elapsed: 56:30, vertices: 4816, facets final: 14320, pending: 7691, pool: 94
I 3395.50] Elapsed: 56:36, vertices: 4816, facets final: 14365, pending: 7646
I 3400.55] Elapsed: 56:41, vertices: 4817, facets final: 14408, pending: 7598, pool: 95
I 3405.66] Elapsed: 56:46, vertices: 4819, facets final: 14449, pending: 7553, pool: 93
I 3410.87] Elapsed: 56:51, vertices: 4819, facets final: 14492, pending: 7510
I 3416.00] Elapsed: 56:56, vertices: 4819, facets final: 14540, pending: 7462
I 3421.07] Elapsed: 57:01, vertices: 4820, facets final: 14583, pending: 7415, pool: 97
I 3426.09] Elapsed: 57:06, vertices: 4820, facets final: 14627, pending: 7371
I 3431.15] Elapsed: 57:11, vertices: 4821, facets final: 14670, pending: 7326, pool: 97
I 3436.22] Elapsed: 57:16, vertices: 4822, facets final: 14712, pending: 7294, pool: 98
I 3441.24] Elapsed: 57:21, vertices: 4822, facets final: 14754, pending: 7252
I 3446.27] Elapsed: 57:26, vertices: 4823, facets final: 14797, pending: 7206, pool: 99
I 3451.33] Elapsed: 57:31, vertices: 4824, facets final: 14844, pending: 7157, pool: 99
I 3456.53] Elapsed: 57:37, vertices: 4826, facets final: 14883, pending: 7115, pool: 98
I 3461.58] Elapsed: 57:42, vertices: 4828, facets final: 14928, pending: 7067, pool: 97
I 3466.62] Elapsed: 57:47, vertices: 4829, facets final: 14975, pending: 7019, pool: 97
I 3471.68] Elapsed: 57:52, vertices: 4830, facets final: 15023, pending: 6969, pool: 99
I 3476.68] Elapsed: 57:57, vertices: 4831, facets final: 15060, pending: 6930, pool: 98
I 3481.72] Elapsed: 58:02, vertices: 4831, facets final: 15104, pending: 6886
I 3486.78] Elapsed: 58:07, vertices: 4832, facets final: 15146, pending: 6863, pool: 98
I 3491.88] Elapsed: 58:12, vertices: 4832, facets final: 15192, pending: 6817
I 3496.92] Elapsed: 58:17, vertices: 4833, facets final: 15236, pending: 6773, pool: 97
I 3501.92] Elapsed: 58:22, vertices: 4835, facets final: 15280, pending: 6723, pool: 96
I 3506.95] Elapsed: 58:27, vertices: 4835, facets final: 15323, pending: 6680
I 3512.04] Elapsed: 58:32, vertices: 4836, facets final: 15365, pending: 6637, pool: 97
I 3517.15] Elapsed: 58:37, vertices: 4837, facets final: 15407, pending: 6593, pool: 96
I 3522.23] Elapsed: 58:42, vertices: 4838, facets final: 15453, pending: 6545, pool: 96
I 3527.25] Elapsed: 58:47, vertices: 4839, facets final: 15498, pending: 6504, pool: 95
I 3532.32] Elapsed: 58:52, vertices: 4840, facets final: 15550, pending: 6447, pool: 97
I 3537.33] Elapsed: 58:57, vertices: 4842, facets final: 15592, pending: 6409, pool: 97
I 3542.53] Elapsed: 59:03, vertices: 4843, facets final: 15636, pending: 6364, pool: 97
I 3547.64] Elapsed: 59:08, vertices: 4844, facets final: 15681, pending: 6317, pool: 97
I 3552.73] Elapsed: 59:13, vertices: 4844, facets final: 15722, pending: 6276
I 3557.87] Elapsed: 59:18, vertices: 4845, facets final: 15760, pending: 6239, pool: 96
I 3562.87] Elapsed: 59:23, vertices: 4845, facets final: 15806, pending: 6193
I 3568.02] Elapsed: 59:28, vertices: 4847, facets final: 15849, pending: 6147, pool: 98
I 3573.13] Elapsed: 59:33, vertices: 4847, facets final: 15897, pending: 6099
I 3578.15] Elapsed: 59:38, vertices: 4847, facets final: 15947, pending: 6049
I 3583.28] Elapsed: 59:43, vertices: 4849, facets final: 15987, pending: 5999, pool: 100
I 3588.32] Elapsed: 59:48, vertices: 4851, facets final: 16029, pending: 5950, pool: 99
I 3593.36] Elapsed: 59:53, vertices: 4853, facets final: 16068, pending: 5906, pool: 99
I 3598.43] Elapsed: 59:58, vertices: 4854, facets final: 16118, pending: 5854, pool: 98
I 3603.56] Elapsed: 1:00:04, vertices: 4856, facets final: 16161, pending: 5829, pool: 97
I 3608.61] Elapsed: 1:00:09, vertices: 4856, facets final: 16201, pending: 5789
I 3613.67] Elapsed: 1:00:14, vertices: 4857, facets final: 16247, pending: 5731, pool: 97
I 3618.70] Elapsed: 1:00:19, vertices: 4859, facets final: 16291, pending: 5690, pool: 98
I 3623.81] Elapsed: 1:00:24, vertices: 4860, facets final: 16336, pending: 5642, pool: 97
I 3628.87] Elapsed: 1:00:29, vertices: 4861, facets final: 16382, pending: 5594, pool: 97
I 3633.96] Elapsed: 1:00:34, vertices: 4862, facets final: 16432, pending: 5542, pool: 96
I 3639.02] Elapsed: 1:00:39, vertices: 4863, facets final: 16477, pending: 5495, pool: 97
I 3644.15] Elapsed: 1:00:44, vertices: 4865, facets final: 16518, pending: 5452, pool: 96
I 3649.15] Elapsed: 1:00:49, vertices: 4865, facets final: 16564, pending: 5406
I 3654.20] Elapsed: 1:00:54, vertices: 4866, facets final: 16608, pending: 5360, pool: 95
I 3659.20] Elapsed: 1:00:59, vertices: 4866, facets final: 16650, pending: 5318
I 3664.29] Elapsed: 1:01:04, vertices: 4867, facets final: 16693, pending: 5274, pool: 96
I 3669.30] Elapsed: 1:01:09, vertices: 4868, facets final: 16739, pending: 5229, pool: 96
I 3674.36] Elapsed: 1:01:14, vertices: 4870, facets final: 16776, pending: 5188, pool: 94
I 3679.40] Elapsed: 1:01:19, vertices: 4871, facets final: 16823, pending: 5130, pool: 94
I 3684.43] Elapsed: 1:01:24, vertices: 4871, facets final: 16867, pending: 5086
I 3689.47] Elapsed: 1:01:29, vertices: 4871, facets final: 16912, pending: 5041
I 3694.53] Elapsed: 1:01:35, vertices: 4872, facets final: 16953, pending: 4998, pool: 96
I 3699.54] Elapsed: 1:01:40, vertices: 4873, facets final: 16994, pending: 4955, pool: 95
I 3704.56] Elapsed: 1:01:45, vertices: 4873, facets final: 17037, pending: 4912
I 3709.58] Elapsed: 1:01:50, vertices: 4874, facets final: 17081, pending: 4866, pool: 94
I 3714.60] Elapsed: 1:01:55, vertices: 4875, facets final: 17128, pending: 4817, pool: 93
I 3719.66] Elapsed: 1:02:00, vertices: 4876, facets final: 17175, pending: 4768, pool: 92
I 3724.74] Elapsed: 1:02:05, vertices: 4876, facets final: 17222, pending: 4721
I 3729.89] Elapsed: 1:02:10, vertices: 4877, facets final: 17269, pending: 4668, pool: 93
I 3734.92] Elapsed: 1:02:15, vertices: 4877, facets final: 17315, pending: 4622
I 3739.92] Elapsed: 1:02:20, vertices: 4878, facets final: 17358, pending: 4578, pool: 92
I 3744.92] Elapsed: 1:02:25, vertices: 4878, facets final: 17401, pending: 4535
I 3749.95] Elapsed: 1:02:30, vertices: 4879, facets final: 17443, pending: 4483, pool: 95
I 3755.00] Elapsed: 1:02:35, vertices: 4880, facets final: 17490, pending: 4432, pool: 94
I 3760.05] Elapsed: 1:02:40, vertices: 4881, facets final: 17543, pending: 4374, pool: 95
I 3765.16] Elapsed: 1:02:45, vertices: 4882, facets final: 17593, pending: 4321, pool: 95
I 3770.17] Elapsed: 1:02:50, vertices: 4884, facets final: 17637, pending: 4274, pool: 94
I 3775.29] Elapsed: 1:02:55, vertices: 4887, facets final: 17678, pending: 4227, pool: 91
I 3780.32] Elapsed: 1:03:00, vertices: 4887, facets final: 17727, pending: 4178
I 3785.35] Elapsed: 1:03:05, vertices: 4887, facets final: 17774, pending: 4131
I 3790.35] Elapsed: 1:03:10, vertices: 4887, facets final: 17822, pending: 4083
I 3795.37] Elapsed: 1:03:15, vertices: 4888, facets final: 17862, pending: 4041, pool: 91
I 3800.39] Elapsed: 1:03:20, vertices: 4888, facets final: 17912, pending: 3991
I 3805.40] Elapsed: 1:03:25, vertices: 4889, facets final: 17958, pending: 3945, pool: 90
I 3810.53] Elapsed: 1:03:31, vertices: 4889, facets final: 18004, pending: 3899
I 3815.70] Elapsed: 1:03:36, vertices: 4889, facets final: 18054, pending: 3849
I 3820.74] Elapsed: 1:03:41, vertices: 4890, facets final: 18100, pending: 3803, pool: 90
I 3825.77] Elapsed: 1:03:46, vertices: 4890, facets final: 18141, pending: 3762
I 3830.81] Elapsed: 1:03:51, vertices: 4891, facets final: 18189, pending: 3712, pool: 90
I 3835.81] Elapsed: 1:03:56, vertices: 4891, facets final: 18235, pending: 3666
I 3840.95] Elapsed: 1:04:01, vertices: 4892, facets final: 18281, pending: 3623, pool: 91
I 3846.04] Elapsed: 1:04:06, vertices: 4892, facets final: 18325, pending: 3579
I 3851.05] Elapsed: 1:04:11, vertices: 4894, facets final: 18368, pending: 3532, pool: 90
I 3856.05] Elapsed: 1:04:16, vertices: 4894, facets final: 18418, pending: 3482
I 3861.06] Elapsed: 1:04:21, vertices: 4895, facets final: 18467, pending: 3433, pool: 91
I 3866.09] Elapsed: 1:04:26, vertices: 4896, facets final: 18511, pending: 3388, pool: 91
I 3871.24] Elapsed: 1:04:31, vertices: 4896, facets final: 18558, pending: 3341
I 3876.26] Elapsed: 1:04:36, vertices: 4896, facets final: 18605, pending: 3294
I 3881.26] Elapsed: 1:04:41, vertices: 4897, facets final: 18651, pending: 3246, pool: 91
I 3886.40] Elapsed: 1:04:46, vertices: 4898, facets final: 18698, pending: 3207, pool: 90
I 3891.48] Elapsed: 1:04:51, vertices: 4898, facets final: 18743, pending: 3162
I 3896.51] Elapsed: 1:04:57, vertices: 4899, facets final: 18793, pending: 3110, pool: 92
I 3901.58] Elapsed: 1:05:02, vertices: 4899, facets final: 18838, pending: 3065
I 3906.59] Elapsed: 1:05:07, vertices: 4900, facets final: 18879, pending: 3022, pool: 91
I 3910.56] recalculating facets...
I 3911.66] Elapsed: 1:05:12, vertices: 4901, facets final: 18915, pending: 2985, pool: 90
I 3916.69] Elapsed: 1:05:17, vertices: 4901, facets final: 18961, pending: 2939
I 3921.75] Elapsed: 1:05:22, vertices: 4903, facets final: 19003, pending: 2898, pool: 89
I 3926.77] Elapsed: 1:05:27, vertices: 4904, facets final: 19044, pending: 2856, pool: 89
I 3931.81] Elapsed: 1:05:32, vertices: 4905, facets final: 19091, pending: 2808, pool: 89
I 3936.86] Elapsed: 1:05:37, vertices: 4905, facets final: 19140, pending: 2759
I 3941.86] Elapsed: 1:05:42, vertices: 4906, facets final: 19181, pending: 2717, pool: 88
I 3946.88] Elapsed: 1:05:47, vertices: 4907, facets final: 19223, pending: 2673, pool: 89
I 3952.01] Elapsed: 1:05:52, vertices: 4907, facets final: 19276, pending: 2620
I 3957.01] Elapsed: 1:05:57, vertices: 4908, facets final: 19324, pending: 2571, pool: 88
I 3962.01] Elapsed: 1:06:02, vertices: 4909, facets final: 19367, pending: 2528, pool: 87
I 3967.04] Elapsed: 1:06:07, vertices: 4910, facets final: 19410, pending: 2485, pool: 86
I 3972.08] Elapsed: 1:06:12, vertices: 4911, facets final: 19454, pending: 2440, pool: 86
I 3977.16] Elapsed: 1:06:17, vertices: 4912, facets final: 19498, pending: 2395, pool: 85
I 3982.18] Elapsed: 1:06:22, vertices: 4912, facets final: 19546, pending: 2347
I 3987.21] Elapsed: 1:06:27, vertices: 4913, facets final: 19597, pending: 2293, pool: 85
I 3992.31] Elapsed: 1:06:32, vertices: 4914, facets final: 19646, pending: 2243, pool: 84
I 3997.45] Elapsed: 1:06:37, vertices: 4915, facets final: 19689, pending: 2199, pool: 83
I 4002.49] Elapsed: 1:06:42, vertices: 4915, facets final: 19728, pending: 2160
I 4007.61] Elapsed: 1:06:48, vertices: 4916, facets final: 19774, pending: 2111, pool: 83
I 4012.73] Elapsed: 1:06:53, vertices: 4916, facets final: 19821, pending: 2064
I 4017.77] Elapsed: 1:06:58, vertices: 4917, facets final: 19868, pending: 2016, pool: 82
I 4022.77] Elapsed: 1:07:03, vertices: 4918, facets final: 19911, pending: 1972, pool: 81
I 4027.81] Elapsed: 1:07:08, vertices: 4918, facets final: 19960, pending: 1923
I 4032.86] Elapsed: 1:07:13, vertices: 4919, facets final: 20004, pending: 1878, pool: 81
I 4037.93] Elapsed: 1:07:18, vertices: 4919, facets final: 20055, pending: 1827
I 4042.98] Elapsed: 1:07:23, vertices: 4920, facets final: 20106, pending: 1771, pool: 82
I 4048.04] Elapsed: 1:07:28, vertices: 4920, facets final: 20163, pending: 1714
I 4053.04] Elapsed: 1:07:33, vertices: 4922, facets final: 20203, pending: 1673, pool: 80
I 4058.15] Elapsed: 1:07:38, vertices: 4923, facets final: 20250, pending: 1625, pool: 79
I 4063.22] Elapsed: 1:07:43, vertices: 4924, facets final: 20299, pending: 1575, pool: 79
I 4068.27] Elapsed: 1:07:48, vertices: 4925, facets final: 20343, pending: 1531, pool: 79
I 4073.39] Elapsed: 1:07:53, vertices: 4926, facets final: 20389, pending: 1484, pool: 78
I 4078.49] Elapsed: 1:07:58, vertices: 4927, facets final: 20433, pending: 1439, pool: 77
I 4083.55] Elapsed: 1:08:04, vertices: 4928, facets final: 20482, pending: 1389, pool: 76
I 4088.55] Elapsed: 1:08:09, vertices: 4928, facets final: 20528, pending: 1343
I 4093.55] Elapsed: 1:08:14, vertices: 4929, facets final: 20572, pending: 1298, pool: 75
I 4098.57] Elapsed: 1:08:19, vertices: 4930, facets final: 20611, pending: 1256, pool: 77
I 4103.68] Elapsed: 1:08:24, vertices: 4932, facets final: 20656, pending: 1208, pool: 75
I 4108.77] Elapsed: 1:08:29, vertices: 4933, facets final: 20703, pending: 1161, pool: 74
I 4113.87] Elapsed: 1:08:34, vertices: 4933, facets final: 20747, pending: 1117
I 4118.91] Elapsed: 1:08:39, vertices: 4934, facets final: 20798, pending: 1065, pool: 72
I 4123.92] Elapsed: 1:08:44, vertices: 4936, facets final: 20847, pending: 1015, pool: 71
I 4128.95] Elapsed: 1:08:49, vertices: 4937, facets final: 20887, pending: 974, pool: 70
I 4134.12] Elapsed: 1:08:54, vertices: 4939, facets final: 20933, pending: 924, pool: 71
I 4139.12] Elapsed: 1:08:59, vertices: 4940, facets final: 20978, pending: 878, pool: 70
I 4144.24] Elapsed: 1:09:04, vertices: 4941, facets final: 21022, pending: 833, pool: 69
I 4149.30] Elapsed: 1:09:09, vertices: 4942, facets final: 21065, pending: 789, pool: 68
I 4154.38] Elapsed: 1:09:14, vertices: 4944, facets final: 21109, pending: 742, pool: 67
I 4159.44] Elapsed: 1:09:19, vertices: 4946, facets final: 21148, pending: 702, pool: 66
I 4164.45] Elapsed: 1:09:24, vertices: 4946, facets final: 21189, pending: 661
I 4169.49] Elapsed: 1:09:29, vertices: 4948, facets final: 21230, pending: 618, pool: 65
I 4174.53] Elapsed: 1:09:35, vertices: 4949, facets final: 21270, pending: 577, pool: 64
I 4179.67] Elapsed: 1:09:40, vertices: 4951, facets final: 21316, pending: 529, pool: 63
I 4184.71] Elapsed: 1:09:45, vertices: 4953, facets final: 21363, pending: 479, pool: 62
I 4189.80] Elapsed: 1:09:50, vertices: 4955, facets final: 21411, pending: 429, pool: 60
I 4194.82] Elapsed: 1:09:55, vertices: 4959, facets final: 21457, pending: 379, pool: 58
I 4199.82] Elapsed: 1:10:00, vertices: 4969, facets final: 21499, pending: 340, pool: 50
I 4204.85] Elapsed: 1:10:05, vertices: 4976, facets final: 21549, pending: 285, pool: 46
I 4209.91] Elapsed: 1:10:10, vertices: 4983, facets final: 21591, pending: 240, pool: 41
I 4214.94] Elapsed: 1:10:15, vertices: 4994, facets final: 21630, pending: 193, pool: 34
I 4217.07] recalculating facets...
I 4219.94] Elapsed: 1:10:20, vertices: 5008, facets final: 21669, pending: 141, pool: 23
I 4224.98] Elapsed: 1:10:25, vertices: 5024, facets final: 21701, pending: 92, pool: 15
I 4230.02] Elapsed: 1:10:30, vertices: 5042, facets final: 21748, pending: 25, pool: 7
I 4231.60] Elapsed: 1:10:32, vertices: 5049, facets final: 21766, pending: 0

--------------------------------
Problem completed
 name                    163.vlp
 output                  vlp/163.res
 rows, cols, objs        165, 4517, 10
 vertices, facets        5049, 21766
 total time              1:10:32
--------------------------------
Statistics
LP:
 oracle calls            27159
   avg iterations/calls  174.43
 total oracle time       48:21
Combinatorics:
 vertices added          5049
 facets probed           35683
 facets # max            38980
 memory allocated        63.37M
 storage expansion
   vertices # / upto     40 / 5116
   facets   # / upto     10 / 40956
 facet manipulating
   added avg / max       80.71 / 1.29k
   compressed            217
 number of ridge tests
   avg / max             2.16M / 41.99M
--------------------------------
Parameters with non-default values
 VertexPoolSize = 100
