C copy string: rs=cd:ab;t=a:bcr;u=b:adr;ar,br,cr,d;ar,br,c,dr; ineq: base30.txt
I    5.17] Elapsed: 5.17, vertices: 16, facets final: 9, pending: 191
I   10.85] Elapsed: 10.85, vertices: 23, facets final: 9, pending: 369, pool: 22
I   15.90] Elapsed: 15.90, vertices: 33, facets final: 10, pending: 659, pool: 30
I   21.38] Elapsed: 21.38, vertices: 42, facets final: 10, pending: 1218, pool: 44
I   27.02] Elapsed: 27.02, vertices: 48, facets final: 10, pending: 1494, pool: 64
I   32.71] Elapsed: 32.71, vertices: 59, facets final: 13, pending: 2281, pool: 74
I   38.25] Elapsed: 38.25, vertices: 69, facets final: 15, pending: 2937, pool: 93
I   43.31] Elapsed: 43.31, vertices: 85, facets final: 16, pending: 3737, pool: 100
I   46.52] recalculating facets...
I   48.44] Elapsed: 48.44, vertices: 110, facets final: 16, pending: 5642, pool: 99
I   53.61] Elapsed: 53.61, vertices: 130, facets final: 18, pending: 7114, pool: 100
I   58.92] Elapsed: 58.92, vertices: 153, facets final: 22, pending: 9104, pool: 100
I   64.02] Elapsed: 1:04, vertices: 175, facets final: 24, pending: 10124, pool: 100
I   69.06] Elapsed: 1:09, vertices: 195, facets final: 25, pending: 11245, pool: 100
I   70.44] recalculating facets...
I   74.14] Elapsed: 1:14, vertices: 213, facets final: 28, pending: 12246, pool: 100
I   79.40] Elapsed: 1:19, vertices: 232, facets final: 29, pending: 13142, pool: 100
I   84.53] Elapsed: 1:25, vertices: 249, facets final: 31, pending: 13963, pool: 100
I   89.65] Elapsed: 1:30, vertices: 268, facets final: 37, pending: 14252, pool: 100
I   94.68] Elapsed: 1:35, vertices: 286, facets final: 38, pending: 14875, pool: 100
I   99.75] Elapsed: 1:40, vertices: 299, facets final: 41, pending: 15422, pool: 100
I  100.41] recalculating facets...
I  104.89] Elapsed: 1:45, vertices: 313, facets final: 44, pending: 16169, pool: 100
I  110.17] Elapsed: 1:50, vertices: 328, facets final: 48, pending: 16570, pool: 98
I  115.31] Elapsed: 1:55, vertices: 342, facets final: 50, pending: 16995, pool: 100
I  120.33] Elapsed: 2:00, vertices: 359, facets final: 52, pending: 17397, pool: 100
I  125.42] Elapsed: 2:05, vertices: 375, facets final: 54, pending: 17399, pool: 100
I  130.55] Elapsed: 2:11, vertices: 389, facets final: 57, pending: 17820, pool: 99
I  134.25] recalculating facets...
I  135.61] Elapsed: 2:16, vertices: 404, facets final: 59, pending: 18016, pool: 100
I  140.75] Elapsed: 2:21, vertices: 420, facets final: 59, pending: 17979, pool: 99
I  146.15] Elapsed: 2:26, vertices: 433, facets final: 63, pending: 18520, pool: 99
I  151.37] Elapsed: 2:31, vertices: 445, facets final: 68, pending: 18377, pool: 100
I  156.53] Elapsed: 2:37, vertices: 457, facets final: 73, pending: 18310, pool: 100
I  161.55] Elapsed: 2:42, vertices: 472, facets final: 74, pending: 18812, pool: 100
I  166.59] Elapsed: 2:47, vertices: 486, facets final: 80, pending: 19458, pool: 100
I  170.81] recalculating facets...
I  171.80] Elapsed: 2:52, vertices: 503, facets final: 83, pending: 19848, pool: 100
I  176.90] Elapsed: 2:57, vertices: 513, facets final: 91, pending: 20096, pool: 100
I  181.90] Elapsed: 3:02, vertices: 525, facets final: 95, pending: 20031, pool: 100
I  187.02] Elapsed: 3:07, vertices: 540, facets final: 98, pending: 19879, pool: 100
I  192.07] Elapsed: 3:12, vertices: 553, facets final: 100, pending: 19990, pool: 100
I  197.20] Elapsed: 3:17, vertices: 567, facets final: 108, pending: 20232, pool: 100
I  202.43] Elapsed: 3:22, vertices: 581, facets final: 112, pending: 20797, pool: 100
I  207.75] Elapsed: 3:28, vertices: 593, facets final: 116, pending: 20678, pool: 99
I  210.55] recalculating facets...
I  212.76] Elapsed: 3:33, vertices: 606, facets final: 118, pending: 20724, pool: 100
I  217.84] Elapsed: 3:38, vertices: 618, facets final: 121, pending: 20726, pool: 100
I  222.92] Elapsed: 3:43, vertices: 631, facets final: 124, pending: 20783, pool: 100
I  228.07] Elapsed: 3:48, vertices: 645, facets final: 126, pending: 20899, pool: 100
I  233.07] Elapsed: 3:53, vertices: 658, facets final: 130, pending: 21157, pool: 100
I  238.09] Elapsed: 3:58, vertices: 672, facets final: 134, pending: 21240, pool: 100
I  243.21] Elapsed: 4:03, vertices: 685, facets final: 136, pending: 21044, pool: 100
I  248.50] Elapsed: 4:09, vertices: 699, facets final: 141, pending: 21035, pool: 100
I  248.75] recalculating facets...
I  253.94] Elapsed: 4:14, vertices: 712, facets final: 146, pending: 21050, pool: 100
I  259.20] Elapsed: 4:19, vertices: 724, facets final: 150, pending: 20921, pool: 100
I  264.21] Elapsed: 4:24, vertices: 733, facets final: 159, pending: 21028, pool: 100
I  269.46] Elapsed: 4:29, vertices: 744, facets final: 165, pending: 21340, pool: 100
I  274.62] Elapsed: 4:35, vertices: 757, facets final: 170, pending: 21147, pool: 100
I  279.64] Elapsed: 4:40, vertices: 767, facets final: 174, pending: 21055, pool: 100
I  284.67] Elapsed: 4:45, vertices: 781, facets final: 179, pending: 20822, pool: 100
I  289.70] Elapsed: 4:50, vertices: 795, facets final: 183, pending: 20702, pool: 100
I  292.18] recalculating facets...
I  294.86] Elapsed: 4:55, vertices: 805, facets final: 193, pending: 20306, pool: 100
I  299.87] Elapsed: 5:00, vertices: 818, facets final: 199, pending: 20424, pool: 100
I  304.94] Elapsed: 5:05, vertices: 829, facets final: 210, pending: 20334, pool: 100
I  309.99] Elapsed: 5:10, vertices: 841, facets final: 218, pending: 20173, pool: 100
I  314.99] Elapsed: 5:15, vertices: 854, facets final: 219, pending: 20162, pool: 100
I  320.09] Elapsed: 5:20, vertices: 866, facets final: 226, pending: 20228, pool: 100
I  325.25] Elapsed: 5:25, vertices: 876, facets final: 237, pending: 20212, pool: 100
I  330.25] Elapsed: 5:30, vertices: 888, facets final: 244, pending: 20261, pool: 100
I  334.91] recalculating facets...
I  335.33] Elapsed: 5:35, vertices: 901, facets final: 250, pending: 20220, pool: 100
I  340.44] Elapsed: 5:40, vertices: 911, facets final: 259, pending: 20326, pool: 100
I  345.63] Elapsed: 5:46, vertices: 924, facets final: 264, pending: 20141, pool: 100
I  350.72] Elapsed: 5:51, vertices: 937, facets final: 269, pending: 20209, pool: 100
I  355.73] Elapsed: 5:56, vertices: 950, facets final: 275, pending: 20042, pool: 100
I  360.75] Elapsed: 6:01, vertices: 964, facets final: 279, pending: 20268, pool: 100
I  366.02] Elapsed: 6:06, vertices: 974, facets final: 287, pending: 19869, pool: 99
I  371.05] Elapsed: 6:11, vertices: 987, facets final: 292, pending: 19758, pool: 100
I  376.17] Elapsed: 6:16, vertices: 997, facets final: 301, pending: 19815, pool: 99
I  377.63] recalculating facets...
I  381.32] Elapsed: 6:21, vertices: 1009, facets final: 311, pending: 19911, pool: 99
I  386.32] Elapsed: 6:26, vertices: 1017, facets final: 321, pending: 19574, pool: 100
I  391.46] Elapsed: 6:31, vertices: 1031, facets final: 324, pending: 19651, pool: 100
I  396.61] Elapsed: 6:37, vertices: 1044, facets final: 333, pending: 19643, pool: 100
I  401.68] Elapsed: 6:42, vertices: 1053, facets final: 344, pending: 19681, pool: 100
I  406.69] Elapsed: 6:47, vertices: 1066, facets final: 356, pending: 19697, pool: 99
I  411.69] Elapsed: 6:52, vertices: 1077, facets final: 362, pending: 19882, pool: 100
I  416.73] Elapsed: 6:57, vertices: 1088, facets final: 373, pending: 19921, pool: 100
I  421.73] Elapsed: 7:02, vertices: 1099, facets final: 382, pending: 20019, pool: 100
I  421.97] recalculating facets...
I  426.87] Elapsed: 7:07, vertices: 1114, facets final: 385, pending: 20154, pool: 100
I  431.98] Elapsed: 7:12, vertices: 1126, facets final: 391, pending: 20193, pool: 100
I  437.01] Elapsed: 7:17, vertices: 1135, facets final: 398, pending: 20198, pool: 100
I  442.03] Elapsed: 7:22, vertices: 1146, facets final: 402, pending: 20346, pool: 100
I  447.06] Elapsed: 7:27, vertices: 1158, facets final: 406, pending: 20048, pool: 100
I  452.09] Elapsed: 7:32, vertices: 1169, facets final: 413, pending: 20243, pool: 100
I  457.11] Elapsed: 7:37, vertices: 1177, facets final: 429, pending: 20299, pool: 100
I  462.14] Elapsed: 7:42, vertices: 1188, facets final: 441, pending: 20319, pool: 100
I  467.28] Elapsed: 7:47, vertices: 1200, facets final: 449, pending: 20354, pool: 100
I  467.65] recalculating facets...
I  472.31] Elapsed: 7:52, vertices: 1208, facets final: 460, pending: 20238, pool: 98
I  477.33] Elapsed: 7:57, vertices: 1216, facets final: 471, pending: 19976, pool: 100
I  482.56] Elapsed: 8:03, vertices: 1227, facets final: 477, pending: 20044, pool: 100
I  487.71] Elapsed: 8:08, vertices: 1239, facets final: 482, pending: 20005, pool: 100
I  492.76] Elapsed: 8:13, vertices: 1249, facets final: 495, pending: 19874, pool: 100
I  497.76] Elapsed: 8:18, vertices: 1260, facets final: 505, pending: 19928, pool: 100
I  502.95] Elapsed: 8:23, vertices: 1268, facets final: 514, pending: 20023, pool: 100
I  507.98] Elapsed: 8:28, vertices: 1278, facets final: 525, pending: 20075, pool: 99
I  513.21] Elapsed: 8:33, vertices: 1287, facets final: 533, pending: 20024, pool: 100
I  518.34] Elapsed: 8:38, vertices: 1298, facets final: 542, pending: 20145, pool: 100
I  520.21] recalculating facets...
I  523.46] Elapsed: 8:43, vertices: 1309, facets final: 551, pending: 20020, pool: 100
I  528.58] Elapsed: 8:49, vertices: 1320, facets final: 561, pending: 20007, pool: 100
I  533.75] Elapsed: 8:54, vertices: 1333, facets final: 566, pending: 19810, pool: 99
I  538.88] Elapsed: 8:59, vertices: 1343, facets final: 573, pending: 19874, pool: 100
I  543.96] Elapsed: 9:04, vertices: 1352, facets final: 584, pending: 19937, pool: 100
I  549.22] Elapsed: 9:09, vertices: 1362, facets final: 595, pending: 20182, pool: 100
I  554.34] Elapsed: 9:14, vertices: 1372, facets final: 606, pending: 20337, pool: 100
I  559.45] Elapsed: 9:19, vertices: 1384, facets final: 616, pending: 20529, pool: 100
I  564.53] Elapsed: 9:25, vertices: 1398, facets final: 623, pending: 20456, pool: 100
I  565.32] recalculating facets...
I  569.59] Elapsed: 9:30, vertices: 1408, facets final: 632, pending: 20606, pool: 100
I  574.75] Elapsed: 9:35, vertices: 1418, facets final: 642, pending: 20489, pool: 100
I  579.80] Elapsed: 9:40, vertices: 1429, facets final: 652, pending: 20484, pool: 100
I  585.04] Elapsed: 9:45, vertices: 1439, facets final: 662, pending: 20566, pool: 100
I  590.14] Elapsed: 9:50, vertices: 1449, facets final: 677, pending: 20523, pool: 100
I  595.33] Elapsed: 9:55, vertices: 1458, facets final: 686, pending: 20575, pool: 99
I  600.46] Elapsed: 10:00, vertices: 1468, facets final: 695, pending: 20493, pool: 100
I  605.64] Elapsed: 10:06, vertices: 1481, facets final: 700, pending: 20672, pool: 100
I  610.78] Elapsed: 10:11, vertices: 1492, facets final: 711, pending: 20650, pool: 100
I  615.15] recalculating facets...
I  615.81] Elapsed: 10:16, vertices: 1501, facets final: 721, pending: 20655, pool: 100
I  620.87] Elapsed: 10:21, vertices: 1509, facets final: 733, pending: 20706, pool: 100
I  625.89] Elapsed: 10:26, vertices: 1519, facets final: 742, pending: 20756, pool: 100
I  631.07] Elapsed: 10:31, vertices: 1530, facets final: 752, pending: 20783, pool: 100
I  636.13] Elapsed: 10:36, vertices: 1541, facets final: 758, pending: 20623, pool: 100
I  641.17] Elapsed: 10:41, vertices: 1553, facets final: 763, pending: 20662, pool: 100
I  646.34] Elapsed: 10:46, vertices: 1564, facets final: 773, pending: 20515, pool: 100
I  651.38] Elapsed: 10:51, vertices: 1577, facets final: 778, pending: 20429, pool: 100
I  656.60] Elapsed: 10:57, vertices: 1587, facets final: 789, pending: 20442, pool: 100
I  661.75] Elapsed: 11:02, vertices: 1597, facets final: 798, pending: 20536, pool: 100
I  663.31] recalculating facets...
I  666.92] Elapsed: 11:07, vertices: 1607, facets final: 804, pending: 20675, pool: 100
I  672.08] Elapsed: 11:12, vertices: 1616, facets final: 819, pending: 20750, pool: 100
I  677.11] Elapsed: 11:17, vertices: 1626, facets final: 830, pending: 20722, pool: 100
I  682.24] Elapsed: 11:22, vertices: 1634, facets final: 840, pending: 20713, pool: 99
I  687.28] Elapsed: 11:27, vertices: 1641, facets final: 850, pending: 20725, pool: 100
I  692.39] Elapsed: 11:32, vertices: 1648, facets final: 856, pending: 20875, pool: 100
I  697.69] Elapsed: 11:38, vertices: 1657, facets final: 860, pending: 20857, pool: 100
I  702.69] Elapsed: 11:43, vertices: 1665, facets final: 864, pending: 21070, pool: 100
I  707.71] Elapsed: 11:48, vertices: 1671, facets final: 873, pending: 21116, pool: 100
I  712.87] Elapsed: 11:53, vertices: 1676, facets final: 886, pending: 21241, pool: 100
I  717.98] Elapsed: 11:58, vertices: 1681, facets final: 897, pending: 21233, pool: 100
I  723.14] Elapsed: 12:03, vertices: 1689, facets final: 903, pending: 21340, pool: 100
I  728.23] Elapsed: 12:08, vertices: 1695, facets final: 912, pending: 21288, pool: 100
I  732.48] recalculating facets...
I  733.33] Elapsed: 12:13, vertices: 1701, facets final: 924, pending: 21311, pool: 100
I  738.41] Elapsed: 12:18, vertices: 1707, facets final: 937, pending: 21291, pool: 100
I  743.43] Elapsed: 12:23, vertices: 1715, facets final: 945, pending: 21215, pool: 100
I  748.46] Elapsed: 12:28, vertices: 1721, facets final: 957, pending: 21236, pool: 100
I  753.53] Elapsed: 12:34, vertices: 1728, facets final: 964, pending: 21184, pool: 100
I  758.59] Elapsed: 12:39, vertices: 1734, facets final: 976, pending: 21321, pool: 100
I  763.72] Elapsed: 12:44, vertices: 1739, facets final: 989, pending: 21294, pool: 100
I  768.86] Elapsed: 12:49, vertices: 1746, facets final: 995, pending: 21429, pool: 100
I  773.91] Elapsed: 12:54, vertices: 1752, facets final: 1009, pending: 21404, pool: 100
I  779.11] Elapsed: 12:59, vertices: 1760, facets final: 1017, pending: 21382, pool: 100
I  784.27] Elapsed: 13:04, vertices: 1767, facets final: 1025, pending: 21267, pool: 100
I  789.57] Elapsed: 13:10, vertices: 1774, facets final: 1035, pending: 21225, pool: 100
I  794.84] Elapsed: 13:15, vertices: 1781, facets final: 1043, pending: 21382, pool: 100
I  799.84] Elapsed: 13:20, vertices: 1785, facets final: 1058, pending: 21373, pool: 100
I  805.23] Elapsed: 13:25, vertices: 1793, facets final: 1061, pending: 21407, pool: 100
I  810.56] Elapsed: 13:31, vertices: 1800, facets final: 1070, pending: 21379, pool: 100
I  810.56] recalculating facets...
I  816.00] Elapsed: 13:36, vertices: 1807, facets final: 1079, pending: 21374, pool: 100
I  821.15] Elapsed: 13:41, vertices: 1814, facets final: 1085, pending: 21308, pool: 100
I  826.17] Elapsed: 13:46, vertices: 1823, facets final: 1092, pending: 21217, pool: 100
I  831.42] Elapsed: 13:51, vertices: 1829, facets final: 1104, pending: 21203, pool: 100
I  836.73] Elapsed: 13:57, vertices: 1838, facets final: 1111, pending: 21266, pool: 100
I  841.84] Elapsed: 14:02, vertices: 1845, facets final: 1121, pending: 21360, pool: 100
I  847.01] Elapsed: 14:07, vertices: 1850, facets final: 1131, pending: 21346, pool: 100
I  852.42] Elapsed: 14:12, vertices: 1857, facets final: 1140, pending: 21404, pool: 100
I  857.49] Elapsed: 14:17, vertices: 1865, facets final: 1150, pending: 21282, pool: 100
I  862.52] Elapsed: 14:23, vertices: 1869, facets final: 1167, pending: 21272, pool: 100
I  867.56] Elapsed: 14:28, vertices: 1876, facets final: 1179, pending: 21243, pool: 100
I  872.68] Elapsed: 14:33, vertices: 1885, facets final: 1185, pending: 21156, pool: 100
I  877.99] Elapsed: 14:38, vertices: 1892, facets final: 1193, pending: 21100, pool: 100
I  883.19] Elapsed: 14:43, vertices: 1899, facets final: 1204, pending: 21130, pool: 100
I  884.63] recalculating facets...
I  888.48] Elapsed: 14:48, vertices: 1907, facets final: 1213, pending: 21198, pool: 100
I  893.73] Elapsed: 14:54, vertices: 1915, facets final: 1220, pending: 21183, pool: 100
I  898.90] Elapsed: 14:59, vertices: 1923, facets final: 1232, pending: 21145, pool: 99
I  904.17] Elapsed: 15:04, vertices: 1929, facets final: 1248, pending: 21252, pool: 100
I  909.38] Elapsed: 15:09, vertices: 1933, facets final: 1263, pending: 21193, pool: 100
I  914.56] Elapsed: 15:15, vertices: 1938, facets final: 1273, pending: 21171, pool: 100
I  919.79] Elapsed: 15:20, vertices: 1946, facets final: 1282, pending: 21050, pool: 100
I  924.88] Elapsed: 15:25, vertices: 1951, facets final: 1289, pending: 21017, pool: 100
I  929.94] Elapsed: 15:30, vertices: 1956, facets final: 1302, pending: 21066, pool: 100
I  934.99] Elapsed: 15:35, vertices: 1964, facets final: 1308, pending: 21014, pool: 100
I  940.07] Elapsed: 15:40, vertices: 1971, facets final: 1317, pending: 21031, pool: 100
I  945.30] Elapsed: 15:45, vertices: 1977, facets final: 1331, pending: 21025, pool: 100
I  950.30] Elapsed: 15:50, vertices: 1984, facets final: 1342, pending: 20963, pool: 99
I  955.31] Elapsed: 15:55, vertices: 1991, facets final: 1349, pending: 20882, pool: 100
I  960.43] Elapsed: 16:00, vertices: 1997, facets final: 1357, pending: 20928, pool: 100
I  962.56] recalculating facets...
I  965.61] Elapsed: 16:06, vertices: 2002, facets final: 1366, pending: 20850, pool: 100
I  970.78] Elapsed: 16:11, vertices: 2007, facets final: 1376, pending: 20730, pool: 100
I  975.94] Elapsed: 16:16, vertices: 2015, facets final: 1384, pending: 20771, pool: 100
I  980.96] Elapsed: 16:21, vertices: 2022, facets final: 1394, pending: 20680, pool: 100
I  986.08] Elapsed: 16:26, vertices: 2027, facets final: 1408, pending: 20550, pool: 100
I  991.10] Elapsed: 16:31, vertices: 2034, facets final: 1416, pending: 20505, pool: 100
I  996.35] Elapsed: 16:36, vertices: 2040, facets final: 1427, pending: 20440, pool: 100
I 1001.45] Elapsed: 16:41, vertices: 2047, facets final: 1436, pending: 20364, pool: 100
I 1006.62] Elapsed: 16:47, vertices: 2054, facets final: 1446, pending: 20360, pool: 100
I 1011.65] Elapsed: 16:52, vertices: 2060, facets final: 1453, pending: 20377, pool: 100
I 1016.98] Elapsed: 16:57, vertices: 2067, facets final: 1460, pending: 20443, pool: 100
I 1022.27] Elapsed: 17:02, vertices: 2074, facets final: 1475, pending: 20412, pool: 100
I 1027.31] Elapsed: 17:07, vertices: 2081, facets final: 1482, pending: 20396, pool: 100
I 1032.34] Elapsed: 17:12, vertices: 2087, facets final: 1492, pending: 20319, pool: 100
I 1037.41] Elapsed: 17:17, vertices: 2094, facets final: 1498, pending: 20281, pool: 100
I 1042.56] Elapsed: 17:23, vertices: 2100, facets final: 1510, pending: 20315, pool: 100
I 1043.05] recalculating facets...
I 1047.78] Elapsed: 17:28, vertices: 2106, facets final: 1520, pending: 20221, pool: 100
I 1052.81] Elapsed: 17:33, vertices: 2110, facets final: 1535, pending: 20138, pool: 100
I 1058.06] Elapsed: 17:38, vertices: 2114, facets final: 1550, pending: 20131, pool: 100
I 1063.11] Elapsed: 17:43, vertices: 2118, facets final: 1564, pending: 20164, pool: 100
I 1068.15] Elapsed: 17:48, vertices: 2122, facets final: 1576, pending: 20151, pool: 100
I 1073.29] Elapsed: 17:53, vertices: 2127, facets final: 1590, pending: 20134, pool: 100
I 1078.42] Elapsed: 17:58, vertices: 2132, facets final: 1604, pending: 20142, pool: 100
I 1083.50] Elapsed: 18:04, vertices: 2139, facets final: 1613, pending: 20070, pool: 100
I 1088.50] Elapsed: 18:09, vertices: 2145, facets final: 1623, pending: 20211, pool: 100
I 1093.62] Elapsed: 18:14, vertices: 2152, facets final: 1633, pending: 20204, pool: 99
I 1098.82] Elapsed: 18:19, vertices: 2158, facets final: 1639, pending: 20170, pool: 100
I 1104.03] Elapsed: 18:24, vertices: 2164, facets final: 1650, pending: 20141, pool: 100
I 1109.17] Elapsed: 18:29, vertices: 2169, facets final: 1665, pending: 20104, pool: 100
I 1114.41] Elapsed: 18:34, vertices: 2175, facets final: 1675, pending: 20102, pool: 100
I 1119.64] Elapsed: 18:40, vertices: 2179, facets final: 1691, pending: 20005, pool: 100
I 1124.72] Elapsed: 18:45, vertices: 2184, facets final: 1704, pending: 19998, pool: 100
I 1129.96] Elapsed: 18:50, vertices: 2190, facets final: 1708, pending: 20000, pool: 100
I 1135.09] Elapsed: 18:55, vertices: 2196, facets final: 1721, pending: 19948, pool: 100
I 1139.24] recalculating facets...
I 1140.13] Elapsed: 19:00, vertices: 2201, facets final: 1731, pending: 19947, pool: 100
I 1145.17] Elapsed: 19:05, vertices: 2205, facets final: 1745, pending: 19928, pool: 100
I 1150.20] Elapsed: 19:10, vertices: 2211, facets final: 1756, pending: 19836, pool: 100
I 1155.28] Elapsed: 19:15, vertices: 2218, facets final: 1763, pending: 19890, pool: 100
I 1160.44] Elapsed: 19:20, vertices: 2225, facets final: 1772, pending: 19918, pool: 100
I 1165.53] Elapsed: 19:26, vertices: 2232, facets final: 1780, pending: 20011, pool: 100
I 1170.62] Elapsed: 19:31, vertices: 2237, facets final: 1791, pending: 20079, pool: 100
I 1175.74] Elapsed: 19:36, vertices: 2240, facets final: 1807, pending: 20066, pool: 100
I 1180.84] Elapsed: 19:41, vertices: 2245, facets final: 1822, pending: 20032, pool: 100
I 1186.04] Elapsed: 19:46, vertices: 2252, facets final: 1831, pending: 20006, pool: 100
I 1191.16] Elapsed: 19:51, vertices: 2256, facets final: 1844, pending: 20027, pool: 100
I 1196.23] Elapsed: 19:56, vertices: 2262, facets final: 1856, pending: 20048, pool: 100
I 1201.59] Elapsed: 20:02, vertices: 2268, facets final: 1864, pending: 20035, pool: 100
I 1206.71] Elapsed: 20:07, vertices: 2275, facets final: 1872, pending: 19890, pool: 100
I 1211.79] Elapsed: 20:12, vertices: 2281, facets final: 1885, pending: 19849, pool: 100
I 1216.92] Elapsed: 20:17, vertices: 2284, facets final: 1898, pending: 19835, pool: 100
I 1222.01] Elapsed: 20:22, vertices: 2293, facets final: 1905, pending: 19824, pool: 100
I 1227.07] Elapsed: 20:27, vertices: 2299, facets final: 1915, pending: 19819, pool: 100
I 1228.12] recalculating facets...
I 1232.14] Elapsed: 20:32, vertices: 2305, facets final: 1928, pending: 19851, pool: 100
I 1237.21] Elapsed: 20:37, vertices: 2311, facets final: 1938, pending: 19831, pool: 100
I 1242.44] Elapsed: 20:42, vertices: 2318, facets final: 1948, pending: 19828, pool: 99
I 1247.60] Elapsed: 20:48, vertices: 2323, facets final: 1960, pending: 19774, pool: 100
I 1252.86] Elapsed: 20:53, vertices: 2327, facets final: 1975, pending: 19740, pool: 100
I 1258.16] Elapsed: 20:58, vertices: 2335, facets final: 1983, pending: 19708, pool: 100
I 1263.19] Elapsed: 21:03, vertices: 2341, facets final: 1993, pending: 19783, pool: 100
I 1268.35] Elapsed: 21:08, vertices: 2347, facets final: 2003, pending: 19856, pool: 100
I 1273.40] Elapsed: 21:13, vertices: 2354, facets final: 2013, pending: 19801, pool: 99
I 1278.47] Elapsed: 21:18, vertices: 2357, facets final: 2026, pending: 19760, pool: 100
I 1283.69] Elapsed: 21:24, vertices: 2364, facets final: 2039, pending: 19648, pool: 100
I 1288.76] Elapsed: 21:29, vertices: 2371, facets final: 2048, pending: 19548, pool: 100
I 1293.89] Elapsed: 21:34, vertices: 2380, facets final: 2055, pending: 19481, pool: 100
I 1299.03] Elapsed: 21:39, vertices: 2386, facets final: 2066, pending: 19492, pool: 100
I 1304.27] Elapsed: 21:44, vertices: 2393, facets final: 2072, pending: 19341, pool: 100
I 1309.56] Elapsed: 21:50, vertices: 2398, facets final: 2086, pending: 19332, pool: 100
I 1311.16] recalculating facets...
I 1314.82] Elapsed: 21:55, vertices: 2404, facets final: 2099, pending: 19397, pool: 100
I 1319.85] Elapsed: 22:00, vertices: 2408, facets final: 2112, pending: 19314, pool: 100
I 1324.99] Elapsed: 22:05, vertices: 2413, facets final: 2130, pending: 19295, pool: 100
I 1330.29] Elapsed: 22:10, vertices: 2416, facets final: 2147, pending: 19284, pool: 100
I 1335.36] Elapsed: 22:15, vertices: 2420, facets final: 2163, pending: 19313, pool: 100
I 1340.72] Elapsed: 22:21, vertices: 2425, facets final: 2174, pending: 19260, pool: 100
I 1345.86] Elapsed: 22:26, vertices: 2429, facets final: 2190, pending: 19242, pool: 99
I 1350.93] Elapsed: 22:31, vertices: 2432, facets final: 2206, pending: 19239, pool: 99
I 1355.94] Elapsed: 22:36, vertices: 2435, facets final: 2223, pending: 19226, pool: 99
I 1360.95] Elapsed: 22:41, vertices: 2440, facets final: 2236, pending: 19223, pool: 100
I 1366.04] Elapsed: 22:46, vertices: 2446, facets final: 2246, pending: 19222, pool: 99
I 1371.09] Elapsed: 22:51, vertices: 2451, facets final: 2260, pending: 19180, pool: 100
I 1376.13] Elapsed: 22:56, vertices: 2458, facets final: 2270, pending: 19132, pool: 100
I 1381.40] Elapsed: 23:01, vertices: 2461, facets final: 2286, pending: 19070, pool: 100
I 1386.68] Elapsed: 23:07, vertices: 2467, facets final: 2299, pending: 19069, pool: 100
I 1391.88] Elapsed: 23:12, vertices: 2473, facets final: 2307, pending: 19010, pool: 100
I 1397.05] Elapsed: 23:17, vertices: 2479, facets final: 2321, pending: 18990, pool: 100
I 1402.30] Elapsed: 23:22, vertices: 2485, facets final: 2333, pending: 18931, pool: 100
I 1407.30] Elapsed: 23:27, vertices: 2488, facets final: 2351, pending: 18893, pool: 100
I 1412.37] Elapsed: 23:32, vertices: 2493, facets final: 2368, pending: 18877, pool: 100
I 1417.46] Elapsed: 23:37, vertices: 2497, facets final: 2382, pending: 18839, pool: 100
I 1422.48] Elapsed: 23:42, vertices: 2499, facets final: 2404, pending: 18840, pool: 99
I 1424.37] recalculating facets...
I 1427.57] Elapsed: 23:48, vertices: 2504, facets final: 2418, pending: 18794, pool: 100
I 1432.60] Elapsed: 23:53, vertices: 2509, facets final: 2432, pending: 18789, pool: 100
I 1437.73] Elapsed: 23:58, vertices: 2516, facets final: 2445, pending: 18711, pool: 100
I 1442.78] Elapsed: 24:03, vertices: 2521, facets final: 2459, pending: 18679, pool: 99
I 1447.87] Elapsed: 24:08, vertices: 2526, facets final: 2472, pending: 18625, pool: 100
I 1453.04] Elapsed: 24:13, vertices: 2532, facets final: 2484, pending: 18638, pool: 99
I 1458.19] Elapsed: 24:18, vertices: 2538, facets final: 2494, pending: 18572, pool: 100
I 1463.26] Elapsed: 24:23, vertices: 2542, facets final: 2512, pending: 18526, pool: 100
I 1468.34] Elapsed: 24:28, vertices: 2547, facets final: 2526, pending: 18503, pool: 100
I 1473.37] Elapsed: 24:33, vertices: 2552, facets final: 2539, pending: 18452, pool: 100
I 1478.46] Elapsed: 24:38, vertices: 2557, facets final: 2551, pending: 18369, pool: 100
I 1483.83] Elapsed: 24:44, vertices: 2559, facets final: 2572, pending: 18349, pool: 100
I 1488.85] Elapsed: 24:49, vertices: 2564, facets final: 2586, pending: 18295, pool: 100
I 1494.07] Elapsed: 24:54, vertices: 2569, facets final: 2598, pending: 18250, pool: 100
I 1499.21] Elapsed: 24:59, vertices: 2572, facets final: 2616, pending: 18223, pool: 100
I 1504.25] Elapsed: 25:04, vertices: 2577, facets final: 2629, pending: 18219, pool: 100
I 1509.29] Elapsed: 25:09, vertices: 2584, facets final: 2641, pending: 18171, pool: 100
I 1514.41] Elapsed: 25:14, vertices: 2586, facets final: 2656, pending: 18127, pool: 100
I 1519.44] Elapsed: 25:19, vertices: 2591, facets final: 2665, pending: 18114, pool: 100
I 1524.49] Elapsed: 25:24, vertices: 2598, facets final: 2677, pending: 18022, pool: 99
I 1528.54] recalculating facets...
I 1529.80] Elapsed: 25:30, vertices: 2602, facets final: 2690, pending: 18031, pool: 100
I 1535.18] Elapsed: 25:35, vertices: 2605, facets final: 2709, pending: 18010, pool: 99
I 1540.49] Elapsed: 25:40, vertices: 2611, facets final: 2721, pending: 17957, pool: 100
I 1545.67] Elapsed: 25:46, vertices: 2615, facets final: 2736, pending: 17948, pool: 100
I 1550.81] Elapsed: 25:51, vertices: 2619, facets final: 2753, pending: 17893, pool: 100
I 1555.81] Elapsed: 25:56, vertices: 2623, facets final: 2767, pending: 17915, pool: 99
I 1560.86] Elapsed: 26:01, vertices: 2625, facets final: 2784, pending: 17854, pool: 100
I 1565.89] Elapsed: 26:06, vertices: 2627, facets final: 2805, pending: 17826, pool: 100
I 1570.90] Elapsed: 26:11, vertices: 2632, facets final: 2820, pending: 17783, pool: 100
I 1575.94] Elapsed: 26:16, vertices: 2637, facets final: 2835, pending: 17758, pool: 100
I 1580.99] Elapsed: 26:21, vertices: 2639, facets final: 2855, pending: 17750, pool: 100
I 1586.17] Elapsed: 26:26, vertices: 2645, facets final: 2866, pending: 17720, pool: 100
I 1591.30] Elapsed: 26:31, vertices: 2648, facets final: 2882, pending: 17663, pool: 100
I 1596.32] Elapsed: 26:36, vertices: 2652, facets final: 2901, pending: 17596, pool: 100
I 1601.35] Elapsed: 26:41, vertices: 2655, facets final: 2917, pending: 17534, pool: 100
I 1606.50] Elapsed: 26:47, vertices: 2658, facets final: 2935, pending: 17518, pool: 100
I 1611.58] Elapsed: 26:52, vertices: 2661, facets final: 2954, pending: 17486, pool: 100
I 1616.66] Elapsed: 26:57, vertices: 2667, facets final: 2964, pending: 17463, pool: 100
I 1621.69] Elapsed: 27:02, vertices: 2673, facets final: 2976, pending: 17439, pool: 100
I 1626.76] Elapsed: 27:07, vertices: 2680, facets final: 2986, pending: 17394, pool: 100
I 1632.03] Elapsed: 27:12, vertices: 2685, facets final: 3000, pending: 17375, pool: 100
I 1637.24] Elapsed: 27:17, vertices: 2691, facets final: 3015, pending: 17325, pool: 99
I 1642.33] Elapsed: 27:22, vertices: 2694, facets final: 3033, pending: 17276, pool: 100
I 1647.46] Elapsed: 27:27, vertices: 2697, facets final: 3050, pending: 17248, pool: 100
I 1652.47] Elapsed: 27:32, vertices: 2697, facets final: 3071, pending: 17227
I 1656.82] recalculating facets...
I 1657.55] Elapsed: 27:38, vertices: 2701, facets final: 3087, pending: 17253, pool: 100
I 1662.66] Elapsed: 27:43, vertices: 2707, facets final: 3099, pending: 17222, pool: 100
I 1667.74] Elapsed: 27:48, vertices: 2711, facets final: 3113, pending: 17187, pool: 100
I 1672.76] Elapsed: 27:53, vertices: 2714, facets final: 3130, pending: 17146, pool: 100
I 1677.83] Elapsed: 27:58, vertices: 2717, facets final: 3150, pending: 17098, pool: 99
I 1682.97] Elapsed: 28:03, vertices: 2720, facets final: 3169, pending: 17089, pool: 100
I 1688.02] Elapsed: 28:08, vertices: 2724, facets final: 3184, pending: 17051, pool: 100
I 1693.06] Elapsed: 28:13, vertices: 2729, facets final: 3198, pending: 16982, pool: 100
I 1698.17] Elapsed: 28:18, vertices: 2733, facets final: 3217, pending: 16964, pool: 100
I 1703.27] Elapsed: 28:23, vertices: 2736, facets final: 3234, pending: 16929, pool: 100
I 1708.27] Elapsed: 28:28, vertices: 2744, facets final: 3248, pending: 16898, pool: 99
I 1713.41] Elapsed: 28:33, vertices: 2745, facets final: 3268, pending: 16883, pool: 100
I 1718.49] Elapsed: 28:38, vertices: 2750, facets final: 3283, pending: 16837, pool: 100
I 1723.75] Elapsed: 28:44, vertices: 2752, facets final: 3302, pending: 16810, pool: 100
I 1729.01] Elapsed: 28:49, vertices: 2757, facets final: 3314, pending: 16768, pool: 100
I 1734.17] Elapsed: 28:54, vertices: 2760, facets final: 3335, pending: 16745, pool: 100
I 1739.24] Elapsed: 28:59, vertices: 2762, facets final: 3355, pending: 16719, pool: 100
I 1744.34] Elapsed: 29:04, vertices: 2766, facets final: 3371, pending: 16710, pool: 100
I 1749.44] Elapsed: 29:09, vertices: 2769, facets final: 3387, pending: 16690, pool: 100
I 1754.57] Elapsed: 29:15, vertices: 2774, facets final: 3401, pending: 16605, pool: 100
I 1759.59] Elapsed: 29:20, vertices: 2777, facets final: 3420, pending: 16574, pool: 100
I 1764.66] Elapsed: 29:25, vertices: 2781, facets final: 3437, pending: 16538, pool: 100
I 1769.66] Elapsed: 29:30, vertices: 2786, facets final: 3450, pending: 16540, pool: 100
I 1774.77] Elapsed: 29:35, vertices: 2788, facets final: 3473, pending: 16514, pool: 100
I 1779.97] Elapsed: 29:40, vertices: 2791, facets final: 3495, pending: 16483, pool: 100
I 1785.23] Elapsed: 29:45, vertices: 2794, facets final: 3516, pending: 16459, pool: 100
I 1790.32] Elapsed: 29:50, vertices: 2799, facets final: 3535, pending: 16439, pool: 99
I 1795.25] recalculating facets...
I 1795.44] Elapsed: 29:55, vertices: 2801, facets final: 3554, pending: 16393, pool: 100
I 1800.59] Elapsed: 30:01, vertices: 2805, facets final: 3571, pending: 16391, pool: 100
I 1805.82] Elapsed: 30:06, vertices: 2808, facets final: 3592, pending: 16354, pool: 100
I 1810.88] Elapsed: 30:11, vertices: 2813, facets final: 3609, pending: 16346, pool: 99
I 1816.03] Elapsed: 30:16, vertices: 2813, facets final: 3631, pending: 16324
I 1821.09] Elapsed: 30:21, vertices: 2817, facets final: 3644, pending: 16276, pool: 99
I 1826.15] Elapsed: 30:26, vertices: 2822, facets final: 3656, pending: 16257, pool: 100
I 1831.34] Elapsed: 30:31, vertices: 2828, facets final: 3670, pending: 16216, pool: 100
I 1836.34] Elapsed: 30:36, vertices: 2834, facets final: 3681, pending: 16183, pool: 100
I 1841.37] Elapsed: 30:41, vertices: 2836, facets final: 3700, pending: 16163, pool: 99
I 1846.52] Elapsed: 30:47, vertices: 2843, facets final: 3709, pending: 16167, pool: 100
I 1851.54] Elapsed: 30:52, vertices: 2847, facets final: 3726, pending: 16118, pool: 100
I 1856.73] Elapsed: 30:57, vertices: 2852, facets final: 3743, pending: 16138, pool: 100
I 1861.74] Elapsed: 31:02, vertices: 2856, facets final: 3762, pending: 16094, pool: 99
I 1866.81] Elapsed: 31:07, vertices: 2857, facets final: 3782, pending: 16070, pool: 99
I 1871.85] Elapsed: 31:12, vertices: 2861, facets final: 3798, pending: 16012, pool: 100
I 1876.86] Elapsed: 31:17, vertices: 2862, facets final: 3821, pending: 15978, pool: 100
I 1882.10] Elapsed: 31:22, vertices: 2865, facets final: 3839, pending: 15976, pool: 100
I 1887.17] Elapsed: 31:27, vertices: 2872, facets final: 3851, pending: 15924, pool: 100
I 1892.27] Elapsed: 31:32, vertices: 2876, facets final: 3868, pending: 15877, pool: 100
I 1897.32] Elapsed: 31:37, vertices: 2880, facets final: 3886, pending: 15863, pool: 100
I 1902.47] Elapsed: 31:42, vertices: 2883, facets final: 3903, pending: 15858, pool: 100
I 1907.62] Elapsed: 31:48, vertices: 2887, facets final: 3922, pending: 15827, pool: 100
I 1912.68] Elapsed: 31:53, vertices: 2890, facets final: 3939, pending: 15788, pool: 100
I 1917.88] Elapsed: 31:58, vertices: 2891, facets final: 3964, pending: 15759, pool: 99
I 1923.10] Elapsed: 32:03, vertices: 2894, facets final: 3984, pending: 15733, pool: 100
I 1928.11] Elapsed: 32:08, vertices: 2897, facets final: 4001, pending: 15696, pool: 100
I 1932.46] recalculating facets...
I 1933.14] Elapsed: 32:13, vertices: 2901, facets final: 4019, pending: 15681, pool: 100
I 1938.25] Elapsed: 32:18, vertices: 2904, facets final: 4039, pending: 15652, pool: 100
I 1943.33] Elapsed: 32:23, vertices: 2907, facets final: 4058, pending: 15624, pool: 100
I 1948.51] Elapsed: 32:29, vertices: 2910, facets final: 4077, pending: 15595, pool: 99
I 1953.55] Elapsed: 32:34, vertices: 2914, facets final: 4091, pending: 15539, pool: 100
I 1958.63] Elapsed: 32:39, vertices: 2915, facets final: 4113, pending: 15520, pool: 100
I 1963.63] Elapsed: 32:44, vertices: 2918, facets final: 4133, pending: 15503, pool: 98
I 1968.81] Elapsed: 32:49, vertices: 2921, facets final: 4146, pending: 15491, pool: 100
I 1973.85] Elapsed: 32:54, vertices: 2925, facets final: 4161, pending: 15460, pool: 99
I 1978.86] Elapsed: 32:59, vertices: 2928, facets final: 4178, pending: 15443, pool: 100
I 1983.99] Elapsed: 33:04, vertices: 2928, facets final: 4200, pending: 15421
I 1989.18] Elapsed: 33:09, vertices: 2931, facets final: 4216, pending: 15385, pool: 100
I 1994.35] Elapsed: 33:14, vertices: 2935, facets final: 4234, pending: 15342, pool: 100
I 1999.42] Elapsed: 33:19, vertices: 2938, facets final: 4254, pending: 15318, pool: 100
I 2004.44] Elapsed: 33:24, vertices: 2943, facets final: 4266, pending: 15303, pool: 100
I 2009.52] Elapsed: 33:30, vertices: 2947, facets final: 4282, pending: 15262, pool: 100
I 2014.67] Elapsed: 33:35, vertices: 2952, facets final: 4298, pending: 15217, pool: 100
I 2019.68] Elapsed: 33:40, vertices: 2955, facets final: 4314, pending: 15181, pool: 100
I 2024.72] Elapsed: 33:45, vertices: 2957, facets final: 4333, pending: 15160, pool: 99
I 2029.81] Elapsed: 33:50, vertices: 2962, facets final: 4349, pending: 15142, pool: 100
I 2034.89] Elapsed: 33:55, vertices: 2966, facets final: 4367, pending: 15107, pool: 100
I 2040.05] Elapsed: 34:00, vertices: 2970, facets final: 4382, pending: 15079, pool: 100
I 2045.17] Elapsed: 34:05, vertices: 2974, facets final: 4399, pending: 15052, pool: 99
I 2050.28] Elapsed: 34:10, vertices: 2976, facets final: 4415, pending: 15043, pool: 100
I 2055.52] Elapsed: 34:16, vertices: 2981, facets final: 4432, pending: 14998, pool: 100
I 2060.64] Elapsed: 34:21, vertices: 2987, facets final: 4447, pending: 14961, pool: 99
I 2065.68] Elapsed: 34:26, vertices: 2988, facets final: 4465, pending: 14934, pool: 100
I 2070.69] Elapsed: 34:31, vertices: 2991, facets final: 4483, pending: 14880, pool: 100
I 2075.72] Elapsed: 34:36, vertices: 2993, facets final: 4505, pending: 14855, pool: 100
I 2080.91] Elapsed: 34:41, vertices: 2996, facets final: 4526, pending: 14831, pool: 99
I 2085.76] recalculating facets...
I 2085.92] Elapsed: 34:46, vertices: 3001, facets final: 4539, pending: 14813, pool: 100
I 2090.96] Elapsed: 34:51, vertices: 3004, facets final: 4555, pending: 14809, pool: 100
I 2095.96] Elapsed: 34:56, vertices: 3007, facets final: 4572, pending: 14781, pool: 100
I 2101.08] Elapsed: 35:01, vertices: 3010, facets final: 4593, pending: 14752, pool: 100
I 2106.25] Elapsed: 35:06, vertices: 3011, facets final: 4618, pending: 14727, pool: 99
I 2111.37] Elapsed: 35:11, vertices: 3014, facets final: 4635, pending: 14707, pool: 99
I 2116.41] Elapsed: 35:16, vertices: 3017, facets final: 4651, pending: 14700, pool: 100
I 2121.56] Elapsed: 35:22, vertices: 3021, facets final: 4670, pending: 14660, pool: 100
I 2126.67] Elapsed: 35:27, vertices: 3025, facets final: 4690, pending: 14604, pool: 99
I 2131.89] Elapsed: 35:32, vertices: 3026, facets final: 4708, pending: 14587, pool: 100
I 2136.91] Elapsed: 35:37, vertices: 3029, facets final: 4730, pending: 14545, pool: 99
I 2141.93] Elapsed: 35:42, vertices: 3034, facets final: 4744, pending: 14519, pool: 100
I 2146.96] Elapsed: 35:47, vertices: 3035, facets final: 4763, pending: 14495, pool: 99
I 2152.13] Elapsed: 35:52, vertices: 3038, facets final: 4782, pending: 14464, pool: 100
I 2157.36] Elapsed: 35:57, vertices: 3041, facets final: 4801, pending: 14433, pool: 100
I 2162.44] Elapsed: 36:02, vertices: 3043, facets final: 4821, pending: 14435, pool: 99
I 2167.55] Elapsed: 36:08, vertices: 3047, facets final: 4839, pending: 14405, pool: 100
I 2172.56] Elapsed: 36:13, vertices: 3048, facets final: 4858, pending: 14394, pool: 99
I 2177.63] Elapsed: 36:18, vertices: 3050, facets final: 4876, pending: 14364, pool: 99
I 2182.82] Elapsed: 36:23, vertices: 3052, facets final: 4896, pending: 14359, pool: 100
I 2188.00] Elapsed: 36:28, vertices: 3056, facets final: 4914, pending: 14338, pool: 100
I 2193.01] Elapsed: 36:33, vertices: 3059, facets final: 4931, pending: 14303, pool: 99
I 2198.09] Elapsed: 36:38, vertices: 3060, facets final: 4952, pending: 14280, pool: 100
I 2203.19] Elapsed: 36:43, vertices: 3063, facets final: 4973, pending: 14229, pool: 100
I 2208.21] Elapsed: 36:48, vertices: 3065, facets final: 4990, pending: 14205, pool: 100
I 2213.23] Elapsed: 36:53, vertices: 3067, facets final: 5010, pending: 14173, pool: 100
I 2218.49] Elapsed: 36:58, vertices: 3071, facets final: 5028, pending: 14152, pool: 100
I 2223.63] Elapsed: 37:04, vertices: 3073, facets final: 5049, pending: 14130, pool: 100
I 2228.74] Elapsed: 37:09, vertices: 3075, facets final: 5071, pending: 14104, pool: 100
I 2233.76] Elapsed: 37:14, vertices: 3076, facets final: 5089, pending: 14088, pool: 99
I 2238.76] Elapsed: 37:19, vertices: 3082, facets final: 5101, pending: 14098, pool: 100
I 2243.77] Elapsed: 37:24, vertices: 3085, facets final: 5120, pending: 14080, pool: 100
I 2248.84] Elapsed: 37:29, vertices: 3090, facets final: 5137, pending: 14064, pool: 100
I 2253.95] Elapsed: 37:34, vertices: 3092, facets final: 5156, pending: 14039, pool: 100
I 2259.09] Elapsed: 37:39, vertices: 3094, facets final: 5177, pending: 14012, pool: 100
I 2264.13] Elapsed: 37:44, vertices: 3096, facets final: 5199, pending: 13984, pool: 98
I 2269.14] Elapsed: 37:49, vertices: 3096, facets final: 5222, pending: 13961
I 2274.14] Elapsed: 37:54, vertices: 3098, facets final: 5241, pending: 13944, pool: 100
I 2276.38] recalculating facets...
I 2279.30] Elapsed: 37:59, vertices: 3103, facets final: 5253, pending: 13933, pool: 100
I 2284.48] Elapsed: 38:04, vertices: 3103, facets final: 5277, pending: 13909
I 2289.74] Elapsed: 38:10, vertices: 3104, facets final: 5302, pending: 13879, pool: 100
I 2294.92] Elapsed: 38:15, vertices: 3107, facets final: 5323, pending: 13889, pool: 100
I 2299.93] Elapsed: 38:20, vertices: 3111, facets final: 5339, pending: 13855, pool: 100
I 2305.04] Elapsed: 38:25, vertices: 3111, facets final: 5363, pending: 13831
I 2310.38] Elapsed: 38:30, vertices: 3113, facets final: 5382, pending: 13801, pool: 100
I 2315.64] Elapsed: 38:36, vertices: 3115, facets final: 5403, pending: 13767, pool: 99
I 2320.71] Elapsed: 38:41, vertices: 3115, facets final: 5425, pending: 13745
I 2325.85] Elapsed: 38:46, vertices: 3117, facets final: 5446, pending: 13710, pool: 100
I 2330.92] Elapsed: 38:51, vertices: 3120, facets final: 5461, pending: 13676, pool: 100
I 2336.06] Elapsed: 38:56, vertices: 3125, facets final: 5477, pending: 13646, pool: 100
I 2341.20] Elapsed: 39:01, vertices: 3128, facets final: 5496, pending: 13640, pool: 100
I 2346.23] Elapsed: 39:06, vertices: 3130, facets final: 5518, pending: 13613, pool: 99
I 2351.30] Elapsed: 39:11, vertices: 3132, facets final: 5537, pending: 13581, pool: 99
I 2356.50] Elapsed: 39:17, vertices: 3134, facets final: 5558, pending: 13542, pool: 100
I 2361.78] Elapsed: 39:22, vertices: 3136, facets final: 5579, pending: 13519, pool: 100
I 2366.86] Elapsed: 39:27, vertices: 3138, facets final: 5602, pending: 13493, pool: 99
I 2371.87] Elapsed: 39:32, vertices: 3139, facets final: 5622, pending: 13465, pool: 99
I 2376.97] Elapsed: 39:37, vertices: 3140, facets final: 5647, pending: 13435, pool: 100
I 2382.09] Elapsed: 39:42, vertices: 3143, facets final: 5665, pending: 13415, pool: 99
I 2387.18] Elapsed: 39:47, vertices: 3145, facets final: 5687, pending: 13399, pool: 99
I 2392.29] Elapsed: 39:52, vertices: 3147, facets final: 5707, pending: 13365, pool: 99
I 2397.57] Elapsed: 39:58, vertices: 3147, facets final: 5729, pending: 13343
I 2402.61] Elapsed: 40:03, vertices: 3148, facets final: 5753, pending: 13312, pool: 100
I 2407.70] Elapsed: 40:08, vertices: 3150, facets final: 5774, pending: 13282, pool: 99
I 2412.75] Elapsed: 40:13, vertices: 3152, facets final: 5794, pending: 13271, pool: 100
I 2417.94] Elapsed: 40:18, vertices: 3158, facets final: 5807, pending: 13225, pool: 100
I 2422.94] Elapsed: 40:23, vertices: 3161, facets final: 5827, pending: 13197, pool: 98
I 2428.08] Elapsed: 40:28, vertices: 3162, facets final: 5848, pending: 13175, pool: 98
I 2433.08] Elapsed: 40:33, vertices: 3162, facets final: 5871, pending: 13152
I 2438.15] Elapsed: 40:38, vertices: 3163, facets final: 5894, pending: 13121, pool: 99
I 2443.27] Elapsed: 40:43, vertices: 3164, facets final: 5916, pending: 13093, pool: 99
I 2448.43] Elapsed: 40:48, vertices: 3166, facets final: 5937, pending: 13079, pool: 100
I 2453.54] Elapsed: 40:54, vertices: 3167, facets final: 5962, pending: 13053, pool: 99
I 2458.59] Elapsed: 40:59, vertices: 3168, facets final: 5985, pending: 13026, pool: 99
I 2463.76] Elapsed: 41:04, vertices: 3170, facets final: 6003, pending: 13009, pool: 100
I 2468.78] Elapsed: 41:09, vertices: 3170, facets final: 6027, pending: 12985
I 2473.89] Elapsed: 41:14, vertices: 3173, facets final: 6047, pending: 12960, pool: 100
I 2478.97] Elapsed: 41:19, vertices: 3177, facets final: 6064, pending: 12924, pool: 100
I 2484.14] Elapsed: 41:24, vertices: 3178, facets final: 6085, pending: 12899, pool: 99
I 2489.41] Elapsed: 41:29, vertices: 3180, facets final: 6106, pending: 12874, pool: 100
I 2494.54] Elapsed: 41:35, vertices: 3182, facets final: 6128, pending: 12834, pool: 100
I 2499.60] Elapsed: 41:40, vertices: 3186, facets final: 6146, pending: 12855, pool: 99
I 2504.92] Elapsed: 41:45, vertices: 3186, facets final: 6169, pending: 12832, pool: 100
I 2510.05] Elapsed: 41:50, vertices: 3189, facets final: 6190, pending: 12808, pool: 99
I 2515.22] Elapsed: 41:55, vertices: 3190, facets final: 6212, pending: 12782, pool: 100
I 2520.27] Elapsed: 42:00, vertices: 3190, facets final: 6234, pending: 12760, pool: 100
I 2525.42] Elapsed: 42:05, vertices: 3193, facets final: 6257, pending: 12729, pool: 99
I 2530.48] Elapsed: 42:10, vertices: 3194, facets final: 6275, pending: 12709, pool: 100
I 2535.56] Elapsed: 42:16, vertices: 3195, facets final: 6298, pending: 12683, pool: 100
I 2540.68] Elapsed: 42:21, vertices: 3197, facets final: 6318, pending: 12671, pool: 100
I 2545.71] Elapsed: 42:26, vertices: 3200, facets final: 6338, pending: 12660, pool: 100
I 2547.32] recalculating facets...
I 2550.96] Elapsed: 42:31, vertices: 3201, facets final: 6361, pending: 12645, pool: 100
I 2556.23] Elapsed: 42:36, vertices: 3203, facets final: 6379, pending: 12629, pool: 100
I 2561.32] Elapsed: 42:41, vertices: 3206, facets final: 6400, pending: 12601, pool: 100
I 2566.51] Elapsed: 42:47, vertices: 3207, facets final: 6423, pending: 12572, pool: 100
I 2571.66] Elapsed: 42:52, vertices: 3209, facets final: 6444, pending: 12543, pool: 100
I 2576.69] Elapsed: 42:57, vertices: 3212, facets final: 6463, pending: 12532, pool: 99
I 2581.79] Elapsed: 43:02, vertices: 3215, facets final: 6482, pending: 12498, pool: 100
I 2586.99] Elapsed: 43:07, vertices: 3220, facets final: 6497, pending: 12486, pool: 100
I 2592.05] Elapsed: 43:12, vertices: 3222, facets final: 6518, pending: 12468, pool: 100
I 2597.12] Elapsed: 43:17, vertices: 3224, facets final: 6537, pending: 12443, pool: 98
I 2602.27] Elapsed: 43:22, vertices: 3226, facets final: 6556, pending: 12417, pool: 100
I 2607.27] Elapsed: 43:27, vertices: 3227, facets final: 6578, pending: 12386, pool: 100
I 2612.27] Elapsed: 43:32, vertices: 3231, facets final: 6596, pending: 12352, pool: 100
I 2617.27] Elapsed: 43:37, vertices: 3232, facets final: 6621, pending: 12325, pool: 99
I 2622.32] Elapsed: 43:42, vertices: 3232, facets final: 6644, pending: 12302
I 2627.49] Elapsed: 43:47, vertices: 3235, facets final: 6664, pending: 12269, pool: 99
I 2632.58] Elapsed: 43:53, vertices: 3237, facets final: 6684, pending: 12243, pool: 100
I 2637.59] Elapsed: 43:58, vertices: 3241, facets final: 6701, pending: 12217, pool: 100
I 2642.70] Elapsed: 44:03, vertices: 3243, facets final: 6721, pending: 12189, pool: 100
I 2647.91] Elapsed: 44:08, vertices: 3246, facets final: 6741, pending: 12157, pool: 100
I 2653.03] Elapsed: 44:13, vertices: 3250, facets final: 6758, pending: 12137, pool: 100
I 2658.28] Elapsed: 44:18, vertices: 3253, facets final: 6778, pending: 12114, pool: 100
I 2663.44] Elapsed: 44:23, vertices: 3254, facets final: 6800, pending: 12087, pool: 100
I 2668.44] Elapsed: 44:28, vertices: 3255, facets final: 6822, pending: 12062, pool: 99
I 2673.58] Elapsed: 44:34, vertices: 3256, facets final: 6845, pending: 12032, pool: 100
I 2678.62] Elapsed: 44:39, vertices: 3257, facets final: 6864, pending: 12014, pool: 100
I 2683.67] Elapsed: 44:44, vertices: 3260, facets final: 6885, pending: 11984, pool: 100
I 2688.89] Elapsed: 44:49, vertices: 3262, facets final: 6904, pending: 11966, pool: 99
I 2694.09] Elapsed: 44:54, vertices: 3267, facets final: 6920, pending: 11926, pool: 100
I 2699.31] Elapsed: 44:59, vertices: 3270, facets final: 6942, pending: 11886, pool: 100
I 2704.42] Elapsed: 45:04, vertices: 3273, facets final: 6961, pending: 11880, pool: 100
I 2709.63] Elapsed: 45:10, vertices: 3273, facets final: 6983, pending: 11858, pool: 100
I 2714.82] Elapsed: 45:15, vertices: 3274, facets final: 7005, pending: 11834
I 2719.94] Elapsed: 45:20, vertices: 3279, facets final: 7023, pending: 11803, pool: 100
I 2725.09] Elapsed: 45:25, vertices: 3281, facets final: 7044, pending: 11778, pool: 99
I 2730.24] Elapsed: 45:30, vertices: 3281, facets final: 7069, pending: 11753
I 2735.53] Elapsed: 45:36, vertices: 3284, facets final: 7089, pending: 11717, pool: 100
I 2740.64] Elapsed: 45:41, vertices: 3284, facets final: 7113, pending: 11693
I 2745.76] Elapsed: 45:46, vertices: 3286, facets final: 7137, pending: 11661, pool: 100
I 2750.91] Elapsed: 45:51, vertices: 3288, facets final: 7157, pending: 11632, pool: 100
I 2756.06] Elapsed: 45:56, vertices: 3289, facets final: 7177, pending: 11608, pool: 99
I 2761.06] Elapsed: 46:01, vertices: 3291, facets final: 7196, pending: 11582, pool: 100
I 2766.18] Elapsed: 46:06, vertices: 3292, facets final: 7219, pending: 11556, pool: 100
I 2771.23] Elapsed: 46:11, vertices: 3295, facets final: 7238, pending: 11531, pool: 99
I 2776.27] Elapsed: 46:16, vertices: 3296, facets final: 7261, pending: 11518, pool: 98
I 2781.33] Elapsed: 46:21, vertices: 3298, facets final: 7281, pending: 11497, pool: 99
I 2786.36] Elapsed: 46:26, vertices: 3298, facets final: 7304, pending: 11474, pool: 98
I 2791.52] Elapsed: 46:32, vertices: 3299, facets final: 7327, pending: 11445
I 2796.64] Elapsed: 46:37, vertices: 3299, facets final: 7349, pending: 11423
I 2801.40] recalculating facets...
I 2801.78] Elapsed: 46:42, vertices: 3301, facets final: 7371, pending: 11394, pool: 100
I 2807.00] Elapsed: 46:47, vertices: 3302, facets final: 7395, pending: 11373, pool: 100
I 2812.07] Elapsed: 46:52, vertices: 3302, facets final: 7416, pending: 11352, pool: 100
I 2817.25] Elapsed: 46:57, vertices: 3304, facets final: 7441, pending: 11328, pool: 100
I 2822.32] Elapsed: 47:02, vertices: 3305, facets final: 7464, pending: 11301, pool: 99
I 2827.57] Elapsed: 47:08, vertices: 3308, facets final: 7482, pending: 11275, pool: 100
I 2832.70] Elapsed: 47:13, vertices: 3309, facets final: 7505, pending: 11242, pool: 100
I 2837.92] Elapsed: 47:18, vertices: 3310, facets final: 7526, pending: 11233, pool: 100
I 2842.92] Elapsed: 47:23, vertices: 3311, facets final: 7550, pending: 11212, pool: 100
I 2847.94] Elapsed: 47:28, vertices: 3312, facets final: 7573, pending: 11188, pool: 99
I 2853.03] Elapsed: 47:33, vertices: 3314, facets final: 7595, pending: 11167, pool: 100
I 2858.07] Elapsed: 47:38, vertices: 3315, facets final: 7616, pending: 11144, pool: 100
I 2863.16] Elapsed: 47:43, vertices: 3316, facets final: 7638, pending: 11119, pool: 100
I 2868.23] Elapsed: 47:48, vertices: 3318, facets final: 7659, pending: 11094, pool: 100
I 2873.26] Elapsed: 47:53, vertices: 3321, facets final: 7675, pending: 11069, pool: 100
I 2878.44] Elapsed: 47:58, vertices: 3324, facets final: 7696, pending: 11047, pool: 100
I 2883.61] Elapsed: 48:04, vertices: 3325, facets final: 7717, pending: 11020, pool: 100
I 2888.75] Elapsed: 48:09, vertices: 3327, facets final: 7739, pending: 10992, pool: 99
I 2893.76] Elapsed: 48:14, vertices: 3329, facets final: 7762, pending: 10962, pool: 99
I 2898.96] Elapsed: 48:19, vertices: 3329, facets final: 7785, pending: 10939
I 2904.10] Elapsed: 48:24, vertices: 3330, facets final: 7805, pending: 10913, pool: 100
I 2909.19] Elapsed: 48:29, vertices: 3334, facets final: 7821, pending: 10897, pool: 99
I 2914.38] Elapsed: 48:34, vertices: 3335, facets final: 7843, pending: 10868, pool: 99
I 2919.41] Elapsed: 48:39, vertices: 3337, facets final: 7863, pending: 10853, pool: 99
I 2924.55] Elapsed: 48:45, vertices: 3338, facets final: 7886, pending: 10828, pool: 100
I 2929.66] Elapsed: 48:50, vertices: 3339, facets final: 7908, pending: 10804, pool: 99
I 2934.93] Elapsed: 48:55, vertices: 3339, facets final: 7932, pending: 10780
I 2939.96] Elapsed: 49:00, vertices: 3340, facets final: 7956, pending: 10752, pool: 99
I 2944.98] Elapsed: 49:05, vertices: 3340, facets final: 7980, pending: 10728
I 2950.09] Elapsed: 49:10, vertices: 3341, facets final: 8003, pending: 10703, pool: 99
I 2955.24] Elapsed: 49:15, vertices: 3342, facets final: 8025, pending: 10679, pool: 100
I 2960.33] Elapsed: 49:20, vertices: 3344, facets final: 8048, pending: 10647, pool: 99
I 2965.33] Elapsed: 49:25, vertices: 3345, facets final: 8071, pending: 10618, pool: 100
I 2970.44] Elapsed: 49:30, vertices: 3346, facets final: 8092, pending: 10593, pool: 99
I 2975.55] Elapsed: 49:36, vertices: 3346, facets final: 8117, pending: 10568
I 2980.82] Elapsed: 49:41, vertices: 3347, facets final: 8141, pending: 10541, pool: 99
I 2986.01] Elapsed: 49:46, vertices: 3347, facets final: 8165, pending: 10517
I 2991.08] Elapsed: 49:51, vertices: 3349, facets final: 8183, pending: 10486, pool: 99
I 2996.08] Elapsed: 49:56, vertices: 3351, facets final: 8203, pending: 10469, pool: 100
I 3001.32] Elapsed: 50:01, vertices: 3353, facets final: 8227, pending: 10440, pool: 99
I 3006.39] Elapsed: 50:06, vertices: 3353, facets final: 8250, pending: 10417
I 3011.55] Elapsed: 50:12, vertices: 3353, facets final: 8273, pending: 10394
I 3016.57] Elapsed: 50:17, vertices: 3353, facets final: 8300, pending: 10367
I 3021.64] Elapsed: 50:22, vertices: 3354, facets final: 8323, pending: 10353, pool: 99
I 3026.69] Elapsed: 50:27, vertices: 3355, facets final: 8345, pending: 10328, pool: 99
I 3031.77] Elapsed: 50:32, vertices: 3355, facets final: 8366, pending: 10307
I 3036.80] Elapsed: 50:37, vertices: 3357, facets final: 8386, pending: 10281, pool: 99
I 3041.85] Elapsed: 50:42, vertices: 3357, facets final: 8408, pending: 10259
I 3046.87] Elapsed: 50:47, vertices: 3360, facets final: 8428, pending: 10231, pool: 99
I 3052.04] Elapsed: 50:52, vertices: 3362, facets final: 8450, pending: 10210, pool: 100
I 3057.17] Elapsed: 50:57, vertices: 3363, facets final: 8475, pending: 10194, pool: 100
I 3062.35] Elapsed: 51:02, vertices: 3364, facets final: 8497, pending: 10169, pool: 100
I 3067.55] Elapsed: 51:08, vertices: 3366, facets final: 8517, pending: 10139, pool: 100
I 3072.70] Elapsed: 51:13, vertices: 3366, facets final: 8540, pending: 10116
I 3077.78] Elapsed: 51:18, vertices: 3368, facets final: 8563, pending: 10086, pool: 99
I 3082.78] Elapsed: 51:23, vertices: 3370, facets final: 8582, pending: 10065, pool: 100
I 3088.01] Elapsed: 51:28, vertices: 3371, facets final: 8605, pending: 10040, pool: 100
I 3093.22] Elapsed: 51:33, vertices: 3371, facets final: 8628, pending: 10017, pool: 99
I 3098.41] Elapsed: 51:38, vertices: 3373, facets final: 8650, pending: 9982, pool: 100
I 3103.46] Elapsed: 51:43, vertices: 3375, facets final: 8671, pending: 9955, pool: 100
I 3108.51] Elapsed: 51:49, vertices: 3375, facets final: 8695, pending: 9931
I 3113.76] Elapsed: 51:54, vertices: 3376, facets final: 8718, pending: 9906, pool: 99
I 3118.95] Elapsed: 51:59, vertices: 3376, facets final: 8738, pending: 9886, pool: 100
I 3123.98] Elapsed: 52:04, vertices: 3379, facets final: 8757, pending: 9848, pool: 99
I 3128.99] Elapsed: 52:09, vertices: 3379, facets final: 8779, pending: 9826
I 3134.02] Elapsed: 52:14, vertices: 3379, facets final: 8804, pending: 9801
I 3139.06] Elapsed: 52:19, vertices: 3380, facets final: 8825, pending: 9778, pool: 100
I 3144.14] Elapsed: 52:24, vertices: 3381, facets final: 8844, pending: 9754, pool: 100
I 3149.26] Elapsed: 52:29, vertices: 3382, facets final: 8867, pending: 9729, pool: 99
I 3154.28] Elapsed: 52:34, vertices: 3383, facets final: 8890, pending: 9704, pool: 98
I 3159.36] Elapsed: 52:39, vertices: 3383, facets final: 8914, pending: 9680
I 3164.64] Elapsed: 52:45, vertices: 3384, facets final: 8937, pending: 9656, pool: 98
I 3169.65] Elapsed: 52:50, vertices: 3385, facets final: 8961, pending: 9629, pool: 99
I 3174.95] Elapsed: 52:55, vertices: 3387, facets final: 8983, pending: 9609, pool: 98
I 3180.23] Elapsed: 53:00, vertices: 3387, facets final: 9008, pending: 9584
I 3185.38] Elapsed: 53:05, vertices: 3388, facets final: 9032, pending: 9556, pool: 99
I 3190.58] Elapsed: 53:11, vertices: 3388, facets final: 9055, pending: 9533
I 3195.70] Elapsed: 53:16, vertices: 3388, facets final: 9076, pending: 9512
I 3200.71] Elapsed: 53:21, vertices: 3390, facets final: 9095, pending: 9490, pool: 100
I 3205.76] Elapsed: 53:26, vertices: 3392, facets final: 9114, pending: 9460, pool: 100
I 3210.76] Elapsed: 53:31, vertices: 3393, facets final: 9136, pending: 9435, pool: 100
I 3215.93] Elapsed: 53:36, vertices: 3395, facets final: 9158, pending: 9420, pool: 98
I 3221.04] Elapsed: 53:41, vertices: 3395, facets final: 9184, pending: 9394
I 3226.17] Elapsed: 53:46, vertices: 3396, facets final: 9205, pending: 9372, pool: 98
I 3231.19] Elapsed: 53:51, vertices: 3397, facets final: 9223, pending: 9350, pool: 99
I 3236.20] Elapsed: 53:56, vertices: 3397, facets final: 9243, pending: 9330, pool: 100
I 3241.29] Elapsed: 54:01, vertices: 3398, facets final: 9266, pending: 9298
I 3246.32] Elapsed: 54:06, vertices: 3400, facets final: 9289, pending: 9270, pool: 99
I 3251.59] Elapsed: 54:12, vertices: 3400, facets final: 9313, pending: 9246
I 3253.38] recalculating facets...
I 3256.61] Elapsed: 54:17, vertices: 3402, facets final: 9333, pending: 9219, pool: 99
I 3261.74] Elapsed: 54:22, vertices: 3403, facets final: 9356, pending: 9197, pool: 99
I 3266.91] Elapsed: 54:27, vertices: 3404, facets final: 9379, pending: 9172, pool: 99
I 3271.99] Elapsed: 54:32, vertices: 3404, facets final: 9405, pending: 9146
I 3276.99] Elapsed: 54:37, vertices: 3409, facets final: 9419, pending: 9122, pool: 99
I 3282.13] Elapsed: 54:42, vertices: 3410, facets final: 9438, pending: 9099, pool: 100
I 3287.30] Elapsed: 54:47, vertices: 3411, facets final: 9463, pending: 9071, pool: 99
I 3292.40] Elapsed: 54:52, vertices: 3412, facets final: 9483, pending: 9044, pool: 99
I 3297.74] Elapsed: 54:58, vertices: 3413, facets final: 9506, pending: 9018, pool: 98
I 3302.86] Elapsed: 55:03, vertices: 3414, facets final: 9531, pending: 8991
I 3308.03] Elapsed: 55:08, vertices: 3414, facets final: 9554, pending: 8968
I 3313.09] Elapsed: 55:13, vertices: 3414, facets final: 9575, pending: 8947
I 3318.26] Elapsed: 55:18, vertices: 3414, facets final: 9598, pending: 8924
I 3323.36] Elapsed: 55:23, vertices: 3415, facets final: 9620, pending: 8897, pool: 99
I 3328.50] Elapsed: 55:29, vertices: 3416, facets final: 9642, pending: 8881, pool: 99
I 3333.53] Elapsed: 55:34, vertices: 3418, facets final: 9663, pending: 8861, pool: 99
I 3338.67] Elapsed: 55:39, vertices: 3420, facets final: 9684, pending: 8835, pool: 99
I 3343.78] Elapsed: 55:44, vertices: 3421, facets final: 9705, pending: 8812, pool: 98
I 3348.96] Elapsed: 55:49, vertices: 3424, facets final: 9724, pending: 8791, pool: 100
I 3354.02] Elapsed: 55:54, vertices: 3425, facets final: 9749, pending: 8764, pool: 99
I 3359.30] Elapsed: 55:59, vertices: 3426, facets final: 9769, pending: 8734, pool: 100
I 3364.30] Elapsed: 56:04, vertices: 3427, facets final: 9791, pending: 8710, pool: 99
I 3369.45] Elapsed: 56:09, vertices: 3428, facets final: 9814, pending: 8685, pool: 98
I 3374.58] Elapsed: 56:15, vertices: 3429, facets final: 9839, pending: 8662, pool: 98
I 3379.89] Elapsed: 56:20, vertices: 3429, facets final: 9864, pending: 8637
I 3384.91] Elapsed: 56:25, vertices: 3429, facets final: 9887, pending: 8614
I 3389.99] Elapsed: 56:30, vertices: 3429, facets final: 9910, pending: 8591
I 3395.02] Elapsed: 56:35, vertices: 3430, facets final: 9932, pending: 8567, pool: 97
I 3400.02] Elapsed: 56:40, vertices: 3430, facets final: 9954, pending: 8545
I 3405.23] Elapsed: 56:45, vertices: 3431, facets final: 9977, pending: 8520, pool: 97
I 3410.34] Elapsed: 56:50, vertices: 3432, facets final: 9998, pending: 8503, pool: 98
I 3415.53] Elapsed: 56:56, vertices: 3432, facets final: 10019, pending: 8482
I 3420.63] Elapsed: 57:01, vertices: 3433, facets final: 10043, pending: 8450, pool: 99
I 3425.71] Elapsed: 57:06, vertices: 3433, facets final: 10066, pending: 8427
I 3430.72] Elapsed: 57:11, vertices: 3434, facets final: 10088, pending: 8402, pool: 98
I 3435.85] Elapsed: 57:16, vertices: 3435, facets final: 10108, pending: 8389, pool: 98
I 3441.14] Elapsed: 57:21, vertices: 3435, facets final: 10131, pending: 8366
I 3446.23] Elapsed: 57:26, vertices: 3436, facets final: 10150, pending: 8343, pool: 100
I 3451.36] Elapsed: 57:31, vertices: 3439, facets final: 10169, pending: 8330, pool: 100
I 3456.39] Elapsed: 57:36, vertices: 3442, facets final: 10186, pending: 8313, pool: 100
I 3461.61] Elapsed: 57:42, vertices: 3443, facets final: 10211, pending: 8288, pool: 99
I 3466.62] Elapsed: 57:47, vertices: 3443, facets final: 10235, pending: 8264
I 3471.77] Elapsed: 57:52, vertices: 3443, facets final: 10258, pending: 8241
I 3476.89] Elapsed: 57:57, vertices: 3443, facets final: 10282, pending: 8217
I 3481.96] Elapsed: 58:02, vertices: 3443, facets final: 10305, pending: 8194
I 3487.08] Elapsed: 58:07, vertices: 3443, facets final: 10328, pending: 8171
I 3492.23] Elapsed: 58:12, vertices: 3443, facets final: 10352, pending: 8147
I 3497.36] Elapsed: 58:17, vertices: 3444, facets final: 10374, pending: 8124, pool: 98
I 3502.60] Elapsed: 58:23, vertices: 3444, facets final: 10396, pending: 8102
I 3507.63] Elapsed: 58:28, vertices: 3445, facets final: 10417, pending: 8079, pool: 97
I 3512.65] Elapsed: 58:33, vertices: 3445, facets final: 10440, pending: 8056
I 3517.68] Elapsed: 58:38, vertices: 3447, facets final: 10457, pending: 8030, pool: 99
I 3522.86] Elapsed: 58:43, vertices: 3448, facets final: 10480, pending: 8008, pool: 99
I 3528.37] Elapsed: 58:48, vertices: 3449, facets final: 10505, pending: 7981, pool: 98
I 3533.60] Elapsed: 58:54, vertices: 3449, facets final: 10529, pending: 7957
I 3538.73] Elapsed: 58:59, vertices: 3450, facets final: 10546, pending: 7936, pool: 100
I 3544.11] Elapsed: 59:04, vertices: 3452, facets final: 10569, pending: 7907, pool: 100
I 3549.14] Elapsed: 59:09, vertices: 3452, facets final: 10594, pending: 7882
I 3554.26] Elapsed: 59:14, vertices: 3454, facets final: 10612, pending: 7858, pool: 100
I 3559.29] Elapsed: 59:19, vertices: 3455, facets final: 10636, pending: 7832, pool: 99
I 3564.34] Elapsed: 59:24, vertices: 3456, facets final: 10655, pending: 7813, pool: 98
I 3569.37] Elapsed: 59:29, vertices: 3457, facets final: 10680, pending: 7786, pool: 98
I 3574.43] Elapsed: 59:34, vertices: 3457, facets final: 10704, pending: 7762
I 3579.49] Elapsed: 59:39, vertices: 3458, facets final: 10727, pending: 7739, pool: 97
I 3584.60] Elapsed: 59:45, vertices: 3459, facets final: 10749, pending: 7716
I 3589.79] Elapsed: 59:50, vertices: 3459, facets final: 10772, pending: 7693
I 3594.91] Elapsed: 59:55, vertices: 3460, facets final: 10797, pending: 7666, pool: 99
I 3599.94] Elapsed: 1:00:00, vertices: 3461, facets final: 10820, pending: 7642, pool: 98
I 3605.05] Elapsed: 1:00:05, vertices: 3462, facets final: 10844, pending: 7617, pool: 98
I 3610.09] Elapsed: 1:00:10, vertices: 3463, facets final: 10867, pending: 7592, pool: 97
I 3615.09] Elapsed: 1:00:15, vertices: 3463, facets final: 10894, pending: 7565
I 3620.17] Elapsed: 1:00:20, vertices: 3463, facets final: 10918, pending: 7541
I 3625.32] Elapsed: 1:00:25, vertices: 3463, facets final: 10942, pending: 7517
I 3630.57] Elapsed: 1:00:31, vertices: 3464, facets final: 10964, pending: 7493, pool: 97
I 3635.66] Elapsed: 1:00:36, vertices: 3465, facets final: 10985, pending: 7474, pool: 96
I 3640.69] Elapsed: 1:00:41, vertices: 3465, facets final: 11008, pending: 7451
I 3645.73] Elapsed: 1:00:46, vertices: 3465, facets final: 11030, pending: 7429
I 3650.93] Elapsed: 1:00:51, vertices: 3466, facets final: 11054, pending: 7403, pool: 97
I 3655.95] Elapsed: 1:00:56, vertices: 3466, facets final: 11077, pending: 7380
I 3661.11] Elapsed: 1:01:01, vertices: 3466, facets final: 11105, pending: 7352
I 3666.13] Elapsed: 1:01:06, vertices: 3467, facets final: 11130, pending: 7327, pool: 96
I 3671.23] Elapsed: 1:01:11, vertices: 3467, facets final: 11157, pending: 7300
I 3676.25] Elapsed: 1:01:16, vertices: 3467, facets final: 11179, pending: 7278
I 3681.29] Elapsed: 1:01:21, vertices: 3468, facets final: 11202, pending: 7253, pool: 95
I 3686.69] Elapsed: 1:01:27, vertices: 3468, facets final: 11227, pending: 7228
I 3691.93] Elapsed: 1:01:32, vertices: 3468, facets final: 11252, pending: 7203
I 3697.05] Elapsed: 1:01:37, vertices: 3468, facets final: 11276, pending: 7179
I 3702.27] Elapsed: 1:01:42, vertices: 3468, facets final: 11297, pending: 7158
I 3707.47] Elapsed: 1:01:47, vertices: 3468, facets final: 11320, pending: 7135
I 3712.49] Elapsed: 1:01:52, vertices: 3469, facets final: 11342, pending: 7109, pool: 97
I 3717.67] Elapsed: 1:01:58, vertices: 3469, facets final: 11365, pending: 7086
I 3722.73] Elapsed: 1:02:03, vertices: 3470, facets final: 11389, pending: 7060, pool: 97
I 3727.92] Elapsed: 1:02:08, vertices: 3470, facets final: 11413, pending: 7036
I 3733.07] Elapsed: 1:02:13, vertices: 3471, facets final: 11436, pending: 7013, pool: 98
I 3738.22] Elapsed: 1:02:18, vertices: 3471, facets final: 11458, pending: 6991
I 3743.26] Elapsed: 1:02:23, vertices: 3471, facets final: 11484, pending: 6965
I 3748.38] Elapsed: 1:02:28, vertices: 3472, facets final: 11506, pending: 6941, pool: 99
I 3753.43] Elapsed: 1:02:33, vertices: 3474, facets final: 11528, pending: 6920, pool: 99
I 3758.54] Elapsed: 1:02:39, vertices: 3475, facets final: 11551, pending: 6895, pool: 98
I 3763.75] Elapsed: 1:02:44, vertices: 3475, facets final: 11577, pending: 6869
I 3768.91] Elapsed: 1:02:49, vertices: 3476, facets final: 11600, pending: 6842, pool: 99
I 3774.03] Elapsed: 1:02:54, vertices: 3477, facets final: 11624, pending: 6815, pool: 99
I 3779.15] Elapsed: 1:02:59, vertices: 3478, facets final: 11647, pending: 6795, pool: 99
I 3784.18] Elapsed: 1:03:04, vertices: 3480, facets final: 11664, pending: 6830, pool: 100
I 3789.32] Elapsed: 1:03:09, vertices: 3481, facets final: 11686, pending: 6804, pool: 99
I 3794.49] Elapsed: 1:03:14, vertices: 3482, facets final: 11707, pending: 6780, pool: 98
I 3799.77] Elapsed: 1:03:20, vertices: 3482, facets final: 11727, pending: 6760
I 3805.05] Elapsed: 1:03:25, vertices: 3482, facets final: 11750, pending: 6737
I 3810.17] Elapsed: 1:03:30, vertices: 3483, facets final: 11773, pending: 6713, pool: 98
I 3815.29] Elapsed: 1:03:35, vertices: 3483, facets final: 11799, pending: 6687
I 3820.52] Elapsed: 1:03:41, vertices: 3484, facets final: 11823, pending: 6662, pool: 97
I 3825.82] Elapsed: 1:03:46, vertices: 3484, facets final: 11849, pending: 6636
I 3830.83] Elapsed: 1:03:51, vertices: 3485, facets final: 11868, pending: 6616, pool: 97
I 3835.85] Elapsed: 1:03:56, vertices: 3486, facets final: 11891, pending: 6593
I 3841.02] Elapsed: 1:04:01, vertices: 3488, facets final: 11913, pending: 6567, pool: 96
I 3846.04] Elapsed: 1:04:06, vertices: 3488, facets final: 11937, pending: 6543
I 3851.18] Elapsed: 1:04:11, vertices: 3488, facets final: 11961, pending: 6519
I 3856.51] Elapsed: 1:04:17, vertices: 3489, facets final: 11982, pending: 6498, pool: 96
I 3861.63] Elapsed: 1:04:22, vertices: 3489, facets final: 12004, pending: 6476
I 3866.80] Elapsed: 1:04:27, vertices: 3491, facets final: 12026, pending: 6438, pool: 97
I 3872.12] Elapsed: 1:04:32, vertices: 3492, facets final: 12046, pending: 6415, pool: 98
I 3877.12] Elapsed: 1:04:37, vertices: 3493, facets final: 12069, pending: 6388, pool: 97
I 3882.15] Elapsed: 1:04:42, vertices: 3493, facets final: 12094, pending: 6363
I 3887.36] Elapsed: 1:04:47, vertices: 3493, facets final: 12119, pending: 6338
I 3892.51] Elapsed: 1:04:53, vertices: 3494, facets final: 12142, pending: 6316, pool: 96
I 3897.73] Elapsed: 1:04:58, vertices: 3494, facets final: 12166, pending: 6292
I 3902.95] Elapsed: 1:05:03, vertices: 3495, facets final: 12188, pending: 6275, pool: 96
I 3908.05] Elapsed: 1:05:08, vertices: 3495, facets final: 12211, pending: 6252
I 3913.08] Elapsed: 1:05:13, vertices: 3496, facets final: 12231, pending: 6231, pool: 97
I 3918.10] Elapsed: 1:05:18, vertices: 3497, facets final: 12251, pending: 6209, pool: 96
I 3923.19] Elapsed: 1:05:23, vertices: 3497, facets final: 12277, pending: 6183
I 3928.29] Elapsed: 1:05:28, vertices: 3498, facets final: 12297, pending: 6150, pool: 97
I 3933.35] Elapsed: 1:05:33, vertices: 3499, facets final: 12319, pending: 6126, pool: 96
I 3938.43] Elapsed: 1:05:38, vertices: 3500, facets final: 12340, pending: 6105, pool: 95
I 3943.70] Elapsed: 1:05:44, vertices: 3500, facets final: 12364, pending: 6081
I 3948.74] Elapsed: 1:05:49, vertices: 3500, facets final: 12385, pending: 6060
I 3952.09] recalculating facets...
I 3953.82] Elapsed: 1:05:54, vertices: 3501, facets final: 12407, pending: 6039, pool: 96
I 3959.07] Elapsed: 1:05:59, vertices: 3502, facets final: 12428, pending: 6018, pool: 98
I 3964.21] Elapsed: 1:06:04, vertices: 3503, facets final: 12449, pending: 5979, pool: 99
I 3969.33] Elapsed: 1:06:09, vertices: 3504, facets final: 12472, pending: 5947, pool: 100
I 3974.40] Elapsed: 1:06:14, vertices: 3506, facets final: 12494, pending: 5920, pool: 98
I 3979.68] Elapsed: 1:06:20, vertices: 3506, facets final: 12520, pending: 5894
I 3984.85] Elapsed: 1:06:25, vertices: 3507, facets final: 12544, pending: 5868, pool: 98
I 3989.87] Elapsed: 1:06:30, vertices: 3507, facets final: 12564, pending: 5848
I 3995.08] Elapsed: 1:06:35, vertices: 3507, facets final: 12589, pending: 5823
I 4000.27] Elapsed: 1:06:40, vertices: 3509, facets final: 12607, pending: 5801, pool: 96
I 4005.48] Elapsed: 1:06:45, vertices: 3509, facets final: 12630, pending: 5778
I 4010.51] Elapsed: 1:06:51, vertices: 3509, facets final: 12653, pending: 5755
I 4015.72] Elapsed: 1:06:56, vertices: 3510, facets final: 12677, pending: 5728, pool: 96
I 4020.85] Elapsed: 1:07:01, vertices: 3511, facets final: 12696, pending: 5712, pool: 96
I 4025.92] Elapsed: 1:07:06, vertices: 3512, facets final: 12718, pending: 5705, pool: 96
I 4031.02] Elapsed: 1:07:11, vertices: 3512, facets final: 12741, pending: 5682
I 4036.03] Elapsed: 1:07:16, vertices: 3512, facets final: 12764, pending: 5659
I 4041.24] Elapsed: 1:07:21, vertices: 3513, facets final: 12789, pending: 5629, pool: 96
I 4046.32] Elapsed: 1:07:26, vertices: 3513, facets final: 12814, pending: 5604
I 4051.52] Elapsed: 1:07:32, vertices: 3513, facets final: 12839, pending: 5579
I 4056.79] Elapsed: 1:07:37, vertices: 3514, facets final: 12861, pending: 5567, pool: 96
I 4062.00] Elapsed: 1:07:42, vertices: 3514, facets final: 12885, pending: 5543
I 4067.23] Elapsed: 1:07:47, vertices: 3514, facets final: 12906, pending: 5522
I 4072.30] Elapsed: 1:07:52, vertices: 3515, facets final: 12927, pending: 5496, pool: 97
I 4077.32] Elapsed: 1:07:57, vertices: 3515, facets final: 12951, pending: 5472, pool: 97
I 4082.47] Elapsed: 1:08:02, vertices: 3517, facets final: 12971, pending: 5446, pool: 95
I 4087.68] Elapsed: 1:08:08, vertices: 3518, facets final: 12995, pending: 5420
I 4092.81] Elapsed: 1:08:13, vertices: 3518, facets final: 13021, pending: 5394
I 4097.99] Elapsed: 1:08:18, vertices: 3518, facets final: 13042, pending: 5373
I 4103.05] Elapsed: 1:08:23, vertices: 3518, facets final: 13068, pending: 5347
I 4108.11] Elapsed: 1:08:28, vertices: 3518, facets final: 13091, pending: 5324
I 4113.15] Elapsed: 1:08:33, vertices: 3519, facets final: 13115, pending: 5299, pool: 95
I 4118.28] Elapsed: 1:08:38, vertices: 3519, facets final: 13138, pending: 5276
I 4123.32] Elapsed: 1:08:43, vertices: 3521, facets final: 13159, pending: 5246, pool: 96
I 4128.46] Elapsed: 1:08:48, vertices: 3521, facets final: 13183, pending: 5222
I 4133.62] Elapsed: 1:08:54, vertices: 3521, facets final: 13204, pending: 5201
I 4138.63] Elapsed: 1:08:59, vertices: 3522, facets final: 13226, pending: 5175, pool: 96
I 4143.71] Elapsed: 1:09:04, vertices: 3522, facets final: 13250, pending: 5151
I 4149.00] Elapsed: 1:09:09, vertices: 3522, facets final: 13275, pending: 5126
I 4154.16] Elapsed: 1:09:14, vertices: 3523, facets final: 13298, pending: 5111, pool: 95
I 4159.43] Elapsed: 1:09:19, vertices: 3524, facets final: 13321, pending: 5086, pool: 94
I 4164.44] Elapsed: 1:09:24, vertices: 3524, facets final: 13345, pending: 5062
I 4169.49] Elapsed: 1:09:29, vertices: 3525, facets final: 13364, pending: 5040, pool: 94
I 4174.54] Elapsed: 1:09:35, vertices: 3525, facets final: 13389, pending: 5015
I 4179.58] Elapsed: 1:09:40, vertices: 3525, facets final: 13413, pending: 4991
I 4184.82] Elapsed: 1:09:45, vertices: 3526, facets final: 13434, pending: 4967, pool: 94
I 4190.03] Elapsed: 1:09:50, vertices: 3526, facets final: 13457, pending: 4944
I 4195.33] Elapsed: 1:09:55, vertices: 3526, facets final: 13481, pending: 4920
I 4200.41] Elapsed: 1:10:00, vertices: 3526, facets final: 13505, pending: 4896, pool: 94
I 4205.53] Elapsed: 1:10:06, vertices: 3527, facets final: 13527, pending: 4874
I 4210.73] Elapsed: 1:10:11, vertices: 3528, facets final: 13552, pending: 4847, pool: 94
I 4215.85] Elapsed: 1:10:16, vertices: 3528, facets final: 13576, pending: 4823
I 4220.91] Elapsed: 1:10:21, vertices: 3528, facets final: 13599, pending: 4800
I 4225.97] Elapsed: 1:10:26, vertices: 3530, facets final: 13618, pending: 4782, pool: 94
I 4231.14] Elapsed: 1:10:31, vertices: 3531, facets final: 13642, pending: 4762, pool: 93
I 4236.22] Elapsed: 1:10:36, vertices: 3533, facets final: 13661, pending: 4741, pool: 92
I 4241.47] Elapsed: 1:10:41, vertices: 3533, facets final: 13684, pending: 4718
I 4246.52] Elapsed: 1:10:47, vertices: 3533, facets final: 13709, pending: 4693
I 4251.62] Elapsed: 1:10:52, vertices: 3533, facets final: 13734, pending: 4668
I 4256.62] Elapsed: 1:10:57, vertices: 3533, facets final: 13757, pending: 4645
I 4261.63] Elapsed: 1:11:02, vertices: 3534, facets final: 13777, pending: 4623, pool: 91
I 4266.71] Elapsed: 1:11:07, vertices: 3534, facets final: 13799, pending: 4601
I 4271.86] Elapsed: 1:11:12, vertices: 3534, facets final: 13823, pending: 4577
I 4276.89] Elapsed: 1:11:17, vertices: 3534, facets final: 13846, pending: 4554
I 4281.92] Elapsed: 1:11:22, vertices: 3534, facets final: 13868, pending: 4532
I 4287.00] Elapsed: 1:11:27, vertices: 3536, facets final: 13885, pending: 4512, pool: 92
I 4292.08] Elapsed: 1:11:32, vertices: 3537, facets final: 13907, pending: 4488, pool: 92
I 4297.23] Elapsed: 1:11:37, vertices: 3538, facets final: 13928, pending: 4465, pool: 91
I 4302.48] Elapsed: 1:11:42, vertices: 3538, facets final: 13953, pending: 4440
I 4307.68] Elapsed: 1:11:48, vertices: 3538, facets final: 13975, pending: 4418
I 4312.79] Elapsed: 1:11:53, vertices: 3538, facets final: 13997, pending: 4396
I 4317.85] Elapsed: 1:11:58, vertices: 3538, facets final: 14020, pending: 4373
I 4323.11] Elapsed: 1:12:03, vertices: 3538, facets final: 14043, pending: 4350
I 4328.13] Elapsed: 1:12:08, vertices: 3539, facets final: 14066, pending: 4311, pool: 91
I 4333.16] Elapsed: 1:12:13, vertices: 3539, facets final: 14089, pending: 4288
I 4338.28] Elapsed: 1:12:18, vertices: 3539, facets final: 14113, pending: 4264
I 4343.42] Elapsed: 1:12:23, vertices: 3539, facets final: 14134, pending: 4243
I 4348.43] Elapsed: 1:12:28, vertices: 3539, facets final: 14157, pending: 4220
I 4353.65] Elapsed: 1:12:34, vertices: 3540, facets final: 14183, pending: 4192, pool: 91
I 4358.67] Elapsed: 1:12:39, vertices: 3541, facets final: 14206, pending: 4167, pool: 90
I 4363.81] Elapsed: 1:12:44, vertices: 3541, facets final: 14228, pending: 4145
I 4368.96] Elapsed: 1:12:49, vertices: 3542, facets final: 14252, pending: 4120, pool: 92
I 4374.00] Elapsed: 1:12:54, vertices: 3543, facets final: 14273, pending: 4092, pool: 92
I 4379.18] Elapsed: 1:12:59, vertices: 3543, facets final: 14291, pending: 4074
I 4384.23] Elapsed: 1:13:04, vertices: 3544, facets final: 14315, pending: 4048, pool: 93
I 4389.32] Elapsed: 1:13:09, vertices: 3544, facets final: 14336, pending: 4027
I 4394.48] Elapsed: 1:13:14, vertices: 3544, facets final: 14361, pending: 4002
I 4399.60] Elapsed: 1:13:20, vertices: 3544, facets final: 14382, pending: 3981
I 4404.63] Elapsed: 1:13:25, vertices: 3545, facets final: 14402, pending: 3959, pool: 96
I 4409.80] Elapsed: 1:13:30, vertices: 3545, facets final: 14428, pending: 3933
I 4414.90] Elapsed: 1:13:35, vertices: 3546, facets final: 14452, pending: 3905, pool: 96
I 4420.06] Elapsed: 1:13:40, vertices: 3546, facets final: 14478, pending: 3879
I 4425.24] Elapsed: 1:13:45, vertices: 3547, facets final: 14497, pending: 3854, pool: 98
I 4430.43] Elapsed: 1:13:50, vertices: 3547, facets final: 14522, pending: 3829
I 4435.43] Elapsed: 1:13:55, vertices: 3547, facets final: 14544, pending: 3807
I 4440.71] Elapsed: 1:14:01, vertices: 3549, facets final: 14567, pending: 3780, pool: 96
I 4446.06] Elapsed: 1:14:06, vertices: 3549, facets final: 14595, pending: 3752
I 4451.07] Elapsed: 1:14:11, vertices: 3549, facets final: 14620, pending: 3727
I 4456.15] Elapsed: 1:14:16, vertices: 3550, facets final: 14642, pending: 3703, pool: 95
I 4461.24] Elapsed: 1:14:21, vertices: 3551, facets final: 14665, pending: 3682, pool: 94
I 4466.39] Elapsed: 1:14:26, vertices: 3552, facets final: 14687, pending: 3658, pool: 94
I 4471.47] Elapsed: 1:14:31, vertices: 3552, facets final: 14711, pending: 3634
I 4476.63] Elapsed: 1:14:37, vertices: 3554, facets final: 14732, pending: 3610, pool: 93
I 4481.79] Elapsed: 1:14:42, vertices: 3554, facets final: 14752, pending: 3590
I 4486.91] Elapsed: 1:14:47, vertices: 3554, facets final: 14775, pending: 3567
I 4491.99] Elapsed: 1:14:52, vertices: 3556, facets final: 14797, pending: 3541, pool: 92
I 4497.27] Elapsed: 1:14:57, vertices: 3556, facets final: 14819, pending: 3519
I 4502.45] Elapsed: 1:15:02, vertices: 3556, facets final: 14841, pending: 3497
I 4507.49] Elapsed: 1:15:07, vertices: 3557, facets final: 14864, pending: 3472, pool: 93
I 4512.64] Elapsed: 1:15:13, vertices: 3557, facets final: 14885, pending: 3451
I 4517.73] Elapsed: 1:15:18, vertices: 3557, facets final: 14907, pending: 3429
I 4522.75] Elapsed: 1:15:23, vertices: 3557, facets final: 14931, pending: 3405
I 4527.86] Elapsed: 1:15:28, vertices: 3558, facets final: 14956, pending: 3377, pool: 94
I 4533.00] Elapsed: 1:15:33, vertices: 3558, facets final: 14980, pending: 3353
I 4538.00] Elapsed: 1:15:38, vertices: 3558, facets final: 15005, pending: 3328
I 4543.11] Elapsed: 1:15:43, vertices: 3559, facets final: 15030, pending: 3301, pool: 93
I 4548.17] Elapsed: 1:15:48, vertices: 3559, facets final: 15057, pending: 3274
I 4553.17] Elapsed: 1:15:53, vertices: 3559, facets final: 15077, pending: 3254
I 4558.18] Elapsed: 1:15:58, vertices: 3560, facets final: 15102, pending: 3227, pool: 92
I 4563.25] Elapsed: 1:16:03, vertices: 3560, facets final: 15127, pending: 3202
I 4568.55] Elapsed: 1:16:09, vertices: 3560, facets final: 15151, pending: 3178
I 4573.63] Elapsed: 1:16:14, vertices: 3560, facets final: 15173, pending: 3156
I 4578.80] Elapsed: 1:16:19, vertices: 3561, facets final: 15195, pending: 3134, pool: 91
I 4583.84] Elapsed: 1:16:24, vertices: 3561, facets final: 15217, pending: 3112
I 4589.04] Elapsed: 1:16:29, vertices: 3562, facets final: 15239, pending: 3086, pool: 91
I 4594.07] Elapsed: 1:16:34, vertices: 3562, facets final: 15262, pending: 3063
I 4599.21] Elapsed: 1:16:39, vertices: 3562, facets final: 15288, pending: 3037
I 4604.26] Elapsed: 1:16:44, vertices: 3564, facets final: 15311, pending: 3011, pool: 89
I 4609.42] Elapsed: 1:16:49, vertices: 3564, facets final: 15331, pending: 2991
I 4614.51] Elapsed: 1:16:55, vertices: 3564, facets final: 15353, pending: 2969
I 4619.63] Elapsed: 1:17:00, vertices: 3564, facets final: 15374, pending: 2948
I 4624.80] Elapsed: 1:17:05, vertices: 3566, facets final: 15394, pending: 2917, pool: 91
I 4629.88] Elapsed: 1:17:10, vertices: 3567, facets final: 15415, pending: 2894, pool: 90
I 4634.89] Elapsed: 1:17:15, vertices: 3567, facets final: 15439, pending: 2870
I 4640.00] Elapsed: 1:17:20, vertices: 3568, facets final: 15460, pending: 2847, pool: 89
I 4645.15] Elapsed: 1:17:25, vertices: 3568, facets final: 15481, pending: 2826
I 4650.23] Elapsed: 1:17:30, vertices: 3569, facets final: 15500, pending: 2805, pool: 91
I 4655.41] Elapsed: 1:17:35, vertices: 3569, facets final: 15526, pending: 2779
I 4660.54] Elapsed: 1:17:41, vertices: 3570, facets final: 15549, pending: 2752, pool: 91
I 4665.55] Elapsed: 1:17:46, vertices: 3570, facets final: 15571, pending: 2730
I 4670.61] Elapsed: 1:17:51, vertices: 3571, facets final: 15595, pending: 2705, pool: 90
I 4675.72] Elapsed: 1:17:56, vertices: 3571, facets final: 15621, pending: 2679
I 4680.72] Elapsed: 1:18:01, vertices: 3572, facets final: 15642, pending: 2650, pool: 91
I 4685.80] Elapsed: 1:18:06, vertices: 3573, facets final: 15665, pending: 2625, pool: 90
I 4690.82] Elapsed: 1:18:11, vertices: 3573, facets final: 15688, pending: 2602
I 4696.00] Elapsed: 1:18:16, vertices: 3574, facets final: 15712, pending: 2576, pool: 89
I 4701.04] Elapsed: 1:18:21, vertices: 3574, facets final: 15735, pending: 2553
I 4706.12] Elapsed: 1:18:26, vertices: 3574, facets final: 15757, pending: 2531
I 4711.29] Elapsed: 1:18:31, vertices: 3575, facets final: 15778, pending: 2508, pool: 89
I 4716.48] Elapsed: 1:18:36, vertices: 3575, facets final: 15802, pending: 2484
I 4721.49] Elapsed: 1:18:41, vertices: 3576, facets final: 15824, pending: 2466, pool: 88
I 4726.74] Elapsed: 1:18:47, vertices: 3576, facets final: 15845, pending: 2445
I 4731.98] Elapsed: 1:18:52, vertices: 3576, facets final: 15869, pending: 2421
I 4736.99] Elapsed: 1:18:57, vertices: 3577, facets final: 15891, pending: 2394, pool: 89
I 4742.12] Elapsed: 1:19:02, vertices: 3578, facets final: 15914, pending: 2374, pool: 88
I 4747.36] Elapsed: 1:19:07, vertices: 3579, facets final: 15934, pending: 2352, pool: 88
I 4752.52] Elapsed: 1:19:13, vertices: 3579, facets final: 15958, pending: 2328
I 4757.80] Elapsed: 1:19:18, vertices: 3580, facets final: 15982, pending: 2302, pool: 87
I 4763.11] Elapsed: 1:19:23, vertices: 3580, facets final: 16005, pending: 2279
I 4768.41] Elapsed: 1:19:28, vertices: 3581, facets final: 16029, pending: 2253, pool: 86
I 4773.50] Elapsed: 1:19:34, vertices: 3581, facets final: 16053, pending: 2229
I 4778.64] Elapsed: 1:19:39, vertices: 3581, facets final: 16076, pending: 2206
I 4783.68] Elapsed: 1:19:44, vertices: 3582, facets final: 16102, pending: 2172, pool: 86
I 4788.70] Elapsed: 1:19:49, vertices: 3583, facets final: 16126, pending: 2146, pool: 86
I 4793.74] Elapsed: 1:19:54, vertices: 3583, facets final: 16151, pending: 2121
I 4798.83] Elapsed: 1:19:59, vertices: 3584, facets final: 16173, pending: 2099, pool: 85
I 4803.88] Elapsed: 1:20:04, vertices: 3585, facets final: 16192, pending: 2078, pool: 85
I 4808.94] Elapsed: 1:20:09, vertices: 3585, facets final: 16215, pending: 2055
I 4814.18] Elapsed: 1:20:14, vertices: 3586, facets final: 16237, pending: 2031, pool: 84
I 4819.23] Elapsed: 1:20:19, vertices: 3586, facets final: 16260, pending: 2008
I 4824.39] Elapsed: 1:20:24, vertices: 3587, facets final: 16282, pending: 1986, pool: 84
I 4829.44] Elapsed: 1:20:29, vertices: 3588, facets final: 16304, pending: 1962, pool: 83
I 4834.52] Elapsed: 1:20:35, vertices: 3588, facets final: 16326, pending: 1940
I 4839.83] Elapsed: 1:20:40, vertices: 3589, facets final: 16349, pending: 1915, pool: 82
I 4844.98] Elapsed: 1:20:45, vertices: 3589, facets final: 16372, pending: 1892
I 4850.03] Elapsed: 1:20:50, vertices: 3589, facets final: 16397, pending: 1867
I 4855.22] Elapsed: 1:20:55, vertices: 3590, facets final: 16418, pending: 1844, pool: 81
I 4860.32] Elapsed: 1:21:00, vertices: 3591, facets final: 16443, pending: 1819, pool: 81
I 4865.37] Elapsed: 1:21:05, vertices: 3591, facets final: 16467, pending: 1795
I 4870.56] Elapsed: 1:21:11, vertices: 3591, facets final: 16488, pending: 1774
I 4875.61] Elapsed: 1:21:16, vertices: 3591, facets final: 16511, pending: 1751
I 4880.83] Elapsed: 1:21:21, vertices: 3592, facets final: 16534, pending: 1724, pool: 81
I 4886.02] Elapsed: 1:21:26, vertices: 3593, facets final: 16556, pending: 1701, pool: 80
I 4891.03] Elapsed: 1:21:31, vertices: 3593, facets final: 16580, pending: 1677
I 4896.19] Elapsed: 1:21:36, vertices: 3593, facets final: 16605, pending: 1652
I 4901.33] Elapsed: 1:21:41, vertices: 3594, facets final: 16630, pending: 1625, pool: 80
I 4906.33] Elapsed: 1:21:46, vertices: 3594, facets final: 16655, pending: 1600
I 4911.48] Elapsed: 1:21:51, vertices: 3595, facets final: 16676, pending: 1579, pool: 80
I 4916.52] Elapsed: 1:21:57, vertices: 3595, facets final: 16700, pending: 1555
I 4921.69] Elapsed: 1:22:02, vertices: 3595, facets final: 16722, pending: 1533
I 4926.89] Elapsed: 1:22:07, vertices: 3596, facets final: 16747, pending: 1511, pool: 79
I 4931.96] Elapsed: 1:22:12, vertices: 3596, facets final: 16772, pending: 1486
I 4936.97] Elapsed: 1:22:17, vertices: 3596, facets final: 16794, pending: 1464
I 4942.04] Elapsed: 1:22:22, vertices: 3597, facets final: 16819, pending: 1436, pool: 80
I 4947.04] Elapsed: 1:22:27, vertices: 3599, facets final: 16839, pending: 1412, pool: 78
I 4952.17] Elapsed: 1:22:32, vertices: 3599, facets final: 16863, pending: 1388
I 4957.35] Elapsed: 1:22:37, vertices: 3599, facets final: 16887, pending: 1364
I 4962.58] Elapsed: 1:22:43, vertices: 3600, facets final: 16911, pending: 1338, pool: 77
I 4967.77] Elapsed: 1:22:48, vertices: 3600, facets final: 16935, pending: 1314
I 4969.32] recalculating facets...
I 4972.79] Elapsed: 1:22:53, vertices: 3601, facets final: 16959, pending: 1289, pool: 77
I 4977.85] Elapsed: 1:22:58, vertices: 3601, facets final: 16980, pending: 1268
I 4982.99] Elapsed: 1:23:03, vertices: 3602, facets final: 17002, pending: 1245, pool: 76
I 4988.15] Elapsed: 1:23:08, vertices: 3602, facets final: 17026, pending: 1221
I 4993.18] Elapsed: 1:23:13, vertices: 3603, facets final: 17048, pending: 1200, pool: 75
I 4998.25] Elapsed: 1:23:18, vertices: 3603, facets final: 17071, pending: 1177
I 5003.29] Elapsed: 1:23:23, vertices: 3604, facets final: 17093, pending: 1155, pool: 74
I 5008.38] Elapsed: 1:23:28, vertices: 3604, facets final: 17118, pending: 1130
I 5013.41] Elapsed: 1:23:33, vertices: 3605, facets final: 17142, pending: 1117, pool: 73
I 5018.47] Elapsed: 1:23:38, vertices: 3606, facets final: 17164, pending: 1095, pool: 73
I 5023.50] Elapsed: 1:23:44, vertices: 3606, facets final: 17186, pending: 1073
I 5028.67] Elapsed: 1:23:49, vertices: 3607, facets final: 17209, pending: 1049, pool: 72
I 5033.86] Elapsed: 1:23:54, vertices: 3607, facets final: 17231, pending: 1027
I 5038.87] Elapsed: 1:23:59, vertices: 3608, facets final: 17258, pending: 1000, pool: 72
I 5044.07] Elapsed: 1:24:04, vertices: 3608, facets final: 17282, pending: 976
I 5049.12] Elapsed: 1:24:09, vertices: 3609, facets final: 17306, pending: 952, pool: 71
I 5054.32] Elapsed: 1:24:14, vertices: 3609, facets final: 17330, pending: 928
I 5059.35] Elapsed: 1:24:19, vertices: 3610, facets final: 17352, pending: 905, pool: 70
I 5064.58] Elapsed: 1:24:25, vertices: 3611, facets final: 17374, pending: 882, pool: 70
I 5069.76] Elapsed: 1:24:30, vertices: 3612, facets final: 17396, pending: 859, pool: 69
I 5074.85] Elapsed: 1:24:35, vertices: 3613, facets final: 17419, pending: 838, pool: 68
I 5080.03] Elapsed: 1:24:40, vertices: 3613, facets final: 17443, pending: 814
I 5085.11] Elapsed: 1:24:45, vertices: 3614, facets final: 17466, pending: 790, pool: 67
I 5090.36] Elapsed: 1:24:50, vertices: 3615, facets final: 17490, pending: 764, pool: 67
I 5095.44] Elapsed: 1:24:55, vertices: 3616, facets final: 17515, pending: 739, pool: 66
I 5100.66] Elapsed: 1:25:01, vertices: 3617, facets final: 17538, pending: 715, pool: 66
I 5105.74] Elapsed: 1:25:06, vertices: 3618, facets final: 17561, pending: 689, pool: 66
I 5110.84] Elapsed: 1:25:11, vertices: 3618, facets final: 17584, pending: 666
I 5115.87] Elapsed: 1:25:16, vertices: 3619, facets final: 17605, pending: 644, pool: 65
I 5121.07] Elapsed: 1:25:21, vertices: 3620, facets final: 17628, pending: 620, pool: 65
I 5126.32] Elapsed: 1:25:26, vertices: 3621, facets final: 17650, pending: 597, pool: 64
I 5131.50] Elapsed: 1:25:32, vertices: 3622, facets final: 17672, pending: 574, pool: 63
I 5136.68] Elapsed: 1:25:37, vertices: 3622, facets final: 17695, pending: 551
I 5141.75] Elapsed: 1:25:42, vertices: 3624, facets final: 17721, pending: 523, pool: 61
I 5146.90] Elapsed: 1:25:47, vertices: 3625, facets final: 17745, pending: 498, pool: 60
I 5152.03] Elapsed: 1:25:52, vertices: 3626, facets final: 17768, pending: 474, pool: 59
I 5157.03] Elapsed: 1:25:57, vertices: 3627, facets final: 17787, pending: 454, pool: 58
I 5162.07] Elapsed: 1:26:02, vertices: 3628, facets final: 17809, pending: 433, pool: 59
I 5167.11] Elapsed: 1:26:07, vertices: 3630, facets final: 17833, pending: 417, pool: 57
I 5172.12] Elapsed: 1:26:12, vertices: 3632, facets final: 17856, pending: 392, pool: 55
I 5177.26] Elapsed: 1:26:17, vertices: 3635, facets final: 17877, pending: 368, pool: 52
I 5182.63] Elapsed: 1:26:23, vertices: 3637, facets final: 17900, pending: 343, pool: 50
I 5187.81] Elapsed: 1:26:28, vertices: 3641, facets final: 17921, pending: 319, pool: 47
I 5192.87] Elapsed: 1:26:33, vertices: 3646, facets final: 17939, pending: 294, pool: 45
I 5198.12] Elapsed: 1:26:38, vertices: 3651, facets final: 17964, pending: 264, pool: 41
I 5203.18] Elapsed: 1:26:43, vertices: 3656, facets final: 17987, pending: 236, pool: 36
I 5208.19] Elapsed: 1:26:48, vertices: 3659, facets final: 18008, pending: 212, pool: 34
I 5213.26] Elapsed: 1:26:53, vertices: 3662, facets final: 18027, pending: 186, pool: 33
I 5218.40] Elapsed: 1:26:58, vertices: 3666, facets final: 18050, pending: 162, pool: 30
I 5223.43] Elapsed: 1:27:03, vertices: 3673, facets final: 18074, pending: 131, pool: 25
I 5228.48] Elapsed: 1:27:08, vertices: 3680, facets final: 18096, pending: 101, pool: 20
I 5233.63] Elapsed: 1:27:14, vertices: 3686, facets final: 18121, pending: 70, pool: 14
I 5238.70] Elapsed: 1:27:19, vertices: 3700, facets final: 18143, pending: 37, pool: 4
I 5238.90] recalculating facets...
I 5243.76] Elapsed: 1:27:24, vertices: 3708, facets final: 18166, pending: 5, pool: 2
I 5244.56] Elapsed: 1:27:25, vertices: 3710, facets final: 18169, pending: 0

--------------------------------
Problem completed
 name                    167.vlp
 output                  vlp/167.res
 rows, cols, objs        177, 4601, 10
 vertices, facets        3710, 18169
 total time              1:27:25
--------------------------------
Statistics
LP:
 oracle calls            22271
   avg iterations/calls  268.92
 total oracle time       1:16:49
Combinatorics:
 vertices added          3710
 facets probed           29878
 facets # max            22567
 memory allocated        31.36M
 storage expansion
   vertices # / upto     30 / 3836
   facets   # / upto     6 / 24572
 facet manipulating
   added avg / max       67.73 / 847.00
   compressed            133
 number of ridge tests
   avg / max             1.07M / 14.90M
--------------------------------
Parameters with non-default values
 VertexPoolSize = 100
