C copy string: rs=ac:bd;t=a:bcr;u=d:abr;ar,br,cr,d;ar,br,c,dr; ineq: base30.txt
I    5.26] Elapsed: 5.26, vertices: 48, facets final: 17, pending: 1986, pool: 46
I    5.30] recalculating facets...
I   10.30] Elapsed: 10.30, vertices: 96, facets final: 28, pending: 5849, pool: 89
I   10.79] recalculating facets...
I   15.30] Elapsed: 15.30, vertices: 137, facets final: 44, pending: 7565, pool: 120
I   16.63] recalculating facets...
I   20.32] Elapsed: 20.32, vertices: 182, facets final: 62, pending: 7772, pool: 152
I   22.28] recalculating facets...
I   25.34] Elapsed: 25.34, vertices: 229, facets final: 81, pending: 8591, pool: 177
I   27.67] recalculating facets...
I   30.35] Elapsed: 30.35, vertices: 272, facets final: 100, pending: 9739, pool: 215
I   34.13] recalculating facets...
I   35.38] Elapsed: 35.38, vertices: 310, facets final: 134, pending: 10846, pool: 228
I   40.44] Elapsed: 40.44, vertices: 348, facets final: 153, pending: 12168, pool: 249
I   40.57] recalculating facets...
I   45.49] Elapsed: 45.49, vertices: 378, facets final: 173, pending: 13296, pool: 270
I   48.36] recalculating facets...
I   50.50] Elapsed: 50.50, vertices: 412, facets final: 186, pending: 14033, pool: 276
I   55.50] Elapsed: 55.50, vertices: 437, facets final: 213, pending: 14563, pool: 305
I   57.94] recalculating facets...
I   60.56] Elapsed: 1:01, vertices: 463, facets final: 234, pending: 15630, pool: 321
I   65.56] Elapsed: 1:06, vertices: 493, facets final: 249, pending: 16622, pool: 326
I   67.18] recalculating facets...
I   70.56] Elapsed: 1:11, vertices: 515, facets final: 267, pending: 17825, pool: 345
I   75.70] Elapsed: 1:16, vertices: 539, facets final: 281, pending: 18346, pool: 351
I   78.19] recalculating facets...
I   80.76] Elapsed: 1:21, vertices: 563, facets final: 298, pending: 19108, pool: 365
I   85.81] Elapsed: 1:26, vertices: 588, facets final: 306, pending: 20544, pool: 371
I   88.92] recalculating facets...
I   90.83] Elapsed: 1:31, vertices: 605, facets final: 318, pending: 21456, pool: 399
I   95.95] Elapsed: 1:36, vertices: 629, facets final: 324, pending: 22379, pool: 397
I  100.73] recalculating facets...
I  100.99] Elapsed: 1:41, vertices: 651, facets final: 334, pending: 22530, pool: 400
I  106.09] Elapsed: 1:46, vertices: 676, facets final: 343, pending: 22882, pool: 400
I  110.66] recalculating facets...
I  111.10] Elapsed: 1:51, vertices: 701, facets final: 352, pending: 23257, pool: 400
I  116.11] Elapsed: 1:56, vertices: 728, facets final: 361, pending: 24337, pool: 400
I  120.93] recalculating facets...
I  121.11] Elapsed: 2:01, vertices: 750, facets final: 372, pending: 24348, pool: 400
I  126.16] Elapsed: 2:06, vertices: 775, facets final: 383, pending: 24893, pool: 400
I  131.12] recalculating facets...
I  131.18] Elapsed: 2:11, vertices: 800, facets final: 396, pending: 24912, pool: 400
I  136.32] Elapsed: 2:16, vertices: 823, facets final: 412, pending: 24698, pool: 398
recalculate_facet: numerical instability at facet 91, coord 7 (1.82256e-06)
I  141.36] Elapsed: 2:21, vertices: 847, facets final: 423, pending: 25471, pool: 399
I  141.76] recalculating facets...
I  146.40] Elapsed: 2:26, vertices: 871, facets final: 433, pending: 25923, pool: 398
I  151.42] Elapsed: 2:31, vertices: 896, facets final: 448, pending: 25974, pool: 399
I  152.12] recalculating facets...
I  156.44] Elapsed: 2:36, vertices: 923, facets final: 449, pending: 26119, pool: 399
I  161.50] Elapsed: 2:42, vertices: 948, facets final: 458, pending: 26029, pool: 399
I  161.74] recalculating facets...
I  166.54] Elapsed: 2:47, vertices: 973, facets final: 475, pending: 26545, pool: 400
I  171.60] Elapsed: 2:52, vertices: 997, facets final: 492, pending: 26078, pool: 400
I  172.05] recalculating facets...
I  176.73] Elapsed: 2:57, vertices: 1022, facets final: 503, pending: 26332, pool: 398
I  181.75] Elapsed: 3:02, vertices: 1045, facets final: 515, pending: 26178, pool: 400
I  182.75] recalculating facets...
I  186.76] Elapsed: 3:07, vertices: 1067, facets final: 522, pending: 26160, pool: 400
I  191.83] Elapsed: 3:12, vertices: 1091, facets final: 529, pending: 26495, pool: 400
I  193.66] recalculating facets...
I  196.89] Elapsed: 3:17, vertices: 1114, facets final: 535, pending: 26374, pool: 397
I  202.02] Elapsed: 3:22, vertices: 1137, facets final: 546, pending: 26026, pool: 399
I  204.99] recalculating facets...
I  207.07] Elapsed: 3:27, vertices: 1158, facets final: 564, pending: 26079, pool: 399
I  212.13] Elapsed: 3:32, vertices: 1176, facets final: 584, pending: 26592, pool: 400
I  217.18] Elapsed: 3:37, vertices: 1197, facets final: 599, pending: 26672, pool: 399
I  217.73] recalculating facets...
I  222.19] Elapsed: 3:42, vertices: 1220, facets final: 605, pending: 27258, pool: 400
I  227.37] Elapsed: 3:47, vertices: 1241, facets final: 626, pending: 27459, pool: 399
I  229.24] recalculating facets...
I  232.42] Elapsed: 3:52, vertices: 1261, facets final: 650, pending: 27673, pool: 397
I  237.50] Elapsed: 3:58, vertices: 1281, facets final: 659, pending: 27625, pool: 400
I  242.02] recalculating facets...
I  242.66] Elapsed: 4:03, vertices: 1302, facets final: 674, pending: 27353, pool: 400
I  247.67] Elapsed: 4:08, vertices: 1324, facets final: 686, pending: 27283, pool: 399
I  252.82] Elapsed: 4:13, vertices: 1344, facets final: 702, pending: 27311, pool: 400
I  253.91] recalculating facets...
I  257.96] Elapsed: 4:18, vertices: 1364, facets final: 717, pending: 27255, pool: 399
I  263.02] Elapsed: 4:23, vertices: 1384, facets final: 730, pending: 27093, pool: 398
I  266.93] recalculating facets...
I  268.16] Elapsed: 4:28, vertices: 1404, facets final: 751, pending: 27000, pool: 399
I  273.22] Elapsed: 4:33, vertices: 1424, facets final: 770, pending: 27233, pool: 400
I  278.37] Elapsed: 4:38, vertices: 1446, facets final: 791, pending: 26922, pool: 400
I  279.11] recalculating facets...
I  283.44] Elapsed: 4:43, vertices: 1468, facets final: 807, pending: 26802, pool: 399
I  288.46] Elapsed: 4:48, vertices: 1488, facets final: 827, pending: 26874, pool: 399
I  291.04] recalculating facets...
I  293.48] Elapsed: 4:53, vertices: 1508, facets final: 847, pending: 26579, pool: 399
I  298.51] Elapsed: 4:59, vertices: 1529, facets final: 861, pending: 26329, pool: 395
I  303.54] Elapsed: 5:04, vertices: 1546, facets final: 881, pending: 26492, pool: 400
I  304.50] recalculating facets...
I  308.62] Elapsed: 5:09, vertices: 1565, facets final: 905, pending: 26347, pool: 400
I  313.71] Elapsed: 5:14, vertices: 1582, facets final: 943, pending: 26341, pool: 399
I  317.85] recalculating facets...
I  318.76] Elapsed: 5:19, vertices: 1603, facets final: 955, pending: 26225, pool: 400
I  323.83] Elapsed: 5:24, vertices: 1625, facets final: 968, pending: 26138, pool: 400
I  328.91] Elapsed: 5:29, vertices: 1645, facets final: 999, pending: 25903, pool: 399
I  330.05] recalculating facets...
I  333.97] Elapsed: 5:34, vertices: 1666, facets final: 1015, pending: 25893, pool: 400
I  338.98] Elapsed: 5:39, vertices: 1686, facets final: 1032, pending: 25743, pool: 400
I  342.47] recalculating facets...
I  344.10] Elapsed: 5:44, vertices: 1706, facets final: 1056, pending: 25503, pool: 399
I  349.14] Elapsed: 5:49, vertices: 1726, facets final: 1080, pending: 25195, pool: 400
I  354.19] Elapsed: 5:54, vertices: 1745, facets final: 1104, pending: 25075, pool: 396
I  355.80] recalculating facets...
I  359.19] Elapsed: 5:59, vertices: 1761, facets final: 1149, pending: 24887, pool: 400
I  364.31] Elapsed: 6:04, vertices: 1778, facets final: 1187, pending: 24923, pool: 397
I  369.36] Elapsed: 6:09, vertices: 1794, facets final: 1223, pending: 24938, pool: 400
I  370.76] recalculating facets...
I  374.47] Elapsed: 6:14, vertices: 1816, facets final: 1241, pending: 24669, pool: 400
I  379.48] Elapsed: 6:19, vertices: 1835, facets final: 1273, pending: 24497, pool: 398
I  383.91] recalculating facets...
I  384.61] Elapsed: 6:25, vertices: 1852, facets final: 1313, pending: 24248, pool: 399
I  389.62] Elapsed: 6:30, vertices: 1871, facets final: 1349, pending: 24256, pool: 399
I  394.69] Elapsed: 6:35, vertices: 1893, facets final: 1377, pending: 24228, pool: 399
I  396.29] recalculating facets...
I  399.75] Elapsed: 6:40, vertices: 1911, facets final: 1408, pending: 24070, pool: 398
I  404.75] Elapsed: 6:45, vertices: 1926, facets final: 1455, pending: 23853, pool: 397
I  409.79] Elapsed: 6:50, vertices: 1944, facets final: 1491, pending: 23828, pool: 398
I  411.49] recalculating facets...
I  414.85] Elapsed: 6:55, vertices: 1960, facets final: 1527, pending: 23682, pool: 400
I  419.93] Elapsed: 7:00, vertices: 1978, facets final: 1566, pending: 23540, pool: 400
I  424.94] Elapsed: 7:05, vertices: 1997, facets final: 1604, pending: 23368, pool: 399
I  425.63] recalculating facets...
I  429.98] Elapsed: 7:10, vertices: 2012, facets final: 1659, pending: 23253, pool: 399
I  434.98] Elapsed: 7:15, vertices: 2031, facets final: 1687, pending: 23084, pool: 399
I  440.07] Elapsed: 7:20, vertices: 2049, facets final: 1718, pending: 22898, pool: 397
I  440.10] recalculating facets...
I  445.09] Elapsed: 7:25, vertices: 2064, facets final: 1768, pending: 22663, pool: 399
I  450.11] Elapsed: 7:30, vertices: 2082, facets final: 1815, pending: 22511, pool: 398
I  455.25] Elapsed: 7:35, vertices: 2097, facets final: 1869, pending: 22357, pool: 400
I  455.66] recalculating facets...
I  460.30] Elapsed: 7:40, vertices: 2117, facets final: 1913, pending: 22230, pool: 400
I  465.42] Elapsed: 7:45, vertices: 2137, facets final: 1945, pending: 22131, pool: 398
I  469.60] recalculating facets...
I  470.43] Elapsed: 7:50, vertices: 2152, facets final: 1991, pending: 22111, pool: 397
I  475.47] Elapsed: 7:55, vertices: 2169, facets final: 2033, pending: 22007, pool: 400
I  480.55] Elapsed: 8:01, vertices: 2186, facets final: 2080, pending: 21839, pool: 400
I  484.40] recalculating facets...
I  485.61] Elapsed: 8:06, vertices: 2202, facets final: 2140, pending: 21612, pool: 397
I  490.62] Elapsed: 8:11, vertices: 2219, facets final: 2185, pending: 21524, pool: 400
I  495.63] Elapsed: 8:16, vertices: 2237, facets final: 2232, pending: 21524, pool: 400
I  498.93] recalculating facets...
I  500.65] Elapsed: 8:21, vertices: 2255, facets final: 2282, pending: 21364, pool: 400
I  505.68] Elapsed: 8:26, vertices: 2276, facets final: 2319, pending: 21212, pool: 399
I  510.71] Elapsed: 8:31, vertices: 2292, facets final: 2372, pending: 21300, pool: 396
I  513.17] recalculating facets...
I  515.74] Elapsed: 8:36, vertices: 2309, facets final: 2436, pending: 21198, pool: 398
I  520.74] Elapsed: 8:41, vertices: 2326, facets final: 2479, pending: 21122, pool: 398
I  525.77] Elapsed: 8:46, vertices: 2343, facets final: 2528, pending: 21000, pool: 399
I  527.71] recalculating facets...
I  530.89] Elapsed: 8:51, vertices: 2359, facets final: 2574, pending: 20867, pool: 399
I  535.90] Elapsed: 8:56, vertices: 2375, facets final: 2623, pending: 20682, pool: 400
I  540.94] Elapsed: 9:01, vertices: 2391, facets final: 2663, pending: 20492, pool: 395
I  544.03] recalculating facets...
I  545.97] Elapsed: 9:06, vertices: 2406, facets final: 2717, pending: 20301, pool: 399
I  550.97] Elapsed: 9:11, vertices: 2424, facets final: 2765, pending: 20238, pool: 398
I  555.98] Elapsed: 9:16, vertices: 2437, facets final: 2827, pending: 20193, pool: 400
I  560.68] recalculating facets...
I  560.99] Elapsed: 9:21, vertices: 2451, facets final: 2889, pending: 20071, pool: 400
I  566.00] Elapsed: 9:26, vertices: 2467, facets final: 2943, pending: 19944, pool: 396
I  571.03] Elapsed: 9:31, vertices: 2481, facets final: 2999, pending: 19859, pool: 399
I  576.07] Elapsed: 9:36, vertices: 2495, facets final: 3065, pending: 19819, pool: 399
I  577.90] recalculating facets...
I  581.10] Elapsed: 9:41, vertices: 2509, facets final: 3130, pending: 19659, pool: 395
I  586.17] Elapsed: 9:46, vertices: 2518, facets final: 3212, pending: 19531, pool: 395
I  591.29] Elapsed: 9:51, vertices: 2533, facets final: 3274, pending: 19418, pool: 399
I  595.81] recalculating facets...
I  596.31] Elapsed: 9:56, vertices: 2550, facets final: 3331, pending: 19341, pool: 398
I  601.33] Elapsed: 10:01, vertices: 2566, facets final: 3397, pending: 19176, pool: 397
I  606.36] Elapsed: 10:06, vertices: 2582, facets final: 3452, pending: 19189, pool: 398
I  611.37] Elapsed: 10:11, vertices: 2598, facets final: 3504, pending: 19061, pool: 395
I  612.02] recalculating facets...
I  616.38] Elapsed: 10:16, vertices: 2610, facets final: 3573, pending: 18996, pool: 398
I  621.45] Elapsed: 10:21, vertices: 2625, facets final: 3634, pending: 19087, pool: 400
I  626.49] Elapsed: 10:26, vertices: 2636, facets final: 3709, pending: 18976, pool: 396
I  631.49] Elapsed: 10:31, vertices: 2647, facets final: 3797, pending: 18818, pool: 400
I  632.24] recalculating facets...
I  636.67] Elapsed: 10:37, vertices: 2659, facets final: 3864, pending: 18648, pool: 400
I  641.75] Elapsed: 10:42, vertices: 2674, facets final: 3926, pending: 18508, pool: 398
I  646.89] Elapsed: 10:47, vertices: 2685, facets final: 4011, pending: 18390, pool: 400
I  651.94] Elapsed: 10:52, vertices: 2698, facets final: 4086, pending: 18260, pool: 400
I  652.27] recalculating facets...
I  656.95] Elapsed: 10:57, vertices: 2710, facets final: 4165, pending: 18119, pool: 399
I  662.03] Elapsed: 11:02, vertices: 2723, facets final: 4244, pending: 17980, pool: 394
I  667.13] Elapsed: 11:07, vertices: 2733, facets final: 4331, pending: 17862, pool: 395
I  672.13] Elapsed: 11:12, vertices: 2747, facets final: 4392, pending: 17737, pool: 394
I  673.85] recalculating facets...
I  677.19] Elapsed: 11:17, vertices: 2757, facets final: 4470, pending: 17658, pool: 398
I  682.21] Elapsed: 11:22, vertices: 2769, facets final: 4550, pending: 17546, pool: 394
I  687.24] Elapsed: 11:27, vertices: 2778, facets final: 4633, pending: 17430, pool: 398
I  692.29] Elapsed: 11:32, vertices: 2789, facets final: 4717, pending: 17282, pool: 394
I  697.21] recalculating facets...
I  697.31] Elapsed: 11:37, vertices: 2800, facets final: 4794, pending: 17121, pool: 400
I  702.31] Elapsed: 11:42, vertices: 2811, facets final: 4870, pending: 16992, pool: 399
I  707.32] Elapsed: 11:47, vertices: 2829, facets final: 4922, pending: 16872, pool: 395
I  712.33] Elapsed: 11:52, vertices: 2839, facets final: 5003, pending: 16853, pool: 398
I  717.30] recalculating facets...
I  717.37] Elapsed: 11:57, vertices: 2850, facets final: 5078, pending: 16743, pool: 399
I  722.45] Elapsed: 12:02, vertices: 2862, facets final: 5147, pending: 16625, pool: 397
I  727.45] Elapsed: 12:07, vertices: 2874, facets final: 5221, pending: 16490, pool: 398
I  732.49] Elapsed: 12:12, vertices: 2885, facets final: 5295, pending: 16382, pool: 398
I  737.49] Elapsed: 12:17, vertices: 2895, facets final: 5389, pending: 16214, pool: 399
I  739.19] recalculating facets...
I  742.50] Elapsed: 12:23, vertices: 2906, facets final: 5468, pending: 16132, pool: 393
I  747.54] Elapsed: 12:28, vertices: 2912, facets final: 5573, pending: 16025, pool: 396
I  752.56] Elapsed: 12:33, vertices: 2922, facets final: 5661, pending: 15891, pool: 395
I  757.56] Elapsed: 12:38, vertices: 2928, facets final: 5767, pending: 15799, pool: 393
I  762.58] Elapsed: 12:43, vertices: 2941, facets final: 5850, pending: 15651, pool: 391
I  767.60] Elapsed: 12:48, vertices: 2947, facets final: 5958, pending: 15530, pool: 393
I  769.01] recalculating facets...
I  772.63] Elapsed: 12:53, vertices: 2954, facets final: 6059, pending: 15385, pool: 394
I  777.67] Elapsed: 12:58, vertices: 2967, facets final: 6133, pending: 15270, pool: 390
I  782.69] Elapsed: 13:03, vertices: 2979, facets final: 6218, pending: 15178, pool: 389
I  787.70] Elapsed: 13:08, vertices: 2988, facets final: 6312, pending: 15078, pool: 389
I  792.71] Elapsed: 13:13, vertices: 2996, facets final: 6418, pending: 14955, pool: 387
I  794.97] recalculating facets...
I  797.73] Elapsed: 13:18, vertices: 3005, facets final: 6510, pending: 14821, pool: 386
I  802.74] Elapsed: 13:23, vertices: 3014, facets final: 6607, pending: 14678, pool: 379
I  807.76] Elapsed: 13:28, vertices: 3023, facets final: 6706, pending: 14518, pool: 383
I  812.79] Elapsed: 13:33, vertices: 3026, facets final: 6810, pending: 14416, pool: 390
I  817.80] Elapsed: 13:38, vertices: 3034, facets final: 6918, pending: 14275, pool: 388
I  822.82] Elapsed: 13:43, vertices: 3044, facets final: 7015, pending: 14130, pool: 384
I  826.72] recalculating facets...
I  827.85] Elapsed: 13:48, vertices: 3051, facets final: 7128, pending: 14011, pool: 381
I  832.89] Elapsed: 13:53, vertices: 3058, facets final: 7232, pending: 13944, pool: 379
I  837.91] Elapsed: 13:58, vertices: 3067, facets final: 7332, pending: 13807, pool: 376
I  842.93] Elapsed: 14:03, vertices: 3074, facets final: 7438, pending: 13678, pool: 375
I  847.94] Elapsed: 14:08, vertices: 3081, facets final: 7543, pending: 13573, pool: 373
I  852.94] Elapsed: 14:13, vertices: 3089, facets final: 7645, pending: 13430, pool: 378
I  857.96] Elapsed: 14:18, vertices: 3093, facets final: 7758, pending: 13321, pool: 381
I  860.99] recalculating facets...
I  862.97] Elapsed: 14:23, vertices: 3104, facets final: 7847, pending: 13219, pool: 379
I  868.19] Elapsed: 14:28, vertices: 3114, facets final: 7946, pending: 13105, pool: 374
I  873.19] Elapsed: 14:33, vertices: 3120, facets final: 8057, pending: 12991, pool: 372
I  878.20] Elapsed: 14:38, vertices: 3124, facets final: 8166, pending: 12908, pool: 376
I  883.22] Elapsed: 14:43, vertices: 3133, facets final: 8275, pending: 12839, pool: 371
I  888.25] Elapsed: 14:48, vertices: 3141, facets final: 8390, pending: 12731, pool: 368
I  893.28] Elapsed: 14:53, vertices: 3147, facets final: 8510, pending: 12584, pool: 366
I  894.99] recalculating facets...
I  898.28] Elapsed: 14:58, vertices: 3157, facets final: 8618, pending: 12455, pool: 359
I  903.29] Elapsed: 15:03, vertices: 3166, facets final: 8715, pending: 12323, pool: 359
I  908.40] Elapsed: 15:08, vertices: 3175, facets final: 8821, pending: 12236, pool: 353
I  913.58] Elapsed: 15:14, vertices: 3183, facets final: 8927, pending: 12121, pool: 353
I  918.62] Elapsed: 15:19, vertices: 3191, facets final: 9038, pending: 11985, pool: 349
I  923.63] Elapsed: 15:24, vertices: 3199, facets final: 9148, pending: 11849, pool: 351
I  925.12] recalculating facets...
I  928.63] Elapsed: 15:29, vertices: 3207, facets final: 9258, pending: 11733, pool: 347
I  933.65] Elapsed: 15:34, vertices: 3217, facets final: 9352, pending: 11608, pool: 340
I  938.67] Elapsed: 15:39, vertices: 3225, facets final: 9461, pending: 11489, pool: 337
I  943.67] Elapsed: 15:44, vertices: 3232, facets final: 9564, pending: 11358, pool: 336
I  948.69] Elapsed: 15:49, vertices: 3240, facets final: 9673, pending: 11220, pool: 329
I  952.63] recalculating facets...
I  953.75] Elapsed: 15:54, vertices: 3250, facets final: 9774, pending: 11103, pool: 321
I  958.75] Elapsed: 15:59, vertices: 3260, facets final: 9864, pending: 11012, pool: 320
I  963.77] Elapsed: 16:04, vertices: 3264, facets final: 9994, pending: 10906, pool: 320
I  968.77] Elapsed: 16:09, vertices: 3269, facets final: 10114, pending: 10771, pool: 320
I  973.77] Elapsed: 16:14, vertices: 3271, facets final: 10246, pending: 10639, pool: 322
I  978.77] Elapsed: 16:19, vertices: 3277, facets final: 10361, pending: 10514, pool: 322
I  983.77] Elapsed: 16:24, vertices: 3286, facets final: 10467, pending: 10383, pool: 319
I  988.82] Elapsed: 16:29, vertices: 3292, facets final: 10586, pending: 10264, pool: 316
I  993.87] Elapsed: 16:34, vertices: 3295, facets final: 10708, pending: 10135, pool: 320
I  996.56] recalculating facets...
I  998.91] Elapsed: 16:39, vertices: 3303, facets final: 10816, pending: 9999, pool: 317
I 1003.91] Elapsed: 16:44, vertices: 3309, facets final: 10930, pending: 9901, pool: 311
I 1008.93] Elapsed: 16:49, vertices: 3321, facets final: 11028, pending: 9759, pool: 300
I 1013.94] Elapsed: 16:54, vertices: 3327, facets final: 11143, pending: 9620, pool: 299
I 1018.94] Elapsed: 16:59, vertices: 3335, facets final: 11253, pending: 9475, pool: 293
I 1023.94] Elapsed: 17:04, vertices: 3340, facets final: 11371, pending: 9346, pool: 291
I 1029.00] Elapsed: 17:09, vertices: 3349, facets final: 11473, pending: 9231, pool: 290
I 1030.33] recalculating facets...
I 1034.04] Elapsed: 17:14, vertices: 3356, facets final: 11579, pending: 9127, pool: 289
I 1039.05] Elapsed: 17:19, vertices: 3360, facets final: 11703, pending: 8988, pool: 287
I 1044.05] Elapsed: 17:24, vertices: 3364, facets final: 11812, pending: 8879, pool: 283
I 1049.09] Elapsed: 17:29, vertices: 3370, facets final: 11927, pending: 8747, pool: 283
I 1054.09] Elapsed: 17:34, vertices: 3375, facets final: 12035, pending: 8623, pool: 281
I 1059.13] Elapsed: 17:39, vertices: 3384, facets final: 12144, pending: 8510, pool: 274
I 1064.16] Elapsed: 17:44, vertices: 3389, facets final: 12257, pending: 8374, pool: 274
I 1069.16] Elapsed: 17:49, vertices: 3398, facets final: 12376, pending: 8230, pool: 268
I 1069.51] recalculating facets...
I 1074.19] Elapsed: 17:54, vertices: 3402, facets final: 12496, pending: 8103, pool: 270
I 1079.23] Elapsed: 17:59, vertices: 3407, facets final: 12606, pending: 7976, pool: 265
I 1084.26] Elapsed: 18:04, vertices: 3413, facets final: 12725, pending: 7832, pool: 266
I 1089.26] Elapsed: 18:09, vertices: 3418, facets final: 12852, pending: 7691, pool: 264
I 1094.26] Elapsed: 18:14, vertices: 3422, facets final: 12969, pending: 7563, pool: 261
I 1099.26] Elapsed: 18:19, vertices: 3427, facets final: 13094, pending: 7420, pool: 258
I 1104.28] Elapsed: 18:24, vertices: 3430, facets final: 13222, pending: 7282, pool: 257
I 1109.28] Elapsed: 18:29, vertices: 3434, facets final: 13345, pending: 7149, pool: 258
I 1114.30] Elapsed: 18:34, vertices: 3438, facets final: 13465, pending: 7017, pool: 256
I 1119.31] Elapsed: 18:39, vertices: 3443, facets final: 13594, pending: 6868, pool: 252
I 1124.08] recalculating facets...
I 1124.33] Elapsed: 18:44, vertices: 3450, facets final: 13708, pending: 6749, pool: 247
I 1129.33] Elapsed: 18:49, vertices: 3457, facets final: 13826, pending: 6625, pool: 243
I 1134.33] Elapsed: 18:54, vertices: 3463, facets final: 13945, pending: 6520, pool: 239
I 1139.35] Elapsed: 18:59, vertices: 3469, facets final: 14068, pending: 6403, pool: 234
I 1144.39] Elapsed: 19:04, vertices: 3474, facets final: 14200, pending: 6261, pool: 235
I 1149.40] Elapsed: 19:09, vertices: 3477, facets final: 14325, pending: 6130, pool: 233
I 1154.40] Elapsed: 19:14, vertices: 3484, facets final: 14442, pending: 6000, pool: 230
I 1159.43] Elapsed: 19:19, vertices: 3485, facets final: 14577, pending: 5863, pool: 230
I 1164.48] Elapsed: 19:24, vertices: 3493, facets final: 14700, pending: 5729, pool: 224
I 1169.50] Elapsed: 19:30, vertices: 3496, facets final: 14824, pending: 5600, pool: 222
I 1174.03] recalculating facets...
I 1174.54] Elapsed: 19:35, vertices: 3501, facets final: 14946, pending: 5469, pool: 221
I 1179.58] Elapsed: 19:40, vertices: 3501, facets final: 15075, pending: 5340
I 1184.59] Elapsed: 19:45, vertices: 3505, facets final: 15212, pending: 5189, pool: 223
I 1189.59] Elapsed: 19:50, vertices: 3510, facets final: 15334, pending: 5059, pool: 223
I 1194.59] Elapsed: 19:55, vertices: 3515, facets final: 15467, pending: 4933, pool: 219
I 1199.59] Elapsed: 20:00, vertices: 3519, facets final: 15598, pending: 4803, pool: 219
I 1204.59] Elapsed: 20:05, vertices: 3525, facets final: 15712, pending: 4698, pool: 215
I 1209.61] Elapsed: 20:10, vertices: 3530, facets final: 15843, pending: 4563, pool: 211
I 1214.66] Elapsed: 20:15, vertices: 3540, facets final: 15960, pending: 4441, pool: 203
I 1219.69] Elapsed: 20:20, vertices: 3541, facets final: 16100, pending: 4297, pool: 204
I 1224.69] Elapsed: 20:25, vertices: 3547, facets final: 16223, pending: 4183, pool: 200
I 1229.69] Elapsed: 20:30, vertices: 3548, facets final: 16348, pending: 4058, pool: 202
I 1232.87] recalculating facets...
I 1234.70] Elapsed: 20:35, vertices: 3550, facets final: 16468, pending: 3940, pool: 201
I 1239.70] Elapsed: 20:40, vertices: 3553, facets final: 16601, pending: 3804, pool: 199
I 1244.70] Elapsed: 20:45, vertices: 3556, facets final: 16732, pending: 3669, pool: 199
I 1249.71] Elapsed: 20:50, vertices: 3564, facets final: 16845, pending: 3549, pool: 194
I 1254.71] Elapsed: 20:55, vertices: 3570, facets final: 16969, pending: 3423, pool: 190
I 1259.75] Elapsed: 21:00, vertices: 3576, facets final: 17089, pending: 3291, pool: 186
I 1264.77] Elapsed: 21:05, vertices: 3578, facets final: 17233, pending: 3142, pool: 184
I 1269.78] Elapsed: 21:10, vertices: 3582, facets final: 17359, pending: 3017, pool: 182
I 1274.78] Elapsed: 21:15, vertices: 3589, facets final: 17486, pending: 2884, pool: 176
I 1279.80] Elapsed: 21:20, vertices: 3592, facets final: 17615, pending: 2749, pool: 174
I 1284.87] Elapsed: 21:25, vertices: 3596, facets final: 17747, pending: 2611, pool: 170
I 1287.19] recalculating facets...
I 1289.87] Elapsed: 21:30, vertices: 3603, facets final: 17870, pending: 2473, pool: 165
I 1294.87] Elapsed: 21:35, vertices: 3608, facets final: 17994, pending: 2343, pool: 162
I 1299.90] Elapsed: 21:40, vertices: 3616, facets final: 18119, pending: 2209, pool: 155
I 1304.91] Elapsed: 21:45, vertices: 3623, facets final: 18241, pending: 2074, pool: 152
I 1309.94] Elapsed: 21:50, vertices: 3629, facets final: 18368, pending: 1925, pool: 150
I 1314.98] Elapsed: 21:55, vertices: 3635, facets final: 18496, pending: 1791, pool: 146
I 1320.01] Elapsed: 22:00, vertices: 3643, facets final: 18620, pending: 1663, pool: 140
I 1325.04] Elapsed: 22:05, vertices: 3648, facets final: 18744, pending: 1539, pool: 136
I 1325.25] recalculating facets...
I 1330.06] Elapsed: 22:10, vertices: 3657, facets final: 18858, pending: 1413, pool: 129
I 1335.07] Elapsed: 22:15, vertices: 3663, facets final: 18977, pending: 1292, pool: 124
I 1340.12] Elapsed: 22:20, vertices: 3672, facets final: 19093, pending: 1173, pool: 116
I 1345.12] Elapsed: 22:25, vertices: 3685, facets final: 19205, pending: 1054, pool: 106
I 1350.20] Elapsed: 22:30, vertices: 3697, facets final: 19321, pending: 929, pool: 95
I 1350.81] recalculating facets...
I 1355.22] Elapsed: 22:35, vertices: 3712, facets final: 19430, pending: 816, pool: 82
I 1360.25] Elapsed: 22:40, vertices: 3720, facets final: 19553, pending: 689, pool: 80
I 1365.25] Elapsed: 22:45, vertices: 3729, facets final: 19673, pending: 552, pool: 76
I 1370.25] Elapsed: 22:50, vertices: 3737, facets final: 19795, pending: 412, pool: 82
I 1375.26] Elapsed: 22:55, vertices: 3749, facets final: 19910, pending: 285, pool: 80
I 1375.29] recalculating facets...
I 1380.26] Elapsed: 23:00, vertices: 3767, facets final: 20014, pending: 162, pool: 71
I 1383.85] recalculating facets...
I 1385.29] Elapsed: 23:05, vertices: 3828, facets final: 20088, pending: 45, pool: 25
I 1386.23] recalculating facets...
I 1386.90] Elapsed: 23:07, vertices: 3860, facets final: 20106, pending: 0

--------------------------------
Problem completed
 name                    168.vlp
 output                  vlp/168.res
 rows, cols, objs        177, 4601, 10
 vertices, facets        3860, 20106
 total time              23:07
--------------------------------
Statistics
LP:
 oracle calls            26549
   avg iterations/calls  227.10
 total oracle time       16:08
Combinatorics:
 vertices added          3860
 facets probed           74056
 facets # max            28421
 memory allocated        41.60M
 instability warnings    1
 storage expansion
   vertices # / upto     31 / 3964
   facets   # / upto     7 / 28668
 facet manipulating
   added avg / max       77.40 / 1.32k
   compressed            199
 number of ridge tests
   avg / max             1.38M / 28.08M
--------------------------------
Parameters with non-default values
 ExactFacetEq = 1
 VertexPoolSize = 400
 RecalculateFacets = 50
 PolytopeEps = 1e-08
 ScaleEps = 5e-08
 RoundEps = 5e-08
