C copy string: rs=ac:bd;t=a:bcr;u=a:dr;ar,br,cr,d;ar,br,c,dr; ineq: base30.txt
I    5.21] Elapsed: 5.21, vertices: 15, facets final: 10, pending: 179
I   10.27] Elapsed: 10.27, vertices: 21, facets final: 19, pending: 295, pool: 4
I   15.39] Elapsed: 15.39, vertices: 27, facets final: 24, pending: 516, pool: 34
I   20.39] Elapsed: 20.39, vertices: 33, facets final: 30, pending: 730, pool: 55
I   25.49] Elapsed: 25.49, vertices: 49, facets final: 33, pending: 1834, pool: 68
I   30.61] Elapsed: 30.61, vertices: 65, facets final: 34, pending: 3061, pool: 81
I   35.81] Elapsed: 35.81, vertices: 78, facets final: 36, pending: 3421, pool: 100
I   39.42] recalculating facets...
I   40.81] Elapsed: 40.81, vertices: 107, facets final: 45, pending: 4108, pool: 99
I   45.82] Elapsed: 45.82, vertices: 133, facets final: 57, pending: 4351, pool: 100
I   50.82] Elapsed: 50.82, vertices: 157, facets final: 71, pending: 4811, pool: 100
I   55.87] Elapsed: 55.87, vertices: 182, facets final: 73, pending: 7047, pool: 100
I   60.61] recalculating facets...
I   60.97] Elapsed: 1:01, vertices: 201, facets final: 82, pending: 8231, pool: 99
I   66.09] Elapsed: 1:06, vertices: 222, facets final: 82, pending: 10013, pool: 100
I   71.19] Elapsed: 1:11, vertices: 240, facets final: 85, pending: 11663, pool: 100
I   76.26] Elapsed: 1:16, vertices: 253, facets final: 88, pending: 12932, pool: 100
I   81.38] Elapsed: 1:21, vertices: 265, facets final: 89, pending: 13927, pool: 100
I   86.50] Elapsed: 1:27, vertices: 277, facets final: 90, pending: 14523, pool: 100
I   91.54] Elapsed: 1:32, vertices: 288, facets final: 92, pending: 15365, pool: 100
I   96.13] recalculating facets...
I   97.05] Elapsed: 1:37, vertices: 302, facets final: 95, pending: 15132, pool: 100
I  102.37] Elapsed: 1:42, vertices: 315, facets final: 96, pending: 15737, pool: 100
I  107.61] Elapsed: 1:48, vertices: 329, facets final: 96, pending: 16026, pool: 100
I  112.64] Elapsed: 1:53, vertices: 340, facets final: 98, pending: 16580, pool: 100
I  117.77] Elapsed: 1:58, vertices: 351, facets final: 98, pending: 16717, pool: 100
I  122.93] Elapsed: 2:03, vertices: 364, facets final: 99, pending: 16870, pool: 100
I  128.37] Elapsed: 2:08, vertices: 377, facets final: 102, pending: 17002, pool: 100
I  133.43] Elapsed: 2:13, vertices: 387, facets final: 106, pending: 17269, pool: 100
I  138.63] Elapsed: 2:19, vertices: 398, facets final: 109, pending: 17663, pool: 99
I  139.50] recalculating facets...
I  143.63] Elapsed: 2:24, vertices: 410, facets final: 111, pending: 18025, pool: 100
I  148.78] Elapsed: 2:29, vertices: 421, facets final: 112, pending: 17901, pool: 100
I  153.94] Elapsed: 2:34, vertices: 434, facets final: 112, pending: 18468, pool: 100
I  159.12] Elapsed: 2:39, vertices: 445, facets final: 115, pending: 18844, pool: 100
I  164.28] Elapsed: 2:44, vertices: 458, facets final: 116, pending: 18737, pool: 100
I  169.30] Elapsed: 2:49, vertices: 471, facets final: 117, pending: 19330, pool: 100
I  174.40] Elapsed: 2:54, vertices: 481, facets final: 121, pending: 19623, pool: 100
I  179.41] Elapsed: 2:59, vertices: 494, facets final: 126, pending: 19775, pool: 100
I  182.65] recalculating facets...
I  184.62] Elapsed: 3:05, vertices: 504, facets final: 128, pending: 19574, pool: 100
I  189.75] Elapsed: 3:10, vertices: 513, facets final: 133, pending: 19841, pool: 100
I  194.96] Elapsed: 3:15, vertices: 524, facets final: 137, pending: 19957, pool: 98
I  200.01] Elapsed: 3:20, vertices: 534, facets final: 137, pending: 19919, pool: 100
I  205.06] Elapsed: 3:25, vertices: 547, facets final: 140, pending: 20395, pool: 100
I  210.08] Elapsed: 3:30, vertices: 557, facets final: 146, pending: 20851, pool: 100
I  215.15] Elapsed: 3:35, vertices: 568, facets final: 147, pending: 20940, pool: 100
I  220.22] Elapsed: 3:40, vertices: 579, facets final: 149, pending: 21133, pool: 100
I  225.25] Elapsed: 3:45, vertices: 590, facets final: 151, pending: 21009, pool: 100
I  229.69] recalculating facets...
I  230.35] Elapsed: 3:50, vertices: 601, facets final: 152, pending: 21296, pool: 100
I  235.36] Elapsed: 3:55, vertices: 612, facets final: 154, pending: 21584, pool: 100
I  240.53] Elapsed: 4:01, vertices: 624, facets final: 156, pending: 22051, pool: 100
I  245.55] Elapsed: 4:06, vertices: 633, facets final: 160, pending: 22083, pool: 100
I  250.56] Elapsed: 4:11, vertices: 641, facets final: 163, pending: 21855, pool: 100
I  255.70] Elapsed: 4:16, vertices: 650, facets final: 166, pending: 22165, pool: 99
I  260.83] Elapsed: 4:21, vertices: 661, facets final: 167, pending: 22373, pool: 99
I  265.95] Elapsed: 4:26, vertices: 671, facets final: 172, pending: 22442, pool: 100
I  271.03] Elapsed: 4:31, vertices: 681, facets final: 175, pending: 22511, pool: 100
I  276.24] Elapsed: 4:36, vertices: 692, facets final: 177, pending: 22691, pool: 100
I  279.78] recalculating facets...
I  281.33] Elapsed: 4:41, vertices: 703, facets final: 179, pending: 22724, pool: 100
I  286.53] Elapsed: 4:47, vertices: 712, facets final: 182, pending: 22842, pool: 100
I  291.65] Elapsed: 4:52, vertices: 723, facets final: 182, pending: 22726, pool: 100
I  296.72] Elapsed: 4:57, vertices: 733, facets final: 184, pending: 23145, pool: 100
I  301.86] Elapsed: 5:02, vertices: 744, facets final: 187, pending: 22894, pool: 100
I  306.94] Elapsed: 5:07, vertices: 755, facets final: 187, pending: 23051, pool: 100
I  312.02] Elapsed: 5:12, vertices: 767, facets final: 191, pending: 22966, pool: 100
I  317.07] Elapsed: 5:17, vertices: 777, facets final: 196, pending: 23021, pool: 100
I  322.36] Elapsed: 5:22, vertices: 786, facets final: 200, pending: 22981, pool: 100
I  327.63] Elapsed: 5:28, vertices: 797, facets final: 203, pending: 22635, pool: 100
I  328.93] recalculating facets...
I  332.71] Elapsed: 5:33, vertices: 807, facets final: 205, pending: 22589, pool: 100
I  337.71] Elapsed: 5:38, vertices: 819, facets final: 207, pending: 22587, pool: 100
I  342.73] Elapsed: 5:43, vertices: 830, facets final: 208, pending: 22511, pool: 100
I  347.81] Elapsed: 5:48, vertices: 839, facets final: 215, pending: 22541, pool: 100
I  352.86] Elapsed: 5:53, vertices: 849, facets final: 218, pending: 22416, pool: 100
I  357.99] Elapsed: 5:58, vertices: 859, facets final: 220, pending: 22489, pool: 100
I  363.21] Elapsed: 6:03, vertices: 871, facets final: 224, pending: 22683, pool: 99
I  368.25] Elapsed: 6:08, vertices: 881, facets final: 226, pending: 22667, pool: 99
I  373.31] Elapsed: 6:13, vertices: 890, facets final: 229, pending: 22511, pool: 99
I  378.44] Elapsed: 6:18, vertices: 900, facets final: 233, pending: 22710, pool: 100
I  378.71] recalculating facets...
I  383.45] Elapsed: 6:23, vertices: 908, facets final: 241, pending: 22908, pool: 100
I  388.58] Elapsed: 6:29, vertices: 916, facets final: 251, pending: 23146, pool: 100
I  393.66] Elapsed: 6:34, vertices: 928, facets final: 252, pending: 23200, pool: 100
I  398.79] Elapsed: 6:39, vertices: 940, facets final: 253, pending: 23468, pool: 100
I  404.04] Elapsed: 6:44, vertices: 950, facets final: 259, pending: 23734, pool: 100
I  409.18] Elapsed: 6:49, vertices: 958, facets final: 263, pending: 23618, pool: 100
I  414.19] Elapsed: 6:54, vertices: 968, facets final: 267, pending: 23567, pool: 99
I  419.26] Elapsed: 6:59, vertices: 977, facets final: 274, pending: 23483, pool: 100
I  424.44] Elapsed: 7:04, vertices: 988, facets final: 275, pending: 23833, pool: 100
I  429.61] Elapsed: 7:10, vertices: 997, facets final: 280, pending: 23973, pool: 100
I  431.06] recalculating facets...
I  434.62] Elapsed: 7:15, vertices: 1006, facets final: 288, pending: 23894, pool: 100
I  439.63] Elapsed: 7:20, vertices: 1018, facets final: 291, pending: 23611, pool: 100
I  444.63] Elapsed: 7:25, vertices: 1025, facets final: 298, pending: 23390, pool: 99
I  449.75] Elapsed: 7:30, vertices: 1033, facets final: 304, pending: 23593, pool: 100
I  454.79] Elapsed: 7:35, vertices: 1044, facets final: 309, pending: 23508, pool: 100
I  459.80] Elapsed: 7:40, vertices: 1052, facets final: 318, pending: 23481, pool: 100
I  464.99] Elapsed: 7:45, vertices: 1061, facets final: 328, pending: 23427, pool: 100
I  470.17] Elapsed: 7:50, vertices: 1070, facets final: 335, pending: 23404, pool: 100
I  475.41] Elapsed: 7:55, vertices: 1079, facets final: 338, pending: 23390, pool: 100
I  480.49] Elapsed: 8:00, vertices: 1088, facets final: 348, pending: 23532, pool: 100
I  485.79] Elapsed: 8:06, vertices: 1098, facets final: 349, pending: 23429, pool: 100
I  486.73] recalculating facets...
I  490.84] Elapsed: 8:11, vertices: 1109, facets final: 350, pending: 23539, pool: 100
I  496.11] Elapsed: 8:16, vertices: 1118, facets final: 353, pending: 23709, pool: 100
I  501.33] Elapsed: 8:21, vertices: 1128, facets final: 360, pending: 23550, pool: 100
I  506.48] Elapsed: 8:26, vertices: 1137, facets final: 366, pending: 23683, pool: 100
I  511.51] Elapsed: 8:32, vertices: 1147, facets final: 367, pending: 23619, pool: 100
I  516.62] Elapsed: 8:37, vertices: 1157, facets final: 373, pending: 23502, pool: 99
I  521.76] Elapsed: 8:42, vertices: 1168, facets final: 378, pending: 23238, pool: 100
I  526.91] Elapsed: 8:47, vertices: 1178, facets final: 383, pending: 23033, pool: 100
I  531.94] Elapsed: 8:52, vertices: 1188, facets final: 386, pending: 23157, pool: 100
I  536.96] Elapsed: 8:57, vertices: 1196, facets final: 392, pending: 23188, pool: 100
I  538.45] recalculating facets...
I  542.09] Elapsed: 9:02, vertices: 1205, facets final: 403, pending: 22908, pool: 100
I  547.37] Elapsed: 9:07, vertices: 1213, facets final: 409, pending: 23182, pool: 100
I  552.54] Elapsed: 9:13, vertices: 1221, facets final: 420, pending: 23359, pool: 100
I  557.59] Elapsed: 9:18, vertices: 1231, facets final: 423, pending: 23084, pool: 100
I  562.65] Elapsed: 9:23, vertices: 1241, facets final: 430, pending: 23185, pool: 99
I  567.84] Elapsed: 9:28, vertices: 1251, facets final: 435, pending: 23278, pool: 100
I  572.98] Elapsed: 9:33, vertices: 1261, facets final: 438, pending: 23611, pool: 100
I  578.19] Elapsed: 9:38, vertices: 1273, facets final: 443, pending: 23404, pool: 100
I  583.20] Elapsed: 9:43, vertices: 1282, facets final: 452, pending: 23465, pool: 100
I  588.54] Elapsed: 9:49, vertices: 1293, facets final: 457, pending: 23669, pool: 100
I  592.87] recalculating facets...
I  593.77] Elapsed: 9:54, vertices: 1302, facets final: 468, pending: 23579, pool: 100
I  598.77] Elapsed: 9:59, vertices: 1309, facets final: 474, pending: 23599, pool: 100
I  603.81] Elapsed: 10:04, vertices: 1319, facets final: 478, pending: 23600, pool: 100
I  609.12] Elapsed: 10:09, vertices: 1328, facets final: 486, pending: 23658, pool: 100
I  614.19] Elapsed: 10:14, vertices: 1337, facets final: 491, pending: 23744, pool: 100
I  619.33] Elapsed: 10:19, vertices: 1345, facets final: 496, pending: 23884, pool: 100
I  624.42] Elapsed: 10:24, vertices: 1354, facets final: 501, pending: 23729, pool: 100
I  629.58] Elapsed: 10:30, vertices: 1362, facets final: 510, pending: 23843, pool: 100
I  634.70] Elapsed: 10:35, vertices: 1370, facets final: 513, pending: 24152, pool: 100
I  639.73] Elapsed: 10:40, vertices: 1379, facets final: 522, pending: 24177, pool: 100
I  644.81] Elapsed: 10:45, vertices: 1386, facets final: 525, pending: 24178, pool: 100
I  649.82] Elapsed: 10:50, vertices: 1393, facets final: 530, pending: 24449, pool: 100
I  655.07] Elapsed: 10:55, vertices: 1399, facets final: 531, pending: 24429, pool: 100
I  655.76] recalculating facets...
I  660.07] Elapsed: 11:00, vertices: 1407, facets final: 536, pending: 24808, pool: 99
I  665.33] Elapsed: 11:05, vertices: 1412, facets final: 540, pending: 25025, pool: 100
I  670.43] Elapsed: 11:10, vertices: 1421, facets final: 540, pending: 25020, pool: 100
I  675.54] Elapsed: 11:16, vertices: 1428, facets final: 545, pending: 25026, pool: 100
I  680.69] Elapsed: 11:21, vertices: 1437, facets final: 547, pending: 25151, pool: 99
I  685.78] Elapsed: 11:26, vertices: 1443, facets final: 553, pending: 25160, pool: 100
I  690.97] Elapsed: 11:31, vertices: 1449, facets final: 554, pending: 25252, pool: 100
I  696.26] Elapsed: 11:36, vertices: 1453, facets final: 556, pending: 25455, pool: 100
I  701.27] Elapsed: 11:41, vertices: 1457, facets final: 563, pending: 25738, pool: 100
I  706.28] Elapsed: 11:46, vertices: 1465, facets final: 565, pending: 25711, pool: 100
I  711.42] Elapsed: 11:51, vertices: 1472, facets final: 571, pending: 25822, pool: 100
I  716.47] Elapsed: 11:56, vertices: 1482, facets final: 573, pending: 25879, pool: 100
I  721.67] Elapsed: 12:02, vertices: 1487, facets final: 578, pending: 26106, pool: 100
I  727.62] Elapsed: 12:08, vertices: 1493, facets final: 580, pending: 26149, pool: 100
I  732.67] Elapsed: 12:13, vertices: 1499, facets final: 584, pending: 26228, pool: 100
I  733.09] recalculating facets...
I  737.91] Elapsed: 12:18, vertices: 1507, facets final: 587, pending: 26238, pool: 100
I  743.11] Elapsed: 12:23, vertices: 1515, facets final: 588, pending: 26286, pool: 100
I  748.12] Elapsed: 12:28, vertices: 1522, facets final: 588, pending: 26342, pool: 100
I  753.31] Elapsed: 12:33, vertices: 1527, facets final: 594, pending: 26181, pool: 100
I  758.53] Elapsed: 12:39, vertices: 1532, facets final: 597, pending: 26160, pool: 100
I  763.88] Elapsed: 12:44, vertices: 1539, facets final: 599, pending: 26260, pool: 100
I  768.88] Elapsed: 12:49, vertices: 1546, facets final: 603, pending: 26182, pool: 100
I  774.00] Elapsed: 12:54, vertices: 1551, facets final: 605, pending: 26408, pool: 100
I  779.34] Elapsed: 12:59, vertices: 1558, facets final: 611, pending: 26645, pool: 100
I  784.34] Elapsed: 13:04, vertices: 1567, facets final: 617, pending: 26496, pool: 100
I  790.27] Elapsed: 13:10, vertices: 1574, facets final: 625, pending: 26654, pool: 100
I  795.56] Elapsed: 13:16, vertices: 1580, facets final: 633, pending: 26638, pool: 100
I  800.63] Elapsed: 13:21, vertices: 1589, facets final: 637, pending: 26914, pool: 100
I  805.64] Elapsed: 13:26, vertices: 1594, facets final: 641, pending: 27031, pool: 100
I  809.48] recalculating facets...
I  815.12] Elapsed: 13:35, vertices: 1603, facets final: 650, pending: 26964, pool: 100
I  822.71] Elapsed: 13:43, vertices: 1609, facets final: 657, pending: 26513, pool: 100
I  827.95] Elapsed: 13:48, vertices: 1617, facets final: 659, pending: 26618, pool: 100
I  833.08] Elapsed: 13:53, vertices: 1621, facets final: 664, pending: 26619, pool: 99
I  838.18] Elapsed: 13:58, vertices: 1628, facets final: 668, pending: 26687, pool: 100
I  843.24] Elapsed: 14:03, vertices: 1635, facets final: 672, pending: 26878, pool: 100
I  848.43] Elapsed: 14:08, vertices: 1641, facets final: 675, pending: 27120, pool: 100
I  853.75] Elapsed: 14:14, vertices: 1647, facets final: 682, pending: 27261, pool: 100
I  859.01] Elapsed: 14:19, vertices: 1652, facets final: 691, pending: 27325, pool: 100
I  864.06] Elapsed: 14:24, vertices: 1658, facets final: 700, pending: 27277, pool: 100
I  869.13] Elapsed: 14:29, vertices: 1665, facets final: 702, pending: 27403, pool: 100
I  874.18] Elapsed: 14:34, vertices: 1672, facets final: 708, pending: 27521, pool: 100
I  880.56] Elapsed: 14:41, vertices: 1679, facets final: 710, pending: 27750, pool: 100
I  885.75] Elapsed: 14:46, vertices: 1685, facets final: 711, pending: 27569, pool: 100
I  892.22] Elapsed: 14:52, vertices: 1696, facets final: 713, pending: 27631, pool: 100
I  896.49] recalculating facets...
recalculate_facet: numerical instability at facet 5800, coord 7 (1.09828e-06)
I  897.24] Elapsed: 14:57, vertices: 1701, facets final: 719, pending: 27713, pool: 100
I  902.41] Elapsed: 15:02, vertices: 1708, facets final: 722, pending: 27664, pool: 100
I  907.55] Elapsed: 15:08, vertices: 1713, facets final: 729, pending: 27696, pool: 100
I  912.59] Elapsed: 15:13, vertices: 1718, facets final: 732, pending: 27724, pool: 100
I  918.18] Elapsed: 15:18, vertices: 1727, facets final: 735, pending: 27694, pool: 100
I  923.44] Elapsed: 15:23, vertices: 1734, facets final: 739, pending: 28000, pool: 100
I  929.55] Elapsed: 15:30, vertices: 1740, facets final: 742, pending: 27979, pool: 100
I  935.56] Elapsed: 15:36, vertices: 1749, facets final: 746, pending: 27957, pool: 100
I  941.08] Elapsed: 15:41, vertices: 1754, facets final: 748, pending: 28124, pool: 100
I  946.54] Elapsed: 15:47, vertices: 1759, facets final: 751, pending: 28111, pool: 100
I  951.80] Elapsed: 15:52, vertices: 1767, facets final: 754, pending: 28212, pool: 100
I  956.80] Elapsed: 15:57, vertices: 1773, facets final: 762, pending: 28201, pool: 99
I  962.07] Elapsed: 16:02, vertices: 1776, facets final: 765, pending: 28264, pool: 100
I  967.52] Elapsed: 16:08, vertices: 1780, facets final: 766, pending: 28071, pool: 100
I  972.53] Elapsed: 16:13, vertices: 1785, facets final: 771, pending: 28078, pool: 100
I  977.62] Elapsed: 16:18, vertices: 1790, facets final: 780, pending: 28066, pool: 100
I  983.13] Elapsed: 16:23, vertices: 1797, facets final: 789, pending: 28030, pool: 100
I  986.00] recalculating facets...
I  988.17] Elapsed: 16:28, vertices: 1803, facets final: 791, pending: 27914, pool: 100
I  993.43] Elapsed: 16:33, vertices: 1810, facets final: 796, pending: 28019, pool: 100
I  998.44] Elapsed: 16:38, vertices: 1817, facets final: 804, pending: 28108, pool: 100
I 1003.91] Elapsed: 16:44, vertices: 1821, facets final: 805, pending: 27997, pool: 100
I 1008.94] Elapsed: 16:49, vertices: 1827, facets final: 808, pending: 27958, pool: 100
I 1015.46] Elapsed: 16:55, vertices: 1833, facets final: 815, pending: 27641, pool: 100
I 1020.64] Elapsed: 17:01, vertices: 1839, facets final: 819, pending: 27544, pool: 100
I 1025.69] Elapsed: 17:06, vertices: 1843, facets final: 825, pending: 27765, pool: 100
I 1030.75] Elapsed: 17:11, vertices: 1850, facets final: 830, pending: 27888, pool: 100
I 1035.82] Elapsed: 17:16, vertices: 1855, facets final: 835, pending: 27710, pool: 100
I 1040.99] Elapsed: 17:21, vertices: 1861, facets final: 838, pending: 27761, pool: 100
I 1046.36] Elapsed: 17:26, vertices: 1866, facets final: 841, pending: 27720, pool: 100
I 1051.37] Elapsed: 17:31, vertices: 1871, facets final: 845, pending: 27600, pool: 100
I 1056.45] Elapsed: 17:36, vertices: 1877, facets final: 848, pending: 27182, pool: 100
I 1061.45] Elapsed: 17:41, vertices: 1882, facets final: 854, pending: 26974, pool: 100
I 1066.92] Elapsed: 17:47, vertices: 1889, facets final: 858, pending: 27031, pool: 100
I 1071.94] Elapsed: 17:52, vertices: 1896, facets final: 866, pending: 27025, pool: 100
I 1074.30] recalculating facets...
I 1077.34] Elapsed: 17:57, vertices: 1903, facets final: 875, pending: 27021, pool: 100
I 1082.49] Elapsed: 18:02, vertices: 1909, facets final: 882, pending: 26952, pool: 100
I 1087.54] Elapsed: 18:08, vertices: 1917, facets final: 888, pending: 27006, pool: 100
I 1092.61] Elapsed: 18:13, vertices: 1924, facets final: 893, pending: 27068, pool: 99
I 1097.71] Elapsed: 18:18, vertices: 1930, facets final: 905, pending: 27001, pool: 100
I 1103.05] Elapsed: 18:23, vertices: 1939, facets final: 909, pending: 27088, pool: 100
I 1108.31] Elapsed: 18:28, vertices: 1943, facets final: 918, pending: 27059, pool: 100
I 1113.57] Elapsed: 18:34, vertices: 1949, facets final: 920, pending: 27173, pool: 100
I 1118.58] Elapsed: 18:39, vertices: 1956, facets final: 925, pending: 27127, pool: 100
I 1123.66] Elapsed: 18:44, vertices: 1963, facets final: 940, pending: 27175, pool: 100
I 1128.81] Elapsed: 18:49, vertices: 1970, facets final: 945, pending: 27305, pool: 100
I 1133.92] Elapsed: 18:54, vertices: 1978, facets final: 948, pending: 27435, pool: 100
I 1139.13] Elapsed: 18:59, vertices: 1985, facets final: 955, pending: 27259, pool: 100
I 1144.89] Elapsed: 19:05, vertices: 1993, facets final: 959, pending: 27432, pool: 100
I 1149.95] Elapsed: 19:10, vertices: 1998, facets final: 964, pending: 27432, pool: 100
I 1154.20] recalculating facets...
I 1155.12] Elapsed: 19:15, vertices: 2002, facets final: 968, pending: 27425, pool: 100
I 1160.40] Elapsed: 19:20, vertices: 2008, facets final: 979, pending: 27481, pool: 100
I 1165.48] Elapsed: 19:25, vertices: 2013, facets final: 984, pending: 27273, pool: 100
I 1170.52] Elapsed: 19:31, vertices: 2021, facets final: 986, pending: 27120, pool: 100
I 1175.91] Elapsed: 19:36, vertices: 2026, facets final: 989, pending: 27190, pool: 100
I 1181.11] Elapsed: 19:41, vertices: 2033, facets final: 994, pending: 27097, pool: 99
I 1186.52] Elapsed: 19:47, vertices: 2040, facets final: 997, pending: 27098, pool: 100
I 1191.67] Elapsed: 19:52, vertices: 2045, facets final: 1006, pending: 27115, pool: 100
I 1197.52] Elapsed: 19:58, vertices: 2051, facets final: 1019, pending: 27188, pool: 100
I 1202.67] Elapsed: 20:03, vertices: 2056, facets final: 1021, pending: 27082, pool: 100
I 1207.94] Elapsed: 20:08, vertices: 2062, facets final: 1037, pending: 27171, pool: 100
I 1213.09] Elapsed: 20:13, vertices: 2069, facets final: 1044, pending: 27045, pool: 100
I 1218.28] Elapsed: 20:18, vertices: 2073, facets final: 1054, pending: 27023, pool: 100
I 1223.28] Elapsed: 20:23, vertices: 2081, facets final: 1061, pending: 26903, pool: 100
I 1228.88] Elapsed: 20:29, vertices: 2088, facets final: 1069, pending: 26831, pool: 100
I 1234.37] Elapsed: 20:34, vertices: 2096, facets final: 1071, pending: 26832, pool: 100
I 1237.48] recalculating facets...
I 1239.37] Elapsed: 20:39, vertices: 2103, facets final: 1075, pending: 26655, pool: 100
I 1244.39] Elapsed: 20:44, vertices: 2110, facets final: 1079, pending: 26537, pool: 100
I 1249.53] Elapsed: 20:50, vertices: 2117, facets final: 1084, pending: 26510, pool: 100
I 1254.77] Elapsed: 20:55, vertices: 2125, facets final: 1088, pending: 26563, pool: 100
I 1259.90] Elapsed: 21:00, vertices: 2133, facets final: 1097, pending: 26519, pool: 100
I 1264.92] Elapsed: 21:05, vertices: 2140, facets final: 1099, pending: 26527, pool: 100
I 1270.00] Elapsed: 21:10, vertices: 2146, facets final: 1107, pending: 26487, pool: 100
I 1275.02] Elapsed: 21:15, vertices: 2152, facets final: 1115, pending: 26568, pool: 100
I 1280.11] Elapsed: 21:20, vertices: 2158, facets final: 1125, pending: 26683, pool: 100
I 1285.21] Elapsed: 21:25, vertices: 2165, facets final: 1128, pending: 26443, pool: 100
I 1290.28] Elapsed: 21:30, vertices: 2172, facets final: 1132, pending: 26294, pool: 100
I 1295.29] Elapsed: 21:35, vertices: 2180, facets final: 1143, pending: 26216, pool: 100
I 1300.37] Elapsed: 21:40, vertices: 2188, facets final: 1148, pending: 26206, pool: 100
I 1305.38] Elapsed: 21:45, vertices: 2194, facets final: 1155, pending: 26451, pool: 100
I 1310.52] Elapsed: 21:51, vertices: 2199, facets final: 1166, pending: 26405, pool: 100
I 1311.46] recalculating facets...
I 1315.79] Elapsed: 21:56, vertices: 2206, facets final: 1174, pending: 26398, pool: 100
I 1320.91] Elapsed: 22:01, vertices: 2214, facets final: 1176, pending: 26498, pool: 100
I 1326.34] Elapsed: 22:06, vertices: 2219, facets final: 1186, pending: 26609, pool: 100
I 1331.39] Elapsed: 22:11, vertices: 2223, facets final: 1200, pending: 26665, pool: 100
I 1336.69] Elapsed: 22:17, vertices: 2230, facets final: 1211, pending: 26637, pool: 100
I 1341.69] Elapsed: 22:22, vertices: 2238, facets final: 1222, pending: 26588, pool: 100
I 1347.73] Elapsed: 22:28, vertices: 2245, facets final: 1233, pending: 26510, pool: 100
I 1352.79] Elapsed: 22:33, vertices: 2250, facets final: 1246, pending: 26584, pool: 100
I 1357.90] Elapsed: 22:38, vertices: 2258, facets final: 1254, pending: 26493, pool: 100
I 1362.92] Elapsed: 22:43, vertices: 2263, facets final: 1258, pending: 26295, pool: 100
I 1368.02] Elapsed: 22:48, vertices: 2270, facets final: 1269, pending: 26223, pool: 100
I 1373.25] Elapsed: 22:53, vertices: 2278, facets final: 1275, pending: 26239, pool: 100
I 1378.41] Elapsed: 22:58, vertices: 2285, facets final: 1279, pending: 26287, pool: 100
I 1383.43] Elapsed: 23:03, vertices: 2293, facets final: 1285, pending: 26385, pool: 100
I 1388.64] Elapsed: 23:09, vertices: 2300, facets final: 1289, pending: 26264, pool: 100
I 1389.06] recalculating facets...
I 1393.67] Elapsed: 23:14, vertices: 2307, facets final: 1300, pending: 26225, pool: 100
I 1398.87] Elapsed: 23:19, vertices: 2315, facets final: 1306, pending: 26260, pool: 100
I 1404.41] Elapsed: 23:24, vertices: 2322, facets final: 1308, pending: 26387, pool: 100
I 1409.71] Elapsed: 23:30, vertices: 2329, facets final: 1315, pending: 26408, pool: 100
I 1414.74] Elapsed: 23:35, vertices: 2336, facets final: 1322, pending: 26404, pool: 100
I 1419.74] Elapsed: 23:40, vertices: 2342, facets final: 1333, pending: 26448, pool: 100
I 1424.87] Elapsed: 23:45, vertices: 2348, facets final: 1348, pending: 26418, pool: 100
I 1429.90] Elapsed: 23:50, vertices: 2355, facets final: 1359, pending: 26415, pool: 100
I 1434.92] Elapsed: 23:55, vertices: 2362, facets final: 1372, pending: 26383, pool: 100
I 1439.96] Elapsed: 24:00, vertices: 2371, facets final: 1376, pending: 26390, pool: 100
I 1444.96] Elapsed: 24:05, vertices: 2378, facets final: 1380, pending: 26452, pool: 100
I 1450.11] Elapsed: 24:10, vertices: 2387, facets final: 1386, pending: 26476, pool: 100
I 1455.11] Elapsed: 24:15, vertices: 2394, facets final: 1398, pending: 26475, pool: 100
I 1460.28] Elapsed: 24:20, vertices: 2400, facets final: 1404, pending: 26480, pool: 100
I 1460.28] recalculating facets...
I 1465.43] Elapsed: 24:25, vertices: 2407, facets final: 1407, pending: 26511, pool: 100
I 1470.54] Elapsed: 24:31, vertices: 2413, facets final: 1412, pending: 26483, pool: 100
I 1475.70] Elapsed: 24:36, vertices: 2419, facets final: 1423, pending: 26415, pool: 100
I 1480.76] Elapsed: 24:41, vertices: 2423, facets final: 1429, pending: 26281, pool: 100
I 1485.79] Elapsed: 24:46, vertices: 2430, facets final: 1436, pending: 26241, pool: 100
I 1490.90] Elapsed: 24:51, vertices: 2436, facets final: 1447, pending: 26227, pool: 100
I 1496.04] Elapsed: 24:56, vertices: 2440, facets final: 1464, pending: 26318, pool: 100
I 1501.12] Elapsed: 25:01, vertices: 2446, facets final: 1472, pending: 26267, pool: 100
I 1506.23] Elapsed: 25:06, vertices: 2451, facets final: 1479, pending: 26381, pool: 100
I 1511.33] Elapsed: 25:11, vertices: 2457, facets final: 1487, pending: 26369, pool: 100
I 1516.41] Elapsed: 25:16, vertices: 2465, facets final: 1495, pending: 26359, pool: 100
I 1521.67] Elapsed: 25:22, vertices: 2473, facets final: 1503, pending: 26417, pool: 100
I 1526.71] Elapsed: 25:27, vertices: 2482, facets final: 1512, pending: 26359, pool: 100
I 1531.86] Elapsed: 25:32, vertices: 2486, facets final: 1527, pending: 26300, pool: 100
I 1536.86] Elapsed: 25:37, vertices: 2492, facets final: 1537, pending: 26206, pool: 100
I 1541.95] Elapsed: 25:42, vertices: 2495, facets final: 1551, pending: 26220, pool: 100
I 1546.61] recalculating facets...
I 1547.03] Elapsed: 25:47, vertices: 2501, facets final: 1559, pending: 26198, pool: 100
I 1552.10] Elapsed: 25:52, vertices: 2508, facets final: 1565, pending: 26127, pool: 99
I 1557.39] Elapsed: 25:57, vertices: 2512, facets final: 1577, pending: 25993, pool: 100
I 1562.61] Elapsed: 26:03, vertices: 2520, facets final: 1587, pending: 25907, pool: 100
I 1567.93] Elapsed: 26:08, vertices: 2528, facets final: 1598, pending: 25907, pool: 100
I 1573.03] Elapsed: 26:13, vertices: 2535, facets final: 1610, pending: 25858, pool: 100
I 1578.14] Elapsed: 26:18, vertices: 2542, facets final: 1618, pending: 25746, pool: 100
I 1583.19] Elapsed: 26:23, vertices: 2547, facets final: 1634, pending: 25781, pool: 100
I 1588.25] Elapsed: 26:28, vertices: 2554, facets final: 1648, pending: 25760, pool: 100
I 1593.26] Elapsed: 26:33, vertices: 2559, facets final: 1658, pending: 25758, pool: 100
I 1598.33] Elapsed: 26:38, vertices: 2567, facets final: 1663, pending: 25700, pool: 100
I 1603.37] Elapsed: 26:43, vertices: 2572, facets final: 1684, pending: 25618, pool: 100
I 1608.47] Elapsed: 26:48, vertices: 2579, facets final: 1696, pending: 25606, pool: 99
I 1613.60] Elapsed: 26:54, vertices: 2587, facets final: 1707, pending: 25609, pool: 100
I 1618.80] Elapsed: 26:59, vertices: 2594, facets final: 1720, pending: 25586, pool: 100
I 1623.11] recalculating facets...
I 1623.89] Elapsed: 27:04, vertices: 2602, facets final: 1727, pending: 25628, pool: 100
I 1629.02] Elapsed: 27:09, vertices: 2610, facets final: 1733, pending: 25568, pool: 100
I 1634.36] Elapsed: 27:14, vertices: 2618, facets final: 1739, pending: 25554, pool: 100
I 1639.48] Elapsed: 27:19, vertices: 2625, facets final: 1746, pending: 25493, pool: 100
I 1644.74] Elapsed: 27:25, vertices: 2632, facets final: 1754, pending: 25437, pool: 100
I 1649.83] Elapsed: 27:30, vertices: 2639, facets final: 1762, pending: 25431, pool: 100
I 1655.05] Elapsed: 27:35, vertices: 2645, facets final: 1772, pending: 25389, pool: 100
I 1660.38] Elapsed: 27:40, vertices: 2652, facets final: 1781, pending: 25446, pool: 100
I 1665.57] Elapsed: 27:46, vertices: 2658, facets final: 1792, pending: 25439, pool: 100
I 1670.79] Elapsed: 27:51, vertices: 2663, facets final: 1805, pending: 25464, pool: 100
I 1675.84] Elapsed: 27:56, vertices: 2670, facets final: 1821, pending: 25424, pool: 100
I 1680.89] Elapsed: 28:01, vertices: 2677, facets final: 1824, pending: 25475, pool: 100
I 1685.93] Elapsed: 28:06, vertices: 2686, facets final: 1830, pending: 25468, pool: 100
I 1691.17] Elapsed: 28:11, vertices: 2694, facets final: 1838, pending: 25432, pool: 100
I 1696.40] Elapsed: 28:16, vertices: 2700, facets final: 1852, pending: 25431, pool: 100
I 1696.40] recalculating facets...
I 1701.46] Elapsed: 28:21, vertices: 2708, facets final: 1862, pending: 25419, pool: 100
I 1706.53] Elapsed: 28:27, vertices: 2713, facets final: 1881, pending: 25363, pool: 100
I 1711.64] Elapsed: 28:32, vertices: 2721, facets final: 1887, pending: 25290, pool: 100
I 1716.81] Elapsed: 28:37, vertices: 2728, facets final: 1897, pending: 25302, pool: 100
I 1722.07] Elapsed: 28:42, vertices: 2733, facets final: 1917, pending: 25310, pool: 100
I 1727.12] Elapsed: 28:47, vertices: 2738, facets final: 1936, pending: 25277, pool: 100
I 1732.41] Elapsed: 28:52, vertices: 2742, facets final: 1948, pending: 25247, pool: 100
I 1737.41] Elapsed: 28:57, vertices: 2749, facets final: 1957, pending: 25308, pool: 99
I 1742.56] Elapsed: 29:03, vertices: 2755, facets final: 1967, pending: 25269, pool: 100
I 1747.57] Elapsed: 29:08, vertices: 2760, facets final: 1982, pending: 25148, pool: 100
I 1752.70] Elapsed: 29:13, vertices: 2765, facets final: 1993, pending: 25234, pool: 100
I 1757.81] Elapsed: 29:18, vertices: 2770, facets final: 2010, pending: 25189, pool: 100
I 1762.91] Elapsed: 29:23, vertices: 2778, facets final: 2020, pending: 25098, pool: 100
I 1767.94] Elapsed: 29:28, vertices: 2783, facets final: 2035, pending: 25177, pool: 100
I 1773.00] Elapsed: 29:33, vertices: 2791, facets final: 2045, pending: 25134, pool: 100
I 1778.09] Elapsed: 29:38, vertices: 2800, facets final: 2051, pending: 25203, pool: 100
I 1778.63] recalculating facets...
I 1783.21] Elapsed: 29:43, vertices: 2804, facets final: 2064, pending: 25184, pool: 100
I 1788.30] Elapsed: 29:48, vertices: 2812, facets final: 2069, pending: 25160, pool: 100
I 1793.44] Elapsed: 29:53, vertices: 2819, facets final: 2076, pending: 25092, pool: 100
I 1798.57] Elapsed: 29:59, vertices: 2826, facets final: 2092, pending: 25055, pool: 100
I 1803.61] Elapsed: 30:04, vertices: 2829, facets final: 2123, pending: 25032, pool: 100
I 1808.83] Elapsed: 30:09, vertices: 2836, facets final: 2133, pending: 25043, pool: 99
I 1813.92] Elapsed: 30:14, vertices: 2842, facets final: 2155, pending: 25081, pool: 100
I 1818.95] Elapsed: 30:19, vertices: 2849, facets final: 2169, pending: 25211, pool: 99
I 1824.11] Elapsed: 30:24, vertices: 2856, facets final: 2179, pending: 25209, pool: 100
I 1829.23] Elapsed: 30:29, vertices: 2862, facets final: 2196, pending: 25202, pool: 100
I 1834.27] Elapsed: 30:34, vertices: 2868, facets final: 2207, pending: 25226, pool: 100
I 1839.41] Elapsed: 30:39, vertices: 2875, facets final: 2218, pending: 25174, pool: 100
I 1844.44] Elapsed: 30:44, vertices: 2881, facets final: 2235, pending: 25183, pool: 100
I 1849.48] Elapsed: 30:49, vertices: 2887, facets final: 2247, pending: 25143, pool: 100
I 1854.72] Elapsed: 30:55, vertices: 2894, facets final: 2258, pending: 25178, pool: 100
I 1858.48] recalculating facets...
I 1859.78] Elapsed: 31:00, vertices: 2901, facets final: 2264, pending: 25079, pool: 100
I 1864.81] Elapsed: 31:05, vertices: 2907, facets final: 2280, pending: 25042, pool: 100
I 1869.81] Elapsed: 31:10, vertices: 2912, facets final: 2298, pending: 25008, pool: 100
I 1875.11] Elapsed: 31:15, vertices: 2919, facets final: 2309, pending: 24988, pool: 100
I 1880.39] Elapsed: 31:20, vertices: 2927, facets final: 2318, pending: 24937, pool: 100
I 1885.48] Elapsed: 31:25, vertices: 2933, facets final: 2333, pending: 24904, pool: 100
I 1890.56] Elapsed: 31:31, vertices: 2940, facets final: 2345, pending: 24824, pool: 99
I 1895.68] Elapsed: 31:36, vertices: 2946, facets final: 2355, pending: 24793, pool: 100
I 1900.69] Elapsed: 31:41, vertices: 2952, facets final: 2364, pending: 24774, pool: 100
I 1905.86] Elapsed: 31:46, vertices: 2958, facets final: 2381, pending: 24672, pool: 100
I 1910.99] Elapsed: 31:51, vertices: 2965, facets final: 2397, pending: 24618, pool: 100
I 1916.15] Elapsed: 31:56, vertices: 2972, facets final: 2405, pending: 24516, pool: 100
I 1921.17] Elapsed: 32:01, vertices: 2977, facets final: 2424, pending: 24455, pool: 100
I 1926.39] Elapsed: 32:06, vertices: 2983, facets final: 2441, pending: 24432, pool: 100
I 1931.57] Elapsed: 32:12, vertices: 2990, facets final: 2451, pending: 24377, pool: 100
I 1936.58] Elapsed: 32:17, vertices: 2997, facets final: 2460, pending: 24307, pool: 100
I 1939.66] recalculating facets...
I 1941.66] Elapsed: 32:22, vertices: 3003, facets final: 2473, pending: 24270, pool: 100
I 1946.68] Elapsed: 32:27, vertices: 3008, facets final: 2493, pending: 24262, pool: 100
I 1951.75] Elapsed: 32:32, vertices: 3014, facets final: 2508, pending: 24281, pool: 99
I 1956.75] Elapsed: 32:37, vertices: 3019, facets final: 2524, pending: 24245, pool: 100
I 1961.76] Elapsed: 32:42, vertices: 3027, facets final: 2536, pending: 24177, pool: 100
I 1966.91] Elapsed: 32:47, vertices: 3033, facets final: 2554, pending: 24190, pool: 99
I 1972.08] Elapsed: 32:52, vertices: 3037, facets final: 2578, pending: 24164, pool: 100
I 1977.13] Elapsed: 32:57, vertices: 3042, facets final: 2600, pending: 24105, pool: 100
I 1982.29] Elapsed: 33:02, vertices: 3048, facets final: 2614, pending: 24060, pool: 100
I 1987.52] Elapsed: 33:08, vertices: 3052, facets final: 2641, pending: 24045, pool: 100
I 1992.53] Elapsed: 33:13, vertices: 3058, facets final: 2657, pending: 23957, pool: 100
I 1997.58] Elapsed: 33:18, vertices: 3066, facets final: 2668, pending: 23874, pool: 100
I 2002.66] Elapsed: 33:23, vertices: 3073, facets final: 2683, pending: 23808, pool: 100
I 2007.78] Elapsed: 33:28, vertices: 3079, facets final: 2697, pending: 23779, pool: 100
I 2012.84] Elapsed: 33:33, vertices: 3086, facets final: 2708, pending: 23701, pool: 100
I 2018.07] Elapsed: 33:38, vertices: 3092, facets final: 2727, pending: 23828, pool: 100
I 2023.17] Elapsed: 33:43, vertices: 3100, facets final: 2735, pending: 23813, pool: 100
I 2024.41] recalculating facets...
I 2028.45] Elapsed: 33:48, vertices: 3104, facets final: 2758, pending: 23798, pool: 100
I 2033.54] Elapsed: 33:54, vertices: 3109, facets final: 2771, pending: 23817, pool: 100
I 2038.68] Elapsed: 33:59, vertices: 3116, facets final: 2781, pending: 23760, pool: 100
I 2043.68] Elapsed: 34:04, vertices: 3124, facets final: 2797, pending: 23678, pool: 100
I 2048.70] Elapsed: 34:09, vertices: 3127, facets final: 2816, pending: 23622, pool: 100
I 2053.71] Elapsed: 34:14, vertices: 3134, facets final: 2832, pending: 23575, pool: 100
I 2058.73] Elapsed: 34:19, vertices: 3140, facets final: 2845, pending: 23572, pool: 100
I 2063.88] Elapsed: 34:24, vertices: 3144, facets final: 2868, pending: 23500, pool: 100
I 2068.96] Elapsed: 34:29, vertices: 3150, facets final: 2885, pending: 23493, pool: 100
I 2074.01] Elapsed: 34:34, vertices: 3156, facets final: 2902, pending: 23398, pool: 100
I 2079.03] Elapsed: 34:39, vertices: 3161, facets final: 2917, pending: 23361, pool: 100
I 2084.22] Elapsed: 34:44, vertices: 3168, facets final: 2931, pending: 23331, pool: 100
I 2089.23] Elapsed: 34:49, vertices: 3175, facets final: 2946, pending: 23218, pool: 100
I 2094.43] Elapsed: 34:54, vertices: 3179, facets final: 2967, pending: 23226, pool: 100
I 2099.50] Elapsed: 35:00, vertices: 3186, facets final: 2983, pending: 23154, pool: 100
I 2104.55] Elapsed: 35:05, vertices: 3191, facets final: 2999, pending: 23184, pool: 100
I 2109.59] Elapsed: 35:10, vertices: 3197, facets final: 3013, pending: 23109, pool: 100
I 2112.72] recalculating facets...
I 2114.66] Elapsed: 35:15, vertices: 3201, facets final: 3034, pending: 23056, pool: 100
I 2119.96] Elapsed: 35:20, vertices: 3209, facets final: 3044, pending: 23040, pool: 100
I 2125.10] Elapsed: 35:25, vertices: 3214, facets final: 3063, pending: 22971, pool: 100
I 2130.20] Elapsed: 35:30, vertices: 3222, facets final: 3069, pending: 22962, pool: 100
I 2135.34] Elapsed: 35:35, vertices: 3229, facets final: 3084, pending: 22940, pool: 97
I 2140.36] Elapsed: 35:40, vertices: 3234, facets final: 3096, pending: 22883, pool: 100
I 2145.38] Elapsed: 35:45, vertices: 3238, facets final: 3116, pending: 22932, pool: 100
I 2150.38] Elapsed: 35:50, vertices: 3245, facets final: 3127, pending: 22953, pool: 100
I 2155.57] Elapsed: 35:56, vertices: 3251, facets final: 3144, pending: 22914, pool: 100
I 2160.69] Elapsed: 36:01, vertices: 3255, facets final: 3165, pending: 22904, pool: 100
I 2165.73] Elapsed: 36:06, vertices: 3258, facets final: 3195, pending: 22859, pool: 100
I 2170.78] Elapsed: 36:11, vertices: 3260, facets final: 3224, pending: 22851, pool: 100
I 2175.89] Elapsed: 36:16, vertices: 3265, facets final: 3243, pending: 22806, pool: 100
I 2181.03] Elapsed: 36:21, vertices: 3271, facets final: 3259, pending: 22769, pool: 100
I 2186.06] Elapsed: 36:26, vertices: 3275, facets final: 3280, pending: 22748, pool: 100
I 2191.12] Elapsed: 36:31, vertices: 3281, facets final: 3301, pending: 22725, pool: 100
I 2196.15] Elapsed: 36:36, vertices: 3285, facets final: 3326, pending: 22702, pool: 99
I 2201.26] Elapsed: 36:41, vertices: 3288, facets final: 3349, pending: 22680, pool: 100
I 2206.27] Elapsed: 36:46, vertices: 3294, facets final: 3368, pending: 22665, pool: 100
I 2211.39] Elapsed: 36:51, vertices: 3299, facets final: 3386, pending: 22638, pool: 100
I 2212.37] recalculating facets...
I 2216.45] Elapsed: 36:56, vertices: 3306, facets final: 3398, pending: 22622, pool: 100
I 2221.50] Elapsed: 37:02, vertices: 3312, facets final: 3415, pending: 22600, pool: 100
I 2226.63] Elapsed: 37:07, vertices: 3317, facets final: 3436, pending: 22566, pool: 100
I 2231.72] Elapsed: 37:12, vertices: 3322, facets final: 3459, pending: 22481, pool: 100
I 2236.79] Elapsed: 37:17, vertices: 3329, facets final: 3474, pending: 22435, pool: 100
I 2241.87] Elapsed: 37:22, vertices: 3336, facets final: 3493, pending: 22447, pool: 100
I 2246.99] Elapsed: 37:27, vertices: 3342, facets final: 3511, pending: 22382, pool: 100
I 2251.99] Elapsed: 37:32, vertices: 3349, facets final: 3526, pending: 22404, pool: 100
I 2257.02] Elapsed: 37:37, vertices: 3353, facets final: 3549, pending: 22373, pool: 98
I 2262.03] Elapsed: 37:42, vertices: 3357, facets final: 3567, pending: 22310, pool: 100
I 2267.06] Elapsed: 37:47, vertices: 3364, facets final: 3584, pending: 22288, pool: 100
I 2272.17] Elapsed: 37:52, vertices: 3371, facets final: 3598, pending: 22315, pool: 100
I 2277.28] Elapsed: 37:57, vertices: 3377, facets final: 3619, pending: 22314, pool: 100
I 2282.36] Elapsed: 38:02, vertices: 3385, facets final: 3633, pending: 22283, pool: 100
I 2287.62] Elapsed: 38:08, vertices: 3391, facets final: 3653, pending: 22250, pool: 100
I 2292.65] Elapsed: 38:13, vertices: 3395, facets final: 3679, pending: 22244, pool: 100
I 2295.43] recalculating facets...
I 2297.68] Elapsed: 38:18, vertices: 3403, facets final: 3691, pending: 22254, pool: 100
I 2302.72] Elapsed: 38:23, vertices: 3409, facets final: 3708, pending: 22167, pool: 100
I 2307.81] Elapsed: 38:28, vertices: 3414, facets final: 3729, pending: 22163, pool: 100
I 2313.02] Elapsed: 38:33, vertices: 3418, facets final: 3752, pending: 22118, pool: 100
I 2318.12] Elapsed: 38:38, vertices: 3422, facets final: 3774, pending: 22107, pool: 100
I 2323.27] Elapsed: 38:43, vertices: 3429, facets final: 3789, pending: 22114, pool: 98
I 2328.38] Elapsed: 38:48, vertices: 3433, facets final: 3809, pending: 22079, pool: 100
I 2333.40] Elapsed: 38:53, vertices: 3434, facets final: 3845, pending: 22039, pool: 99
I 2338.51] Elapsed: 38:59, vertices: 3438, facets final: 3864, pending: 21983, pool: 100
I 2343.73] Elapsed: 39:04, vertices: 3442, facets final: 3889, pending: 21970, pool: 100
I 2348.85] Elapsed: 39:09, vertices: 3448, facets final: 3915, pending: 21939, pool: 100
I 2354.00] Elapsed: 39:14, vertices: 3453, facets final: 3937, pending: 21913, pool: 100
I 2359.04] Elapsed: 39:19, vertices: 3460, facets final: 3954, pending: 21896, pool: 100
I 2364.09] Elapsed: 39:24, vertices: 3467, facets final: 3970, pending: 21857, pool: 100
I 2369.23] Elapsed: 39:29, vertices: 3473, facets final: 3982, pending: 21806, pool: 100
I 2374.29] Elapsed: 39:34, vertices: 3479, facets final: 4005, pending: 21739, pool: 100
I 2379.31] Elapsed: 39:39, vertices: 3482, facets final: 4032, pending: 21689, pool: 100
I 2384.35] Elapsed: 39:44, vertices: 3490, facets final: 4049, pending: 21679, pool: 100
I 2389.40] Elapsed: 39:49, vertices: 3498, facets final: 4063, pending: 21607, pool: 100
I 2392.34] recalculating facets...
I 2394.43] Elapsed: 39:54, vertices: 3501, facets final: 4091, pending: 21578, pool: 100
I 2399.68] Elapsed: 40:00, vertices: 3507, facets final: 4105, pending: 21515, pool: 100
I 2404.68] Elapsed: 40:05, vertices: 3514, facets final: 4123, pending: 21474, pool: 100
I 2409.92] Elapsed: 40:10, vertices: 3516, facets final: 4154, pending: 21428, pool: 100
I 2415.17] Elapsed: 40:15, vertices: 3520, facets final: 4182, pending: 21415, pool: 100
I 2420.20] Elapsed: 40:20, vertices: 3526, facets final: 4204, pending: 21387, pool: 100
I 2425.26] Elapsed: 40:25, vertices: 3531, facets final: 4223, pending: 21383, pool: 100
I 2430.31] Elapsed: 40:30, vertices: 3537, facets final: 4241, pending: 21394, pool: 100
I 2435.44] Elapsed: 40:35, vertices: 3540, facets final: 4267, pending: 21374, pool: 100
I 2440.46] Elapsed: 40:40, vertices: 3541, facets final: 4303, pending: 21333, pool: 100
I 2445.62] Elapsed: 40:46, vertices: 3546, facets final: 4327, pending: 21306, pool: 100
I 2450.79] Elapsed: 40:51, vertices: 3550, facets final: 4353, pending: 21272, pool: 100
I 2455.81] Elapsed: 40:56, vertices: 3554, facets final: 4379, pending: 21238, pool: 99
I 2460.89] Elapsed: 41:01, vertices: 3558, facets final: 4402, pending: 21187, pool: 100
I 2465.89] Elapsed: 41:06, vertices: 3563, facets final: 4420, pending: 21156, pool: 100
I 2471.01] Elapsed: 41:11, vertices: 3568, facets final: 4444, pending: 21100, pool: 100
I 2476.17] Elapsed: 41:16, vertices: 3573, facets final: 4469, pending: 21053, pool: 100
I 2481.46] Elapsed: 41:21, vertices: 3578, facets final: 4489, pending: 21036, pool: 100
I 2486.51] Elapsed: 41:27, vertices: 3585, facets final: 4506, pending: 20998, pool: 100
I 2491.51] Elapsed: 41:32, vertices: 3588, facets final: 4535, pending: 20980, pool: 100
I 2496.57] Elapsed: 41:37, vertices: 3592, facets final: 4559, pending: 20944, pool: 100
I 2501.65] Elapsed: 41:42, vertices: 3598, facets final: 4576, pending: 20901, pool: 100
I 2505.18] recalculating facets...
I 2506.75] Elapsed: 41:47, vertices: 3602, facets final: 4595, pending: 20846, pool: 100
I 2511.77] Elapsed: 41:52, vertices: 3606, facets final: 4627, pending: 20792, pool: 100
I 2516.85] Elapsed: 41:57, vertices: 3611, facets final: 4661, pending: 20730, pool: 99
I 2521.96] Elapsed: 42:02, vertices: 3615, facets final: 4698, pending: 20661, pool: 100
I 2526.97] Elapsed: 42:07, vertices: 3622, facets final: 4727, pending: 20598, pool: 100
I 2532.00] Elapsed: 42:12, vertices: 3630, facets final: 4757, pending: 20511, pool: 100
I 2537.19] Elapsed: 42:17, vertices: 3634, facets final: 4792, pending: 20460, pool: 100
I 2542.42] Elapsed: 42:22, vertices: 3642, facets final: 4816, pending: 20355, pool: 100
I 2547.43] Elapsed: 42:27, vertices: 3651, facets final: 4844, pending: 20312, pool: 100
I 2552.52] Elapsed: 42:33, vertices: 3656, facets final: 4877, pending: 20273, pool: 99
I 2557.52] Elapsed: 42:38, vertices: 3663, facets final: 4901, pending: 20231, pool: 100
I 2562.60] Elapsed: 42:43, vertices: 3669, facets final: 4934, pending: 20204, pool: 100
I 2567.60] Elapsed: 42:48, vertices: 3672, facets final: 4971, pending: 20154, pool: 99
I 2572.60] Elapsed: 42:53, vertices: 3678, facets final: 5000, pending: 20097, pool: 100
I 2577.64] Elapsed: 42:58, vertices: 3683, facets final: 5034, pending: 20031, pool: 100
I 2582.65] Elapsed: 43:03, vertices: 3687, facets final: 5071, pending: 19955, pool: 100
I 2587.70] Elapsed: 43:08, vertices: 3689, facets final: 5112, pending: 19937, pool: 100
I 2592.87] Elapsed: 43:13, vertices: 3696, facets final: 5137, pending: 19885, pool: 100
I 2597.89] Elapsed: 43:18, vertices: 3698, facets final: 5178, pending: 19825, pool: 99
I 2601.19] recalculating facets...
I 2603.17] Elapsed: 43:23, vertices: 3701, facets final: 5216, pending: 19782, pool: 100
I 2608.21] Elapsed: 43:28, vertices: 3707, facets final: 5250, pending: 19744, pool: 100
I 2613.21] Elapsed: 43:33, vertices: 3712, facets final: 5286, pending: 19697, pool: 99
I 2618.26] Elapsed: 43:38, vertices: 3721, facets final: 5313, pending: 19660, pool: 100
I 2623.31] Elapsed: 43:43, vertices: 3724, facets final: 5353, pending: 19624, pool: 100
I 2628.39] Elapsed: 43:48, vertices: 3729, facets final: 5383, pending: 19550, pool: 100
I 2633.39] Elapsed: 43:53, vertices: 3734, facets final: 5423, pending: 19530, pool: 100
I 2638.46] Elapsed: 43:58, vertices: 3742, facets final: 5453, pending: 19465, pool: 100
I 2643.48] Elapsed: 44:03, vertices: 3746, facets final: 5492, pending: 19436, pool: 100
I 2648.55] Elapsed: 44:09, vertices: 3752, facets final: 5523, pending: 19392, pool: 100
I 2653.60] Elapsed: 44:14, vertices: 3757, facets final: 5561, pending: 19306, pool: 100
I 2658.64] Elapsed: 44:19, vertices: 3763, facets final: 5594, pending: 19263, pool: 100
I 2663.71] Elapsed: 44:24, vertices: 3768, facets final: 5630, pending: 19212, pool: 100
I 2668.72] Elapsed: 44:29, vertices: 3770, facets final: 5673, pending: 19160, pool: 100
I 2673.81] Elapsed: 44:34, vertices: 3775, facets final: 5710, pending: 19116, pool: 100
I 2678.85] Elapsed: 44:39, vertices: 3782, facets final: 5744, pending: 19054, pool: 100
I 2683.98] Elapsed: 44:44, vertices: 3791, facets final: 5774, pending: 19031, pool: 100
I 2689.05] Elapsed: 44:49, vertices: 3795, facets final: 5813, pending: 18970, pool: 99
I 2694.09] Elapsed: 44:54, vertices: 3800, facets final: 5854, pending: 18931, pool: 100
I 2694.74] recalculating facets...
I 2699.13] Elapsed: 44:59, vertices: 3804, facets final: 5889, pending: 18915, pool: 100
I 2704.15] Elapsed: 45:04, vertices: 3805, facets final: 5935, pending: 18877, pool: 99
I 2709.15] Elapsed: 45:09, vertices: 3810, facets final: 5971, pending: 18833, pool: 99
I 2714.17] Elapsed: 45:14, vertices: 3814, facets final: 6010, pending: 18773, pool: 99
I 2719.24] Elapsed: 45:19, vertices: 3820, facets final: 6040, pending: 18699, pool: 100
I 2724.35] Elapsed: 45:24, vertices: 3822, facets final: 6081, pending: 18648, pool: 100
I 2729.39] Elapsed: 45:29, vertices: 3826, facets final: 6118, pending: 18602, pool: 100
I 2734.39] Elapsed: 45:34, vertices: 3832, facets final: 6157, pending: 18546, pool: 98
I 2739.42] Elapsed: 45:39, vertices: 3835, facets final: 6198, pending: 18497, pool: 100
I 2744.60] Elapsed: 45:45, vertices: 3838, facets final: 6235, pending: 18458, pool: 100
I 2749.67] Elapsed: 45:50, vertices: 3840, facets final: 6279, pending: 18399, pool: 100
I 2754.73] Elapsed: 45:55, vertices: 3843, facets final: 6323, pending: 18351, pool: 100
I 2759.76] Elapsed: 46:00, vertices: 3847, facets final: 6358, pending: 18305, pool: 99
I 2764.82] Elapsed: 46:05, vertices: 3851, facets final: 6401, pending: 18244, pool: 100
I 2769.88] Elapsed: 46:10, vertices: 3856, facets final: 6438, pending: 18209, pool: 100
I 2774.88] Elapsed: 46:15, vertices: 3860, facets final: 6480, pending: 18142, pool: 100
I 2779.97] Elapsed: 46:20, vertices: 3864, facets final: 6523, pending: 18072, pool: 100
I 2785.14] Elapsed: 46:25, vertices: 3867, facets final: 6571, pending: 18012, pool: 100
I 2790.20] Elapsed: 46:30, vertices: 3869, facets final: 6617, pending: 17951, pool: 100
I 2795.30] Elapsed: 46:35, vertices: 3873, facets final: 6661, pending: 17884, pool: 100
I 2800.40] Elapsed: 46:40, vertices: 3878, facets final: 6698, pending: 17836, pool: 100
I 2805.46] Elapsed: 46:45, vertices: 3884, facets final: 6730, pending: 17820, pool: 99
I 2810.52] Elapsed: 46:51, vertices: 3886, facets final: 6774, pending: 17772, pool: 100
I 2815.56] Elapsed: 46:56, vertices: 3888, facets final: 6822, pending: 17707, pool: 99
I 2820.64] Elapsed: 47:01, vertices: 3890, facets final: 6864, pending: 17655, pool: 100
I 2825.72] Elapsed: 47:06, vertices: 3893, facets final: 6907, pending: 17606, pool: 100
I 2830.86] Elapsed: 47:11, vertices: 3895, facets final: 6951, pending: 17563, pool: 100
I 2835.92] Elapsed: 47:16, vertices: 3900, facets final: 6991, pending: 17520, pool: 100
I 2836.08] recalculating facets...
I 2840.99] Elapsed: 47:21, vertices: 3903, facets final: 7032, pending: 17460, pool: 100
I 2846.03] Elapsed: 47:26, vertices: 3907, facets final: 7075, pending: 17415, pool: 99
I 2851.09] Elapsed: 47:31, vertices: 3909, facets final: 7117, pending: 17380, pool: 100
I 2856.15] Elapsed: 47:36, vertices: 3912, facets final: 7159, pending: 17352, pool: 100
I 2861.17] Elapsed: 47:41, vertices: 3914, facets final: 7202, pending: 17301, pool: 99
I 2866.23] Elapsed: 47:46, vertices: 3915, facets final: 7244, pending: 17259, pool: 100
I 2871.30] Elapsed: 47:51, vertices: 3918, facets final: 7288, pending: 17221, pool: 99
I 2876.36] Elapsed: 47:56, vertices: 3918, facets final: 7335, pending: 17174
I 2881.44] Elapsed: 48:01, vertices: 3924, facets final: 7373, pending: 17144, pool: 100
I 2886.47] Elapsed: 48:06, vertices: 3927, facets final: 7417, pending: 17091, pool: 99
I 2891.58] Elapsed: 48:12, vertices: 3930, facets final: 7463, pending: 17028, pool: 100
I 2896.59] Elapsed: 48:17, vertices: 3933, facets final: 7503, pending: 16981, pool: 100
I 2901.64] Elapsed: 48:22, vertices: 3937, facets final: 7550, pending: 16923, pool: 99
I 2906.75] Elapsed: 48:27, vertices: 3939, facets final: 7595, pending: 16849, pool: 100
I 2911.80] Elapsed: 48:32, vertices: 3941, facets final: 7639, pending: 16798, pool: 100
I 2916.89] Elapsed: 48:37, vertices: 3946, facets final: 7674, pending: 16732, pool: 100
I 2921.89] Elapsed: 48:42, vertices: 3949, facets final: 7709, pending: 16695, pool: 100
I 2927.06] Elapsed: 48:47, vertices: 3952, facets final: 7752, pending: 16640, pool: 99
I 2932.14] Elapsed: 48:52, vertices: 3954, facets final: 7793, pending: 16590, pool: 100
I 2937.19] Elapsed: 48:57, vertices: 3956, facets final: 7835, pending: 16569, pool: 100
I 2942.23] Elapsed: 49:02, vertices: 3958, facets final: 7877, pending: 16523, pool: 100
I 2947.24] Elapsed: 49:07, vertices: 3959, facets final: 7924, pending: 16476, pool: 100
I 2952.33] Elapsed: 49:12, vertices: 3963, facets final: 7959, pending: 16432, pool: 100
I 2957.38] Elapsed: 49:17, vertices: 3964, facets final: 8005, pending: 16388, pool: 100
I 2962.51] Elapsed: 49:23, vertices: 3966, facets final: 8050, pending: 16338, pool: 100
I 2967.52] Elapsed: 49:28, vertices: 3973, facets final: 8077, pending: 16294, pool: 99
I 2972.58] Elapsed: 49:33, vertices: 3976, facets final: 8115, pending: 16251, pool: 100
I 2977.75] Elapsed: 49:38, vertices: 3977, facets final: 8161, pending: 16202, pool: 100
I 2982.76] Elapsed: 49:43, vertices: 3981, facets final: 8202, pending: 16135, pool: 100
I 2987.82] Elapsed: 49:48, vertices: 3983, facets final: 8244, pending: 16093, pool: 100
I 2992.94] Elapsed: 49:53, vertices: 3984, facets final: 8293, pending: 16041, pool: 100
I 2998.08] Elapsed: 49:58, vertices: 3987, facets final: 8334, pending: 15996, pool: 100
I 3003.12] Elapsed: 50:03, vertices: 3991, facets final: 8377, pending: 15961, pool: 99
I 3008.12] Elapsed: 50:08, vertices: 3991, facets final: 8417, pending: 15921
I 3013.13] Elapsed: 50:13, vertices: 3992, facets final: 8458, pending: 15872, pool: 99
I 3018.15] Elapsed: 50:18, vertices: 3995, facets final: 8493, pending: 15836, pool: 99
I 3023.20] Elapsed: 50:23, vertices: 3997, facets final: 8539, pending: 15783, pool: 100
I 3025.58] recalculating facets...
I 3028.32] Elapsed: 50:28, vertices: 4003, facets final: 8573, pending: 15709, pool: 100
I 3033.35] Elapsed: 50:33, vertices: 4007, facets final: 8611, pending: 15677, pool: 99
I 3038.43] Elapsed: 50:38, vertices: 4010, facets final: 8649, pending: 15661, pool: 100
I 3043.47] Elapsed: 50:43, vertices: 4011, facets final: 8697, pending: 15611
I 3048.49] Elapsed: 50:48, vertices: 4014, facets final: 8732, pending: 15580, pool: 100
I 3053.53] Elapsed: 50:54, vertices: 4018, facets final: 8774, pending: 15523, pool: 99
I 3058.57] Elapsed: 50:59, vertices: 4020, facets final: 8816, pending: 15503, pool: 100
I 3063.70] Elapsed: 51:04, vertices: 4022, facets final: 8862, pending: 15455, pool: 100
I 3068.71] Elapsed: 51:09, vertices: 4026, facets final: 8903, pending: 15412, pool: 99
I 3073.78] Elapsed: 51:14, vertices: 4031, facets final: 8939, pending: 15373, pool: 100
I 3078.85] Elapsed: 51:19, vertices: 4033, facets final: 8981, pending: 15328, pool: 100
I 3083.87] Elapsed: 51:24, vertices: 4036, facets final: 9018, pending: 15284, pool: 100
I 3088.88] Elapsed: 51:29, vertices: 4038, facets final: 9059, pending: 15252, pool: 100
I 3093.88] Elapsed: 51:34, vertices: 4041, facets final: 9103, pending: 15200, pool: 100
I 3098.94] Elapsed: 51:39, vertices: 4042, facets final: 9145, pending: 15157, pool: 100
I 3103.96] Elapsed: 51:44, vertices: 4047, facets final: 9186, pending: 15109, pool: 99
I 3108.98] Elapsed: 51:49, vertices: 4048, facets final: 9225, pending: 15062, pool: 100
I 3114.05] Elapsed: 51:54, vertices: 4053, facets final: 9262, pending: 15026, pool: 100
I 3119.27] Elapsed: 51:59, vertices: 4054, facets final: 9307, pending: 14978, pool: 99
I 3124.37] Elapsed: 52:04, vertices: 4056, facets final: 9352, pending: 14926, pool: 100
I 3129.44] Elapsed: 52:09, vertices: 4056, facets final: 9399, pending: 14879
I 3134.50] Elapsed: 52:15, vertices: 4057, facets final: 9444, pending: 14827, pool: 99
I 3139.53] Elapsed: 52:20, vertices: 4059, facets final: 9487, pending: 14812, pool: 100
I 3144.53] Elapsed: 52:25, vertices: 4062, facets final: 9522, pending: 14769, pool: 100
I 3149.62] Elapsed: 52:30, vertices: 4065, facets final: 9559, pending: 14731, pool: 99
I 3154.70] Elapsed: 52:35, vertices: 4067, facets final: 9598, pending: 14696, pool: 100
I 3159.75] Elapsed: 52:40, vertices: 4069, facets final: 9640, pending: 14653, pool: 100
I 3164.77] Elapsed: 52:45, vertices: 4072, facets final: 9677, pending: 14615, pool: 99
I 3169.83] Elapsed: 52:50, vertices: 4074, facets final: 9721, pending: 14560, pool: 100
I 3174.85] Elapsed: 52:55, vertices: 4078, facets final: 9763, pending: 14515, pool: 99
I 3179.88] Elapsed: 53:00, vertices: 4079, facets final: 9805, pending: 14476, pool: 100
I 3184.93] Elapsed: 53:05, vertices: 4083, facets final: 9847, pending: 14420, pool: 100
I 3189.94] Elapsed: 53:10, vertices: 4086, facets final: 9888, pending: 14387, pool: 100
I 3194.95] Elapsed: 53:15, vertices: 4086, facets final: 9939, pending: 14336
I 3199.99] Elapsed: 53:20, vertices: 4088, facets final: 9983, pending: 14286, pool: 99
I 3205.04] Elapsed: 53:25, vertices: 4088, facets final: 10033, pending: 14236
I 3210.08] Elapsed: 53:30, vertices: 4089, facets final: 10079, pending: 14188, pool: 100
I 3215.15] Elapsed: 53:35, vertices: 4091, facets final: 10126, pending: 14137, pool: 100
I 3220.25] Elapsed: 53:40, vertices: 4093, facets final: 10169, pending: 14090, pool: 99
I 3225.27] Elapsed: 53:45, vertices: 4094, facets final: 10215, pending: 14043
I 3230.29] Elapsed: 53:50, vertices: 4096, facets final: 10253, pending: 14011, pool: 99
I 3235.39] Elapsed: 53:55, vertices: 4099, facets final: 10291, pending: 13973, pool: 98
I 3240.48] Elapsed: 54:00, vertices: 4100, facets final: 10332, pending: 13927, pool: 99
I 3242.97] recalculating facets...
I 3245.54] Elapsed: 54:06, vertices: 4102, facets final: 10372, pending: 13890, pool: 100
I 3250.72] Elapsed: 54:11, vertices: 4105, facets final: 10414, pending: 13834, pool: 100
I 3255.80] Elapsed: 54:16, vertices: 4106, facets final: 10463, pending: 13785
I 3260.85] Elapsed: 54:21, vertices: 4108, facets final: 10513, pending: 13739, pool: 100
I 3265.88] Elapsed: 54:26, vertices: 4112, facets final: 10558, pending: 13691, pool: 99
I 3270.90] Elapsed: 54:31, vertices: 4113, facets final: 10608, pending: 13638, pool: 99
I 3275.91] Elapsed: 54:36, vertices: 4114, facets final: 10649, pending: 13595, pool: 98
I 3280.97] Elapsed: 54:41, vertices: 4115, facets final: 10697, pending: 13540, pool: 100
I 3286.01] Elapsed: 54:46, vertices: 4117, facets final: 10743, pending: 13483, pool: 99
I 3291.10] Elapsed: 54:51, vertices: 4120, facets final: 10790, pending: 13426, pool: 99
I 3296.21] Elapsed: 54:56, vertices: 4121, facets final: 10837, pending: 13373, pool: 99
I 3301.32] Elapsed: 55:01, vertices: 4122, facets final: 10884, pending: 13327, pool: 99
I 3306.44] Elapsed: 55:06, vertices: 4124, facets final: 10927, pending: 13279, pool: 100
I 3311.50] Elapsed: 55:12, vertices: 4126, facets final: 10973, pending: 13225, pool: 100
I 3316.52] Elapsed: 55:17, vertices: 4129, facets final: 11014, pending: 13177, pool: 99
I 3321.58] Elapsed: 55:22, vertices: 4131, facets final: 11061, pending: 13125, pool: 98
I 3326.58] Elapsed: 55:27, vertices: 4131, facets final: 11110, pending: 13076
I 3331.58] Elapsed: 55:32, vertices: 4133, facets final: 11150, pending: 13027, pool: 99
I 3336.67] Elapsed: 55:37, vertices: 4135, facets final: 11192, pending: 12985, pool: 100
I 3341.75] Elapsed: 55:42, vertices: 4136, facets final: 11239, pending: 12934, pool: 100
I 3346.85] Elapsed: 55:47, vertices: 4137, facets final: 11289, pending: 12884, pool: 99
I 3351.86] Elapsed: 55:52, vertices: 4139, facets final: 11334, pending: 12848, pool: 100
I 3356.88] Elapsed: 55:57, vertices: 4140, facets final: 11380, pending: 12801, pool: 99
I 3361.88] Elapsed: 56:02, vertices: 4141, facets final: 11425, pending: 12776, pool: 99
I 3366.95] Elapsed: 56:07, vertices: 4142, facets final: 11470, pending: 12732, pool: 99
I 3371.99] Elapsed: 56:12, vertices: 4145, facets final: 11514, pending: 12682, pool: 100
I 3377.04] Elapsed: 56:17, vertices: 4147, facets final: 11560, pending: 12637, pool: 99
I 3382.05] Elapsed: 56:22, vertices: 4148, facets final: 11610, pending: 12584, pool: 99
I 3387.11] Elapsed: 56:27, vertices: 4149, facets final: 11662, pending: 12534, pool: 99
I 3392.16] Elapsed: 56:32, vertices: 4149, facets final: 11714, pending: 12482
I 3397.23] Elapsed: 56:37, vertices: 4150, facets final: 11759, pending: 12437, pool: 99
I 3402.31] Elapsed: 56:42, vertices: 4154, facets final: 11799, pending: 12389, pool: 100
I 3407.37] Elapsed: 56:47, vertices: 4156, facets final: 11846, pending: 12336, pool: 99
I 3412.41] Elapsed: 56:52, vertices: 4158, facets final: 11890, pending: 12284, pool: 99
I 3417.41] Elapsed: 56:57, vertices: 4158, facets final: 11934, pending: 12240
I 3422.42] Elapsed: 57:02, vertices: 4158, facets final: 11984, pending: 12190
I 3427.42] Elapsed: 57:07, vertices: 4159, facets final: 12028, pending: 12146, pool: 99
I 3432.51] Elapsed: 57:13, vertices: 4161, facets final: 12071, pending: 12094, pool: 100
I 3437.54] Elapsed: 57:18, vertices: 4164, facets final: 12111, pending: 12047, pool: 98
I 3442.60] Elapsed: 57:23, vertices: 4165, facets final: 12154, pending: 12000, pool: 99
I 3447.67] Elapsed: 57:28, vertices: 4167, facets final: 12203, pending: 11946, pool: 99
I 3452.78] Elapsed: 57:33, vertices: 4167, facets final: 12248, pending: 11901
I 3457.81] Elapsed: 57:38, vertices: 4168, facets final: 12293, pending: 11854, pool: 99
I 3462.82] Elapsed: 57:43, vertices: 4170, facets final: 12338, pending: 11805, pool: 100
I 3467.86] Elapsed: 57:48, vertices: 4172, facets final: 12382, pending: 11784, pool: 99
I 3472.95] Elapsed: 57:53, vertices: 4173, facets final: 12424, pending: 11739, pool: 99
I 3477.98] Elapsed: 57:58, vertices: 4174, facets final: 12470, pending: 11707, pool: 98
I 3483.06] Elapsed: 58:03, vertices: 4175, facets final: 12516, pending: 11660, pool: 98
I 3488.06] Elapsed: 58:08, vertices: 4175, facets final: 12561, pending: 11615
I 3493.09] Elapsed: 58:13, vertices: 4178, facets final: 12606, pending: 11569, pool: 99
I 3498.09] Elapsed: 58:18, vertices: 4178, facets final: 12654, pending: 11521
I 3503.12] Elapsed: 58:23, vertices: 4180, facets final: 12696, pending: 11477, pool: 98
I 3508.21] Elapsed: 58:28, vertices: 4180, facets final: 12743, pending: 11430
I 3513.33] Elapsed: 58:33, vertices: 4183, facets final: 12786, pending: 11384, pool: 100
I 3518.36] Elapsed: 58:38, vertices: 4185, facets final: 12830, pending: 11340, pool: 100
I 3523.40] Elapsed: 58:43, vertices: 4187, facets final: 12871, pending: 11294, pool: 100
I 3528.54] Elapsed: 58:49, vertices: 4189, facets final: 12917, pending: 11242, pool: 100
I 3533.58] Elapsed: 58:54, vertices: 4191, facets final: 12960, pending: 11201, pool: 100
I 3538.64] Elapsed: 58:59, vertices: 4193, facets final: 13001, pending: 11165, pool: 99
I 3543.76] Elapsed: 59:04, vertices: 4195, facets final: 13045, pending: 11121, pool: 100
I 3548.80] Elapsed: 59:09, vertices: 4198, facets final: 13083, pending: 11076, pool: 100
I 3553.86] Elapsed: 59:14, vertices: 4200, facets final: 13130, pending: 11025, pool: 98
I 3556.78] recalculating facets...
I 3558.90] Elapsed: 59:19, vertices: 4201, facets final: 13173, pending: 10980, pool: 100
I 3563.95] Elapsed: 59:24, vertices: 4201, facets final: 13224, pending: 10929
I 3568.99] Elapsed: 59:29, vertices: 4204, facets final: 13264, pending: 10889, pool: 99
I 3574.10] Elapsed: 59:34, vertices: 4205, facets final: 13309, pending: 10842, pool: 98
I 3579.16] Elapsed: 59:39, vertices: 4207, facets final: 13351, pending: 10792, pool: 100
I 3584.23] Elapsed: 59:44, vertices: 4208, facets final: 13397, pending: 10741
I 3589.33] Elapsed: 59:49, vertices: 4210, facets final: 13441, pending: 10692, pool: 99
I 3594.38] Elapsed: 59:54, vertices: 4211, facets final: 13488, pending: 10643, pool: 99
I 3599.40] Elapsed: 59:59, vertices: 4212, facets final: 13537, pending: 10596, pool: 99
I 3604.43] Elapsed: 1:00:04, vertices: 4214, facets final: 13582, pending: 10545, pool: 99
I 3609.60] Elapsed: 1:00:10, vertices: 4216, facets final: 13630, pending: 10491, pool: 99
I 3614.69] Elapsed: 1:00:15, vertices: 4216, facets final: 13684, pending: 10437
I 3619.70] Elapsed: 1:00:20, vertices: 4219, facets final: 13727, pending: 10391, pool: 96
I 3624.80] Elapsed: 1:00:25, vertices: 4220, facets final: 13771, pending: 10351, pool: 95
I 3629.95] Elapsed: 1:00:30, vertices: 4221, facets final: 13819, pending: 10302, pool: 99
I 3635.00] Elapsed: 1:00:35, vertices: 4221, facets final: 13867, pending: 10254
I 3640.02] Elapsed: 1:00:40, vertices: 4224, facets final: 13914, pending: 10199, pool: 98
I 3645.09] Elapsed: 1:00:45, vertices: 4225, facets final: 13956, pending: 10154, pool: 97
I 3650.12] Elapsed: 1:00:50, vertices: 4225, facets final: 14002, pending: 10108
I 3655.28] Elapsed: 1:00:55, vertices: 4225, facets final: 14046, pending: 10064, pool: 98
I 3660.32] Elapsed: 1:01:00, vertices: 4226, facets final: 14095, pending: 10009
I 3665.32] Elapsed: 1:01:05, vertices: 4229, facets final: 14136, pending: 9959, pool: 99
I 3670.32] Elapsed: 1:01:10, vertices: 4231, facets final: 14187, pending: 9906, pool: 98
I 3675.40] Elapsed: 1:01:15, vertices: 4234, facets final: 14229, pending: 9858, pool: 99
I 3680.53] Elapsed: 1:01:21, vertices: 4236, facets final: 14273, pending: 9811, pool: 97
I 3685.57] Elapsed: 1:01:26, vertices: 4237, facets final: 14315, pending: 9761, pool: 98
I 3690.61] Elapsed: 1:01:31, vertices: 4238, facets final: 14362, pending: 9710, pool: 97
I 3695.62] Elapsed: 1:01:36, vertices: 4239, facets final: 14404, pending: 9668, pool: 96
I 3700.67] Elapsed: 1:01:41, vertices: 4239, facets final: 14453, pending: 9619
I 3705.69] Elapsed: 1:01:46, vertices: 4241, facets final: 14495, pending: 9577, pool: 96
I 3710.71] Elapsed: 1:01:51, vertices: 4241, facets final: 14544, pending: 9528
I 3715.77] Elapsed: 1:01:56, vertices: 4241, facets final: 14596, pending: 9476
I 3720.85] Elapsed: 1:02:01, vertices: 4242, facets final: 14640, pending: 9431, pool: 96
I 3725.95] Elapsed: 1:02:06, vertices: 4242, facets final: 14687, pending: 9384
I 3731.03] Elapsed: 1:02:11, vertices: 4243, facets final: 14733, pending: 9364, pool: 98
I 3736.05] Elapsed: 1:02:16, vertices: 4244, facets final: 14782, pending: 9312, pool: 97
I 3741.11] Elapsed: 1:02:21, vertices: 4244, facets final: 14831, pending: 9263
I 3746.18] Elapsed: 1:02:26, vertices: 4249, facets final: 14869, pending: 9219, pool: 99
I 3751.18] Elapsed: 1:02:31, vertices: 4249, facets final: 14916, pending: 9172, pool: 98
I 3756.22] Elapsed: 1:02:36, vertices: 4252, facets final: 14963, pending: 9123, pool: 98
I 3761.28] Elapsed: 1:02:41, vertices: 4253, facets final: 15009, pending: 9074, pool: 98
I 3766.34] Elapsed: 1:02:46, vertices: 4253, facets final: 15058, pending: 9025
I 3771.35] Elapsed: 1:02:51, vertices: 4255, facets final: 15102, pending: 8994, pool: 99
I 3776.38] Elapsed: 1:02:56, vertices: 4256, facets final: 15152, pending: 8942, pool: 98
I 3781.40] Elapsed: 1:03:01, vertices: 4257, facets final: 15195, pending: 8897, pool: 98
I 3786.44] Elapsed: 1:03:06, vertices: 4257, facets final: 15244, pending: 8848
I 3791.46] Elapsed: 1:03:11, vertices: 4260, facets final: 15285, pending: 8802, pool: 99
I 3796.49] Elapsed: 1:03:16, vertices: 4261, facets final: 15330, pending: 8755, pool: 99
I 3801.49] Elapsed: 1:03:21, vertices: 4263, facets final: 15375, pending: 8715, pool: 98
I 3806.61] Elapsed: 1:03:27, vertices: 4263, facets final: 15425, pending: 8665
I 3811.61] Elapsed: 1:03:32, vertices: 4264, facets final: 15469, pending: 8621, pool: 98
I 3816.69] Elapsed: 1:03:37, vertices: 4265, facets final: 15520, pending: 8569, pool: 97
I 3821.74] Elapsed: 1:03:42, vertices: 4266, facets final: 15570, pending: 8516, pool: 97
I 3826.78] Elapsed: 1:03:47, vertices: 4266, facets final: 15619, pending: 8467
I 3831.83] Elapsed: 1:03:52, vertices: 4268, facets final: 15664, pending: 8416, pool: 99
I 3836.88] Elapsed: 1:03:57, vertices: 4269, facets final: 15715, pending: 8365, pool: 99
I 3841.94] Elapsed: 1:04:02, vertices: 4269, facets final: 15764, pending: 8316
I 3847.04] Elapsed: 1:04:07, vertices: 4271, facets final: 15808, pending: 8268, pool: 99
I 3852.05] Elapsed: 1:04:12, vertices: 4272, facets final: 15858, pending: 8217, pool: 98
I 3857.14] Elapsed: 1:04:17, vertices: 4273, facets final: 15909, pending: 8164, pool: 97
I 3862.15] Elapsed: 1:04:22, vertices: 4273, facets final: 15958, pending: 8115
I 3867.24] Elapsed: 1:04:27, vertices: 4275, facets final: 16002, pending: 8069, pool: 96
I 3872.33] Elapsed: 1:04:32, vertices: 4275, facets final: 16055, pending: 8016
I 3877.34] Elapsed: 1:04:37, vertices: 4275, facets final: 16103, pending: 7968
I 3882.38] Elapsed: 1:04:42, vertices: 4277, facets final: 16147, pending: 7913, pool: 96
I 3887.40] Elapsed: 1:04:47, vertices: 4277, facets final: 16199, pending: 7861
I 3892.49] Elapsed: 1:04:52, vertices: 4277, facets final: 16243, pending: 7817
I 3897.51] Elapsed: 1:04:58, vertices: 4279, facets final: 16288, pending: 7769, pool: 98
I 3902.60] Elapsed: 1:05:03, vertices: 4280, facets final: 16334, pending: 7721, pool: 97
I 3907.60] Elapsed: 1:05:08, vertices: 4280, facets final: 16381, pending: 7674
I 3912.60] Elapsed: 1:05:13, vertices: 4280, facets final: 16423, pending: 7632
I 3917.71] Elapsed: 1:05:18, vertices: 4281, facets final: 16468, pending: 7585, pool: 96
I 3922.76] Elapsed: 1:05:23, vertices: 4282, facets final: 16510, pending: 7543, pool: 96
I 3927.82] Elapsed: 1:05:28, vertices: 4282, facets final: 16559, pending: 7494
I 3932.86] Elapsed: 1:05:33, vertices: 4283, facets final: 16602, pending: 7450, pool: 97
I 3937.90] Elapsed: 1:05:38, vertices: 4284, facets final: 16650, pending: 7399
I 3942.96] Elapsed: 1:05:43, vertices: 4287, facets final: 16690, pending: 7348, pool: 96
I 3948.03] Elapsed: 1:05:48, vertices: 4287, facets final: 16740, pending: 7298
I 3953.04] Elapsed: 1:05:53, vertices: 4287, facets final: 16788, pending: 7250
I 3958.20] Elapsed: 1:05:58, vertices: 4287, facets final: 16836, pending: 7202
I 3963.25] Elapsed: 1:06:03, vertices: 4289, facets final: 16879, pending: 7159, pool: 96
I 3968.25] Elapsed: 1:06:08, vertices: 4290, facets final: 16920, pending: 7114, pool: 99
I 3973.28] Elapsed: 1:06:13, vertices: 4290, facets final: 16970, pending: 7064
I 3978.34] Elapsed: 1:06:18, vertices: 4292, facets final: 17013, pending: 7020, pool: 98
I 3983.42] Elapsed: 1:06:23, vertices: 4294, facets final: 17060, pending: 6971, pool: 98
I 3988.47] Elapsed: 1:06:28, vertices: 4295, facets final: 17108, pending: 6921, pool: 98
I 3993.48] Elapsed: 1:06:33, vertices: 4296, facets final: 17156, pending: 6872, pool: 99
I 3998.60] Elapsed: 1:06:39, vertices: 4297, facets final: 17205, pending: 6821, pool: 98
I 4003.69] Elapsed: 1:06:44, vertices: 4298, facets final: 17249, pending: 6775, pool: 97
I 4005.71] recalculating facets...
I 4008.88] Elapsed: 1:06:49, vertices: 4301, facets final: 17293, pending: 6747, pool: 98
I 4013.95] Elapsed: 1:06:54, vertices: 4301, facets final: 17339, pending: 6701
I 4019.01] Elapsed: 1:06:59, vertices: 4302, facets final: 17390, pending: 6665, pool: 97
I 4024.01] Elapsed: 1:07:04, vertices: 4302, facets final: 17434, pending: 6621
I 4029.04] Elapsed: 1:07:09, vertices: 4304, facets final: 17479, pending: 6583, pool: 98
I 4034.07] Elapsed: 1:07:14, vertices: 4304, facets final: 17532, pending: 6530
I 4039.12] Elapsed: 1:07:19, vertices: 4306, facets final: 17574, pending: 6484, pool: 99
I 4044.29] Elapsed: 1:07:24, vertices: 4307, facets final: 17622, pending: 6434, pool: 98
I 4049.30] Elapsed: 1:07:29, vertices: 4308, facets final: 17672, pending: 6381, pool: 98
I 4054.31] Elapsed: 1:07:34, vertices: 4309, facets final: 17720, pending: 6334, pool: 98
I 4059.39] Elapsed: 1:07:39, vertices: 4310, facets final: 17771, pending: 6280, pool: 97
I 4064.40] Elapsed: 1:07:44, vertices: 4310, facets final: 17818, pending: 6233
I 4069.42] Elapsed: 1:07:49, vertices: 4310, facets final: 17868, pending: 6183
I 4074.46] Elapsed: 1:07:54, vertices: 4311, facets final: 17917, pending: 6131, pool: 98
I 4079.49] Elapsed: 1:07:59, vertices: 4312, facets final: 17969, pending: 6079, pool: 97
I 4084.52] Elapsed: 1:08:05, vertices: 4313, facets final: 18011, pending: 6035, pool: 97
I 4089.52] Elapsed: 1:08:10, vertices: 4315, facets final: 18052, pending: 5994, pool: 97
I 4094.54] Elapsed: 1:08:15, vertices: 4316, facets final: 18103, pending: 5940, pool: 98
I 4099.60] Elapsed: 1:08:20, vertices: 4317, facets final: 18150, pending: 5893, pool: 97
I 4104.72] Elapsed: 1:08:25, vertices: 4317, facets final: 18203, pending: 5840
I 4109.77] Elapsed: 1:08:30, vertices: 4318, facets final: 18252, pending: 5789, pool: 96
I 4114.88] Elapsed: 1:08:35, vertices: 4319, facets final: 18304, pending: 5733, pool: 98
I 4119.90] Elapsed: 1:08:40, vertices: 4321, facets final: 18353, pending: 5681, pool: 97
I 4124.90] Elapsed: 1:08:45, vertices: 4322, facets final: 18401, pending: 5638, pool: 97
I 4129.98] Elapsed: 1:08:50, vertices: 4323, facets final: 18447, pending: 5590, pool: 96
I 4135.00] Elapsed: 1:08:55, vertices: 4325, facets final: 18496, pending: 5531, pool: 98
I 4140.09] Elapsed: 1:09:00, vertices: 4327, facets final: 18543, pending: 5478, pool: 96
I 4145.16] Elapsed: 1:09:05, vertices: 4328, facets final: 18592, pending: 5427, pool: 96
I 4150.18] Elapsed: 1:09:10, vertices: 4329, facets final: 18637, pending: 5387, pool: 95
I 4155.20] Elapsed: 1:09:15, vertices: 4329, facets final: 18686, pending: 5338
I 4160.30] Elapsed: 1:09:20, vertices: 4330, facets final: 18735, pending: 5285, pool: 95
I 4165.34] Elapsed: 1:09:25, vertices: 4330, facets final: 18782, pending: 5238, pool: 95
I 4170.35] Elapsed: 1:09:30, vertices: 4331, facets final: 18832, pending: 5189
I 4175.38] Elapsed: 1:09:35, vertices: 4333, facets final: 18879, pending: 5142, pool: 93
I 4180.44] Elapsed: 1:09:40, vertices: 4334, facets final: 18927, pending: 5092, pool: 92
I 4185.52] Elapsed: 1:09:46, vertices: 4334, facets final: 18979, pending: 5040
I 4190.57] Elapsed: 1:09:51, vertices: 4335, facets final: 19026, pending: 4993, pool: 93
I 4195.66] Elapsed: 1:09:56, vertices: 4336, facets final: 19074, pending: 4951, pool: 93
I 4200.67] Elapsed: 1:10:01, vertices: 4336, facets final: 19124, pending: 4901
I 4205.69] Elapsed: 1:10:06, vertices: 4337, facets final: 19174, pending: 4849, pool: 92
I 4210.72] Elapsed: 1:10:11, vertices: 4338, facets final: 19222, pending: 4799, pool: 94
I 4215.73] Elapsed: 1:10:16, vertices: 4338, facets final: 19272, pending: 4749
I 4220.78] Elapsed: 1:10:21, vertices: 4339, facets final: 19317, pending: 4702, pool: 93
I 4225.80] Elapsed: 1:10:26, vertices: 4339, facets final: 19361, pending: 4658
I 4230.89] Elapsed: 1:10:31, vertices: 4340, facets final: 19407, pending: 4610, pool: 94
I 4235.91] Elapsed: 1:10:36, vertices: 4341, facets final: 19450, pending: 4565, pool: 93
I 4240.99] Elapsed: 1:10:41, vertices: 4341, facets final: 19499, pending: 4516
I 4246.02] Elapsed: 1:10:46, vertices: 4342, facets final: 19544, pending: 4471, pool: 92
I 4251.12] Elapsed: 1:10:51, vertices: 4342, facets final: 19593, pending: 4422
I 4256.13] Elapsed: 1:10:56, vertices: 4343, facets final: 19639, pending: 4377, pool: 92
I 4261.16] Elapsed: 1:11:01, vertices: 4344, facets final: 19680, pending: 4334, pool: 91
I 4266.21] Elapsed: 1:11:06, vertices: 4345, facets final: 19722, pending: 4290, pool: 90
I 4271.31] Elapsed: 1:11:11, vertices: 4346, facets final: 19767, pending: 4246, pool: 90
I 4276.39] Elapsed: 1:11:16, vertices: 4346, facets final: 19816, pending: 4197
I 4281.46] Elapsed: 1:11:21, vertices: 4346, facets final: 19867, pending: 4146
I 4286.48] Elapsed: 1:11:26, vertices: 4347, facets final: 19910, pending: 4100, pool: 90
I 4291.52] Elapsed: 1:11:32, vertices: 4348, facets final: 19953, pending: 4055, pool: 89
I 4296.55] Elapsed: 1:11:37, vertices: 4349, facets final: 19997, pending: 4009, pool: 88
I 4301.58] Elapsed: 1:11:42, vertices: 4349, facets final: 20045, pending: 3961
I 4306.69] Elapsed: 1:11:47, vertices: 4350, facets final: 20093, pending: 3910, pool: 89
I 4311.77] Elapsed: 1:11:52, vertices: 4350, facets final: 20146, pending: 3857
I 4316.82] Elapsed: 1:11:57, vertices: 4350, facets final: 20193, pending: 3810
I 4321.84] Elapsed: 1:12:02, vertices: 4351, facets final: 20242, pending: 3759, pool: 89
I 4326.90] Elapsed: 1:12:07, vertices: 4351, facets final: 20285, pending: 3716
I 4331.93] Elapsed: 1:12:12, vertices: 4353, facets final: 20327, pending: 3675, pool: 88
I 4336.94] Elapsed: 1:12:17, vertices: 4353, facets final: 20378, pending: 3624
I 4341.94] Elapsed: 1:12:22, vertices: 4354, facets final: 20421, pending: 3579, pool: 87
I 4346.96] Elapsed: 1:12:27, vertices: 4354, facets final: 20468, pending: 3532
I 4352.01] Elapsed: 1:12:32, vertices: 4354, facets final: 20517, pending: 3483
I 4357.07] Elapsed: 1:12:37, vertices: 4355, facets final: 20563, pending: 3435, pool: 86
I 4362.07] Elapsed: 1:12:42, vertices: 4356, facets final: 20606, pending: 3390, pool: 85
I 4367.08] Elapsed: 1:12:47, vertices: 4356, facets final: 20650, pending: 3346, pool: 84
I 4372.11] Elapsed: 1:12:52, vertices: 4357, facets final: 20690, pending: 3311
I 4377.11] Elapsed: 1:12:57, vertices: 4357, facets final: 20739, pending: 3262
I 4382.21] Elapsed: 1:13:02, vertices: 4358, facets final: 20780, pending: 3221, pool: 85
I 4387.25] Elapsed: 1:13:07, vertices: 4358, facets final: 20832, pending: 3169
I 4392.33] Elapsed: 1:13:12, vertices: 4359, facets final: 20877, pending: 3121, pool: 85
I 4397.38] Elapsed: 1:13:17, vertices: 4359, facets final: 20923, pending: 3075
I 4402.44] Elapsed: 1:13:22, vertices: 4359, facets final: 20972, pending: 3026
I 4407.54] Elapsed: 1:13:28, vertices: 4360, facets final: 21016, pending: 2983, pool: 84
I 4412.63] Elapsed: 1:13:33, vertices: 4360, facets final: 21065, pending: 2934
I 4417.73] Elapsed: 1:13:38, vertices: 4361, facets final: 21111, pending: 2886, pool: 83
I 4422.73] Elapsed: 1:13:43, vertices: 4362, facets final: 21159, pending: 2836, pool: 82
I 4427.76] Elapsed: 1:13:48, vertices: 4362, facets final: 21207, pending: 2788
I 4432.76] Elapsed: 1:13:53, vertices: 4363, facets final: 21253, pending: 2741, pool: 82
I 4437.78] Elapsed: 1:13:58, vertices: 4363, facets final: 21298, pending: 2696
I 4442.81] Elapsed: 1:14:03, vertices: 4364, facets final: 21343, pending: 2658, pool: 82
I 4447.85] Elapsed: 1:14:08, vertices: 4364, facets final: 21390, pending: 2611
I 4452.89] Elapsed: 1:14:13, vertices: 4365, facets final: 21437, pending: 2562, pool: 82
I 4457.89] Elapsed: 1:14:18, vertices: 4366, facets final: 21482, pending: 2515, pool: 81
I 4462.97] Elapsed: 1:14:23, vertices: 4367, facets final: 21529, pending: 2467, pool: 81
I 4467.98] Elapsed: 1:14:28, vertices: 4367, facets final: 21572, pending: 2424
I 4473.00] Elapsed: 1:14:33, vertices: 4368, facets final: 21616, pending: 2378, pool: 81
I 4478.00] Elapsed: 1:14:38, vertices: 4369, facets final: 21664, pending: 2328, pool: 80
I 4483.04] Elapsed: 1:14:43, vertices: 4370, facets final: 21712, pending: 2278, pool: 80
I 4488.09] Elapsed: 1:14:48, vertices: 4370, facets final: 21758, pending: 2232
I 4493.19] Elapsed: 1:14:53, vertices: 4371, facets final: 21805, pending: 2183, pool: 79
I 4498.22] Elapsed: 1:14:58, vertices: 4371, facets final: 21857, pending: 2131
I 4503.31] Elapsed: 1:15:03, vertices: 4372, facets final: 21905, pending: 2081, pool: 78
I 4508.39] Elapsed: 1:15:08, vertices: 4373, facets final: 21954, pending: 2034, pool: 77
I 4513.39] Elapsed: 1:15:13, vertices: 4373, facets final: 21999, pending: 1989
I 4518.52] Elapsed: 1:15:19, vertices: 4374, facets final: 22044, pending: 1942, pool: 77
I 4523.54] Elapsed: 1:15:24, vertices: 4374, facets final: 22091, pending: 1895
I 4528.64] Elapsed: 1:15:29, vertices: 4375, facets final: 22137, pending: 1847, pool: 76
I 4533.71] Elapsed: 1:15:34, vertices: 4375, facets final: 22183, pending: 1801
I 4538.71] Elapsed: 1:15:39, vertices: 4376, facets final: 22230, pending: 1760, pool: 75
I 4543.71] Elapsed: 1:15:44, vertices: 4377, facets final: 22278, pending: 1711, pool: 74
I 4548.72] Elapsed: 1:15:49, vertices: 4377, facets final: 22325, pending: 1664
I 4553.73] Elapsed: 1:15:54, vertices: 4378, facets final: 22366, pending: 1622, pool: 73
I 4558.82] Elapsed: 1:15:59, vertices: 4378, facets final: 22411, pending: 1577
I 4563.83] Elapsed: 1:16:04, vertices: 4379, facets final: 22459, pending: 1528, pool: 72
I 4568.84] Elapsed: 1:16:09, vertices: 4380, facets final: 22510, pending: 1476, pool: 71
I 4573.95] Elapsed: 1:16:14, vertices: 4380, facets final: 22557, pending: 1429
I 4579.11] Elapsed: 1:16:19, vertices: 4381, facets final: 22600, pending: 1385, pool: 70
I 4584.22] Elapsed: 1:16:24, vertices: 4382, facets final: 22647, pending: 1337, pool: 70
I 4589.25] Elapsed: 1:16:29, vertices: 4383, facets final: 22692, pending: 1291, pool: 69
I 4594.26] Elapsed: 1:16:34, vertices: 4384, facets final: 22737, pending: 1244, pool: 70
I 4599.27] Elapsed: 1:16:39, vertices: 4385, facets final: 22783, pending: 1197, pool: 69
I 4604.38] Elapsed: 1:16:44, vertices: 4386, facets final: 22830, pending: 1150, pool: 69
I 4609.40] Elapsed: 1:16:49, vertices: 4388, facets final: 22873, pending: 1104, pool: 70
I 4614.52] Elapsed: 1:16:55, vertices: 4390, facets final: 22920, pending: 1061, pool: 68
I 4619.62] Elapsed: 1:17:00, vertices: 4391, facets final: 22963, pending: 1017, pool: 67
I 4624.73] Elapsed: 1:17:05, vertices: 4394, facets final: 23011, pending: 968, pool: 64
I 4629.76] Elapsed: 1:17:10, vertices: 4396, facets final: 23055, pending: 923, pool: 62
I 4634.91] Elapsed: 1:17:15, vertices: 4397, facets final: 23104, pending: 871, pool: 62
I 4640.01] Elapsed: 1:17:20, vertices: 4399, facets final: 23143, pending: 836, pool: 62
I 4645.04] Elapsed: 1:17:25, vertices: 4399, facets final: 23186, pending: 793
I 4647.90] recalculating facets...
I 4650.12] Elapsed: 1:17:30, vertices: 4401, facets final: 23229, pending: 752, pool: 62
I 4655.17] Elapsed: 1:17:35, vertices: 4404, facets final: 23269, pending: 710, pool: 59
I 4660.23] Elapsed: 1:17:40, vertices: 4406, facets final: 23318, pending: 660, pool: 61
I 4665.32] Elapsed: 1:17:45, vertices: 4411, facets final: 23364, pending: 612, pool: 58
I 4670.35] Elapsed: 1:17:50, vertices: 4416, facets final: 23404, pending: 567, pool: 54
I 4675.38] Elapsed: 1:17:55, vertices: 4424, facets final: 23446, pending: 521, pool: 47
I 4680.46] Elapsed: 1:18:00, vertices: 4429, facets final: 23488, pending: 475, pool: 42
I 4685.48] Elapsed: 1:18:05, vertices: 4435, facets final: 23530, pending: 427, pool: 36
I 4690.60] Elapsed: 1:18:11, vertices: 4441, facets final: 23574, pending: 378, pool: 33
I 4695.69] Elapsed: 1:18:16, vertices: 4449, facets final: 23616, pending: 329, pool: 26
I 4700.77] Elapsed: 1:18:21, vertices: 4457, facets final: 23670, pending: 268, pool: 18
I 4705.87] Elapsed: 1:18:26, vertices: 4464, facets final: 23714, pending: 219, pool: 12
I 4710.94] Elapsed: 1:18:31, vertices: 4472, facets final: 23759, pending: 177, pool: 7
I 4715.96] Elapsed: 1:18:36, vertices: 4483, facets final: 23826, pending: 103, pool: 2
I 4720.96] Elapsed: 1:18:41, vertices: 4492, facets final: 23899, pending: 22, pool: 2
I 4722.36] Elapsed: 1:18:42, vertices: 4496, facets final: 23912, pending: 0

--------------------------------
Problem completed
 name                    169.vlp
 output                  vlp/169.res
 rows, cols, objs        165, 4517, 10
 vertices, facets        4496, 23912
 total time              1:18:42
--------------------------------
Statistics
LP:
 oracle calls            28790
   avg iterations/calls  164.64
 total oracle time       53:58
Combinatorics:
 vertices added          4496
 facets probed           37285
 facets # max            29030
 memory allocated        47.25M
 instability warnings    1
 storage expansion
   vertices # / upto     36 / 4604
   facets   # / upto     8 / 32764
 facet manipulating
   added avg / max       78.70 / 1.17k
   compressed            234
 number of ridge tests
   avg / max             1.55M / 33.12M
--------------------------------
Parameters with non-default values
 VertexPoolSize = 100
