C copy string: rs=cd:ab;t=a:bcr;u=r:bd;ar,br,cr,d;ar,br,c,dr; ineq: base30.txt
I    5.37] Elapsed: 5.37, vertices: 21, facets final: 9, pending: 432, pool: 7
I   10.76] Elapsed: 10.76, vertices: 32, facets final: 11, pending: 1094, pool: 34
I   15.93] Elapsed: 15.93, vertices: 41, facets final: 12, pending: 1649, pool: 65
I   20.99] Elapsed: 20.99, vertices: 54, facets final: 12, pending: 2682, pool: 93
I   25.99] Elapsed: 25.99, vertices: 87, facets final: 13, pending: 4911, pool: 100
I   27.93] recalculating facets...
I   31.03] Elapsed: 31.03, vertices: 121, facets final: 13, pending: 7668, pool: 100
I   36.14] Elapsed: 36.14, vertices: 151, facets final: 13, pending: 9199, pool: 100
I   41.21] Elapsed: 41.21, vertices: 179, facets final: 16, pending: 10493, pool: 100
I   44.63] recalculating facets...
I   46.24] Elapsed: 46.24, vertices: 210, facets final: 17, pending: 12518, pool: 100
I   51.36] Elapsed: 51.36, vertices: 235, facets final: 19, pending: 14975, pool: 100
I   56.37] Elapsed: 56.37, vertices: 255, facets final: 20, pending: 15917, pool: 100
I   61.52] Elapsed: 1:02, vertices: 275, facets final: 21, pending: 16784, pool: 100
I   66.58] Elapsed: 1:07, vertices: 296, facets final: 24, pending: 17881, pool: 100
I   67.63] recalculating facets...
I   71.58] Elapsed: 1:12, vertices: 316, facets final: 24, pending: 19026, pool: 100
I   76.68] Elapsed: 1:17, vertices: 335, facets final: 25, pending: 19570, pool: 99
I   81.76] Elapsed: 1:22, vertices: 353, facets final: 28, pending: 21442, pool: 100
I   86.88] Elapsed: 1:27, vertices: 368, facets final: 33, pending: 21935, pool: 100
I   92.09] Elapsed: 1:32, vertices: 384, facets final: 36, pending: 22080, pool: 100
I   97.12] Elapsed: 1:37, vertices: 400, facets final: 39, pending: 22836, pool: 100
I   97.12] recalculating facets...
I  102.14] Elapsed: 1:42, vertices: 415, facets final: 40, pending: 23038, pool: 100
I  107.17] Elapsed: 1:47, vertices: 432, facets final: 40, pending: 23527, pool: 100
I  112.17] Elapsed: 1:52, vertices: 449, facets final: 41, pending: 24301, pool: 100
I  117.41] Elapsed: 1:57, vertices: 467, facets final: 42, pending: 25643, pool: 100
I  122.48] Elapsed: 2:02, vertices: 484, facets final: 43, pending: 26056, pool: 100
I  127.48] Elapsed: 2:07, vertices: 498, facets final: 44, pending: 26574, pool: 100
I  128.17] recalculating facets...
I  132.74] Elapsed: 2:13, vertices: 510, facets final: 45, pending: 27093, pool: 100
I  137.85] Elapsed: 2:18, vertices: 524, facets final: 46, pending: 27889, pool: 100
I  142.88] Elapsed: 2:23, vertices: 535, facets final: 49, pending: 27820, pool: 100
I  147.93] Elapsed: 2:28, vertices: 548, facets final: 49, pending: 28635, pool: 100
I  153.00] Elapsed: 2:33, vertices: 560, facets final: 52, pending: 28840, pool: 100
I  158.11] Elapsed: 2:38, vertices: 572, facets final: 52, pending: 29390, pool: 100
I  163.34] Elapsed: 2:43, vertices: 584, facets final: 52, pending: 29655, pool: 100
I  168.40] Elapsed: 2:48, vertices: 596, facets final: 53, pending: 30468, pool: 100
I  170.11] recalculating facets...
I  173.40] Elapsed: 2:53, vertices: 608, facets final: 55, pending: 30856, pool: 100
I  178.46] Elapsed: 2:58, vertices: 620, facets final: 56, pending: 30351, pool: 100
I  183.47] Elapsed: 3:03, vertices: 631, facets final: 59, pending: 30372, pool: 99
I  188.48] Elapsed: 3:08, vertices: 643, facets final: 61, pending: 31024, pool: 100
I  193.75] Elapsed: 3:14, vertices: 655, facets final: 65, pending: 31967, pool: 100
I  198.97] Elapsed: 3:19, vertices: 667, facets final: 65, pending: 32066, pool: 100
I  203.97] Elapsed: 3:24, vertices: 677, facets final: 66, pending: 32174, pool: 100
I  208.97] Elapsed: 3:29, vertices: 687, facets final: 70, pending: 32300, pool: 100
I  214.30] Elapsed: 3:34, vertices: 699, facets final: 74, pending: 32208, pool: 100
I  214.67] recalculating facets...
I  219.39] Elapsed: 3:39, vertices: 712, facets final: 75, pending: 32724, pool: 100
I  224.59] Elapsed: 3:45, vertices: 723, facets final: 75, pending: 32677, pool: 100
I  229.67] Elapsed: 3:50, vertices: 735, facets final: 78, pending: 33046, pool: 100
I  234.74] Elapsed: 3:55, vertices: 745, facets final: 79, pending: 33013, pool: 100
I  239.88] Elapsed: 4:00, vertices: 755, facets final: 83, pending: 32963, pool: 100
I  244.98] Elapsed: 4:05, vertices: 765, facets final: 87, pending: 33370, pool: 100
I  250.05] Elapsed: 4:10, vertices: 777, facets final: 91, pending: 33765, pool: 100
I  255.19] Elapsed: 4:15, vertices: 788, facets final: 92, pending: 34129, pool: 100
I  260.29] Elapsed: 4:20, vertices: 799, facets final: 97, pending: 34181, pool: 100
I  261.09] recalculating facets...
I  265.29] Elapsed: 4:25, vertices: 809, facets final: 97, pending: 34314, pool: 100
I  270.33] Elapsed: 4:30, vertices: 820, facets final: 98, pending: 34316, pool: 100
I  275.67] Elapsed: 4:36, vertices: 832, facets final: 104, pending: 34516, pool: 99
I  280.71] Elapsed: 4:41, vertices: 842, facets final: 110, pending: 34772, pool: 100
I  285.75] Elapsed: 4:46, vertices: 853, facets final: 115, pending: 35051, pool: 100
I  291.01] Elapsed: 4:51, vertices: 864, facets final: 117, pending: 34981, pool: 100
I  296.06] Elapsed: 4:56, vertices: 874, facets final: 117, pending: 35141, pool: 100
I  301.23] Elapsed: 5:01, vertices: 885, facets final: 118, pending: 35464, pool: 100
I  306.29] Elapsed: 5:06, vertices: 895, facets final: 122, pending: 35882, pool: 100
I  309.16] recalculating facets...
I  311.47] Elapsed: 5:11, vertices: 905, facets final: 126, pending: 36193, pool: 100
I  316.99] Elapsed: 5:17, vertices: 916, facets final: 128, pending: 36077, pool: 100
I  322.22] Elapsed: 5:22, vertices: 927, facets final: 131, pending: 35833, pool: 100
I  327.26] Elapsed: 5:27, vertices: 934, facets final: 134, pending: 36798, pool: 100
I  332.37] Elapsed: 5:32, vertices: 943, facets final: 135, pending: 37160, pool: 100
I  337.52] Elapsed: 5:38, vertices: 949, facets final: 137, pending: 36996, pool: 100
I  342.66] Elapsed: 5:43, vertices: 959, facets final: 144, pending: 36935, pool: 100
I  347.67] Elapsed: 5:48, vertices: 968, facets final: 148, pending: 37074, pool: 100
I  352.71] Elapsed: 5:53, vertices: 977, facets final: 148, pending: 37042, pool: 100
I  357.74] Elapsed: 5:58, vertices: 987, facets final: 151, pending: 37047, pool: 100
I  362.74] Elapsed: 6:03, vertices: 995, facets final: 153, pending: 36920, pool: 100
I  366.28] recalculating facets...
I  367.99] Elapsed: 6:08, vertices: 1002, facets final: 156, pending: 36661, pool: 100
I  373.06] Elapsed: 6:13, vertices: 1013, facets final: 162, pending: 36724, pool: 100
I  378.12] Elapsed: 6:18, vertices: 1022, facets final: 166, pending: 36470, pool: 100
I  383.51] Elapsed: 6:24, vertices: 1033, facets final: 175, pending: 36557, pool: 100
I  388.67] Elapsed: 6:29, vertices: 1045, facets final: 176, pending: 36755, pool: 100
I  393.80] Elapsed: 6:34, vertices: 1053, facets final: 178, pending: 36871, pool: 100
I  398.88] Elapsed: 6:39, vertices: 1062, facets final: 185, pending: 36856, pool: 100
I  404.03] Elapsed: 6:44, vertices: 1071, facets final: 186, pending: 36903, pool: 100
I  409.17] Elapsed: 6:49, vertices: 1081, facets final: 190, pending: 36945, pool: 100
I  414.34] Elapsed: 6:54, vertices: 1090, facets final: 196, pending: 36704, pool: 100
I  419.64] Elapsed: 7:00, vertices: 1100, facets final: 201, pending: 36676, pool: 100
I  419.84] recalculating facets...
I  424.65] Elapsed: 7:05, vertices: 1110, facets final: 203, pending: 36555, pool: 100
I  429.86] Elapsed: 7:10, vertices: 1120, facets final: 208, pending: 36635, pool: 100
I  435.34] Elapsed: 7:15, vertices: 1132, facets final: 210, pending: 36473, pool: 100
I  440.53] Elapsed: 7:21, vertices: 1141, facets final: 212, pending: 36270, pool: 100
I  445.65] Elapsed: 7:26, vertices: 1150, facets final: 213, pending: 36498, pool: 100
I  450.69] Elapsed: 7:31, vertices: 1161, facets final: 216, pending: 36894, pool: 100
I  455.90] Elapsed: 7:36, vertices: 1168, facets final: 218, pending: 37043, pool: 100
I  461.08] Elapsed: 7:41, vertices: 1176, facets final: 221, pending: 36837, pool: 100
I  466.40] Elapsed: 7:46, vertices: 1185, facets final: 224, pending: 37011, pool: 100
I  471.44] Elapsed: 7:51, vertices: 1194, facets final: 226, pending: 37168, pool: 100
I  474.84] recalculating facets...
I  476.46] Elapsed: 7:56, vertices: 1202, facets final: 228, pending: 37161, pool: 100
I  481.51] Elapsed: 8:02, vertices: 1209, facets final: 231, pending: 37297, pool: 100
I  486.71] Elapsed: 8:07, vertices: 1217, facets final: 235, pending: 37226, pool: 100
I  491.81] Elapsed: 8:12, vertices: 1227, facets final: 242, pending: 37227, pool: 100
I  497.01] Elapsed: 8:17, vertices: 1235, facets final: 246, pending: 37376, pool: 100
I  502.01] Elapsed: 8:22, vertices: 1244, facets final: 248, pending: 37336, pool: 100
I  507.02] Elapsed: 8:27, vertices: 1254, facets final: 253, pending: 37284, pool: 100
I  512.11] Elapsed: 8:32, vertices: 1264, facets final: 259, pending: 37002, pool: 100
I  517.58] Elapsed: 8:38, vertices: 1272, facets final: 261, pending: 36681, pool: 100
I  522.72] Elapsed: 8:43, vertices: 1284, facets final: 262, pending: 36374, pool: 100
I  527.77] Elapsed: 8:48, vertices: 1293, facets final: 268, pending: 36335, pool: 100
I  532.83] Elapsed: 8:53, vertices: 1300, facets final: 279, pending: 36445, pool: 100
I  533.07] recalculating facets...
I  538.00] Elapsed: 8:58, vertices: 1308, facets final: 281, pending: 36346, pool: 100
I  543.24] Elapsed: 9:03, vertices: 1320, facets final: 282, pending: 36457, pool: 100
I  548.47] Elapsed: 9:08, vertices: 1330, facets final: 285, pending: 36397, pool: 100
I  553.52] Elapsed: 9:14, vertices: 1339, facets final: 287, pending: 36398, pool: 100
I  558.66] Elapsed: 9:19, vertices: 1348, facets final: 291, pending: 36278, pool: 100
I  563.81] Elapsed: 9:24, vertices: 1358, facets final: 295, pending: 36198, pool: 100
I  568.94] Elapsed: 9:29, vertices: 1366, facets final: 299, pending: 36160, pool: 100
I  573.97] Elapsed: 9:34, vertices: 1375, facets final: 306, pending: 36073, pool: 100
I  579.06] Elapsed: 9:39, vertices: 1384, facets final: 313, pending: 36044, pool: 100
I  584.33] Elapsed: 9:44, vertices: 1392, facets final: 314, pending: 35861, pool: 100
I  588.19] recalculating facets...
I  589.38] Elapsed: 9:49, vertices: 1401, facets final: 320, pending: 35760, pool: 100
I  594.63] Elapsed: 9:55, vertices: 1412, facets final: 322, pending: 35826, pool: 100
I  599.71] Elapsed: 10:00, vertices: 1422, facets final: 331, pending: 35781, pool: 100
I  604.87] Elapsed: 10:05, vertices: 1429, facets final: 335, pending: 35823, pool: 100
I  610.05] Elapsed: 10:10, vertices: 1437, facets final: 336, pending: 35779, pool: 100
I  615.21] Elapsed: 10:15, vertices: 1447, facets final: 341, pending: 35982, pool: 100
I  620.36] Elapsed: 10:20, vertices: 1456, facets final: 346, pending: 35675, pool: 100
I  625.39] Elapsed: 10:25, vertices: 1467, facets final: 354, pending: 35714, pool: 100
I  630.56] Elapsed: 10:31, vertices: 1477, facets final: 361, pending: 35645, pool: 100
I  635.60] Elapsed: 10:36, vertices: 1489, facets final: 367, pending: 35383, pool: 100
I  640.60] Elapsed: 10:41, vertices: 1499, facets final: 376, pending: 35439, pool: 100
I  641.20] recalculating facets...
I  645.74] Elapsed: 10:46, vertices: 1510, facets final: 384, pending: 35430, pool: 100
I  650.80] Elapsed: 10:51, vertices: 1522, facets final: 389, pending: 35336, pool: 100
I  655.94] Elapsed: 10:56, vertices: 1531, facets final: 395, pending: 35325, pool: 100
I  661.16] Elapsed: 11:01, vertices: 1541, facets final: 399, pending: 35383, pool: 100
I  666.34] Elapsed: 11:06, vertices: 1550, facets final: 401, pending: 35475, pool: 100
I  671.48] Elapsed: 11:11, vertices: 1558, facets final: 412, pending: 35218, pool: 100
I  676.55] Elapsed: 11:17, vertices: 1567, facets final: 416, pending: 34826, pool: 100
I  681.74] Elapsed: 11:22, vertices: 1577, facets final: 423, pending: 34683, pool: 100
I  686.75] Elapsed: 11:27, vertices: 1587, facets final: 425, pending: 34573, pool: 100
I  691.77] Elapsed: 11:32, vertices: 1597, facets final: 430, pending: 34661, pool: 100
I  693.43] recalculating facets...
I  696.85] Elapsed: 11:37, vertices: 1607, facets final: 438, pending: 34789, pool: 100
I  701.87] Elapsed: 11:42, vertices: 1615, facets final: 442, pending: 34507, pool: 100
I  706.96] Elapsed: 11:47, vertices: 1626, facets final: 449, pending: 34401, pool: 100
I  712.01] Elapsed: 11:52, vertices: 1636, facets final: 454, pending: 34485, pool: 100
I  717.54] Elapsed: 11:58, vertices: 1647, facets final: 462, pending: 34535, pool: 100
I  722.54] Elapsed: 12:03, vertices: 1655, facets final: 467, pending: 34446, pool: 100
I  727.73] Elapsed: 12:08, vertices: 1663, facets final: 478, pending: 34379, pool: 100
I  732.94] Elapsed: 12:13, vertices: 1674, facets final: 486, pending: 34295, pool: 100
I  738.08] Elapsed: 12:18, vertices: 1685, facets final: 488, pending: 34207, pool: 100
I  743.41] Elapsed: 12:23, vertices: 1696, facets final: 493, pending: 34321, pool: 100
I  745.89] recalculating facets...
I  748.49] Elapsed: 12:28, vertices: 1706, facets final: 497, pending: 34312, pool: 100
I  753.69] Elapsed: 12:34, vertices: 1716, facets final: 500, pending: 34294, pool: 100
I  758.85] Elapsed: 12:39, vertices: 1726, facets final: 504, pending: 34384, pool: 100
I  763.91] Elapsed: 12:44, vertices: 1735, facets final: 508, pending: 34490, pool: 100
I  769.42] Elapsed: 12:49, vertices: 1746, facets final: 516, pending: 34566, pool: 100
I  774.58] Elapsed: 12:55, vertices: 1756, facets final: 518, pending: 34725, pool: 100
I  779.78] Elapsed: 13:00, vertices: 1764, facets final: 527, pending: 34622, pool: 100
I  784.80] Elapsed: 13:05, vertices: 1772, facets final: 533, pending: 34569, pool: 100
I  789.95] Elapsed: 13:10, vertices: 1782, facets final: 537, pending: 34594, pool: 98
I  794.99] Elapsed: 13:15, vertices: 1790, facets final: 547, pending: 34663, pool: 100
I  799.51] recalculating facets...
I  800.12] Elapsed: 13:20, vertices: 1802, facets final: 551, pending: 34598, pool: 100
I  805.23] Elapsed: 13:25, vertices: 1809, facets final: 562, pending: 34507, pool: 100
I  810.31] Elapsed: 13:30, vertices: 1818, facets final: 568, pending: 34560, pool: 100
I  815.33] Elapsed: 13:35, vertices: 1825, facets final: 572, pending: 34587, pool: 100
I  820.56] Elapsed: 13:41, vertices: 1834, facets final: 581, pending: 34465, pool: 100
I  825.63] Elapsed: 13:46, vertices: 1844, facets final: 587, pending: 34421, pool: 100
I  830.66] Elapsed: 13:51, vertices: 1855, facets final: 593, pending: 34271, pool: 100
I  835.76] Elapsed: 13:56, vertices: 1866, facets final: 600, pending: 34323, pool: 100
I  840.83] Elapsed: 14:01, vertices: 1873, facets final: 607, pending: 34058, pool: 100
I  846.03] Elapsed: 14:06, vertices: 1884, facets final: 610, pending: 33884, pool: 100
I  851.03] Elapsed: 14:11, vertices: 1894, facets final: 621, pending: 33914, pool: 100
I  854.21] recalculating facets...
I  856.10] Elapsed: 14:16, vertices: 1903, facets final: 627, pending: 33894, pool: 100
I  861.37] Elapsed: 14:21, vertices: 1911, facets final: 635, pending: 33820, pool: 100
I  866.46] Elapsed: 14:26, vertices: 1920, facets final: 640, pending: 33799, pool: 100
I  871.52] Elapsed: 14:32, vertices: 1930, facets final: 641, pending: 33832, pool: 100
I  876.62] Elapsed: 14:37, vertices: 1937, facets final: 648, pending: 33854, pool: 100
I  881.69] Elapsed: 14:42, vertices: 1946, facets final: 652, pending: 33914, pool: 100
I  886.72] Elapsed: 14:47, vertices: 1957, facets final: 654, pending: 33826, pool: 100
I  891.86] Elapsed: 14:52, vertices: 1966, facets final: 658, pending: 33850, pool: 100
I  897.00] Elapsed: 14:57, vertices: 1976, facets final: 667, pending: 33672, pool: 100
I  902.03] Elapsed: 15:02, vertices: 1986, facets final: 671, pending: 33493, pool: 100
I  907.09] Elapsed: 15:07, vertices: 1995, facets final: 682, pending: 33377, pool: 100
I  910.26] recalculating facets...
I  912.20] Elapsed: 15:12, vertices: 2003, facets final: 684, pending: 33288, pool: 100
I  917.55] Elapsed: 15:18, vertices: 2013, facets final: 692, pending: 33159, pool: 100
I  922.70] Elapsed: 15:23, vertices: 2021, facets final: 696, pending: 32978, pool: 100
I  927.76] Elapsed: 15:28, vertices: 2029, facets final: 708, pending: 32940, pool: 100
I  933.47] Elapsed: 15:33, vertices: 2039, facets final: 721, pending: 32866, pool: 100
I  938.48] Elapsed: 15:38, vertices: 2051, facets final: 728, pending: 32668, pool: 100
I  943.55] Elapsed: 15:44, vertices: 2063, facets final: 734, pending: 32665, pool: 100
I  948.78] Elapsed: 15:49, vertices: 2074, facets final: 741, pending: 32580, pool: 100
I  953.91] Elapsed: 15:54, vertices: 2085, facets final: 749, pending: 32474, pool: 100
I  959.01] Elapsed: 15:59, vertices: 2094, facets final: 753, pending: 32645, pool: 100
I  962.22] recalculating facets...
I  964.03] Elapsed: 16:04, vertices: 2104, facets final: 764, pending: 32654, pool: 100
I  969.04] Elapsed: 16:09, vertices: 2114, facets final: 769, pending: 32769, pool: 100
I  974.35] Elapsed: 16:14, vertices: 2123, facets final: 779, pending: 32648, pool: 100
I  979.37] Elapsed: 16:19, vertices: 2134, facets final: 785, pending: 32428, pool: 100
I  984.38] Elapsed: 16:24, vertices: 2143, facets final: 790, pending: 32455, pool: 100
I  989.47] Elapsed: 16:29, vertices: 2152, facets final: 800, pending: 32476, pool: 100
I  994.55] Elapsed: 16:35, vertices: 2163, facets final: 806, pending: 32516, pool: 100
I  999.71] Elapsed: 16:40, vertices: 2173, facets final: 814, pending: 32434, pool: 100
I 1004.77] Elapsed: 16:45, vertices: 2183, facets final: 824, pending: 32558, pool: 100
I 1009.87] Elapsed: 16:50, vertices: 2193, facets final: 830, pending: 32514, pool: 100
I 1013.41] recalculating facets...
I 1014.98] Elapsed: 16:55, vertices: 2203, facets final: 838, pending: 32622, pool: 100
I 1020.09] Elapsed: 17:00, vertices: 2210, facets final: 847, pending: 32417, pool: 100
I 1025.38] Elapsed: 17:05, vertices: 2221, facets final: 855, pending: 32400, pool: 100
I 1030.53] Elapsed: 17:11, vertices: 2232, facets final: 864, pending: 32250, pool: 100
I 1035.54] Elapsed: 17:16, vertices: 2241, facets final: 875, pending: 32094, pool: 100
I 1040.61] Elapsed: 17:21, vertices: 2250, facets final: 880, pending: 32120, pool: 100
I 1045.87] Elapsed: 17:26, vertices: 2261, facets final: 890, pending: 32081, pool: 100
I 1050.94] Elapsed: 17:31, vertices: 2272, facets final: 901, pending: 31971, pool: 100
I 1056.04] Elapsed: 17:36, vertices: 2282, facets final: 907, pending: 31934, pool: 100
I 1061.25] Elapsed: 17:41, vertices: 2292, facets final: 912, pending: 31876, pool: 100
I 1064.97] recalculating facets...
I 1066.37] Elapsed: 17:46, vertices: 2303, facets final: 917, pending: 31709, pool: 100
I 1071.52] Elapsed: 17:52, vertices: 2314, facets final: 924, pending: 31600, pool: 100
I 1076.58] Elapsed: 17:57, vertices: 2324, facets final: 939, pending: 31480, pool: 100
I 1081.62] Elapsed: 18:02, vertices: 2336, facets final: 946, pending: 31273, pool: 100
I 1086.63] Elapsed: 18:07, vertices: 2345, facets final: 959, pending: 31319, pool: 100
I 1091.71] Elapsed: 18:12, vertices: 2354, facets final: 969, pending: 31307, pool: 100
I 1096.82] Elapsed: 18:17, vertices: 2364, facets final: 976, pending: 31037, pool: 100
I 1101.83] Elapsed: 18:22, vertices: 2375, facets final: 983, pending: 31039, pool: 100
I 1107.00] Elapsed: 18:27, vertices: 2384, facets final: 993, pending: 31134, pool: 100
I 1112.11] Elapsed: 18:32, vertices: 2394, facets final: 1002, pending: 31092, pool: 100
I 1116.02] recalculating facets...
I 1117.13] Elapsed: 18:37, vertices: 2402, facets final: 1016, pending: 30912, pool: 100
I 1122.17] Elapsed: 18:42, vertices: 2407, facets final: 1032, pending: 30883, pool: 100
I 1127.36] Elapsed: 18:47, vertices: 2416, facets final: 1044, pending: 30756, pool: 100
I 1132.37] Elapsed: 18:52, vertices: 2422, facets final: 1055, pending: 30712, pool: 100
I 1137.39] Elapsed: 18:57, vertices: 2433, facets final: 1062, pending: 30660, pool: 100
I 1142.46] Elapsed: 19:02, vertices: 2443, facets final: 1069, pending: 30574, pool: 100
I 1147.52] Elapsed: 19:08, vertices: 2452, facets final: 1075, pending: 30225, pool: 100
I 1152.62] Elapsed: 19:13, vertices: 2462, facets final: 1083, pending: 30380, pool: 100
I 1157.85] Elapsed: 19:18, vertices: 2472, facets final: 1092, pending: 30336, pool: 100
I 1163.06] Elapsed: 19:23, vertices: 2483, facets final: 1103, pending: 30269, pool: 100
I 1168.12] Elapsed: 19:28, vertices: 2493, facets final: 1112, pending: 30115, pool: 100
I 1172.02] recalculating facets...
I 1173.22] Elapsed: 19:33, vertices: 2502, facets final: 1126, pending: 30058, pool: 100
I 1178.30] Elapsed: 19:38, vertices: 2513, facets final: 1139, pending: 30011, pool: 100
I 1183.38] Elapsed: 19:43, vertices: 2521, facets final: 1147, pending: 29978, pool: 100
I 1188.46] Elapsed: 19:48, vertices: 2531, facets final: 1166, pending: 29917, pool: 100
I 1193.50] Elapsed: 19:54, vertices: 2541, facets final: 1178, pending: 29727, pool: 100
I 1198.50] Elapsed: 19:59, vertices: 2553, facets final: 1190, pending: 29621, pool: 100
I 1203.59] Elapsed: 20:04, vertices: 2564, facets final: 1195, pending: 29617, pool: 100
I 1208.60] Elapsed: 20:09, vertices: 2574, facets final: 1202, pending: 29374, pool: 100
I 1213.71] Elapsed: 20:14, vertices: 2585, facets final: 1212, pending: 29274, pool: 100
I 1218.82] Elapsed: 20:19, vertices: 2596, facets final: 1223, pending: 29198, pool: 100
I 1220.87] recalculating facets...
I 1224.05] Elapsed: 20:24, vertices: 2605, facets final: 1242, pending: 29155, pool: 100
I 1229.31] Elapsed: 20:29, vertices: 2614, facets final: 1253, pending: 29000, pool: 100
I 1234.31] Elapsed: 20:34, vertices: 2624, facets final: 1266, pending: 28995, pool: 100
I 1239.37] Elapsed: 20:39, vertices: 2635, facets final: 1278, pending: 28958, pool: 100
I 1244.40] Elapsed: 20:44, vertices: 2646, facets final: 1287, pending: 28887, pool: 100
I 1249.42] Elapsed: 20:49, vertices: 2656, facets final: 1293, pending: 28716, pool: 100
I 1254.44] Elapsed: 20:54, vertices: 2668, facets final: 1302, pending: 28637, pool: 100
I 1259.44] Elapsed: 20:59, vertices: 2676, facets final: 1315, pending: 28554, pool: 100
I 1264.67] Elapsed: 21:05, vertices: 2686, facets final: 1326, pending: 28385, pool: 100
I 1269.69] Elapsed: 21:10, vertices: 2696, facets final: 1333, pending: 28292, pool: 100
I 1271.20] recalculating facets...
I 1274.71] Elapsed: 21:15, vertices: 2708, facets final: 1341, pending: 28350, pool: 100
I 1279.83] Elapsed: 21:20, vertices: 2718, facets final: 1348, pending: 28147, pool: 100
I 1284.97] Elapsed: 21:25, vertices: 2727, facets final: 1366, pending: 28122, pool: 100
I 1290.04] Elapsed: 21:30, vertices: 2738, facets final: 1375, pending: 27926, pool: 100
I 1295.12] Elapsed: 21:35, vertices: 2749, facets final: 1387, pending: 27880, pool: 100
I 1300.33] Elapsed: 21:40, vertices: 2756, facets final: 1409, pending: 27751, pool: 100
I 1305.33] Elapsed: 21:45, vertices: 2767, facets final: 1423, pending: 27749, pool: 100
I 1310.42] Elapsed: 21:50, vertices: 2777, facets final: 1441, pending: 27642, pool: 100
I 1315.46] Elapsed: 21:55, vertices: 2789, facets final: 1446, pending: 27500, pool: 100
I 1320.48] Elapsed: 22:00, vertices: 2799, facets final: 1464, pending: 27512, pool: 100
I 1321.97] recalculating facets...
I 1325.57] Elapsed: 22:06, vertices: 2806, facets final: 1483, pending: 27467, pool: 100
I 1330.93] Elapsed: 22:11, vertices: 2819, facets final: 1491, pending: 27396, pool: 100
I 1336.02] Elapsed: 22:16, vertices: 2829, facets final: 1504, pending: 27330, pool: 100
I 1341.13] Elapsed: 22:21, vertices: 2839, facets final: 1511, pending: 27211, pool: 100
I 1346.13] Elapsed: 22:26, vertices: 2851, facets final: 1520, pending: 27109, pool: 100
I 1351.20] Elapsed: 22:31, vertices: 2861, facets final: 1535, pending: 26996, pool: 100
I 1356.35] Elapsed: 22:36, vertices: 2872, facets final: 1547, pending: 26946, pool: 100
I 1361.36] Elapsed: 22:41, vertices: 2883, facets final: 1557, pending: 26822, pool: 100
I 1366.41] Elapsed: 22:46, vertices: 2891, facets final: 1577, pending: 26738, pool: 100
I 1371.51] Elapsed: 22:52, vertices: 2899, facets final: 1599, pending: 26566, pool: 100
I 1372.09] recalculating facets...
I 1376.55] Elapsed: 22:57, vertices: 2909, facets final: 1612, pending: 26552, pool: 100
I 1381.55] Elapsed: 23:02, vertices: 2918, facets final: 1630, pending: 26427, pool: 100
I 1386.57] Elapsed: 23:07, vertices: 2927, facets final: 1648, pending: 26389, pool: 100
I 1391.59] Elapsed: 23:12, vertices: 2936, facets final: 1671, pending: 26348, pool: 100
I 1396.74] Elapsed: 23:17, vertices: 2947, facets final: 1690, pending: 26255, pool: 100
I 1401.82] Elapsed: 23:22, vertices: 2958, facets final: 1705, pending: 26219, pool: 100
I 1406.84] Elapsed: 23:27, vertices: 2969, facets final: 1715, pending: 26178, pool: 100
I 1411.95] Elapsed: 23:32, vertices: 2977, facets final: 1738, pending: 26115, pool: 100
I 1416.99] Elapsed: 23:37, vertices: 2986, facets final: 1761, pending: 26094, pool: 100
I 1422.22] Elapsed: 23:42, vertices: 2994, facets final: 1788, pending: 25982, pool: 100
I 1426.18] recalculating facets...
I 1427.27] Elapsed: 23:47, vertices: 3002, facets final: 1814, pending: 25841, pool: 100
I 1432.49] Elapsed: 23:52, vertices: 3012, facets final: 1834, pending: 25707, pool: 100
I 1437.49] Elapsed: 23:57, vertices: 3022, facets final: 1855, pending: 25622, pool: 100
I 1442.71] Elapsed: 24:03, vertices: 3033, facets final: 1868, pending: 25579, pool: 98
I 1447.81] Elapsed: 24:08, vertices: 3045, facets final: 1883, pending: 25534, pool: 100
I 1452.95] Elapsed: 24:13, vertices: 3053, facets final: 1908, pending: 25438, pool: 100
I 1458.04] Elapsed: 24:18, vertices: 3063, facets final: 1925, pending: 25357, pool: 100
I 1463.04] Elapsed: 24:23, vertices: 3071, facets final: 1943, pending: 25236, pool: 100
I 1468.07] Elapsed: 24:28, vertices: 3078, facets final: 1970, pending: 25172, pool: 99
I 1473.15] Elapsed: 24:33, vertices: 3087, facets final: 1989, pending: 25060, pool: 100
I 1478.34] Elapsed: 24:38, vertices: 3096, facets final: 2006, pending: 25030, pool: 100
I 1480.15] recalculating facets...
I 1483.44] Elapsed: 24:43, vertices: 3107, facets final: 2023, pending: 24992, pool: 100
I 1488.49] Elapsed: 24:48, vertices: 3116, facets final: 2042, pending: 24886, pool: 100
I 1493.52] Elapsed: 24:54, vertices: 3125, facets final: 2063, pending: 24910, pool: 100
I 1498.73] Elapsed: 24:59, vertices: 3134, facets final: 2083, pending: 24705, pool: 100
I 1503.75] Elapsed: 25:04, vertices: 3144, facets final: 2104, pending: 24628, pool: 100
I 1508.86] Elapsed: 25:09, vertices: 3154, facets final: 2122, pending: 24708, pool: 100
I 1514.01] Elapsed: 25:14, vertices: 3163, facets final: 2141, pending: 24653, pool: 100
I 1519.24] Elapsed: 25:19, vertices: 3173, facets final: 2156, pending: 24609, pool: 100
I 1524.25] Elapsed: 25:24, vertices: 3182, facets final: 2174, pending: 24654, pool: 100
I 1529.47] Elapsed: 25:29, vertices: 3191, facets final: 2193, pending: 24605, pool: 100
I 1534.05] recalculating facets...
I 1534.59] Elapsed: 25:35, vertices: 3201, facets final: 2208, pending: 24511, pool: 100
I 1539.80] Elapsed: 25:40, vertices: 3212, facets final: 2225, pending: 24335, pool: 100
I 1544.87] Elapsed: 25:45, vertices: 3221, facets final: 2248, pending: 24286, pool: 100
I 1549.87] Elapsed: 25:50, vertices: 3230, facets final: 2266, pending: 24116, pool: 100
I 1554.93] Elapsed: 25:55, vertices: 3238, facets final: 2292, pending: 24065, pool: 100
I 1560.09] Elapsed: 26:00, vertices: 3245, facets final: 2316, pending: 23992, pool: 100
I 1565.28] Elapsed: 26:05, vertices: 3252, facets final: 2341, pending: 23972, pool: 100
I 1570.30] Elapsed: 26:10, vertices: 3261, facets final: 2361, pending: 23903, pool: 100
I 1575.54] Elapsed: 26:16, vertices: 3272, facets final: 2378, pending: 23845, pool: 100
I 1580.60] Elapsed: 26:21, vertices: 3283, facets final: 2401, pending: 23786, pool: 100
I 1585.78] Elapsed: 26:26, vertices: 3292, facets final: 2423, pending: 23685, pool: 100
I 1589.41] recalculating facets...
I 1590.85] Elapsed: 26:31, vertices: 3303, facets final: 2446, pending: 23539, pool: 100
I 1596.01] Elapsed: 26:36, vertices: 3312, facets final: 2467, pending: 23402, pool: 100
I 1601.11] Elapsed: 26:41, vertices: 3320, facets final: 2495, pending: 23297, pool: 99
I 1606.17] Elapsed: 26:46, vertices: 3330, facets final: 2515, pending: 23249, pool: 100
I 1611.21] Elapsed: 26:51, vertices: 3340, facets final: 2536, pending: 23186, pool: 100
I 1616.21] Elapsed: 26:56, vertices: 3347, facets final: 2562, pending: 23098, pool: 100
I 1621.29] Elapsed: 27:01, vertices: 3359, facets final: 2580, pending: 23061, pool: 99
I 1626.32] Elapsed: 27:06, vertices: 3368, facets final: 2601, pending: 22981, pool: 100
I 1631.45] Elapsed: 27:11, vertices: 3378, facets final: 2626, pending: 22974, pool: 100
I 1636.52] Elapsed: 27:17, vertices: 3387, facets final: 2649, pending: 22889, pool: 100
I 1641.55] Elapsed: 27:22, vertices: 3396, facets final: 2664, pending: 22865, pool: 100
I 1643.21] recalculating facets...
I 1646.69] Elapsed: 27:27, vertices: 3405, facets final: 2688, pending: 22841, pool: 100
I 1651.76] Elapsed: 27:32, vertices: 3415, facets final: 2712, pending: 22767, pool: 100
I 1656.79] Elapsed: 27:37, vertices: 3424, facets final: 2737, pending: 22658, pool: 100
I 1661.79] Elapsed: 27:42, vertices: 3433, facets final: 2762, pending: 22598, pool: 100
I 1666.80] Elapsed: 27:47, vertices: 3445, facets final: 2777, pending: 22553, pool: 100
I 1671.93] Elapsed: 27:52, vertices: 3453, facets final: 2807, pending: 22518, pool: 100
I 1676.96] Elapsed: 27:57, vertices: 3464, facets final: 2830, pending: 22429, pool: 100
I 1682.04] Elapsed: 28:02, vertices: 3475, facets final: 2852, pending: 22298, pool: 100
I 1687.04] Elapsed: 28:07, vertices: 3483, facets final: 2883, pending: 22210, pool: 100
I 1692.06] Elapsed: 28:12, vertices: 3491, facets final: 2910, pending: 22120, pool: 100
I 1695.63] recalculating facets...
I 1697.11] Elapsed: 28:17, vertices: 3503, facets final: 2924, pending: 22096, pool: 100
I 1702.17] Elapsed: 28:22, vertices: 3512, facets final: 2950, pending: 22041, pool: 100
I 1707.17] Elapsed: 28:27, vertices: 3521, facets final: 2981, pending: 21983, pool: 100
I 1712.27] Elapsed: 28:32, vertices: 3528, facets final: 3012, pending: 21891, pool: 100
I 1717.32] Elapsed: 28:37, vertices: 3536, facets final: 3038, pending: 21814, pool: 100
I 1722.37] Elapsed: 28:42, vertices: 3543, facets final: 3071, pending: 21725, pool: 99
I 1727.37] Elapsed: 28:47, vertices: 3549, facets final: 3103, pending: 21652, pool: 100
I 1732.38] Elapsed: 28:52, vertices: 3559, facets final: 3130, pending: 21646, pool: 100
I 1737.51] Elapsed: 28:58, vertices: 3569, facets final: 3152, pending: 21625, pool: 100
I 1742.56] Elapsed: 29:03, vertices: 3576, facets final: 3182, pending: 21547, pool: 99
I 1747.66] Elapsed: 29:08, vertices: 3583, facets final: 3209, pending: 21511, pool: 100
I 1752.70] Elapsed: 29:13, vertices: 3593, facets final: 3227, pending: 21470, pool: 100
I 1757.29] recalculating facets...
I 1757.78] Elapsed: 29:18, vertices: 3601, facets final: 3252, pending: 21445, pool: 100
I 1762.80] Elapsed: 29:23, vertices: 3605, facets final: 3284, pending: 21355, pool: 99
I 1767.83] Elapsed: 29:28, vertices: 3611, facets final: 3315, pending: 21331, pool: 99
I 1772.94] Elapsed: 29:33, vertices: 3620, facets final: 3336, pending: 21263, pool: 100
I 1778.01] Elapsed: 29:38, vertices: 3630, facets final: 3364, pending: 21285, pool: 100
I 1783.03] Elapsed: 29:43, vertices: 3638, facets final: 3393, pending: 21236, pool: 100
I 1788.09] Elapsed: 29:48, vertices: 3648, facets final: 3416, pending: 21165, pool: 100
I 1793.27] Elapsed: 29:53, vertices: 3657, facets final: 3440, pending: 21143, pool: 100
I 1798.38] Elapsed: 29:58, vertices: 3664, facets final: 3472, pending: 21084, pool: 100
I 1803.51] Elapsed: 30:04, vertices: 3671, facets final: 3504, pending: 21018, pool: 100
I 1808.61] Elapsed: 30:09, vertices: 3679, facets final: 3530, pending: 20992, pool: 100
I 1813.64] Elapsed: 30:14, vertices: 3688, facets final: 3557, pending: 20907, pool: 100
I 1818.66] Elapsed: 30:19, vertices: 3694, facets final: 3590, pending: 20845, pool: 100
I 1823.74] Elapsed: 30:24, vertices: 3698, facets final: 3621, pending: 20795, pool: 100
I 1825.63] recalculating facets...
I 1828.84] Elapsed: 30:29, vertices: 3704, facets final: 3652, pending: 20697, pool: 100
I 1833.84] Elapsed: 30:34, vertices: 3713, facets final: 3681, pending: 20599, pool: 99
I 1839.04] Elapsed: 30:39, vertices: 3720, facets final: 3710, pending: 20511, pool: 100
I 1844.06] Elapsed: 30:44, vertices: 3727, facets final: 3742, pending: 20484, pool: 100
I 1849.13] Elapsed: 30:49, vertices: 3737, facets final: 3767, pending: 20391, pool: 100
I 1854.16] Elapsed: 30:54, vertices: 3743, facets final: 3804, pending: 20328, pool: 99
I 1859.28] Elapsed: 30:59, vertices: 3749, facets final: 3837, pending: 20288, pool: 99
I 1864.39] Elapsed: 31:04, vertices: 3752, facets final: 3878, pending: 20224, pool: 99
I 1869.48] Elapsed: 31:09, vertices: 3756, facets final: 3914, pending: 20163, pool: 100
I 1874.50] Elapsed: 31:15, vertices: 3764, facets final: 3947, pending: 20119, pool: 100
I 1879.50] Elapsed: 31:20, vertices: 3771, facets final: 3975, pending: 20071, pool: 99
I 1884.55] Elapsed: 31:25, vertices: 3778, facets final: 4009, pending: 19975, pool: 100
I 1889.55] Elapsed: 31:30, vertices: 3787, facets final: 4033, pending: 19888, pool: 100
I 1894.80] Elapsed: 31:35, vertices: 3795, facets final: 4065, pending: 19820, pool: 100
I 1896.57] recalculating facets...
I 1899.96] Elapsed: 31:40, vertices: 3806, facets final: 4089, pending: 19764, pool: 100
I 1905.05] Elapsed: 31:45, vertices: 3815, facets final: 4115, pending: 19685, pool: 100
I 1910.12] Elapsed: 31:50, vertices: 3819, facets final: 4154, pending: 19638, pool: 100
I 1915.20] Elapsed: 31:55, vertices: 3823, facets final: 4193, pending: 19589, pool: 99
I 1920.25] Elapsed: 32:00, vertices: 3825, facets final: 4235, pending: 19525, pool: 100
I 1925.31] Elapsed: 32:05, vertices: 3831, facets final: 4268, pending: 19481, pool: 100
I 1930.43] Elapsed: 32:10, vertices: 3836, facets final: 4301, pending: 19432, pool: 97
I 1935.61] Elapsed: 32:16, vertices: 3841, facets final: 4338, pending: 19356, pool: 100
I 1940.72] Elapsed: 32:21, vertices: 3850, facets final: 4364, pending: 19260, pool: 100
I 1945.87] Elapsed: 32:26, vertices: 3855, facets final: 4393, pending: 19242, pool: 100
I 1951.00] Elapsed: 32:31, vertices: 3863, facets final: 4429, pending: 19175, pool: 100
I 1956.11] Elapsed: 32:36, vertices: 3871, facets final: 4457, pending: 19127, pool: 99
I 1961.16] Elapsed: 32:41, vertices: 3878, facets final: 4491, pending: 19072, pool: 100
I 1966.21] Elapsed: 32:46, vertices: 3882, facets final: 4527, pending: 19013, pool: 100
I 1971.24] Elapsed: 32:51, vertices: 3888, facets final: 4560, pending: 18974, pool: 100
I 1976.38] Elapsed: 32:56, vertices: 3896, facets final: 4587, pending: 18895, pool: 100
I 1980.76] recalculating facets...
I 1981.38] Elapsed: 33:01, vertices: 3902, facets final: 4613, pending: 18864, pool: 100
I 1986.41] Elapsed: 33:06, vertices: 3907, facets final: 4648, pending: 18824, pool: 99
I 1991.41] Elapsed: 33:11, vertices: 3908, facets final: 4695, pending: 18777, pool: 100
I 1996.53] Elapsed: 33:17, vertices: 3910, facets final: 4736, pending: 18730, pool: 99
I 2001.62] Elapsed: 33:22, vertices: 3917, facets final: 4765, pending: 18683, pool: 100
I 2006.79] Elapsed: 33:27, vertices: 3923, facets final: 4797, pending: 18595, pool: 100
I 2011.80] Elapsed: 33:32, vertices: 3931, facets final: 4824, pending: 18568, pool: 100
I 2016.87] Elapsed: 33:37, vertices: 3937, facets final: 4855, pending: 18512, pool: 100
I 2022.01] Elapsed: 33:42, vertices: 3944, facets final: 4883, pending: 18469, pool: 100
I 2027.10] Elapsed: 33:47, vertices: 3950, facets final: 4916, pending: 18411, pool: 100
I 2032.20] Elapsed: 33:52, vertices: 3956, facets final: 4952, pending: 18362, pool: 99
I 2037.27] Elapsed: 33:57, vertices: 3962, facets final: 4984, pending: 18320, pool: 99
I 2042.28] Elapsed: 34:02, vertices: 3967, facets final: 5016, pending: 18255, pool: 99
I 2047.34] Elapsed: 34:07, vertices: 3973, facets final: 5041, pending: 18207, pool: 100
I 2052.63] Elapsed: 34:13, vertices: 3978, facets final: 5076, pending: 18167, pool: 100
I 2057.64] Elapsed: 34:18, vertices: 3982, facets final: 5110, pending: 18118, pool: 100
I 2062.69] Elapsed: 34:23, vertices: 3992, facets final: 5134, pending: 18043, pool: 99
I 2067.72] Elapsed: 34:28, vertices: 3996, facets final: 5165, pending: 17990, pool: 100
I 2072.94] Elapsed: 34:33, vertices: 4000, facets final: 5204, pending: 17930, pool: 99
I 2072.94] recalculating facets...
I 2078.07] Elapsed: 34:38, vertices: 4006, facets final: 5235, pending: 17888, pool: 100
I 2083.13] Elapsed: 34:43, vertices: 4013, facets final: 5274, pending: 17829, pool: 100
I 2088.28] Elapsed: 34:48, vertices: 4019, facets final: 5307, pending: 17760, pool: 100
I 2093.30] Elapsed: 34:53, vertices: 4026, facets final: 5335, pending: 17727, pool: 100
I 2098.35] Elapsed: 34:58, vertices: 4031, facets final: 5368, pending: 17729, pool: 100
I 2103.54] Elapsed: 35:04, vertices: 4035, facets final: 5405, pending: 17659, pool: 100
I 2108.60] Elapsed: 35:09, vertices: 4041, facets final: 5438, pending: 17604, pool: 100
I 2113.61] Elapsed: 35:14, vertices: 4046, facets final: 5474, pending: 17569, pool: 99
I 2118.68] Elapsed: 35:19, vertices: 4050, facets final: 5506, pending: 17488, pool: 100
I 2123.79] Elapsed: 35:24, vertices: 4054, facets final: 5541, pending: 17440, pool: 98
I 2128.86] Elapsed: 35:29, vertices: 4057, facets final: 5576, pending: 17394, pool: 100
I 2133.95] Elapsed: 35:34, vertices: 4062, facets final: 5621, pending: 17370, pool: 100
I 2138.96] Elapsed: 35:39, vertices: 4069, facets final: 5648, pending: 17298, pool: 100
I 2144.14] Elapsed: 35:44, vertices: 4074, facets final: 5684, pending: 17233, pool: 99
I 2149.24] Elapsed: 35:49, vertices: 4075, facets final: 5726, pending: 17188, pool: 98
I 2154.27] Elapsed: 35:54, vertices: 4083, facets final: 5753, pending: 17118, pool: 100
I 2159.33] Elapsed: 35:59, vertices: 4085, facets final: 5794, pending: 17083, pool: 99
I 2164.34] Elapsed: 36:04, vertices: 4087, facets final: 5836, pending: 17035, pool: 98
I 2169.37] Elapsed: 36:09, vertices: 4092, facets final: 5872, pending: 16979, pool: 100
I 2174.37] Elapsed: 36:14, vertices: 4096, facets final: 5911, pending: 16917, pool: 99
I 2179.58] Elapsed: 36:20, vertices: 4100, facets final: 5946, pending: 16865, pool: 100
I 2179.58] recalculating facets...
I 2184.60] Elapsed: 36:25, vertices: 4109, facets final: 5972, pending: 16846, pool: 99
I 2189.60] Elapsed: 36:30, vertices: 4114, facets final: 6003, pending: 16809, pool: 100
I 2194.60] Elapsed: 36:35, vertices: 4117, facets final: 6044, pending: 16759, pool: 99
I 2199.67] Elapsed: 36:40, vertices: 4122, facets final: 6076, pending: 16719, pool: 99
I 2204.74] Elapsed: 36:45, vertices: 4125, facets final: 6114, pending: 16723, pool: 99
I 2209.76] Elapsed: 36:50, vertices: 4130, facets final: 6151, pending: 16684, pool: 100
I 2214.76] Elapsed: 36:55, vertices: 4135, facets final: 6189, pending: 16643, pool: 100
I 2219.85] Elapsed: 37:00, vertices: 4137, facets final: 6226, pending: 16576, pool: 99
I 2224.93] Elapsed: 37:05, vertices: 4143, facets final: 6260, pending: 16526, pool: 100
I 2230.05] Elapsed: 37:10, vertices: 4147, facets final: 6295, pending: 16474, pool: 100
I 2235.09] Elapsed: 37:15, vertices: 4154, facets final: 6324, pending: 16421, pool: 99
I 2240.16] Elapsed: 37:20, vertices: 4157, facets final: 6361, pending: 16362, pool: 100
I 2245.25] Elapsed: 37:25, vertices: 4161, facets final: 6400, pending: 16310, pool: 100
I 2250.27] Elapsed: 37:30, vertices: 4163, facets final: 6441, pending: 16262, pool: 98
I 2255.30] Elapsed: 37:35, vertices: 4168, facets final: 6474, pending: 16215, pool: 100
I 2260.34] Elapsed: 37:40, vertices: 4172, facets final: 6514, pending: 16169, pool: 100
I 2265.43] Elapsed: 37:45, vertices: 4177, facets final: 6551, pending: 16123, pool: 99
I 2270.44] Elapsed: 37:50, vertices: 4181, facets final: 6588, pending: 16064, pool: 99
I 2275.55] Elapsed: 37:56, vertices: 4183, facets final: 6636, pending: 16015, pool: 98
I 2280.63] Elapsed: 38:01, vertices: 4185, facets final: 6680, pending: 15974, pool: 100
I 2285.73] Elapsed: 38:06, vertices: 4191, facets final: 6714, pending: 15913, pool: 99
I 2290.90] Elapsed: 38:11, vertices: 4195, facets final: 6752, pending: 15853, pool: 99
I 2295.85] recalculating facets...
I 2296.02] Elapsed: 38:16, vertices: 4201, facets final: 6777, pending: 15819, pool: 100
I 2301.02] Elapsed: 38:21, vertices: 4205, facets final: 6812, pending: 15774, pool: 100
I 2306.08] Elapsed: 38:26, vertices: 4208, facets final: 6849, pending: 15733, pool: 98
I 2311.14] Elapsed: 38:31, vertices: 4214, facets final: 6880, pending: 15687, pool: 100
I 2316.19] Elapsed: 38:36, vertices: 4218, facets final: 6914, pending: 15652, pool: 99
I 2321.27] Elapsed: 38:41, vertices: 4220, facets final: 6959, pending: 15605, pool: 100
I 2326.39] Elapsed: 38:46, vertices: 4226, facets final: 6991, pending: 15555, pool: 100
I 2331.42] Elapsed: 38:51, vertices: 4231, facets final: 7027, pending: 15507, pool: 100
I 2336.50] Elapsed: 38:57, vertices: 4236, facets final: 7067, pending: 15442, pool: 100
I 2341.54] Elapsed: 39:02, vertices: 4240, facets final: 7103, pending: 15418, pool: 98
I 2346.63] Elapsed: 39:07, vertices: 4242, facets final: 7146, pending: 15379, pool: 98
I 2351.70] Elapsed: 39:12, vertices: 4243, facets final: 7188, pending: 15335, pool: 97
I 2356.71] Elapsed: 39:17, vertices: 4245, facets final: 7231, pending: 15281, pool: 98
I 2361.77] Elapsed: 39:22, vertices: 4247, facets final: 7270, pending: 15243, pool: 99
I 2366.80] Elapsed: 39:27, vertices: 4250, facets final: 7310, pending: 15184, pool: 99
I 2371.94] Elapsed: 39:32, vertices: 4254, facets final: 7345, pending: 15130, pool: 100
I 2377.06] Elapsed: 39:37, vertices: 4259, facets final: 7383, pending: 15075, pool: 100
I 2382.26] Elapsed: 39:42, vertices: 4262, facets final: 7420, pending: 15028, pool: 98
I 2387.53] Elapsed: 39:48, vertices: 4264, facets final: 7464, pending: 14976, pool: 97
I 2392.55] Elapsed: 39:53, vertices: 4266, facets final: 7503, pending: 14920, pool: 99
I 2397.58] Elapsed: 39:58, vertices: 4269, facets final: 7545, pending: 14860, pool: 98
I 2402.79] Elapsed: 40:03, vertices: 4272, facets final: 7581, pending: 14800, pool: 100
I 2407.80] Elapsed: 40:08, vertices: 4277, facets final: 7615, pending: 14734, pool: 99
I 2412.80] Elapsed: 40:13, vertices: 4282, facets final: 7649, pending: 14689, pool: 99
I 2417.83] Elapsed: 40:18, vertices: 4284, facets final: 7693, pending: 14641, pool: 100
I 2422.95] Elapsed: 40:23, vertices: 4288, facets final: 7733, pending: 14572, pool: 97
I 2428.05] Elapsed: 40:28, vertices: 4291, facets final: 7769, pending: 14547, pool: 99
I 2433.12] Elapsed: 40:33, vertices: 4293, facets final: 7806, pending: 14500, pool: 99
I 2438.23] Elapsed: 40:38, vertices: 4296, facets final: 7850, pending: 14449, pool: 98
I 2443.46] Elapsed: 40:43, vertices: 4297, facets final: 7894, pending: 14404, pool: 100
I 2447.19] recalculating facets...
I 2448.60] Elapsed: 40:49, vertices: 4302, facets final: 7933, pending: 14354, pool: 99
I 2453.68] Elapsed: 40:54, vertices: 4303, facets final: 7980, pending: 14302, pool: 99
I 2458.70] Elapsed: 40:59, vertices: 4306, facets final: 8026, pending: 14255, pool: 98
I 2463.73] Elapsed: 41:04, vertices: 4309, facets final: 8068, pending: 14206, pool: 98
I 2468.81] Elapsed: 41:09, vertices: 4311, facets final: 8101, pending: 14157, pool: 100
I 2473.86] Elapsed: 41:14, vertices: 4314, facets final: 8150, pending: 14091, pool: 99
I 2478.86] Elapsed: 41:19, vertices: 4316, facets final: 8194, pending: 14035, pool: 99
I 2484.05] Elapsed: 41:24, vertices: 4319, facets final: 8236, pending: 13978, pool: 99
I 2489.14] Elapsed: 41:29, vertices: 4322, facets final: 8278, pending: 13929, pool: 97
I 2494.25] Elapsed: 41:34, vertices: 4324, facets final: 8318, pending: 13880, pool: 99
I 2499.32] Elapsed: 41:39, vertices: 4331, facets final: 8354, pending: 13828, pool: 99
I 2504.40] Elapsed: 41:44, vertices: 4334, facets final: 8396, pending: 13773, pool: 98
I 2509.64] Elapsed: 41:50, vertices: 4337, facets final: 8435, pending: 13724, pool: 98
I 2514.67] Elapsed: 41:55, vertices: 4339, facets final: 8471, pending: 13685, pool: 98
I 2519.74] Elapsed: 42:00, vertices: 4341, facets final: 8511, pending: 13641, pool: 97
I 2524.84] Elapsed: 42:05, vertices: 4343, facets final: 8552, pending: 13580, pool: 100
I 2529.94] Elapsed: 42:10, vertices: 4349, facets final: 8583, pending: 13564, pool: 98
I 2535.01] Elapsed: 42:15, vertices: 4353, facets final: 8624, pending: 13507, pool: 99
I 2540.04] Elapsed: 42:20, vertices: 4355, facets final: 8664, pending: 13477, pool: 98
I 2545.09] Elapsed: 42:25, vertices: 4357, facets final: 8709, pending: 13421, pool: 100
I 2550.13] Elapsed: 42:30, vertices: 4361, facets final: 8746, pending: 13372, pool: 99
I 2555.13] Elapsed: 42:35, vertices: 4364, facets final: 8784, pending: 13317, pool: 99
I 2560.18] Elapsed: 42:40, vertices: 4366, facets final: 8824, pending: 13273, pool: 99
I 2565.31] Elapsed: 42:45, vertices: 4370, facets final: 8866, pending: 13217, pool: 99
I 2570.39] Elapsed: 42:50, vertices: 4372, facets final: 8904, pending: 13176, pool: 98
I 2575.41] Elapsed: 42:55, vertices: 4373, facets final: 8949, pending: 13131, pool: 99
I 2580.66] Elapsed: 43:01, vertices: 4376, facets final: 8993, pending: 13074, pool: 99
I 2585.73] Elapsed: 43:06, vertices: 4378, facets final: 9038, pending: 13023, pool: 99
I 2590.87] Elapsed: 43:11, vertices: 4381, facets final: 9079, pending: 12965, pool: 100
I 2595.92] Elapsed: 43:16, vertices: 4386, facets final: 9118, pending: 12919, pool: 100
I 2600.97] Elapsed: 43:21, vertices: 4389, facets final: 9161, pending: 12871, pool: 99
I 2606.07] Elapsed: 43:26, vertices: 4392, facets final: 9201, pending: 12826, pool: 98
I 2611.07] Elapsed: 43:31, vertices: 4394, facets final: 9247, pending: 12780, pool: 98
I 2616.09] Elapsed: 43:36, vertices: 4397, facets final: 9287, pending: 12728, pool: 99
I 2621.12] Elapsed: 43:41, vertices: 4399, facets final: 9328, pending: 12683, pool: 97
I 2625.87] recalculating facets...
I 2626.20] Elapsed: 43:46, vertices: 4401, facets final: 9376, pending: 12620, pool: 97
I 2631.23] Elapsed: 43:51, vertices: 4401, facets final: 9422, pending: 12574
I 2636.23] Elapsed: 43:56, vertices: 4402, facets final: 9466, pending: 12528, pool: 98
I 2641.32] Elapsed: 44:01, vertices: 4403, facets final: 9511, pending: 12483, pool: 97
I 2646.37] Elapsed: 44:06, vertices: 4405, facets final: 9551, pending: 12437, pool: 99
I 2651.41] Elapsed: 44:11, vertices: 4411, facets final: 9587, pending: 12362, pool: 99
I 2656.49] Elapsed: 44:16, vertices: 4413, facets final: 9629, pending: 12324, pool: 98
I 2661.49] Elapsed: 44:21, vertices: 4415, facets final: 9666, pending: 12279, pool: 98
I 2666.58] Elapsed: 44:27, vertices: 4418, facets final: 9711, pending: 12220, pool: 97
I 2671.63] Elapsed: 44:32, vertices: 4419, facets final: 9756, pending: 12174, pool: 98
I 2676.68] Elapsed: 44:37, vertices: 4421, facets final: 9799, pending: 12126, pool: 99
I 2681.91] Elapsed: 44:42, vertices: 4423, facets final: 9843, pending: 12076, pool: 98
I 2686.98] Elapsed: 44:47, vertices: 4424, facets final: 9892, pending: 12025, pool: 98
I 2692.05] Elapsed: 44:52, vertices: 4425, facets final: 9933, pending: 11982, pool: 97
I 2697.17] Elapsed: 44:57, vertices: 4427, facets final: 9974, pending: 11937, pool: 96
I 2702.17] Elapsed: 45:02, vertices: 4429, facets final: 10014, pending: 11889, pool: 97
I 2707.17] Elapsed: 45:07, vertices: 4430, facets final: 10058, pending: 11847, pool: 98
I 2712.28] Elapsed: 45:12, vertices: 4431, facets final: 10109, pending: 11793, pool: 98
I 2717.39] Elapsed: 45:17, vertices: 4436, facets final: 10148, pending: 11726, pool: 100
I 2722.41] Elapsed: 45:22, vertices: 4440, facets final: 10189, pending: 11687, pool: 98
I 2727.47] Elapsed: 45:27, vertices: 4443, facets final: 10237, pending: 11634, pool: 97
I 2732.55] Elapsed: 45:33, vertices: 4445, facets final: 10279, pending: 11579, pool: 99
I 2737.68] Elapsed: 45:38, vertices: 4447, facets final: 10321, pending: 11529, pool: 98
I 2742.77] Elapsed: 45:43, vertices: 4449, facets final: 10365, pending: 11485, pool: 98
I 2747.96] Elapsed: 45:48, vertices: 4454, facets final: 10408, pending: 11431, pool: 94
I 2752.96] Elapsed: 45:53, vertices: 4454, facets final: 10456, pending: 11383
I 2758.01] Elapsed: 45:58, vertices: 4456, facets final: 10500, pending: 11330, pool: 95
I 2763.06] Elapsed: 46:03, vertices: 4458, facets final: 10544, pending: 11273, pool: 99
I 2768.08] Elapsed: 46:08, vertices: 4462, facets final: 10583, pending: 11212, pool: 98
I 2773.16] Elapsed: 46:13, vertices: 4462, facets final: 10636, pending: 11159
I 2778.16] Elapsed: 46:18, vertices: 4464, facets final: 10682, pending: 11109, pool: 96
I 2783.19] Elapsed: 46:23, vertices: 4465, facets final: 10728, pending: 11061, pool: 95
I 2788.22] Elapsed: 46:28, vertices: 4468, facets final: 10766, pending: 11006, pool: 99
I 2793.42] Elapsed: 46:33, vertices: 4471, facets final: 10808, pending: 10955, pool: 98
I 2798.43] Elapsed: 46:38, vertices: 4472, facets final: 10856, pending: 10906, pool: 98
I 2803.59] Elapsed: 46:44, vertices: 4475, facets final: 10894, pending: 10866, pool: 99
I 2808.64] Elapsed: 46:49, vertices: 4476, facets final: 10944, pending: 10814, pool: 98
I 2813.69] Elapsed: 46:54, vertices: 4477, facets final: 10990, pending: 10766, pool: 98
I 2818.74] Elapsed: 46:59, vertices: 4479, facets final: 11034, pending: 10718, pool: 96
I 2823.77] Elapsed: 47:04, vertices: 4481, facets final: 11077, pending: 10666, pool: 96
I 2828.89] Elapsed: 47:09, vertices: 4483, facets final: 11121, pending: 10610, pool: 97
I 2833.93] Elapsed: 47:14, vertices: 4486, facets final: 11161, pending: 10565, pool: 97
I 2838.95] Elapsed: 47:19, vertices: 4487, facets final: 11202, pending: 10524, pool: 96
I 2843.95] Elapsed: 47:24, vertices: 4489, facets final: 11244, pending: 10486, pool: 97
I 2849.00] Elapsed: 47:29, vertices: 4490, facets final: 11285, pending: 10444, pool: 96
I 2854.13] Elapsed: 47:34, vertices: 4491, facets final: 11330, pending: 10397, pool: 96
I 2859.17] Elapsed: 47:39, vertices: 4493, facets final: 11378, pending: 10345, pool: 96
I 2864.22] Elapsed: 47:44, vertices: 4495, facets final: 11424, pending: 10295, pool: 95
I 2869.25] Elapsed: 47:49, vertices: 4496, facets final: 11471, pending: 10244, pool: 95
I 2874.33] Elapsed: 47:54, vertices: 4496, facets final: 11511, pending: 10204
I 2879.44] Elapsed: 47:59, vertices: 4498, facets final: 11555, pending: 10155, pool: 95
I 2884.45] Elapsed: 48:04, vertices: 4498, facets final: 11603, pending: 10107
I 2889.52] Elapsed: 48:10, vertices: 4499, facets final: 11647, pending: 10065, pool: 95
I 2892.28] recalculating facets...
I 2894.52] Elapsed: 48:15, vertices: 4501, facets final: 11692, pending: 10016, pool: 96
I 2899.57] Elapsed: 48:20, vertices: 4503, facets final: 11732, pending: 9970, pool: 98
I 2904.62] Elapsed: 48:25, vertices: 4505, facets final: 11772, pending: 9922, pool: 99
I 2909.64] Elapsed: 48:30, vertices: 4508, facets final: 11815, pending: 9876, pool: 97
I 2914.67] Elapsed: 48:35, vertices: 4511, facets final: 11854, pending: 9833, pool: 96
I 2919.68] Elapsed: 48:40, vertices: 4512, facets final: 11901, pending: 9784, pool: 96
I 2924.72] Elapsed: 48:45, vertices: 4513, facets final: 11943, pending: 9739, pool: 99
I 2929.72] Elapsed: 48:50, vertices: 4517, facets final: 11982, pending: 9690, pool: 98
I 2934.76] Elapsed: 48:55, vertices: 4520, facets final: 12024, pending: 9644, pool: 96
I 2939.76] Elapsed: 49:00, vertices: 4521, facets final: 12066, pending: 9602, pool: 97
I 2944.79] Elapsed: 49:05, vertices: 4523, facets final: 12115, pending: 9551, pool: 95
I 2949.80] Elapsed: 49:10, vertices: 4525, facets final: 12156, pending: 9507, pool: 96
I 2954.87] Elapsed: 49:15, vertices: 4526, facets final: 12197, pending: 9464, pool: 95
I 2959.88] Elapsed: 49:20, vertices: 4528, facets final: 12239, pending: 9418, pool: 95
I 2964.89] Elapsed: 49:25, vertices: 4530, facets final: 12281, pending: 9373, pool: 93
I 2970.10] Elapsed: 49:30, vertices: 4532, facets final: 12324, pending: 9326, pool: 91
I 2975.15] Elapsed: 49:35, vertices: 4533, facets final: 12372, pending: 9279, pool: 95
I 2980.17] Elapsed: 49:40, vertices: 4534, facets final: 12415, pending: 9236, pool: 95
I 2985.17] Elapsed: 49:45, vertices: 4536, facets final: 12452, pending: 9194, pool: 95
I 2990.17] Elapsed: 49:50, vertices: 4538, facets final: 12492, pending: 9149, pool: 93
I 2995.22] Elapsed: 49:55, vertices: 4539, facets final: 12537, pending: 9103, pool: 93
I 3000.34] Elapsed: 50:00, vertices: 4541, facets final: 12579, pending: 9054, pool: 95
I 3005.37] Elapsed: 50:05, vertices: 4542, facets final: 12626, pending: 9002, pool: 95
I 3010.40] Elapsed: 50:10, vertices: 4543, facets final: 12671, pending: 8956, pool: 96
I 3015.50] Elapsed: 50:16, vertices: 4544, facets final: 12719, pending: 8906, pool: 95
I 3020.53] Elapsed: 50:21, vertices: 4546, facets final: 12763, pending: 8856, pool: 95
I 3025.56] Elapsed: 50:26, vertices: 4548, facets final: 12805, pending: 8805, pool: 97
I 3030.62] Elapsed: 50:31, vertices: 4548, facets final: 12850, pending: 8760, pool: 98
I 3035.64] Elapsed: 50:36, vertices: 4552, facets final: 12889, pending: 8708, pool: 95
I 3040.68] Elapsed: 50:41, vertices: 4553, facets final: 12933, pending: 8662, pool: 94
I 3045.74] Elapsed: 50:46, vertices: 4556, facets final: 12975, pending: 8615, pool: 94
I 3050.75] Elapsed: 50:51, vertices: 4558, facets final: 13018, pending: 8566, pool: 94
I 3055.76] Elapsed: 50:56, vertices: 4559, facets final: 13064, pending: 8515, pool: 95
I 3060.91] Elapsed: 51:01, vertices: 4560, facets final: 13109, pending: 8469, pool: 95
I 3066.01] Elapsed: 51:06, vertices: 4562, facets final: 13160, pending: 8414, pool: 94
I 3071.01] Elapsed: 51:11, vertices: 4563, facets final: 13205, pending: 8377, pool: 93
I 3076.05] Elapsed: 51:16, vertices: 4565, facets final: 13247, pending: 8341, pool: 91
I 3081.08] Elapsed: 51:21, vertices: 4567, facets final: 13285, pending: 8297, pool: 93
I 3086.10] Elapsed: 51:26, vertices: 4569, facets final: 13331, pending: 8247, pool: 93
I 3091.10] Elapsed: 51:31, vertices: 4571, facets final: 13378, pending: 8196, pool: 91
I 3096.17] Elapsed: 51:36, vertices: 4572, facets final: 13428, pending: 8144, pool: 90
I 3101.21] Elapsed: 51:41, vertices: 4573, facets final: 13475, pending: 8095, pool: 89
I 3106.22] Elapsed: 51:46, vertices: 4576, facets final: 13521, pending: 8047, pool: 89
I 3111.33] Elapsed: 51:51, vertices: 4577, facets final: 13568, pending: 7998, pool: 89
I 3116.34] Elapsed: 51:56, vertices: 4578, facets final: 13613, pending: 7950, pool: 90
I 3121.40] Elapsed: 52:01, vertices: 4581, facets final: 13656, pending: 7903, pool: 87
I 3126.47] Elapsed: 52:06, vertices: 4581, facets final: 13713, pending: 7846
I 3131.55] Elapsed: 52:12, vertices: 4582, facets final: 13764, pending: 7794, pool: 87
I 3136.62] Elapsed: 52:17, vertices: 4583, facets final: 13809, pending: 7745, pool: 87
I 3141.73] Elapsed: 52:22, vertices: 4585, facets final: 13854, pending: 7697, pool: 85
I 3146.79] Elapsed: 52:27, vertices: 4586, facets final: 13902, pending: 7653, pool: 85
I 3151.84] Elapsed: 52:32, vertices: 4588, facets final: 13946, pending: 7600, pool: 88
I 3156.86] Elapsed: 52:37, vertices: 4588, facets final: 13990, pending: 7556
I 3161.86] Elapsed: 52:42, vertices: 4589, facets final: 14039, pending: 7505, pool: 89
I 3167.07] Elapsed: 52:47, vertices: 4591, facets final: 14079, pending: 7454, pool: 88
I 3172.15] Elapsed: 52:52, vertices: 4594, facets final: 14125, pending: 7402, pool: 86
I 3177.15] Elapsed: 52:57, vertices: 4595, facets final: 14168, pending: 7357, pool: 85
I 3182.20] Elapsed: 53:02, vertices: 4596, facets final: 14213, pending: 7310, pool: 84
I 3187.31] Elapsed: 53:07, vertices: 4597, facets final: 14256, pending: 7263, pool: 88
I 3192.31] Elapsed: 53:12, vertices: 4597, facets final: 14307, pending: 7212
I 3197.38] Elapsed: 53:17, vertices: 4598, facets final: 14354, pending: 7162, pool: 87
I 3202.40] Elapsed: 53:22, vertices: 4599, facets final: 14399, pending: 7114, pool: 86
I 3207.09] recalculating facets...
I 3207.54] Elapsed: 53:28, vertices: 4601, facets final: 14443, pending: 7075, pool: 84
I 3212.62] Elapsed: 53:33, vertices: 4601, facets final: 14489, pending: 7029
I 3217.65] Elapsed: 53:38, vertices: 4603, facets final: 14531, pending: 6990, pool: 83
I 3222.75] Elapsed: 53:43, vertices: 4603, facets final: 14581, pending: 6940
I 3227.93] Elapsed: 53:48, vertices: 4605, facets final: 14626, pending: 6891, pool: 80
I 3232.99] Elapsed: 53:53, vertices: 4606, facets final: 14671, pending: 6844
I 3238.02] Elapsed: 53:58, vertices: 4608, facets final: 14713, pending: 6798, pool: 78
I 3243.20] Elapsed: 54:03, vertices: 4610, facets final: 14753, pending: 6754, pool: 78
I 3248.21] Elapsed: 54:08, vertices: 4610, facets final: 14795, pending: 6712
I 3253.22] Elapsed: 54:13, vertices: 4612, facets final: 14842, pending: 6659, pool: 77
I 3258.24] Elapsed: 54:18, vertices: 4612, facets final: 14888, pending: 6613
I 3263.29] Elapsed: 54:23, vertices: 4614, facets final: 14930, pending: 6563, pool: 78
I 3268.30] Elapsed: 54:28, vertices: 4616, facets final: 14974, pending: 6519, pool: 76
I 3273.39] Elapsed: 54:33, vertices: 4616, facets final: 15016, pending: 6477
I 3278.44] Elapsed: 54:38, vertices: 4616, facets final: 15064, pending: 6429
I 3283.52] Elapsed: 54:44, vertices: 4617, facets final: 15111, pending: 6378, pool: 78
I 3288.65] Elapsed: 54:49, vertices: 4619, facets final: 15157, pending: 6330, pool: 76
I 3293.65] Elapsed: 54:54, vertices: 4619, facets final: 15206, pending: 6281
I 3298.76] Elapsed: 54:59, vertices: 4620, facets final: 15253, pending: 6231, pool: 76
I 3303.79] Elapsed: 55:04, vertices: 4621, facets final: 15294, pending: 6188, pool: 75
I 3308.86] Elapsed: 55:09, vertices: 4621, facets final: 15341, pending: 6141
I 3313.87] Elapsed: 55:14, vertices: 4622, facets final: 15381, pending: 6093, pool: 77
I 3318.99] Elapsed: 55:19, vertices: 4622, facets final: 15425, pending: 6049
I 3324.03] Elapsed: 55:24, vertices: 4623, facets final: 15472, pending: 6004, pool: 78
I 3329.11] Elapsed: 55:29, vertices: 4623, facets final: 15518, pending: 5958
I 3334.11] Elapsed: 55:34, vertices: 4624, facets final: 15567, pending: 5903, pool: 79
I 3339.15] Elapsed: 55:39, vertices: 4624, facets final: 15615, pending: 5855
I 3344.17] Elapsed: 55:44, vertices: 4625, facets final: 15660, pending: 5808, pool: 79
I 3349.26] Elapsed: 55:49, vertices: 4625, facets final: 15710, pending: 5758
I 3354.30] Elapsed: 55:54, vertices: 4626, facets final: 15758, pending: 5707, pool: 79
I 3359.35] Elapsed: 55:59, vertices: 4627, facets final: 15807, pending: 5656, pool: 80
I 3364.41] Elapsed: 56:04, vertices: 4627, facets final: 15855, pending: 5608
I 3369.45] Elapsed: 56:09, vertices: 4628, facets final: 15903, pending: 5554, pool: 82
I 3374.56] Elapsed: 56:15, vertices: 4629, facets final: 15953, pending: 5499, pool: 82
I 3379.60] Elapsed: 56:20, vertices: 4629, facets final: 15996, pending: 5456
I 3384.70] Elapsed: 56:25, vertices: 4630, facets final: 16039, pending: 5412, pool: 81
I 3389.74] Elapsed: 56:30, vertices: 4630, facets final: 16087, pending: 5364
I 3394.76] Elapsed: 56:35, vertices: 4631, facets final: 16128, pending: 5321, pool: 81
I 3399.79] Elapsed: 56:40, vertices: 4632, facets final: 16172, pending: 5275, pool: 80
I 3404.81] Elapsed: 56:45, vertices: 4632, facets final: 16221, pending: 5226, pool: 80
I 3409.81] Elapsed: 56:50, vertices: 4633, facets final: 16270, pending: 5181
I 3414.95] Elapsed: 56:55, vertices: 4634, facets final: 16318, pending: 5129, pool: 80
I 3420.02] Elapsed: 57:00, vertices: 4634, facets final: 16370, pending: 5077
I 3425.15] Elapsed: 57:05, vertices: 4635, facets final: 16411, pending: 5034, pool: 80
I 3430.16] Elapsed: 57:10, vertices: 4636, facets final: 16460, pending: 4985, pool: 80
I 3435.20] Elapsed: 57:15, vertices: 4636, facets final: 16508, pending: 4937
I 3440.25] Elapsed: 57:20, vertices: 4636, facets final: 16550, pending: 4895
I 3445.28] Elapsed: 57:25, vertices: 4637, facets final: 16598, pending: 4842, pool: 80
I 3450.33] Elapsed: 57:30, vertices: 4638, facets final: 16645, pending: 4800, pool: 80
I 3455.42] Elapsed: 57:35, vertices: 4638, facets final: 16693, pending: 4752
I 3460.51] Elapsed: 57:41, vertices: 4639, facets final: 16741, pending: 4702, pool: 79
I 3465.57] Elapsed: 57:46, vertices: 4640, facets final: 16791, pending: 4651, pool: 78
I 3470.70] Elapsed: 57:51, vertices: 4641, facets final: 16842, pending: 4598, pool: 77
I 3475.77] Elapsed: 57:56, vertices: 4641, facets final: 16883, pending: 4557
I 3480.87] Elapsed: 58:01, vertices: 4642, facets final: 16930, pending: 4508, pool: 77
I 3485.88] Elapsed: 58:06, vertices: 4642, facets final: 16971, pending: 4467
I 3490.97] Elapsed: 58:11, vertices: 4643, facets final: 17016, pending: 4421, pool: 76
I 3496.05] Elapsed: 58:16, vertices: 4644, facets final: 17065, pending: 4376, pool: 76
I 3501.08] Elapsed: 58:21, vertices: 4645, facets final: 17111, pending: 4329, pool: 75
I 3506.09] Elapsed: 58:26, vertices: 4645, facets final: 17156, pending: 4284
I 3511.12] Elapsed: 58:31, vertices: 4646, facets final: 17202, pending: 4237, pool: 74
I 3516.21] Elapsed: 58:36, vertices: 4646, facets final: 17251, pending: 4188
I 3521.22] Elapsed: 58:41, vertices: 4647, facets final: 17297, pending: 4141, pool: 73
I 3526.25] Elapsed: 58:46, vertices: 4647, facets final: 17342, pending: 4096, pool: 73
I 3531.33] Elapsed: 58:51, vertices: 4648, facets final: 17386, pending: 4047
I 3536.41] Elapsed: 58:56, vertices: 4649, facets final: 17433, pending: 4000, pool: 73
I 3541.51] Elapsed: 59:02, vertices: 4649, facets final: 17480, pending: 3953
I 3546.62] Elapsed: 59:07, vertices: 4650, facets final: 17528, pending: 3912, pool: 74
I 3551.68] Elapsed: 59:12, vertices: 4651, facets final: 17583, pending: 3856, pool: 74
I 3556.78] Elapsed: 59:17, vertices: 4651, facets final: 17623, pending: 3816
I 3561.89] Elapsed: 59:22, vertices: 4652, facets final: 17669, pending: 3767, pool: 74
I 3566.91] Elapsed: 59:27, vertices: 4653, facets final: 17714, pending: 3726, pool: 75
I 3571.97] Elapsed: 59:32, vertices: 4654, facets final: 17755, pending: 3676, pool: 76
I 3577.06] Elapsed: 59:37, vertices: 4654, facets final: 17806, pending: 3625
I 3582.07] Elapsed: 59:42, vertices: 4655, facets final: 17857, pending: 3574, pool: 75
I 3587.11] Elapsed: 59:47, vertices: 4656, facets final: 17909, pending: 3519, pool: 75
I 3592.14] Elapsed: 59:52, vertices: 4657, facets final: 17954, pending: 3472, pool: 74
I 3597.19] Elapsed: 59:57, vertices: 4657, facets final: 17999, pending: 3427, pool: 73
I 3602.20] Elapsed: 1:00:02, vertices: 4658, facets final: 18044, pending: 3381
I 3607.29] Elapsed: 1:00:07, vertices: 4659, facets final: 18094, pending: 3330, pool: 72
I 3612.43] Elapsed: 1:00:12, vertices: 4660, facets final: 18142, pending: 3280, pool: 72
I 3617.44] Elapsed: 1:00:17, vertices: 4660, facets final: 18190, pending: 3232
I 3622.51] Elapsed: 1:00:23, vertices: 4662, facets final: 18242, pending: 3177, pool: 71
I 3627.51] Elapsed: 1:00:28, vertices: 4664, facets final: 18295, pending: 3122, pool: 69
I 3632.57] Elapsed: 1:00:33, vertices: 4664, facets final: 18344, pending: 3073
I 3637.69] Elapsed: 1:00:38, vertices: 4665, facets final: 18394, pending: 3022, pool: 69
I 3642.75] Elapsed: 1:00:43, vertices: 4666, facets final: 18441, pending: 2973, pool: 70
I 3647.84] Elapsed: 1:00:48, vertices: 4667, facets final: 18485, pending: 2928, pool: 69
I 3652.87] Elapsed: 1:00:53, vertices: 4668, facets final: 18533, pending: 2880, pool: 68
I 3657.88] Elapsed: 1:00:58, vertices: 4669, facets final: 18577, pending: 2838, pool: 67
I 3662.90] Elapsed: 1:01:03, vertices: 4671, facets final: 18623, pending: 2788, pool: 67
I 3667.90] Elapsed: 1:01:08, vertices: 4672, facets final: 18672, pending: 2738, pool: 66
I 3673.12] Elapsed: 1:01:13, vertices: 4673, facets final: 18717, pending: 2692, pool: 66
I 3678.13] Elapsed: 1:01:18, vertices: 4674, facets final: 18762, pending: 2646, pool: 67
I 3683.15] Elapsed: 1:01:23, vertices: 4675, facets final: 18813, pending: 2593, pool: 67
I 3688.23] Elapsed: 1:01:28, vertices: 4676, facets final: 18860, pending: 2545, pool: 66
I 3693.30] Elapsed: 1:01:33, vertices: 4678, facets final: 18907, pending: 2495, pool: 65
I 3698.39] Elapsed: 1:01:38, vertices: 4679, facets final: 18953, pending: 2449, pool: 64
I 3703.56] Elapsed: 1:01:44, vertices: 4681, facets final: 19000, pending: 2395, pool: 64
I 3708.72] Elapsed: 1:01:49, vertices: 4682, facets final: 19048, pending: 2349, pool: 63
I 3713.76] Elapsed: 1:01:54, vertices: 4683, facets final: 19096, pending: 2300, pool: 62
I 3718.84] Elapsed: 1:01:59, vertices: 4684, facets final: 19141, pending: 2254, pool: 62
I 3723.84] Elapsed: 1:02:04, vertices: 4686, facets final: 19194, pending: 2199, pool: 60
I 3728.96] Elapsed: 1:02:09, vertices: 4687, facets final: 19236, pending: 2151, pool: 60
I 3734.00] Elapsed: 1:02:14, vertices: 4688, facets final: 19281, pending: 2104, pool: 59
I 3739.09] Elapsed: 1:02:19, vertices: 4690, facets final: 19328, pending: 2055, pool: 58
I 3744.16] Elapsed: 1:02:24, vertices: 4692, facets final: 19378, pending: 2003, pool: 56
I 3749.28] Elapsed: 1:02:29, vertices: 4693, facets final: 19436, pending: 1944, pool: 55
I 3754.37] Elapsed: 1:02:34, vertices: 4695, facets final: 19486, pending: 1892, pool: 53
I 3759.38] Elapsed: 1:02:39, vertices: 4696, facets final: 19531, pending: 1847, pool: 52
I 3764.39] Elapsed: 1:02:44, vertices: 4697, facets final: 19578, pending: 1799, pool: 51
I 3769.50] Elapsed: 1:02:50, vertices: 4698, facets final: 19626, pending: 1751, pool: 50
I 3774.59] Elapsed: 1:02:55, vertices: 4699, facets final: 19666, pending: 1709, pool: 50
I 3779.61] Elapsed: 1:03:00, vertices: 4700, facets final: 19709, pending: 1665, pool: 51
I 3783.04] recalculating facets...
I 3784.64] Elapsed: 1:03:05, vertices: 4701, facets final: 19757, pending: 1616, pool: 50
I 3789.72] Elapsed: 1:03:10, vertices: 4702, facets final: 19802, pending: 1570, pool: 50
I 3794.75] Elapsed: 1:03:15, vertices: 4703, facets final: 19849, pending: 1522, pool: 49
I 3799.77] Elapsed: 1:03:20, vertices: 4704, facets final: 19893, pending: 1477, pool: 48
I 3804.83] Elapsed: 1:03:25, vertices: 4705, facets final: 19939, pending: 1430, pool: 47
I 3809.93] Elapsed: 1:03:30, vertices: 4706, facets final: 19986, pending: 1384, pool: 46
I 3814.97] Elapsed: 1:03:35, vertices: 4709, facets final: 20030, pending: 1337, pool: 46
I 3820.07] Elapsed: 1:03:40, vertices: 4710, facets final: 20085, pending: 1281, pool: 45
I 3825.09] Elapsed: 1:03:45, vertices: 4711, facets final: 20128, pending: 1237, pool: 44
I 3830.17] Elapsed: 1:03:50, vertices: 4713, facets final: 20171, pending: 1192, pool: 43
I 3835.25] Elapsed: 1:03:55, vertices: 4714, facets final: 20215, pending: 1147, pool: 42
I 3840.26] Elapsed: 1:04:00, vertices: 4715, facets final: 20261, pending: 1100, pool: 41
I 3845.30] Elapsed: 1:04:05, vertices: 4716, facets final: 20308, pending: 1052, pool: 40
I 3850.46] Elapsed: 1:04:10, vertices: 4718, facets final: 20357, pending: 1002, pool: 38
I 3855.52] Elapsed: 1:04:16, vertices: 4719, facets final: 20403, pending: 955, pool: 38
I 3860.53] Elapsed: 1:04:21, vertices: 4720, facets final: 20447, pending: 910, pool: 37
I 3865.60] Elapsed: 1:04:26, vertices: 4721, facets final: 20491, pending: 865, pool: 36
I 3870.62] Elapsed: 1:04:31, vertices: 4722, facets final: 20536, pending: 819, pool: 35
I 3875.66] Elapsed: 1:04:36, vertices: 4724, facets final: 20582, pending: 771, pool: 34
I 3880.67] Elapsed: 1:04:41, vertices: 4726, facets final: 20630, pending: 721, pool: 32
I 3885.69] Elapsed: 1:04:46, vertices: 4728, facets final: 20676, pending: 676, pool: 30
I 3890.79] Elapsed: 1:04:51, vertices: 4732, facets final: 20723, pending: 625, pool: 27
I 3895.91] Elapsed: 1:04:56, vertices: 4734, facets final: 20768, pending: 578, pool: 26
I 3900.91] Elapsed: 1:05:01, vertices: 4736, facets final: 20813, pending: 531, pool: 24
I 3905.95] Elapsed: 1:05:06, vertices: 4737, facets final: 20861, pending: 482, pool: 24
I 3910.99] Elapsed: 1:05:11, vertices: 4739, facets final: 20905, pending: 436, pool: 22
I 3916.08] Elapsed: 1:05:16, vertices: 4742, facets final: 20952, pending: 385, pool: 20
I 3921.19] Elapsed: 1:05:21, vertices: 4744, facets final: 20997, pending: 338, pool: 18
I 3926.26] Elapsed: 1:05:26, vertices: 4749, facets final: 21040, pending: 304, pool: 15
I 3931.27] Elapsed: 1:05:31, vertices: 4753, facets final: 21081, pending: 258, pool: 14
I 3936.32] Elapsed: 1:05:36, vertices: 4759, facets final: 21122, pending: 211, pool: 11
I 3941.37] Elapsed: 1:05:41, vertices: 4765, facets final: 21171, pending: 158, pool: 8
I 3946.57] Elapsed: 1:05:47, vertices: 4770, facets final: 21225, pending: 99, pool: 3
I 3951.58] Elapsed: 1:05:52, vertices: 4779, facets final: 21284, pending: 31, pool: 1
I 3953.22] Elapsed: 1:05:53, vertices: 4788, facets final: 21303, pending: 0

--------------------------------
Problem completed
 name                    174.vlp
 output                  vlp/174.res
 rows, cols, objs        165, 4517, 10
 vertices, facets        4788, 21303
 total time              1:05:53
--------------------------------
Statistics
LP:
 oracle calls            26432
   avg iterations/calls  170.05
 total oracle time       45:50
Combinatorics:
 vertices added          4788
 facets probed           36708
 facets # max            37693
 memory allocated        60.44M
 storage expansion
   vertices # / upto     38 / 4860
   facets   # / upto     10 / 40956
 facet manipulating
   added avg / max       81.99 / 940.00
   compressed            181
 number of ridge tests
   avg / max             2.15M / 30.37M
--------------------------------
Parameters with non-default values
 VertexPoolSize = 100
