C copy string: rs=ac:bd;t=a:bcr;u=(ar):bdt;ar,br,cr,d;ar,br,c,dr; ineq: base30.t
I    5.00] Elapsed: 5.00, vertices: 21, facets final: 8, pending: 371, pool: 1
I   10.31] Elapsed: 10.31, vertices: 29, facets final: 18, pending: 587, pool: 22
I   15.42] Elapsed: 15.42, vertices: 39, facets final: 34, pending: 663, pool: 24
I   20.44] Elapsed: 20.44, vertices: 47, facets final: 51, pending: 867, pool: 31
I   26.04] Elapsed: 26.04, vertices: 55, facets final: 60, pending: 1069, pool: 47
I   31.10] Elapsed: 31.10, vertices: 67, facets final: 77, pending: 1741, pool: 47
I   36.14] Elapsed: 36.14, vertices: 78, facets final: 84, pending: 2287, pool: 60
I   41.45] Elapsed: 41.45, vertices: 90, facets final: 94, pending: 2882, pool: 72
I   45.57] recalculating facets...
I   46.68] Elapsed: 46.68, vertices: 103, facets final: 98, pending: 3474, pool: 81
I   51.75] Elapsed: 51.75, vertices: 115, facets final: 102, pending: 3671, pool: 91
I   56.76] Elapsed: 56.76, vertices: 135, facets final: 109, pending: 3838, pool: 98
I   61.78] Elapsed: 1:02, vertices: 157, facets final: 117, pending: 4499, pool: 100
I   66.83] Elapsed: 1:07, vertices: 175, facets final: 130, pending: 4498, pool: 98
I   71.95] Elapsed: 1:12, vertices: 193, facets final: 140, pending: 5183, pool: 100
I   73.79] recalculating facets...
I   77.05] Elapsed: 1:17, vertices: 210, facets final: 156, pending: 6024, pool: 100
I   82.32] Elapsed: 1:22, vertices: 227, facets final: 169, pending: 6890, pool: 100
I   87.33] Elapsed: 1:27, vertices: 242, facets final: 179, pending: 8454, pool: 100
I   92.52] Elapsed: 1:33, vertices: 261, facets final: 185, pending: 10226, pool: 100
I   97.57] Elapsed: 1:38, vertices: 281, facets final: 187, pending: 11254, pool: 100
I  102.66] Elapsed: 1:43, vertices: 300, facets final: 191, pending: 12524, pool: 100
I  102.85] recalculating facets...
I  107.74] Elapsed: 1:48, vertices: 316, facets final: 195, pending: 13774, pool: 100
I  112.85] Elapsed: 1:53, vertices: 332, facets final: 199, pending: 15214, pool: 100
I  117.93] Elapsed: 1:58, vertices: 348, facets final: 201, pending: 16281, pool: 100
I  123.05] Elapsed: 2:03, vertices: 362, facets final: 203, pending: 16684, pool: 97
I  128.13] Elapsed: 2:08, vertices: 377, facets final: 205, pending: 17334, pool: 100
I  133.39] Elapsed: 2:13, vertices: 392, facets final: 210, pending: 18072, pool: 100
I  136.54] recalculating facets...
I  138.89] Elapsed: 2:19, vertices: 406, facets final: 212, pending: 18208, pool: 100
I  144.04] Elapsed: 2:24, vertices: 419, facets final: 216, pending: 19088, pool: 99
I  149.25] Elapsed: 2:29, vertices: 432, facets final: 219, pending: 19253, pool: 100
I  154.25] Elapsed: 2:34, vertices: 445, facets final: 221, pending: 19172, pool: 100
I  159.38] Elapsed: 2:39, vertices: 457, facets final: 226, pending: 19464, pool: 100
I  164.49] Elapsed: 2:44, vertices: 472, facets final: 229, pending: 19787, pool: 100
I  169.84] Elapsed: 2:50, vertices: 487, facets final: 232, pending: 19638, pool: 99
I  175.00] Elapsed: 2:55, vertices: 500, facets final: 236, pending: 20437, pool: 100
I  175.26] recalculating facets...
I  180.04] Elapsed: 3:00, vertices: 512, facets final: 239, pending: 20514, pool: 100
I  185.13] Elapsed: 3:05, vertices: 524, facets final: 244, pending: 20320, pool: 100
I  190.26] Elapsed: 3:10, vertices: 538, facets final: 245, pending: 21033, pool: 100
I  195.38] Elapsed: 3:15, vertices: 550, facets final: 251, pending: 21296, pool: 100
I  200.45] Elapsed: 3:20, vertices: 564, facets final: 254, pending: 21763, pool: 100
I  205.66] Elapsed: 3:26, vertices: 575, facets final: 257, pending: 21661, pool: 100
I  210.70] Elapsed: 3:31, vertices: 587, facets final: 262, pending: 21659, pool: 100
I  215.77] Elapsed: 3:36, vertices: 600, facets final: 267, pending: 21626, pool: 100
I  215.77] recalculating facets...
I  220.81] Elapsed: 3:41, vertices: 612, facets final: 270, pending: 21826, pool: 100
I  225.88] Elapsed: 3:46, vertices: 626, facets final: 273, pending: 22036, pool: 100
I  230.97] Elapsed: 3:51, vertices: 639, facets final: 279, pending: 22438, pool: 100
I  235.99] Elapsed: 3:56, vertices: 653, facets final: 283, pending: 22768, pool: 99
I  241.07] Elapsed: 4:01, vertices: 668, facets final: 285, pending: 22736, pool: 100
I  246.12] Elapsed: 4:06, vertices: 681, facets final: 289, pending: 23058, pool: 100
I  251.18] Elapsed: 4:11, vertices: 695, facets final: 291, pending: 23218, pool: 100
I  253.32] recalculating facets...
I  256.21] Elapsed: 4:16, vertices: 706, facets final: 298, pending: 23242, pool: 100
I  261.39] Elapsed: 4:21, vertices: 718, facets final: 302, pending: 23200, pool: 100
I  266.39] Elapsed: 4:26, vertices: 730, facets final: 308, pending: 23369, pool: 100
I  271.61] Elapsed: 4:32, vertices: 741, facets final: 316, pending: 23445, pool: 100
I  276.66] Elapsed: 4:37, vertices: 748, facets final: 323, pending: 23636, pool: 100
I  281.72] Elapsed: 4:42, vertices: 761, facets final: 326, pending: 23876, pool: 100
I  286.86] Elapsed: 4:47, vertices: 773, facets final: 329, pending: 23989, pool: 100
I  291.92] Elapsed: 4:52, vertices: 784, facets final: 332, pending: 23732, pool: 100
I  297.05] Elapsed: 4:57, vertices: 796, facets final: 336, pending: 23901, pool: 100
I  299.64] recalculating facets...
I  302.27] Elapsed: 5:02, vertices: 806, facets final: 342, pending: 23643, pool: 100
I  307.49] Elapsed: 5:07, vertices: 817, facets final: 345, pending: 23789, pool: 100
I  312.65] Elapsed: 5:13, vertices: 831, facets final: 346, pending: 23788, pool: 100
I  317.65] Elapsed: 5:18, vertices: 841, facets final: 355, pending: 23973, pool: 100
I  322.72] Elapsed: 5:23, vertices: 851, facets final: 363, pending: 23965, pool: 100
I  327.91] Elapsed: 5:28, vertices: 862, facets final: 370, pending: 23866, pool: 100
I  333.03] Elapsed: 5:33, vertices: 876, facets final: 375, pending: 23879, pool: 100
I  338.35] Elapsed: 5:38, vertices: 886, facets final: 385, pending: 23860, pool: 100
I  343.49] Elapsed: 5:43, vertices: 900, facets final: 387, pending: 24068, pool: 100
I  343.75] recalculating facets...
I  348.53] Elapsed: 5:49, vertices: 912, facets final: 390, pending: 24007, pool: 100
I  353.59] Elapsed: 5:54, vertices: 924, facets final: 393, pending: 23885, pool: 100
I  358.67] Elapsed: 5:59, vertices: 933, facets final: 406, pending: 23862, pool: 100
I  364.00] Elapsed: 6:04, vertices: 944, facets final: 418, pending: 24266, pool: 100
I  369.14] Elapsed: 6:09, vertices: 955, facets final: 426, pending: 24361, pool: 100
I  374.45] Elapsed: 6:14, vertices: 965, facets final: 433, pending: 24684, pool: 100
I  379.67] Elapsed: 6:20, vertices: 977, facets final: 438, pending: 25001, pool: 100
I  384.75] Elapsed: 6:25, vertices: 990, facets final: 440, pending: 25224, pool: 100
I  389.77] Elapsed: 6:30, vertices: 1000, facets final: 445, pending: 25133, pool: 100
I  389.77] recalculating facets...
I  394.80] Elapsed: 6:35, vertices: 1010, facets final: 452, pending: 25201, pool: 100
I  400.01] Elapsed: 6:40, vertices: 1021, facets final: 462, pending: 25277, pool: 100
I  405.09] Elapsed: 6:45, vertices: 1035, facets final: 466, pending: 25097, pool: 100
I  410.22] Elapsed: 6:50, vertices: 1044, facets final: 470, pending: 24672, pool: 100
I  415.23] Elapsed: 6:55, vertices: 1055, facets final: 475, pending: 24657, pool: 100
I  420.27] Elapsed: 7:00, vertices: 1068, facets final: 480, pending: 24656, pool: 100
I  425.40] Elapsed: 7:05, vertices: 1080, facets final: 481, pending: 24875, pool: 100
I  430.55] Elapsed: 7:11, vertices: 1088, facets final: 489, pending: 24808, pool: 100
I  435.64] Elapsed: 7:16, vertices: 1099, facets final: 494, pending: 25076, pool: 100
I  436.48] recalculating facets...
I  440.65] Elapsed: 7:21, vertices: 1110, facets final: 500, pending: 25364, pool: 100
I  445.81] Elapsed: 7:26, vertices: 1123, facets final: 506, pending: 25559, pool: 100
I  450.86] Elapsed: 7:31, vertices: 1133, facets final: 508, pending: 25841, pool: 100
I  455.91] Elapsed: 7:36, vertices: 1143, facets final: 512, pending: 25797, pool: 100
I  460.96] Elapsed: 7:41, vertices: 1153, facets final: 518, pending: 25775, pool: 100
I  466.02] Elapsed: 7:46, vertices: 1165, facets final: 520, pending: 26021, pool: 100
I  471.02] Elapsed: 7:51, vertices: 1175, facets final: 522, pending: 25802, pool: 100
I  476.12] Elapsed: 7:56, vertices: 1185, facets final: 527, pending: 25692, pool: 100
I  481.38] Elapsed: 8:01, vertices: 1197, facets final: 535, pending: 25566, pool: 100
I  483.52] recalculating facets...
I  486.50] Elapsed: 8:07, vertices: 1205, facets final: 538, pending: 26176, pool: 100
I  491.70] Elapsed: 8:12, vertices: 1219, facets final: 538, pending: 26091, pool: 100
I  496.72] Elapsed: 8:17, vertices: 1228, facets final: 540, pending: 26237, pool: 100
I  501.98] Elapsed: 8:22, vertices: 1235, facets final: 548, pending: 26245, pool: 100
I  507.11] Elapsed: 8:27, vertices: 1244, facets final: 555, pending: 26483, pool: 100
I  512.30] Elapsed: 8:32, vertices: 1254, facets final: 559, pending: 26831, pool: 100
I  517.35] Elapsed: 8:37, vertices: 1265, facets final: 560, pending: 26586, pool: 100
I  522.45] Elapsed: 8:42, vertices: 1275, facets final: 567, pending: 26367, pool: 100
I  527.77] Elapsed: 8:48, vertices: 1284, facets final: 571, pending: 26667, pool: 100
I  532.87] Elapsed: 8:53, vertices: 1294, facets final: 574, pending: 27060, pool: 100
I  535.50] recalculating facets...
I  537.87] Elapsed: 8:58, vertices: 1304, facets final: 579, pending: 27047, pool: 100
I  542.89] Elapsed: 9:03, vertices: 1315, facets final: 583, pending: 27111, pool: 100
I  548.60] Elapsed: 9:09, vertices: 1325, facets final: 588, pending: 27187, pool: 100
I  553.79] Elapsed: 9:14, vertices: 1334, facets final: 594, pending: 27457, pool: 100
I  558.81] Elapsed: 9:19, vertices: 1342, facets final: 597, pending: 27626, pool: 100
I  564.00] Elapsed: 9:24, vertices: 1354, facets final: 600, pending: 27916, pool: 100
I  569.09] Elapsed: 9:29, vertices: 1362, facets final: 604, pending: 27970, pool: 100
I  574.16] Elapsed: 9:34, vertices: 1371, facets final: 609, pending: 28110, pool: 100
I  579.22] Elapsed: 9:39, vertices: 1381, facets final: 615, pending: 28464, pool: 100
I  584.31] Elapsed: 9:44, vertices: 1387, facets final: 617, pending: 28597, pool: 100
I  589.58] Elapsed: 9:50, vertices: 1398, facets final: 620, pending: 28512, pool: 100
I  590.95] recalculating facets...
I  595.08] Elapsed: 9:55, vertices: 1405, facets final: 626, pending: 28499, pool: 100
I  600.11] Elapsed: 10:00, vertices: 1414, facets final: 630, pending: 28802, pool: 100
I  605.27] Elapsed: 10:05, vertices: 1422, facets final: 634, pending: 28941, pool: 100
I  610.60] Elapsed: 10:11, vertices: 1432, facets final: 641, pending: 28781, pool: 100
I  615.78] Elapsed: 10:16, vertices: 1440, facets final: 648, pending: 28835, pool: 99
I  620.85] Elapsed: 10:21, vertices: 1449, facets final: 657, pending: 28980, pool: 100
I  626.02] Elapsed: 10:26, vertices: 1458, facets final: 663, pending: 28976, pool: 100
I  631.23] Elapsed: 10:31, vertices: 1468, facets final: 668, pending: 29065, pool: 100
I  636.71] Elapsed: 10:37, vertices: 1475, facets final: 674, pending: 29044, pool: 100
I  641.72] Elapsed: 10:42, vertices: 1486, facets final: 677, pending: 29252, pool: 100
I  646.77] Elapsed: 10:47, vertices: 1495, facets final: 680, pending: 29199, pool: 100
I  650.09] recalculating facets...
I  651.86] Elapsed: 10:52, vertices: 1502, facets final: 685, pending: 29304, pool: 100
I  657.05] Elapsed: 10:57, vertices: 1511, facets final: 690, pending: 29369, pool: 100
I  662.12] Elapsed: 11:02, vertices: 1520, facets final: 695, pending: 29724, pool: 100
I  667.64] Elapsed: 11:08, vertices: 1528, facets final: 700, pending: 29689, pool: 100
I  672.71] Elapsed: 11:13, vertices: 1535, facets final: 707, pending: 29744, pool: 100
I  677.74] Elapsed: 11:18, vertices: 1544, facets final: 712, pending: 29619, pool: 100
I  682.82] Elapsed: 11:23, vertices: 1553, facets final: 719, pending: 29713, pool: 100
I  687.94] Elapsed: 11:28, vertices: 1561, facets final: 722, pending: 29828, pool: 100
I  693.01] Elapsed: 11:33, vertices: 1568, facets final: 728, pending: 29737, pool: 100
I  698.10] Elapsed: 11:38, vertices: 1579, facets final: 736, pending: 29616, pool: 100
I  703.26] Elapsed: 11:43, vertices: 1587, facets final: 742, pending: 30010, pool: 100
I  708.47] Elapsed: 11:48, vertices: 1598, facets final: 745, pending: 29883, pool: 100
I  709.80] recalculating facets...
I  713.57] Elapsed: 11:54, vertices: 1606, facets final: 753, pending: 29779, pool: 100
I  718.60] Elapsed: 11:59, vertices: 1613, facets final: 760, pending: 29820, pool: 100
I  723.69] Elapsed: 12:04, vertices: 1622, facets final: 763, pending: 29636, pool: 100
I  728.97] Elapsed: 12:09, vertices: 1629, facets final: 771, pending: 29418, pool: 100
I  734.21] Elapsed: 12:14, vertices: 1637, facets final: 778, pending: 29384, pool: 99
I  739.57] Elapsed: 12:20, vertices: 1645, facets final: 784, pending: 29177, pool: 100
I  744.68] Elapsed: 12:25, vertices: 1655, facets final: 787, pending: 29291, pool: 100
I  749.86] Elapsed: 12:30, vertices: 1662, facets final: 794, pending: 29295, pool: 100
I  754.93] Elapsed: 12:35, vertices: 1672, facets final: 803, pending: 29240, pool: 100
I  759.95] Elapsed: 12:40, vertices: 1680, facets final: 814, pending: 29197, pool: 100
I  765.32] Elapsed: 12:45, vertices: 1690, facets final: 817, pending: 29096, pool: 100
I  770.45] Elapsed: 12:50, vertices: 1696, facets final: 823, pending: 29113, pool: 100
I  772.06] recalculating facets...
I  775.48] Elapsed: 12:55, vertices: 1707, facets final: 828, pending: 29031, pool: 100
I  780.52] Elapsed: 13:01, vertices: 1713, facets final: 835, pending: 29135, pool: 100
I  785.63] Elapsed: 13:06, vertices: 1720, facets final: 839, pending: 29012, pool: 100
I  790.77] Elapsed: 13:11, vertices: 1728, facets final: 850, pending: 29118, pool: 100
I  795.88] Elapsed: 13:16, vertices: 1736, facets final: 857, pending: 28908, pool: 100
I  800.95] Elapsed: 13:21, vertices: 1745, facets final: 867, pending: 28905, pool: 100
I  806.10] Elapsed: 13:26, vertices: 1752, facets final: 876, pending: 28812, pool: 100
I  811.17] Elapsed: 13:31, vertices: 1762, facets final: 881, pending: 28685, pool: 100
I  816.37] Elapsed: 13:36, vertices: 1772, facets final: 890, pending: 28572, pool: 100
I  821.48] Elapsed: 13:41, vertices: 1780, facets final: 895, pending: 28588, pool: 100
I  826.48] Elapsed: 13:46, vertices: 1786, facets final: 902, pending: 28284, pool: 100
I  831.65] Elapsed: 13:52, vertices: 1793, facets final: 912, pending: 28424, pool: 100
I  835.87] recalculating facets...
I  836.84] Elapsed: 13:57, vertices: 1802, facets final: 919, pending: 28459, pool: 100
I  842.09] Elapsed: 14:02, vertices: 1814, facets final: 924, pending: 28388, pool: 100
I  847.10] Elapsed: 14:07, vertices: 1824, facets final: 934, pending: 28328, pool: 100
I  852.46] Elapsed: 14:12, vertices: 1834, facets final: 942, pending: 28210, pool: 100
I  857.54] Elapsed: 14:18, vertices: 1843, facets final: 950, pending: 28222, pool: 100
I  862.67] Elapsed: 14:23, vertices: 1849, facets final: 963, pending: 28102, pool: 100
I  867.87] Elapsed: 14:28, vertices: 1859, facets final: 967, pending: 28198, pool: 100
I  872.93] Elapsed: 14:33, vertices: 1870, facets final: 973, pending: 28087, pool: 100
I  878.03] Elapsed: 14:38, vertices: 1878, facets final: 981, pending: 28255, pool: 100
I  883.07] Elapsed: 14:43, vertices: 1885, facets final: 986, pending: 28091, pool: 100
I  888.24] Elapsed: 14:48, vertices: 1897, facets final: 991, pending: 28118, pool: 100
I  889.73] recalculating facets...
I  893.48] Elapsed: 14:53, vertices: 1906, facets final: 1001, pending: 28122, pool: 100
I  898.55] Elapsed: 14:59, vertices: 1916, facets final: 1009, pending: 28127, pool: 100
I  903.57] Elapsed: 15:04, vertices: 1924, facets final: 1019, pending: 28108, pool: 99
I  908.96] Elapsed: 15:09, vertices: 1932, facets final: 1031, pending: 28292, pool: 100
I  914.10] Elapsed: 15:14, vertices: 1941, facets final: 1039, pending: 28201, pool: 100
I  919.32] Elapsed: 15:19, vertices: 1948, facets final: 1048, pending: 28133, pool: 100
I  924.35] Elapsed: 15:24, vertices: 1959, facets final: 1054, pending: 28128, pool: 100
I  929.41] Elapsed: 15:29, vertices: 1967, facets final: 1064, pending: 28005, pool: 100
I  934.45] Elapsed: 15:34, vertices: 1976, facets final: 1076, pending: 27852, pool: 100
I  939.61] Elapsed: 15:40, vertices: 1985, facets final: 1084, pending: 27859, pool: 100
I  944.66] Elapsed: 15:45, vertices: 1990, facets final: 1102, pending: 27794, pool: 100
I  949.79] Elapsed: 15:50, vertices: 1998, facets final: 1114, pending: 27877, pool: 100
I  951.32] recalculating facets...
I  955.28] Elapsed: 15:55, vertices: 2007, facets final: 1124, pending: 27828, pool: 100
I  960.46] Elapsed: 16:00, vertices: 2015, facets final: 1130, pending: 27624, pool: 100
I  965.49] Elapsed: 16:05, vertices: 2025, facets final: 1137, pending: 27677, pool: 100
I  970.49] Elapsed: 16:10, vertices: 2033, facets final: 1144, pending: 27596, pool: 100
I  975.68] Elapsed: 16:16, vertices: 2040, facets final: 1158, pending: 27479, pool: 100
I  980.93] Elapsed: 16:21, vertices: 2051, facets final: 1164, pending: 27439, pool: 100
I  986.05] Elapsed: 16:26, vertices: 2059, facets final: 1170, pending: 27462, pool: 100
I  991.30] Elapsed: 16:31, vertices: 2066, facets final: 1181, pending: 27344, pool: 100
I  996.30] Elapsed: 16:36, vertices: 2075, facets final: 1194, pending: 27407, pool: 100
I 1001.38] Elapsed: 16:41, vertices: 2084, facets final: 1204, pending: 27336, pool: 100
I 1006.49] Elapsed: 16:46, vertices: 2090, facets final: 1220, pending: 27314, pool: 100
I 1011.52] Elapsed: 16:52, vertices: 2099, facets final: 1230, pending: 27356, pool: 100
I 1013.00] recalculating facets...
I 1016.61] Elapsed: 16:57, vertices: 2107, facets final: 1245, pending: 27275, pool: 100
I 1021.88] Elapsed: 17:02, vertices: 2115, facets final: 1256, pending: 27309, pool: 100
I 1027.03] Elapsed: 17:07, vertices: 2123, facets final: 1272, pending: 27317, pool: 99
I 1032.11] Elapsed: 17:12, vertices: 2133, facets final: 1277, pending: 27257, pool: 100
I 1037.25] Elapsed: 17:17, vertices: 2141, facets final: 1287, pending: 27136, pool: 100
I 1042.26] Elapsed: 17:22, vertices: 2149, facets final: 1300, pending: 27172, pool: 100
I 1047.33] Elapsed: 17:27, vertices: 2156, facets final: 1316, pending: 27245, pool: 100
I 1052.53] Elapsed: 17:33, vertices: 2165, facets final: 1326, pending: 27222, pool: 99
I 1057.73] Elapsed: 17:38, vertices: 2174, facets final: 1337, pending: 27054, pool: 100
I 1062.82] Elapsed: 17:43, vertices: 2182, facets final: 1350, pending: 27001, pool: 100
I 1067.85] Elapsed: 17:48, vertices: 2190, facets final: 1359, pending: 26953, pool: 100
I 1072.86] Elapsed: 17:53, vertices: 2200, facets final: 1368, pending: 27018, pool: 100
I 1073.09] recalculating facets...
I 1077.88] Elapsed: 17:58, vertices: 2208, facets final: 1377, pending: 27073, pool: 100
I 1082.92] Elapsed: 18:03, vertices: 2215, facets final: 1391, pending: 27084, pool: 100
I 1088.01] Elapsed: 18:08, vertices: 2220, facets final: 1409, pending: 27061, pool: 100
I 1093.01] Elapsed: 18:13, vertices: 2227, facets final: 1421, pending: 26946, pool: 100
I 1098.09] Elapsed: 18:18, vertices: 2236, facets final: 1428, pending: 26904, pool: 100
I 1103.18] Elapsed: 18:23, vertices: 2245, facets final: 1440, pending: 26865, pool: 100
I 1108.20] Elapsed: 18:28, vertices: 2254, facets final: 1447, pending: 26710, pool: 100
I 1113.22] Elapsed: 18:33, vertices: 2262, facets final: 1460, pending: 26664, pool: 100
I 1118.27] Elapsed: 18:38, vertices: 2269, facets final: 1475, pending: 26541, pool: 100
I 1123.30] Elapsed: 18:43, vertices: 2277, facets final: 1485, pending: 26466, pool: 100
I 1128.43] Elapsed: 18:48, vertices: 2286, facets final: 1494, pending: 26371, pool: 100
I 1133.45] Elapsed: 18:53, vertices: 2296, facets final: 1503, pending: 26337, pool: 100
I 1136.85] recalculating facets...
I 1138.45] Elapsed: 18:58, vertices: 2301, facets final: 1517, pending: 26409, pool: 100
I 1143.50] Elapsed: 19:04, vertices: 2309, facets final: 1527, pending: 26331, pool: 100
I 1148.66] Elapsed: 19:09, vertices: 2317, facets final: 1537, pending: 26217, pool: 100
I 1153.86] Elapsed: 19:14, vertices: 2326, facets final: 1552, pending: 26152, pool: 100
I 1159.04] Elapsed: 19:19, vertices: 2333, facets final: 1565, pending: 26102, pool: 100
I 1164.15] Elapsed: 19:24, vertices: 2342, facets final: 1577, pending: 26015, pool: 100
I 1169.33] Elapsed: 19:29, vertices: 2349, facets final: 1589, pending: 26044, pool: 100
I 1174.48] Elapsed: 19:34, vertices: 2359, facets final: 1594, pending: 26018, pool: 100
I 1179.67] Elapsed: 19:40, vertices: 2365, facets final: 1612, pending: 25981, pool: 100
I 1184.67] Elapsed: 19:45, vertices: 2371, facets final: 1627, pending: 26023, pool: 100
I 1189.73] Elapsed: 19:50, vertices: 2379, facets final: 1638, pending: 25983, pool: 100
I 1194.79] Elapsed: 19:55, vertices: 2391, facets final: 1646, pending: 26040, pool: 100
I 1199.82] Elapsed: 20:00, vertices: 2400, facets final: 1655, pending: 25992, pool: 100
I 1199.82] recalculating facets...
I 1205.03] Elapsed: 20:05, vertices: 2411, facets final: 1664, pending: 25938, pool: 100
I 1210.25] Elapsed: 20:10, vertices: 2423, facets final: 1671, pending: 25913, pool: 100
I 1215.40] Elapsed: 20:15, vertices: 2429, facets final: 1691, pending: 25794, pool: 100
I 1220.42] Elapsed: 20:20, vertices: 2438, facets final: 1702, pending: 25854, pool: 100
I 1225.44] Elapsed: 20:25, vertices: 2445, facets final: 1720, pending: 25754, pool: 100
I 1230.52] Elapsed: 20:31, vertices: 2453, facets final: 1734, pending: 25799, pool: 100
I 1235.55] Elapsed: 20:36, vertices: 2461, facets final: 1748, pending: 25719, pool: 100
I 1240.59] Elapsed: 20:41, vertices: 2470, facets final: 1762, pending: 25700, pool: 100
I 1245.64] Elapsed: 20:46, vertices: 2476, facets final: 1780, pending: 25631, pool: 99
I 1250.68] Elapsed: 20:51, vertices: 2484, facets final: 1792, pending: 25528, pool: 100
I 1255.72] Elapsed: 20:56, vertices: 2490, facets final: 1810, pending: 25513, pool: 100
I 1260.87] Elapsed: 21:01, vertices: 2498, facets final: 1825, pending: 25371, pool: 100
I 1262.50] recalculating facets...
I 1265.89] Elapsed: 21:06, vertices: 2504, facets final: 1846, pending: 25362, pool: 100
I 1270.90] Elapsed: 21:11, vertices: 2512, facets final: 1861, pending: 25352, pool: 100
I 1275.95] Elapsed: 21:16, vertices: 2521, facets final: 1873, pending: 25342, pool: 100
I 1280.95] Elapsed: 21:21, vertices: 2528, facets final: 1888, pending: 25398, pool: 100
I 1286.20] Elapsed: 21:26, vertices: 2537, facets final: 1903, pending: 25360, pool: 100
I 1291.38] Elapsed: 21:31, vertices: 2545, facets final: 1919, pending: 25324, pool: 100
I 1296.41] Elapsed: 21:36, vertices: 2554, facets final: 1929, pending: 25190, pool: 100
I 1301.41] Elapsed: 21:41, vertices: 2559, facets final: 1948, pending: 25108, pool: 99
I 1306.52] Elapsed: 21:47, vertices: 2562, facets final: 1975, pending: 25035, pool: 100
I 1311.54] Elapsed: 21:52, vertices: 2570, facets final: 1991, pending: 24966, pool: 100
I 1316.70] Elapsed: 21:57, vertices: 2576, facets final: 2009, pending: 24941, pool: 100
I 1321.93] Elapsed: 22:02, vertices: 2583, facets final: 2023, pending: 24919, pool: 100
I 1326.96] Elapsed: 22:07, vertices: 2591, facets final: 2037, pending: 24808, pool: 100
I 1331.97] Elapsed: 22:12, vertices: 2597, facets final: 2058, pending: 24770, pool: 100
I 1334.32] recalculating facets...
I 1337.23] Elapsed: 22:17, vertices: 2604, facets final: 2075, pending: 24684, pool: 99
I 1342.36] Elapsed: 22:22, vertices: 2612, facets final: 2087, pending: 24564, pool: 100
I 1347.47] Elapsed: 22:27, vertices: 2622, facets final: 2099, pending: 24430, pool: 100
I 1352.68] Elapsed: 22:33, vertices: 2631, facets final: 2113, pending: 24356, pool: 100
I 1357.83] Elapsed: 22:38, vertices: 2639, facets final: 2130, pending: 24318, pool: 100
I 1362.91] Elapsed: 22:43, vertices: 2648, facets final: 2144, pending: 24202, pool: 100
I 1367.96] Elapsed: 22:48, vertices: 2654, facets final: 2161, pending: 24105, pool: 100
I 1373.05] Elapsed: 22:53, vertices: 2663, facets final: 2176, pending: 24062, pool: 100
I 1378.26] Elapsed: 22:58, vertices: 2670, facets final: 2192, pending: 23955, pool: 100
I 1383.28] Elapsed: 23:03, vertices: 2676, facets final: 2212, pending: 23840, pool: 100
I 1388.41] Elapsed: 23:08, vertices: 2681, facets final: 2233, pending: 23798, pool: 100
I 1393.57] Elapsed: 23:14, vertices: 2687, facets final: 2251, pending: 23722, pool: 100
I 1398.66] Elapsed: 23:19, vertices: 2695, facets final: 2266, pending: 23613, pool: 99
I 1401.60] recalculating facets...
I 1403.90] Elapsed: 23:24, vertices: 2703, facets final: 2277, pending: 23517, pool: 100
I 1408.90] Elapsed: 23:29, vertices: 2711, facets final: 2292, pending: 23512, pool: 100
I 1413.98] Elapsed: 23:34, vertices: 2718, facets final: 2309, pending: 23452, pool: 100
I 1419.02] Elapsed: 23:39, vertices: 2724, facets final: 2329, pending: 23401, pool: 100
I 1424.09] Elapsed: 23:44, vertices: 2733, facets final: 2346, pending: 23365, pool: 100
I 1429.11] Elapsed: 23:49, vertices: 2741, facets final: 2363, pending: 23324, pool: 100
I 1434.26] Elapsed: 23:54, vertices: 2750, facets final: 2375, pending: 23276, pool: 100
I 1439.28] Elapsed: 23:59, vertices: 2758, facets final: 2393, pending: 23243, pool: 100
I 1444.28] Elapsed: 24:04, vertices: 2764, facets final: 2413, pending: 23164, pool: 100
I 1449.40] Elapsed: 24:09, vertices: 2771, facets final: 2430, pending: 23060, pool: 100
I 1454.61] Elapsed: 24:15, vertices: 2776, facets final: 2451, pending: 23032, pool: 100
I 1459.78] Elapsed: 24:20, vertices: 2784, facets final: 2468, pending: 23000, pool: 100
I 1464.91] Elapsed: 24:25, vertices: 2789, facets final: 2492, pending: 22908, pool: 100
I 1470.02] Elapsed: 24:30, vertices: 2796, facets final: 2511, pending: 22939, pool: 100
I 1473.72] recalculating facets...
I 1475.02] Elapsed: 24:35, vertices: 2803, facets final: 2524, pending: 22882, pool: 100
I 1480.03] Elapsed: 24:40, vertices: 2809, facets final: 2548, pending: 22899, pool: 100
I 1485.15] Elapsed: 24:45, vertices: 2812, facets final: 2578, pending: 22887, pool: 100
I 1490.35] Elapsed: 24:50, vertices: 2819, facets final: 2595, pending: 22870, pool: 99
I 1495.40] Elapsed: 24:55, vertices: 2826, facets final: 2617, pending: 22844, pool: 100
I 1500.48] Elapsed: 25:00, vertices: 2832, facets final: 2637, pending: 22847, pool: 100
I 1505.53] Elapsed: 25:06, vertices: 2838, facets final: 2653, pending: 22801, pool: 100
I 1510.58] Elapsed: 25:11, vertices: 2844, facets final: 2670, pending: 22782, pool: 100
I 1515.71] Elapsed: 25:16, vertices: 2853, facets final: 2688, pending: 22735, pool: 100
I 1520.88] Elapsed: 25:21, vertices: 2861, facets final: 2706, pending: 22672, pool: 99
I 1525.97] Elapsed: 25:26, vertices: 2866, facets final: 2727, pending: 22696, pool: 99
I 1531.11] Elapsed: 25:31, vertices: 2872, facets final: 2747, pending: 22718, pool: 99
I 1536.22] Elapsed: 25:36, vertices: 2878, facets final: 2770, pending: 22705, pool: 99
I 1541.25] Elapsed: 25:41, vertices: 2883, facets final: 2791, pending: 22652, pool: 100
I 1546.51] Elapsed: 25:47, vertices: 2892, facets final: 2806, pending: 22640, pool: 100
I 1551.55] Elapsed: 25:52, vertices: 2898, facets final: 2827, pending: 22611, pool: 99
I 1553.24] recalculating facets...
I 1556.84] Elapsed: 25:57, vertices: 2903, facets final: 2847, pending: 22576, pool: 100
I 1562.01] Elapsed: 26:02, vertices: 2910, facets final: 2872, pending: 22513, pool: 100
I 1567.02] Elapsed: 26:07, vertices: 2916, facets final: 2891, pending: 22449, pool: 100
I 1572.06] Elapsed: 26:12, vertices: 2921, facets final: 2914, pending: 22435, pool: 100
I 1577.07] Elapsed: 26:17, vertices: 2927, facets final: 2936, pending: 22378, pool: 100
I 1582.23] Elapsed: 26:22, vertices: 2931, facets final: 2965, pending: 22295, pool: 100
I 1587.24] Elapsed: 26:27, vertices: 2937, facets final: 2987, pending: 22253, pool: 99
I 1592.47] Elapsed: 26:32, vertices: 2943, facets final: 3005, pending: 22220, pool: 100
I 1597.66] Elapsed: 26:38, vertices: 2948, facets final: 3028, pending: 22173, pool: 99
I 1602.73] Elapsed: 26:43, vertices: 2952, facets final: 3053, pending: 22149, pool: 100
I 1607.86] Elapsed: 26:48, vertices: 2960, facets final: 3069, pending: 22111, pool: 100
I 1612.89] Elapsed: 26:53, vertices: 2967, facets final: 3089, pending: 22046, pool: 100
I 1618.12] Elapsed: 26:58, vertices: 2972, facets final: 3113, pending: 22071, pool: 100
I 1623.22] Elapsed: 27:03, vertices: 2977, facets final: 3135, pending: 21984, pool: 100
I 1628.24] Elapsed: 27:08, vertices: 2981, facets final: 3158, pending: 21944, pool: 100
I 1633.25] Elapsed: 27:13, vertices: 2988, facets final: 3176, pending: 21891, pool: 100
I 1638.25] Elapsed: 27:18, vertices: 2994, facets final: 3199, pending: 21872, pool: 100
I 1643.00] recalculating facets...
I 1643.29] Elapsed: 27:23, vertices: 3001, facets final: 3214, pending: 21850, pool: 100
I 1648.29] Elapsed: 27:28, vertices: 3007, facets final: 3235, pending: 21737, pool: 100
I 1653.41] Elapsed: 27:33, vertices: 3016, facets final: 3250, pending: 21654, pool: 100
I 1658.51] Elapsed: 27:39, vertices: 3023, facets final: 3270, pending: 21593, pool: 100
I 1663.51] Elapsed: 27:44, vertices: 3029, facets final: 3290, pending: 21527, pool: 100
I 1668.56] Elapsed: 27:49, vertices: 3034, facets final: 3313, pending: 21478, pool: 100
I 1673.66] Elapsed: 27:54, vertices: 3040, facets final: 3333, pending: 21431, pool: 99
I 1678.84] Elapsed: 27:59, vertices: 3048, facets final: 3350, pending: 21349, pool: 100
I 1683.89] Elapsed: 28:04, vertices: 3055, facets final: 3368, pending: 21268, pool: 100
I 1688.96] Elapsed: 28:09, vertices: 3060, facets final: 3393, pending: 21236, pool: 100
I 1694.23] Elapsed: 28:14, vertices: 3067, facets final: 3411, pending: 21180, pool: 99
I 1699.42] Elapsed: 28:19, vertices: 3072, facets final: 3429, pending: 21190, pool: 100
I 1704.45] Elapsed: 28:24, vertices: 3076, facets final: 3456, pending: 21105, pool: 100
I 1709.45] Elapsed: 28:29, vertices: 3082, facets final: 3481, pending: 21044, pool: 100
I 1714.66] Elapsed: 28:35, vertices: 3087, facets final: 3503, pending: 20988, pool: 100
I 1719.71] Elapsed: 28:40, vertices: 3092, facets final: 3524, pending: 20969, pool: 100
I 1724.96] Elapsed: 28:45, vertices: 3099, facets final: 3541, pending: 20918, pool: 100
I 1725.49] recalculating facets...
I 1730.02] Elapsed: 28:50, vertices: 3107, facets final: 3559, pending: 20821, pool: 100
I 1735.09] Elapsed: 28:55, vertices: 3111, facets final: 3581, pending: 20788, pool: 99
I 1740.30] Elapsed: 29:00, vertices: 3115, facets final: 3606, pending: 20753, pool: 99
I 1745.43] Elapsed: 29:05, vertices: 3121, facets final: 3625, pending: 20721, pool: 100
I 1750.66] Elapsed: 29:11, vertices: 3124, facets final: 3650, pending: 20704, pool: 100
I 1755.69] Elapsed: 29:16, vertices: 3129, facets final: 3675, pending: 20675, pool: 100
I 1760.80] Elapsed: 29:21, vertices: 3132, facets final: 3700, pending: 20612, pool: 99
I 1765.89] Elapsed: 29:26, vertices: 3138, facets final: 3718, pending: 20571, pool: 100
I 1770.89] Elapsed: 29:31, vertices: 3144, facets final: 3738, pending: 20494, pool: 100
I 1775.90] Elapsed: 29:36, vertices: 3147, facets final: 3763, pending: 20454, pool: 100
I 1781.09] Elapsed: 29:41, vertices: 3151, facets final: 3789, pending: 20415, pool: 100
I 1786.23] Elapsed: 29:46, vertices: 3157, facets final: 3812, pending: 20431, pool: 100
I 1791.23] Elapsed: 29:51, vertices: 3162, facets final: 3834, pending: 20365, pool: 100
I 1796.31] Elapsed: 29:56, vertices: 3168, facets final: 3856, pending: 20313, pool: 100
I 1801.33] Elapsed: 30:01, vertices: 3176, facets final: 3872, pending: 20300, pool: 100
I 1806.39] Elapsed: 30:06, vertices: 3181, facets final: 3896, pending: 20268, pool: 100
I 1811.64] Elapsed: 30:12, vertices: 3183, facets final: 3923, pending: 20230, pool: 100
I 1816.80] Elapsed: 30:17, vertices: 3186, facets final: 3950, pending: 20176, pool: 100
I 1821.84] Elapsed: 30:22, vertices: 3193, facets final: 3972, pending: 20125, pool: 99
I 1826.96] Elapsed: 30:27, vertices: 3197, facets final: 3997, pending: 20058, pool: 100
I 1829.78] recalculating facets...
I 1832.00] Elapsed: 30:32, vertices: 3204, facets final: 4017, pending: 20025, pool: 100
I 1837.14] Elapsed: 30:37, vertices: 3208, facets final: 4041, pending: 19965, pool: 100
I 1842.20] Elapsed: 30:42, vertices: 3212, facets final: 4068, pending: 19933, pool: 100
I 1847.23] Elapsed: 30:47, vertices: 3215, facets final: 4094, pending: 19884, pool: 100
I 1852.31] Elapsed: 30:52, vertices: 3217, facets final: 4118, pending: 19865, pool: 100
I 1857.50] Elapsed: 30:58, vertices: 3222, facets final: 4141, pending: 19830, pool: 100
I 1862.52] Elapsed: 31:03, vertices: 3223, facets final: 4170, pending: 19788, pool: 100
I 1867.74] Elapsed: 31:08, vertices: 3230, facets final: 4193, pending: 19732, pool: 99
I 1872.76] Elapsed: 31:13, vertices: 3231, facets final: 4223, pending: 19706, pool: 99
I 1877.76] Elapsed: 31:18, vertices: 3237, facets final: 4242, pending: 19702, pool: 100
I 1882.86] Elapsed: 31:23, vertices: 3242, facets final: 4263, pending: 19662, pool: 100
I 1887.93] Elapsed: 31:28, vertices: 3247, facets final: 4284, pending: 19612, pool: 100
I 1893.02] Elapsed: 31:33, vertices: 3253, facets final: 4303, pending: 19582, pool: 100
I 1898.12] Elapsed: 31:38, vertices: 3257, facets final: 4328, pending: 19548, pool: 100
I 1903.25] Elapsed: 31:43, vertices: 3261, facets final: 4354, pending: 19517, pool: 100
I 1908.32] Elapsed: 31:48, vertices: 3269, facets final: 4370, pending: 19476, pool: 100
I 1913.45] Elapsed: 31:53, vertices: 3276, facets final: 4389, pending: 19451, pool: 100
I 1918.49] Elapsed: 31:58, vertices: 3278, facets final: 4413, pending: 19431, pool: 99
I 1923.63] Elapsed: 32:04, vertices: 3281, facets final: 4439, pending: 19396, pool: 100
I 1928.68] Elapsed: 32:09, vertices: 3284, facets final: 4467, pending: 19345, pool: 100
I 1933.80] Elapsed: 32:14, vertices: 3288, facets final: 4492, pending: 19322, pool: 100
I 1938.81] Elapsed: 32:19, vertices: 3291, facets final: 4517, pending: 19316, pool: 100
I 1943.86] Elapsed: 32:24, vertices: 3297, facets final: 4539, pending: 19287, pool: 100
I 1948.93] Elapsed: 32:29, vertices: 3300, facets final: 4566, pending: 19269, pool: 100
I 1949.71] recalculating facets...
I 1954.16] Elapsed: 32:34, vertices: 3304, facets final: 4590, pending: 19206, pool: 100
I 1959.25] Elapsed: 32:39, vertices: 3309, facets final: 4613, pending: 19200, pool: 100
I 1964.31] Elapsed: 32:44, vertices: 3313, facets final: 4635, pending: 19199, pool: 100
I 1969.46] Elapsed: 32:49, vertices: 3319, facets final: 4656, pending: 19124, pool: 100
I 1974.51] Elapsed: 32:55, vertices: 3325, facets final: 4677, pending: 19091, pool: 100
I 1979.52] Elapsed: 33:00, vertices: 3328, facets final: 4702, pending: 19058, pool: 100
I 1984.53] Elapsed: 33:05, vertices: 3332, facets final: 4725, pending: 19018, pool: 99
I 1989.57] Elapsed: 33:10, vertices: 3335, facets final: 4750, pending: 18982, pool: 99
I 1994.64] Elapsed: 33:15, vertices: 3337, facets final: 4773, pending: 18935, pool: 100
I 1999.73] Elapsed: 33:20, vertices: 3341, facets final: 4799, pending: 18900, pool: 100
I 2004.94] Elapsed: 33:25, vertices: 3344, facets final: 4826, pending: 18872, pool: 100
I 2009.95] Elapsed: 33:30, vertices: 3347, facets final: 4850, pending: 18834, pool: 100
I 2015.00] Elapsed: 33:35, vertices: 3351, facets final: 4875, pending: 18789, pool: 99
I 2020.00] Elapsed: 33:40, vertices: 3353, facets final: 4902, pending: 18749, pool: 100
I 2025.07] Elapsed: 33:45, vertices: 3355, facets final: 4931, pending: 18730, pool: 99
I 2030.24] Elapsed: 33:50, vertices: 3359, facets final: 4953, pending: 18668, pool: 100
I 2035.36] Elapsed: 33:55, vertices: 3363, facets final: 4977, pending: 18614, pool: 100
I 2040.41] Elapsed: 34:00, vertices: 3365, facets final: 5007, pending: 18609, pool: 99
I 2045.56] Elapsed: 34:06, vertices: 3368, facets final: 5031, pending: 18575, pool: 98
I 2050.57] Elapsed: 34:11, vertices: 3372, facets final: 5053, pending: 18553, pool: 100
I 2055.67] Elapsed: 34:16, vertices: 3377, facets final: 5074, pending: 18506, pool: 100
I 2060.73] Elapsed: 34:21, vertices: 3380, facets final: 5102, pending: 18463, pool: 100
I 2065.82] Elapsed: 34:26, vertices: 3382, facets final: 5132, pending: 18423, pool: 100
I 2070.93] Elapsed: 34:31, vertices: 3387, facets final: 5157, pending: 18343, pool: 100
I 2076.03] Elapsed: 34:36, vertices: 3392, facets final: 5176, pending: 18280, pool: 100
I 2081.04] Elapsed: 34:41, vertices: 3397, facets final: 5199, pending: 18242, pool: 99
I 2086.19] Elapsed: 34:46, vertices: 3398, facets final: 5226, pending: 18215, pool: 100
I 2087.61] recalculating facets...
I 2091.33] Elapsed: 34:51, vertices: 3402, facets final: 5249, pending: 18172, pool: 99
I 2096.34] Elapsed: 34:56, vertices: 3406, facets final: 5270, pending: 18148, pool: 100
I 2101.42] Elapsed: 35:01, vertices: 3408, facets final: 5301, pending: 18105, pool: 99
I 2106.46] Elapsed: 35:06, vertices: 3410, facets final: 5328, pending: 18069, pool: 99
I 2111.47] Elapsed: 35:11, vertices: 3413, facets final: 5357, pending: 18043, pool: 100
I 2116.51] Elapsed: 35:17, vertices: 3416, facets final: 5388, pending: 18020, pool: 99
I 2121.54] Elapsed: 35:22, vertices: 3419, facets final: 5411, pending: 17958, pool: 100
I 2126.66] Elapsed: 35:27, vertices: 3421, facets final: 5438, pending: 17925, pool: 99
I 2132.02] Elapsed: 35:32, vertices: 3423, facets final: 5468, pending: 17887, pool: 99
I 2137.08] Elapsed: 35:37, vertices: 3425, facets final: 5498, pending: 17858, pool: 99
I 2142.18] Elapsed: 35:42, vertices: 3429, facets final: 5525, pending: 17850, pool: 99
I 2147.28] Elapsed: 35:47, vertices: 3429, facets final: 5555, pending: 17820
I 2152.38] Elapsed: 35:52, vertices: 3432, facets final: 5580, pending: 17789, pool: 99
I 2157.48] Elapsed: 35:57, vertices: 3434, facets final: 5613, pending: 17750, pool: 100
I 2162.53] Elapsed: 36:03, vertices: 3437, facets final: 5639, pending: 17756, pool: 100
I 2167.65] Elapsed: 36:08, vertices: 3439, facets final: 5666, pending: 17736, pool: 100
I 2172.66] Elapsed: 36:13, vertices: 3441, facets final: 5696, pending: 17708, pool: 100
I 2177.73] Elapsed: 36:18, vertices: 3446, facets final: 5720, pending: 17661, pool: 99
I 2182.83] Elapsed: 36:23, vertices: 3447, facets final: 5751, pending: 17633, pool: 100
I 2187.94] Elapsed: 36:28, vertices: 3453, facets final: 5771, pending: 17584, pool: 99
I 2193.15] Elapsed: 36:33, vertices: 3455, facets final: 5800, pending: 17538, pool: 100
I 2198.29] Elapsed: 36:38, vertices: 3459, facets final: 5824, pending: 17504, pool: 100
I 2203.47] Elapsed: 36:43, vertices: 3462, facets final: 5852, pending: 17433, pool: 99
I 2208.49] Elapsed: 36:48, vertices: 3463, facets final: 5884, pending: 17383, pool: 100
I 2213.52] Elapsed: 36:54, vertices: 3468, facets final: 5907, pending: 17327, pool: 99
I 2218.66] Elapsed: 36:59, vertices: 3470, facets final: 5932, pending: 17285, pool: 100
I 2223.66] Elapsed: 37:04, vertices: 3473, facets final: 5957, pending: 17266, pool: 99
I 2228.71] Elapsed: 37:09, vertices: 3476, facets final: 5983, pending: 17249, pool: 99
I 2233.79] Elapsed: 37:14, vertices: 3478, facets final: 6009, pending: 17210, pool: 99
I 2238.87] Elapsed: 37:19, vertices: 3481, facets final: 6034, pending: 17162, pool: 99
I 2243.93] Elapsed: 37:24, vertices: 3484, facets final: 6059, pending: 17124, pool: 99
I 2249.05] Elapsed: 37:29, vertices: 3488, facets final: 6080, pending: 17098, pool: 100
I 2254.10] Elapsed: 37:34, vertices: 3492, facets final: 6107, pending: 17044, pool: 99
I 2259.19] Elapsed: 37:39, vertices: 3496, facets final: 6130, pending: 17012, pool: 100
I 2264.23] Elapsed: 37:44, vertices: 3499, facets final: 6157, pending: 16972, pool: 100
I 2268.75] recalculating facets...
I 2269.30] Elapsed: 37:49, vertices: 3501, facets final: 6183, pending: 16936, pool: 100
I 2274.36] Elapsed: 37:54, vertices: 3502, facets final: 6213, pending: 16897, pool: 100
I 2279.54] Elapsed: 38:00, vertices: 3507, facets final: 6241, pending: 16884, pool: 100
I 2284.79] Elapsed: 38:05, vertices: 3509, facets final: 6269, pending: 16841, pool: 100
I 2289.93] Elapsed: 38:10, vertices: 3512, facets final: 6299, pending: 16815, pool: 100
I 2294.96] Elapsed: 38:15, vertices: 3514, facets final: 6326, pending: 16787, pool: 98
I 2300.04] Elapsed: 38:20, vertices: 3515, facets final: 6355, pending: 16751, pool: 100
I 2305.14] Elapsed: 38:25, vertices: 3518, facets final: 6379, pending: 16733, pool: 100
I 2310.14] Elapsed: 38:30, vertices: 3522, facets final: 6404, pending: 16709, pool: 100
I 2315.20] Elapsed: 38:35, vertices: 3525, facets final: 6432, pending: 16660, pool: 100
I 2320.27] Elapsed: 38:40, vertices: 3526, facets final: 6463, pending: 16615, pool: 100
I 2325.35] Elapsed: 38:45, vertices: 3529, facets final: 6490, pending: 16581, pool: 100
I 2330.39] Elapsed: 38:50, vertices: 3531, facets final: 6517, pending: 16552, pool: 100
I 2335.44] Elapsed: 38:55, vertices: 3533, facets final: 6547, pending: 16518, pool: 100
I 2340.70] Elapsed: 39:01, vertices: 3534, facets final: 6574, pending: 16488, pool: 100
I 2345.71] Elapsed: 39:06, vertices: 3539, facets final: 6599, pending: 16454, pool: 100
I 2350.82] Elapsed: 39:11, vertices: 3542, facets final: 6624, pending: 16425, pool: 100
I 2355.95] Elapsed: 39:16, vertices: 3544, facets final: 6653, pending: 16380, pool: 100
I 2361.14] Elapsed: 39:21, vertices: 3547, facets final: 6682, pending: 16337, pool: 100
I 2366.24] Elapsed: 39:26, vertices: 3551, facets final: 6703, pending: 16295, pool: 100
I 2371.25] Elapsed: 39:31, vertices: 3553, facets final: 6732, pending: 16264, pool: 99
I 2376.46] Elapsed: 39:36, vertices: 3555, facets final: 6757, pending: 16218, pool: 99
I 2381.47] Elapsed: 39:41, vertices: 3557, facets final: 6786, pending: 16182, pool: 100
I 2386.49] Elapsed: 39:46, vertices: 3560, facets final: 6811, pending: 16147, pool: 100
I 2391.55] Elapsed: 39:52, vertices: 3562, facets final: 6839, pending: 16114, pool: 100
I 2396.66] Elapsed: 39:57, vertices: 3565, facets final: 6871, pending: 16061, pool: 99
I 2401.70] Elapsed: 40:02, vertices: 3566, facets final: 6899, pending: 16021, pool: 99
I 2406.79] Elapsed: 40:07, vertices: 3569, facets final: 6923, pending: 15971, pool: 100
I 2411.83] Elapsed: 40:12, vertices: 3569, facets final: 6954, pending: 15940
I 2416.89] Elapsed: 40:17, vertices: 3571, facets final: 6981, pending: 15919, pool: 100
I 2421.93] Elapsed: 40:22, vertices: 3573, facets final: 7008, pending: 15899, pool: 100
I 2427.05] Elapsed: 40:27, vertices: 3577, facets final: 7035, pending: 15885, pool: 100
I 2432.17] Elapsed: 40:32, vertices: 3579, facets final: 7066, pending: 15839, pool: 100
I 2437.22] Elapsed: 40:37, vertices: 3580, facets final: 7095, pending: 15802, pool: 100
I 2442.36] Elapsed: 40:42, vertices: 3582, facets final: 7122, pending: 15769, pool: 100
I 2447.56] Elapsed: 40:48, vertices: 3586, facets final: 7148, pending: 15726, pool: 99
I 2452.57] Elapsed: 40:53, vertices: 3588, facets final: 7176, pending: 15706, pool: 100
I 2457.72] Elapsed: 40:58, vertices: 3591, facets final: 7205, pending: 15656, pool: 100
I 2462.83] Elapsed: 41:03, vertices: 3592, facets final: 7237, pending: 15624, pool: 99
I 2468.00] Elapsed: 41:08, vertices: 3593, facets final: 7267, pending: 15589, pool: 99
I 2473.05] Elapsed: 41:13, vertices: 3594, facets final: 7302, pending: 15542, pool: 100
I 2478.25] Elapsed: 41:18, vertices: 3596, facets final: 7332, pending: 15515, pool: 100
I 2482.80] recalculating facets...
I 2483.35] Elapsed: 41:23, vertices: 3601, facets final: 7354, pending: 15482, pool: 100
I 2488.37] Elapsed: 41:28, vertices: 3602, facets final: 7385, pending: 15462, pool: 100
I 2493.46] Elapsed: 41:33, vertices: 3605, facets final: 7411, pending: 15431, pool: 99
I 2498.51] Elapsed: 41:39, vertices: 3608, facets final: 7438, pending: 15394, pool: 100
I 2503.54] Elapsed: 41:44, vertices: 3610, facets final: 7470, pending: 15350, pool: 100
I 2508.66] Elapsed: 41:49, vertices: 3612, facets final: 7495, pending: 15322, pool: 100
I 2513.67] Elapsed: 41:54, vertices: 3613, facets final: 7522, pending: 15288, pool: 100
I 2518.70] Elapsed: 41:59, vertices: 3615, facets final: 7552, pending: 15272, pool: 100
I 2523.83] Elapsed: 42:04, vertices: 3617, facets final: 7580, pending: 15240, pool: 100
I 2528.89] Elapsed: 42:09, vertices: 3619, facets final: 7608, pending: 15233, pool: 100
I 2534.03] Elapsed: 42:14, vertices: 3622, facets final: 7636, pending: 15214, pool: 100
I 2539.03] Elapsed: 42:19, vertices: 3623, facets final: 7669, pending: 15171, pool: 100
I 2544.04] Elapsed: 42:24, vertices: 3626, facets final: 7697, pending: 15138, pool: 100
I 2549.17] Elapsed: 42:29, vertices: 3631, facets final: 7722, pending: 15088, pool: 100
I 2554.21] Elapsed: 42:34, vertices: 3632, facets final: 7753, pending: 15045, pool: 100
I 2559.24] Elapsed: 42:39, vertices: 3633, facets final: 7779, pending: 15017, pool: 100
I 2564.29] Elapsed: 42:44, vertices: 3637, facets final: 7799, pending: 15014, pool: 100
I 2569.35] Elapsed: 42:49, vertices: 3640, facets final: 7826, pending: 14981, pool: 100
I 2574.50] Elapsed: 42:55, vertices: 3644, facets final: 7851, pending: 14947, pool: 100
I 2579.54] Elapsed: 43:00, vertices: 3648, facets final: 7880, pending: 14897, pool: 99
I 2584.67] Elapsed: 43:05, vertices: 3650, facets final: 7910, pending: 14864, pool: 98
I 2589.83] Elapsed: 43:10, vertices: 3650, facets final: 7940, pending: 14834
I 2594.90] Elapsed: 43:15, vertices: 3650, facets final: 7974, pending: 14800
I 2599.98] Elapsed: 43:20, vertices: 3652, facets final: 8003, pending: 14751, pool: 99
I 2605.03] Elapsed: 43:25, vertices: 3654, facets final: 8027, pending: 14728, pool: 100
I 2610.06] Elapsed: 43:30, vertices: 3656, facets final: 8060, pending: 14702, pool: 100
I 2615.28] Elapsed: 43:35, vertices: 3659, facets final: 8088, pending: 14664, pool: 100
I 2620.38] Elapsed: 43:40, vertices: 3661, facets final: 8117, pending: 14636, pool: 100
I 2625.50] Elapsed: 43:46, vertices: 3663, facets final: 8144, pending: 14616, pool: 100
I 2630.51] Elapsed: 43:51, vertices: 3666, facets final: 8171, pending: 14585, pool: 100
I 2635.62] Elapsed: 43:56, vertices: 3668, facets final: 8203, pending: 14546, pool: 100
I 2640.78] Elapsed: 44:01, vertices: 3669, facets final: 8232, pending: 14513, pool: 100
I 2645.97] Elapsed: 44:06, vertices: 3671, facets final: 8260, pending: 14486, pool: 100
I 2651.08] Elapsed: 44:11, vertices: 3673, facets final: 8290, pending: 14449, pool: 100
I 2656.09] Elapsed: 44:16, vertices: 3675, facets final: 8321, pending: 14424, pool: 99
I 2661.27] Elapsed: 44:21, vertices: 3677, facets final: 8348, pending: 14395, pool: 100
I 2666.31] Elapsed: 44:26, vertices: 3678, facets final: 8377, pending: 14367, pool: 100
I 2671.53] Elapsed: 44:32, vertices: 3679, facets final: 8407, pending: 14327, pool: 100
I 2676.64] Elapsed: 44:37, vertices: 3682, facets final: 8435, pending: 14298, pool: 100
I 2681.74] Elapsed: 44:42, vertices: 3686, facets final: 8461, pending: 14257, pool: 100
I 2686.79] Elapsed: 44:47, vertices: 3686, facets final: 8495, pending: 14223
I 2691.81] Elapsed: 44:52, vertices: 3687, facets final: 8528, pending: 14186, pool: 99
I 2696.95] Elapsed: 44:57, vertices: 3688, facets final: 8555, pending: 14154, pool: 99
I 2701.96] Elapsed: 45:02, vertices: 3690, facets final: 8579, pending: 14136, pool: 100
I 2706.97] Elapsed: 45:07, vertices: 3693, facets final: 8609, pending: 14095, pool: 99
I 2712.12] Elapsed: 45:12, vertices: 3693, facets final: 8636, pending: 14068
I 2717.21] Elapsed: 45:17, vertices: 3696, facets final: 8661, pending: 14036, pool: 100
I 2721.14] recalculating facets...
I 2722.22] Elapsed: 45:22, vertices: 3701, facets final: 8685, pending: 14006, pool: 100
I 2727.22] Elapsed: 45:27, vertices: 3702, facets final: 8716, pending: 13971, pool: 100
I 2732.34] Elapsed: 45:32, vertices: 3705, facets final: 8743, pending: 13929, pool: 100
I 2737.56] Elapsed: 45:38, vertices: 3706, facets final: 8774, pending: 13898, pool: 100
I 2742.58] Elapsed: 45:43, vertices: 3708, facets final: 8802, pending: 13859, pool: 99
I 2747.58] Elapsed: 45:48, vertices: 3709, facets final: 8834, pending: 13813, pool: 99
I 2752.59] Elapsed: 45:53, vertices: 3711, facets final: 8867, pending: 13771, pool: 99
I 2757.69] Elapsed: 45:58, vertices: 3713, facets final: 8897, pending: 13747, pool: 97
I 2762.74] Elapsed: 46:03, vertices: 3714, facets final: 8928, pending: 13716, pool: 97
I 2767.79] Elapsed: 46:08, vertices: 3714, facets final: 8964, pending: 13680
I 2772.90] Elapsed: 46:13, vertices: 3716, facets final: 8992, pending: 13648, pool: 97
I 2778.07] Elapsed: 46:18, vertices: 3716, facets final: 9022, pending: 13618
I 2783.17] Elapsed: 46:23, vertices: 3716, facets final: 9054, pending: 13586
I 2788.19] Elapsed: 46:28, vertices: 3719, facets final: 9085, pending: 13556, pool: 99
I 2793.21] Elapsed: 46:33, vertices: 3721, facets final: 9113, pending: 13517, pool: 100
I 2798.31] Elapsed: 46:38, vertices: 3721, facets final: 9144, pending: 13486
I 2803.45] Elapsed: 46:43, vertices: 3722, facets final: 9174, pending: 13452, pool: 100
I 2808.59] Elapsed: 46:49, vertices: 3722, facets final: 9207, pending: 13419
I 2813.64] Elapsed: 46:54, vertices: 3725, facets final: 9238, pending: 13383, pool: 99
I 2818.67] Elapsed: 46:59, vertices: 3727, facets final: 9265, pending: 13360, pool: 99
I 2823.72] Elapsed: 47:04, vertices: 3729, facets final: 9294, pending: 13328, pool: 100
I 2828.74] Elapsed: 47:09, vertices: 3730, facets final: 9321, pending: 13293, pool: 100
I 2833.80] Elapsed: 47:14, vertices: 3730, facets final: 9351, pending: 13263
I 2838.82] Elapsed: 47:19, vertices: 3732, facets final: 9377, pending: 13239, pool: 100
I 2843.84] Elapsed: 47:24, vertices: 3734, facets final: 9407, pending: 13210, pool: 100
I 2848.91] Elapsed: 47:29, vertices: 3736, facets final: 9435, pending: 13179, pool: 100
I 2853.96] Elapsed: 47:34, vertices: 3738, facets final: 9460, pending: 13155, pool: 100
I 2859.00] Elapsed: 47:39, vertices: 3740, facets final: 9488, pending: 13123, pool: 100
I 2864.07] Elapsed: 47:44, vertices: 3743, facets final: 9516, pending: 13096, pool: 99
I 2869.08] Elapsed: 47:49, vertices: 3744, facets final: 9544, pending: 13070, pool: 100
I 2874.22] Elapsed: 47:54, vertices: 3748, facets final: 9572, pending: 13040, pool: 99
I 2879.36] Elapsed: 47:59, vertices: 3749, facets final: 9601, pending: 13011, pool: 99
I 2884.49] Elapsed: 48:04, vertices: 3751, facets final: 9629, pending: 12972, pool: 99
I 2889.51] Elapsed: 48:10, vertices: 3752, facets final: 9657, pending: 12942, pool: 99
I 2894.54] Elapsed: 48:15, vertices: 3753, facets final: 9686, pending: 12912, pool: 98
I 2899.54] Elapsed: 48:20, vertices: 3754, facets final: 9715, pending: 12880, pool: 97
I 2904.67] Elapsed: 48:25, vertices: 3754, facets final: 9742, pending: 12853
I 2909.68] Elapsed: 48:30, vertices: 3756, facets final: 9770, pending: 12819, pool: 99
I 2914.82] Elapsed: 48:35, vertices: 3758, facets final: 9799, pending: 12782, pool: 97
I 2919.86] Elapsed: 48:40, vertices: 3758, facets final: 9827, pending: 12754
I 2924.93] Elapsed: 48:45, vertices: 3759, facets final: 9856, pending: 12731, pool: 99
I 2930.05] Elapsed: 48:50, vertices: 3764, facets final: 9877, pending: 12685, pool: 99
I 2935.18] Elapsed: 48:55, vertices: 3764, facets final: 9908, pending: 12654
I 2940.26] Elapsed: 49:00, vertices: 3766, facets final: 9935, pending: 12618, pool: 100
I 2945.37] Elapsed: 49:05, vertices: 3766, facets final: 9968, pending: 12585
I 2950.52] Elapsed: 49:11, vertices: 3766, facets final: 9999, pending: 12554
I 2955.63] Elapsed: 49:16, vertices: 3766, facets final: 10033, pending: 12520
I 2960.64] Elapsed: 49:21, vertices: 3767, facets final: 10065, pending: 12487, pool: 99
I 2965.77] Elapsed: 49:26, vertices: 3768, facets final: 10093, pending: 12455, pool: 100
I 2970.86] Elapsed: 49:31, vertices: 3768, facets final: 10125, pending: 12423
I 2975.88] Elapsed: 49:36, vertices: 3769, facets final: 10159, pending: 12386, pool: 100
I 2980.95] Elapsed: 49:41, vertices: 3771, facets final: 10189, pending: 12351, pool: 100
I 2986.06] Elapsed: 49:46, vertices: 3773, facets final: 10218, pending: 12319, pool: 99
I 2991.16] Elapsed: 49:51, vertices: 3775, facets final: 10248, pending: 12310, pool: 100
I 2996.24] Elapsed: 49:56, vertices: 3778, facets final: 10275, pending: 12276, pool: 100
I 3001.39] Elapsed: 50:01, vertices: 3779, facets final: 10306, pending: 12236, pool: 100
I 3006.60] Elapsed: 50:07, vertices: 3780, facets final: 10339, pending: 12200, pool: 99
I 3011.70] Elapsed: 50:12, vertices: 3781, facets final: 10369, pending: 12173, pool: 99
I 3016.71] Elapsed: 50:17, vertices: 3781, facets final: 10399, pending: 12143
I 3021.89] Elapsed: 50:22, vertices: 3784, facets final: 10430, pending: 12106, pool: 100
I 3026.95] Elapsed: 50:27, vertices: 3787, facets final: 10455, pending: 12080, pool: 99
I 3031.95] Elapsed: 50:32, vertices: 3788, facets final: 10484, pending: 12047, pool: 99
I 3037.07] Elapsed: 50:37, vertices: 3788, facets final: 10516, pending: 12015
I 3042.08] Elapsed: 50:42, vertices: 3789, facets final: 10546, pending: 11979, pool: 100
I 3047.19] Elapsed: 50:47, vertices: 3791, facets final: 10578, pending: 11937, pool: 100
I 3052.26] Elapsed: 50:52, vertices: 3793, facets final: 10605, pending: 11907, pool: 100
I 3057.31] Elapsed: 50:57, vertices: 3794, facets final: 10632, pending: 11882, pool: 100
I 3062.34] Elapsed: 51:02, vertices: 3797, facets final: 10662, pending: 11842, pool: 99
I 3067.42] Elapsed: 51:07, vertices: 3798, facets final: 10692, pending: 11812, pool: 98
I 3072.48] Elapsed: 51:12, vertices: 3799, facets final: 10722, pending: 11780, pool: 100
I 3077.53] Elapsed: 51:18, vertices: 3800, facets final: 10753, pending: 11747, pool: 99
I 3079.83] recalculating facets...
I 3082.55] Elapsed: 51:23, vertices: 3801, facets final: 10781, pending: 11717, pool: 98
I 3087.61] Elapsed: 51:28, vertices: 3801, facets final: 10815, pending: 11683
I 3092.63] Elapsed: 51:33, vertices: 3802, facets final: 10846, pending: 11659, pool: 98
I 3097.69] Elapsed: 51:38, vertices: 3803, facets final: 10878, pending: 11625, pool: 98
I 3102.90] Elapsed: 51:43, vertices: 3804, facets final: 10905, pending: 11596, pool: 97
I 3108.03] Elapsed: 51:48, vertices: 3804, facets final: 10937, pending: 11564
I 3113.06] Elapsed: 51:53, vertices: 3806, facets final: 10965, pending: 11526, pool: 98
I 3118.14] Elapsed: 51:58, vertices: 3807, facets final: 10994, pending: 11498, pool: 98
I 3123.19] Elapsed: 52:03, vertices: 3809, facets final: 11022, pending: 11462, pool: 99
I 3128.33] Elapsed: 52:08, vertices: 3809, facets final: 11052, pending: 11432
I 3133.34] Elapsed: 52:13, vertices: 3809, facets final: 11084, pending: 11400
I 3138.50] Elapsed: 52:19, vertices: 3809, facets final: 11115, pending: 11369
I 3143.70] Elapsed: 52:24, vertices: 3814, facets final: 11141, pending: 11343, pool: 99
I 3148.79] Elapsed: 52:29, vertices: 3815, facets final: 11169, pending: 11312, pool: 99
I 3153.93] Elapsed: 52:34, vertices: 3816, facets final: 11198, pending: 11281, pool: 98
I 3159.07] Elapsed: 52:39, vertices: 3818, facets final: 11226, pending: 11247, pool: 98
I 3164.09] Elapsed: 52:44, vertices: 3818, facets final: 11254, pending: 11219
I 3169.28] Elapsed: 52:49, vertices: 3818, facets final: 11288, pending: 11185, pool: 99
I 3174.40] Elapsed: 52:54, vertices: 3819, facets final: 11320, pending: 11152
I 3179.47] Elapsed: 52:59, vertices: 3821, facets final: 11348, pending: 11117, pool: 100
I 3184.58] Elapsed: 53:05, vertices: 3823, facets final: 11379, pending: 11082, pool: 99
I 3189.76] Elapsed: 53:10, vertices: 3823, facets final: 11411, pending: 11050
I 3194.86] Elapsed: 53:15, vertices: 3824, facets final: 11445, pending: 11014, pool: 98
I 3199.97] Elapsed: 53:20, vertices: 3824, facets final: 11478, pending: 10981
I 3205.02] Elapsed: 53:25, vertices: 3824, facets final: 11509, pending: 10950
I 3210.02] Elapsed: 53:30, vertices: 3826, facets final: 11541, pending: 10916, pool: 99
I 3215.05] Elapsed: 53:35, vertices: 3827, facets final: 11570, pending: 10885, pool: 99
I 3220.16] Elapsed: 53:40, vertices: 3829, facets final: 11601, pending: 10842, pool: 99
I 3225.16] Elapsed: 53:45, vertices: 3830, facets final: 11634, pending: 10807, pool: 98
I 3230.28] Elapsed: 53:50, vertices: 3831, facets final: 11666, pending: 10773, pool: 97
I 3235.35] Elapsed: 53:55, vertices: 3831, facets final: 11696, pending: 10743
I 3240.44] Elapsed: 54:00, vertices: 3831, facets final: 11730, pending: 10709
I 3245.52] Elapsed: 54:06, vertices: 3832, facets final: 11760, pending: 10677, pool: 96
I 3250.58] Elapsed: 54:11, vertices: 3832, facets final: 11790, pending: 10647
I 3255.61] Elapsed: 54:16, vertices: 3834, facets final: 11819, pending: 10612, pool: 97
I 3260.68] Elapsed: 54:21, vertices: 3834, facets final: 11849, pending: 10582
I 3265.70] Elapsed: 54:26, vertices: 3834, facets final: 11881, pending: 10550
I 3270.74] Elapsed: 54:31, vertices: 3834, facets final: 11916, pending: 10515
I 3275.84] Elapsed: 54:36, vertices: 3835, facets final: 11950, pending: 10478, pool: 98
I 3280.91] Elapsed: 54:41, vertices: 3835, facets final: 11980, pending: 10448
I 3286.08] Elapsed: 54:46, vertices: 3836, facets final: 12012, pending: 10413, pool: 98
I 3291.20] Elapsed: 54:51, vertices: 3836, facets final: 12041, pending: 10384
I 3296.23] Elapsed: 54:56, vertices: 3836, facets final: 12070, pending: 10355, pool: 98
I 3301.36] Elapsed: 55:01, vertices: 3837, facets final: 12100, pending: 10323
I 3306.43] Elapsed: 55:06, vertices: 3837, facets final: 12129, pending: 10294
I 3311.48] Elapsed: 55:11, vertices: 3838, facets final: 12163, pending: 10259, pool: 98
I 3316.65] Elapsed: 55:17, vertices: 3839, facets final: 12197, pending: 10224, pool: 98
I 3321.71] Elapsed: 55:22, vertices: 3839, facets final: 12229, pending: 10192
I 3326.83] Elapsed: 55:27, vertices: 3840, facets final: 12259, pending: 10160, pool: 97
I 3331.86] Elapsed: 55:32, vertices: 3841, facets final: 12290, pending: 10124, pool: 97
I 3336.89] Elapsed: 55:37, vertices: 3841, facets final: 12323, pending: 10091
I 3342.01] Elapsed: 55:42, vertices: 3841, facets final: 12353, pending: 10061
I 3347.03] Elapsed: 55:47, vertices: 3843, facets final: 12379, pending: 10027, pool: 98
I 3352.17] Elapsed: 55:52, vertices: 3844, facets final: 12407, pending: 9998, pool: 99
I 3357.33] Elapsed: 55:57, vertices: 3845, facets final: 12437, pending: 9966, pool: 98
I 3362.34] Elapsed: 56:02, vertices: 3845, facets final: 12466, pending: 9937
I 3367.37] Elapsed: 56:07, vertices: 3846, facets final: 12501, pending: 9901, pool: 99
I 3372.39] Elapsed: 56:12, vertices: 3846, facets final: 12527, pending: 9875, pool: 100
I 3377.45] Elapsed: 56:17, vertices: 3849, facets final: 12556, pending: 9840, pool: 99
I 3382.49] Elapsed: 56:22, vertices: 3849, facets final: 12585, pending: 9811
I 3387.53] Elapsed: 56:28, vertices: 3849, facets final: 12616, pending: 9780
I 3392.59] Elapsed: 56:33, vertices: 3850, facets final: 12650, pending: 9760, pool: 99
I 3397.72] Elapsed: 56:38, vertices: 3851, facets final: 12679, pending: 9729, pool: 99
I 3402.86] Elapsed: 56:43, vertices: 3852, facets final: 12709, pending: 9693, pool: 100
I 3407.90] Elapsed: 56:48, vertices: 3853, facets final: 12738, pending: 9659, pool: 99
I 3413.00] Elapsed: 56:53, vertices: 3855, facets final: 12767, pending: 9627, pool: 98
I 3418.18] Elapsed: 56:58, vertices: 3855, facets final: 12797, pending: 9597
I 3423.34] Elapsed: 57:03, vertices: 3855, facets final: 12829, pending: 9565
I 3428.47] Elapsed: 57:08, vertices: 3856, facets final: 12859, pending: 9529, pool: 99
I 3433.54] Elapsed: 57:14, vertices: 3858, facets final: 12890, pending: 9494, pool: 98
I 3438.73] Elapsed: 57:19, vertices: 3859, facets final: 12920, pending: 9466, pool: 97
I 3443.89] Elapsed: 57:24, vertices: 3859, facets final: 12954, pending: 9432
I 3448.97] Elapsed: 57:29, vertices: 3859, facets final: 12988, pending: 9398
I 3454.08] Elapsed: 57:34, vertices: 3860, facets final: 13018, pending: 9366, pool: 97
I 3459.13] Elapsed: 57:39, vertices: 3860, facets final: 13051, pending: 9333
I 3464.24] Elapsed: 57:44, vertices: 3860, facets final: 13083, pending: 9301
I 3469.37] Elapsed: 57:49, vertices: 3860, facets final: 13117, pending: 9267
I 3474.57] Elapsed: 57:55, vertices: 3860, facets final: 13150, pending: 9234
I 3479.58] Elapsed: 58:00, vertices: 3861, facets final: 13182, pending: 9201, pool: 97
I 3484.73] Elapsed: 58:05, vertices: 3862, facets final: 13215, pending: 9166, pool: 96
I 3489.77] Elapsed: 58:10, vertices: 3862, facets final: 13247, pending: 9134
I 3494.77] Elapsed: 58:15, vertices: 3862, facets final: 13275, pending: 9106
I 3499.80] Elapsed: 58:20, vertices: 3862, facets final: 13309, pending: 9072
I 3504.91] Elapsed: 58:25, vertices: 3862, facets final: 13339, pending: 9042
I 3509.94] Elapsed: 58:30, vertices: 3862, facets final: 13368, pending: 9013
I 3515.40] Elapsed: 58:35, vertices: 3863, facets final: 13400, pending: 8980, pool: 96
I 3520.46] Elapsed: 58:40, vertices: 3864, facets final: 13432, pending: 8943, pool: 96
I 3525.57] Elapsed: 58:46, vertices: 3865, facets final: 13456, pending: 8916, pool: 100
I 3530.68] Elapsed: 58:51, vertices: 3866, facets final: 13490, pending: 8882, pool: 99
I 3535.72] Elapsed: 58:56, vertices: 3867, facets final: 13522, pending: 8850, pool: 98
I 3540.88] Elapsed: 59:01, vertices: 3867, facets final: 13552, pending: 8820
I 3545.97] Elapsed: 59:06, vertices: 3867, facets final: 13582, pending: 8790
I 3551.07] Elapsed: 59:11, vertices: 3868, facets final: 13611, pending: 8764, pool: 97
I 3556.10] Elapsed: 59:16, vertices: 3869, facets final: 13640, pending: 8731, pool: 98
I 3561.16] Elapsed: 59:21, vertices: 3869, facets final: 13670, pending: 8701
I 3566.20] Elapsed: 59:26, vertices: 3870, facets final: 13703, pending: 8668, pool: 97
I 3571.29] Elapsed: 59:31, vertices: 3870, facets final: 13736, pending: 8635
I 3576.32] Elapsed: 59:36, vertices: 3871, facets final: 13766, pending: 8603, pool: 98
I 3581.42] Elapsed: 59:41, vertices: 3871, facets final: 13795, pending: 8574
I 3586.51] Elapsed: 59:47, vertices: 3874, facets final: 13822, pending: 8539, pool: 98
I 3591.61] Elapsed: 59:52, vertices: 3874, facets final: 13857, pending: 8504
I 3596.63] Elapsed: 59:57, vertices: 3875, facets final: 13889, pending: 8487, pool: 97
I 3601.63] Elapsed: 1:00:02, vertices: 3876, facets final: 13920, pending: 8446, pool: 97
I 3606.72] Elapsed: 1:00:07, vertices: 3876, facets final: 13952, pending: 8414
I 3611.91] Elapsed: 1:00:12, vertices: 3877, facets final: 13982, pending: 8380, pool: 98
I 3617.00] Elapsed: 1:00:17, vertices: 3877, facets final: 14016, pending: 8346
I 3622.06] Elapsed: 1:00:22, vertices: 3877, facets final: 14048, pending: 8314
I 3627.15] Elapsed: 1:00:27, vertices: 3879, facets final: 14074, pending: 8291, pool: 96
I 3632.37] Elapsed: 1:00:32, vertices: 3879, facets final: 14106, pending: 8259
I 3637.46] Elapsed: 1:00:37, vertices: 3880, facets final: 14138, pending: 8225, pool: 97
I 3642.46] Elapsed: 1:00:42, vertices: 3880, facets final: 14168, pending: 8195
I 3647.60] Elapsed: 1:00:48, vertices: 3881, facets final: 14199, pending: 8162, pool: 98
I 3652.75] Elapsed: 1:00:53, vertices: 3882, facets final: 14234, pending: 8124, pool: 97
I 3657.79] Elapsed: 1:00:58, vertices: 3883, facets final: 14265, pending: 8091, pool: 96
I 3662.96] Elapsed: 1:01:03, vertices: 3883, facets final: 14298, pending: 8058
I 3668.10] Elapsed: 1:01:08, vertices: 3884, facets final: 14328, pending: 8026, pool: 95
I 3673.19] Elapsed: 1:01:13, vertices: 3884, facets final: 14357, pending: 7997
I 3678.28] Elapsed: 1:01:18, vertices: 3885, facets final: 14388, pending: 7965, pool: 95
I 3683.45] Elapsed: 1:01:23, vertices: 3885, facets final: 14420, pending: 7933
I 3688.63] Elapsed: 1:01:29, vertices: 3886, facets final: 14451, pending: 7901, pool: 95
I 3693.63] Elapsed: 1:01:34, vertices: 3886, facets final: 14480, pending: 7872
I 3698.69] Elapsed: 1:01:39, vertices: 3886, facets final: 14513, pending: 7839
I 3703.82] Elapsed: 1:01:44, vertices: 3887, facets final: 14541, pending: 7807, pool: 95
I 3708.83] Elapsed: 1:01:49, vertices: 3887, facets final: 14569, pending: 7779
I 3713.93] Elapsed: 1:01:54, vertices: 3887, facets final: 14604, pending: 7744
I 3718.97] Elapsed: 1:01:59, vertices: 3887, facets final: 14635, pending: 7713
I 3724.09] Elapsed: 1:02:04, vertices: 3888, facets final: 14665, pending: 7678, pool: 96
I 3729.24] Elapsed: 1:02:09, vertices: 3888, facets final: 14695, pending: 7648
I 3734.30] Elapsed: 1:02:14, vertices: 3889, facets final: 14731, pending: 7609, pool: 97
I 3739.31] Elapsed: 1:02:19, vertices: 3890, facets final: 14761, pending: 7577, pool: 96
I 3744.38] Elapsed: 1:02:24, vertices: 3891, facets final: 14790, pending: 7551, pool: 96
I 3749.53] Elapsed: 1:02:30, vertices: 3891, facets final: 14819, pending: 7522
I 3754.56] Elapsed: 1:02:35, vertices: 3892, facets final: 14855, pending: 7485, pool: 96
I 3759.67] Elapsed: 1:02:40, vertices: 3892, facets final: 14891, pending: 7449
I 3764.79] Elapsed: 1:02:45, vertices: 3892, facets final: 14919, pending: 7421, pool: 95
I 3769.87] Elapsed: 1:02:50, vertices: 3893, facets final: 14951, pending: 7387
I 3774.89] Elapsed: 1:02:55, vertices: 3894, facets final: 14982, pending: 7354, pool: 94
I 3780.02] Elapsed: 1:03:00, vertices: 3894, facets final: 15015, pending: 7321
I 3785.16] Elapsed: 1:03:05, vertices: 3894, facets final: 15046, pending: 7290
I 3790.20] Elapsed: 1:03:10, vertices: 3894, facets final: 15077, pending: 7259
I 3795.29] Elapsed: 1:03:15, vertices: 3895, facets final: 15107, pending: 7227, pool: 94
I 3800.42] Elapsed: 1:03:20, vertices: 3895, facets final: 15140, pending: 7194
I 3805.49] Elapsed: 1:03:25, vertices: 3896, facets final: 15173, pending: 7159, pool: 93
I 3810.58] Elapsed: 1:03:31, vertices: 3897, facets final: 15205, pending: 7133, pool: 92
I 3815.71] Elapsed: 1:03:36, vertices: 3897, facets final: 15237, pending: 7101
I 3820.83] Elapsed: 1:03:41, vertices: 3897, facets final: 15269, pending: 7069
I 3826.09] Elapsed: 1:03:46, vertices: 3898, facets final: 15302, pending: 7034, pool: 91
I 3831.19] Elapsed: 1:03:51, vertices: 3898, facets final: 15335, pending: 7001
I 3836.25] Elapsed: 1:03:56, vertices: 3898, facets final: 15368, pending: 6968
I 3841.30] Elapsed: 1:04:01, vertices: 3900, facets final: 15400, pending: 6932, pool: 89
I 3846.34] Elapsed: 1:04:06, vertices: 3900, facets final: 15433, pending: 6899
I 3851.51] Elapsed: 1:04:12, vertices: 3900, facets final: 15467, pending: 6865
I 3856.51] Elapsed: 1:04:17, vertices: 3900, facets final: 15498, pending: 6834
I 3861.56] Elapsed: 1:04:22, vertices: 3900, facets final: 15531, pending: 6801
I 3865.40] recalculating facets...
I 3866.68] Elapsed: 1:04:27, vertices: 3901, facets final: 15560, pending: 6770, pool: 89
I 3871.73] Elapsed: 1:04:32, vertices: 3901, facets final: 15593, pending: 6737
I 3876.83] Elapsed: 1:04:37, vertices: 3901, facets final: 15625, pending: 6705
I 3882.00] Elapsed: 1:04:42, vertices: 3902, facets final: 15656, pending: 6673, pool: 88
I 3887.03] Elapsed: 1:04:47, vertices: 3902, facets final: 15689, pending: 6640
I 3892.09] Elapsed: 1:04:52, vertices: 3902, facets final: 15720, pending: 6609
I 3897.23] Elapsed: 1:04:57, vertices: 3902, facets final: 15752, pending: 6577
I 3902.31] Elapsed: 1:05:02, vertices: 3902, facets final: 15786, pending: 6543
I 3907.46] Elapsed: 1:05:07, vertices: 3902, facets final: 15821, pending: 6508
I 3912.62] Elapsed: 1:05:13, vertices: 3903, facets final: 15850, pending: 6475, pool: 91
I 3917.77] Elapsed: 1:05:18, vertices: 3903, facets final: 15881, pending: 6444
I 3922.89] Elapsed: 1:05:23, vertices: 3904, facets final: 15912, pending: 6410, pool: 91
I 3928.01] Elapsed: 1:05:28, vertices: 3904, facets final: 15947, pending: 6375
I 3933.04] Elapsed: 1:05:33, vertices: 3904, facets final: 15979, pending: 6343
I 3938.22] Elapsed: 1:05:38, vertices: 3904, facets final: 16012, pending: 6310
I 3943.28] Elapsed: 1:05:43, vertices: 3905, facets final: 16045, pending: 6277, pool: 91
I 3948.31] Elapsed: 1:05:48, vertices: 3905, facets final: 16078, pending: 6244
I 3953.43] Elapsed: 1:05:53, vertices: 3906, facets final: 16108, pending: 6212, pool: 91
I 3958.56] Elapsed: 1:05:59, vertices: 3908, facets final: 16138, pending: 6179, pool: 89
I 3963.59] Elapsed: 1:06:04, vertices: 3908, facets final: 16166, pending: 6151
I 3968.73] Elapsed: 1:06:09, vertices: 3908, facets final: 16199, pending: 6118
I 3973.80] Elapsed: 1:06:14, vertices: 3908, facets final: 16231, pending: 6086
I 3978.87] Elapsed: 1:06:19, vertices: 3908, facets final: 16262, pending: 6055
I 3983.95] Elapsed: 1:06:24, vertices: 3909, facets final: 16294, pending: 6023, pool: 90
I 3989.07] Elapsed: 1:06:29, vertices: 3909, facets final: 16327, pending: 5990
I 3994.09] Elapsed: 1:06:34, vertices: 3909, facets final: 16359, pending: 5958
I 3999.20] Elapsed: 1:06:39, vertices: 3909, facets final: 16387, pending: 5930
I 4004.35] Elapsed: 1:06:44, vertices: 3909, facets final: 16420, pending: 5897
I 4009.52] Elapsed: 1:06:50, vertices: 3909, facets final: 16455, pending: 5862
I 4014.63] Elapsed: 1:06:55, vertices: 3909, facets final: 16492, pending: 5825
I 4019.75] Elapsed: 1:07:00, vertices: 3910, facets final: 16527, pending: 5784, pool: 92
I 4024.94] Elapsed: 1:07:05, vertices: 3911, facets final: 16555, pending: 5756, pool: 92
I 4030.04] Elapsed: 1:07:10, vertices: 3911, facets final: 16589, pending: 5722
I 4035.30] Elapsed: 1:07:15, vertices: 3912, facets final: 16620, pending: 5702, pool: 91
I 4040.31] Elapsed: 1:07:20, vertices: 3912, facets final: 16650, pending: 5672
I 4045.36] Elapsed: 1:07:25, vertices: 3913, facets final: 16683, pending: 5637, pool: 91
I 4050.50] Elapsed: 1:07:31, vertices: 3914, facets final: 16714, pending: 5603, pool: 91
I 4055.51] Elapsed: 1:07:36, vertices: 3914, facets final: 16750, pending: 5567
I 4060.60] Elapsed: 1:07:41, vertices: 3914, facets final: 16784, pending: 5533
I 4065.70] Elapsed: 1:07:46, vertices: 3914, facets final: 16812, pending: 5505
I 4070.73] Elapsed: 1:07:51, vertices: 3915, facets final: 16841, pending: 5481, pool: 93
I 4075.73] Elapsed: 1:07:56, vertices: 3916, facets final: 16873, pending: 5445, pool: 93
I 4080.73] Elapsed: 1:08:01, vertices: 3916, facets final: 16905, pending: 5413
I 4085.82] Elapsed: 1:08:06, vertices: 3917, facets final: 16938, pending: 5380, pool: 93
I 4090.88] Elapsed: 1:08:11, vertices: 3917, facets final: 16972, pending: 5346
I 4096.02] Elapsed: 1:08:16, vertices: 3918, facets final: 17001, pending: 5311, pool: 93
I 4101.16] Elapsed: 1:08:21, vertices: 3918, facets final: 17035, pending: 5277
I 4106.25] Elapsed: 1:08:26, vertices: 3919, facets final: 17066, pending: 5251, pool: 93
I 4111.44] Elapsed: 1:08:31, vertices: 3919, facets final: 17101, pending: 5216
I 4116.50] Elapsed: 1:08:37, vertices: 3919, facets final: 17133, pending: 5184
I 4121.65] Elapsed: 1:08:42, vertices: 3919, facets final: 17166, pending: 5151
I 4126.67] Elapsed: 1:08:47, vertices: 3921, facets final: 17193, pending: 5128, pool: 92
I 4131.72] Elapsed: 1:08:52, vertices: 3921, facets final: 17225, pending: 5096
I 4136.82] Elapsed: 1:08:57, vertices: 3923, facets final: 17257, pending: 5064, pool: 90
I 4141.82] Elapsed: 1:09:02, vertices: 3923, facets final: 17288, pending: 5033
I 4146.89] Elapsed: 1:09:07, vertices: 3924, facets final: 17319, pending: 5000, pool: 90
I 4151.92] Elapsed: 1:09:12, vertices: 3925, facets final: 17348, pending: 4969, pool: 89
I 4156.94] Elapsed: 1:09:17, vertices: 3925, facets final: 17379, pending: 4938
I 4161.97] Elapsed: 1:09:22, vertices: 3925, facets final: 17411, pending: 4906
I 4167.18] Elapsed: 1:09:27, vertices: 3926, facets final: 17442, pending: 4872, pool: 90
I 4172.18] Elapsed: 1:09:32, vertices: 3926, facets final: 17473, pending: 4841
I 4177.29] Elapsed: 1:09:37, vertices: 3926, facets final: 17504, pending: 4810
I 4182.42] Elapsed: 1:09:42, vertices: 3927, facets final: 17537, pending: 4776, pool: 91
I 4187.53] Elapsed: 1:09:48, vertices: 3927, facets final: 17571, pending: 4742
I 4192.53] Elapsed: 1:09:53, vertices: 3928, facets final: 17600, pending: 4711, pool: 90
I 4197.55] Elapsed: 1:09:58, vertices: 3928, facets final: 17629, pending: 4682
I 4202.72] Elapsed: 1:10:03, vertices: 3928, facets final: 17663, pending: 4648
I 4207.78] Elapsed: 1:10:08, vertices: 3929, facets final: 17696, pending: 4613, pool: 90
I 4212.93] Elapsed: 1:10:13, vertices: 3929, facets final: 17727, pending: 4582
I 4218.07] Elapsed: 1:10:18, vertices: 3930, facets final: 17759, pending: 4552, pool: 90
I 4223.14] Elapsed: 1:10:23, vertices: 3930, facets final: 17791, pending: 4520
I 4228.46] Elapsed: 1:10:28, vertices: 3932, facets final: 17820, pending: 4488, pool: 88
I 4233.61] Elapsed: 1:10:34, vertices: 3932, facets final: 17852, pending: 4456
I 4238.72] Elapsed: 1:10:39, vertices: 3932, facets final: 17882, pending: 4426
I 4243.81] Elapsed: 1:10:44, vertices: 3933, facets final: 17916, pending: 4391, pool: 88
I 4248.87] Elapsed: 1:10:49, vertices: 3933, facets final: 17946, pending: 4361
I 4253.93] Elapsed: 1:10:54, vertices: 3934, facets final: 17979, pending: 4327, pool: 92
I 4259.01] Elapsed: 1:10:59, vertices: 3934, facets final: 18009, pending: 4297
I 4264.03] Elapsed: 1:11:04, vertices: 3935, facets final: 18039, pending: 4264, pool: 92
I 4269.13] Elapsed: 1:11:09, vertices: 3935, facets final: 18072, pending: 4231
I 4274.25] Elapsed: 1:11:14, vertices: 3936, facets final: 18106, pending: 4197, pool: 91
I 4279.30] Elapsed: 1:11:19, vertices: 3937, facets final: 18140, pending: 4168, pool: 90
I 4284.41] Elapsed: 1:11:24, vertices: 3937, facets final: 18172, pending: 4136
I 4289.49] Elapsed: 1:11:29, vertices: 3938, facets final: 18202, pending: 4105, pool: 89
I 4294.67] Elapsed: 1:11:35, vertices: 3938, facets final: 18237, pending: 4070
I 4299.74] Elapsed: 1:11:40, vertices: 3939, facets final: 18267, pending: 4040, pool: 90
I 4304.88] Elapsed: 1:11:45, vertices: 3939, facets final: 18302, pending: 4005
I 4310.02] Elapsed: 1:11:50, vertices: 3940, facets final: 18331, pending: 3974, pool: 90
I 4315.14] Elapsed: 1:11:55, vertices: 3941, facets final: 18363, pending: 3940, pool: 89
I 4320.31] Elapsed: 1:12:00, vertices: 3941, facets final: 18393, pending: 3910
I 4325.50] Elapsed: 1:12:06, vertices: 3941, facets final: 18426, pending: 3877
I 4330.66] Elapsed: 1:12:11, vertices: 3941, facets final: 18458, pending: 3845
I 4335.69] Elapsed: 1:12:16, vertices: 3942, facets final: 18490, pending: 3811, pool: 88
I 4340.72] Elapsed: 1:12:21, vertices: 3942, facets final: 18521, pending: 3780
I 4345.73] Elapsed: 1:12:26, vertices: 3942, facets final: 18553, pending: 3748
I 4350.82] Elapsed: 1:12:31, vertices: 3943, facets final: 18582, pending: 3717, pool: 88
I 4355.89] Elapsed: 1:12:36, vertices: 3944, facets final: 18616, pending: 3681, pool: 88
I 4361.09] Elapsed: 1:12:41, vertices: 3945, facets final: 18649, pending: 3646, pool: 87
I 4366.26] Elapsed: 1:12:46, vertices: 3945, facets final: 18682, pending: 3613
I 4371.28] Elapsed: 1:12:51, vertices: 3947, facets final: 18712, pending: 3580, pool: 85
I 4376.32] Elapsed: 1:12:56, vertices: 3947, facets final: 18744, pending: 3548
I 4381.45] Elapsed: 1:13:01, vertices: 3948, facets final: 18775, pending: 3515, pool: 84
I 4386.62] Elapsed: 1:13:07, vertices: 3948, facets final: 18805, pending: 3485
I 4391.68] Elapsed: 1:13:12, vertices: 3948, facets final: 18839, pending: 3451
I 4396.68] Elapsed: 1:13:17, vertices: 3948, facets final: 18871, pending: 3419
I 4401.73] Elapsed: 1:13:22, vertices: 3949, facets final: 18906, pending: 3384, pool: 83
I 4406.79] Elapsed: 1:13:27, vertices: 3949, facets final: 18939, pending: 3351
I 4411.82] Elapsed: 1:13:32, vertices: 3949, facets final: 18971, pending: 3319
I 4416.97] Elapsed: 1:13:37, vertices: 3950, facets final: 19002, pending: 3286, pool: 83
I 4422.06] Elapsed: 1:13:42, vertices: 3950, facets final: 19034, pending: 3254
I 4427.09] Elapsed: 1:13:47, vertices: 3951, facets final: 19065, pending: 3221, pool: 82
I 4432.23] Elapsed: 1:13:52, vertices: 3951, facets final: 19100, pending: 3186
I 4437.29] Elapsed: 1:13:57, vertices: 3952, facets final: 19131, pending: 3154, pool: 82
I 4442.41] Elapsed: 1:14:02, vertices: 3952, facets final: 19165, pending: 3120
I 4447.53] Elapsed: 1:14:08, vertices: 3952, facets final: 19198, pending: 3087
I 4452.68] Elapsed: 1:14:13, vertices: 3953, facets final: 19228, pending: 3055, pool: 81
I 4457.72] Elapsed: 1:14:18, vertices: 3953, facets final: 19258, pending: 3025
I 4462.76] Elapsed: 1:14:23, vertices: 3953, facets final: 19290, pending: 2993
I 4467.85] Elapsed: 1:14:28, vertices: 3953, facets final: 19322, pending: 2961
I 4472.95] Elapsed: 1:14:33, vertices: 3954, facets final: 19353, pending: 2928, pool: 81
I 4478.11] Elapsed: 1:14:38, vertices: 3954, facets final: 19385, pending: 2896
I 4483.17] Elapsed: 1:14:43, vertices: 3955, facets final: 19418, pending: 2872, pool: 80
I 4488.21] Elapsed: 1:14:48, vertices: 3956, facets final: 19450, pending: 2839, pool: 79
I 4493.36] Elapsed: 1:14:53, vertices: 3956, facets final: 19484, pending: 2805
I 4498.36] Elapsed: 1:14:58, vertices: 3957, facets final: 19516, pending: 2771, pool: 79
I 4503.52] Elapsed: 1:15:04, vertices: 3957, facets final: 19550, pending: 2737
I 4508.67] Elapsed: 1:15:09, vertices: 3957, facets final: 19584, pending: 2703
I 4513.80] Elapsed: 1:15:14, vertices: 3958, facets final: 19617, pending: 2668, pool: 79
I 4518.88] Elapsed: 1:15:19, vertices: 3958, facets final: 19648, pending: 2637
I 4523.93] Elapsed: 1:15:24, vertices: 3958, facets final: 19684, pending: 2601
I 4528.96] Elapsed: 1:15:29, vertices: 3958, facets final: 19718, pending: 2567
I 4533.99] Elapsed: 1:15:34, vertices: 3959, facets final: 19751, pending: 2532, pool: 79
I 4539.02] Elapsed: 1:15:39, vertices: 3959, facets final: 19787, pending: 2496
I 4544.02] Elapsed: 1:15:44, vertices: 3960, facets final: 19820, pending: 2463, pool: 78
I 4549.06] Elapsed: 1:15:49, vertices: 3960, facets final: 19853, pending: 2430
I 4554.13] Elapsed: 1:15:54, vertices: 3961, facets final: 19882, pending: 2399, pool: 78
I 4559.24] Elapsed: 1:15:59, vertices: 3961, facets final: 19917, pending: 2364
I 4564.30] Elapsed: 1:16:04, vertices: 3961, facets final: 19950, pending: 2331
I 4569.44] Elapsed: 1:16:09, vertices: 3962, facets final: 19982, pending: 2297, pool: 78
I 4574.45] Elapsed: 1:16:14, vertices: 3962, facets final: 20016, pending: 2263
I 4579.55] Elapsed: 1:16:20, vertices: 3964, facets final: 20048, pending: 2227, pool: 77
I 4584.67] Elapsed: 1:16:25, vertices: 3965, facets final: 20079, pending: 2194, pool: 76
I 4589.76] Elapsed: 1:16:30, vertices: 3965, facets final: 20111, pending: 2162
I 4594.77] Elapsed: 1:16:35, vertices: 3966, facets final: 20143, pending: 2128, pool: 75
I 4599.86] Elapsed: 1:16:40, vertices: 3966, facets final: 20178, pending: 2093
I 4604.91] Elapsed: 1:16:45, vertices: 3967, facets final: 20210, pending: 2061, pool: 75
I 4610.01] Elapsed: 1:16:50, vertices: 3967, facets final: 20244, pending: 2027
I 4615.22] Elapsed: 1:16:55, vertices: 3968, facets final: 20277, pending: 1992, pool: 74
I 4620.31] Elapsed: 1:17:00, vertices: 3968, facets final: 20312, pending: 1957
I 4625.32] Elapsed: 1:17:05, vertices: 3969, facets final: 20346, pending: 1924, pool: 74
I 4630.38] Elapsed: 1:17:10, vertices: 3969, facets final: 20379, pending: 1891
I 4635.48] Elapsed: 1:17:15, vertices: 3970, facets final: 20414, pending: 1855, pool: 73
I 4640.54] Elapsed: 1:17:21, vertices: 3970, facets final: 20449, pending: 1820
I 4645.59] Elapsed: 1:17:26, vertices: 3972, facets final: 20484, pending: 1783, pool: 72
I 4650.72] Elapsed: 1:17:31, vertices: 3972, facets final: 20519, pending: 1748
I 4655.81] Elapsed: 1:17:36, vertices: 3973, facets final: 20553, pending: 1714, pool: 71
I 4660.82] Elapsed: 1:17:41, vertices: 3973, facets final: 20586, pending: 1681
I 4665.87] Elapsed: 1:17:46, vertices: 3974, facets final: 20620, pending: 1644, pool: 71
I 4670.99] Elapsed: 1:17:51, vertices: 3974, facets final: 20652, pending: 1612
I 4676.02] Elapsed: 1:17:56, vertices: 3975, facets final: 20685, pending: 1578, pool: 71
I 4681.13] Elapsed: 1:18:01, vertices: 3975, facets final: 20716, pending: 1547
I 4686.22] Elapsed: 1:18:06, vertices: 3976, facets final: 20748, pending: 1512, pool: 71
I 4691.34] Elapsed: 1:18:11, vertices: 3976, facets final: 20779, pending: 1481
I 4696.46] Elapsed: 1:18:16, vertices: 3977, facets final: 20813, pending: 1447, pool: 71
I 4701.57] Elapsed: 1:18:22, vertices: 3978, facets final: 20848, pending: 1411, pool: 71
I 4706.66] Elapsed: 1:18:27, vertices: 3979, facets final: 20881, pending: 1375, pool: 71
I 4711.75] Elapsed: 1:18:32, vertices: 3980, facets final: 20914, pending: 1341, pool: 70
I 4716.76] Elapsed: 1:18:37, vertices: 3980, facets final: 20950, pending: 1305
I 4721.78] Elapsed: 1:18:42, vertices: 3981, facets final: 20984, pending: 1270, pool: 69
I 4726.93] Elapsed: 1:18:47, vertices: 3982, facets final: 21015, pending: 1240, pool: 69
I 4732.00] Elapsed: 1:18:52, vertices: 3982, facets final: 21052, pending: 1203
I 4737.17] Elapsed: 1:18:57, vertices: 3983, facets final: 21087, pending: 1167, pool: 68
I 4742.30] Elapsed: 1:19:02, vertices: 3984, facets final: 21121, pending: 1132, pool: 69
I 4747.48] Elapsed: 1:19:07, vertices: 3985, facets final: 21154, pending: 1098, pool: 68
I 4752.53] Elapsed: 1:19:13, vertices: 3986, facets final: 21187, pending: 1064, pool: 67
I 4757.56] Elapsed: 1:19:18, vertices: 3987, facets final: 21220, pending: 1030, pool: 66
I 4762.66] Elapsed: 1:19:23, vertices: 3987, facets final: 21253, pending: 997
I 4767.77] Elapsed: 1:19:28, vertices: 3988, facets final: 21283, pending: 968, pool: 65
I 4773.00] Elapsed: 1:19:33, vertices: 3989, facets final: 21319, pending: 931, pool: 65
I 4778.05] Elapsed: 1:19:38, vertices: 3990, facets final: 21353, pending: 897, pool: 64
I 4783.21] Elapsed: 1:19:43, vertices: 3990, facets final: 21388, pending: 862
I 4788.25] Elapsed: 1:19:48, vertices: 3991, facets final: 21424, pending: 827, pool: 64
I 4793.36] Elapsed: 1:19:53, vertices: 3992, facets final: 21459, pending: 791, pool: 63
I 4798.50] Elapsed: 1:19:59, vertices: 3993, facets final: 21494, pending: 755, pool: 62
I 4803.67] Elapsed: 1:20:04, vertices: 3994, facets final: 21530, pending: 718, pool: 61
I 4808.74] Elapsed: 1:20:09, vertices: 3996, facets final: 21560, pending: 690, pool: 60
I 4813.74] Elapsed: 1:20:14, vertices: 3997, facets final: 21595, pending: 654, pool: 59
I 4818.79] Elapsed: 1:20:19, vertices: 4000, facets final: 21624, pending: 623, pool: 57
I 4820.99] recalculating facets...
I 4823.79] Elapsed: 1:20:24, vertices: 4001, facets final: 21655, pending: 590, pool: 57
I 4828.81] Elapsed: 1:20:29, vertices: 4004, facets final: 21687, pending: 557, pool: 54
I 4833.95] Elapsed: 1:20:34, vertices: 4007, facets final: 21725, pending: 517, pool: 51
I 4839.11] Elapsed: 1:20:39, vertices: 4009, facets final: 21757, pending: 483, pool: 49
I 4844.19] Elapsed: 1:20:44, vertices: 4014, facets final: 21787, pending: 447, pool: 47
I 4849.26] Elapsed: 1:20:49, vertices: 4018, facets final: 21818, pending: 414, pool: 43
I 4854.33] Elapsed: 1:20:54, vertices: 4025, facets final: 21849, pending: 379, pool: 39
I 4859.42] Elapsed: 1:20:59, vertices: 4029, facets final: 21881, pending: 345, pool: 36
I 4864.57] Elapsed: 1:21:05, vertices: 4032, facets final: 21913, pending: 311, pool: 33
I 4869.71] Elapsed: 1:21:10, vertices: 4036, facets final: 21945, pending: 275, pool: 30
I 4874.75] Elapsed: 1:21:15, vertices: 4044, facets final: 21976, pending: 240, pool: 23
I 4879.86] Elapsed: 1:21:20, vertices: 4052, facets final: 22012, pending: 196, pool: 17
I 4884.95] Elapsed: 1:21:25, vertices: 4061, facets final: 22044, pending: 156, pool: 10
I 4890.03] Elapsed: 1:21:30, vertices: 4067, facets final: 22071, pending: 123, pool: 5
I 4895.13] Elapsed: 1:21:35, vertices: 4070, facets final: 22120, pending: 73, pool: 2
I 4900.37] Elapsed: 1:21:40, vertices: 4080, facets final: 22153, pending: 28, pool: 2
I 4903.53] Elapsed: 1:21:44, vertices: 4090, facets final: 22170, pending: 0

--------------------------------
Problem completed
 name                    181.vlp
 output                  vlp/181.res
 rows, cols, objs        177, 4625, 10
 vertices, facets        4090, 22170
 total time              1:21:44
--------------------------------
Statistics
LP:
 oracle calls            26681
   avg iterations/calls  232.00
 total oracle time       1:07:54
Combinatorics:
 vertices added          4090
 facets probed           35421
 facets # max            30798
 memory allocated        43.64M
 storage expansion
   vertices # / upto     33 / 4220
   facets   # / upto     8 / 32764
 facet manipulating
   added avg / max       85.37 / 1.11k
   compressed            240
 number of ridge tests
   avg / max             1.75M / 23.35M
--------------------------------
Parameters with non-default values
 VertexPoolSize = 100
