C copy string: rs=cd:ab;t=r:ad;ar,br,cr,d;ar,br,c,dr; ineq: base30.txt
I    5.02] Elapsed: 5.02, vertices: 80, facets final: 8, pending: 4600, pool: 100
I    6.13] recalculating facets...
I   10.02] Elapsed: 10.02, vertices: 148, facets final: 11, pending: 9834, pool: 99
I   15.08] Elapsed: 15.08, vertices: 196, facets final: 15, pending: 13322, pool: 100
I   15.49] recalculating facets...
I   20.09] Elapsed: 20.09, vertices: 238, facets final: 15, pending: 16071, pool: 100
I   25.31] Elapsed: 25.31, vertices: 269, facets final: 20, pending: 17869, pool: 100
I   30.31] Elapsed: 30.31, vertices: 295, facets final: 20, pending: 19118, pool: 100
I   31.36] recalculating facets...
I   35.41] Elapsed: 35.41, vertices: 319, facets final: 21, pending: 19750, pool: 100
I   40.45] Elapsed: 40.45, vertices: 347, facets final: 23, pending: 20780, pool: 100
I   45.60] Elapsed: 45.60, vertices: 373, facets final: 23, pending: 21539, pool: 100
I   50.69] Elapsed: 50.69, vertices: 396, facets final: 24, pending: 23432, pool: 100
I   51.46] recalculating facets...
I   55.73] Elapsed: 55.73, vertices: 420, facets final: 25, pending: 24533, pool: 99
I   60.75] Elapsed: 1:01, vertices: 441, facets final: 26, pending: 25820, pool: 100
I   65.87] Elapsed: 1:06, vertices: 462, facets final: 29, pending: 26828, pool: 100
I   70.87] Elapsed: 1:11, vertices: 483, facets final: 32, pending: 27756, pool: 100
I   75.93] Elapsed: 1:16, vertices: 500, facets final: 33, pending: 29237, pool: 100
I   75.93] recalculating facets...
I   80.98] Elapsed: 1:21, vertices: 517, facets final: 34, pending: 29752, pool: 100
I   86.15] Elapsed: 1:26, vertices: 534, facets final: 37, pending: 30231, pool: 100
I   91.26] Elapsed: 1:31, vertices: 551, facets final: 40, pending: 31074, pool: 100
I   96.40] Elapsed: 1:36, vertices: 568, facets final: 40, pending: 31581, pool: 100
I  101.47] Elapsed: 1:41, vertices: 582, facets final: 42, pending: 31805, pool: 100
I  106.48] Elapsed: 1:46, vertices: 595, facets final: 46, pending: 31917, pool: 100
I  108.13] recalculating facets...
I  111.61] Elapsed: 1:52, vertices: 609, facets final: 48, pending: 32814, pool: 100
I  116.68] Elapsed: 1:57, vertices: 623, facets final: 50, pending: 33503, pool: 100
I  122.02] Elapsed: 2:02, vertices: 638, facets final: 52, pending: 33701, pool: 100
I  127.37] Elapsed: 2:07, vertices: 654, facets final: 58, pending: 34264, pool: 100
I  132.51] Elapsed: 2:13, vertices: 666, facets final: 61, pending: 34991, pool: 100
I  137.60] Elapsed: 2:18, vertices: 679, facets final: 64, pending: 36033, pool: 100
I  142.81] Elapsed: 2:23, vertices: 693, facets final: 65, pending: 36750, pool: 100
I  145.72] recalculating facets...
I  147.91] Elapsed: 2:28, vertices: 705, facets final: 66, pending: 36771, pool: 100
I  152.91] Elapsed: 2:33, vertices: 720, facets final: 74, pending: 37322, pool: 100
I  158.16] Elapsed: 2:38, vertices: 733, facets final: 76, pending: 37929, pool: 100
I  163.22] Elapsed: 2:43, vertices: 748, facets final: 77, pending: 38515, pool: 100
I  168.37] Elapsed: 2:48, vertices: 758, facets final: 79, pending: 38896, pool: 100
I  173.40] Elapsed: 2:53, vertices: 768, facets final: 84, pending: 38658, pool: 100
I  178.44] Elapsed: 2:58, vertices: 780, facets final: 85, pending: 38955, pool: 100
I  183.46] Elapsed: 3:03, vertices: 791, facets final: 87, pending: 39501, pool: 100
I  188.02] recalculating facets...
I  188.47] Elapsed: 3:08, vertices: 801, facets final: 90, pending: 39935, pool: 100
I  193.62] Elapsed: 3:14, vertices: 810, facets final: 92, pending: 40099, pool: 100
I  198.65] Elapsed: 3:19, vertices: 821, facets final: 93, pending: 40211, pool: 100
I  203.73] Elapsed: 3:24, vertices: 833, facets final: 96, pending: 40558, pool: 100
I  209.10] Elapsed: 3:29, vertices: 843, facets final: 99, pending: 40515, pool: 100
I  214.17] Elapsed: 3:34, vertices: 853, facets final: 103, pending: 41017, pool: 100
I  219.25] Elapsed: 3:39, vertices: 864, facets final: 104, pending: 41470, pool: 100
I  224.41] Elapsed: 3:44, vertices: 873, facets final: 105, pending: 41681, pool: 100
I  229.45] Elapsed: 3:49, vertices: 884, facets final: 107, pending: 41668, pool: 100
I  235.03] Elapsed: 3:55, vertices: 894, facets final: 110, pending: 41704, pool: 100
I  238.93] recalculating facets...
I  240.03] Elapsed: 4:00, vertices: 903, facets final: 112, pending: 41491, pool: 100
I  245.67] Elapsed: 4:06, vertices: 913, facets final: 113, pending: 41672, pool: 100
I  250.73] Elapsed: 4:11, vertices: 926, facets final: 115, pending: 42073, pool: 100
I  256.28] Elapsed: 4:16, vertices: 938, facets final: 119, pending: 42244, pool: 100
I  261.38] Elapsed: 4:21, vertices: 950, facets final: 120, pending: 42385, pool: 100
I  266.39] Elapsed: 4:26, vertices: 959, facets final: 122, pending: 42877, pool: 100
I  271.56] Elapsed: 4:32, vertices: 969, facets final: 126, pending: 43205, pool: 100
I  276.93] Elapsed: 4:37, vertices: 982, facets final: 128, pending: 43791, pool: 100
I  282.06] Elapsed: 4:42, vertices: 992, facets final: 128, pending: 43521, pool: 100
I  286.28] recalculating facets...
I  287.22] Elapsed: 4:47, vertices: 1001, facets final: 129, pending: 43998, pool: 100
I  292.37] Elapsed: 4:52, vertices: 1012, facets final: 131, pending: 44501, pool: 100
I  297.86] Elapsed: 4:58, vertices: 1025, facets final: 134, pending: 44485, pool: 100
I  303.10] Elapsed: 5:03, vertices: 1035, facets final: 137, pending: 44729, pool: 100
I  308.18] Elapsed: 5:08, vertices: 1045, facets final: 140, pending: 45011, pool: 100
I  313.36] Elapsed: 5:13, vertices: 1054, facets final: 142, pending: 44992, pool: 100
I  318.55] Elapsed: 5:19, vertices: 1062, facets final: 143, pending: 45121, pool: 100
I  323.73] Elapsed: 5:24, vertices: 1072, facets final: 154, pending: 45908, pool: 100
I  328.76] Elapsed: 5:29, vertices: 1081, facets final: 158, pending: 46608, pool: 100
I  333.82] Elapsed: 5:34, vertices: 1088, facets final: 159, pending: 46586, pool: 100
I  338.86] Elapsed: 5:39, vertices: 1097, facets final: 163, pending: 46455, pool: 100
I  340.10] recalculating facets...
I  343.91] Elapsed: 5:44, vertices: 1107, facets final: 166, pending: 46354, pool: 100
I  348.97] Elapsed: 5:49, vertices: 1116, facets final: 168, pending: 46470, pool: 100
I  354.13] Elapsed: 5:54, vertices: 1128, facets final: 168, pending: 46696, pool: 100
I  359.14] Elapsed: 5:59, vertices: 1136, facets final: 169, pending: 46684, pool: 100
I  364.27] Elapsed: 6:04, vertices: 1145, facets final: 170, pending: 46804, pool: 100
I  369.41] Elapsed: 6:09, vertices: 1151, facets final: 171, pending: 46573, pool: 100
I  374.42] Elapsed: 6:14, vertices: 1161, facets final: 172, pending: 46701, pool: 100
I  380.66] Elapsed: 6:21, vertices: 1169, facets final: 173, pending: 47470, pool: 100
I  385.89] Elapsed: 6:26, vertices: 1181, facets final: 176, pending: 48005, pool: 100
I  391.05] Elapsed: 6:31, vertices: 1190, facets final: 179, pending: 47819, pool: 100
I  396.11] Elapsed: 6:36, vertices: 1198, facets final: 184, pending: 48273, pool: 100
I  397.25] recalculating facets...
I  401.59] Elapsed: 6:42, vertices: 1208, facets final: 186, pending: 48217, pool: 100
I  406.77] Elapsed: 6:47, vertices: 1215, facets final: 187, pending: 48237, pool: 100
I  411.92] Elapsed: 6:52, vertices: 1225, facets final: 189, pending: 47989, pool: 100
I  417.38] Elapsed: 6:57, vertices: 1235, facets final: 192, pending: 47886, pool: 100
I  422.47] Elapsed: 7:02, vertices: 1246, facets final: 194, pending: 47980, pool: 100
I  427.51] Elapsed: 7:08, vertices: 1252, facets final: 195, pending: 47585, pool: 100
I  433.18] Elapsed: 7:13, vertices: 1263, facets final: 196, pending: 47786, pool: 100
I  438.21] Elapsed: 7:18, vertices: 1272, facets final: 199, pending: 47712, pool: 100
I  443.41] Elapsed: 7:23, vertices: 1277, facets final: 199, pending: 47719, pool: 100
I  448.52] Elapsed: 7:29, vertices: 1284, facets final: 202, pending: 47984, pool: 100
I  453.55] Elapsed: 7:34, vertices: 1293, facets final: 206, pending: 48015, pool: 100
I  458.69] Elapsed: 7:39, vertices: 1300, facets final: 206, pending: 48008, pool: 100
I  458.91] recalculating facets...
I  463.92] Elapsed: 7:44, vertices: 1309, facets final: 208, pending: 47930, pool: 100
I  469.03] Elapsed: 7:49, vertices: 1316, facets final: 209, pending: 47958, pool: 100
I  474.17] Elapsed: 7:54, vertices: 1325, facets final: 211, pending: 48109, pool: 100
I  479.18] Elapsed: 7:59, vertices: 1333, facets final: 213, pending: 47919, pool: 100
I  484.71] Elapsed: 8:05, vertices: 1339, facets final: 214, pending: 47259, pool: 100
I  489.76] Elapsed: 8:10, vertices: 1348, facets final: 217, pending: 47454, pool: 100
I  494.90] Elapsed: 8:15, vertices: 1358, facets final: 219, pending: 47844, pool: 100
I  500.06] Elapsed: 8:20, vertices: 1369, facets final: 225, pending: 48082, pool: 100
I  505.07] Elapsed: 8:25, vertices: 1379, facets final: 227, pending: 47903, pool: 100
I  510.35] Elapsed: 8:30, vertices: 1388, facets final: 229, pending: 48003, pool: 100
I  515.36] Elapsed: 8:35, vertices: 1399, facets final: 232, pending: 48079, pool: 100
I  516.23] recalculating facets...
I  520.39] Elapsed: 8:40, vertices: 1407, facets final: 233, pending: 48106, pool: 100
I  525.47] Elapsed: 8:45, vertices: 1418, facets final: 234, pending: 48419, pool: 100
I  530.52] Elapsed: 8:51, vertices: 1428, facets final: 236, pending: 48477, pool: 100
I  535.78] Elapsed: 8:56, vertices: 1436, facets final: 243, pending: 48787, pool: 100
I  540.98] Elapsed: 9:01, vertices: 1445, facets final: 243, pending: 49038, pool: 100
I  546.12] Elapsed: 9:06, vertices: 1454, facets final: 248, pending: 49390, pool: 100
I  551.32] Elapsed: 9:11, vertices: 1462, facets final: 251, pending: 49564, pool: 100
I  556.67] Elapsed: 9:17, vertices: 1470, facets final: 254, pending: 49463, pool: 100
I  561.92] Elapsed: 9:22, vertices: 1479, facets final: 260, pending: 49547, pool: 100
I  567.10] Elapsed: 9:27, vertices: 1488, facets final: 262, pending: 49673, pool: 100
I  572.50] Elapsed: 9:33, vertices: 1497, facets final: 265, pending: 49802, pool: 100
I  575.30] recalculating facets...
I  578.02] Elapsed: 9:38, vertices: 1502, facets final: 265, pending: 49861, pool: 100
I  583.71] Elapsed: 9:44, vertices: 1512, facets final: 271, pending: 49909, pool: 100
I  588.80] Elapsed: 9:49, vertices: 1521, facets final: 271, pending: 49902, pool: 100
I  593.96] Elapsed: 9:54, vertices: 1529, facets final: 274, pending: 49602, pool: 100
I  599.17] Elapsed: 9:59, vertices: 1535, facets final: 274, pending: 49575, pool: 100
I  604.31] Elapsed: 10:04, vertices: 1544, facets final: 276, pending: 49475, pool: 100
I  609.36] Elapsed: 10:09, vertices: 1552, facets final: 280, pending: 49311, pool: 100
I  614.47] Elapsed: 10:14, vertices: 1561, facets final: 280, pending: 49365, pool: 100
I  619.50] Elapsed: 10:20, vertices: 1568, facets final: 281, pending: 49251, pool: 100
I  624.67] Elapsed: 10:25, vertices: 1577, facets final: 285, pending: 48985, pool: 100
I  629.78] Elapsed: 10:30, vertices: 1586, facets final: 288, pending: 49183, pool: 100
I  635.02] Elapsed: 10:35, vertices: 1592, facets final: 290, pending: 49456, pool: 100
I  640.04] Elapsed: 10:40, vertices: 1600, facets final: 290, pending: 49690, pool: 100
I  640.04] recalculating facets...
I  645.21] Elapsed: 10:45, vertices: 1610, facets final: 292, pending: 49746, pool: 100
I  650.30] Elapsed: 10:50, vertices: 1620, facets final: 299, pending: 49654, pool: 100
I  656.06] Elapsed: 10:56, vertices: 1629, facets final: 301, pending: 49521, pool: 100
I  661.23] Elapsed: 11:01, vertices: 1639, facets final: 303, pending: 49552, pool: 100
I  666.69] Elapsed: 11:07, vertices: 1647, facets final: 307, pending: 49472, pool: 100
I  671.71] Elapsed: 11:12, vertices: 1656, facets final: 312, pending: 49566, pool: 100
I  676.85] Elapsed: 11:17, vertices: 1665, facets final: 313, pending: 49409, pool: 100
I  682.25] Elapsed: 11:22, vertices: 1672, facets final: 316, pending: 49492, pool: 100
I  687.25] Elapsed: 11:27, vertices: 1678, facets final: 317, pending: 49446, pool: 100
I  692.50] Elapsed: 11:33, vertices: 1687, facets final: 320, pending: 49506, pool: 100
I  697.52] Elapsed: 11:38, vertices: 1695, facets final: 325, pending: 49844, pool: 100
I  702.08] recalculating facets...
I  702.69] Elapsed: 11:43, vertices: 1701, facets final: 329, pending: 50048, pool: 100
I  707.70] Elapsed: 11:48, vertices: 1709, facets final: 336, pending: 49900, pool: 100
I  712.89] Elapsed: 11:53, vertices: 1718, facets final: 341, pending: 49751, pool: 100
I  718.21] Elapsed: 11:58, vertices: 1728, facets final: 344, pending: 49852, pool: 100
I  723.27] Elapsed: 12:03, vertices: 1739, facets final: 349, pending: 49724, pool: 100
I  728.40] Elapsed: 12:08, vertices: 1746, facets final: 351, pending: 49798, pool: 100
I  733.40] Elapsed: 12:13, vertices: 1755, facets final: 353, pending: 50034, pool: 100
I  738.58] Elapsed: 12:19, vertices: 1765, facets final: 359, pending: 49736, pool: 100
I  743.66] Elapsed: 12:24, vertices: 1773, facets final: 364, pending: 49973, pool: 100
I  748.95] Elapsed: 12:29, vertices: 1779, facets final: 364, pending: 50006, pool: 100
I  754.22] Elapsed: 12:34, vertices: 1787, facets final: 367, pending: 49870, pool: 100
I  759.43] Elapsed: 12:39, vertices: 1793, facets final: 367, pending: 49854, pool: 100
I  763.31] recalculating facets...
I  765.88] Elapsed: 12:46, vertices: 1803, facets final: 369, pending: 49785, pool: 100
I  771.30] Elapsed: 12:51, vertices: 1810, facets final: 371, pending: 49679, pool: 100
I  776.47] Elapsed: 12:56, vertices: 1817, facets final: 376, pending: 49707, pool: 100
I  781.55] Elapsed: 13:02, vertices: 1824, facets final: 380, pending: 49537, pool: 100
I  786.75] Elapsed: 13:07, vertices: 1833, facets final: 384, pending: 49329, pool: 100
I  792.22] Elapsed: 13:12, vertices: 1842, facets final: 388, pending: 49317, pool: 100
I  797.25] Elapsed: 13:17, vertices: 1848, facets final: 393, pending: 49386, pool: 100
I  802.39] Elapsed: 13:22, vertices: 1855, facets final: 394, pending: 49444, pool: 100
I  807.72] Elapsed: 13:28, vertices: 1862, facets final: 394, pending: 49451, pool: 100
I  812.92] Elapsed: 13:33, vertices: 1869, facets final: 398, pending: 49213, pool: 100
I  817.92] Elapsed: 13:38, vertices: 1879, facets final: 399, pending: 49411, pool: 100
I  823.58] Elapsed: 13:44, vertices: 1886, facets final: 401, pending: 49002, pool: 100
I  829.15] Elapsed: 13:49, vertices: 1895, facets final: 406, pending: 49006, pool: 100
I  832.43] recalculating facets...
I  834.57] Elapsed: 13:55, vertices: 1904, facets final: 412, pending: 48918, pool: 100
I  839.57] Elapsed: 14:00, vertices: 1912, facets final: 413, pending: 49227, pool: 100
I  844.76] Elapsed: 14:05, vertices: 1922, facets final: 417, pending: 49369, pool: 100
I  849.81] Elapsed: 14:10, vertices: 1932, facets final: 421, pending: 49549, pool: 100
I  854.84] Elapsed: 14:15, vertices: 1938, facets final: 424, pending: 49458, pool: 100
I  860.26] Elapsed: 14:20, vertices: 1946, facets final: 427, pending: 49470, pool: 100
I  865.36] Elapsed: 14:25, vertices: 1956, facets final: 433, pending: 49404, pool: 100
I  870.56] Elapsed: 14:31, vertices: 1962, facets final: 434, pending: 49173, pool: 100
I  875.69] Elapsed: 14:36, vertices: 1973, facets final: 439, pending: 49101, pool: 100
I  881.02] Elapsed: 14:41, vertices: 1980, facets final: 444, pending: 49006, pool: 100
I  886.11] Elapsed: 14:46, vertices: 1990, facets final: 447, pending: 48840, pool: 100
I  891.43] Elapsed: 14:51, vertices: 1998, facets final: 453, pending: 48806, pool: 100
I  892.58] recalculating facets...
I  896.57] Elapsed: 14:57, vertices: 2005, facets final: 459, pending: 48928, pool: 100
I  901.78] Elapsed: 15:02, vertices: 2015, facets final: 461, pending: 48647, pool: 100
I  907.11] Elapsed: 15:07, vertices: 2023, facets final: 464, pending: 48810, pool: 100
I  912.19] Elapsed: 15:12, vertices: 2031, facets final: 466, pending: 48784, pool: 100
I  917.25] Elapsed: 15:17, vertices: 2040, facets final: 467, pending: 48773, pool: 100
I  922.53] Elapsed: 15:23, vertices: 2051, facets final: 474, pending: 48736, pool: 100
I  927.67] Elapsed: 15:28, vertices: 2059, facets final: 476, pending: 48717, pool: 100
I  932.87] Elapsed: 15:33, vertices: 2069, facets final: 482, pending: 48685, pool: 100
I  938.05] Elapsed: 15:38, vertices: 2076, facets final: 483, pending: 48291, pool: 100
I  943.15] Elapsed: 15:43, vertices: 2085, facets final: 487, pending: 48283, pool: 100
I  948.25] Elapsed: 15:48, vertices: 2096, facets final: 488, pending: 48296, pool: 100
I  950.92] recalculating facets...
I  953.34] Elapsed: 15:53, vertices: 2104, facets final: 491, pending: 48354, pool: 100
I  958.39] Elapsed: 15:58, vertices: 2112, facets final: 494, pending: 48111, pool: 100
I  963.73] Elapsed: 16:04, vertices: 2122, facets final: 497, pending: 48050, pool: 100
I  968.93] Elapsed: 16:09, vertices: 2131, facets final: 501, pending: 47854, pool: 100
I  973.95] Elapsed: 16:14, vertices: 2140, facets final: 512, pending: 47943, pool: 100
I  979.16] Elapsed: 16:19, vertices: 2150, facets final: 515, pending: 47902, pool: 100
I  984.25] Elapsed: 16:24, vertices: 2157, facets final: 520, pending: 47776, pool: 100
I  989.44] Elapsed: 16:29, vertices: 2168, facets final: 527, pending: 47832, pool: 100
I  994.64] Elapsed: 16:35, vertices: 2177, facets final: 533, pending: 47787, pool: 100
I  999.83] Elapsed: 16:40, vertices: 2186, facets final: 539, pending: 47717, pool: 100
I 1005.04] Elapsed: 16:45, vertices: 2193, facets final: 548, pending: 47508, pool: 100
I 1009.12] recalculating facets...
I 1010.11] Elapsed: 16:50, vertices: 2201, facets final: 548, pending: 47623, pool: 100
I 1015.19] Elapsed: 16:55, vertices: 2209, facets final: 552, pending: 47666, pool: 100
I 1020.27] Elapsed: 17:00, vertices: 2220, facets final: 556, pending: 47771, pool: 100
I 1025.33] Elapsed: 17:05, vertices: 2228, facets final: 562, pending: 47974, pool: 100
I 1030.53] Elapsed: 17:11, vertices: 2237, facets final: 564, pending: 47965, pool: 100
I 1035.64] Elapsed: 17:16, vertices: 2247, facets final: 565, pending: 47964, pool: 100
I 1040.79] Elapsed: 17:21, vertices: 2257, facets final: 569, pending: 47967, pool: 100
I 1046.04] Elapsed: 17:26, vertices: 2263, facets final: 574, pending: 48134, pool: 100
I 1051.26] Elapsed: 17:31, vertices: 2272, facets final: 582, pending: 48058, pool: 100
I 1056.35] Elapsed: 17:36, vertices: 2282, facets final: 585, pending: 48011, pool: 100
I 1061.44] Elapsed: 17:41, vertices: 2290, facets final: 588, pending: 47962, pool: 100
I 1066.53] Elapsed: 17:47, vertices: 2299, facets final: 594, pending: 47872, pool: 100
I 1067.18] recalculating facets...
I 1071.80] Elapsed: 17:52, vertices: 2305, facets final: 598, pending: 47730, pool: 100
I 1076.89] Elapsed: 17:57, vertices: 2312, facets final: 605, pending: 47460, pool: 100
I 1082.23] Elapsed: 18:02, vertices: 2318, facets final: 606, pending: 47459, pool: 100
I 1087.42] Elapsed: 18:07, vertices: 2326, facets final: 611, pending: 47377, pool: 100
I 1092.46] Elapsed: 18:12, vertices: 2334, facets final: 617, pending: 47201, pool: 100
I 1097.56] Elapsed: 18:18, vertices: 2343, facets final: 620, pending: 47294, pool: 100
I 1102.62] Elapsed: 18:23, vertices: 2350, facets final: 628, pending: 47219, pool: 100
I 1107.67] Elapsed: 18:28, vertices: 2360, facets final: 632, pending: 47152, pool: 100
I 1113.14] Elapsed: 18:33, vertices: 2369, facets final: 634, pending: 47216, pool: 100
I 1118.30] Elapsed: 18:38, vertices: 2378, facets final: 644, pending: 47326, pool: 100
I 1123.41] Elapsed: 18:43, vertices: 2389, facets final: 650, pending: 47163, pool: 100
I 1128.53] Elapsed: 18:49, vertices: 2398, facets final: 657, pending: 47097, pool: 100
I 1129.85] recalculating facets...
I 1134.22] Elapsed: 18:54, vertices: 2408, facets final: 662, pending: 46897, pool: 100
I 1139.38] Elapsed: 18:59, vertices: 2418, facets final: 662, pending: 46701, pool: 100
I 1144.57] Elapsed: 19:05, vertices: 2427, facets final: 664, pending: 46670, pool: 100
I 1149.67] Elapsed: 19:10, vertices: 2436, facets final: 668, pending: 46545, pool: 100
I 1155.05] Elapsed: 19:15, vertices: 2446, facets final: 672, pending: 46496, pool: 100
I 1160.23] Elapsed: 19:20, vertices: 2455, facets final: 685, pending: 46571, pool: 100
I 1165.38] Elapsed: 19:25, vertices: 2466, facets final: 686, pending: 46577, pool: 100
I 1170.39] Elapsed: 19:30, vertices: 2475, facets final: 691, pending: 46430, pool: 100
I 1175.52] Elapsed: 19:36, vertices: 2484, facets final: 694, pending: 46336, pool: 100
I 1180.63] Elapsed: 19:41, vertices: 2491, facets final: 703, pending: 46199, pool: 100
I 1185.82] Elapsed: 19:46, vertices: 2499, facets final: 709, pending: 46156, pool: 100
I 1186.24] recalculating facets...
I 1190.89] Elapsed: 19:51, vertices: 2508, facets final: 711, pending: 46140, pool: 100
I 1196.00] Elapsed: 19:56, vertices: 2518, facets final: 719, pending: 45979, pool: 100
I 1201.35] Elapsed: 20:01, vertices: 2529, facets final: 723, pending: 46106, pool: 100
I 1206.42] Elapsed: 20:06, vertices: 2540, facets final: 725, pending: 45982, pool: 100
I 1211.47] Elapsed: 20:11, vertices: 2550, facets final: 728, pending: 45939, pool: 100
I 1216.68] Elapsed: 20:17, vertices: 2558, facets final: 736, pending: 45694, pool: 100
I 1221.79] Elapsed: 20:22, vertices: 2568, facets final: 740, pending: 45556, pool: 100
I 1226.98] Elapsed: 20:27, vertices: 2581, facets final: 747, pending: 45562, pool: 100
I 1232.11] Elapsed: 20:32, vertices: 2592, facets final: 749, pending: 45415, pool: 100
I 1235.15] recalculating facets...
I 1237.13] Elapsed: 20:37, vertices: 2604, facets final: 758, pending: 45496, pool: 100
I 1242.33] Elapsed: 20:42, vertices: 2615, facets final: 769, pending: 45565, pool: 100
I 1247.78] Elapsed: 20:48, vertices: 2624, facets final: 773, pending: 45582, pool: 100
I 1252.82] Elapsed: 20:53, vertices: 2632, facets final: 779, pending: 45565, pool: 100
I 1258.99] Elapsed: 20:59, vertices: 2644, facets final: 791, pending: 45602, pool: 100
I 1264.09] Elapsed: 21:04, vertices: 2653, facets final: 797, pending: 45480, pool: 100
I 1269.42] Elapsed: 21:09, vertices: 2659, facets final: 800, pending: 45572, pool: 100
I 1274.42] Elapsed: 21:14, vertices: 2668, facets final: 809, pending: 45407, pool: 100
I 1279.56] Elapsed: 21:20, vertices: 2677, facets final: 810, pending: 45308, pool: 100
I 1284.76] Elapsed: 21:25, vertices: 2686, facets final: 818, pending: 45205, pool: 100
I 1289.91] Elapsed: 21:30, vertices: 2697, facets final: 820, pending: 45045, pool: 100
I 1291.40] recalculating facets...
I 1295.10] Elapsed: 21:35, vertices: 2707, facets final: 826, pending: 45054, pool: 100
I 1300.18] Elapsed: 21:40, vertices: 2717, facets final: 831, pending: 44939, pool: 100
I 1305.32] Elapsed: 21:45, vertices: 2726, facets final: 844, pending: 45065, pool: 100
I 1310.49] Elapsed: 21:50, vertices: 2735, facets final: 848, pending: 44807, pool: 100
I 1315.72] Elapsed: 21:56, vertices: 2744, facets final: 854, pending: 44878, pool: 100
I 1320.89] Elapsed: 22:01, vertices: 2753, facets final: 860, pending: 44709, pool: 100
I 1326.58] Elapsed: 22:07, vertices: 2762, facets final: 870, pending: 44594, pool: 100
I 1331.67] Elapsed: 22:12, vertices: 2772, facets final: 878, pending: 44608, pool: 100
I 1336.76] Elapsed: 22:17, vertices: 2782, facets final: 882, pending: 44539, pool: 100
I 1342.04] Elapsed: 22:22, vertices: 2793, facets final: 893, pending: 44474, pool: 100
I 1345.19] recalculating facets...
I 1347.48] Elapsed: 22:27, vertices: 2804, facets final: 898, pending: 44419, pool: 100
I 1352.76] Elapsed: 22:33, vertices: 2811, facets final: 904, pending: 44300, pool: 100
I 1357.82] Elapsed: 22:38, vertices: 2820, facets final: 913, pending: 44231, pool: 100
I 1362.87] Elapsed: 22:43, vertices: 2831, facets final: 922, pending: 44135, pool: 100
I 1368.09] Elapsed: 22:48, vertices: 2841, facets final: 931, pending: 44002, pool: 100
I 1373.20] Elapsed: 22:53, vertices: 2851, facets final: 945, pending: 43811, pool: 100
I 1378.22] Elapsed: 22:58, vertices: 2861, facets final: 951, pending: 43658, pool: 100
I 1383.27] Elapsed: 23:03, vertices: 2870, facets final: 959, pending: 43569, pool: 100
I 1388.43] Elapsed: 23:08, vertices: 2881, facets final: 970, pending: 43427, pool: 100
I 1393.54] Elapsed: 23:14, vertices: 2893, facets final: 987, pending: 43233, pool: 100
I 1397.31] recalculating facets...
I 1398.59] Elapsed: 23:19, vertices: 2902, facets final: 996, pending: 43200, pool: 100
I 1403.75] Elapsed: 23:24, vertices: 2913, facets final: 1005, pending: 43118, pool: 100
I 1408.83] Elapsed: 23:29, vertices: 2924, facets final: 1012, pending: 43066, pool: 100
I 1414.00] Elapsed: 23:34, vertices: 2934, facets final: 1018, pending: 43103, pool: 100
I 1419.01] Elapsed: 23:39, vertices: 2944, facets final: 1026, pending: 43038, pool: 100
I 1424.03] Elapsed: 23:44, vertices: 2953, facets final: 1037, pending: 42885, pool: 100
I 1429.46] Elapsed: 23:49, vertices: 2961, facets final: 1052, pending: 42737, pool: 100
I 1434.56] Elapsed: 23:55, vertices: 2971, facets final: 1055, pending: 42641, pool: 100
I 1439.59] Elapsed: 24:00, vertices: 2982, facets final: 1062, pending: 42582, pool: 100
I 1444.61] Elapsed: 24:05, vertices: 2992, facets final: 1071, pending: 42414, pool: 100
I 1448.11] recalculating facets...
I 1449.74] Elapsed: 24:10, vertices: 3003, facets final: 1082, pending: 42257, pool: 100
I 1454.85] Elapsed: 24:15, vertices: 3014, facets final: 1092, pending: 42319, pool: 100
I 1459.94] Elapsed: 24:20, vertices: 3026, facets final: 1101, pending: 42247, pool: 100
I 1465.68] Elapsed: 24:26, vertices: 3037, facets final: 1110, pending: 42054, pool: 100
I 1470.70] Elapsed: 24:31, vertices: 3046, facets final: 1117, pending: 42047, pool: 100
I 1475.83] Elapsed: 24:36, vertices: 3058, facets final: 1120, pending: 41853, pool: 100
I 1480.83] Elapsed: 24:41, vertices: 3070, facets final: 1127, pending: 41846, pool: 100
I 1485.95] Elapsed: 24:46, vertices: 3081, facets final: 1143, pending: 41850, pool: 100
I 1490.96] Elapsed: 24:51, vertices: 3092, facets final: 1146, pending: 41813, pool: 100
I 1495.97] Elapsed: 24:56, vertices: 3098, facets final: 1156, pending: 41691, pool: 100
I 1497.05] recalculating facets...
I 1501.12] Elapsed: 25:01, vertices: 3106, facets final: 1165, pending: 41528, pool: 100
I 1506.15] Elapsed: 25:06, vertices: 3117, facets final: 1172, pending: 41430, pool: 100
I 1511.16] Elapsed: 25:11, vertices: 3129, facets final: 1177, pending: 41317, pool: 100
I 1516.26] Elapsed: 25:16, vertices: 3138, facets final: 1180, pending: 41261, pool: 100
I 1521.29] Elapsed: 25:21, vertices: 3149, facets final: 1188, pending: 41155, pool: 100
I 1526.31] Elapsed: 25:26, vertices: 3159, facets final: 1193, pending: 41015, pool: 100
I 1531.32] Elapsed: 25:31, vertices: 3168, facets final: 1206, pending: 40940, pool: 100
I 1536.46] Elapsed: 25:36, vertices: 3179, facets final: 1219, pending: 40707, pool: 100
I 1541.65] Elapsed: 25:42, vertices: 3189, facets final: 1224, pending: 40694, pool: 100
I 1546.77] Elapsed: 25:47, vertices: 3199, facets final: 1241, pending: 40592, pool: 100
I 1547.40] recalculating facets...
I 1551.93] Elapsed: 25:52, vertices: 3207, facets final: 1251, pending: 40498, pool: 100
I 1557.01] Elapsed: 25:57, vertices: 3217, facets final: 1254, pending: 40459, pool: 100
I 1562.08] Elapsed: 26:02, vertices: 3229, facets final: 1271, pending: 40308, pool: 100
I 1567.18] Elapsed: 26:07, vertices: 3240, facets final: 1280, pending: 40252, pool: 100
I 1572.26] Elapsed: 26:12, vertices: 3253, facets final: 1290, pending: 40319, pool: 100
I 1577.34] Elapsed: 26:17, vertices: 3264, facets final: 1307, pending: 40220, pool: 100
I 1582.38] Elapsed: 26:22, vertices: 3275, facets final: 1319, pending: 40133, pool: 100
I 1587.53] Elapsed: 26:28, vertices: 3289, facets final: 1337, pending: 40058, pool: 100
I 1592.44] recalculating facets...
I 1592.90] Elapsed: 26:33, vertices: 3301, facets final: 1349, pending: 39921, pool: 100
I 1598.08] Elapsed: 26:38, vertices: 3311, facets final: 1367, pending: 39597, pool: 100
I 1603.09] Elapsed: 26:43, vertices: 3322, facets final: 1391, pending: 39457, pool: 100
I 1608.47] Elapsed: 26:48, vertices: 3335, facets final: 1399, pending: 39281, pool: 100
I 1613.61] Elapsed: 26:54, vertices: 3345, facets final: 1412, pending: 39171, pool: 100
I 1619.16] Elapsed: 26:59, vertices: 3358, facets final: 1429, pending: 39048, pool: 100
I 1624.33] Elapsed: 27:04, vertices: 3368, facets final: 1442, pending: 38913, pool: 100
I 1629.54] Elapsed: 27:10, vertices: 3381, facets final: 1459, pending: 38751, pool: 100
I 1634.68] Elapsed: 27:15, vertices: 3393, facets final: 1477, pending: 38612, pool: 100
I 1638.22] recalculating facets...
I 1640.11] Elapsed: 27:20, vertices: 3403, facets final: 1487, pending: 38606, pool: 100
I 1645.31] Elapsed: 27:25, vertices: 3414, facets final: 1500, pending: 38539, pool: 100
I 1650.37] Elapsed: 27:30, vertices: 3426, facets final: 1512, pending: 38517, pool: 100
I 1655.39] Elapsed: 27:35, vertices: 3437, facets final: 1521, pending: 38328, pool: 100
I 1660.59] Elapsed: 27:41, vertices: 3451, facets final: 1543, pending: 38234, pool: 100
I 1665.72] Elapsed: 27:46, vertices: 3464, facets final: 1559, pending: 38084, pool: 100
I 1670.84] Elapsed: 27:51, vertices: 3475, facets final: 1580, pending: 38002, pool: 100
I 1675.91] Elapsed: 27:56, vertices: 3486, facets final: 1586, pending: 37865, pool: 100
I 1680.95] Elapsed: 28:01, vertices: 3499, facets final: 1600, pending: 37775, pool: 100
I 1681.29] recalculating facets...
I 1686.22] Elapsed: 28:06, vertices: 3511, facets final: 1621, pending: 37675, pool: 100
I 1691.32] Elapsed: 28:11, vertices: 3523, facets final: 1639, pending: 37647, pool: 100
I 1696.54] Elapsed: 28:17, vertices: 3534, facets final: 1658, pending: 37478, pool: 100
I 1701.66] Elapsed: 28:22, vertices: 3545, facets final: 1675, pending: 37281, pool: 100
I 1706.75] Elapsed: 28:27, vertices: 3556, facets final: 1696, pending: 37193, pool: 100
I 1711.93] Elapsed: 28:32, vertices: 3568, facets final: 1710, pending: 37181, pool: 100
I 1717.05] Elapsed: 28:37, vertices: 3580, facets final: 1728, pending: 37135, pool: 100
I 1722.14] Elapsed: 28:42, vertices: 3593, facets final: 1746, pending: 36935, pool: 100
I 1725.26] recalculating facets...
I 1727.23] Elapsed: 28:47, vertices: 3605, facets final: 1767, pending: 36742, pool: 100
I 1732.35] Elapsed: 28:52, vertices: 3618, facets final: 1780, pending: 36659, pool: 100
I 1737.40] Elapsed: 28:57, vertices: 3631, facets final: 1789, pending: 36479, pool: 100
I 1742.44] Elapsed: 29:02, vertices: 3645, facets final: 1812, pending: 36387, pool: 100
I 1747.53] Elapsed: 29:08, vertices: 3659, facets final: 1833, pending: 36432, pool: 100
I 1752.65] Elapsed: 29:13, vertices: 3674, facets final: 1850, pending: 36437, pool: 100
I 1757.66] Elapsed: 29:18, vertices: 3686, facets final: 1872, pending: 36456, pool: 100
I 1762.64] recalculating facets...
I 1762.90] Elapsed: 29:23, vertices: 3701, facets final: 1884, pending: 36298, pool: 100
I 1767.93] Elapsed: 29:28, vertices: 3717, facets final: 1902, pending: 36196, pool: 100
I 1772.93] Elapsed: 29:33, vertices: 3729, facets final: 1926, pending: 36044, pool: 100
I 1777.93] Elapsed: 29:38, vertices: 3741, facets final: 1950, pending: 35847, pool: 100
I 1782.97] Elapsed: 29:43, vertices: 3754, facets final: 1978, pending: 35793, pool: 100
I 1788.05] Elapsed: 29:48, vertices: 3766, facets final: 1996, pending: 35726, pool: 100
I 1793.18] Elapsed: 29:53, vertices: 3778, facets final: 2019, pending: 35592, pool: 100
I 1798.30] Elapsed: 29:58, vertices: 3790, facets final: 2047, pending: 35483, pool: 100
I 1801.65] recalculating facets...
I 1803.39] Elapsed: 30:03, vertices: 3804, facets final: 2066, pending: 35427, pool: 99
I 1808.40] Elapsed: 30:08, vertices: 3817, facets final: 2107, pending: 35325, pool: 100
I 1813.50] Elapsed: 30:14, vertices: 3830, facets final: 2123, pending: 35331, pool: 100
I 1818.52] Elapsed: 30:19, vertices: 3844, facets final: 2136, pending: 35245, pool: 99
I 1823.60] Elapsed: 30:24, vertices: 3855, facets final: 2169, pending: 35154, pool: 100
I 1828.61] Elapsed: 30:29, vertices: 3869, facets final: 2176, pending: 35091, pool: 100
I 1833.81] Elapsed: 30:34, vertices: 3881, facets final: 2201, pending: 35174, pool: 100
I 1838.92] Elapsed: 30:39, vertices: 3894, facets final: 2222, pending: 35150, pool: 100
I 1841.08] recalculating facets...
I 1844.11] Elapsed: 30:44, vertices: 3907, facets final: 2226, pending: 35027, pool: 100
I 1849.24] Elapsed: 30:49, vertices: 3919, facets final: 2236, pending: 34989, pool: 100
I 1854.27] Elapsed: 30:54, vertices: 3931, facets final: 2261, pending: 34946, pool: 100
I 1859.30] Elapsed: 30:59, vertices: 3944, facets final: 2282, pending: 34800, pool: 100
I 1864.32] Elapsed: 31:04, vertices: 3958, facets final: 2304, pending: 34813, pool: 100
I 1869.43] Elapsed: 31:09, vertices: 3972, facets final: 2332, pending: 34686, pool: 100
I 1874.51] Elapsed: 31:15, vertices: 3983, facets final: 2347, pending: 34562, pool: 100
I 1879.51] Elapsed: 31:20, vertices: 3997, facets final: 2376, pending: 34418, pool: 100
I 1880.74] recalculating facets...
I 1884.52] Elapsed: 31:25, vertices: 4010, facets final: 2390, pending: 34396, pool: 100
I 1889.67] Elapsed: 31:30, vertices: 4020, facets final: 2418, pending: 34212, pool: 100
I 1894.76] Elapsed: 31:35, vertices: 4032, facets final: 2434, pending: 34129, pool: 100
I 1899.98] Elapsed: 31:40, vertices: 4044, facets final: 2453, pending: 34032, pool: 100
I 1905.00] Elapsed: 31:45, vertices: 4057, facets final: 2479, pending: 33966, pool: 100
I 1910.01] Elapsed: 31:50, vertices: 4070, facets final: 2499, pending: 33852, pool: 100
I 1915.02] Elapsed: 31:55, vertices: 4082, facets final: 2515, pending: 33730, pool: 100
I 1920.11] Elapsed: 32:00, vertices: 4095, facets final: 2529, pending: 33601, pool: 100
I 1922.74] recalculating facets...
I 1925.31] Elapsed: 32:05, vertices: 4107, facets final: 2559, pending: 33475, pool: 100
I 1930.33] Elapsed: 32:10, vertices: 4121, facets final: 2573, pending: 33442, pool: 100
I 1935.49] Elapsed: 32:15, vertices: 4136, facets final: 2591, pending: 33361, pool: 100
I 1940.52] Elapsed: 32:21, vertices: 4149, facets final: 2615, pending: 33221, pool: 100
I 1945.52] Elapsed: 32:26, vertices: 4161, facets final: 2631, pending: 33144, pool: 100
I 1950.58] Elapsed: 32:31, vertices: 4175, facets final: 2651, pending: 33093, pool: 100
I 1955.68] Elapsed: 32:36, vertices: 4186, facets final: 2683, pending: 32897, pool: 100
I 1960.89] Elapsed: 32:41, vertices: 4199, facets final: 2719, pending: 32826, pool: 100
I 1961.24] recalculating facets...
I 1966.07] Elapsed: 32:46, vertices: 4212, facets final: 2738, pending: 32730, pool: 100
I 1971.14] Elapsed: 32:51, vertices: 4225, facets final: 2758, pending: 32681, pool: 100
I 1976.26] Elapsed: 32:56, vertices: 4239, facets final: 2778, pending: 32585, pool: 100
I 1981.37] Elapsed: 33:01, vertices: 4254, facets final: 2802, pending: 32432, pool: 100
I 1986.39] Elapsed: 33:06, vertices: 4268, facets final: 2842, pending: 32345, pool: 100
I 1991.39] Elapsed: 33:11, vertices: 4282, facets final: 2881, pending: 32265, pool: 100
I 1996.44] Elapsed: 33:16, vertices: 4296, facets final: 2919, pending: 32156, pool: 100
I 1997.79] recalculating facets...
I 2001.44] Elapsed: 33:21, vertices: 4311, facets final: 2947, pending: 31991, pool: 100
I 2006.44] Elapsed: 33:26, vertices: 4325, facets final: 2992, pending: 31809, pool: 100
I 2011.52] Elapsed: 33:32, vertices: 4339, facets final: 3029, pending: 31795, pool: 100
I 2016.68] Elapsed: 33:37, vertices: 4355, facets final: 3062, pending: 31727, pool: 100
I 2021.77] Elapsed: 33:42, vertices: 4372, facets final: 3080, pending: 31625, pool: 100
I 2026.80] Elapsed: 33:47, vertices: 4388, facets final: 3118, pending: 31523, pool: 100
I 2030.71] recalculating facets...
I 2031.93] Elapsed: 33:52, vertices: 4403, facets final: 3142, pending: 31455, pool: 100
I 2036.99] Elapsed: 33:57, vertices: 4420, facets final: 3164, pending: 31438, pool: 100
I 2042.02] Elapsed: 34:02, vertices: 4433, facets final: 3196, pending: 31394, pool: 100
I 2047.16] Elapsed: 34:07, vertices: 4449, facets final: 3222, pending: 31317, pool: 100
I 2052.16] Elapsed: 34:12, vertices: 4463, facets final: 3260, pending: 31204, pool: 100
I 2057.18] Elapsed: 34:17, vertices: 4477, facets final: 3286, pending: 31023, pool: 100
I 2062.31] Elapsed: 34:22, vertices: 4492, facets final: 3331, pending: 30921, pool: 100
I 2065.00] recalculating facets...
I 2067.33] Elapsed: 34:27, vertices: 4507, facets final: 3378, pending: 30805, pool: 100
I 2072.44] Elapsed: 34:32, vertices: 4523, facets final: 3410, pending: 30722, pool: 100
I 2077.44] Elapsed: 34:37, vertices: 4538, facets final: 3456, pending: 30590, pool: 100
I 2082.60] Elapsed: 34:43, vertices: 4553, facets final: 3507, pending: 30487, pool: 100
I 2087.71] Elapsed: 34:48, vertices: 4569, facets final: 3543, pending: 30416, pool: 100
I 2092.88] Elapsed: 34:53, vertices: 4584, facets final: 3564, pending: 30300, pool: 100
I 2098.05] Elapsed: 34:58, vertices: 4598, facets final: 3626, pending: 30159, pool: 100
I 2098.57] recalculating facets...
I 2103.11] Elapsed: 35:03, vertices: 4612, facets final: 3666, pending: 30065, pool: 100
I 2108.12] Elapsed: 35:08, vertices: 4627, facets final: 3701, pending: 30048, pool: 100
I 2113.21] Elapsed: 35:13, vertices: 4643, facets final: 3740, pending: 29908, pool: 100
I 2118.23] Elapsed: 35:18, vertices: 4659, facets final: 3770, pending: 29802, pool: 100
I 2123.35] Elapsed: 35:23, vertices: 4673, facets final: 3807, pending: 29664, pool: 100
I 2128.47] Elapsed: 35:28, vertices: 4689, facets final: 3835, pending: 29562, pool: 100
I 2132.65] recalculating facets...
I 2133.47] Elapsed: 35:33, vertices: 4703, facets final: 3882, pending: 29382, pool: 100
I 2138.50] Elapsed: 35:39, vertices: 4716, facets final: 3932, pending: 29271, pool: 100
I 2143.59] Elapsed: 35:44, vertices: 4731, facets final: 3979, pending: 29206, pool: 100
I 2148.63] Elapsed: 35:49, vertices: 4745, facets final: 4040, pending: 29079, pool: 100
I 2153.63] Elapsed: 35:54, vertices: 4761, facets final: 4092, pending: 28957, pool: 100
I 2158.70] Elapsed: 35:59, vertices: 4774, facets final: 4152, pending: 28867, pool: 100
I 2163.70] Elapsed: 36:04, vertices: 4788, facets final: 4197, pending: 28767, pool: 100
I 2167.76] recalculating facets...
I 2168.71] Elapsed: 36:09, vertices: 4803, facets final: 4233, pending: 28674, pool: 100
I 2173.72] Elapsed: 36:14, vertices: 4814, facets final: 4272, pending: 28439, pool: 100
I 2178.73] Elapsed: 36:19, vertices: 4827, facets final: 4327, pending: 28350, pool: 100
I 2183.73] Elapsed: 36:24, vertices: 4842, facets final: 4363, pending: 28205, pool: 100
I 2188.80] Elapsed: 36:29, vertices: 4853, facets final: 4450, pending: 28096, pool: 100
I 2193.85] Elapsed: 36:34, vertices: 4868, facets final: 4495, pending: 28019, pool: 100
I 2198.91] Elapsed: 36:39, vertices: 4881, facets final: 4559, pending: 27879, pool: 100
I 2204.07] Elapsed: 36:44, vertices: 4895, facets final: 4605, pending: 27774, pool: 100
I 2205.81] recalculating facets...
I 2209.13] Elapsed: 36:49, vertices: 4910, facets final: 4647, pending: 27672, pool: 100
I 2214.24] Elapsed: 36:54, vertices: 4924, facets final: 4713, pending: 27551, pool: 99
I 2219.24] Elapsed: 36:59, vertices: 4938, facets final: 4772, pending: 27489, pool: 100
I 2224.31] Elapsed: 37:04, vertices: 4952, facets final: 4828, pending: 27374, pool: 99
I 2229.32] Elapsed: 37:09, vertices: 4965, facets final: 4900, pending: 27239, pool: 100
I 2234.49] Elapsed: 37:14, vertices: 4981, facets final: 4948, pending: 27142, pool: 100
I 2239.53] Elapsed: 37:20, vertices: 4996, facets final: 5017, pending: 27015, pool: 100
I 2241.19] recalculating facets...
I 2244.60] Elapsed: 37:25, vertices: 5009, facets final: 5092, pending: 26890, pool: 100
I 2249.61] Elapsed: 37:30, vertices: 5026, facets final: 5133, pending: 26807, pool: 100
I 2254.64] Elapsed: 37:35, vertices: 5040, facets final: 5178, pending: 26719, pool: 100
I 2259.72] Elapsed: 37:40, vertices: 5055, facets final: 5239, pending: 26611, pool: 100
I 2264.72] Elapsed: 37:45, vertices: 5070, facets final: 5301, pending: 26508, pool: 100
I 2269.81] Elapsed: 37:50, vertices: 5079, facets final: 5413, pending: 26320, pool: 100
I 2274.97] Elapsed: 37:55, vertices: 5094, facets final: 5472, pending: 26233, pool: 100
I 2276.97] recalculating facets...
I 2280.10] Elapsed: 38:00, vertices: 5106, facets final: 5565, pending: 26063, pool: 99
I 2285.10] Elapsed: 38:05, vertices: 5119, facets final: 5638, pending: 25966, pool: 100
I 2290.10] Elapsed: 38:10, vertices: 5131, facets final: 5750, pending: 25833, pool: 100
I 2295.28] Elapsed: 38:15, vertices: 5143, facets final: 5830, pending: 25708, pool: 100
I 2300.40] Elapsed: 38:20, vertices: 5159, facets final: 5877, pending: 25604, pool: 100
I 2305.52] Elapsed: 38:26, vertices: 5172, facets final: 5963, pending: 25493, pool: 100
I 2310.67] Elapsed: 38:31, vertices: 5184, facets final: 6066, pending: 25357, pool: 100
I 2315.72] Elapsed: 38:36, vertices: 5198, facets final: 6121, pending: 25239, pool: 99
I 2316.43] recalculating facets...
I 2320.72] Elapsed: 38:41, vertices: 5210, facets final: 6206, pending: 25106, pool: 100
I 2325.72] Elapsed: 38:46, vertices: 5224, facets final: 6292, pending: 24940, pool: 100
I 2330.73] Elapsed: 38:51, vertices: 5236, facets final: 6390, pending: 24796, pool: 99
I 2335.74] Elapsed: 38:56, vertices: 5251, facets final: 6444, pending: 24680, pool: 100
I 2340.76] Elapsed: 39:01, vertices: 5265, facets final: 6510, pending: 24570, pool: 100
I 2345.78] Elapsed: 39:06, vertices: 5276, facets final: 6624, pending: 24462, pool: 100
I 2350.80] Elapsed: 39:11, vertices: 5289, facets final: 6710, pending: 24300, pool: 100
I 2355.35] recalculating facets...
I 2355.87] Elapsed: 39:16, vertices: 5301, facets final: 6791, pending: 24181, pool: 99
I 2360.91] Elapsed: 39:21, vertices: 5315, facets final: 6869, pending: 24041, pool: 100
I 2366.00] Elapsed: 39:26, vertices: 5327, facets final: 6967, pending: 23876, pool: 100
I 2371.01] Elapsed: 39:31, vertices: 5342, facets final: 7049, pending: 23749, pool: 99
I 2376.16] Elapsed: 39:36, vertices: 5354, facets final: 7152, pending: 23575, pool: 100
I 2381.27] Elapsed: 39:41, vertices: 5368, facets final: 7230, pending: 23512, pool: 100
I 2386.37] Elapsed: 39:46, vertices: 5379, facets final: 7326, pending: 23442, pool: 100
I 2391.49] Elapsed: 39:51, vertices: 5388, facets final: 7477, pending: 23276, pool: 100
I 2396.49] Elapsed: 39:56, vertices: 5400, facets final: 7582, pending: 23156, pool: 100
I 2396.71] recalculating facets...
I 2401.49] Elapsed: 40:01, vertices: 5412, facets final: 7682, pending: 23026, pool: 100
I 2406.50] Elapsed: 40:07, vertices: 5426, facets final: 7763, pending: 22918, pool: 99
I 2411.64] Elapsed: 40:12, vertices: 5437, facets final: 7861, pending: 22873, pool: 100
I 2416.64] Elapsed: 40:17, vertices: 5449, facets final: 7983, pending: 22751, pool: 99
I 2421.64] Elapsed: 40:22, vertices: 5462, facets final: 8077, pending: 22609, pool: 98
I 2426.67] Elapsed: 40:27, vertices: 5475, facets final: 8157, pending: 22477, pool: 99
I 2431.68] Elapsed: 40:32, vertices: 5488, facets final: 8244, pending: 22316, pool: 99
I 2436.75] Elapsed: 40:37, vertices: 5500, facets final: 8343, pending: 22157, pool: 100
I 2436.75] recalculating facets...
I 2441.76] Elapsed: 40:42, vertices: 5511, facets final: 8447, pending: 22003, pool: 100
I 2446.76] Elapsed: 40:47, vertices: 5521, facets final: 8563, pending: 21868, pool: 99
I 2451.79] Elapsed: 40:52, vertices: 5530, facets final: 8704, pending: 21686, pool: 99
I 2456.89] Elapsed: 40:57, vertices: 5542, facets final: 8802, pending: 21535, pool: 100
I 2461.89] Elapsed: 41:02, vertices: 5554, facets final: 8926, pending: 21368, pool: 100
I 2466.89] Elapsed: 41:07, vertices: 5566, facets final: 9030, pending: 21241, pool: 99
I 2471.92] Elapsed: 41:12, vertices: 5579, facets final: 9117, pending: 21114, pool: 100
I 2476.92] Elapsed: 41:17, vertices: 5591, facets final: 9246, pending: 20956, pool: 99
I 2481.23] recalculating facets...
I 2482.09] Elapsed: 41:22, vertices: 5601, facets final: 9367, pending: 20791, pool: 99
I 2487.16] Elapsed: 41:27, vertices: 5613, facets final: 9480, pending: 20619, pool: 99
I 2492.26] Elapsed: 41:32, vertices: 5626, facets final: 9577, pending: 20469, pool: 100
I 2497.26] Elapsed: 41:37, vertices: 5639, facets final: 9679, pending: 20322, pool: 99
I 2502.27] Elapsed: 41:42, vertices: 5649, facets final: 9803, pending: 20158, pool: 99
I 2507.30] Elapsed: 41:47, vertices: 5658, facets final: 9936, pending: 20025, pool: 100
I 2512.31] Elapsed: 41:52, vertices: 5667, facets final: 10094, pending: 19845, pool: 98
I 2517.42] Elapsed: 41:57, vertices: 5678, facets final: 10214, pending: 19661, pool: 100
I 2522.42] Elapsed: 42:02, vertices: 5689, facets final: 10337, pending: 19510, pool: 99
I 2526.89] recalculating facets...
I 2527.42] Elapsed: 42:07, vertices: 5701, facets final: 10433, pending: 19381, pool: 100
I 2532.59] Elapsed: 42:13, vertices: 5714, facets final: 10534, pending: 19238, pool: 99
I 2537.59] Elapsed: 42:18, vertices: 5725, facets final: 10667, pending: 19087, pool: 100
I 2542.62] Elapsed: 42:23, vertices: 5734, facets final: 10820, pending: 18913, pool: 100
I 2547.74] Elapsed: 42:28, vertices: 5745, facets final: 10944, pending: 18793, pool: 99
I 2552.80] Elapsed: 42:33, vertices: 5757, facets final: 11049, pending: 18661, pool: 99
I 2557.80] Elapsed: 42:38, vertices: 5767, facets final: 11191, pending: 18489, pool: 98
I 2562.85] Elapsed: 42:43, vertices: 5777, facets final: 11331, pending: 18327, pool: 99
I 2567.86] Elapsed: 42:48, vertices: 5789, facets final: 11441, pending: 18180, pool: 98
I 2572.86] Elapsed: 42:53, vertices: 5796, facets final: 11621, pending: 17973, pool: 96
I 2575.51] recalculating facets...
I 2577.87] Elapsed: 42:58, vertices: 5804, facets final: 11767, pending: 17788, pool: 98
I 2582.99] Elapsed: 43:03, vertices: 5812, facets final: 11927, pending: 17604, pool: 98
I 2587.99] Elapsed: 43:08, vertices: 5820, facets final: 12096, pending: 17428, pool: 100
I 2593.00] Elapsed: 43:13, vertices: 5831, facets final: 12230, pending: 17254, pool: 98
I 2598.00] Elapsed: 43:18, vertices: 5839, facets final: 12385, pending: 17081, pool: 96
I 2603.02] Elapsed: 43:23, vertices: 5849, facets final: 12535, pending: 16899, pool: 99
I 2608.02] Elapsed: 43:28, vertices: 5857, facets final: 12693, pending: 16737, pool: 98
I 2613.02] Elapsed: 43:33, vertices: 5865, facets final: 12850, pending: 16555, pool: 98
I 2618.04] Elapsed: 43:38, vertices: 5874, facets final: 12996, pending: 16401, pool: 98
I 2623.04] Elapsed: 43:43, vertices: 5883, facets final: 13131, pending: 16256, pool: 99
I 2628.04] Elapsed: 43:48, vertices: 5888, facets final: 13323, pending: 16047, pool: 99
I 2633.04] Elapsed: 43:53, vertices: 5897, facets final: 13469, pending: 15890, pool: 96
I 2635.00] recalculating facets...
I 2638.05] Elapsed: 43:58, vertices: 5905, facets final: 13616, pending: 15734, pool: 97
I 2643.05] Elapsed: 44:03, vertices: 5910, facets final: 13817, pending: 15532, pool: 96
I 2648.13] Elapsed: 44:08, vertices: 5917, facets final: 13972, pending: 15390, pool: 97
I 2653.14] Elapsed: 44:13, vertices: 5925, facets final: 14145, pending: 15200, pool: 97
I 2658.15] Elapsed: 44:18, vertices: 5931, facets final: 14336, pending: 14997, pool: 95
I 2663.15] Elapsed: 44:23, vertices: 5936, facets final: 14525, pending: 14800, pool: 97
I 2668.27] Elapsed: 44:28, vertices: 5941, facets final: 14715, pending: 14592, pool: 98
I 2673.42] Elapsed: 44:33, vertices: 5949, facets final: 14879, pending: 14394, pool: 98
I 2678.48] Elapsed: 44:38, vertices: 5959, facets final: 15021, pending: 14227, pool: 98
I 2683.62] Elapsed: 44:44, vertices: 5965, facets final: 15208, pending: 14026, pool: 99
I 2688.63] Elapsed: 44:49, vertices: 5975, facets final: 15350, pending: 13841, pool: 96
I 2693.71] Elapsed: 44:54, vertices: 5981, facets final: 15534, pending: 13649, pool: 94
I 2698.71] Elapsed: 44:59, vertices: 5988, facets final: 15712, pending: 13455, pool: 95
I 2703.73] Elapsed: 45:04, vertices: 5992, facets final: 15922, pending: 13250, pool: 94
I 2708.73] Elapsed: 45:09, vertices: 5996, facets final: 16130, pending: 13038, pool: 92
I 2710.33] recalculating facets...
I 2713.82] Elapsed: 45:14, vertices: 6003, facets final: 16289, pending: 12857, pool: 91
I 2718.83] Elapsed: 45:19, vertices: 6008, facets final: 16490, pending: 12659, pool: 91
I 2723.83] Elapsed: 45:24, vertices: 6013, facets final: 16675, pending: 12450, pool: 92
I 2728.84] Elapsed: 45:29, vertices: 6019, facets final: 16863, pending: 12239, pool: 92
I 2733.84] Elapsed: 45:34, vertices: 6025, facets final: 17059, pending: 12041, pool: 90
I 2738.85] Elapsed: 45:39, vertices: 6029, facets final: 17270, pending: 11823, pool: 89
I 2743.85] Elapsed: 45:44, vertices: 6034, facets final: 17471, pending: 11601, pool: 91
I 2748.85] Elapsed: 45:49, vertices: 6040, facets final: 17657, pending: 11406, pool: 93
I 2753.85] Elapsed: 45:54, vertices: 6046, facets final: 17843, pending: 11214, pool: 91
I 2758.86] Elapsed: 45:59, vertices: 6051, facets final: 18042, pending: 11005, pool: 89
I 2763.86] Elapsed: 46:04, vertices: 6056, facets final: 18237, pending: 10798, pool: 90
I 2768.87] Elapsed: 46:09, vertices: 6061, facets final: 18434, pending: 10584, pool: 90
I 2773.87] Elapsed: 46:14, vertices: 6066, facets final: 18630, pending: 10385, pool: 91
I 2778.88] Elapsed: 46:19, vertices: 6070, facets final: 18839, pending: 10175, pool: 90
I 2783.89] Elapsed: 46:24, vertices: 6076, facets final: 19035, pending: 9959, pool: 89
I 2788.99] Elapsed: 46:29, vertices: 6080, facets final: 19244, pending: 9741, pool: 88
I 2793.99] Elapsed: 46:34, vertices: 6085, facets final: 19449, pending: 9527, pool: 87
I 2799.01] Elapsed: 46:39, vertices: 6089, facets final: 19660, pending: 9306, pool: 86
I 2804.03] Elapsed: 46:44, vertices: 6094, facets final: 19862, pending: 9099, pool: 87
I 2809.03] Elapsed: 46:49, vertices: 6098, facets final: 20073, pending: 8879, pool: 87
I 2812.24] recalculating facets...
I 2814.03] Elapsed: 46:54, vertices: 6102, facets final: 20280, pending: 8663, pool: 86
I 2819.03] Elapsed: 46:59, vertices: 6107, facets final: 20483, pending: 8450, pool: 85
I 2824.03] Elapsed: 47:04, vertices: 6111, facets final: 20689, pending: 8231, pool: 87
I 2829.04] Elapsed: 47:09, vertices: 6116, facets final: 20891, pending: 8029, pool: 87
I 2834.04] Elapsed: 47:14, vertices: 6122, facets final: 21095, pending: 7811, pool: 84
I 2839.06] Elapsed: 47:19, vertices: 6125, facets final: 21313, pending: 7585, pool: 83
I 2844.08] Elapsed: 47:24, vertices: 6129, facets final: 21525, pending: 7367, pool: 81
I 2849.11] Elapsed: 47:29, vertices: 6132, facets final: 21741, pending: 7147, pool: 80
I 2854.11] Elapsed: 47:34, vertices: 6136, facets final: 21956, pending: 6925, pool: 80
I 2859.11] Elapsed: 47:39, vertices: 6140, facets final: 22176, pending: 6701, pool: 80
I 2864.11] Elapsed: 47:44, vertices: 6143, facets final: 22400, pending: 6475, pool: 80
I 2869.11] Elapsed: 47:49, vertices: 6146, facets final: 22629, pending: 6247, pool: 79
I 2874.13] Elapsed: 47:54, vertices: 6150, facets final: 22846, pending: 6026, pool: 77
I 2879.13] Elapsed: 47:59, vertices: 6152, facets final: 23070, pending: 5800, pool: 74
I 2884.22] Elapsed: 48:04, vertices: 6156, facets final: 23290, pending: 5570, pool: 73
I 2889.22] Elapsed: 48:09, vertices: 6160, facets final: 23508, pending: 5345, pool: 75
I 2894.23] Elapsed: 48:14, vertices: 6163, facets final: 23740, pending: 5109, pool: 73
I 2899.24] Elapsed: 48:19, vertices: 6167, facets final: 23966, pending: 4877, pool: 73
I 2904.24] Elapsed: 48:24, vertices: 6170, facets final: 24185, pending: 4654, pool: 72
I 2909.25] Elapsed: 48:29, vertices: 6174, facets final: 24398, pending: 4437, pool: 73
I 2914.35] Elapsed: 48:34, vertices: 6177, facets final: 24620, pending: 4209, pool: 71
I 2919.36] Elapsed: 48:39, vertices: 6181, facets final: 24850, pending: 3972, pool: 69
I 2924.36] Elapsed: 48:44, vertices: 6184, facets final: 25076, pending: 3741, pool: 69
I 2929.37] Elapsed: 48:49, vertices: 6188, facets final: 25298, pending: 3514, pool: 67
I 2934.37] Elapsed: 48:54, vertices: 6193, facets final: 25508, pending: 3298, pool: 64
I 2939.37] Elapsed: 48:59, vertices: 6198, facets final: 25722, pending: 3076, pool: 64
I 2942.22] recalculating facets...
I 2944.39] Elapsed: 49:04, vertices: 6202, facets final: 25934, pending: 2859, pool: 61
I 2949.40] Elapsed: 49:09, vertices: 6208, facets final: 26137, pending: 2643, pool: 60
I 2954.42] Elapsed: 49:14, vertices: 6217, facets final: 26340, pending: 2433, pool: 55
I 2959.45] Elapsed: 49:19, vertices: 6224, facets final: 26536, pending: 2234, pool: 51
I 2964.45] Elapsed: 49:24, vertices: 6234, facets final: 26740, pending: 2016, pool: 46
I 2969.45] Elapsed: 49:29, vertices: 6241, facets final: 26945, pending: 1805, pool: 41
I 2974.46] Elapsed: 49:34, vertices: 6250, facets final: 27162, pending: 1579, pool: 36
I 2979.48] Elapsed: 49:39, vertices: 6258, facets final: 27376, pending: 1359, pool: 29
I 2984.49] Elapsed: 49:44, vertices: 6264, facets final: 27589, pending: 1135, pool: 26
I 2989.49] Elapsed: 49:49, vertices: 6271, facets final: 27802, pending: 916, pool: 24
I 2994.49] Elapsed: 49:54, vertices: 6282, facets final: 28013, pending: 694, pool: 19
I 2999.49] Elapsed: 49:59, vertices: 6288, facets final: 28259, pending: 442, pool: 14
I 3004.49] Elapsed: 50:04, vertices: 6293, facets final: 28497, pending: 199, pool: 9
I 3005.42] recalculating facets...
I 3008.45] Elapsed: 50:08, vertices: 6328, facets final: 28637, pending: 0

--------------------------------
Problem completed
 name                    2.vlp
 output                  vlp/2.res
 rows, cols, objs        68, 3549, 10
 vertices, facets        6328, 28637
 total time              50:08
--------------------------------
Statistics
LP:
 oracle calls            35211
   avg iterations/calls  30.44
 total oracle time       11:30
Combinatorics:
 vertices added          6328
 facets probed           48296
 facets # max            50431
 memory allocated        98.91M
 storage expansion
   vertices # / upto     50 / 6396
   facets   # / upto     13 / 53244
 facet manipulating
   added avg / max       79.91 / 1.12k
   compressed            268
 number of ridge tests
   avg / max             2.75M / 47.71M
--------------------------------
Parameters with non-default values
 VertexPoolSize = 100
