C copy string: rs=cd:ab;t=(cr):ab;u=a:bdr;ar,br,cr,d;ar,br,c,dr; ineq: base30.tx
I    5.31] Elapsed: 5.31, vertices: 20, facets final: 4, pending: 265, pool: 5
I   12.07] Elapsed: 12.07, vertices: 29, facets final: 6, pending: 625, pool: 19
I   17.35] Elapsed: 17.35, vertices: 38, facets final: 6, pending: 1131, pool: 44
I   22.75] Elapsed: 22.75, vertices: 46, facets final: 6, pending: 1645, pool: 66
I   28.25] Elapsed: 28.25, vertices: 54, facets final: 6, pending: 2387, pool: 92
I   33.32] Elapsed: 33.32, vertices: 70, facets final: 8, pending: 3308, pool: 100
I   38.56] Elapsed: 38.56, vertices: 99, facets final: 10, pending: 4996, pool: 100
I   38.69] recalculating facets...
I   43.64] Elapsed: 43.64, vertices: 129, facets final: 13, pending: 6482, pool: 100
I   48.74] Elapsed: 48.74, vertices: 153, facets final: 14, pending: 7937, pool: 99
I   53.76] Elapsed: 53.76, vertices: 176, facets final: 17, pending: 8879, pool: 100
I   58.28] recalculating facets...
I   58.92] Elapsed: 58.92, vertices: 203, facets final: 17, pending: 10548, pool: 99
I   64.03] Elapsed: 1:04, vertices: 229, facets final: 20, pending: 11984, pool: 100
I   69.15] Elapsed: 1:09, vertices: 252, facets final: 23, pending: 12856, pool: 100
I   74.18] Elapsed: 1:14, vertices: 272, facets final: 27, pending: 13622, pool: 100
I   79.40] Elapsed: 1:19, vertices: 288, facets final: 32, pending: 14333, pool: 100
I   84.21] recalculating facets...
I   84.48] Elapsed: 1:24, vertices: 301, facets final: 38, pending: 14321, pool: 100
I   89.59] Elapsed: 1:30, vertices: 318, facets final: 40, pending: 14842, pool: 100
I   94.66] Elapsed: 1:35, vertices: 337, facets final: 43, pending: 15447, pool: 100
I   99.70] Elapsed: 1:40, vertices: 355, facets final: 45, pending: 15801, pool: 100
I  104.72] Elapsed: 1:45, vertices: 372, facets final: 49, pending: 16215, pool: 99
I  109.73] Elapsed: 1:50, vertices: 388, facets final: 53, pending: 16707, pool: 100
I  113.73] recalculating facets...
I  114.75] Elapsed: 1:55, vertices: 403, facets final: 60, pending: 17432, pool: 100
I  119.78] Elapsed: 2:00, vertices: 418, facets final: 65, pending: 18236, pool: 100
I  124.87] Elapsed: 2:05, vertices: 436, facets final: 68, pending: 18799, pool: 100
I  129.90] Elapsed: 2:10, vertices: 450, facets final: 73, pending: 19083, pool: 98
I  135.04] Elapsed: 2:15, vertices: 463, facets final: 77, pending: 19434, pool: 100
I  140.24] Elapsed: 2:20, vertices: 479, facets final: 80, pending: 19733, pool: 100
I  145.24] Elapsed: 2:25, vertices: 495, facets final: 87, pending: 19920, pool: 100
I  146.93] recalculating facets...
I  150.35] Elapsed: 2:30, vertices: 511, facets final: 88, pending: 20407, pool: 100
I  155.39] Elapsed: 2:35, vertices: 524, facets final: 90, pending: 20584, pool: 99
I  160.43] Elapsed: 2:40, vertices: 537, facets final: 91, pending: 21081, pool: 100
I  165.54] Elapsed: 2:46, vertices: 550, facets final: 96, pending: 21050, pool: 100
I  170.67] Elapsed: 2:51, vertices: 563, facets final: 100, pending: 21392, pool: 100
I  175.68] Elapsed: 2:56, vertices: 577, facets final: 104, pending: 22207, pool: 99
I  180.89] Elapsed: 3:01, vertices: 589, facets final: 107, pending: 22662, pool: 100
I  185.84] recalculating facets...
I  186.09] Elapsed: 3:06, vertices: 601, facets final: 111, pending: 23379, pool: 100
I  191.11] Elapsed: 3:11, vertices: 614, facets final: 115, pending: 23471, pool: 100
I  196.15] Elapsed: 3:16, vertices: 625, facets final: 122, pending: 24111, pool: 100
I  201.19] Elapsed: 3:21, vertices: 638, facets final: 125, pending: 24245, pool: 100
I  206.24] Elapsed: 3:26, vertices: 652, facets final: 126, pending: 24609, pool: 99
I  211.31] Elapsed: 3:31, vertices: 664, facets final: 130, pending: 24810, pool: 100
I  216.35] Elapsed: 3:36, vertices: 675, facets final: 135, pending: 24911, pool: 100
I  221.39] Elapsed: 3:41, vertices: 689, facets final: 139, pending: 25347, pool: 100
I  226.21] recalculating facets...
I  226.40] Elapsed: 3:46, vertices: 701, facets final: 141, pending: 25442, pool: 100
I  231.40] Elapsed: 3:51, vertices: 714, facets final: 146, pending: 25663, pool: 100
I  236.40] Elapsed: 3:56, vertices: 728, facets final: 151, pending: 25700, pool: 100
I  241.40] Elapsed: 4:01, vertices: 741, facets final: 155, pending: 25685, pool: 100
I  246.60] Elapsed: 4:07, vertices: 754, facets final: 159, pending: 25895, pool: 100
I  251.62] Elapsed: 4:12, vertices: 767, facets final: 160, pending: 25821, pool: 100
I  256.69] Elapsed: 4:17, vertices: 780, facets final: 161, pending: 25762, pool: 100
I  261.74] Elapsed: 4:22, vertices: 791, facets final: 163, pending: 25986, pool: 100
I  265.65] recalculating facets...
I  266.94] Elapsed: 4:27, vertices: 803, facets final: 164, pending: 26494, pool: 100
I  271.98] Elapsed: 4:32, vertices: 813, facets final: 166, pending: 26863, pool: 100
I  277.07] Elapsed: 4:37, vertices: 825, facets final: 171, pending: 26684, pool: 100
I  282.32] Elapsed: 4:42, vertices: 839, facets final: 173, pending: 26755, pool: 100
I  287.39] Elapsed: 4:47, vertices: 849, facets final: 177, pending: 27387, pool: 100
I  292.49] Elapsed: 4:52, vertices: 858, facets final: 178, pending: 27533, pool: 100
I  297.53] Elapsed: 4:58, vertices: 871, facets final: 180, pending: 27476, pool: 100
I  302.63] Elapsed: 5:03, vertices: 882, facets final: 184, pending: 27518, pool: 100
I  307.79] Elapsed: 5:08, vertices: 893, facets final: 186, pending: 28123, pool: 100
I  310.95] recalculating facets...
I  313.03] Elapsed: 5:13, vertices: 903, facets final: 190, pending: 28477, pool: 100
I  318.06] Elapsed: 5:18, vertices: 917, facets final: 192, pending: 28582, pool: 100
I  323.18] Elapsed: 5:23, vertices: 930, facets final: 194, pending: 28539, pool: 100
I  328.18] Elapsed: 5:28, vertices: 940, facets final: 204, pending: 28604, pool: 100
I  333.26] Elapsed: 5:33, vertices: 950, facets final: 210, pending: 28949, pool: 100
I  338.40] Elapsed: 5:38, vertices: 961, facets final: 216, pending: 28880, pool: 100
I  343.68] Elapsed: 5:44, vertices: 972, facets final: 219, pending: 28890, pool: 100
I  348.90] Elapsed: 5:49, vertices: 983, facets final: 222, pending: 29153, pool: 100
I  353.94] Elapsed: 5:54, vertices: 992, facets final: 225, pending: 28851, pool: 99
I  357.55] recalculating facets...
I  359.03] Elapsed: 5:59, vertices: 1004, facets final: 227, pending: 29161, pool: 100
I  364.20] Elapsed: 6:04, vertices: 1015, facets final: 231, pending: 29100, pool: 100
I  369.21] Elapsed: 6:09, vertices: 1023, facets final: 236, pending: 29338, pool: 100
I  374.41] Elapsed: 6:14, vertices: 1035, facets final: 240, pending: 29470, pool: 100
I  379.47] Elapsed: 6:19, vertices: 1047, facets final: 241, pending: 29661, pool: 100
I  384.60] Elapsed: 6:25, vertices: 1060, facets final: 246, pending: 29763, pool: 100
I  389.68] Elapsed: 6:30, vertices: 1071, facets final: 252, pending: 29819, pool: 100
I  394.72] Elapsed: 6:35, vertices: 1082, facets final: 255, pending: 29635, pool: 100
I  399.74] Elapsed: 6:40, vertices: 1094, facets final: 258, pending: 29851, pool: 100
I  402.57] recalculating facets...
I  404.80] Elapsed: 6:45, vertices: 1105, facets final: 259, pending: 29834, pool: 100
I  410.03] Elapsed: 6:50, vertices: 1116, facets final: 263, pending: 30079, pool: 100
I  415.13] Elapsed: 6:55, vertices: 1129, facets final: 264, pending: 30187, pool: 100
I  420.37] Elapsed: 7:00, vertices: 1142, facets final: 267, pending: 30024, pool: 100
I  425.41] Elapsed: 7:05, vertices: 1151, facets final: 273, pending: 30309, pool: 100
I  430.48] Elapsed: 7:10, vertices: 1161, facets final: 276, pending: 30469, pool: 100
I  435.58] Elapsed: 7:16, vertices: 1170, facets final: 279, pending: 30327, pool: 100
I  440.83] Elapsed: 7:21, vertices: 1180, facets final: 285, pending: 30434, pool: 100
I  445.86] Elapsed: 7:26, vertices: 1191, facets final: 289, pending: 30506, pool: 100
I  450.15] recalculating facets...
I  451.00] Elapsed: 7:31, vertices: 1202, facets final: 292, pending: 30607, pool: 100
I  456.04] Elapsed: 7:36, vertices: 1214, facets final: 295, pending: 30921, pool: 100
I  461.30] Elapsed: 7:41, vertices: 1224, facets final: 297, pending: 31291, pool: 99
I  466.31] Elapsed: 7:46, vertices: 1233, facets final: 306, pending: 31365, pool: 99
I  471.45] Elapsed: 7:51, vertices: 1241, facets final: 311, pending: 31412, pool: 100
I  476.68] Elapsed: 7:57, vertices: 1252, facets final: 314, pending: 31543, pool: 100
I  481.76] Elapsed: 8:02, vertices: 1263, facets final: 317, pending: 31677, pool: 100
I  486.76] Elapsed: 8:07, vertices: 1271, facets final: 320, pending: 31834, pool: 100
I  491.84] Elapsed: 8:12, vertices: 1280, facets final: 325, pending: 31808, pool: 100
I  496.91] Elapsed: 8:17, vertices: 1289, facets final: 330, pending: 31819, pool: 100
I  502.01] Elapsed: 8:22, vertices: 1300, facets final: 335, pending: 31944, pool: 100
I  502.01] recalculating facets...
I  507.07] Elapsed: 8:27, vertices: 1310, facets final: 335, pending: 31905, pool: 100
I  512.33] Elapsed: 8:32, vertices: 1320, facets final: 335, pending: 32063, pool: 100
I  517.39] Elapsed: 8:37, vertices: 1327, facets final: 340, pending: 32079, pool: 100
I  522.59] Elapsed: 8:43, vertices: 1337, facets final: 341, pending: 32135, pool: 100
I  527.72] Elapsed: 8:48, vertices: 1348, facets final: 343, pending: 32132, pool: 100
I  532.74] Elapsed: 8:53, vertices: 1356, facets final: 347, pending: 32166, pool: 100
I  537.84] Elapsed: 8:58, vertices: 1365, facets final: 355, pending: 31984, pool: 100
I  542.90] Elapsed: 9:03, vertices: 1374, facets final: 356, pending: 32090, pool: 100
I  547.96] Elapsed: 9:08, vertices: 1383, facets final: 362, pending: 31960, pool: 100
I  553.03] Elapsed: 9:13, vertices: 1393, facets final: 366, pending: 31924, pool: 100
I  558.23] Elapsed: 9:18, vertices: 1400, facets final: 374, pending: 31955, pool: 99
I  558.23] recalculating facets...
I  563.30] Elapsed: 9:23, vertices: 1409, facets final: 376, pending: 32064, pool: 100
I  568.53] Elapsed: 9:29, vertices: 1419, facets final: 377, pending: 32280, pool: 100
I  573.80] Elapsed: 9:34, vertices: 1428, facets final: 382, pending: 32183, pool: 100
I  578.83] Elapsed: 9:39, vertices: 1438, facets final: 386, pending: 32255, pool: 100
I  584.10] Elapsed: 9:44, vertices: 1447, facets final: 395, pending: 32085, pool: 100
I  589.10] Elapsed: 9:49, vertices: 1456, facets final: 403, pending: 32066, pool: 100
I  594.28] Elapsed: 9:54, vertices: 1466, facets final: 410, pending: 32208, pool: 99
I  599.41] Elapsed: 9:59, vertices: 1474, facets final: 419, pending: 32429, pool: 100
I  604.63] Elapsed: 10:05, vertices: 1485, facets final: 424, pending: 32619, pool: 100
I  609.70] Elapsed: 10:10, vertices: 1495, facets final: 427, pending: 32639, pool: 100
I  612.49] recalculating facets...
I  614.82] Elapsed: 10:15, vertices: 1505, facets final: 434, pending: 32742, pool: 100
I  619.86] Elapsed: 10:20, vertices: 1513, facets final: 437, pending: 32802, pool: 100
I  625.05] Elapsed: 10:25, vertices: 1523, facets final: 439, pending: 32795, pool: 100
I  630.07] Elapsed: 10:30, vertices: 1531, facets final: 444, pending: 32429, pool: 100
I  635.16] Elapsed: 10:35, vertices: 1541, facets final: 449, pending: 32416, pool: 100
I  640.19] Elapsed: 10:40, vertices: 1551, facets final: 454, pending: 32611, pool: 100
I  645.38] Elapsed: 10:45, vertices: 1559, facets final: 459, pending: 32511, pool: 100
I  650.52] Elapsed: 10:51, vertices: 1569, facets final: 461, pending: 32699, pool: 100
I  655.53] Elapsed: 10:56, vertices: 1579, facets final: 463, pending: 32755, pool: 100
I  660.71] Elapsed: 11:01, vertices: 1588, facets final: 470, pending: 32897, pool: 100
I  665.81] Elapsed: 11:06, vertices: 1597, facets final: 474, pending: 32796, pool: 100
I  667.45] recalculating facets...
I  670.85] Elapsed: 11:11, vertices: 1607, facets final: 477, pending: 32691, pool: 100
I  675.99] Elapsed: 11:16, vertices: 1617, facets final: 483, pending: 32742, pool: 100
I  681.16] Elapsed: 11:21, vertices: 1627, facets final: 485, pending: 32670, pool: 100
I  686.27] Elapsed: 11:26, vertices: 1638, facets final: 488, pending: 32700, pool: 100
I  691.34] Elapsed: 11:31, vertices: 1647, facets final: 494, pending: 32698, pool: 100
I  696.57] Elapsed: 11:37, vertices: 1655, facets final: 498, pending: 32783, pool: 100
I  701.66] Elapsed: 11:42, vertices: 1665, facets final: 505, pending: 32713, pool: 100
I  706.72] Elapsed: 11:47, vertices: 1674, facets final: 508, pending: 32694, pool: 100
I  711.77] Elapsed: 11:52, vertices: 1684, facets final: 512, pending: 32704, pool: 100
I  716.85] Elapsed: 11:57, vertices: 1693, facets final: 520, pending: 32623, pool: 100
I  720.55] recalculating facets...
I  721.89] Elapsed: 12:02, vertices: 1703, facets final: 525, pending: 32616, pool: 100
I  727.16] Elapsed: 12:07, vertices: 1711, facets final: 527, pending: 32734, pool: 100
I  732.18] Elapsed: 12:12, vertices: 1721, facets final: 532, pending: 32795, pool: 100
I  737.36] Elapsed: 12:17, vertices: 1730, facets final: 540, pending: 32777, pool: 100
I  742.60] Elapsed: 12:23, vertices: 1740, facets final: 544, pending: 32878, pool: 100
I  747.71] Elapsed: 12:28, vertices: 1751, facets final: 550, pending: 32863, pool: 100
I  752.85] Elapsed: 12:33, vertices: 1760, facets final: 556, pending: 32803, pool: 100
I  758.04] Elapsed: 12:38, vertices: 1768, facets final: 564, pending: 32727, pool: 100
I  763.05] Elapsed: 12:43, vertices: 1777, facets final: 574, pending: 32867, pool: 100
I  768.06] Elapsed: 12:48, vertices: 1787, facets final: 579, pending: 32825, pool: 100
I  773.17] Elapsed: 12:53, vertices: 1797, facets final: 582, pending: 32831, pool: 100
I  775.16] recalculating facets...
I  778.33] Elapsed: 12:58, vertices: 1805, facets final: 586, pending: 32701, pool: 100
I  783.52] Elapsed: 13:04, vertices: 1814, facets final: 596, pending: 32648, pool: 100
I  788.70] Elapsed: 13:09, vertices: 1824, facets final: 603, pending: 32504, pool: 100
I  793.72] Elapsed: 13:14, vertices: 1834, facets final: 609, pending: 32431, pool: 100
I  798.75] Elapsed: 13:19, vertices: 1844, facets final: 618, pending: 32198, pool: 100
I  803.88] Elapsed: 13:24, vertices: 1851, facets final: 626, pending: 32237, pool: 100
I  809.12] Elapsed: 13:29, vertices: 1861, facets final: 633, pending: 32342, pool: 100
I  814.15] Elapsed: 13:34, vertices: 1870, facets final: 638, pending: 32379, pool: 100
I  819.28] Elapsed: 13:39, vertices: 1879, facets final: 643, pending: 32035, pool: 100
I  824.33] Elapsed: 13:44, vertices: 1889, facets final: 650, pending: 31928, pool: 100
I  829.42] Elapsed: 13:49, vertices: 1896, facets final: 659, pending: 32013, pool: 100
I  831.30] recalculating facets...
I  834.48] Elapsed: 13:54, vertices: 1906, facets final: 665, pending: 32099, pool: 100
I  839.48] Elapsed: 13:59, vertices: 1916, facets final: 670, pending: 32078, pool: 100
I  844.50] Elapsed: 14:05, vertices: 1926, facets final: 676, pending: 32065, pool: 100
I  849.72] Elapsed: 14:10, vertices: 1935, facets final: 683, pending: 31882, pool: 100
I  854.80] Elapsed: 14:15, vertices: 1946, facets final: 689, pending: 31694, pool: 100
I  859.84] Elapsed: 14:20, vertices: 1955, facets final: 699, pending: 31737, pool: 100
I  864.99] Elapsed: 14:25, vertices: 1965, facets final: 708, pending: 31742, pool: 100
I  870.03] Elapsed: 14:30, vertices: 1972, facets final: 718, pending: 31841, pool: 99
I  875.04] Elapsed: 14:35, vertices: 1982, facets final: 721, pending: 31751, pool: 100
I  880.17] Elapsed: 14:40, vertices: 1990, facets final: 730, pending: 31765, pool: 100
I  885.20] Elapsed: 14:45, vertices: 1999, facets final: 735, pending: 31779, pool: 100
I  885.74] recalculating facets...
I  890.25] Elapsed: 14:50, vertices: 2010, facets final: 738, pending: 31701, pool: 100
I  895.26] Elapsed: 14:55, vertices: 2017, facets final: 750, pending: 31669, pool: 100
I  900.41] Elapsed: 15:00, vertices: 2026, facets final: 758, pending: 31634, pool: 100
I  905.54] Elapsed: 15:06, vertices: 2037, facets final: 761, pending: 31735, pool: 100
I  910.59] Elapsed: 15:11, vertices: 2046, facets final: 765, pending: 31764, pool: 100
I  915.66] Elapsed: 15:16, vertices: 2057, facets final: 767, pending: 31539, pool: 100
I  920.83] Elapsed: 15:21, vertices: 2065, facets final: 779, pending: 31395, pool: 100
I  926.00] Elapsed: 15:26, vertices: 2075, facets final: 786, pending: 31493, pool: 100
I  931.30] Elapsed: 15:31, vertices: 2085, facets final: 795, pending: 31391, pool: 100
I  936.44] Elapsed: 15:36, vertices: 2095, facets final: 801, pending: 31414, pool: 100
I  939.49] recalculating facets...
I  941.44] Elapsed: 15:41, vertices: 2103, facets final: 812, pending: 31501, pool: 100
I  946.46] Elapsed: 15:46, vertices: 2112, facets final: 823, pending: 31393, pool: 100
I  951.59] Elapsed: 15:52, vertices: 2122, facets final: 831, pending: 31291, pool: 100
I  956.59] Elapsed: 15:57, vertices: 2133, facets final: 836, pending: 31146, pool: 100
I  961.78] Elapsed: 16:02, vertices: 2143, facets final: 841, pending: 31216, pool: 100
I  966.93] Elapsed: 16:07, vertices: 2154, facets final: 849, pending: 31224, pool: 100
I  971.94] Elapsed: 16:12, vertices: 2161, facets final: 858, pending: 31077, pool: 100
I  977.04] Elapsed: 16:17, vertices: 2170, facets final: 868, pending: 30950, pool: 100
I  982.10] Elapsed: 16:22, vertices: 2178, facets final: 880, pending: 30946, pool: 100
I  987.22] Elapsed: 16:27, vertices: 2189, facets final: 884, pending: 30925, pool: 100
I  992.32] Elapsed: 16:32, vertices: 2198, facets final: 894, pending: 30875, pool: 100
I  993.67] recalculating facets...
I  997.41] Elapsed: 16:37, vertices: 2205, facets final: 904, pending: 30897, pool: 100
I 1002.63] Elapsed: 16:43, vertices: 2213, facets final: 915, pending: 30866, pool: 100
I 1007.69] Elapsed: 16:48, vertices: 2223, facets final: 926, pending: 30815, pool: 100
I 1012.75] Elapsed: 16:53, vertices: 2235, facets final: 930, pending: 30717, pool: 100
I 1017.92] Elapsed: 16:58, vertices: 2245, facets final: 938, pending: 30657, pool: 100
I 1023.02] Elapsed: 17:03, vertices: 2254, facets final: 945, pending: 30663, pool: 100
I 1028.23] Elapsed: 17:08, vertices: 2265, facets final: 954, pending: 30598, pool: 100
I 1033.30] Elapsed: 17:13, vertices: 2273, facets final: 966, pending: 30661, pool: 100
I 1038.34] Elapsed: 17:18, vertices: 2279, facets final: 980, pending: 30540, pool: 100
I 1043.48] Elapsed: 17:23, vertices: 2290, facets final: 987, pending: 30518, pool: 100
I 1048.49] Elapsed: 17:28, vertices: 2300, facets final: 994, pending: 30448, pool: 99
I 1048.87] recalculating facets...
I 1053.60] Elapsed: 17:34, vertices: 2309, facets final: 1001, pending: 30471, pool: 100
I 1058.71] Elapsed: 17:39, vertices: 2319, facets final: 1008, pending: 30548, pool: 100
I 1063.85] Elapsed: 17:44, vertices: 2328, facets final: 1014, pending: 30507, pool: 100
I 1068.85] Elapsed: 17:49, vertices: 2337, facets final: 1019, pending: 30418, pool: 100
I 1074.05] Elapsed: 17:54, vertices: 2349, facets final: 1026, pending: 30373, pool: 100
I 1079.15] Elapsed: 17:59, vertices: 2361, facets final: 1031, pending: 30263, pool: 100
I 1084.15] Elapsed: 18:04, vertices: 2372, facets final: 1037, pending: 30212, pool: 100
I 1089.19] Elapsed: 18:09, vertices: 2382, facets final: 1042, pending: 30023, pool: 100
I 1094.33] Elapsed: 18:14, vertices: 2393, facets final: 1048, pending: 29883, pool: 100
I 1098.97] recalculating facets...
I 1099.53] Elapsed: 18:20, vertices: 2401, facets final: 1060, pending: 30013, pool: 100
I 1104.53] Elapsed: 18:25, vertices: 2410, facets final: 1073, pending: 29976, pool: 100
I 1109.81] Elapsed: 18:30, vertices: 2421, facets final: 1080, pending: 29974, pool: 100
I 1114.82] Elapsed: 18:35, vertices: 2429, facets final: 1089, pending: 29841, pool: 100
I 1120.19] Elapsed: 18:40, vertices: 2439, facets final: 1094, pending: 29790, pool: 100
I 1125.28] Elapsed: 18:45, vertices: 2449, facets final: 1104, pending: 29724, pool: 100
I 1130.49] Elapsed: 18:50, vertices: 2457, facets final: 1119, pending: 29808, pool: 100
I 1135.54] Elapsed: 18:56, vertices: 2464, facets final: 1132, pending: 29688, pool: 99
I 1140.61] Elapsed: 19:01, vertices: 2472, facets final: 1140, pending: 29578, pool: 100
I 1145.77] Elapsed: 19:06, vertices: 2481, facets final: 1149, pending: 29685, pool: 100
I 1150.78] Elapsed: 19:11, vertices: 2488, facets final: 1166, pending: 29617, pool: 100
I 1155.81] Elapsed: 19:16, vertices: 2495, facets final: 1180, pending: 29480, pool: 100
I 1158.75] recalculating facets...
I 1160.94] Elapsed: 19:21, vertices: 2504, facets final: 1189, pending: 29459, pool: 100
I 1166.01] Elapsed: 19:26, vertices: 2514, facets final: 1199, pending: 29315, pool: 100
I 1171.11] Elapsed: 19:31, vertices: 2521, facets final: 1214, pending: 29351, pool: 100
I 1176.16] Elapsed: 19:36, vertices: 2528, facets final: 1229, pending: 29184, pool: 100
I 1181.38] Elapsed: 19:41, vertices: 2536, facets final: 1244, pending: 29165, pool: 100
I 1186.69] Elapsed: 19:47, vertices: 2547, facets final: 1249, pending: 29177, pool: 100
I 1191.85] Elapsed: 19:52, vertices: 2556, facets final: 1259, pending: 29293, pool: 100
I 1196.96] Elapsed: 19:57, vertices: 2566, facets final: 1268, pending: 29305, pool: 100
I 1202.08] Elapsed: 20:02, vertices: 2574, facets final: 1280, pending: 29275, pool: 100
I 1207.23] Elapsed: 20:07, vertices: 2584, facets final: 1286, pending: 29326, pool: 100
I 1212.27] Elapsed: 20:12, vertices: 2594, facets final: 1297, pending: 29327, pool: 100
I 1215.81] recalculating facets...
I 1217.30] Elapsed: 20:17, vertices: 2603, facets final: 1307, pending: 29305, pool: 100
I 1222.45] Elapsed: 20:22, vertices: 2612, facets final: 1320, pending: 29323, pool: 100
I 1227.69] Elapsed: 20:28, vertices: 2621, facets final: 1328, pending: 29241, pool: 100
I 1232.74] Elapsed: 20:33, vertices: 2631, facets final: 1336, pending: 29201, pool: 100
I 1237.78] Elapsed: 20:38, vertices: 2640, facets final: 1343, pending: 29256, pool: 100
I 1242.89] Elapsed: 20:43, vertices: 2650, facets final: 1351, pending: 29186, pool: 100
I 1247.93] Elapsed: 20:48, vertices: 2659, facets final: 1360, pending: 29058, pool: 100
I 1252.96] Elapsed: 20:53, vertices: 2665, facets final: 1379, pending: 29020, pool: 100
I 1258.11] Elapsed: 20:58, vertices: 2674, facets final: 1388, pending: 28955, pool: 100
I 1263.26] Elapsed: 21:03, vertices: 2683, facets final: 1398, pending: 28848, pool: 100
I 1268.31] Elapsed: 21:08, vertices: 2693, facets final: 1409, pending: 28872, pool: 100
I 1272.39] recalculating facets...
I 1273.40] Elapsed: 21:13, vertices: 2702, facets final: 1419, pending: 28833, pool: 100
I 1278.46] Elapsed: 21:18, vertices: 2713, facets final: 1424, pending: 28845, pool: 100
I 1283.51] Elapsed: 21:24, vertices: 2722, facets final: 1431, pending: 28756, pool: 100
I 1288.72] Elapsed: 21:29, vertices: 2730, facets final: 1445, pending: 28893, pool: 100
I 1293.94] Elapsed: 21:34, vertices: 2737, facets final: 1462, pending: 28848, pool: 100
I 1299.08] Elapsed: 21:39, vertices: 2747, facets final: 1466, pending: 28916, pool: 100
I 1304.25] Elapsed: 21:44, vertices: 2753, facets final: 1481, pending: 28908, pool: 100
I 1309.27] Elapsed: 21:49, vertices: 2759, facets final: 1496, pending: 28832, pool: 100
I 1314.32] Elapsed: 21:54, vertices: 2767, facets final: 1508, pending: 28672, pool: 100
I 1319.35] Elapsed: 21:59, vertices: 2776, facets final: 1520, pending: 28638, pool: 99
I 1324.46] Elapsed: 22:04, vertices: 2782, facets final: 1536, pending: 28660, pool: 100
I 1329.47] Elapsed: 22:09, vertices: 2790, facets final: 1549, pending: 28665, pool: 100
I 1334.43] recalculating facets...
I 1334.76] Elapsed: 22:15, vertices: 2801, facets final: 1557, pending: 28644, pool: 100
I 1339.89] Elapsed: 22:20, vertices: 2809, facets final: 1570, pending: 28548, pool: 100
I 1344.93] Elapsed: 22:25, vertices: 2814, facets final: 1586, pending: 28569, pool: 99
I 1350.14] Elapsed: 22:30, vertices: 2821, facets final: 1602, pending: 28581, pool: 99
I 1355.25] Elapsed: 22:35, vertices: 2826, facets final: 1624, pending: 28536, pool: 100
I 1360.56] Elapsed: 22:41, vertices: 2835, facets final: 1634, pending: 28552, pool: 100
I 1365.59] Elapsed: 22:46, vertices: 2841, facets final: 1647, pending: 28476, pool: 100
I 1370.75] Elapsed: 22:51, vertices: 2847, facets final: 1662, pending: 28403, pool: 100
I 1375.75] Elapsed: 22:56, vertices: 2856, facets final: 1675, pending: 28401, pool: 100
I 1380.75] Elapsed: 23:01, vertices: 2863, facets final: 1693, pending: 28392, pool: 100
I 1385.81] Elapsed: 23:06, vertices: 2873, facets final: 1704, pending: 28389, pool: 100
I 1390.92] Elapsed: 23:11, vertices: 2881, facets final: 1720, pending: 28271, pool: 100
I 1396.03] Elapsed: 23:16, vertices: 2892, facets final: 1728, pending: 28236, pool: 100
I 1399.55] recalculating facets...
I 1401.19] Elapsed: 23:21, vertices: 2903, facets final: 1734, pending: 28292, pool: 100
I 1406.27] Elapsed: 23:26, vertices: 2909, facets final: 1753, pending: 28308, pool: 99
I 1411.55] Elapsed: 23:32, vertices: 2916, facets final: 1771, pending: 28323, pool: 100
I 1416.56] Elapsed: 23:37, vertices: 2924, facets final: 1786, pending: 28240, pool: 100
I 1421.65] Elapsed: 23:42, vertices: 2931, facets final: 1802, pending: 28222, pool: 100
I 1426.67] Elapsed: 23:47, vertices: 2941, facets final: 1813, pending: 28187, pool: 100
I 1431.75] Elapsed: 23:52, vertices: 2950, facets final: 1825, pending: 28138, pool: 100
I 1436.94] Elapsed: 23:57, vertices: 2957, facets final: 1842, pending: 28079, pool: 100
I 1442.14] Elapsed: 24:02, vertices: 2967, facets final: 1854, pending: 27984, pool: 100
I 1447.35] Elapsed: 24:07, vertices: 2976, facets final: 1865, pending: 27936, pool: 100
I 1452.66] Elapsed: 24:13, vertices: 2982, facets final: 1884, pending: 27840, pool: 100
I 1457.70] Elapsed: 24:18, vertices: 2991, facets final: 1897, pending: 27845, pool: 100
I 1462.85] Elapsed: 24:23, vertices: 2999, facets final: 1910, pending: 27764, pool: 100
I 1463.14] recalculating facets...
I 1467.93] Elapsed: 24:28, vertices: 3007, facets final: 1920, pending: 27618, pool: 100
I 1472.99] Elapsed: 24:33, vertices: 3013, facets final: 1939, pending: 27670, pool: 100
I 1478.05] Elapsed: 24:38, vertices: 3022, facets final: 1951, pending: 27671, pool: 99
I 1483.08] Elapsed: 24:43, vertices: 3029, facets final: 1963, pending: 27560, pool: 100
I 1488.26] Elapsed: 24:48, vertices: 3039, facets final: 1971, pending: 27451, pool: 100
I 1493.31] Elapsed: 24:53, vertices: 3044, facets final: 1991, pending: 27477, pool: 100
I 1498.45] Elapsed: 24:58, vertices: 3051, facets final: 2004, pending: 27482, pool: 100
I 1503.53] Elapsed: 25:04, vertices: 3059, facets final: 2021, pending: 27424, pool: 100
I 1508.59] Elapsed: 25:09, vertices: 3069, facets final: 2032, pending: 27446, pool: 100
I 1513.64] Elapsed: 25:14, vertices: 3076, facets final: 2051, pending: 27454, pool: 100
I 1518.86] Elapsed: 25:19, vertices: 3085, facets final: 2060, pending: 27369, pool: 100
I 1523.97] Elapsed: 25:24, vertices: 3095, facets final: 2073, pending: 27369, pool: 100
I 1529.04] Elapsed: 25:29, vertices: 3100, facets final: 2093, pending: 27454, pool: 100
I 1529.04] recalculating facets...
I 1534.21] Elapsed: 25:34, vertices: 3109, facets final: 2108, pending: 27449, pool: 100
I 1539.22] Elapsed: 25:39, vertices: 3119, facets final: 2120, pending: 27334, pool: 100
I 1544.30] Elapsed: 25:44, vertices: 3128, facets final: 2128, pending: 27230, pool: 100
I 1549.57] Elapsed: 25:50, vertices: 3136, facets final: 2143, pending: 27175, pool: 100
I 1554.66] Elapsed: 25:55, vertices: 3146, facets final: 2160, pending: 27097, pool: 100
I 1559.73] Elapsed: 26:00, vertices: 3155, facets final: 2170, pending: 27149, pool: 100
I 1564.94] Elapsed: 26:05, vertices: 3163, facets final: 2183, pending: 27135, pool: 100
I 1569.95] Elapsed: 26:10, vertices: 3171, facets final: 2199, pending: 27113, pool: 100
I 1575.04] Elapsed: 26:15, vertices: 3182, facets final: 2212, pending: 27077, pool: 100
I 1580.09] Elapsed: 26:20, vertices: 3192, facets final: 2228, pending: 27037, pool: 100
I 1585.26] Elapsed: 26:25, vertices: 3199, facets final: 2247, pending: 27113, pool: 100
I 1586.52] recalculating facets...
I 1590.36] Elapsed: 26:30, vertices: 3205, facets final: 2265, pending: 27122, pool: 100
I 1595.42] Elapsed: 26:35, vertices: 3212, facets final: 2285, pending: 27076, pool: 100
I 1600.65] Elapsed: 26:41, vertices: 3219, facets final: 2303, pending: 27056, pool: 100
I 1605.73] Elapsed: 26:46, vertices: 3226, facets final: 2319, pending: 26971, pool: 100
I 1610.87] Elapsed: 26:51, vertices: 3234, facets final: 2335, pending: 26900, pool: 100
I 1615.94] Elapsed: 26:56, vertices: 3243, facets final: 2350, pending: 26886, pool: 100
I 1621.00] Elapsed: 27:01, vertices: 3251, facets final: 2359, pending: 26772, pool: 100
I 1626.15] Elapsed: 27:06, vertices: 3259, facets final: 2379, pending: 26665, pool: 100
I 1631.40] Elapsed: 27:11, vertices: 3266, facets final: 2398, pending: 26651, pool: 100
I 1636.42] Elapsed: 27:16, vertices: 3275, facets final: 2414, pending: 26611, pool: 100
I 1641.46] Elapsed: 27:21, vertices: 3281, facets final: 2434, pending: 26622, pool: 100
I 1646.49] Elapsed: 27:26, vertices: 3286, facets final: 2456, pending: 26622, pool: 100
I 1651.51] Elapsed: 27:32, vertices: 3294, facets final: 2475, pending: 26518, pool: 100
I 1655.10] recalculating facets...
I 1656.58] Elapsed: 27:37, vertices: 3302, facets final: 2487, pending: 26602, pool: 100
I 1661.68] Elapsed: 27:42, vertices: 3309, facets final: 2500, pending: 26542, pool: 100
I 1666.78] Elapsed: 27:47, vertices: 3315, facets final: 2517, pending: 26535, pool: 100
I 1672.09] Elapsed: 27:52, vertices: 3320, facets final: 2541, pending: 26424, pool: 100
I 1677.14] Elapsed: 27:57, vertices: 3327, facets final: 2558, pending: 26344, pool: 100
I 1682.14] Elapsed: 28:02, vertices: 3335, facets final: 2577, pending: 26316, pool: 100
I 1687.16] Elapsed: 28:07, vertices: 3342, facets final: 2595, pending: 26296, pool: 100
I 1692.44] Elapsed: 28:12, vertices: 3348, facets final: 2621, pending: 26258, pool: 100
I 1697.59] Elapsed: 28:18, vertices: 3358, facets final: 2633, pending: 26259, pool: 100
I 1702.82] Elapsed: 28:23, vertices: 3366, facets final: 2643, pending: 26217, pool: 100
I 1707.91] Elapsed: 28:28, vertices: 3376, facets final: 2655, pending: 26123, pool: 100
I 1712.94] Elapsed: 28:33, vertices: 3384, facets final: 2670, pending: 26065, pool: 100
I 1718.03] Elapsed: 28:38, vertices: 3394, facets final: 2685, pending: 26032, pool: 99
I 1722.89] recalculating facets...
I 1723.07] Elapsed: 28:43, vertices: 3401, facets final: 2701, pending: 25990, pool: 99
I 1728.15] Elapsed: 28:48, vertices: 3406, facets final: 2716, pending: 25948, pool: 100
I 1733.21] Elapsed: 28:53, vertices: 3412, facets final: 2737, pending: 25947, pool: 100
I 1738.31] Elapsed: 28:58, vertices: 3420, facets final: 2750, pending: 25923, pool: 100
I 1743.37] Elapsed: 29:03, vertices: 3430, facets final: 2764, pending: 25867, pool: 100
I 1748.53] Elapsed: 29:09, vertices: 3437, facets final: 2779, pending: 25804, pool: 100
I 1753.67] Elapsed: 29:14, vertices: 3443, facets final: 2801, pending: 25702, pool: 100
I 1758.80] Elapsed: 29:19, vertices: 3451, facets final: 2817, pending: 25655, pool: 100
I 1763.80] Elapsed: 29:24, vertices: 3462, facets final: 2825, pending: 25554, pool: 100
I 1769.15] Elapsed: 29:29, vertices: 3467, facets final: 2846, pending: 25486, pool: 100
I 1774.32] Elapsed: 29:34, vertices: 3472, facets final: 2871, pending: 25467, pool: 100
I 1779.42] Elapsed: 29:39, vertices: 3477, facets final: 2892, pending: 25460, pool: 100
I 1784.49] Elapsed: 29:44, vertices: 3482, facets final: 2915, pending: 25428, pool: 100
I 1789.60] Elapsed: 29:50, vertices: 3489, facets final: 2934, pending: 25381, pool: 100
I 1794.77] Elapsed: 29:55, vertices: 3495, facets final: 2953, pending: 25344, pool: 100
I 1798.41] recalculating facets...
I 1799.78] Elapsed: 30:00, vertices: 3503, facets final: 2973, pending: 25333, pool: 100
I 1804.84] Elapsed: 30:05, vertices: 3508, facets final: 3000, pending: 25330, pool: 100
I 1809.85] Elapsed: 30:10, vertices: 3516, facets final: 3018, pending: 25286, pool: 100
I 1814.92] Elapsed: 30:15, vertices: 3525, facets final: 3033, pending: 25216, pool: 100
I 1819.98] Elapsed: 30:20, vertices: 3534, facets final: 3050, pending: 25165, pool: 100
I 1825.02] Elapsed: 30:25, vertices: 3543, facets final: 3066, pending: 25130, pool: 100
I 1830.16] Elapsed: 30:30, vertices: 3549, facets final: 3090, pending: 25064, pool: 100
I 1835.17] Elapsed: 30:35, vertices: 3554, facets final: 3113, pending: 25052, pool: 99
I 1840.19] Elapsed: 30:40, vertices: 3560, facets final: 3135, pending: 25025, pool: 99
I 1845.21] Elapsed: 30:45, vertices: 3566, facets final: 3155, pending: 24983, pool: 100
I 1850.21] Elapsed: 30:50, vertices: 3574, facets final: 3169, pending: 24888, pool: 100
I 1855.33] Elapsed: 30:55, vertices: 3583, facets final: 3184, pending: 24814, pool: 100
I 1860.40] Elapsed: 31:00, vertices: 3590, facets final: 3206, pending: 24750, pool: 100
I 1865.52] Elapsed: 31:06, vertices: 3596, facets final: 3225, pending: 24692, pool: 100
I 1868.87] recalculating facets...
I 1870.57] Elapsed: 31:11, vertices: 3602, facets final: 3246, pending: 24646, pool: 100
I 1875.64] Elapsed: 31:16, vertices: 3607, facets final: 3265, pending: 24625, pool: 100
I 1880.64] Elapsed: 31:21, vertices: 3612, facets final: 3292, pending: 24582, pool: 99
I 1885.82] Elapsed: 31:26, vertices: 3616, facets final: 3317, pending: 24568, pool: 100
I 1890.82] Elapsed: 31:31, vertices: 3621, facets final: 3345, pending: 24511, pool: 100
I 1895.91] Elapsed: 31:36, vertices: 3625, facets final: 3373, pending: 24513, pool: 100
I 1900.98] Elapsed: 31:41, vertices: 3632, facets final: 3388, pending: 24464, pool: 100
I 1905.98] Elapsed: 31:46, vertices: 3636, facets final: 3414, pending: 24463, pool: 100
I 1911.22] Elapsed: 31:51, vertices: 3648, facets final: 3430, pending: 24387, pool: 100
I 1916.29] Elapsed: 31:56, vertices: 3652, facets final: 3453, pending: 24368, pool: 100
I 1921.36] Elapsed: 32:01, vertices: 3660, facets final: 3475, pending: 24313, pool: 100
I 1926.65] Elapsed: 32:07, vertices: 3664, facets final: 3497, pending: 24291, pool: 100
I 1931.77] Elapsed: 32:12, vertices: 3669, facets final: 3521, pending: 24246, pool: 100
I 1936.88] Elapsed: 32:17, vertices: 3676, facets final: 3544, pending: 24168, pool: 100
I 1941.92] Elapsed: 32:22, vertices: 3682, facets final: 3563, pending: 24188, pool: 99
I 1947.02] Elapsed: 32:27, vertices: 3689, facets final: 3585, pending: 24123, pool: 100
I 1952.14] Elapsed: 32:32, vertices: 3696, facets final: 3607, pending: 23998, pool: 100
I 1955.93] recalculating facets...
I 1957.14] Elapsed: 32:37, vertices: 3702, facets final: 3630, pending: 23932, pool: 100
I 1962.18] Elapsed: 32:42, vertices: 3706, facets final: 3655, pending: 23893, pool: 100
I 1967.20] Elapsed: 32:47, vertices: 3713, facets final: 3673, pending: 23834, pool: 100
I 1972.23] Elapsed: 32:52, vertices: 3719, facets final: 3694, pending: 23803, pool: 100
I 1977.42] Elapsed: 32:57, vertices: 3726, facets final: 3713, pending: 23745, pool: 100
I 1982.48] Elapsed: 33:02, vertices: 3732, facets final: 3734, pending: 23718, pool: 100
I 1987.54] Elapsed: 33:08, vertices: 3739, facets final: 3752, pending: 23713, pool: 100
I 1992.78] Elapsed: 33:13, vertices: 3746, facets final: 3768, pending: 23585, pool: 100
I 1998.01] Elapsed: 33:18, vertices: 3751, facets final: 3792, pending: 23559, pool: 100
I 2003.08] Elapsed: 33:23, vertices: 3757, facets final: 3816, pending: 23510, pool: 100
I 2008.25] Elapsed: 33:28, vertices: 3763, facets final: 3834, pending: 23488, pool: 100
I 2013.48] Elapsed: 33:33, vertices: 3771, facets final: 3855, pending: 23410, pool: 100
I 2018.51] Elapsed: 33:39, vertices: 3779, facets final: 3874, pending: 23374, pool: 100
I 2023.59] Elapsed: 33:44, vertices: 3784, facets final: 3902, pending: 23370, pool: 100
I 2028.73] Elapsed: 33:49, vertices: 3787, facets final: 3932, pending: 23329, pool: 100
I 2033.79] Elapsed: 33:54, vertices: 3791, facets final: 3957, pending: 23272, pool: 100
I 2038.79] Elapsed: 33:59, vertices: 3794, facets final: 3982, pending: 23230, pool: 100
I 2043.80] Elapsed: 34:04, vertices: 3799, facets final: 4008, pending: 23199, pool: 98
I 2045.02] recalculating facets...
I 2048.97] Elapsed: 34:09, vertices: 3804, facets final: 4028, pending: 23171, pool: 100
I 2054.14] Elapsed: 34:14, vertices: 3808, facets final: 4054, pending: 23121, pool: 100
I 2059.19] Elapsed: 34:19, vertices: 3816, facets final: 4069, pending: 23056, pool: 100
I 2064.26] Elapsed: 34:24, vertices: 3822, facets final: 4089, pending: 23012, pool: 100
I 2069.37] Elapsed: 34:29, vertices: 3827, facets final: 4116, pending: 22950, pool: 100
I 2074.39] Elapsed: 34:34, vertices: 3834, facets final: 4138, pending: 22926, pool: 100
I 2079.54] Elapsed: 34:40, vertices: 3837, facets final: 4166, pending: 22892, pool: 100
I 2084.68] Elapsed: 34:45, vertices: 3841, facets final: 4196, pending: 22854, pool: 100
I 2089.95] Elapsed: 34:50, vertices: 3847, facets final: 4219, pending: 22802, pool: 100
I 2095.11] Elapsed: 34:55, vertices: 3853, facets final: 4240, pending: 22763, pool: 100
I 2100.21] Elapsed: 35:00, vertices: 3859, facets final: 4265, pending: 22758, pool: 100
I 2105.36] Elapsed: 35:05, vertices: 3864, facets final: 4289, pending: 22712, pool: 100
I 2110.36] Elapsed: 35:10, vertices: 3869, facets final: 4311, pending: 22689, pool: 100
I 2115.50] Elapsed: 35:16, vertices: 3875, facets final: 4335, pending: 22674, pool: 100
I 2120.53] Elapsed: 35:21, vertices: 3878, facets final: 4366, pending: 22638, pool: 100
I 2125.72] Elapsed: 35:26, vertices: 3882, facets final: 4393, pending: 22602, pool: 100
I 2130.85] Elapsed: 35:31, vertices: 3891, facets final: 4412, pending: 22574, pool: 100
I 2136.05] Elapsed: 35:36, vertices: 3895, facets final: 4436, pending: 22531, pool: 100
I 2141.08] Elapsed: 35:41, vertices: 3900, facets final: 4461, pending: 22500, pool: 100
I 2142.55] recalculating facets...
I 2146.16] Elapsed: 35:46, vertices: 3902, facets final: 4491, pending: 22456, pool: 100
I 2151.20] Elapsed: 35:51, vertices: 3907, facets final: 4516, pending: 22412, pool: 100
I 2156.24] Elapsed: 35:56, vertices: 3913, facets final: 4541, pending: 22355, pool: 100
I 2161.32] Elapsed: 36:01, vertices: 3913, facets final: 4577, pending: 22319
I 2166.46] Elapsed: 36:06, vertices: 3917, facets final: 4606, pending: 22262, pool: 100
I 2171.50] Elapsed: 36:12, vertices: 3925, facets final: 4624, pending: 22206, pool: 100
I 2176.64] Elapsed: 36:17, vertices: 3930, facets final: 4652, pending: 22164, pool: 100
I 2181.84] Elapsed: 36:22, vertices: 3934, facets final: 4677, pending: 22102, pool: 100
I 2186.87] Elapsed: 36:27, vertices: 3938, facets final: 4707, pending: 22064, pool: 100
I 2191.87] Elapsed: 36:32, vertices: 3945, facets final: 4728, pending: 22013, pool: 100
I 2196.98] Elapsed: 36:37, vertices: 3948, facets final: 4756, pending: 21963, pool: 100
I 2201.98] Elapsed: 36:42, vertices: 3952, facets final: 4784, pending: 21934, pool: 99
I 2207.07] Elapsed: 36:47, vertices: 3959, facets final: 4807, pending: 21888, pool: 100
I 2212.10] Elapsed: 36:52, vertices: 3962, facets final: 4840, pending: 21835, pool: 100
I 2217.19] Elapsed: 36:57, vertices: 3965, facets final: 4867, pending: 21811, pool: 100
I 2222.22] Elapsed: 37:02, vertices: 3970, facets final: 4892, pending: 21761, pool: 100
I 2227.25] Elapsed: 37:07, vertices: 3977, facets final: 4910, pending: 21733, pool: 100
I 2232.33] Elapsed: 37:12, vertices: 3983, facets final: 4937, pending: 21677, pool: 100
I 2237.38] Elapsed: 37:17, vertices: 3987, facets final: 4964, pending: 21602, pool: 100
I 2242.43] Elapsed: 37:22, vertices: 3989, facets final: 4994, pending: 21572, pool: 100
I 2247.45] Elapsed: 37:27, vertices: 3994, facets final: 5025, pending: 21525, pool: 100
I 2252.48] Elapsed: 37:32, vertices: 4000, facets final: 5048, pending: 21473, pool: 100
I 2254.75] recalculating facets...
I 2257.53] Elapsed: 37:38, vertices: 4003, facets final: 5080, pending: 21421, pool: 99
I 2262.58] Elapsed: 37:43, vertices: 4009, facets final: 5100, pending: 21404, pool: 100
I 2267.80] Elapsed: 37:48, vertices: 4014, facets final: 5121, pending: 21337, pool: 100
I 2272.90] Elapsed: 37:53, vertices: 4016, facets final: 5148, pending: 21317, pool: 100
I 2277.98] Elapsed: 37:58, vertices: 4021, facets final: 5168, pending: 21283, pool: 100
I 2283.04] Elapsed: 38:03, vertices: 4026, facets final: 5192, pending: 21241, pool: 100
I 2288.08] Elapsed: 38:08, vertices: 4029, facets final: 5220, pending: 21219, pool: 100
I 2293.16] Elapsed: 38:13, vertices: 4037, facets final: 5237, pending: 21168, pool: 100
I 2298.33] Elapsed: 38:18, vertices: 4044, facets final: 5259, pending: 21124, pool: 98
I 2303.46] Elapsed: 38:23, vertices: 4048, facets final: 5285, pending: 21086, pool: 100
I 2308.56] Elapsed: 38:29, vertices: 4053, facets final: 5308, pending: 21085, pool: 100
I 2313.65] Elapsed: 38:34, vertices: 4055, facets final: 5338, pending: 21057, pool: 99
I 2318.73] Elapsed: 38:39, vertices: 4059, facets final: 5364, pending: 21063, pool: 100
I 2323.82] Elapsed: 38:44, vertices: 4062, facets final: 5400, pending: 21024, pool: 100
I 2328.94] Elapsed: 38:49, vertices: 4068, facets final: 5420, pending: 20966, pool: 100
I 2333.94] Elapsed: 38:54, vertices: 4072, facets final: 5447, pending: 20929, pool: 100
I 2339.05] Elapsed: 38:59, vertices: 4075, facets final: 5475, pending: 20890, pool: 100
I 2344.19] Elapsed: 39:04, vertices: 4076, facets final: 5511, pending: 20862, pool: 100
I 2349.38] Elapsed: 39:09, vertices: 4079, facets final: 5537, pending: 20800, pool: 100
I 2354.49] Elapsed: 39:14, vertices: 4084, facets final: 5565, pending: 20767, pool: 100
I 2359.59] Elapsed: 39:20, vertices: 4087, facets final: 5589, pending: 20738, pool: 100
I 2364.87] Elapsed: 39:25, vertices: 4088, facets final: 5625, pending: 20698, pool: 100
I 2369.90] Elapsed: 39:30, vertices: 4094, facets final: 5651, pending: 20622, pool: 100
I 2375.07] Elapsed: 39:35, vertices: 4097, facets final: 5683, pending: 20590, pool: 99
I 2378.34] recalculating facets...
I 2380.07] Elapsed: 39:40, vertices: 4102, facets final: 5709, pending: 20559, pool: 100
I 2385.15] Elapsed: 39:45, vertices: 4106, facets final: 5737, pending: 20526, pool: 100
I 2390.40] Elapsed: 39:50, vertices: 4108, facets final: 5763, pending: 20491, pool: 100
I 2395.42] Elapsed: 39:55, vertices: 4113, facets final: 5789, pending: 20468, pool: 100
I 2400.51] Elapsed: 40:01, vertices: 4114, facets final: 5824, pending: 20430, pool: 100
I 2405.79] Elapsed: 40:06, vertices: 4120, facets final: 5854, pending: 20377, pool: 99
I 2411.00] Elapsed: 40:11, vertices: 4126, facets final: 5875, pending: 20313, pool: 100
I 2416.12] Elapsed: 40:16, vertices: 4129, facets final: 5900, pending: 20287, pool: 100
I 2421.20] Elapsed: 40:21, vertices: 4133, facets final: 5929, pending: 20235, pool: 100
I 2426.30] Elapsed: 40:26, vertices: 4137, facets final: 5957, pending: 20193, pool: 100
I 2431.31] Elapsed: 40:31, vertices: 4140, facets final: 5985, pending: 20174, pool: 99
I 2436.41] Elapsed: 40:36, vertices: 4140, facets final: 6018, pending: 20141, pool: 100
I 2441.51] Elapsed: 40:42, vertices: 4144, facets final: 6045, pending: 20103, pool: 100
I 2446.57] Elapsed: 40:47, vertices: 4148, facets final: 6074, pending: 20045, pool: 100
I 2451.70] Elapsed: 40:52, vertices: 4152, facets final: 6101, pending: 20011, pool: 99
I 2456.80] Elapsed: 40:57, vertices: 4153, facets final: 6135, pending: 19977, pool: 100
I 2461.98] Elapsed: 41:02, vertices: 4157, facets final: 6162, pending: 19931, pool: 100
I 2467.25] Elapsed: 41:07, vertices: 4161, facets final: 6189, pending: 19881, pool: 100
I 2472.45] Elapsed: 41:12, vertices: 4164, facets final: 6221, pending: 19825, pool: 100
I 2477.45] Elapsed: 41:17, vertices: 4167, facets final: 6245, pending: 19793, pool: 99
I 2482.52] Elapsed: 41:23, vertices: 4171, facets final: 6271, pending: 19747, pool: 100
I 2487.66] Elapsed: 41:28, vertices: 4174, facets final: 6299, pending: 19729, pool: 99
I 2492.70] Elapsed: 41:33, vertices: 4175, facets final: 6333, pending: 19696, pool: 99
I 2497.75] Elapsed: 41:38, vertices: 4178, facets final: 6360, pending: 19660, pool: 100
I 2502.79] Elapsed: 41:43, vertices: 4183, facets final: 6384, pending: 19625, pool: 100
I 2507.81] Elapsed: 41:48, vertices: 4184, facets final: 6419, pending: 19590, pool: 99
I 2512.85] Elapsed: 41:53, vertices: 4189, facets final: 6445, pending: 19576, pool: 100
I 2517.87] Elapsed: 41:58, vertices: 4193, facets final: 6470, pending: 19542, pool: 100
I 2522.95] Elapsed: 42:03, vertices: 4197, facets final: 6496, pending: 19501, pool: 100
I 2527.96] Elapsed: 42:08, vertices: 4200, facets final: 6526, pending: 19451, pool: 100
I 2528.25] recalculating facets...
I 2533.00] Elapsed: 42:13, vertices: 4206, facets final: 6548, pending: 19406, pool: 100
I 2538.01] Elapsed: 42:18, vertices: 4209, facets final: 6581, pending: 19361, pool: 100
I 2543.04] Elapsed: 42:23, vertices: 4212, facets final: 6610, pending: 19326, pool: 99
I 2548.07] Elapsed: 42:28, vertices: 4216, facets final: 6634, pending: 19303, pool: 100
I 2553.12] Elapsed: 42:33, vertices: 4218, facets final: 6663, pending: 19264, pool: 100
I 2558.18] Elapsed: 42:38, vertices: 4222, facets final: 6685, pending: 19227, pool: 100
I 2563.22] Elapsed: 42:43, vertices: 4227, facets final: 6713, pending: 19210, pool: 100
I 2568.46] Elapsed: 42:48, vertices: 4232, facets final: 6736, pending: 19163, pool: 100
I 2573.59] Elapsed: 42:54, vertices: 4236, facets final: 6767, pending: 19133, pool: 100
I 2578.66] Elapsed: 42:59, vertices: 4240, facets final: 6794, pending: 19086, pool: 100
I 2583.66] Elapsed: 43:04, vertices: 4244, facets final: 6818, pending: 19039, pool: 99
I 2588.68] Elapsed: 43:09, vertices: 4248, facets final: 6844, pending: 18975, pool: 99
I 2593.73] Elapsed: 43:14, vertices: 4250, facets final: 6874, pending: 18944, pool: 100
I 2598.86] Elapsed: 43:19, vertices: 4253, facets final: 6907, pending: 18902, pool: 99
I 2603.95] Elapsed: 43:24, vertices: 4255, facets final: 6934, pending: 18874, pool: 99
I 2609.01] Elapsed: 43:29, vertices: 4258, facets final: 6963, pending: 18834, pool: 100
I 2614.16] Elapsed: 43:34, vertices: 4262, facets final: 6991, pending: 18766, pool: 100
I 2619.34] Elapsed: 43:39, vertices: 4264, facets final: 7025, pending: 18725, pool: 100
I 2624.43] Elapsed: 43:44, vertices: 4268, facets final: 7052, pending: 18686, pool: 99
I 2629.53] Elapsed: 43:50, vertices: 4269, facets final: 7079, pending: 18649, pool: 100
I 2634.57] Elapsed: 43:55, vertices: 4270, facets final: 7116, pending: 18609, pool: 99
I 2639.62] Elapsed: 44:00, vertices: 4274, facets final: 7141, pending: 18581, pool: 99
I 2644.68] Elapsed: 44:05, vertices: 4277, facets final: 7172, pending: 18528, pool: 99
I 2649.76] Elapsed: 44:10, vertices: 4279, facets final: 7200, pending: 18495, pool: 100
I 2654.86] Elapsed: 44:15, vertices: 4282, facets final: 7229, pending: 18466, pool: 99
I 2659.97] Elapsed: 44:20, vertices: 4283, facets final: 7261, pending: 18436, pool: 99
I 2664.98] Elapsed: 44:25, vertices: 4285, facets final: 7289, pending: 18397, pool: 100
I 2669.98] Elapsed: 44:30, vertices: 4291, facets final: 7316, pending: 18362, pool: 99
I 2674.98] Elapsed: 44:35, vertices: 4292, facets final: 7350, pending: 18325, pool: 99
I 2680.04] Elapsed: 44:40, vertices: 4297, facets final: 7381, pending: 18267, pool: 100
I 2685.08] Elapsed: 44:45, vertices: 4300, facets final: 7414, pending: 18229, pool: 99
I 2687.51] recalculating facets...
I 2690.21] Elapsed: 44:50, vertices: 4303, facets final: 7442, pending: 18197, pool: 99
I 2695.30] Elapsed: 44:55, vertices: 4306, facets final: 7472, pending: 18162, pool: 100
I 2700.39] Elapsed: 45:00, vertices: 4309, facets final: 7503, pending: 18116, pool: 99
I 2705.39] Elapsed: 45:05, vertices: 4314, facets final: 7528, pending: 18075, pool: 100
I 2710.41] Elapsed: 45:10, vertices: 4319, facets final: 7552, pending: 18031, pool: 100
I 2715.47] Elapsed: 45:15, vertices: 4323, facets final: 7583, pending: 17999, pool: 99
I 2720.54] Elapsed: 45:21, vertices: 4326, facets final: 7614, pending: 17945, pool: 99
I 2725.64] Elapsed: 45:26, vertices: 4328, facets final: 7646, pending: 17914, pool: 99
I 2730.72] Elapsed: 45:31, vertices: 4332, facets final: 7672, pending: 17873, pool: 100
I 2735.78] Elapsed: 45:36, vertices: 4336, facets final: 7700, pending: 17841, pool: 100
I 2740.81] Elapsed: 45:41, vertices: 4337, facets final: 7731, pending: 17804, pool: 100
I 2745.84] Elapsed: 45:46, vertices: 4342, facets final: 7759, pending: 17755, pool: 100
I 2750.87] Elapsed: 45:51, vertices: 4343, facets final: 7790, pending: 17722, pool: 100
I 2755.93] Elapsed: 45:56, vertices: 4347, facets final: 7817, pending: 17673, pool: 99
I 2760.93] Elapsed: 46:01, vertices: 4348, facets final: 7852, pending: 17636, pool: 98
I 2765.95] Elapsed: 46:06, vertices: 4349, facets final: 7887, pending: 17593, pool: 99
I 2771.01] Elapsed: 46:11, vertices: 4351, facets final: 7915, pending: 17550, pool: 100
I 2776.02] Elapsed: 46:16, vertices: 4356, facets final: 7939, pending: 17535, pool: 100
I 2781.16] Elapsed: 46:21, vertices: 4357, facets final: 7972, pending: 17505, pool: 100
I 2786.27] Elapsed: 46:26, vertices: 4362, facets final: 8002, pending: 17487, pool: 100
I 2791.37] Elapsed: 46:31, vertices: 4366, facets final: 8027, pending: 17438, pool: 100
I 2796.50] Elapsed: 46:37, vertices: 4372, facets final: 8049, pending: 17402, pool: 99
I 2801.59] Elapsed: 46:42, vertices: 4374, facets final: 8080, pending: 17355, pool: 99
I 2806.66] Elapsed: 46:47, vertices: 4378, facets final: 8109, pending: 17314, pool: 99
I 2811.78] Elapsed: 46:52, vertices: 4381, facets final: 8138, pending: 17286, pool: 99
I 2816.83] Elapsed: 46:57, vertices: 4384, facets final: 8170, pending: 17249, pool: 99
I 2821.85] Elapsed: 47:02, vertices: 4386, facets final: 8202, pending: 17211, pool: 99
I 2826.90] Elapsed: 47:07, vertices: 4388, facets final: 8230, pending: 17170, pool: 99
I 2832.01] Elapsed: 47:12, vertices: 4389, facets final: 8263, pending: 17135, pool: 98
I 2837.15] Elapsed: 47:17, vertices: 4391, facets final: 8295, pending: 17094, pool: 100
I 2842.32] Elapsed: 47:22, vertices: 4393, facets final: 8325, pending: 17070, pool: 99
I 2847.44] Elapsed: 47:27, vertices: 4395, facets final: 8359, pending: 17027, pool: 99
I 2852.53] Elapsed: 47:33, vertices: 4397, facets final: 8393, pending: 17000, pool: 100
I 2857.19] recalculating facets...
I 2857.53] Elapsed: 47:38, vertices: 4401, facets final: 8416, pending: 16977, pool: 100
I 2862.60] Elapsed: 47:43, vertices: 4404, facets final: 8446, pending: 16942, pool: 99
I 2867.64] Elapsed: 47:48, vertices: 4408, facets final: 8472, pending: 16900, pool: 99
I 2872.76] Elapsed: 47:53, vertices: 4410, facets final: 8506, pending: 16865, pool: 99
I 2877.88] Elapsed: 47:58, vertices: 4411, facets final: 8544, pending: 16825, pool: 99
I 2882.89] Elapsed: 48:03, vertices: 4414, facets final: 8576, pending: 16789, pool: 100
I 2887.96] Elapsed: 48:08, vertices: 4415, facets final: 8608, pending: 16757, pool: 99
I 2893.11] Elapsed: 48:13, vertices: 4415, facets final: 8643, pending: 16722
I 2898.13] Elapsed: 48:18, vertices: 4416, facets final: 8677, pending: 16686, pool: 99
I 2903.26] Elapsed: 48:23, vertices: 4417, facets final: 8709, pending: 16653, pool: 99
I 2908.32] Elapsed: 48:28, vertices: 4417, facets final: 8744, pending: 16618
I 2913.36] Elapsed: 48:33, vertices: 4420, facets final: 8771, pending: 16586, pool: 100
I 2918.38] Elapsed: 48:38, vertices: 4423, facets final: 8802, pending: 16554, pool: 100
I 2923.44] Elapsed: 48:43, vertices: 4425, facets final: 8832, pending: 16518, pool: 99
I 2928.44] Elapsed: 48:48, vertices: 4426, facets final: 8865, pending: 16487, pool: 100
I 2933.49] Elapsed: 48:53, vertices: 4430, facets final: 8889, pending: 16466, pool: 100
I 2938.51] Elapsed: 48:59, vertices: 4433, facets final: 8917, pending: 16434, pool: 99
I 2943.67] Elapsed: 49:04, vertices: 4435, facets final: 8943, pending: 16404, pool: 100
I 2948.83] Elapsed: 49:09, vertices: 4438, facets final: 8971, pending: 16357, pool: 100
I 2953.83] Elapsed: 49:14, vertices: 4443, facets final: 9001, pending: 16321, pool: 99
I 2958.90] Elapsed: 49:19, vertices: 4443, facets final: 9037, pending: 16285
I 2964.14] Elapsed: 49:24, vertices: 4446, facets final: 9065, pending: 16252, pool: 99
I 2969.24] Elapsed: 49:29, vertices: 4449, facets final: 9095, pending: 16208, pool: 99
I 2974.25] Elapsed: 49:34, vertices: 4449, facets final: 9134, pending: 16169
I 2979.27] Elapsed: 49:39, vertices: 4453, facets final: 9159, pending: 16127, pool: 99
I 2984.32] Elapsed: 49:44, vertices: 4454, facets final: 9194, pending: 16088, pool: 100
I 2989.38] Elapsed: 49:49, vertices: 4457, facets final: 9224, pending: 16051, pool: 100
I 2994.57] Elapsed: 49:55, vertices: 4459, facets final: 9257, pending: 16010, pool: 100
I 2999.66] Elapsed: 50:00, vertices: 4461, facets final: 9293, pending: 15969, pool: 100
I 3004.72] Elapsed: 50:05, vertices: 4464, facets final: 9326, pending: 15927, pool: 100
I 3009.73] Elapsed: 50:10, vertices: 4469, facets final: 9353, pending: 15882, pool: 99
I 3014.92] Elapsed: 50:15, vertices: 4470, facets final: 9385, pending: 15851, pool: 98
I 3019.96] Elapsed: 50:20, vertices: 4470, facets final: 9423, pending: 15813
I 3024.98] Elapsed: 50:25, vertices: 4473, facets final: 9456, pending: 15764, pool: 99
I 3029.99] Elapsed: 50:30, vertices: 4474, facets final: 9491, pending: 15732, pool: 100
I 3035.07] Elapsed: 50:35, vertices: 4477, facets final: 9523, pending: 15692, pool: 99
I 3040.10] Elapsed: 50:40, vertices: 4478, facets final: 9553, pending: 15658, pool: 99
I 3045.24] Elapsed: 50:45, vertices: 4479, facets final: 9586, pending: 15631
I 3050.28] Elapsed: 50:50, vertices: 4482, facets final: 9613, pending: 15596, pool: 100
I 3055.37] Elapsed: 50:55, vertices: 4482, facets final: 9648, pending: 15561
I 3060.40] Elapsed: 51:00, vertices: 4485, facets final: 9684, pending: 15521, pool: 99
I 3065.55] Elapsed: 51:06, vertices: 4486, facets final: 9717, pending: 15478, pool: 99
I 3070.67] Elapsed: 51:11, vertices: 4487, facets final: 9754, pending: 15438, pool: 99
I 3075.80] Elapsed: 51:16, vertices: 4488, facets final: 9783, pending: 15408, pool: 100
I 3080.88] Elapsed: 51:21, vertices: 4490, facets final: 9811, pending: 15388, pool: 100
I 3086.00] Elapsed: 51:26, vertices: 4494, facets final: 9839, pending: 15354, pool: 100
I 3091.15] Elapsed: 51:31, vertices: 4495, facets final: 9875, pending: 15321, pool: 99
I 3096.19] Elapsed: 51:36, vertices: 4497, facets final: 9905, pending: 15287, pool: 98
I 3101.19] Elapsed: 51:41, vertices: 4497, facets final: 9943, pending: 15249
I 3106.38] Elapsed: 51:46, vertices: 4500, facets final: 9968, pending: 15220, pool: 99
I 3109.55] recalculating facets...
I 3111.48] Elapsed: 51:51, vertices: 4502, facets final: 9999, pending: 15178, pool: 100
I 3116.60] Elapsed: 51:57, vertices: 4507, facets final: 10027, pending: 15136, pool: 100
I 3121.65] Elapsed: 52:02, vertices: 4508, facets final: 10058, pending: 15105, pool: 100
I 3126.74] Elapsed: 52:07, vertices: 4510, facets final: 10095, pending: 15061, pool: 99
I 3131.85] Elapsed: 52:12, vertices: 4513, facets final: 10123, pending: 15010, pool: 100
I 3137.00] Elapsed: 52:17, vertices: 4516, facets final: 10153, pending: 14979, pool: 99
I 3142.07] Elapsed: 52:22, vertices: 4519, facets final: 10181, pending: 14951, pool: 99
I 3147.13] Elapsed: 52:27, vertices: 4520, facets final: 10215, pending: 14917, pool: 99
I 3152.17] Elapsed: 52:32, vertices: 4521, facets final: 10251, pending: 14880, pool: 99
I 3157.21] Elapsed: 52:37, vertices: 4522, facets final: 10284, pending: 14841, pool: 99
I 3162.26] Elapsed: 52:42, vertices: 4526, facets final: 10308, pending: 14804, pool: 98
I 3167.35] Elapsed: 52:47, vertices: 4527, facets final: 10337, pending: 14773, pool: 98
I 3172.40] Elapsed: 52:52, vertices: 4529, facets final: 10374, pending: 14732, pool: 98
I 3177.45] Elapsed: 52:57, vertices: 4529, facets final: 10412, pending: 14694
I 3182.57] Elapsed: 53:03, vertices: 4529, facets final: 10444, pending: 14662
I 3187.68] Elapsed: 53:08, vertices: 4534, facets final: 10469, pending: 14631, pool: 100
I 3192.74] Elapsed: 53:13, vertices: 4536, facets final: 10503, pending: 14594, pool: 100
I 3197.78] Elapsed: 53:18, vertices: 4537, facets final: 10540, pending: 14559, pool: 99
I 3202.82] Elapsed: 53:23, vertices: 4540, facets final: 10568, pending: 14537, pool: 100
I 3207.96] Elapsed: 53:28, vertices: 4544, facets final: 10596, pending: 14503, pool: 100
I 3213.03] Elapsed: 53:33, vertices: 4546, facets final: 10629, pending: 14466, pool: 99
I 3218.19] Elapsed: 53:38, vertices: 4546, facets final: 10667, pending: 14428
I 3223.30] Elapsed: 53:43, vertices: 4548, facets final: 10700, pending: 14402, pool: 99
I 3228.34] Elapsed: 53:48, vertices: 4548, facets final: 10737, pending: 14365
I 3233.40] Elapsed: 53:53, vertices: 4550, facets final: 10773, pending: 14325, pool: 99
I 3238.52] Elapsed: 53:59, vertices: 4551, facets final: 10809, pending: 14287, pool: 100
I 3243.54] Elapsed: 54:04, vertices: 4552, facets final: 10840, pending: 14252, pool: 99
I 3248.68] Elapsed: 54:09, vertices: 4554, facets final: 10874, pending: 14216, pool: 99
I 3253.79] Elapsed: 54:14, vertices: 4555, facets final: 10906, pending: 14190, pool: 100
I 3258.80] Elapsed: 54:19, vertices: 4556, facets final: 10944, pending: 14150, pool: 99
I 3264.04] Elapsed: 54:24, vertices: 4557, facets final: 10976, pending: 14114, pool: 99
I 3269.14] Elapsed: 54:29, vertices: 4559, facets final: 11006, pending: 14076, pool: 99
I 3274.25] Elapsed: 54:34, vertices: 4560, facets final: 11036, pending: 14044, pool: 99
I 3279.36] Elapsed: 54:39, vertices: 4562, facets final: 11070, pending: 14005, pool: 98
I 3284.36] Elapsed: 54:44, vertices: 4563, facets final: 11101, pending: 13972, pool: 98
I 3289.37] Elapsed: 54:49, vertices: 4563, facets final: 11137, pending: 13936
I 3294.46] Elapsed: 54:54, vertices: 4564, facets final: 11171, pending: 13903, pool: 98
I 3299.53] Elapsed: 55:00, vertices: 4565, facets final: 11204, pending: 13870, pool: 98
I 3304.63] Elapsed: 55:05, vertices: 4566, facets final: 11237, pending: 13829, pool: 99
I 3309.71] Elapsed: 55:10, vertices: 4567, facets final: 11275, pending: 13789, pool: 98
I 3314.81] Elapsed: 55:15, vertices: 4568, facets final: 11307, pending: 13753, pool: 98
I 3319.91] Elapsed: 55:20, vertices: 4569, facets final: 11340, pending: 13720, pool: 98
I 3325.07] Elapsed: 55:25, vertices: 4569, facets final: 11374, pending: 13686
I 3330.12] Elapsed: 55:30, vertices: 4571, facets final: 11401, pending: 13660, pool: 98
I 3335.23] Elapsed: 55:35, vertices: 4573, facets final: 11433, pending: 13620, pool: 99
I 3340.29] Elapsed: 55:40, vertices: 4573, facets final: 11466, pending: 13587
I 3345.31] Elapsed: 55:45, vertices: 4576, facets final: 11498, pending: 13554, pool: 100
I 3350.44] Elapsed: 55:50, vertices: 4580, facets final: 11531, pending: 13512, pool: 100
I 3355.56] Elapsed: 55:56, vertices: 4582, facets final: 11563, pending: 13482, pool: 100
I 3360.65] Elapsed: 56:01, vertices: 4585, facets final: 11595, pending: 13444, pool: 98
I 3365.66] Elapsed: 56:06, vertices: 4586, facets final: 11629, pending: 13406, pool: 98
I 3370.67] Elapsed: 56:11, vertices: 4586, facets final: 11664, pending: 13371
I 3375.76] Elapsed: 56:16, vertices: 4588, facets final: 11697, pending: 13337, pool: 97
I 3380.81] Elapsed: 56:21, vertices: 4590, facets final: 11730, pending: 13301, pool: 98
I 3385.86] Elapsed: 56:26, vertices: 4591, facets final: 11761, pending: 13268, pool: 97
I 3391.07] Elapsed: 56:31, vertices: 4592, facets final: 11794, pending: 13230, pool: 97
I 3396.10] Elapsed: 56:36, vertices: 4592, facets final: 11833, pending: 13191
I 3401.10] Elapsed: 56:41, vertices: 4593, facets final: 11867, pending: 13155, pool: 97
I 3406.12] Elapsed: 56:46, vertices: 4595, facets final: 11897, pending: 13121, pool: 95
I 3411.13] Elapsed: 56:51, vertices: 4596, facets final: 11932, pending: 13084, pool: 94
I 3416.14] Elapsed: 56:56, vertices: 4596, facets final: 11966, pending: 13050
I 3421.17] Elapsed: 57:01, vertices: 4596, facets final: 12001, pending: 13015
I 3426.28] Elapsed: 57:06, vertices: 4596, facets final: 12033, pending: 12983
I 3431.30] Elapsed: 57:11, vertices: 4597, facets final: 12067, pending: 12943, pool: 96
I 3436.35] Elapsed: 57:16, vertices: 4597, facets final: 12106, pending: 12904
I 3441.39] Elapsed: 57:21, vertices: 4600, facets final: 12131, pending: 12871, pool: 98
I 3445.68] recalculating facets...
I 3446.55] Elapsed: 57:27, vertices: 4601, facets final: 12165, pending: 12833, pool: 98
I 3451.64] Elapsed: 57:32, vertices: 4603, facets final: 12198, pending: 12794, pool: 99
I 3456.69] Elapsed: 57:37, vertices: 4603, facets final: 12234, pending: 12758
I 3461.73] Elapsed: 57:42, vertices: 4604, facets final: 12266, pending: 12724, pool: 98
I 3466.79] Elapsed: 57:47, vertices: 4604, facets final: 12302, pending: 12688
I 3471.93] Elapsed: 57:52, vertices: 4606, facets final: 12332, pending: 12659, pool: 96
I 3476.95] Elapsed: 57:57, vertices: 4607, facets final: 12374, pending: 12613, pool: 98
I 3482.12] Elapsed: 58:02, vertices: 4609, facets final: 12406, pending: 12584, pool: 97
I 3487.24] Elapsed: 58:07, vertices: 4609, facets final: 12442, pending: 12548
I 3492.29] Elapsed: 58:12, vertices: 4610, facets final: 12477, pending: 12505, pool: 99
I 3497.46] Elapsed: 58:17, vertices: 4610, facets final: 12511, pending: 12471
I 3502.53] Elapsed: 58:23, vertices: 4613, facets final: 12537, pending: 12441, pool: 97
I 3507.62] Elapsed: 58:28, vertices: 4614, facets final: 12568, pending: 12406, pool: 99
I 3512.78] Elapsed: 58:33, vertices: 4616, facets final: 12606, pending: 12358, pool: 100
I 3517.82] Elapsed: 58:38, vertices: 4618, facets final: 12639, pending: 12320, pool: 99
I 3522.90] Elapsed: 58:43, vertices: 4620, facets final: 12672, pending: 12284, pool: 97
I 3527.99] Elapsed: 58:48, vertices: 4620, facets final: 12708, pending: 12248
I 3533.01] Elapsed: 58:53, vertices: 4621, facets final: 12745, pending: 12211, pool: 97
I 3538.08] Elapsed: 58:58, vertices: 4622, facets final: 12782, pending: 12171, pool: 97
I 3543.14] Elapsed: 59:03, vertices: 4623, facets final: 12815, pending: 12136, pool: 96
I 3548.27] Elapsed: 59:08, vertices: 4623, facets final: 12851, pending: 12100
I 3553.41] Elapsed: 59:13, vertices: 4625, facets final: 12883, pending: 12055, pool: 98
I 3558.59] Elapsed: 59:19, vertices: 4626, facets final: 12917, pending: 12021, pool: 97
I 3563.70] Elapsed: 59:24, vertices: 4627, facets final: 12952, pending: 11983, pool: 98
I 3568.72] Elapsed: 59:29, vertices: 4628, facets final: 12983, pending: 11949, pool: 97
I 3573.79] Elapsed: 59:34, vertices: 4629, facets final: 13014, pending: 11920, pool: 97
I 3578.94] Elapsed: 59:39, vertices: 4630, facets final: 13045, pending: 11887, pool: 99
I 3584.07] Elapsed: 59:44, vertices: 4631, facets final: 13079, pending: 11848, pool: 98
I 3589.07] Elapsed: 59:49, vertices: 4633, facets final: 13110, pending: 11814, pool: 98
I 3594.19] Elapsed: 59:54, vertices: 4633, facets final: 13146, pending: 11778
I 3599.26] Elapsed: 59:59, vertices: 4634, facets final: 13181, pending: 11739, pool: 98
I 3604.30] Elapsed: 1:00:04, vertices: 4636, facets final: 13213, pending: 11703, pool: 98
I 3609.31] Elapsed: 1:00:09, vertices: 4638, facets final: 13243, pending: 11669, pool: 97
I 3614.51] Elapsed: 1:00:15, vertices: 4638, facets final: 13279, pending: 11633
I 3619.51] Elapsed: 1:00:20, vertices: 4640, facets final: 13312, pending: 11594, pool: 96
I 3624.70] Elapsed: 1:00:25, vertices: 4640, facets final: 13347, pending: 11559
I 3629.80] Elapsed: 1:00:30, vertices: 4641, facets final: 13381, pending: 11519, pool: 98
I 3634.92] Elapsed: 1:00:35, vertices: 4641, facets final: 13418, pending: 11482
I 3640.03] Elapsed: 1:00:40, vertices: 4642, facets final: 13452, pending: 11449, pool: 97
I 3645.07] Elapsed: 1:00:45, vertices: 4643, facets final: 13485, pending: 11416, pool: 96
I 3650.22] Elapsed: 1:00:50, vertices: 4643, facets final: 13518, pending: 11383
I 3655.23] Elapsed: 1:00:55, vertices: 4644, facets final: 13555, pending: 11340, pool: 97
I 3660.24] Elapsed: 1:01:00, vertices: 4646, facets final: 13589, pending: 11299, pool: 99
I 3665.25] Elapsed: 1:01:05, vertices: 4647, facets final: 13626, pending: 11259, pool: 98
I 3670.35] Elapsed: 1:01:10, vertices: 4647, facets final: 13662, pending: 11223
I 3675.44] Elapsed: 1:01:15, vertices: 4649, facets final: 13691, pending: 11201, pool: 98
I 3680.45] Elapsed: 1:01:20, vertices: 4650, facets final: 13723, pending: 11167, pool: 97
I 3685.53] Elapsed: 1:01:26, vertices: 4651, facets final: 13755, pending: 11132, pool: 97
I 3690.59] Elapsed: 1:01:31, vertices: 4653, facets final: 13788, pending: 11095, pool: 97
I 3695.60] Elapsed: 1:01:36, vertices: 4653, facets final: 13823, pending: 11060
I 3700.67] Elapsed: 1:01:41, vertices: 4655, facets final: 13852, pending: 11027, pool: 97
I 3705.76] Elapsed: 1:01:46, vertices: 4657, facets final: 13888, pending: 10987, pool: 96
I 3710.80] Elapsed: 1:01:51, vertices: 4658, facets final: 13922, pending: 10948, pool: 96
I 3715.93] Elapsed: 1:01:56, vertices: 4659, facets final: 13953, pending: 10913, pool: 96
I 3721.16] Elapsed: 1:02:01, vertices: 4659, facets final: 13987, pending: 10879
I 3726.26] Elapsed: 1:02:06, vertices: 4660, facets final: 14017, pending: 10841, pool: 97
I 3731.43] Elapsed: 1:02:11, vertices: 4661, facets final: 14053, pending: 10803, pool: 97
I 3736.54] Elapsed: 1:02:17, vertices: 4662, facets final: 14086, pending: 10778, pool: 97
I 3741.55] Elapsed: 1:02:22, vertices: 4663, facets final: 14122, pending: 10742, pool: 97
I 3746.61] Elapsed: 1:02:27, vertices: 4666, facets final: 14152, pending: 10734, pool: 95
I 3751.71] Elapsed: 1:02:32, vertices: 4667, facets final: 14187, pending: 10695, pool: 96
I 3756.80] Elapsed: 1:02:37, vertices: 4667, facets final: 14224, pending: 10658
I 3761.84] Elapsed: 1:02:42, vertices: 4668, facets final: 14257, pending: 10623, pool: 96
I 3766.87] Elapsed: 1:02:47, vertices: 4669, facets final: 14293, pending: 10584, pool: 97
I 3771.92] Elapsed: 1:02:52, vertices: 4670, facets final: 14324, pending: 10553, pool: 96
I 3776.99] Elapsed: 1:02:57, vertices: 4671, facets final: 14356, pending: 10518, pool: 98
I 3782.00] Elapsed: 1:03:02, vertices: 4672, facets final: 14388, pending: 10483, pool: 98
I 3787.08] Elapsed: 1:03:07, vertices: 4673, facets final: 14419, pending: 10449, pool: 98
I 3792.16] Elapsed: 1:03:12, vertices: 4675, facets final: 14453, pending: 10411, pool: 97
I 3797.21] Elapsed: 1:03:17, vertices: 4677, facets final: 14485, pending: 10379, pool: 98
I 3802.24] Elapsed: 1:03:22, vertices: 4678, facets final: 14515, pending: 10348, pool: 99
I 3807.31] Elapsed: 1:03:27, vertices: 4680, facets final: 14546, pending: 10315, pool: 97
I 3812.43] Elapsed: 1:03:32, vertices: 4681, facets final: 14580, pending: 10278, pool: 98
I 3817.46] Elapsed: 1:03:37, vertices: 4683, facets final: 14616, pending: 10235, pool: 97
I 3822.58] Elapsed: 1:03:43, vertices: 4683, facets final: 14650, pending: 10201
I 3827.58] Elapsed: 1:03:48, vertices: 4685, facets final: 14680, pending: 10166, pool: 99
I 3832.66] Elapsed: 1:03:53, vertices: 4687, facets final: 14707, pending: 10149, pool: 99
I 3837.81] Elapsed: 1:03:58, vertices: 4688, facets final: 14743, pending: 10111, pool: 98
I 3842.87] Elapsed: 1:04:03, vertices: 4690, facets final: 14774, pending: 10085, pool: 98
I 3848.04] Elapsed: 1:04:08, vertices: 4691, facets final: 14809, pending: 10053, pool: 98
I 3853.17] Elapsed: 1:04:13, vertices: 4694, facets final: 14841, pending: 10016, pool: 98
I 3858.21] Elapsed: 1:04:18, vertices: 4696, facets final: 14875, pending: 9979, pool: 96
I 3863.21] Elapsed: 1:04:23, vertices: 4696, facets final: 14911, pending: 9943
I 3868.21] Elapsed: 1:04:28, vertices: 4697, facets final: 14943, pending: 9916, pool: 97
I 3873.26] Elapsed: 1:04:33, vertices: 4697, facets final: 14979, pending: 9880
I 3878.30] Elapsed: 1:04:38, vertices: 4697, facets final: 15019, pending: 9840
I 3883.37] Elapsed: 1:04:43, vertices: 4698, facets final: 15056, pending: 9805, pool: 96
I 3888.42] Elapsed: 1:04:48, vertices: 4699, facets final: 15091, pending: 9768, pool: 95
I 3893.54] Elapsed: 1:04:54, vertices: 4699, facets final: 15125, pending: 9734
I 3898.65] Elapsed: 1:04:59, vertices: 4700, facets final: 15164, pending: 9693, pool: 95
I 3903.68] Elapsed: 1:05:04, vertices: 4700, facets final: 15200, pending: 9657
I 3905.18] recalculating facets...
I 3908.68] Elapsed: 1:05:09, vertices: 4701, facets final: 15231, pending: 9636, pool: 95
I 3913.77] Elapsed: 1:05:14, vertices: 4701, facets final: 15267, pending: 9600
I 3919.10] Elapsed: 1:05:19, vertices: 4704, facets final: 15299, pending: 9561, pool: 94
I 3924.11] Elapsed: 1:05:24, vertices: 4705, facets final: 15329, pending: 9529
I 3929.13] Elapsed: 1:05:29, vertices: 4706, facets final: 15360, pending: 9499, pool: 96
I 3934.19] Elapsed: 1:05:34, vertices: 4708, facets final: 15390, pending: 9458, pool: 97
I 3939.35] Elapsed: 1:05:39, vertices: 4709, facets final: 15424, pending: 9421, pool: 97
I 3944.41] Elapsed: 1:05:44, vertices: 4710, facets final: 15458, pending: 9384, pool: 98
I 3949.51] Elapsed: 1:05:50, vertices: 4710, facets final: 15498, pending: 9344
I 3954.56] Elapsed: 1:05:55, vertices: 4711, facets final: 15533, pending: 9310, pool: 97
I 3959.70] Elapsed: 1:06:00, vertices: 4711, facets final: 15568, pending: 9275
I 3964.75] Elapsed: 1:06:05, vertices: 4712, facets final: 15600, pending: 9240, pool: 96
I 3969.83] Elapsed: 1:06:10, vertices: 4712, facets final: 15634, pending: 9206
I 3974.86] Elapsed: 1:06:15, vertices: 4712, facets final: 15666, pending: 9174
I 3980.07] Elapsed: 1:06:20, vertices: 4712, facets final: 15704, pending: 9136
I 3985.29] Elapsed: 1:06:25, vertices: 4713, facets final: 15735, pending: 9096, pool: 97
I 3990.43] Elapsed: 1:06:30, vertices: 4714, facets final: 15768, pending: 9056, pool: 100
I 3995.45] Elapsed: 1:06:35, vertices: 4715, facets final: 15803, pending: 9016, pool: 99
I 4000.48] Elapsed: 1:06:40, vertices: 4715, facets final: 15838, pending: 8981
I 4005.52] Elapsed: 1:06:46, vertices: 4717, facets final: 15870, pending: 8940, pool: 98
I 4010.64] Elapsed: 1:06:51, vertices: 4717, facets final: 15906, pending: 8904
I 4015.70] Elapsed: 1:06:56, vertices: 4720, facets final: 15943, pending: 8860, pool: 99
I 4020.75] Elapsed: 1:07:01, vertices: 4721, facets final: 15977, pending: 8824, pool: 98
I 4025.85] Elapsed: 1:07:06, vertices: 4722, facets final: 16011, pending: 8784, pool: 98
I 4030.94] Elapsed: 1:07:11, vertices: 4722, facets final: 16045, pending: 8750
I 4035.97] Elapsed: 1:07:16, vertices: 4723, facets final: 16081, pending: 8715, pool: 98
I 4041.05] Elapsed: 1:07:21, vertices: 4723, facets final: 16118, pending: 8678
I 4046.11] Elapsed: 1:07:26, vertices: 4723, facets final: 16157, pending: 8639
I 4051.14] Elapsed: 1:07:31, vertices: 4724, facets final: 16195, pending: 8611, pool: 98
I 4056.23] Elapsed: 1:07:36, vertices: 4724, facets final: 16233, pending: 8573
I 4061.35] Elapsed: 1:07:41, vertices: 4724, facets final: 16272, pending: 8534
I 4066.52] Elapsed: 1:07:47, vertices: 4725, facets final: 16309, pending: 8495, pool: 98
I 4071.62] Elapsed: 1:07:52, vertices: 4725, facets final: 16345, pending: 8459
I 4076.76] Elapsed: 1:07:57, vertices: 4725, facets final: 16384, pending: 8420
I 4081.77] Elapsed: 1:08:02, vertices: 4726, facets final: 16415, pending: 8389, pool: 99
I 4086.77] Elapsed: 1:08:07, vertices: 4726, facets final: 16450, pending: 8354
I 4091.78] Elapsed: 1:08:12, vertices: 4728, facets final: 16482, pending: 8319, pool: 98
I 4096.84] Elapsed: 1:08:17, vertices: 4728, facets final: 16515, pending: 8286
I 4101.92] Elapsed: 1:08:22, vertices: 4731, facets final: 16545, pending: 8257, pool: 99
I 4107.00] Elapsed: 1:08:27, vertices: 4733, facets final: 16579, pending: 8223, pool: 100
I 4112.00] Elapsed: 1:08:32, vertices: 4734, facets final: 16615, pending: 8183, pool: 99
I 4117.00] Elapsed: 1:08:37, vertices: 4738, facets final: 16644, pending: 8142, pool: 99
I 4122.01] Elapsed: 1:08:42, vertices: 4740, facets final: 16679, pending: 8112, pool: 99
I 4127.04] Elapsed: 1:08:47, vertices: 4740, facets final: 16714, pending: 8077
I 4132.13] Elapsed: 1:08:52, vertices: 4743, facets final: 16751, pending: 8035, pool: 99
I 4137.14] Elapsed: 1:08:57, vertices: 4745, facets final: 16783, pending: 8000, pool: 98
I 4142.19] Elapsed: 1:09:02, vertices: 4745, facets final: 16820, pending: 7963
I 4147.22] Elapsed: 1:09:07, vertices: 4747, facets final: 16854, pending: 7936, pool: 99
I 4152.37] Elapsed: 1:09:12, vertices: 4749, facets final: 16888, pending: 7900, pool: 97
I 4157.42] Elapsed: 1:09:17, vertices: 4750, facets final: 16917, pending: 7869, pool: 99
I 4162.44] Elapsed: 1:09:22, vertices: 4751, facets final: 16951, pending: 7833, pool: 98
I 4167.50] Elapsed: 1:09:28, vertices: 4751, facets final: 16987, pending: 7797
I 4172.56] Elapsed: 1:09:33, vertices: 4753, facets final: 17021, pending: 7760, pool: 98
I 4177.59] Elapsed: 1:09:38, vertices: 4753, facets final: 17059, pending: 7722
I 4182.61] Elapsed: 1:09:43, vertices: 4756, facets final: 17093, pending: 7679, pool: 99
I 4187.68] Elapsed: 1:09:48, vertices: 4758, facets final: 17125, pending: 7639, pool: 99
I 4192.79] Elapsed: 1:09:53, vertices: 4759, facets final: 17160, pending: 7601, pool: 99
I 4197.86] Elapsed: 1:09:58, vertices: 4759, facets final: 17198, pending: 7563
I 4202.96] Elapsed: 1:10:03, vertices: 4760, facets final: 17234, pending: 7522, pool: 99
I 4207.97] Elapsed: 1:10:08, vertices: 4760, facets final: 17269, pending: 7487
I 4213.08] Elapsed: 1:10:13, vertices: 4762, facets final: 17299, pending: 7439, pool: 100
I 4218.08] Elapsed: 1:10:18, vertices: 4762, facets final: 17333, pending: 7405, pool: 100
I 4223.08] Elapsed: 1:10:23, vertices: 4765, facets final: 17365, pending: 7364, pool: 99
I 4228.09] Elapsed: 1:10:28, vertices: 4765, facets final: 17401, pending: 7328
I 4233.09] Elapsed: 1:10:33, vertices: 4766, facets final: 17434, pending: 7291, pool: 100
I 4238.19] Elapsed: 1:10:38, vertices: 4768, facets final: 17469, pending: 7249, pool: 100
I 4243.30] Elapsed: 1:10:43, vertices: 4771, facets final: 17506, pending: 7200, pool: 98
I 4248.33] Elapsed: 1:10:48, vertices: 4771, facets final: 17540, pending: 7166
I 4253.36] Elapsed: 1:10:53, vertices: 4771, facets final: 17577, pending: 7129
I 4258.57] Elapsed: 1:10:59, vertices: 4772, facets final: 17612, pending: 7090, pool: 99
I 4263.69] Elapsed: 1:11:04, vertices: 4772, facets final: 17645, pending: 7057
I 4268.76] Elapsed: 1:11:09, vertices: 4773, facets final: 17678, pending: 7023, pool: 98
I 4273.82] Elapsed: 1:11:14, vertices: 4774, facets final: 17713, pending: 6991, pool: 99
I 4278.84] Elapsed: 1:11:19, vertices: 4775, facets final: 17749, pending: 6954, pool: 100
I 4283.96] Elapsed: 1:11:24, vertices: 4777, facets final: 17778, pending: 6924, pool: 99
I 4289.03] Elapsed: 1:11:29, vertices: 4777, facets final: 17809, pending: 6893
I 4294.04] Elapsed: 1:11:34, vertices: 4778, facets final: 17847, pending: 6853, pool: 98
I 4299.06] Elapsed: 1:11:39, vertices: 4778, facets final: 17885, pending: 6815
I 4304.15] Elapsed: 1:11:44, vertices: 4779, facets final: 17918, pending: 6784, pool: 98
I 4309.15] Elapsed: 1:11:49, vertices: 4780, facets final: 17951, pending: 6755
I 4314.26] Elapsed: 1:11:54, vertices: 4781, facets final: 17989, pending: 6714, pool: 99
I 4319.34] Elapsed: 1:11:59, vertices: 4782, facets final: 18027, pending: 6672, pool: 99
I 4324.35] Elapsed: 1:12:04, vertices: 4783, facets final: 18062, pending: 6635, pool: 98
I 4329.51] Elapsed: 1:12:10, vertices: 4783, facets final: 18097, pending: 6600
I 4334.53] Elapsed: 1:12:15, vertices: 4785, facets final: 18129, pending: 6561, pool: 98
I 4339.61] Elapsed: 1:12:20, vertices: 4785, facets final: 18165, pending: 6525
I 4344.64] Elapsed: 1:12:25, vertices: 4786, facets final: 18195, pending: 6495, pool: 97
I 4349.71] Elapsed: 1:12:30, vertices: 4787, facets final: 18231, pending: 6449, pool: 98
I 4354.76] Elapsed: 1:12:35, vertices: 4788, facets final: 18265, pending: 6416, pool: 98
I 4359.84] Elapsed: 1:12:40, vertices: 4789, facets final: 18299, pending: 6379, pool: 97
I 4364.87] Elapsed: 1:12:45, vertices: 4789, facets final: 18338, pending: 6340
I 4369.92] Elapsed: 1:12:50, vertices: 4789, facets final: 18376, pending: 6302
I 4374.95] Elapsed: 1:12:55, vertices: 4790, facets final: 18413, pending: 6270, pool: 99
I 4380.08] Elapsed: 1:13:00, vertices: 4792, facets final: 18450, pending: 6226, pool: 99
I 4385.19] Elapsed: 1:13:05, vertices: 4793, facets final: 18483, pending: 6190, pool: 98
I 4390.25] Elapsed: 1:13:10, vertices: 4794, facets final: 18516, pending: 6155, pool: 98
I 4395.26] Elapsed: 1:13:15, vertices: 4794, facets final: 18548, pending: 6123
I 4400.29] Elapsed: 1:13:20, vertices: 4794, facets final: 18587, pending: 6084
I 4405.36] Elapsed: 1:13:25, vertices: 4794, facets final: 18621, pending: 6050
I 4410.42] Elapsed: 1:13:30, vertices: 4796, facets final: 18653, pending: 6021, pool: 99
I 4415.42] Elapsed: 1:13:35, vertices: 4796, facets final: 18689, pending: 5985
I 4420.44] Elapsed: 1:13:40, vertices: 4798, facets final: 18719, pending: 5957, pool: 98
I 4425.44] Elapsed: 1:13:45, vertices: 4798, facets final: 18753, pending: 5923
I 4430.48] Elapsed: 1:13:50, vertices: 4799, facets final: 18788, pending: 5884, pool: 98
I 4435.57] Elapsed: 1:13:56, vertices: 4799, facets final: 18823, pending: 5849
I 4440.71] Elapsed: 1:14:01, vertices: 4800, facets final: 18860, pending: 5810, pool: 98
I 4445.81] Elapsed: 1:14:06, vertices: 4800, facets final: 18896, pending: 5774
I 4446.69] recalculating facets...
I 4450.87] Elapsed: 1:14:11, vertices: 4801, facets final: 18929, pending: 5739, pool: 98
I 4455.89] Elapsed: 1:14:16, vertices: 4804, facets final: 18961, pending: 5701, pool: 100
I 4460.89] Elapsed: 1:14:21, vertices: 4805, facets final: 18998, pending: 5655, pool: 100
I 4465.92] Elapsed: 1:14:26, vertices: 4807, facets final: 19028, pending: 5657, pool: 98
I 4470.97] Elapsed: 1:14:31, vertices: 4807, facets final: 19062, pending: 5623
I 4475.97] Elapsed: 1:14:36, vertices: 4808, facets final: 19100, pending: 5583, pool: 98
I 4481.12] Elapsed: 1:14:41, vertices: 4809, facets final: 19136, pending: 5547, pool: 97
I 4486.26] Elapsed: 1:14:46, vertices: 4810, facets final: 19169, pending: 5512, pool: 96
I 4491.35] Elapsed: 1:14:51, vertices: 4810, facets final: 19203, pending: 5478
I 4496.35] Elapsed: 1:14:56, vertices: 4810, facets final: 19237, pending: 5444
I 4501.41] Elapsed: 1:15:01, vertices: 4810, facets final: 19273, pending: 5408
I 4506.52] Elapsed: 1:15:07, vertices: 4811, facets final: 19306, pending: 5377, pool: 97
I 4511.54] Elapsed: 1:15:12, vertices: 4812, facets final: 19336, pending: 5345, pool: 96
I 4516.55] Elapsed: 1:15:17, vertices: 4813, facets final: 19370, pending: 5311, pool: 97
I 4521.56] Elapsed: 1:15:22, vertices: 4814, facets final: 19403, pending: 5275, pool: 99
I 4526.61] Elapsed: 1:15:27, vertices: 4814, facets final: 19434, pending: 5244
I 4531.64] Elapsed: 1:15:32, vertices: 4815, facets final: 19471, pending: 5204, pool: 98
I 4536.67] Elapsed: 1:15:37, vertices: 4816, facets final: 19503, pending: 5170, pool: 97
I 4541.67] Elapsed: 1:15:42, vertices: 4818, facets final: 19537, pending: 5134, pool: 98
I 4546.73] Elapsed: 1:15:47, vertices: 4819, facets final: 19571, pending: 5096, pool: 100
I 4551.88] Elapsed: 1:15:52, vertices: 4822, facets final: 19610, pending: 5055, pool: 97
I 4556.94] Elapsed: 1:15:57, vertices: 4822, facets final: 19646, pending: 5019
I 4562.05] Elapsed: 1:16:02, vertices: 4822, facets final: 19683, pending: 4982
I 4567.06] Elapsed: 1:16:07, vertices: 4822, facets final: 19722, pending: 4943
I 4572.11] Elapsed: 1:16:12, vertices: 4822, facets final: 19758, pending: 4907
I 4577.18] Elapsed: 1:16:17, vertices: 4823, facets final: 19792, pending: 4871, pool: 97
I 4582.20] Elapsed: 1:16:22, vertices: 4823, facets final: 19829, pending: 4834
I 4587.30] Elapsed: 1:16:27, vertices: 4824, facets final: 19860, pending: 4801, pool: 96
I 4592.37] Elapsed: 1:16:32, vertices: 4824, facets final: 19899, pending: 4762
I 4597.43] Elapsed: 1:16:37, vertices: 4825, facets final: 19934, pending: 4725, pool: 96
I 4602.46] Elapsed: 1:16:42, vertices: 4825, facets final: 19968, pending: 4691
I 4607.58] Elapsed: 1:16:48, vertices: 4826, facets final: 20004, pending: 4654, pool: 95
I 4612.62] Elapsed: 1:16:53, vertices: 4826, facets final: 20040, pending: 4618
I 4617.78] Elapsed: 1:16:58, vertices: 4826, facets final: 20074, pending: 4584
I 4622.95] Elapsed: 1:17:03, vertices: 4827, facets final: 20108, pending: 4548, pool: 94
I 4628.27] Elapsed: 1:17:08, vertices: 4827, facets final: 20145, pending: 4511
I 4633.37] Elapsed: 1:17:13, vertices: 4828, facets final: 20181, pending: 4472, pool: 95
I 4638.46] Elapsed: 1:17:18, vertices: 4829, facets final: 20216, pending: 4433, pool: 95
I 4643.46] Elapsed: 1:17:23, vertices: 4829, facets final: 20253, pending: 4396
I 4648.46] Elapsed: 1:17:28, vertices: 4829, facets final: 20289, pending: 4360
I 4653.53] Elapsed: 1:17:34, vertices: 4830, facets final: 20321, pending: 4326, pool: 94
I 4658.56] Elapsed: 1:17:39, vertices: 4830, facets final: 20351, pending: 4296
I 4663.80] Elapsed: 1:17:44, vertices: 4831, facets final: 20385, pending: 4260, pool: 95
I 4668.94] Elapsed: 1:17:49, vertices: 4831, facets final: 20421, pending: 4224
I 4674.04] Elapsed: 1:17:54, vertices: 4831, facets final: 20455, pending: 4190
I 4679.13] Elapsed: 1:17:59, vertices: 4832, facets final: 20488, pending: 4155, pool: 94
I 4684.23] Elapsed: 1:18:04, vertices: 4832, facets final: 20528, pending: 4115
I 4689.31] Elapsed: 1:18:09, vertices: 4832, facets final: 20566, pending: 4077
I 4694.39] Elapsed: 1:18:14, vertices: 4832, facets final: 20606, pending: 4037
I 4699.46] Elapsed: 1:18:19, vertices: 4832, facets final: 20643, pending: 4000
I 4704.52] Elapsed: 1:18:25, vertices: 4834, facets final: 20677, pending: 3962, pool: 93
I 4709.53] Elapsed: 1:18:30, vertices: 4834, facets final: 20710, pending: 3929
I 4714.53] Elapsed: 1:18:35, vertices: 4834, facets final: 20742, pending: 3897
I 4719.66] Elapsed: 1:18:40, vertices: 4835, facets final: 20778, pending: 3859, pool: 93
I 4724.67] Elapsed: 1:18:45, vertices: 4836, facets final: 20811, pending: 3824, pool: 94
I 4729.87] Elapsed: 1:18:50, vertices: 4836, facets final: 20847, pending: 3788
I 4734.90] Elapsed: 1:18:55, vertices: 4837, facets final: 20883, pending: 3751, pool: 94
I 4740.03] Elapsed: 1:19:00, vertices: 4837, facets final: 20924, pending: 3710
I 4745.04] Elapsed: 1:19:05, vertices: 4838, facets final: 20959, pending: 3673, pool: 94
I 4750.08] Elapsed: 1:19:10, vertices: 4838, facets final: 20993, pending: 3639
I 4755.25] Elapsed: 1:19:15, vertices: 4839, facets final: 21028, pending: 3602, pool: 93
I 4760.38] Elapsed: 1:19:20, vertices: 4839, facets final: 21062, pending: 3568
I 4765.46] Elapsed: 1:19:25, vertices: 4839, facets final: 21101, pending: 3529
I 4770.58] Elapsed: 1:19:31, vertices: 4840, facets final: 21134, pending: 3498, pool: 92
I 4775.58] Elapsed: 1:19:36, vertices: 4841, facets final: 21172, pending: 3459, pool: 91
I 4780.68] Elapsed: 1:19:41, vertices: 4842, facets final: 21204, pending: 3425, pool: 90
I 4785.76] Elapsed: 1:19:46, vertices: 4842, facets final: 21240, pending: 3389
I 4790.77] Elapsed: 1:19:51, vertices: 4843, facets final: 21272, pending: 3355, pool: 89
I 4795.77] Elapsed: 1:19:56, vertices: 4843, facets final: 21307, pending: 3320
I 4800.85] Elapsed: 1:20:01, vertices: 4844, facets final: 21342, pending: 3294, pool: 88
I 4805.91] Elapsed: 1:20:06, vertices: 4845, facets final: 21381, pending: 3250, pool: 88
I 4811.05] Elapsed: 1:20:11, vertices: 4845, facets final: 21415, pending: 3216
I 4816.15] Elapsed: 1:20:16, vertices: 4845, facets final: 21451, pending: 3180
I 4821.18] Elapsed: 1:20:21, vertices: 4845, facets final: 21486, pending: 3145
I 4826.24] Elapsed: 1:20:26, vertices: 4846, facets final: 21525, pending: 3105, pool: 87
I 4831.38] Elapsed: 1:20:31, vertices: 4847, facets final: 21559, pending: 3071, pool: 86
I 4836.47] Elapsed: 1:20:36, vertices: 4848, facets final: 21592, pending: 3036, pool: 86
I 4841.58] Elapsed: 1:20:42, vertices: 4848, facets final: 21628, pending: 3000
I 4846.66] Elapsed: 1:20:47, vertices: 4849, facets final: 21667, pending: 2959, pool: 85
I 4851.71] Elapsed: 1:20:52, vertices: 4850, facets final: 21706, pending: 2918, pool: 84
I 4856.77] Elapsed: 1:20:57, vertices: 4850, facets final: 21741, pending: 2883
I 4861.91] Elapsed: 1:21:02, vertices: 4851, facets final: 21776, pending: 2843, pool: 84
I 4867.04] Elapsed: 1:21:07, vertices: 4851, facets final: 21814, pending: 2805
I 4872.10] Elapsed: 1:21:12, vertices: 4851, facets final: 21846, pending: 2773
I 4877.20] Elapsed: 1:21:17, vertices: 4852, facets final: 21881, pending: 2734, pool: 84
I 4882.28] Elapsed: 1:21:22, vertices: 4852, facets final: 21918, pending: 2697
I 4887.42] Elapsed: 1:21:27, vertices: 4852, facets final: 21959, pending: 2656
I 4892.50] Elapsed: 1:21:33, vertices: 4853, facets final: 21997, pending: 2617, pool: 83
I 4897.65] Elapsed: 1:21:38, vertices: 4853, facets final: 22033, pending: 2581
I 4902.66] Elapsed: 1:21:43, vertices: 4854, facets final: 22068, pending: 2545, pool: 83
I 4907.71] Elapsed: 1:21:48, vertices: 4854, facets final: 22107, pending: 2506
I 4912.86] Elapsed: 1:21:53, vertices: 4855, facets final: 22147, pending: 2464, pool: 85
I 4917.98] Elapsed: 1:21:58, vertices: 4855, facets final: 22180, pending: 2431
I 4923.12] Elapsed: 1:22:03, vertices: 4856, facets final: 22214, pending: 2395, pool: 85
I 4928.25] Elapsed: 1:22:08, vertices: 4856, facets final: 22247, pending: 2362
I 4933.26] Elapsed: 1:22:13, vertices: 4857, facets final: 22278, pending: 2328, pool: 85
I 4938.33] Elapsed: 1:22:18, vertices: 4857, facets final: 22320, pending: 2286
I 4943.33] Elapsed: 1:22:23, vertices: 4858, facets final: 22353, pending: 2252, pool: 84
I 4948.43] Elapsed: 1:22:28, vertices: 4858, facets final: 22389, pending: 2216
I 4953.57] Elapsed: 1:22:34, vertices: 4859, facets final: 22427, pending: 2173, pool: 85
I 4958.57] Elapsed: 1:22:39, vertices: 4859, facets final: 22460, pending: 2140
I 4963.61] Elapsed: 1:22:44, vertices: 4860, facets final: 22493, pending: 2106, pool: 84
I 4968.66] Elapsed: 1:22:49, vertices: 4861, facets final: 22532, pending: 2066, pool: 83
I 4973.70] Elapsed: 1:22:54, vertices: 4861, facets final: 22564, pending: 2034
I 4978.75] Elapsed: 1:22:59, vertices: 4862, facets final: 22599, pending: 1998, pool: 82
I 4983.79] Elapsed: 1:23:04, vertices: 4863, facets final: 22634, pending: 1965, pool: 81
I 4988.83] Elapsed: 1:23:09, vertices: 4863, facets final: 22668, pending: 1931
I 4994.01] Elapsed: 1:23:14, vertices: 4864, facets final: 22705, pending: 1893, pool: 82
I 4999.04] Elapsed: 1:23:19, vertices: 4864, facets final: 22741, pending: 1857
I 5004.13] Elapsed: 1:23:24, vertices: 4864, facets final: 22777, pending: 1821
I 5009.24] Elapsed: 1:23:29, vertices: 4865, facets final: 22814, pending: 1783, pool: 82
I 5014.31] Elapsed: 1:23:34, vertices: 4865, facets final: 22847, pending: 1750
I 5019.41] Elapsed: 1:23:39, vertices: 4866, facets final: 22882, pending: 1712, pool: 84
I 5024.53] Elapsed: 1:23:45, vertices: 4867, facets final: 22919, pending: 1672, pool: 85
I 5029.60] Elapsed: 1:23:50, vertices: 4868, facets final: 22956, pending: 1633, pool: 84
I 5034.67] Elapsed: 1:23:55, vertices: 4869, facets final: 22992, pending: 1596, pool: 84
I 5039.68] Elapsed: 1:24:00, vertices: 4870, facets final: 23028, pending: 1558, pool: 84
I 5044.71] Elapsed: 1:24:05, vertices: 4871, facets final: 23063, pending: 1522, pool: 83
I 5049.73] Elapsed: 1:24:10, vertices: 4872, facets final: 23098, pending: 1486, pool: 82
I 5054.76] Elapsed: 1:24:15, vertices: 4873, facets final: 23133, pending: 1450, pool: 82
I 5059.80] Elapsed: 1:24:20, vertices: 4874, facets final: 23171, pending: 1411, pool: 81
I 5064.93] Elapsed: 1:24:25, vertices: 4874, facets final: 23205, pending: 1377
I 5070.01] Elapsed: 1:24:30, vertices: 4875, facets final: 23238, pending: 1343, pool: 80
I 5075.09] Elapsed: 1:24:35, vertices: 4876, facets final: 23277, pending: 1304, pool: 79
I 5080.09] Elapsed: 1:24:40, vertices: 4877, facets final: 23317, pending: 1263, pool: 78
I 5085.15] Elapsed: 1:24:45, vertices: 4877, facets final: 23356, pending: 1224
I 5090.17] Elapsed: 1:24:50, vertices: 4878, facets final: 23397, pending: 1182, pool: 78
I 5095.19] Elapsed: 1:24:55, vertices: 4879, facets final: 23432, pending: 1147, pool: 77
I 5100.20] Elapsed: 1:25:00, vertices: 4880, facets final: 23469, pending: 1109, pool: 76
I 5105.29] Elapsed: 1:25:05, vertices: 4881, facets final: 23506, pending: 1071, pool: 76
I 5110.43] Elapsed: 1:25:10, vertices: 4882, facets final: 23542, pending: 1033, pool: 76
I 5115.45] Elapsed: 1:25:15, vertices: 4883, facets final: 23576, pending: 998, pool: 75
I 5120.48] Elapsed: 1:25:20, vertices: 4884, facets final: 23609, pending: 964, pool: 74
I 5125.55] Elapsed: 1:25:26, vertices: 4886, facets final: 23643, pending: 927, pool: 74
I 5130.63] Elapsed: 1:25:31, vertices: 4888, facets final: 23678, pending: 893, pool: 73
I 5135.67] Elapsed: 1:25:36, vertices: 4889, facets final: 23710, pending: 860, pool: 73
I 5140.71] Elapsed: 1:25:41, vertices: 4890, facets final: 23745, pending: 824, pool: 72
I 5145.85] Elapsed: 1:25:46, vertices: 4893, facets final: 23782, pending: 785, pool: 69
I 5150.91] Elapsed: 1:25:51, vertices: 4896, facets final: 23821, pending: 743, pool: 66
I 5155.94] Elapsed: 1:25:56, vertices: 4899, facets final: 23854, pending: 707, pool: 64
I 5158.20] recalculating facets...
I 5161.13] Elapsed: 1:26:01, vertices: 4902, facets final: 23888, pending: 670, pool: 61
I 5166.13] Elapsed: 1:26:06, vertices: 4906, facets final: 23924, pending: 630, pool: 58
I 5171.19] Elapsed: 1:26:11, vertices: 4909, facets final: 23957, pending: 597, pool: 56
I 5176.30] Elapsed: 1:26:16, vertices: 4911, facets final: 23992, pending: 559, pool: 55
I 5181.34] Elapsed: 1:26:21, vertices: 4913, facets final: 24028, pending: 520, pool: 54
I 5186.35] Elapsed: 1:26:26, vertices: 4915, facets final: 24063, pending: 485, pool: 54
I 5191.35] Elapsed: 1:26:31, vertices: 4917, facets final: 24099, pending: 447, pool: 52
I 5196.41] Elapsed: 1:26:36, vertices: 4920, facets final: 24135, pending: 409, pool: 49
I 5201.52] Elapsed: 1:26:42, vertices: 4925, facets final: 24169, pending: 371, pool: 47
I 5206.70] Elapsed: 1:26:47, vertices: 4930, facets final: 24201, pending: 327, pool: 45
I 5211.71] Elapsed: 1:26:52, vertices: 4938, facets final: 24236, pending: 284, pool: 40
I 5216.81] Elapsed: 1:26:57, vertices: 4943, facets final: 24272, pending: 244, pool: 35
I 5222.02] Elapsed: 1:27:02, vertices: 4949, facets final: 24303, pending: 208, pool: 30
I 5227.04] Elapsed: 1:27:07, vertices: 4958, facets final: 24335, pending: 163, pool: 24
I 5232.14] Elapsed: 1:27:12, vertices: 4965, facets final: 24369, pending: 122, pool: 18
I 5237.14] Elapsed: 1:27:17, vertices: 4974, facets final: 24406, pending: 77, pool: 9
I 5242.25] Elapsed: 1:27:22, vertices: 4985, facets final: 24460, pending: 17, pool: 3
I 5243.76] Elapsed: 1:27:24, vertices: 4990, facets final: 24469, pending: 0

--------------------------------
Problem completed
 name                    203.vlp
 output                  vlp/203.res
 rows, cols, objs        173, 4592, 10
 vertices, facets        4990, 24469
 total time              1:27:24
--------------------------------
Statistics
LP:
 oracle calls            29776
   avg iterations/calls  216.75
 total oracle time       1:09:28
Combinatorics:
 vertices added          4990
 facets probed           37730
 facets # max            33496
 memory allocated        57.71M
 storage expansion
   vertices # / upto     40 / 5116
   facets   # / upto     9 / 36860
 facet manipulating
   added avg / max       66.16 / 1.11k
   compressed            212
 number of ridge tests
   avg / max             1.48M / 28.34M
--------------------------------
Parameters with non-default values
 VertexPoolSize = 100
