C copy string: rs=ac:bd;t=r:abs;u=(ar):bdt;ar,br,cr,d;ar,br,c,dr; ineq: base30.t
I    5.09] Elapsed: 5.09, vertices: 15, facets final: 13, pending: 217
I   10.17] Elapsed: 10.17, vertices: 23, facets final: 18, pending: 451, pool: 17
I   15.21] Elapsed: 15.21, vertices: 30, facets final: 22, pending: 903, pool: 30
I   20.43] Elapsed: 20.43, vertices: 36, facets final: 22, pending: 1184, pool: 50
I   25.81] Elapsed: 25.81, vertices: 47, facets final: 24, pending: 1749, pool: 62
I   30.97] Elapsed: 30.97, vertices: 58, facets final: 25, pending: 2568, pool: 73
I   36.04] Elapsed: 36.04, vertices: 69, facets final: 25, pending: 3419, pool: 87
I   41.06] Elapsed: 41.06, vertices: 81, facets final: 25, pending: 4621, pool: 100
I   45.20] recalculating facets...
I   46.07] Elapsed: 46.07, vertices: 103, facets final: 25, pending: 6341, pool: 100
I   51.43] Elapsed: 51.43, vertices: 125, facets final: 25, pending: 7856, pool: 97
I   56.61] Elapsed: 56.61, vertices: 143, facets final: 26, pending: 9032, pool: 99
I   61.64] Elapsed: 1:02, vertices: 162, facets final: 26, pending: 10584, pool: 100
I   66.78] Elapsed: 1:07, vertices: 183, facets final: 27, pending: 12492, pool: 99
I   71.90] Elapsed: 1:12, vertices: 196, facets final: 31, pending: 13067, pool: 99
I   73.05] recalculating facets...
I   77.12] Elapsed: 1:17, vertices: 214, facets final: 33, pending: 13512, pool: 99
I   82.21] Elapsed: 1:22, vertices: 233, facets final: 34, pending: 14201, pool: 100
I   87.24] Elapsed: 1:27, vertices: 249, facets final: 37, pending: 14620, pool: 100
I   92.31] Elapsed: 1:32, vertices: 264, facets final: 41, pending: 14608, pool: 99
I   97.40] Elapsed: 1:37, vertices: 280, facets final: 43, pending: 14937, pool: 100
I  102.60] Elapsed: 1:43, vertices: 293, facets final: 47, pending: 15102, pool: 100
I  104.70] recalculating facets...
I  107.84] Elapsed: 1:48, vertices: 310, facets final: 50, pending: 15873, pool: 100
I  113.14] Elapsed: 1:53, vertices: 328, facets final: 52, pending: 15764, pool: 100
I  118.29] Elapsed: 1:58, vertices: 347, facets final: 57, pending: 16450, pool: 99
I  123.30] Elapsed: 2:03, vertices: 362, facets final: 60, pending: 16813, pool: 100
I  128.36] Elapsed: 2:08, vertices: 380, facets final: 62, pending: 17119, pool: 100
I  133.49] Elapsed: 2:13, vertices: 397, facets final: 65, pending: 17498, pool: 100
I  134.17] recalculating facets...
I  138.57] Elapsed: 2:19, vertices: 413, facets final: 67, pending: 17691, pool: 100
I  143.81] Elapsed: 2:24, vertices: 430, facets final: 67, pending: 18026, pool: 100
I  149.00] Elapsed: 2:29, vertices: 446, facets final: 72, pending: 18307, pool: 100
I  154.15] Elapsed: 2:34, vertices: 458, facets final: 77, pending: 18760, pool: 99
I  159.33] Elapsed: 2:39, vertices: 471, facets final: 85, pending: 19858, pool: 100
I  164.46] Elapsed: 2:44, vertices: 484, facets final: 89, pending: 20041, pool: 100
I  169.46] Elapsed: 2:49, vertices: 499, facets final: 90, pending: 19771, pool: 100
I  169.71] recalculating facets...
I  174.49] Elapsed: 2:54, vertices: 514, facets final: 96, pending: 20331, pool: 100
I  179.52] Elapsed: 3:00, vertices: 528, facets final: 100, pending: 20797, pool: 100
I  184.65] Elapsed: 3:05, vertices: 540, facets final: 108, pending: 20944, pool: 100
I  189.73] Elapsed: 3:10, vertices: 554, facets final: 110, pending: 21303, pool: 100
I  194.75] Elapsed: 3:15, vertices: 566, facets final: 116, pending: 21752, pool: 100
I  199.75] Elapsed: 3:20, vertices: 580, facets final: 118, pending: 22306, pool: 100
I  204.78] Elapsed: 3:25, vertices: 593, facets final: 122, pending: 22399, pool: 100
I  207.11] recalculating facets...
I  209.95] Elapsed: 3:30, vertices: 607, facets final: 124, pending: 22899, pool: 100
I  215.05] Elapsed: 3:35, vertices: 619, facets final: 128, pending: 22848, pool: 100
I  220.24] Elapsed: 3:40, vertices: 633, facets final: 129, pending: 23205, pool: 100
I  225.38] Elapsed: 3:45, vertices: 647, facets final: 132, pending: 23465, pool: 100
I  230.53] Elapsed: 3:51, vertices: 662, facets final: 133, pending: 23520, pool: 100
I  235.72] Elapsed: 3:56, vertices: 674, facets final: 136, pending: 23287, pool: 100
I  240.73] Elapsed: 4:01, vertices: 686, facets final: 139, pending: 23737, pool: 100
I  245.76] Elapsed: 4:06, vertices: 699, facets final: 142, pending: 23864, pool: 100
I  246.34] recalculating facets...
I  250.80] Elapsed: 4:11, vertices: 711, facets final: 148, pending: 23622, pool: 100
I  255.80] Elapsed: 4:16, vertices: 724, facets final: 155, pending: 23681, pool: 100
I  260.82] Elapsed: 4:21, vertices: 739, facets final: 156, pending: 23731, pool: 99
I  265.92] Elapsed: 4:26, vertices: 752, facets final: 159, pending: 24142, pool: 100
I  270.96] Elapsed: 4:31, vertices: 765, facets final: 161, pending: 24331, pool: 100
I  276.05] Elapsed: 4:36, vertices: 777, facets final: 168, pending: 24494, pool: 100
I  281.10] Elapsed: 4:41, vertices: 791, facets final: 169, pending: 24636, pool: 100
I  285.60] recalculating facets...
I  286.19] Elapsed: 4:46, vertices: 801, facets final: 173, pending: 24739, pool: 100
I  291.32] Elapsed: 4:51, vertices: 813, facets final: 179, pending: 24849, pool: 100
I  296.54] Elapsed: 4:57, vertices: 824, facets final: 185, pending: 24772, pool: 100
I  301.55] Elapsed: 5:02, vertices: 835, facets final: 191, pending: 24922, pool: 100
I  306.57] Elapsed: 5:07, vertices: 846, facets final: 196, pending: 25586, pool: 100
I  311.69] Elapsed: 5:12, vertices: 857, facets final: 202, pending: 25420, pool: 100
I  316.74] Elapsed: 5:17, vertices: 867, facets final: 207, pending: 25481, pool: 100
I  321.91] Elapsed: 5:22, vertices: 878, facets final: 210, pending: 25711, pool: 100
I  327.24] Elapsed: 5:27, vertices: 889, facets final: 211, pending: 25590, pool: 99
I  332.30] Elapsed: 5:32, vertices: 899, facets final: 216, pending: 25715, pool: 100
I  333.04] recalculating facets...
I  337.32] Elapsed: 5:37, vertices: 908, facets final: 222, pending: 25786, pool: 100
I  342.38] Elapsed: 5:42, vertices: 919, facets final: 227, pending: 25882, pool: 100
I  347.64] Elapsed: 5:48, vertices: 930, facets final: 233, pending: 26120, pool: 99
I  352.65] Elapsed: 5:53, vertices: 942, facets final: 240, pending: 25948, pool: 100
I  357.74] Elapsed: 5:58, vertices: 954, facets final: 242, pending: 26090, pool: 100
I  362.87] Elapsed: 6:03, vertices: 963, facets final: 251, pending: 26319, pool: 100
I  368.09] Elapsed: 6:08, vertices: 976, facets final: 254, pending: 26839, pool: 100
I  373.36] Elapsed: 6:13, vertices: 987, facets final: 257, pending: 26927, pool: 100
I  378.48] Elapsed: 6:18, vertices: 998, facets final: 263, pending: 27398, pool: 100
I  379.55] recalculating facets...
I  383.86] Elapsed: 6:24, vertices: 1009, facets final: 265, pending: 27878, pool: 100
I  388.91] Elapsed: 6:29, vertices: 1018, facets final: 269, pending: 28178, pool: 100
I  393.99] Elapsed: 6:34, vertices: 1028, facets final: 275, pending: 28405, pool: 100
I  399.54] Elapsed: 6:40, vertices: 1038, facets final: 279, pending: 28599, pool: 100
I  404.74] Elapsed: 6:45, vertices: 1047, facets final: 281, pending: 28571, pool: 100
I  410.50] Elapsed: 6:51, vertices: 1056, facets final: 285, pending: 28532, pool: 100
I  415.66] Elapsed: 6:56, vertices: 1064, facets final: 286, pending: 28992, pool: 100
I  420.73] Elapsed: 7:01, vertices: 1073, facets final: 289, pending: 29419, pool: 100
I  426.19] Elapsed: 7:06, vertices: 1082, facets final: 296, pending: 29527, pool: 100
I  431.26] Elapsed: 7:11, vertices: 1088, facets final: 300, pending: 29542, pool: 100
I  436.33] Elapsed: 7:16, vertices: 1098, facets final: 305, pending: 29597, pool: 100
I  437.87] recalculating facets...
I  441.35] Elapsed: 7:21, vertices: 1107, facets final: 307, pending: 29604, pool: 100
I  446.61] Elapsed: 7:27, vertices: 1116, facets final: 313, pending: 29564, pool: 100
I  451.65] Elapsed: 7:32, vertices: 1124, facets final: 321, pending: 29738, pool: 100
I  457.02] Elapsed: 7:37, vertices: 1132, facets final: 323, pending: 29473, pool: 100
I  462.03] Elapsed: 7:42, vertices: 1141, facets final: 329, pending: 29524, pool: 100
I  467.33] Elapsed: 7:47, vertices: 1150, facets final: 331, pending: 29729, pool: 100
I  472.53] Elapsed: 7:53, vertices: 1159, facets final: 337, pending: 29881, pool: 100
I  477.55] Elapsed: 7:58, vertices: 1169, facets final: 340, pending: 30015, pool: 100
I  482.78] Elapsed: 8:03, vertices: 1176, facets final: 345, pending: 30273, pool: 100
I  488.09] Elapsed: 8:08, vertices: 1187, facets final: 347, pending: 30207, pool: 100
I  493.11] Elapsed: 8:13, vertices: 1194, facets final: 350, pending: 29915, pool: 100
I  496.28] recalculating facets...
I  498.18] Elapsed: 8:18, vertices: 1203, facets final: 354, pending: 29707, pool: 100
I  503.18] Elapsed: 8:23, vertices: 1211, facets final: 357, pending: 29839, pool: 100
I  508.43] Elapsed: 8:28, vertices: 1221, facets final: 362, pending: 30113, pool: 100
I  513.66] Elapsed: 8:34, vertices: 1229, facets final: 363, pending: 29960, pool: 100
I  518.80] Elapsed: 8:39, vertices: 1236, facets final: 368, pending: 30155, pool: 100
I  524.00] Elapsed: 8:44, vertices: 1243, facets final: 371, pending: 30125, pool: 100
I  529.01] Elapsed: 8:49, vertices: 1254, facets final: 378, pending: 30215, pool: 99
I  534.04] Elapsed: 8:54, vertices: 1262, facets final: 383, pending: 29889, pool: 100
I  539.21] Elapsed: 8:59, vertices: 1270, facets final: 390, pending: 29721, pool: 100
I  544.28] Elapsed: 9:04, vertices: 1279, facets final: 397, pending: 29923, pool: 100
I  549.60] Elapsed: 9:10, vertices: 1288, facets final: 400, pending: 29819, pool: 99
I  554.74] Elapsed: 9:15, vertices: 1300, facets final: 404, pending: 29913, pool: 100
I  554.74] recalculating facets...
I  559.96] Elapsed: 9:20, vertices: 1309, facets final: 408, pending: 29892, pool: 100
I  564.98] Elapsed: 9:25, vertices: 1320, facets final: 412, pending: 29736, pool: 100
I  570.08] Elapsed: 9:30, vertices: 1328, facets final: 414, pending: 29465, pool: 100
I  575.14] Elapsed: 9:35, vertices: 1338, facets final: 416, pending: 29467, pool: 100
I  580.40] Elapsed: 9:40, vertices: 1348, facets final: 423, pending: 29317, pool: 100
I  585.61] Elapsed: 9:46, vertices: 1356, facets final: 431, pending: 29396, pool: 100
I  590.69] Elapsed: 9:51, vertices: 1366, facets final: 440, pending: 29752, pool: 100
I  595.84] Elapsed: 9:56, vertices: 1376, facets final: 442, pending: 29981, pool: 100
I  601.03] Elapsed: 10:01, vertices: 1386, facets final: 444, pending: 29863, pool: 100
I  606.06] Elapsed: 10:06, vertices: 1396, facets final: 448, pending: 29796, pool: 100
I  609.67] recalculating facets...
I  611.56] Elapsed: 10:12, vertices: 1403, facets final: 459, pending: 29891, pool: 100
I  616.68] Elapsed: 10:17, vertices: 1411, facets final: 467, pending: 29898, pool: 100
I  621.91] Elapsed: 10:22, vertices: 1421, facets final: 473, pending: 29614, pool: 100
I  627.17] Elapsed: 10:27, vertices: 1432, facets final: 476, pending: 29700, pool: 100
I  632.23] Elapsed: 10:32, vertices: 1443, facets final: 483, pending: 29814, pool: 100
I  637.23] Elapsed: 10:37, vertices: 1452, facets final: 492, pending: 29682, pool: 100
I  642.36] Elapsed: 10:42, vertices: 1461, facets final: 495, pending: 29665, pool: 100
I  647.41] Elapsed: 10:47, vertices: 1470, facets final: 498, pending: 29833, pool: 100
I  652.71] Elapsed: 10:53, vertices: 1480, facets final: 503, pending: 29763, pool: 100
I  657.72] Elapsed: 10:58, vertices: 1491, facets final: 507, pending: 29808, pool: 100
I  662.75] Elapsed: 11:03, vertices: 1500, facets final: 508, pending: 29726, pool: 100
I  662.75] recalculating facets...
I  667.93] Elapsed: 11:08, vertices: 1509, facets final: 515, pending: 29428, pool: 100
I  673.09] Elapsed: 11:13, vertices: 1520, facets final: 518, pending: 29509, pool: 100
I  678.11] Elapsed: 11:18, vertices: 1530, facets final: 522, pending: 29408, pool: 100
I  683.32] Elapsed: 11:23, vertices: 1540, facets final: 527, pending: 29603, pool: 100
I  688.42] Elapsed: 11:28, vertices: 1548, facets final: 536, pending: 29422, pool: 100
I  693.58] Elapsed: 11:34, vertices: 1558, facets final: 541, pending: 29523, pool: 100
I  698.71] Elapsed: 11:39, vertices: 1567, facets final: 548, pending: 29539, pool: 100
I  703.94] Elapsed: 11:44, vertices: 1576, facets final: 558, pending: 29851, pool: 100
I  709.63] Elapsed: 11:50, vertices: 1584, facets final: 569, pending: 29712, pool: 100
I  714.71] Elapsed: 11:55, vertices: 1595, facets final: 577, pending: 29699, pool: 100
I  718.28] recalculating facets...
I  719.73] Elapsed: 12:00, vertices: 1603, facets final: 583, pending: 29559, pool: 100
I  725.01] Elapsed: 12:05, vertices: 1611, facets final: 593, pending: 29586, pool: 99
I  730.17] Elapsed: 12:10, vertices: 1621, facets final: 599, pending: 29532, pool: 100
I  735.35] Elapsed: 12:15, vertices: 1633, facets final: 603, pending: 29639, pool: 100
I  740.37] Elapsed: 12:20, vertices: 1645, facets final: 605, pending: 29734, pool: 100
I  745.50] Elapsed: 12:26, vertices: 1653, facets final: 611, pending: 29701, pool: 100
I  750.69] Elapsed: 12:31, vertices: 1661, facets final: 619, pending: 29652, pool: 100
I  755.71] Elapsed: 12:36, vertices: 1672, facets final: 624, pending: 29640, pool: 100
I  760.82] Elapsed: 12:41, vertices: 1681, facets final: 628, pending: 29703, pool: 100
I  765.84] Elapsed: 12:46, vertices: 1690, facets final: 634, pending: 29680, pool: 100
I  770.87] Elapsed: 12:51, vertices: 1699, facets final: 642, pending: 29668, pool: 100
I  771.42] recalculating facets...
I  776.00] Elapsed: 12:56, vertices: 1709, facets final: 645, pending: 29750, pool: 100
I  781.14] Elapsed: 13:01, vertices: 1715, facets final: 657, pending: 29844, pool: 99
I  786.26] Elapsed: 13:06, vertices: 1722, facets final: 668, pending: 29944, pool: 100
I  791.31] Elapsed: 13:11, vertices: 1732, facets final: 674, pending: 29885, pool: 100
I  796.55] Elapsed: 13:17, vertices: 1742, facets final: 683, pending: 29775, pool: 100
I  801.89] Elapsed: 13:22, vertices: 1751, facets final: 690, pending: 29780, pool: 100
I  807.27] Elapsed: 13:27, vertices: 1762, facets final: 693, pending: 29689, pool: 100
I  812.43] Elapsed: 13:32, vertices: 1773, facets final: 699, pending: 29756, pool: 100
I  817.47] Elapsed: 13:37, vertices: 1779, facets final: 705, pending: 29534, pool: 100
I  822.51] Elapsed: 13:43, vertices: 1789, facets final: 713, pending: 29610, pool: 99
I  827.56] Elapsed: 13:48, vertices: 1798, facets final: 719, pending: 29361, pool: 100
I  828.76] recalculating facets...
I  832.65] Elapsed: 13:53, vertices: 1806, facets final: 731, pending: 29406, pool: 100
I  837.89] Elapsed: 13:58, vertices: 1818, facets final: 736, pending: 29386, pool: 99
I  843.00] Elapsed: 14:03, vertices: 1828, facets final: 744, pending: 29331, pool: 100
I  848.12] Elapsed: 14:08, vertices: 1835, facets final: 753, pending: 29338, pool: 100
I  853.29] Elapsed: 14:13, vertices: 1843, facets final: 761, pending: 29241, pool: 100
I  858.40] Elapsed: 14:18, vertices: 1854, facets final: 765, pending: 29405, pool: 100
I  863.48] Elapsed: 14:23, vertices: 1862, facets final: 769, pending: 29337, pool: 100
I  868.51] Elapsed: 14:29, vertices: 1868, facets final: 786, pending: 29307, pool: 100
I  873.55] Elapsed: 14:34, vertices: 1878, facets final: 796, pending: 29301, pool: 100
I  878.65] Elapsed: 14:39, vertices: 1889, facets final: 802, pending: 29271, pool: 100
I  883.77] Elapsed: 14:44, vertices: 1899, facets final: 810, pending: 29220, pool: 100
I  884.31] recalculating facets...
I  888.89] Elapsed: 14:49, vertices: 1907, facets final: 816, pending: 29379, pool: 100
I  893.94] Elapsed: 14:54, vertices: 1916, facets final: 827, pending: 29359, pool: 100
I  899.01] Elapsed: 14:59, vertices: 1923, facets final: 841, pending: 29402, pool: 100
I  904.25] Elapsed: 15:04, vertices: 1932, facets final: 849, pending: 29290, pool: 100
I  909.54] Elapsed: 15:10, vertices: 1941, facets final: 860, pending: 29201, pool: 100
I  914.77] Elapsed: 15:15, vertices: 1953, facets final: 864, pending: 29188, pool: 100
I  920.01] Elapsed: 15:20, vertices: 1962, facets final: 874, pending: 29213, pool: 100
I  925.22] Elapsed: 15:25, vertices: 1968, facets final: 890, pending: 29207, pool: 100
I  930.25] Elapsed: 15:30, vertices: 1978, facets final: 895, pending: 29114, pool: 100
I  935.47] Elapsed: 15:35, vertices: 1987, facets final: 903, pending: 29269, pool: 100
I  940.50] Elapsed: 15:41, vertices: 1997, facets final: 911, pending: 29301, pool: 100
I  943.21] recalculating facets...
I  945.51] Elapsed: 15:46, vertices: 2005, facets final: 920, pending: 29279, pool: 100
I  950.93] Elapsed: 15:51, vertices: 2013, facets final: 933, pending: 29215, pool: 100
I  956.04] Elapsed: 15:56, vertices: 2021, facets final: 941, pending: 29213, pool: 100
I  961.22] Elapsed: 16:01, vertices: 2030, facets final: 949, pending: 29310, pool: 100
I  966.32] Elapsed: 16:06, vertices: 2039, facets final: 956, pending: 29300, pool: 100
I  971.41] Elapsed: 16:11, vertices: 2047, facets final: 967, pending: 29287, pool: 100
I  976.44] Elapsed: 16:16, vertices: 2053, facets final: 981, pending: 29255, pool: 100
I  981.56] Elapsed: 16:22, vertices: 2062, facets final: 996, pending: 29152, pool: 100
I  986.62] Elapsed: 16:27, vertices: 2073, facets final: 1003, pending: 29064, pool: 100
I  991.66] Elapsed: 16:32, vertices: 2083, facets final: 1010, pending: 28988, pool: 100
I  996.72] Elapsed: 16:37, vertices: 2090, facets final: 1022, pending: 28941, pool: 100
I 1002.11] Elapsed: 16:42, vertices: 2097, facets final: 1032, pending: 28835, pool: 100
I 1003.70] recalculating facets...
I 1007.21] Elapsed: 16:47, vertices: 2105, facets final: 1042, pending: 28791, pool: 100
I 1012.45] Elapsed: 16:52, vertices: 2115, facets final: 1050, pending: 28753, pool: 100
I 1017.57] Elapsed: 16:58, vertices: 2123, facets final: 1062, pending: 28646, pool: 100
I 1022.72] Elapsed: 17:03, vertices: 2133, facets final: 1068, pending: 28484, pool: 100
I 1027.80] Elapsed: 17:08, vertices: 2141, facets final: 1078, pending: 28504, pool: 100
I 1033.03] Elapsed: 17:13, vertices: 2150, facets final: 1087, pending: 28396, pool: 100
I 1038.06] Elapsed: 17:18, vertices: 2160, facets final: 1093, pending: 28277, pool: 100
I 1043.33] Elapsed: 17:23, vertices: 2170, facets final: 1100, pending: 28222, pool: 100
I 1048.40] Elapsed: 17:28, vertices: 2182, facets final: 1107, pending: 28161, pool: 100
I 1053.64] Elapsed: 17:34, vertices: 2190, facets final: 1122, pending: 28101, pool: 100
I 1058.81] Elapsed: 17:39, vertices: 2198, facets final: 1133, pending: 28001, pool: 100
I 1059.55] recalculating facets...
I 1063.85] Elapsed: 17:44, vertices: 2207, facets final: 1144, pending: 28041, pool: 100
I 1068.88] Elapsed: 17:49, vertices: 2215, facets final: 1154, pending: 27977, pool: 100
I 1073.90] Elapsed: 17:54, vertices: 2222, facets final: 1167, pending: 27817, pool: 100
I 1078.95] Elapsed: 17:59, vertices: 2231, facets final: 1180, pending: 27760, pool: 100
I 1084.03] Elapsed: 18:04, vertices: 2237, facets final: 1196, pending: 27825, pool: 100
I 1089.09] Elapsed: 18:09, vertices: 2245, facets final: 1205, pending: 27738, pool: 100
I 1094.19] Elapsed: 18:14, vertices: 2255, facets final: 1214, pending: 27747, pool: 100
I 1099.36] Elapsed: 18:19, vertices: 2264, facets final: 1221, pending: 27638, pool: 100
I 1104.46] Elapsed: 18:24, vertices: 2270, facets final: 1236, pending: 27654, pool: 100
I 1109.58] Elapsed: 18:30, vertices: 2280, facets final: 1243, pending: 27590, pool: 100
I 1114.58] Elapsed: 18:35, vertices: 2287, facets final: 1254, pending: 27466, pool: 100
I 1119.88] Elapsed: 18:40, vertices: 2298, facets final: 1261, pending: 27385, pool: 100
I 1120.94] recalculating facets...
I 1125.02] Elapsed: 18:45, vertices: 2308, facets final: 1268, pending: 27312, pool: 100
I 1130.16] Elapsed: 18:50, vertices: 2317, facets final: 1276, pending: 27246, pool: 100
I 1135.21] Elapsed: 18:55, vertices: 2325, facets final: 1291, pending: 27320, pool: 100
I 1140.48] Elapsed: 19:00, vertices: 2332, facets final: 1302, pending: 27302, pool: 100
I 1145.72] Elapsed: 19:06, vertices: 2341, facets final: 1316, pending: 27222, pool: 100
I 1150.80] Elapsed: 19:11, vertices: 2352, facets final: 1326, pending: 27203, pool: 100
I 1155.94] Elapsed: 19:16, vertices: 2359, facets final: 1343, pending: 27076, pool: 100
I 1161.03] Elapsed: 19:21, vertices: 2365, facets final: 1360, pending: 27027, pool: 100
I 1166.20] Elapsed: 19:26, vertices: 2374, facets final: 1370, pending: 26926, pool: 100
I 1171.29] Elapsed: 19:31, vertices: 2381, facets final: 1384, pending: 26867, pool: 100
I 1176.36] Elapsed: 19:36, vertices: 2390, facets final: 1396, pending: 26732, pool: 100
I 1181.46] Elapsed: 19:41, vertices: 2398, facets final: 1403, pending: 26609, pool: 99
I 1183.24] recalculating facets...
I 1186.47] Elapsed: 19:46, vertices: 2406, facets final: 1414, pending: 26567, pool: 100
I 1191.62] Elapsed: 19:52, vertices: 2414, facets final: 1431, pending: 26499, pool: 100
I 1196.71] Elapsed: 19:57, vertices: 2424, facets final: 1437, pending: 26289, pool: 100
I 1202.04] Elapsed: 20:02, vertices: 2430, facets final: 1458, pending: 26214, pool: 100
I 1207.05] Elapsed: 20:07, vertices: 2437, facets final: 1474, pending: 26211, pool: 99
I 1212.17] Elapsed: 20:12, vertices: 2444, facets final: 1490, pending: 26133, pool: 100
I 1217.17] Elapsed: 20:17, vertices: 2452, facets final: 1505, pending: 26098, pool: 99
I 1222.19] Elapsed: 20:22, vertices: 2456, facets final: 1524, pending: 26075, pool: 100
I 1227.19] Elapsed: 20:27, vertices: 2462, facets final: 1541, pending: 25931, pool: 100
I 1232.20] Elapsed: 20:32, vertices: 2466, facets final: 1560, pending: 25892, pool: 100
I 1237.26] Elapsed: 20:37, vertices: 2475, facets final: 1573, pending: 25821, pool: 100
I 1242.39] Elapsed: 20:42, vertices: 2482, facets final: 1591, pending: 25758, pool: 100
I 1247.68] Elapsed: 20:48, vertices: 2491, facets final: 1599, pending: 25675, pool: 100
I 1252.75] Elapsed: 20:53, vertices: 2498, facets final: 1613, pending: 25583, pool: 100
I 1253.81] recalculating facets...
I 1257.86] Elapsed: 20:58, vertices: 2506, facets final: 1630, pending: 25530, pool: 100
I 1263.01] Elapsed: 21:03, vertices: 2512, facets final: 1647, pending: 25404, pool: 100
I 1268.14] Elapsed: 21:08, vertices: 2518, facets final: 1665, pending: 25345, pool: 100
I 1273.19] Elapsed: 21:13, vertices: 2526, facets final: 1678, pending: 25194, pool: 100
I 1278.29] Elapsed: 21:18, vertices: 2532, facets final: 1695, pending: 25205, pool: 100
I 1283.36] Elapsed: 21:23, vertices: 2539, facets final: 1712, pending: 25143, pool: 100
I 1288.49] Elapsed: 21:28, vertices: 2546, facets final: 1729, pending: 25030, pool: 100
I 1293.51] Elapsed: 21:34, vertices: 2552, facets final: 1743, pending: 24986, pool: 100
I 1298.53] Elapsed: 21:39, vertices: 2559, facets final: 1761, pending: 24934, pool: 100
I 1303.69] Elapsed: 21:44, vertices: 2567, facets final: 1775, pending: 24931, pool: 100
I 1308.90] Elapsed: 21:49, vertices: 2572, facets final: 1795, pending: 24891, pool: 99
I 1314.01] Elapsed: 21:54, vertices: 2579, facets final: 1810, pending: 24867, pool: 100
I 1319.26] Elapsed: 21:59, vertices: 2588, facets final: 1823, pending: 24756, pool: 100
I 1324.32] Elapsed: 22:04, vertices: 2596, facets final: 1834, pending: 24663, pool: 100
I 1328.24] recalculating facets...
I 1329.34] Elapsed: 22:09, vertices: 2601, facets final: 1854, pending: 24627, pool: 100
I 1334.45] Elapsed: 22:14, vertices: 2607, facets final: 1867, pending: 24619, pool: 100
I 1339.51] Elapsed: 22:20, vertices: 2610, facets final: 1892, pending: 24601, pool: 100
I 1344.56] Elapsed: 22:25, vertices: 2618, facets final: 1910, pending: 24528, pool: 100
I 1349.59] Elapsed: 22:30, vertices: 2628, facets final: 1921, pending: 24515, pool: 100
I 1354.61] Elapsed: 22:35, vertices: 2635, facets final: 1938, pending: 24436, pool: 100
I 1359.65] Elapsed: 22:40, vertices: 2639, facets final: 1963, pending: 24379, pool: 100
I 1364.71] Elapsed: 22:45, vertices: 2646, facets final: 1979, pending: 24289, pool: 100
I 1369.88] Elapsed: 22:50, vertices: 2650, facets final: 2002, pending: 24216, pool: 99
I 1374.91] Elapsed: 22:55, vertices: 2655, facets final: 2024, pending: 24134, pool: 99
I 1379.96] Elapsed: 23:00, vertices: 2662, facets final: 2040, pending: 24108, pool: 100
I 1385.01] Elapsed: 23:05, vertices: 2668, facets final: 2059, pending: 24062, pool: 99
I 1390.02] Elapsed: 23:10, vertices: 2672, facets final: 2077, pending: 23999, pool: 100
I 1395.18] Elapsed: 23:15, vertices: 2680, facets final: 2092, pending: 23946, pool: 100
I 1400.33] Elapsed: 23:20, vertices: 2687, facets final: 2104, pending: 23920, pool: 100
I 1405.37] Elapsed: 23:25, vertices: 2695, facets final: 2119, pending: 23883, pool: 100
I 1407.83] recalculating facets...
I 1410.42] Elapsed: 23:30, vertices: 2704, facets final: 2132, pending: 23873, pool: 100
I 1415.44] Elapsed: 23:35, vertices: 2712, facets final: 2150, pending: 23813, pool: 100
I 1420.65] Elapsed: 23:41, vertices: 2717, facets final: 2170, pending: 23818, pool: 99
I 1425.72] Elapsed: 23:46, vertices: 2724, facets final: 2184, pending: 23729, pool: 100
I 1430.88] Elapsed: 23:51, vertices: 2732, facets final: 2199, pending: 23713, pool: 100
I 1435.90] Elapsed: 23:56, vertices: 2739, facets final: 2214, pending: 23663, pool: 99
I 1440.92] Elapsed: 24:01, vertices: 2745, facets final: 2229, pending: 23602, pool: 100
I 1445.92] Elapsed: 24:06, vertices: 2752, facets final: 2245, pending: 23630, pool: 100
I 1451.18] Elapsed: 24:11, vertices: 2758, facets final: 2266, pending: 23625, pool: 100
I 1456.20] Elapsed: 24:16, vertices: 2765, facets final: 2282, pending: 23574, pool: 100
I 1461.24] Elapsed: 24:21, vertices: 2775, facets final: 2294, pending: 23501, pool: 100
I 1466.24] Elapsed: 24:26, vertices: 2784, facets final: 2307, pending: 23421, pool: 99
I 1471.24] Elapsed: 24:31, vertices: 2789, facets final: 2326, pending: 23372, pool: 99
I 1476.36] Elapsed: 24:36, vertices: 2795, facets final: 2347, pending: 23311, pool: 98
I 1481.53] Elapsed: 24:42, vertices: 2800, facets final: 2367, pending: 23247, pool: 100
I 1481.53] recalculating facets...
I 1486.53] Elapsed: 24:47, vertices: 2806, facets final: 2389, pending: 23212, pool: 100
I 1491.56] Elapsed: 24:52, vertices: 2813, facets final: 2407, pending: 23218, pool: 100
I 1496.58] Elapsed: 24:57, vertices: 2821, facets final: 2423, pending: 23064, pool: 100
I 1501.69] Elapsed: 25:02, vertices: 2828, facets final: 2439, pending: 23009, pool: 100
I 1506.72] Elapsed: 25:07, vertices: 2833, facets final: 2460, pending: 22958, pool: 100
I 1511.81] Elapsed: 25:12, vertices: 2836, facets final: 2484, pending: 22919, pool: 100
I 1516.96] Elapsed: 25:17, vertices: 2843, facets final: 2502, pending: 22867, pool: 100
I 1522.22] Elapsed: 25:22, vertices: 2854, facets final: 2513, pending: 22790, pool: 100
I 1527.27] Elapsed: 25:27, vertices: 2859, facets final: 2536, pending: 22735, pool: 100
I 1532.37] Elapsed: 25:32, vertices: 2866, facets final: 2553, pending: 22696, pool: 100
I 1537.48] Elapsed: 25:37, vertices: 2875, facets final: 2568, pending: 22649, pool: 100
I 1542.48] Elapsed: 25:42, vertices: 2881, facets final: 2588, pending: 22619, pool: 100
I 1547.62] Elapsed: 25:48, vertices: 2886, facets final: 2609, pending: 22594, pool: 100
I 1552.80] Elapsed: 25:53, vertices: 2893, facets final: 2627, pending: 22619, pool: 100
I 1557.92] Elapsed: 25:58, vertices: 2900, facets final: 2644, pending: 22578, pool: 100
I 1558.98] recalculating facets...
I 1563.18] Elapsed: 26:03, vertices: 2906, facets final: 2663, pending: 22507, pool: 100
I 1568.19] Elapsed: 26:08, vertices: 2915, facets final: 2681, pending: 22471, pool: 100
I 1573.48] Elapsed: 26:13, vertices: 2918, facets final: 2705, pending: 22415, pool: 100
I 1578.64] Elapsed: 26:19, vertices: 2924, facets final: 2726, pending: 22402, pool: 100
I 1583.76] Elapsed: 26:24, vertices: 2931, facets final: 2746, pending: 22356, pool: 100
I 1588.88] Elapsed: 26:29, vertices: 2934, facets final: 2772, pending: 22339, pool: 100
I 1594.03] Elapsed: 26:34, vertices: 2940, facets final: 2790, pending: 22270, pool: 100
I 1599.05] Elapsed: 26:39, vertices: 2948, facets final: 2804, pending: 22167, pool: 100
I 1604.07] Elapsed: 26:44, vertices: 2952, facets final: 2828, pending: 22122, pool: 100
I 1609.08] Elapsed: 26:49, vertices: 2956, facets final: 2849, pending: 22065, pool: 100
I 1614.09] Elapsed: 26:54, vertices: 2963, facets final: 2869, pending: 22053, pool: 100
I 1619.18] Elapsed: 26:59, vertices: 2971, facets final: 2884, pending: 21994, pool: 100
I 1624.20] Elapsed: 27:04, vertices: 2978, facets final: 2896, pending: 21906, pool: 99
I 1629.21] Elapsed: 27:09, vertices: 2983, facets final: 2915, pending: 21892, pool: 100
I 1634.32] Elapsed: 27:14, vertices: 2986, facets final: 2939, pending: 21865, pool: 100
I 1639.40] Elapsed: 27:19, vertices: 2989, facets final: 2967, pending: 21844, pool: 100
I 1644.49] Elapsed: 27:24, vertices: 2998, facets final: 2977, pending: 21780, pool: 100
I 1646.13] recalculating facets...
I 1649.76] Elapsed: 27:30, vertices: 3004, facets final: 2998, pending: 21762, pool: 100
I 1654.77] Elapsed: 27:35, vertices: 3011, facets final: 3017, pending: 21725, pool: 100
I 1659.97] Elapsed: 27:40, vertices: 3015, facets final: 3040, pending: 21674, pool: 100
I 1665.04] Elapsed: 27:45, vertices: 3020, facets final: 3063, pending: 21625, pool: 100
I 1670.28] Elapsed: 27:50, vertices: 3028, facets final: 3083, pending: 21576, pool: 100
I 1675.30] Elapsed: 27:55, vertices: 3035, facets final: 3102, pending: 21575, pool: 100
I 1680.30] Elapsed: 28:00, vertices: 3040, facets final: 3124, pending: 21543, pool: 100
I 1685.51] Elapsed: 28:06, vertices: 3045, facets final: 3145, pending: 21489, pool: 100
I 1690.53] Elapsed: 28:11, vertices: 3053, facets final: 3163, pending: 21448, pool: 99
I 1695.56] Elapsed: 28:16, vertices: 3056, facets final: 3188, pending: 21420, pool: 98
I 1700.64] Elapsed: 28:21, vertices: 3061, facets final: 3208, pending: 21430, pool: 100
I 1705.67] Elapsed: 28:26, vertices: 3066, facets final: 3228, pending: 21415, pool: 100
I 1710.68] Elapsed: 28:31, vertices: 3073, facets final: 3245, pending: 21308, pool: 100
I 1715.75] Elapsed: 28:36, vertices: 3078, facets final: 3269, pending: 21329, pool: 100
I 1720.80] Elapsed: 28:41, vertices: 3083, facets final: 3291, pending: 21265, pool: 100
I 1725.91] Elapsed: 28:46, vertices: 3088, facets final: 3317, pending: 21179, pool: 100
I 1731.10] Elapsed: 28:51, vertices: 3092, facets final: 3340, pending: 21118, pool: 99
I 1736.10] Elapsed: 28:56, vertices: 3100, facets final: 3359, pending: 21056, pool: 100
I 1736.47] recalculating facets...
I 1741.16] Elapsed: 29:01, vertices: 3103, facets final: 3385, pending: 21039, pool: 100
I 1746.17] Elapsed: 29:06, vertices: 3109, facets final: 3401, pending: 20979, pool: 100
I 1751.29] Elapsed: 29:11, vertices: 3117, facets final: 3419, pending: 20941, pool: 100
I 1756.30] Elapsed: 29:16, vertices: 3125, facets final: 3433, pending: 20847, pool: 100
I 1761.36] Elapsed: 29:21, vertices: 3126, facets final: 3463, pending: 20811, pool: 100
I 1766.36] Elapsed: 29:26, vertices: 3131, facets final: 3483, pending: 20836, pool: 100
I 1771.42] Elapsed: 29:31, vertices: 3136, facets final: 3509, pending: 20767, pool: 100
I 1776.42] Elapsed: 29:36, vertices: 3139, facets final: 3537, pending: 20706, pool: 100
I 1781.51] Elapsed: 29:42, vertices: 3144, facets final: 3557, pending: 20630, pool: 100
I 1786.51] Elapsed: 29:47, vertices: 3151, facets final: 3580, pending: 20599, pool: 100
I 1791.63] Elapsed: 29:52, vertices: 3158, facets final: 3600, pending: 20578, pool: 100
I 1796.73] Elapsed: 29:57, vertices: 3161, facets final: 3628, pending: 20548, pool: 100
I 1801.98] Elapsed: 30:02, vertices: 3169, facets final: 3644, pending: 20515, pool: 100
I 1807.17] Elapsed: 30:07, vertices: 3175, facets final: 3666, pending: 20467, pool: 100
I 1812.25] Elapsed: 30:12, vertices: 3177, facets final: 3694, pending: 20423, pool: 100
I 1817.52] Elapsed: 30:18, vertices: 3181, facets final: 3717, pending: 20419, pool: 100
I 1822.64] Elapsed: 30:23, vertices: 3187, facets final: 3735, pending: 20381, pool: 100
I 1827.85] Elapsed: 30:28, vertices: 3192, facets final: 3757, pending: 20338, pool: 100
I 1832.88] Elapsed: 30:33, vertices: 3195, facets final: 3783, pending: 20276, pool: 99
I 1837.98] Elapsed: 30:38, vertices: 3199, facets final: 3806, pending: 20229, pool: 99
I 1840.41] recalculating facets...
I 1843.29] Elapsed: 30:43, vertices: 3202, facets final: 3832, pending: 20226, pool: 100
I 1848.31] Elapsed: 30:48, vertices: 3205, facets final: 3860, pending: 20203, pool: 99
I 1853.33] Elapsed: 30:53, vertices: 3210, facets final: 3881, pending: 20176, pool: 98
I 1858.46] Elapsed: 30:58, vertices: 3213, facets final: 3904, pending: 20135, pool: 99
I 1863.52] Elapsed: 31:04, vertices: 3218, facets final: 3925, pending: 20093, pool: 100
I 1868.52] Elapsed: 31:09, vertices: 3222, facets final: 3948, pending: 20070, pool: 100
I 1873.53] Elapsed: 31:14, vertices: 3229, facets final: 3967, pending: 20083, pool: 100
I 1878.57] Elapsed: 31:19, vertices: 3232, facets final: 3994, pending: 20045, pool: 100
I 1883.71] Elapsed: 31:24, vertices: 3235, facets final: 4022, pending: 20014, pool: 100
I 1888.78] Elapsed: 31:29, vertices: 3237, facets final: 4050, pending: 20010, pool: 100
I 1893.88] Elapsed: 31:34, vertices: 3241, facets final: 4075, pending: 19964, pool: 100
I 1898.91] Elapsed: 31:39, vertices: 3246, facets final: 4097, pending: 19920, pool: 99
I 1904.05] Elapsed: 31:44, vertices: 3252, facets final: 4113, pending: 19872, pool: 100
I 1909.17] Elapsed: 31:49, vertices: 3257, facets final: 4133, pending: 19860, pool: 100
I 1914.24] Elapsed: 31:54, vertices: 3259, facets final: 4165, pending: 19815, pool: 100
I 1919.38] Elapsed: 31:59, vertices: 3265, facets final: 4185, pending: 19782, pool: 100
I 1924.38] Elapsed: 32:04, vertices: 3272, facets final: 4204, pending: 19737, pool: 99
I 1929.40] Elapsed: 32:09, vertices: 3277, facets final: 4227, pending: 19696, pool: 100
I 1934.40] Elapsed: 32:14, vertices: 3279, facets final: 4256, pending: 19678, pool: 100
I 1939.47] Elapsed: 32:19, vertices: 3283, facets final: 4282, pending: 19629, pool: 100
I 1944.55] Elapsed: 32:25, vertices: 3288, facets final: 4303, pending: 19574, pool: 100
I 1949.59] Elapsed: 32:30, vertices: 3292, facets final: 4330, pending: 19516, pool: 100
I 1954.66] Elapsed: 32:35, vertices: 3296, facets final: 4359, pending: 19487, pool: 100
I 1959.70] Elapsed: 32:40, vertices: 3300, facets final: 4384, pending: 19434, pool: 99
I 1960.87] recalculating facets...
I 1964.86] Elapsed: 32:45, vertices: 3302, facets final: 4408, pending: 19379, pool: 100
I 1969.91] Elapsed: 32:50, vertices: 3305, facets final: 4436, pending: 19326, pool: 100
I 1974.94] Elapsed: 32:55, vertices: 3307, facets final: 4463, pending: 19285, pool: 100
I 1980.03] Elapsed: 33:00, vertices: 3309, facets final: 4490, pending: 19257, pool: 100
I 1985.08] Elapsed: 33:05, vertices: 3313, facets final: 4516, pending: 19207, pool: 100
I 1990.30] Elapsed: 33:10, vertices: 3318, facets final: 4539, pending: 19176, pool: 99
I 1995.35] Elapsed: 33:15, vertices: 3323, facets final: 4564, pending: 19105, pool: 100
I 2000.47] Elapsed: 33:20, vertices: 3327, facets final: 4593, pending: 19061, pool: 100
I 2005.59] Elapsed: 33:26, vertices: 3332, facets final: 4617, pending: 19072, pool: 100
I 2010.65] Elapsed: 33:31, vertices: 3334, facets final: 4644, pending: 19036, pool: 100
I 2015.69] Elapsed: 33:36, vertices: 3336, facets final: 4674, pending: 18988, pool: 100
I 2020.85] Elapsed: 33:41, vertices: 3339, facets final: 4703, pending: 18970, pool: 100
I 2025.99] Elapsed: 33:46, vertices: 3343, facets final: 4728, pending: 18931, pool: 100
I 2031.10] Elapsed: 33:51, vertices: 3348, facets final: 4751, pending: 18877, pool: 100
I 2036.14] Elapsed: 33:56, vertices: 3350, facets final: 4780, pending: 18837, pool: 100
I 2041.18] Elapsed: 34:01, vertices: 3353, facets final: 4808, pending: 18797, pool: 99
I 2046.27] Elapsed: 34:06, vertices: 3354, facets final: 4839, pending: 18762, pool: 100
I 2051.37] Elapsed: 34:11, vertices: 3358, facets final: 4864, pending: 18729, pool: 100
I 2056.46] Elapsed: 34:16, vertices: 3364, facets final: 4886, pending: 18713, pool: 100
I 2061.54] Elapsed: 34:22, vertices: 3368, facets final: 4911, pending: 18721, pool: 100
I 2066.73] Elapsed: 34:27, vertices: 3372, facets final: 4933, pending: 18674, pool: 100
I 2071.84] Elapsed: 34:32, vertices: 3375, facets final: 4960, pending: 18638, pool: 100
I 2076.90] Elapsed: 34:37, vertices: 3379, facets final: 4984, pending: 18596, pool: 100
I 2082.03] Elapsed: 34:42, vertices: 3384, facets final: 5008, pending: 18524, pool: 100
I 2087.25] Elapsed: 34:47, vertices: 3388, facets final: 5033, pending: 18478, pool: 100
I 2092.30] Elapsed: 34:52, vertices: 3392, facets final: 5060, pending: 18438, pool: 100
I 2097.49] Elapsed: 34:57, vertices: 3393, facets final: 5090, pending: 18396, pool: 100
I 2102.63] Elapsed: 35:03, vertices: 3397, facets final: 5118, pending: 18323, pool: 100
I 2107.64] Elapsed: 35:08, vertices: 3399, facets final: 5144, pending: 18271, pool: 100
I 2112.69] Elapsed: 35:13, vertices: 3400, facets final: 5176, pending: 18235, pool: 100
I 2113.89] recalculating facets...
I 2117.78] Elapsed: 35:18, vertices: 3405, facets final: 5196, pending: 18205, pool: 100
I 2122.79] Elapsed: 35:23, vertices: 3407, facets final: 5222, pending: 18174, pool: 99
I 2127.79] Elapsed: 35:28, vertices: 3408, facets final: 5251, pending: 18140, pool: 100
I 2132.94] Elapsed: 35:33, vertices: 3413, facets final: 5275, pending: 18088, pool: 100
I 2137.97] Elapsed: 35:38, vertices: 3420, facets final: 5290, pending: 18039, pool: 100
I 2142.98] Elapsed: 35:43, vertices: 3424, facets final: 5311, pending: 17983, pool: 100
I 2148.02] Elapsed: 35:48, vertices: 3432, facets final: 5331, pending: 17969, pool: 100
I 2153.11] Elapsed: 35:53, vertices: 3435, facets final: 5359, pending: 17908, pool: 100
I 2158.20] Elapsed: 35:58, vertices: 3441, facets final: 5385, pending: 17853, pool: 99
I 2163.20] Elapsed: 36:03, vertices: 3445, facets final: 5406, pending: 17817, pool: 100
I 2168.36] Elapsed: 36:08, vertices: 3449, facets final: 5431, pending: 17779, pool: 100
I 2173.39] Elapsed: 36:13, vertices: 3452, facets final: 5455, pending: 17748, pool: 100
I 2178.43] Elapsed: 36:18, vertices: 3455, facets final: 5482, pending: 17711, pool: 100
I 2183.43] Elapsed: 36:23, vertices: 3457, facets final: 5509, pending: 17680, pool: 99
I 2188.46] Elapsed: 36:28, vertices: 3457, facets final: 5541, pending: 17648
I 2193.53] Elapsed: 36:34, vertices: 3461, facets final: 5563, pending: 17591, pool: 100
I 2198.55] Elapsed: 36:39, vertices: 3462, facets final: 5593, pending: 17568, pool: 99
I 2203.63] Elapsed: 36:44, vertices: 3463, facets final: 5624, pending: 17536, pool: 99
I 2208.78] Elapsed: 36:49, vertices: 3464, facets final: 5655, pending: 17499, pool: 100
I 2213.79] Elapsed: 36:54, vertices: 3469, facets final: 5679, pending: 17457, pool: 100
I 2218.81] Elapsed: 36:59, vertices: 3471, facets final: 5710, pending: 17421, pool: 99
I 2223.86] Elapsed: 37:04, vertices: 3474, facets final: 5736, pending: 17374, pool: 100
I 2228.88] Elapsed: 37:09, vertices: 3477, facets final: 5763, pending: 17337, pool: 100
I 2234.11] Elapsed: 37:14, vertices: 3479, facets final: 5792, pending: 17299, pool: 100
I 2239.25] Elapsed: 37:19, vertices: 3481, facets final: 5820, pending: 17263, pool: 100
I 2244.33] Elapsed: 37:24, vertices: 3485, facets final: 5848, pending: 17242, pool: 100
I 2249.43] Elapsed: 37:29, vertices: 3487, facets final: 5879, pending: 17204, pool: 99
I 2254.45] Elapsed: 37:34, vertices: 3490, facets final: 5901, pending: 17178, pool: 100
I 2259.56] Elapsed: 37:40, vertices: 3494, facets final: 5927, pending: 17146, pool: 100
I 2264.60] Elapsed: 37:45, vertices: 3496, facets final: 5958, pending: 17108, pool: 100
I 2269.71] Elapsed: 37:50, vertices: 3500, facets final: 5978, pending: 17073, pool: 100
I 2270.33] recalculating facets...
I 2274.78] Elapsed: 37:55, vertices: 3502, facets final: 6004, pending: 17038, pool: 100
I 2279.84] Elapsed: 38:00, vertices: 3503, facets final: 6035, pending: 16995, pool: 100
I 2284.95] Elapsed: 38:05, vertices: 3509, facets final: 6055, pending: 16957, pool: 100
I 2289.95] Elapsed: 38:10, vertices: 3510, facets final: 6088, pending: 16923, pool: 99
I 2294.99] Elapsed: 38:15, vertices: 3512, facets final: 6115, pending: 16881, pool: 100
I 2300.08] Elapsed: 38:20, vertices: 3514, facets final: 6144, pending: 16847, pool: 98
I 2305.12] Elapsed: 38:25, vertices: 3516, facets final: 6174, pending: 16811, pool: 100
I 2310.25] Elapsed: 38:30, vertices: 3518, facets final: 6203, pending: 16777, pool: 100
I 2315.28] Elapsed: 38:35, vertices: 3519, facets final: 6233, pending: 16729
I 2320.41] Elapsed: 38:40, vertices: 3522, facets final: 6258, pending: 16691, pool: 99
I 2325.44] Elapsed: 38:45, vertices: 3523, facets final: 6287, pending: 16665, pool: 100
I 2330.45] Elapsed: 38:50, vertices: 3528, facets final: 6309, pending: 16645, pool: 99
I 2335.46] Elapsed: 38:55, vertices: 3529, facets final: 6341, pending: 16616
I 2340.48] Elapsed: 39:00, vertices: 3529, facets final: 6371, pending: 16586
I 2345.73] Elapsed: 39:06, vertices: 3531, facets final: 6401, pending: 16537, pool: 100
I 2350.91] Elapsed: 39:11, vertices: 3533, facets final: 6433, pending: 16533, pool: 100
I 2356.09] Elapsed: 39:16, vertices: 3535, facets final: 6466, pending: 16500, pool: 99
I 2361.28] Elapsed: 39:21, vertices: 3538, facets final: 6491, pending: 16454, pool: 100
I 2366.34] Elapsed: 39:26, vertices: 3541, facets final: 6517, pending: 16424, pool: 100
I 2371.41] Elapsed: 39:31, vertices: 3543, facets final: 6547, pending: 16398, pool: 100
I 2376.51] Elapsed: 39:37, vertices: 3544, facets final: 6578, pending: 16364, pool: 99
I 2381.57] Elapsed: 39:42, vertices: 3548, facets final: 6605, pending: 16294, pool: 100
I 2386.63] Elapsed: 39:47, vertices: 3549, facets final: 6637, pending: 16254, pool: 100
I 2391.63] Elapsed: 39:52, vertices: 3551, facets final: 6664, pending: 16232, pool: 100
I 2396.66] Elapsed: 39:57, vertices: 3553, facets final: 6693, pending: 16210, pool: 99
I 2401.70] Elapsed: 40:02, vertices: 3555, facets final: 6722, pending: 16184, pool: 100
I 2406.74] Elapsed: 40:07, vertices: 3557, facets final: 6753, pending: 16144, pool: 100
I 2411.84] Elapsed: 40:12, vertices: 3558, facets final: 6783, pending: 16114, pool: 100
I 2416.91] Elapsed: 40:17, vertices: 3560, facets final: 6809, pending: 16080, pool: 100
I 2421.95] Elapsed: 40:22, vertices: 3563, facets final: 6838, pending: 16027, pool: 100
I 2427.05] Elapsed: 40:27, vertices: 3566, facets final: 6863, pending: 15989, pool: 100
I 2432.12] Elapsed: 40:32, vertices: 3568, facets final: 6891, pending: 15963, pool: 100
I 2437.13] Elapsed: 40:37, vertices: 3569, facets final: 6919, pending: 15929, pool: 100
I 2442.25] Elapsed: 40:42, vertices: 3572, facets final: 6946, pending: 15897, pool: 100
I 2447.34] Elapsed: 40:47, vertices: 3572, facets final: 6976, pending: 15867
I 2452.36] Elapsed: 40:52, vertices: 3577, facets final: 7001, pending: 15813, pool: 99
I 2457.37] Elapsed: 40:57, vertices: 3577, facets final: 7031, pending: 15783
I 2462.42] Elapsed: 41:02, vertices: 3578, facets final: 7065, pending: 15746, pool: 100
I 2467.52] Elapsed: 41:08, vertices: 3579, facets final: 7093, pending: 15714, pool: 99
I 2472.62] Elapsed: 41:13, vertices: 3581, facets final: 7119, pending: 15705, pool: 100
I 2477.68] Elapsed: 41:18, vertices: 3583, facets final: 7148, pending: 15668, pool: 100
I 2482.89] Elapsed: 41:23, vertices: 3584, facets final: 7180, pending: 15632, pool: 98
I 2488.03] Elapsed: 41:28, vertices: 3586, facets final: 7206, pending: 15609, pool: 100
I 2493.12] Elapsed: 41:33, vertices: 3591, facets final: 7229, pending: 15603, pool: 100
I 2498.27] Elapsed: 41:38, vertices: 3593, facets final: 7256, pending: 15563, pool: 100
I 2503.49] Elapsed: 41:43, vertices: 3594, facets final: 7286, pending: 15530, pool: 100
I 2508.53] Elapsed: 41:49, vertices: 3596, facets final: 7321, pending: 15493, pool: 100
I 2513.69] Elapsed: 41:54, vertices: 3598, facets final: 7349, pending: 15458, pool: 100
I 2517.98] recalculating facets...
I 2518.70] Elapsed: 41:59, vertices: 3601, facets final: 7374, pending: 15420, pool: 100
I 2523.81] Elapsed: 42:04, vertices: 3604, facets final: 7399, pending: 15422, pool: 100
I 2529.05] Elapsed: 42:09, vertices: 3609, facets final: 7429, pending: 15366, pool: 99
I 2534.11] Elapsed: 42:14, vertices: 3609, facets final: 7460, pending: 15335
I 2539.24] Elapsed: 42:19, vertices: 3611, facets final: 7489, pending: 15296, pool: 100
I 2544.24] Elapsed: 42:24, vertices: 3612, facets final: 7518, pending: 15257, pool: 100
I 2549.41] Elapsed: 42:29, vertices: 3614, facets final: 7549, pending: 15217, pool: 100
I 2554.50] Elapsed: 42:35, vertices: 3618, facets final: 7575, pending: 15169, pool: 98
I 2559.58] Elapsed: 42:40, vertices: 3619, facets final: 7605, pending: 15137, pool: 98
I 2564.68] Elapsed: 42:45, vertices: 3621, facets final: 7631, pending: 15107, pool: 100
I 2569.68] Elapsed: 42:50, vertices: 3623, facets final: 7659, pending: 15065, pool: 100
I 2574.79] Elapsed: 42:55, vertices: 3624, facets final: 7689, pending: 15044, pool: 99
I 2579.94] Elapsed: 43:00, vertices: 3628, facets final: 7715, pending: 15013, pool: 99
I 2584.98] Elapsed: 43:05, vertices: 3629, facets final: 7743, pending: 14982, pool: 99
I 2590.14] Elapsed: 43:10, vertices: 3630, facets final: 7774, pending: 14947, pool: 100
I 2595.18] Elapsed: 43:15, vertices: 3632, facets final: 7803, pending: 14926, pool: 100
I 2600.32] Elapsed: 43:20, vertices: 3636, facets final: 7828, pending: 14886, pool: 99
I 2605.45] Elapsed: 43:25, vertices: 3636, facets final: 7861, pending: 14853
I 2610.48] Elapsed: 43:30, vertices: 3636, facets final: 7895, pending: 14819
I 2615.62] Elapsed: 43:36, vertices: 3637, facets final: 7926, pending: 14788, pool: 100
I 2620.77] Elapsed: 43:41, vertices: 3639, facets final: 7956, pending: 14740, pool: 100
I 2625.82] Elapsed: 43:46, vertices: 3643, facets final: 7982, pending: 14697, pool: 100
I 2630.97] Elapsed: 43:51, vertices: 3645, facets final: 8008, pending: 14666, pool: 100
I 2636.18] Elapsed: 43:56, vertices: 3646, facets final: 8038, pending: 14633, pool: 99
I 2641.26] Elapsed: 44:01, vertices: 3648, facets final: 8068, pending: 14604, pool: 100
I 2646.34] Elapsed: 44:06, vertices: 3648, facets final: 8100, pending: 14572
I 2651.50] Elapsed: 44:12, vertices: 3651, facets final: 8129, pending: 14532, pool: 99
I 2656.57] Elapsed: 44:17, vertices: 3651, facets final: 8157, pending: 14504, pool: 99
I 2661.66] Elapsed: 44:22, vertices: 3652, facets final: 8187, pending: 14472
I 2666.73] Elapsed: 44:27, vertices: 3652, facets final: 8217, pending: 14442
I 2671.82] Elapsed: 44:32, vertices: 3654, facets final: 8245, pending: 14411, pool: 100
I 2676.99] Elapsed: 44:37, vertices: 3655, facets final: 8278, pending: 14376, pool: 100
I 2682.01] Elapsed: 44:42, vertices: 3657, facets final: 8309, pending: 14345, pool: 99
I 2687.02] Elapsed: 44:47, vertices: 3658, facets final: 8340, pending: 14312, pool: 98
I 2692.14] Elapsed: 44:52, vertices: 3659, facets final: 8368, pending: 14281, pool: 98
I 2697.27] Elapsed: 44:57, vertices: 3660, facets final: 8397, pending: 14249, pool: 99
I 2702.46] Elapsed: 45:02, vertices: 3661, facets final: 8430, pending: 14213, pool: 98
I 2707.56] Elapsed: 45:08, vertices: 3661, facets final: 8461, pending: 14182
I 2712.58] Elapsed: 45:13, vertices: 3662, facets final: 8488, pending: 14150, pool: 99
I 2717.58] Elapsed: 45:18, vertices: 3663, facets final: 8514, pending: 14124, pool: 100
I 2722.61] Elapsed: 45:23, vertices: 3666, facets final: 8542, pending: 14101, pool: 100
I 2727.73] Elapsed: 45:28, vertices: 3666, facets final: 8575, pending: 14068
I 2732.84] Elapsed: 45:33, vertices: 3668, facets final: 8605, pending: 14029, pool: 100
I 2737.89] Elapsed: 45:38, vertices: 3669, facets final: 8636, pending: 13995, pool: 99
I 2742.93] Elapsed: 45:43, vertices: 3671, facets final: 8666, pending: 13969, pool: 99
I 2748.08] Elapsed: 45:48, vertices: 3675, facets final: 8691, pending: 13923, pool: 100
I 2753.20] Elapsed: 45:53, vertices: 3677, facets final: 8722, pending: 13899, pool: 99
I 2758.24] Elapsed: 45:58, vertices: 3677, facets final: 8750, pending: 13871
I 2763.37] Elapsed: 46:03, vertices: 3679, facets final: 8779, pending: 13841, pool: 99
I 2768.38] Elapsed: 46:08, vertices: 3679, facets final: 8813, pending: 13807
I 2773.47] Elapsed: 46:13, vertices: 3681, facets final: 8842, pending: 13777, pool: 99
I 2778.54] Elapsed: 46:19, vertices: 3681, facets final: 8874, pending: 13745
I 2783.66] Elapsed: 46:24, vertices: 3682, facets final: 8904, pending: 13710, pool: 100
I 2788.85] Elapsed: 46:29, vertices: 3684, facets final: 8935, pending: 13692, pool: 99
I 2793.94] Elapsed: 46:34, vertices: 3687, facets final: 8962, pending: 13675, pool: 100
I 2798.98] Elapsed: 46:39, vertices: 3691, facets final: 8987, pending: 13649, pool: 100
I 2804.01] Elapsed: 46:44, vertices: 3694, facets final: 9015, pending: 13623, pool: 99
I 2809.07] Elapsed: 46:49, vertices: 3695, facets final: 9045, pending: 13588, pool: 99
I 2814.22] Elapsed: 46:54, vertices: 3697, facets final: 9075, pending: 13553, pool: 99
I 2819.30] Elapsed: 46:59, vertices: 3699, facets final: 9102, pending: 13528, pool: 100
I 2824.37] Elapsed: 47:04, vertices: 3699, facets final: 9133, pending: 13497
I 2828.31] recalculating facets...
I 2829.58] Elapsed: 47:10, vertices: 3702, facets final: 9159, pending: 13457, pool: 100
I 2834.61] Elapsed: 47:15, vertices: 3703, facets final: 9190, pending: 13423, pool: 99
I 2839.69] Elapsed: 47:20, vertices: 3703, facets final: 9223, pending: 13390
I 2844.76] Elapsed: 47:25, vertices: 3704, facets final: 9252, pending: 13358, pool: 100
I 2849.89] Elapsed: 47:30, vertices: 3706, facets final: 9280, pending: 13338, pool: 100
I 2854.93] Elapsed: 47:35, vertices: 3708, facets final: 9307, pending: 13300, pool: 99
I 2860.00] Elapsed: 47:40, vertices: 3709, facets final: 9336, pending: 13271, pool: 99
I 2865.13] Elapsed: 47:45, vertices: 3712, facets final: 9363, pending: 13232, pool: 100
I 2870.19] Elapsed: 47:50, vertices: 3712, facets final: 9398, pending: 13197, pool: 99
I 2875.28] Elapsed: 47:55, vertices: 3714, facets final: 9428, pending: 13162, pool: 100
I 2880.40] Elapsed: 48:00, vertices: 3716, facets final: 9456, pending: 13128, pool: 100
I 2885.41] Elapsed: 48:05, vertices: 3718, facets final: 9484, pending: 13097, pool: 100
I 2890.64] Elapsed: 48:11, vertices: 3718, facets final: 9514, pending: 13067, pool: 100
I 2895.78] Elapsed: 48:16, vertices: 3721, facets final: 9543, pending: 13027, pool: 99
I 2900.93] Elapsed: 48:21, vertices: 3722, facets final: 9571, pending: 12991, pool: 100
I 2906.08] Elapsed: 48:26, vertices: 3724, facets final: 9600, pending: 12958, pool: 100
I 2911.09] Elapsed: 48:31, vertices: 3724, facets final: 9633, pending: 12925
I 2916.13] Elapsed: 48:36, vertices: 3727, facets final: 9663, pending: 12888, pool: 100
I 2921.18] Elapsed: 48:41, vertices: 3727, facets final: 9696, pending: 12855
I 2926.21] Elapsed: 48:46, vertices: 3730, facets final: 9729, pending: 12809, pool: 99
I 2931.27] Elapsed: 48:51, vertices: 3730, facets final: 9759, pending: 12779
I 2936.38] Elapsed: 48:56, vertices: 3731, facets final: 9791, pending: 12745, pool: 99
I 2941.46] Elapsed: 49:01, vertices: 3731, facets final: 9824, pending: 12712
I 2946.53] Elapsed: 49:07, vertices: 3733, facets final: 9850, pending: 12675, pool: 99
I 2951.70] Elapsed: 49:12, vertices: 3734, facets final: 9880, pending: 12644, pool: 98
I 2956.79] Elapsed: 49:17, vertices: 3735, facets final: 9912, pending: 12609, pool: 99
I 2961.81] Elapsed: 49:22, vertices: 3736, facets final: 9941, pending: 12575, pool: 100
I 2966.86] Elapsed: 49:27, vertices: 3738, facets final: 9972, pending: 12541, pool: 100
I 2971.86] Elapsed: 49:32, vertices: 3740, facets final: 9999, pending: 12510, pool: 99
I 2976.95] Elapsed: 49:37, vertices: 3742, facets final: 10028, pending: 12475, pool: 100
I 2981.98] Elapsed: 49:42, vertices: 3743, facets final: 10057, pending: 12445, pool: 99
I 2987.09] Elapsed: 49:47, vertices: 3744, facets final: 10087, pending: 12412, pool: 99
I 2992.12] Elapsed: 49:52, vertices: 3745, facets final: 10115, pending: 12387, pool: 100
I 2997.13] Elapsed: 49:57, vertices: 3747, facets final: 10145, pending: 12350, pool: 100
I 3002.15] Elapsed: 50:02, vertices: 3747, facets final: 10177, pending: 12318
I 3007.23] Elapsed: 50:07, vertices: 3747, facets final: 10213, pending: 12282
I 3012.35] Elapsed: 50:12, vertices: 3750, facets final: 10241, pending: 12246, pool: 100
I 3017.40] Elapsed: 50:17, vertices: 3751, facets final: 10272, pending: 12210, pool: 100
I 3022.49] Elapsed: 50:22, vertices: 3753, facets final: 10302, pending: 12176, pool: 99
I 3027.56] Elapsed: 50:28, vertices: 3754, facets final: 10335, pending: 12141, pool: 99
I 3032.60] Elapsed: 50:33, vertices: 3754, facets final: 10368, pending: 12108
I 3037.61] Elapsed: 50:38, vertices: 3755, facets final: 10394, pending: 12081, pool: 99
I 3042.71] Elapsed: 50:43, vertices: 3755, facets final: 10424, pending: 12051
I 3048.05] Elapsed: 50:48, vertices: 3757, facets final: 10455, pending: 12023, pool: 99
I 3053.09] Elapsed: 50:53, vertices: 3759, facets final: 10484, pending: 11966, pool: 100
I 3058.28] Elapsed: 50:58, vertices: 3760, facets final: 10513, pending: 11933, pool: 100
I 3063.28] Elapsed: 51:03, vertices: 3761, facets final: 10541, pending: 11905, pool: 100
I 3068.35] Elapsed: 51:08, vertices: 3762, facets final: 10572, pending: 11872, pool: 99
I 3073.47] Elapsed: 51:13, vertices: 3763, facets final: 10600, pending: 11846, pool: 98
I 3078.52] Elapsed: 51:19, vertices: 3764, facets final: 10632, pending: 11804, pool: 99
I 3083.63] Elapsed: 51:24, vertices: 3765, facets final: 10663, pending: 11770, pool: 98
I 3088.64] Elapsed: 51:29, vertices: 3766, facets final: 10691, pending: 11739, pool: 100
I 3093.72] Elapsed: 51:34, vertices: 3768, facets final: 10725, pending: 11698, pool: 100
I 3098.74] Elapsed: 51:39, vertices: 3769, facets final: 10757, pending: 11664
I 3103.81] Elapsed: 51:44, vertices: 3771, facets final: 10785, pending: 11632, pool: 99
I 3108.81] Elapsed: 51:49, vertices: 3772, facets final: 10811, pending: 11602, pool: 100
I 3113.97] Elapsed: 51:54, vertices: 3772, facets final: 10846, pending: 11567
I 3119.08] Elapsed: 51:59, vertices: 3775, facets final: 10874, pending: 11539, pool: 98
I 3124.19] Elapsed: 52:04, vertices: 3776, facets final: 10904, pending: 11510, pool: 100
I 3129.32] Elapsed: 52:09, vertices: 3778, facets final: 10934, pending: 11474, pool: 100
I 3134.38] Elapsed: 52:14, vertices: 3780, facets final: 10962, pending: 11450, pool: 100
I 3139.41] Elapsed: 52:19, vertices: 3781, facets final: 10991, pending: 11419, pool: 100
I 3144.42] Elapsed: 52:24, vertices: 3783, facets final: 11020, pending: 11385, pool: 100
I 3149.52] Elapsed: 52:30, vertices: 3784, facets final: 11051, pending: 11353, pool: 99
I 3154.61] Elapsed: 52:35, vertices: 3784, facets final: 11079, pending: 11325
I 3159.67] Elapsed: 52:40, vertices: 3785, facets final: 11113, pending: 11285, pool: 100
I 3164.81] Elapsed: 52:45, vertices: 3787, facets final: 11142, pending: 11255, pool: 99
I 3169.81] Elapsed: 52:50, vertices: 3788, facets final: 11170, pending: 11225, pool: 98
I 3174.92] Elapsed: 52:55, vertices: 3789, facets final: 11201, pending: 11187, pool: 100
I 3179.97] Elapsed: 53:00, vertices: 3790, facets final: 11232, pending: 11158, pool: 99
I 3185.08] Elapsed: 53:05, vertices: 3791, facets final: 11264, pending: 11123, pool: 100
I 3190.12] Elapsed: 53:10, vertices: 3794, facets final: 11289, pending: 11093, pool: 100
I 3195.19] Elapsed: 53:15, vertices: 3795, facets final: 11322, pending: 11062, pool: 99
I 3200.29] Elapsed: 53:20, vertices: 3796, facets final: 11353, pending: 11035, pool: 99
I 3205.37] Elapsed: 53:25, vertices: 3796, facets final: 11383, pending: 11005, pool: 99
I 3210.39] Elapsed: 53:30, vertices: 3798, facets final: 11415, pending: 10971, pool: 98
I 3215.40] Elapsed: 53:35, vertices: 3798, facets final: 11447, pending: 10939
I 3220.40] Elapsed: 53:40, vertices: 3798, facets final: 11474, pending: 10912
I 3225.55] Elapsed: 53:46, vertices: 3798, facets final: 11506, pending: 10880
I 3230.62] Elapsed: 53:51, vertices: 3798, facets final: 11539, pending: 10847
I 3235.76] Elapsed: 53:56, vertices: 3800, facets final: 11572, pending: 10822, pool: 98
I 3236.83] recalculating facets...
I 3240.84] Elapsed: 54:01, vertices: 3801, facets final: 11604, pending: 10788, pool: 97
I 3245.87] Elapsed: 54:06, vertices: 3801, facets final: 11636, pending: 10756
I 3251.05] Elapsed: 54:11, vertices: 3801, facets final: 11667, pending: 10725
I 3256.12] Elapsed: 54:16, vertices: 3801, facets final: 11698, pending: 10694
I 3261.18] Elapsed: 54:21, vertices: 3801, facets final: 11733, pending: 10659
I 3266.31] Elapsed: 54:26, vertices: 3802, facets final: 11763, pending: 10630, pool: 99
I 3271.52] Elapsed: 54:32, vertices: 3803, facets final: 11791, pending: 10599, pool: 98
I 3276.65] Elapsed: 54:37, vertices: 3804, facets final: 11823, pending: 10565, pool: 99
I 3281.69] Elapsed: 54:42, vertices: 3806, facets final: 11853, pending: 10533, pool: 100
I 3286.75] Elapsed: 54:47, vertices: 3807, facets final: 11885, pending: 10500, pool: 99
I 3291.87] Elapsed: 54:52, vertices: 3808, facets final: 11916, pending: 10478, pool: 98
I 3297.05] Elapsed: 54:57, vertices: 3808, facets final: 11945, pending: 10449
I 3302.10] Elapsed: 55:02, vertices: 3808, facets final: 11978, pending: 10416
I 3307.24] Elapsed: 55:07, vertices: 3810, facets final: 12008, pending: 10376, pool: 100
I 3312.27] Elapsed: 55:12, vertices: 3812, facets final: 12035, pending: 10355, pool: 99
I 3317.42] Elapsed: 55:17, vertices: 3814, facets final: 12066, pending: 10323, pool: 99
I 3322.45] Elapsed: 55:22, vertices: 3814, facets final: 12099, pending: 10290
I 3327.54] Elapsed: 55:28, vertices: 3815, facets final: 12129, pending: 10264, pool: 98
I 3332.55] Elapsed: 55:33, vertices: 3816, facets final: 12158, pending: 10233, pool: 97
I 3337.76] Elapsed: 55:38, vertices: 3816, facets final: 12191, pending: 10200
I 3342.78] Elapsed: 55:43, vertices: 3817, facets final: 12224, pending: 10166, pool: 97
I 3347.83] Elapsed: 55:48, vertices: 3817, facets final: 12254, pending: 10136
I 3352.86] Elapsed: 55:53, vertices: 3817, facets final: 12286, pending: 10104
I 3357.87] Elapsed: 55:58, vertices: 3818, facets final: 12316, pending: 10079, pool: 98
I 3362.96] Elapsed: 56:03, vertices: 3818, facets final: 12346, pending: 10049
I 3368.02] Elapsed: 56:08, vertices: 3818, facets final: 12375, pending: 10020
I 3373.07] Elapsed: 56:13, vertices: 3818, facets final: 12405, pending: 9990
I 3378.22] Elapsed: 56:18, vertices: 3819, facets final: 12437, pending: 9956, pool: 98
I 3383.25] Elapsed: 56:23, vertices: 3819, facets final: 12470, pending: 9923
I 3388.31] Elapsed: 56:28, vertices: 3820, facets final: 12500, pending: 9891, pool: 97
I 3393.52] Elapsed: 56:34, vertices: 3820, facets final: 12530, pending: 9861
I 3398.60] Elapsed: 56:39, vertices: 3822, facets final: 12558, pending: 9831, pool: 99
I 3403.62] Elapsed: 56:44, vertices: 3823, facets final: 12586, pending: 9801, pool: 100
I 3408.62] Elapsed: 56:49, vertices: 3825, facets final: 12617, pending: 9772, pool: 99
I 3413.75] Elapsed: 56:54, vertices: 3825, facets final: 12650, pending: 9739
I 3418.75] Elapsed: 56:59, vertices: 3826, facets final: 12677, pending: 9714, pool: 99
I 3423.77] Elapsed: 57:04, vertices: 3827, facets final: 12705, pending: 9686, pool: 98
I 3428.78] Elapsed: 57:09, vertices: 3827, facets final: 12735, pending: 9656
I 3433.88] Elapsed: 57:14, vertices: 3828, facets final: 12763, pending: 9627, pool: 97
I 3438.89] Elapsed: 57:19, vertices: 3828, facets final: 12795, pending: 9595
I 3444.02] Elapsed: 57:24, vertices: 3829, facets final: 12825, pending: 9560, pool: 98
I 3449.21] Elapsed: 57:29, vertices: 3830, facets final: 12853, pending: 9532, pool: 98
I 3454.32] Elapsed: 57:34, vertices: 3830, facets final: 12885, pending: 9500
I 3459.46] Elapsed: 57:39, vertices: 3831, facets final: 12913, pending: 9473, pool: 99
I 3464.50] Elapsed: 57:45, vertices: 3832, facets final: 12945, pending: 9446, pool: 98
I 3469.60] Elapsed: 57:50, vertices: 3833, facets final: 12975, pending: 9412, pool: 98
I 3474.76] Elapsed: 57:55, vertices: 3833, facets final: 13007, pending: 9380
I 3479.76] Elapsed: 58:00, vertices: 3834, facets final: 13037, pending: 9348, pool: 98
I 3484.82] Elapsed: 58:05, vertices: 3836, facets final: 13068, pending: 9315, pool: 98
I 3489.93] Elapsed: 58:10, vertices: 3837, facets final: 13100, pending: 9281, pool: 97
I 3495.13] Elapsed: 58:15, vertices: 3837, facets final: 13134, pending: 9247
I 3500.22] Elapsed: 58:20, vertices: 3837, facets final: 13165, pending: 9216
I 3505.30] Elapsed: 58:25, vertices: 3838, facets final: 13194, pending: 9182, pool: 98
I 3510.41] Elapsed: 58:30, vertices: 3838, facets final: 13227, pending: 9149
I 3515.52] Elapsed: 58:36, vertices: 3839, facets final: 13256, pending: 9126, pool: 99
I 3520.52] Elapsed: 58:41, vertices: 3840, facets final: 13284, pending: 9100, pool: 99
I 3525.52] Elapsed: 58:46, vertices: 3841, facets final: 13313, pending: 9072, pool: 98
I 3530.55] Elapsed: 58:51, vertices: 3841, facets final: 13346, pending: 9039
I 3535.56] Elapsed: 58:56, vertices: 3842, facets final: 13375, pending: 9008, pool: 99
I 3540.77] Elapsed: 59:01, vertices: 3842, facets final: 13406, pending: 8977
I 3545.83] Elapsed: 59:06, vertices: 3844, facets final: 13435, pending: 8946, pool: 100
I 3550.89] Elapsed: 59:11, vertices: 3844, facets final: 13464, pending: 8917
I 3555.89] Elapsed: 59:16, vertices: 3845, facets final: 13494, pending: 8885, pool: 99
I 3560.96] Elapsed: 59:21, vertices: 3847, facets final: 13524, pending: 8849, pool: 99
I 3566.01] Elapsed: 59:26, vertices: 3848, facets final: 13553, pending: 8818, pool: 100
I 3571.08] Elapsed: 59:31, vertices: 3848, facets final: 13583, pending: 8788, pool: 99
I 3576.16] Elapsed: 59:36, vertices: 3850, facets final: 13614, pending: 8753, pool: 98
I 3581.16] Elapsed: 59:41, vertices: 3851, facets final: 13643, pending: 8719, pool: 98
I 3586.27] Elapsed: 59:46, vertices: 3852, facets final: 13671, pending: 8686, pool: 99
I 3591.34] Elapsed: 59:51, vertices: 3853, facets final: 13700, pending: 8654, pool: 98
I 3596.34] Elapsed: 59:56, vertices: 3854, facets final: 13729, pending: 8630, pool: 98
I 3601.48] Elapsed: 1:00:01, vertices: 3855, facets final: 13763, pending: 8595, pool: 98
I 3606.59] Elapsed: 1:00:07, vertices: 3855, facets final: 13796, pending: 8562
I 3611.59] Elapsed: 1:00:12, vertices: 3856, facets final: 13825, pending: 8531, pool: 97
I 3616.70] Elapsed: 1:00:17, vertices: 3856, facets final: 13852, pending: 8504
I 3621.79] Elapsed: 1:00:22, vertices: 3856, facets final: 13884, pending: 8472
I 3626.85] Elapsed: 1:00:27, vertices: 3857, facets final: 13915, pending: 8439, pool: 98
I 3631.90] Elapsed: 1:00:32, vertices: 3858, facets final: 13943, pending: 8410, pool: 97
I 3637.01] Elapsed: 1:00:37, vertices: 3858, facets final: 13975, pending: 8378
I 3642.09] Elapsed: 1:00:42, vertices: 3859, facets final: 14005, pending: 8342, pool: 98
I 3647.15] Elapsed: 1:00:47, vertices: 3860, facets final: 14036, pending: 8309, pool: 98
I 3652.22] Elapsed: 1:00:52, vertices: 3861, facets final: 14069, pending: 8272, pool: 98
I 3657.25] Elapsed: 1:00:57, vertices: 3861, facets final: 14103, pending: 8238
I 3662.29] Elapsed: 1:01:02, vertices: 3862, facets final: 14134, pending: 8204, pool: 98
I 3667.39] Elapsed: 1:01:07, vertices: 3863, facets final: 14162, pending: 8193, pool: 98
I 3672.42] Elapsed: 1:01:12, vertices: 3863, facets final: 14192, pending: 8163
I 3677.56] Elapsed: 1:01:18, vertices: 3865, facets final: 14223, pending: 8126, pool: 98
I 3682.65] Elapsed: 1:01:23, vertices: 3866, facets final: 14253, pending: 8092, pool: 98
I 3687.77] Elapsed: 1:01:28, vertices: 3866, facets final: 14287, pending: 8058
I 3692.79] Elapsed: 1:01:33, vertices: 3867, facets final: 14320, pending: 8023, pool: 97
I 3697.85] Elapsed: 1:01:38, vertices: 3868, facets final: 14352, pending: 7989, pool: 97
I 3702.92] Elapsed: 1:01:43, vertices: 3869, facets final: 14380, pending: 7959, pool: 96
I 3707.99] Elapsed: 1:01:48, vertices: 3870, facets final: 14411, pending: 7926, pool: 95
I 3713.19] Elapsed: 1:01:53, vertices: 3870, facets final: 14445, pending: 7892
I 3718.31] Elapsed: 1:01:58, vertices: 3870, facets final: 14478, pending: 7859
I 3723.39] Elapsed: 1:02:03, vertices: 3870, facets final: 14511, pending: 7826
I 3728.39] Elapsed: 1:02:08, vertices: 3870, facets final: 14542, pending: 7795
I 3733.44] Elapsed: 1:02:13, vertices: 3871, facets final: 14574, pending: 7748, pool: 95
I 3738.45] Elapsed: 1:02:18, vertices: 3871, facets final: 14604, pending: 7718
I 3743.54] Elapsed: 1:02:24, vertices: 3872, facets final: 14636, pending: 7686, pool: 94
I 3748.69] Elapsed: 1:02:29, vertices: 3873, facets final: 14669, pending: 7651, pool: 94
I 3753.79] Elapsed: 1:02:34, vertices: 3873, facets final: 14701, pending: 7619
I 3758.83] Elapsed: 1:02:39, vertices: 3873, facets final: 14732, pending: 7588
I 3763.92] Elapsed: 1:02:44, vertices: 3874, facets final: 14761, pending: 7558, pool: 94
I 3768.93] Elapsed: 1:02:49, vertices: 3874, facets final: 14790, pending: 7529
I 3774.00] Elapsed: 1:02:54, vertices: 3875, facets final: 14818, pending: 7507, pool: 95
I 3779.11] Elapsed: 1:02:59, vertices: 3876, facets final: 14847, pending: 7475, pool: 95
I 3784.24] Elapsed: 1:03:04, vertices: 3876, facets final: 14880, pending: 7442
I 3789.24] Elapsed: 1:03:09, vertices: 3876, facets final: 14911, pending: 7411
I 3794.27] Elapsed: 1:03:14, vertices: 3876, facets final: 14939, pending: 7383
I 3799.35] Elapsed: 1:03:19, vertices: 3877, facets final: 14974, pending: 7349, pool: 95
I 3804.46] Elapsed: 1:03:24, vertices: 3877, facets final: 15002, pending: 7321
I 3809.51] Elapsed: 1:03:30, vertices: 3877, facets final: 15035, pending: 7288
I 3814.57] Elapsed: 1:03:35, vertices: 3878, facets final: 15064, pending: 7257, pool: 96
I 3819.71] Elapsed: 1:03:40, vertices: 3879, facets final: 15094, pending: 7224, pool: 95
I 3824.83] Elapsed: 1:03:45, vertices: 3879, facets final: 15126, pending: 7192
I 3830.04] Elapsed: 1:03:50, vertices: 3879, facets final: 15157, pending: 7161
I 3835.08] Elapsed: 1:03:55, vertices: 3880, facets final: 15187, pending: 7136, pool: 95
I 3840.12] Elapsed: 1:04:00, vertices: 3880, facets final: 15226, pending: 7097
I 3845.24] Elapsed: 1:04:05, vertices: 3881, facets final: 15257, pending: 7062, pool: 95
I 3850.52] Elapsed: 1:04:11, vertices: 3881, facets final: 15290, pending: 7029
I 3855.68] Elapsed: 1:04:16, vertices: 3881, facets final: 15321, pending: 6998
I 3860.68] Elapsed: 1:04:21, vertices: 3882, facets final: 15357, pending: 6961, pool: 95
I 3865.84] Elapsed: 1:04:26, vertices: 3882, facets final: 15386, pending: 6932
I 3870.89] Elapsed: 1:04:31, vertices: 3882, facets final: 15415, pending: 6903
I 3875.91] Elapsed: 1:04:36, vertices: 3883, facets final: 15445, pending: 6871, pool: 98
I 3880.99] Elapsed: 1:04:41, vertices: 3884, facets final: 15475, pending: 6840, pool: 97
I 3885.99] Elapsed: 1:04:46, vertices: 3885, facets final: 15504, pending: 6813, pool: 97
I 3890.99] Elapsed: 1:04:51, vertices: 3885, facets final: 15534, pending: 6783
I 3896.05] Elapsed: 1:04:56, vertices: 3886, facets final: 15564, pending: 6758, pool: 98
I 3901.10] Elapsed: 1:05:01, vertices: 3886, facets final: 15595, pending: 6727
I 3906.11] Elapsed: 1:05:06, vertices: 3887, facets final: 15623, pending: 6702, pool: 99
I 3911.17] Elapsed: 1:05:11, vertices: 3888, facets final: 15653, pending: 6676, pool: 99
I 3916.21] Elapsed: 1:05:16, vertices: 3888, facets final: 15683, pending: 6646
I 3921.24] Elapsed: 1:05:21, vertices: 3888, facets final: 15711, pending: 6618, pool: 100
I 3926.31] Elapsed: 1:05:26, vertices: 3890, facets final: 15747, pending: 6585, pool: 99
I 3931.52] Elapsed: 1:05:32, vertices: 3891, facets final: 15779, pending: 6554, pool: 99
I 3936.52] Elapsed: 1:05:37, vertices: 3892, facets final: 15809, pending: 6524, pool: 99
I 3941.57] Elapsed: 1:05:42, vertices: 3895, facets final: 15836, pending: 6500, pool: 99
I 3946.58] Elapsed: 1:05:47, vertices: 3895, facets final: 15868, pending: 6468
I 3951.66] Elapsed: 1:05:52, vertices: 3897, facets final: 15898, pending: 6434, pool: 97
I 3956.76] Elapsed: 1:05:57, vertices: 3898, facets final: 15926, pending: 6404, pool: 96
I 3961.78] Elapsed: 1:06:02, vertices: 3898, facets final: 15957, pending: 6373
I 3966.88] Elapsed: 1:06:07, vertices: 3899, facets final: 15990, pending: 6338, pool: 95
I 3972.05] Elapsed: 1:06:12, vertices: 3899, facets final: 16021, pending: 6307
I 3977.14] Elapsed: 1:06:17, vertices: 3899, facets final: 16052, pending: 6276
I 3982.20] Elapsed: 1:06:22, vertices: 3900, facets final: 16082, pending: 6244, pool: 94
I 3987.36] Elapsed: 1:06:27, vertices: 3900, facets final: 16113, pending: 6213
I 3989.56] recalculating facets...
I 3992.41] Elapsed: 1:06:32, vertices: 3901, facets final: 16144, pending: 6179, pool: 96
I 3997.41] Elapsed: 1:06:37, vertices: 3902, facets final: 16169, pending: 6152, pool: 96
I 4002.52] Elapsed: 1:06:43, vertices: 3903, facets final: 16201, pending: 6118, pool: 95
I 4007.56] Elapsed: 1:06:48, vertices: 3903, facets final: 16234, pending: 6085
I 4012.57] Elapsed: 1:06:53, vertices: 3904, facets final: 16263, pending: 6054, pool: 94
I 4017.66] Elapsed: 1:06:58, vertices: 3905, facets final: 16290, pending: 6031, pool: 95
I 4022.67] Elapsed: 1:07:03, vertices: 3905, facets final: 16327, pending: 5994
I 4027.75] Elapsed: 1:07:08, vertices: 3906, facets final: 16361, pending: 5957, pool: 95
I 4032.83] Elapsed: 1:07:13, vertices: 3907, facets final: 16394, pending: 5922, pool: 94
I 4037.88] Elapsed: 1:07:18, vertices: 3907, facets final: 16423, pending: 5893
I 4043.00] Elapsed: 1:07:23, vertices: 3908, facets final: 16455, pending: 5861, pool: 94
I 4048.10] Elapsed: 1:07:28, vertices: 3908, facets final: 16490, pending: 5826
I 4053.21] Elapsed: 1:07:33, vertices: 3908, facets final: 16522, pending: 5794
I 4058.32] Elapsed: 1:07:38, vertices: 3909, facets final: 16554, pending: 5760, pool: 93
I 4063.42] Elapsed: 1:07:43, vertices: 3909, facets final: 16587, pending: 5727
I 4068.48] Elapsed: 1:07:48, vertices: 3910, facets final: 16619, pending: 5694, pool: 92
I 4073.60] Elapsed: 1:07:54, vertices: 3910, facets final: 16653, pending: 5660
I 4078.60] Elapsed: 1:07:59, vertices: 3911, facets final: 16682, pending: 5629, pool: 92
I 4083.67] Elapsed: 1:08:04, vertices: 3911, facets final: 16716, pending: 5595
I 4088.72] Elapsed: 1:08:09, vertices: 3912, facets final: 16745, pending: 5566, pool: 91
I 4093.77] Elapsed: 1:08:14, vertices: 3912, facets final: 16776, pending: 5535
I 4098.86] Elapsed: 1:08:19, vertices: 3912, facets final: 16805, pending: 5506
I 4104.03] Elapsed: 1:08:24, vertices: 3913, facets final: 16836, pending: 5473, pool: 92
I 4109.05] Elapsed: 1:08:29, vertices: 3913, facets final: 16868, pending: 5441
I 4114.23] Elapsed: 1:08:34, vertices: 3915, facets final: 16897, pending: 5421, pool: 90
I 4119.29] Elapsed: 1:08:39, vertices: 3915, facets final: 16931, pending: 5387
I 4124.29] Elapsed: 1:08:44, vertices: 3915, facets final: 16959, pending: 5359
I 4129.31] Elapsed: 1:08:49, vertices: 3917, facets final: 16988, pending: 5326, pool: 89
I 4134.43] Elapsed: 1:08:54, vertices: 3917, facets final: 17022, pending: 5292
I 4139.49] Elapsed: 1:08:59, vertices: 3917, facets final: 17054, pending: 5260
I 4144.49] Elapsed: 1:09:04, vertices: 3917, facets final: 17084, pending: 5230
I 4149.53] Elapsed: 1:09:10, vertices: 3918, facets final: 17116, pending: 5191, pool: 89
I 4154.55] Elapsed: 1:09:15, vertices: 3918, facets final: 17148, pending: 5159
I 4159.76] Elapsed: 1:09:20, vertices: 3918, facets final: 17178, pending: 5129
I 4164.83] Elapsed: 1:09:25, vertices: 3918, facets final: 17209, pending: 5098
I 4169.91] Elapsed: 1:09:30, vertices: 3919, facets final: 17243, pending: 5063, pool: 88
I 4174.99] Elapsed: 1:09:35, vertices: 3919, facets final: 17273, pending: 5033
I 4180.07] Elapsed: 1:09:40, vertices: 3919, facets final: 17307, pending: 4999
I 4185.13] Elapsed: 1:09:45, vertices: 3920, facets final: 17336, pending: 4966, pool: 88
I 4190.16] Elapsed: 1:09:50, vertices: 3920, facets final: 17371, pending: 4931
I 4195.26] Elapsed: 1:09:55, vertices: 3921, facets final: 17401, pending: 4899, pool: 88
I 4200.33] Elapsed: 1:10:00, vertices: 3921, facets final: 17432, pending: 4868
I 4205.38] Elapsed: 1:10:05, vertices: 3921, facets final: 17465, pending: 4835
I 4210.54] Elapsed: 1:10:11, vertices: 3921, facets final: 17498, pending: 4802
I 4215.55] Elapsed: 1:10:16, vertices: 3923, facets final: 17528, pending: 4770, pool: 87
I 4220.58] Elapsed: 1:10:21, vertices: 3923, facets final: 17559, pending: 4739
I 4225.61] Elapsed: 1:10:26, vertices: 3923, facets final: 17591, pending: 4707
I 4230.64] Elapsed: 1:10:31, vertices: 3923, facets final: 17621, pending: 4677
I 4235.74] Elapsed: 1:10:36, vertices: 3924, facets final: 17652, pending: 4644, pool: 87
I 4240.81] Elapsed: 1:10:41, vertices: 3924, facets final: 17681, pending: 4615
I 4245.97] Elapsed: 1:10:46, vertices: 3924, facets final: 17711, pending: 4585
I 4251.01] Elapsed: 1:10:51, vertices: 3925, facets final: 17741, pending: 4559, pool: 88
I 4256.15] Elapsed: 1:10:56, vertices: 3926, facets final: 17768, pending: 4530, pool: 87
I 4261.19] Elapsed: 1:11:01, vertices: 3926, facets final: 17801, pending: 4497
I 4266.51] Elapsed: 1:11:07, vertices: 3927, facets final: 17831, pending: 4463, pool: 87
I 4271.65] Elapsed: 1:11:12, vertices: 3927, facets final: 17865, pending: 4429
I 4276.73] Elapsed: 1:11:17, vertices: 3928, facets final: 17897, pending: 4395, pool: 88
I 4281.82] Elapsed: 1:11:22, vertices: 3928, facets final: 17928, pending: 4364
I 4286.89] Elapsed: 1:11:27, vertices: 3928, facets final: 17961, pending: 4331
I 4291.98] Elapsed: 1:11:32, vertices: 3928, facets final: 17994, pending: 4298
I 4297.15] Elapsed: 1:11:37, vertices: 3929, facets final: 18028, pending: 4262, pool: 88
I 4302.19] Elapsed: 1:11:42, vertices: 3929, facets final: 18060, pending: 4230
I 4307.24] Elapsed: 1:11:47, vertices: 3931, facets final: 18093, pending: 4195, pool: 88
I 4312.27] Elapsed: 1:11:52, vertices: 3931, facets final: 18119, pending: 4169
I 4317.34] Elapsed: 1:11:57, vertices: 3932, facets final: 18151, pending: 4137, pool: 91
I 4322.48] Elapsed: 1:12:02, vertices: 3932, facets final: 18182, pending: 4106
I 4327.52] Elapsed: 1:12:08, vertices: 3933, facets final: 18213, pending: 4076, pool: 90
I 4332.56] Elapsed: 1:12:13, vertices: 3933, facets final: 18246, pending: 4043
I 4337.61] Elapsed: 1:12:18, vertices: 3935, facets final: 18275, pending: 4012, pool: 88
I 4342.64] Elapsed: 1:12:23, vertices: 3936, facets final: 18304, pending: 3981, pool: 87
I 4347.77] Elapsed: 1:12:28, vertices: 3936, facets final: 18338, pending: 3947
I 4352.86] Elapsed: 1:12:33, vertices: 3937, facets final: 18369, pending: 3914, pool: 86
I 4358.07] Elapsed: 1:12:38, vertices: 3937, facets final: 18403, pending: 3880
I 4363.18] Elapsed: 1:12:43, vertices: 3937, facets final: 18438, pending: 3845
I 4368.24] Elapsed: 1:12:48, vertices: 3937, facets final: 18471, pending: 3812
I 4373.30] Elapsed: 1:12:53, vertices: 3938, facets final: 18501, pending: 3781, pool: 87
I 4378.46] Elapsed: 1:12:58, vertices: 3938, facets final: 18532, pending: 3750
I 4383.50] Elapsed: 1:13:04, vertices: 3939, facets final: 18561, pending: 3717, pool: 88
I 4388.58] Elapsed: 1:13:09, vertices: 3939, facets final: 18595, pending: 3683
I 4393.59] Elapsed: 1:13:14, vertices: 3940, facets final: 18624, pending: 3655, pool: 88
I 4398.75] Elapsed: 1:13:19, vertices: 3940, facets final: 18654, pending: 3625
I 4403.79] Elapsed: 1:13:24, vertices: 3941, facets final: 18685, pending: 3592, pool: 87
I 4408.92] Elapsed: 1:13:29, vertices: 3941, facets final: 18724, pending: 3553
I 4413.99] Elapsed: 1:13:34, vertices: 3942, facets final: 18753, pending: 3522, pool: 87
I 4419.13] Elapsed: 1:13:39, vertices: 3942, facets final: 18788, pending: 3487
I 4424.15] Elapsed: 1:13:44, vertices: 3944, facets final: 18816, pending: 3455, pool: 85
I 4429.26] Elapsed: 1:13:49, vertices: 3944, facets final: 18849, pending: 3422
I 4434.49] Elapsed: 1:13:54, vertices: 3944, facets final: 18883, pending: 3388
I 4439.53] Elapsed: 1:14:00, vertices: 3945, facets final: 18913, pending: 3356, pool: 86
I 4444.67] Elapsed: 1:14:05, vertices: 3945, facets final: 18947, pending: 3322
I 4449.82] Elapsed: 1:14:10, vertices: 3945, facets final: 18976, pending: 3293
I 4454.91] Elapsed: 1:14:15, vertices: 3947, facets final: 19006, pending: 3259, pool: 85
I 4460.02] Elapsed: 1:14:20, vertices: 3947, facets final: 19038, pending: 3227
I 4465.12] Elapsed: 1:14:25, vertices: 3948, facets final: 19070, pending: 3196, pool: 84
I 4470.20] Elapsed: 1:14:30, vertices: 3949, facets final: 19102, pending: 3162, pool: 83
I 4475.42] Elapsed: 1:14:35, vertices: 3949, facets final: 19132, pending: 3132
I 4480.46] Elapsed: 1:14:40, vertices: 3949, facets final: 19165, pending: 3099
I 4485.52] Elapsed: 1:14:46, vertices: 3951, facets final: 19197, pending: 3077, pool: 83
I 4490.58] Elapsed: 1:14:51, vertices: 3952, facets final: 19232, pending: 3040, pool: 82
I 4495.72] Elapsed: 1:14:56, vertices: 3952, facets final: 19266, pending: 3006
I 4500.78] Elapsed: 1:15:01, vertices: 3952, facets final: 19296, pending: 2976
I 4505.88] Elapsed: 1:15:06, vertices: 3953, facets final: 19328, pending: 2944, pool: 82
I 4510.96] Elapsed: 1:15:11, vertices: 3954, facets final: 19360, pending: 2910, pool: 82
I 4516.07] Elapsed: 1:15:16, vertices: 3954, facets final: 19392, pending: 2878
I 4521.12] Elapsed: 1:15:21, vertices: 3955, facets final: 19424, pending: 2844, pool: 81
I 4526.19] Elapsed: 1:15:26, vertices: 3955, facets final: 19456, pending: 2812
I 4531.27] Elapsed: 1:15:31, vertices: 3956, facets final: 19486, pending: 2780, pool: 80
I 4536.39] Elapsed: 1:15:36, vertices: 3956, facets final: 19521, pending: 2745
I 4541.40] Elapsed: 1:15:41, vertices: 3957, facets final: 19552, pending: 2712, pool: 80
I 4546.42] Elapsed: 1:15:46, vertices: 3958, facets final: 19583, pending: 2683, pool: 79
I 4551.58] Elapsed: 1:15:52, vertices: 3958, facets final: 19616, pending: 2650
I 4556.69] Elapsed: 1:15:57, vertices: 3959, facets final: 19652, pending: 2618, pool: 80
I 4561.78] Elapsed: 1:16:02, vertices: 3960, facets final: 19683, pending: 2586, pool: 79
I 4566.78] Elapsed: 1:16:07, vertices: 3961, facets final: 19710, pending: 2557, pool: 78
I 4571.83] Elapsed: 1:16:12, vertices: 3963, facets final: 19742, pending: 2521, pool: 76
I 4576.95] Elapsed: 1:16:17, vertices: 3963, facets final: 19778, pending: 2485
I 4582.06] Elapsed: 1:16:22, vertices: 3963, facets final: 19808, pending: 2455
I 4587.15] Elapsed: 1:16:27, vertices: 3964, facets final: 19838, pending: 2423, pool: 76
I 4592.16] Elapsed: 1:16:32, vertices: 3964, facets final: 19868, pending: 2393
I 4597.19] Elapsed: 1:16:37, vertices: 3965, facets final: 19900, pending: 2359, pool: 76
I 4602.20] Elapsed: 1:16:42, vertices: 3965, facets final: 19928, pending: 2331
I 4607.28] Elapsed: 1:16:47, vertices: 3966, facets final: 19960, pending: 2298, pool: 75
I 4612.29] Elapsed: 1:16:52, vertices: 3966, facets final: 19991, pending: 2267
I 4617.59] Elapsed: 1:16:58, vertices: 3967, facets final: 20021, pending: 2236, pool: 74
I 4622.63] Elapsed: 1:17:03, vertices: 3967, facets final: 20054, pending: 2203
I 4627.63] Elapsed: 1:17:08, vertices: 3968, facets final: 20083, pending: 2171, pool: 75
I 4632.67] Elapsed: 1:17:13, vertices: 3969, facets final: 20114, pending: 2139, pool: 74
I 4637.71] Elapsed: 1:17:18, vertices: 3969, facets final: 20146, pending: 2107
I 4642.72] Elapsed: 1:17:23, vertices: 3970, facets final: 20176, pending: 2076, pool: 74
I 4647.78] Elapsed: 1:17:28, vertices: 3970, facets final: 20208, pending: 2044
I 4652.78] Elapsed: 1:17:33, vertices: 3971, facets final: 20243, pending: 2008, pool: 73
I 4657.79] Elapsed: 1:17:38, vertices: 3971, facets final: 20271, pending: 1980
I 4662.79] Elapsed: 1:17:43, vertices: 3972, facets final: 20301, pending: 1950, pool: 73
I 4667.89] Elapsed: 1:17:48, vertices: 3973, facets final: 20338, pending: 1912, pool: 73
I 4672.97] Elapsed: 1:17:53, vertices: 3974, facets final: 20371, pending: 1878, pool: 72
I 4678.05] Elapsed: 1:17:58, vertices: 3974, facets final: 20404, pending: 1845
I 4683.06] Elapsed: 1:18:03, vertices: 3975, facets final: 20440, pending: 1810, pool: 71
I 4688.21] Elapsed: 1:18:08, vertices: 3975, facets final: 20472, pending: 1778
I 4693.33] Elapsed: 1:18:13, vertices: 3976, facets final: 20506, pending: 1750, pool: 71
I 4698.37] Elapsed: 1:18:18, vertices: 3976, facets final: 20538, pending: 1718
I 4703.48] Elapsed: 1:18:23, vertices: 3977, facets final: 20569, pending: 1686, pool: 71
I 4708.53] Elapsed: 1:18:29, vertices: 3978, facets final: 20604, pending: 1650, pool: 70
I 4713.60] Elapsed: 1:18:34, vertices: 3978, facets final: 20637, pending: 1617
I 4718.62] Elapsed: 1:18:39, vertices: 3979, facets final: 20667, pending: 1586, pool: 69
I 4723.73] Elapsed: 1:18:44, vertices: 3979, facets final: 20701, pending: 1552
I 4728.76] Elapsed: 1:18:49, vertices: 3980, facets final: 20733, pending: 1519, pool: 69
I 4733.81] Elapsed: 1:18:54, vertices: 3980, facets final: 20765, pending: 1487
I 4738.83] Elapsed: 1:18:59, vertices: 3981, facets final: 20797, pending: 1450, pool: 69
I 4743.90] Elapsed: 1:19:04, vertices: 3981, facets final: 20828, pending: 1419
I 4749.14] Elapsed: 1:19:09, vertices: 3981, facets final: 20857, pending: 1390, pool: 69
I 4754.28] Elapsed: 1:19:14, vertices: 3982, facets final: 20886, pending: 1360
I 4759.33] Elapsed: 1:19:19, vertices: 3983, facets final: 20920, pending: 1329, pool: 68
I 4764.34] Elapsed: 1:19:24, vertices: 3984, facets final: 20950, pending: 1298, pool: 67
I 4769.37] Elapsed: 1:19:29, vertices: 3984, facets final: 20984, pending: 1264
I 4774.58] Elapsed: 1:19:35, vertices: 3985, facets final: 21020, pending: 1226, pool: 67
I 4779.69] Elapsed: 1:19:40, vertices: 3986, facets final: 21052, pending: 1197, pool: 66
I 4784.70] Elapsed: 1:19:45, vertices: 3986, facets final: 21084, pending: 1165
I 4789.70] Elapsed: 1:19:50, vertices: 3987, facets final: 21112, pending: 1136, pool: 66
I 4794.70] Elapsed: 1:19:55, vertices: 3987, facets final: 21142, pending: 1106
I 4799.73] Elapsed: 1:20:00, vertices: 3988, facets final: 21171, pending: 1072, pool: 66
I 4804.73] Elapsed: 1:20:05, vertices: 3989, facets final: 21202, pending: 1043, pool: 67
I 4809.81] Elapsed: 1:20:10, vertices: 3990, facets final: 21237, pending: 1012, pool: 66
I 4814.81] Elapsed: 1:20:15, vertices: 3991, facets final: 21272, pending: 976, pool: 65
I 4819.94] Elapsed: 1:20:20, vertices: 3991, facets final: 21299, pending: 949
I 4825.09] Elapsed: 1:20:25, vertices: 3992, facets final: 21332, pending: 914, pool: 65
I 4830.16] Elapsed: 1:20:30, vertices: 3994, facets final: 21366, pending: 877, pool: 64
I 4835.21] Elapsed: 1:20:35, vertices: 3995, facets final: 21401, pending: 842, pool: 63
I 4840.21] Elapsed: 1:20:40, vertices: 3995, facets final: 21435, pending: 808
I 4845.29] Elapsed: 1:20:45, vertices: 3997, facets final: 21467, pending: 778, pool: 61
I 4850.32] Elapsed: 1:20:50, vertices: 3998, facets final: 21500, pending: 745, pool: 60
I 4855.36] Elapsed: 1:20:55, vertices: 3999, facets final: 21531, pending: 713, pool: 59
I 4860.36] Elapsed: 1:21:00, vertices: 4000, facets final: 21562, pending: 686, pool: 58
I 4864.36] recalculating facets...
I 4865.41] Elapsed: 1:21:05, vertices: 4001, facets final: 21594, pending: 653, pool: 57
I 4870.53] Elapsed: 1:21:11, vertices: 4003, facets final: 21624, pending: 622, pool: 56
I 4875.64] Elapsed: 1:21:16, vertices: 4007, facets final: 21655, pending: 590, pool: 54
I 4880.68] Elapsed: 1:21:21, vertices: 4009, facets final: 21686, pending: 557, pool: 53
I 4885.74] Elapsed: 1:21:26, vertices: 4011, facets final: 21716, pending: 527, pool: 51
I 4890.94] Elapsed: 1:21:31, vertices: 4014, facets final: 21748, pending: 494, pool: 48
I 4895.97] Elapsed: 1:21:36, vertices: 4017, facets final: 21780, pending: 466, pool: 45
I 4901.11] Elapsed: 1:21:41, vertices: 4020, facets final: 21807, pending: 435, pool: 44
I 4906.22] Elapsed: 1:21:46, vertices: 4023, facets final: 21842, pending: 397, pool: 41
I 4911.41] Elapsed: 1:21:51, vertices: 4027, facets final: 21875, pending: 361, pool: 37
I 4916.51] Elapsed: 1:21:57, vertices: 4031, facets final: 21905, pending: 331, pool: 34
I 4921.51] Elapsed: 1:22:02, vertices: 4039, facets final: 21932, pending: 292, pool: 29
I 4926.56] Elapsed: 1:22:07, vertices: 4044, facets final: 21964, pending: 257, pool: 25
I 4931.59] Elapsed: 1:22:12, vertices: 4052, facets final: 21992, pending: 222, pool: 17
I 4936.66] Elapsed: 1:22:17, vertices: 4061, facets final: 22022, pending: 183, pool: 9
I 4941.78] Elapsed: 1:22:22, vertices: 4068, facets final: 22064, pending: 136, pool: 2
I 4946.88] Elapsed: 1:22:27, vertices: 4071, facets final: 22105, pending: 86, pool: 2
I 4951.95] Elapsed: 1:22:32, vertices: 4078, facets final: 22153, pending: 28, pool: 2
I 4955.12] Elapsed: 1:22:35, vertices: 4090, facets final: 22170, pending: 0

--------------------------------
Problem completed
 name                    204.vlp
 output                  vlp/204.res
 rows, cols, objs        177, 4625, 10
 vertices, facets        4090, 22170
 total time              1:22:35
--------------------------------
Statistics
LP:
 oracle calls            26608
   avg iterations/calls  237.44
 total oracle time       1:08:52
Combinatorics:
 vertices added          4090
 facets probed           35440
 facets # max            30688
 memory allocated        43.64M
 storage expansion
   vertices # / upto     33 / 4220
   facets   # / upto     8 / 32764
 facet manipulating
   added avg / max       81.63 / 1.02k
   compressed            190
 number of ridge tests
   avg / max             1.71M / 32.23M
--------------------------------
Parameters with non-default values
 VertexPoolSize = 100
