C copy string: rs=ac:bd;t=d:bcr;ar,br,cr,d;ar,br,c,dr; ineq: base30.txt
I    0.97] recalculating facets...
I    3.22] recalculating facets...
I    5.00] Elapsed: 5.00, vertices: 151, facets final: 30, pending: 13472, pool: 152
I    6.74] recalculating facets...
I   10.01] Elapsed: 10.01, vertices: 230, facets final: 44, pending: 18807, pool: 200
I   10.69] recalculating facets...
I   15.03] Elapsed: 15.03, vertices: 299, facets final: 53, pending: 21341, pool: 200
I   15.10] recalculating facets...
I   19.37] recalculating facets...
I   20.05] Elapsed: 20.05, vertices: 370, facets final: 68, pending: 20329, pool: 198
I   23.31] recalculating facets...
I   25.08] Elapsed: 25.08, vertices: 446, facets final: 88, pending: 21789, pool: 200
I   27.38] recalculating facets...
I   30.11] Elapsed: 30.11, vertices: 520, facets final: 117, pending: 23583, pool: 200
I   31.64] recalculating facets...
I   35.13] Elapsed: 35.13, vertices: 590, facets final: 145, pending: 23685, pool: 199
I   35.86] recalculating facets...
I   40.13] Elapsed: 40.13, vertices: 660, facets final: 177, pending: 24120, pool: 200
I   40.18] recalculating facets...
I   44.85] recalculating facets...
I   45.17] Elapsed: 45.17, vertices: 724, facets final: 218, pending: 25004, pool: 199
I   49.33] recalculating facets...
I   50.20] Elapsed: 50.20, vertices: 791, facets final: 249, pending: 24821, pool: 199
I   53.87] recalculating facets...
I   55.20] Elapsed: 55.20, vertices: 857, facets final: 273, pending: 25294, pool: 200
I   58.49] recalculating facets...
I   60.23] Elapsed: 1:00, vertices: 922, facets final: 316, pending: 25867, pool: 200
I   63.20] recalculating facets...
I   65.23] Elapsed: 1:05, vertices: 985, facets final: 337, pending: 26708, pool: 200
I   67.97] recalculating facets...
I   70.25] Elapsed: 1:10, vertices: 1047, facets final: 368, pending: 27199, pool: 200
I   73.02] recalculating facets...
I   75.30] Elapsed: 1:15, vertices: 1107, facets final: 411, pending: 26802, pool: 200
I   77.82] recalculating facets...
I   80.30] Elapsed: 1:20, vertices: 1173, facets final: 441, pending: 25670, pool: 198
I   82.40] recalculating facets...
I   85.33] Elapsed: 1:25, vertices: 1237, facets final: 502, pending: 26319, pool: 200
I   87.08] recalculating facets...
I   90.34] Elapsed: 1:30, vertices: 1304, facets final: 545, pending: 25690, pool: 200
I   91.67] recalculating facets...
I   95.38] Elapsed: 1:35, vertices: 1370, facets final: 614, pending: 24500, pool: 200
I   96.06] recalculating facets...
I  100.40] Elapsed: 1:40, vertices: 1440, facets final: 686, pending: 24078, pool: 200
I  100.45] recalculating facets...
I  104.99] recalculating facets...
I  105.43] Elapsed: 1:45, vertices: 1506, facets final: 786, pending: 23409, pool: 200
I  109.13] recalculating facets...
I  110.43] Elapsed: 1:50, vertices: 1576, facets final: 853, pending: 23279, pool: 200
I  113.48] recalculating facets...
I  115.48] Elapsed: 1:55, vertices: 1649, facets final: 944, pending: 22414, pool: 199
I  117.81] recalculating facets...
I  120.48] Elapsed: 2:00, vertices: 1717, facets final: 1025, pending: 21600, pool: 200
I  122.22] recalculating facets...
I  125.48] Elapsed: 2:05, vertices: 1787, facets final: 1154, pending: 20879, pool: 200
I  126.42] recalculating facets...
I  130.54] Elapsed: 2:11, vertices: 1857, facets final: 1279, pending: 20091, pool: 200
I  130.77] recalculating facets...
I  134.86] recalculating facets...
I  135.55] Elapsed: 2:16, vertices: 1931, facets final: 1381, pending: 19410, pool: 200
I  138.40] recalculating facets...
I  140.56] Elapsed: 2:21, vertices: 2015, facets final: 1499, pending: 18858, pool: 200
I  142.13] recalculating facets...
I  145.60] Elapsed: 2:26, vertices: 2091, facets final: 1643, pending: 18285, pool: 199
I  146.29] recalculating facets...
I  150.62] Elapsed: 2:31, vertices: 2160, facets final: 1839, pending: 17640, pool: 199
I  150.62] recalculating facets...
I  155.11] recalculating facets...
I  155.62] Elapsed: 2:36, vertices: 2227, facets final: 2048, pending: 17173, pool: 200
I  159.89] recalculating facets...
I  160.62] Elapsed: 2:41, vertices: 2289, facets final: 2280, pending: 16526, pool: 200
I  164.67] recalculating facets...
I  165.62] Elapsed: 2:46, vertices: 2352, facets final: 2529, pending: 15968, pool: 200
I  168.92] recalculating facets...
I  170.62] Elapsed: 2:51, vertices: 2425, facets final: 2834, pending: 15301, pool: 199
I  172.85] recalculating facets...
I  175.62] Elapsed: 2:56, vertices: 2503, facets final: 3160, pending: 14641, pool: 198
I  176.74] recalculating facets...
I  180.62] Elapsed: 3:01, vertices: 2570, facets final: 3588, pending: 13828, pool: 200
I  181.51] recalculating facets...
I  185.64] Elapsed: 3:06, vertices: 2635, facets final: 3995, pending: 13199, pool: 199
I  186.11] recalculating facets...
I  190.61] recalculating facets...
I  190.65] Elapsed: 3:11, vertices: 2701, facets final: 4418, pending: 12668, pool: 200
I  195.65] Elapsed: 3:16, vertices: 2759, facets final: 4909, pending: 12057, pool: 197
I  195.78] recalculating facets...
I  200.65] Elapsed: 3:21, vertices: 2807, facets final: 5496, pending: 11381, pool: 197
I  202.00] recalculating facets...
I  205.65] Elapsed: 3:26, vertices: 2857, facets final: 6070, pending: 10692, pool: 200
I  208.27] recalculating facets...
I  210.65] Elapsed: 3:31, vertices: 2897, facets final: 6751, pending: 9860, pool: 197
I  215.66] Elapsed: 3:36, vertices: 2938, facets final: 7421, pending: 9106, pool: 193
I  215.80] recalculating facets...
I  220.66] Elapsed: 3:41, vertices: 2978, facets final: 8161, pending: 8247, pool: 172
I  224.98] recalculating facets...
I  225.66] Elapsed: 3:46, vertices: 3005, facets final: 9032, pending: 7310, pool: 179
I  230.68] Elapsed: 3:51, vertices: 3039, facets final: 9812, pending: 6427, pool: 165
I  235.20] recalculating facets...
I  235.68] Elapsed: 3:56, vertices: 3064, facets final: 10727, pending: 5488, pool: 158
I  240.68] Elapsed: 4:01, vertices: 3091, facets final: 11628, pending: 4539, pool: 152
I  245.38] recalculating facets...
I  245.68] Elapsed: 4:06, vertices: 3122, facets final: 12477, pending: 3670, pool: 141
I  250.68] Elapsed: 4:11, vertices: 3160, facets final: 13334, pending: 2832, pool: 120
I  253.01] recalculating facets...
I  255.68] Elapsed: 4:16, vertices: 3208, facets final: 14168, pending: 1920, pool: 89
I  260.68] Elapsed: 4:21, vertices: 3237, facets final: 15146, pending: 920, pool: 78
I  261.46] recalculating facets...
I  264.91] recalculating facets...
I  265.68] Elapsed: 4:26, vertices: 3328, facets final: 15884, pending: 126, pool: 29
I  266.32] recalculating facets...
I  266.61] Elapsed: 4:27, vertices: 3376, facets final: 15976, pending: 0

--------------------------------
Problem completed
 name                    4.vlp
 output                  vlp/4.res
 rows, cols, objs        72, 3567, 10
 vertices, facets        3376, 15976
 total time              4:27
--------------------------------
Statistics
LP:
 oracle calls            20503
   avg iterations/calls  29.63
 total oracle time       1:28
Combinatorics:
 vertices added          3376
 facets probed           44398
 facets # max            27756
 memory allocated        36.79M
 storage expansion
   vertices # / upto     27 / 3452
   facets   # / upto     7 / 28668
 facet manipulating
   added avg / max       99.68 / 1.45k
   compressed            170
 number of ridge tests
   avg / max             1.83M / 15.28M
--------------------------------
Parameters with non-default values
 VertexPoolSize = 200
 RecalculateFacets = 60
 PolytopeEps = 1e-08
 ScaleEps = 5e-08
 RoundEps = 5e-08
