C copy string: rs=cd:ab;t=c:ar;u=b:acrt;ar,br,cr,d;ar,br,c,dr; ineq: base30.txt
I    5.12] Elapsed: 5.12, vertices: 42, facets final: 30, pending: 1318, pool: 59
I    6.65] recalculating facets...
I   10.14] Elapsed: 10.14, vertices: 98, facets final: 33, pending: 5076, pool: 152
I   11.64] recalculating facets...
I   15.24] Elapsed: 15.24, vertices: 157, facets final: 38, pending: 8544, pool: 191
I   17.07] recalculating facets...
I   20.27] Elapsed: 20.27, vertices: 229, facets final: 46, pending: 12529, pool: 200
I   21.04] recalculating facets...
I   25.29] Elapsed: 25.29, vertices: 295, facets final: 52, pending: 16404, pool: 200
I   25.67] recalculating facets...
I   30.29] Elapsed: 30.29, vertices: 355, facets final: 61, pending: 18528, pool: 200
I   30.77] recalculating facets...
I   35.34] Elapsed: 35.34, vertices: 407, facets final: 67, pending: 21735, pool: 200
I   36.60] recalculating facets...
I   40.36] Elapsed: 40.36, vertices: 455, facets final: 73, pending: 23675, pool: 200
I   43.13] recalculating facets...
I   45.42] Elapsed: 45.42, vertices: 496, facets final: 79, pending: 26058, pool: 200
I   50.47] Elapsed: 50.47, vertices: 537, facets final: 90, pending: 27188, pool: 200
I   51.00] recalculating facets...
I   55.54] Elapsed: 55.54, vertices: 576, facets final: 99, pending: 28158, pool: 199
I   58.84] recalculating facets...
I   60.61] Elapsed: 1:01, vertices: 612, facets final: 119, pending: 29208, pool: 200
I   65.64] Elapsed: 1:06, vertices: 650, facets final: 127, pending: 29807, pool: 200
I   67.13] recalculating facets...
I   70.68] Elapsed: 1:11, vertices: 685, facets final: 135, pending: 30686, pool: 199
I   75.52] recalculating facets...
I   75.68] Elapsed: 1:16, vertices: 721, facets final: 146, pending: 30764, pool: 200
I   80.74] Elapsed: 1:21, vertices: 758, facets final: 159, pending: 31623, pool: 200
I   84.04] recalculating facets...
I   85.77] Elapsed: 1:26, vertices: 792, facets final: 161, pending: 31848, pool: 200
I   90.78] Elapsed: 1:31, vertices: 824, facets final: 180, pending: 32492, pool: 200
I   93.23] recalculating facets...
I   95.80] Elapsed: 1:36, vertices: 854, facets final: 201, pending: 33084, pool: 200
I  100.82] Elapsed: 1:41, vertices: 887, facets final: 212, pending: 33460, pool: 200
I  103.14] recalculating facets...
I  105.84] Elapsed: 1:46, vertices: 918, facets final: 226, pending: 33533, pool: 200
I  110.91] Elapsed: 1:51, vertices: 949, facets final: 239, pending: 34001, pool: 200
I  112.51] recalculating facets...
I  115.97] Elapsed: 1:56, vertices: 983, facets final: 246, pending: 34284, pool: 200
I  121.04] Elapsed: 2:01, vertices: 1013, facets final: 258, pending: 33997, pool: 200
I  122.10] recalculating facets...
I  126.06] Elapsed: 2:06, vertices: 1042, facets final: 264, pending: 33499, pool: 200
I  131.14] Elapsed: 2:11, vertices: 1071, facets final: 275, pending: 33549, pool: 199
I  132.83] recalculating facets...
I  136.22] Elapsed: 2:16, vertices: 1098, facets final: 285, pending: 33784, pool: 200
I  141.27] Elapsed: 2:21, vertices: 1131, facets final: 294, pending: 33430, pool: 200
I  142.72] recalculating facets...
I  146.30] Elapsed: 2:26, vertices: 1160, facets final: 307, pending: 33926, pool: 200
I  151.35] Elapsed: 2:31, vertices: 1193, facets final: 317, pending: 33639, pool: 200
I  152.38] recalculating facets...
I  156.37] Elapsed: 2:36, vertices: 1227, facets final: 327, pending: 33175, pool: 200
I  160.98] recalculating facets...
I  161.37] Elapsed: 2:41, vertices: 1263, facets final: 337, pending: 33040, pool: 200
I  166.38] Elapsed: 2:46, vertices: 1293, facets final: 358, pending: 33094, pool: 200
I  170.45] recalculating facets...
I  171.38] Elapsed: 2:51, vertices: 1325, facets final: 371, pending: 32949, pool: 200
I  176.39] Elapsed: 2:56, vertices: 1359, facets final: 382, pending: 33118, pool: 200
I  179.59] recalculating facets...
I  181.48] Elapsed: 3:01, vertices: 1392, facets final: 400, pending: 33340, pool: 199
I  186.48] Elapsed: 3:06, vertices: 1426, facets final: 416, pending: 33398, pool: 200
I  189.09] recalculating facets...
I  191.50] Elapsed: 3:12, vertices: 1457, facets final: 430, pending: 33227, pool: 199
I  196.57] Elapsed: 3:17, vertices: 1490, facets final: 455, pending: 32752, pool: 200
I  198.04] recalculating facets...
I  201.57] Elapsed: 3:22, vertices: 1524, facets final: 469, pending: 32412, pool: 200
I  206.60] Elapsed: 3:27, vertices: 1553, facets final: 500, pending: 32102, pool: 200
I  207.65] recalculating facets...
I  211.60] Elapsed: 3:32, vertices: 1585, facets final: 521, pending: 31832, pool: 199
I  216.65] Elapsed: 3:37, vertices: 1618, facets final: 539, pending: 31530, pool: 200
I  216.98] recalculating facets...
I  221.67] Elapsed: 3:42, vertices: 1650, facets final: 573, pending: 31272, pool: 199
I  226.45] recalculating facets...
I  226.71] Elapsed: 3:47, vertices: 1682, facets final: 591, pending: 31136, pool: 200
I  231.72] Elapsed: 3:52, vertices: 1715, facets final: 607, pending: 31388, pool: 200
I  235.74] recalculating facets...
I  236.79] Elapsed: 3:57, vertices: 1748, facets final: 623, pending: 31238, pool: 200
I  241.82] Elapsed: 4:02, vertices: 1784, facets final: 644, pending: 30826, pool: 200
I  244.43] recalculating facets...
I  246.89] Elapsed: 4:07, vertices: 1815, facets final: 668, pending: 30763, pool: 200
I  251.90] Elapsed: 4:12, vertices: 1848, facets final: 682, pending: 30508, pool: 200
I  253.75] recalculating facets...
I  256.91] Elapsed: 4:17, vertices: 1879, facets final: 709, pending: 30125, pool: 199
I  261.92] Elapsed: 4:22, vertices: 1910, facets final: 730, pending: 30019, pool: 200
I  263.32] recalculating facets...
recalculate_facet: numerical instability at facet 34589, coord 0 (1.2916e-06)
recalculate_facet: numerical instability at facet 34589, coord 1 (-2.35234e-06)
recalculate_facet: numerical instability at facet 34589, coord 10 (-1.2937e-06)
recalculate_facet: numerical instability at facet 34592, coord 0 (1.54513e-06)
recalculate_facet: numerical instability at facet 34592, coord 1 (-2.62857e-06)
recalculate_facet: numerical instability at facet 34592, coord 3 (4.16891e-06)
recalculate_facet: numerical instability at facet 34592, coord 5 (-2.36075e-06)
I  266.94] Elapsed: 4:27, vertices: 1940, facets final: 767, pending: 29665, pool: 200
I  272.03] Elapsed: 4:32, vertices: 1974, facets final: 793, pending: 29273, pool: 200
I  272.85] recalculating facets...
I  277.06] Elapsed: 4:37, vertices: 2010, facets final: 824, pending: 28843, pool: 200
I  282.03] recalculating facets...
I  282.10] Elapsed: 4:42, vertices: 2041, facets final: 863, pending: 28461, pool: 200
I  287.24] Elapsed: 4:47, vertices: 2071, facets final: 899, pending: 28309, pool: 200
I  291.23] recalculating facets...
I  292.24] Elapsed: 4:52, vertices: 2107, facets final: 927, pending: 28357, pool: 200
I  297.26] Elapsed: 4:57, vertices: 2140, facets final: 967, pending: 28415, pool: 200
I  300.27] recalculating facets...
I  302.26] Elapsed: 5:02, vertices: 2174, facets final: 1002, pending: 28168, pool: 200
I  307.27] Elapsed: 5:07, vertices: 2205, facets final: 1032, pending: 27906, pool: 200
I  310.13] recalculating facets...
I  312.31] Elapsed: 5:12, vertices: 2234, facets final: 1074, pending: 27946, pool: 200
I  317.36] Elapsed: 5:17, vertices: 2267, facets final: 1125, pending: 27610, pool: 200
I  319.44] recalculating facets...
I  322.40] Elapsed: 5:22, vertices: 2299, facets final: 1158, pending: 27383, pool: 200
I  327.45] Elapsed: 5:27, vertices: 2334, facets final: 1193, pending: 27312, pool: 200
I  328.48] recalculating facets...
I  332.46] Elapsed: 5:32, vertices: 2369, facets final: 1231, pending: 27154, pool: 200
I  337.50] Elapsed: 5:38, vertices: 2400, facets final: 1265, pending: 27057, pool: 199
I  337.50] recalculating facets...
I  342.55] Elapsed: 5:43, vertices: 2432, facets final: 1307, pending: 27100, pool: 200
I  346.32] recalculating facets...
I  347.56] Elapsed: 5:48, vertices: 2469, facets final: 1347, pending: 26998, pool: 200
I  352.64] Elapsed: 5:53, vertices: 2501, facets final: 1394, pending: 26571, pool: 200
I  355.14] recalculating facets...
I  357.67] Elapsed: 5:58, vertices: 2535, facets final: 1430, pending: 26522, pool: 200
I  362.69] Elapsed: 6:03, vertices: 2570, facets final: 1477, pending: 26302, pool: 200
I  364.37] recalculating facets...
I  367.72] Elapsed: 6:08, vertices: 2600, facets final: 1526, pending: 26059, pool: 200
I  372.72] Elapsed: 6:13, vertices: 2631, facets final: 1568, pending: 25967, pool: 200
I  374.49] recalculating facets...
I  377.74] Elapsed: 6:18, vertices: 2661, facets final: 1617, pending: 25709, pool: 199
I  382.76] Elapsed: 6:23, vertices: 2691, facets final: 1683, pending: 25318, pool: 200
I  384.14] recalculating facets...
I  387.78] Elapsed: 6:28, vertices: 2721, facets final: 1753, pending: 25110, pool: 199
I  392.81] Elapsed: 6:33, vertices: 2755, facets final: 1797, pending: 25082, pool: 200
I  393.72] recalculating facets...
I  397.88] Elapsed: 6:38, vertices: 2788, facets final: 1860, pending: 24913, pool: 200
I  402.89] Elapsed: 6:43, vertices: 2817, facets final: 1929, pending: 24685, pool: 200
I  403.52] recalculating facets...
I  407.89] Elapsed: 6:48, vertices: 2845, facets final: 1995, pending: 24497, pool: 199
I  412.97] Elapsed: 6:53, vertices: 2878, facets final: 2044, pending: 24246, pool: 200
I  413.34] recalculating facets...
I  417.99] Elapsed: 6:58, vertices: 2906, facets final: 2119, pending: 24048, pool: 200
I  423.00] Elapsed: 7:03, vertices: 2929, facets final: 2202, pending: 23902, pool: 200
I  424.85] recalculating facets...
I  428.01] Elapsed: 7:08, vertices: 2958, facets final: 2265, pending: 23824, pool: 199
I  433.07] Elapsed: 7:13, vertices: 2989, facets final: 2316, pending: 23546, pool: 200
I  435.21] recalculating facets...
I  438.15] Elapsed: 7:18, vertices: 3020, facets final: 2370, pending: 23380, pool: 200
I  443.15] Elapsed: 7:23, vertices: 3054, facets final: 2431, pending: 23161, pool: 200
I  444.40] recalculating facets...
I  448.15] Elapsed: 7:28, vertices: 3087, facets final: 2509, pending: 23078, pool: 200
I  453.19] Elapsed: 7:33, vertices: 3116, facets final: 2595, pending: 22880, pool: 200
I  454.19] recalculating facets...
I  458.22] Elapsed: 7:38, vertices: 3143, facets final: 2696, pending: 22678, pool: 199
I  463.26] Elapsed: 7:43, vertices: 3172, facets final: 2793, pending: 22417, pool: 200
I  464.70] recalculating facets...
I  468.27] Elapsed: 7:48, vertices: 3200, facets final: 2873, pending: 22175, pool: 200
I  473.27] Elapsed: 7:53, vertices: 3232, facets final: 2942, pending: 21973, pool: 200
I  474.67] recalculating facets...
I  478.27] Elapsed: 7:58, vertices: 3263, facets final: 3029, pending: 21678, pool: 200
I  483.36] Elapsed: 8:03, vertices: 3293, facets final: 3113, pending: 21501, pool: 200
I  484.35] recalculating facets...
I  488.40] Elapsed: 8:08, vertices: 3319, facets final: 3209, pending: 21330, pool: 200
I  493.40] Elapsed: 8:13, vertices: 3350, facets final: 3299, pending: 21192, pool: 200
I  495.46] recalculating facets...
I  498.41] Elapsed: 8:18, vertices: 3377, facets final: 3378, pending: 21006, pool: 200
I  503.42] Elapsed: 8:23, vertices: 3409, facets final: 3462, pending: 20781, pool: 198
I  505.77] recalculating facets...
I  508.44] Elapsed: 8:28, vertices: 3438, facets final: 3543, pending: 20574, pool: 200
I  513.48] Elapsed: 8:33, vertices: 3462, facets final: 3644, pending: 20389, pool: 200
I  517.10] recalculating facets...
I  518.51] Elapsed: 8:39, vertices: 3487, facets final: 3742, pending: 20085, pool: 200
I  523.60] Elapsed: 8:44, vertices: 3510, facets final: 3855, pending: 19940, pool: 200
I  528.61] Elapsed: 8:49, vertices: 3532, facets final: 3961, pending: 19778, pool: 200
I  530.76] recalculating facets...
I  533.64] Elapsed: 8:54, vertices: 3556, facets final: 4065, pending: 19626, pool: 200
I  538.64] Elapsed: 8:59, vertices: 3579, facets final: 4165, pending: 19424, pool: 200
I  543.10] recalculating facets...
I  543.65] Elapsed: 9:04, vertices: 3603, facets final: 4267, pending: 19235, pool: 200
I  548.66] Elapsed: 9:09, vertices: 3625, facets final: 4379, pending: 19052, pool: 200
I  553.69] Elapsed: 9:14, vertices: 3644, facets final: 4509, pending: 18813, pool: 199
I  556.96] recalculating facets...
I  558.69] Elapsed: 9:19, vertices: 3669, facets final: 4616, pending: 18701, pool: 200
I  563.70] Elapsed: 9:24, vertices: 3690, facets final: 4732, pending: 18525, pool: 200
I  568.72] Elapsed: 9:29, vertices: 3712, facets final: 4837, pending: 18341, pool: 199
I  570.53] recalculating facets...
I  573.73] Elapsed: 9:34, vertices: 3734, facets final: 4952, pending: 18170, pool: 200
I  578.78] Elapsed: 9:39, vertices: 3757, facets final: 5063, pending: 17933, pool: 200
I  583.78] Elapsed: 9:44, vertices: 3780, facets final: 5184, pending: 17735, pool: 198
I  584.31] recalculating facets...
I  588.85] Elapsed: 9:49, vertices: 3801, facets final: 5294, pending: 17535, pool: 200
I  593.85] Elapsed: 9:54, vertices: 3822, facets final: 5412, pending: 17345, pool: 199
I  598.92] Elapsed: 9:59, vertices: 3835, facets final: 5557, pending: 17124, pool: 200
I  599.90] recalculating facets...
I  603.93] Elapsed: 10:04, vertices: 3857, facets final: 5683, pending: 16915, pool: 199
I  608.93] Elapsed: 10:09, vertices: 3880, facets final: 5797, pending: 16700, pool: 199
I  613.95] Elapsed: 10:14, vertices: 3897, facets final: 5931, pending: 16547, pool: 198
I  614.59] recalculating facets...
I  618.99] Elapsed: 10:19, vertices: 3911, facets final: 6084, pending: 16338, pool: 199
I  624.00] Elapsed: 10:24, vertices: 3929, facets final: 6223, pending: 16155, pool: 200
I  629.06] Elapsed: 10:29, vertices: 3945, facets final: 6353, pending: 15937, pool: 198
I  634.07] Elapsed: 10:34, vertices: 3960, facets final: 6519, pending: 15731, pool: 199
I  634.18] recalculating facets...
I  639.09] Elapsed: 10:39, vertices: 3982, facets final: 6632, pending: 15559, pool: 200
I  644.12] Elapsed: 10:44, vertices: 3999, facets final: 6771, pending: 15366, pool: 197
I  649.13] Elapsed: 10:49, vertices: 4014, facets final: 6908, pending: 15158, pool: 198
I  650.82] recalculating facets...
I  654.13] Elapsed: 10:54, vertices: 4026, facets final: 7061, pending: 14960, pool: 199
I  659.13] Elapsed: 10:59, vertices: 4036, facets final: 7230, pending: 14760, pool: 198
I  664.13] Elapsed: 11:04, vertices: 4047, facets final: 7384, pending: 14562, pool: 199
I  669.14] Elapsed: 11:09, vertices: 4060, facets final: 7541, pending: 14363, pool: 200
I  674.14] Elapsed: 11:14, vertices: 4073, facets final: 7694, pending: 14158, pool: 196
I  678.33] recalculating facets...
I  679.14] Elapsed: 11:19, vertices: 4082, facets final: 7869, pending: 13947, pool: 198
I  684.17] Elapsed: 11:24, vertices: 4090, facets final: 8038, pending: 13731, pool: 199
I  689.18] Elapsed: 11:29, vertices: 4101, facets final: 8202, pending: 13521, pool: 196
I  694.21] Elapsed: 11:34, vertices: 4113, facets final: 8360, pending: 13313, pool: 197
I  699.25] Elapsed: 11:39, vertices: 4126, facets final: 8508, pending: 13131, pool: 198
I  704.25] Elapsed: 11:44, vertices: 4138, facets final: 8661, pending: 12939, pool: 196
I  706.50] recalculating facets...
I  709.27] Elapsed: 11:49, vertices: 4149, facets final: 8807, pending: 12753, pool: 200
I  714.27] Elapsed: 11:54, vertices: 4159, facets final: 8970, pending: 12565, pool: 198
I  719.28] Elapsed: 11:59, vertices: 4167, facets final: 9143, pending: 12360, pool: 198
I  724.30] Elapsed: 12:04, vertices: 4178, facets final: 9313, pending: 12183, pool: 196
I  729.31] Elapsed: 12:09, vertices: 4185, facets final: 9484, pending: 11989, pool: 196
I  734.32] Elapsed: 12:14, vertices: 4198, facets final: 9634, pending: 11779, pool: 197
I  735.07] recalculating facets...
I  739.32] Elapsed: 12:19, vertices: 4212, facets final: 9791, pending: 11596, pool: 198
I  744.40] Elapsed: 12:24, vertices: 4222, facets final: 9963, pending: 11384, pool: 195
I  749.40] Elapsed: 12:29, vertices: 4234, facets final: 10125, pending: 11205, pool: 198
I  754.43] Elapsed: 12:34, vertices: 4247, facets final: 10283, pending: 11022, pool: 193
I  759.43] Elapsed: 12:39, vertices: 4254, facets final: 10454, pending: 10830, pool: 194
I  762.19] recalculating facets...
I  764.46] Elapsed: 12:44, vertices: 4263, facets final: 10626, pending: 10662, pool: 197
I  769.49] Elapsed: 12:49, vertices: 4272, facets final: 10799, pending: 10468, pool: 194
I  774.49] Elapsed: 12:54, vertices: 4280, facets final: 10994, pending: 10257, pool: 195
I  779.51] Elapsed: 13:00, vertices: 4290, facets final: 11170, pending: 10052, pool: 188
I  784.52] Elapsed: 13:05, vertices: 4299, facets final: 11339, pending: 9861, pool: 189
I  789.54] Elapsed: 13:10, vertices: 4302, facets final: 11529, pending: 9682, pool: 193
I  794.56] Elapsed: 13:15, vertices: 4310, facets final: 11699, pending: 9488, pool: 195
I  799.57] Elapsed: 13:20, vertices: 4319, facets final: 11877, pending: 9301, pool: 192
I  800.23] recalculating facets...
I  804.59] Elapsed: 13:25, vertices: 4327, facets final: 12053, pending: 9093, pool: 190
I  809.62] Elapsed: 13:30, vertices: 4333, facets final: 12241, pending: 8892, pool: 192
I  814.63] Elapsed: 13:35, vertices: 4339, facets final: 12425, pending: 8698, pool: 191
I  819.65] Elapsed: 13:40, vertices: 4347, facets final: 12618, pending: 8503, pool: 189
I  824.68] Elapsed: 13:45, vertices: 4356, facets final: 12777, pending: 8335, pool: 186
I  829.68] Elapsed: 13:50, vertices: 4363, facets final: 12962, pending: 8137, pool: 181
I  834.68] Elapsed: 13:55, vertices: 4371, facets final: 13144, pending: 7937, pool: 179
I  839.69] Elapsed: 14:00, vertices: 4376, facets final: 13342, pending: 7731, pool: 181
I  842.96] recalculating facets...
I  844.69] Elapsed: 14:05, vertices: 4383, facets final: 13518, pending: 7545, pool: 176
I  849.69] Elapsed: 14:10, vertices: 4391, facets final: 13703, pending: 7343, pool: 173
I  854.69] Elapsed: 14:15, vertices: 4399, facets final: 13877, pending: 7151, pool: 168
I  859.69] Elapsed: 14:20, vertices: 4408, facets final: 14044, pending: 6964, pool: 165
I  864.70] Elapsed: 14:25, vertices: 4410, facets final: 14248, pending: 6758, pool: 166
I  869.72] Elapsed: 14:30, vertices: 4417, facets final: 14420, pending: 6572, pool: 167
I  874.72] Elapsed: 14:35, vertices: 4419, facets final: 14610, pending: 6376, pool: 168
I  879.72] Elapsed: 14:40, vertices: 4424, facets final: 14820, pending: 6160, pool: 170
I  884.74] Elapsed: 14:45, vertices: 4428, facets final: 15010, pending: 5976, pool: 167
I  889.75] Elapsed: 14:50, vertices: 4437, facets final: 15181, pending: 5775, pool: 164
I  892.01] recalculating facets...
I  894.76] Elapsed: 14:55, vertices: 4443, facets final: 15363, pending: 5580, pool: 162
I  899.76] Elapsed: 15:00, vertices: 4446, facets final: 15567, pending: 5372, pool: 163
I  904.82] Elapsed: 15:05, vertices: 4450, facets final: 15757, pending: 5168, pool: 163
I  909.84] Elapsed: 15:10, vertices: 4456, facets final: 15944, pending: 4984, pool: 167
I  914.89] Elapsed: 15:15, vertices: 4462, facets final: 16127, pending: 4796, pool: 164
I  919.90] Elapsed: 15:20, vertices: 4466, facets final: 16335, pending: 4582, pool: 162
I  924.92] Elapsed: 15:25, vertices: 4469, facets final: 16534, pending: 4382, pool: 159
I  929.92] Elapsed: 15:30, vertices: 4473, facets final: 16727, pending: 4181, pool: 156
I  934.93] Elapsed: 15:35, vertices: 4479, facets final: 16905, pending: 3986, pool: 153
I  939.93] Elapsed: 15:40, vertices: 4486, facets final: 17106, pending: 3774, pool: 150
I  944.93] Elapsed: 15:45, vertices: 4495, facets final: 17303, pending: 3579, pool: 142
I  948.14] recalculating facets...
I  949.96] Elapsed: 15:50, vertices: 4502, facets final: 17493, pending: 3381, pool: 137
I  954.96] Elapsed: 15:55, vertices: 4507, facets final: 17679, pending: 3184, pool: 140
I  960.02] Elapsed: 16:00, vertices: 4514, facets final: 17872, pending: 2984, pool: 133
I  965.02] Elapsed: 16:05, vertices: 4519, facets final: 18082, pending: 2766, pool: 131
I  970.02] Elapsed: 16:10, vertices: 4532, facets final: 18260, pending: 2573, pool: 120
I  975.06] Elapsed: 16:15, vertices: 4546, facets final: 18431, pending: 2382, pool: 109
I  980.07] Elapsed: 16:20, vertices: 4556, facets final: 18618, pending: 2173, pool: 102
I  983.63] recalculating facets...
I  985.08] Elapsed: 16:25, vertices: 4565, facets final: 18813, pending: 1961, pool: 96
I  990.10] Elapsed: 16:30, vertices: 4568, facets final: 19015, pending: 1751, pool: 96
I  995.14] Elapsed: 16:35, vertices: 4572, facets final: 19220, pending: 1536, pool: 97
I 1000.14] Elapsed: 16:40, vertices: 4577, facets final: 19452, pending: 1295, pool: 93
I 1005.16] Elapsed: 16:45, vertices: 4583, facets final: 19650, pending: 1089, pool: 92
I 1010.16] Elapsed: 16:50, vertices: 4588, facets final: 19836, pending: 892, pool: 91
I 1015.19] Elapsed: 16:55, vertices: 4594, facets final: 20024, pending: 695, pool: 88
I 1020.19] Elapsed: 17:00, vertices: 4607, facets final: 20221, pending: 483, pool: 79
I 1024.45] recalculating facets...
I 1025.19] Elapsed: 17:05, vertices: 4627, facets final: 20404, pending: 280, pool: 68
I 1029.32] recalculating facets...
I 1030.22] Elapsed: 17:10, vertices: 4704, facets final: 20542, pending: 85, pool: 8
I 1031.71] Elapsed: 17:12, vertices: 4734, facets final: 20593, pending: 0

--------------------------------
Problem completed
 name                    45.vlp
 output                  vlp/45.res
 rows, cols, objs        173, 4560, 10
 vertices, facets        4734, 20593
 total time              17:12
--------------------------------
Statistics
LP:
 oracle calls            26323
   avg iterations/calls  165.42
 total oracle time       10:25
Combinatorics:
 vertices added          4734
 facets probed           54444
 facets # max            34655
 memory allocated        60.79M
 instability warnings    7
 storage expansion
   vertices # / upto     38 / 4860
   facets   # / upto     9 / 36860
 facet manipulating
   added avg / max       76.28 / 1.13k
   compressed            184
 number of ridge tests
   avg / max             1.81M / 31.41M
--------------------------------
Parameters with non-default values
 VertexPoolSize = 200
 RecalculateFacets = 60
 PolytopeEps = 1e-08
 ScaleEps = 5e-08
 RoundEps = 5e-08
