C copy string: rs=cd:ab;t=(cs):ab;u=a:bdst;ar,br,cr,d;ar,br,c,dr; ineq: base30.t
I    4.28] recalculating facets...
I    5.00] Elapsed: 5.00, vertices: 34, facets final: 16, pending: 1306, pool: 74
I    8.63] recalculating facets...
I   10.14] Elapsed: 10.14, vertices: 72, facets final: 17, pending: 3880, pool: 162
I   12.48] recalculating facets...
I   14.97] recalculating facets...
I   15.14] Elapsed: 15.14, vertices: 122, facets final: 18, pending: 7898, pool: 200
I   17.44] recalculating facets...
I   20.15] Elapsed: 20.15, vertices: 180, facets final: 24, pending: 12349, pool: 200
I   20.15] recalculating facets...
I   23.17] recalculating facets...
I   25.15] Elapsed: 25.15, vertices: 228, facets final: 28, pending: 15259, pool: 200
I   26.28] recalculating facets...
I   29.70] recalculating facets...
I   30.18] Elapsed: 30.18, vertices: 275, facets final: 33, pending: 17672, pool: 200
I   33.57] recalculating facets...
I   35.20] Elapsed: 35.20, vertices: 312, facets final: 39, pending: 20439, pool: 200
I   38.03] recalculating facets...
I   40.27] Elapsed: 40.27, vertices: 346, facets final: 42, pending: 23111, pool: 199
I   42.55] recalculating facets...
I   45.27] Elapsed: 45.27, vertices: 376, facets final: 45, pending: 24979, pool: 200
I   47.68] recalculating facets...
I   50.30] Elapsed: 50.30, vertices: 404, facets final: 47, pending: 25503, pool: 200
I   52.85] recalculating facets...
I   55.34] Elapsed: 55.34, vertices: 436, facets final: 50, pending: 27572, pool: 200
I   58.01] recalculating facets...
I   60.34] Elapsed: 1:00, vertices: 463, facets final: 52, pending: 28987, pool: 200
I   63.63] recalculating facets...
I   65.41] Elapsed: 1:05, vertices: 490, facets final: 60, pending: 29805, pool: 200
I   69.55] recalculating facets...
I   70.46] Elapsed: 1:10, vertices: 515, facets final: 62, pending: 30356, pool: 200
I   75.52] Elapsed: 1:16, vertices: 538, facets final: 64, pending: 30686, pool: 200
I   75.85] recalculating facets...
I   80.57] Elapsed: 1:21, vertices: 562, facets final: 67, pending: 32119, pool: 200
I   81.92] recalculating facets...
I   85.68] Elapsed: 1:26, vertices: 589, facets final: 73, pending: 33382, pool: 200
I   88.60] recalculating facets...
I   90.71] Elapsed: 1:31, vertices: 611, facets final: 74, pending: 34190, pool: 200
I   94.45] recalculating facets...
I   95.78] Elapsed: 1:36, vertices: 636, facets final: 79, pending: 34883, pool: 200
I  100.81] Elapsed: 1:41, vertices: 656, facets final: 84, pending: 35991, pool: 200
I  102.12] recalculating facets...
I  105.82] Elapsed: 1:46, vertices: 675, facets final: 85, pending: 35682, pool: 200
I  109.38] recalculating facets...
I  110.86] Elapsed: 1:51, vertices: 696, facets final: 87, pending: 36283, pool: 200
I  115.91] Elapsed: 1:56, vertices: 716, facets final: 90, pending: 36642, pool: 200
I  116.90] recalculating facets...
I  120.97] Elapsed: 2:01, vertices: 736, facets final: 93, pending: 36701, pool: 199
I  124.12] recalculating facets...
I  125.98] Elapsed: 2:06, vertices: 757, facets final: 97, pending: 37595, pool: 200
I  131.13] Elapsed: 2:11, vertices: 776, facets final: 99, pending: 39030, pool: 200
I  132.16] recalculating facets...
I  136.14] Elapsed: 2:16, vertices: 795, facets final: 105, pending: 39429, pool: 200
I  140.44] recalculating facets...
I  141.17] Elapsed: 2:21, vertices: 814, facets final: 106, pending: 38927, pool: 200
I  146.23] Elapsed: 2:26, vertices: 836, facets final: 108, pending: 39292, pool: 200
I  147.01] recalculating facets...
I  151.29] Elapsed: 2:31, vertices: 856, facets final: 114, pending: 40054, pool: 200
I  154.58] recalculating facets...
I  156.33] Elapsed: 2:36, vertices: 877, facets final: 120, pending: 40862, pool: 200
I  161.41] Elapsed: 2:41, vertices: 895, facets final: 127, pending: 41545, pool: 200
I  162.72] recalculating facets...
I  166.45] Elapsed: 2:46, vertices: 914, facets final: 130, pending: 41876, pool: 200
I  170.68] recalculating facets...
I  171.55] Elapsed: 2:52, vertices: 932, facets final: 134, pending: 42192, pool: 200
I  176.67] Elapsed: 2:57, vertices: 951, facets final: 137, pending: 42277, pool: 200
I  179.19] recalculating facets...
I  181.68] Elapsed: 3:02, vertices: 968, facets final: 142, pending: 42749, pool: 200
I  186.68] Elapsed: 3:07, vertices: 987, facets final: 146, pending: 43267, pool: 200
I  187.54] recalculating facets...
I  191.75] Elapsed: 3:12, vertices: 1006, facets final: 151, pending: 43793, pool: 200
I  196.69] recalculating facets...
I  197.03] Elapsed: 3:17, vertices: 1021, facets final: 153, pending: 44168, pool: 200
I  202.12] Elapsed: 3:22, vertices: 1034, facets final: 154, pending: 44000, pool: 200
I  207.08] recalculating facets...
I  207.51] Elapsed: 3:28, vertices: 1051, facets final: 158, pending: 44139, pool: 200
I  212.53] Elapsed: 3:33, vertices: 1065, facets final: 160, pending: 44564, pool: 200
I  217.57] Elapsed: 3:38, vertices: 1080, facets final: 166, pending: 44630, pool: 200
I  217.68] recalculating facets...
I  222.69] Elapsed: 3:43, vertices: 1098, facets final: 166, pending: 44933, pool: 200
I  226.65] recalculating facets...
I  227.90] Elapsed: 3:48, vertices: 1113, facets final: 170, pending: 44821, pool: 200
I  232.96] Elapsed: 3:53, vertices: 1128, facets final: 178, pending: 44591, pool: 200
I  237.30] recalculating facets...
I  238.52] Elapsed: 3:59, vertices: 1142, facets final: 183, pending: 44615, pool: 200
I  243.61] Elapsed: 4:04, vertices: 1160, facets final: 185, pending: 44960, pool: 200
I  245.96] recalculating facets...
I  248.62] Elapsed: 4:09, vertices: 1177, facets final: 188, pending: 45261, pool: 199
I  253.68] Elapsed: 4:14, vertices: 1190, facets final: 193, pending: 44895, pool: 200
I  257.17] recalculating facets...
I  258.83] Elapsed: 4:19, vertices: 1206, facets final: 195, pending: 45612, pool: 200
I  263.93] Elapsed: 4:24, vertices: 1225, facets final: 201, pending: 46094, pool: 200
I  265.31] recalculating facets...
I  269.03] Elapsed: 4:29, vertices: 1243, facets final: 209, pending: 46287, pool: 199
I  274.09] Elapsed: 4:34, vertices: 1256, facets final: 220, pending: 46376, pool: 200
I  275.43] recalculating facets...
I  279.34] Elapsed: 4:39, vertices: 1272, facets final: 227, pending: 46412, pool: 200
I  284.34] Elapsed: 4:44, vertices: 1288, facets final: 233, pending: 46460, pool: 200
I  285.06] recalculating facets...
I  289.41] Elapsed: 4:49, vertices: 1304, facets final: 246, pending: 46301, pool: 199
I  294.15] recalculating facets...
I  294.41] Elapsed: 4:54, vertices: 1321, facets final: 257, pending: 46518, pool: 200
I  299.45] Elapsed: 4:59, vertices: 1339, facets final: 261, pending: 46980, pool: 200
I  302.20] recalculating facets...
I  304.52] Elapsed: 5:05, vertices: 1358, facets final: 268, pending: 46929, pool: 200
I  309.60] Elapsed: 5:10, vertices: 1377, facets final: 273, pending: 47528, pool: 200
I  310.35] recalculating facets...
I  314.60] Elapsed: 5:15, vertices: 1394, facets final: 280, pending: 47865, pool: 200
I  319.72] Elapsed: 5:20, vertices: 1409, facets final: 289, pending: 47980, pool: 200
I  320.29] recalculating facets...
I  324.80] Elapsed: 5:25, vertices: 1426, facets final: 295, pending: 47897, pool: 200
I  328.43] recalculating facets...
I  329.90] Elapsed: 5:30, vertices: 1445, facets final: 300, pending: 48260, pool: 200
I  334.94] Elapsed: 5:35, vertices: 1459, facets final: 311, pending: 48658, pool: 200
I  338.38] recalculating facets...
I  340.05] Elapsed: 5:40, vertices: 1475, facets final: 322, pending: 48868, pool: 200
I  345.15] Elapsed: 5:45, vertices: 1489, facets final: 327, pending: 49647, pool: 200
I  348.44] recalculating facets...
I  350.19] Elapsed: 5:50, vertices: 1505, facets final: 332, pending: 49735, pool: 200
I  355.25] Elapsed: 5:55, vertices: 1518, facets final: 337, pending: 49690, pool: 200
I  360.89] Elapsed: 6:01, vertices: 1530, facets final: 340, pending: 50100, pool: 200
I  361.11] recalculating facets...
I  365.97] Elapsed: 6:06, vertices: 1545, facets final: 348, pending: 50404, pool: 200
I  370.99] Elapsed: 6:11, vertices: 1560, facets final: 353, pending: 50738, pool: 199
I  370.99] recalculating facets...
I  376.03] Elapsed: 6:16, vertices: 1576, facets final: 361, pending: 50852, pool: 200
I  381.19] Elapsed: 6:21, vertices: 1588, facets final: 366, pending: 50832, pool: 200
I  381.86] recalculating facets...
I  386.43] Elapsed: 6:26, vertices: 1603, facets final: 367, pending: 50782, pool: 200
I  391.49] Elapsed: 6:31, vertices: 1613, facets final: 370, pending: 50433, pool: 200
I  393.45] recalculating facets...
I  396.67] Elapsed: 6:37, vertices: 1629, facets final: 376, pending: 50256, pool: 200
I  401.96] Elapsed: 6:42, vertices: 1643, facets final: 379, pending: 50288, pool: 200
I  404.17] recalculating facets...
I  407.02] Elapsed: 6:47, vertices: 1659, facets final: 392, pending: 50352, pool: 200
I  412.07] Elapsed: 6:52, vertices: 1672, facets final: 397, pending: 50406, pool: 200
I  414.77] recalculating facets...
I  417.09] Elapsed: 6:57, vertices: 1687, facets final: 404, pending: 50376, pool: 200
I  422.14] Elapsed: 7:02, vertices: 1702, facets final: 407, pending: 50062, pool: 200
I  424.52] recalculating facets...
I  427.24] Elapsed: 7:07, vertices: 1719, facets final: 415, pending: 50093, pool: 200
I  432.61] Elapsed: 7:13, vertices: 1734, facets final: 420, pending: 50298, pool: 200
I  434.86] recalculating facets...
I  437.67] Elapsed: 7:18, vertices: 1749, facets final: 423, pending: 50449, pool: 200
I  442.74] Elapsed: 7:23, vertices: 1762, facets final: 437, pending: 50853, pool: 200
I  445.59] recalculating facets...
I  447.81] Elapsed: 7:28, vertices: 1776, facets final: 447, pending: 50782, pool: 199
I  452.84] Elapsed: 7:33, vertices: 1791, facets final: 458, pending: 50784, pool: 200
I  455.99] recalculating facets...
I  458.38] Elapsed: 7:38, vertices: 1806, facets final: 460, pending: 51142, pool: 200
I  463.49] Elapsed: 7:43, vertices: 1819, facets final: 467, pending: 51204, pool: 200
I  467.75] recalculating facets...
I  468.49] Elapsed: 7:48, vertices: 1832, facets final: 472, pending: 51169, pool: 200
I  473.50] Elapsed: 7:54, vertices: 1844, facets final: 483, pending: 51177, pool: 200
I  478.52] Elapsed: 7:59, vertices: 1858, facets final: 490, pending: 51193, pool: 197
I  479.80] recalculating facets...
I  483.68] Elapsed: 8:04, vertices: 1871, facets final: 496, pending: 51123, pool: 200
I  488.70] Elapsed: 8:09, vertices: 1884, facets final: 504, pending: 51147, pool: 200
I  491.13] recalculating facets...
I  494.08] Elapsed: 8:14, vertices: 1897, facets final: 512, pending: 51418, pool: 200
I  500.28] Elapsed: 8:20, vertices: 1911, facets final: 516, pending: 51227, pool: 200
I  503.40] recalculating facets...
I  505.33] Elapsed: 8:25, vertices: 1925, facets final: 524, pending: 51330, pool: 200
I  510.39] Elapsed: 8:30, vertices: 1938, facets final: 528, pending: 51256, pool: 200
I  514.56] recalculating facets...
I  515.55] Elapsed: 8:36, vertices: 1952, facets final: 535, pending: 51398, pool: 200
I  520.58] Elapsed: 8:41, vertices: 1966, facets final: 538, pending: 51475, pool: 200
I  525.22] recalculating facets...
I  525.66] Elapsed: 8:46, vertices: 1982, facets final: 542, pending: 51346, pool: 199
I  530.67] Elapsed: 8:51, vertices: 1996, facets final: 551, pending: 51136, pool: 200
I  535.96] Elapsed: 8:56, vertices: 2008, facets final: 554, pending: 50918, pool: 200
I  536.66] recalculating facets...
I  541.00] Elapsed: 9:01, vertices: 2022, facets final: 562, pending: 50875, pool: 200
I  546.25] Elapsed: 9:06, vertices: 2037, facets final: 570, pending: 50612, pool: 200
I  547.11] recalculating facets...
I  551.58] Elapsed: 9:12, vertices: 2052, facets final: 577, pending: 50557, pool: 200
I  556.69] Elapsed: 9:17, vertices: 2066, facets final: 597, pending: 50461, pool: 200
I  557.94] recalculating facets...
I  561.82] Elapsed: 9:22, vertices: 2081, facets final: 605, pending: 50282, pool: 200
I  566.82] Elapsed: 9:27, vertices: 2096, facets final: 617, pending: 50201, pool: 200
I  568.80] recalculating facets...
I  571.98] Elapsed: 9:32, vertices: 2110, facets final: 630, pending: 49828, pool: 200
I  577.01] Elapsed: 9:37, vertices: 2124, facets final: 640, pending: 49687, pool: 200
I  579.05] recalculating facets...
I  582.04] Elapsed: 9:42, vertices: 2141, facets final: 653, pending: 49868, pool: 200
I  587.05] Elapsed: 9:47, vertices: 2158, facets final: 661, pending: 49915, pool: 200
I  587.77] recalculating facets...
I  592.14] Elapsed: 9:52, vertices: 2176, facets final: 673, pending: 49771, pool: 199
I  596.07] recalculating facets...
I  597.31] Elapsed: 9:57, vertices: 2193, facets final: 679, pending: 49658, pool: 200
I  602.43] Elapsed: 10:02, vertices: 2209, facets final: 684, pending: 49761, pool: 200
I  605.66] recalculating facets...
I  607.48] Elapsed: 10:07, vertices: 2225, facets final: 691, pending: 49750, pool: 200
I  612.58] Elapsed: 10:13, vertices: 2242, facets final: 703, pending: 49532, pool: 200
I  615.33] recalculating facets...
I  617.68] Elapsed: 10:18, vertices: 2257, facets final: 712, pending: 49576, pool: 200
I  622.71] Elapsed: 10:23, vertices: 2271, facets final: 718, pending: 49348, pool: 200
I  626.24] recalculating facets...
I  627.83] Elapsed: 10:28, vertices: 2284, facets final: 724, pending: 49223, pool: 200
I  633.06] Elapsed: 10:33, vertices: 2299, facets final: 730, pending: 48929, pool: 200
I  636.56] recalculating facets...
I  638.13] Elapsed: 10:38, vertices: 2315, facets final: 738, pending: 48714, pool: 200
I  643.24] Elapsed: 10:43, vertices: 2331, facets final: 750, pending: 48751, pool: 200
I  646.13] recalculating facets...
I  648.41] Elapsed: 10:48, vertices: 2346, facets final: 761, pending: 48515, pool: 200
I  653.42] Elapsed: 10:53, vertices: 2362, facets final: 772, pending: 48256, pool: 199
I  656.40] recalculating facets...
I  658.43] Elapsed: 10:58, vertices: 2378, facets final: 784, pending: 47936, pool: 200
I  663.50] Elapsed: 11:04, vertices: 2394, facets final: 792, pending: 47733, pool: 200
I  665.13] recalculating facets...
I  668.52] Elapsed: 11:09, vertices: 2411, facets final: 803, pending: 47414, pool: 200
I  673.57] Elapsed: 11:14, vertices: 2428, facets final: 817, pending: 47173, pool: 200
I  674.00] recalculating facets...
I  678.64] Elapsed: 11:19, vertices: 2445, facets final: 824, pending: 46943, pool: 200
I  683.58] recalculating facets...
I  683.76] Elapsed: 11:24, vertices: 2461, facets final: 834, pending: 46917, pool: 200
I  688.76] Elapsed: 11:29, vertices: 2477, facets final: 839, pending: 47030, pool: 200
I  693.07] recalculating facets...
I  693.82] Elapsed: 11:34, vertices: 2491, facets final: 851, pending: 46696, pool: 200
I  698.83] Elapsed: 11:39, vertices: 2509, facets final: 867, pending: 46589, pool: 200
I  702.36] recalculating facets...
I  703.84] Elapsed: 11:44, vertices: 2526, facets final: 888, pending: 46383, pool: 200
I  708.88] Elapsed: 11:49, vertices: 2544, facets final: 902, pending: 46472, pool: 200
I  710.62] recalculating facets...
I  713.88] Elapsed: 11:54, vertices: 2559, facets final: 917, pending: 46065, pool: 200
I  718.90] Elapsed: 11:59, vertices: 2574, facets final: 923, pending: 45980, pool: 200
I  720.61] recalculating facets...
I  724.01] Elapsed: 12:04, vertices: 2591, facets final: 931, pending: 45901, pool: 200
I  729.10] Elapsed: 12:09, vertices: 2607, facets final: 943, pending: 45783, pool: 200
I  729.88] recalculating facets...
I  734.15] Elapsed: 12:14, vertices: 2628, facets final: 955, pending: 45977, pool: 200
I  737.58] recalculating facets...
I  739.16] Elapsed: 12:19, vertices: 2646, facets final: 972, pending: 45781, pool: 200
I  744.21] Elapsed: 12:24, vertices: 2658, facets final: 984, pending: 45450, pool: 200
I  747.61] recalculating facets...
I  749.33] Elapsed: 12:29, vertices: 2677, facets final: 992, pending: 45445, pool: 200
I  754.37] Elapsed: 12:34, vertices: 2691, facets final: 1023, pending: 45437, pool: 200
I  756.65] recalculating facets...
I  759.46] Elapsed: 12:39, vertices: 2710, facets final: 1034, pending: 45183, pool: 198
I  764.63] Elapsed: 12:45, vertices: 2727, facets final: 1058, pending: 45288, pool: 200
I  765.59] recalculating facets...
I  769.71] Elapsed: 12:50, vertices: 2742, facets final: 1072, pending: 45178, pool: 200
I  774.74] Elapsed: 12:55, vertices: 2757, facets final: 1089, pending: 45041, pool: 200
I  775.90] recalculating facets...
I  779.82] Elapsed: 13:00, vertices: 2773, facets final: 1105, pending: 44908, pool: 200
I  784.59] recalculating facets...
I  784.91] Elapsed: 13:05, vertices: 2791, facets final: 1120, pending: 44634, pool: 200
I  790.04] Elapsed: 13:10, vertices: 2806, facets final: 1138, pending: 44768, pool: 200
I  793.45] recalculating facets...
I  795.16] Elapsed: 13:15, vertices: 2826, facets final: 1153, pending: 44685, pool: 200
I  800.28] Elapsed: 13:20, vertices: 2844, facets final: 1172, pending: 44308, pool: 200
I  802.06] recalculating facets...
I  805.39] Elapsed: 13:25, vertices: 2860, facets final: 1193, pending: 44214, pool: 200
I  810.41] Elapsed: 13:30, vertices: 2880, facets final: 1211, pending: 44147, pool: 200
I  810.41] recalculating facets...
I  815.41] Elapsed: 13:35, vertices: 2900, facets final: 1216, pending: 44189, pool: 200
I  818.72] recalculating facets...
I  820.45] Elapsed: 13:40, vertices: 2916, facets final: 1237, pending: 44076, pool: 200
I  825.46] Elapsed: 13:45, vertices: 2933, facets final: 1264, pending: 44073, pool: 200
I  827.43] recalculating facets...
I  830.47] Elapsed: 13:50, vertices: 2949, facets final: 1280, pending: 43939, pool: 200
I  835.62] Elapsed: 13:56, vertices: 2965, facets final: 1301, pending: 43806, pool: 200
I  837.26] recalculating facets...
I  840.63] Elapsed: 14:01, vertices: 2981, facets final: 1315, pending: 43630, pool: 200
I  845.65] Elapsed: 14:06, vertices: 2999, facets final: 1335, pending: 43402, pool: 200
I  846.35] recalculating facets...
I  850.80] Elapsed: 14:11, vertices: 3018, facets final: 1368, pending: 43267, pool: 200
I  853.79] recalculating facets...
I  855.85] Elapsed: 14:16, vertices: 3037, facets final: 1385, pending: 43429, pool: 200
I  860.92] Elapsed: 14:21, vertices: 3054, facets final: 1407, pending: 43125, pool: 200
I  862.42] recalculating facets...
I  866.05] Elapsed: 14:26, vertices: 3073, facets final: 1428, pending: 42928, pool: 200
I  870.85] recalculating facets...
I  871.11] Elapsed: 14:31, vertices: 3091, facets final: 1446, pending: 42795, pool: 200
I  876.12] Elapsed: 14:36, vertices: 3107, facets final: 1470, pending: 42673, pool: 200
I  879.04] recalculating facets...
I  881.14] Elapsed: 14:41, vertices: 3128, facets final: 1488, pending: 42470, pool: 200
I  886.53] Elapsed: 14:47, vertices: 3147, facets final: 1506, pending: 42456, pool: 200
I  887.57] recalculating facets...
I  891.61] Elapsed: 14:52, vertices: 3165, facets final: 1527, pending: 42399, pool: 200
I  895.62] recalculating facets...
I  896.70] Elapsed: 14:57, vertices: 3183, facets final: 1545, pending: 42259, pool: 200
I  901.79] Elapsed: 15:02, vertices: 3204, facets final: 1567, pending: 42028, pool: 200
I  903.58] recalculating facets...
I  907.06] Elapsed: 15:07, vertices: 3222, facets final: 1595, pending: 41986, pool: 200
I  912.06] Elapsed: 15:12, vertices: 3240, facets final: 1615, pending: 41957, pool: 200
I  912.06] recalculating facets...
I  917.08] Elapsed: 15:17, vertices: 3258, facets final: 1644, pending: 41841, pool: 199
I  920.72] recalculating facets...
I  922.11] Elapsed: 15:22, vertices: 3275, facets final: 1665, pending: 41705, pool: 200
I  927.12] Elapsed: 15:27, vertices: 3292, facets final: 1686, pending: 41573, pool: 200
I  929.99] recalculating facets...
I  932.20] Elapsed: 15:32, vertices: 3307, facets final: 1718, pending: 41383, pool: 200
I  937.20] Elapsed: 15:37, vertices: 3324, facets final: 1739, pending: 41304, pool: 200
I  939.10] recalculating facets...
I  942.24] Elapsed: 15:42, vertices: 3342, facets final: 1751, pending: 41130, pool: 200
I  947.24] Elapsed: 15:47, vertices: 3360, facets final: 1782, pending: 40958, pool: 200
I  947.43] recalculating facets...
I  952.32] Elapsed: 15:52, vertices: 3376, facets final: 1803, pending: 41023, pool: 200
I  956.63] recalculating facets...
I  957.32] Elapsed: 15:57, vertices: 3392, facets final: 1822, pending: 40935, pool: 200
I  962.37] Elapsed: 16:02, vertices: 3410, facets final: 1837, pending: 40769, pool: 200
I  965.26] recalculating facets...
I  967.45] Elapsed: 16:07, vertices: 3428, facets final: 1851, pending: 40450, pool: 200
I  972.52] Elapsed: 16:13, vertices: 3448, facets final: 1870, pending: 40196, pool: 200
I  973.09] recalculating facets...
I  977.57] Elapsed: 16:18, vertices: 3466, facets final: 1895, pending: 40066, pool: 200
I  981.53] recalculating facets...
I  982.63] Elapsed: 16:23, vertices: 3484, facets final: 1907, pending: 40023, pool: 200
I  987.77] Elapsed: 16:28, vertices: 3503, facets final: 1934, pending: 39954, pool: 200
I  989.67] recalculating facets...
I  992.83] Elapsed: 16:33, vertices: 3520, facets final: 1959, pending: 39847, pool: 200
I  998.10] Elapsed: 16:38, vertices: 3539, facets final: 1981, pending: 39767, pool: 200
I  998.50] recalculating facets...
I 1003.20] Elapsed: 16:43, vertices: 3556, facets final: 2009, pending: 39690, pool: 200
I 1006.89] recalculating facets...
I 1008.25] Elapsed: 16:48, vertices: 3574, facets final: 2032, pending: 39541, pool: 200
I 1013.33] Elapsed: 16:53, vertices: 3592, facets final: 2049, pending: 39481, pool: 200
I 1015.18] recalculating facets...
I 1018.36] Elapsed: 16:58, vertices: 3610, facets final: 2073, pending: 39317, pool: 200
I 1023.50] Elapsed: 17:04, vertices: 3628, facets final: 2104, pending: 39243, pool: 200
I 1024.04] recalculating facets...
I 1028.53] Elapsed: 17:09, vertices: 3646, facets final: 2134, pending: 39204, pool: 200
I 1032.89] recalculating facets...
I 1033.53] Elapsed: 17:14, vertices: 3663, facets final: 2160, pending: 39092, pool: 200
I 1038.54] Elapsed: 17:19, vertices: 3681, facets final: 2183, pending: 39004, pool: 200
I 1041.66] recalculating facets...
I 1043.66] Elapsed: 17:24, vertices: 3697, facets final: 2224, pending: 38988, pool: 200
I 1048.68] Elapsed: 17:29, vertices: 3716, facets final: 2239, pending: 38792, pool: 200
I 1050.10] recalculating facets...
I 1053.72] Elapsed: 17:34, vertices: 3731, facets final: 2268, pending: 38722, pool: 200
I 1058.74] Elapsed: 17:39, vertices: 3748, facets final: 2289, pending: 38620, pool: 200
I 1059.41] recalculating facets...
I 1063.74] Elapsed: 17:44, vertices: 3766, facets final: 2330, pending: 38412, pool: 199
I 1067.10] recalculating facets...
I 1068.74] Elapsed: 17:49, vertices: 3785, facets final: 2379, pending: 38219, pool: 200
I 1073.77] Elapsed: 17:54, vertices: 3803, facets final: 2431, pending: 37996, pool: 200
I 1075.15] recalculating facets...
I 1078.77] Elapsed: 17:59, vertices: 3822, facets final: 2473, pending: 37966, pool: 200
I 1083.48] recalculating facets...
I 1083.77] Elapsed: 18:04, vertices: 3841, facets final: 2503, pending: 37831, pool: 200
I 1088.79] Elapsed: 18:09, vertices: 3857, facets final: 2538, pending: 37608, pool: 200
I 1092.68] recalculating facets...
I 1093.80] Elapsed: 18:14, vertices: 3876, facets final: 2578, pending: 37418, pool: 200
I 1098.85] Elapsed: 18:19, vertices: 3895, facets final: 2623, pending: 37297, pool: 200
I 1100.15] recalculating facets...
I 1103.89] Elapsed: 18:24, vertices: 3916, facets final: 2652, pending: 37114, pool: 200
I 1107.77] recalculating facets...
I 1108.94] Elapsed: 18:29, vertices: 3933, facets final: 2696, pending: 36904, pool: 200
I 1114.06] Elapsed: 18:34, vertices: 3951, facets final: 2731, pending: 36761, pool: 200
I 1116.55] recalculating facets...
I 1119.09] Elapsed: 18:39, vertices: 3970, facets final: 2760, pending: 36708, pool: 200
I 1124.18] Elapsed: 18:44, vertices: 3990, facets final: 2789, pending: 36530, pool: 200
I 1124.18] recalculating facets...
I 1129.30] Elapsed: 18:49, vertices: 4008, facets final: 2828, pending: 36357, pool: 200
I 1132.13] recalculating facets...
I 1134.33] Elapsed: 18:54, vertices: 4028, facets final: 2862, pending: 36221, pool: 200
I 1139.39] Elapsed: 18:59, vertices: 4048, facets final: 2885, pending: 36107, pool: 200
I 1140.13] recalculating facets...
I 1144.47] Elapsed: 19:04, vertices: 4065, facets final: 2914, pending: 36187, pool: 200
I 1148.63] recalculating facets...
I 1149.52] Elapsed: 19:10, vertices: 4083, facets final: 2947, pending: 36167, pool: 199
I 1154.62] Elapsed: 19:15, vertices: 4099, facets final: 2992, pending: 36012, pool: 200
I 1158.28] recalculating facets...
I 1159.77] Elapsed: 19:20, vertices: 4116, facets final: 3023, pending: 35827, pool: 200
I 1164.77] Elapsed: 19:25, vertices: 4133, facets final: 3051, pending: 35810, pool: 200
I 1166.26] recalculating facets...
I 1169.86] Elapsed: 19:30, vertices: 4152, facets final: 3077, pending: 35742, pool: 199
I 1174.95] Elapsed: 19:35, vertices: 4169, facets final: 3122, pending: 35538, pool: 200
I 1175.24] recalculating facets...
I 1180.00] Elapsed: 19:40, vertices: 4186, facets final: 3163, pending: 35407, pool: 200
I 1184.98] recalculating facets...
I 1185.12] Elapsed: 19:45, vertices: 4201, facets final: 3199, pending: 35235, pool: 200
I 1190.25] Elapsed: 19:50, vertices: 4219, facets final: 3239, pending: 35143, pool: 200
I 1193.83] recalculating facets...
I 1195.36] Elapsed: 19:55, vertices: 4234, facets final: 3276, pending: 35092, pool: 200
I 1200.44] Elapsed: 20:00, vertices: 4252, facets final: 3317, pending: 34969, pool: 200
I 1202.57] recalculating facets...
I 1205.46] Elapsed: 20:05, vertices: 4270, facets final: 3344, pending: 34980, pool: 200
I 1210.46] Elapsed: 20:10, vertices: 4287, facets final: 3377, pending: 34856, pool: 200
I 1211.56] recalculating facets...
I 1215.49] Elapsed: 20:15, vertices: 4300, facets final: 3419, pending: 34813, pool: 200
I 1220.18] recalculating facets...
I 1220.49] Elapsed: 20:20, vertices: 4322, facets final: 3452, pending: 34805, pool: 200
I 1225.50] Elapsed: 20:26, vertices: 4340, facets final: 3501, pending: 34699, pool: 200
I 1227.81] recalculating facets...
I 1230.51] Elapsed: 20:31, vertices: 4359, facets final: 3549, pending: 34548, pool: 200
I 1235.62] Elapsed: 20:36, vertices: 4374, facets final: 3627, pending: 34381, pool: 200
I 1236.83] recalculating facets...
I 1240.68] Elapsed: 20:41, vertices: 4395, facets final: 3663, pending: 34226, pool: 200
I 1244.81] recalculating facets...
I 1245.72] Elapsed: 20:46, vertices: 4414, facets final: 3718, pending: 34187, pool: 199
I 1250.73] Elapsed: 20:51, vertices: 4434, facets final: 3770, pending: 34097, pool: 200
I 1252.52] recalculating facets...
I 1255.77] Elapsed: 20:56, vertices: 4452, facets final: 3825, pending: 33899, pool: 200
I 1260.81] Elapsed: 21:01, vertices: 4470, facets final: 3881, pending: 33740, pool: 200
I 1260.81] recalculating facets...
I 1265.81] Elapsed: 21:06, vertices: 4487, facets final: 3946, pending: 33596, pool: 200
I 1269.15] recalculating facets...
I 1270.84] Elapsed: 21:11, vertices: 4505, facets final: 3996, pending: 33482, pool: 200
I 1275.89] Elapsed: 21:16, vertices: 4520, facets final: 4065, pending: 33399, pool: 200
I 1278.41] recalculating facets...
I 1280.97] Elapsed: 21:21, vertices: 4538, facets final: 4118, pending: 33313, pool: 200
I 1286.00] Elapsed: 21:26, vertices: 4558, facets final: 4158, pending: 33177, pool: 200
I 1286.61] recalculating facets...
I 1291.05] Elapsed: 21:31, vertices: 4577, facets final: 4198, pending: 33076, pool: 200
I 1295.40] recalculating facets...
I 1296.08] Elapsed: 21:36, vertices: 4591, facets final: 4266, pending: 32951, pool: 200
I 1301.17] Elapsed: 21:41, vertices: 4609, facets final: 4328, pending: 32760, pool: 200
I 1304.51] recalculating facets...
I 1306.21] Elapsed: 21:46, vertices: 4627, facets final: 4388, pending: 32527, pool: 200
I 1311.21] Elapsed: 21:51, vertices: 4644, facets final: 4451, pending: 32479, pool: 200
I 1312.84] recalculating facets...
I 1316.23] Elapsed: 21:56, vertices: 4663, facets final: 4509, pending: 32342, pool: 199
I 1320.67] recalculating facets...
I 1321.24] Elapsed: 22:01, vertices: 4682, facets final: 4563, pending: 32169, pool: 200
I 1326.34] Elapsed: 22:06, vertices: 4694, facets final: 4642, pending: 32043, pool: 200
I 1331.34] Elapsed: 22:11, vertices: 4710, facets final: 4720, pending: 31990, pool: 200
I 1331.73] recalculating facets...
I 1336.41] Elapsed: 22:16, vertices: 4725, facets final: 4789, pending: 31859, pool: 200
I 1340.63] recalculating facets...
I 1341.48] Elapsed: 22:21, vertices: 4744, facets final: 4836, pending: 31783, pool: 200
I 1346.49] Elapsed: 22:26, vertices: 4763, facets final: 4900, pending: 31705, pool: 200
I 1348.40] recalculating facets...
I 1351.49] Elapsed: 22:31, vertices: 4781, facets final: 4957, pending: 31611, pool: 200
I 1356.50] Elapsed: 22:37, vertices: 4800, facets final: 5014, pending: 31579, pool: 200
I 1356.62] recalculating facets...
I 1361.58] Elapsed: 22:42, vertices: 4818, facets final: 5061, pending: 31495, pool: 200
I 1365.50] recalculating facets...
I 1366.58] Elapsed: 22:47, vertices: 4835, facets final: 5114, pending: 31428, pool: 200
I 1371.58] Elapsed: 22:52, vertices: 4852, facets final: 5189, pending: 31269, pool: 200
I 1374.87] recalculating facets...
I 1376.64] Elapsed: 22:57, vertices: 4866, facets final: 5274, pending: 31180, pool: 199
I 1381.68] Elapsed: 23:02, vertices: 4882, facets final: 5335, pending: 31047, pool: 200
I 1384.51] recalculating facets...
I 1386.71] Elapsed: 23:07, vertices: 4897, facets final: 5408, pending: 30872, pool: 200
I 1391.72] Elapsed: 23:12, vertices: 4916, facets final: 5471, pending: 30727, pool: 200
I 1393.32] recalculating facets...
I 1396.73] Elapsed: 23:17, vertices: 4929, facets final: 5533, pending: 30644, pool: 200
I 1401.78] Elapsed: 23:22, vertices: 4948, facets final: 5594, pending: 30591, pool: 200
I 1402.44] recalculating facets...
I 1406.84] Elapsed: 23:27, vertices: 4960, facets final: 5675, pending: 30466, pool: 200
I 1411.84] Elapsed: 23:32, vertices: 4977, facets final: 5737, pending: 30312, pool: 200
I 1412.60] recalculating facets...
I 1416.91] Elapsed: 23:37, vertices: 4991, facets final: 5798, pending: 30256, pool: 199
I 1421.92] Elapsed: 23:42, vertices: 5007, facets final: 5867, pending: 30038, pool: 199
I 1423.38] recalculating facets...
I 1427.02] Elapsed: 23:47, vertices: 5018, facets final: 5947, pending: 29966, pool: 200
I 1432.03] Elapsed: 23:52, vertices: 5034, facets final: 6025, pending: 29815, pool: 199
I 1433.79] recalculating facets...
I 1437.03] Elapsed: 23:57, vertices: 5049, facets final: 6085, pending: 29672, pool: 200
I 1442.03] Elapsed: 24:02, vertices: 5064, facets final: 6172, pending: 29540, pool: 200
I 1443.75] recalculating facets...
I 1447.11] Elapsed: 24:07, vertices: 5079, facets final: 6247, pending: 29424, pool: 200
I 1452.13] Elapsed: 24:12, vertices: 5092, facets final: 6339, pending: 29292, pool: 200
I 1454.98] recalculating facets...
I 1457.13] Elapsed: 24:17, vertices: 5108, facets final: 6404, pending: 29175, pool: 199
I 1462.14] Elapsed: 24:22, vertices: 5120, facets final: 6480, pending: 29014, pool: 200
I 1465.32] recalculating facets...
I 1467.29] Elapsed: 24:27, vertices: 5134, facets final: 6555, pending: 28931, pool: 200
I 1472.30] Elapsed: 24:32, vertices: 5148, facets final: 6650, pending: 28753, pool: 199
I 1476.18] recalculating facets...
I 1477.32] Elapsed: 24:37, vertices: 5164, facets final: 6718, pending: 28618, pool: 200
I 1482.33] Elapsed: 24:42, vertices: 5176, facets final: 6806, pending: 28495, pool: 199
I 1487.44] Elapsed: 24:47, vertices: 5190, facets final: 6881, pending: 28405, pool: 200
I 1487.44] recalculating facets...
I 1492.45] Elapsed: 24:52, vertices: 5203, facets final: 6969, pending: 28259, pool: 199
I 1497.50] Elapsed: 24:58, vertices: 5216, facets final: 7056, pending: 28167, pool: 200
I 1499.26] recalculating facets...
I 1502.51] Elapsed: 25:03, vertices: 5231, facets final: 7135, pending: 28055, pool: 200
I 1507.51] Elapsed: 25:08, vertices: 5244, facets final: 7219, pending: 27953, pool: 200
I 1509.69] recalculating facets...
I 1512.55] Elapsed: 25:13, vertices: 5256, facets final: 7308, pending: 27834, pool: 200
I 1517.58] Elapsed: 25:18, vertices: 5273, facets final: 7368, pending: 27664, pool: 200
I 1520.25] recalculating facets...
I 1522.58] Elapsed: 25:23, vertices: 5286, facets final: 7444, pending: 27516, pool: 200
I 1527.60] Elapsed: 25:28, vertices: 5300, facets final: 7538, pending: 27423, pool: 198
I 1532.31] recalculating facets...
I 1532.60] Elapsed: 25:33, vertices: 5311, facets final: 7641, pending: 27292, pool: 199
I 1537.63] Elapsed: 25:38, vertices: 5320, facets final: 7744, pending: 27150, pool: 199
I 1542.63] Elapsed: 25:43, vertices: 5334, facets final: 7823, pending: 26998, pool: 199
I 1544.98] recalculating facets...
I 1547.66] Elapsed: 25:48, vertices: 5348, facets final: 7908, pending: 26856, pool: 199
I 1552.82] Elapsed: 25:53, vertices: 5361, facets final: 7997, pending: 26711, pool: 200
I 1557.84] Elapsed: 25:58, vertices: 5369, facets final: 8104, pending: 26570, pool: 200
I 1558.15] recalculating facets...
I 1562.90] Elapsed: 26:03, vertices: 5382, facets final: 8188, pending: 26424, pool: 200
I 1567.91] Elapsed: 26:08, vertices: 5394, facets final: 8292, pending: 26262, pool: 199
I 1571.72] recalculating facets...
I 1572.94] Elapsed: 26:13, vertices: 5402, facets final: 8405, pending: 26133, pool: 197
I 1577.94] Elapsed: 26:18, vertices: 5413, facets final: 8500, pending: 26007, pool: 200
I 1583.00] Elapsed: 26:23, vertices: 5421, facets final: 8618, pending: 25866, pool: 200
I 1587.62] recalculating facets...
I 1588.03] Elapsed: 26:28, vertices: 5431, facets final: 8728, pending: 25732, pool: 200
I 1593.12] Elapsed: 26:33, vertices: 5443, facets final: 8830, pending: 25627, pool: 198
I 1598.14] Elapsed: 26:38, vertices: 5454, facets final: 8941, pending: 25467, pool: 200
I 1600.26] recalculating facets...
I 1603.14] Elapsed: 26:43, vertices: 5469, facets final: 9016, pending: 25312, pool: 200
I 1608.15] Elapsed: 26:48, vertices: 5480, facets final: 9127, pending: 25174, pool: 199
I 1613.19] Elapsed: 26:53, vertices: 5490, facets final: 9232, pending: 25046, pool: 200
I 1614.16] recalculating facets...
I 1618.20] Elapsed: 26:58, vertices: 5499, facets final: 9342, pending: 24899, pool: 200
I 1623.21] Elapsed: 27:03, vertices: 5510, facets final: 9452, pending: 24748, pool: 200
I 1628.21] Elapsed: 27:08, vertices: 5518, facets final: 9566, pending: 24610, pool: 200
I 1629.54] recalculating facets...
I 1633.28] Elapsed: 27:13, vertices: 5527, facets final: 9672, pending: 24453, pool: 200
I 1638.29] Elapsed: 27:18, vertices: 5537, facets final: 9781, pending: 24330, pool: 200
I 1643.30] Elapsed: 27:23, vertices: 5547, facets final: 9896, pending: 24198, pool: 199
I 1645.45] recalculating facets...
I 1648.33] Elapsed: 27:28, vertices: 5556, facets final: 10006, pending: 24067, pool: 200
I 1653.37] Elapsed: 27:33, vertices: 5564, facets final: 10123, pending: 23961, pool: 199
I 1658.45] Elapsed: 27:38, vertices: 5575, facets final: 10219, pending: 23818, pool: 200
I 1660.76] recalculating facets...
I 1663.45] Elapsed: 27:43, vertices: 5585, facets final: 10330, pending: 23679, pool: 200
I 1668.45] Elapsed: 27:48, vertices: 5592, facets final: 10459, pending: 23558, pool: 200
I 1673.49] Elapsed: 27:53, vertices: 5602, facets final: 10566, pending: 23434, pool: 200
I 1677.98] recalculating facets...
I 1678.51] Elapsed: 27:59, vertices: 5611, facets final: 10695, pending: 23291, pool: 200
I 1683.61] Elapsed: 28:04, vertices: 5618, facets final: 10823, pending: 23143, pool: 200
I 1688.61] Elapsed: 28:09, vertices: 5629, facets final: 10935, pending: 23011, pool: 199
I 1693.68] Elapsed: 28:14, vertices: 5638, facets final: 11052, pending: 22901, pool: 200
I 1694.32] recalculating facets...
I 1698.68] Elapsed: 28:19, vertices: 5646, facets final: 11164, pending: 22774, pool: 197
I 1703.72] Elapsed: 28:24, vertices: 5656, facets final: 11280, pending: 22617, pool: 198
I 1708.74] Elapsed: 28:29, vertices: 5665, facets final: 11403, pending: 22476, pool: 198
I 1713.74] Elapsed: 28:34, vertices: 5670, facets final: 11535, pending: 22341, pool: 198
I 1715.22] recalculating facets...
I 1718.75] Elapsed: 28:39, vertices: 5677, facets final: 11658, pending: 22213, pool: 199
I 1723.78] Elapsed: 28:44, vertices: 5685, facets final: 11768, pending: 22093, pool: 199
I 1728.78] Elapsed: 28:49, vertices: 5692, facets final: 11896, pending: 21945, pool: 197
I 1733.79] Elapsed: 28:54, vertices: 5699, facets final: 12018, pending: 21817, pool: 198
I 1734.82] recalculating facets...
I 1738.81] Elapsed: 28:59, vertices: 5706, facets final: 12147, pending: 21626, pool: 200
I 1743.82] Elapsed: 29:04, vertices: 5713, facets final: 12270, pending: 21500, pool: 199
I 1748.82] Elapsed: 29:09, vertices: 5720, facets final: 12389, pending: 21356, pool: 198
I 1753.96] Elapsed: 29:14, vertices: 5728, facets final: 12519, pending: 21185, pool: 199
I 1755.74] recalculating facets...
I 1758.97] Elapsed: 29:19, vertices: 5736, facets final: 12636, pending: 21034, pool: 199
I 1764.00] Elapsed: 29:24, vertices: 5741, facets final: 12777, pending: 20882, pool: 196
I 1769.00] Elapsed: 29:29, vertices: 5746, facets final: 12913, pending: 20730, pool: 197
I 1774.03] Elapsed: 29:34, vertices: 5754, facets final: 13021, pending: 20588, pool: 198
I 1779.06] Elapsed: 29:39, vertices: 5757, facets final: 13157, pending: 20428, pool: 200
I 1781.44] recalculating facets...
I 1784.09] Elapsed: 29:44, vertices: 5764, facets final: 13281, pending: 20301, pool: 199
I 1789.10] Elapsed: 29:49, vertices: 5771, facets final: 13410, pending: 20134, pool: 198
I 1794.11] Elapsed: 29:54, vertices: 5780, facets final: 13534, pending: 19978, pool: 199
I 1799.14] Elapsed: 29:59, vertices: 5787, facets final: 13664, pending: 19844, pool: 198
I 1802.79] recalculating facets...
I 1804.15] Elapsed: 30:04, vertices: 5793, facets final: 13780, pending: 19694, pool: 197
I 1809.17] Elapsed: 30:09, vertices: 5800, facets final: 13908, pending: 19548, pool: 197
I 1814.19] Elapsed: 30:14, vertices: 5806, facets final: 14030, pending: 19409, pool: 196
I 1819.21] Elapsed: 30:19, vertices: 5809, facets final: 14165, pending: 19261, pool: 200
I 1824.21] Elapsed: 30:24, vertices: 5816, facets final: 14307, pending: 19100, pool: 197
I 1828.70] recalculating facets...
I 1829.22] Elapsed: 30:29, vertices: 5822, facets final: 14443, pending: 18956, pool: 198
I 1834.22] Elapsed: 30:34, vertices: 5826, facets final: 14584, pending: 18802, pool: 196
I 1839.23] Elapsed: 30:39, vertices: 5832, facets final: 14714, pending: 18655, pool: 198
I 1844.24] Elapsed: 30:44, vertices: 5837, facets final: 14851, pending: 18503, pool: 199
I 1849.30] Elapsed: 30:49, vertices: 5845, facets final: 14965, pending: 18369, pool: 199
I 1853.56] recalculating facets...
I 1854.30] Elapsed: 30:54, vertices: 5851, facets final: 15098, pending: 18217, pool: 197
I 1859.31] Elapsed: 30:59, vertices: 5858, facets final: 15219, pending: 18073, pool: 198
I 1864.32] Elapsed: 31:04, vertices: 5862, facets final: 15356, pending: 17935, pool: 198
I 1869.34] Elapsed: 31:09, vertices: 5866, facets final: 15501, pending: 17792, pool: 197
I 1874.36] Elapsed: 31:14, vertices: 5873, facets final: 15631, pending: 17645, pool: 196
I 1879.43] Elapsed: 31:19, vertices: 5876, facets final: 15775, pending: 17499, pool: 199
I 1884.31] recalculating facets...
I 1884.43] Elapsed: 31:24, vertices: 5881, facets final: 15921, pending: 17354, pool: 199
I 1889.43] Elapsed: 31:29, vertices: 5889, facets final: 16063, pending: 17170, pool: 198
I 1894.43] Elapsed: 31:34, vertices: 5894, facets final: 16201, pending: 17017, pool: 196
I 1899.53] Elapsed: 31:40, vertices: 5897, facets final: 16351, pending: 16853, pool: 195
I 1904.54] Elapsed: 31:45, vertices: 5900, facets final: 16505, pending: 16692, pool: 197
I 1909.64] Elapsed: 31:50, vertices: 5906, facets final: 16643, pending: 16542, pool: 198
I 1912.73] recalculating facets...
I 1914.66] Elapsed: 31:55, vertices: 5912, facets final: 16779, pending: 16390, pool: 196
I 1919.68] Elapsed: 32:00, vertices: 5917, facets final: 16925, pending: 16238, pool: 199
I 1924.71] Elapsed: 32:05, vertices: 5922, facets final: 17078, pending: 16073, pool: 199
I 1929.71] Elapsed: 32:10, vertices: 5925, facets final: 17221, pending: 15938, pool: 199
I 1934.73] Elapsed: 32:15, vertices: 5928, facets final: 17375, pending: 15776, pool: 200
I 1939.75] Elapsed: 32:20, vertices: 5935, facets final: 17512, pending: 15618, pool: 199
I 1943.82] recalculating facets...
I 1944.75] Elapsed: 32:25, vertices: 5941, facets final: 17649, pending: 15473, pool: 199
I 1949.75] Elapsed: 32:30, vertices: 5947, facets final: 17783, pending: 15317, pool: 199
I 1954.75] Elapsed: 32:35, vertices: 5950, facets final: 17943, pending: 15147, pool: 200
I 1959.77] Elapsed: 32:40, vertices: 5958, facets final: 18079, pending: 14993, pool: 199
I 1964.79] Elapsed: 32:45, vertices: 5963, facets final: 18223, pending: 14847, pool: 194
I 1969.80] Elapsed: 32:50, vertices: 5965, facets final: 18379, pending: 14681, pool: 197
I 1974.81] Elapsed: 32:55, vertices: 5968, facets final: 18533, pending: 14526, pool: 197
I 1979.81] Elapsed: 33:00, vertices: 5969, facets final: 18694, pending: 14361, pool: 198
I 1980.83] recalculating facets...
I 1984.84] Elapsed: 33:05, vertices: 5974, facets final: 18842, pending: 14207, pool: 198
I 1989.84] Elapsed: 33:10, vertices: 5980, facets final: 18981, pending: 14060, pool: 200
I 1994.85] Elapsed: 33:15, vertices: 5983, facets final: 19131, pending: 13935, pool: 198
I 1999.87] Elapsed: 33:20, vertices: 5990, facets final: 19264, pending: 13800, pool: 199
I 2004.90] Elapsed: 33:25, vertices: 5995, facets final: 19410, pending: 13641, pool: 197
I 2009.92] Elapsed: 33:30, vertices: 5997, facets final: 19572, pending: 13472, pool: 198
I 2012.27] recalculating facets...
I 2014.95] Elapsed: 33:35, vertices: 6003, facets final: 19709, pending: 13322, pool: 197
I 2019.95] Elapsed: 33:40, vertices: 6006, facets final: 19867, pending: 13162, pool: 195
I 2024.96] Elapsed: 33:45, vertices: 6010, facets final: 20012, pending: 13005, pool: 197
I 2029.97] Elapsed: 33:50, vertices: 6016, facets final: 20158, pending: 12849, pool: 200
I 2034.98] Elapsed: 33:55, vertices: 6025, facets final: 20290, pending: 12694, pool: 199
I 2039.98] Elapsed: 34:00, vertices: 6028, facets final: 20460, pending: 12518, pool: 197
I 2042.08] recalculating facets...
I 2044.99] Elapsed: 34:05, vertices: 6035, facets final: 20596, pending: 12368, pool: 195
I 2050.00] Elapsed: 34:10, vertices: 6037, facets final: 20754, pending: 12204, pool: 197
I 2055.04] Elapsed: 34:15, vertices: 6040, facets final: 20913, pending: 12044, pool: 198
I 2060.06] Elapsed: 34:20, vertices: 6044, facets final: 21064, pending: 11883, pool: 198
I 2065.11] Elapsed: 34:25, vertices: 6047, facets final: 21230, pending: 11708, pool: 199
I 2070.14] Elapsed: 34:30, vertices: 6050, facets final: 21373, pending: 11557, pool: 198
I 2075.15] Elapsed: 34:35, vertices: 6056, facets final: 21511, pending: 11406, pool: 196
I 2079.39] recalculating facets...
I 2080.17] Elapsed: 34:40, vertices: 6062, facets final: 21653, pending: 11263, pool: 194
I 2085.17] Elapsed: 34:45, vertices: 6063, facets final: 21811, pending: 11101, pool: 196
I 2090.17] Elapsed: 34:50, vertices: 6066, facets final: 21974, pending: 10934, pool: 196
I 2095.23] Elapsed: 34:55, vertices: 6069, facets final: 22127, pending: 10777, pool: 195
I 2100.24] Elapsed: 35:00, vertices: 6073, facets final: 22263, pending: 10631, pool: 197
I 2105.26] Elapsed: 35:05, vertices: 6077, facets final: 22413, pending: 10475, pool: 195
I 2110.26] Elapsed: 35:10, vertices: 6081, facets final: 22565, pending: 10313, pool: 196
I 2115.27] Elapsed: 35:15, vertices: 6084, facets final: 22720, pending: 10155, pool: 194
I 2120.28] Elapsed: 35:20, vertices: 6086, facets final: 22870, pending: 10005, pool: 194
I 2125.30] Elapsed: 35:25, vertices: 6089, facets final: 23027, pending: 9842, pool: 191
I 2130.30] Elapsed: 35:30, vertices: 6090, facets final: 23183, pending: 9683, pool: 191
I 2132.22] recalculating facets...
I 2135.31] Elapsed: 35:35, vertices: 6094, facets final: 23327, pending: 9519, pool: 196
I 2140.35] Elapsed: 35:40, vertices: 6097, facets final: 23487, pending: 9355, pool: 194
I 2145.35] Elapsed: 35:45, vertices: 6101, facets final: 23632, pending: 9202, pool: 191
I 2150.36] Elapsed: 35:50, vertices: 6103, facets final: 23800, pending: 9032, pool: 190
I 2155.36] Elapsed: 35:55, vertices: 6106, facets final: 23952, pending: 8874, pool: 193
I 2160.37] Elapsed: 36:00, vertices: 6107, facets final: 24119, pending: 8707, pool: 192
I 2165.39] Elapsed: 36:05, vertices: 6114, facets final: 24262, pending: 8559, pool: 188
I 2170.40] Elapsed: 36:10, vertices: 6116, facets final: 24410, pending: 8405, pool: 186
I 2175.41] Elapsed: 36:15, vertices: 6119, facets final: 24560, pending: 8247, pool: 186
I 2176.83] recalculating facets...
I 2180.43] Elapsed: 36:20, vertices: 6125, facets final: 24708, pending: 8090, pool: 183
I 2185.44] Elapsed: 36:25, vertices: 6126, facets final: 24868, pending: 7928, pool: 182
I 2190.44] Elapsed: 36:30, vertices: 6128, facets final: 25035, pending: 7760, pool: 183
I 2195.45] Elapsed: 36:35, vertices: 6131, facets final: 25195, pending: 7592, pool: 183
I 2200.47] Elapsed: 36:40, vertices: 6133, facets final: 25355, pending: 7428, pool: 182
I 2205.49] Elapsed: 36:45, vertices: 6135, facets final: 25520, pending: 7259, pool: 182
I 2210.53] Elapsed: 36:51, vertices: 6137, facets final: 25665, pending: 7106, pool: 181
I 2215.53] Elapsed: 36:56, vertices: 6139, facets final: 25820, pending: 6948, pool: 181
I 2220.53] Elapsed: 37:01, vertices: 6143, facets final: 25974, pending: 6788, pool: 177
I 2225.53] Elapsed: 37:06, vertices: 6146, facets final: 26136, pending: 6620, pool: 174
I 2230.55] Elapsed: 37:11, vertices: 6150, facets final: 26286, pending: 6468, pool: 170
I 2230.55] recalculating facets...
I 2235.58] Elapsed: 37:16, vertices: 6154, facets final: 26435, pending: 6310, pool: 167
I 2240.60] Elapsed: 37:21, vertices: 6155, facets final: 26593, pending: 6149, pool: 167
I 2245.60] Elapsed: 37:26, vertices: 6156, facets final: 26754, pending: 5986, pool: 168
I 2250.60] Elapsed: 37:31, vertices: 6161, facets final: 26910, pending: 5826, pool: 164
I 2255.61] Elapsed: 37:36, vertices: 6163, facets final: 27066, pending: 5667, pool: 164
I 2260.63] Elapsed: 37:41, vertices: 6167, facets final: 27227, pending: 5501, pool: 161
I 2265.65] Elapsed: 37:46, vertices: 6169, facets final: 27384, pending: 5340, pool: 160
I 2270.65] Elapsed: 37:51, vertices: 6172, facets final: 27547, pending: 5169, pool: 158
I 2275.65] Elapsed: 37:56, vertices: 6175, facets final: 27711, pending: 4998, pool: 156
I 2280.67] Elapsed: 38:01, vertices: 6176, facets final: 27877, pending: 4824, pool: 159
I 2285.71] Elapsed: 38:06, vertices: 6177, facets final: 28037, pending: 4660, pool: 158
I 2290.71] Elapsed: 38:11, vertices: 6179, facets final: 28200, pending: 4495, pool: 158
I 2293.44] recalculating facets...
I 2295.72] Elapsed: 38:16, vertices: 6181, facets final: 28367, pending: 4323, pool: 160
I 2300.74] Elapsed: 38:21, vertices: 6185, facets final: 28521, pending: 4151, pool: 160
I 2305.78] Elapsed: 38:26, vertices: 6191, facets final: 28667, pending: 4005, pool: 156
I 2310.78] Elapsed: 38:31, vertices: 6195, facets final: 28826, pending: 3838, pool: 153
I 2315.82] Elapsed: 38:36, vertices: 6197, facets final: 28988, pending: 3661, pool: 154
I 2320.83] Elapsed: 38:41, vertices: 6200, facets final: 29148, pending: 3496, pool: 154
I 2325.86] Elapsed: 38:46, vertices: 6205, facets final: 29304, pending: 3340, pool: 150
I 2330.91] Elapsed: 38:51, vertices: 6208, facets final: 29449, pending: 3190, pool: 148
I 2333.50] recalculating facets...
I 2335.91] Elapsed: 38:56, vertices: 6212, facets final: 29595, pending: 3038, pool: 144
I 2340.95] Elapsed: 39:01, vertices: 6214, facets final: 29759, pending: 2870, pool: 142
I 2345.97] Elapsed: 39:06, vertices: 6218, facets final: 29919, pending: 2708, pool: 138
I 2350.97] Elapsed: 39:11, vertices: 6227, facets final: 30060, pending: 2555, pool: 130
I 2355.99] Elapsed: 39:16, vertices: 6230, facets final: 30226, pending: 2383, pool: 129
I 2361.00] Elapsed: 39:21, vertices: 6231, facets final: 30404, pending: 2203, pool: 129
I 2366.02] Elapsed: 39:26, vertices: 6234, facets final: 30560, pending: 2041, pool: 129
I 2371.02] Elapsed: 39:31, vertices: 6236, facets final: 30727, pending: 1870, pool: 128
I 2375.62] recalculating facets...
I 2376.04] Elapsed: 39:36, vertices: 6241, facets final: 30871, pending: 1723, pool: 124
I 2381.08] Elapsed: 39:41, vertices: 6245, facets final: 31022, pending: 1563, pool: 120
I 2386.09] Elapsed: 39:46, vertices: 6249, facets final: 31182, pending: 1397, pool: 118
I 2391.09] Elapsed: 39:51, vertices: 6250, facets final: 31349, pending: 1228, pool: 119
I 2396.10] Elapsed: 39:56, vertices: 6252, facets final: 31508, pending: 1065, pool: 118
I 2401.11] Elapsed: 40:01, vertices: 6258, facets final: 31660, pending: 903, pool: 117
I 2406.11] Elapsed: 40:06, vertices: 6264, facets final: 31810, pending: 741, pool: 114
I 2409.48] recalculating facets...
I 2411.15] Elapsed: 40:11, vertices: 6275, facets final: 31963, pending: 574, pool: 105
I 2416.15] Elapsed: 40:16, vertices: 6290, facets final: 32110, pending: 419, pool: 95
I 2418.64] recalculating facets...
I 2421.15] Elapsed: 40:21, vertices: 6315, facets final: 32249, pending: 257, pool: 74
I 2422.86] recalculating facets...
I 2425.14] recalculating facets...
I 2426.15] Elapsed: 40:26, vertices: 6375, facets final: 32356, pending: 101, pool: 26
I 2427.21] recalculating facets...
I 2428.70] Elapsed: 40:29, vertices: 6420, facets final: 32415, pending: 0

--------------------------------
Problem completed
 name                    52.vlp
 output                  vlp/52.res
 rows, cols, objs        173, 4572, 10
 vertices, facets        6420, 32415
 total time              40:29
--------------------------------
Statistics
LP:
 oracle calls            39739
   avg iterations/calls  211.92
 total oracle time       20:13
Combinatorics:
 vertices added          6420
 facets probed           65609
 facets # max            52052
 memory allocated        97.03M
 storage expansion
   vertices # / upto     51 / 6524
   facets   # / upto     13 / 53244
 facet manipulating
   added avg / max       78.85 / 1.13k
   compressed            267
 number of ridge tests
   avg / max             2.72M / 34.66M
--------------------------------
Parameters with non-default values
 ExactFacetEq = 1
 VertexPoolSize = 200
 RecalculateFacets = 30
 ScaleEps = 5e-08
 RoundEps = 5e-08
