C copy string: rs=ac:bd;t=a:br;u=d:abrt;ar,br,cr,d;ar,br,c,dr; ineq: base30.txt
I    4.21] recalculating facets...
I    5.00] Elapsed: 5.00, vertices: 69, facets final: 8, pending: 5365, pool: 85
I    8.85] recalculating facets...
I   10.00] Elapsed: 10.00, vertices: 136, facets final: 14, pending: 13544, pool: 123
I   14.97] recalculating facets...
I   15.02] Elapsed: 15.02, vertices: 181, facets final: 27, pending: 15718, pool: 186
I   20.03] Elapsed: 20.03, vertices: 232, facets final: 32, pending: 19725, pool: 200
I   20.72] recalculating facets...
I   25.09] Elapsed: 25.09, vertices: 286, facets final: 36, pending: 20528, pool: 197
I   26.61] recalculating facets...
I   30.16] Elapsed: 30.16, vertices: 336, facets final: 42, pending: 23569, pool: 200
I   32.50] recalculating facets...
I   35.19] Elapsed: 35.19, vertices: 388, facets final: 47, pending: 24236, pool: 200
I   38.40] recalculating facets...
I   40.26] Elapsed: 40.26, vertices: 437, facets final: 55, pending: 25455, pool: 199
I   44.84] recalculating facets...
I   45.31] Elapsed: 45.31, vertices: 484, facets final: 65, pending: 26596, pool: 199
I   50.38] Elapsed: 50.38, vertices: 532, facets final: 78, pending: 28359, pool: 200
I   51.38] recalculating facets...
I   55.46] Elapsed: 55.46, vertices: 577, facets final: 89, pending: 28914, pool: 200
I   58.03] recalculating facets...
I   60.54] Elapsed: 1:01, vertices: 620, facets final: 99, pending: 28419, pool: 200
I   64.93] recalculating facets...
I   65.58] Elapsed: 1:06, vertices: 665, facets final: 108, pending: 28606, pool: 199
I   70.64] Elapsed: 1:11, vertices: 710, facets final: 126, pending: 29359, pool: 199
I   71.82] recalculating facets...
I   75.68] Elapsed: 1:16, vertices: 753, facets final: 145, pending: 29406, pool: 200
I   79.04] recalculating facets...
I   80.76] Elapsed: 1:21, vertices: 794, facets final: 156, pending: 30978, pool: 200
I   85.82] Elapsed: 1:26, vertices: 835, facets final: 176, pending: 30431, pool: 200
I   86.38] recalculating facets...
I   90.91] Elapsed: 1:31, vertices: 880, facets final: 192, pending: 29980, pool: 200
I   93.32] recalculating facets...
I   95.96] Elapsed: 1:36, vertices: 922, facets final: 206, pending: 29810, pool: 198
I  100.60] recalculating facets...
I  101.00] Elapsed: 1:41, vertices: 963, facets final: 231, pending: 29550, pool: 200
I  106.02] Elapsed: 1:46, vertices: 1006, facets final: 253, pending: 30013, pool: 200
I  108.00] recalculating facets...
I  111.02] Elapsed: 1:51, vertices: 1045, facets final: 269, pending: 30314, pool: 200
I  115.23] recalculating facets...
I  116.02] Elapsed: 1:56, vertices: 1086, facets final: 284, pending: 30175, pool: 200
I  121.04] Elapsed: 2:01, vertices: 1127, facets final: 306, pending: 30167, pool: 200
I  122.66] recalculating facets...
I  126.04] Elapsed: 2:06, vertices: 1168, facets final: 327, pending: 29546, pool: 197
I  129.66] recalculating facets...
I  131.09] Elapsed: 2:11, vertices: 1212, facets final: 348, pending: 29319, pool: 200
I  136.15] Elapsed: 2:16, vertices: 1255, facets final: 372, pending: 28755, pool: 200
I  136.78] recalculating facets...
I  141.16] Elapsed: 2:21, vertices: 1297, facets final: 409, pending: 28139, pool: 200
I  143.77] recalculating facets...
I  146.16] Elapsed: 2:26, vertices: 1342, facets final: 437, pending: 27903, pool: 200
I  150.32] recalculating facets...
I  151.21] Elapsed: 2:31, vertices: 1387, facets final: 472, pending: 27291, pool: 200
I  156.21] Elapsed: 2:36, vertices: 1432, facets final: 505, pending: 27059, pool: 200
I  157.10] recalculating facets...
I  161.27] Elapsed: 2:41, vertices: 1476, facets final: 551, pending: 26375, pool: 200
I  163.98] recalculating facets...
I  166.34] Elapsed: 2:46, vertices: 1521, facets final: 590, pending: 26078, pool: 200
I  170.40] recalculating facets...
I  171.35] Elapsed: 2:51, vertices: 1567, facets final: 636, pending: 26101, pool: 200
I  176.38] Elapsed: 2:56, vertices: 1605, facets final: 691, pending: 25825, pool: 200
I  178.23] recalculating facets...
I  181.41] Elapsed: 3:01, vertices: 1650, facets final: 737, pending: 25452, pool: 200
I  185.19] recalculating facets...
I  186.50] Elapsed: 3:07, vertices: 1691, facets final: 786, pending: 25125, pool: 199
I  191.52] Elapsed: 3:12, vertices: 1732, facets final: 841, pending: 24644, pool: 200
I  192.43] recalculating facets...
I  196.58] Elapsed: 3:17, vertices: 1777, facets final: 883, pending: 24244, pool: 200
I  199.53] recalculating facets...
I  201.58] Elapsed: 3:22, vertices: 1817, facets final: 961, pending: 23803, pool: 200
I  206.13] recalculating facets...
I  206.59] Elapsed: 3:27, vertices: 1864, facets final: 1023, pending: 23341, pool: 200
I  211.65] Elapsed: 3:32, vertices: 1909, facets final: 1093, pending: 22826, pool: 198
I  213.11] recalculating facets...
I  216.67] Elapsed: 3:37, vertices: 1948, facets final: 1169, pending: 22842, pool: 200
I  220.93] recalculating facets...
I  221.73] Elapsed: 3:42, vertices: 1986, facets final: 1240, pending: 22417, pool: 200
I  226.74] Elapsed: 3:47, vertices: 2026, facets final: 1318, pending: 22106, pool: 200
I  228.55] recalculating facets...
I  231.75] Elapsed: 3:52, vertices: 2064, facets final: 1405, pending: 21702, pool: 200
I  235.31] recalculating facets...
I  236.80] Elapsed: 3:57, vertices: 2115, facets final: 1465, pending: 21162, pool: 200
I  241.82] Elapsed: 4:02, vertices: 2156, facets final: 1556, pending: 20849, pool: 200
I  242.18] recalculating facets...
I  246.82] Elapsed: 4:07, vertices: 2197, facets final: 1643, pending: 20451, pool: 199
I  249.84] recalculating facets...
I  251.82] Elapsed: 4:12, vertices: 2238, facets final: 1733, pending: 20106, pool: 199
I  256.83] Elapsed: 4:17, vertices: 2277, facets final: 1828, pending: 19600, pool: 199
I  257.45] recalculating facets...
I  261.85] Elapsed: 4:22, vertices: 2310, facets final: 1950, pending: 19192, pool: 199
I  266.56] recalculating facets...
I  266.85] Elapsed: 4:27, vertices: 2343, facets final: 2054, pending: 18909, pool: 198
I  271.86] Elapsed: 4:32, vertices: 2370, facets final: 2183, pending: 18618, pool: 197
I  276.70] recalculating facets...
I  276.86] Elapsed: 4:37, vertices: 2402, facets final: 2292, pending: 18271, pool: 200
I  281.86] Elapsed: 4:42, vertices: 2438, facets final: 2378, pending: 18087, pool: 199
I  285.05] recalculating facets...
I  286.88] Elapsed: 4:47, vertices: 2470, facets final: 2489, pending: 17921, pool: 199
I  291.90] Elapsed: 4:52, vertices: 2500, facets final: 2606, pending: 17719, pool: 200
I  295.14] recalculating facets...
I  296.91] Elapsed: 4:57, vertices: 2531, facets final: 2721, pending: 17424, pool: 200
I  301.96] Elapsed: 5:02, vertices: 2567, facets final: 2821, pending: 17102, pool: 200
I  304.11] recalculating facets...
I  306.96] Elapsed: 5:07, vertices: 2597, facets final: 2949, pending: 16786, pool: 200
I  311.98] Elapsed: 5:12, vertices: 2624, facets final: 3081, pending: 16537, pool: 199
I  315.23] recalculating facets...
I  316.98] Elapsed: 5:17, vertices: 2647, facets final: 3225, pending: 16372, pool: 199
I  322.02] Elapsed: 5:22, vertices: 2673, facets final: 3356, pending: 16075, pool: 199
I  327.02] Elapsed: 5:27, vertices: 2700, facets final: 3482, pending: 15760, pool: 199
I  327.25] recalculating facets...
I  332.07] Elapsed: 5:32, vertices: 2727, facets final: 3604, pending: 15445, pool: 200
I  337.07] Elapsed: 5:37, vertices: 2749, facets final: 3753, pending: 15267, pool: 199
I  339.24] recalculating facets...
I  342.10] Elapsed: 5:42, vertices: 2776, facets final: 3907, pending: 14996, pool: 199
I  347.11] Elapsed: 5:47, vertices: 2804, facets final: 4077, pending: 14691, pool: 197
I  350.05] recalculating facets...
I  352.11] Elapsed: 5:52, vertices: 2831, facets final: 4238, pending: 14385, pool: 200
I  357.11] Elapsed: 5:57, vertices: 2847, facets final: 4448, pending: 14169, pool: 200
I  362.13] Elapsed: 6:02, vertices: 2872, facets final: 4621, pending: 13892, pool: 198
I  364.02] recalculating facets...
I  367.17] Elapsed: 6:07, vertices: 2886, facets final: 4813, pending: 13645, pool: 200
I  372.17] Elapsed: 6:12, vertices: 2908, facets final: 5016, pending: 13334, pool: 199
I  377.18] Elapsed: 6:17, vertices: 2926, facets final: 5220, pending: 13120, pool: 198
I  382.20] Elapsed: 6:22, vertices: 2935, facets final: 5428, pending: 12884, pool: 197
I  383.74] recalculating facets...
I  387.20] Elapsed: 6:27, vertices: 2949, facets final: 5631, pending: 12634, pool: 199
I  392.21] Elapsed: 6:32, vertices: 2961, facets final: 5827, pending: 12379, pool: 200
I  397.21] Elapsed: 6:37, vertices: 2978, facets final: 6028, pending: 12127, pool: 200
I  402.23] Elapsed: 6:42, vertices: 2996, facets final: 6220, pending: 11899, pool: 195
I  404.28] recalculating facets...
I  407.24] Elapsed: 6:47, vertices: 3013, facets final: 6412, pending: 11669, pool: 196
I  412.25] Elapsed: 6:52, vertices: 3025, facets final: 6622, pending: 11399, pool: 197
I  417.25] Elapsed: 6:57, vertices: 3042, facets final: 6824, pending: 11090, pool: 199
I  422.26] Elapsed: 7:02, vertices: 3058, facets final: 7026, pending: 10853, pool: 198
I  422.79] recalculating facets...
I  427.26] Elapsed: 7:07, vertices: 3070, facets final: 7229, pending: 10615, pool: 199
I  432.26] Elapsed: 7:12, vertices: 3083, facets final: 7443, pending: 10368, pool: 196
I  437.29] Elapsed: 7:17, vertices: 3094, facets final: 7676, pending: 10098, pool: 197
I  442.29] Elapsed: 7:22, vertices: 3104, facets final: 7894, pending: 9843, pool: 197
I  447.31] Elapsed: 7:27, vertices: 3113, facets final: 8101, pending: 9627, pool: 197
I  450.43] recalculating facets...
I  452.35] Elapsed: 7:32, vertices: 3124, facets final: 8308, pending: 9389, pool: 190
I  457.37] Elapsed: 7:37, vertices: 3131, facets final: 8542, pending: 9140, pool: 191
I  462.37] Elapsed: 7:42, vertices: 3136, facets final: 8751, pending: 8939, pool: 196
I  467.37] Elapsed: 7:47, vertices: 3146, facets final: 8960, pending: 8701, pool: 194
I  472.39] Elapsed: 7:52, vertices: 3154, facets final: 9179, pending: 8453, pool: 192
I  477.39] Elapsed: 7:57, vertices: 3161, facets final: 9398, pending: 8231, pool: 194
I  482.39] Elapsed: 8:02, vertices: 3172, facets final: 9633, pending: 7970, pool: 188
I  487.40] Elapsed: 8:07, vertices: 3180, facets final: 9842, pending: 7756, pool: 197
I  487.69] recalculating facets...
I  492.42] Elapsed: 8:12, vertices: 3194, facets final: 10044, pending: 7524, pool: 188
I  497.44] Elapsed: 8:17, vertices: 3200, facets final: 10282, pending: 7269, pool: 184
I  502.44] Elapsed: 8:22, vertices: 3207, facets final: 10525, pending: 7007, pool: 192
I  507.45] Elapsed: 8:27, vertices: 3217, facets final: 10746, pending: 6761, pool: 190
I  512.45] Elapsed: 8:32, vertices: 3220, facets final: 10986, pending: 6530, pool: 192
I  517.50] Elapsed: 8:38, vertices: 3229, facets final: 11232, pending: 6268, pool: 189
I  522.52] Elapsed: 8:43, vertices: 3237, facets final: 11449, pending: 6043, pool: 184
I  524.99] recalculating facets...
I  527.53] Elapsed: 8:48, vertices: 3245, facets final: 11661, pending: 5821, pool: 179
I  532.55] Elapsed: 8:53, vertices: 3253, facets final: 11887, pending: 5575, pool: 171
I  537.55] Elapsed: 8:58, vertices: 3254, facets final: 12136, pending: 5320, pool: 176
I  542.56] Elapsed: 9:03, vertices: 3261, facets final: 12357, pending: 5100, pool: 171
I  547.58] Elapsed: 9:08, vertices: 3266, facets final: 12583, pending: 4867, pool: 174
I  552.58] Elapsed: 9:13, vertices: 3275, facets final: 12803, pending: 4626, pool: 166
I  557.61] Elapsed: 9:18, vertices: 3282, facets final: 13032, pending: 4402, pool: 164
I  562.61] Elapsed: 9:23, vertices: 3290, facets final: 13241, pending: 4191, pool: 157
I  567.62] Elapsed: 9:28, vertices: 3296, facets final: 13475, pending: 3945, pool: 153
I  569.91] recalculating facets...
I  572.64] Elapsed: 9:33, vertices: 3304, facets final: 13722, pending: 3696, pool: 147
I  577.66] Elapsed: 9:38, vertices: 3310, facets final: 13967, pending: 3447, pool: 145
I  582.66] Elapsed: 9:43, vertices: 3314, facets final: 14218, pending: 3189, pool: 147
I  587.67] Elapsed: 9:48, vertices: 3322, facets final: 14457, pending: 2945, pool: 144
I  592.67] Elapsed: 9:53, vertices: 3329, facets final: 14684, pending: 2716, pool: 141
I  597.70] Elapsed: 9:58, vertices: 3339, facets final: 14917, pending: 2461, pool: 136
I  602.72] Elapsed: 10:03, vertices: 3344, facets final: 15150, pending: 2216, pool: 136
I  607.72] Elapsed: 10:08, vertices: 3347, facets final: 15399, pending: 1969, pool: 138
I  612.73] Elapsed: 10:13, vertices: 3358, facets final: 15624, pending: 1736, pool: 130
I  613.69] recalculating facets...
I  617.76] Elapsed: 10:18, vertices: 3371, facets final: 15853, pending: 1485, pool: 121
I  622.77] Elapsed: 10:23, vertices: 3389, facets final: 16058, pending: 1255, pool: 105
I  627.77] Elapsed: 10:28, vertices: 3403, facets final: 16269, pending: 1014, pool: 96
I  632.77] Elapsed: 10:33, vertices: 3414, facets final: 16513, pending: 760, pool: 87
I  637.30] recalculating facets...
I  637.77] Elapsed: 10:38, vertices: 3423, facets final: 16736, pending: 544, pool: 85
I  642.78] Elapsed: 10:43, vertices: 3449, facets final: 16975, pending: 280, pool: 66
I  645.50] recalculating facets...
I  647.78] Elapsed: 10:48, vertices: 3522, facets final: 17140, pending: 60, pool: 21
I  648.27] recalculating facets...
I  648.87] Elapsed: 10:49, vertices: 3556, facets final: 17174, pending: 0

--------------------------------
Problem completed
 name                    56.vlp
 output                  vlp/56.res
 rows, cols, objs        173, 4560, 10
 vertices, facets        3556, 17174
 total time              10:49
--------------------------------
Statistics
LP:
 oracle calls            21902
   avg iterations/calls  139.64
 total oracle time       7:12
Combinatorics:
 vertices added          3556
 facets probed           44779
 facets # max            31293
 memory allocated        42.07M
 storage expansion
   vertices # / upto     28 / 3580
   facets   # / upto     8 / 32764
 facet manipulating
   added avg / max       105.00 / 1.35k
   compressed            181
 number of ridge tests
   avg / max             2.23M / 24.20M
--------------------------------
Parameters with non-default values
 VertexPoolSize = 200
 RecalculateFacets = 60
 PolytopeEps = 1e-08
 ScaleEps = 5e-08
 RoundEps = 5e-08
