C copy string: rs=cd:ab;t=a:bcr;u=a:bdst;ar,br,cr,d;ar,br,c,dr; ineq: base30.txt
I    5.01] Elapsed: 5.01, vertices: 40, facets final: 14, pending: 1738, pool: 80
I    7.44] recalculating facets...
I   10.22] Elapsed: 10.22, vertices: 84, facets final: 17, pending: 4682, pool: 156
I   13.64] recalculating facets...
I   15.29] Elapsed: 15.29, vertices: 144, facets final: 21, pending: 9634, pool: 200
I   17.48] recalculating facets...
I   20.31] Elapsed: 20.31, vertices: 219, facets final: 24, pending: 14625, pool: 200
I   21.77] recalculating facets...
I   25.31] Elapsed: 25.31, vertices: 282, facets final: 29, pending: 18839, pool: 200
I   26.75] recalculating facets...
I   30.31] Elapsed: 30.31, vertices: 339, facets final: 34, pending: 21818, pool: 200
I   32.43] recalculating facets...
I   35.37] Elapsed: 35.37, vertices: 390, facets final: 38, pending: 25121, pool: 200
I   38.53] recalculating facets...
I   40.37] Elapsed: 40.37, vertices: 436, facets final: 45, pending: 27273, pool: 200
I   45.30] recalculating facets...
I   45.38] Elapsed: 45.38, vertices: 481, facets final: 52, pending: 30355, pool: 200
I   50.41] Elapsed: 50.41, vertices: 521, facets final: 52, pending: 34190, pool: 200
I   52.98] recalculating facets...
I   55.49] Elapsed: 55.49, vertices: 557, facets final: 53, pending: 36249, pool: 200
I   60.50] Elapsed: 1:01, vertices: 595, facets final: 54, pending: 38095, pool: 200
I   61.26] recalculating facets...
I   65.54] Elapsed: 1:06, vertices: 628, facets final: 60, pending: 39593, pool: 200
I   70.64] Elapsed: 1:11, vertices: 657, facets final: 66, pending: 41774, pool: 200
I   71.23] recalculating facets...
I   75.69] Elapsed: 1:16, vertices: 687, facets final: 70, pending: 42952, pool: 200
I   80.70] Elapsed: 1:21, vertices: 718, facets final: 74, pending: 44646, pool: 200
I   80.99] recalculating facets...
I   85.75] Elapsed: 1:26, vertices: 748, facets final: 77, pending: 45867, pool: 200
I   90.77] Elapsed: 1:31, vertices: 776, facets final: 80, pending: 46029, pool: 200
I   91.69] recalculating facets...
I   95.81] Elapsed: 1:36, vertices: 802, facets final: 88, pending: 47550, pool: 200
I  100.85] Elapsed: 1:41, vertices: 831, facets final: 94, pending: 48538, pool: 200
I  102.71] recalculating facets...
I  105.92] Elapsed: 1:46, vertices: 859, facets final: 98, pending: 49758, pool: 200
I  110.98] Elapsed: 1:51, vertices: 886, facets final: 102, pending: 51094, pool: 200
I  113.60] recalculating facets...
I  116.01] Elapsed: 1:56, vertices: 912, facets final: 107, pending: 52282, pool: 200
I  121.02] Elapsed: 2:01, vertices: 939, facets final: 110, pending: 53040, pool: 200
I  125.27] recalculating facets...
I  126.02] Elapsed: 2:06, vertices: 963, facets final: 115, pending: 53595, pool: 200
I  131.09] Elapsed: 2:11, vertices: 988, facets final: 121, pending: 54542, pool: 200
I  136.17] Elapsed: 2:16, vertices: 1012, facets final: 125, pending: 55029, pool: 200
I  138.09] recalculating facets...
I  141.26] Elapsed: 2:21, vertices: 1033, facets final: 128, pending: 56445, pool: 200
I  146.34] Elapsed: 2:26, vertices: 1054, facets final: 133, pending: 57318, pool: 200
I  151.43] Elapsed: 2:31, vertices: 1074, facets final: 135, pending: 57615, pool: 200
I  152.61] recalculating facets...
I  156.47] Elapsed: 2:36, vertices: 1096, facets final: 136, pending: 58289, pool: 200
I  161.51] Elapsed: 2:42, vertices: 1118, facets final: 143, pending: 59275, pool: 200
I  166.56] Elapsed: 2:47, vertices: 1138, facets final: 143, pending: 59804, pool: 200
I  167.17] recalculating facets...
I  171.65] Elapsed: 2:52, vertices: 1157, facets final: 147, pending: 60266, pool: 200
I  176.77] Elapsed: 2:57, vertices: 1177, facets final: 149, pending: 60772, pool: 200
I  181.86] Elapsed: 3:02, vertices: 1199, facets final: 151, pending: 61838, pool: 200
I  182.13] recalculating facets...
I  186.91] Elapsed: 3:07, vertices: 1219, facets final: 152, pending: 62184, pool: 200
I  192.00] Elapsed: 3:12, vertices: 1239, facets final: 156, pending: 62870, pool: 200
I  197.06] Elapsed: 3:17, vertices: 1258, facets final: 159, pending: 63945, pool: 200
I  197.55] recalculating facets...
I  202.10] Elapsed: 3:22, vertices: 1275, facets final: 162, pending: 64026, pool: 200
I  207.10] Elapsed: 3:27, vertices: 1294, facets final: 163, pending: 63952, pool: 200
I  212.19] Elapsed: 3:32, vertices: 1315, facets final: 167, pending: 64182, pool: 200
I  213.37] recalculating facets...
I  217.19] Elapsed: 3:37, vertices: 1335, facets final: 169, pending: 64741, pool: 200
I  222.24] Elapsed: 3:42, vertices: 1354, facets final: 171, pending: 64784, pool: 200
I  227.39] Elapsed: 3:47, vertices: 1375, facets final: 171, pending: 65534, pool: 200
I  228.71] recalculating facets...
I  232.47] Elapsed: 3:52, vertices: 1394, facets final: 174, pending: 65577, pool: 200
I  237.48] Elapsed: 3:57, vertices: 1414, facets final: 176, pending: 66144, pool: 200
I  242.50] Elapsed: 4:03, vertices: 1433, facets final: 177, pending: 66893, pool: 200
I  244.43] recalculating facets...
I  247.54] Elapsed: 4:08, vertices: 1452, facets final: 181, pending: 67976, pool: 200
I  252.55] Elapsed: 4:13, vertices: 1471, facets final: 183, pending: 68643, pool: 200
I  257.71] Elapsed: 4:18, vertices: 1489, facets final: 187, pending: 69047, pool: 200
I  260.91] recalculating facets...
I  262.78] Elapsed: 4:23, vertices: 1506, facets final: 193, pending: 69264, pool: 200
I  267.81] Elapsed: 4:28, vertices: 1524, facets final: 199, pending: 69207, pool: 200
I  272.99] Elapsed: 4:33, vertices: 1539, facets final: 204, pending: 69227, pool: 200
I  278.10] Elapsed: 4:38, vertices: 1554, facets final: 209, pending: 68957, pool: 200
I  279.86] recalculating facets...
I  283.10] Elapsed: 4:43, vertices: 1571, facets final: 210, pending: 69053, pool: 200
I  288.22] Elapsed: 4:48, vertices: 1588, facets final: 212, pending: 69289, pool: 200
I  293.25] Elapsed: 4:53, vertices: 1604, facets final: 216, pending: 69558, pool: 199
I  298.28] Elapsed: 4:58, vertices: 1619, facets final: 217, pending: 70206, pool: 200
I  298.81] recalculating facets...
I  303.38] Elapsed: 5:03, vertices: 1634, facets final: 221, pending: 70366, pool: 200
I  308.51] Elapsed: 5:09, vertices: 1651, facets final: 226, pending: 70541, pool: 200
I  313.51] Elapsed: 5:14, vertices: 1666, facets final: 230, pending: 71225, pool: 200
I  317.32] recalculating facets...
I  318.73] Elapsed: 5:19, vertices: 1683, facets final: 236, pending: 71512, pool: 200
I  323.79] Elapsed: 5:24, vertices: 1697, facets final: 245, pending: 71756, pool: 200
I  329.17] Elapsed: 5:29, vertices: 1714, facets final: 249, pending: 71872, pool: 200
I  334.31] Elapsed: 5:34, vertices: 1730, facets final: 253, pending: 72813, pool: 200
I  336.97] recalculating facets...
I  339.63] Elapsed: 5:40, vertices: 1747, facets final: 254, pending: 73111, pool: 200
I  344.64] Elapsed: 5:45, vertices: 1763, facets final: 261, pending: 73408, pool: 200
I  349.64] Elapsed: 5:50, vertices: 1776, facets final: 265, pending: 73291, pool: 200
I  354.72] Elapsed: 5:55, vertices: 1793, facets final: 274, pending: 73139, pool: 200
I  357.18] recalculating facets...
I  359.84] Elapsed: 6:00, vertices: 1806, facets final: 277, pending: 73263, pool: 200
I  364.93] Elapsed: 6:05, vertices: 1824, facets final: 282, pending: 73296, pool: 200
I  369.94] Elapsed: 6:10, vertices: 1841, facets final: 286, pending: 73242, pool: 200
I  374.94] Elapsed: 6:15, vertices: 1857, facets final: 290, pending: 73874, pool: 200
I  376.06] recalculating facets...
I  380.09] Elapsed: 6:20, vertices: 1871, facets final: 292, pending: 73990, pool: 199
I  385.18] Elapsed: 6:25, vertices: 1885, facets final: 298, pending: 73903, pool: 200
I  390.33] Elapsed: 6:30, vertices: 1900, facets final: 299, pending: 74086, pool: 200
I  395.45] Elapsed: 6:35, vertices: 1916, facets final: 305, pending: 74460, pool: 200
I  396.49] recalculating facets...
I  400.52] Elapsed: 6:41, vertices: 1932, facets final: 308, pending: 74891, pool: 200
I  405.55] Elapsed: 6:46, vertices: 1949, facets final: 311, pending: 74738, pool: 200
I  410.59] Elapsed: 6:51, vertices: 1964, facets final: 314, pending: 74952, pool: 200
I  415.33] recalculating facets...
I  415.84] Elapsed: 6:56, vertices: 1981, facets final: 317, pending: 75188, pool: 200
I  420.95] Elapsed: 7:01, vertices: 1998, facets final: 322, pending: 75413, pool: 200
I  426.04] Elapsed: 7:06, vertices: 2013, facets final: 323, pending: 75376, pool: 200
I  431.08] Elapsed: 7:11, vertices: 2030, facets final: 327, pending: 75210, pool: 200
I  434.25] recalculating facets...
I  436.23] Elapsed: 7:16, vertices: 2045, facets final: 330, pending: 74915, pool: 200
I  441.74] Elapsed: 7:22, vertices: 2061, facets final: 334, pending: 75029, pool: 200
I  446.78] Elapsed: 7:27, vertices: 2076, facets final: 338, pending: 75048, pool: 200
I  451.92] Elapsed: 7:32, vertices: 2090, facets final: 344, pending: 75157, pool: 200
I  455.53] recalculating facets...
I  456.96] Elapsed: 7:37, vertices: 2102, facets final: 346, pending: 74747, pool: 200
I  462.12] Elapsed: 7:42, vertices: 2119, facets final: 348, pending: 74750, pool: 200
I  467.19] Elapsed: 7:47, vertices: 2137, facets final: 356, pending: 74615, pool: 200
I  472.22] Elapsed: 7:52, vertices: 2150, facets final: 368, pending: 75034, pool: 200
I  476.20] recalculating facets...
I  477.26] Elapsed: 7:57, vertices: 2164, facets final: 372, pending: 75058, pool: 199
I  482.28] Elapsed: 8:02, vertices: 2179, facets final: 383, pending: 75001, pool: 200
I  487.41] Elapsed: 8:07, vertices: 2195, facets final: 384, pending: 74591, pool: 200
I  492.87] Elapsed: 8:13, vertices: 2210, facets final: 395, pending: 74549, pool: 200
I  495.95] recalculating facets...
I  498.01] Elapsed: 8:18, vertices: 2224, facets final: 398, pending: 74509, pool: 200
I  503.18] Elapsed: 8:23, vertices: 2238, facets final: 401, pending: 74283, pool: 200
I  508.26] Elapsed: 8:28, vertices: 2256, facets final: 406, pending: 74389, pool: 200
I  513.33] Elapsed: 8:33, vertices: 2271, facets final: 408, pending: 74234, pool: 200
I  516.66] recalculating facets...
recalculate_facet: numerical instability at facet 58161, coord 3 (-3.59277e-06)
recalculate_facet: numerical instability at facet 58161, coord 4 (1.7308e-06)
recalculate_facet: numerical instability at facet 58161, coord 5 (1.19024e-06)
recalculate_facet: numerical instability at facet 58161, coord 10 (-1.85666e-06)
I  518.47] Elapsed: 8:38, vertices: 2286, facets final: 411, pending: 74060, pool: 200
I  523.61] Elapsed: 8:44, vertices: 2301, facets final: 414, pending: 74176, pool: 200
I  528.73] Elapsed: 8:49, vertices: 2318, facets final: 421, pending: 74008, pool: 200
I  533.80] Elapsed: 8:54, vertices: 2333, facets final: 423, pending: 74241, pool: 200
I  536.46] recalculating facets...
I  538.80] Elapsed: 8:59, vertices: 2347, facets final: 427, pending: 74184, pool: 200
I  543.89] Elapsed: 9:04, vertices: 2363, facets final: 440, pending: 74082, pool: 200
I  548.89] Elapsed: 9:09, vertices: 2380, facets final: 444, pending: 74814, pool: 200
I  553.92] Elapsed: 9:14, vertices: 2396, facets final: 450, pending: 74332, pool: 200
I  555.52] recalculating facets...
I  559.01] Elapsed: 9:19, vertices: 2409, facets final: 457, pending: 74247, pool: 200
I  564.03] Elapsed: 9:24, vertices: 2425, facets final: 464, pending: 74490, pool: 200
I  569.03] Elapsed: 9:29, vertices: 2441, facets final: 476, pending: 74576, pool: 200
I  574.12] Elapsed: 9:34, vertices: 2455, facets final: 485, pending: 74330, pool: 200
I  575.95] recalculating facets...
recalculate_facet: numerical instability at facet 48360, coord 0 (-5.61782e-06)
recalculate_facet: numerical instability at facet 48360, coord 2 (-1.19946e-05)
recalculate_facet: numerical instability at facet 48360, coord 3 (6.98032e-05)
recalculate_facet: numerical instability at facet 48360, coord 4 (-7.93305e-06)
recalculate_facet: numerical instability at facet 48360, coord 5 (-4.53104e-05)
recalculate_facet: numerical instability at facet 48360, coord 7 (1.05265e-06)
recalculate_facet: numerical instability at facet 48360, coord 10 (2.35843e-05)
I  579.56] Elapsed: 9:40, vertices: 2469, facets final: 489, pending: 75325, pool: 200
I  584.60] Elapsed: 9:45, vertices: 2482, facets final: 494, pending: 75756, pool: 200
I  589.63] Elapsed: 9:50, vertices: 2497, facets final: 499, pending: 76085, pool: 200
I  595.16] Elapsed: 9:55, vertices: 2509, facets final: 509, pending: 76204, pool: 200
I  598.92] recalculating facets...
I  600.17] Elapsed: 10:00, vertices: 2525, facets final: 517, pending: 76186, pool: 200
I  605.20] Elapsed: 10:05, vertices: 2542, facets final: 520, pending: 76076, pool: 200
I  610.22] Elapsed: 10:10, vertices: 2558, facets final: 523, pending: 75676, pool: 200
I  615.38] Elapsed: 10:15, vertices: 2574, facets final: 526, pending: 75577, pool: 200
I  617.60] recalculating facets...
I  620.53] Elapsed: 10:21, vertices: 2588, facets final: 531, pending: 75588, pool: 200
I  625.68] Elapsed: 10:26, vertices: 2608, facets final: 535, pending: 75470, pool: 200
I  630.85] Elapsed: 10:31, vertices: 2621, facets final: 542, pending: 75552, pool: 200
I  635.85] Elapsed: 10:36, vertices: 2636, facets final: 554, pending: 75297, pool: 200
I  637.33] recalculating facets...
I  640.89] Elapsed: 10:41, vertices: 2651, facets final: 559, pending: 75266, pool: 200
I  646.03] Elapsed: 10:46, vertices: 2664, facets final: 563, pending: 75429, pool: 200
I  651.05] Elapsed: 10:51, vertices: 2681, facets final: 567, pending: 75260, pool: 200
I  656.07] Elapsed: 10:56, vertices: 2699, facets final: 570, pending: 75446, pool: 200
I  656.60] recalculating facets...
I  661.14] Elapsed: 11:01, vertices: 2714, facets final: 574, pending: 75038, pool: 200
I  666.24] Elapsed: 11:06, vertices: 2729, facets final: 585, pending: 75126, pool: 200
I  671.38] Elapsed: 11:11, vertices: 2745, facets final: 590, pending: 74722, pool: 200
I  676.04] recalculating facets...
I  676.47] Elapsed: 11:16, vertices: 2761, facets final: 595, pending: 74787, pool: 200
I  681.47] Elapsed: 11:21, vertices: 2779, facets final: 598, pending: 74546, pool: 200
I  686.52] Elapsed: 11:27, vertices: 2795, facets final: 612, pending: 74529, pool: 200
I  691.61] Elapsed: 11:32, vertices: 2811, facets final: 615, pending: 74490, pool: 200
I  694.39] recalculating facets...
I  696.80] Elapsed: 11:37, vertices: 2826, facets final: 628, pending: 74273, pool: 200
I  701.81] Elapsed: 11:42, vertices: 2839, facets final: 634, pending: 74240, pool: 200
I  707.00] Elapsed: 11:47, vertices: 2856, facets final: 642, pending: 73662, pool: 200
I  712.01] Elapsed: 11:52, vertices: 2868, facets final: 647, pending: 73265, pool: 200
I  716.15] recalculating facets...
I  717.02] Elapsed: 11:57, vertices: 2883, facets final: 652, pending: 73125, pool: 200
I  722.02] Elapsed: 12:02, vertices: 2900, facets final: 657, pending: 72839, pool: 200
I  727.14] Elapsed: 12:07, vertices: 2916, facets final: 666, pending: 72777, pool: 200
I  732.24] Elapsed: 12:12, vertices: 2931, facets final: 672, pending: 72330, pool: 200
I  735.02] recalculating facets...
I  737.31] Elapsed: 12:17, vertices: 2947, facets final: 675, pending: 72459, pool: 200
I  742.41] Elapsed: 12:22, vertices: 2965, facets final: 681, pending: 72421, pool: 200
I  747.53] Elapsed: 12:28, vertices: 2981, facets final: 699, pending: 72056, pool: 200
I  752.55] Elapsed: 12:33, vertices: 2997, facets final: 708, pending: 71701, pool: 200
I  753.51] recalculating facets...
I  757.66] Elapsed: 12:38, vertices: 3013, facets final: 720, pending: 71408, pool: 200
I  762.93] Elapsed: 12:43, vertices: 3030, facets final: 734, pending: 71069, pool: 200
I  768.02] Elapsed: 12:48, vertices: 3047, facets final: 745, pending: 70511, pool: 200
I  771.62] recalculating facets...
I  773.05] Elapsed: 12:53, vertices: 3065, facets final: 755, pending: 70202, pool: 200
I  778.08] Elapsed: 12:58, vertices: 3081, facets final: 761, pending: 70294, pool: 200
I  783.08] Elapsed: 13:03, vertices: 3097, facets final: 767, pending: 70186, pool: 200
I  788.24] Elapsed: 13:08, vertices: 3115, facets final: 770, pending: 70114, pool: 200
I  790.42] recalculating facets...
I  793.40] Elapsed: 13:13, vertices: 3129, facets final: 778, pending: 69853, pool: 200
I  798.48] Elapsed: 13:18, vertices: 3147, facets final: 785, pending: 69653, pool: 200
I  803.52] Elapsed: 13:24, vertices: 3160, facets final: 788, pending: 69192, pool: 200
I  808.55] Elapsed: 13:29, vertices: 3177, facets final: 794, pending: 68838, pool: 200
I  809.51] recalculating facets...
I  813.56] Elapsed: 13:34, vertices: 3194, facets final: 796, pending: 68572, pool: 200
I  818.66] Elapsed: 13:39, vertices: 3212, facets final: 805, pending: 68179, pool: 200
I  823.85] Elapsed: 13:44, vertices: 3228, facets final: 814, pending: 68057, pool: 200
I  827.57] recalculating facets...
I  828.93] Elapsed: 13:49, vertices: 3245, facets final: 821, pending: 67728, pool: 200
I  833.99] Elapsed: 13:54, vertices: 3262, facets final: 828, pending: 67278, pool: 200
I  839.00] Elapsed: 13:59, vertices: 3281, facets final: 842, pending: 66764, pool: 200
I  844.01] Elapsed: 14:04, vertices: 3299, facets final: 851, pending: 66689, pool: 200
I  844.32] recalculating facets...
I  849.06] Elapsed: 14:09, vertices: 3319, facets final: 860, pending: 66505, pool: 199
I  854.22] Elapsed: 14:14, vertices: 3337, facets final: 865, pending: 66456, pool: 200
I  859.25] Elapsed: 14:19, vertices: 3355, facets final: 874, pending: 66085, pool: 200
I  860.70] recalculating facets...
I  864.35] Elapsed: 14:24, vertices: 3371, facets final: 894, pending: 65866, pool: 200
I  869.40] Elapsed: 14:29, vertices: 3390, facets final: 901, pending: 65591, pool: 200
I  874.51] Elapsed: 14:35, vertices: 3407, facets final: 915, pending: 65348, pool: 199
I  877.97] recalculating facets...
I  879.53] Elapsed: 14:40, vertices: 3426, facets final: 934, pending: 65211, pool: 200
I  884.57] Elapsed: 14:45, vertices: 3446, facets final: 946, pending: 64756, pool: 200
I  889.59] Elapsed: 14:50, vertices: 3464, facets final: 959, pending: 64467, pool: 200
I  894.60] Elapsed: 14:55, vertices: 3480, facets final: 976, pending: 64273, pool: 199
I  894.84] recalculating facets...
I  899.71] Elapsed: 15:00, vertices: 3499, facets final: 990, pending: 63995, pool: 200
I  904.75] Elapsed: 15:05, vertices: 3517, facets final: 1005, pending: 63502, pool: 200
I  909.75] Elapsed: 15:10, vertices: 3534, facets final: 1025, pending: 63358, pool: 199
I  911.82] recalculating facets...
I  914.92] Elapsed: 15:15, vertices: 3550, facets final: 1043, pending: 62996, pool: 200
I  920.02] Elapsed: 15:20, vertices: 3567, facets final: 1057, pending: 62724, pool: 200
I  925.10] Elapsed: 15:25, vertices: 3585, facets final: 1067, pending: 62372, pool: 200
I  928.99] recalculating facets...
I  930.10] Elapsed: 15:30, vertices: 3603, facets final: 1079, pending: 62064, pool: 200
I  935.11] Elapsed: 15:35, vertices: 3624, facets final: 1095, pending: 61934, pool: 200
I  940.21] Elapsed: 15:40, vertices: 3644, facets final: 1110, pending: 61628, pool: 200
I  944.47] recalculating facets...
I  945.23] Elapsed: 15:45, vertices: 3663, facets final: 1120, pending: 61209, pool: 200
I  950.29] Elapsed: 15:50, vertices: 3684, facets final: 1139, pending: 60842, pool: 200
I  955.32] Elapsed: 15:55, vertices: 3704, facets final: 1153, pending: 60906, pool: 200
I  959.00] recalculating facets...
I  960.43] Elapsed: 16:00, vertices: 3726, facets final: 1163, pending: 60856, pool: 200
I  965.43] Elapsed: 16:05, vertices: 3746, facets final: 1171, pending: 60408, pool: 200
I  970.47] Elapsed: 16:10, vertices: 3766, facets final: 1184, pending: 60274, pool: 200
I  973.88] recalculating facets...
I  975.56] Elapsed: 16:16, vertices: 3786, facets final: 1193, pending: 59935, pool: 200
I  980.68] Elapsed: 16:21, vertices: 3805, facets final: 1201, pending: 59721, pool: 200
I  985.73] Elapsed: 16:26, vertices: 3823, facets final: 1210, pending: 59534, pool: 199
I  990.47] recalculating facets...
I  990.80] Elapsed: 16:31, vertices: 3841, facets final: 1223, pending: 59233, pool: 200
I  995.82] Elapsed: 16:36, vertices: 3859, facets final: 1243, pending: 59078, pool: 200
I 1000.82] Elapsed: 16:41, vertices: 3879, facets final: 1258, pending: 58553, pool: 199
I 1005.56] recalculating facets...
I 1005.85] Elapsed: 16:46, vertices: 3901, facets final: 1272, pending: 58364, pool: 200
I 1010.92] Elapsed: 16:51, vertices: 3922, facets final: 1289, pending: 58065, pool: 200
I 1015.94] Elapsed: 16:56, vertices: 3945, facets final: 1302, pending: 57673, pool: 200
I 1019.56] recalculating facets...
I 1020.98] Elapsed: 17:01, vertices: 3966, facets final: 1323, pending: 57444, pool: 200
I 1026.08] Elapsed: 17:06, vertices: 3988, facets final: 1338, pending: 57287, pool: 200
I 1031.09] Elapsed: 17:11, vertices: 4007, facets final: 1349, pending: 57115, pool: 200
I 1034.52] recalculating facets...
I 1036.13] Elapsed: 17:16, vertices: 4026, facets final: 1372, pending: 56906, pool: 200
I 1041.29] Elapsed: 17:21, vertices: 4047, facets final: 1382, pending: 56307, pool: 200
I 1046.39] Elapsed: 17:26, vertices: 4065, facets final: 1410, pending: 56252, pool: 200
I 1050.14] recalculating facets...
I 1051.49] Elapsed: 17:31, vertices: 4085, facets final: 1427, pending: 56127, pool: 200
I 1056.64] Elapsed: 17:37, vertices: 4105, facets final: 1450, pending: 56080, pool: 199
I 1061.74] Elapsed: 17:42, vertices: 4124, facets final: 1473, pending: 55917, pool: 200
I 1066.23] recalculating facets...
I 1066.82] Elapsed: 17:47, vertices: 4142, facets final: 1490, pending: 55872, pool: 200
I 1071.84] Elapsed: 17:52, vertices: 4162, facets final: 1515, pending: 55675, pool: 200
I 1076.86] Elapsed: 17:57, vertices: 4181, facets final: 1536, pending: 55510, pool: 200
I 1081.90] Elapsed: 18:02, vertices: 4199, facets final: 1548, pending: 55172, pool: 200
I 1082.18] recalculating facets...
I 1086.92] Elapsed: 18:07, vertices: 4218, facets final: 1557, pending: 54633, pool: 200
I 1092.05] Elapsed: 18:12, vertices: 4236, facets final: 1577, pending: 54515, pool: 200
I 1097.06] Elapsed: 18:17, vertices: 4257, facets final: 1593, pending: 54214, pool: 200
I 1097.99] recalculating facets...
I 1102.14] Elapsed: 18:22, vertices: 4280, facets final: 1627, pending: 54002, pool: 200
I 1107.22] Elapsed: 18:27, vertices: 4307, facets final: 1643, pending: 53753, pool: 200
I 1110.19] recalculating facets...
I 1112.26] Elapsed: 18:32, vertices: 4329, facets final: 1668, pending: 53528, pool: 200
I 1117.34] Elapsed: 18:37, vertices: 4351, facets final: 1696, pending: 53228, pool: 200
I 1122.40] Elapsed: 18:42, vertices: 4375, facets final: 1722, pending: 52971, pool: 200
I 1123.46] recalculating facets...
I 1127.45] Elapsed: 18:47, vertices: 4397, facets final: 1754, pending: 52762, pool: 200
I 1132.52] Elapsed: 18:53, vertices: 4420, facets final: 1778, pending: 52462, pool: 200
I 1137.04] recalculating facets...
I 1137.60] Elapsed: 18:58, vertices: 4442, facets final: 1804, pending: 52462, pool: 200
I 1142.60] Elapsed: 19:03, vertices: 4461, facets final: 1844, pending: 52207, pool: 200
I 1147.69] Elapsed: 19:08, vertices: 4482, facets final: 1862, pending: 52056, pool: 200
I 1152.11] recalculating facets...
I 1152.73] Elapsed: 19:13, vertices: 4502, facets final: 1890, pending: 51863, pool: 200
I 1157.80] Elapsed: 19:18, vertices: 4523, facets final: 1922, pending: 51488, pool: 200
I 1162.80] Elapsed: 19:23, vertices: 4545, facets final: 1943, pending: 51147, pool: 200
I 1166.38] recalculating facets...
I 1167.91] Elapsed: 19:28, vertices: 4566, facets final: 1963, pending: 50950, pool: 200
I 1172.91] Elapsed: 19:33, vertices: 4587, facets final: 1978, pending: 50581, pool: 200
I 1177.93] Elapsed: 19:38, vertices: 4610, facets final: 1992, pending: 50251, pool: 200
I 1180.54] recalculating facets...
I 1182.99] Elapsed: 19:43, vertices: 4629, facets final: 2022, pending: 50062, pool: 200
I 1188.03] Elapsed: 19:48, vertices: 4650, facets final: 2047, pending: 49981, pool: 200
I 1193.06] Elapsed: 19:53, vertices: 4672, facets final: 2064, pending: 49759, pool: 199
I 1195.66] recalculating facets...
I 1198.20] Elapsed: 19:58, vertices: 4690, facets final: 2100, pending: 49474, pool: 200
I 1203.22] Elapsed: 20:03, vertices: 4708, facets final: 2133, pending: 49325, pool: 200
I 1208.32] Elapsed: 20:08, vertices: 4729, facets final: 2160, pending: 49112, pool: 200
I 1210.97] recalculating facets...
I 1213.45] Elapsed: 20:13, vertices: 4750, facets final: 2174, pending: 48803, pool: 200
I 1218.53] Elapsed: 20:19, vertices: 4771, facets final: 2193, pending: 48635, pool: 200
I 1223.63] Elapsed: 20:24, vertices: 4789, facets final: 2224, pending: 48480, pool: 200
I 1226.36] recalculating facets...
I 1228.67] Elapsed: 20:29, vertices: 4809, facets final: 2248, pending: 48434, pool: 200
I 1233.77] Elapsed: 20:34, vertices: 4828, facets final: 2287, pending: 48249, pool: 200
I 1238.82] Elapsed: 20:39, vertices: 4848, facets final: 2304, pending: 48070, pool: 200
I 1242.28] recalculating facets...
I 1243.82] Elapsed: 20:44, vertices: 4866, facets final: 2330, pending: 47975, pool: 200
I 1248.95] Elapsed: 20:49, vertices: 4885, facets final: 2354, pending: 47773, pool: 200
I 1254.06] Elapsed: 20:54, vertices: 4904, facets final: 2387, pending: 47756, pool: 200
I 1258.61] recalculating facets...
I 1259.11] Elapsed: 20:59, vertices: 4921, facets final: 2421, pending: 47516, pool: 200
I 1264.23] Elapsed: 21:04, vertices: 4940, facets final: 2448, pending: 47231, pool: 200
I 1269.25] Elapsed: 21:09, vertices: 4959, facets final: 2464, pending: 46826, pool: 200
I 1274.11] recalculating facets...
I 1274.35] Elapsed: 21:14, vertices: 4981, facets final: 2504, pending: 46798, pool: 200
I 1279.37] Elapsed: 21:19, vertices: 5003, facets final: 2555, pending: 46487, pool: 200
I 1284.44] Elapsed: 21:24, vertices: 5025, facets final: 2593, pending: 46295, pool: 200
I 1287.81] recalculating facets...
I 1289.54] Elapsed: 21:30, vertices: 5046, facets final: 2642, pending: 45972, pool: 200
I 1294.62] Elapsed: 21:35, vertices: 5071, facets final: 2675, pending: 45662, pool: 200
I 1299.67] Elapsed: 21:40, vertices: 5096, facets final: 2705, pending: 45373, pool: 200
I 1300.62] recalculating facets...
recalculate_facet: numerical instability at facet 16945, coord 3 (2.26693e-06)
recalculate_facet: numerical instability at facet 16945, coord 4 (-2.61745e-06)
recalculate_facet: numerical instability at facet 16945, coord 10 (2.10045e-06)
I 1304.68] Elapsed: 21:45, vertices: 5121, facets final: 2732, pending: 45076, pool: 199
I 1309.79] Elapsed: 21:50, vertices: 5144, facets final: 2771, pending: 44771, pool: 200
I 1313.17] recalculating facets...
I 1314.89] Elapsed: 21:55, vertices: 5168, facets final: 2813, pending: 44416, pool: 200
I 1319.90] Elapsed: 22:00, vertices: 5190, facets final: 2857, pending: 44034, pool: 200
I 1324.96] Elapsed: 22:05, vertices: 5213, facets final: 2897, pending: 43701, pool: 200
I 1326.22] recalculating facets...
I 1329.96] Elapsed: 22:10, vertices: 5238, facets final: 2931, pending: 43473, pool: 200
I 1334.96] Elapsed: 22:15, vertices: 5258, facets final: 2982, pending: 43316, pool: 200
I 1339.97] Elapsed: 22:20, vertices: 5279, facets final: 3032, pending: 42980, pool: 200
I 1340.29] recalculating facets...
I 1345.04] Elapsed: 22:25, vertices: 5298, facets final: 3095, pending: 42721, pool: 200
I 1350.04] Elapsed: 22:30, vertices: 5321, facets final: 3140, pending: 42623, pool: 200
I 1355.08] Elapsed: 22:35, vertices: 5340, facets final: 3195, pending: 42390, pool: 200
I 1355.08] recalculating facets...
I 1360.08] Elapsed: 22:40, vertices: 5362, facets final: 3239, pending: 42125, pool: 200
I 1365.09] Elapsed: 22:45, vertices: 5383, facets final: 3297, pending: 41985, pool: 200
I 1369.45] recalculating facets...
I 1370.13] Elapsed: 22:50, vertices: 5403, facets final: 3344, pending: 41752, pool: 200
I 1375.14] Elapsed: 22:55, vertices: 5419, facets final: 3424, pending: 41513, pool: 200
I 1380.24] Elapsed: 23:00, vertices: 5441, facets final: 3465, pending: 41281, pool: 200
I 1384.91] recalculating facets...
I 1385.25] Elapsed: 23:05, vertices: 5462, facets final: 3506, pending: 41152, pool: 200
I 1390.29] Elapsed: 23:10, vertices: 5486, facets final: 3543, pending: 40885, pool: 200
I 1395.30] Elapsed: 23:15, vertices: 5506, facets final: 3602, pending: 40765, pool: 200
I 1398.55] recalculating facets...
I 1400.32] Elapsed: 23:20, vertices: 5529, facets final: 3649, pending: 40539, pool: 200
I 1405.32] Elapsed: 23:25, vertices: 5551, facets final: 3690, pending: 40271, pool: 200
I 1410.34] Elapsed: 23:30, vertices: 5571, facets final: 3743, pending: 40035, pool: 200
I 1412.52] recalculating facets...
I 1415.34] Elapsed: 23:35, vertices: 5592, facets final: 3780, pending: 39855, pool: 200
I 1420.35] Elapsed: 23:40, vertices: 5613, facets final: 3837, pending: 39799, pool: 200
I 1425.35] Elapsed: 23:45, vertices: 5635, facets final: 3882, pending: 39619, pool: 200
I 1426.57] recalculating facets...
I 1430.36] Elapsed: 23:50, vertices: 5654, facets final: 3935, pending: 39320, pool: 200
I 1435.47] Elapsed: 23:55, vertices: 5675, facets final: 3987, pending: 39120, pool: 200
I 1440.49] Elapsed: 24:00, vertices: 5698, facets final: 4028, pending: 38943, pool: 200
I 1441.15] recalculating facets...
I 1445.62] Elapsed: 24:06, vertices: 5716, facets final: 4082, pending: 38702, pool: 200
I 1450.63] Elapsed: 24:11, vertices: 5734, facets final: 4149, pending: 38641, pool: 200
I 1455.65] Elapsed: 24:16, vertices: 5751, facets final: 4225, pending: 38497, pool: 199
I 1457.95] recalculating facets...
I 1460.67] Elapsed: 24:21, vertices: 5770, facets final: 4278, pending: 38282, pool: 200
I 1465.72] Elapsed: 24:26, vertices: 5790, facets final: 4340, pending: 38118, pool: 199
I 1470.73] Elapsed: 24:31, vertices: 5808, facets final: 4401, pending: 37859, pool: 200
I 1474.27] recalculating facets...
I 1475.78] Elapsed: 24:36, vertices: 5827, facets final: 4460, pending: 37714, pool: 200
I 1480.88] Elapsed: 24:41, vertices: 5844, facets final: 4533, pending: 37468, pool: 200
I 1485.88] Elapsed: 24:46, vertices: 5862, facets final: 4593, pending: 37213, pool: 200
I 1490.34] recalculating facets...
I 1490.89] Elapsed: 24:51, vertices: 5882, facets final: 4645, pending: 37056, pool: 199
I 1495.91] Elapsed: 24:56, vertices: 5903, facets final: 4694, pending: 36828, pool: 200
I 1500.94] Elapsed: 25:01, vertices: 5920, facets final: 4762, pending: 36658, pool: 200
I 1505.78] recalculating facets...
recalculate_facet: numerical instability at facet 61476, coord 0 (-3.84305e-06)
recalculate_facet: numerical instability at facet 61476, coord 2 (1.16856e-06)
recalculate_facet: numerical instability at facet 61476, coord 3 (9.97596e-06)
recalculate_facet: numerical instability at facet 61476, coord 4 (-1.33872e-06)
recalculate_facet: numerical instability at facet 61476, coord 5 (-5.79341e-06)
recalculate_facet: numerical instability at facet 61476, coord 10 (5.48422e-06)
recalculate_facet: numerical instability at facet 61486, coord 0 (-2.96756e-06)
recalculate_facet: numerical instability at facet 61486, coord 2 (5.48871e-06)
recalculate_facet: numerical instability at facet 61486, coord 4 (-1.52414e-06)
recalculate_facet: numerical instability at facet 61486, coord 10 (2.63052e-06)
I 1505.94] Elapsed: 25:06, vertices: 5941, facets final: 4817, pending: 36494, pool: 200
I 1510.95] Elapsed: 25:11, vertices: 5959, facets final: 4884, pending: 36342, pool: 200
I 1515.98] Elapsed: 25:16, vertices: 5976, facets final: 4947, pending: 36113, pool: 200
I 1521.13] Elapsed: 25:21, vertices: 5999, facets final: 4984, pending: 35919, pool: 200
I 1521.38] recalculating facets...
I 1526.27] Elapsed: 25:26, vertices: 6017, facets final: 5050, pending: 35782, pool: 200
I 1531.27] Elapsed: 25:31, vertices: 6035, facets final: 5115, pending: 35572, pool: 200
I 1536.29] Elapsed: 25:36, vertices: 6051, facets final: 5193, pending: 35436, pool: 200
I 1538.31] recalculating facets...
I 1541.29] Elapsed: 25:41, vertices: 6067, facets final: 5273, pending: 35356, pool: 200
I 1546.31] Elapsed: 25:46, vertices: 6085, facets final: 5342, pending: 35239, pool: 200
I 1551.31] Elapsed: 25:51, vertices: 6102, facets final: 5415, pending: 35042, pool: 199
I 1556.32] Elapsed: 25:56, vertices: 6116, facets final: 5504, pending: 34883, pool: 199
I 1557.46] recalculating facets...
I 1561.39] Elapsed: 26:01, vertices: 6132, facets final: 5583, pending: 34723, pool: 199
I 1566.52] Elapsed: 26:07, vertices: 6151, facets final: 5647, pending: 34529, pool: 200
I 1571.52] Elapsed: 26:12, vertices: 6170, facets final: 5716, pending: 34350, pool: 199
I 1575.09] recalculating facets...
I 1576.62] Elapsed: 26:17, vertices: 6185, facets final: 5801, pending: 34184, pool: 200
I 1581.63] Elapsed: 26:22, vertices: 6203, facets final: 5873, pending: 34009, pool: 199
I 1586.63] Elapsed: 26:27, vertices: 6218, facets final: 5952, pending: 33846, pool: 200
I 1591.67] Elapsed: 26:32, vertices: 6236, facets final: 6026, pending: 33729, pool: 199
I 1594.30] recalculating facets...
I 1596.69] Elapsed: 26:37, vertices: 6247, facets final: 6123, pending: 33572, pool: 200
I 1601.82] Elapsed: 26:42, vertices: 6265, facets final: 6194, pending: 33420, pool: 200
I 1606.82] Elapsed: 26:47, vertices: 6281, facets final: 6277, pending: 33270, pool: 200
I 1611.82] Elapsed: 26:52, vertices: 6299, facets final: 6348, pending: 33114, pool: 199
I 1612.54] recalculating facets...
I 1616.95] Elapsed: 26:57, vertices: 6315, facets final: 6423, pending: 33040, pool: 198
I 1621.95] Elapsed: 27:02, vertices: 6328, facets final: 6518, pending: 32886, pool: 199
I 1626.98] Elapsed: 27:07, vertices: 6346, facets final: 6578, pending: 32748, pool: 199
I 1631.45] recalculating facets...
I 1631.99] Elapsed: 27:12, vertices: 6362, facets final: 6655, pending: 32598, pool: 200
I 1637.06] Elapsed: 27:17, vertices: 6378, facets final: 6737, pending: 32412, pool: 200
I 1642.07] Elapsed: 27:22, vertices: 6391, facets final: 6832, pending: 32289, pool: 199
I 1647.07] Elapsed: 27:27, vertices: 6406, facets final: 6918, pending: 32196, pool: 199
I 1651.52] recalculating facets...
I 1652.22] Elapsed: 27:32, vertices: 6422, facets final: 6994, pending: 31991, pool: 198
I 1657.28] Elapsed: 27:37, vertices: 6438, facets final: 7067, pending: 31796, pool: 200
I 1662.28] Elapsed: 27:42, vertices: 6456, facets final: 7144, pending: 31697, pool: 199
I 1667.29] Elapsed: 27:47, vertices: 6470, facets final: 7233, pending: 31571, pool: 200
I 1671.38] recalculating facets...
I 1672.30] Elapsed: 27:52, vertices: 6484, facets final: 7324, pending: 31403, pool: 199
I 1677.32] Elapsed: 27:57, vertices: 6498, facets final: 7407, pending: 31276, pool: 200
I 1682.32] Elapsed: 28:02, vertices: 6514, facets final: 7486, pending: 31165, pool: 200
I 1687.34] Elapsed: 28:07, vertices: 6531, facets final: 7567, pending: 31033, pool: 200
I 1690.34] recalculating facets...
I 1692.35] Elapsed: 28:12, vertices: 6548, facets final: 7639, pending: 30888, pool: 200
I 1697.35] Elapsed: 28:17, vertices: 6565, facets final: 7719, pending: 30737, pool: 198
I 1702.45] Elapsed: 28:22, vertices: 6576, facets final: 7825, pending: 30583, pool: 200
I 1707.47] Elapsed: 28:27, vertices: 6592, facets final: 7916, pending: 30422, pool: 200
I 1709.99] recalculating facets...
I 1712.48] Elapsed: 28:32, vertices: 6608, facets final: 7988, pending: 30259, pool: 199
I 1717.49] Elapsed: 28:37, vertices: 6621, facets final: 8090, pending: 30112, pool: 200
I 1722.49] Elapsed: 28:42, vertices: 6638, facets final: 8168, pending: 29970, pool: 199
I 1727.49] Elapsed: 28:47, vertices: 6655, facets final: 8238, pending: 29838, pool: 199
I 1729.11] recalculating facets...
I 1732.55] Elapsed: 28:53, vertices: 6669, facets final: 8319, pending: 29721, pool: 199
I 1737.57] Elapsed: 28:58, vertices: 6684, facets final: 8410, pending: 29591, pool: 199
I 1742.59] Elapsed: 29:03, vertices: 6697, facets final: 8509, pending: 29430, pool: 199
I 1747.71] Elapsed: 29:08, vertices: 6709, facets final: 8613, pending: 29257, pool: 199
I 1752.72] Elapsed: 29:13, vertices: 6720, facets final: 8732, pending: 29073, pool: 199
I 1752.84] recalculating facets...
I 1757.72] Elapsed: 29:18, vertices: 6730, facets final: 8844, pending: 28921, pool: 199
I 1762.82] Elapsed: 29:23, vertices: 6742, facets final: 8945, pending: 28786, pool: 200
I 1767.82] Elapsed: 29:28, vertices: 6758, facets final: 9019, pending: 28636, pool: 200
I 1772.82] Elapsed: 29:33, vertices: 6773, facets final: 9114, pending: 28471, pool: 199
I 1776.24] recalculating facets...
I 1777.85] Elapsed: 29:38, vertices: 6785, facets final: 9212, pending: 28322, pool: 198
I 1782.96] Elapsed: 29:43, vertices: 6796, facets final: 9317, pending: 28186, pool: 199
I 1787.99] Elapsed: 29:48, vertices: 6811, facets final: 9407, pending: 28009, pool: 199
I 1793.01] Elapsed: 29:53, vertices: 6820, facets final: 9536, pending: 27872, pool: 198
I 1798.01] Elapsed: 29:58, vertices: 6832, facets final: 9643, pending: 27739, pool: 199
I 1802.40] recalculating facets...
I 1803.03] Elapsed: 30:03, vertices: 6842, facets final: 9766, pending: 27583, pool: 197
I 1808.05] Elapsed: 30:08, vertices: 6853, facets final: 9872, pending: 27420, pool: 198
I 1813.05] Elapsed: 30:13, vertices: 6866, facets final: 9969, pending: 27283, pool: 197
I 1818.06] Elapsed: 30:18, vertices: 6873, facets final: 10105, pending: 27103, pool: 197
I 1823.11] Elapsed: 30:23, vertices: 6881, facets final: 10223, pending: 26926, pool: 200
I 1828.24] Elapsed: 30:28, vertices: 6891, facets final: 10343, pending: 26759, pool: 200
I 1832.94] recalculating facets...
I 1833.25] Elapsed: 30:33, vertices: 6901, facets final: 10463, pending: 26639, pool: 197
I 1838.27] Elapsed: 30:38, vertices: 6911, facets final: 10568, pending: 26492, pool: 199
I 1843.28] Elapsed: 30:43, vertices: 6924, facets final: 10677, pending: 26328, pool: 198
I 1848.30] Elapsed: 30:48, vertices: 6935, facets final: 10787, pending: 26180, pool: 197
I 1853.33] Elapsed: 30:53, vertices: 6947, facets final: 10891, pending: 26005, pool: 199
I 1858.34] Elapsed: 30:58, vertices: 6958, facets final: 11002, pending: 25879, pool: 200
I 1859.09] recalculating facets...
I 1863.35] Elapsed: 31:03, vertices: 6967, facets final: 11134, pending: 25736, pool: 197
I 1868.35] Elapsed: 31:08, vertices: 6976, facets final: 11256, pending: 25590, pool: 198
I 1873.50] Elapsed: 31:14, vertices: 6984, facets final: 11386, pending: 25441, pool: 199
I 1878.52] Elapsed: 31:19, vertices: 6993, facets final: 11512, pending: 25274, pool: 196
I 1883.52] Elapsed: 31:24, vertices: 7001, facets final: 11639, pending: 25118, pool: 197
I 1888.55] Elapsed: 31:29, vertices: 7007, facets final: 11792, pending: 24932, pool: 197
I 1893.55] Elapsed: 31:34, vertices: 7015, facets final: 11928, pending: 24785, pool: 197
I 1896.59] recalculating facets...
I 1898.55] Elapsed: 31:39, vertices: 7025, facets final: 12032, pending: 24640, pool: 199
I 1903.55] Elapsed: 31:44, vertices: 7035, facets final: 12149, pending: 24474, pool: 196
I 1908.56] Elapsed: 31:49, vertices: 7042, facets final: 12287, pending: 24320, pool: 195
I 1913.63] Elapsed: 31:54, vertices: 7051, facets final: 12401, pending: 24173, pool: 200
I 1918.80] Elapsed: 31:59, vertices: 7062, facets final: 12521, pending: 24014, pool: 198
I 1923.81] Elapsed: 32:04, vertices: 7071, facets final: 12654, pending: 23849, pool: 197
I 1928.84] Elapsed: 32:09, vertices: 7079, facets final: 12778, pending: 23709, pool: 197
I 1929.77] recalculating facets...
I 1933.85] Elapsed: 32:14, vertices: 7086, facets final: 12915, pending: 23540, pool: 197
I 1938.85] Elapsed: 32:19, vertices: 7091, facets final: 13055, pending: 23381, pool: 196
I 1943.91] Elapsed: 32:24, vertices: 7098, facets final: 13183, pending: 23223, pool: 197
I 1948.93] Elapsed: 32:29, vertices: 7104, facets final: 13328, pending: 23091, pool: 193
I 1953.95] Elapsed: 32:34, vertices: 7110, facets final: 13473, pending: 22918, pool: 196
I 1958.96] Elapsed: 32:39, vertices: 7118, facets final: 13601, pending: 22773, pool: 197
I 1963.97] Elapsed: 32:44, vertices: 7125, facets final: 13740, pending: 22607, pool: 196
I 1968.99] Elapsed: 32:49, vertices: 7133, facets final: 13865, pending: 22452, pool: 198
I 1973.54] recalculating facets...
I 1974.00] Elapsed: 32:54, vertices: 7141, facets final: 13989, pending: 22295, pool: 197
I 1979.00] Elapsed: 32:59, vertices: 7150, facets final: 14103, pending: 22155, pool: 193
I 1984.01] Elapsed: 33:04, vertices: 7154, facets final: 14254, pending: 21999, pool: 192
I 1989.01] Elapsed: 33:09, vertices: 7159, facets final: 14398, pending: 21847, pool: 194
I 1994.01] Elapsed: 33:14, vertices: 7163, facets final: 14539, pending: 21653, pool: 197
I 1999.11] Elapsed: 33:19, vertices: 7170, facets final: 14671, pending: 21502, pool: 198
I 2004.22] Elapsed: 33:24, vertices: 7178, facets final: 14809, pending: 21335, pool: 196
I 2009.22] Elapsed: 33:29, vertices: 7187, facets final: 14940, pending: 21177, pool: 194
I 2014.25] Elapsed: 33:34, vertices: 7193, facets final: 15077, pending: 21017, pool: 198
I 2018.07] recalculating facets...
I 2019.25] Elapsed: 33:39, vertices: 7202, facets final: 15196, pending: 20854, pool: 198
I 2024.25] Elapsed: 33:44, vertices: 7211, facets final: 15324, pending: 20694, pool: 197
I 2029.28] Elapsed: 33:49, vertices: 7218, facets final: 15461, pending: 20529, pool: 196
I 2034.32] Elapsed: 33:54, vertices: 7226, facets final: 15588, pending: 20377, pool: 198
I 2039.39] Elapsed: 33:59, vertices: 7234, facets final: 15721, pending: 20220, pool: 196
I 2044.39] Elapsed: 34:04, vertices: 7243, facets final: 15853, pending: 20079, pool: 194
I 2049.42] Elapsed: 34:09, vertices: 7250, facets final: 15986, pending: 19929, pool: 194
I 2054.55] Elapsed: 34:15, vertices: 7255, facets final: 16137, pending: 19764, pool: 191
I 2059.17] recalculating facets...
I 2059.58] Elapsed: 34:20, vertices: 7261, facets final: 16297, pending: 19594, pool: 194
I 2064.60] Elapsed: 34:25, vertices: 7269, facets final: 16427, pending: 19445, pool: 191
I 2069.60] Elapsed: 34:30, vertices: 7273, facets final: 16573, pending: 19277, pool: 190
I 2074.61] Elapsed: 34:35, vertices: 7279, facets final: 16711, pending: 19105, pool: 196
I 2079.62] Elapsed: 34:40, vertices: 7288, facets final: 16829, pending: 18966, pool: 195
I 2084.62] Elapsed: 34:45, vertices: 7293, facets final: 16975, pending: 18807, pool: 192
I 2089.63] Elapsed: 34:50, vertices: 7298, facets final: 17120, pending: 18645, pool: 196
I 2094.64] Elapsed: 34:55, vertices: 7306, facets final: 17251, pending: 18514, pool: 193
I 2099.66] Elapsed: 35:00, vertices: 7312, facets final: 17397, pending: 18361, pool: 193
I 2104.68] Elapsed: 35:05, vertices: 7319, facets final: 17527, pending: 18185, pool: 193
I 2105.97] recalculating facets...
I 2109.68] Elapsed: 35:10, vertices: 7324, facets final: 17672, pending: 18026, pool: 194
I 2114.73] Elapsed: 35:15, vertices: 7330, facets final: 17806, pending: 17880, pool: 193
I 2119.84] Elapsed: 35:20, vertices: 7336, facets final: 17945, pending: 17717, pool: 194
I 2124.85] Elapsed: 35:25, vertices: 7343, facets final: 18088, pending: 17560, pool: 194
I 2129.89] Elapsed: 35:30, vertices: 7350, facets final: 18226, pending: 17401, pool: 192
I 2134.90] Elapsed: 35:35, vertices: 7355, facets final: 18373, pending: 17251, pool: 189
I 2139.90] Elapsed: 35:40, vertices: 7361, facets final: 18507, pending: 17104, pool: 188
I 2144.90] Elapsed: 35:45, vertices: 7364, facets final: 18665, pending: 16942, pool: 188
I 2149.90] Elapsed: 35:50, vertices: 7368, facets final: 18814, pending: 16788, pool: 188
I 2154.91] Elapsed: 35:55, vertices: 7372, facets final: 18961, pending: 16635, pool: 188
I 2159.93] Elapsed: 36:00, vertices: 7377, facets final: 19109, pending: 16473, pool: 186
I 2163.75] recalculating facets...
I 2164.93] Elapsed: 36:05, vertices: 7381, facets final: 19256, pending: 16314, pool: 187
I 2169.95] Elapsed: 36:10, vertices: 7386, facets final: 19401, pending: 16170, pool: 188
I 2174.96] Elapsed: 36:15, vertices: 7391, facets final: 19543, pending: 16016, pool: 187
I 2179.98] Elapsed: 36:20, vertices: 7396, facets final: 19683, pending: 15862, pool: 188
I 2185.02] Elapsed: 36:25, vertices: 7401, facets final: 19824, pending: 15712, pool: 192
I 2190.02] Elapsed: 36:30, vertices: 7407, facets final: 19971, pending: 15556, pool: 188
I 2195.02] Elapsed: 36:35, vertices: 7412, facets final: 20130, pending: 15388, pool: 187
I 2200.02] Elapsed: 36:40, vertices: 7417, facets final: 20283, pending: 15226, pool: 187
I 2205.04] Elapsed: 36:45, vertices: 7420, facets final: 20446, pending: 15058, pool: 185
I 2210.05] Elapsed: 36:50, vertices: 7426, facets final: 20584, pending: 14907, pool: 184
I 2215.06] Elapsed: 36:55, vertices: 7432, facets final: 20725, pending: 14751, pool: 185
I 2220.07] Elapsed: 37:00, vertices: 7438, facets final: 20870, pending: 14592, pool: 185
I 2223.07] recalculating facets...
I 2225.17] Elapsed: 37:05, vertices: 7441, facets final: 21027, pending: 14425, pool: 185
I 2230.18] Elapsed: 37:10, vertices: 7445, facets final: 21194, pending: 14254, pool: 184
I 2235.19] Elapsed: 37:15, vertices: 7449, facets final: 21359, pending: 14070, pool: 184
I 2240.21] Elapsed: 37:20, vertices: 7453, facets final: 21510, pending: 13912, pool: 182
I 2245.23] Elapsed: 37:25, vertices: 7457, facets final: 21664, pending: 13748, pool: 184
I 2250.29] Elapsed: 37:30, vertices: 7459, facets final: 21833, pending: 13581, pool: 186
I 2255.30] Elapsed: 37:35, vertices: 7463, facets final: 21997, pending: 13406, pool: 186
I 2260.31] Elapsed: 37:40, vertices: 7469, facets final: 22139, pending: 13252, pool: 185
I 2265.32] Elapsed: 37:45, vertices: 7473, facets final: 22290, pending: 13092, pool: 183
I 2270.39] Elapsed: 37:50, vertices: 7476, facets final: 22445, pending: 12941, pool: 182
I 2275.43] Elapsed: 37:55, vertices: 7478, facets final: 22608, pending: 12770, pool: 183
I 2280.45] Elapsed: 38:00, vertices: 7482, facets final: 22760, pending: 12609, pool: 181
I 2285.59] Elapsed: 38:06, vertices: 7486, facets final: 22925, pending: 12436, pool: 180
I 2290.60] Elapsed: 38:11, vertices: 7491, facets final: 23077, pending: 12283, pool: 180
I 2295.61] Elapsed: 38:16, vertices: 7494, facets final: 23236, pending: 12119, pool: 180
I 2300.73] Elapsed: 38:21, vertices: 7497, facets final: 23396, pending: 11953, pool: 179
I 2305.73] Elapsed: 38:26, vertices: 7500, facets final: 23552, pending: 11787, pool: 182
I 2306.40] recalculating facets...
I 2310.74] Elapsed: 38:31, vertices: 7504, facets final: 23704, pending: 11633, pool: 183
I 2315.74] Elapsed: 38:36, vertices: 7508, facets final: 23863, pending: 11467, pool: 179
I 2320.75] Elapsed: 38:41, vertices: 7513, facets final: 24013, pending: 11308, pool: 175
I 2325.75] Elapsed: 38:46, vertices: 7516, facets final: 24179, pending: 11136, pool: 173
I 2330.75] Elapsed: 38:51, vertices: 7519, facets final: 24328, pending: 10975, pool: 175
I 2335.76] Elapsed: 38:56, vertices: 7523, facets final: 24495, pending: 10802, pool: 177
I 2340.76] Elapsed: 39:01, vertices: 7529, facets final: 24642, pending: 10643, pool: 173
I 2345.77] Elapsed: 39:06, vertices: 7532, facets final: 24798, pending: 10484, pool: 172
I 2350.77] Elapsed: 39:11, vertices: 7534, facets final: 24962, pending: 10312, pool: 172
I 2355.87] Elapsed: 39:16, vertices: 7537, facets final: 25126, pending: 10140, pool: 171
I 2360.87] Elapsed: 39:21, vertices: 7541, facets final: 25285, pending: 9975, pool: 168
I 2365.88] Elapsed: 39:26, vertices: 7545, facets final: 25443, pending: 9813, pool: 167
I 2370.88] Elapsed: 39:31, vertices: 7549, facets final: 25593, pending: 9655, pool: 165
I 2375.90] Elapsed: 39:36, vertices: 7552, facets final: 25755, pending: 9485, pool: 165
I 2380.94] Elapsed: 39:41, vertices: 7557, facets final: 25897, pending: 9337, pool: 163
I 2384.90] recalculating facets...
I 2385.98] Elapsed: 39:46, vertices: 7561, facets final: 26048, pending: 9179, pool: 161
I 2390.99] Elapsed: 39:51, vertices: 7563, facets final: 26205, pending: 9017, pool: 163
I 2396.02] Elapsed: 39:56, vertices: 7565, facets final: 26362, pending: 8855, pool: 165
I 2401.05] Elapsed: 40:01, vertices: 7568, facets final: 26528, pending: 8684, pool: 162
I 2406.05] Elapsed: 40:06, vertices: 7570, facets final: 26694, pending: 8514, pool: 161
I 2411.08] Elapsed: 40:11, vertices: 7573, facets final: 26850, pending: 8354, pool: 162
I 2416.09] Elapsed: 40:16, vertices: 7576, facets final: 27004, pending: 8195, pool: 161
I 2421.12] Elapsed: 40:21, vertices: 7579, facets final: 27175, pending: 8020, pool: 160
I 2426.13] Elapsed: 40:26, vertices: 7581, facets final: 27340, pending: 7851, pool: 158
I 2431.14] Elapsed: 40:31, vertices: 7583, facets final: 27502, pending: 7685, pool: 157
I 2436.14] Elapsed: 40:36, vertices: 7585, facets final: 27670, pending: 7514, pool: 156
I 2441.16] Elapsed: 40:41, vertices: 7588, facets final: 27829, pending: 7348, pool: 157
I 2446.17] Elapsed: 40:46, vertices: 7592, facets final: 27996, pending: 7174, pool: 154
I 2451.17] Elapsed: 40:51, vertices: 7596, facets final: 28155, pending: 7004, pool: 152
I 2456.19] Elapsed: 40:56, vertices: 7600, facets final: 28306, pending: 6847, pool: 148
I 2461.19] Elapsed: 41:01, vertices: 7602, facets final: 28472, pending: 6688, pool: 148
I 2466.22] Elapsed: 41:06, vertices: 7606, facets final: 28634, pending: 6521, pool: 145
I 2471.22] Elapsed: 41:11, vertices: 7611, facets final: 28784, pending: 6404, pool: 145
I 2476.24] Elapsed: 41:16, vertices: 7615, facets final: 28942, pending: 6238, pool: 142
I 2481.32] Elapsed: 41:21, vertices: 7617, facets final: 29110, pending: 6057, pool: 142
I 2485.93] recalculating facets...
I 2486.34] Elapsed: 41:26, vertices: 7621, facets final: 29260, pending: 5895, pool: 143
I 2491.36] Elapsed: 41:31, vertices: 7622, facets final: 29424, pending: 5729, pool: 146
I 2496.37] Elapsed: 41:36, vertices: 7624, facets final: 29592, pending: 5561, pool: 144
I 2501.38] Elapsed: 41:41, vertices: 7629, facets final: 29749, pending: 5396, pool: 141
I 2506.40] Elapsed: 41:46, vertices: 7632, facets final: 29905, pending: 5237, pool: 140
I 2511.40] Elapsed: 41:51, vertices: 7635, facets final: 30062, pending: 5084, pool: 141
I 2516.41] Elapsed: 41:56, vertices: 7638, facets final: 30222, pending: 4918, pool: 141
I 2521.44] Elapsed: 42:01, vertices: 7642, facets final: 30380, pending: 4762, pool: 138
I 2526.44] Elapsed: 42:06, vertices: 7646, facets final: 30545, pending: 4594, pool: 136
I 2531.51] Elapsed: 42:12, vertices: 7649, facets final: 30703, pending: 4425, pool: 134
I 2536.57] Elapsed: 42:17, vertices: 7654, facets final: 30863, pending: 4271, pool: 133
I 2541.58] Elapsed: 42:22, vertices: 7658, facets final: 31030, pending: 4114, pool: 131
I 2546.59] Elapsed: 42:27, vertices: 7661, facets final: 31193, pending: 3949, pool: 130
I 2551.59] Elapsed: 42:32, vertices: 7666, facets final: 31350, pending: 3784, pool: 126
I 2556.59] Elapsed: 42:37, vertices: 7670, facets final: 31507, pending: 3623, pool: 125
I 2561.59] Elapsed: 42:42, vertices: 7675, facets final: 31670, pending: 3445, pool: 124
I 2566.61] Elapsed: 42:47, vertices: 7679, facets final: 31823, pending: 3288, pool: 121
I 2568.06] recalculating facets...
I 2571.69] Elapsed: 42:52, vertices: 7683, facets final: 31982, pending: 3126, pool: 118
I 2576.70] Elapsed: 42:57, vertices: 7688, facets final: 32142, pending: 2950, pool: 116
I 2581.71] Elapsed: 43:02, vertices: 7693, facets final: 32297, pending: 2791, pool: 112
I 2586.73] Elapsed: 43:07, vertices: 7697, facets final: 32470, pending: 2614, pool: 108
I 2591.74] Elapsed: 43:12, vertices: 7701, facets final: 32631, pending: 2458, pool: 107
I 2596.75] Elapsed: 43:17, vertices: 7705, facets final: 32791, pending: 2288, pool: 105
I 2601.76] Elapsed: 43:22, vertices: 7709, facets final: 32950, pending: 2124, pool: 103
I 2606.77] Elapsed: 43:27, vertices: 7712, facets final: 33120, pending: 1950, pool: 101
I 2611.81] Elapsed: 43:32, vertices: 7716, facets final: 33279, pending: 1787, pool: 98
I 2616.83] Elapsed: 43:37, vertices: 7722, facets final: 33435, pending: 1622, pool: 95
I 2621.88] Elapsed: 43:42, vertices: 7726, facets final: 33610, pending: 1442, pool: 92
I 2626.90] Elapsed: 43:47, vertices: 7731, facets final: 33773, pending: 1275, pool: 88
I 2631.90] Elapsed: 43:52, vertices: 7735, facets final: 33928, pending: 1112, pool: 90
I 2635.64] recalculating facets...
I 2636.90] Elapsed: 43:57, vertices: 7742, facets final: 34077, pending: 956, pool: 87
I 2641.90] Elapsed: 44:02, vertices: 7750, facets final: 34233, pending: 793, pool: 83
I 2646.91] Elapsed: 44:07, vertices: 7757, facets final: 34388, pending: 630, pool: 80
I 2651.91] Elapsed: 44:12, vertices: 7766, facets final: 34533, pending: 472, pool: 74
I 2656.91] Elapsed: 44:17, vertices: 7787, facets final: 34657, pending: 326, pool: 63
I 2658.44] recalculating facets...
I 2661.92] Elapsed: 44:22, vertices: 7830, facets final: 34758, pending: 186, pool: 31
I 2664.08] recalculating facets...
I 2666.02] Elapsed: 44:26, vertices: 7879, facets final: 34889, pending: 0

--------------------------------
Problem completed
 name                    58.vlp
 output                  vlp/58.res
 rows, cols, objs        177, 4581, 10
 vertices, facets        7879, 34889
 total time              44:26
--------------------------------
Statistics
LP:
 oracle calls            43637
   avg iterations/calls  217.78
 total oracle time       20:36
Combinatorics:
 vertices added          7879
 facets probed           79702
 facets # max            76852
 memory allocated        181.33M
 instability warnings    24
 storage expansion
   vertices # / upto     62 / 7932
   facets   # / upto     19 / 77820
 facet manipulating
   added avg / max       98.39 / 1.23k
   compressed            401
 number of ridge tests
   avg / max             5.13M / 81.70M
--------------------------------
Parameters with non-default values
 VertexPoolSize = 200
 RecalculateFacets = 60
 PolytopeEps = 1e-08
 ScaleEps = 5e-08
 RoundEps = 5e-08
