C copy string: rs=cd:ab;t=c:as;u=s:act;ar,br,cr,d;ar,br,c,dr; ineq: base30.txt
I    4.25] recalculating facets...
I    5.03] Elapsed: 5.03, vertices: 71, facets final: 12, pending: 3691, pool: 106
I    8.39] recalculating facets...
I   10.06] Elapsed: 10.06, vertices: 146, facets final: 25, pending: 8351, pool: 200
I   11.70] recalculating facets...
I   14.80] recalculating facets...
I   15.06] Elapsed: 15.06, vertices: 245, facets final: 41, pending: 12312, pool: 200
I   18.26] recalculating facets...
I   20.09] Elapsed: 20.09, vertices: 331, facets final: 47, pending: 15604, pool: 200
I   22.13] recalculating facets...
I   25.12] Elapsed: 25.12, vertices: 398, facets final: 64, pending: 18533, pool: 199
I   26.73] recalculating facets...
I   30.12] Elapsed: 30.12, vertices: 461, facets final: 74, pending: 21396, pool: 200
I   31.76] recalculating facets...
I   35.18] Elapsed: 35.18, vertices: 521, facets final: 79, pending: 23496, pool: 200
I   36.76] recalculating facets...
I   40.21] Elapsed: 40.21, vertices: 578, facets final: 85, pending: 25715, pool: 200
I   42.28] recalculating facets...
I   45.25] Elapsed: 45.25, vertices: 629, facets final: 94, pending: 28685, pool: 200
I   48.67] recalculating facets...
I   50.32] Elapsed: 50.32, vertices: 673, facets final: 104, pending: 30994, pool: 200
I   55.40] Elapsed: 55.40, vertices: 716, facets final: 106, pending: 33062, pool: 200
I   55.83] recalculating facets...
I   60.41] Elapsed: 1:00, vertices: 757, facets final: 115, pending: 35129, pool: 200
I   63.35] recalculating facets...
I   65.47] Elapsed: 1:05, vertices: 796, facets final: 119, pending: 37095, pool: 199
I   70.53] Elapsed: 1:11, vertices: 833, facets final: 128, pending: 38798, pool: 200
I   71.32] recalculating facets...
I   75.55] Elapsed: 1:16, vertices: 871, facets final: 131, pending: 41286, pool: 200
I   80.38] recalculating facets...
I   80.57] Elapsed: 1:21, vertices: 901, facets final: 136, pending: 43102, pool: 200
I   85.62] Elapsed: 1:26, vertices: 931, facets final: 137, pending: 44033, pool: 199
I   90.64] Elapsed: 1:31, vertices: 960, facets final: 140, pending: 46013, pool: 200
I   90.76] recalculating facets...
I   95.76] Elapsed: 1:36, vertices: 986, facets final: 146, pending: 47026, pool: 200
I  100.81] Elapsed: 1:41, vertices: 1013, facets final: 152, pending: 47435, pool: 200
I  102.27] recalculating facets...
I  105.81] Elapsed: 1:46, vertices: 1039, facets final: 154, pending: 48082, pool: 200
I  110.83] Elapsed: 1:51, vertices: 1064, facets final: 156, pending: 49116, pool: 200
I  114.41] recalculating facets...
I  115.93] Elapsed: 1:56, vertices: 1086, facets final: 158, pending: 49839, pool: 200
I  120.93] Elapsed: 2:01, vertices: 1108, facets final: 161, pending: 50255, pool: 200
I  125.99] Elapsed: 2:06, vertices: 1133, facets final: 162, pending: 50448, pool: 200
I  127.25] recalculating facets...
I  131.04] Elapsed: 2:11, vertices: 1160, facets final: 165, pending: 51202, pool: 200
I  136.12] Elapsed: 2:16, vertices: 1185, facets final: 167, pending: 51358, pool: 200
I  139.45] recalculating facets...
I  141.18] Elapsed: 2:21, vertices: 1209, facets final: 170, pending: 52263, pool: 200
I  146.18] Elapsed: 2:26, vertices: 1234, facets final: 174, pending: 52864, pool: 200
I  151.27] Elapsed: 2:31, vertices: 1254, facets final: 177, pending: 53243, pool: 200
I  152.51] recalculating facets...
I  156.37] Elapsed: 2:36, vertices: 1277, facets final: 180, pending: 53554, pool: 200
I  161.49] Elapsed: 2:41, vertices: 1301, facets final: 182, pending: 54266, pool: 200
I  165.24] recalculating facets...
I  166.57] Elapsed: 2:47, vertices: 1326, facets final: 185, pending: 54500, pool: 200
I  171.60] Elapsed: 2:52, vertices: 1353, facets final: 194, pending: 54697, pool: 200
I  176.63] Elapsed: 2:57, vertices: 1376, facets final: 201, pending: 55536, pool: 200
I  177.70] recalculating facets...
I  181.67] Elapsed: 3:02, vertices: 1399, facets final: 205, pending: 56321, pool: 200
I  186.75] Elapsed: 3:07, vertices: 1423, facets final: 210, pending: 56840, pool: 200
I  190.60] recalculating facets...
I  191.90] Elapsed: 3:12, vertices: 1445, facets final: 217, pending: 57213, pool: 200
I  196.91] Elapsed: 3:17, vertices: 1468, facets final: 227, pending: 57895, pool: 200
I  201.91] Elapsed: 3:22, vertices: 1490, facets final: 233, pending: 58400, pool: 200
I  204.20] recalculating facets...
I  207.01] Elapsed: 3:27, vertices: 1510, facets final: 239, pending: 58444, pool: 200
I  212.21] Elapsed: 3:32, vertices: 1532, facets final: 242, pending: 58605, pool: 200
I  217.21] Elapsed: 3:37, vertices: 1552, facets final: 244, pending: 58928, pool: 200
I  219.19] recalculating facets...
I  222.22] Elapsed: 3:42, vertices: 1574, facets final: 252, pending: 59015, pool: 200
I  227.31] Elapsed: 3:47, vertices: 1596, facets final: 256, pending: 59582, pool: 200
I  232.33] Elapsed: 3:52, vertices: 1619, facets final: 260, pending: 60107, pool: 200
I  232.74] recalculating facets...
I  237.34] Elapsed: 3:57, vertices: 1639, facets final: 263, pending: 59943, pool: 200
I  242.45] Elapsed: 4:02, vertices: 1661, facets final: 266, pending: 60233, pool: 200
I  247.08] recalculating facets...
recalculate_facet: numerical instability at facet 6147, coord 3 (1.18083e-06)
recalculate_facet: numerical instability at facet 6148, coord 3 (1.16212e-06)
recalculate_facet: numerical instability at facet 25795, coord 0 (1.8014e-05)
recalculate_facet: numerical instability at facet 25795, coord 1 (1.49175e-06)
recalculate_facet: numerical instability at facet 25795, coord 2 (-3.12861e-06)
recalculate_facet: numerical instability at facet 25795, coord 3 (-2.61586e-05)
recalculate_facet: numerical instability at facet 25795, coord 4 (3.12199e-06)
recalculate_facet: numerical instability at facet 25795, coord 5 (6.65946e-06)
recalculate_facet: numerical instability at facet 25795, coord 10 (-9.63665e-06)
I  247.53] Elapsed: 4:08, vertices: 1681, facets final: 273, pending: 60526, pool: 200
I  252.54] Elapsed: 4:13, vertices: 1703, facets final: 277, pending: 61038, pool: 199
I  257.72] Elapsed: 4:18, vertices: 1721, facets final: 279, pending: 61196, pool: 200
I  262.79] Elapsed: 4:23, vertices: 1740, facets final: 281, pending: 61071, pool: 200
I  262.79] recalculating facets...
I  267.82] Elapsed: 4:28, vertices: 1762, facets final: 288, pending: 60910, pool: 200
I  272.85] Elapsed: 4:33, vertices: 1785, facets final: 291, pending: 60896, pool: 200
I  277.06] recalculating facets...
I  277.94] Elapsed: 4:38, vertices: 1804, facets final: 293, pending: 60756, pool: 200
I  282.98] Elapsed: 4:43, vertices: 1823, facets final: 297, pending: 60915, pool: 200
I  288.01] Elapsed: 4:48, vertices: 1843, facets final: 305, pending: 60853, pool: 200
I  292.12] recalculating facets...
recalculate_facet: numerical instability at facet 50235, coord 0 (1.84566e-06)
recalculate_facet: numerical instability at facet 50235, coord 3 (-2.86087e-06)
recalculate_facet: numerical instability at facet 50236, coord 0 (2.2305e-06)
recalculate_facet: numerical instability at facet 50236, coord 3 (-3.37899e-06)
recalculate_facet: numerical instability at facet 50236, coord 10 (-1.21098e-06)
recalculate_facet: numerical instability at facet 51306, coord 0 (2.60396e-06)
recalculate_facet: numerical instability at facet 51306, coord 3 (-3.69148e-06)
recalculate_facet: numerical instability at facet 51306, coord 10 (-1.26008e-06)
I  293.11] Elapsed: 4:53, vertices: 1864, facets final: 310, pending: 60609, pool: 200
I  298.19] Elapsed: 4:58, vertices: 1887, facets final: 319, pending: 60677, pool: 200
I  303.19] Elapsed: 5:03, vertices: 1907, facets final: 329, pending: 60333, pool: 200
I  306.18] recalculating facets...
I  308.26] Elapsed: 5:08, vertices: 1928, facets final: 333, pending: 60503, pool: 200
I  313.33] Elapsed: 5:13, vertices: 1948, facets final: 337, pending: 60440, pool: 200
I  318.44] Elapsed: 5:18, vertices: 1969, facets final: 343, pending: 60312, pool: 200
I  321.00] recalculating facets...
I  323.47] Elapsed: 5:23, vertices: 1991, facets final: 347, pending: 60236, pool: 200
I  328.57] Elapsed: 5:29, vertices: 2012, facets final: 353, pending: 60784, pool: 200
I  333.67] Elapsed: 5:34, vertices: 2033, facets final: 362, pending: 60725, pool: 200
I  335.62] recalculating facets...
I  338.68] Elapsed: 5:39, vertices: 2053, facets final: 368, pending: 61360, pool: 200
I  343.73] Elapsed: 5:44, vertices: 2073, facets final: 376, pending: 61668, pool: 199
I  348.87] Elapsed: 5:49, vertices: 2092, facets final: 380, pending: 61726, pool: 200
I  350.90] recalculating facets...
I  353.88] Elapsed: 5:54, vertices: 2112, facets final: 385, pending: 62046, pool: 200
I  358.96] Elapsed: 5:59, vertices: 2131, facets final: 393, pending: 62007, pool: 200
I  363.96] Elapsed: 6:04, vertices: 2149, facets final: 401, pending: 61665, pool: 200
I  366.80] recalculating facets...
I  369.00] Elapsed: 6:09, vertices: 2170, facets final: 410, pending: 61634, pool: 200
I  374.05] Elapsed: 6:14, vertices: 2189, facets final: 417, pending: 61663, pool: 200
I  379.06] Elapsed: 6:19, vertices: 2209, facets final: 425, pending: 61826, pool: 200
I  382.14] recalculating facets...
I  384.15] Elapsed: 6:24, vertices: 2228, facets final: 434, pending: 61685, pool: 199
I  389.25] Elapsed: 6:29, vertices: 2250, facets final: 446, pending: 61788, pool: 200
I  394.28] Elapsed: 6:34, vertices: 2270, facets final: 462, pending: 61728, pool: 200
I  396.85] recalculating facets...
I  399.31] Elapsed: 6:39, vertices: 2290, facets final: 466, pending: 61767, pool: 200
I  404.41] Elapsed: 6:44, vertices: 2311, facets final: 482, pending: 61084, pool: 200
I  409.53] Elapsed: 6:50, vertices: 2332, facets final: 489, pending: 60794, pool: 200
I  411.70] recalculating facets...
I  414.53] Elapsed: 6:55, vertices: 2351, facets final: 493, pending: 61164, pool: 200
I  419.53] Elapsed: 7:00, vertices: 2372, facets final: 501, pending: 61213, pool: 200
I  424.57] Elapsed: 7:05, vertices: 2393, facets final: 509, pending: 61002, pool: 200
I  425.98] recalculating facets...
I  429.63] Elapsed: 7:10, vertices: 2416, facets final: 516, pending: 60879, pool: 200
I  434.72] Elapsed: 7:15, vertices: 2435, facets final: 532, pending: 60739, pool: 200
I  439.84] Elapsed: 7:20, vertices: 2457, facets final: 543, pending: 60697, pool: 200
I  440.89] recalculating facets...
I  444.85] Elapsed: 7:25, vertices: 2478, facets final: 550, pending: 60645, pool: 200
I  449.87] Elapsed: 7:30, vertices: 2501, facets final: 557, pending: 60359, pool: 200
I  454.07] recalculating facets...
I  454.96] Elapsed: 7:35, vertices: 2524, facets final: 562, pending: 60766, pool: 200
I  460.06] Elapsed: 7:40, vertices: 2546, facets final: 569, pending: 60459, pool: 200
I  465.08] Elapsed: 7:45, vertices: 2566, facets final: 579, pending: 60836, pool: 200
I  468.61] recalculating facets...
I  470.09] Elapsed: 7:50, vertices: 2585, facets final: 584, pending: 61094, pool: 200
I  475.15] Elapsed: 7:55, vertices: 2609, facets final: 590, pending: 61107, pool: 200
I  480.15] Elapsed: 8:00, vertices: 2629, facets final: 598, pending: 60844, pool: 200
I  483.07] recalculating facets...
I  485.23] Elapsed: 8:05, vertices: 2649, facets final: 611, pending: 60535, pool: 199
I  490.36] Elapsed: 8:10, vertices: 2672, facets final: 621, pending: 60129, pool: 200
I  495.44] Elapsed: 8:15, vertices: 2693, facets final: 635, pending: 60255, pool: 200
I  497.47] recalculating facets...
I  500.55] Elapsed: 8:21, vertices: 2713, facets final: 647, pending: 59898, pool: 200
I  505.58] Elapsed: 8:26, vertices: 2735, facets final: 654, pending: 59564, pool: 200
I  510.61] Elapsed: 8:31, vertices: 2755, facets final: 667, pending: 58925, pool: 200
I  511.84] recalculating facets...
I  515.63] Elapsed: 8:36, vertices: 2776, facets final: 678, pending: 58625, pool: 200
I  520.68] Elapsed: 8:41, vertices: 2799, facets final: 695, pending: 58280, pool: 200
I  525.25] recalculating facets...
I  525.75] Elapsed: 8:46, vertices: 2822, facets final: 704, pending: 57977, pool: 200
I  530.77] Elapsed: 8:51, vertices: 2844, facets final: 712, pending: 57778, pool: 200
I  535.87] Elapsed: 8:56, vertices: 2868, facets final: 724, pending: 57597, pool: 200
I  538.79] recalculating facets...
I  540.96] Elapsed: 9:01, vertices: 2890, facets final: 733, pending: 57553, pool: 200
I  546.01] Elapsed: 9:06, vertices: 2912, facets final: 739, pending: 57070, pool: 200
I  551.08] Elapsed: 9:11, vertices: 2932, facets final: 750, pending: 56640, pool: 200
I  552.75] recalculating facets...
I  556.18] Elapsed: 9:16, vertices: 2956, facets final: 762, pending: 56324, pool: 200
I  561.23] Elapsed: 9:21, vertices: 2980, facets final: 770, pending: 56288, pool: 200
I  565.24] recalculating facets...
I  566.25] Elapsed: 9:26, vertices: 3006, facets final: 778, pending: 55548, pool: 200
I  571.25] Elapsed: 9:31, vertices: 3031, facets final: 788, pending: 55488, pool: 200
I  576.26] Elapsed: 9:36, vertices: 3055, facets final: 796, pending: 55065, pool: 200
I  577.33] recalculating facets...
I  581.29] Elapsed: 9:41, vertices: 3078, facets final: 816, pending: 54829, pool: 200
I  586.31] Elapsed: 9:46, vertices: 3100, facets final: 830, pending: 54375, pool: 200
I  590.46] recalculating facets...
I  591.34] Elapsed: 9:51, vertices: 3124, facets final: 842, pending: 54179, pool: 200
I  596.42] Elapsed: 9:56, vertices: 3148, facets final: 865, pending: 53945, pool: 200
I  601.47] Elapsed: 10:01, vertices: 3173, facets final: 872, pending: 54154, pool: 200
I  602.96] recalculating facets...
I  606.57] Elapsed: 10:07, vertices: 3197, facets final: 886, pending: 54084, pool: 200
I  611.58] Elapsed: 10:12, vertices: 3222, facets final: 901, pending: 54104, pool: 200
I  615.73] recalculating facets...
I  616.58] Elapsed: 10:17, vertices: 3243, facets final: 919, pending: 54108, pool: 200
I  621.59] Elapsed: 10:22, vertices: 3267, facets final: 935, pending: 53862, pool: 200
I  626.70] Elapsed: 10:27, vertices: 3294, facets final: 948, pending: 53680, pool: 200
I  627.71] recalculating facets...
I  631.77] Elapsed: 10:32, vertices: 3319, facets final: 967, pending: 53331, pool: 200
I  636.83] Elapsed: 10:37, vertices: 3344, facets final: 977, pending: 52928, pool: 200
I  640.40] recalculating facets...
I  641.89] Elapsed: 10:42, vertices: 3367, facets final: 992, pending: 52830, pool: 200
I  646.93] Elapsed: 10:47, vertices: 3391, facets final: 1005, pending: 52477, pool: 200
I  651.94] Elapsed: 10:52, vertices: 3415, facets final: 1026, pending: 52235, pool: 200
I  653.15] recalculating facets...
I  657.00] Elapsed: 10:57, vertices: 3438, facets final: 1039, pending: 51961, pool: 200
I  662.02] Elapsed: 11:02, vertices: 3465, facets final: 1060, pending: 51954, pool: 200
I  665.04] recalculating facets...
I  667.11] Elapsed: 11:07, vertices: 3490, facets final: 1075, pending: 51653, pool: 200
I  672.22] Elapsed: 11:12, vertices: 3517, facets final: 1092, pending: 51368, pool: 200
I  676.58] recalculating facets...
I  677.24] Elapsed: 11:17, vertices: 3543, facets final: 1108, pending: 51005, pool: 200
I  682.25] Elapsed: 11:22, vertices: 3569, facets final: 1136, pending: 50779, pool: 200
I  687.25] Elapsed: 11:27, vertices: 3591, facets final: 1153, pending: 50437, pool: 200
I  688.98] recalculating facets...
I  692.27] Elapsed: 11:32, vertices: 3614, facets final: 1169, pending: 50133, pool: 200
I  697.33] Elapsed: 11:37, vertices: 3638, facets final: 1186, pending: 49784, pool: 200
I  701.79] recalculating facets...
I  702.33] Elapsed: 11:42, vertices: 3662, facets final: 1203, pending: 49619, pool: 200
I  707.33] Elapsed: 11:47, vertices: 3686, facets final: 1218, pending: 49782, pool: 199
I  712.40] Elapsed: 11:52, vertices: 3710, facets final: 1249, pending: 49650, pool: 200
I  714.16] recalculating facets...
I  717.42] Elapsed: 11:57, vertices: 3735, facets final: 1280, pending: 49613, pool: 200
I  722.43] Elapsed: 12:02, vertices: 3762, facets final: 1303, pending: 49412, pool: 200
I  726.00] recalculating facets...
I  727.50] Elapsed: 12:08, vertices: 3787, facets final: 1331, pending: 49090, pool: 200
I  732.52] Elapsed: 12:13, vertices: 3814, facets final: 1354, pending: 48904, pool: 200
I  737.56] Elapsed: 12:18, vertices: 3838, facets final: 1382, pending: 48802, pool: 200
I  738.18] recalculating facets...
I  742.57] Elapsed: 12:23, vertices: 3861, facets final: 1405, pending: 48659, pool: 200
I  747.69] Elapsed: 12:28, vertices: 3887, facets final: 1423, pending: 48534, pool: 200
I  750.41] recalculating facets...
I  752.71] Elapsed: 12:33, vertices: 3910, facets final: 1443, pending: 48240, pool: 200
I  757.80] Elapsed: 12:38, vertices: 3935, facets final: 1471, pending: 48287, pool: 200
I  762.87] Elapsed: 12:43, vertices: 3958, facets final: 1496, pending: 48134, pool: 200
I  763.31] recalculating facets...
I  767.97] Elapsed: 12:48, vertices: 3982, facets final: 1531, pending: 47982, pool: 200
I  773.01] Elapsed: 12:53, vertices: 4009, facets final: 1570, pending: 47710, pool: 200
I  775.02] recalculating facets...
I  778.12] Elapsed: 12:58, vertices: 4038, facets final: 1593, pending: 47381, pool: 200
I  783.18] Elapsed: 13:03, vertices: 4064, facets final: 1619, pending: 47060, pool: 200
I  786.32] recalculating facets...
I  788.20] Elapsed: 13:08, vertices: 4090, facets final: 1639, pending: 46692, pool: 200
I  793.24] Elapsed: 13:13, vertices: 4115, facets final: 1655, pending: 46410, pool: 200
I  798.28] Elapsed: 13:18, vertices: 4140, facets final: 1688, pending: 45907, pool: 200
I  798.28] recalculating facets...
I  803.36] Elapsed: 13:23, vertices: 4166, facets final: 1706, pending: 45738, pool: 200
I  808.43] Elapsed: 13:28, vertices: 4192, facets final: 1730, pending: 45378, pool: 199
I  810.21] recalculating facets...
I  813.53] Elapsed: 13:34, vertices: 4216, facets final: 1768, pending: 44988, pool: 200
I  818.58] Elapsed: 13:39, vertices: 4242, facets final: 1796, pending: 44819, pool: 200
I  821.99] recalculating facets...
I  823.58] Elapsed: 13:44, vertices: 4268, facets final: 1823, pending: 44547, pool: 200
I  828.60] Elapsed: 13:49, vertices: 4290, facets final: 1850, pending: 44269, pool: 200
I  833.62] Elapsed: 13:54, vertices: 4312, facets final: 1868, pending: 44259, pool: 200
I  835.20] recalculating facets...
recalculate_facet: numerical instability at facet 60472, coord 5 (1.31214e-06)
I  838.72] Elapsed: 13:59, vertices: 4336, facets final: 1896, pending: 43955, pool: 200
I  843.76] Elapsed: 14:04, vertices: 4361, facets final: 1924, pending: 43775, pool: 200
I  848.30] recalculating facets...
I  848.78] Elapsed: 14:09, vertices: 4382, facets final: 1954, pending: 43713, pool: 200
I  853.80] Elapsed: 14:14, vertices: 4414, facets final: 1982, pending: 43396, pool: 200
I  858.05] recalculating facets...
I  858.89] Elapsed: 14:19, vertices: 4445, facets final: 2017, pending: 43257, pool: 200
I  863.91] Elapsed: 14:24, vertices: 4475, facets final: 2063, pending: 43093, pool: 200
I  867.83] recalculating facets...
I  868.95] Elapsed: 14:29, vertices: 4505, facets final: 2095, pending: 42861, pool: 200
I  873.97] Elapsed: 14:34, vertices: 4536, facets final: 2124, pending: 42714, pool: 200
I  878.05] recalculating facets...
I  878.98] Elapsed: 14:39, vertices: 4564, facets final: 2155, pending: 42435, pool: 200
I  883.98] Elapsed: 14:44, vertices: 4590, facets final: 2215, pending: 42264, pool: 200
I  888.98] Elapsed: 14:49, vertices: 4617, facets final: 2255, pending: 41936, pool: 199
I  889.53] recalculating facets...
I  893.98] Elapsed: 14:54, vertices: 4644, facets final: 2293, pending: 41787, pool: 200
I  899.01] Elapsed: 14:59, vertices: 4671, facets final: 2336, pending: 41465, pool: 199
I  900.79] recalculating facets...
I  904.09] Elapsed: 15:04, vertices: 4697, facets final: 2375, pending: 41217, pool: 200
I  909.09] Elapsed: 15:09, vertices: 4723, facets final: 2412, pending: 41219, pool: 199
I  912.14] recalculating facets...
I  914.10] Elapsed: 15:14, vertices: 4750, facets final: 2449, pending: 41103, pool: 200
I  919.22] Elapsed: 15:19, vertices: 4776, facets final: 2494, pending: 40964, pool: 200
I  923.80] recalculating facets...
I  924.30] Elapsed: 15:24, vertices: 4802, facets final: 2533, pending: 40730, pool: 199
I  929.37] Elapsed: 15:29, vertices: 4828, facets final: 2567, pending: 40726, pool: 200
I  934.47] Elapsed: 15:34, vertices: 4855, facets final: 2594, pending: 40682, pool: 200
I  935.38] recalculating facets...
I  939.49] Elapsed: 15:39, vertices: 4881, facets final: 2634, pending: 40637, pool: 200
I  944.49] Elapsed: 15:44, vertices: 4905, facets final: 2674, pending: 40485, pool: 200
I  947.89] recalculating facets...
I  949.50] Elapsed: 15:50, vertices: 4929, facets final: 2705, pending: 40279, pool: 200
I  954.60] Elapsed: 15:55, vertices: 4954, facets final: 2755, pending: 40023, pool: 200
I  959.70] Elapsed: 16:00, vertices: 4978, facets final: 2797, pending: 39698, pool: 200
I  960.09] recalculating facets...
I  964.72] Elapsed: 16:05, vertices: 5003, facets final: 2834, pending: 39466, pool: 200
I  969.76] Elapsed: 16:10, vertices: 5027, facets final: 2878, pending: 39386, pool: 199
I  972.42] recalculating facets...
I  974.85] Elapsed: 16:15, vertices: 5052, facets final: 2913, pending: 39270, pool: 200
I  979.93] Elapsed: 16:20, vertices: 5077, facets final: 2952, pending: 39220, pool: 200
I  984.36] recalculating facets...
I  984.95] Elapsed: 16:25, vertices: 5103, facets final: 2991, pending: 39024, pool: 200
I  989.97] Elapsed: 16:30, vertices: 5138, facets final: 3037, pending: 38834, pool: 200
I  993.60] recalculating facets...
I  994.99] Elapsed: 16:35, vertices: 5169, facets final: 3087, pending: 38478, pool: 200
I 1000.03] Elapsed: 16:40, vertices: 5198, facets final: 3147, pending: 38378, pool: 200
I 1003.97] recalculating facets...
I 1005.04] Elapsed: 16:45, vertices: 5227, facets final: 3220, pending: 38199, pool: 200
I 1010.10] Elapsed: 16:50, vertices: 5258, facets final: 3270, pending: 38063, pool: 200
I 1013.97] recalculating facets...
I 1015.10] Elapsed: 16:55, vertices: 5288, facets final: 3330, pending: 37973, pool: 200
I 1020.12] Elapsed: 17:00, vertices: 5319, facets final: 3375, pending: 37827, pool: 200
I 1023.47] recalculating facets...
I 1025.15] Elapsed: 17:05, vertices: 5350, facets final: 3417, pending: 37860, pool: 200
I 1030.23] Elapsed: 17:10, vertices: 5375, facets final: 3495, pending: 37752, pool: 200
I 1034.79] recalculating facets...
I 1035.24] Elapsed: 17:15, vertices: 5402, facets final: 3555, pending: 37664, pool: 200
I 1040.30] Elapsed: 17:20, vertices: 5431, facets final: 3611, pending: 37489, pool: 200
I 1045.39] Elapsed: 17:25, vertices: 5459, facets final: 3677, pending: 37393, pool: 200
I 1045.59] recalculating facets...
I 1050.45] Elapsed: 17:30, vertices: 5484, facets final: 3767, pending: 37145, pool: 200
I 1055.45] Elapsed: 17:35, vertices: 5512, facets final: 3819, pending: 36992, pool: 200
I 1056.69] recalculating facets...
I 1060.45] Elapsed: 17:40, vertices: 5541, facets final: 3871, pending: 36730, pool: 199
I 1065.45] Elapsed: 17:45, vertices: 5563, facets final: 3957, pending: 36456, pool: 200
I 1069.01] recalculating facets...
I 1070.47] Elapsed: 17:50, vertices: 5587, facets final: 4026, pending: 36295, pool: 200
I 1075.58] Elapsed: 17:56, vertices: 5614, facets final: 4075, pending: 36048, pool: 200
I 1080.15] recalculating facets...
I 1080.58] Elapsed: 18:01, vertices: 5642, facets final: 4136, pending: 35882, pool: 200
I 1085.65] Elapsed: 18:06, vertices: 5670, facets final: 4184, pending: 35693, pool: 200
I 1090.73] Elapsed: 18:11, vertices: 5695, facets final: 4264, pending: 35512, pool: 200
I 1091.80] recalculating facets...
I 1095.73] Elapsed: 18:16, vertices: 5719, facets final: 4344, pending: 35305, pool: 200
I 1100.73] Elapsed: 18:21, vertices: 5742, facets final: 4433, pending: 35151, pool: 200
I 1104.85] recalculating facets...
I 1105.75] Elapsed: 18:26, vertices: 5765, facets final: 4512, pending: 34953, pool: 200
I 1110.75] Elapsed: 18:31, vertices: 5791, facets final: 4583, pending: 34723, pool: 200
I 1115.83] Elapsed: 18:36, vertices: 5818, facets final: 4645, pending: 34560, pool: 200
I 1116.16] recalculating facets...
I 1120.83] Elapsed: 18:41, vertices: 5845, facets final: 4701, pending: 34406, pool: 200
I 1125.84] Elapsed: 18:46, vertices: 5870, facets final: 4778, pending: 34211, pool: 200
I 1128.09] recalculating facets...
I 1130.93] Elapsed: 18:51, vertices: 5895, facets final: 4845, pending: 34033, pool: 200
I 1135.99] Elapsed: 18:56, vertices: 5920, facets final: 4925, pending: 33832, pool: 200
I 1140.21] recalculating facets...
I 1141.02] Elapsed: 19:01, vertices: 5943, facets final: 5008, pending: 33688, pool: 200
I 1146.06] Elapsed: 19:06, vertices: 5967, facets final: 5087, pending: 33514, pool: 200
I 1151.11] Elapsed: 19:11, vertices: 5991, facets final: 5161, pending: 33364, pool: 200
I 1153.08] recalculating facets...
I 1156.21] Elapsed: 19:16, vertices: 6013, facets final: 5254, pending: 33194, pool: 200
I 1161.29] Elapsed: 19:21, vertices: 6037, facets final: 5338, pending: 32915, pool: 200
I 1166.39] Elapsed: 19:26, vertices: 6058, facets final: 5449, pending: 32788, pool: 200
I 1167.08] recalculating facets...
I 1171.45] Elapsed: 19:31, vertices: 6082, facets final: 5531, pending: 32547, pool: 199
I 1176.47] Elapsed: 19:36, vertices: 6105, facets final: 5627, pending: 32417, pool: 199
I 1179.89] recalculating facets...
I 1181.51] Elapsed: 19:42, vertices: 6127, facets final: 5713, pending: 32293, pool: 199
I 1186.63] Elapsed: 19:47, vertices: 6151, facets final: 5801, pending: 32211, pool: 200
I 1191.63] Elapsed: 19:52, vertices: 6176, facets final: 5876, pending: 32059, pool: 200
I 1192.71] recalculating facets...
I 1196.68] Elapsed: 19:57, vertices: 6199, facets final: 5957, pending: 31917, pool: 200
I 1201.75] Elapsed: 20:02, vertices: 6219, facets final: 6075, pending: 31702, pool: 200
I 1206.86] Elapsed: 20:07, vertices: 6239, facets final: 6183, pending: 31486, pool: 200
I 1207.01] recalculating facets...
I 1211.96] Elapsed: 20:12, vertices: 6260, facets final: 6290, pending: 31358, pool: 200
I 1217.02] Elapsed: 20:17, vertices: 6283, facets final: 6374, pending: 31236, pool: 199
I 1221.61] recalculating facets...
I 1222.03] Elapsed: 20:22, vertices: 6303, facets final: 6478, pending: 30992, pool: 200
I 1227.07] Elapsed: 20:27, vertices: 6321, facets final: 6600, pending: 30803, pool: 200
I 1232.08] Elapsed: 20:32, vertices: 6342, facets final: 6702, pending: 30566, pool: 198
I 1236.25] recalculating facets...
I 1237.09] Elapsed: 20:37, vertices: 6364, facets final: 6791, pending: 30373, pool: 199
I 1242.15] Elapsed: 20:42, vertices: 6384, facets final: 6884, pending: 30196, pool: 199
I 1247.15] Elapsed: 20:47, vertices: 6402, facets final: 7009, pending: 30020, pool: 199
I 1252.01] recalculating facets...
I 1252.27] Elapsed: 20:52, vertices: 6421, facets final: 7120, pending: 29913, pool: 200
I 1257.37] Elapsed: 20:57, vertices: 6441, facets final: 7227, pending: 29714, pool: 200
I 1262.37] Elapsed: 21:02, vertices: 6464, facets final: 7315, pending: 29551, pool: 200
I 1266.41] recalculating facets...
I 1267.46] Elapsed: 21:07, vertices: 6483, facets final: 7410, pending: 29392, pool: 200
I 1272.48] Elapsed: 21:12, vertices: 6501, facets final: 7540, pending: 29212, pool: 199
I 1277.49] Elapsed: 21:17, vertices: 6522, facets final: 7644, pending: 28996, pool: 200
I 1281.51] recalculating facets...
I 1282.56] Elapsed: 21:23, vertices: 6545, facets final: 7728, pending: 28801, pool: 199
I 1287.56] Elapsed: 21:28, vertices: 6563, facets final: 7853, pending: 28626, pool: 199
I 1292.57] Elapsed: 21:33, vertices: 6577, facets final: 8011, pending: 28420, pool: 200
I 1297.57] Elapsed: 21:38, vertices: 6592, facets final: 8152, pending: 28231, pool: 200
I 1300.28] recalculating facets...
I 1302.57] Elapsed: 21:43, vertices: 6607, facets final: 8298, pending: 28019, pool: 198
I 1307.57] Elapsed: 21:48, vertices: 6622, facets final: 8442, pending: 27799, pool: 200
I 1312.58] Elapsed: 21:53, vertices: 6637, facets final: 8578, pending: 27603, pool: 200
I 1317.58] Elapsed: 21:58, vertices: 6655, facets final: 8691, pending: 27481, pool: 200
I 1319.17] recalculating facets...
I 1322.60] Elapsed: 22:03, vertices: 6671, facets final: 8830, pending: 27334, pool: 199
I 1327.60] Elapsed: 22:08, vertices: 6690, facets final: 8951, pending: 27118, pool: 200
I 1332.61] Elapsed: 22:13, vertices: 6707, facets final: 9076, pending: 26923, pool: 200
I 1335.68] recalculating facets...
I 1337.70] Elapsed: 22:18, vertices: 6727, facets final: 9185, pending: 26714, pool: 199
I 1342.78] Elapsed: 22:23, vertices: 6746, facets final: 9317, pending: 26518, pool: 199
I 1347.78] Elapsed: 22:28, vertices: 6763, facets final: 9447, pending: 26330, pool: 199
I 1352.78] Elapsed: 22:33, vertices: 6780, facets final: 9577, pending: 26142, pool: 199
I 1353.10] recalculating facets...
I 1357.86] Elapsed: 22:38, vertices: 6794, facets final: 9724, pending: 25939, pool: 199
I 1362.99] Elapsed: 22:43, vertices: 6808, facets final: 9889, pending: 25723, pool: 200
I 1367.99] Elapsed: 22:48, vertices: 6824, facets final: 10036, pending: 25527, pool: 199
I 1372.87] recalculating facets...
I 1372.99] Elapsed: 22:53, vertices: 6841, facets final: 10167, pending: 25363, pool: 199
I 1378.06] Elapsed: 22:58, vertices: 6855, facets final: 10320, pending: 25152, pool: 199
I 1383.17] Elapsed: 23:03, vertices: 6873, facets final: 10457, pending: 24968, pool: 200
I 1388.18] Elapsed: 23:08, vertices: 6891, facets final: 10599, pending: 24746, pool: 199
I 1392.26] recalculating facets...
I 1393.20] Elapsed: 23:13, vertices: 6903, facets final: 10772, pending: 24522, pool: 200
I 1398.21] Elapsed: 23:18, vertices: 6919, facets final: 10919, pending: 24337, pool: 198
I 1403.25] Elapsed: 23:23, vertices: 6934, facets final: 11072, pending: 24150, pool: 198
I 1408.25] Elapsed: 23:28, vertices: 6949, facets final: 11238, pending: 23947, pool: 199
I 1412.42] recalculating facets...
I 1413.27] Elapsed: 23:33, vertices: 6962, facets final: 11418, pending: 23761, pool: 198
I 1418.32] Elapsed: 23:38, vertices: 6975, facets final: 11579, pending: 23561, pool: 198
I 1423.32] Elapsed: 23:43, vertices: 6987, facets final: 11758, pending: 23338, pool: 199
I 1428.32] Elapsed: 23:48, vertices: 6999, facets final: 11910, pending: 23171, pool: 200
I 1433.41] Elapsed: 23:53, vertices: 7010, facets final: 12103, pending: 22945, pool: 198
I 1436.96] recalculating facets...
I 1438.43] Elapsed: 23:58, vertices: 7023, facets final: 12263, pending: 22716, pool: 198
I 1443.43] Elapsed: 24:03, vertices: 7037, facets final: 12430, pending: 22509, pool: 198
I 1448.45] Elapsed: 24:08, vertices: 7050, facets final: 12602, pending: 22284, pool: 197
I 1453.45] Elapsed: 24:13, vertices: 7058, facets final: 12806, pending: 22054, pool: 197
I 1458.49] Elapsed: 24:18, vertices: 7067, facets final: 12988, pending: 21828, pool: 198
I 1462.78] recalculating facets...
I 1463.49] Elapsed: 24:23, vertices: 7083, facets final: 13136, pending: 21625, pool: 199
I 1468.49] Elapsed: 24:28, vertices: 7098, facets final: 13305, pending: 21431, pool: 198
I 1473.50] Elapsed: 24:34, vertices: 7109, facets final: 13497, pending: 21197, pool: 199
I 1478.50] Elapsed: 24:39, vertices: 7118, facets final: 13693, pending: 21006, pool: 198
I 1483.52] Elapsed: 24:44, vertices: 7129, facets final: 13877, pending: 20787, pool: 195
I 1488.52] Elapsed: 24:49, vertices: 7138, facets final: 14089, pending: 20554, pool: 197
I 1489.77] recalculating facets...
I 1493.52] Elapsed: 24:54, vertices: 7147, facets final: 14288, pending: 20336, pool: 198
I 1498.52] Elapsed: 24:59, vertices: 7157, facets final: 14468, pending: 20163, pool: 199
I 1503.52] Elapsed: 25:04, vertices: 7172, facets final: 14637, pending: 19961, pool: 199
I 1508.54] Elapsed: 25:09, vertices: 7183, facets final: 14807, pending: 19760, pool: 198
I 1513.60] Elapsed: 25:14, vertices: 7194, facets final: 14980, pending: 19552, pool: 198
I 1516.31] recalculating facets...
I 1518.60] Elapsed: 25:19, vertices: 7203, facets final: 15192, pending: 19343, pool: 195
I 1523.60] Elapsed: 25:24, vertices: 7214, facets final: 15380, pending: 19125, pool: 198
I 1528.61] Elapsed: 25:29, vertices: 7223, facets final: 15570, pending: 18917, pool: 197
I 1533.62] Elapsed: 25:34, vertices: 7231, facets final: 15775, pending: 18695, pool: 193
I 1538.62] Elapsed: 25:39, vertices: 7238, facets final: 15978, pending: 18462, pool: 197
I 1543.62] Elapsed: 25:44, vertices: 7249, facets final: 16153, pending: 18264, pool: 195
I 1548.63] Elapsed: 25:49, vertices: 7258, facets final: 16347, pending: 18052, pool: 196
I 1549.66] recalculating facets...
I 1553.64] Elapsed: 25:54, vertices: 7267, facets final: 16533, pending: 17843, pool: 195
I 1558.65] Elapsed: 25:59, vertices: 7273, facets final: 16753, pending: 17619, pool: 194
I 1563.65] Elapsed: 26:04, vertices: 7277, facets final: 16994, pending: 17384, pool: 200
I 1568.65] Elapsed: 26:09, vertices: 7288, facets final: 17185, pending: 17165, pool: 200
I 1573.66] Elapsed: 26:14, vertices: 7304, facets final: 17399, pending: 16915, pool: 199
I 1578.67] Elapsed: 26:19, vertices: 7316, facets final: 17607, pending: 16680, pool: 198
I 1580.64] recalculating facets...
I 1583.67] Elapsed: 26:24, vertices: 7325, facets final: 17823, pending: 16459, pool: 199
I 1588.68] Elapsed: 26:29, vertices: 7335, facets final: 18028, pending: 16257, pool: 198
I 1593.68] Elapsed: 26:34, vertices: 7343, facets final: 18243, pending: 16013, pool: 200
I 1598.68] Elapsed: 26:39, vertices: 7353, facets final: 18464, pending: 15778, pool: 200
I 1603.75] Elapsed: 26:44, vertices: 7361, facets final: 18685, pending: 15547, pool: 199
I 1608.75] Elapsed: 26:49, vertices: 7369, facets final: 18906, pending: 15316, pool: 199
I 1613.75] Elapsed: 26:54, vertices: 7378, facets final: 19132, pending: 15074, pool: 199
I 1615.15] recalculating facets...
I 1618.75] Elapsed: 26:59, vertices: 7392, facets final: 19318, pending: 14863, pool: 198
I 1623.77] Elapsed: 27:04, vertices: 7398, facets final: 19551, pending: 14630, pool: 199
I 1628.78] Elapsed: 27:09, vertices: 7405, facets final: 19775, pending: 14397, pool: 198
I 1633.78] Elapsed: 27:14, vertices: 7409, facets final: 20025, pending: 14138, pool: 199
I 1638.78] Elapsed: 27:19, vertices: 7418, facets final: 20246, pending: 13944, pool: 197
I 1643.79] Elapsed: 27:24, vertices: 7430, facets final: 20458, pending: 13698, pool: 199
I 1648.79] Elapsed: 27:29, vertices: 7437, facets final: 20672, pending: 13468, pool: 200
I 1649.67] recalculating facets...
I 1653.79] Elapsed: 27:34, vertices: 7446, facets final: 20878, pending: 13240, pool: 198
I 1658.80] Elapsed: 27:39, vertices: 7455, facets final: 21090, pending: 13000, pool: 198
I 1663.81] Elapsed: 27:44, vertices: 7462, facets final: 21327, pending: 12765, pool: 199
I 1668.81] Elapsed: 27:49, vertices: 7468, facets final: 21561, pending: 12520, pool: 199
I 1673.83] Elapsed: 27:54, vertices: 7474, facets final: 21792, pending: 12278, pool: 198
I 1678.83] Elapsed: 27:59, vertices: 7483, facets final: 22013, pending: 12021, pool: 199
I 1683.83] Elapsed: 28:04, vertices: 7490, facets final: 22236, pending: 11779, pool: 197
I 1688.83] Elapsed: 28:09, vertices: 7497, facets final: 22487, pending: 11512, pool: 198
I 1691.57] recalculating facets...
I 1693.83] Elapsed: 28:14, vertices: 7505, facets final: 22720, pending: 11262, pool: 196
I 1698.83] Elapsed: 28:19, vertices: 7510, facets final: 22961, pending: 11010, pool: 196
I 1703.84] Elapsed: 28:24, vertices: 7517, facets final: 23189, pending: 10766, pool: 197
I 1708.84] Elapsed: 28:29, vertices: 7524, facets final: 23431, pending: 10499, pool: 194
I 1713.84] Elapsed: 28:34, vertices: 7528, facets final: 23670, pending: 10252, pool: 192
I 1718.85] Elapsed: 28:39, vertices: 7531, facets final: 23925, pending: 9980, pool: 197
I 1723.85] Elapsed: 28:44, vertices: 7537, facets final: 24162, pending: 9744, pool: 195
I 1728.86] Elapsed: 28:49, vertices: 7541, facets final: 24402, pending: 9493, pool: 192
I 1733.88] Elapsed: 28:54, vertices: 7546, facets final: 24658, pending: 9224, pool: 191
I 1738.88] Elapsed: 28:59, vertices: 7550, facets final: 24893, pending: 8978, pool: 193
I 1743.88] Elapsed: 29:04, vertices: 7554, facets final: 25129, pending: 8731, pool: 191
I 1748.89] Elapsed: 29:09, vertices: 7558, facets final: 25364, pending: 8475, pool: 194
I 1752.23] recalculating facets...
I 1753.91] Elapsed: 29:14, vertices: 7562, facets final: 25614, pending: 8214, pool: 195
I 1758.91] Elapsed: 29:19, vertices: 7566, facets final: 25871, pending: 7949, pool: 195
I 1763.91] Elapsed: 29:24, vertices: 7570, facets final: 26108, pending: 7704, pool: 193
I 1768.92] Elapsed: 29:29, vertices: 7577, facets final: 26330, pending: 7469, pool: 191
I 1773.92] Elapsed: 29:34, vertices: 7580, facets final: 26575, pending: 7213, pool: 194
I 1778.96] Elapsed: 29:39, vertices: 7585, facets final: 26809, pending: 6976, pool: 195
I 1783.98] Elapsed: 29:44, vertices: 7591, facets final: 27070, pending: 6706, pool: 191
I 1788.99] Elapsed: 29:49, vertices: 7597, facets final: 27313, pending: 6455, pool: 187
I 1793.99] Elapsed: 29:54, vertices: 7600, facets final: 27550, pending: 6214, pool: 185
I 1799.00] Elapsed: 29:59, vertices: 7605, facets final: 27794, pending: 5963, pool: 185
I 1804.00] Elapsed: 30:04, vertices: 7611, facets final: 28026, pending: 5723, pool: 183
I 1809.01] Elapsed: 30:09, vertices: 7615, facets final: 28271, pending: 5469, pool: 182
I 1814.02] Elapsed: 30:14, vertices: 7619, facets final: 28528, pending: 5202, pool: 183
I 1814.83] recalculating facets...
I 1819.03] Elapsed: 30:19, vertices: 7625, facets final: 28755, pending: 4974, pool: 179
I 1824.03] Elapsed: 30:24, vertices: 7629, facets final: 29006, pending: 4716, pool: 176
I 1829.09] Elapsed: 30:29, vertices: 7635, facets final: 29256, pending: 4459, pool: 170
I 1834.10] Elapsed: 30:34, vertices: 7642, facets final: 29488, pending: 4230, pool: 168
I 1839.10] Elapsed: 30:39, vertices: 7646, facets final: 29727, pending: 3983, pool: 169
I 1844.12] Elapsed: 30:44, vertices: 7650, facets final: 29973, pending: 3735, pool: 173
I 1849.12] Elapsed: 30:49, vertices: 7657, facets final: 30222, pending: 3475, pool: 167
I 1854.13] Elapsed: 30:54, vertices: 7663, facets final: 30456, pending: 3231, pool: 164
I 1859.14] Elapsed: 30:59, vertices: 7668, facets final: 30710, pending: 2967, pool: 160
I 1864.16] Elapsed: 31:04, vertices: 7670, facets final: 30970, pending: 2703, pool: 163
I 1869.16] Elapsed: 31:09, vertices: 7675, facets final: 31207, pending: 2456, pool: 160
I 1874.16] Elapsed: 31:14, vertices: 7679, facets final: 31469, pending: 2186, pool: 156
I 1876.61] recalculating facets...
I 1879.16] Elapsed: 31:19, vertices: 7682, facets final: 31710, pending: 1942, pool: 154
I 1884.17] Elapsed: 31:24, vertices: 7687, facets final: 31986, pending: 1662, pool: 152
I 1889.18] Elapsed: 31:29, vertices: 7691, facets final: 32233, pending: 1407, pool: 151
I 1894.18] Elapsed: 31:34, vertices: 7699, facets final: 32469, pending: 1158, pool: 149
I 1899.20] Elapsed: 31:39, vertices: 7710, facets final: 32713, pending: 897, pool: 140
I 1904.20] Elapsed: 31:44, vertices: 7722, facets final: 32944, pending: 665, pool: 130
I 1908.08] recalculating facets...
I 1909.22] Elapsed: 31:49, vertices: 7747, facets final: 33152, pending: 433, pool: 111
I 1914.23] Elapsed: 31:54, vertices: 7794, facets final: 33318, pending: 214, pool: 83
I 1914.76] recalculating facets...
I 1917.96] recalculating facets...
I 1919.24] Elapsed: 31:59, vertices: 7896, facets final: 33428, pending: 17, pool: 4
I 1919.53] Elapsed: 32:00, vertices: 7903, facets final: 33439, pending: 0

--------------------------------
Problem completed
 name                    65.vlp
 output                  vlp/65.res
 rows, cols, objs        173, 4582, 10
 vertices, facets        7903, 33439
 total time              32:00
--------------------------------
Statistics
LP:
 oracle calls            42172
   avg iterations/calls  138.88
 total oracle time       13:14
Combinatorics:
 vertices added          7903
 facets probed           70710
 facets # max            62560
 memory allocated        155.72M
 instability warnings    18
 storage expansion
   vertices # / upto     62 / 7932
   facets   # / upto     16 / 65532
 facet manipulating
   added avg / max       86.63 / 1.44k
   compressed            336
 number of ridge tests
   avg / max             3.65M / 48.57M
--------------------------------
Parameters with non-default values
 VertexPoolSize = 200
 RecalculateFacets = 60
 PolytopeEps = 1e-08
 ScaleEps = 5e-08
 RoundEps = 5e-08
