C copy string: rs=cd:ab;t=(cr):ab;u=(dr):abt;ar,br,cr,d;ar,br,c,dr; ineq: base30
I    2.59] recalculating facets...
I    5.14] Elapsed: 5.14, vertices: 48, facets final: 5, pending: 2357, pool: 95
I    6.89] recalculating facets...
I    9.92] recalculating facets...
I   10.38] Elapsed: 10.38, vertices: 93, facets final: 8, pending: 5578, pool: 180
I   12.85] recalculating facets...
I   15.13] recalculating facets...
I   15.38] Elapsed: 15.38, vertices: 153, facets final: 14, pending: 9695, pool: 198
I   17.60] recalculating facets...
I   20.07] recalculating facets...
I   20.38] Elapsed: 20.38, vertices: 214, facets final: 19, pending: 13019, pool: 200
I   22.86] recalculating facets...
I   25.43] Elapsed: 25.43, vertices: 264, facets final: 23, pending: 16998, pool: 200
I   26.17] recalculating facets...
I   29.53] recalculating facets...
I   30.44] Elapsed: 30.44, vertices: 307, facets final: 26, pending: 19538, pool: 200
I   33.37] recalculating facets...
I   35.47] Elapsed: 35.47, vertices: 346, facets final: 31, pending: 21813, pool: 200
I   37.43] recalculating facets...
I   40.52] Elapsed: 40.52, vertices: 381, facets final: 35, pending: 23106, pool: 200
I   41.74] recalculating facets...
I   45.52] Elapsed: 45.52, vertices: 416, facets final: 43, pending: 23762, pool: 199
I   46.16] recalculating facets...
I   50.40] recalculating facets...
I   50.53] Elapsed: 50.53, vertices: 451, facets final: 44, pending: 25550, pool: 200
I   55.44] recalculating facets...
I   55.59] Elapsed: 55.59, vertices: 481, facets final: 48, pending: 26429, pool: 200
I   60.05] recalculating facets...
I   60.67] Elapsed: 1:01, vertices: 514, facets final: 54, pending: 27291, pool: 200
I   65.18] recalculating facets...
I   65.74] Elapsed: 1:06, vertices: 543, facets final: 57, pending: 28098, pool: 200
I   70.38] recalculating facets...
I   70.77] Elapsed: 1:11, vertices: 572, facets final: 65, pending: 29487, pool: 200
I   75.77] Elapsed: 1:16, vertices: 599, facets final: 66, pending: 30695, pool: 200
I   76.01] recalculating facets...
I   80.78] Elapsed: 1:21, vertices: 625, facets final: 73, pending: 31748, pool: 200
I   81.62] recalculating facets...
I   85.82] Elapsed: 1:26, vertices: 653, facets final: 77, pending: 32324, pool: 200
I   87.35] recalculating facets...
I   90.87] Elapsed: 1:31, vertices: 674, facets final: 80, pending: 33060, pool: 200
I   94.01] recalculating facets...
I   95.96] Elapsed: 1:36, vertices: 700, facets final: 90, pending: 33842, pool: 200
I  100.60] recalculating facets...
I  100.99] Elapsed: 1:41, vertices: 722, facets final: 98, pending: 34932, pool: 200
I  106.03] Elapsed: 1:46, vertices: 745, facets final: 103, pending: 35513, pool: 199
I  107.22] recalculating facets...
I  111.08] Elapsed: 1:51, vertices: 770, facets final: 104, pending: 35596, pool: 200
I  113.39] recalculating facets...
I  116.14] Elapsed: 1:56, vertices: 795, facets final: 107, pending: 35988, pool: 200
I  119.22] recalculating facets...
I  121.16] Elapsed: 2:01, vertices: 819, facets final: 110, pending: 36535, pool: 200
I  125.09] recalculating facets...
I  126.39] Elapsed: 2:06, vertices: 845, facets final: 117, pending: 37433, pool: 200
I  131.39] Elapsed: 2:11, vertices: 866, facets final: 121, pending: 38309, pool: 200
I  132.63] recalculating facets...
I  136.39] Elapsed: 2:16, vertices: 888, facets final: 127, pending: 38365, pool: 200
I  139.70] recalculating facets...
I  141.44] Elapsed: 2:21, vertices: 908, facets final: 131, pending: 38918, pool: 200
I  146.52] Elapsed: 2:27, vertices: 928, facets final: 134, pending: 39238, pool: 200
I  146.98] recalculating facets...
I  151.57] Elapsed: 2:32, vertices: 948, facets final: 136, pending: 39365, pool: 200
I  154.12] recalculating facets...
I  156.75] Elapsed: 2:37, vertices: 970, facets final: 141, pending: 39499, pool: 200
I  161.89] Elapsed: 2:42, vertices: 989, facets final: 150, pending: 40258, pool: 200
I  162.19] recalculating facets...
I  166.98] Elapsed: 2:47, vertices: 1008, facets final: 156, pending: 40816, pool: 200
I  170.79] recalculating facets...
I  172.01] Elapsed: 2:52, vertices: 1024, facets final: 162, pending: 41048, pool: 200
I  177.01] Elapsed: 2:57, vertices: 1040, facets final: 166, pending: 41281, pool: 200
I  180.16] recalculating facets...
I  182.08] Elapsed: 3:02, vertices: 1057, facets final: 168, pending: 41827, pool: 200
I  187.26] Elapsed: 3:07, vertices: 1075, facets final: 170, pending: 41743, pool: 200
I  189.49] recalculating facets...
I  192.35] Elapsed: 3:12, vertices: 1091, facets final: 173, pending: 41846, pool: 200
I  197.38] Elapsed: 3:17, vertices: 1108, facets final: 175, pending: 41699, pool: 200
I  198.04] recalculating facets...
I  202.43] Elapsed: 3:22, vertices: 1123, facets final: 181, pending: 41490, pool: 200
I  207.05] recalculating facets...
I  207.49] Elapsed: 3:27, vertices: 1142, facets final: 186, pending: 42115, pool: 200
I  212.60] Elapsed: 3:33, vertices: 1162, facets final: 192, pending: 42244, pool: 200
I  214.55] recalculating facets...
I  217.65] Elapsed: 3:38, vertices: 1182, facets final: 196, pending: 41963, pool: 200
I  222.72] Elapsed: 3:43, vertices: 1200, facets final: 202, pending: 42040, pool: 200
I  222.72] recalculating facets...
I  227.72] Elapsed: 3:48, vertices: 1220, facets final: 208, pending: 41944, pool: 200
I  230.02] recalculating facets...
I  232.82] Elapsed: 3:53, vertices: 1240, facets final: 213, pending: 42401, pool: 200
I  237.81] recalculating facets...
I  237.99] Elapsed: 3:58, vertices: 1261, facets final: 215, pending: 43209, pool: 200
I  243.05] Elapsed: 4:03, vertices: 1281, facets final: 221, pending: 43427, pool: 200
I  245.65] recalculating facets...
I  248.17] Elapsed: 4:08, vertices: 1301, facets final: 227, pending: 43409, pool: 200
I  253.19] Elapsed: 4:13, vertices: 1319, facets final: 236, pending: 43557, pool: 200
I  253.40] recalculating facets...
I  258.33] Elapsed: 4:18, vertices: 1340, facets final: 244, pending: 43508, pool: 200
I  261.07] recalculating facets...
I  263.34] Elapsed: 4:23, vertices: 1356, facets final: 247, pending: 43631, pool: 200
I  268.37] Elapsed: 4:28, vertices: 1378, facets final: 250, pending: 43772, pool: 200
I  269.12] recalculating facets...
I  273.38] Elapsed: 4:33, vertices: 1395, facets final: 254, pending: 43962, pool: 200
I  277.52] recalculating facets...
I  278.52] Elapsed: 4:39, vertices: 1414, facets final: 262, pending: 43772, pool: 200
I  283.57] Elapsed: 4:44, vertices: 1433, facets final: 265, pending: 44312, pool: 200
I  285.48] recalculating facets...
I  288.58] Elapsed: 4:49, vertices: 1453, facets final: 267, pending: 44080, pool: 200
I  293.28] recalculating facets...
I  293.66] Elapsed: 4:54, vertices: 1471, facets final: 270, pending: 44024, pool: 200
I  298.66] Elapsed: 4:59, vertices: 1489, facets final: 280, pending: 43688, pool: 200
I  301.91] recalculating facets...
I  303.68] Elapsed: 5:04, vertices: 1507, facets final: 283, pending: 43871, pool: 200
I  308.68] Elapsed: 5:09, vertices: 1525, facets final: 290, pending: 44153, pool: 200
I  309.78] recalculating facets...
I  313.75] Elapsed: 5:14, vertices: 1540, facets final: 293, pending: 43938, pool: 200
I  318.84] Elapsed: 5:19, vertices: 1554, facets final: 297, pending: 43650, pool: 200
I  320.52] recalculating facets...
I  323.91] Elapsed: 5:24, vertices: 1575, facets final: 305, pending: 43626, pool: 200
I  327.99] recalculating facets...
I  328.93] Elapsed: 5:29, vertices: 1593, facets final: 316, pending: 43492, pool: 200
I  334.01] Elapsed: 5:34, vertices: 1613, facets final: 321, pending: 43586, pool: 200
I  335.50] recalculating facets...
I  339.04] Elapsed: 5:39, vertices: 1633, facets final: 336, pending: 43414, pool: 200
I  343.83] recalculating facets...
I  344.10] Elapsed: 5:44, vertices: 1651, facets final: 343, pending: 43072, pool: 200
I  349.16] Elapsed: 5:49, vertices: 1671, facets final: 350, pending: 43141, pool: 200
I  351.71] recalculating facets...
I  354.21] Elapsed: 5:54, vertices: 1688, facets final: 354, pending: 42873, pool: 200
I  359.29] Elapsed: 5:59, vertices: 1707, facets final: 362, pending: 42993, pool: 200
I  360.24] recalculating facets...
I  364.32] Elapsed: 6:04, vertices: 1725, facets final: 365, pending: 42665, pool: 200
I  368.02] recalculating facets...
I  369.46] Elapsed: 6:09, vertices: 1745, facets final: 372, pending: 42420, pool: 200
I  374.72] Elapsed: 6:15, vertices: 1762, facets final: 383, pending: 42187, pool: 200
I  376.89] recalculating facets...
I  379.74] Elapsed: 6:20, vertices: 1780, facets final: 390, pending: 42230, pool: 199
I  384.74] Elapsed: 6:25, vertices: 1799, facets final: 404, pending: 42219, pool: 199
I  385.18] recalculating facets...
I  389.78] Elapsed: 6:30, vertices: 1818, facets final: 413, pending: 42048, pool: 200
I  392.59] recalculating facets...
I  394.80] Elapsed: 6:35, vertices: 1840, facets final: 424, pending: 42196, pool: 200
I  399.69] recalculating facets...
I  399.97] Elapsed: 6:40, vertices: 1861, facets final: 442, pending: 41694, pool: 200
I  405.00] Elapsed: 6:45, vertices: 1880, facets final: 454, pending: 41467, pool: 200
I  407.41] recalculating facets...
I  410.03] Elapsed: 6:50, vertices: 1902, facets final: 462, pending: 41736, pool: 200
I  414.95] recalculating facets...
I  415.16] Elapsed: 6:55, vertices: 1921, facets final: 476, pending: 41701, pool: 200
I  420.20] Elapsed: 7:00, vertices: 1937, facets final: 493, pending: 41668, pool: 200
I  423.68] recalculating facets...
I  425.20] Elapsed: 7:05, vertices: 1957, facets final: 501, pending: 41663, pool: 200
I  430.34] Elapsed: 7:10, vertices: 1978, facets final: 516, pending: 41307, pool: 200
I  431.19] recalculating facets...
I  435.43] Elapsed: 7:15, vertices: 1998, facets final: 531, pending: 41405, pool: 200
I  438.25] recalculating facets...
I  440.44] Elapsed: 7:20, vertices: 2020, facets final: 534, pending: 41301, pool: 200
I  445.53] Elapsed: 7:26, vertices: 2039, facets final: 546, pending: 41114, pool: 200
I  445.82] recalculating facets...
I  450.54] Elapsed: 7:31, vertices: 2057, facets final: 556, pending: 41075, pool: 200
I  453.70] recalculating facets...
I  455.57] Elapsed: 7:36, vertices: 2077, facets final: 564, pending: 40926, pool: 200
I  460.67] Elapsed: 7:41, vertices: 2099, facets final: 578, pending: 40674, pool: 200
I  460.84] recalculating facets...
I  465.70] Elapsed: 7:46, vertices: 2119, facets final: 590, pending: 40849, pool: 200
I  468.41] recalculating facets...
I  470.79] Elapsed: 7:51, vertices: 2140, facets final: 592, pending: 40698, pool: 200
I  475.45] recalculating facets...
I  475.80] Elapsed: 7:56, vertices: 2161, facets final: 603, pending: 40717, pool: 200
I  480.89] Elapsed: 8:01, vertices: 2183, facets final: 622, pending: 40394, pool: 200
I  482.51] recalculating facets...
I  485.89] Elapsed: 8:06, vertices: 2202, facets final: 631, pending: 39963, pool: 200
I  490.15] recalculating facets...
I  490.95] Elapsed: 8:11, vertices: 2224, facets final: 649, pending: 39843, pool: 200
I  496.01] Elapsed: 8:16, vertices: 2244, facets final: 666, pending: 39847, pool: 200
I  497.65] recalculating facets...
I  501.14] Elapsed: 8:21, vertices: 2264, facets final: 688, pending: 39676, pool: 200
I  505.01] recalculating facets...
I  506.25] Elapsed: 8:26, vertices: 2286, facets final: 702, pending: 39441, pool: 200
I  511.43] Elapsed: 8:31, vertices: 2307, facets final: 720, pending: 39500, pool: 200
I  512.12] recalculating facets...
I  516.43] Elapsed: 8:36, vertices: 2329, facets final: 734, pending: 39428, pool: 200
I  519.08] recalculating facets...
I  521.76] Elapsed: 8:42, vertices: 2350, facets final: 753, pending: 39719, pool: 200
I  526.43] recalculating facets...
I  526.77] Elapsed: 8:47, vertices: 2371, facets final: 767, pending: 39846, pool: 200
I  531.83] Elapsed: 8:52, vertices: 2394, facets final: 777, pending: 39854, pool: 200
I  533.54] recalculating facets...
I  536.92] Elapsed: 8:57, vertices: 2413, facets final: 794, pending: 39773, pool: 200
I  540.72] recalculating facets...
I  542.03] Elapsed: 9:02, vertices: 2435, facets final: 805, pending: 39477, pool: 200
I  547.19] Elapsed: 9:07, vertices: 2457, facets final: 831, pending: 39384, pool: 200
I  547.98] recalculating facets...
I  552.21] Elapsed: 9:12, vertices: 2478, facets final: 849, pending: 39334, pool: 200
I  555.21] recalculating facets...
I  557.28] Elapsed: 9:17, vertices: 2498, facets final: 866, pending: 39120, pool: 200
I  562.19] recalculating facets...
I  562.34] Elapsed: 9:22, vertices: 2521, facets final: 883, pending: 38909, pool: 200
I  567.40] Elapsed: 9:27, vertices: 2542, facets final: 899, pending: 38899, pool: 200
I  569.01] recalculating facets...
I  572.47] Elapsed: 9:32, vertices: 2565, facets final: 927, pending: 38639, pool: 199
I  575.99] recalculating facets...
I  577.51] Elapsed: 9:38, vertices: 2585, facets final: 943, pending: 38352, pool: 200
I  582.45] recalculating facets...
I  582.78] Elapsed: 9:43, vertices: 2611, facets final: 951, pending: 38160, pool: 200
I  587.84] Elapsed: 9:48, vertices: 2634, facets final: 976, pending: 38110, pool: 200
I  589.31] recalculating facets...
I  592.86] Elapsed: 9:53, vertices: 2657, facets final: 994, pending: 37966, pool: 200
I  595.87] recalculating facets...
I  597.94] Elapsed: 9:58, vertices: 2679, facets final: 1003, pending: 38001, pool: 200
I  602.31] recalculating facets...
I  603.02] Elapsed: 10:03, vertices: 2704, facets final: 1015, pending: 37869, pool: 200
I  608.02] Elapsed: 10:08, vertices: 2726, facets final: 1032, pending: 37765, pool: 200
I  608.94] recalculating facets...
I  613.16] Elapsed: 10:13, vertices: 2750, facets final: 1051, pending: 37408, pool: 200
I  615.57] recalculating facets...
I  618.23] Elapsed: 10:18, vertices: 2772, facets final: 1071, pending: 37202, pool: 200
I  622.19] recalculating facets...
I  623.27] Elapsed: 10:23, vertices: 2795, facets final: 1098, pending: 37002, pool: 200
I  628.31] Elapsed: 10:28, vertices: 2820, facets final: 1122, pending: 36806, pool: 200
I  628.43] recalculating facets...
I  633.35] Elapsed: 10:33, vertices: 2844, facets final: 1152, pending: 36599, pool: 200
I  634.68] recalculating facets...
I  638.35] Elapsed: 10:38, vertices: 2867, facets final: 1174, pending: 36479, pool: 200
I  641.14] recalculating facets...
I  643.41] Elapsed: 10:43, vertices: 2889, facets final: 1198, pending: 36152, pool: 200
I  647.40] recalculating facets...
I  648.42] Elapsed: 10:48, vertices: 2916, facets final: 1224, pending: 35876, pool: 200
I  652.70] recalculating facets...
I  653.43] Elapsed: 10:53, vertices: 2943, facets final: 1258, pending: 35645, pool: 200
I  658.44] Elapsed: 10:58, vertices: 2969, facets final: 1274, pending: 35384, pool: 200
I  658.62] recalculating facets...
I  663.44] Elapsed: 11:03, vertices: 2991, facets final: 1319, pending: 35367, pool: 200
I  665.40] recalculating facets...
I  668.46] Elapsed: 11:08, vertices: 3013, facets final: 1361, pending: 35227, pool: 200
I  672.18] recalculating facets...
I  673.48] Elapsed: 11:13, vertices: 3034, facets final: 1398, pending: 35286, pool: 200
I  678.51] Elapsed: 11:19, vertices: 3057, facets final: 1434, pending: 34990, pool: 200
I  679.24] recalculating facets...
I  683.51] Elapsed: 11:24, vertices: 3079, facets final: 1467, pending: 34754, pool: 200
I  685.92] recalculating facets...
I  688.52] Elapsed: 11:29, vertices: 3102, facets final: 1509, pending: 34778, pool: 200
I  692.60] recalculating facets...
I  693.52] Elapsed: 11:34, vertices: 3125, facets final: 1539, pending: 34546, pool: 200
I  698.21] recalculating facets...
I  698.53] Elapsed: 11:39, vertices: 3152, facets final: 1563, pending: 34452, pool: 200
I  703.53] Elapsed: 11:44, vertices: 3178, facets final: 1610, pending: 34424, pool: 200
I  704.17] recalculating facets...
I  708.56] Elapsed: 11:49, vertices: 3204, facets final: 1644, pending: 34148, pool: 199
I  709.63] recalculating facets...
I  713.57] Elapsed: 11:54, vertices: 3230, facets final: 1669, pending: 34038, pool: 200
I  715.58] recalculating facets...
I  718.57] Elapsed: 11:59, vertices: 3253, facets final: 1688, pending: 33961, pool: 200
I  722.05] recalculating facets...
I  723.58] Elapsed: 12:04, vertices: 3277, facets final: 1713, pending: 33880, pool: 200
I  728.60] Elapsed: 12:09, vertices: 3298, facets final: 1753, pending: 33762, pool: 200
I  729.14] recalculating facets...
I  733.67] Elapsed: 12:14, vertices: 3320, facets final: 1798, pending: 33599, pool: 200
I  735.78] recalculating facets...
I  738.68] Elapsed: 12:19, vertices: 3345, facets final: 1831, pending: 33408, pool: 200
I  742.15] recalculating facets...
I  743.70] Elapsed: 12:24, vertices: 3367, facets final: 1867, pending: 33245, pool: 200
I  748.77] Elapsed: 12:29, vertices: 3390, facets final: 1912, pending: 33200, pool: 200
I  748.94] recalculating facets...
I  753.79] Elapsed: 12:34, vertices: 3413, facets final: 1945, pending: 32982, pool: 200
I  755.36] recalculating facets...
I  758.86] Elapsed: 12:39, vertices: 3433, facets final: 1981, pending: 32762, pool: 200
I  762.41] recalculating facets...
I  763.87] Elapsed: 12:44, vertices: 3456, facets final: 2014, pending: 32622, pool: 200
I  768.54] recalculating facets...
I  768.88] Elapsed: 12:49, vertices: 3481, facets final: 2047, pending: 32700, pool: 200
I  773.90] Elapsed: 12:54, vertices: 3506, facets final: 2092, pending: 32490, pool: 200
I  774.60] recalculating facets...
I  778.97] Elapsed: 12:59, vertices: 3534, facets final: 2134, pending: 32338, pool: 200
I  780.43] recalculating facets...
I  784.01] Elapsed: 13:04, vertices: 3558, facets final: 2178, pending: 32216, pool: 200
I  786.07] recalculating facets...
I  789.03] Elapsed: 13:09, vertices: 3585, facets final: 2219, pending: 32000, pool: 200
I  792.09] recalculating facets...
I  794.05] Elapsed: 13:14, vertices: 3608, facets final: 2257, pending: 31749, pool: 199
I  798.30] recalculating facets...
I  799.05] Elapsed: 13:19, vertices: 3635, facets final: 2296, pending: 31409, pool: 200
I  804.14] Elapsed: 13:24, vertices: 3660, facets final: 2328, pending: 31257, pool: 200
I  804.40] recalculating facets...
I  809.19] Elapsed: 13:29, vertices: 3680, facets final: 2365, pending: 31085, pool: 200
I  811.18] recalculating facets...
I  814.23] Elapsed: 13:34, vertices: 3705, facets final: 2393, pending: 31028, pool: 200
I  817.48] recalculating facets...
I  819.28] Elapsed: 13:39, vertices: 3728, facets final: 2442, pending: 30815, pool: 200
I  823.97] recalculating facets...
I  824.38] Elapsed: 13:44, vertices: 3752, facets final: 2480, pending: 30738, pool: 200
I  829.39] Elapsed: 13:49, vertices: 3776, facets final: 2523, pending: 30468, pool: 198
I  830.07] recalculating facets...
I  834.47] Elapsed: 13:54, vertices: 3798, facets final: 2577, pending: 30262, pool: 200
I  837.17] recalculating facets...
I  839.53] Elapsed: 14:00, vertices: 3820, facets final: 2624, pending: 30165, pool: 200
I  843.84] recalculating facets...
I  844.53] Elapsed: 14:05, vertices: 3843, facets final: 2665, pending: 30152, pool: 200
I  849.56] Elapsed: 14:10, vertices: 3868, facets final: 2698, pending: 29904, pool: 200
I  849.93] recalculating facets...
I  854.60] Elapsed: 14:15, vertices: 3891, facets final: 2744, pending: 29725, pool: 200
I  856.61] recalculating facets...
I  859.62] Elapsed: 14:20, vertices: 3912, facets final: 2814, pending: 29491, pool: 200
I  863.74] recalculating facets...
I  864.66] Elapsed: 14:25, vertices: 3935, facets final: 2861, pending: 29463, pool: 200
I  869.72] Elapsed: 14:30, vertices: 3957, facets final: 2906, pending: 29365, pool: 200
I  870.37] recalculating facets...
I  874.72] Elapsed: 14:35, vertices: 3981, facets final: 2985, pending: 29297, pool: 200
I  876.60] recalculating facets...
I  879.78] Elapsed: 14:40, vertices: 4005, facets final: 3055, pending: 29029, pool: 200
I  882.48] recalculating facets...
I  884.79] Elapsed: 14:45, vertices: 4031, facets final: 3109, pending: 28900, pool: 199
I  888.60] recalculating facets...
I  889.81] Elapsed: 14:50, vertices: 4056, facets final: 3164, pending: 28715, pool: 200
I  894.32] recalculating facets...
I  894.81] Elapsed: 14:55, vertices: 4081, facets final: 3234, pending: 28515, pool: 200
I  899.86] Elapsed: 15:00, vertices: 4108, facets final: 3292, pending: 28294, pool: 199
I  900.27] recalculating facets...
I  904.89] Elapsed: 15:05, vertices: 4133, facets final: 3359, pending: 28189, pool: 200
I  906.30] recalculating facets...
I  909.94] Elapsed: 15:10, vertices: 4158, facets final: 3436, pending: 27962, pool: 200
I  912.21] recalculating facets...
I  915.02] Elapsed: 15:15, vertices: 4180, facets final: 3519, pending: 27811, pool: 200
I  919.39] recalculating facets...
I  920.03] Elapsed: 15:20, vertices: 4202, facets final: 3598, pending: 27715, pool: 200
I  925.05] Elapsed: 15:25, vertices: 4228, facets final: 3661, pending: 27620, pool: 200
I  925.58] recalculating facets...
I  930.08] Elapsed: 15:30, vertices: 4253, facets final: 3722, pending: 27553, pool: 200
I  931.71] recalculating facets...
I  935.10] Elapsed: 15:35, vertices: 4276, facets final: 3797, pending: 27382, pool: 200
I  938.75] recalculating facets...
I  940.19] Elapsed: 15:40, vertices: 4297, facets final: 3867, pending: 27213, pool: 200
I  945.21] Elapsed: 15:45, vertices: 4319, facets final: 3952, pending: 26957, pool: 200
I  945.52] recalculating facets...
I  950.23] Elapsed: 15:50, vertices: 4338, facets final: 4050, pending: 26806, pool: 200
I  953.84] recalculating facets...
I  955.26] Elapsed: 15:55, vertices: 4357, facets final: 4154, pending: 26658, pool: 200
I  960.28] Elapsed: 16:00, vertices: 4377, facets final: 4238, pending: 26470, pool: 200
I  961.25] recalculating facets...
I  965.30] Elapsed: 16:05, vertices: 4401, facets final: 4301, pending: 26312, pool: 200
I  968.02] recalculating facets...
I  970.30] Elapsed: 16:10, vertices: 4420, facets final: 4395, pending: 26151, pool: 200
I  974.63] recalculating facets...
I  975.30] Elapsed: 16:15, vertices: 4444, facets final: 4460, pending: 25969, pool: 200
I  980.30] Elapsed: 16:20, vertices: 4463, facets final: 4550, pending: 25811, pool: 200
I  982.10] recalculating facets...
I  985.32] Elapsed: 16:25, vertices: 4482, facets final: 4645, pending: 25792, pool: 200
I  990.16] recalculating facets...
I  990.33] Elapsed: 16:30, vertices: 4501, facets final: 4739, pending: 25605, pool: 199
I  995.36] Elapsed: 16:35, vertices: 4518, facets final: 4828, pending: 25502, pool: 200
I  997.57] recalculating facets...
I 1000.37] Elapsed: 16:40, vertices: 4541, facets final: 4901, pending: 25360, pool: 200
I 1004.61] recalculating facets...
I 1005.38] Elapsed: 16:45, vertices: 4563, facets final: 4972, pending: 25188, pool: 200
I 1010.40] Elapsed: 16:50, vertices: 4586, facets final: 5039, pending: 24990, pool: 200
I 1011.24] recalculating facets...
I 1015.42] Elapsed: 16:55, vertices: 4605, facets final: 5132, pending: 24926, pool: 200
I 1020.44] Elapsed: 17:00, vertices: 4620, facets final: 5245, pending: 24762, pool: 199
I 1021.02] recalculating facets...
I 1025.47] Elapsed: 17:05, vertices: 4638, facets final: 5328, pending: 24600, pool: 200
I 1029.01] recalculating facets...
I 1030.49] Elapsed: 17:10, vertices: 4657, facets final: 5408, pending: 24502, pool: 200
I 1035.58] Elapsed: 17:16, vertices: 4676, facets final: 5502, pending: 24310, pool: 200
I 1036.30] recalculating facets...
I 1040.60] Elapsed: 17:21, vertices: 4698, facets final: 5579, pending: 24194, pool: 199
I 1043.93] recalculating facets...
I 1045.61] Elapsed: 17:26, vertices: 4716, facets final: 5659, pending: 24000, pool: 200
I 1050.62] Elapsed: 17:31, vertices: 4733, facets final: 5754, pending: 23862, pool: 200
I 1052.49] recalculating facets...
I 1055.64] Elapsed: 17:36, vertices: 4751, facets final: 5848, pending: 23723, pool: 199
I 1060.71] Elapsed: 17:41, vertices: 4768, facets final: 5945, pending: 23557, pool: 200
I 1061.11] recalculating facets...
I 1065.71] Elapsed: 17:46, vertices: 4787, facets final: 6024, pending: 23428, pool: 200
I 1069.84] recalculating facets...
I 1070.72] Elapsed: 17:51, vertices: 4804, facets final: 6116, pending: 23286, pool: 200
I 1075.72] Elapsed: 17:56, vertices: 4816, facets final: 6238, pending: 23145, pool: 199
I 1079.86] recalculating facets...
I 1080.73] Elapsed: 18:01, vertices: 4832, facets final: 6343, pending: 22988, pool: 200
I 1085.75] Elapsed: 18:06, vertices: 4850, facets final: 6435, pending: 22828, pool: 199
I 1089.69] recalculating facets...
I 1090.78] Elapsed: 18:11, vertices: 4865, facets final: 6557, pending: 22698, pool: 198
I 1095.82] Elapsed: 18:16, vertices: 4882, facets final: 6654, pending: 22516, pool: 199
I 1098.41] recalculating facets...
I 1100.83] Elapsed: 18:21, vertices: 4897, facets final: 6752, pending: 22375, pool: 200
I 1105.83] Elapsed: 18:26, vertices: 4909, facets final: 6884, pending: 22255, pool: 199
I 1109.60] recalculating facets...
I 1110.83] Elapsed: 18:31, vertices: 4925, facets final: 6984, pending: 22077, pool: 199
I 1115.83] Elapsed: 18:36, vertices: 4942, facets final: 7085, pending: 21958, pool: 199
I 1118.31] recalculating facets...
I 1120.84] Elapsed: 18:41, vertices: 4958, facets final: 7185, pending: 21874, pool: 200
I 1125.92] Elapsed: 18:46, vertices: 4972, facets final: 7297, pending: 21748, pool: 200
I 1128.63] recalculating facets...
I 1130.93] Elapsed: 18:51, vertices: 4986, facets final: 7407, pending: 21573, pool: 200
I 1135.95] Elapsed: 18:56, vertices: 4999, facets final: 7536, pending: 21386, pool: 200
I 1139.82] recalculating facets...
I 1140.95] Elapsed: 19:01, vertices: 5015, facets final: 7644, pending: 21253, pool: 199
I 1145.96] Elapsed: 19:06, vertices: 5031, facets final: 7760, pending: 21060, pool: 200
I 1149.34] recalculating facets...
I 1150.97] Elapsed: 19:11, vertices: 5046, facets final: 7868, pending: 20923, pool: 199
I 1156.00] Elapsed: 19:16, vertices: 5054, facets final: 8013, pending: 20729, pool: 200
I 1161.04] Elapsed: 19:21, vertices: 5067, facets final: 8130, pending: 20571, pool: 199
I 1162.32] recalculating facets...
I 1166.05] Elapsed: 19:26, vertices: 5079, facets final: 8250, pending: 20423, pool: 200
I 1171.06] Elapsed: 19:31, vertices: 5090, facets final: 8374, pending: 20245, pool: 200
I 1173.48] recalculating facets...
I 1176.12] Elapsed: 19:36, vertices: 5106, facets final: 8470, pending: 20102, pool: 200
I 1181.14] Elapsed: 19:41, vertices: 5122, facets final: 8587, pending: 19929, pool: 199
I 1185.03] recalculating facets...
I 1186.16] Elapsed: 19:46, vertices: 5132, facets final: 8719, pending: 19809, pool: 198
I 1191.17] Elapsed: 19:51, vertices: 5145, facets final: 8844, pending: 19635, pool: 199
I 1196.23] Elapsed: 19:56, vertices: 5160, facets final: 8952, pending: 19512, pool: 198
I 1196.23] recalculating facets...
I 1201.31] Elapsed: 20:01, vertices: 5167, facets final: 9091, pending: 19340, pool: 200
I 1206.32] Elapsed: 20:06, vertices: 5182, facets final: 9206, pending: 19221, pool: 200
I 1209.83] recalculating facets...
I 1211.33] Elapsed: 20:11, vertices: 5193, facets final: 9339, pending: 19024, pool: 199
I 1216.35] Elapsed: 20:16, vertices: 5207, facets final: 9449, pending: 18863, pool: 200
I 1221.37] Elapsed: 20:21, vertices: 5216, facets final: 9582, pending: 18702, pool: 198
I 1222.98] recalculating facets...
I 1226.37] Elapsed: 20:26, vertices: 5228, facets final: 9705, pending: 18543, pool: 200
I 1231.37] Elapsed: 20:31, vertices: 5240, facets final: 9833, pending: 18365, pool: 199
I 1236.37] Elapsed: 20:36, vertices: 5248, facets final: 9994, pending: 18177, pool: 200
I 1237.37] recalculating facets...
I 1241.40] Elapsed: 20:41, vertices: 5261, facets final: 10114, pending: 18064, pool: 200
I 1246.42] Elapsed: 20:46, vertices: 5268, facets final: 10263, pending: 17921, pool: 197
I 1251.44] Elapsed: 20:51, vertices: 5278, facets final: 10400, pending: 17773, pool: 195
I 1252.97] recalculating facets...
I 1256.50] Elapsed: 20:57, vertices: 5285, facets final: 10544, pending: 17610, pool: 199
I 1261.51] Elapsed: 21:02, vertices: 5294, facets final: 10691, pending: 17442, pool: 198
I 1266.54] Elapsed: 21:07, vertices: 5302, facets final: 10829, pending: 17290, pool: 193
I 1271.56] Elapsed: 21:12, vertices: 5308, facets final: 10973, pending: 17126, pool: 199
I 1272.15] recalculating facets...
I 1276.58] Elapsed: 21:17, vertices: 5316, facets final: 11112, pending: 16997, pool: 197
I 1281.61] Elapsed: 21:22, vertices: 5320, facets final: 11284, pending: 16806, pool: 198
I 1286.65] Elapsed: 21:27, vertices: 5327, facets final: 11436, pending: 16663, pool: 200
I 1290.30] recalculating facets...
I 1291.67] Elapsed: 21:32, vertices: 5343, facets final: 11551, pending: 16528, pool: 200
I 1296.70] Elapsed: 21:37, vertices: 5352, facets final: 11700, pending: 16359, pool: 199
I 1301.72] Elapsed: 21:42, vertices: 5361, facets final: 11840, pending: 16193, pool: 197
I 1306.73] Elapsed: 21:47, vertices: 5369, facets final: 11987, pending: 16031, pool: 200
I 1307.09] recalculating facets...
I 1311.83] Elapsed: 21:52, vertices: 5378, facets final: 12137, pending: 15849, pool: 197
I 1316.85] Elapsed: 21:57, vertices: 5384, facets final: 12303, pending: 15705, pool: 193
I 1321.88] Elapsed: 22:02, vertices: 5390, facets final: 12459, pending: 15550, pool: 197
I 1326.90] Elapsed: 22:07, vertices: 5399, facets final: 12594, pending: 15396, pool: 198
I 1327.80] recalculating facets...
I 1331.91] Elapsed: 22:12, vertices: 5408, facets final: 12730, pending: 15216, pool: 198
I 1336.91] Elapsed: 22:17, vertices: 5415, facets final: 12877, pending: 15064, pool: 197
I 1341.96] Elapsed: 22:22, vertices: 5420, facets final: 13033, pending: 14875, pool: 199
I 1347.03] Elapsed: 22:27, vertices: 5429, facets final: 13168, pending: 14695, pool: 197
I 1348.18] recalculating facets...
I 1352.05] Elapsed: 22:32, vertices: 5438, facets final: 13315, pending: 14521, pool: 197
I 1357.07] Elapsed: 22:37, vertices: 5445, facets final: 13473, pending: 14353, pool: 193
I 1362.10] Elapsed: 22:42, vertices: 5451, facets final: 13637, pending: 14166, pool: 197
I 1367.10] Elapsed: 22:47, vertices: 5457, facets final: 13802, pending: 13984, pool: 196
I 1369.12] recalculating facets...
I 1372.13] Elapsed: 22:52, vertices: 5464, facets final: 13956, pending: 13806, pool: 192
I 1377.15] Elapsed: 22:57, vertices: 5469, facets final: 14102, pending: 13682, pool: 196
I 1382.20] Elapsed: 23:02, vertices: 5477, facets final: 14253, pending: 13490, pool: 197
I 1387.20] Elapsed: 23:07, vertices: 5488, facets final: 14389, pending: 13329, pool: 196
I 1389.72] recalculating facets...
I 1392.21] Elapsed: 23:12, vertices: 5494, facets final: 14549, pending: 13176, pool: 192
I 1397.21] Elapsed: 23:17, vertices: 5499, facets final: 14707, pending: 13028, pool: 192
I 1402.23] Elapsed: 23:22, vertices: 5502, facets final: 14892, pending: 12834, pool: 189
I 1407.23] Elapsed: 23:27, vertices: 5504, facets final: 15079, pending: 12633, pool: 199
I 1412.24] Elapsed: 23:32, vertices: 5510, facets final: 15243, pending: 12422, pool: 198
I 1417.25] Elapsed: 23:37, vertices: 5515, facets final: 15404, pending: 12251, pool: 199
I 1422.26] Elapsed: 23:42, vertices: 5520, facets final: 15579, pending: 12051, pool: 198
I 1424.33] recalculating facets...
I 1427.26] Elapsed: 23:47, vertices: 5526, facets final: 15736, pending: 11907, pool: 199
I 1432.26] Elapsed: 23:52, vertices: 5530, facets final: 15906, pending: 11729, pool: 198
I 1437.27] Elapsed: 23:57, vertices: 5538, facets final: 16067, pending: 11543, pool: 199
I 1442.27] Elapsed: 24:02, vertices: 5546, facets final: 16229, pending: 11369, pool: 198
I 1446.24] recalculating facets...
I 1447.27] Elapsed: 24:07, vertices: 5551, facets final: 16394, pending: 11188, pool: 200
I 1452.27] Elapsed: 24:12, vertices: 5556, facets final: 16570, pending: 10992, pool: 198
I 1457.27] Elapsed: 24:17, vertices: 5559, facets final: 16752, pending: 10805, pool: 199
I 1462.27] Elapsed: 24:22, vertices: 5565, facets final: 16931, pending: 10615, pool: 199
I 1467.28] Elapsed: 24:27, vertices: 5573, facets final: 17086, pending: 10447, pool: 196
I 1472.29] Elapsed: 24:32, vertices: 5578, facets final: 17259, pending: 10264, pool: 197
I 1473.89] recalculating facets...
I 1477.29] Elapsed: 24:37, vertices: 5586, facets final: 17419, pending: 10064, pool: 194
I 1482.29] Elapsed: 24:42, vertices: 5590, facets final: 17597, pending: 9864, pool: 193
I 1487.29] Elapsed: 24:47, vertices: 5594, facets final: 17777, pending: 9683, pool: 192
I 1492.29] Elapsed: 24:52, vertices: 5596, facets final: 17964, pending: 9498, pool: 196
I 1497.29] Elapsed: 24:57, vertices: 5600, facets final: 18134, pending: 9323, pool: 198
I 1502.30] Elapsed: 25:02, vertices: 5605, facets final: 18309, pending: 9136, pool: 198
I 1507.30] Elapsed: 25:07, vertices: 5608, facets final: 18486, pending: 8949, pool: 198
I 1509.95] recalculating facets...
I 1512.32] Elapsed: 25:12, vertices: 5614, facets final: 18646, pending: 8769, pool: 196
I 1517.34] Elapsed: 25:17, vertices: 5617, facets final: 18835, pending: 8579, pool: 195
I 1522.36] Elapsed: 25:22, vertices: 5620, facets final: 19019, pending: 8391, pool: 194
I 1527.36] Elapsed: 25:27, vertices: 5626, facets final: 19195, pending: 8204, pool: 194
I 1532.37] Elapsed: 25:32, vertices: 5631, facets final: 19363, pending: 8031, pool: 193
I 1537.37] Elapsed: 25:37, vertices: 5633, facets final: 19543, pending: 7842, pool: 195
I 1542.37] Elapsed: 25:42, vertices: 5636, facets final: 19715, pending: 7672, pool: 194
I 1546.97] recalculating facets...
I 1547.37] Elapsed: 25:47, vertices: 5642, facets final: 19880, pending: 7493, pool: 191
I 1552.39] Elapsed: 25:52, vertices: 5649, facets final: 20056, pending: 7309, pool: 188
I 1557.40] Elapsed: 25:57, vertices: 5652, facets final: 20237, pending: 7123, pool: 189
I 1562.40] Elapsed: 26:02, vertices: 5657, facets final: 20411, pending: 6942, pool: 187
I 1567.40] Elapsed: 26:07, vertices: 5660, facets final: 20600, pending: 6748, pool: 187
I 1572.42] Elapsed: 26:12, vertices: 5665, facets final: 20785, pending: 6546, pool: 185
I 1577.42] Elapsed: 26:17, vertices: 5668, facets final: 20974, pending: 6359, pool: 184
I 1581.62] recalculating facets...
I 1582.42] Elapsed: 26:22, vertices: 5671, facets final: 21155, pending: 6174, pool: 182
I 1587.43] Elapsed: 26:27, vertices: 5675, facets final: 21345, pending: 5978, pool: 179
I 1592.43] Elapsed: 26:32, vertices: 5679, facets final: 21522, pending: 5793, pool: 175
I 1597.43] Elapsed: 26:37, vertices: 5681, facets final: 21696, pending: 5617, pool: 176
I 1602.47] Elapsed: 26:42, vertices: 5685, facets final: 21875, pending: 5431, pool: 173
I 1607.47] Elapsed: 26:47, vertices: 5690, facets final: 22047, pending: 5252, pool: 175
I 1612.47] Elapsed: 26:52, vertices: 5695, facets final: 22226, pending: 5060, pool: 175
I 1617.49] Elapsed: 26:57, vertices: 5699, facets final: 22408, pending: 4870, pool: 174
I 1618.22] recalculating facets...
I 1622.50] Elapsed: 27:03, vertices: 5704, facets final: 22580, pending: 4689, pool: 172
I 1627.50] Elapsed: 27:08, vertices: 5708, facets final: 22763, pending: 4499, pool: 169
I 1632.54] Elapsed: 27:13, vertices: 5714, facets final: 22944, pending: 4299, pool: 164
I 1637.56] Elapsed: 27:18, vertices: 5719, facets final: 23130, pending: 4102, pool: 162
I 1642.56] Elapsed: 27:23, vertices: 5721, facets final: 23315, pending: 3912, pool: 161
I 1647.57] Elapsed: 27:28, vertices: 5727, facets final: 23482, pending: 3736, pool: 161
I 1649.23] recalculating facets...
I 1652.57] Elapsed: 27:33, vertices: 5737, facets final: 23640, pending: 3571, pool: 153
I 1657.59] Elapsed: 27:38, vertices: 5742, facets final: 23820, pending: 3381, pool: 150
I 1662.62] Elapsed: 27:43, vertices: 5745, facets final: 24003, pending: 3191, pool: 148
I 1667.62] Elapsed: 27:48, vertices: 5749, facets final: 24181, pending: 3010, pool: 146
I 1672.62] Elapsed: 27:53, vertices: 5755, facets final: 24358, pending: 2831, pool: 142
I 1677.02] recalculating facets...
I 1677.64] Elapsed: 27:58, vertices: 5761, facets final: 24541, pending: 2636, pool: 137
I 1682.65] Elapsed: 28:03, vertices: 5766, facets final: 24726, pending: 2447, pool: 136
I 1687.66] Elapsed: 28:08, vertices: 5777, facets final: 24883, pending: 2269, pool: 127
I 1692.70] Elapsed: 28:13, vertices: 5780, facets final: 25065, pending: 2080, pool: 126
I 1697.71] Elapsed: 28:18, vertices: 5786, facets final: 25243, pending: 1894, pool: 121
I 1702.73] Elapsed: 28:23, vertices: 5789, facets final: 25427, pending: 1705, pool: 119
I 1707.21] recalculating facets...
I 1707.75] Elapsed: 28:28, vertices: 5792, facets final: 25610, pending: 1516, pool: 119
I 1712.76] Elapsed: 28:33, vertices: 5798, facets final: 25781, pending: 1335, pool: 113
I 1717.78] Elapsed: 28:38, vertices: 5802, facets final: 25970, pending: 1137, pool: 110
I 1722.78] Elapsed: 28:43, vertices: 5807, facets final: 26144, pending: 957, pool: 111
I 1727.79] Elapsed: 28:48, vertices: 5813, facets final: 26334, pending: 760, pool: 106
I 1732.66] recalculating facets...
I 1732.80] Elapsed: 28:53, vertices: 5821, facets final: 26515, pending: 571, pool: 103
I 1737.81] Elapsed: 28:58, vertices: 5834, facets final: 26692, pending: 380, pool: 94
I 1741.20] recalculating facets...
I 1742.81] Elapsed: 29:03, vertices: 5863, facets final: 26850, pending: 201, pool: 73
I 1744.30] recalculating facets...
I 1745.90] recalculating facets...
I 1746.97] recalculating facets...
I 1747.45] Elapsed: 29:07, vertices: 5949, facets final: 26970, pending: 0

--------------------------------
Problem completed
 name                    66.vlp
 output                  vlp/66.res
 rows, cols, objs        173, 4611, 10
 vertices, facets        5949, 26970
 total time              29:07
--------------------------------
Statistics
LP:
 oracle calls            33811
   avg iterations/calls  176.75
 total oracle time       14:31
Combinatorics:
 vertices added          5949
 facets probed           56366
 facets # max            44628
 memory allocated        76.73M
 storage expansion
   vertices # / upto     47 / 6012
   facets   # / upto     11 / 45052
 facet manipulating
   added avg / max       72.24 / 982.00
   compressed            251
 number of ridge tests
   avg / max             2.16M / 42.46M
--------------------------------
Parameters with non-default values
 ExactFacetEq = 1
 VertexPoolSize = 200
 RecalculateFacets = 30
 ScaleEps = 5e-08
 RoundEps = 5e-08
