C copy string: rs=ac:bd;t=d:abr;ar,br,cr,d;ar,br,c,dr; ineq: base30.txt
I    1.19] recalculating facets...
I    4.33] recalculating facets...
I    5.05] Elapsed: 5.05, vertices: 130, facets final: 30, pending: 15223, pool: 172
I    8.76] recalculating facets...
I   10.08] Elapsed: 10.08, vertices: 199, facets final: 38, pending: 19766, pool: 198
I   13.04] recalculating facets...
I   15.11] Elapsed: 15.11, vertices: 266, facets final: 45, pending: 23063, pool: 200
I   17.92] recalculating facets...
I   20.13] Elapsed: 20.13, vertices: 327, facets final: 51, pending: 24213, pool: 199
I   22.94] recalculating facets...
I   25.13] Elapsed: 25.13, vertices: 387, facets final: 61, pending: 24195, pool: 200
I   27.80] recalculating facets...
I   30.18] Elapsed: 30.18, vertices: 447, facets final: 77, pending: 26119, pool: 200
I   32.89] recalculating facets...
I   35.20] Elapsed: 35.20, vertices: 506, facets final: 93, pending: 27120, pool: 200
I   38.11] recalculating facets...
I   40.22] Elapsed: 40.22, vertices: 565, facets final: 112, pending: 27530, pool: 200
I   43.26] recalculating facets...
I   45.22] Elapsed: 45.22, vertices: 624, facets final: 126, pending: 27807, pool: 200
I   48.31] recalculating facets...
I   50.25] Elapsed: 50.25, vertices: 680, facets final: 146, pending: 27864, pool: 199
I   53.62] recalculating facets...
I   55.27] Elapsed: 55.27, vertices: 738, facets final: 165, pending: 28127, pool: 200
I   59.03] recalculating facets...
I   60.30] Elapsed: 1:00, vertices: 793, facets final: 197, pending: 29130, pool: 199
I   64.98] recalculating facets...
I   65.31] Elapsed: 1:05, vertices: 844, facets final: 216, pending: 30230, pool: 200
I   70.32] Elapsed: 1:10, vertices: 899, facets final: 232, pending: 29899, pool: 199
I   70.53] recalculating facets...
I   75.37] Elapsed: 1:15, vertices: 952, facets final: 259, pending: 29756, pool: 200
I   76.03] recalculating facets...
I   80.41] Elapsed: 1:20, vertices: 1008, facets final: 293, pending: 29706, pool: 200
I   81.47] recalculating facets...
I   85.42] Elapsed: 1:25, vertices: 1060, facets final: 305, pending: 30499, pool: 198
I   87.61] recalculating facets...
I   90.44] Elapsed: 1:30, vertices: 1109, facets final: 328, pending: 30004, pool: 200
I   93.54] recalculating facets...
I   95.49] Elapsed: 1:35, vertices: 1161, facets final: 354, pending: 30361, pool: 199
I   99.27] recalculating facets...
I  100.53] Elapsed: 1:41, vertices: 1213, facets final: 394, pending: 29769, pool: 200
I  104.72] recalculating facets...
I  105.54] Elapsed: 1:46, vertices: 1268, facets final: 432, pending: 29190, pool: 200
I  110.09] recalculating facets...
I  110.60] Elapsed: 1:51, vertices: 1325, facets final: 474, pending: 28462, pool: 200
I  115.32] recalculating facets...
I  115.60] Elapsed: 1:56, vertices: 1383, facets final: 510, pending: 28076, pool: 200
I  120.23] recalculating facets...
I  120.65] Elapsed: 2:01, vertices: 1445, facets final: 543, pending: 26973, pool: 200
I  125.24] recalculating facets...
I  125.66] Elapsed: 2:06, vertices: 1505, facets final: 607, pending: 25979, pool: 199
I  130.11] recalculating facets...
I  130.66] Elapsed: 2:11, vertices: 1567, facets final: 670, pending: 25862, pool: 200
I  135.20] recalculating facets...
I  135.70] Elapsed: 2:16, vertices: 1626, facets final: 728, pending: 25380, pool: 200
I  139.89] recalculating facets...
I  140.70] Elapsed: 2:21, vertices: 1690, facets final: 790, pending: 25109, pool: 200
I  144.89] recalculating facets...
I  145.71] Elapsed: 2:26, vertices: 1751, facets final: 846, pending: 24290, pool: 200
I  149.28] recalculating facets...
I  150.71] Elapsed: 2:31, vertices: 1818, facets final: 930, pending: 23778, pool: 200
I  153.94] recalculating facets...
I  155.76] Elapsed: 2:36, vertices: 1882, facets final: 1015, pending: 23361, pool: 200
I  158.88] recalculating facets...
I  160.80] Elapsed: 2:41, vertices: 1943, facets final: 1090, pending: 22780, pool: 200
I  163.37] recalculating facets...
I  165.84] Elapsed: 2:46, vertices: 2014, facets final: 1214, pending: 22166, pool: 200
I  167.72] recalculating facets...
I  170.88] Elapsed: 2:51, vertices: 2083, facets final: 1326, pending: 21346, pool: 200
I  172.12] recalculating facets...
I  175.92] Elapsed: 2:56, vertices: 2150, facets final: 1451, pending: 20768, pool: 199
I  176.63] recalculating facets...
I  180.92] Elapsed: 3:01, vertices: 2213, facets final: 1609, pending: 20431, pool: 200
I  181.50] recalculating facets...
I  185.92] Elapsed: 3:06, vertices: 2275, facets final: 1746, pending: 19845, pool: 198
I  186.40] recalculating facets...
I  190.98] Elapsed: 3:11, vertices: 2335, facets final: 1887, pending: 19230, pool: 199
I  191.40] recalculating facets...
I  195.80] recalculating facets...
I  195.99] Elapsed: 3:16, vertices: 2402, facets final: 2133, pending: 18554, pool: 199
I  199.97] recalculating facets...
I  200.99] Elapsed: 3:21, vertices: 2475, facets final: 2392, pending: 17753, pool: 200
I  203.97] recalculating facets...
I  205.99] Elapsed: 3:26, vertices: 2549, facets final: 2641, pending: 17104, pool: 200
I  208.29] recalculating facets...
I  210.99] Elapsed: 3:31, vertices: 2617, facets final: 2926, pending: 16496, pool: 200
I  213.15] recalculating facets...
I  216.03] Elapsed: 3:36, vertices: 2675, facets final: 3316, pending: 15813, pool: 198
I  218.05] recalculating facets...
I  221.04] Elapsed: 3:41, vertices: 2737, facets final: 3650, pending: 15374, pool: 199
I  222.85] recalculating facets...
I  226.04] Elapsed: 3:46, vertices: 2798, facets final: 3991, pending: 14698, pool: 200
I  228.09] recalculating facets...
I  231.04] Elapsed: 3:51, vertices: 2851, facets final: 4423, pending: 14141, pool: 199
I  233.83] recalculating facets...
I  236.04] Elapsed: 3:56, vertices: 2903, facets final: 4858, pending: 13578, pool: 194
I  240.05] recalculating facets...
I  241.08] Elapsed: 4:01, vertices: 2948, facets final: 5368, pending: 12957, pool: 199
I  246.08] Elapsed: 4:06, vertices: 2996, facets final: 5854, pending: 12289, pool: 197
I  246.66] recalculating facets...
I  251.09] Elapsed: 4:11, vertices: 3031, facets final: 6489, pending: 11563, pool: 196
I  254.64] recalculating facets...
I  256.13] Elapsed: 4:16, vertices: 3074, facets final: 7046, pending: 10861, pool: 194
I  261.13] Elapsed: 4:21, vertices: 3108, facets final: 7740, pending: 10068, pool: 195
I  262.69] recalculating facets...
I  266.13] Elapsed: 4:26, vertices: 3143, facets final: 8435, pending: 9288, pool: 187
I  271.16] Elapsed: 4:31, vertices: 3172, facets final: 9175, pending: 8468, pool: 181
I  273.21] recalculating facets...
I  276.16] Elapsed: 4:36, vertices: 3196, facets final: 9981, pending: 7575, pool: 182
I  281.16] Elapsed: 4:41, vertices: 3224, facets final: 10770, pending: 6729, pool: 163
I  283.98] recalculating facets...
I  286.16] Elapsed: 4:46, vertices: 3254, facets final: 11577, pending: 5914, pool: 150
I  291.16] Elapsed: 4:51, vertices: 3281, facets final: 12415, pending: 5033, pool: 139
I  295.30] recalculating facets...
I  296.16] Elapsed: 4:56, vertices: 3304, facets final: 13307, pending: 4116, pool: 128
I  301.16] Elapsed: 5:01, vertices: 3325, facets final: 14250, pending: 3158, pool: 122
I  306.16] Elapsed: 5:06, vertices: 3351, facets final: 15158, pending: 2217, pool: 116
I  307.77] recalculating facets...
I  311.16] Elapsed: 5:11, vertices: 3388, facets final: 15986, pending: 1337, pool: 92
I  315.76] recalculating facets...
I  316.16] Elapsed: 5:16, vertices: 3425, facets final: 16881, pending: 401, pool: 72
I  318.26] recalculating facets...
I  319.60] recalculating facets...
I  319.80] Elapsed: 5:20, vertices: 3551, facets final: 17167, pending: 0

--------------------------------
Problem completed
 name                    7.vlp
 output                  vlp/7.res
 rows, cols, objs        72, 3567, 10
 vertices, facets        3551, 17167
 total time              5:20
--------------------------------
Statistics
LP:
 oracle calls            21927
   avg iterations/calls  34.08
 total oracle time       1:37
Combinatorics:
 vertices added          3551
 facets probed           46225
 facets # max            30833
 memory allocated        42.07M
 storage expansion
   vertices # / upto     28 / 3580
   facets   # / upto     8 / 32764
 facet manipulating
   added avg / max       110.78 / 2.04k
   compressed            211
 number of ridge tests
   avg / max             2.39M / 26.00M
--------------------------------
Parameters with non-default values
 VertexPoolSize = 200
 RecalculateFacets = 60
 PolytopeEps = 1e-08
 ScaleEps = 5e-08
 RoundEps = 5e-08
