C copy string: rs=cd:ab;t=c:as;u=c:bdt;ar,br,cr,d;ar,br,c,dr; ineq: base30.txt
I    4.32] recalculating facets...
I    5.07] Elapsed: 5.07, vertices: 66, facets final: 14, pending: 3128, pool: 109
I    9.08] recalculating facets...
I   10.09] Elapsed: 10.09, vertices: 144, facets final: 17, pending: 8042, pool: 200
I   11.82] recalculating facets...
I   15.11] Elapsed: 15.11, vertices: 235, facets final: 21, pending: 14767, pool: 200
I   15.35] recalculating facets...
I   19.52] recalculating facets...
I   20.11] Elapsed: 20.11, vertices: 309, facets final: 29, pending: 19137, pool: 200
I   24.18] recalculating facets...
I   25.11] Elapsed: 25.11, vertices: 371, facets final: 37, pending: 22518, pool: 200
I   29.42] recalculating facets...
I   30.12] Elapsed: 30.12, vertices: 427, facets final: 46, pending: 25470, pool: 200
I   35.16] Elapsed: 35.16, vertices: 478, facets final: 58, pending: 28305, pool: 200
I   35.40] recalculating facets...
I   40.17] Elapsed: 40.17, vertices: 524, facets final: 65, pending: 30767, pool: 200
I   41.89] recalculating facets...
I   45.23] Elapsed: 45.23, vertices: 572, facets final: 66, pending: 32654, pool: 200
I   48.59] recalculating facets...
I   50.26] Elapsed: 50.26, vertices: 613, facets final: 73, pending: 33815, pool: 199
I   55.30] Elapsed: 55.30, vertices: 655, facets final: 80, pending: 34733, pool: 200
I   55.89] recalculating facets...
I   60.31] Elapsed: 1:00, vertices: 697, facets final: 89, pending: 35741, pool: 200
I   63.27] recalculating facets...
I   65.31] Elapsed: 1:05, vertices: 736, facets final: 105, pending: 37271, pool: 199
I   70.38] Elapsed: 1:10, vertices: 773, facets final: 113, pending: 37569, pool: 200
I   71.27] recalculating facets...
I   75.39] Elapsed: 1:15, vertices: 813, facets final: 121, pending: 39227, pool: 200
I   79.26] recalculating facets...
I   80.45] Elapsed: 1:20, vertices: 848, facets final: 128, pending: 40114, pool: 200
I   85.49] Elapsed: 1:25, vertices: 883, facets final: 140, pending: 40922, pool: 200
I   88.09] recalculating facets...
I   90.50] Elapsed: 1:31, vertices: 914, facets final: 152, pending: 42211, pool: 200
I   95.54] Elapsed: 1:36, vertices: 950, facets final: 160, pending: 43420, pool: 200
I   97.13] recalculating facets...
I  100.60] Elapsed: 1:41, vertices: 981, facets final: 165, pending: 43827, pool: 200
I  105.68] Elapsed: 1:46, vertices: 1014, facets final: 172, pending: 44829, pool: 200
I  106.87] recalculating facets...
I  110.68] Elapsed: 1:51, vertices: 1042, facets final: 178, pending: 45431, pool: 200
I  115.71] Elapsed: 1:56, vertices: 1072, facets final: 185, pending: 45588, pool: 200
I  117.10] recalculating facets...
I  120.73] Elapsed: 2:01, vertices: 1101, facets final: 187, pending: 45980, pool: 200
I  125.83] Elapsed: 2:06, vertices: 1131, facets final: 190, pending: 46439, pool: 200
I  127.43] recalculating facets...
I  130.87] Elapsed: 2:11, vertices: 1160, facets final: 194, pending: 46752, pool: 200
I  135.88] Elapsed: 2:16, vertices: 1191, facets final: 204, pending: 47571, pool: 199
I  137.30] recalculating facets...
I  140.95] Elapsed: 2:21, vertices: 1222, facets final: 213, pending: 47937, pool: 200
I  146.02] Elapsed: 2:26, vertices: 1251, facets final: 220, pending: 47580, pool: 200
I  147.57] recalculating facets...
I  151.02] Elapsed: 2:31, vertices: 1281, facets final: 230, pending: 47253, pool: 200
I  156.07] Elapsed: 2:36, vertices: 1311, facets final: 243, pending: 47880, pool: 200
I  157.92] recalculating facets...
I  161.16] Elapsed: 2:41, vertices: 1337, facets final: 250, pending: 48500, pool: 200
I  166.18] Elapsed: 2:46, vertices: 1368, facets final: 254, pending: 48151, pool: 200
I  168.24] recalculating facets...
I  171.19] Elapsed: 2:51, vertices: 1397, facets final: 261, pending: 48111, pool: 200
I  176.19] Elapsed: 2:56, vertices: 1426, facets final: 273, pending: 48065, pool: 200
I  178.91] recalculating facets...
I  181.22] Elapsed: 3:01, vertices: 1454, facets final: 278, pending: 48176, pool: 200
I  186.24] Elapsed: 3:06, vertices: 1483, facets final: 284, pending: 47974, pool: 200
I  189.09] recalculating facets...
I  191.33] Elapsed: 3:11, vertices: 1512, facets final: 294, pending: 48131, pool: 200
I  196.36] Elapsed: 3:16, vertices: 1540, facets final: 304, pending: 48079, pool: 200
I  200.06] recalculating facets...
I  201.39] Elapsed: 3:21, vertices: 1567, facets final: 313, pending: 47790, pool: 200
I  206.41] Elapsed: 3:26, vertices: 1597, facets final: 320, pending: 47457, pool: 200
I  210.26] recalculating facets...
I  211.46] Elapsed: 3:31, vertices: 1626, facets final: 329, pending: 47360, pool: 200
I  216.51] Elapsed: 3:37, vertices: 1654, facets final: 346, pending: 47185, pool: 200
I  221.12] recalculating facets...
I  221.53] Elapsed: 3:42, vertices: 1683, facets final: 358, pending: 47415, pool: 199
I  226.58] Elapsed: 3:47, vertices: 1711, facets final: 368, pending: 47328, pool: 200
I  231.23] recalculating facets...
I  231.58] Elapsed: 3:52, vertices: 1743, facets final: 376, pending: 47464, pool: 200
I  236.64] Elapsed: 3:57, vertices: 1772, facets final: 384, pending: 47518, pool: 200
I  241.59] recalculating facets...
I  241.70] Elapsed: 4:02, vertices: 1801, facets final: 405, pending: 47274, pool: 200
I  246.74] Elapsed: 4:07, vertices: 1829, facets final: 417, pending: 47109, pool: 200
I  251.86] Elapsed: 4:12, vertices: 1857, facets final: 423, pending: 46697, pool: 200
I  252.40] recalculating facets...
I  256.96] Elapsed: 4:17, vertices: 1887, facets final: 441, pending: 46649, pool: 200
I  261.96] Elapsed: 4:22, vertices: 1915, facets final: 451, pending: 46125, pool: 200
I  262.74] recalculating facets...
I  266.96] Elapsed: 4:27, vertices: 1944, facets final: 472, pending: 46316, pool: 200
I  271.99] Elapsed: 4:32, vertices: 1973, facets final: 484, pending: 45874, pool: 200
I  273.14] recalculating facets...
I  277.02] Elapsed: 4:37, vertices: 2004, facets final: 498, pending: 45528, pool: 200
I  282.10] Elapsed: 4:42, vertices: 2035, facets final: 507, pending: 45833, pool: 200
I  282.84] recalculating facets...
I  287.19] Elapsed: 4:47, vertices: 2065, facets final: 526, pending: 45432, pool: 200
I  292.27] Elapsed: 4:52, vertices: 2097, facets final: 539, pending: 45127, pool: 200
I  292.80] recalculating facets...
I  297.37] Elapsed: 4:57, vertices: 2127, facets final: 555, pending: 44936, pool: 200
I  302.37] Elapsed: 5:02, vertices: 2158, facets final: 565, pending: 44966, pool: 200
I  302.80] recalculating facets...
I  307.41] Elapsed: 5:07, vertices: 2187, facets final: 579, pending: 45033, pool: 200
I  312.41] Elapsed: 5:12, vertices: 2217, facets final: 597, pending: 45454, pool: 200
I  312.97] recalculating facets...
I  317.47] Elapsed: 5:17, vertices: 2245, facets final: 618, pending: 45613, pool: 200
I  322.47] Elapsed: 5:22, vertices: 2274, facets final: 641, pending: 45214, pool: 200
I  323.74] recalculating facets...
I  327.47] Elapsed: 5:27, vertices: 2304, facets final: 648, pending: 44872, pool: 200
I  332.48] Elapsed: 5:32, vertices: 2335, facets final: 667, pending: 44670, pool: 200
I  333.43] recalculating facets...
I  337.50] Elapsed: 5:38, vertices: 2363, facets final: 687, pending: 44872, pool: 200
I  342.53] Elapsed: 5:43, vertices: 2397, facets final: 697, pending: 44521, pool: 200
I  343.07] recalculating facets...
I  347.53] Elapsed: 5:48, vertices: 2430, facets final: 715, pending: 44157, pool: 200
I  352.51] recalculating facets...
I  352.60] Elapsed: 5:53, vertices: 2461, facets final: 736, pending: 43835, pool: 200
I  357.64] Elapsed: 5:58, vertices: 2492, facets final: 755, pending: 43541, pool: 200
I  361.74] recalculating facets...
I  362.67] Elapsed: 6:03, vertices: 2526, facets final: 769, pending: 43052, pool: 200
I  367.77] Elapsed: 6:08, vertices: 2557, facets final: 784, pending: 42782, pool: 200
I  371.18] recalculating facets...
I  372.77] Elapsed: 6:13, vertices: 2590, facets final: 803, pending: 42460, pool: 200
I  377.82] Elapsed: 6:18, vertices: 2621, facets final: 823, pending: 42675, pool: 200
I  381.01] recalculating facets...
I  382.86] Elapsed: 6:23, vertices: 2652, facets final: 841, pending: 42494, pool: 199
I  387.92] Elapsed: 6:28, vertices: 2684, facets final: 857, pending: 41872, pool: 200
I  390.39] recalculating facets...
I  392.95] Elapsed: 6:33, vertices: 2717, facets final: 875, pending: 41369, pool: 200
I  397.95] Elapsed: 6:38, vertices: 2747, facets final: 906, pending: 41314, pool: 200
I  400.54] recalculating facets...
I  402.96] Elapsed: 6:43, vertices: 2773, facets final: 937, pending: 41485, pool: 200
I  407.96] Elapsed: 6:48, vertices: 2806, facets final: 969, pending: 41138, pool: 200
I  410.08] recalculating facets...
I  413.01] Elapsed: 6:53, vertices: 2838, facets final: 988, pending: 40709, pool: 200
I  418.02] Elapsed: 6:58, vertices: 2871, facets final: 1007, pending: 40183, pool: 200
I  419.53] recalculating facets...
I  423.10] Elapsed: 7:03, vertices: 2901, facets final: 1039, pending: 39720, pool: 200
I  428.17] Elapsed: 7:08, vertices: 2934, facets final: 1063, pending: 39504, pool: 200
I  429.02] recalculating facets...
I  433.23] Elapsed: 7:13, vertices: 2967, facets final: 1097, pending: 39249, pool: 200
I  438.24] Elapsed: 7:18, vertices: 3000, facets final: 1139, pending: 39195, pool: 200
I  438.36] recalculating facets...
I  443.33] Elapsed: 7:23, vertices: 3031, facets final: 1185, pending: 38794, pool: 200
I  447.60] recalculating facets...
I  448.34] Elapsed: 7:28, vertices: 3065, facets final: 1213, pending: 38757, pool: 200
I  453.34] Elapsed: 7:33, vertices: 3099, facets final: 1235, pending: 38543, pool: 200
I  456.87] recalculating facets...
I  458.36] Elapsed: 7:38, vertices: 3129, facets final: 1266, pending: 38318, pool: 200
I  463.45] Elapsed: 7:43, vertices: 3162, facets final: 1308, pending: 37910, pool: 200
I  466.26] recalculating facets...
I  468.50] Elapsed: 7:49, vertices: 3195, facets final: 1348, pending: 37615, pool: 200
I  473.53] Elapsed: 7:54, vertices: 3231, facets final: 1376, pending: 37227, pool: 200
I  475.05] recalculating facets...
I  478.55] Elapsed: 7:59, vertices: 3262, facets final: 1416, pending: 37132, pool: 200
I  483.65] Elapsed: 8:04, vertices: 3294, facets final: 1455, pending: 36871, pool: 200
I  484.62] recalculating facets...
I  488.74] Elapsed: 8:09, vertices: 3325, facets final: 1493, pending: 36817, pool: 200
I  493.75] Elapsed: 8:14, vertices: 3356, facets final: 1523, pending: 36550, pool: 200
I  494.42] recalculating facets...
I  498.80] Elapsed: 8:19, vertices: 3387, facets final: 1559, pending: 36320, pool: 200
I  503.81] Elapsed: 8:24, vertices: 3417, facets final: 1608, pending: 36099, pool: 200
I  504.33] recalculating facets...
I  508.86] Elapsed: 8:29, vertices: 3452, facets final: 1653, pending: 35954, pool: 200
I  512.68] recalculating facets...
I  513.89] Elapsed: 8:34, vertices: 3488, facets final: 1687, pending: 35949, pool: 200
I  518.91] Elapsed: 8:39, vertices: 3522, facets final: 1731, pending: 35567, pool: 200
I  521.75] recalculating facets...
I  523.92] Elapsed: 8:44, vertices: 3552, facets final: 1788, pending: 35390, pool: 200
I  529.01] Elapsed: 8:49, vertices: 3585, facets final: 1838, pending: 35187, pool: 200
I  531.34] recalculating facets...
I  534.10] Elapsed: 8:54, vertices: 3615, facets final: 1894, pending: 34991, pool: 200
I  539.15] Elapsed: 8:59, vertices: 3646, facets final: 1944, pending: 34793, pool: 200
I  541.11] recalculating facets...
I  544.16] Elapsed: 9:04, vertices: 3681, facets final: 1981, pending: 34554, pool: 200
I  549.18] Elapsed: 9:09, vertices: 3710, facets final: 2032, pending: 34367, pool: 198
I  550.81] recalculating facets...
I  554.19] Elapsed: 9:14, vertices: 3741, facets final: 2084, pending: 34227, pool: 200
I  559.20] Elapsed: 9:19, vertices: 3772, facets final: 2128, pending: 33985, pool: 199
I  560.35] recalculating facets...
I  564.20] Elapsed: 9:24, vertices: 3801, facets final: 2178, pending: 33814, pool: 200
I  569.29] Elapsed: 9:29, vertices: 3827, facets final: 2242, pending: 33643, pool: 200
I  571.55] recalculating facets...
I  574.32] Elapsed: 9:34, vertices: 3858, facets final: 2305, pending: 33850, pool: 200
I  579.40] Elapsed: 9:39, vertices: 3890, facets final: 2383, pending: 33620, pool: 199
I  581.10] recalculating facets...
I  584.45] Elapsed: 9:44, vertices: 3920, facets final: 2467, pending: 33326, pool: 200
I  589.52] Elapsed: 9:50, vertices: 3951, facets final: 2535, pending: 33011, pool: 200
I  591.04] recalculating facets...
I  594.52] Elapsed: 9:55, vertices: 3983, facets final: 2603, pending: 32948, pool: 200
I  599.59] Elapsed: 10:00, vertices: 4015, facets final: 2676, pending: 32890, pool: 200
I  600.33] recalculating facets...
I  604.59] Elapsed: 10:05, vertices: 4048, facets final: 2734, pending: 32639, pool: 200
I  609.52] recalculating facets...
I  609.62] Elapsed: 10:10, vertices: 4081, facets final: 2799, pending: 32453, pool: 200
I  614.62] Elapsed: 10:15, vertices: 4115, facets final: 2848, pending: 32377, pool: 200
I  619.07] recalculating facets...
I  619.63] Elapsed: 10:20, vertices: 4143, facets final: 2935, pending: 32185, pool: 200
I  624.69] Elapsed: 10:25, vertices: 4173, facets final: 3009, pending: 32093, pool: 200
I  629.10] recalculating facets...
I  629.70] Elapsed: 10:30, vertices: 4204, facets final: 3074, pending: 31971, pool: 200
I  634.79] Elapsed: 10:35, vertices: 4234, facets final: 3155, pending: 31686, pool: 200
I  639.43] recalculating facets...
I  639.80] Elapsed: 10:40, vertices: 4263, facets final: 3231, pending: 31495, pool: 200
I  644.88] Elapsed: 10:45, vertices: 4293, facets final: 3290, pending: 31267, pool: 200
I  649.42] recalculating facets...
I  649.96] Elapsed: 10:50, vertices: 4323, facets final: 3351, pending: 31144, pool: 200
I  654.97] Elapsed: 10:55, vertices: 4353, facets final: 3421, pending: 30910, pool: 200
I  659.95] recalculating facets...
I  660.06] Elapsed: 11:00, vertices: 4381, facets final: 3488, pending: 30781, pool: 200
I  665.08] Elapsed: 11:05, vertices: 4411, facets final: 3545, pending: 30671, pool: 200
I  670.09] Elapsed: 11:10, vertices: 4440, facets final: 3639, pending: 30445, pool: 200
I  670.17] recalculating facets...
I  675.11] Elapsed: 11:15, vertices: 4469, facets final: 3736, pending: 30209, pool: 199
I  679.72] recalculating facets...
I  680.12] Elapsed: 11:20, vertices: 4502, facets final: 3827, pending: 30006, pool: 200
I  685.16] Elapsed: 11:25, vertices: 4534, facets final: 3926, pending: 29734, pool: 199
I  689.00] recalculating facets...
I  690.23] Elapsed: 11:30, vertices: 4566, facets final: 4011, pending: 29486, pool: 200
I  695.25] Elapsed: 11:35, vertices: 4596, facets final: 4106, pending: 29166, pool: 200
I  699.25] recalculating facets...
I  700.25] Elapsed: 11:40, vertices: 4627, facets final: 4189, pending: 28955, pool: 198
I  705.25] Elapsed: 11:45, vertices: 4654, facets final: 4284, pending: 28756, pool: 200
I  710.26] Elapsed: 11:50, vertices: 4680, facets final: 4397, pending: 28501, pool: 200
I  710.38] recalculating facets...
I  715.27] Elapsed: 11:55, vertices: 4707, facets final: 4506, pending: 28212, pool: 200
I  720.27] Elapsed: 12:00, vertices: 4730, facets final: 4636, pending: 27980, pool: 200
I  721.92] recalculating facets...
I  725.29] Elapsed: 12:05, vertices: 4755, facets final: 4740, pending: 27759, pool: 198
I  730.37] Elapsed: 12:10, vertices: 4784, facets final: 4832, pending: 27574, pool: 200
I  734.11] recalculating facets...
I  735.44] Elapsed: 12:15, vertices: 4807, facets final: 4949, pending: 27337, pool: 200
I  740.50] Elapsed: 12:21, vertices: 4833, facets final: 5069, pending: 27127, pool: 200
I  745.55] Elapsed: 12:26, vertices: 4856, facets final: 5201, pending: 26914, pool: 200
I  746.28] recalculating facets...
I  750.55] Elapsed: 12:31, vertices: 4882, facets final: 5312, pending: 26736, pool: 200
I  755.56] Elapsed: 12:36, vertices: 4910, facets final: 5419, pending: 26546, pool: 200
I  757.99] recalculating facets...
I  760.57] Elapsed: 12:41, vertices: 4931, facets final: 5558, pending: 26314, pool: 198
I  765.63] Elapsed: 12:46, vertices: 4948, facets final: 5692, pending: 26136, pool: 200
I  770.66] Elapsed: 12:51, vertices: 4978, facets final: 5776, pending: 25941, pool: 200
I  771.09] recalculating facets...
I  775.66] Elapsed: 12:56, vertices: 4999, facets final: 5901, pending: 25801, pool: 200
I  780.71] Elapsed: 13:01, vertices: 5024, facets final: 6019, pending: 25587, pool: 200
I  783.98] recalculating facets...
I  785.77] Elapsed: 13:06, vertices: 5051, facets final: 6133, pending: 25396, pool: 200
I  790.77] Elapsed: 13:11, vertices: 5075, facets final: 6267, pending: 25228, pool: 200
I  795.78] Elapsed: 13:16, vertices: 5098, facets final: 6412, pending: 25085, pool: 200
I  796.08] recalculating facets...
I  800.81] Elapsed: 13:21, vertices: 5126, facets final: 6511, pending: 24895, pool: 200
I  805.81] Elapsed: 13:26, vertices: 5152, facets final: 6632, pending: 24697, pool: 199
I  807.99] recalculating facets...
I  810.83] Elapsed: 13:31, vertices: 5173, facets final: 6769, pending: 24525, pool: 199
I  815.83] Elapsed: 13:36, vertices: 5199, facets final: 6892, pending: 24321, pool: 199
I  820.87] Elapsed: 13:41, vertices: 5214, facets final: 7071, pending: 24070, pool: 200
I  822.17] recalculating facets...
I  825.87] Elapsed: 13:46, vertices: 5240, facets final: 7175, pending: 23858, pool: 200
I  830.88] Elapsed: 13:51, vertices: 5259, facets final: 7309, pending: 23668, pool: 200
I  835.89] Elapsed: 13:56, vertices: 5279, facets final: 7447, pending: 23518, pool: 200
I  836.12] recalculating facets...
I  840.90] Elapsed: 14:01, vertices: 5299, facets final: 7585, pending: 23344, pool: 197
I  845.92] Elapsed: 14:06, vertices: 5314, facets final: 7750, pending: 23145, pool: 200
I  850.93] Elapsed: 14:11, vertices: 5335, facets final: 7872, pending: 22970, pool: 199
I  853.73] recalculating facets...
I  855.93] Elapsed: 14:16, vertices: 5349, facets final: 8032, pending: 22791, pool: 200
I  860.93] Elapsed: 14:21, vertices: 5365, facets final: 8186, pending: 22577, pool: 200
I  865.93] Elapsed: 14:26, vertices: 5382, facets final: 8332, pending: 22383, pool: 200
I  871.01] Elapsed: 14:31, vertices: 5399, facets final: 8485, pending: 22181, pool: 200
I  871.12] recalculating facets...
I  876.02] Elapsed: 14:36, vertices: 5417, facets final: 8648, pending: 21998, pool: 199
I  881.02] Elapsed: 14:41, vertices: 5433, facets final: 8802, pending: 21811, pool: 199
I  886.05] Elapsed: 14:46, vertices: 5447, facets final: 8968, pending: 21565, pool: 198
I  890.84] recalculating facets...
I  891.06] Elapsed: 14:51, vertices: 5461, facets final: 9125, pending: 21347, pool: 200
I  896.06] Elapsed: 14:56, vertices: 5478, facets final: 9270, pending: 21151, pool: 199
I  901.12] Elapsed: 15:01, vertices: 5495, facets final: 9419, pending: 20939, pool: 199
I  906.13] Elapsed: 15:06, vertices: 5509, facets final: 9598, pending: 20734, pool: 198
I  910.02] recalculating facets...
I  911.13] Elapsed: 15:11, vertices: 5522, facets final: 9774, pending: 20477, pool: 199
I  916.23] Elapsed: 15:16, vertices: 5538, facets final: 9945, pending: 20270, pool: 198
I  921.24] Elapsed: 15:21, vertices: 5551, facets final: 10135, pending: 20053, pool: 198
I  926.24] Elapsed: 15:26, vertices: 5566, facets final: 10311, pending: 19841, pool: 199
I  931.24] Elapsed: 15:31, vertices: 5579, facets final: 10490, pending: 19620, pool: 198
I  932.10] recalculating facets...
I  936.25] Elapsed: 15:36, vertices: 5594, facets final: 10652, pending: 19474, pool: 199
I  941.31] Elapsed: 15:41, vertices: 5607, facets final: 10815, pending: 19264, pool: 200
I  946.32] Elapsed: 15:46, vertices: 5623, facets final: 10995, pending: 19025, pool: 199
I  951.32] Elapsed: 15:51, vertices: 5635, facets final: 11181, pending: 18798, pool: 199
I  953.21] recalculating facets...
I  956.33] Elapsed: 15:56, vertices: 5644, facets final: 11385, pending: 18583, pool: 198
I  961.33] Elapsed: 16:01, vertices: 5651, facets final: 11592, pending: 18374, pool: 199
I  966.35] Elapsed: 16:06, vertices: 5665, facets final: 11751, pending: 18158, pool: 198
I  971.36] Elapsed: 16:11, vertices: 5676, facets final: 11940, pending: 17953, pool: 197
I  976.37] Elapsed: 16:16, vertices: 5686, facets final: 12134, pending: 17742, pool: 197
I  981.37] Elapsed: 16:21, vertices: 5697, facets final: 12319, pending: 17579, pool: 199
I  982.43] recalculating facets...
I  986.38] Elapsed: 16:26, vertices: 5711, facets final: 12494, pending: 17364, pool: 199
I  991.39] Elapsed: 16:31, vertices: 5720, facets final: 12695, pending: 17140, pool: 200
I  996.39] Elapsed: 16:36, vertices: 5732, facets final: 12874, pending: 16941, pool: 199
I 1001.40] Elapsed: 16:41, vertices: 5741, facets final: 13077, pending: 16718, pool: 198
I 1006.40] Elapsed: 16:46, vertices: 5754, facets final: 13237, pending: 16525, pool: 199
I 1008.94] recalculating facets...
I 1011.41] Elapsed: 16:51, vertices: 5769, facets final: 13403, pending: 16360, pool: 197
I 1016.47] Elapsed: 16:56, vertices: 5782, facets final: 13575, pending: 16142, pool: 198
I 1021.49] Elapsed: 17:01, vertices: 5791, facets final: 13761, pending: 15969, pool: 198
I 1026.51] Elapsed: 17:07, vertices: 5804, facets final: 13937, pending: 15762, pool: 198
I 1031.53] Elapsed: 17:12, vertices: 5811, facets final: 14154, pending: 15516, pool: 199
I 1035.54] recalculating facets...
I 1036.54] Elapsed: 17:17, vertices: 5825, facets final: 14322, pending: 15304, pool: 197
I 1041.56] Elapsed: 17:22, vertices: 5833, facets final: 14532, pending: 15080, pool: 198
I 1046.57] Elapsed: 17:27, vertices: 5840, facets final: 14733, pending: 14862, pool: 198
I 1051.57] Elapsed: 17:32, vertices: 5852, facets final: 14932, pending: 14642, pool: 196
I 1056.57] Elapsed: 17:37, vertices: 5860, facets final: 15126, pending: 14426, pool: 199
I 1061.59] Elapsed: 17:42, vertices: 5868, facets final: 15332, pending: 14204, pool: 196
I 1066.64] Elapsed: 17:47, vertices: 5876, facets final: 15524, pending: 13993, pool: 194
I 1070.14] recalculating facets...
I 1071.64] Elapsed: 17:52, vertices: 5883, facets final: 15734, pending: 13757, pool: 196
I 1076.69] Elapsed: 17:57, vertices: 5889, facets final: 15934, pending: 13527, pool: 195
I 1081.70] Elapsed: 18:02, vertices: 5895, facets final: 16156, pending: 13288, pool: 196
I 1086.72] Elapsed: 18:07, vertices: 5903, facets final: 16358, pending: 13073, pool: 193
I 1091.74] Elapsed: 18:12, vertices: 5908, facets final: 16578, pending: 12847, pool: 189
I 1096.74] Elapsed: 18:17, vertices: 5913, facets final: 16795, pending: 12591, pool: 193
I 1101.76] Elapsed: 18:22, vertices: 5919, facets final: 17013, pending: 12358, pool: 193
I 1106.78] Elapsed: 18:27, vertices: 5925, facets final: 17234, pending: 12127, pool: 195
I 1111.81] Elapsed: 18:32, vertices: 5930, facets final: 17457, pending: 11896, pool: 193
I 1116.82] Elapsed: 18:37, vertices: 5937, facets final: 17676, pending: 11663, pool: 194
I 1119.12] recalculating facets...
I 1121.82] Elapsed: 18:42, vertices: 5944, facets final: 17894, pending: 11441, pool: 195
I 1126.82] Elapsed: 18:47, vertices: 5951, facets final: 18096, pending: 11227, pool: 188
I 1131.82] Elapsed: 18:52, vertices: 5957, facets final: 18313, pending: 11017, pool: 190
I 1136.83] Elapsed: 18:57, vertices: 5962, facets final: 18540, pending: 10779, pool: 189
I 1141.85] Elapsed: 19:02, vertices: 5967, facets final: 18763, pending: 10547, pool: 190
I 1146.87] Elapsed: 19:07, vertices: 5972, facets final: 18981, pending: 10320, pool: 192
I 1151.88] Elapsed: 19:12, vertices: 5977, facets final: 19197, pending: 10106, pool: 190
I 1156.91] Elapsed: 19:17, vertices: 5984, facets final: 19407, pending: 9873, pool: 187
I 1161.91] Elapsed: 19:22, vertices: 5988, facets final: 19635, pending: 9632, pool: 188
I 1166.94] Elapsed: 19:27, vertices: 5998, facets final: 19837, pending: 9400, pool: 182
I 1170.39] recalculating facets...
I 1171.95] Elapsed: 19:32, vertices: 6001, facets final: 20051, pending: 9183, pool: 183
I 1176.95] Elapsed: 19:37, vertices: 6007, facets final: 20269, pending: 8956, pool: 182
I 1181.95] Elapsed: 19:42, vertices: 6014, facets final: 20481, pending: 8738, pool: 176
I 1186.96] Elapsed: 19:47, vertices: 6019, facets final: 20697, pending: 8517, pool: 173
I 1191.98] Elapsed: 19:52, vertices: 6025, facets final: 20925, pending: 8280, pool: 171
I 1197.00] Elapsed: 19:57, vertices: 6028, facets final: 21162, pending: 8049, pool: 170
I 1202.00] Elapsed: 20:02, vertices: 6031, facets final: 21420, pending: 7784, pool: 171
I 1207.00] Elapsed: 20:07, vertices: 6037, facets final: 21647, pending: 7548, pool: 165
I 1212.00] Elapsed: 20:12, vertices: 6042, facets final: 21886, pending: 7302, pool: 168
I 1217.01] Elapsed: 20:17, vertices: 6048, facets final: 22102, pending: 7079, pool: 165
I 1222.01] Elapsed: 20:22, vertices: 6054, facets final: 22332, pending: 6840, pool: 162
I 1227.03] Elapsed: 20:27, vertices: 6060, facets final: 22555, pending: 6605, pool: 157
I 1227.17] recalculating facets...
I 1232.03] Elapsed: 20:32, vertices: 6071, facets final: 22744, pending: 6396, pool: 147
I 1237.03] Elapsed: 20:37, vertices: 6076, facets final: 22984, pending: 6146, pool: 146
I 1242.04] Elapsed: 20:42, vertices: 6086, facets final: 23185, pending: 5932, pool: 139
I 1247.06] Elapsed: 20:47, vertices: 6096, facets final: 23375, pending: 5731, pool: 133
I 1252.12] Elapsed: 20:52, vertices: 6101, facets final: 23601, pending: 5494, pool: 131
I 1257.14] Elapsed: 20:57, vertices: 6107, facets final: 23827, pending: 5257, pool: 131
I 1262.16] Elapsed: 21:02, vertices: 6116, facets final: 24035, pending: 5030, pool: 125
I 1266.21] recalculating facets...
I 1267.17] Elapsed: 21:07, vertices: 6122, facets final: 24265, pending: 4790, pool: 123
I 1272.17] Elapsed: 21:12, vertices: 6129, facets final: 24483, pending: 4554, pool: 120
I 1277.18] Elapsed: 21:17, vertices: 6132, facets final: 24728, pending: 4303, pool: 119
I 1282.19] Elapsed: 21:22, vertices: 6134, facets final: 24973, pending: 4054, pool: 121
I 1287.19] Elapsed: 21:27, vertices: 6139, facets final: 25200, pending: 3820, pool: 119
I 1292.20] Elapsed: 21:32, vertices: 6141, facets final: 25420, pending: 3599, pool: 121
I 1297.21] Elapsed: 21:37, vertices: 6144, facets final: 25655, pending: 3362, pool: 120
I 1302.22] Elapsed: 21:42, vertices: 6150, facets final: 25882, pending: 3125, pool: 117
I 1307.22] Elapsed: 21:47, vertices: 6155, facets final: 26115, pending: 2877, pool: 116
I 1312.23] Elapsed: 21:52, vertices: 6160, facets final: 26350, pending: 2632, pool: 113
I 1317.24] Elapsed: 21:57, vertices: 6163, facets final: 26572, pending: 2406, pool: 111
I 1322.24] Elapsed: 22:02, vertices: 6167, facets final: 26812, pending: 2158, pool: 110
I 1327.25] Elapsed: 22:07, vertices: 6171, facets final: 27036, pending: 1928, pool: 108
I 1332.25] Elapsed: 22:12, vertices: 6174, facets final: 27271, pending: 1686, pool: 107
I 1337.25] Elapsed: 22:17, vertices: 6180, facets final: 27502, pending: 1452, pool: 105
I 1337.77] recalculating facets...
I 1342.25] Elapsed: 22:22, vertices: 6185, facets final: 27734, pending: 1212, pool: 101
I 1347.26] Elapsed: 22:27, vertices: 6191, facets final: 27964, pending: 967, pool: 100
I 1352.26] Elapsed: 22:32, vertices: 6198, facets final: 28182, pending: 738, pool: 98
I 1357.26] Elapsed: 22:37, vertices: 6209, facets final: 28403, pending: 521, pool: 89
I 1361.89] recalculating facets...
I 1362.31] Elapsed: 22:42, vertices: 6243, facets final: 28560, pending: 333, pool: 68
I 1367.31] Elapsed: 22:47, vertices: 6299, facets final: 28714, pending: 134, pool: 33
I 1367.38] recalculating facets...
I 1370.09] Elapsed: 22:50, vertices: 6350, facets final: 28803, pending: 0

--------------------------------
Problem completed
 name                    74.vlp
 output                  vlp/74.res
 rows, cols, objs        173, 4582, 10
 vertices, facets        6350, 28803
 total time              22:50
--------------------------------
Statistics
LP:
 oracle calls            36040
   avg iterations/calls  145.98
 total oracle time       11:58
Combinatorics:
 vertices added          6350
 facets probed           65386
 facets # max            48963
 memory allocated        99.27M
 storage expansion
   vertices # / upto     50 / 6396
   facets   # / upto     12 / 49148
 facet manipulating
   added avg / max       77.04 / 868.00
   compressed            286
 number of ridge tests
   avg / max             2.57M / 31.15M
--------------------------------
Parameters with non-default values
 VertexPoolSize = 200
 RecalculateFacets = 60
 PolytopeEps = 1e-08
 ScaleEps = 5e-08
 RoundEps = 5e-08
