C copy string: rs=ac:bd;t=(ar):bd;u=d:abrt;ar,br,cr,d;ar,br,c,dr; ineq: base30.t
I    4.76] recalculating facets...
I    5.11] Elapsed: 5.11, vertices: 62, facets final: 6, pending: 5500, pool: 90
I   10.13] Elapsed: 10.13, vertices: 112, facets final: 18, pending: 11673, pool: 152
I   10.90] recalculating facets...
I   15.14] Elapsed: 15.14, vertices: 164, facets final: 26, pending: 14287, pool: 197
I   16.60] recalculating facets...
I   20.15] Elapsed: 20.15, vertices: 222, facets final: 37, pending: 19886, pool: 200
I   21.86] recalculating facets...
I   25.21] Elapsed: 25.21, vertices: 273, facets final: 43, pending: 22984, pool: 200
I   27.86] recalculating facets...
I   30.21] Elapsed: 30.21, vertices: 322, facets final: 47, pending: 26121, pool: 200
I   34.60] recalculating facets...
I   35.21] Elapsed: 35.21, vertices: 365, facets final: 57, pending: 27181, pool: 199
I   40.26] Elapsed: 40.26, vertices: 406, facets final: 64, pending: 27391, pool: 200
I   41.83] recalculating facets...
I   45.27] Elapsed: 45.27, vertices: 453, facets final: 72, pending: 27841, pool: 199
I   48.24] recalculating facets...
I   50.31] Elapsed: 50.31, vertices: 499, facets final: 79, pending: 27949, pool: 199
I   54.94] recalculating facets...
I   55.36] Elapsed: 55.36, vertices: 544, facets final: 90, pending: 28238, pool: 200
I   60.37] Elapsed: 1:00, vertices: 584, facets final: 113, pending: 29614, pool: 200
I   62.43] recalculating facets...
I   65.44] Elapsed: 1:05, vertices: 625, facets final: 123, pending: 30893, pool: 200
I   69.68] recalculating facets...
I   70.46] Elapsed: 1:10, vertices: 666, facets final: 134, pending: 31596, pool: 200
I   75.50] Elapsed: 1:16, vertices: 706, facets final: 151, pending: 32347, pool: 199
I   77.38] recalculating facets...
I   80.50] Elapsed: 1:21, vertices: 745, facets final: 168, pending: 33118, pool: 199
I   84.89] recalculating facets...
I   85.51] Elapsed: 1:26, vertices: 784, facets final: 174, pending: 33385, pool: 200
I   90.51] Elapsed: 1:31, vertices: 821, facets final: 187, pending: 34549, pool: 200
I   93.37] recalculating facets...
I   95.57] Elapsed: 1:36, vertices: 855, facets final: 207, pending: 34708, pool: 199
I  100.62] Elapsed: 1:41, vertices: 894, facets final: 217, pending: 34730, pool: 200
I  101.38] recalculating facets...
I  105.62] Elapsed: 1:46, vertices: 930, facets final: 230, pending: 34084, pool: 200
I  110.14] recalculating facets...
I  110.63] Elapsed: 1:51, vertices: 963, facets final: 250, pending: 34316, pool: 200
I  115.63] Elapsed: 1:56, vertices: 1001, facets final: 266, pending: 34291, pool: 199
I  118.26] recalculating facets...
I  120.63] Elapsed: 2:01, vertices: 1036, facets final: 282, pending: 34583, pool: 200
I  125.64] Elapsed: 2:06, vertices: 1070, facets final: 295, pending: 35242, pool: 200
I  127.17] recalculating facets...
I  130.66] Elapsed: 2:11, vertices: 1104, facets final: 309, pending: 35612, pool: 200
I  135.72] Elapsed: 2:16, vertices: 1137, facets final: 331, pending: 35646, pool: 200
I  136.16] recalculating facets...
I  140.78] Elapsed: 2:21, vertices: 1174, facets final: 350, pending: 35139, pool: 199
I  144.63] recalculating facets...
I  145.85] Elapsed: 2:26, vertices: 1208, facets final: 375, pending: 35026, pool: 200
I  150.85] Elapsed: 2:31, vertices: 1247, facets final: 396, pending: 34122, pool: 200
I  152.63] recalculating facets...
I  155.90] Elapsed: 2:36, vertices: 1283, facets final: 420, pending: 33912, pool: 200
I  160.90] Elapsed: 2:41, vertices: 1320, facets final: 439, pending: 33585, pool: 200
I  160.90] recalculating facets...
I  165.91] Elapsed: 2:46, vertices: 1356, facets final: 465, pending: 33786, pool: 200
I  169.07] recalculating facets...
I  170.96] Elapsed: 2:51, vertices: 1394, facets final: 480, pending: 33328, pool: 200
I  176.04] Elapsed: 2:56, vertices: 1432, facets final: 509, pending: 32521, pool: 200
I  176.99] recalculating facets...
I  181.07] Elapsed: 3:01, vertices: 1469, facets final: 537, pending: 32154, pool: 199
I  185.13] recalculating facets...
I  186.14] Elapsed: 3:06, vertices: 1507, facets final: 560, pending: 31920, pool: 200
I  191.21] Elapsed: 3:11, vertices: 1546, facets final: 589, pending: 31049, pool: 200
I  193.01] recalculating facets...
I  196.22] Elapsed: 3:16, vertices: 1586, facets final: 618, pending: 30631, pool: 200
I  200.30] recalculating facets...
I  201.22] Elapsed: 3:21, vertices: 1627, facets final: 650, pending: 30345, pool: 200
I  206.24] Elapsed: 3:26, vertices: 1665, facets final: 684, pending: 29769, pool: 200
I  208.07] recalculating facets...
I  211.28] Elapsed: 3:31, vertices: 1707, facets final: 706, pending: 29920, pool: 200
I  215.29] recalculating facets...
I  216.28] Elapsed: 3:36, vertices: 1748, facets final: 741, pending: 29555, pool: 200
I  221.31] Elapsed: 3:41, vertices: 1786, facets final: 775, pending: 29330, pool: 200
I  223.08] recalculating facets...
I  226.32] Elapsed: 3:46, vertices: 1827, facets final: 801, pending: 29027, pool: 200
I  230.45] recalculating facets...
I  231.36] Elapsed: 3:51, vertices: 1866, facets final: 846, pending: 28542, pool: 200
I  236.36] Elapsed: 3:56, vertices: 1903, facets final: 892, pending: 28591, pool: 200
I  238.71] recalculating facets...
I  241.44] Elapsed: 4:01, vertices: 1938, facets final: 943, pending: 28394, pool: 200
I  246.44] Elapsed: 4:06, vertices: 1979, facets final: 983, pending: 28231, pool: 200
I  246.60] recalculating facets...
I  251.44] Elapsed: 4:11, vertices: 2019, facets final: 1022, pending: 27947, pool: 200
I  254.25] recalculating facets...
I  256.52] Elapsed: 4:17, vertices: 2058, facets final: 1065, pending: 27699, pool: 200
I  261.56] Elapsed: 4:22, vertices: 2093, facets final: 1114, pending: 27514, pool: 200
I  262.62] recalculating facets...
I  266.56] Elapsed: 4:27, vertices: 2125, facets final: 1184, pending: 27138, pool: 200
I  271.12] recalculating facets...
I  271.61] Elapsed: 4:32, vertices: 2162, facets final: 1235, pending: 26691, pool: 200
I  276.63] Elapsed: 4:37, vertices: 2202, facets final: 1286, pending: 26308, pool: 199
I  279.14] recalculating facets...
I  281.68] Elapsed: 4:42, vertices: 2239, facets final: 1339, pending: 25915, pool: 200
I  286.68] Elapsed: 4:47, vertices: 2274, facets final: 1397, pending: 25671, pool: 200
I  287.49] recalculating facets...
I  291.70] Elapsed: 4:52, vertices: 2308, facets final: 1454, pending: 25461, pool: 199
I  295.99] recalculating facets...
I  296.72] Elapsed: 4:57, vertices: 2345, facets final: 1500, pending: 24994, pool: 200
I  301.77] Elapsed: 5:02, vertices: 2378, facets final: 1562, pending: 24553, pool: 200
I  305.04] recalculating facets...
I  306.77] Elapsed: 5:07, vertices: 2416, facets final: 1638, pending: 24446, pool: 200
I  311.82] Elapsed: 5:12, vertices: 2453, facets final: 1717, pending: 24186, pool: 200
I  312.54] recalculating facets...
I  316.83] Elapsed: 5:17, vertices: 2490, facets final: 1790, pending: 23607, pool: 200
I  321.19] recalculating facets...
I  321.90] Elapsed: 5:22, vertices: 2526, facets final: 1864, pending: 23353, pool: 200
I  326.92] Elapsed: 5:27, vertices: 2562, facets final: 1937, pending: 23031, pool: 200
I  330.07] recalculating facets...
I  331.94] Elapsed: 5:32, vertices: 2596, facets final: 2015, pending: 22779, pool: 200
I  336.98] Elapsed: 5:37, vertices: 2634, facets final: 2090, pending: 22513, pool: 200
I  337.80] recalculating facets...
I  342.06] Elapsed: 5:42, vertices: 2667, facets final: 2174, pending: 22301, pool: 199
I  347.08] Elapsed: 5:47, vertices: 2696, facets final: 2262, pending: 21996, pool: 200
I  347.57] recalculating facets...
I  352.09] Elapsed: 5:52, vertices: 2726, facets final: 2361, pending: 21616, pool: 200
I  357.11] Elapsed: 5:57, vertices: 2756, facets final: 2450, pending: 21260, pool: 200
I  357.87] recalculating facets...
I  362.15] Elapsed: 6:02, vertices: 2786, facets final: 2544, pending: 20902, pool: 200
I  367.15] Elapsed: 6:07, vertices: 2817, facets final: 2641, pending: 20716, pool: 200
I  367.82] recalculating facets...
I  372.15] Elapsed: 6:12, vertices: 2846, facets final: 2735, pending: 20490, pool: 200
I  377.19] Elapsed: 6:17, vertices: 2873, facets final: 2833, pending: 20222, pool: 200
I  378.11] recalculating facets...
I  382.23] Elapsed: 6:22, vertices: 2900, facets final: 2938, pending: 19874, pool: 200
I  387.23] Elapsed: 6:27, vertices: 2924, facets final: 3067, pending: 19519, pool: 200
I  390.90] recalculating facets...
I  392.26] Elapsed: 6:32, vertices: 2947, facets final: 3186, pending: 19230, pool: 200
I  397.26] Elapsed: 6:37, vertices: 2973, facets final: 3299, pending: 19026, pool: 200
I  402.08] recalculating facets...
I  402.27] Elapsed: 6:42, vertices: 3001, facets final: 3399, pending: 18731, pool: 200
I  407.31] Elapsed: 6:47, vertices: 3026, facets final: 3511, pending: 18624, pool: 200
I  412.33] Elapsed: 6:52, vertices: 3047, facets final: 3647, pending: 18318, pool: 200
I  414.76] recalculating facets...
I  417.35] Elapsed: 6:57, vertices: 3073, facets final: 3754, pending: 18057, pool: 199
I  422.35] Elapsed: 7:02, vertices: 3098, facets final: 3861, pending: 17758, pool: 200
I  427.37] Elapsed: 7:07, vertices: 3119, facets final: 3990, pending: 17538, pool: 198
I  427.65] recalculating facets...
I  432.37] Elapsed: 7:12, vertices: 3143, facets final: 4091, pending: 17405, pool: 200
I  437.37] Elapsed: 7:17, vertices: 3165, facets final: 4229, pending: 17131, pool: 199
I  440.81] recalculating facets...
I  442.37] Elapsed: 7:22, vertices: 3191, facets final: 4358, pending: 16920, pool: 199
I  447.37] Elapsed: 7:27, vertices: 3215, facets final: 4495, pending: 16610, pool: 200
I  452.37] Elapsed: 7:32, vertices: 3235, facets final: 4657, pending: 16385, pool: 200
I  453.48] recalculating facets...
I  457.37] Elapsed: 7:37, vertices: 3253, facets final: 4814, pending: 16110, pool: 199
I  462.39] Elapsed: 7:42, vertices: 3272, facets final: 4975, pending: 15890, pool: 200
I  467.40] Elapsed: 7:47, vertices: 3291, facets final: 5133, pending: 15699, pool: 197
I  471.20] recalculating facets...
I  472.46] Elapsed: 7:52, vertices: 3307, facets final: 5296, pending: 15448, pool: 199
I  477.49] Elapsed: 7:57, vertices: 3326, facets final: 5457, pending: 15317, pool: 199
I  482.53] Elapsed: 8:03, vertices: 3342, facets final: 5620, pending: 15064, pool: 200
I  487.54] Elapsed: 8:08, vertices: 3357, facets final: 5788, pending: 14916, pool: 199
I  488.11] recalculating facets...
I  492.54] Elapsed: 8:13, vertices: 3377, facets final: 5940, pending: 14701, pool: 198
I  497.56] Elapsed: 8:18, vertices: 3391, facets final: 6100, pending: 14533, pool: 199
I  502.57] Elapsed: 8:23, vertices: 3403, facets final: 6267, pending: 14323, pool: 197
I  507.60] Elapsed: 8:28, vertices: 3414, facets final: 6442, pending: 14117, pool: 200
I  511.30] recalculating facets...
I  512.60] Elapsed: 8:33, vertices: 3426, facets final: 6626, pending: 13942, pool: 200
I  517.62] Elapsed: 8:38, vertices: 3439, facets final: 6802, pending: 13720, pool: 199
I  522.62] Elapsed: 8:43, vertices: 3450, facets final: 6973, pending: 13521, pool: 200
I  527.62] Elapsed: 8:48, vertices: 3463, facets final: 7146, pending: 13302, pool: 199
I  532.62] Elapsed: 8:53, vertices: 3477, facets final: 7330, pending: 13068, pool: 194
I  534.46] recalculating facets...
I  537.67] Elapsed: 8:58, vertices: 3485, facets final: 7519, pending: 12836, pool: 198
I  542.72] Elapsed: 9:03, vertices: 3494, facets final: 7702, pending: 12643, pool: 199
I  547.76] Elapsed: 9:08, vertices: 3510, facets final: 7880, pending: 12447, pool: 200
I  552.77] Elapsed: 9:13, vertices: 3526, facets final: 8067, pending: 12209, pool: 200
I  557.79] Elapsed: 9:18, vertices: 3538, facets final: 8241, pending: 12030, pool: 198
I  558.81] recalculating facets...
I  562.79] Elapsed: 9:23, vertices: 3554, facets final: 8407, pending: 11824, pool: 199
I  567.86] Elapsed: 9:28, vertices: 3563, facets final: 8593, pending: 11608, pool: 200
I  572.86] Elapsed: 9:33, vertices: 3575, facets final: 8771, pending: 11391, pool: 196
I  577.87] Elapsed: 9:38, vertices: 3583, facets final: 8965, pending: 11186, pool: 196
I  582.87] Elapsed: 9:43, vertices: 3591, facets final: 9156, pending: 10964, pool: 197
I  587.03] recalculating facets...
I  587.87] Elapsed: 9:48, vertices: 3601, facets final: 9345, pending: 10747, pool: 194
I  592.87] Elapsed: 9:53, vertices: 3607, facets final: 9559, pending: 10511, pool: 195
I  597.89] Elapsed: 9:58, vertices: 3615, facets final: 9746, pending: 10302, pool: 199
I  602.89] Elapsed: 10:03, vertices: 3623, facets final: 9947, pending: 10080, pool: 198
I  607.90] Elapsed: 10:08, vertices: 3630, facets final: 10148, pending: 9859, pool: 196
I  612.90] Elapsed: 10:13, vertices: 3634, facets final: 10358, pending: 9638, pool: 197
I  617.91] Elapsed: 10:18, vertices: 3639, facets final: 10569, pending: 9410, pool: 197
I  622.93] Elapsed: 10:23, vertices: 3645, facets final: 10768, pending: 9202, pool: 194
I  627.95] Elapsed: 10:28, vertices: 3656, facets final: 10962, pending: 8998, pool: 187
I  632.98] Elapsed: 10:33, vertices: 3658, facets final: 11167, pending: 8785, pool: 191
I  636.00] recalculating facets...
I  637.98] Elapsed: 10:38, vertices: 3663, facets final: 11361, pending: 8572, pool: 189
I  642.98] Elapsed: 10:43, vertices: 3670, facets final: 11548, pending: 8356, pool: 192
I  648.00] Elapsed: 10:48, vertices: 3677, facets final: 11742, pending: 8167, pool: 191
I  653.01] Elapsed: 10:53, vertices: 3682, facets final: 11934, pending: 7964, pool: 195
I  658.02] Elapsed: 10:58, vertices: 3688, facets final: 12139, pending: 7747, pool: 194
I  663.03] Elapsed: 11:03, vertices: 3693, facets final: 12340, pending: 7534, pool: 192
I  668.05] Elapsed: 11:08, vertices: 3699, facets final: 12543, pending: 7310, pool: 199
I  673.05] Elapsed: 11:13, vertices: 3708, facets final: 12739, pending: 7085, pool: 195
I  678.06] Elapsed: 11:18, vertices: 3714, facets final: 12930, pending: 6876, pool: 196
I  683.06] Elapsed: 11:23, vertices: 3720, facets final: 13127, pending: 6659, pool: 194
I  684.45] recalculating facets...
I  688.07] Elapsed: 11:28, vertices: 3727, facets final: 13316, pending: 6442, pool: 195
I  693.08] Elapsed: 11:33, vertices: 3733, facets final: 13526, pending: 6216, pool: 193
I  698.08] Elapsed: 11:38, vertices: 3737, facets final: 13738, pending: 5994, pool: 191
I  703.09] Elapsed: 11:43, vertices: 3745, facets final: 13940, pending: 5783, pool: 193
I  708.09] Elapsed: 11:48, vertices: 3750, facets final: 14146, pending: 5563, pool: 189
I  713.10] Elapsed: 11:53, vertices: 3752, facets final: 14366, pending: 5338, pool: 190
I  718.12] Elapsed: 11:58, vertices: 3758, facets final: 14558, pending: 5134, pool: 188
I  723.14] Elapsed: 12:03, vertices: 3762, facets final: 14767, pending: 4910, pool: 189
I  728.16] Elapsed: 12:08, vertices: 3771, facets final: 14952, pending: 4714, pool: 187
I  733.17] Elapsed: 12:13, vertices: 3775, facets final: 15160, pending: 4497, pool: 185
I  737.26] recalculating facets...
I  738.19] Elapsed: 12:18, vertices: 3782, facets final: 15357, pending: 4286, pool: 181
I  743.20] Elapsed: 12:23, vertices: 3788, facets final: 15548, pending: 4085, pool: 180
I  748.20] Elapsed: 12:28, vertices: 3792, facets final: 15755, pending: 3871, pool: 178
I  753.21] Elapsed: 12:33, vertices: 3794, facets final: 15962, pending: 3661, pool: 177
I  758.22] Elapsed: 12:38, vertices: 3801, facets final: 16163, pending: 3450, pool: 175
I  763.23] Elapsed: 12:43, vertices: 3805, facets final: 16361, pending: 3247, pool: 173
I  768.23] Elapsed: 12:48, vertices: 3811, facets final: 16562, pending: 3038, pool: 174
I  773.25] Elapsed: 12:53, vertices: 3813, facets final: 16775, pending: 2819, pool: 176
I  778.25] Elapsed: 12:58, vertices: 3819, facets final: 16976, pending: 2603, pool: 176
I  783.26] Elapsed: 13:03, vertices: 3828, facets final: 17178, pending: 2395, pool: 168
I  788.29] Elapsed: 13:08, vertices: 3833, facets final: 17382, pending: 2190, pool: 163
I  793.29] Elapsed: 13:13, vertices: 3840, facets final: 17589, pending: 1971, pool: 161
I  794.09] recalculating facets...
I  798.31] Elapsed: 13:18, vertices: 3847, facets final: 17791, pending: 1760, pool: 158
I  803.31] Elapsed: 13:23, vertices: 3852, facets final: 18003, pending: 1544, pool: 155
I  808.31] Elapsed: 13:28, vertices: 3861, facets final: 18218, pending: 1323, pool: 148
I  813.31] Elapsed: 13:33, vertices: 3870, facets final: 18415, pending: 1125, pool: 141
I  818.32] Elapsed: 13:38, vertices: 3880, facets final: 18613, pending: 921, pool: 134
I  823.34] Elapsed: 13:43, vertices: 3892, facets final: 18807, pending: 710, pool: 126
I  826.47] recalculating facets...
I  828.34] Elapsed: 13:48, vertices: 3908, facets final: 18992, pending: 499, pool: 114
I  833.35] Elapsed: 13:53, vertices: 3936, facets final: 19155, pending: 293, pool: 101
I  835.75] recalculating facets...
I  838.37] Elapsed: 13:58, vertices: 4006, facets final: 19287, pending: 135, pool: 49
I  839.15] recalculating facets...
I  841.74] recalculating facets...
I  841.88] Elapsed: 14:02, vertices: 4082, facets final: 19369, pending: 0

--------------------------------
Problem completed
 name                    77.vlp
 output                  vlp/77.res
 rows, cols, objs        173, 4572, 10
 vertices, facets        4082, 19369
 total time              14:02
--------------------------------
Statistics
LP:
 oracle calls            24493
   avg iterations/calls  162.28
 total oracle time       9:12
Combinatorics:
 vertices added          4082
 facets probed           51300
 facets # max            36113
 memory allocated        52.02M
 storage expansion
   vertices # / upto     32 / 4092
   facets   # / upto     9 / 36860
 facet manipulating
   added avg / max       104.60 / 1.36k
   compressed            238
 number of ridge tests
   avg / max             2.52M / 27.40M
--------------------------------
Parameters with non-default values
 VertexPoolSize = 200
 RecalculateFacets = 60
 PolytopeEps = 1e-08
 ScaleEps = 5e-08
 RoundEps = 5e-08
