C copy string: rs=cd:ab;t=(cr):ab;u=(cr):abt;ar,br,cr,d;ar,br,c,dr; ineq: base30
I    4.88] recalculating facets...
I    5.05] Elapsed: 5.05, vertices: 62, facets final: 11, pending: 3331, pool: 106
I    9.68] recalculating facets...
I   10.05] Elapsed: 10.05, vertices: 126, facets final: 22, pending: 7479, pool: 200
I   12.77] recalculating facets...
I   15.06] Elapsed: 15.06, vertices: 223, facets final: 37, pending: 12370, pool: 200
I   16.02] recalculating facets...
I   19.68] recalculating facets...
I   20.09] Elapsed: 20.09, vertices: 305, facets final: 43, pending: 16839, pool: 200
I   23.97] recalculating facets...
I   25.12] Elapsed: 25.12, vertices: 375, facets final: 61, pending: 20226, pool: 200
I   28.76] recalculating facets...
I   30.12] Elapsed: 30.12, vertices: 435, facets final: 76, pending: 22837, pool: 198
I   34.15] recalculating facets...
I   35.17] Elapsed: 35.17, vertices: 491, facets final: 87, pending: 25902, pool: 200
I   40.10] recalculating facets...
I   40.24] Elapsed: 40.24, vertices: 541, facets final: 93, pending: 28780, pool: 200
I   45.27] Elapsed: 45.27, vertices: 588, facets final: 100, pending: 30472, pool: 200
I   46.56] recalculating facets...
I   50.31] Elapsed: 50.31, vertices: 636, facets final: 103, pending: 31512, pool: 200
I   52.98] recalculating facets...
I   55.32] Elapsed: 55.32, vertices: 682, facets final: 111, pending: 32799, pool: 200
I   59.95] recalculating facets...
I   60.36] Elapsed: 1:00, vertices: 723, facets final: 123, pending: 33486, pool: 200
I   65.41] Elapsed: 1:05, vertices: 767, facets final: 134, pending: 33894, pool: 200
I   67.07] recalculating facets...
I   70.42] Elapsed: 1:10, vertices: 807, facets final: 146, pending: 34806, pool: 200
I   74.34] recalculating facets...
I   75.43] Elapsed: 1:15, vertices: 848, facets final: 154, pending: 35642, pool: 200
I   80.45] Elapsed: 1:20, vertices: 891, facets final: 164, pending: 36293, pool: 200
I   81.65] recalculating facets...
I   85.46] Elapsed: 1:25, vertices: 931, facets final: 172, pending: 37198, pool: 200
I   89.51] recalculating facets...
I   90.53] Elapsed: 1:31, vertices: 967, facets final: 188, pending: 37349, pool: 200
I   95.56] Elapsed: 1:36, vertices: 1005, facets final: 204, pending: 37079, pool: 200
I   97.47] recalculating facets...
I  100.62] Elapsed: 1:41, vertices: 1042, facets final: 208, pending: 37416, pool: 200
I  105.67] Elapsed: 1:46, vertices: 1078, facets final: 220, pending: 37521, pool: 200
I  105.94] recalculating facets...
I  110.67] Elapsed: 1:51, vertices: 1113, facets final: 230, pending: 37931, pool: 200
I  114.39] recalculating facets...
I  115.70] Elapsed: 1:56, vertices: 1149, facets final: 242, pending: 38982, pool: 200
I  120.70] Elapsed: 2:01, vertices: 1182, facets final: 253, pending: 39800, pool: 200
I  123.45] recalculating facets...
I  125.71] Elapsed: 2:06, vertices: 1215, facets final: 263, pending: 40134, pool: 200
I  130.75] Elapsed: 2:11, vertices: 1251, facets final: 272, pending: 40228, pool: 200
I  131.99] recalculating facets...
I  135.84] Elapsed: 2:16, vertices: 1286, facets final: 281, pending: 40798, pool: 200
I  140.84] Elapsed: 2:21, vertices: 1317, facets final: 296, pending: 40680, pool: 200
I  141.51] recalculating facets...
I  145.87] Elapsed: 2:26, vertices: 1349, facets final: 315, pending: 40705, pool: 200
I  150.52] recalculating facets...
I  150.89] Elapsed: 2:31, vertices: 1382, facets final: 326, pending: 41398, pool: 200
I  155.94] Elapsed: 2:36, vertices: 1415, facets final: 334, pending: 41176, pool: 200
I  159.95] recalculating facets...
I  161.05] Elapsed: 2:41, vertices: 1447, facets final: 344, pending: 41461, pool: 200
I  166.08] Elapsed: 2:46, vertices: 1482, facets final: 358, pending: 41940, pool: 200
I  168.70] recalculating facets...
I  171.08] Elapsed: 2:51, vertices: 1515, facets final: 369, pending: 41959, pool: 200
I  176.11] Elapsed: 2:56, vertices: 1548, facets final: 381, pending: 42137, pool: 200
I  177.96] recalculating facets...
I  181.19] Elapsed: 3:01, vertices: 1582, facets final: 390, pending: 42382, pool: 200
I  186.28] Elapsed: 3:06, vertices: 1612, facets final: 409, pending: 42840, pool: 200
I  187.53] recalculating facets...
I  191.29] Elapsed: 3:11, vertices: 1643, facets final: 413, pending: 43352, pool: 200
I  196.37] Elapsed: 3:16, vertices: 1673, facets final: 431, pending: 43183, pool: 200
I  197.43] recalculating facets...
I  201.46] Elapsed: 3:21, vertices: 1706, facets final: 451, pending: 43136, pool: 200
I  206.48] Elapsed: 3:26, vertices: 1738, facets final: 460, pending: 42691, pool: 200
I  206.77] recalculating facets...
I  211.51] Elapsed: 3:32, vertices: 1767, facets final: 481, pending: 42849, pool: 199
I  216.48] recalculating facets...
I  216.57] Elapsed: 3:37, vertices: 1801, facets final: 492, pending: 42911, pool: 200
I  221.62] Elapsed: 3:42, vertices: 1831, facets final: 507, pending: 43036, pool: 200
I  225.94] recalculating facets...
I  226.71] Elapsed: 3:47, vertices: 1864, facets final: 527, pending: 42864, pool: 200
I  231.72] Elapsed: 3:52, vertices: 1898, facets final: 547, pending: 42674, pool: 200
I  235.15] recalculating facets...
I  236.72] Elapsed: 3:57, vertices: 1930, facets final: 563, pending: 42389, pool: 200
I  241.72] Elapsed: 4:02, vertices: 1961, facets final: 583, pending: 42284, pool: 200
I  244.78] recalculating facets...
I  246.74] Elapsed: 4:07, vertices: 1994, facets final: 598, pending: 42313, pool: 200
I  251.76] Elapsed: 4:12, vertices: 2027, facets final: 615, pending: 42210, pool: 200
I  253.86] recalculating facets...
I  256.86] Elapsed: 4:17, vertices: 2058, facets final: 638, pending: 42054, pool: 200
I  261.86] Elapsed: 4:22, vertices: 2091, facets final: 655, pending: 42183, pool: 200
I  263.24] recalculating facets...
I  266.86] Elapsed: 4:27, vertices: 2122, facets final: 674, pending: 41735, pool: 199
I  271.87] Elapsed: 4:32, vertices: 2155, facets final: 701, pending: 41731, pool: 200
I  272.64] recalculating facets...
I  276.94] Elapsed: 4:37, vertices: 2190, facets final: 720, pending: 41780, pool: 200
I  281.25] recalculating facets...
I  281.94] Elapsed: 4:42, vertices: 2225, facets final: 739, pending: 41770, pool: 200
I  286.94] Elapsed: 4:47, vertices: 2257, facets final: 761, pending: 41592, pool: 199
I  290.50] recalculating facets...
I  292.02] Elapsed: 4:52, vertices: 2290, facets final: 782, pending: 41255, pool: 200
I  297.06] Elapsed: 4:57, vertices: 2322, facets final: 803, pending: 40962, pool: 200
I  299.76] recalculating facets...
I  302.10] Elapsed: 5:02, vertices: 2355, facets final: 826, pending: 40758, pool: 200
I  307.12] Elapsed: 5:07, vertices: 2389, facets final: 848, pending: 40661, pool: 200
I  308.92] recalculating facets...
I  312.14] Elapsed: 5:12, vertices: 2422, facets final: 876, pending: 40205, pool: 200
I  317.16] Elapsed: 5:17, vertices: 2455, facets final: 895, pending: 39918, pool: 200
I  318.07] recalculating facets...
I  322.19] Elapsed: 5:22, vertices: 2488, facets final: 922, pending: 39799, pool: 200
I  327.16] recalculating facets...
I  327.24] Elapsed: 5:27, vertices: 2521, facets final: 949, pending: 39609, pool: 200
I  332.26] Elapsed: 5:32, vertices: 2554, facets final: 976, pending: 39353, pool: 200
I  336.21] recalculating facets...
I  337.31] Elapsed: 5:37, vertices: 2587, facets final: 1004, pending: 39197, pool: 200
I  342.37] Elapsed: 5:42, vertices: 2621, facets final: 1031, pending: 38840, pool: 200
I  345.66] recalculating facets...
I  347.46] Elapsed: 5:47, vertices: 2651, facets final: 1053, pending: 38736, pool: 200
I  352.46] Elapsed: 5:52, vertices: 2682, facets final: 1073, pending: 38627, pool: 200
I  355.50] recalculating facets...
I  357.51] Elapsed: 5:58, vertices: 2714, facets final: 1090, pending: 38824, pool: 200
I  362.51] Elapsed: 6:03, vertices: 2745, facets final: 1118, pending: 38643, pool: 200
I  364.88] recalculating facets...
I  367.62] Elapsed: 6:08, vertices: 2775, facets final: 1148, pending: 38289, pool: 200
I  372.71] Elapsed: 6:13, vertices: 2805, facets final: 1185, pending: 37843, pool: 200
I  374.97] recalculating facets...
I  377.80] Elapsed: 6:18, vertices: 2836, facets final: 1214, pending: 37456, pool: 199
I  382.84] Elapsed: 6:23, vertices: 2866, facets final: 1238, pending: 37298, pool: 200
I  385.12] recalculating facets...
I  387.85] Elapsed: 6:28, vertices: 2898, facets final: 1271, pending: 37065, pool: 200
I  392.86] Elapsed: 6:33, vertices: 2929, facets final: 1297, pending: 36895, pool: 200
I  394.95] recalculating facets...
I  397.88] Elapsed: 6:38, vertices: 2959, facets final: 1343, pending: 36652, pool: 199
I  402.93] Elapsed: 6:43, vertices: 2991, facets final: 1365, pending: 36543, pool: 200
I  404.30] recalculating facets...
I  408.00] Elapsed: 6:48, vertices: 3021, facets final: 1402, pending: 36258, pool: 200
I  413.06] Elapsed: 6:53, vertices: 3049, facets final: 1443, pending: 36245, pool: 200
I  414.90] recalculating facets...
I  418.13] Elapsed: 6:58, vertices: 3082, facets final: 1476, pending: 36177, pool: 200
I  423.13] Elapsed: 7:03, vertices: 3111, facets final: 1530, pending: 35826, pool: 200
I  424.46] recalculating facets...
I  428.16] Elapsed: 7:08, vertices: 3145, facets final: 1566, pending: 35525, pool: 200
I  433.25] Elapsed: 7:13, vertices: 3175, facets final: 1612, pending: 35301, pool: 200
I  433.96] recalculating facets...
I  438.26] Elapsed: 7:18, vertices: 3204, facets final: 1655, pending: 35341, pool: 200
I  443.26] Elapsed: 7:23, vertices: 3234, facets final: 1693, pending: 35110, pool: 199
I  444.19] recalculating facets...
I  448.32] Elapsed: 7:28, vertices: 3265, facets final: 1726, pending: 34920, pool: 200
I  453.37] Elapsed: 7:33, vertices: 3292, facets final: 1776, pending: 34701, pool: 200
I  455.01] recalculating facets...
I  458.38] Elapsed: 7:38, vertices: 3321, facets final: 1820, pending: 34465, pool: 199
I  463.43] Elapsed: 7:43, vertices: 3352, facets final: 1865, pending: 34243, pool: 200
I  464.64] recalculating facets...
I  468.51] Elapsed: 7:49, vertices: 3384, facets final: 1919, pending: 33819, pool: 200
I  473.52] Elapsed: 7:54, vertices: 3417, facets final: 1966, pending: 33698, pool: 200
I  473.97] recalculating facets...
I  478.61] Elapsed: 7:59, vertices: 3449, facets final: 2010, pending: 33438, pool: 200
I  483.51] recalculating facets...
I  483.61] Elapsed: 8:04, vertices: 3481, facets final: 2049, pending: 33192, pool: 200
I  488.61] Elapsed: 8:09, vertices: 3512, facets final: 2095, pending: 32995, pool: 200
I  493.22] recalculating facets...
I  493.71] Elapsed: 8:14, vertices: 3543, facets final: 2142, pending: 32810, pool: 200
I  498.77] Elapsed: 8:19, vertices: 3573, facets final: 2188, pending: 32691, pool: 200
I  503.34] recalculating facets...
I  503.83] Elapsed: 8:24, vertices: 3602, facets final: 2238, pending: 32463, pool: 200
I  508.84] Elapsed: 8:29, vertices: 3630, facets final: 2292, pending: 32496, pool: 200
I  513.89] Elapsed: 8:34, vertices: 3654, facets final: 2357, pending: 32326, pool: 200
I  514.76] recalculating facets...
I  518.93] Elapsed: 8:39, vertices: 3687, facets final: 2389, pending: 32103, pool: 200
I  523.97] Elapsed: 8:44, vertices: 3718, facets final: 2456, pending: 31859, pool: 200
I  524.36] recalculating facets...
I  528.98] Elapsed: 8:49, vertices: 3749, facets final: 2520, pending: 31642, pool: 200
I  533.60] recalculating facets...
I  533.98] Elapsed: 8:54, vertices: 3782, facets final: 2574, pending: 31472, pool: 200
I  538.98] Elapsed: 8:59, vertices: 3816, facets final: 2625, pending: 31216, pool: 200
I  542.53] recalculating facets...
I  543.98] Elapsed: 9:04, vertices: 3848, facets final: 2676, pending: 31029, pool: 200
I  548.98] Elapsed: 9:09, vertices: 3879, facets final: 2728, pending: 30676, pool: 200
I  552.52] recalculating facets...
I  554.00] Elapsed: 9:14, vertices: 3909, facets final: 2795, pending: 30451, pool: 200
I  559.00] Elapsed: 9:19, vertices: 3939, facets final: 2853, pending: 30169, pool: 200
I  562.89] recalculating facets...
I  564.07] Elapsed: 9:24, vertices: 3966, facets final: 2929, pending: 30068, pool: 200
I  569.13] Elapsed: 9:29, vertices: 3994, facets final: 3002, pending: 29875, pool: 198
I  574.12] recalculating facets...
I  574.19] Elapsed: 9:34, vertices: 4021, facets final: 3072, pending: 29662, pool: 200
I  579.19] Elapsed: 9:39, vertices: 4049, facets final: 3137, pending: 29489, pool: 200
I  584.20] Elapsed: 9:44, vertices: 4078, facets final: 3212, pending: 29281, pool: 200
I  584.66] recalculating facets...
I  589.28] Elapsed: 9:49, vertices: 4107, facets final: 3271, pending: 29264, pool: 200
I  594.29] Elapsed: 9:54, vertices: 4138, facets final: 3317, pending: 29171, pool: 200
I  594.88] recalculating facets...
I  599.30] Elapsed: 9:59, vertices: 4166, facets final: 3389, pending: 28973, pool: 200
I  604.31] Elapsed: 10:04, vertices: 4193, facets final: 3456, pending: 28793, pool: 199
I  605.96] recalculating facets...
I  609.34] Elapsed: 10:09, vertices: 4218, facets final: 3536, pending: 28680, pool: 200
I  614.35] Elapsed: 10:14, vertices: 4242, facets final: 3616, pending: 28472, pool: 200
I  618.12] recalculating facets...
I  619.38] Elapsed: 10:19, vertices: 4266, facets final: 3691, pending: 28254, pool: 200
I  624.39] Elapsed: 10:24, vertices: 4290, facets final: 3783, pending: 28019, pool: 199
I  629.49] Elapsed: 10:29, vertices: 4313, facets final: 3867, pending: 27697, pool: 200
I  630.81] recalculating facets...
I  634.50] Elapsed: 10:35, vertices: 4340, facets final: 3971, pending: 27475, pool: 200
I  639.56] Elapsed: 10:40, vertices: 4367, facets final: 4074, pending: 27245, pool: 200
I  641.55] recalculating facets...
I  644.56] Elapsed: 10:45, vertices: 4396, facets final: 4170, pending: 27154, pool: 200
I  649.56] Elapsed: 10:50, vertices: 4423, facets final: 4273, pending: 27037, pool: 200
I  653.48] recalculating facets...
I  654.61] Elapsed: 10:55, vertices: 4448, facets final: 4382, pending: 26818, pool: 200
I  659.61] Elapsed: 11:00, vertices: 4479, facets final: 4469, pending: 26554, pool: 200
I  663.33] recalculating facets...
I  664.61] Elapsed: 11:05, vertices: 4508, facets final: 4564, pending: 26373, pool: 200
I  669.61] Elapsed: 11:10, vertices: 4533, facets final: 4678, pending: 26081, pool: 200
I  674.61] Elapsed: 11:15, vertices: 4556, facets final: 4809, pending: 25927, pool: 200
I  675.39] recalculating facets...
I  679.64] Elapsed: 11:20, vertices: 4584, facets final: 4905, pending: 25735, pool: 200
I  684.64] Elapsed: 11:25, vertices: 4614, facets final: 5004, pending: 25559, pool: 200
I  686.20] recalculating facets...
I  689.68] Elapsed: 11:30, vertices: 4634, facets final: 5129, pending: 25387, pool: 200
I  694.69] Elapsed: 11:35, vertices: 4664, facets final: 5212, pending: 25232, pool: 199
I  697.92] recalculating facets...
I  699.69] Elapsed: 11:40, vertices: 4690, facets final: 5316, pending: 25066, pool: 199
I  704.69] Elapsed: 11:45, vertices: 4715, facets final: 5431, pending: 24895, pool: 200
I  709.34] recalculating facets...
I  709.78] Elapsed: 11:50, vertices: 4743, facets final: 5523, pending: 24725, pool: 200
I  714.82] Elapsed: 11:55, vertices: 4768, facets final: 5633, pending: 24497, pool: 200
I  719.83] Elapsed: 12:00, vertices: 4793, facets final: 5750, pending: 24361, pool: 200
I  721.59] recalculating facets...
I  724.86] Elapsed: 12:05, vertices: 4818, facets final: 5859, pending: 24178, pool: 199
I  729.92] Elapsed: 12:10, vertices: 4840, facets final: 5984, pending: 23980, pool: 200
I  733.70] recalculating facets...
I  734.92] Elapsed: 12:15, vertices: 4866, facets final: 6086, pending: 23809, pool: 200
I  739.94] Elapsed: 12:20, vertices: 4889, facets final: 6204, pending: 23616, pool: 200
I  744.94] Elapsed: 12:25, vertices: 4911, facets final: 6343, pending: 23406, pool: 200
I  746.85] recalculating facets...
I  749.95] Elapsed: 12:30, vertices: 4938, facets final: 6438, pending: 23207, pool: 199
I  755.00] Elapsed: 12:35, vertices: 4954, facets final: 6592, pending: 23006, pool: 200
I  760.00] Elapsed: 12:40, vertices: 4972, facets final: 6741, pending: 22772, pool: 200
I  762.37] recalculating facets...
I  765.01] Elapsed: 12:45, vertices: 4991, facets final: 6866, pending: 22552, pool: 200
I  770.01] Elapsed: 12:50, vertices: 5005, facets final: 7028, pending: 22339, pool: 199
I  775.02] Elapsed: 12:55, vertices: 5025, facets final: 7164, pending: 22161, pool: 200
I  778.20] recalculating facets...
I  780.04] Elapsed: 13:00, vertices: 5049, facets final: 7282, pending: 21955, pool: 198
I  785.04] Elapsed: 13:05, vertices: 5061, facets final: 7459, pending: 21819, pool: 200
I  790.10] Elapsed: 13:10, vertices: 5078, facets final: 7595, pending: 21644, pool: 198
I  795.10] Elapsed: 13:15, vertices: 5095, facets final: 7753, pending: 21458, pool: 200
I  797.00] recalculating facets...
I  800.11] Elapsed: 13:20, vertices: 5112, facets final: 7904, pending: 21239, pool: 199
I  805.12] Elapsed: 13:25, vertices: 5132, facets final: 8028, pending: 21038, pool: 199
I  810.12] Elapsed: 13:30, vertices: 5150, facets final: 8182, pending: 20851, pool: 200
I  815.13] Elapsed: 13:35, vertices: 5160, facets final: 8356, pending: 20633, pool: 197
I  815.84] recalculating facets...
I  820.14] Elapsed: 13:40, vertices: 5171, facets final: 8539, pending: 20425, pool: 199
I  825.15] Elapsed: 13:45, vertices: 5187, facets final: 8693, pending: 20205, pool: 199
I  830.15] Elapsed: 13:50, vertices: 5206, facets final: 8829, pending: 20052, pool: 199
I  835.16] Elapsed: 13:55, vertices: 5217, facets final: 9009, pending: 19827, pool: 199
I  836.05] recalculating facets...
I  840.16] Elapsed: 14:00, vertices: 5231, facets final: 9168, pending: 19621, pool: 199
I  845.17] Elapsed: 14:05, vertices: 5242, facets final: 9349, pending: 19426, pool: 199
I  850.25] Elapsed: 14:10, vertices: 5256, facets final: 9514, pending: 19226, pool: 200
I  855.25] Elapsed: 14:15, vertices: 5269, facets final: 9692, pending: 19019, pool: 200
I  859.78] recalculating facets...
I  860.27] Elapsed: 14:20, vertices: 5283, facets final: 9846, pending: 18813, pool: 198
I  865.28] Elapsed: 14:25, vertices: 5295, facets final: 10024, pending: 18624, pool: 200
I  870.32] Elapsed: 14:30, vertices: 5310, facets final: 10179, pending: 18413, pool: 199
I  875.33] Elapsed: 14:35, vertices: 5321, facets final: 10356, pending: 18202, pool: 198
I  880.34] Elapsed: 14:40, vertices: 5330, facets final: 10542, pending: 17994, pool: 197
I  885.35] Elapsed: 14:45, vertices: 5340, facets final: 10721, pending: 17776, pool: 199
I  885.42] recalculating facets...
I  890.36] Elapsed: 14:50, vertices: 5353, facets final: 10877, pending: 17575, pool: 200
I  895.39] Elapsed: 14:55, vertices: 5366, facets final: 11046, pending: 17422, pool: 199
I  900.48] Elapsed: 15:00, vertices: 5384, facets final: 11185, pending: 17246, pool: 199
I  905.36] recalculating facets...
I  905.48] Elapsed: 15:05, vertices: 5401, facets final: 11330, pending: 17038, pool: 200
I  910.49] Elapsed: 15:10, vertices: 5414, facets final: 11499, pending: 16834, pool: 199
I  915.57] Elapsed: 15:16, vertices: 5423, facets final: 11692, pending: 16656, pool: 199
I  920.58] Elapsed: 15:21, vertices: 5430, facets final: 11887, pending: 16465, pool: 198
I  925.60] Elapsed: 15:26, vertices: 5438, facets final: 12078, pending: 16268, pool: 197
I  930.61] Elapsed: 15:31, vertices: 5448, facets final: 12257, pending: 16082, pool: 198
I  935.61] Elapsed: 15:36, vertices: 5458, facets final: 12438, pending: 15877, pool: 198
I  936.70] recalculating facets...
I  940.62] Elapsed: 15:41, vertices: 5467, facets final: 12616, pending: 15665, pool: 199
I  945.66] Elapsed: 15:46, vertices: 5477, facets final: 12787, pending: 15472, pool: 198
I  950.66] Elapsed: 15:51, vertices: 5485, facets final: 12983, pending: 15239, pool: 196
I  955.67] Elapsed: 15:56, vertices: 5491, facets final: 13187, pending: 15035, pool: 198
I  960.68] Elapsed: 16:01, vertices: 5504, facets final: 13354, pending: 14826, pool: 199
I  965.70] Elapsed: 16:06, vertices: 5513, facets final: 13542, pending: 14607, pool: 197
I  970.71] Elapsed: 16:11, vertices: 5520, facets final: 13734, pending: 14402, pool: 194
I  972.20] recalculating facets...
I  975.72] Elapsed: 16:16, vertices: 5523, facets final: 13933, pending: 14197, pool: 194
I  980.72] Elapsed: 16:21, vertices: 5536, facets final: 14105, pending: 13983, pool: 200
I  985.72] Elapsed: 16:26, vertices: 5550, facets final: 14276, pending: 13782, pool: 195
I  990.74] Elapsed: 16:31, vertices: 5555, facets final: 14485, pending: 13556, pool: 199
I  995.74] Elapsed: 16:36, vertices: 5562, facets final: 14699, pending: 13342, pool: 194
I 1000.76] Elapsed: 16:41, vertices: 5571, facets final: 14896, pending: 13124, pool: 193
I 1005.77] Elapsed: 16:46, vertices: 5578, facets final: 15093, pending: 12908, pool: 194
I 1006.48] recalculating facets...
I 1010.79] Elapsed: 16:51, vertices: 5586, facets final: 15280, pending: 12699, pool: 193
I 1015.80] Elapsed: 16:56, vertices: 5592, facets final: 15490, pending: 12486, pool: 192
I 1020.81] Elapsed: 17:01, vertices: 5596, facets final: 15702, pending: 12263, pool: 192
I 1025.83] Elapsed: 17:06, vertices: 5604, facets final: 15893, pending: 12056, pool: 196
I 1030.84] Elapsed: 17:11, vertices: 5611, facets final: 16091, pending: 11850, pool: 191
I 1035.84] Elapsed: 17:16, vertices: 5614, facets final: 16317, pending: 11626, pool: 188
I 1040.85] Elapsed: 17:21, vertices: 5619, facets final: 16543, pending: 11393, pool: 187
I 1045.85] Elapsed: 17:26, vertices: 5624, facets final: 16753, pending: 11163, pool: 185
I 1050.89] Elapsed: 17:31, vertices: 5629, facets final: 16964, pending: 10934, pool: 183
I 1055.90] Elapsed: 17:36, vertices: 5634, facets final: 17173, pending: 10725, pool: 184
I 1060.94] Elapsed: 17:41, vertices: 5640, facets final: 17376, pending: 10509, pool: 183
I 1060.94] recalculating facets...
I 1065.96] Elapsed: 17:46, vertices: 5648, facets final: 17566, pending: 10300, pool: 181
I 1070.96] Elapsed: 17:51, vertices: 5651, facets final: 17774, pending: 10086, pool: 179
I 1075.97] Elapsed: 17:56, vertices: 5655, facets final: 17988, pending: 9866, pool: 178
I 1080.97] Elapsed: 18:01, vertices: 5662, facets final: 18190, pending: 9649, pool: 176
I 1085.97] Elapsed: 18:06, vertices: 5667, facets final: 18400, pending: 9428, pool: 173
I 1090.97] Elapsed: 18:11, vertices: 5672, facets final: 18611, pending: 9210, pool: 172
I 1095.99] Elapsed: 18:16, vertices: 5679, facets final: 18816, pending: 8994, pool: 172
I 1101.04] Elapsed: 18:21, vertices: 5684, facets final: 19026, pending: 8774, pool: 171
I 1106.04] Elapsed: 18:26, vertices: 5690, facets final: 19234, pending: 8550, pool: 173
I 1111.05] Elapsed: 18:31, vertices: 5694, facets final: 19445, pending: 8332, pool: 169
I 1116.05] Elapsed: 18:36, vertices: 5697, facets final: 19671, pending: 8098, pool: 171
I 1119.76] recalculating facets...
I 1121.07] Elapsed: 18:41, vertices: 5702, facets final: 19881, pending: 7881, pool: 170
I 1126.08] Elapsed: 18:46, vertices: 5707, facets final: 20089, pending: 7656, pool: 172
I 1131.09] Elapsed: 18:51, vertices: 5708, facets final: 20317, pending: 7426, pool: 172
I 1136.10] Elapsed: 18:56, vertices: 5714, facets final: 20515, pending: 7224, pool: 170
I 1141.11] Elapsed: 19:01, vertices: 5719, facets final: 20723, pending: 7010, pool: 169
I 1146.13] Elapsed: 19:06, vertices: 5725, facets final: 20925, pending: 6800, pool: 164
I 1151.13] Elapsed: 19:11, vertices: 5731, facets final: 21131, pending: 6590, pool: 160
I 1156.14] Elapsed: 19:16, vertices: 5734, facets final: 21344, pending: 6373, pool: 158
I 1161.14] Elapsed: 19:21, vertices: 5738, facets final: 21570, pending: 6143, pool: 158
I 1166.18] Elapsed: 19:26, vertices: 5744, facets final: 21779, pending: 5922, pool: 153
I 1171.19] Elapsed: 19:31, vertices: 5746, facets final: 21998, pending: 5696, pool: 152
I 1176.20] Elapsed: 19:36, vertices: 5750, facets final: 22214, pending: 5476, pool: 152
I 1181.21] Elapsed: 19:41, vertices: 5754, facets final: 22433, pending: 5250, pool: 150
I 1186.23] Elapsed: 19:46, vertices: 5757, facets final: 22656, pending: 5022, pool: 149
I 1189.59] recalculating facets...
I 1191.24] Elapsed: 19:51, vertices: 5761, facets final: 22862, pending: 4816, pool: 147
I 1196.25] Elapsed: 19:56, vertices: 5766, facets final: 23066, pending: 4609, pool: 143
I 1201.25] Elapsed: 20:01, vertices: 5776, facets final: 23257, pending: 4402, pool: 140
I 1206.25] Elapsed: 20:06, vertices: 5780, facets final: 23476, pending: 4176, pool: 141
I 1211.29] Elapsed: 20:11, vertices: 5786, facets final: 23679, pending: 3962, pool: 136
I 1216.29] Elapsed: 20:16, vertices: 5793, facets final: 23898, pending: 3729, pool: 131
I 1221.30] Elapsed: 20:21, vertices: 5798, facets final: 24121, pending: 3504, pool: 132
I 1226.31] Elapsed: 20:26, vertices: 5805, facets final: 24335, pending: 3281, pool: 125
I 1231.32] Elapsed: 20:31, vertices: 5810, facets final: 24558, pending: 3045, pool: 122
I 1236.33] Elapsed: 20:36, vertices: 5814, facets final: 24771, pending: 2825, pool: 124
I 1241.38] Elapsed: 20:41, vertices: 5819, facets final: 24982, pending: 2603, pool: 122
I 1241.46] recalculating facets...
I 1246.39] Elapsed: 20:46, vertices: 5829, facets final: 25173, pending: 2402, pool: 117
I 1251.39] Elapsed: 20:51, vertices: 5834, facets final: 25391, pending: 2174, pool: 112
I 1256.42] Elapsed: 20:56, vertices: 5837, facets final: 25605, pending: 1956, pool: 111
I 1261.45] Elapsed: 21:01, vertices: 5841, facets final: 25829, pending: 1724, pool: 109
I 1266.45] Elapsed: 21:06, vertices: 5845, facets final: 26052, pending: 1496, pool: 108
I 1271.46] Elapsed: 21:11, vertices: 5848, facets final: 26278, pending: 1267, pool: 106
I 1276.46] Elapsed: 21:16, vertices: 5854, facets final: 26489, pending: 1049, pool: 103
I 1281.46] Elapsed: 21:21, vertices: 5859, facets final: 26712, pending: 822, pool: 102
I 1286.47] Elapsed: 21:26, vertices: 5867, facets final: 26925, pending: 599, pool: 102
I 1289.52] recalculating facets...
I 1291.48] Elapsed: 21:31, vertices: 5892, facets final: 27107, pending: 389, pool: 84
I 1296.48] Elapsed: 21:36, vertices: 5934, facets final: 27279, pending: 173, pool: 52
I 1296.91] recalculating facets...
I 1299.93] Elapsed: 21:40, vertices: 5998, facets final: 27398, pending: 0

--------------------------------
Problem completed
 name                    85.vlp
 output                  vlp/85.res
 rows, cols, objs        173, 4603, 10
 vertices, facets        5998, 27398
 total time              21:40
--------------------------------
Statistics
LP:
 oracle calls            34277
   avg iterations/calls  154.53
 total oracle time       12:01
Combinatorics:
 vertices added          5998
 facets probed           59565
 facets # max            43899
 memory allocated        87.13M
 storage expansion
   vertices # / upto     47 / 6012
   facets   # / upto     11 / 45052
 facet manipulating
   added avg / max       72.27 / 1.05k
   compressed            239
 number of ridge tests
   avg / max             2.13M / 28.23M
--------------------------------
Parameters with non-default values
 VertexPoolSize = 200
 RecalculateFacets = 60
 PolytopeEps = 1e-08
 ScaleEps = 5e-08
 RoundEps = 5e-08
