C copy string: rs=cd:ab;t=a:bcs;u=(bt):acr;ar,br,cr,d;ar,br,c,dr; ineq: base30.t
I    5.17] Elapsed: 5.17, vertices: 37, facets final: 19, pending: 1063, pool: 48
I    8.07] recalculating facets...
I   10.21] Elapsed: 10.21, vertices: 75, facets final: 23, pending: 3725, pool: 119
I   14.90] recalculating facets...
I   15.49] Elapsed: 15.49, vertices: 126, facets final: 27, pending: 7171, pool: 154
I   20.49] Elapsed: 20.49, vertices: 174, facets final: 36, pending: 9525, pool: 198
I   20.96] recalculating facets...
I   25.51] Elapsed: 25.51, vertices: 237, facets final: 53, pending: 12280, pool: 200
I   25.70] recalculating facets...
I   30.53] Elapsed: 30.53, vertices: 300, facets final: 64, pending: 14676, pool: 200
I   30.53] recalculating facets...
I   35.58] Elapsed: 35.58, vertices: 360, facets final: 77, pending: 16799, pool: 200
I   35.58] recalculating facets...
I   40.58] Elapsed: 40.58, vertices: 417, facets final: 89, pending: 17462, pool: 200
I   40.90] recalculating facets...
I   45.63] Elapsed: 45.63, vertices: 472, facets final: 94, pending: 18200, pool: 200
I   46.33] recalculating facets...
I   50.66] Elapsed: 50.66, vertices: 525, facets final: 104, pending: 19290, pool: 200
I   52.11] recalculating facets...
I   55.66] Elapsed: 55.66, vertices: 578, facets final: 123, pending: 20693, pool: 200
I   58.06] recalculating facets...
I   60.70] Elapsed: 1:01, vertices: 627, facets final: 137, pending: 20327, pool: 200
I   64.27] recalculating facets...
I   65.72] Elapsed: 1:06, vertices: 673, facets final: 156, pending: 20954, pool: 200
I   70.73] Elapsed: 1:11, vertices: 719, facets final: 176, pending: 21595, pool: 200
I   70.80] recalculating facets...
I   75.80] Elapsed: 1:16, vertices: 769, facets final: 191, pending: 22849, pool: 200
I   77.33] recalculating facets...
I   80.80] Elapsed: 1:21, vertices: 809, facets final: 213, pending: 23274, pool: 200
I   84.03] recalculating facets...
I   85.81] Elapsed: 1:26, vertices: 856, facets final: 225, pending: 24069, pool: 199
I   90.52] recalculating facets...
I   90.87] Elapsed: 1:31, vertices: 903, facets final: 236, pending: 24139, pool: 200
I   95.87] Elapsed: 1:36, vertices: 946, facets final: 252, pending: 24372, pool: 200
I   97.61] recalculating facets...
I  100.88] Elapsed: 1:41, vertices: 989, facets final: 271, pending: 24813, pool: 200
I  104.83] recalculating facets...
I  105.95] Elapsed: 1:46, vertices: 1028, facets final: 292, pending: 25415, pool: 200
I  111.01] Elapsed: 1:51, vertices: 1071, facets final: 303, pending: 26079, pool: 200
I  112.18] recalculating facets...
I  116.08] Elapsed: 1:56, vertices: 1113, facets final: 319, pending: 26807, pool: 199
I  119.89] recalculating facets...
I  121.14] Elapsed: 2:01, vertices: 1149, facets final: 342, pending: 27619, pool: 200
I  126.16] Elapsed: 2:06, vertices: 1189, facets final: 363, pending: 27944, pool: 200
I  127.55] recalculating facets...
I  131.22] Elapsed: 2:11, vertices: 1227, facets final: 377, pending: 28206, pool: 199
I  135.19] recalculating facets...
I  136.25] Elapsed: 2:16, vertices: 1268, facets final: 397, pending: 27937, pool: 199
I  141.27] Elapsed: 2:21, vertices: 1307, facets final: 415, pending: 27560, pool: 200
I  143.01] recalculating facets...
I  146.29] Elapsed: 2:26, vertices: 1346, facets final: 439, pending: 27707, pool: 200
I  150.29] recalculating facets...
I  151.34] Elapsed: 2:31, vertices: 1388, facets final: 453, pending: 28187, pool: 200
I  156.44] Elapsed: 2:36, vertices: 1427, facets final: 483, pending: 28313, pool: 200
I  158.13] recalculating facets...
I  161.49] Elapsed: 2:41, vertices: 1465, facets final: 502, pending: 28842, pool: 200
I  166.31] recalculating facets...
I  166.51] Elapsed: 2:47, vertices: 1501, facets final: 525, pending: 29223, pool: 200
I  171.53] Elapsed: 2:52, vertices: 1538, facets final: 544, pending: 29524, pool: 199
I  174.48] recalculating facets...
I  176.60] Elapsed: 2:57, vertices: 1575, facets final: 565, pending: 30075, pool: 200
I  181.65] Elapsed: 3:02, vertices: 1609, facets final: 589, pending: 29941, pool: 200
I  183.02] recalculating facets...
I  186.65] Elapsed: 3:07, vertices: 1647, facets final: 609, pending: 29812, pool: 200
I  191.32] recalculating facets...
I  191.65] Elapsed: 3:12, vertices: 1682, facets final: 633, pending: 30061, pool: 199
I  196.72] Elapsed: 3:17, vertices: 1714, facets final: 671, pending: 29947, pool: 200
I  200.69] recalculating facets...
I  201.76] Elapsed: 3:22, vertices: 1748, facets final: 701, pending: 29892, pool: 200
I  206.81] Elapsed: 3:27, vertices: 1782, facets final: 732, pending: 29902, pool: 200
I  209.38] recalculating facets...
I  211.84] Elapsed: 3:32, vertices: 1815, facets final: 771, pending: 29799, pool: 200
I  216.92] Elapsed: 3:37, vertices: 1851, facets final: 796, pending: 29538, pool: 200
I  218.35] recalculating facets...
I  221.95] Elapsed: 3:42, vertices: 1883, facets final: 828, pending: 29553, pool: 199
I  226.98] Elapsed: 3:47, vertices: 1920, facets final: 852, pending: 29474, pool: 200
I  226.98] recalculating facets...
I  232.03] Elapsed: 3:52, vertices: 1954, facets final: 882, pending: 29530, pool: 200
I  235.49] recalculating facets...
I  237.06] Elapsed: 3:57, vertices: 1991, facets final: 908, pending: 29385, pool: 200
I  242.09] Elapsed: 4:02, vertices: 2025, facets final: 940, pending: 29209, pool: 199
I  244.43] recalculating facets...
I  247.13] Elapsed: 4:07, vertices: 2060, facets final: 975, pending: 29393, pool: 200
I  252.22] Elapsed: 4:12, vertices: 2095, facets final: 1003, pending: 29543, pool: 200
I  253.07] recalculating facets...
I  257.28] Elapsed: 4:17, vertices: 2128, facets final: 1036, pending: 29632, pool: 199
I  261.67] recalculating facets...
I  262.28] Elapsed: 4:22, vertices: 2164, facets final: 1067, pending: 29367, pool: 200
I  267.28] Elapsed: 4:27, vertices: 2193, facets final: 1111, pending: 29455, pool: 200
I  271.72] recalculating facets...
I  272.37] Elapsed: 4:32, vertices: 2224, facets final: 1148, pending: 29189, pool: 200
I  277.45] Elapsed: 4:37, vertices: 2258, facets final: 1192, pending: 29072, pool: 200
I  280.64] recalculating facets...
I  282.45] Elapsed: 4:42, vertices: 2291, facets final: 1233, pending: 28996, pool: 200
I  287.53] Elapsed: 4:48, vertices: 2324, facets final: 1272, pending: 28819, pool: 200
I  289.90] recalculating facets...
I  292.55] Elapsed: 4:53, vertices: 2357, facets final: 1310, pending: 28797, pool: 200
I  297.59] Elapsed: 4:58, vertices: 2389, facets final: 1352, pending: 28705, pool: 200
I  299.39] recalculating facets...
I  302.60] Elapsed: 5:03, vertices: 2423, facets final: 1388, pending: 28635, pool: 199
I  307.61] Elapsed: 5:08, vertices: 2455, facets final: 1425, pending: 28433, pool: 200
I  308.56] recalculating facets...
I  312.64] Elapsed: 5:13, vertices: 2485, facets final: 1468, pending: 28363, pool: 200
I  317.65] Elapsed: 5:18, vertices: 2515, facets final: 1519, pending: 28232, pool: 200
I  318.51] recalculating facets...
I  322.70] Elapsed: 5:23, vertices: 2546, facets final: 1566, pending: 28132, pool: 200
I  327.71] Elapsed: 5:28, vertices: 2571, facets final: 1628, pending: 28038, pool: 200
I  329.38] recalculating facets...
I  332.78] Elapsed: 5:33, vertices: 2600, facets final: 1679, pending: 27821, pool: 200
I  337.79] Elapsed: 5:38, vertices: 2630, facets final: 1733, pending: 27626, pool: 200
I  339.57] recalculating facets...
I  342.80] Elapsed: 5:43, vertices: 2658, facets final: 1787, pending: 27492, pool: 200
I  347.85] Elapsed: 5:48, vertices: 2684, facets final: 1844, pending: 27283, pool: 199
I  351.18] recalculating facets...
I  352.94] Elapsed: 5:53, vertices: 2711, facets final: 1902, pending: 27148, pool: 200
I  357.94] Elapsed: 5:58, vertices: 2743, facets final: 1955, pending: 27103, pool: 200
I  361.02] recalculating facets...
I  362.94] Elapsed: 6:03, vertices: 2773, facets final: 2000, pending: 26853, pool: 199
I  367.95] Elapsed: 6:08, vertices: 2800, facets final: 2060, pending: 26610, pool: 200
I  371.42] recalculating facets...
I  373.00] Elapsed: 6:13, vertices: 2831, facets final: 2098, pending: 26203, pool: 199
I  378.02] Elapsed: 6:18, vertices: 2863, facets final: 2145, pending: 25891, pool: 200
I  380.94] recalculating facets...
I  383.02] Elapsed: 6:23, vertices: 2892, facets final: 2204, pending: 25754, pool: 200
I  388.02] Elapsed: 6:28, vertices: 2921, facets final: 2263, pending: 25578, pool: 200
I  392.77] recalculating facets...
I  393.05] Elapsed: 6:33, vertices: 2942, facets final: 2341, pending: 25378, pool: 200
I  398.10] Elapsed: 6:38, vertices: 2969, facets final: 2406, pending: 25093, pool: 200
I  403.10] Elapsed: 6:43, vertices: 2999, facets final: 2461, pending: 24948, pool: 199
I  403.55] recalculating facets...
I  408.11] Elapsed: 6:48, vertices: 3023, facets final: 2533, pending: 24632, pool: 200
I  413.13] Elapsed: 6:53, vertices: 3048, facets final: 2604, pending: 24585, pool: 199
I  415.49] recalculating facets...
I  418.15] Elapsed: 6:58, vertices: 3070, facets final: 2674, pending: 24559, pool: 199
I  423.15] Elapsed: 7:03, vertices: 3094, facets final: 2747, pending: 24390, pool: 200
I  428.15] Elapsed: 7:08, vertices: 3116, facets final: 2820, pending: 24279, pool: 200
I  428.71] recalculating facets...
I  433.22] Elapsed: 7:13, vertices: 3144, facets final: 2884, pending: 24242, pool: 200
I  438.23] Elapsed: 7:18, vertices: 3172, facets final: 2949, pending: 24134, pool: 200
I  440.19] recalculating facets...
I  443.25] Elapsed: 7:23, vertices: 3198, facets final: 3018, pending: 23884, pool: 199
I  448.26] Elapsed: 7:28, vertices: 3225, facets final: 3087, pending: 23729, pool: 200
I  452.13] recalculating facets...
I  453.34] Elapsed: 7:33, vertices: 3246, facets final: 3161, pending: 23647, pool: 200
I  458.34] Elapsed: 7:38, vertices: 3265, facets final: 3253, pending: 23621, pool: 200
I  463.34] Elapsed: 7:43, vertices: 3283, facets final: 3339, pending: 23453, pool: 199
I  467.21] recalculating facets...
I  468.35] Elapsed: 7:48, vertices: 3304, facets final: 3405, pending: 23206, pool: 200
I  473.35] Elapsed: 7:53, vertices: 3327, facets final: 3485, pending: 23063, pool: 200
I  478.35] Elapsed: 7:58, vertices: 3355, facets final: 3548, pending: 22913, pool: 200
I  479.67] recalculating facets...
I  483.36] Elapsed: 8:03, vertices: 3375, facets final: 3626, pending: 22779, pool: 200
I  488.36] Elapsed: 8:08, vertices: 3396, facets final: 3707, pending: 22635, pool: 200
I  493.38] Elapsed: 8:13, vertices: 3413, facets final: 3804, pending: 22509, pool: 200
I  494.67] recalculating facets...
I  498.41] Elapsed: 8:18, vertices: 3440, facets final: 3862, pending: 22329, pool: 200
I  503.46] Elapsed: 8:23, vertices: 3463, facets final: 3931, pending: 22247, pool: 199
I  507.72] recalculating facets...
I  508.46] Elapsed: 8:28, vertices: 3482, facets final: 4010, pending: 22078, pool: 198
I  513.47] Elapsed: 8:33, vertices: 3500, facets final: 4097, pending: 21935, pool: 200
I  518.48] Elapsed: 8:38, vertices: 3520, facets final: 4176, pending: 21801, pool: 200
I  523.52] Elapsed: 8:44, vertices: 3538, facets final: 4254, pending: 21658, pool: 200
I  523.96] recalculating facets...
I  528.54] Elapsed: 8:49, vertices: 3562, facets final: 4327, pending: 21465, pool: 199
I  533.54] Elapsed: 8:54, vertices: 3582, facets final: 4415, pending: 21266, pool: 200
I  538.16] recalculating facets...
I  538.54] Elapsed: 8:59, vertices: 3601, facets final: 4505, pending: 21089, pool: 200
I  543.55] Elapsed: 9:04, vertices: 3616, facets final: 4602, pending: 20980, pool: 200
I  548.55] Elapsed: 9:09, vertices: 3635, facets final: 4693, pending: 20806, pool: 200
I  553.55] Elapsed: 9:14, vertices: 3652, facets final: 4797, pending: 20661, pool: 199
I  555.57] recalculating facets...
I  558.56] Elapsed: 9:19, vertices: 3672, facets final: 4885, pending: 20549, pool: 200
I  563.58] Elapsed: 9:24, vertices: 3688, facets final: 4988, pending: 20369, pool: 198
I  568.58] Elapsed: 9:29, vertices: 3703, facets final: 5089, pending: 20242, pool: 200
I  573.61] Elapsed: 9:34, vertices: 3718, facets final: 5184, pending: 20144, pool: 200
I  574.77] recalculating facets...
I  578.66] Elapsed: 9:39, vertices: 3736, facets final: 5279, pending: 20033, pool: 200
I  583.70] Elapsed: 9:44, vertices: 3747, facets final: 5392, pending: 19888, pool: 199
I  588.73] Elapsed: 9:49, vertices: 3762, facets final: 5489, pending: 19737, pool: 198
I  593.73] Elapsed: 9:54, vertices: 3774, facets final: 5592, pending: 19606, pool: 199
I  596.75] recalculating facets...
I  598.79] Elapsed: 9:59, vertices: 3784, facets final: 5705, pending: 19475, pool: 200
I  603.80] Elapsed: 10:04, vertices: 3792, facets final: 5826, pending: 19331, pool: 199
I  608.82] Elapsed: 10:09, vertices: 3804, facets final: 5935, pending: 19168, pool: 200
I  613.88] Elapsed: 10:14, vertices: 3820, facets final: 6038, pending: 19047, pool: 200
I  618.95] Elapsed: 10:19, vertices: 3833, facets final: 6141, pending: 18900, pool: 200
I  620.62] recalculating facets...
I  623.99] Elapsed: 10:24, vertices: 3852, facets final: 6234, pending: 18773, pool: 199
I  629.01] Elapsed: 10:29, vertices: 3864, facets final: 6338, pending: 18654, pool: 200
I  634.05] Elapsed: 10:34, vertices: 3876, facets final: 6448, pending: 18529, pool: 199
I  639.07] Elapsed: 10:39, vertices: 3891, facets final: 6552, pending: 18369, pool: 199
I  643.79] recalculating facets...
I  644.08] Elapsed: 10:44, vertices: 3901, facets final: 6663, pending: 18238, pool: 198
I  649.11] Elapsed: 10:49, vertices: 3915, facets final: 6765, pending: 18093, pool: 199
I  654.11] Elapsed: 10:54, vertices: 3924, facets final: 6885, pending: 17919, pool: 200
I  659.11] Elapsed: 10:59, vertices: 3935, facets final: 6992, pending: 17749, pool: 200
I  664.14] Elapsed: 11:04, vertices: 3945, facets final: 7108, pending: 17596, pool: 198
I  669.14] Elapsed: 11:09, vertices: 3956, facets final: 7222, pending: 17476, pool: 199
I  671.61] recalculating facets...
I  674.15] Elapsed: 11:14, vertices: 3967, facets final: 7327, pending: 17366, pool: 200
I  679.17] Elapsed: 11:19, vertices: 3979, facets final: 7438, pending: 17228, pool: 199
I  684.24] Elapsed: 11:24, vertices: 3988, facets final: 7561, pending: 17096, pool: 198
I  689.27] Elapsed: 11:29, vertices: 3995, facets final: 7678, pending: 16969, pool: 198
I  694.32] Elapsed: 11:34, vertices: 4003, facets final: 7804, pending: 16802, pool: 200
I  699.36] Elapsed: 11:39, vertices: 4014, facets final: 7917, pending: 16667, pool: 199
I  702.66] recalculating facets...
I  704.39] Elapsed: 11:44, vertices: 4023, facets final: 8039, pending: 16539, pool: 199
I  709.39] Elapsed: 11:49, vertices: 4029, facets final: 8157, pending: 16419, pool: 198
I  714.39] Elapsed: 11:54, vertices: 4034, facets final: 8284, pending: 16347, pool: 198
I  719.40] Elapsed: 11:59, vertices: 4045, facets final: 8397, pending: 16215, pool: 199
I  724.47] Elapsed: 12:04, vertices: 4050, facets final: 8521, pending: 16076, pool: 200
I  729.48] Elapsed: 12:09, vertices: 4061, facets final: 8636, pending: 15917, pool: 200
I  734.52] Elapsed: 12:15, vertices: 4073, facets final: 8749, pending: 15820, pool: 200
I  738.59] recalculating facets...
I  739.55] Elapsed: 12:20, vertices: 4083, facets final: 8861, pending: 15697, pool: 199
I  744.56] Elapsed: 12:25, vertices: 4091, facets final: 8980, pending: 15564, pool: 200
I  749.57] Elapsed: 12:30, vertices: 4103, facets final: 9087, pending: 15374, pool: 198
I  754.59] Elapsed: 12:35, vertices: 4112, facets final: 9203, pending: 15249, pool: 199
I  759.59] Elapsed: 12:40, vertices: 4124, facets final: 9315, pending: 15116, pool: 199
I  764.60] Elapsed: 12:45, vertices: 4128, facets final: 9451, pending: 14971, pool: 199
I  769.60] Elapsed: 12:50, vertices: 4132, facets final: 9578, pending: 14837, pool: 199
I  774.63] Elapsed: 12:55, vertices: 4137, facets final: 9708, pending: 14691, pool: 199
I  779.63] Elapsed: 13:00, vertices: 4140, facets final: 9843, pending: 14553, pool: 198
I  780.38] recalculating facets...
I  784.70] Elapsed: 13:05, vertices: 4145, facets final: 9971, pending: 14409, pool: 198
I  789.70] Elapsed: 13:10, vertices: 4151, facets final: 10101, pending: 14280, pool: 194
I  794.70] Elapsed: 13:15, vertices: 4153, facets final: 10240, pending: 14131, pool: 197
I  799.71] Elapsed: 13:20, vertices: 4157, facets final: 10367, pending: 13996, pool: 198
I  804.73] Elapsed: 13:25, vertices: 4163, facets final: 10491, pending: 13853, pool: 199
I  809.76] Elapsed: 13:30, vertices: 4172, facets final: 10612, pending: 13699, pool: 200
I  814.84] Elapsed: 13:35, vertices: 4180, facets final: 10728, pending: 13553, pool: 200
I  819.87] Elapsed: 13:40, vertices: 4189, facets final: 10850, pending: 13409, pool: 199
I  824.90] Elapsed: 13:45, vertices: 4194, facets final: 10982, pending: 13272, pool: 198
I  829.94] Elapsed: 13:50, vertices: 4199, facets final: 11109, pending: 13126, pool: 196
I  831.54] recalculating facets...
I  834.96] Elapsed: 13:55, vertices: 4201, facets final: 11249, pending: 12979, pool: 196
I  839.99] Elapsed: 14:00, vertices: 4209, facets final: 11357, pending: 12839, pool: 199
I  845.00] Elapsed: 14:05, vertices: 4217, facets final: 11478, pending: 12705, pool: 198
I  850.02] Elapsed: 14:10, vertices: 4223, facets final: 11616, pending: 12569, pool: 196
I  855.04] Elapsed: 14:15, vertices: 4228, facets final: 11742, pending: 12436, pool: 194
I  860.08] Elapsed: 14:20, vertices: 4232, facets final: 11868, pending: 12303, pool: 195
I  865.10] Elapsed: 14:25, vertices: 4236, facets final: 11994, pending: 12170, pool: 197
I  870.12] Elapsed: 14:30, vertices: 4244, facets final: 12113, pending: 12034, pool: 196
I  875.16] Elapsed: 14:35, vertices: 4249, facets final: 12239, pending: 11906, pool: 194
I  880.17] Elapsed: 14:40, vertices: 4251, facets final: 12376, pending: 11764, pool: 194
I  885.18] Elapsed: 14:45, vertices: 4257, facets final: 12505, pending: 11616, pool: 193
I  889.28] recalculating facets...
I  890.22] Elapsed: 14:50, vertices: 4262, facets final: 12635, pending: 11473, pool: 198
I  895.23] Elapsed: 14:55, vertices: 4268, facets final: 12759, pending: 11332, pool: 196
I  900.26] Elapsed: 15:00, vertices: 4271, facets final: 12886, pending: 11205, pool: 195
I  905.26] Elapsed: 15:05, vertices: 4276, facets final: 13013, pending: 11075, pool: 191
I  910.27] Elapsed: 15:10, vertices: 4278, facets final: 13140, pending: 10936, pool: 194
I  915.27] Elapsed: 15:15, vertices: 4284, facets final: 13257, pending: 10802, pool: 195
I  920.27] Elapsed: 15:20, vertices: 4287, facets final: 13382, pending: 10666, pool: 194
I  925.27] Elapsed: 15:25, vertices: 4289, facets final: 13526, pending: 10516, pool: 192
I  930.30] Elapsed: 15:30, vertices: 4294, facets final: 13654, pending: 10384, pool: 192
I  935.32] Elapsed: 15:35, vertices: 4297, facets final: 13796, pending: 10241, pool: 192
I  940.33] Elapsed: 15:40, vertices: 4299, facets final: 13933, pending: 10095, pool: 191
I  945.35] Elapsed: 15:45, vertices: 4303, facets final: 14067, pending: 9952, pool: 192
I  950.39] Elapsed: 15:50, vertices: 4305, facets final: 14202, pending: 9809, pool: 194
I  955.44] Elapsed: 15:55, vertices: 4311, facets final: 14327, pending: 9668, pool: 193
I  960.44] Elapsed: 16:00, vertices: 4317, facets final: 14447, pending: 9533, pool: 194
I  964.69] recalculating facets...
I  965.44] Elapsed: 16:05, vertices: 4321, facets final: 14573, pending: 9398, pool: 192
I  970.45] Elapsed: 16:10, vertices: 4323, facets final: 14704, pending: 9264, pool: 191
I  975.47] Elapsed: 16:15, vertices: 4327, facets final: 14837, pending: 9127, pool: 194
I  980.47] Elapsed: 16:20, vertices: 4330, facets final: 14977, pending: 8977, pool: 195
I  985.48] Elapsed: 16:25, vertices: 4335, facets final: 15114, pending: 8836, pool: 192
I  990.49] Elapsed: 16:30, vertices: 4337, facets final: 15246, pending: 8699, pool: 193
I  995.51] Elapsed: 16:36, vertices: 4339, facets final: 15383, pending: 8558, pool: 192
I 1000.55] Elapsed: 16:41, vertices: 4342, facets final: 15517, pending: 8412, pool: 192
I 1005.57] Elapsed: 16:46, vertices: 4345, facets final: 15645, pending: 8284, pool: 190
I 1010.61] Elapsed: 16:51, vertices: 4347, facets final: 15778, pending: 8170, pool: 193
I 1015.67] Elapsed: 16:56, vertices: 4352, facets final: 15912, pending: 8032, pool: 193
I 1020.67] Elapsed: 17:01, vertices: 4356, facets final: 16046, pending: 7893, pool: 191
I 1025.69] Elapsed: 17:06, vertices: 4359, facets final: 16177, pending: 7755, pool: 191
I 1030.72] Elapsed: 17:11, vertices: 4367, facets final: 16294, pending: 7624, pool: 185
I 1035.78] Elapsed: 17:16, vertices: 4370, facets final: 16435, pending: 7480, pool: 183
I 1040.83] Elapsed: 17:21, vertices: 4371, facets final: 16574, pending: 7338, pool: 185
I 1045.85] Elapsed: 17:26, vertices: 4375, facets final: 16703, pending: 7203, pool: 182
I 1050.89] Elapsed: 17:31, vertices: 4378, facets final: 16833, pending: 7073, pool: 179
I 1051.95] recalculating facets...
I 1055.90] Elapsed: 17:36, vertices: 4383, facets final: 16963, pending: 6976, pool: 175
I 1060.92] Elapsed: 17:41, vertices: 4385, facets final: 17108, pending: 6827, pool: 174
I 1065.92] Elapsed: 17:46, vertices: 4387, facets final: 17247, pending: 6686, pool: 174
I 1070.93] Elapsed: 17:51, vertices: 4388, facets final: 17388, pending: 6543, pool: 174
I 1075.94] Elapsed: 17:56, vertices: 4390, facets final: 17532, pending: 6395, pool: 174
I 1080.98] Elapsed: 18:01, vertices: 4393, facets final: 17665, pending: 6264, pool: 171
I 1085.99] Elapsed: 18:06, vertices: 4396, facets final: 17793, pending: 6129, pool: 175
I 1091.02] Elapsed: 18:11, vertices: 4401, facets final: 17923, pending: 5994, pool: 173
I 1096.03] Elapsed: 18:16, vertices: 4405, facets final: 18064, pending: 5847, pool: 169
I 1101.09] Elapsed: 18:21, vertices: 4409, facets final: 18197, pending: 5703, pool: 168
I 1106.09] Elapsed: 18:26, vertices: 4414, facets final: 18327, pending: 5569, pool: 166
I 1111.11] Elapsed: 18:31, vertices: 4417, facets final: 18464, pending: 5423, pool: 166
I 1116.11] Elapsed: 18:36, vertices: 4422, facets final: 18590, pending: 5286, pool: 168
I 1121.12] Elapsed: 18:41, vertices: 4425, facets final: 18732, pending: 5152, pool: 169
I 1126.17] Elapsed: 18:46, vertices: 4431, facets final: 18860, pending: 5028, pool: 162
I 1131.19] Elapsed: 18:51, vertices: 4436, facets final: 18996, pending: 4883, pool: 159
I 1133.41] recalculating facets...
I 1136.19] Elapsed: 18:56, vertices: 4443, facets final: 19117, pending: 4750, pool: 154
I 1141.22] Elapsed: 19:01, vertices: 4446, facets final: 19248, pending: 4613, pool: 154
I 1146.22] Elapsed: 19:06, vertices: 4452, facets final: 19377, pending: 4494, pool: 149
I 1151.25] Elapsed: 19:11, vertices: 4454, facets final: 19520, pending: 4348, pool: 149
I 1156.26] Elapsed: 19:16, vertices: 4457, facets final: 19664, pending: 4200, pool: 147
I 1161.26] Elapsed: 19:21, vertices: 4464, facets final: 19793, pending: 4059, pool: 141
I 1166.27] Elapsed: 19:26, vertices: 4469, facets final: 19926, pending: 3917, pool: 138
I 1171.27] Elapsed: 19:31, vertices: 4472, facets final: 20057, pending: 3783, pool: 136
I 1176.28] Elapsed: 19:36, vertices: 4477, facets final: 20197, pending: 3634, pool: 132
I 1181.31] Elapsed: 19:41, vertices: 4484, facets final: 20335, pending: 3490, pool: 126
I 1186.33] Elapsed: 19:46, vertices: 4491, facets final: 20462, pending: 3351, pool: 120
I 1191.35] Elapsed: 19:51, vertices: 4495, facets final: 20597, pending: 3218, pool: 116
I 1195.32] recalculating facets...
I 1196.38] Elapsed: 19:56, vertices: 4501, facets final: 20735, pending: 3074, pool: 110
I 1201.39] Elapsed: 20:01, vertices: 4502, facets final: 20875, pending: 2935, pool: 111
I 1206.41] Elapsed: 20:06, vertices: 4506, facets final: 21010, pending: 2792, pool: 110
I 1211.44] Elapsed: 20:11, vertices: 4507, facets final: 21156, pending: 2644, pool: 109
I 1216.47] Elapsed: 20:16, vertices: 4511, facets final: 21291, pending: 2511, pool: 109
I 1221.51] Elapsed: 20:22, vertices: 4513, facets final: 21420, pending: 2378, pool: 107
I 1226.53] Elapsed: 20:27, vertices: 4516, facets final: 21555, pending: 2239, pool: 105
I 1231.54] Elapsed: 20:32, vertices: 4520, facets final: 21686, pending: 2100, pool: 101
I 1236.55] Elapsed: 20:37, vertices: 4524, facets final: 21826, pending: 1953, pool: 98
I 1241.59] Elapsed: 20:42, vertices: 4524, facets final: 21964, pending: 1815
I 1246.60] Elapsed: 20:47, vertices: 4527, facets final: 22101, pending: 1675, pool: 96
I 1251.63] Elapsed: 20:52, vertices: 4531, facets final: 22233, pending: 1537, pool: 92
I 1256.65] Elapsed: 20:57, vertices: 4531, facets final: 22365, pending: 1405
I 1261.68] Elapsed: 21:02, vertices: 4533, facets final: 22506, pending: 1255, pool: 93
I 1266.69] Elapsed: 21:07, vertices: 4535, facets final: 22648, pending: 1111, pool: 94
I 1271.71] Elapsed: 21:12, vertices: 4542, facets final: 22788, pending: 961, pool: 90
I 1276.74] Elapsed: 21:17, vertices: 4546, facets final: 22923, pending: 827, pool: 90
I 1281.74] Elapsed: 21:22, vertices: 4550, facets final: 23063, pending: 683, pool: 87
I 1286.74] Elapsed: 21:27, vertices: 4556, facets final: 23205, pending: 541, pool: 82
I 1288.53] recalculating facets...
I 1291.76] Elapsed: 21:32, vertices: 4576, facets final: 23332, pending: 396, pool: 69
I 1296.79] Elapsed: 21:37, vertices: 4608, facets final: 23457, pending: 240, pool: 51
I 1298.39] recalculating facets...
I 1301.80] Elapsed: 21:42, vertices: 4652, facets final: 23583, pending: 78, pool: 19
I 1303.77] recalculating facets...
I 1304.07] Elapsed: 21:44, vertices: 4684, facets final: 23631, pending: 0

--------------------------------
Problem completed
 name                    92.vlp
 output                  vlp/92.res
 rows, cols, objs        177, 4625, 10
 vertices, facets        4684, 23631
 total time              21:44
--------------------------------
Statistics
LP:
 oracle calls            29288
   avg iterations/calls  246.69
 total oracle time       16:53
Combinatorics:
 vertices added          4684
 facets probed           53630
 facets # max            30709
 memory allocated        54.08M
 storage expansion
   vertices # / upto     37 / 4732
   facets   # / upto     8 / 32764
 facet manipulating
   added avg / max       63.15 / 898.00
   compressed            219
 number of ridge tests
   avg / max             1.22M / 19.65M
--------------------------------
Parameters with non-default values
 VertexPoolSize = 200
 RecalculateFacets = 60
 PolytopeEps = 1e-08
 ScaleEps = 5e-08
 RoundEps = 5e-08
