C copy string: rs=cd:ab;t=a:bcr;u=t:acr;ar,br,cr,d;ar,br,c,dr; ineq: base30.txt
I    5.10] Elapsed: 5.10, vertices: 51, facets final: 6, pending: 2355, pool: 87
I    5.86] recalculating facets...
I   10.18] Elapsed: 10.18, vertices: 100, facets final: 9, pending: 6318, pool: 147
I   12.11] recalculating facets...
I   15.21] Elapsed: 15.21, vertices: 144, facets final: 19, pending: 9319, pool: 194
I   18.00] recalculating facets...
I   20.28] Elapsed: 20.28, vertices: 209, facets final: 29, pending: 13346, pool: 200
I   22.76] recalculating facets...
I   25.29] Elapsed: 25.29, vertices: 271, facets final: 35, pending: 15719, pool: 200
I   27.78] recalculating facets...
I   30.33] Elapsed: 30.33, vertices: 328, facets final: 46, pending: 18628, pool: 200
I   33.22] recalculating facets...
I   35.36] Elapsed: 35.36, vertices: 384, facets final: 59, pending: 20842, pool: 200
I   39.21] recalculating facets...
I   40.39] Elapsed: 40.39, vertices: 430, facets final: 65, pending: 22503, pool: 200
I   45.41] Elapsed: 45.41, vertices: 480, facets final: 77, pending: 24616, pool: 200
I   45.41] recalculating facets...
I   50.45] Elapsed: 50.45, vertices: 522, facets final: 87, pending: 26276, pool: 200
I   52.68] recalculating facets...
I   55.51] Elapsed: 55.51, vertices: 563, facets final: 95, pending: 27645, pool: 200
I   60.14] recalculating facets...
I   60.57] Elapsed: 1:01, vertices: 604, facets final: 104, pending: 28224, pool: 200
I   65.61] Elapsed: 1:06, vertices: 644, facets final: 112, pending: 28673, pool: 200
I   67.67] recalculating facets...
I   70.61] Elapsed: 1:11, vertices: 682, facets final: 124, pending: 29720, pool: 200
I   75.56] recalculating facets...
I   75.63] Elapsed: 1:16, vertices: 721, facets final: 132, pending: 29931, pool: 199
I   80.64] Elapsed: 1:21, vertices: 758, facets final: 147, pending: 30246, pool: 200
I   83.71] recalculating facets...
I   85.69] Elapsed: 1:26, vertices: 795, facets final: 153, pending: 30393, pool: 200
I   90.72] Elapsed: 1:31, vertices: 834, facets final: 169, pending: 30079, pool: 200
I   91.68] recalculating facets...
I   95.76] Elapsed: 1:36, vertices: 871, facets final: 187, pending: 30515, pool: 200
I   99.71] recalculating facets...
I  100.79] Elapsed: 1:41, vertices: 908, facets final: 198, pending: 30975, pool: 200
I  105.83] Elapsed: 1:46, vertices: 943, facets final: 214, pending: 31278, pool: 199
I  108.39] recalculating facets...
I  110.87] Elapsed: 1:51, vertices: 977, facets final: 232, pending: 31840, pool: 200
I  115.88] Elapsed: 1:56, vertices: 1013, facets final: 253, pending: 32255, pool: 200
I  117.08] recalculating facets...
I  120.94] Elapsed: 2:01, vertices: 1044, facets final: 270, pending: 31526, pool: 199
I  125.96] Elapsed: 2:06, vertices: 1076, facets final: 282, pending: 31225, pool: 200
I  126.66] recalculating facets...
I  130.99] Elapsed: 2:11, vertices: 1109, facets final: 288, pending: 31448, pool: 200
I  135.60] recalculating facets...
I  136.03] Elapsed: 2:16, vertices: 1143, facets final: 296, pending: 31510, pool: 200
I  141.06] Elapsed: 2:21, vertices: 1177, facets final: 315, pending: 31278, pool: 200
I  144.33] recalculating facets...
I  146.07] Elapsed: 2:26, vertices: 1213, facets final: 336, pending: 30908, pool: 199
I  151.13] Elapsed: 2:31, vertices: 1249, facets final: 352, pending: 30569, pool: 200
I  152.78] recalculating facets...
I  156.14] Elapsed: 2:36, vertices: 1286, facets final: 366, pending: 30632, pool: 200
I  161.12] recalculating facets...
I  161.20] Elapsed: 2:41, vertices: 1321, facets final: 391, pending: 30007, pool: 200
I  166.25] Elapsed: 2:46, vertices: 1357, facets final: 414, pending: 29688, pool: 200
I  169.03] recalculating facets...
I  171.31] Elapsed: 2:51, vertices: 1396, facets final: 425, pending: 29692, pool: 200
I  176.33] Elapsed: 2:56, vertices: 1430, facets final: 454, pending: 29871, pool: 200
I  177.78] recalculating facets...
I  181.37] Elapsed: 3:01, vertices: 1466, facets final: 469, pending: 29805, pool: 200
I  185.69] recalculating facets...
I  186.38] Elapsed: 3:06, vertices: 1505, facets final: 487, pending: 29445, pool: 200
I  191.39] Elapsed: 3:11, vertices: 1542, facets final: 502, pending: 29410, pool: 199
I  193.82] recalculating facets...
I  196.47] Elapsed: 3:16, vertices: 1578, facets final: 528, pending: 29153, pool: 200
I  201.47] Elapsed: 3:21, vertices: 1616, facets final: 544, pending: 29265, pool: 200
I  202.22] recalculating facets...
I  206.50] Elapsed: 3:27, vertices: 1648, facets final: 571, pending: 29145, pool: 200
I  211.18] recalculating facets...
I  211.50] Elapsed: 3:32, vertices: 1682, facets final: 605, pending: 29071, pool: 200
I  216.50] Elapsed: 3:37, vertices: 1715, facets final: 626, pending: 29043, pool: 199
I  219.80] recalculating facets...
I  221.51] Elapsed: 3:42, vertices: 1750, facets final: 653, pending: 28937, pool: 200
I  226.54] Elapsed: 3:47, vertices: 1783, facets final: 689, pending: 28531, pool: 200
I  228.80] recalculating facets...
I  231.57] Elapsed: 3:52, vertices: 1818, facets final: 720, pending: 28551, pool: 200
I  236.57] Elapsed: 3:57, vertices: 1853, facets final: 754, pending: 28549, pool: 200
I  237.73] recalculating facets...
I  241.58] Elapsed: 4:02, vertices: 1884, facets final: 796, pending: 28564, pool: 200
I  246.61] Elapsed: 4:07, vertices: 1918, facets final: 827, pending: 28351, pool: 200
I  246.91] recalculating facets...
I  251.67] Elapsed: 4:12, vertices: 1955, facets final: 853, pending: 28189, pool: 200
I  255.32] recalculating facets...
I  256.74] Elapsed: 4:17, vertices: 1989, facets final: 890, pending: 28030, pool: 200
I  261.75] Elapsed: 4:22, vertices: 2023, facets final: 926, pending: 27957, pool: 199
I  264.12] recalculating facets...
I  266.77] Elapsed: 4:27, vertices: 2057, facets final: 960, pending: 27824, pool: 200
I  271.84] Elapsed: 4:32, vertices: 2093, facets final: 997, pending: 27578, pool: 200
I  272.93] recalculating facets...
I  276.85] Elapsed: 4:37, vertices: 2126, facets final: 1038, pending: 27288, pool: 200
I  281.90] Elapsed: 4:42, vertices: 2158, facets final: 1081, pending: 26903, pool: 200
I  282.11] recalculating facets...
I  286.92] Elapsed: 4:47, vertices: 2194, facets final: 1117, pending: 26729, pool: 200
I  290.64] recalculating facets...
I  291.97] Elapsed: 4:52, vertices: 2230, facets final: 1157, pending: 26395, pool: 200
I  297.02] Elapsed: 4:57, vertices: 2265, facets final: 1197, pending: 25871, pool: 200
I  299.59] recalculating facets...
I  302.03] Elapsed: 5:02, vertices: 2294, facets final: 1261, pending: 25568, pool: 200
I  307.03] Elapsed: 5:07, vertices: 2324, facets final: 1317, pending: 25554, pool: 200
I  309.71] recalculating facets...
I  312.11] Elapsed: 5:12, vertices: 2355, facets final: 1357, pending: 25477, pool: 200
I  317.22] Elapsed: 5:17, vertices: 2389, facets final: 1412, pending: 25529, pool: 200
I  319.02] recalculating facets...
I  322.22] Elapsed: 5:22, vertices: 2421, facets final: 1476, pending: 25261, pool: 200
I  327.23] Elapsed: 5:27, vertices: 2454, facets final: 1527, pending: 25034, pool: 200
I  328.05] recalculating facets...
I  332.25] Elapsed: 5:32, vertices: 2489, facets final: 1563, pending: 24927, pool: 200
I  337.25] Elapsed: 5:37, vertices: 2520, facets final: 1618, pending: 24601, pool: 200
I  337.35] recalculating facets...
I  342.32] Elapsed: 5:42, vertices: 2552, facets final: 1663, pending: 24305, pool: 200
I  346.60] recalculating facets...
I  347.33] Elapsed: 5:47, vertices: 2585, facets final: 1721, pending: 23935, pool: 200
I  352.35] Elapsed: 5:52, vertices: 2619, facets final: 1783, pending: 23656, pool: 200
I  355.55] recalculating facets...
I  357.39] Elapsed: 5:57, vertices: 2653, facets final: 1839, pending: 23482, pool: 199
I  362.39] Elapsed: 6:02, vertices: 2684, facets final: 1902, pending: 23135, pool: 200
I  364.75] recalculating facets...
I  367.42] Elapsed: 6:07, vertices: 2716, facets final: 1958, pending: 22850, pool: 200
I  372.47] Elapsed: 6:12, vertices: 2741, facets final: 2041, pending: 22643, pool: 200
I  375.99] recalculating facets...
I  377.47] Elapsed: 6:17, vertices: 2768, facets final: 2113, pending: 22234, pool: 200
I  382.50] Elapsed: 6:23, vertices: 2797, facets final: 2185, pending: 22035, pool: 199
I  386.73] recalculating facets...
I  387.51] Elapsed: 6:28, vertices: 2825, facets final: 2250, pending: 21811, pool: 200
I  392.51] Elapsed: 6:33, vertices: 2854, facets final: 2325, pending: 21484, pool: 200
I  397.37] recalculating facets...
I  397.52] Elapsed: 6:38, vertices: 2881, facets final: 2396, pending: 21294, pool: 200
I  402.56] Elapsed: 6:43, vertices: 2909, facets final: 2470, pending: 21096, pool: 200
I  407.56] Elapsed: 6:48, vertices: 2937, facets final: 2559, pending: 21069, pool: 200
I  408.44] recalculating facets...
I  412.60] Elapsed: 6:53, vertices: 2965, facets final: 2642, pending: 20814, pool: 200
I  417.60] Elapsed: 6:58, vertices: 2992, facets final: 2734, pending: 20524, pool: 200
I  419.20] recalculating facets...
I  422.60] Elapsed: 7:03, vertices: 3017, facets final: 2825, pending: 20115, pool: 200
I  427.63] Elapsed: 7:08, vertices: 3050, facets final: 2904, pending: 19950, pool: 200
I  429.30] recalculating facets...
I  432.69] Elapsed: 7:13, vertices: 3079, facets final: 2983, pending: 19848, pool: 200
I  437.73] Elapsed: 7:18, vertices: 3104, facets final: 3074, pending: 19636, pool: 199
I  440.07] recalculating facets...
I  442.73] Elapsed: 7:23, vertices: 3136, facets final: 3154, pending: 19461, pool: 200
I  447.78] Elapsed: 7:28, vertices: 3167, facets final: 3241, pending: 19324, pool: 199
I  451.10] recalculating facets...
I  452.83] Elapsed: 7:33, vertices: 3189, facets final: 3348, pending: 19187, pool: 200
I  457.85] Elapsed: 7:38, vertices: 3211, facets final: 3470, pending: 18953, pool: 199
I  462.85] Elapsed: 7:43, vertices: 3233, facets final: 3573, pending: 18800, pool: 199
I  464.13] recalculating facets...
I  467.86] Elapsed: 7:48, vertices: 3254, facets final: 3687, pending: 18618, pool: 200
I  472.87] Elapsed: 7:53, vertices: 3272, facets final: 3802, pending: 18441, pool: 200
I  477.87] Elapsed: 7:58, vertices: 3294, facets final: 3907, pending: 18197, pool: 200
I  479.66] recalculating facets...
I  482.87] Elapsed: 8:03, vertices: 3316, facets final: 4008, pending: 17966, pool: 200
I  487.88] Elapsed: 8:08, vertices: 3339, facets final: 4103, pending: 17807, pool: 199
I  492.88] Elapsed: 8:13, vertices: 3355, facets final: 4227, pending: 17603, pool: 199
I  494.35] recalculating facets...
I  497.88] Elapsed: 8:18, vertices: 3374, facets final: 4343, pending: 17432, pool: 199
I  502.89] Elapsed: 8:23, vertices: 3395, facets final: 4447, pending: 17217, pool: 199
I  507.92] Elapsed: 8:28, vertices: 3416, facets final: 4556, pending: 17014, pool: 199
I  509.07] recalculating facets...
I  512.92] Elapsed: 8:33, vertices: 3441, facets final: 4658, pending: 16857, pool: 200
I  517.92] Elapsed: 8:38, vertices: 3465, facets final: 4756, pending: 16662, pool: 198
I  522.96] Elapsed: 8:43, vertices: 3480, facets final: 4890, pending: 16448, pool: 199
I  522.96] recalculating facets...
I  528.00] Elapsed: 8:48, vertices: 3500, facets final: 4995, pending: 16231, pool: 198
I  533.01] Elapsed: 8:53, vertices: 3522, facets final: 5103, pending: 16104, pool: 199
I  538.02] Elapsed: 8:58, vertices: 3537, facets final: 5231, pending: 15927, pool: 200
I  539.59] recalculating facets...
I  543.04] Elapsed: 9:03, vertices: 3551, facets final: 5366, pending: 15719, pool: 197
I  548.05] Elapsed: 9:08, vertices: 3570, facets final: 5479, pending: 15565, pool: 200
I  553.05] Elapsed: 9:13, vertices: 3587, facets final: 5609, pending: 15359, pool: 200
I  556.88] recalculating facets...
I  558.06] Elapsed: 9:18, vertices: 3605, facets final: 5735, pending: 15202, pool: 199
I  563.09] Elapsed: 9:23, vertices: 3621, facets final: 5858, pending: 15032, pool: 198
I  568.09] Elapsed: 9:28, vertices: 3638, facets final: 5988, pending: 14843, pool: 196
I  573.09] Elapsed: 9:33, vertices: 3652, facets final: 6121, pending: 14700, pool: 200
I  575.24] recalculating facets...
I  578.09] Elapsed: 9:38, vertices: 3668, facets final: 6240, pending: 14529, pool: 199
I  583.09] Elapsed: 9:43, vertices: 3683, facets final: 6377, pending: 14395, pool: 200
I  588.09] Elapsed: 9:48, vertices: 3702, facets final: 6483, pending: 14234, pool: 199
I  593.10] Elapsed: 9:53, vertices: 3715, facets final: 6619, pending: 14052, pool: 199
I  596.03] recalculating facets...
I  598.10] Elapsed: 9:58, vertices: 3727, facets final: 6753, pending: 13890, pool: 199
I  603.10] Elapsed: 10:03, vertices: 3742, facets final: 6894, pending: 13683, pool: 197
I  608.10] Elapsed: 10:08, vertices: 3753, facets final: 7039, pending: 13498, pool: 197
I  613.13] Elapsed: 10:13, vertices: 3766, facets final: 7188, pending: 13314, pool: 199
I  618.13] Elapsed: 10:18, vertices: 3778, facets final: 7322, pending: 13129, pool: 199
I  619.39] recalculating facets...
I  623.14] Elapsed: 10:23, vertices: 3786, facets final: 7482, pending: 12930, pool: 198
I  628.16] Elapsed: 10:28, vertices: 3798, facets final: 7622, pending: 12744, pool: 197
I  633.16] Elapsed: 10:33, vertices: 3803, facets final: 7791, pending: 12547, pool: 199
I  638.16] Elapsed: 10:38, vertices: 3814, facets final: 7936, pending: 12388, pool: 195
I  643.17] Elapsed: 10:43, vertices: 3822, facets final: 8077, pending: 12215, pool: 198
I  648.21] Elapsed: 10:48, vertices: 3828, facets final: 8230, pending: 12046, pool: 195
I  653.23] Elapsed: 10:53, vertices: 3839, facets final: 8384, pending: 11895, pool: 197
I  653.44] recalculating facets...
I  658.23] Elapsed: 10:58, vertices: 3848, facets final: 8531, pending: 11700, pool: 196
I  663.25] Elapsed: 11:03, vertices: 3857, facets final: 8682, pending: 11526, pool: 197
I  668.27] Elapsed: 11:08, vertices: 3864, facets final: 8845, pending: 11350, pool: 195
I  673.27] Elapsed: 11:13, vertices: 3870, facets final: 9001, pending: 11204, pool: 197
I  678.28] Elapsed: 11:18, vertices: 3880, facets final: 9164, pending: 11025, pool: 193
I  683.33] Elapsed: 11:23, vertices: 3892, facets final: 9302, pending: 10869, pool: 188
I  688.35] Elapsed: 11:28, vertices: 3897, facets final: 9465, pending: 10699, pool: 193
I  691.30] recalculating facets...
I  693.39] Elapsed: 11:33, vertices: 3903, facets final: 9626, pending: 10503, pool: 197
I  698.42] Elapsed: 11:38, vertices: 3908, facets final: 9800, pending: 10323, pool: 194
I  703.42] Elapsed: 11:43, vertices: 3915, facets final: 9953, pending: 10149, pool: 193
I  708.42] Elapsed: 11:48, vertices: 3924, facets final: 10105, pending: 9984, pool: 188
I  713.42] Elapsed: 11:53, vertices: 3927, facets final: 10266, pending: 9817, pool: 192
I  718.42] Elapsed: 11:58, vertices: 3933, facets final: 10423, pending: 9627, pool: 192
I  723.42] Elapsed: 12:03, vertices: 3943, facets final: 10581, pending: 9437, pool: 191
I  728.43] Elapsed: 12:08, vertices: 3949, facets final: 10739, pending: 9272, pool: 189
I  733.44] Elapsed: 12:13, vertices: 3955, facets final: 10899, pending: 9090, pool: 189
I  736.75] recalculating facets...
I  738.46] Elapsed: 12:18, vertices: 3961, facets final: 11046, pending: 8923, pool: 190
I  743.46] Elapsed: 12:23, vertices: 3969, facets final: 11206, pending: 8738, pool: 193
I  748.47] Elapsed: 12:28, vertices: 3979, facets final: 11362, pending: 8544, pool: 189
I  753.47] Elapsed: 12:33, vertices: 3984, facets final: 11519, pending: 8369, pool: 189
I  758.48] Elapsed: 12:38, vertices: 3990, facets final: 11685, pending: 8192, pool: 189
I  763.49] Elapsed: 12:43, vertices: 3997, facets final: 11852, pending: 8014, pool: 191
I  768.51] Elapsed: 12:49, vertices: 4003, facets final: 12015, pending: 7837, pool: 189
I  773.53] Elapsed: 12:54, vertices: 4010, facets final: 12174, pending: 7658, pool: 187
I  778.54] Elapsed: 12:59, vertices: 4014, facets final: 12323, pending: 7497, pool: 188
I  783.56] Elapsed: 13:04, vertices: 4019, facets final: 12495, pending: 7299, pool: 187
I  783.89] recalculating facets...
I  788.56] Elapsed: 13:09, vertices: 4028, facets final: 12638, pending: 7136, pool: 184
I  793.57] Elapsed: 13:14, vertices: 4031, facets final: 12813, pending: 6950, pool: 184
I  798.58] Elapsed: 13:19, vertices: 4038, facets final: 12970, pending: 6786, pool: 181
I  803.58] Elapsed: 13:24, vertices: 4044, facets final: 13130, pending: 6622, pool: 180
I  808.60] Elapsed: 13:29, vertices: 4046, facets final: 13306, pending: 6438, pool: 182
I  813.60] Elapsed: 13:34, vertices: 4053, facets final: 13466, pending: 6273, pool: 181
I  818.61] Elapsed: 13:39, vertices: 4058, facets final: 13626, pending: 6104, pool: 182
I  823.61] Elapsed: 13:44, vertices: 4063, facets final: 13785, pending: 5940, pool: 179
I  828.61] Elapsed: 13:49, vertices: 4068, facets final: 13950, pending: 5758, pool: 182
I  833.61] Elapsed: 13:54, vertices: 4073, facets final: 14115, pending: 5582, pool: 178
I  838.63] Elapsed: 13:59, vertices: 4076, facets final: 14291, pending: 5405, pool: 178
I  842.00] recalculating facets...
I  843.64] Elapsed: 14:04, vertices: 4083, facets final: 14458, pending: 5224, pool: 174
I  848.66] Elapsed: 14:09, vertices: 4085, facets final: 14633, pending: 5046, pool: 172
I  853.67] Elapsed: 14:14, vertices: 4089, facets final: 14800, pending: 4867, pool: 174
I  858.72] Elapsed: 14:19, vertices: 4097, facets final: 14962, pending: 4689, pool: 167
I  863.75] Elapsed: 14:24, vertices: 4101, facets final: 15140, pending: 4494, pool: 166
I  868.78] Elapsed: 14:29, vertices: 4110, facets final: 15299, pending: 4320, pool: 159
I  873.80] Elapsed: 14:34, vertices: 4114, facets final: 15475, pending: 4142, pool: 156
I  878.83] Elapsed: 14:39, vertices: 4120, facets final: 15650, pending: 3958, pool: 154
I  883.83] Elapsed: 14:44, vertices: 4123, facets final: 15824, pending: 3780, pool: 153
I  888.85] Elapsed: 14:49, vertices: 4128, facets final: 15999, pending: 3608, pool: 150
I  893.86] Elapsed: 14:54, vertices: 4132, facets final: 16172, pending: 3430, pool: 148
I  898.57] recalculating facets...
I  898.87] Elapsed: 14:59, vertices: 4141, facets final: 16328, pending: 3266, pool: 142
I  903.90] Elapsed: 15:04, vertices: 4148, facets final: 16500, pending: 3087, pool: 140
I  908.91] Elapsed: 15:09, vertices: 4154, facets final: 16670, pending: 2908, pool: 134
I  913.91] Elapsed: 15:14, vertices: 4162, facets final: 16837, pending: 2725, pool: 129
I  918.92] Elapsed: 15:19, vertices: 4168, facets final: 17013, pending: 2543, pool: 125
I  923.92] Elapsed: 15:24, vertices: 4172, facets final: 17187, pending: 2361, pool: 123
I  928.92] Elapsed: 15:29, vertices: 4182, facets final: 17359, pending: 2173, pool: 114
I  933.94] Elapsed: 15:34, vertices: 4189, facets final: 17528, pending: 1995, pool: 109
I  938.94] Elapsed: 15:39, vertices: 4194, facets final: 17710, pending: 1804, pool: 105
I  943.96] Elapsed: 15:44, vertices: 4195, facets final: 17897, pending: 1615, pool: 104
I  947.47] recalculating facets...
I  949.01] Elapsed: 15:49, vertices: 4201, facets final: 18068, pending: 1439, pool: 100
I  954.03] Elapsed: 15:54, vertices: 4209, facets final: 18230, pending: 1255, pool: 93
I  959.04] Elapsed: 15:59, vertices: 4216, facets final: 18403, pending: 1075, pool: 91
I  964.06] Elapsed: 16:04, vertices: 4221, facets final: 18575, pending: 895, pool: 87
I  969.07] Elapsed: 16:09, vertices: 4228, facets final: 18756, pending: 715, pool: 83
I  974.10] Elapsed: 16:14, vertices: 4233, facets final: 18933, pending: 542, pool: 82
I  979.10] Elapsed: 16:19, vertices: 4240, facets final: 19105, pending: 360, pool: 78
I  982.25] recalculating facets...
I  984.10] Elapsed: 16:24, vertices: 4279, facets final: 19240, pending: 190, pool: 53
I  986.58] recalculating facets...
I  988.96] Elapsed: 16:29, vertices: 4362, facets final: 19343, pending: 0

--------------------------------
Problem completed
 name                    94.vlp
 output                  vlp/94.res
 rows, cols, objs        177, 4601, 10
 vertices, facets        4362, 19343
 total time              16:29
--------------------------------
Statistics
LP:
 oracle calls            24720
   avg iterations/calls  203.00
 total oracle time       11:07
Combinatorics:
 vertices added          4362
 facets probed           49935
 facets # max            32639
 memory allocated        51.40M
 storage expansion
   vertices # / upto     35 / 4476
   facets   # / upto     8 / 32764
 facet manipulating
   added avg / max       77.43 / 949.00
   compressed            216
 number of ridge tests
   avg / max             1.72M / 17.60M
--------------------------------
Parameters with non-default values
 VertexPoolSize = 200
 RecalculateFacets = 60
 PolytopeEps = 1e-08
 ScaleEps = 5e-08
 RoundEps = 5e-08
