C copy string: rs=cd:ab;t=a:bcr;u=t:acs;ar,br,cr,d;ar,br,c,dr; ineq: base30.txt
I    5.00] Elapsed: 5.00, vertices: 40, facets final: 7, pending: 1374, pool: 66
I    7.94] recalculating facets...
I   10.08] Elapsed: 10.08, vertices: 80, facets final: 10, pending: 3763, pool: 133
I   14.70] recalculating facets...
I   15.12] Elapsed: 15.12, vertices: 125, facets final: 20, pending: 6171, pool: 194
I   19.11] recalculating facets...
I   20.13] Elapsed: 20.13, vertices: 193, facets final: 24, pending: 11395, pool: 200
I   24.06] recalculating facets...
I   25.16] Elapsed: 25.16, vertices: 252, facets final: 27, pending: 14635, pool: 200
I   29.37] recalculating facets...
I   30.17] Elapsed: 30.17, vertices: 308, facets final: 29, pending: 16987, pool: 200
I   35.18] Elapsed: 35.18, vertices: 358, facets final: 42, pending: 19566, pool: 200
I   35.38] recalculating facets...
I   40.19] Elapsed: 40.19, vertices: 405, facets final: 46, pending: 22416, pool: 200
I   41.89] recalculating facets...
I   45.21] Elapsed: 45.21, vertices: 448, facets final: 50, pending: 25442, pool: 200
I   49.24] recalculating facets...
I   50.21] Elapsed: 50.21, vertices: 488, facets final: 58, pending: 27329, pool: 200
I   55.21] Elapsed: 55.21, vertices: 527, facets final: 62, pending: 28601, pool: 200
I   56.79] recalculating facets...
I   60.26] Elapsed: 1:00, vertices: 565, facets final: 69, pending: 29745, pool: 200
I   65.29] Elapsed: 1:05, vertices: 600, facets final: 76, pending: 31079, pool: 200
I   65.29] recalculating facets...
I   70.35] Elapsed: 1:10, vertices: 636, facets final: 82, pending: 31975, pool: 200
I   74.20] recalculating facets...
I   75.37] Elapsed: 1:15, vertices: 667, facets final: 88, pending: 32913, pool: 200
I   80.38] Elapsed: 1:20, vertices: 699, facets final: 92, pending: 34287, pool: 199
I   84.06] recalculating facets...
I   85.42] Elapsed: 1:25, vertices: 729, facets final: 103, pending: 34872, pool: 200
I   90.51] Elapsed: 1:31, vertices: 760, facets final: 118, pending: 35946, pool: 200
I   93.65] recalculating facets...
I   95.54] Elapsed: 1:36, vertices: 792, facets final: 123, pending: 36458, pool: 200
I  100.61] Elapsed: 1:41, vertices: 821, facets final: 127, pending: 37265, pool: 200
I  104.07] recalculating facets...
I  105.72] Elapsed: 1:46, vertices: 849, facets final: 138, pending: 37482, pool: 200
I  110.80] Elapsed: 1:51, vertices: 878, facets final: 149, pending: 38162, pool: 200
I  114.70] recalculating facets...
I  115.91] Elapsed: 1:56, vertices: 906, facets final: 155, pending: 38777, pool: 200
I  121.01] Elapsed: 2:01, vertices: 934, facets final: 163, pending: 39286, pool: 199
I  125.80] recalculating facets...
I  126.05] Elapsed: 2:06, vertices: 962, facets final: 172, pending: 38780, pool: 200
I  131.10] Elapsed: 2:11, vertices: 989, facets final: 182, pending: 39056, pool: 200
I  136.16] Elapsed: 2:16, vertices: 1017, facets final: 189, pending: 38913, pool: 200
I  136.71] recalculating facets...
I  141.27] Elapsed: 2:21, vertices: 1042, facets final: 196, pending: 39190, pool: 200
I  146.29] Elapsed: 2:26, vertices: 1068, facets final: 206, pending: 39454, pool: 200
I  148.64] recalculating facets...
I  151.36] Elapsed: 2:31, vertices: 1093, facets final: 206, pending: 39085, pool: 200
I  156.37] Elapsed: 2:36, vertices: 1118, facets final: 212, pending: 39756, pool: 200
I  161.03] recalculating facets...
I  161.38] Elapsed: 2:41, vertices: 1142, facets final: 222, pending: 40206, pool: 200
I  166.38] Elapsed: 2:46, vertices: 1166, facets final: 232, pending: 40705, pool: 200
I  171.44] Elapsed: 2:51, vertices: 1191, facets final: 242, pending: 41002, pool: 200
I  173.35] recalculating facets...
I  176.66] Elapsed: 2:57, vertices: 1213, facets final: 253, pending: 40513, pool: 200
I  181.71] Elapsed: 3:02, vertices: 1239, facets final: 265, pending: 40709, pool: 199
I  185.30] recalculating facets...
I  186.71] Elapsed: 3:07, vertices: 1267, facets final: 279, pending: 41213, pool: 200
I  191.84] Elapsed: 3:12, vertices: 1295, facets final: 283, pending: 41237, pool: 200
I  196.86] Elapsed: 3:17, vertices: 1320, facets final: 296, pending: 41481, pool: 200
I  196.86] recalculating facets...
I  201.98] Elapsed: 3:22, vertices: 1346, facets final: 298, pending: 41946, pool: 199
I  206.99] Elapsed: 3:27, vertices: 1373, facets final: 308, pending: 42516, pool: 200
I  208.57] recalculating facets...
I  211.99] Elapsed: 3:32, vertices: 1398, facets final: 319, pending: 42012, pool: 200
I  217.07] Elapsed: 3:37, vertices: 1422, facets final: 328, pending: 41474, pool: 200
I  220.54] recalculating facets...
I  222.08] Elapsed: 3:42, vertices: 1448, facets final: 334, pending: 41316, pool: 200
I  227.13] Elapsed: 3:47, vertices: 1473, facets final: 348, pending: 41828, pool: 200
I  232.19] Elapsed: 3:52, vertices: 1499, facets final: 354, pending: 42008, pool: 200
I  232.61] recalculating facets...
I  237.19] Elapsed: 3:57, vertices: 1523, facets final: 366, pending: 41870, pool: 200
I  242.19] Elapsed: 4:02, vertices: 1548, facets final: 373, pending: 41779, pool: 200
I  244.60] recalculating facets...
I  247.30] Elapsed: 4:07, vertices: 1573, facets final: 383, pending: 41612, pool: 200
I  252.33] Elapsed: 4:12, vertices: 1598, facets final: 394, pending: 40914, pool: 200
I  257.43] Elapsed: 4:17, vertices: 1620, facets final: 405, pending: 40773, pool: 200
I  257.43] recalculating facets...
I  262.49] Elapsed: 4:22, vertices: 1644, facets final: 418, pending: 40731, pool: 200
I  267.54] Elapsed: 4:28, vertices: 1668, facets final: 427, pending: 41234, pool: 200
I  269.96] recalculating facets...
I  272.54] Elapsed: 4:33, vertices: 1693, facets final: 441, pending: 41312, pool: 200
I  277.56] Elapsed: 4:38, vertices: 1716, facets final: 455, pending: 40922, pool: 200
I  282.67] Elapsed: 4:43, vertices: 1739, facets final: 465, pending: 40698, pool: 200
I  282.85] recalculating facets...
I  287.68] Elapsed: 4:48, vertices: 1763, facets final: 478, pending: 40711, pool: 200
I  292.69] Elapsed: 4:53, vertices: 1787, facets final: 488, pending: 40093, pool: 200
I  295.45] recalculating facets...
I  297.74] Elapsed: 4:58, vertices: 1810, facets final: 507, pending: 40076, pool: 200
I  302.74] Elapsed: 5:03, vertices: 1835, facets final: 522, pending: 39787, pool: 199
I  307.75] Elapsed: 5:08, vertices: 1858, facets final: 535, pending: 39454, pool: 200
I  308.16] recalculating facets...
I  312.83] Elapsed: 5:13, vertices: 1884, facets final: 551, pending: 39748, pool: 200
I  317.84] Elapsed: 5:18, vertices: 1907, facets final: 571, pending: 39710, pool: 200
I  320.22] recalculating facets...
I  322.87] Elapsed: 5:23, vertices: 1933, facets final: 584, pending: 39488, pool: 200
I  327.93] Elapsed: 5:28, vertices: 1957, facets final: 598, pending: 39570, pool: 200
I  332.91] recalculating facets...
I  333.05] Elapsed: 5:33, vertices: 1981, facets final: 609, pending: 39243, pool: 200
I  338.08] Elapsed: 5:38, vertices: 2005, facets final: 629, pending: 39045, pool: 200
I  343.12] Elapsed: 5:43, vertices: 2030, facets final: 644, pending: 39088, pool: 200
I  345.07] recalculating facets...
I  348.16] Elapsed: 5:48, vertices: 2057, facets final: 658, pending: 38987, pool: 200
I  353.16] Elapsed: 5:53, vertices: 2083, facets final: 670, pending: 38703, pool: 200
I  356.53] recalculating facets...
I  358.20] Elapsed: 5:58, vertices: 2108, facets final: 683, pending: 38507, pool: 200
I  363.20] Elapsed: 6:03, vertices: 2135, facets final: 693, pending: 38265, pool: 200
I  368.21] Elapsed: 6:08, vertices: 2159, facets final: 721, pending: 38255, pool: 200
I  368.46] recalculating facets...
I  373.29] Elapsed: 6:13, vertices: 2183, facets final: 735, pending: 38205, pool: 200
I  378.30] Elapsed: 6:18, vertices: 2208, facets final: 748, pending: 38065, pool: 200
I  380.59] recalculating facets...
I  383.31] Elapsed: 6:23, vertices: 2234, facets final: 766, pending: 37925, pool: 200
I  388.32] Elapsed: 6:28, vertices: 2258, facets final: 777, pending: 37795, pool: 200
I  392.58] recalculating facets...
I  393.35] Elapsed: 6:33, vertices: 2284, facets final: 789, pending: 37614, pool: 200
I  398.43] Elapsed: 6:38, vertices: 2310, facets final: 809, pending: 37560, pool: 200
I  403.46] Elapsed: 6:43, vertices: 2336, facets final: 822, pending: 37228, pool: 199
I  404.42] recalculating facets...
I  408.52] Elapsed: 6:49, vertices: 2361, facets final: 835, pending: 37219, pool: 200
I  413.54] Elapsed: 6:54, vertices: 2388, facets final: 855, pending: 37071, pool: 200
I  415.77] recalculating facets...
I  418.62] Elapsed: 6:59, vertices: 2417, facets final: 869, pending: 36930, pool: 198
I  423.68] Elapsed: 7:04, vertices: 2441, facets final: 887, pending: 37151, pool: 200
I  427.41] recalculating facets...
I  428.75] Elapsed: 7:09, vertices: 2466, facets final: 916, pending: 37023, pool: 200
I  433.76] Elapsed: 7:14, vertices: 2493, facets final: 926, pending: 36601, pool: 200
I  438.42] recalculating facets...
I  438.79] Elapsed: 7:19, vertices: 2522, facets final: 952, pending: 36269, pool: 199
I  443.86] Elapsed: 7:24, vertices: 2551, facets final: 972, pending: 36044, pool: 199
I  448.92] Elapsed: 7:29, vertices: 2576, facets final: 990, pending: 35874, pool: 200
I  449.82] recalculating facets...
I  453.94] Elapsed: 7:34, vertices: 2601, facets final: 1005, pending: 35719, pool: 200
I  458.95] Elapsed: 7:39, vertices: 2623, facets final: 1029, pending: 35712, pool: 199
I  461.91] recalculating facets...
I  463.98] Elapsed: 7:44, vertices: 2652, facets final: 1052, pending: 35645, pool: 200
I  468.99] Elapsed: 7:49, vertices: 2679, facets final: 1082, pending: 35405, pool: 200
I  472.78] recalculating facets...
I  474.04] Elapsed: 7:54, vertices: 2708, facets final: 1101, pending: 35234, pool: 200
I  479.08] Elapsed: 7:59, vertices: 2730, facets final: 1129, pending: 34849, pool: 200
I  484.09] Elapsed: 8:04, vertices: 2757, facets final: 1150, pending: 35077, pool: 200
I  484.78] recalculating facets...
I  489.11] Elapsed: 8:09, vertices: 2779, facets final: 1176, pending: 34612, pool: 200
I  494.16] Elapsed: 8:14, vertices: 2803, facets final: 1202, pending: 34624, pool: 200
I  497.19] recalculating facets...
recalculate_facet: numerical instability at facet 36746, coord 3 (1.47881e-06)
recalculate_facet: numerical instability at facet 36746, coord 4 (-1.00164e-06)
recalculate_facet: numerical instability at facet 36747, coord 0 (-3.04001e-06)
recalculate_facet: numerical instability at facet 36747, coord 2 (4.40111e-06)
recalculate_facet: numerical instability at facet 36747, coord 3 (-1.16913e-06)
recalculate_facet: numerical instability at facet 36747, coord 4 (1.10392e-06)
recalculate_facet: numerical instability at facet 36747, coord 10 (1.10444e-06)
recalculate_facet: numerical instability at facet 36748, coord 3 (-1.03138e-06)
recalculate_facet: numerical instability at facet 36748, coord 4 (1.90166e-06)
recalculate_facet: numerical instability at facet 37025, coord 1 (1.1392e-06)
recalculate_facet: numerical instability at facet 37025, coord 3 (1.88291e-06)
recalculate_facet: numerical instability at facet 37025, coord 7 (-2.01872e-06)
I  499.18] Elapsed: 8:19, vertices: 2830, facets final: 1223, pending: 34711, pool: 200
I  504.19] Elapsed: 8:24, vertices: 2860, facets final: 1252, pending: 34540, pool: 199
I  508.34] recalculating facets...
I  509.19] Elapsed: 8:29, vertices: 2885, facets final: 1280, pending: 34429, pool: 200
I  514.21] Elapsed: 8:34, vertices: 2910, facets final: 1314, pending: 34056, pool: 200
I  519.25] Elapsed: 8:39, vertices: 2936, facets final: 1345, pending: 33929, pool: 200
I  520.24] recalculating facets...
I  524.25] Elapsed: 8:44, vertices: 2959, facets final: 1375, pending: 33816, pool: 200
I  529.28] Elapsed: 8:49, vertices: 2984, facets final: 1391, pending: 33763, pool: 200
I  532.47] recalculating facets...
I  534.29] Elapsed: 8:54, vertices: 3010, facets final: 1409, pending: 33573, pool: 200
I  539.31] Elapsed: 8:59, vertices: 3040, facets final: 1432, pending: 33438, pool: 200
I  542.98] recalculating facets...
I  544.34] Elapsed: 9:04, vertices: 3068, facets final: 1460, pending: 33095, pool: 200
I  549.37] Elapsed: 9:09, vertices: 3095, facets final: 1490, pending: 32721, pool: 200
I  554.12] recalculating facets...
I  554.37] Elapsed: 9:14, vertices: 3122, facets final: 1527, pending: 32441, pool: 200
I  559.38] Elapsed: 9:19, vertices: 3148, facets final: 1564, pending: 32142, pool: 200
I  564.43] Elapsed: 9:24, vertices: 3176, facets final: 1594, pending: 31706, pool: 200
I  565.14] recalculating facets...
I  569.51] Elapsed: 9:30, vertices: 3203, facets final: 1631, pending: 31287, pool: 200
I  574.51] Elapsed: 9:35, vertices: 3227, facets final: 1673, pending: 31140, pool: 200
I  577.18] recalculating facets...
I  579.51] Elapsed: 9:40, vertices: 3252, facets final: 1716, pending: 30939, pool: 200
I  584.51] Elapsed: 9:45, vertices: 3275, facets final: 1757, pending: 30840, pool: 200
I  589.51] Elapsed: 9:50, vertices: 3299, facets final: 1785, pending: 30704, pool: 200
I  589.69] recalculating facets...
I  594.52] Elapsed: 9:55, vertices: 3323, facets final: 1824, pending: 30722, pool: 200
I  599.58] Elapsed: 10:00, vertices: 3345, facets final: 1871, pending: 30588, pool: 200
I  602.94] recalculating facets...
I  604.58] Elapsed: 10:05, vertices: 3368, facets final: 1914, pending: 30447, pool: 200
I  609.61] Elapsed: 10:10, vertices: 3397, facets final: 1955, pending: 30318, pool: 200
I  613.58] recalculating facets...
I  614.65] Elapsed: 10:15, vertices: 3426, facets final: 1993, pending: 30021, pool: 199
I  619.68] Elapsed: 10:20, vertices: 3451, facets final: 2045, pending: 29759, pool: 200
I  624.68] Elapsed: 10:25, vertices: 3478, facets final: 2096, pending: 29601, pool: 199
I  625.46] recalculating facets...
I  629.75] Elapsed: 10:30, vertices: 3503, facets final: 2148, pending: 29279, pool: 200
I  634.78] Elapsed: 10:35, vertices: 3526, facets final: 2209, pending: 29130, pool: 200
I  637.02] recalculating facets...
I  639.81] Elapsed: 10:40, vertices: 3554, facets final: 2248, pending: 28901, pool: 200
I  644.88] Elapsed: 10:45, vertices: 3583, facets final: 2288, pending: 28670, pool: 200
I  647.98] recalculating facets...
I  649.88] Elapsed: 10:50, vertices: 3612, facets final: 2319, pending: 28594, pool: 199
I  654.97] Elapsed: 10:55, vertices: 3637, facets final: 2364, pending: 28379, pool: 200
I  659.72] recalculating facets...
I  659.99] Elapsed: 11:00, vertices: 3661, facets final: 2408, pending: 28079, pool: 200
I  665.00] Elapsed: 11:05, vertices: 3685, facets final: 2469, pending: 27987, pool: 200
I  670.01] Elapsed: 11:10, vertices: 3709, facets final: 2515, pending: 27756, pool: 200
I  672.23] recalculating facets...
I  675.01] Elapsed: 11:15, vertices: 3732, facets final: 2570, pending: 27523, pool: 200
I  680.10] Elapsed: 11:20, vertices: 3755, facets final: 2621, pending: 27371, pool: 200
I  685.12] Elapsed: 11:25, vertices: 3778, facets final: 2676, pending: 27343, pool: 199
I  685.57] recalculating facets...
I  690.16] Elapsed: 11:30, vertices: 3802, facets final: 2727, pending: 27214, pool: 200
I  695.18] Elapsed: 11:35, vertices: 3823, facets final: 2791, pending: 27067, pool: 198
I  698.81] recalculating facets...
I  700.18] Elapsed: 11:40, vertices: 3843, facets final: 2848, pending: 26838, pool: 200
I  705.20] Elapsed: 11:45, vertices: 3868, facets final: 2897, pending: 26713, pool: 200
I  710.21] Elapsed: 11:50, vertices: 3889, facets final: 2955, pending: 26500, pool: 200
I  713.28] recalculating facets...
recalculate_facet: numerical instability at facet 41667, coord 0 (1.23076e-06)
recalculate_facet: numerical instability at facet 41667, coord 1 (-1.29839e-06)
recalculate_facet: numerical instability at facet 41667, coord 3 (-1.59831e-06)
recalculate_facet: numerical instability at facet 41667, coord 7 (1.28139e-06)
recalculate_facet: numerical instability at facet 41667, coord 10 (1.27834e-06)
I  715.31] Elapsed: 11:55, vertices: 3909, facets final: 3019, pending: 26348, pool: 200
I  720.33] Elapsed: 12:00, vertices: 3928, facets final: 3092, pending: 26100, pool: 199
I  725.36] Elapsed: 12:05, vertices: 3947, facets final: 3161, pending: 25893, pool: 199
I  729.09] recalculating facets...
I  730.36] Elapsed: 12:10, vertices: 3965, facets final: 3224, pending: 25672, pool: 199
I  735.38] Elapsed: 12:15, vertices: 3985, facets final: 3281, pending: 25480, pool: 200
I  740.47] Elapsed: 12:20, vertices: 4007, facets final: 3336, pending: 25285, pool: 200
I  743.56] recalculating facets...
I  745.53] Elapsed: 12:26, vertices: 4029, facets final: 3386, pending: 25078, pool: 200
I  750.55] Elapsed: 12:31, vertices: 4054, facets final: 3436, pending: 24864, pool: 200
I  755.62] Elapsed: 12:36, vertices: 4072, facets final: 3511, pending: 24662, pool: 200
I  757.66] recalculating facets...
I  760.62] Elapsed: 12:41, vertices: 4091, facets final: 3583, pending: 24492, pool: 200
I  765.64] Elapsed: 12:46, vertices: 4114, facets final: 3640, pending: 24339, pool: 199
I  770.65] Elapsed: 12:51, vertices: 4136, facets final: 3691, pending: 24183, pool: 200
I  771.78] recalculating facets...
I  775.70] Elapsed: 12:56, vertices: 4154, facets final: 3765, pending: 24127, pool: 200
I  780.73] Elapsed: 13:01, vertices: 4180, facets final: 3827, pending: 23948, pool: 200
I  785.30] recalculating facets...
I  785.79] Elapsed: 13:06, vertices: 4202, facets final: 3906, pending: 23747, pool: 199
I  790.80] Elapsed: 13:11, vertices: 4227, facets final: 3985, pending: 23511, pool: 200
I  795.83] Elapsed: 13:16, vertices: 4253, facets final: 4049, pending: 23365, pool: 200
I  797.19] recalculating facets...
I  800.85] Elapsed: 13:21, vertices: 4277, facets final: 4124, pending: 23153, pool: 200
I  805.87] Elapsed: 13:26, vertices: 4298, facets final: 4213, pending: 23022, pool: 199
I  810.91] Elapsed: 13:31, vertices: 4318, facets final: 4302, pending: 22927, pool: 200
I  811.47] recalculating facets...
I  815.92] Elapsed: 13:36, vertices: 4337, facets final: 4390, pending: 22799, pool: 200
I  820.92] Elapsed: 13:41, vertices: 4359, facets final: 4467, pending: 22664, pool: 200
I  825.79] recalculating facets...
I  825.98] Elapsed: 13:46, vertices: 4381, facets final: 4546, pending: 22544, pool: 200
I  830.98] Elapsed: 13:51, vertices: 4401, facets final: 4631, pending: 22411, pool: 200
I  836.05] Elapsed: 13:56, vertices: 4418, facets final: 4733, pending: 22283, pool: 200
I  841.06] Elapsed: 14:01, vertices: 4436, facets final: 4829, pending: 22100, pool: 200
I  841.96] recalculating facets...
I  846.07] Elapsed: 14:06, vertices: 4460, facets final: 4903, pending: 21905, pool: 199
I  851.08] Elapsed: 14:11, vertices: 4479, facets final: 4998, pending: 21776, pool: 200
I  856.10] Elapsed: 14:16, vertices: 4498, facets final: 5086, pending: 21627, pool: 200
I  856.54] recalculating facets...
I  861.10] Elapsed: 14:21, vertices: 4519, facets final: 5160, pending: 21498, pool: 200
I  866.11] Elapsed: 14:26, vertices: 4533, facets final: 5251, pending: 21367, pool: 200
I  871.11] Elapsed: 14:31, vertices: 4555, facets final: 5327, pending: 21262, pool: 200
I  872.31] recalculating facets...
I  876.18] Elapsed: 14:36, vertices: 4573, facets final: 5417, pending: 21131, pool: 200
I  881.20] Elapsed: 14:41, vertices: 4586, facets final: 5512, pending: 21028, pool: 199
I  886.23] Elapsed: 14:46, vertices: 4602, facets final: 5600, pending: 20798, pool: 199
I  891.30] Elapsed: 14:51, vertices: 4615, facets final: 5705, pending: 20644, pool: 200
I  892.56] recalculating facets...
I  896.31] Elapsed: 14:56, vertices: 4631, facets final: 5788, pending: 20477, pool: 200
I  901.32] Elapsed: 15:01, vertices: 4657, facets final: 5846, pending: 20428, pool: 199
I  906.32] Elapsed: 15:06, vertices: 4673, facets final: 5941, pending: 20260, pool: 199
I  908.25] recalculating facets...
I  911.34] Elapsed: 15:11, vertices: 4690, facets final: 6027, pending: 20117, pool: 200
I  916.34] Elapsed: 15:16, vertices: 4707, facets final: 6113, pending: 19971, pool: 198
I  921.34] Elapsed: 15:21, vertices: 4719, facets final: 6211, pending: 19823, pool: 200
I  926.36] Elapsed: 15:26, vertices: 4737, facets final: 6296, pending: 19671, pool: 200
I  927.75] recalculating facets...
I  931.42] Elapsed: 15:31, vertices: 4747, facets final: 6405, pending: 19535, pool: 200
I  936.44] Elapsed: 15:36, vertices: 4761, facets final: 6501, pending: 19427, pool: 200
I  941.46] Elapsed: 15:41, vertices: 4776, facets final: 6603, pending: 19243, pool: 200
I  946.49] Elapsed: 15:46, vertices: 4787, facets final: 6702, pending: 19132, pool: 199
I  951.52] Elapsed: 15:52, vertices: 4797, facets final: 6808, pending: 19016, pool: 200
I  953.41] recalculating facets...
I  956.53] Elapsed: 15:57, vertices: 4807, facets final: 6908, pending: 18869, pool: 200
I  961.53] Elapsed: 16:02, vertices: 4822, facets final: 6998, pending: 18731, pool: 199
I  966.54] Elapsed: 16:07, vertices: 4833, facets final: 7095, pending: 18611, pool: 200
I  971.54] Elapsed: 16:12, vertices: 4845, facets final: 7195, pending: 18461, pool: 200
I  976.54] Elapsed: 16:17, vertices: 4857, facets final: 7297, pending: 18355, pool: 200
I  978.02] recalculating facets...
I  981.55] Elapsed: 16:22, vertices: 4866, facets final: 7409, pending: 18192, pool: 200
I  986.58] Elapsed: 16:27, vertices: 4881, facets final: 7499, pending: 18049, pool: 200
I  991.60] Elapsed: 16:32, vertices: 4895, facets final: 7600, pending: 17884, pool: 200
I  996.60] Elapsed: 16:37, vertices: 4902, facets final: 7708, pending: 17748, pool: 200
I 1001.62] Elapsed: 16:42, vertices: 4913, facets final: 7815, pending: 17604, pool: 200
I 1004.12] recalculating facets...
I 1006.63] Elapsed: 16:47, vertices: 4928, facets final: 7906, pending: 17443, pool: 200
I 1011.65] Elapsed: 16:52, vertices: 4936, facets final: 8022, pending: 17308, pool: 199
I 1016.68] Elapsed: 16:57, vertices: 4951, facets final: 8113, pending: 17149, pool: 198
I 1021.76] Elapsed: 17:02, vertices: 4971, facets final: 8187, pending: 17013, pool: 200
I 1025.63] recalculating facets...
I 1026.82] Elapsed: 17:07, vertices: 4981, facets final: 8304, pending: 16880, pool: 198
I 1031.83] Elapsed: 17:12, vertices: 4991, facets final: 8411, pending: 16780, pool: 198
I 1036.86] Elapsed: 17:17, vertices: 4999, facets final: 8523, pending: 16643, pool: 197
I 1041.89] Elapsed: 17:22, vertices: 5007, facets final: 8631, pending: 16496, pool: 199
I 1046.90] Elapsed: 17:27, vertices: 5018, facets final: 8736, pending: 16354, pool: 200
I 1051.90] Elapsed: 17:32, vertices: 5028, facets final: 8843, pending: 16227, pool: 200
I 1056.92] Elapsed: 17:37, vertices: 5037, facets final: 8949, pending: 16096, pool: 200
I 1058.36] recalculating facets...
I 1061.94] Elapsed: 17:42, vertices: 5049, facets final: 9041, pending: 15955, pool: 199
I 1066.96] Elapsed: 17:47, vertices: 5055, facets final: 9159, pending: 15833, pool: 197
I 1071.96] Elapsed: 17:52, vertices: 5065, facets final: 9264, pending: 15724, pool: 200
I 1076.98] Elapsed: 17:57, vertices: 5080, facets final: 9351, pending: 15569, pool: 199
I 1081.99] Elapsed: 18:02, vertices: 5088, facets final: 9456, pending: 15449, pool: 200
I 1086.99] Elapsed: 18:07, vertices: 5097, facets final: 9563, pending: 15318, pool: 199
I 1088.65] recalculating facets...
I 1092.00] Elapsed: 18:12, vertices: 5106, facets final: 9669, pending: 15193, pool: 199
I 1097.03] Elapsed: 18:17, vertices: 5114, facets final: 9782, pending: 15041, pool: 200
I 1102.07] Elapsed: 18:22, vertices: 5120, facets final: 9900, pending: 14904, pool: 199
I 1107.16] Elapsed: 18:27, vertices: 5130, facets final: 10006, pending: 14807, pool: 200
I 1112.16] Elapsed: 18:32, vertices: 5137, facets final: 10124, pending: 14669, pool: 198
I 1117.21] Elapsed: 18:37, vertices: 5148, facets final: 10235, pending: 14531, pool: 198
I 1122.26] Elapsed: 18:42, vertices: 5159, facets final: 10334, pending: 14397, pool: 199
I 1122.91] recalculating facets...
I 1127.28] Elapsed: 18:47, vertices: 5169, facets final: 10444, pending: 14249, pool: 196
I 1132.28] Elapsed: 18:52, vertices: 5175, facets final: 10555, pending: 14121, pool: 199
I 1137.28] Elapsed: 18:57, vertices: 5190, facets final: 10647, pending: 13992, pool: 199
I 1142.31] Elapsed: 19:02, vertices: 5198, facets final: 10760, pending: 13857, pool: 196
I 1147.32] Elapsed: 19:07, vertices: 5205, facets final: 10873, pending: 13720, pool: 196
I 1152.33] Elapsed: 19:12, vertices: 5209, facets final: 10999, pending: 13606, pool: 199
I 1157.34] Elapsed: 19:17, vertices: 5217, facets final: 11118, pending: 13464, pool: 197
I 1159.65] recalculating facets...
I 1162.35] Elapsed: 19:22, vertices: 5228, facets final: 11220, pending: 13340, pool: 200
I 1167.37] Elapsed: 19:27, vertices: 5235, facets final: 11338, pending: 13193, pool: 200
I 1172.41] Elapsed: 19:32, vertices: 5242, facets final: 11466, pending: 13051, pool: 198
I 1177.41] Elapsed: 19:37, vertices: 5250, facets final: 11584, pending: 12891, pool: 199
I 1182.43] Elapsed: 19:42, vertices: 5257, facets final: 11709, pending: 12755, pool: 197
I 1187.43] Elapsed: 19:47, vertices: 5266, facets final: 11821, pending: 12622, pool: 197
I 1192.43] Elapsed: 19:52, vertices: 5273, facets final: 11935, pending: 12533, pool: 198
I 1196.59] recalculating facets...
I 1197.46] Elapsed: 19:57, vertices: 5281, facets final: 12056, pending: 12396, pool: 194
I 1202.47] Elapsed: 20:02, vertices: 5288, facets final: 12186, pending: 12261, pool: 195
I 1207.47] Elapsed: 20:07, vertices: 5294, facets final: 12315, pending: 12110, pool: 196
I 1212.53] Elapsed: 20:13, vertices: 5299, facets final: 12440, pending: 11969, pool: 197
I 1217.60] Elapsed: 20:18, vertices: 5304, facets final: 12572, pending: 11835, pool: 197
I 1222.62] Elapsed: 20:23, vertices: 5308, facets final: 12706, pending: 11679, pool: 199
I 1227.64] Elapsed: 20:28, vertices: 5317, facets final: 12823, pending: 11539, pool: 197
I 1232.64] Elapsed: 20:33, vertices: 5320, facets final: 12958, pending: 11395, pool: 196
I 1237.69] Elapsed: 20:38, vertices: 5326, facets final: 13080, pending: 11288, pool: 198
I 1242.71] Elapsed: 20:43, vertices: 5335, facets final: 13203, pending: 11175, pool: 196
I 1247.73] Elapsed: 20:48, vertices: 5339, facets final: 13327, pending: 11042, pool: 197
I 1248.34] recalculating facets...
I 1252.75] Elapsed: 20:53, vertices: 5347, facets final: 13455, pending: 10889, pool: 197
I 1257.75] Elapsed: 20:58, vertices: 5353, facets final: 13581, pending: 10767, pool: 198
I 1262.76] Elapsed: 21:03, vertices: 5363, facets final: 13701, pending: 10631, pool: 193
I 1267.80] Elapsed: 21:08, vertices: 5368, facets final: 13832, pending: 10484, pool: 198
I 1272.82] Elapsed: 21:13, vertices: 5376, facets final: 13957, pending: 10336, pool: 195
I 1277.92] Elapsed: 21:18, vertices: 5384, facets final: 14077, pending: 10194, pool: 192
I 1282.95] Elapsed: 21:23, vertices: 5389, facets final: 14208, pending: 10062, pool: 190
I 1287.95] Elapsed: 21:28, vertices: 5392, facets final: 14344, pending: 9917, pool: 191
I 1292.95] Elapsed: 21:33, vertices: 5397, facets final: 14480, pending: 9776, pool: 192
I 1297.31] recalculating facets...
I 1297.99] Elapsed: 21:38, vertices: 5401, facets final: 14613, pending: 9642, pool: 194
I 1303.00] Elapsed: 21:43, vertices: 5405, facets final: 14747, pending: 9499, pool: 193
I 1308.00] Elapsed: 21:48, vertices: 5410, facets final: 14886, pending: 9348, pool: 191
I 1313.00] Elapsed: 21:53, vertices: 5415, facets final: 15013, pending: 9217, pool: 189
I 1318.02] Elapsed: 21:58, vertices: 5419, facets final: 15153, pending: 9073, pool: 192
I 1323.05] Elapsed: 22:03, vertices: 5425, facets final: 15277, pending: 8938, pool: 193
I 1328.07] Elapsed: 22:08, vertices: 5430, facets final: 15411, pending: 8795, pool: 191
I 1333.08] Elapsed: 22:13, vertices: 5435, facets final: 15535, pending: 8664, pool: 191
I 1338.09] Elapsed: 22:18, vertices: 5439, facets final: 15669, pending: 8515, pool: 192
I 1343.11] Elapsed: 22:23, vertices: 5443, facets final: 15805, pending: 8377, pool: 189
I 1348.11] Elapsed: 22:28, vertices: 5447, facets final: 15935, pending: 8235, pool: 192
I 1353.14] Elapsed: 22:33, vertices: 5450, facets final: 16071, pending: 8090, pool: 192
I 1358.16] Elapsed: 22:38, vertices: 5455, facets final: 16198, pending: 7961, pool: 190
I 1363.11] recalculating facets...
I 1363.18] Elapsed: 22:43, vertices: 5461, facets final: 16317, pending: 7832, pool: 189
I 1368.20] Elapsed: 22:48, vertices: 5463, facets final: 16450, pending: 7700, pool: 189
I 1373.23] Elapsed: 22:53, vertices: 5468, facets final: 16571, pending: 7588, pool: 186
I 1378.24] Elapsed: 22:58, vertices: 5470, facets final: 16704, pending: 7450, pool: 185
I 1383.24] Elapsed: 23:03, vertices: 5474, facets final: 16823, pending: 7322, pool: 185
I 1388.27] Elapsed: 23:08, vertices: 5478, facets final: 16954, pending: 7179, pool: 188
I 1393.28] Elapsed: 23:13, vertices: 5485, facets final: 17076, pending: 7046, pool: 186
I 1398.32] Elapsed: 23:18, vertices: 5491, facets final: 17204, pending: 6906, pool: 182
I 1403.32] Elapsed: 23:23, vertices: 5493, facets final: 17335, pending: 6795, pool: 182
I 1408.34] Elapsed: 23:28, vertices: 5495, facets final: 17470, pending: 6656, pool: 181
I 1413.35] Elapsed: 23:33, vertices: 5498, facets final: 17598, pending: 6527, pool: 179
I 1418.37] Elapsed: 23:38, vertices: 5502, facets final: 17730, pending: 6386, pool: 178
I 1423.42] Elapsed: 23:43, vertices: 5507, facets final: 17855, pending: 6251, pool: 172
I 1428.47] Elapsed: 23:48, vertices: 5509, facets final: 17986, pending: 6113, pool: 172
I 1433.48] Elapsed: 23:53, vertices: 5513, facets final: 18120, pending: 5972, pool: 168
I 1438.51] Elapsed: 23:59, vertices: 5517, facets final: 18247, pending: 5834, pool: 167
I 1440.96] recalculating facets...
I 1443.54] Elapsed: 24:04, vertices: 5523, facets final: 18373, pending: 5701, pool: 161
I 1448.54] Elapsed: 24:09, vertices: 5525, facets final: 18515, pending: 5557, pool: 159
I 1453.57] Elapsed: 24:14, vertices: 5530, facets final: 18639, pending: 5430, pool: 159
I 1458.63] Elapsed: 24:19, vertices: 5534, facets final: 18764, pending: 5299, pool: 157
I 1463.64] Elapsed: 24:24, vertices: 5538, facets final: 18892, pending: 5172, pool: 158
I 1468.67] Elapsed: 24:29, vertices: 5544, facets final: 19009, pending: 5043, pool: 156
I 1473.69] Elapsed: 24:34, vertices: 5547, facets final: 19142, pending: 4906, pool: 157
I 1478.69] Elapsed: 24:39, vertices: 5553, facets final: 19258, pending: 4766, pool: 153
I 1483.69] Elapsed: 24:44, vertices: 5560, facets final: 19389, pending: 4628, pool: 150
I 1488.69] Elapsed: 24:49, vertices: 5567, facets final: 19511, pending: 4497, pool: 145
I 1493.72] Elapsed: 24:54, vertices: 5572, facets final: 19635, pending: 4365, pool: 143
I 1497.22] recalculating facets...
I 1498.73] Elapsed: 24:59, vertices: 5584, facets final: 19745, pending: 4232, pool: 133
I 1503.75] Elapsed: 25:04, vertices: 5585, facets final: 19878, pending: 4102, pool: 134
I 1508.75] Elapsed: 25:09, vertices: 5589, facets final: 20005, pending: 3970, pool: 134
I 1513.79] Elapsed: 25:14, vertices: 5590, facets final: 20148, pending: 3825, pool: 135
I 1518.80] Elapsed: 25:19, vertices: 5592, facets final: 20282, pending: 3700, pool: 135
I 1523.80] Elapsed: 25:24, vertices: 5595, facets final: 20415, pending: 3563, pool: 135
I 1528.83] Elapsed: 25:29, vertices: 5596, facets final: 20553, pending: 3424, pool: 136
I 1533.87] Elapsed: 25:34, vertices: 5598, facets final: 20681, pending: 3295, pool: 136
I 1538.89] Elapsed: 25:39, vertices: 5603, facets final: 20809, pending: 3168, pool: 133
I 1543.93] Elapsed: 25:44, vertices: 5606, facets final: 20948, pending: 3022, pool: 133
I 1548.99] Elapsed: 25:49, vertices: 5608, facets final: 21085, pending: 2877, pool: 131
I 1554.02] Elapsed: 25:54, vertices: 5611, facets final: 21216, pending: 2740, pool: 129
I 1559.03] Elapsed: 25:59, vertices: 5613, facets final: 21351, pending: 2599, pool: 129
I 1564.07] Elapsed: 26:04, vertices: 5616, facets final: 21494, pending: 2450, pool: 127
I 1569.11] Elapsed: 26:09, vertices: 5619, facets final: 21626, pending: 2312, pool: 129
I 1574.17] Elapsed: 26:14, vertices: 5620, facets final: 21767, pending: 2171, pool: 131
I 1579.21] Elapsed: 26:19, vertices: 5624, facets final: 21904, pending: 2028, pool: 128
I 1584.22] Elapsed: 26:24, vertices: 5625, facets final: 22045, pending: 1887, pool: 129
I 1589.22] Elapsed: 26:29, vertices: 5627, facets final: 22183, pending: 1748, pool: 131
I 1594.27] Elapsed: 26:34, vertices: 5629, facets final: 22321, pending: 1617, pool: 131
I 1599.27] Elapsed: 26:39, vertices: 5632, facets final: 22453, pending: 1480, pool: 128
I 1604.29] Elapsed: 26:44, vertices: 5635, facets final: 22587, pending: 1342, pool: 128
I 1609.31] Elapsed: 26:49, vertices: 5638, facets final: 22715, pending: 1212, pool: 129
I 1612.34] recalculating facets...
I 1614.31] Elapsed: 26:54, vertices: 5642, facets final: 22846, pending: 1079, pool: 128
I 1619.33] Elapsed: 26:59, vertices: 5645, facets final: 22983, pending: 949, pool: 126
I 1624.33] Elapsed: 27:04, vertices: 5650, facets final: 23114, pending: 814, pool: 122
I 1629.33] Elapsed: 27:09, vertices: 5656, facets final: 23249, pending: 671, pool: 119
I 1634.35] Elapsed: 27:14, vertices: 5669, facets final: 23366, pending: 546, pool: 111
I 1639.37] Elapsed: 27:19, vertices: 5688, facets final: 23473, pending: 433, pool: 97
I 1642.06] recalculating facets...
I 1644.37] Elapsed: 27:24, vertices: 5717, facets final: 23566, pending: 310, pool: 82
I 1649.36] recalculating facets...
I 1649.43] Elapsed: 27:29, vertices: 5761, facets final: 23640, pending: 196, pool: 59
I 1654.33] recalculating facets...
I 1654.45] Elapsed: 27:34, vertices: 5822, facets final: 23719, pending: 63, pool: 11
I 1656.04] Elapsed: 27:36, vertices: 5839, facets final: 23763, pending: 0

--------------------------------
Problem completed
 name                    96.vlp
 output                  vlp/96.res
 rows, cols, objs        177, 4601, 10
 vertices, facets        5839, 23763
 total time              27:36
--------------------------------
Statistics
LP:
 oracle calls            30493
   avg iterations/calls  243.75
 total oracle time       17:26
Combinatorics:
 vertices added          5839
 facets probed           60515
 facets # max            42943
 memory allocated        85.40M
 instability warnings    17
 storage expansion
   vertices # / upto     46 / 5884
   facets   # / upto     11 / 45052
 facet manipulating
   added avg / max       78.19 / 928.00
   compressed            223
 number of ridge tests
   avg / max             2.31M / 36.47M
--------------------------------
Parameters with non-default values
 VertexPoolSize = 200
 RecalculateFacets = 60
 PolytopeEps = 1e-08
 ScaleEps = 5e-08
 RoundEps = 5e-08
