C copy string: rs=cd:ab;t=c:ar;u=t:ad;ar,br,cr,d;ar,br,c,dr; ineq: base30.txt
I    2.60] recalculating facets...
I    4.88] recalculating facets...
I    5.07] Elapsed: 5.07, vertices: 81, facets final: 13, pending: 4217, pool: 119
I    7.75] recalculating facets...
I   10.08] Elapsed: 10.08, vertices: 147, facets final: 24, pending: 8549, pool: 233
I   11.16] recalculating facets...
I   14.57] recalculating facets...
I   15.08] Elapsed: 15.08, vertices: 204, facets final: 31, pending: 12223, pool: 289
I   19.28] recalculating facets...
I   20.13] Elapsed: 20.13, vertices: 247, facets final: 42, pending: 13985, pool: 350
I   23.39] recalculating facets...
I   25.13] Elapsed: 25.13, vertices: 295, facets final: 45, pending: 18711, pool: 350
I   28.32] recalculating facets...
I   30.19] Elapsed: 30.19, vertices: 334, facets final: 48, pending: 21308, pool: 350
I   33.27] recalculating facets...
I   35.26] Elapsed: 35.26, vertices: 373, facets final: 50, pending: 24406, pool: 349
I   39.22] recalculating facets...
I   40.27] Elapsed: 40.27, vertices: 406, facets final: 55, pending: 26301, pool: 350
I   45.32] Elapsed: 45.32, vertices: 435, facets final: 58, pending: 29192, pool: 350
I   46.27] recalculating facets...
I   50.37] Elapsed: 50.37, vertices: 460, facets final: 60, pending: 31393, pool: 350
I   54.43] recalculating facets...
I   55.38] Elapsed: 55.38, vertices: 485, facets final: 60, pending: 32737, pool: 349
I   60.43] Elapsed: 1:00, vertices: 507, facets final: 62, pending: 33252, pool: 350
I   63.33] recalculating facets...
I   65.44] Elapsed: 1:05, vertices: 529, facets final: 66, pending: 33990, pool: 350
I   70.48] Elapsed: 1:10, vertices: 555, facets final: 69, pending: 35198, pool: 350
I   71.55] recalculating facets...
I   75.49] Elapsed: 1:15, vertices: 578, facets final: 72, pending: 37008, pool: 350
I   80.56] Elapsed: 1:21, vertices: 599, facets final: 73, pending: 37442, pool: 347
I   80.61] recalculating facets...
I   85.65] Elapsed: 1:26, vertices: 620, facets final: 76, pending: 38410, pool: 350
I   90.82] Elapsed: 1:31, vertices: 639, facets final: 80, pending: 39943, pool: 350
I   91.08] recalculating facets...
I   95.89] Elapsed: 1:36, vertices: 658, facets final: 81, pending: 40676, pool: 350
I  100.91] Elapsed: 1:41, vertices: 676, facets final: 85, pending: 41285, pool: 350
I  101.86] recalculating facets...
I  105.91] Elapsed: 1:46, vertices: 695, facets final: 86, pending: 42698, pool: 350
I  110.92] Elapsed: 1:51, vertices: 712, facets final: 90, pending: 43277, pool: 350
I  112.94] recalculating facets...
I  115.92] Elapsed: 1:56, vertices: 728, facets final: 92, pending: 42845, pool: 350
I  120.95] Elapsed: 2:01, vertices: 747, facets final: 93, pending: 43041, pool: 348
I  124.66] recalculating facets...
I  126.00] Elapsed: 2:06, vertices: 765, facets final: 95, pending: 43308, pool: 350
I  131.13] Elapsed: 2:11, vertices: 784, facets final: 97, pending: 44111, pool: 350
I  135.58] recalculating facets...
I  136.23] Elapsed: 2:16, vertices: 802, facets final: 101, pending: 44582, pool: 350
I  141.39] Elapsed: 2:21, vertices: 820, facets final: 101, pending: 45568, pool: 350
I  146.46] Elapsed: 2:26, vertices: 838, facets final: 103, pending: 45202, pool: 350
I  146.92] recalculating facets...
I  151.64] Elapsed: 2:32, vertices: 856, facets final: 105, pending: 45677, pool: 350
I  156.78] Elapsed: 2:37, vertices: 875, facets final: 111, pending: 45921, pool: 350
I  157.96] recalculating facets...
I  161.89] Elapsed: 2:42, vertices: 893, facets final: 115, pending: 46394, pool: 350
I  166.92] Elapsed: 2:47, vertices: 909, facets final: 118, pending: 47343, pool: 350
I  169.66] recalculating facets...
I  171.92] Elapsed: 2:52, vertices: 928, facets final: 124, pending: 48113, pool: 350
I  177.01] Elapsed: 2:57, vertices: 943, facets final: 126, pending: 48309, pool: 350
I  181.94] recalculating facets...
I  182.18] Elapsed: 3:02, vertices: 960, facets final: 131, pending: 48161, pool: 350
I  187.29] Elapsed: 3:07, vertices: 977, facets final: 138, pending: 48504, pool: 350
I  192.29] Elapsed: 3:12, vertices: 996, facets final: 139, pending: 48690, pool: 350
I  193.22] recalculating facets...
I  197.33] Elapsed: 3:17, vertices: 1013, facets final: 141, pending: 48751, pool: 350
I  202.44] Elapsed: 3:22, vertices: 1028, facets final: 145, pending: 48595, pool: 349
I  206.04] recalculating facets...
I  207.57] Elapsed: 3:28, vertices: 1044, facets final: 146, pending: 48834, pool: 350
I  212.61] Elapsed: 3:33, vertices: 1059, facets final: 149, pending: 49306, pool: 348
I  217.77] Elapsed: 3:38, vertices: 1072, facets final: 153, pending: 49044, pool: 350
I  220.14] recalculating facets...
I  222.77] Elapsed: 3:43, vertices: 1086, facets final: 153, pending: 49142, pool: 350
I  227.78] Elapsed: 3:48, vertices: 1101, facets final: 158, pending: 49578, pool: 349
I  232.78] Elapsed: 3:53, vertices: 1115, facets final: 164, pending: 49394, pool: 350
I  234.77] recalculating facets...
I  237.97] Elapsed: 3:58, vertices: 1129, facets final: 168, pending: 49575, pool: 350
I  243.00] Elapsed: 4:03, vertices: 1143, facets final: 176, pending: 49277, pool: 349
I  248.05] Elapsed: 4:08, vertices: 1158, facets final: 179, pending: 49233, pool: 350
I  248.76] recalculating facets...
I  253.14] Elapsed: 4:13, vertices: 1173, facets final: 182, pending: 49240, pool: 350
I  258.31] Elapsed: 4:18, vertices: 1188, facets final: 184, pending: 49176, pool: 350
I  261.80] recalculating facets...
I  263.32] Elapsed: 4:23, vertices: 1204, facets final: 188, pending: 49836, pool: 349
I  268.42] Elapsed: 4:28, vertices: 1219, facets final: 194, pending: 50171, pool: 350
I  273.47] Elapsed: 4:33, vertices: 1235, facets final: 198, pending: 50291, pool: 348
I  275.42] recalculating facets...
I  278.52] Elapsed: 4:39, vertices: 1249, facets final: 199, pending: 50842, pool: 350
I  283.56] Elapsed: 4:44, vertices: 1266, facets final: 201, pending: 51185, pool: 350
I  288.62] Elapsed: 4:49, vertices: 1280, facets final: 207, pending: 51224, pool: 350
I  288.62] recalculating facets...
I  293.68] Elapsed: 4:54, vertices: 1293, facets final: 209, pending: 50905, pool: 350
I  298.78] Elapsed: 4:59, vertices: 1309, facets final: 211, pending: 51236, pool: 350
I  302.52] recalculating facets...
I  304.06] Elapsed: 5:04, vertices: 1324, facets final: 215, pending: 51479, pool: 350
I  309.08] Elapsed: 5:09, vertices: 1339, facets final: 220, pending: 51413, pool: 350
I  314.25] Elapsed: 5:14, vertices: 1355, facets final: 221, pending: 51480, pool: 349
I  315.69] recalculating facets...
I  319.48] Elapsed: 5:19, vertices: 1369, facets final: 229, pending: 51624, pool: 350
I  324.54] Elapsed: 5:25, vertices: 1384, facets final: 233, pending: 51455, pool: 350
I  329.55] Elapsed: 5:30, vertices: 1399, facets final: 233, pending: 51509, pool: 350
I  329.66] recalculating facets...
I  334.55] Elapsed: 5:35, vertices: 1413, facets final: 234, pending: 51658, pool: 350
I  339.66] Elapsed: 5:40, vertices: 1430, facets final: 240, pending: 52053, pool: 349
I  342.64] recalculating facets...
I  344.79] Elapsed: 5:45, vertices: 1446, facets final: 247, pending: 52106, pool: 350
I  349.94] Elapsed: 5:50, vertices: 1460, facets final: 250, pending: 52452, pool: 350
I  354.95] Elapsed: 5:55, vertices: 1476, facets final: 259, pending: 52142, pool: 350
I  356.54] recalculating facets...
I  360.03] Elapsed: 6:00, vertices: 1487, facets final: 261, pending: 52147, pool: 350
I  365.13] Elapsed: 6:05, vertices: 1504, facets final: 264, pending: 52254, pool: 349
I  370.27] Elapsed: 6:10, vertices: 1519, facets final: 271, pending: 52046, pool: 350
I  370.33] recalculating facets...
I  375.36] Elapsed: 6:15, vertices: 1534, facets final: 281, pending: 52100, pool: 350
I  380.38] Elapsed: 6:20, vertices: 1549, facets final: 283, pending: 52270, pool: 350
I  384.48] recalculating facets...
I  385.41] Elapsed: 6:25, vertices: 1562, facets final: 287, pending: 53142, pool: 350
I  390.60] Elapsed: 6:31, vertices: 1577, facets final: 288, pending: 52864, pool: 349
I  395.84] Elapsed: 6:36, vertices: 1591, facets final: 289, pending: 52737, pool: 350
I  399.06] recalculating facets...
I  400.98] Elapsed: 6:41, vertices: 1604, facets final: 293, pending: 52966, pool: 350
I  406.17] Elapsed: 6:46, vertices: 1619, facets final: 300, pending: 53126, pool: 350
I  411.21] Elapsed: 6:51, vertices: 1636, facets final: 307, pending: 53335, pool: 350
I  412.92] recalculating facets...
I  416.32] Elapsed: 6:56, vertices: 1648, facets final: 311, pending: 53460, pool: 350
I  421.40] Elapsed: 7:01, vertices: 1663, facets final: 314, pending: 53428, pool: 350
I  426.41] Elapsed: 7:06, vertices: 1678, facets final: 319, pending: 53811, pool: 350
I  427.09] recalculating facets...
I  431.58] Elapsed: 7:12, vertices: 1692, facets final: 324, pending: 53754, pool: 350
I  436.70] Elapsed: 7:17, vertices: 1706, facets final: 333, pending: 53485, pool: 350
I  441.53] recalculating facets...
I  441.81] Elapsed: 7:22, vertices: 1720, facets final: 337, pending: 53492, pool: 350
I  446.83] Elapsed: 7:27, vertices: 1734, facets final: 343, pending: 53505, pool: 350
I  451.91] Elapsed: 7:32, vertices: 1748, facets final: 346, pending: 53251, pool: 350
I  456.09] recalculating facets...
I  457.00] Elapsed: 7:37, vertices: 1762, facets final: 356, pending: 53144, pool: 350
I  462.15] Elapsed: 7:42, vertices: 1775, facets final: 363, pending: 52808, pool: 350
I  467.23] Elapsed: 7:47, vertices: 1791, facets final: 370, pending: 52377, pool: 350
I  470.49] recalculating facets...
I  472.35] Elapsed: 7:52, vertices: 1803, facets final: 383, pending: 52315, pool: 350
I  477.73] Elapsed: 7:58, vertices: 1816, facets final: 392, pending: 51882, pool: 350
I  482.79] Elapsed: 8:03, vertices: 1829, facets final: 397, pending: 51604, pool: 350
I  486.36] recalculating facets...
I  487.99] Elapsed: 8:08, vertices: 1845, facets final: 399, pending: 51555, pool: 350
I  492.99] Elapsed: 8:13, vertices: 1859, facets final: 404, pending: 51316, pool: 350
I  498.03] Elapsed: 8:18, vertices: 1874, facets final: 409, pending: 51432, pool: 350
I  500.03] recalculating facets...
I  503.09] Elapsed: 8:23, vertices: 1889, facets final: 415, pending: 51333, pool: 349
I  508.13] Elapsed: 8:28, vertices: 1904, facets final: 426, pending: 51462, pool: 350
I  513.15] Elapsed: 8:33, vertices: 1917, facets final: 430, pending: 51380, pool: 350
I  513.96] recalculating facets...
I  518.17] Elapsed: 8:38, vertices: 1932, facets final: 436, pending: 50947, pool: 350
I  523.31] Elapsed: 8:43, vertices: 1946, facets final: 443, pending: 50757, pool: 349
I  527.64] recalculating facets...
I  528.38] Elapsed: 8:48, vertices: 1962, facets final: 452, pending: 50466, pool: 350
I  533.45] Elapsed: 8:53, vertices: 1976, facets final: 455, pending: 50600, pool: 350
I  538.64] Elapsed: 8:59, vertices: 1990, facets final: 462, pending: 50849, pool: 350
I  541.82] recalculating facets...
I  543.71] Elapsed: 9:04, vertices: 2005, facets final: 467, pending: 50691, pool: 350
I  548.72] Elapsed: 9:09, vertices: 2019, facets final: 476, pending: 50650, pool: 350
I  553.73] Elapsed: 9:14, vertices: 2034, facets final: 481, pending: 50497, pool: 349
I  556.00] recalculating facets...
I  558.80] Elapsed: 9:19, vertices: 2048, facets final: 490, pending: 50368, pool: 350
I  563.82] Elapsed: 9:24, vertices: 2063, facets final: 497, pending: 50446, pool: 350
I  568.96] Elapsed: 9:29, vertices: 2076, facets final: 505, pending: 49984, pool: 349
I  570.10] recalculating facets...
I  574.07] Elapsed: 9:34, vertices: 2092, facets final: 513, pending: 50183, pool: 350
I  579.08] Elapsed: 9:39, vertices: 2108, facets final: 532, pending: 50195, pool: 350
I  582.68] recalculating facets...
I  584.22] Elapsed: 9:44, vertices: 2124, facets final: 540, pending: 50091, pool: 350
I  589.38] Elapsed: 9:49, vertices: 2139, facets final: 544, pending: 49720, pool: 348
I  594.41] Elapsed: 9:54, vertices: 2155, facets final: 549, pending: 49687, pool: 350
I  595.88] recalculating facets...
I  599.58] Elapsed: 10:00, vertices: 2170, facets final: 556, pending: 49755, pool: 350
I  604.61] Elapsed: 10:05, vertices: 2185, facets final: 562, pending: 49883, pool: 350
I  609.01] recalculating facets...
I  609.72] Elapsed: 10:10, vertices: 2201, facets final: 570, pending: 50224, pool: 350
I  614.72] Elapsed: 10:15, vertices: 2217, facets final: 580, pending: 50148, pool: 350
I  619.81] Elapsed: 10:20, vertices: 2233, facets final: 587, pending: 50361, pool: 350
I  621.82] recalculating facets...
I  624.98] Elapsed: 10:25, vertices: 2247, facets final: 592, pending: 50297, pool: 350
I  630.00] Elapsed: 10:30, vertices: 2263, facets final: 606, pending: 49887, pool: 350
I  635.05] Elapsed: 10:35, vertices: 2277, facets final: 617, pending: 49939, pool: 350
I  635.66] recalculating facets...
I  640.06] Elapsed: 10:40, vertices: 2293, facets final: 630, pending: 49596, pool: 350
I  645.09] Elapsed: 10:45, vertices: 2309, facets final: 635, pending: 49357, pool: 350
I  648.95] recalculating facets...
I  650.22] Elapsed: 10:50, vertices: 2323, facets final: 640, pending: 49094, pool: 350
I  655.23] Elapsed: 10:55, vertices: 2341, facets final: 641, pending: 49075, pool: 349
I  660.27] Elapsed: 11:00, vertices: 2358, facets final: 648, pending: 48931, pool: 349
I  660.92] recalculating facets...
I  665.39] Elapsed: 11:05, vertices: 2374, facets final: 658, pending: 48687, pool: 350
I  670.54] Elapsed: 11:11, vertices: 2389, facets final: 662, pending: 48860, pool: 350
I  673.77] recalculating facets...
I  675.65] Elapsed: 11:16, vertices: 2406, facets final: 669, pending: 48963, pool: 350
I  680.84] Elapsed: 11:21, vertices: 2422, facets final: 681, pending: 48916, pool: 350
I  685.92] Elapsed: 11:26, vertices: 2439, facets final: 689, pending: 49047, pool: 350
I  686.17] recalculating facets...
I  691.04] Elapsed: 11:31, vertices: 2457, facets final: 700, pending: 49020, pool: 350
I  696.05] Elapsed: 11:36, vertices: 2475, facets final: 702, pending: 48986, pool: 350
I  697.26] recalculating facets...
I  701.10] Elapsed: 11:41, vertices: 2491, facets final: 713, pending: 48861, pool: 349
I  706.11] Elapsed: 11:46, vertices: 2507, facets final: 724, pending: 49299, pool: 350
I  710.15] recalculating facets...
I  711.11] Elapsed: 11:51, vertices: 2522, facets final: 733, pending: 49374, pool: 349
I  716.17] Elapsed: 11:56, vertices: 2537, facets final: 740, pending: 49082, pool: 350
I  721.29] Elapsed: 12:01, vertices: 2554, facets final: 750, pending: 48938, pool: 350
I  722.82] recalculating facets...
I  726.36] Elapsed: 12:06, vertices: 2571, facets final: 762, pending: 48746, pool: 350
I  731.43] Elapsed: 12:11, vertices: 2586, facets final: 776, pending: 48631, pool: 349
I  735.50] recalculating facets...
I  736.79] Elapsed: 12:17, vertices: 2603, facets final: 788, pending: 48314, pool: 350
I  741.88] Elapsed: 12:22, vertices: 2618, facets final: 792, pending: 48190, pool: 349
I  747.02] Elapsed: 12:27, vertices: 2635, facets final: 801, pending: 48151, pool: 350
I  748.38] recalculating facets...
I  752.08] Elapsed: 12:32, vertices: 2652, facets final: 807, pending: 48195, pool: 350
I  757.23] Elapsed: 12:37, vertices: 2668, facets final: 818, pending: 48141, pool: 350
I  761.02] recalculating facets...
I  762.39] Elapsed: 12:42, vertices: 2684, facets final: 826, pending: 47934, pool: 350
I  767.46] Elapsed: 12:47, vertices: 2703, facets final: 834, pending: 47983, pool: 350
I  772.52] Elapsed: 12:53, vertices: 2719, facets final: 845, pending: 47916, pool: 350
I  772.86] recalculating facets...
I  777.67] Elapsed: 12:58, vertices: 2736, facets final: 858, pending: 47893, pool: 350
I  782.85] Elapsed: 13:03, vertices: 2753, facets final: 880, pending: 47821, pool: 350
I  785.00] recalculating facets...
I  787.98] Elapsed: 13:08, vertices: 2768, facets final: 888, pending: 47814, pool: 350
I  793.11] Elapsed: 13:13, vertices: 2784, facets final: 898, pending: 47752, pool: 350
I  798.03] recalculating facets...
I  798.35] Elapsed: 13:18, vertices: 2800, facets final: 905, pending: 47809, pool: 350
I  803.38] Elapsed: 13:23, vertices: 2817, facets final: 919, pending: 47643, pool: 350
I  808.45] Elapsed: 13:28, vertices: 2834, facets final: 928, pending: 47513, pool: 350
I  810.11] recalculating facets...
I  813.45] Elapsed: 13:33, vertices: 2852, facets final: 939, pending: 47444, pool: 349
I  818.57] Elapsed: 13:39, vertices: 2868, facets final: 950, pending: 47314, pool: 350
I  822.03] recalculating facets...
I  823.67] Elapsed: 13:44, vertices: 2884, facets final: 968, pending: 47458, pool: 350
I  828.69] Elapsed: 13:49, vertices: 2899, facets final: 982, pending: 47419, pool: 350
I  833.72] Elapsed: 13:54, vertices: 2916, facets final: 990, pending: 47044, pool: 350
I  834.91] recalculating facets...
I  838.88] Elapsed: 13:59, vertices: 2931, facets final: 1003, pending: 46945, pool: 350
I  843.91] Elapsed: 14:04, vertices: 2947, facets final: 1009, pending: 46929, pool: 350
I  847.90] recalculating facets...
I  849.05] Elapsed: 14:09, vertices: 2963, facets final: 1041, pending: 46665, pool: 350
I  854.23] Elapsed: 14:14, vertices: 2981, facets final: 1056, pending: 46556, pool: 350
I  859.30] Elapsed: 14:19, vertices: 3000, facets final: 1069, pending: 46533, pool: 349
I  859.30] recalculating facets...
I  864.49] Elapsed: 14:24, vertices: 3016, facets final: 1081, pending: 46522, pool: 349
I  869.58] Elapsed: 14:30, vertices: 3032, facets final: 1092, pending: 46478, pool: 350
I  871.93] recalculating facets...
I  874.64] Elapsed: 14:35, vertices: 3048, facets final: 1099, pending: 46269, pool: 350
I  879.69] Elapsed: 14:40, vertices: 3063, facets final: 1113, pending: 46358, pool: 350
I  884.84] Elapsed: 14:45, vertices: 3079, facets final: 1126, pending: 46170, pool: 350
I  884.89] recalculating facets...
I  889.86] Elapsed: 14:50, vertices: 3094, facets final: 1138, pending: 46053, pool: 350
I  894.97] Elapsed: 14:55, vertices: 3109, facets final: 1145, pending: 45729, pool: 350
I  898.19] recalculating facets...
I  899.99] Elapsed: 15:00, vertices: 3127, facets final: 1155, pending: 45827, pool: 350
I  905.15] Elapsed: 15:05, vertices: 3142, facets final: 1172, pending: 45711, pool: 350
I  910.23] Elapsed: 15:10, vertices: 3159, facets final: 1192, pending: 45498, pool: 350
I  910.35] recalculating facets...
I  915.36] Elapsed: 15:15, vertices: 3176, facets final: 1215, pending: 45216, pool: 350
I  920.54] Elapsed: 15:21, vertices: 3193, facets final: 1227, pending: 45256, pool: 350
I  922.45] recalculating facets...
I  925.56] Elapsed: 15:26, vertices: 3210, facets final: 1235, pending: 45204, pool: 350
I  930.58] Elapsed: 15:31, vertices: 3228, facets final: 1246, pending: 45017, pool: 350
I  934.48] recalculating facets...
I  935.72] Elapsed: 15:36, vertices: 3243, facets final: 1269, pending: 45011, pool: 350
I  940.80] Elapsed: 15:41, vertices: 3261, facets final: 1291, pending: 45069, pool: 350
I  945.82] Elapsed: 15:46, vertices: 3278, facets final: 1309, pending: 44872, pool: 350
I  946.19] recalculating facets...
I  951.04] Elapsed: 15:51, vertices: 3294, facets final: 1317, pending: 44754, pool: 350
I  956.04] Elapsed: 15:56, vertices: 3309, facets final: 1335, pending: 44744, pool: 350
I  959.42] recalculating facets...
I  961.06] Elapsed: 16:01, vertices: 3326, facets final: 1346, pending: 44887, pool: 350
I  966.10] Elapsed: 16:06, vertices: 3343, facets final: 1363, pending: 44714, pool: 350
I  970.74] recalculating facets...
I  971.11] Elapsed: 16:11, vertices: 3361, facets final: 1388, pending: 44535, pool: 350
I  976.11] Elapsed: 16:16, vertices: 3379, facets final: 1407, pending: 44342, pool: 350
I  981.12] Elapsed: 16:21, vertices: 3397, facets final: 1428, pending: 44234, pool: 350
I  981.88] recalculating facets...
I  986.12] Elapsed: 16:26, vertices: 3415, facets final: 1443, pending: 44113, pool: 350
I  991.15] Elapsed: 16:31, vertices: 3433, facets final: 1453, pending: 43953, pool: 350
I  992.91] recalculating facets...
I  996.32] Elapsed: 16:36, vertices: 3451, facets final: 1469, pending: 43816, pool: 350
I 1001.32] Elapsed: 16:41, vertices: 3470, facets final: 1482, pending: 43792, pool: 350
I 1004.19] recalculating facets...
I 1006.45] Elapsed: 16:46, vertices: 3487, facets final: 1492, pending: 43627, pool: 350
I 1011.47] Elapsed: 16:51, vertices: 3504, facets final: 1504, pending: 43499, pool: 350
I 1015.77] recalculating facets...
I 1016.58] Elapsed: 16:57, vertices: 3522, facets final: 1521, pending: 43345, pool: 350
I 1021.60] Elapsed: 17:02, vertices: 3540, facets final: 1539, pending: 43430, pool: 350
I 1026.76] Elapsed: 17:07, vertices: 3555, facets final: 1557, pending: 43323, pool: 350
I 1028.32] recalculating facets...
I 1031.92] Elapsed: 17:12, vertices: 3571, facets final: 1570, pending: 43183, pool: 350
I 1037.06] Elapsed: 17:17, vertices: 3587, facets final: 1583, pending: 43045, pool: 350
I 1041.14] recalculating facets...
I 1042.10] Elapsed: 17:22, vertices: 3602, facets final: 1603, pending: 42789, pool: 350
I 1047.12] Elapsed: 17:27, vertices: 3622, facets final: 1623, pending: 42647, pool: 350
I 1051.75] recalculating facets...
I 1052.14] Elapsed: 17:32, vertices: 3641, facets final: 1640, pending: 42531, pool: 350
I 1057.25] Elapsed: 17:37, vertices: 3659, facets final: 1665, pending: 42599, pool: 350
I 1062.27] Elapsed: 17:42, vertices: 3677, facets final: 1681, pending: 42437, pool: 350
I 1062.90] recalculating facets...
I 1067.28] Elapsed: 17:47, vertices: 3697, facets final: 1708, pending: 42290, pool: 350
I 1072.28] Elapsed: 17:52, vertices: 3715, facets final: 1729, pending: 42234, pool: 350
I 1073.64] recalculating facets...
I 1077.36] Elapsed: 17:57, vertices: 3733, facets final: 1747, pending: 42157, pool: 350
I 1082.38] Elapsed: 18:02, vertices: 3753, facets final: 1759, pending: 42186, pool: 350
I 1084.18] recalculating facets...
I 1087.49] Elapsed: 18:07, vertices: 3771, facets final: 1781, pending: 41992, pool: 350
I 1092.55] Elapsed: 18:13, vertices: 3789, facets final: 1801, pending: 41846, pool: 350
I 1095.28] recalculating facets...
I 1097.70] Elapsed: 18:18, vertices: 3807, facets final: 1828, pending: 41717, pool: 350
I 1102.79] Elapsed: 18:23, vertices: 3825, facets final: 1858, pending: 41629, pool: 350
I 1107.29] recalculating facets...
I 1107.99] Elapsed: 18:28, vertices: 3841, facets final: 1883, pending: 41529, pool: 350
I 1113.07] Elapsed: 18:33, vertices: 3858, facets final: 1915, pending: 41376, pool: 350
I 1118.07] Elapsed: 18:38, vertices: 3877, facets final: 1931, pending: 41208, pool: 350
I 1118.87] recalculating facets...
I 1123.08] Elapsed: 18:43, vertices: 3895, facets final: 1951, pending: 41166, pool: 349
I 1128.17] Elapsed: 18:48, vertices: 3913, facets final: 1966, pending: 41053, pool: 350
I 1130.13] recalculating facets...
I 1133.17] Elapsed: 18:53, vertices: 3930, facets final: 1989, pending: 40771, pool: 347
I 1138.30] Elapsed: 18:58, vertices: 3947, facets final: 2007, pending: 40616, pool: 350
I 1142.11] recalculating facets...
I 1143.42] Elapsed: 19:03, vertices: 3963, facets final: 2038, pending: 40525, pool: 350
I 1148.62] Elapsed: 19:09, vertices: 3981, facets final: 2060, pending: 40432, pool: 349
I 1153.74] Elapsed: 19:14, vertices: 3997, facets final: 2079, pending: 40294, pool: 350
I 1154.61] recalculating facets...
I 1158.78] Elapsed: 19:19, vertices: 4018, facets final: 2101, pending: 40195, pool: 349
I 1163.83] Elapsed: 19:24, vertices: 4038, facets final: 2141, pending: 40072, pool: 347
I 1164.18] recalculating facets...
I 1168.85] Elapsed: 19:29, vertices: 4059, facets final: 2162, pending: 39820, pool: 350
I 1173.42] recalculating facets...
I 1173.97] Elapsed: 19:34, vertices: 4081, facets final: 2193, pending: 39628, pool: 350
I 1179.13] Elapsed: 19:39, vertices: 4101, facets final: 2228, pending: 39498, pool: 350
I 1183.70] recalculating facets...
I 1184.22] Elapsed: 19:44, vertices: 4121, facets final: 2246, pending: 39430, pool: 350
I 1189.32] Elapsed: 19:49, vertices: 4140, facets final: 2285, pending: 39115, pool: 350
I 1194.51] Elapsed: 19:55, vertices: 4159, facets final: 2334, pending: 38887, pool: 350
I 1194.55] recalculating facets...
I 1199.51] Elapsed: 20:00, vertices: 4180, facets final: 2360, pending: 38747, pool: 350
I 1204.57] Elapsed: 20:05, vertices: 4199, facets final: 2394, pending: 38531, pool: 350
I 1204.64] recalculating facets...
I 1209.61] Elapsed: 20:10, vertices: 4218, facets final: 2422, pending: 38364, pool: 349
I 1214.78] Elapsed: 20:15, vertices: 4237, facets final: 2439, pending: 38136, pool: 350
I 1215.48] recalculating facets...
I 1219.89] Elapsed: 20:20, vertices: 4256, facets final: 2463, pending: 38065, pool: 350
I 1224.89] Elapsed: 20:25, vertices: 4276, facets final: 2489, pending: 38065, pool: 350
I 1226.00] recalculating facets...
I 1229.90] Elapsed: 20:30, vertices: 4293, facets final: 2522, pending: 37998, pool: 350
I 1235.06] Elapsed: 20:35, vertices: 4313, facets final: 2558, pending: 37954, pool: 350
I 1236.64] recalculating facets...
I 1240.16] Elapsed: 20:40, vertices: 4333, facets final: 2584, pending: 37935, pool: 350
I 1245.19] Elapsed: 20:45, vertices: 4350, facets final: 2620, pending: 37797, pool: 350
I 1247.74] recalculating facets...
I 1250.28] Elapsed: 20:50, vertices: 4369, facets final: 2646, pending: 37686, pool: 350
I 1255.39] Elapsed: 20:55, vertices: 4387, facets final: 2678, pending: 37635, pool: 350
I 1259.05] recalculating facets...
I 1260.42] Elapsed: 21:00, vertices: 4404, facets final: 2707, pending: 37656, pool: 349
I 1265.52] Elapsed: 21:06, vertices: 4422, facets final: 2740, pending: 37463, pool: 350
I 1270.66] Elapsed: 21:11, vertices: 4439, facets final: 2777, pending: 37350, pool: 350
I 1270.74] recalculating facets...
I 1275.67] Elapsed: 21:16, vertices: 4456, facets final: 2814, pending: 37390, pool: 350
I 1280.67] Elapsed: 21:21, vertices: 4474, facets final: 2848, pending: 37237, pool: 350
I 1282.35] recalculating facets...
I 1285.67] Elapsed: 21:26, vertices: 4492, facets final: 2874, pending: 37178, pool: 350
I 1290.80] Elapsed: 21:31, vertices: 4508, facets final: 2920, pending: 36952, pool: 350
I 1294.05] recalculating facets...
I 1295.87] Elapsed: 21:36, vertices: 4525, facets final: 2947, pending: 36878, pool: 350
I 1300.93] Elapsed: 21:41, vertices: 4542, facets final: 2972, pending: 36808, pool: 350
I 1305.96] Elapsed: 21:46, vertices: 4558, facets final: 3019, pending: 36654, pool: 350
I 1306.31] recalculating facets...
I 1310.96] Elapsed: 21:51, vertices: 4575, facets final: 3048, pending: 36603, pool: 349
I 1316.00] Elapsed: 21:56, vertices: 4590, facets final: 3085, pending: 36438, pool: 350
I 1318.81] recalculating facets...
I 1321.12] Elapsed: 22:01, vertices: 4607, facets final: 3118, pending: 36214, pool: 350
I 1326.22] Elapsed: 22:06, vertices: 4625, facets final: 3161, pending: 35983, pool: 350
I 1329.61] recalculating facets...
I 1331.31] Elapsed: 22:11, vertices: 4647, facets final: 3210, pending: 35877, pool: 350
I 1336.31] Elapsed: 22:16, vertices: 4670, facets final: 3248, pending: 35730, pool: 350
I 1338.68] recalculating facets...
I 1341.31] Elapsed: 22:21, vertices: 4691, facets final: 3302, pending: 35621, pool: 350
I 1346.44] Elapsed: 22:26, vertices: 4713, facets final: 3332, pending: 35539, pool: 350
I 1347.95] recalculating facets...
I 1351.59] Elapsed: 22:32, vertices: 4734, facets final: 3389, pending: 35389, pool: 350
I 1356.65] Elapsed: 22:37, vertices: 4750, facets final: 3481, pending: 35229, pool: 350
I 1358.78] recalculating facets...
I 1361.70] Elapsed: 22:42, vertices: 4770, facets final: 3533, pending: 35016, pool: 350
I 1366.81] Elapsed: 22:47, vertices: 4791, facets final: 3588, pending: 34874, pool: 350
I 1368.78] recalculating facets...
I 1371.90] Elapsed: 22:52, vertices: 4810, facets final: 3646, pending: 34694, pool: 350
I 1377.00] Elapsed: 22:57, vertices: 4832, facets final: 3691, pending: 34534, pool: 350
I 1378.77] recalculating facets...
I 1382.09] Elapsed: 23:02, vertices: 4852, facets final: 3728, pending: 34376, pool: 350
I 1387.09] Elapsed: 23:07, vertices: 4872, facets final: 3793, pending: 34310, pool: 350
I 1388.94] recalculating facets...
I 1392.16] Elapsed: 23:12, vertices: 4892, facets final: 3823, pending: 34147, pool: 350
I 1397.19] Elapsed: 23:17, vertices: 4913, facets final: 3866, pending: 33976, pool: 350
I 1398.70] recalculating facets...
I 1402.26] Elapsed: 23:22, vertices: 4933, facets final: 3915, pending: 33793, pool: 350
I 1407.31] Elapsed: 23:27, vertices: 4953, facets final: 3954, pending: 33640, pool: 350
I 1408.86] recalculating facets...
I 1412.35] Elapsed: 23:32, vertices: 4973, facets final: 3991, pending: 33573, pool: 350
I 1417.37] Elapsed: 23:37, vertices: 4994, facets final: 4047, pending: 33434, pool: 350
I 1418.84] recalculating facets...
I 1422.44] Elapsed: 23:42, vertices: 5012, facets final: 4094, pending: 33245, pool: 350
I 1427.54] Elapsed: 23:48, vertices: 5033, facets final: 4129, pending: 33036, pool: 350
I 1429.03] recalculating facets...
I 1432.64] Elapsed: 23:53, vertices: 5052, facets final: 4190, pending: 32820, pool: 350
I 1437.64] Elapsed: 23:58, vertices: 5071, facets final: 4252, pending: 32662, pool: 350
I 1439.80] recalculating facets...
I 1442.68] Elapsed: 24:03, vertices: 5089, facets final: 4318, pending: 32600, pool: 349
I 1447.68] Elapsed: 24:08, vertices: 5109, facets final: 4376, pending: 32536, pool: 348
I 1450.48] recalculating facets...
I 1452.82] Elapsed: 24:13, vertices: 5127, facets final: 4433, pending: 32346, pool: 350
I 1457.83] Elapsed: 24:18, vertices: 5147, facets final: 4484, pending: 32192, pool: 350
I 1460.94] recalculating facets...
I 1462.95] Elapsed: 24:23, vertices: 5166, facets final: 4530, pending: 32054, pool: 350
I 1468.01] Elapsed: 24:28, vertices: 5186, facets final: 4585, pending: 31989, pool: 350
I 1471.40] recalculating facets...
I 1473.11] Elapsed: 24:33, vertices: 5205, facets final: 4638, pending: 31789, pool: 350
I 1478.12] Elapsed: 24:38, vertices: 5224, facets final: 4708, pending: 31679, pool: 348
I 1482.96] recalculating facets...
I 1483.23] Elapsed: 24:43, vertices: 5240, facets final: 4778, pending: 31615, pool: 350
I 1488.26] Elapsed: 24:48, vertices: 5259, facets final: 4833, pending: 31506, pool: 350
I 1493.26] Elapsed: 24:53, vertices: 5280, facets final: 4886, pending: 31335, pool: 349
I 1493.26] recalculating facets...
I 1498.28] Elapsed: 24:58, vertices: 5299, facets final: 4941, pending: 31095, pool: 350
I 1503.28] Elapsed: 25:03, vertices: 5318, facets final: 4983, pending: 30954, pool: 348
I 1503.89] recalculating facets...
I 1508.30] Elapsed: 25:08, vertices: 5335, facets final: 5048, pending: 30898, pool: 350
I 1513.30] Elapsed: 25:13, vertices: 5353, facets final: 5127, pending: 30722, pool: 349
I 1515.24] recalculating facets...
I 1518.35] Elapsed: 25:18, vertices: 5371, facets final: 5194, pending: 30598, pool: 349
I 1523.36] Elapsed: 25:23, vertices: 5391, facets final: 5234, pending: 30436, pool: 350
I 1525.90] recalculating facets...
I 1528.38] Elapsed: 25:28, vertices: 5408, facets final: 5293, pending: 30274, pool: 350
I 1533.50] Elapsed: 25:34, vertices: 5426, facets final: 5361, pending: 30164, pool: 350
I 1537.64] recalculating facets...
I 1538.51] Elapsed: 25:39, vertices: 5442, facets final: 5449, pending: 30017, pool: 350
I 1543.63] Elapsed: 25:44, vertices: 5461, facets final: 5516, pending: 29913, pool: 349
I 1548.67] Elapsed: 25:49, vertices: 5478, facets final: 5578, pending: 29786, pool: 350
I 1548.93] recalculating facets...
I 1553.77] Elapsed: 25:54, vertices: 5496, facets final: 5637, pending: 29636, pool: 349
I 1558.92] Elapsed: 25:59, vertices: 5511, facets final: 5737, pending: 29484, pool: 350
I 1561.11] recalculating facets...
I 1563.93] Elapsed: 26:04, vertices: 5528, facets final: 5812, pending: 29349, pool: 350
I 1568.94] Elapsed: 26:09, vertices: 5544, facets final: 5900, pending: 29157, pool: 349
I 1573.68] recalculating facets...
I 1573.96] Elapsed: 26:14, vertices: 5560, facets final: 5964, pending: 29020, pool: 350
I 1579.02] Elapsed: 26:19, vertices: 5578, facets final: 6043, pending: 28867, pool: 350
I 1584.02] Elapsed: 26:24, vertices: 5593, facets final: 6137, pending: 28672, pool: 350
I 1586.25] recalculating facets...
I 1589.04] Elapsed: 26:29, vertices: 5607, facets final: 6242, pending: 28534, pool: 350
I 1594.07] Elapsed: 26:34, vertices: 5626, facets final: 6294, pending: 28421, pool: 349
I 1598.11] recalculating facets...
I 1599.15] Elapsed: 26:39, vertices: 5643, facets final: 6380, pending: 28228, pool: 349
I 1604.30] Elapsed: 26:44, vertices: 5660, facets final: 6465, pending: 28022, pool: 348
I 1609.50] Elapsed: 26:50, vertices: 5676, facets final: 6563, pending: 27868, pool: 350
I 1610.26] recalculating facets...
I 1614.51] Elapsed: 26:55, vertices: 5692, facets final: 6654, pending: 27729, pool: 350
I 1619.62] Elapsed: 27:00, vertices: 5710, facets final: 6718, pending: 27605, pool: 348
I 1622.86] recalculating facets...
I 1624.62] Elapsed: 27:05, vertices: 5723, facets final: 6839, pending: 27503, pool: 350
I 1629.62] Elapsed: 27:10, vertices: 5738, facets final: 6951, pending: 27334, pool: 349
I 1634.62] Elapsed: 27:15, vertices: 5752, facets final: 7059, pending: 27183, pool: 348
I 1637.41] recalculating facets...
I 1639.63] Elapsed: 27:20, vertices: 5766, facets final: 7165, pending: 27068, pool: 350
I 1644.66] Elapsed: 27:25, vertices: 5782, facets final: 7244, pending: 26937, pool: 350
I 1649.70] Elapsed: 27:30, vertices: 5797, facets final: 7341, pending: 26789, pool: 349
I 1650.58] recalculating facets...
I 1654.75] Elapsed: 27:35, vertices: 5811, facets final: 7452, pending: 26645, pool: 350
I 1659.76] Elapsed: 27:40, vertices: 5827, facets final: 7552, pending: 26511, pool: 349
I 1663.80] recalculating facets...
I 1664.77] Elapsed: 27:45, vertices: 5843, facets final: 7640, pending: 26392, pool: 350
I 1669.92] Elapsed: 27:50, vertices: 5856, facets final: 7749, pending: 26318, pool: 349
I 1674.94] Elapsed: 27:55, vertices: 5872, facets final: 7855, pending: 26248, pool: 350
I 1677.31] recalculating facets...
I 1680.02] Elapsed: 28:00, vertices: 5887, facets final: 7948, pending: 26113, pool: 348
I 1685.18] Elapsed: 28:05, vertices: 5901, facets final: 8080, pending: 25966, pool: 350
I 1690.18] Elapsed: 28:10, vertices: 5917, facets final: 8176, pending: 25815, pool: 346
I 1691.78] recalculating facets...
I 1695.19] Elapsed: 28:15, vertices: 5929, facets final: 8286, pending: 25660, pool: 349
I 1700.19] Elapsed: 28:20, vertices: 5946, facets final: 8360, pending: 25502, pool: 348
I 1704.69] recalculating facets...
I 1705.33] Elapsed: 28:25, vertices: 5961, facets final: 8447, pending: 25359, pool: 347
I 1710.34] Elapsed: 28:30, vertices: 5972, facets final: 8602, pending: 25175, pool: 349
I 1715.34] Elapsed: 28:35, vertices: 5987, facets final: 8712, pending: 25056, pool: 349
I 1719.59] recalculating facets...
I 1720.34] Elapsed: 28:40, vertices: 6002, facets final: 8813, pending: 24908, pool: 350
I 1725.35] Elapsed: 28:45, vertices: 6018, facets final: 8891, pending: 24818, pool: 347
I 1730.35] Elapsed: 28:50, vertices: 6031, facets final: 9008, pending: 24653, pool: 348
I 1734.05] recalculating facets...
I 1735.46] Elapsed: 28:55, vertices: 6043, facets final: 9137, pending: 24466, pool: 348
I 1740.48] Elapsed: 29:00, vertices: 6056, facets final: 9277, pending: 24286, pool: 347
I 1745.53] Elapsed: 29:06, vertices: 6068, facets final: 9399, pending: 24108, pool: 349
I 1749.38] recalculating facets...
I 1750.54] Elapsed: 29:11, vertices: 6083, facets final: 9494, pending: 23962, pool: 350
I 1755.54] Elapsed: 29:16, vertices: 6098, facets final: 9578, pending: 23824, pool: 349
I 1760.66] Elapsed: 29:21, vertices: 6113, facets final: 9682, pending: 23660, pool: 348
I 1762.92] recalculating facets...
I 1765.83] Elapsed: 29:26, vertices: 6127, facets final: 9803, pending: 23518, pool: 350
I 1771.00] Elapsed: 29:31, vertices: 6141, facets final: 9923, pending: 23369, pool: 348
I 1776.07] Elapsed: 29:36, vertices: 6154, facets final: 10044, pending: 23205, pool: 350
I 1778.21] recalculating facets...
I 1781.27] Elapsed: 29:41, vertices: 6166, facets final: 10180, pending: 23028, pool: 346
I 1786.36] Elapsed: 29:46, vertices: 6179, facets final: 10313, pending: 22857, pool: 347
I 1791.49] Elapsed: 29:51, vertices: 6192, facets final: 10437, pending: 22703, pool: 348
I 1793.53] recalculating facets...
I 1796.54] Elapsed: 29:57, vertices: 6207, facets final: 10543, pending: 22555, pool: 345
I 1801.54] Elapsed: 30:02, vertices: 6217, facets final: 10701, pending: 22354, pool: 349
I 1806.64] Elapsed: 30:07, vertices: 6227, facets final: 10859, pending: 22157, pool: 348
I 1811.65] Elapsed: 30:12, vertices: 6239, facets final: 11011, pending: 21971, pool: 347
I 1812.15] recalculating facets...
I 1816.65] Elapsed: 30:17, vertices: 6250, facets final: 11161, pending: 21758, pool: 348
I 1821.80] Elapsed: 30:22, vertices: 6261, facets final: 11311, pending: 21605, pool: 350
I 1826.83] Elapsed: 30:27, vertices: 6272, facets final: 11472, pending: 21412, pool: 345
I 1830.08] recalculating facets...
I 1831.85] Elapsed: 30:32, vertices: 6283, facets final: 11623, pending: 21208, pool: 350
I 1836.86] Elapsed: 30:37, vertices: 6296, facets final: 11763, pending: 21050, pool: 348
I 1842.04] Elapsed: 30:42, vertices: 6307, facets final: 11911, pending: 20871, pool: 347
I 1847.04] Elapsed: 30:47, vertices: 6317, facets final: 12095, pending: 20668, pool: 346
I 1848.61] recalculating facets...
I 1852.04] Elapsed: 30:52, vertices: 6327, facets final: 12266, pending: 20445, pool: 348
I 1857.22] Elapsed: 30:57, vertices: 6337, facets final: 12435, pending: 20267, pool: 349
I 1862.36] Elapsed: 31:02, vertices: 6349, facets final: 12581, pending: 20077, pool: 349
I 1865.80] recalculating facets...
I 1867.51] Elapsed: 31:08, vertices: 6363, facets final: 12706, pending: 19902, pool: 348
I 1872.54] Elapsed: 31:13, vertices: 6376, facets final: 12884, pending: 19684, pool: 350
I 1877.54] Elapsed: 31:18, vertices: 6394, facets final: 13064, pending: 19469, pool: 349
I 1880.18] recalculating facets...
I 1882.54] Elapsed: 31:23, vertices: 6408, facets final: 13250, pending: 19215, pool: 345
I 1887.56] Elapsed: 31:28, vertices: 6417, facets final: 13459, pending: 18992, pool: 349
I 1892.57] Elapsed: 31:33, vertices: 6426, facets final: 13686, pending: 18739, pool: 348
I 1897.59] Elapsed: 31:38, vertices: 6439, facets final: 13883, pending: 18542, pool: 349
I 1897.82] recalculating facets...
I 1902.59] Elapsed: 31:43, vertices: 6447, facets final: 14112, pending: 18282, pool: 347
I 1907.59] Elapsed: 31:48, vertices: 6457, facets final: 14313, pending: 18078, pool: 346
I 1912.60] Elapsed: 31:53, vertices: 6471, facets final: 14504, pending: 17867, pool: 348
I 1917.09] recalculating facets...
I 1917.62] Elapsed: 31:58, vertices: 6481, facets final: 14726, pending: 17662, pool: 349
I 1922.62] Elapsed: 32:03, vertices: 6495, facets final: 14926, pending: 17410, pool: 348
I 1927.63] Elapsed: 32:08, vertices: 6503, facets final: 15170, pending: 17169, pool: 347
I 1932.65] Elapsed: 32:13, vertices: 6516, facets final: 15375, pending: 16917, pool: 348
I 1934.63] recalculating facets...
I 1937.77] Elapsed: 32:18, vertices: 6526, facets final: 15589, pending: 16697, pool: 346
I 1942.79] Elapsed: 32:23, vertices: 6536, facets final: 15822, pending: 16457, pool: 349
I 1947.79] Elapsed: 32:28, vertices: 6547, facets final: 16059, pending: 16194, pool: 348
I 1952.79] Elapsed: 32:33, vertices: 6554, facets final: 16297, pending: 15949, pool: 348
I 1956.01] recalculating facets...
I 1957.79] Elapsed: 32:38, vertices: 6562, facets final: 16559, pending: 15658, pool: 348
I 1962.79] Elapsed: 32:43, vertices: 6573, facets final: 16756, pending: 15432, pool: 349
I 1967.80] Elapsed: 32:48, vertices: 6585, facets final: 16962, pending: 15200, pool: 345
I 1972.81] Elapsed: 32:53, vertices: 6592, facets final: 17216, pending: 14918, pool: 347
I 1976.64] recalculating facets...
I 1977.91] Elapsed: 32:58, vertices: 6601, facets final: 17444, pending: 14681, pool: 346
I 1982.97] Elapsed: 33:03, vertices: 6610, facets final: 17683, pending: 14420, pool: 349
I 1987.98] Elapsed: 33:08, vertices: 6621, facets final: 17909, pending: 14162, pool: 347
I 1993.00] Elapsed: 33:13, vertices: 6627, facets final: 18171, pending: 13889, pool: 346
I 1998.01] Elapsed: 33:18, vertices: 6638, facets final: 18387, pending: 13633, pool: 346
I 1999.09] recalculating facets...
I 2003.01] Elapsed: 33:23, vertices: 6644, facets final: 18640, pending: 13372, pool: 345
I 2008.04] Elapsed: 33:28, vertices: 6655, facets final: 18873, pending: 13113, pool: 344
I 2013.04] Elapsed: 33:33, vertices: 6665, facets final: 19111, pending: 12850, pool: 343
I 2018.09] Elapsed: 33:38, vertices: 6672, facets final: 19360, pending: 12589, pool: 344
I 2022.11] recalculating facets...
I 2023.15] Elapsed: 33:43, vertices: 6681, facets final: 19609, pending: 12308, pool: 340
I 2028.15] Elapsed: 33:48, vertices: 6688, facets final: 19865, pending: 12036, pool: 344
I 2033.15] Elapsed: 33:53, vertices: 6694, facets final: 20119, pending: 11775, pool: 342
I 2038.15] Elapsed: 33:58, vertices: 6700, facets final: 20396, pending: 11475, pool: 343
I 2043.16] Elapsed: 34:03, vertices: 6710, facets final: 20618, pending: 11235, pool: 341
I 2048.16] Elapsed: 34:08, vertices: 6717, facets final: 20876, pending: 10953, pool: 336
I 2050.17] recalculating facets...
I 2053.25] Elapsed: 34:13, vertices: 6722, facets final: 21133, pending: 10681, pool: 338
I 2058.26] Elapsed: 34:18, vertices: 6730, facets final: 21380, pending: 10411, pool: 334
I 2063.28] Elapsed: 34:23, vertices: 6735, facets final: 21632, pending: 10155, pool: 337
I 2068.28] Elapsed: 34:28, vertices: 6740, facets final: 21897, pending: 9879, pool: 335
I 2073.29] Elapsed: 34:33, vertices: 6746, facets final: 22141, pending: 9618, pool: 338
I 2078.29] Elapsed: 34:38, vertices: 6753, facets final: 22379, pending: 9367, pool: 338
I 2083.29] Elapsed: 34:43, vertices: 6759, facets final: 22650, pending: 9078, pool: 336
I 2084.37] recalculating facets...
I 2088.29] Elapsed: 34:48, vertices: 6764, facets final: 22895, pending: 8829, pool: 336
I 2093.29] Elapsed: 34:53, vertices: 6771, facets final: 23147, pending: 8577, pool: 335
I 2098.31] Elapsed: 34:58, vertices: 6775, facets final: 23423, pending: 8287, pool: 336
I 2103.31] Elapsed: 35:03, vertices: 6784, facets final: 23675, pending: 8013, pool: 331
I 2108.32] Elapsed: 35:08, vertices: 6795, facets final: 23908, pending: 7761, pool: 323
I 2113.03] recalculating facets...
I 2113.37] Elapsed: 35:13, vertices: 6800, facets final: 24189, pending: 7466, pool: 321
I 2118.37] Elapsed: 35:18, vertices: 6807, facets final: 24447, pending: 7195, pool: 320
I 2123.37] Elapsed: 35:23, vertices: 6817, facets final: 24693, pending: 6932, pool: 314
I 2128.37] Elapsed: 35:28, vertices: 6820, facets final: 24977, pending: 6640, pool: 316
I 2133.37] Elapsed: 35:33, vertices: 6828, facets final: 25220, pending: 6390, pool: 314
I 2138.40] Elapsed: 35:38, vertices: 6837, facets final: 25478, pending: 6116, pool: 309
I 2139.72] recalculating facets...
I 2143.41] Elapsed: 35:43, vertices: 6844, facets final: 25730, pending: 5855, pool: 305
I 2148.41] Elapsed: 35:48, vertices: 6852, facets final: 25971, pending: 5605, pool: 303
I 2153.41] Elapsed: 35:53, vertices: 6856, facets final: 26263, pending: 5315, pool: 305
I 2158.42] Elapsed: 35:58, vertices: 6865, facets final: 26524, pending: 5041, pool: 297
I 2163.43] Elapsed: 36:03, vertices: 6877, facets final: 26755, pending: 4786, pool: 287
I 2164.47] recalculating facets...
I 2168.45] Elapsed: 36:08, vertices: 6889, facets final: 26988, pending: 4542, pool: 276
I 2173.46] Elapsed: 36:13, vertices: 6900, facets final: 27225, pending: 4297, pool: 268
I 2178.54] Elapsed: 36:19, vertices: 6910, facets final: 27477, pending: 4026, pool: 263
I 2181.77] recalculating facets...
I 2183.60] Elapsed: 36:24, vertices: 6925, facets final: 27695, pending: 3791, pool: 249
I 2188.60] Elapsed: 36:29, vertices: 6941, facets final: 27918, pending: 3541, pool: 240
I 2193.61] Elapsed: 36:34, vertices: 6955, facets final: 28137, pending: 3303, pool: 228
I 2194.81] recalculating facets...
I 2198.61] Elapsed: 36:39, vertices: 6975, facets final: 28329, pending: 3086, pool: 210
I 2203.63] Elapsed: 36:44, vertices: 6988, facets final: 28576, pending: 2825, pool: 199
I 2208.67] Elapsed: 36:49, vertices: 6998, facets final: 28835, pending: 2546, pool: 190
I 2209.61] recalculating facets...
I 2213.67] Elapsed: 36:54, vertices: 7014, facets final: 29067, pending: 2288, pool: 179
I 2218.67] Elapsed: 36:59, vertices: 7024, facets final: 29311, pending: 2033, pool: 179
I 2223.67] Elapsed: 37:04, vertices: 7033, facets final: 29561, pending: 1764, pool: 172
I 2226.52] recalculating facets...
I 2228.70] Elapsed: 37:09, vertices: 7045, facets final: 29800, pending: 1508, pool: 160
I 2233.73] Elapsed: 37:14, vertices: 7053, facets final: 30095, pending: 1197, pool: 155
I 2238.73] Elapsed: 37:19, vertices: 7063, facets final: 30366, pending: 907, pool: 150
I 2243.75] Elapsed: 37:24, vertices: 7078, facets final: 30622, pending: 624, pool: 149
I 2244.44] recalculating facets...
I 2248.76] Elapsed: 37:29, vertices: 7103, facets final: 30825, pending: 389, pool: 140
I 2250.69] recalculating facets...
I 2253.77] Elapsed: 37:34, vertices: 7149, facets final: 30963, pending: 213, pool: 115
I 2254.54] recalculating facets...
I 2257.04] recalculating facets...
I 2258.76] recalculating facets...
I 2258.87] Elapsed: 37:39, vertices: 7240, facets final: 31042, pending: 53, pool: 35
I 2259.88] Elapsed: 37:40, vertices: 7279, facets final: 31062, pending: 0

--------------------------------
Problem completed
 name                    97.vlp
 output                  vlp/97.res
 rows, cols, objs        161, 4499, 10
 vertices, facets        7279, 31062
 total time              37:40
--------------------------------
Statistics
LP:
 oracle calls            40102
   avg iterations/calls  111.22
 total oracle time       10:46
Combinatorics:
 vertices added          7279
 facets probed           97869
 facets # max            54157
 memory allocated        119.79M
 storage expansion
   vertices # / upto     57 / 7292
   facets   # / upto     14 / 57340
 facet manipulating
   added avg / max       81.77 / 1.40k
   compressed            298
 number of ridge tests
   avg / max             3.07M / 50.91M
--------------------------------
Parameters with non-default values
 VertexPoolSize = 350
 RecalculateFacets = 40
