C copy string: r=c:ab
I    0.00] Elapsed: 0.00, vertices: 1, facets final: 10, pending: 0

--------------------------------
Problem completed
 name                    0.vlp
 output                  
   vertices              vlp/0.res
 rows, cols, objs        8, 35, 10
 vertices, facets        1, 10
 total time              0.00
--------------------------------
Statistics
LP
 oracle calls            11
   avg iterations/call   0.45
 total oracle time       0.00
Combinatorics
 vertices added          1
 facets probed           13
 facets # max            0
 memory allocated        500.00k
 storage expansion
   vertices # / upto     1 / 124
   facets   # / upto     1 / 4092
 facet manipulating
   added avg / max       0.00 / 0.00
   compressed            0
 number of ridge tests
   avg / max             0.00 / 0.00
