C copy string: r=c:ab;s=r:ad
I    0.00] Elapsed: 0.00, vertices: 3, facets final: 13, pending: 0

--------------------------------
Problem completed
 name                    1.vlp
 output                  
   vertices              vlp/1.res
 rows, cols, objs        24, 140, 10
 vertices, facets        3, 13
 total time              0.00
--------------------------------
Statistics
LP
 oracle calls            16
   avg iterations/call   6.94
 total oracle time       0.00
Combinatorics
 vertices added          3
 facets probed           19
 facets # max            14
 memory allocated        975.68k
 storage expansion
   vertices # / upto     1 / 124
   facets   # / upto     1 / 4092
 facet manipulating
   added avg / max       2.50 / 4.00
   compressed            0
 number of ridge tests
   avg / max             4.00 / 4.00
