C copy string: rs=cd:ab;t=a:bcr;u=d:ar
I    0.16] Elapsed: 0.16, vertices: 39, facets final: 60, pending: 0

--------------------------------
Problem completed
 name                    101.vlp
 output                  
   vertices              vlp/101.res
 rows, cols, objs        103, 908, 10
 vertices, facets        39, 60
 total time              0.16
--------------------------------
Statistics
LP
 oracle calls            99
   avg iterations/call   50.36
 total oracle time       0.15
Combinatorics
 vertices added          39
 facets probed           101
 facets # max            74
 memory allocated        975.68k
 storage expansion
   vertices # / upto     1 / 124
   facets   # / upto     1 / 4092
 facet manipulating
   added avg / max       5.34 / 17.00
   compressed            0
 number of ridge tests
   avg / max             155.61 / 520.00
