C copy string: rs=cd:ab;t=a:bcr;u=c:bs
I    0.15] Elapsed: 0.15, vertices: 20, facets final: 48, pending: 0

--------------------------------
Problem completed
 name                    105.vlp
 output                  
   vertices              vlp/105.res
 rows, cols, objs        103, 908, 10
 vertices, facets        20, 48
 total time              0.15
--------------------------------
Statistics
LP
 oracle calls            68
   avg iterations/call   71.28
 total oracle time       0.15
Combinatorics
 vertices added          20
 facets probed           69
 facets # max            50
 memory allocated        975.68k
 storage expansion
   vertices # / upto     1 / 124
   facets   # / upto     1 / 4092
 facet manipulating
   added avg / max       4.58 / 14.00
   compressed            0
 number of ridge tests
   avg / max             60.79 / 125.00
