I    0.96] Elapsed: 0.96, vertices: 6, facets final: 18, pending: 0

--------------------------------
Problem completed
 name                    123.vlp
 output                  123.res
 rows, cols, objs        177, 1549, 10
 vertices, facets        6, 18
 total time              0.96
--------------------------------
Statistics
LP:
 oracle calls            24
   avg iterations/calls  206.92
 total oracle time       0.95
Combinatorics:
 vertices added          6
 facets probed           24
 facets # max            19
 memory allocated        975.68k
 storage expansion
   vertices # / upto     1 / 124
   facets   # / upto     1 / 4092
 facet manipulating
   added avg / max       3.00 / 4.00
   compressed            0
 number of ridge tests
   avg / max             8.20 / 12.00
