I    2.60] recalculating facets...
I    5.00] Elapsed: 5.00, vertices: 191, facets final: 92, pending: 777
I    5.30] recalculating facets...
I   10.01] Elapsed: 10.01, vertices: 269, facets final: 326, pending: 374
I   12.03] recalculating facets...
I   15.01] Elapsed: 15.01, vertices: 350, facets final: 591, pending: 10
I   15.04] Elapsed: 15.04, vertices: 355, facets final: 592, pending: 0

--------------------------------
Problem completed
 name                    131.vlp
 output                  131.res
 rows, cols, objs        165, 1362, 10
 vertices, facets        355, 592
 total time              15.04
--------------------------------
Statistics
LP:
 oracle calls            947
   avg iterations/calls  108.97
 total oracle time       14.82
Combinatorics:
 vertices added          355
 facets probed           947
 facets # max            1260
 memory allocated        1.42M
 storage expansion
   vertices # / upto     3 / 380
   facets   # / upto     1 / 4092
 facet manipulating
   added avg / max       25.78 / 168.00
   compressed            2
 number of ridge tests
   avg / max             20.24k / 150.14k
