C copy string: rs=ac:bd;t=a:bcr;u=d:abr
I    0.40] Elapsed: 0.40, vertices: 35, facets final: 88, pending: 0

--------------------------------
Problem completed
 name                    168.vlp
 output                  
   vertices              vlp/168.res
 rows, cols, objs        106, 923, 10
 vertices, facets        35, 88
 total time              0.40
--------------------------------
Statistics
LP:
 oracle calls            123
   avg iterations/call   72.80
 total oracle time       0.40
Combinatorics:
 vertices added          35
 facets probed           123
 facets # max            111
 memory allocated        975.68k
 storage expansion
   vertices # / upto     1 / 124
   facets   # / upto     1 / 4092
 facet manipulating
   added avg / max       7.53 / 25.00
   compressed            0
 number of ridge tests
   avg / max             319.88 / 1.01k
