I    2.03] Elapsed: 2.03, vertices: 20, facets final: 48, pending: 0

--------------------------------
Problem completed
 name                    174.vlp
 output                  174.res
 rows, cols, objs        165, 1441, 10
 vertices, facets        20, 48
 total time              2.03
--------------------------------
Statistics
LP:
 oracle calls            68
   avg iterations/calls  171.56
 total oracle time       2.03
Combinatorics:
 vertices added          20
 facets probed           68
 facets # max            54
 memory allocated        975.68k
 storage expansion
   vertices # / upto     1 / 124
   facets   # / upto     1 / 4092
 facet manipulating
   added avg / max       5.05 / 13.00
   compressed            0
 number of ridge tests
   avg / max             80.37 / 196.00
