I    5.03] Elapsed: 5.03, vertices: 61, facets final: 81, pending: 74
I    6.68] Elapsed: 6.68, vertices: 85, facets final: 135, pending: 0

--------------------------------
Problem completed
 name                    184.vlp
 output                  184.res
 rows, cols, objs        177, 1525, 10
 vertices, facets        85, 135
 total time              6.68
--------------------------------
Statistics
LP:
 oracle calls            220
   avg iterations/calls  171.41
 total oracle time       6.66
Combinatorics:
 vertices added          85
 facets probed           220
 facets # max            163
 memory allocated        975.68k
 storage expansion
   vertices # / upto     1 / 124
   facets   # / upto     1 / 4092
 facet manipulating
   added avg / max       8.21 / 32.00
   compressed            0
 number of ridge tests
   avg / max             625.05 / 1.82k
