C copy string: rs=cd:ab;t=(cr):ab;u=a:bcs
I    0.44] Elapsed: 0.44, vertices: 28, facets final: 96, pending: 0

--------------------------------
Problem completed
 name                    193.vlp
 output                  
   vertices              vlp/193.res
 rows, cols, objs        106, 933, 10
 vertices, facets        28, 96
 total time              0.44
--------------------------------
Statistics
LP:
 oracle calls            124
   avg iterations/call   76.48
 total oracle time       0.44
Combinatorics:
 vertices added          28
 facets probed           124
 facets # max            100
 memory allocated        975.68k
 storage expansion
   vertices # / upto     1 / 124
   facets   # / upto     1 / 4092
 facet manipulating
   added avg / max       8.44 / 23.00
   compressed            0
 number of ridge tests
   avg / max             278.07 / 1.10k
