C copy string: r=c:ab;st=ac:bdr;u=r:ads
I    0.10] Elapsed: 0.10, vertices: 12, facets final: 23, pending: 0

--------------------------------
Problem completed
 name                    21.vlp
 output                  
   vertices              vlp/21.res
 rows, cols, objs        98, 829, 10
 vertices, facets        12, 23
 total time              0.10
--------------------------------
Statistics
LP:
 oracle calls            35
   avg iterations/call   66.03
 total oracle time       0.10
Combinatorics:
 vertices added          12
 facets probed           35
 facets # max            29
 memory allocated        975.68k
 storage expansion
   vertices # / upto     1 / 124
   facets   # / upto     1 / 4092
 facet manipulating
   added avg / max       3.09 / 10.00
   compressed            0
 number of ridge tests
   avg / max             23.91 / 65.00
