C copy string: r=a:bc;st=cd:abr;u=s:acr
I    0.17] Elapsed: 0.17, vertices: 18, facets final: 61, pending: 0

--------------------------------
Problem completed
 name                    22.vlp
 output                  
   vertices              vlp/22.res
 rows, cols, objs        96, 820, 10
 vertices, facets        18, 61
 total time              0.17
--------------------------------
Statistics
LP
 oracle calls            79
   avg iterations/call   72.03
 total oracle time       0.17
Combinatorics
 vertices added          18
 facets probed           80
 facets # max            62
 memory allocated        975.68k
 storage expansion
   vertices # / upto     1 / 124
   facets   # / upto     1 / 4092
 facet manipulating
   added avg / max       7.06 / 14.00
   compressed            0
 number of ridge tests
   avg / max             100.06 / 297.00
