C copy string: rs=ac:bd;t=d:abs;u=b:act
I    0.17] Elapsed: 0.17, vertices: 26, facets final: 78, pending: 0

--------------------------------
Problem completed
 name                    26.vlp
 output                  
   vertices              vlp/26.res
 rows, cols, objs        105, 913, 10
 vertices, facets        26, 78
 total time              0.17
--------------------------------
Statistics
LP
 oracle calls            104
   avg iterations/call   55.55
 total oracle time       0.17
Combinatorics
 vertices added          26
 facets probed           105
 facets # max            84
 memory allocated        975.68k
 storage expansion
   vertices # / upto     1 / 124
   facets   # / upto     1 / 4092
 facet manipulating
   added avg / max       6.64 / 20.00
   compressed            0
 number of ridge tests
   avg / max             151.44 / 416.00
