C copy string: rs=ac:bd;t=d:abs
I    0.01] Elapsed: 0.01, vertices: 2, facets final: 11, pending: 0

--------------------------------
Problem completed
 name                    3.vlp
 output                  
   vertices              vlp/3.res
 rows, cols, objs        42, 295, 10
 vertices, facets        2, 11
 total time              0.01
--------------------------------
Statistics
LP
 oracle calls            13
   avg iterations/call   10.85
 total oracle time       0.00
Combinatorics
 vertices added          2
 facets probed           14
 facets # max            12
 memory allocated        975.68k
 storage expansion
   vertices # / upto     1 / 124
   facets   # / upto     1 / 4092
 facet manipulating
   added avg / max       2.00 / 2.00
   compressed            0
 number of ridge tests
   avg / max             2.00 / 2.00
