I    0.04] Elapsed: 0.04, vertices: 2, facets final: 11, pending: 0

--------------------------------
Problem completed
 name                    4.vlp
 output                  4.res
 rows, cols, objs        72, 491, 10
 vertices, facets        2, 11
 total time              0.04
--------------------------------
Statistics
LP:
 oracle calls            13
   avg iterations/calls  36.69
 total oracle time       0.04
Combinatorics:
 vertices added          2
 facets probed           13
 facets # max            12
 memory allocated        975.68k
 storage expansion
   vertices # / upto     1 / 124
   facets   # / upto     1 / 4092
 facet manipulating
   added avg / max       2.00 / 2.00
   compressed            0
 number of ridge tests
   avg / max             2.00 / 2.00
