C copy string: rs=cd:ab;t=a:bcs;u=a:bcst
I    5.00] Elapsed: 5.00, vertices: 840, facets final: 865, pending: 431
I    5.90] Elapsed: 5.90, vertices: 880, facets final: 1239, pending: 0

--------------------------------
Problem completed
 name                    40.vlp
 output                  
   vertices              vlp/40.res
 rows, cols, objs        100, 871, 10
 vertices, facets        880, 1239
 total time              5.90
--------------------------------
Statistics
LP:
 oracle calls            2119
   avg iterations/call   49.52
 total oracle time       4.53
Combinatorics:
 vertices added          880
 facets probed           2119
 facets # max            3826
 memory allocated        2.29M
 storage expansion
   vertices # / upto     7 / 892
   facets   # / upto     1 / 4092
 facet manipulating
   added avg / max       39.47 / 379.00
   compressed            41
 number of ridge tests
   avg / max             103.46k / 1.24M
