C copy string: rs=cd:ab;t=(cr):ab;u=c:abrts
I    0.16] Elapsed: 0.16, vertices: 15, facets final: 61, pending: 0

--------------------------------
Problem completed
 name                    44.vlp
 output                  
   vertices              vlp/44.res
 rows, cols, objs        92, 789, 10
 vertices, facets        15, 61
 total time              0.16
--------------------------------
Statistics
LP
 oracle calls            76
   avg iterations/call   71.12
 total oracle time       0.16
Combinatorics
 vertices added          15
 facets probed           77
 facets # max            66
 memory allocated        975.68k
 storage expansion
   vertices # / upto     1 / 124
   facets   # / upto     1 / 4092
 facet manipulating
   added avg / max       9.14 / 24.00
   compressed            0
 number of ridge tests
   avg / max             160.43 / 344.00
