C copy string: rs=ac:bd;t=a:br;u=d:abrt
I    0.04] Elapsed: 0.04, vertices: 8, facets final: 19, pending: 0

--------------------------------
Problem completed
 name                    47.vlp
 output                  
   vertices              vlp/47.res
 rows, cols, objs        98, 862, 10
 vertices, facets        8, 19
 total time              0.04
--------------------------------
Statistics
LP
 oracle calls            27
   avg iterations/call   51.37
 total oracle time       0.04
Combinatorics
 vertices added          8
 facets probed           28
 facets # max            20
 memory allocated        975.68k
 storage expansion
   vertices # / upto     1 / 124
   facets   # / upto     1 / 4092
 facet manipulating
   added avg / max       2.86 / 5.00
   compressed            0
 number of ridge tests
   avg / max             10.14 / 18.00
