C copy string: rs=ac:bd;t=a:dr;u=b:adrt
I    0.04] Elapsed: 0.04, vertices: 9, facets final: 19, pending: 0

--------------------------------
Problem completed
 name                    50.vlp
 output                  
   vertices              vlp/50.res
 rows, cols, objs        98, 862, 10
 vertices, facets        9, 19
 total time              0.04
--------------------------------
Statistics
LP
 oracle calls            28
   avg iterations/call   41.64
 total oracle time       0.04
Combinatorics
 vertices added          9
 facets probed           29
 facets # max            21
 memory allocated        975.68k
 storage expansion
   vertices # / upto     1 / 124
   facets   # / upto     1 / 4092
 facet manipulating
   added avg / max       3.00 / 6.00
   compressed            0
 number of ridge tests
   avg / max             13.88 / 24.00
