C copy string: rs=cd:ab;t=(cr):ab;u=(cs):abt
I    0.25] Elapsed: 0.25, vertices: 22, facets final: 63, pending: 0

--------------------------------
Problem completed
 name                    54.vlp
 output                  
   vertices              vlp/54.res
 rows, cols, objs        106, 954, 10
 vertices, facets        22, 63
 total time              0.25
--------------------------------
Statistics
LP
 oracle calls            85
   avg iterations/call   80.28
 total oracle time       0.24
Combinatorics
 vertices added          22
 facets probed           86
 facets # max            72
 memory allocated        975.68k
 storage expansion
   vertices # / upto     1 / 124
   facets   # / upto     1 / 4092
 facet manipulating
   added avg / max       9.05 / 24.00
   compressed            0
 number of ridge tests
   avg / max             230.67 / 624.00
