C copy string: rs=cd:ab;t=a:bcs;u=c:abrst
I    1.19] Elapsed: 1.19, vertices: 355, facets final: 592, pending: 0

--------------------------------
Problem completed
 name                    56.vlp
 output                  
   vertices              vlp/56.res
 rows, cols, objs        93, 780, 10
 vertices, facets        355, 592
 total time              1.19
--------------------------------
Statistics
LP
 oracle calls            947
   avg iterations/call   48.42
 total oracle time       1.13
Combinatorics
 vertices added          355
 facets probed           1000
 facets # max            1139
 memory allocated        1.42M
 storage expansion
   vertices # / upto     3 / 380
   facets   # / upto     1 / 4092
 facet manipulating
   added avg / max       23.28 / 150.00
   compressed            2
 number of ridge tests
   avg / max             16.11k / 117.59k
