C copy string: rs=cd:ab;t=c:as;u=r:act
I    0.36] Elapsed: 0.36, vertices: 52, facets final: 121, pending: 0

--------------------------------
Problem completed
 name                    57.vlp
 output                  
   vertices              vlp/57.res
 rows, cols, objs        104, 916, 10
 vertices, facets        52, 121
 total time              0.36
--------------------------------
Statistics
LP
 oracle calls            173
   avg iterations/call   61.05
 total oracle time       0.35
Combinatorics
 vertices added          52
 facets probed           175
 facets # max            137
 memory allocated        975.68k
 storage expansion
   vertices # / upto     1 / 124
   facets   # / upto     1 / 4092
 facet manipulating
   added avg / max       8.76 / 35.00
   compressed            0
 number of ridge tests
   avg / max             479.02 / 2.21k
