C copy string: rs=ac:bd;t=(ar):bd;u=d:abrt
I    0.06] Elapsed: 0.06, vertices: 13, facets final: 29, pending: 0

--------------------------------
Problem completed
 name                    60.vlp
 output                  
   vertices              vlp/60.res
 rows, cols, objs        103, 896, 10
 vertices, facets        13, 29
 total time              0.06
--------------------------------
Statistics
LP
 oracle calls            42
   avg iterations/call   49.55
 total oracle time       0.06
Combinatorics
 vertices added          13
 facets probed           43
 facets # max            30
 memory allocated        975.68k
 storage expansion
   vertices # / upto     1 / 124
   facets   # / upto     1 / 4092
 facet manipulating
   added avg / max       3.25 / 5.00
   compressed            0
 number of ridge tests
   avg / max             21.50 / 48.00
