C copy string: rs=cd:ab;t=(cr):ab;u=(cs):abt
I    0.29] Elapsed: 0.29, vertices: 22, facets final: 63, pending: 0

--------------------------------
Problem completed
 name                    66.vlp
 output                  
   vertices              vlp/66.res
 rows, cols, objs        106, 954, 10
 vertices, facets        22, 63
 total time              0.29
--------------------------------
Statistics
LP:
 oracle calls            85
   avg iterations/call   65.56
 total oracle time       0.29
Combinatorics:
 vertices added          22
 facets probed           85
 facets # max            76
 memory allocated        975.68k
 storage expansion
   vertices # / upto     1 / 124
   facets   # / upto     1 / 4092
 facet manipulating
   added avg / max       9.38 / 24.00
   compressed            0
 number of ridge tests
   avg / max             270.00 / 820.00
