I    0.04] Elapsed: 0.04, vertices: 3, facets final: 12, pending: 0

--------------------------------
Problem completed
 name                    7.vlp
 output                  7.res
 rows, cols, objs        72, 491, 10
 vertices, facets        3, 12
 total time              0.04
--------------------------------
Statistics
LP:
 oracle calls            15
   avg iterations/calls  27.87
 total oracle time       0.04
Combinatorics:
 vertices added          3
 facets probed           15
 facets # max            13
 memory allocated        975.68k
 storage expansion
   vertices # / upto     1 / 124
   facets   # / upto     1 / 4092
 facet manipulating
   added avg / max       2.00 / 2.00
   compressed            0
 number of ridge tests
   avg / max             2.50 / 3.00
