I    4.01] Elapsed: 4.01, vertices: 52, facets final: 121, pending: 0

--------------------------------
Problem completed
 name                    72.vlp
 output                  72.res
 rows, cols, objs        173, 1507, 10
 vertices, facets        52, 121
 total time              4.01
--------------------------------
Statistics
LP:
 oracle calls            173
   avg iterations/calls  133.93
 total oracle time       4.00
Combinatorics:
 vertices added          52
 facets probed           173
 facets # max            133
 memory allocated        975.68k
 storage expansion
   vertices # / upto     1 / 124
   facets   # / upto     1 / 4092
 facet manipulating
   added avg / max       8.76 / 26.00
   compressed            0
 number of ridge tests
   avg / max             457.65 / 1.85k
