I    1.73] Elapsed: 1.73, vertices: 12, facets final: 59, pending: 0

--------------------------------
Problem completed
 name                    85.vlp
 output                  85.res
 rows, cols, objs        173, 1527, 10
 vertices, facets        12, 59
 total time              1.73
--------------------------------
Statistics
LP:
 oracle calls            71
   avg iterations/calls  142.27
 total oracle time       1.73
Combinatorics:
 vertices added          12
 facets probed           71
 facets # max            60
 memory allocated        975.68k
 storage expansion
   vertices # / upto     1 / 124
   facets   # / upto     1 / 4092
 facet manipulating
   added avg / max       10.36 / 20.00
   compressed            0
 number of ridge tests
   avg / max             156.00 / 348.00
