C copy string: rs=cd:ab;t=a:bcs;u=t:acr
I    0.46] Elapsed: 0.46, vertices: 85, facets final: 135, pending: 0

--------------------------------
Problem completed
 name                    86.vlp
 output                  
   vertices              vlp/86.res
 rows, cols, objs        106, 923, 10
 vertices, facets        85, 135
 total time              0.46
--------------------------------
Statistics
LP
 oracle calls            220
   avg iterations/call   66.27
 total oracle time       0.45
Combinatorics
 vertices added          85
 facets probed           221
 facets # max            159
 memory allocated        975.68k
 storage expansion
   vertices # / upto     1 / 124
   facets   # / upto     1 / 4092
 facet manipulating
   added avg / max       8.60 / 43.00
   compressed            0
 number of ridge tests
   avg / max             682.62 / 2.44k
