C copy string: rs=cd:ab;t=a:bcs;u=(bt):acr
I    2.29] Elapsed: 2.29, vertices: 44, facets final: 103, pending: 0

--------------------------------
Problem completed
 name                    92.vlp
 output                  
   vertices              vlp/92.res
 rows, cols, objs        177, 1549, 10
 vertices, facets        44, 103
 total time              2.29
--------------------------------
Statistics
LP:
 oracle calls            147
   avg iterations/calls  177.65
 total oracle time       2.29
Combinatorics:
 vertices added          44
 facets probed           147
 facets # max            108
 memory allocated        975.68k
 storage expansion
   vertices # / upto     1 / 124
   facets   # / upto     1 / 4092
 facet manipulating
   added avg / max       7.00 / 24.00
   compressed            0
 number of ridge tests
   avg / max             273.26 / 738.00
