C copy string: rs=cd:ab;t=a:bcr;u=t:acr
I    0.95] Elapsed: 0.95, vertices: 14, facets final: 44, pending: 0

--------------------------------
Problem completed
 name                    94.vlp
 output                  
   vertices              vlp/94.res
 rows, cols, objs        177, 1525, 10
 vertices, facets        14, 44
 total time              0.95
--------------------------------
Statistics
LP:
 oracle calls            58
   avg iterations/calls  184.29
 total oracle time       0.95
Combinatorics:
 vertices added          14
 facets probed           58
 facets # max            45
 memory allocated        975.68k
 storage expansion
   vertices # / upto     1 / 124
   facets   # / upto     1 / 4092
 facet manipulating
   added avg / max       5.31 / 12.00
   compressed            0
 number of ridge tests
   avg / max             57.62 / 132.00
