C copy string: rs=cd:ab;t=a:bcr;u=t:acs
I    2.27] Elapsed: 2.27, vertices: 96, facets final: 113, pending: 0

--------------------------------
Problem completed
 name                    96.vlp
 output                  
   vertices              vlp/96.res
 rows, cols, objs        177, 1525, 10
 vertices, facets        96, 113
 total time              2.27
--------------------------------
Statistics
LP:
 oracle calls            209
   avg iterations/calls  129.54
 total oracle time       2.27
Combinatorics:
 vertices added          96
 facets probed           209
 facets # max            236
 memory allocated        975.68k
 storage expansion
   vertices # / upto     1 / 124
   facets   # / upto     1 / 4092
 facet manipulating
   added avg / max       11.61 / 47.00
   compressed            0
 number of ridge tests
   avg / max             1.43k / 9.54k
