C copy string: r=c:ab;a,b,c,d; ineq: base30-1.txt
I    3.82] recalculating facets...
I    5.05] Elapsed: 5.05, vertices: 107, facets final: 16, pending: 15239, pool: 100
I   10.10] Elapsed: 10.10, vertices: 131, facets final: 20, pending: 15737, pool: 98
I   15.29] Elapsed: 15.29, vertices: 153, facets final: 27, pending: 18957, pool: 100
I   20.34] Elapsed: 20.34, vertices: 173, facets final: 32, pending: 17470, pool: 100
I   25.37] Elapsed: 25.37, vertices: 197, facets final: 45, pending: 17104, pool: 100
I   25.84] recalculating facets...
I   30.37] Elapsed: 30.37, vertices: 229, facets final: 65, pending: 16554, pool: 98
I   35.41] Elapsed: 35.41, vertices: 258, facets final: 101, pending: 17359, pool: 100
I   40.45] Elapsed: 40.45, vertices: 290, facets final: 156, pending: 16891, pool: 100
I   41.78] recalculating facets...
I   45.46] Elapsed: 45.46, vertices: 325, facets final: 243, pending: 18940, pool: 98
I   50.49] Elapsed: 50.49, vertices: 357, facets final: 309, pending: 20582, pool: 100
I   55.53] Elapsed: 55.53, vertices: 382, facets final: 344, pending: 22311, pool: 100
I   58.70] recalculating facets...
I   60.94] Elapsed: 1:01, vertices: 410, facets final: 413, pending: 23816, pool: 100
I   66.08] Elapsed: 1:06, vertices: 431, facets final: 456, pending: 24494, pool: 100
I   71.15] Elapsed: 1:11, vertices: 455, facets final: 484, pending: 25612, pool: 100
I   76.18] Elapsed: 1:16, vertices: 477, facets final: 554, pending: 27621, pool: 98
I   81.24] Elapsed: 1:21, vertices: 500, facets final: 608, pending: 28205, pool: 100
I   81.24] recalculating facets...
I   86.33] Elapsed: 1:26, vertices: 520, facets final: 637, pending: 28887, pool: 99
I   91.38] Elapsed: 1:31, vertices: 542, facets final: 688, pending: 30361, pool: 100
I   96.39] Elapsed: 1:36, vertices: 564, facets final: 765, pending: 30877, pool: 99
I  101.39] Elapsed: 1:41, vertices: 584, facets final: 829, pending: 31650, pool: 100
I  105.40] recalculating facets...
I  106.42] Elapsed: 1:46, vertices: 604, facets final: 880, pending: 32359, pool: 100
I  111.51] Elapsed: 1:52, vertices: 624, facets final: 963, pending: 32621, pool: 100
I  116.63] Elapsed: 1:57, vertices: 646, facets final: 1041, pending: 33320, pool: 99
I  121.66] Elapsed: 2:02, vertices: 667, facets final: 1133, pending: 33652, pool: 100
I  126.68] Elapsed: 2:07, vertices: 686, facets final: 1207, pending: 33956, pool: 99
I  130.10] recalculating facets...
I  131.77] Elapsed: 2:12, vertices: 706, facets final: 1337, pending: 34028, pool: 100
I  136.83] Elapsed: 2:17, vertices: 727, facets final: 1510, pending: 34205, pool: 99
I  141.97] Elapsed: 2:22, vertices: 749, facets final: 1629, pending: 34621, pool: 99
I  147.01] Elapsed: 2:27, vertices: 769, facets final: 1760, pending: 34861, pool: 100
I  152.15] Elapsed: 2:32, vertices: 790, facets final: 1915, pending: 35129, pool: 100
I  154.59] recalculating facets...
I  157.19] Elapsed: 2:37, vertices: 810, facets final: 1983, pending: 35668, pool: 100
I  162.20] Elapsed: 2:42, vertices: 831, facets final: 2132, pending: 36028, pool: 100
I  167.21] Elapsed: 2:47, vertices: 852, facets final: 2244, pending: 36644, pool: 99
I  172.33] Elapsed: 2:52, vertices: 871, facets final: 2411, pending: 36959, pool: 99
I  177.39] Elapsed: 2:57, vertices: 889, facets final: 2611, pending: 37476, pool: 100
I  180.48] recalculating facets...
I  182.41] Elapsed: 3:02, vertices: 906, facets final: 2754, pending: 37866, pool: 99
I  187.43] Elapsed: 3:07, vertices: 924, facets final: 2877, pending: 38162, pool: 100
I  192.58] Elapsed: 3:13, vertices: 941, facets final: 2993, pending: 38169, pool: 100
I  197.66] Elapsed: 3:18, vertices: 959, facets final: 3225, pending: 38263, pool: 99
I  202.66] Elapsed: 3:23, vertices: 978, facets final: 3404, pending: 38236, pool: 100
I  207.66] Elapsed: 3:28, vertices: 998, facets final: 3648, pending: 38277, pool: 100
I  208.34] recalculating facets...
I  212.83] Elapsed: 3:33, vertices: 1017, facets final: 3883, pending: 38334, pool: 100
I  217.92] Elapsed: 3:38, vertices: 1036, facets final: 4175, pending: 38238, pool: 100
I  222.93] Elapsed: 3:43, vertices: 1056, facets final: 4442, pending: 38218, pool: 100
I  228.04] Elapsed: 3:48, vertices: 1074, facets final: 4803, pending: 38039, pool: 99
I  233.21] Elapsed: 3:53, vertices: 1095, facets final: 5117, pending: 37847, pool: 100
I  234.39] recalculating facets...
I  238.27] Elapsed: 3:58, vertices: 1113, facets final: 5461, pending: 37724, pool: 99
I  243.31] Elapsed: 4:03, vertices: 1132, facets final: 5845, pending: 37459, pool: 100
I  248.31] Elapsed: 4:08, vertices: 1151, facets final: 6210, pending: 37311, pool: 98
I  253.38] Elapsed: 4:13, vertices: 1170, facets final: 6656, pending: 36975, pool: 97
I  258.39] Elapsed: 4:18, vertices: 1189, facets final: 7169, pending: 36633, pool: 99
I  262.34] recalculating facets...
I  263.40] Elapsed: 4:23, vertices: 1204, facets final: 8070, pending: 35900, pool: 100
I  268.47] Elapsed: 4:28, vertices: 1220, facets final: 8979, pending: 35204, pool: 98
I  273.63] Elapsed: 4:34, vertices: 1234, facets final: 10337, pending: 33927, pool: 96
I  278.63] Elapsed: 4:39, vertices: 1248, facets final: 11680, pending: 32753, pool: 95
I  283.72] Elapsed: 4:44, vertices: 1263, facets final: 12765, pending: 31803, pool: 95
I  288.72] Elapsed: 4:49, vertices: 1276, facets final: 14270, pending: 30361, pool: 98
I  293.84] Elapsed: 4:54, vertices: 1290, facets final: 15506, pending: 29232, pool: 95
I  298.03] recalculating facets...
I  298.84] Elapsed: 4:59, vertices: 1303, facets final: 16934, pending: 28012, pool: 94
I  303.84] Elapsed: 5:04, vertices: 1315, facets final: 18564, pending: 26488, pool: 89
I  308.84] Elapsed: 5:09, vertices: 1326, facets final: 20301, pending: 24776, pool: 91
I  313.84] Elapsed: 5:14, vertices: 1338, facets final: 21938, pending: 23245, pool: 91
I  318.91] Elapsed: 5:19, vertices: 1350, facets final: 23568, pending: 21676, pool: 87
I  323.94] Elapsed: 5:24, vertices: 1361, facets final: 25409, pending: 19929, pool: 85
I  328.97] Elapsed: 5:29, vertices: 1375, facets final: 27053, pending: 18381, pool: 74
I  333.97] Elapsed: 5:34, vertices: 1386, facets final: 29147, pending: 16318, pool: 71
I  338.83] recalculating facets...
I  339.08] Elapsed: 5:39, vertices: 1401, facets final: 30837, pending: 14707, pool: 61
I  344.08] Elapsed: 5:44, vertices: 1410, facets final: 33206, pending: 12351, pool: 58
I  349.08] Elapsed: 5:49, vertices: 1421, facets final: 35456, pending: 10128, pool: 54
I  354.08] Elapsed: 5:54, vertices: 1432, facets final: 37775, pending: 7871, pool: 47
I  359.08] Elapsed: 5:59, vertices: 1445, facets final: 40080, pending: 5647, pool: 40
I  364.08] Elapsed: 6:04, vertices: 1460, facets final: 42443, pending: 3365, pool: 29
I  369.08] Elapsed: 6:09, vertices: 1490, facets final: 44693, pending: 1150, pool: 8
I  370.38] recalculating facets...
I  372.06] Elapsed: 6:12, vertices: 1538, facets final: 45877, pending: 0

--------------------------------
Problem completed
 name                    1.vlp
 output                  vlp/1.res
 rows, cols, objs        14, 1594, 10
 vertices, facets        1538, 45877
 total time              6:12
--------------------------------
Statistics
LP:
 oracle calls            48052
   avg iterations/calls  4.93
 total oracle time       1:13
Combinatorics:
 vertices added          1538
 facets probed           54707
 facets # max            45916
 memory allocated        28.06M
 storage expansion
   vertices # / upto     13 / 1660
   facets   # / upto     12 / 49148
 facet manipulating
   added avg / max       149.52 / 2.72k
   compressed            123
 number of ridge tests
   avg / max             2.42M / 31.89M
--------------------------------
Parameters with non-default values
 VertexPoolSize = 100
