C maximal rule for r=c:ab;s=a:bdr; ar,br,cr,dr; a,b,cr,d
I    5.30] Elapsed: 5.30, vertices: 31, facets final: 3615, pending: 65864, pool: 3
I   10.30] Elapsed: 10.30, vertices: 33, facets final: 6088, pending: 46399, pool: 3
I   15.30] Elapsed: 15.30, vertices: 35, facets final: 19206, pending: 34681, pool: 2
I   52.85] Elapsed: 52.85, vertices: 37, facets final: 24908, pending: 90192, pool: 3
I   66.31] Elapsed: 1:06, vertices: 38, facets final: 24911, pending: 95053, pool: 3
I   73.15] Elapsed: 1:13, vertices: 39, facets final: 24917, pending: 88135, pool: 3
I   79.11] Elapsed: 1:19, vertices: 41, facets final: 24961, pending: 75419, pool: 4
I   85.86] Elapsed: 1:26, vertices: 44, facets final: 25280, pending: 76312, pool: 3
I   90.86] Elapsed: 1:31, vertices: 45, facets final: 34293, pending: 67043, pool: 3
I   95.86] Elapsed: 1:36, vertices: 46, facets final: 47020, pending: 54452, pool: 3
I  100.86] Elapsed: 1:41, vertices: 46, facets final: 59914, pending: 41558
I  105.86] Elapsed: 1:46, vertices: 46, facets final: 72888, pending: 28584
I  110.86] Elapsed: 1:51, vertices: 46, facets final: 86014, pending: 15458
I  115.86] Elapsed: 1:56, vertices: 46, facets final: 100273, pending: 1199
I  120.86] Elapsed: 2:01, vertices: 47, facets final: 104494, pending: 91961, pool: 3
I  125.86] Elapsed: 2:06, vertices: 47, facets final: 117056, pending: 79399
I  130.86] Elapsed: 2:11, vertices: 47, facets final: 130359, pending: 66096
I  135.86] Elapsed: 2:16, vertices: 47, facets final: 144746, pending: 51709
I  140.86] Elapsed: 2:21, vertices: 47, facets final: 159358, pending: 37097
I  145.86] Elapsed: 2:26, vertices: 47, facets final: 175532, pending: 20923
I  150.86] Elapsed: 2:31, vertices: 47, facets final: 192582, pending: 3873
I  169.37] Elapsed: 2:49, vertices: 48, facets final: 196450, pending: 186762, pool: 2
I  208.47] Elapsed: 3:28, vertices: 49, facets final: 196689, pending: 235611, pool: 2
I  323.06] Elapsed: 5:23, vertices: 50, facets final: 196697, pending: 216147, pool: 3
I  358.69] Elapsed: 5:59, vertices: 51, facets final: 196698, pending: 186450, pool: 2
I  363.69] Elapsed: 6:04, vertices: 51, facets final: 209856, pending: 173292
I  415.80] Elapsed: 6:56, vertices: 52, facets final: 219599, pending: 520994, pool: 1
I  420.80] Elapsed: 7:01, vertices: 52, facets final: 232316, pending: 508277
I  425.80] Elapsed: 7:06, vertices: 52, facets final: 245649, pending: 494944
I  430.80] Elapsed: 7:11, vertices: 52, facets final: 259255, pending: 481338
I  435.80] Elapsed: 7:16, vertices: 52, facets final: 272723, pending: 467870
I  440.80] Elapsed: 7:21, vertices: 52, facets final: 286002, pending: 454591
I  445.80] Elapsed: 7:26, vertices: 52, facets final: 299507, pending: 441086
I  450.80] Elapsed: 7:31, vertices: 52, facets final: 313147, pending: 427446
I  455.80] Elapsed: 7:36, vertices: 52, facets final: 326551, pending: 414042
I  460.80] Elapsed: 7:41, vertices: 52, facets final: 339877, pending: 400716
I  465.80] Elapsed: 7:46, vertices: 52, facets final: 353110, pending: 387483
I  470.80] Elapsed: 7:51, vertices: 52, facets final: 366508, pending: 374085
I  475.80] Elapsed: 7:56, vertices: 52, facets final: 379873, pending: 360720
I  480.80] Elapsed: 8:01, vertices: 52, facets final: 392894, pending: 347699
I  485.80] Elapsed: 8:06, vertices: 52, facets final: 405343, pending: 335250
I  490.80] Elapsed: 8:11, vertices: 52, facets final: 417783, pending: 322810
I  495.80] Elapsed: 8:16, vertices: 52, facets final: 430307, pending: 310286
I  500.80] Elapsed: 8:21, vertices: 52, facets final: 443732, pending: 296861
I  505.80] Elapsed: 8:26, vertices: 52, facets final: 457353, pending: 283240
I  510.80] Elapsed: 8:31, vertices: 52, facets final: 470765, pending: 269828
I  515.80] Elapsed: 8:36, vertices: 52, facets final: 484347, pending: 256246
I  520.80] Elapsed: 8:41, vertices: 52, facets final: 498412, pending: 242181
I  525.80] Elapsed: 8:46, vertices: 52, facets final: 512331, pending: 228262
I  530.80] Elapsed: 8:51, vertices: 52, facets final: 526189, pending: 214404
I  535.80] Elapsed: 8:56, vertices: 52, facets final: 539305, pending: 201288
I  540.80] Elapsed: 9:01, vertices: 52, facets final: 553434, pending: 187159
I  545.80] Elapsed: 9:06, vertices: 52, facets final: 567852, pending: 172741
I  550.80] Elapsed: 9:11, vertices: 52, facets final: 581047, pending: 159546
I  555.80] Elapsed: 9:16, vertices: 52, facets final: 595371, pending: 145222
I  560.80] Elapsed: 9:21, vertices: 52, facets final: 609399, pending: 131194
I  565.80] Elapsed: 9:26, vertices: 52, facets final: 621966, pending: 118627
I  570.80] Elapsed: 9:31, vertices: 52, facets final: 635731, pending: 104862
I  575.80] Elapsed: 9:36, vertices: 52, facets final: 650779, pending: 89814
I  580.80] Elapsed: 9:41, vertices: 52, facets final: 665823, pending: 74770
I  585.80] Elapsed: 9:46, vertices: 52, facets final: 680663, pending: 59930
I  590.80] Elapsed: 9:51, vertices: 52, facets final: 696977, pending: 43616
I  595.80] Elapsed: 9:56, vertices: 52, facets final: 711004, pending: 29589
I  600.80] Elapsed: 10:01, vertices: 52, facets final: 726595, pending: 13998
I  604.78] Elapsed: 10:05, vertices: 52, facets final: 740593, pending: 0

--------------------------------
Problem completed
 name                    26.vlp
 output                  vlp/26.res
 rows, cols, objs        42, 218, 27
 vertices, facets        52, 740593
 total time              10:05
--------------------------------
Statistics
LP:
 oracle calls            740673
   avg iterations/calls  15.10
 total oracle time       4:24
Combinatorics:
 vertices added          52
 facets probed           741071
 facets # max            740594
 memory allocated        292.38M
 storage expansion
   vertices # / upto     1 / 124
   facets   # / upto     16 / 741372
 facet manipulating
   added avg / max       18.82k / 357.45k
   compressed            24
 number of ridge tests
   avg / max             569.25M / 10.90G
--------------------------------
Parameters with non-default values
 VertexPoolSize = 100
