C maximal rule for r=a:bc;s=a:bdr; ar,br,c,dr
I    5.00] Elapsed: 5.00, vertices: 79, facets final: 4319, pending: 19478
I   10.00] Elapsed: 10.00, vertices: 88, facets final: 17958, pending: 5845
I   11.96] Elapsed: 11.96, vertices: 88, facets final: 23803, pending: 0

--------------------------------
Problem completed
 name                    02.vlp
 output                  vlp/02.res
 rows, cols, objs        43, 213, 22
 vertices, facets        88, 23803
 total time              11.96
--------------------------------
Statistics
LP:
 oracle calls            23891
   avg iterations/calls  16.55
 total oracle time       8.27
Combinatorics:
 vertices added          88
 facets probed           23891
 facets # max            27238
 memory allocated        11.48M
 storage expansion
   vertices # / upto     1 / 124
   facets   # / upto     6 / 28668
 facet manipulating
   added avg / max       672.09 / 9.20k
   compressed            16
 number of ridge tests
   avg / max             6.88M / 70.44M
