C maximal rule for rs=cd:ab; a,b,cr,d
I    5.25] Elapsed: 5.25, vertices: 50, facets final: 3079, pending: 14759
I   10.25] Elapsed: 10.25, vertices: 63, facets final: 11570, pending: 21153
I   15.25] Elapsed: 15.25, vertices: 69, facets final: 19434, pending: 15541
I   20.25] Elapsed: 20.25, vertices: 78, facets final: 33891, pending: 1688
I   20.81] Elapsed: 20.81, vertices: 82, facets final: 35596, pending: 0

--------------------------------
Problem completed
 name                    25.vlp
 output                  rules/vlp/25.res
 rows, cols, objs        30, 139, 22
 vertices, facets        82, 35596
 total time              20.81
--------------------------------
Statistics
LP:
 oracle calls            46236
   avg iterations/calls  19.60
 total oracle time       13.73
Combinatorics:
 vertices added          82
 facets probed           46878
 facets # max            38812
 memory allocated        15.92M
 storage expansion
   vertices # / upto     1 / 124
   facets   # / upto     8 / 40956
 facet manipulating
   added avg / max       1.33k / 16.07k
   compressed            18
 number of ridge tests
   avg / max             10.54M / 127.72M
--------------------------------
Parameters with non-default values
 VertexPoolSize = 200
