C maximal rule for r=c:ab;s=(ar):bc; a,s,c,d
I    7.73] Elapsed: 7.73, vertices: 26, facets final: 1551, pending: 18302
I   12.73] Elapsed: 12.73, vertices: 29, facets final: 2874, pending: 16683
I   17.74] Elapsed: 17.74, vertices: 32, facets final: 5525, pending: 11899
I   22.74] Elapsed: 22.74, vertices: 33, facets final: 9308, pending: 9252
I   34.71] Elapsed: 34.71, vertices: 36, facets final: 12015, pending: 24248
I   39.71] Elapsed: 39.71, vertices: 37, facets final: 12263, pending: 16428
I   47.16] Elapsed: 47.16, vertices: 40, facets final: 12649, pending: 19017
I   52.16] Elapsed: 52.16, vertices: 42, facets final: 13175, pending: 15719
I   60.64] Elapsed: 1:01, vertices: 46, facets final: 13966, pending: 26834
I   69.32] Elapsed: 1:09, vertices: 47, facets final: 14076, pending: 35924
I   77.58] Elapsed: 1:18, vertices: 48, facets final: 14267, pending: 37485
I   82.69] Elapsed: 1:23, vertices: 49, facets final: 14445, pending: 35547
I   88.24] Elapsed: 1:28, vertices: 51, facets final: 14899, pending: 31573
I   93.32] Elapsed: 1:33, vertices: 53, facets final: 15457, pending: 29489
I   98.32] Elapsed: 1:38, vertices: 55, facets final: 16539, pending: 30577
I  103.90] Elapsed: 1:44, vertices: 58, facets final: 17459, pending: 28855
I  108.90] Elapsed: 1:49, vertices: 60, facets final: 18583, pending: 28679
I  113.90] Elapsed: 1:54, vertices: 63, facets final: 19801, pending: 26349
I  118.90] Elapsed: 1:59, vertices: 66, facets final: 21395, pending: 25587
I  123.99] Elapsed: 2:04, vertices: 69, facets final: 22569, pending: 20285
I  128.99] Elapsed: 2:09, vertices: 72, facets final: 24503, pending: 18735
I  133.99] Elapsed: 2:14, vertices: 76, facets final: 26321, pending: 15253
I  139.10] Elapsed: 2:19, vertices: 80, facets final: 28054, pending: 13904
I  144.10] Elapsed: 2:24, vertices: 85, facets final: 29724, pending: 11210
I  149.10] Elapsed: 2:29, vertices: 91, facets final: 31680, pending: 8102
I  154.10] Elapsed: 2:34, vertices: 97, facets final: 34430, pending: 4712
I  158.65] Elapsed: 2:39, vertices: 97, facets final: 39142, pending: 0

--------------------------------
Problem completed
 name                    35.vlp
 output                  rules/vlp/35.res
 rows, cols, objs        42, 227, 22
 vertices, facets        97, 39142
 total time              2:39
--------------------------------
Statistics
LP:
 oracle calls            52709
   avg iterations/calls  26.76
 total oracle time       1:04
Combinatorics:
 vertices added          97
 facets probed           52753
 facets # max            51753
 memory allocated        16.26M
 storage expansion
   vertices # / upto     1 / 124
   facets   # / upto     8 / 53244
 facet manipulating
   added avg / max       1.96k / 16.59k
   compressed            22
 number of ridge tests
   avg / max             39.35M / 235.43M
--------------------------------
Parameters with non-default values
 VertexPoolSize = 200
