C maximal rule for r=c:ab;s=r:ad; a,b,c,s
I    5.19] Elapsed: 5.19, vertices: 54, facets final: 247, pending: 14467, pool: 8
I   10.19] Elapsed: 10.19, vertices: 92, facets final: 2753, pending: 9799, pool: 2
I   15.19] Elapsed: 15.19, vertices: 93, facets final: 7797, pending: 4753, pool: 2
I   20.19] Elapsed: 20.19, vertices: 94, facets final: 12548, pending: 12416, pool: 1
I   25.19] Elapsed: 25.19, vertices: 94, facets final: 17652, pending: 7312
I   30.19] Elapsed: 30.19, vertices: 94, facets final: 23277, pending: 1687
I   37.20] Elapsed: 37.20, vertices: 96, facets final: 24960, pending: 5585, pool: 6
I   42.21] Elapsed: 42.21, vertices: 98, facets final: 24960, pending: 5159, pool: 6
I   48.48] Elapsed: 48.48, vertices: 101, facets final: 24963, pending: 5828, pool: 5
I   56.12] Elapsed: 56.12, vertices: 107, facets final: 24967, pending: 5034, pool: 7
I   61.16] Elapsed: 1:01, vertices: 118, facets final: 24980, pending: 3935, pool: 2
I   64.00] Elapsed: 1:04, vertices: 122, facets final: 28177, pending: 0

--------------------------------
Problem completed
 name                    37.vlp
 output                  vlp/37.res
 rows, cols, objs        42, 220, 22
 vertices, facets        122, 28177
 total time              1:04
--------------------------------
Statistics
LP:
 oracle calls            28398
   avg iterations/calls  18.46
 total oracle time       26.28
Combinatorics:
 vertices added          122
 facets probed           28900
 facets # max            32104
 memory allocated        12.75M
 storage expansion
   vertices # / upto     2 / 252
   facets   # / upto     6 / 32764
 facet manipulating
   added avg / max       790.11 / 12.42k
   compressed            25
 number of ridge tests
   avg / max             7.82M / 56.04M
--------------------------------
Parameters with non-default values
 VertexPoolSize=100
