C maximal rule for r=a:bc;s=b:adr; a,b,r,d
I    5.00] Elapsed: 5.00, vertices: 88, facets final: 7340, pending: 11889
I   10.00] Elapsed: 10.00, vertices: 89, facets final: 21073, pending: 17362
I   15.68] Elapsed: 15.68, vertices: 91, facets final: 34868, pending: 10939
I   22.69] Elapsed: 22.69, vertices: 94, facets final: 34878, pending: 26980
I   29.12] Elapsed: 29.12, vertices: 95, facets final: 34881, pending: 21699
I   34.90] Elapsed: 34.90, vertices: 97, facets final: 34881, pending: 16001
I   37.73] recalculating facets...
I   40.34] Elapsed: 40.34, vertices: 105, facets final: 34921, pending: 6981
I   42.66] Elapsed: 42.66, vertices: 109, facets final: 40494, pending: 0

--------------------------------
Problem completed
 name                    44.vlp
 output                  vlp/44.res
 rows, cols, objs        42, 213, 22
 vertices, facets        109, 40494
 total time              42.66
--------------------------------
Statistics
LP:
 oracle calls            40603
   avg iterations/calls  15.84
 total oracle time       13.61
Combinatorics:
 vertices added          109
 facets probed           40603
 facets # max            61859
 memory allocated        23.87M
 storage expansion
   vertices # / upto     2 / 252
   facets   # / upto     10 / 65532
 facet manipulating
   added avg / max       1.33k / 19.21k
   compressed            20
 number of ridge tests
   avg / max             33.80M / 625.63M
