C maximal rule for r=c:ab;s=b:adr; ar,br,c,dr; ar,br,d,cr (merged)
I    5.00] Elapsed: 5.00, vertices: 48, facets final: 2574, pending: 5834
I   10.59] Elapsed: 10.59, vertices: 58, facets final: 4412, pending: 26489
I   15.62] Elapsed: 15.62, vertices: 66, facets final: 5119, pending: 25115
I   20.62] Elapsed: 20.62, vertices: 77, facets final: 6823, pending: 16832
I   25.62] Elapsed: 25.62, vertices: 91, facets final: 10636, pending: 10102
I   29.91] recalculating facets...
I   30.62] Elapsed: 30.62, vertices: 102, facets final: 14609, pending: 9891
I   35.65] Elapsed: 35.65, vertices: 117, facets final: 16652, pending: 8984
I   40.65] Elapsed: 40.65, vertices: 136, facets final: 20026, pending: 4410
I   45.98] Elapsed: 45.98, vertices: 159, facets final: 23136, pending: 3506
I   52.45] Elapsed: 52.45, vertices: 184, facets final: 24921, pending: 7255
I   57.48] Elapsed: 57.48, vertices: 193, facets final: 25230, pending: 5546
I   58.89] recalculating facets...
I   62.48] Elapsed: 1:02, vertices: 230, facets final: 27470, pending: 19361
I   73.39] Elapsed: 1:13, vertices: 232, facets final: 34200, pending: 15389
I   78.98] Elapsed: 1:19, vertices: 234, facets final: 34640, pending: 20676
I   84.07] Elapsed: 1:24, vertices: 238, facets final: 34907, pending: 17404
I   89.07] Elapsed: 1:29, vertices: 246, facets final: 35417, pending: 16526
I   94.07] Elapsed: 1:34, vertices: 253, facets final: 40307, pending: 8127
I   99.08] Elapsed: 1:39, vertices: 262, facets final: 46834, pending: 209
I   99.40] Elapsed: 1:39, vertices: 267, facets final: 46856, pending: 0

--------------------------------
Problem completed
 name                    52b.vlp
 output                  rules/vlp/52b.res
 rows, cols, objs        43, 213, 22
 vertices, facets        267, 46856
 total time              1:39
--------------------------------
Statistics
LP:
 oracle calls            83339
   avg iterations/calls  25.08
 total oracle time       39.94
Combinatorics:
 vertices added          267
 facets probed           85838
 facets # max            55633
 memory allocated        24.15M
 storage expansion
   vertices # / upto     3 / 380
   facets   # / upto     10 / 57340
 facet manipulating
   added avg / max       1.20k / 20.06k
   compressed            45
 number of ridge tests
   avg / max             24.97M / 192.33M
--------------------------------
Parameters with non-default values
 VertexPoolSize = 200
