C applying rule 14 for ineq2rule.txt
I    5.21] Elapsed: 5.21, vertices: 36, facets final: 122, pending: 127
I   10.44] Elapsed: 10.44, vertices: 50, facets final: 202, pending: 150
I   15.44] Elapsed: 15.44, vertices: 63, facets final: 280, pending: 206
I   20.45] Elapsed: 20.45, vertices: 76, facets final: 356, pending: 182
I   25.48] Elapsed: 25.48, vertices: 89, facets final: 445, pending: 164
I   30.40] recalculating facets...
I   30.51] Elapsed: 30.51, vertices: 101, facets final: 508, pending: 132
I   35.57] Elapsed: 35.57, vertices: 112, facets final: 575, pending: 97
I   40.57] Elapsed: 40.57, vertices: 124, facets final: 627, pending: 85
I   45.58] Elapsed: 45.58, vertices: 136, facets final: 689, pending: 51
I   50.65] Elapsed: 50.65, vertices: 156, facets final: 773, pending: 20
I   53.16] Elapsed: 53.16, vertices: 161, facets final: 795, pending: 0

--------------------------------
Problem completed
 name                    r14.vlp
 output                  rules/vlp/r14.res
 rows, cols, objs        12, 2353, 10
 vertices, facets        161, 795
 total time              53.16
--------------------------------
Statistics
LP:
 oracle calls            14300
   avg iterations/calls  3.68
 total oracle time       52.81
Combinatorics:
 vertices added          161
 facets probed           23539
 facets # max            796
 memory allocated        1.69M
 storage expansion
   vertices # / upto     2 / 252
   facets   # / upto     1 / 4092
 facet manipulating
   added avg / max       12.20 / 41.00
   compressed            0
 number of ridge tests
   avg / max             2.79k / 6.97k
--------------------------------
Parameters with non-default values
 VertexPoolSize = 200
