C applying rule 17 for ineq2rule.txt
I    5.11] Elapsed: 5.11, vertices: 37, facets final: 18, pending: 2756
I   10.14] Elapsed: 10.14, vertices: 81, facets final: 29, pending: 10713
I   13.77] recalculating facets...
I   15.22] Elapsed: 15.22, vertices: 106, facets final: 34, pending: 15374
I   20.25] Elapsed: 20.25, vertices: 125, facets final: 35, pending: 17602
I   25.59] Elapsed: 25.59, vertices: 143, facets final: 44, pending: 20326
I   30.64] Elapsed: 30.64, vertices: 158, facets final: 52, pending: 21254
I   35.75] Elapsed: 35.75, vertices: 174, facets final: 64, pending: 21956
I   40.85] Elapsed: 40.85, vertices: 190, facets final: 73, pending: 23461
I   44.10] recalculating facets...
I   46.05] Elapsed: 46.05, vertices: 206, facets final: 82, pending: 22604
I   51.07] Elapsed: 51.07, vertices: 222, facets final: 116, pending: 22920
I   56.13] Elapsed: 56.13, vertices: 240, facets final: 148, pending: 23156
I   61.17] Elapsed: 1:01, vertices: 256, facets final: 176, pending: 23958
I   66.22] Elapsed: 1:06, vertices: 272, facets final: 190, pending: 23884
I   71.25] Elapsed: 1:11, vertices: 288, facets final: 210, pending: 23736
I   75.08] recalculating facets...
I   76.31] Elapsed: 1:16, vertices: 304, facets final: 249, pending: 23345
I   81.42] Elapsed: 1:21, vertices: 321, facets final: 305, pending: 24118
I   86.57] Elapsed: 1:27, vertices: 338, facets final: 346, pending: 24342
I   91.73] Elapsed: 1:32, vertices: 354, facets final: 396, pending: 23584
I   96.75] Elapsed: 1:37, vertices: 371, facets final: 470, pending: 23833
I  101.91] Elapsed: 1:42, vertices: 386, facets final: 554, pending: 23849
I  106.36] recalculating facets...
I  107.09] Elapsed: 1:47, vertices: 402, facets final: 623, pending: 23995
I  112.17] Elapsed: 1:52, vertices: 418, facets final: 704, pending: 23946
I  117.19] Elapsed: 1:57, vertices: 435, facets final: 788, pending: 24445
I  122.19] Elapsed: 2:02, vertices: 450, facets final: 886, pending: 24431
I  127.24] Elapsed: 2:07, vertices: 467, facets final: 982, pending: 24606
I  132.37] Elapsed: 2:12, vertices: 483, facets final: 1070, pending: 24678
I  137.52] Elapsed: 2:18, vertices: 499, facets final: 1185, pending: 24625
I  137.97] recalculating facets...
I  142.53] Elapsed: 2:23, vertices: 514, facets final: 1289, pending: 24479
I  147.57] Elapsed: 2:28, vertices: 530, facets final: 1446, pending: 24450
I  152.57] Elapsed: 2:33, vertices: 544, facets final: 1600, pending: 24480
I  157.57] Elapsed: 2:38, vertices: 559, facets final: 1817, pending: 24298
I  162.65] Elapsed: 2:43, vertices: 574, facets final: 2002, pending: 24406
I  167.65] Elapsed: 2:48, vertices: 588, facets final: 2247, pending: 24102
I  171.60] recalculating facets...
I  172.65] Elapsed: 2:53, vertices: 603, facets final: 2423, pending: 24168
I  177.66] Elapsed: 2:58, vertices: 618, facets final: 2617, pending: 23859
I  182.77] Elapsed: 3:03, vertices: 632, facets final: 2870, pending: 23645
I  187.86] Elapsed: 3:08, vertices: 646, facets final: 3136, pending: 23605
I  193.07] Elapsed: 3:13, vertices: 660, facets final: 3417, pending: 23568
I  198.07] Elapsed: 3:18, vertices: 674, facets final: 3695, pending: 23288
I  203.08] Elapsed: 3:23, vertices: 686, facets final: 4117, pending: 22886
I  208.17] Elapsed: 3:28, vertices: 696, facets final: 4582, pending: 22355
I  210.46] recalculating facets...
I  213.33] Elapsed: 3:33, vertices: 707, facets final: 5042, pending: 21887
I  218.33] Elapsed: 3:38, vertices: 717, facets final: 5614, pending: 21272
I  223.33] Elapsed: 3:43, vertices: 727, facets final: 6070, pending: 20724
I  228.37] Elapsed: 3:48, vertices: 738, facets final: 6534, pending: 20267
I  233.37] Elapsed: 3:53, vertices: 747, facets final: 7106, pending: 19630
I  238.37] Elapsed: 3:58, vertices: 756, facets final: 7675, pending: 19062
I  243.37] Elapsed: 4:03, vertices: 764, facets final: 8319, pending: 18480
I  248.52] Elapsed: 4:09, vertices: 771, facets final: 9051, pending: 17801
I  253.63] Elapsed: 4:14, vertices: 778, facets final: 9761, pending: 17081
I  258.63] Elapsed: 4:19, vertices: 784, facets final: 10496, pending: 16285
I  263.63] Elapsed: 4:24, vertices: 791, facets final: 11183, pending: 15586
I  268.74] Elapsed: 4:29, vertices: 797, facets final: 11946, pending: 14895
I  272.49] recalculating facets...
I  273.82] Elapsed: 4:34, vertices: 802, facets final: 12734, pending: 14110
I  278.82] Elapsed: 4:39, vertices: 807, facets final: 13508, pending: 13415
I  283.82] Elapsed: 4:44, vertices: 812, facets final: 14298, pending: 12613
I  288.91] Elapsed: 4:49, vertices: 817, facets final: 15119, pending: 11775
I  293.91] Elapsed: 4:54, vertices: 821, facets final: 15951, pending: 11022
I  298.91] Elapsed: 4:59, vertices: 826, facets final: 16747, pending: 10173
I  303.91] Elapsed: 5:04, vertices: 830, facets final: 17572, pending: 9357
I  309.00] Elapsed: 5:09, vertices: 836, facets final: 18309, pending: 8587
I  314.00] Elapsed: 5:14, vertices: 841, facets final: 19107, pending: 7844
I  319.00] Elapsed: 5:19, vertices: 846, facets final: 19816, pending: 7107
I  324.01] Elapsed: 5:24, vertices: 851, facets final: 20556, pending: 6356
I  329.16] Elapsed: 5:29, vertices: 857, facets final: 21239, pending: 5648
I  334.16] Elapsed: 5:34, vertices: 862, facets final: 21938, pending: 5041
I  339.16] Elapsed: 5:39, vertices: 867, facets final: 22627, pending: 4381
I  344.31] Elapsed: 5:44, vertices: 874, facets final: 23221, pending: 3767
I  349.31] Elapsed: 5:49, vertices: 881, facets final: 23738, pending: 3248
I  354.31] Elapsed: 5:54, vertices: 888, facets final: 24115, pending: 2951
I  359.35] Elapsed: 5:59, vertices: 896, facets final: 24449, pending: 2629
I  362.44] recalculating facets...
I  364.36] Elapsed: 6:04, vertices: 903, facets final: 24758, pending: 2289
I  369.37] Elapsed: 6:09, vertices: 911, facets final: 25001, pending: 2133
I  374.41] Elapsed: 6:14, vertices: 920, facets final: 25214, pending: 1922
I  379.41] Elapsed: 6:19, vertices: 926, facets final: 25622, pending: 1523
I  384.50] Elapsed: 6:25, vertices: 934, facets final: 25858, pending: 1385
I  389.52] Elapsed: 6:30, vertices: 942, facets final: 26014, pending: 1203
I  394.53] Elapsed: 6:35, vertices: 950, facets final: 26163, pending: 1108
I  399.54] Elapsed: 6:40, vertices: 958, facets final: 26295, pending: 980
I  404.55] Elapsed: 6:45, vertices: 966, facets final: 26407, pending: 867
I  409.56] Elapsed: 6:50, vertices: 974, facets final: 26520, pending: 772
I  414.56] Elapsed: 6:55, vertices: 983, facets final: 26603, pending: 693
I  419.65] Elapsed: 7:00, vertices: 993, facets final: 26683, pending: 654
I  423.30] recalculating facets...
I  424.75] Elapsed: 7:05, vertices: 1003, facets final: 26774, pending: 572
I  429.75] Elapsed: 7:10, vertices: 1013, facets final: 26847, pending: 509
I  434.80] Elapsed: 7:15, vertices: 1024, facets final: 26957, pending: 430
I  437.34] Elapsed: 7:17, vertices: 1040, facets final: 27401, pending: 0

--------------------------------
Problem completed
 name                    r17.vlp
 output                  rules/vlp/r17.res
 rows, cols, objs        12, 2392, 10
 vertices, facets        1040, 27401
 total time              7:17
--------------------------------
Statistics
LP:
 oracle calls            49318
   avg iterations/calls  5.91
 total oracle time       3:24
Combinatorics:
 vertices added          1040
 facets probed           57200
 facets # max            27402
 memory allocated        13.21M
 storage expansion
   vertices # / upto     9 / 1148
   facets   # / upto     7 / 28668
 facet manipulating
   added avg / max       179.15 / 2.44k
   compressed            108
 number of ridge tests
   avg / max             2.81M / 29.82M
--------------------------------
Parameters with non-default values
 VertexPoolSize = 200
