C applying rule 18 for ineq2rule.txt
I    5.00] Elapsed: 5.00, vertices: 63, facets final: 23, pending: 2522
I    6.28] recalculating facets...
I   10.01] Elapsed: 10.01, vertices: 173, facets final: 49, pending: 5949
I   11.77] recalculating facets...
I   15.02] Elapsed: 15.02, vertices: 246, facets final: 73, pending: 6756
I   19.00] recalculating facets...
I   20.05] Elapsed: 20.05, vertices: 314, facets final: 96, pending: 7345
I   25.05] Elapsed: 25.05, vertices: 379, facets final: 131, pending: 7478
I   26.82] recalculating facets...
I   30.07] Elapsed: 30.07, vertices: 440, facets final: 168, pending: 7844
I   35.11] Elapsed: 35.11, vertices: 497, facets final: 198, pending: 8236
I   35.44] recalculating facets...
I   40.12] Elapsed: 40.12, vertices: 544, facets final: 232, pending: 8601
I   45.16] Elapsed: 45.16, vertices: 590, facets final: 270, pending: 9270
I   46.30] recalculating facets...
I   50.16] Elapsed: 50.16, vertices: 634, facets final: 302, pending: 9629
I   55.23] Elapsed: 55.23, vertices: 678, facets final: 333, pending: 10108
I   57.95] recalculating facets...
I   60.28] Elapsed: 1:00, vertices: 719, facets final: 356, pending: 10365
I   65.30] Elapsed: 1:05, vertices: 762, facets final: 381, pending: 10710
I   70.12] recalculating facets...
I   70.33] Elapsed: 1:10, vertices: 802, facets final: 427, pending: 11042
I   75.38] Elapsed: 1:15, vertices: 841, facets final: 461, pending: 11230
I   80.39] Elapsed: 1:20, vertices: 881, facets final: 499, pending: 11499
I   82.96] recalculating facets...
I   85.39] Elapsed: 1:25, vertices: 917, facets final: 532, pending: 11715
I   90.41] Elapsed: 1:30, vertices: 955, facets final: 567, pending: 11818
I   95.53] Elapsed: 1:36, vertices: 989, facets final: 587, pending: 11775
I   97.19] recalculating facets...
I  100.63] Elapsed: 1:41, vertices: 1022, facets final: 620, pending: 11870
I  105.68] Elapsed: 1:46, vertices: 1059, facets final: 662, pending: 11838
I  110.79] Elapsed: 1:51, vertices: 1089, facets final: 702, pending: 12063
I  112.52] recalculating facets...
I  115.79] Elapsed: 1:56, vertices: 1123, facets final: 741, pending: 12146
I  120.83] Elapsed: 2:01, vertices: 1156, facets final: 782, pending: 12052
I  125.84] Elapsed: 2:06, vertices: 1186, facets final: 811, pending: 12147
I  127.82] recalculating facets...
I  130.90] Elapsed: 2:11, vertices: 1221, facets final: 840, pending: 11996
I  136.01] Elapsed: 2:16, vertices: 1256, facets final: 865, pending: 11872
I  141.07] Elapsed: 2:21, vertices: 1288, facets final: 916, pending: 11894
I  143.07] recalculating facets...
I  146.08] Elapsed: 2:26, vertices: 1322, facets final: 959, pending: 11791
I  151.08] Elapsed: 2:31, vertices: 1357, facets final: 1020, pending: 11662
I  156.12] Elapsed: 2:36, vertices: 1390, facets final: 1064, pending: 11581
I  157.65] recalculating facets...
I  161.23] Elapsed: 2:41, vertices: 1422, facets final: 1126, pending: 11432
I  166.29] Elapsed: 2:46, vertices: 1456, facets final: 1181, pending: 11462
I  171.30] Elapsed: 2:51, vertices: 1491, facets final: 1260, pending: 11257
I  172.59] recalculating facets...
I  176.35] Elapsed: 2:56, vertices: 1526, facets final: 1303, pending: 11222
I  181.37] Elapsed: 3:01, vertices: 1559, facets final: 1372, pending: 11042
I  186.37] Elapsed: 3:06, vertices: 1591, facets final: 1443, pending: 10820
I  187.79] recalculating facets...
I  191.47] Elapsed: 3:11, vertices: 1624, facets final: 1519, pending: 10622
I  196.49] Elapsed: 3:16, vertices: 1660, facets final: 1613, pending: 10476
I  201.49] Elapsed: 3:21, vertices: 1696, facets final: 1701, pending: 10448
I  202.12] recalculating facets...
I  206.56] Elapsed: 3:27, vertices: 1731, facets final: 1778, pending: 10424
I  211.63] Elapsed: 3:32, vertices: 1766, facets final: 1868, pending: 10207
I  216.65] Elapsed: 3:37, vertices: 1799, facets final: 1995, pending: 10008
I  216.80] recalculating facets...
I  221.65] Elapsed: 3:42, vertices: 1833, facets final: 2066, pending: 9896
I  226.65] Elapsed: 3:47, vertices: 1867, facets final: 2147, pending: 9681
I  231.74] Elapsed: 3:52, vertices: 1900, facets final: 2262, pending: 9429
I  231.75] recalculating facets...
I  236.74] Elapsed: 3:57, vertices: 1932, facets final: 2365, pending: 9124
I  241.79] Elapsed: 4:02, vertices: 1967, facets final: 2475, pending: 8983
I  245.89] recalculating facets...
I  246.87] Elapsed: 4:07, vertices: 2008, facets final: 2611, pending: 8722
I  251.87] Elapsed: 4:12, vertices: 2048, facets final: 2756, pending: 8520
I  256.87] Elapsed: 4:17, vertices: 2083, facets final: 2988, pending: 8250
I  259.20] recalculating facets...
I  261.95] Elapsed: 4:22, vertices: 2119, facets final: 3206, pending: 8015
I  266.95] Elapsed: 4:27, vertices: 2152, facets final: 3475, pending: 7705
I  272.03] Elapsed: 4:32, vertices: 2185, facets final: 3752, pending: 7451
I  274.13] recalculating facets...
I  277.07] Elapsed: 4:37, vertices: 2220, facets final: 3955, pending: 7172
I  282.14] Elapsed: 4:42, vertices: 2251, facets final: 4267, pending: 6852
I  287.16] Elapsed: 4:47, vertices: 2284, facets final: 4523, pending: 6602
I  290.21] recalculating facets...
I  292.22] Elapsed: 4:52, vertices: 2312, facets final: 4899, pending: 6147
I  297.30] Elapsed: 4:57, vertices: 2342, facets final: 5247, pending: 5751
I  302.36] Elapsed: 5:02, vertices: 2368, facets final: 5690, pending: 5298
I  307.36] Elapsed: 5:07, vertices: 2396, facets final: 6065, pending: 4898
I  308.15] recalculating facets...
I  312.45] Elapsed: 5:12, vertices: 2425, facets final: 6408, pending: 4539
I  317.45] Elapsed: 5:17, vertices: 2450, facets final: 6850, pending: 4089
I  322.55] Elapsed: 5:23, vertices: 2473, facets final: 7367, pending: 3546
I  327.60] Elapsed: 5:28, vertices: 2497, facets final: 7846, pending: 3033
I  328.53] recalculating facets...
I  332.62] Elapsed: 5:33, vertices: 2522, facets final: 8286, pending: 2580
I  337.70] Elapsed: 5:38, vertices: 2547, facets final: 8734, pending: 2125
I  342.70] Elapsed: 5:43, vertices: 2571, facets final: 9163, pending: 1688
I  347.70] Elapsed: 5:48, vertices: 2593, facets final: 9615, pending: 1210
I  349.15] recalculating facets...
I  352.70] Elapsed: 5:53, vertices: 2618, facets final: 9895, pending: 929
I  357.76] Elapsed: 5:58, vertices: 2646, facets final: 10113, pending: 698
I  362.81] Elapsed: 6:03, vertices: 2675, facets final: 10260, pending: 512
I  367.24] recalculating facets...
I  367.85] Elapsed: 6:08, vertices: 2704, facets final: 10394, pending: 386
I  372.96] Elapsed: 6:13, vertices: 2738, facets final: 10479, pending: 289
I  377.97] Elapsed: 6:18, vertices: 2772, facets final: 10562, pending: 200
I  382.33] recalculating facets...
I  382.99] Elapsed: 6:23, vertices: 2804, facets final: 10620, pending: 158
I  388.01] Elapsed: 6:28, vertices: 2833, facets final: 10663, pending: 118
I  393.10] Elapsed: 6:33, vertices: 2879, facets final: 10738, pending: 54
I  397.85] recalculating facets...
I  398.11] Elapsed: 6:38, vertices: 2901, facets final: 10771, pending: 8
I  401.86] Elapsed: 6:42, vertices: 2910, facets final: 10771, pending: 0

--------------------------------
Problem completed
 name                    r18.vlp
 output                  rules/vlp/r18.res
 rows, cols, objs        12, 2362, 10
 vertices, facets        2910, 10771
 total time              6:42
--------------------------------
Statistics
LP:
 oracle calls            23267
   avg iterations/calls  5.69
 total oracle time       1:35
Combinatorics:
 vertices added          2910
 facets probed           51289
 facets # max            12966
 memory allocated        17.94M
 storage expansion
   vertices # / upto     23 / 2940
   facets   # / upto     4 / 16380
 facet manipulating
   added avg / max       38.58 / 348.00
   compressed            96
 number of ridge tests
   avg / max             299.39k / 3.06M
--------------------------------
Parameters with non-default values
 VertexPoolSize = 200
