C applying rule 21 for ineq2rule.txt
I    5.00] Elapsed: 5.00, vertices: 37, facets final: 58, pending: 773
I    9.10] recalculating facets...
I   10.00] Elapsed: 10.00, vertices: 126, facets final: 156, pending: 2249
I   12.41] recalculating facets...
I   15.01] Elapsed: 15.01, vertices: 269, facets final: 267, pending: 3687
I   16.44] recalculating facets...
I   20.06] Elapsed: 20.06, vertices: 359, facets final: 316, pending: 5525
I   22.97] recalculating facets...
I   25.07] Elapsed: 25.07, vertices: 429, facets final: 364, pending: 6151
I   30.12] Elapsed: 30.12, vertices: 500, facets final: 425, pending: 5904
I   30.13] recalculating facets...
I   35.12] Elapsed: 35.12, vertices: 572, facets final: 506, pending: 5808
I   37.21] recalculating facets...
I   40.12] Elapsed: 40.12, vertices: 643, facets final: 606, pending: 5606
I   44.33] recalculating facets...
I   45.13] Elapsed: 45.13, vertices: 712, facets final: 736, pending: 5211
I   50.14] Elapsed: 50.14, vertices: 781, facets final: 911, pending: 5040
I   51.75] recalculating facets...
I   55.14] Elapsed: 55.14, vertices: 851, facets final: 1135, pending: 4663
I   58.43] recalculating facets...
I   60.14] Elapsed: 1:00, vertices: 922, facets final: 1339, pending: 4403
I   65.14] Elapsed: 1:05, vertices: 981, facets final: 1628, pending: 4025
I   66.65] recalculating facets...
I   70.16] Elapsed: 1:10, vertices: 1052, facets final: 1976, pending: 3667
I   74.11] recalculating facets...
I   75.16] Elapsed: 1:15, vertices: 1112, facets final: 2374, pending: 3314
I   80.19] Elapsed: 1:20, vertices: 1169, facets final: 2761, pending: 2858
I   83.32] recalculating facets...
I   85.19] Elapsed: 1:25, vertices: 1217, facets final: 3227, pending: 2298
I   90.19] Elapsed: 1:30, vertices: 1253, facets final: 3770, pending: 1745
I   95.19] Elapsed: 1:35, vertices: 1300, facets final: 4250, pending: 1369
I   95.19] recalculating facets...
I  100.19] Elapsed: 1:40, vertices: 1339, facets final: 4731, pending: 798
I  105.20] Elapsed: 1:45, vertices: 1373, facets final: 4988, pending: 727
I  109.46] recalculating facets...
I  110.23] Elapsed: 1:50, vertices: 1405, facets final: 5174, pending: 482
I  115.23] Elapsed: 1:55, vertices: 1438, facets final: 5276, pending: 397
I  120.26] Elapsed: 2:00, vertices: 1467, facets final: 5341, pending: 289
I  125.26] Elapsed: 2:05, vertices: 1494, facets final: 5402, pending: 248
I  126.51] recalculating facets...
I  130.37] Elapsed: 2:10, vertices: 1519, facets final: 5453, pending: 206
I  135.44] Elapsed: 2:15, vertices: 1542, facets final: 5485, pending: 193
I  140.44] Elapsed: 2:20, vertices: 1566, facets final: 5520, pending: 166
I  145.44] Elapsed: 2:25, vertices: 1588, facets final: 5541, pending: 147
I  148.20] recalculating facets...
I  150.56] Elapsed: 2:31, vertices: 1610, facets final: 5563, pending: 169
I  155.74] Elapsed: 2:36, vertices: 1633, facets final: 5599, pending: 122
I  160.77] Elapsed: 2:41, vertices: 1655, facets final: 5636, pending: 64
I  165.80] Elapsed: 2:46, vertices: 1678, facets final: 5654, pending: 77
I  170.83] Elapsed: 2:51, vertices: 1700, facets final: 5686, pending: 52
I  170.93] recalculating facets...
I  176.19] Elapsed: 2:56, vertices: 1717, facets final: 5702, pending: 44
I  181.25] Elapsed: 3:01, vertices: 1739, facets final: 5717, pending: 35
I  186.32] Elapsed: 3:06, vertices: 1758, facets final: 5722, pending: 12
I  190.09] Elapsed: 3:10, vertices: 1772, facets final: 5724, pending: 0

--------------------------------
Problem completed
 name                    r21.vlp
 output                  rules/vlp/r21.res
 rows, cols, objs        12, 2414, 10
 vertices, facets        1772, 5724
 total time              3:10
--------------------------------
Statistics
LP:
 oracle calls            29128
   avg iterations/calls  4.53
 total oracle time       1:56
Combinatorics:
 vertices added          1772
 facets probed           59047
 facets # max            6654
 memory allocated        7.35M
 storage expansion
   vertices # / upto     14 / 1788
   facets   # / upto     2 / 8188
 facet manipulating
   added avg / max       33.21 / 443.00
   compressed            35
 number of ridge tests
   avg / max             134.08k / 2.56M
--------------------------------
Parameters with non-default values
 VertexPoolSize = 200
