C applying rule 22 for ineq2rule.txt
I    5.05] Elapsed: 5.05, vertices: 57, facets final: 21, pending: 8267
I   10.12] Elapsed: 10.12, vertices: 79, facets final: 24, pending: 15533
I   15.20] Elapsed: 15.20, vertices: 96, facets final: 29, pending: 19430
I   17.03] recalculating facets...
I   20.28] Elapsed: 20.28, vertices: 106, facets final: 29, pending: 20845
I   25.43] Elapsed: 25.43, vertices: 115, facets final: 29, pending: 22320
I   30.88] Elapsed: 30.88, vertices: 123, facets final: 29, pending: 24457
I   36.06] Elapsed: 36.06, vertices: 130, facets final: 29, pending: 24797
I   41.15] Elapsed: 41.15, vertices: 136, facets final: 30, pending: 26036
I   46.39] Elapsed: 46.39, vertices: 142, facets final: 31, pending: 26733
I   51.51] Elapsed: 51.51, vertices: 147, facets final: 31, pending: 27683
I   56.66] Elapsed: 56.66, vertices: 154, facets final: 33, pending: 28250
I   62.03] Elapsed: 1:02, vertices: 160, facets final: 33, pending: 29182
I   67.34] Elapsed: 1:07, vertices: 165, facets final: 34, pending: 31342
I   72.72] Elapsed: 1:13, vertices: 171, facets final: 38, pending: 31639
I   78.05] Elapsed: 1:18, vertices: 177, facets final: 38, pending: 32402
I   83.41] Elapsed: 1:23, vertices: 183, facets final: 38, pending: 32114
I   89.44] Elapsed: 1:29, vertices: 189, facets final: 38, pending: 34209
I   94.48] Elapsed: 1:34, vertices: 195, facets final: 38, pending: 35097
I   99.81] Elapsed: 1:40, vertices: 199, facets final: 38, pending: 35133
I  100.81] recalculating facets...
I  104.86] Elapsed: 1:45, vertices: 204, facets final: 41, pending: 35250
I  109.96] Elapsed: 1:50, vertices: 209, facets final: 43, pending: 35983
I  115.19] Elapsed: 1:55, vertices: 215, facets final: 43, pending: 36169
I  120.30] Elapsed: 2:00, vertices: 221, facets final: 43, pending: 36085
I  125.59] Elapsed: 2:06, vertices: 227, facets final: 44, pending: 36734
I  130.97] Elapsed: 2:11, vertices: 234, facets final: 44, pending: 36685
I  136.31] Elapsed: 2:16, vertices: 240, facets final: 47, pending: 37236
I  141.60] Elapsed: 2:22, vertices: 245, facets final: 48, pending: 37655
I  147.06] Elapsed: 2:27, vertices: 250, facets final: 49, pending: 37943
I  152.26] Elapsed: 2:32, vertices: 254, facets final: 49, pending: 37885
I  158.05] Elapsed: 2:38, vertices: 259, facets final: 52, pending: 37816
I  163.40] Elapsed: 2:43, vertices: 263, facets final: 52, pending: 38426
I  168.70] Elapsed: 2:49, vertices: 267, facets final: 52, pending: 39036
I  174.06] Elapsed: 2:54, vertices: 271, facets final: 52, pending: 39173
I  179.61] Elapsed: 3:00, vertices: 276, facets final: 53, pending: 39905
I  184.96] Elapsed: 3:05, vertices: 281, facets final: 53, pending: 40282
I  190.30] Elapsed: 3:10, vertices: 285, facets final: 53, pending: 40456
I  195.60] Elapsed: 3:16, vertices: 290, facets final: 54, pending: 40261
I  200.84] Elapsed: 3:21, vertices: 295, facets final: 55, pending: 40737
I  204.85] recalculating facets...
I  205.93] Elapsed: 3:26, vertices: 302, facets final: 60, pending: 40714
I  211.16] Elapsed: 3:31, vertices: 308, facets final: 63, pending: 40882
I  216.36] Elapsed: 3:36, vertices: 315, facets final: 63, pending: 41302
I  221.65] Elapsed: 3:42, vertices: 320, facets final: 67, pending: 41283
I  227.16] Elapsed: 3:47, vertices: 326, facets final: 68, pending: 41598
I  232.22] Elapsed: 3:52, vertices: 330, facets final: 70, pending: 41450
I  237.82] Elapsed: 3:58, vertices: 335, facets final: 70, pending: 41113
I  243.28] Elapsed: 4:03, vertices: 341, facets final: 72, pending: 41026
I  248.59] Elapsed: 4:09, vertices: 345, facets final: 73, pending: 40981
I  253.82] Elapsed: 4:14, vertices: 350, facets final: 74, pending: 41165
I  259.11] Elapsed: 4:19, vertices: 354, facets final: 75, pending: 41468
I  264.12] Elapsed: 4:24, vertices: 359, facets final: 77, pending: 41977
I  269.12] Elapsed: 4:29, vertices: 364, facets final: 80, pending: 42033
I  274.51] Elapsed: 4:35, vertices: 368, facets final: 82, pending: 42067
I  279.65] Elapsed: 4:40, vertices: 373, facets final: 82, pending: 41750
I  284.95] Elapsed: 4:45, vertices: 377, facets final: 89, pending: 42044
I  290.40] Elapsed: 4:50, vertices: 382, facets final: 90, pending: 41481
I  295.71] Elapsed: 4:56, vertices: 386, facets final: 91, pending: 41577
I  301.05] Elapsed: 5:01, vertices: 390, facets final: 94, pending: 41567
I  306.60] Elapsed: 5:07, vertices: 395, facets final: 96, pending: 41667
I  311.90] Elapsed: 5:12, vertices: 399, facets final: 97, pending: 41885
I  312.97] recalculating facets...
I  316.93] Elapsed: 5:17, vertices: 403, facets final: 100, pending: 41836
I  322.22] Elapsed: 5:22, vertices: 409, facets final: 103, pending: 41139
I  327.29] Elapsed: 5:27, vertices: 416, facets final: 104, pending: 41038
I  332.55] Elapsed: 5:33, vertices: 423, facets final: 109, pending: 41037
I  337.93] Elapsed: 5:38, vertices: 431, facets final: 109, pending: 41543
I  343.16] Elapsed: 5:43, vertices: 438, facets final: 110, pending: 41235
I  348.17] Elapsed: 5:48, vertices: 445, facets final: 111, pending: 41294
I  353.50] Elapsed: 5:54, vertices: 453, facets final: 112, pending: 41629
I  358.71] Elapsed: 5:59, vertices: 461, facets final: 113, pending: 42158
I  363.84] Elapsed: 6:04, vertices: 468, facets final: 113, pending: 42083
I  368.95] Elapsed: 6:09, vertices: 476, facets final: 113, pending: 41791
I  374.15] Elapsed: 6:14, vertices: 484, facets final: 115, pending: 41816
I  379.40] Elapsed: 6:19, vertices: 491, facets final: 117, pending: 41618
I  384.68] Elapsed: 6:25, vertices: 499, facets final: 121, pending: 41740
I  385.30] recalculating facets...
I  389.76] Elapsed: 6:30, vertices: 505, facets final: 127, pending: 41221
I  395.13] Elapsed: 6:35, vertices: 513, facets final: 129, pending: 41417
I  400.18] Elapsed: 6:40, vertices: 521, facets final: 132, pending: 41222
I  405.40] Elapsed: 6:45, vertices: 528, facets final: 136, pending: 41460
I  410.66] Elapsed: 6:51, vertices: 536, facets final: 138, pending: 41450
I  415.76] Elapsed: 6:56, vertices: 544, facets final: 144, pending: 41457
I  420.94] Elapsed: 7:01, vertices: 552, facets final: 147, pending: 41100
I  426.15] Elapsed: 7:06, vertices: 560, facets final: 150, pending: 40717
I  431.43] Elapsed: 7:11, vertices: 568, facets final: 152, pending: 39899
I  436.64] Elapsed: 7:17, vertices: 577, facets final: 157, pending: 39518
I  441.93] Elapsed: 7:22, vertices: 585, facets final: 158, pending: 39127
I  447.14] Elapsed: 7:27, vertices: 592, facets final: 164, pending: 39112
I  452.12] recalculating facets...
I  452.48] Elapsed: 7:32, vertices: 601, facets final: 173, pending: 38492
I  457.57] Elapsed: 7:38, vertices: 609, facets final: 183, pending: 38553
I  462.70] Elapsed: 7:43, vertices: 617, facets final: 185, pending: 38796
I  467.92] Elapsed: 7:48, vertices: 626, facets final: 189, pending: 38626
I  473.00] Elapsed: 7:53, vertices: 635, facets final: 197, pending: 38568
I  478.13] Elapsed: 7:58, vertices: 643, facets final: 203, pending: 38594
I  483.34] Elapsed: 8:03, vertices: 651, facets final: 208, pending: 38455
I  488.43] Elapsed: 8:08, vertices: 661, facets final: 215, pending: 38040
I  493.68] Elapsed: 8:14, vertices: 670, facets final: 222, pending: 37912
I  498.92] Elapsed: 8:19, vertices: 678, facets final: 228, pending: 38139
I  504.19] Elapsed: 8:24, vertices: 687, facets final: 231, pending: 37635
I  509.44] Elapsed: 8:29, vertices: 697, facets final: 236, pending: 37679
I  511.19] recalculating facets...
I  514.74] Elapsed: 8:35, vertices: 706, facets final: 244, pending: 37040
I  519.78] Elapsed: 8:40, vertices: 715, facets final: 245, pending: 36751
I  524.99] Elapsed: 8:45, vertices: 724, facets final: 252, pending: 36750
I  530.24] Elapsed: 8:50, vertices: 732, facets final: 261, pending: 36640
I  535.35] Elapsed: 8:55, vertices: 742, facets final: 272, pending: 36693
I  540.58] Elapsed: 9:01, vertices: 750, facets final: 277, pending: 36250
I  545.71] Elapsed: 9:06, vertices: 760, facets final: 285, pending: 36213
I  550.83] Elapsed: 9:11, vertices: 769, facets final: 290, pending: 36155
I  555.94] Elapsed: 9:16, vertices: 778, facets final: 294, pending: 36186
I  561.06] Elapsed: 9:21, vertices: 786, facets final: 305, pending: 36046
I  566.16] Elapsed: 9:26, vertices: 795, facets final: 311, pending: 35994
I  568.82] recalculating facets...
I  571.33] Elapsed: 9:31, vertices: 805, facets final: 320, pending: 35777
I  576.34] Elapsed: 9:36, vertices: 814, facets final: 325, pending: 35496
I  581.38] Elapsed: 9:41, vertices: 823, facets final: 330, pending: 35629
I  586.71] Elapsed: 9:47, vertices: 832, facets final: 330, pending: 35507
I  591.73] Elapsed: 9:52, vertices: 841, facets final: 333, pending: 35433
I  596.84] Elapsed: 9:57, vertices: 851, facets final: 343, pending: 35440
I  602.15] Elapsed: 10:02, vertices: 862, facets final: 351, pending: 35538
I  607.16] Elapsed: 10:07, vertices: 872, facets final: 364, pending: 35358
I  612.16] Elapsed: 10:12, vertices: 882, facets final: 377, pending: 35194
I  617.24] Elapsed: 10:17, vertices: 890, facets final: 382, pending: 35344
I  622.39] Elapsed: 10:22, vertices: 899, facets final: 390, pending: 35144
I  623.29] recalculating facets...
I  627.39] Elapsed: 10:27, vertices: 908, facets final: 397, pending: 34925
I  632.54] Elapsed: 10:33, vertices: 916, facets final: 400, pending: 34920
I  637.77] Elapsed: 10:38, vertices: 927, facets final: 406, pending: 34823
I  642.98] Elapsed: 10:43, vertices: 938, facets final: 434, pending: 34707
I  648.07] Elapsed: 10:48, vertices: 948, facets final: 443, pending: 34546
I  653.17] Elapsed: 10:53, vertices: 957, facets final: 450, pending: 33998
I  658.21] Elapsed: 10:58, vertices: 967, facets final: 464, pending: 33692
I  663.26] Elapsed: 11:03, vertices: 977, facets final: 474, pending: 33357
I  668.47] Elapsed: 11:08, vertices: 986, facets final: 484, pending: 32961
I  673.56] Elapsed: 11:14, vertices: 996, facets final: 518, pending: 33091
I  675.95] recalculating facets...
I  678.60] Elapsed: 11:19, vertices: 1005, facets final: 522, pending: 32812
I  683.79] Elapsed: 11:24, vertices: 1015, facets final: 538, pending: 32480
I  688.85] Elapsed: 11:29, vertices: 1025, facets final: 555, pending: 32302
I  693.93] Elapsed: 11:34, vertices: 1034, facets final: 564, pending: 31998
I  699.09] Elapsed: 11:39, vertices: 1046, facets final: 581, pending: 31584
I  704.31] Elapsed: 11:44, vertices: 1058, facets final: 598, pending: 31439
I  709.47] Elapsed: 11:49, vertices: 1070, facets final: 617, pending: 30921
I  714.52] Elapsed: 11:55, vertices: 1082, facets final: 629, pending: 30798
I  719.60] Elapsed: 12:00, vertices: 1094, facets final: 639, pending: 30587
I  722.63] recalculating facets...
I  724.74] Elapsed: 12:05, vertices: 1105, facets final: 656, pending: 30448
I  730.04] Elapsed: 12:10, vertices: 1116, facets final: 670, pending: 30199
I  735.04] Elapsed: 12:15, vertices: 1127, facets final: 686, pending: 30163
I  740.17] Elapsed: 12:20, vertices: 1138, facets final: 701, pending: 30114
I  745.23] Elapsed: 12:25, vertices: 1148, facets final: 725, pending: 29766
I  750.50] Elapsed: 12:31, vertices: 1158, facets final: 743, pending: 29442
I  755.60] Elapsed: 12:36, vertices: 1169, facets final: 750, pending: 29047
I  760.82] Elapsed: 12:41, vertices: 1180, facets final: 771, pending: 28859
I  765.92] Elapsed: 12:46, vertices: 1191, facets final: 798, pending: 28675
I  770.53] recalculating facets...
I  771.14] Elapsed: 12:51, vertices: 1201, facets final: 823, pending: 28678
I  776.18] Elapsed: 12:56, vertices: 1211, facets final: 832, pending: 28390
I  781.27] Elapsed: 13:01, vertices: 1225, facets final: 841, pending: 28164
I  786.40] Elapsed: 13:06, vertices: 1240, facets final: 881, pending: 28007
I  791.47] Elapsed: 13:11, vertices: 1255, facets final: 911, pending: 27806
I  796.52] Elapsed: 13:17, vertices: 1268, facets final: 929, pending: 27705
I  801.58] Elapsed: 13:22, vertices: 1281, facets final: 973, pending: 27195
I  806.59] Elapsed: 13:27, vertices: 1295, facets final: 1004, pending: 27148
I  808.61] recalculating facets...
I  811.67] Elapsed: 13:32, vertices: 1308, facets final: 1044, pending: 27113
I  816.67] Elapsed: 13:37, vertices: 1321, facets final: 1075, pending: 26850
I  821.82] Elapsed: 13:42, vertices: 1335, facets final: 1101, pending: 26691
I  826.89] Elapsed: 13:47, vertices: 1347, facets final: 1136, pending: 26364
I  831.94] Elapsed: 13:52, vertices: 1361, facets final: 1168, pending: 26178
I  836.97] Elapsed: 13:57, vertices: 1373, facets final: 1193, pending: 26056
I  842.02] Elapsed: 14:02, vertices: 1387, facets final: 1242, pending: 25853
I  847.26] Elapsed: 14:07, vertices: 1400, facets final: 1261, pending: 25708
I  847.27] recalculating facets...
I  852.28] Elapsed: 14:12, vertices: 1413, facets final: 1273, pending: 25508
I  857.32] Elapsed: 14:17, vertices: 1425, facets final: 1292, pending: 25277
I  862.36] Elapsed: 14:22, vertices: 1439, facets final: 1330, pending: 25175
I  867.50] Elapsed: 14:28, vertices: 1452, facets final: 1365, pending: 24981
I  872.73] Elapsed: 14:33, vertices: 1465, facets final: 1397, pending: 25007
I  877.92] Elapsed: 14:38, vertices: 1479, facets final: 1455, pending: 24797
I  883.19] Elapsed: 14:43, vertices: 1493, facets final: 1498, pending: 24559
I  886.03] recalculating facets...
I  888.40] Elapsed: 14:48, vertices: 1506, facets final: 1542, pending: 24301
I  893.62] Elapsed: 14:54, vertices: 1520, facets final: 1581, pending: 24100
I  898.79] Elapsed: 14:59, vertices: 1533, facets final: 1638, pending: 23776
I  903.79] Elapsed: 15:04, vertices: 1546, facets final: 1676, pending: 23568
I  908.82] Elapsed: 15:09, vertices: 1559, facets final: 1734, pending: 23351
I  913.97] Elapsed: 15:14, vertices: 1573, facets final: 1781, pending: 23221
I  919.21] Elapsed: 15:19, vertices: 1587, facets final: 1821, pending: 23028
I  924.18] recalculating facets...
I  924.36] Elapsed: 15:24, vertices: 1601, facets final: 1883, pending: 22899
I  929.43] Elapsed: 15:29, vertices: 1614, facets final: 1961, pending: 22604
I  934.68] Elapsed: 15:35, vertices: 1627, facets final: 2012, pending: 22444
I  939.74] Elapsed: 15:40, vertices: 1640, facets final: 2074, pending: 22289
I  944.96] Elapsed: 15:45, vertices: 1654, facets final: 2121, pending: 22140
I  949.96] Elapsed: 15:50, vertices: 1668, facets final: 2188, pending: 21918
I  955.09] Elapsed: 15:55, vertices: 1681, facets final: 2239, pending: 21932
I  960.32] Elapsed: 16:00, vertices: 1695, facets final: 2308, pending: 21765
I  962.25] recalculating facets...
I  965.44] Elapsed: 16:05, vertices: 1708, facets final: 2394, pending: 21482
I  970.73] Elapsed: 16:11, vertices: 1722, facets final: 2467, pending: 21362
I  975.89] Elapsed: 16:16, vertices: 1735, facets final: 2574, pending: 21114
I  981.08] Elapsed: 16:21, vertices: 1748, facets final: 2702, pending: 20898
I  986.29] Elapsed: 16:26, vertices: 1762, facets final: 2771, pending: 20793
I  991.53] Elapsed: 16:32, vertices: 1776, facets final: 2867, pending: 20577
I  996.54] Elapsed: 16:37, vertices: 1794, facets final: 3010, pending: 20263
I  998.23] recalculating facets...
I 1001.63] Elapsed: 16:42, vertices: 1812, facets final: 3159, pending: 20215
I 1006.70] Elapsed: 16:47, vertices: 1830, facets final: 3292, pending: 20132
I 1011.73] Elapsed: 16:52, vertices: 1849, facets final: 3429, pending: 19982
I 1016.74] Elapsed: 16:57, vertices: 1866, facets final: 3591, pending: 19735
I 1021.74] Elapsed: 17:02, vertices: 1883, facets final: 3756, pending: 19432
I 1026.50] recalculating facets...
I 1026.90] Elapsed: 17:07, vertices: 1901, facets final: 3898, pending: 19185
I 1031.90] Elapsed: 17:12, vertices: 1918, facets final: 4052, pending: 18918
I 1036.90] Elapsed: 17:17, vertices: 1935, facets final: 4226, pending: 18617
I 1042.01] Elapsed: 17:22, vertices: 1952, facets final: 4449, pending: 18321
I 1047.06] Elapsed: 17:27, vertices: 1969, facets final: 4656, pending: 17953
I 1052.10] Elapsed: 17:32, vertices: 1985, facets final: 4938, pending: 17485
I 1057.10] Elapsed: 17:37, vertices: 2000, facets final: 5225, pending: 17077
I 1057.10] recalculating facets...
I 1062.15] Elapsed: 17:42, vertices: 2017, facets final: 5438, pending: 16808
I 1067.16] Elapsed: 17:47, vertices: 2033, facets final: 5716, pending: 16506
I 1072.30] Elapsed: 17:52, vertices: 2047, facets final: 6131, pending: 16002
I 1077.36] Elapsed: 17:57, vertices: 2062, facets final: 6463, pending: 15581
I 1082.43] Elapsed: 18:02, vertices: 2074, facets final: 6977, pending: 15051
I 1087.54] Elapsed: 18:08, vertices: 2089, facets final: 7335, pending: 14571
I 1091.76] recalculating facets...
I 1092.54] Elapsed: 18:13, vertices: 2102, facets final: 7748, pending: 14068
I 1097.54] Elapsed: 18:18, vertices: 2116, facets final: 8143, pending: 13683
I 1102.54] Elapsed: 18:23, vertices: 2130, facets final: 8539, pending: 13350
I 1107.60] Elapsed: 18:28, vertices: 2142, facets final: 9045, pending: 12804
I 1112.60] Elapsed: 18:33, vertices: 2153, facets final: 9587, pending: 12212
I 1117.62] Elapsed: 18:38, vertices: 2164, facets final: 10127, pending: 11636
I 1122.62] Elapsed: 18:43, vertices: 2173, facets final: 10779, pending: 10946
I 1127.77] Elapsed: 18:48, vertices: 2183, facets final: 11417, pending: 10269
I 1132.78] Elapsed: 18:53, vertices: 2192, facets final: 12049, pending: 9598
I 1137.32] recalculating facets...
I 1137.78] Elapsed: 18:58, vertices: 2201, facets final: 12662, pending: 8944
I 1142.78] Elapsed: 19:03, vertices: 2210, facets final: 13311, pending: 8251
I 1147.78] Elapsed: 19:08, vertices: 2218, facets final: 14005, pending: 7548
I 1152.78] Elapsed: 19:13, vertices: 2227, facets final: 14638, pending: 6903
I 1157.78] Elapsed: 19:18, vertices: 2235, facets final: 15307, pending: 6206
I 1162.78] Elapsed: 19:23, vertices: 2242, facets final: 16030, pending: 5464
I 1167.78] Elapsed: 19:28, vertices: 2249, facets final: 16734, pending: 4749
I 1172.78] Elapsed: 19:33, vertices: 2256, facets final: 17419, pending: 4049
I 1177.87] Elapsed: 19:38, vertices: 2264, facets final: 18051, pending: 3397
I 1182.87] Elapsed: 19:43, vertices: 2271, facets final: 18695, pending: 2736
I 1187.87] Elapsed: 19:48, vertices: 2278, facets final: 19316, pending: 2148
I 1192.87] Elapsed: 19:53, vertices: 2286, facets final: 19845, pending: 1607
I 1197.95] Elapsed: 19:58, vertices: 2296, facets final: 20233, pending: 1190
I 1200.00] recalculating facets...
I 1202.99] Elapsed: 20:03, vertices: 2307, facets final: 20517, pending: 890
I 1208.06] Elapsed: 20:08, vertices: 2319, facets final: 20733, pending: 633
I 1213.22] Elapsed: 20:13, vertices: 2331, facets final: 20830, pending: 536
I 1218.24] Elapsed: 20:18, vertices: 2344, facets final: 20900, pending: 438
I 1223.31] Elapsed: 20:23, vertices: 2357, facets final: 20951, pending: 374
I 1228.48] Elapsed: 20:28, vertices: 2371, facets final: 20998, pending: 354
I 1233.49] Elapsed: 20:33, vertices: 2385, facets final: 21049, pending: 333
I 1237.73] recalculating facets...
I 1238.50] Elapsed: 20:39, vertices: 2403, facets final: 21088, pending: 304
I 1243.54] Elapsed: 20:44, vertices: 2425, facets final: 21130, pending: 226
I 1248.67] Elapsed: 20:49, vertices: 2462, facets final: 21221, pending: 103
I 1249.75] Elapsed: 20:50, vertices: 2480, facets final: 21319, pending: 0

--------------------------------
Problem completed
 name                    r22.vlp
 output                  rules/vlp/r22.res
 rows, cols, objs        12, 2423, 10
 vertices, facets        2480, 21319
 total time              20:50
--------------------------------
Statistics
LP:
 oracle calls            36316
   avg iterations/calls  5.72
 total oracle time       2:31
Combinatorics:
 vertices added          2480
 facets probed           55673
 facets # max            42478
 memory allocated        37.12M
 storage expansion
   vertices # / upto     20 / 2556
   facets   # / upto     11 / 45052
 facet manipulating
   added avg / max       177.58 / 2.45k
   compressed            172
 number of ridge tests
   avg / max             5.26M / 57.46M
--------------------------------
Parameters with non-default values
 VertexPoolSize = 200
