C applying rule 23 for ineq2rule.txt
I    4.28] recalculating facets...
I    5.02] Elapsed: 5.02, vertices: 114, facets final: 17, pending: 4629
I   10.09] Elapsed: 10.09, vertices: 184, facets final: 18, pending: 8010
I   11.96] recalculating facets...
I   15.15] Elapsed: 15.15, vertices: 223, facets final: 18, pending: 10412
I   20.16] Elapsed: 20.16, vertices: 254, facets final: 19, pending: 11610
I   25.16] Elapsed: 25.16, vertices: 279, facets final: 23, pending: 12825
I   29.87] recalculating facets...
I   30.24] Elapsed: 30.24, vertices: 302, facets final: 23, pending: 13613
I   35.26] Elapsed: 35.26, vertices: 324, facets final: 25, pending: 14471
I   40.26] Elapsed: 40.26, vertices: 344, facets final: 28, pending: 15460
I   45.33] Elapsed: 45.33, vertices: 365, facets final: 29, pending: 15534
I   50.44] Elapsed: 50.44, vertices: 385, facets final: 31, pending: 16160
I   54.43] recalculating facets...
I   55.46] Elapsed: 55.46, vertices: 403, facets final: 33, pending: 16628
I   60.47] Elapsed: 1:00, vertices: 421, facets final: 35, pending: 17341
I   65.52] Elapsed: 1:06, vertices: 438, facets final: 35, pending: 17692
I   70.62] Elapsed: 1:11, vertices: 455, facets final: 36, pending: 18190
I   75.70] Elapsed: 1:16, vertices: 473, facets final: 39, pending: 18583
I   80.74] Elapsed: 1:21, vertices: 491, facets final: 43, pending: 18881
I   83.76] recalculating facets...
I   85.89] Elapsed: 1:26, vertices: 507, facets final: 47, pending: 19265
I   91.09] Elapsed: 1:31, vertices: 523, facets final: 48, pending: 19673
I   96.09] Elapsed: 1:36, vertices: 539, facets final: 52, pending: 19860
I  101.12] Elapsed: 1:41, vertices: 555, facets final: 54, pending: 20087
I  106.18] Elapsed: 1:46, vertices: 570, facets final: 55, pending: 20298
I  111.23] Elapsed: 1:51, vertices: 586, facets final: 60, pending: 20789
I  116.18] recalculating facets...
I  116.46] Elapsed: 1:56, vertices: 601, facets final: 60, pending: 21332
I  121.67] Elapsed: 2:02, vertices: 614, facets final: 66, pending: 21908
I  126.77] Elapsed: 2:07, vertices: 628, facets final: 68, pending: 22144
I  131.95] Elapsed: 2:12, vertices: 642, facets final: 70, pending: 22713
I  137.00] Elapsed: 2:17, vertices: 655, facets final: 73, pending: 22704
I  142.18] Elapsed: 2:22, vertices: 669, facets final: 77, pending: 22952
I  147.30] Elapsed: 2:27, vertices: 682, facets final: 80, pending: 23242
I  152.38] Elapsed: 2:32, vertices: 697, facets final: 83, pending: 23851
I  153.67] recalculating facets...
I  157.53] Elapsed: 2:38, vertices: 711, facets final: 86, pending: 23944
I  162.67] Elapsed: 2:43, vertices: 723, facets final: 90, pending: 24083
I  167.74] Elapsed: 2:48, vertices: 736, facets final: 90, pending: 24565
I  172.77] Elapsed: 2:53, vertices: 749, facets final: 94, pending: 24892
I  177.87] Elapsed: 2:58, vertices: 758, facets final: 96, pending: 25141
I  182.94] Elapsed: 3:03, vertices: 769, facets final: 98, pending: 25247
I  187.98] Elapsed: 3:08, vertices: 780, facets final: 101, pending: 25496
I  193.21] Elapsed: 3:13, vertices: 791, facets final: 103, pending: 25816
I  197.47] recalculating facets...
I  198.43] Elapsed: 3:18, vertices: 802, facets final: 104, pending: 26021
I  203.54] Elapsed: 3:24, vertices: 813, facets final: 104, pending: 26173
I  208.76] Elapsed: 3:29, vertices: 824, facets final: 106, pending: 26278
I  213.97] Elapsed: 3:34, vertices: 835, facets final: 107, pending: 26710
I  219.13] Elapsed: 3:39, vertices: 845, facets final: 109, pending: 26760
I  224.26] Elapsed: 3:44, vertices: 856, facets final: 110, pending: 27011
I  229.36] Elapsed: 3:49, vertices: 867, facets final: 115, pending: 27213
I  234.43] Elapsed: 3:54, vertices: 878, facets final: 118, pending: 27550
I  239.53] Elapsed: 4:00, vertices: 887, facets final: 120, pending: 27921
I  244.72] Elapsed: 4:05, vertices: 896, facets final: 124, pending: 28224
I  246.81] recalculating facets...
I  249.72] Elapsed: 4:10, vertices: 907, facets final: 125, pending: 28489
I  254.88] Elapsed: 4:15, vertices: 916, facets final: 126, pending: 28689
I  260.11] Elapsed: 4:20, vertices: 924, facets final: 130, pending: 28950
I  265.25] Elapsed: 4:25, vertices: 934, facets final: 130, pending: 29186
I  270.36] Elapsed: 4:30, vertices: 943, facets final: 133, pending: 29512
I  275.40] Elapsed: 4:35, vertices: 953, facets final: 134, pending: 29773
I  280.47] Elapsed: 4:40, vertices: 961, facets final: 138, pending: 29958
I  285.70] Elapsed: 4:46, vertices: 971, facets final: 139, pending: 30361
I  290.77] Elapsed: 4:51, vertices: 979, facets final: 140, pending: 30603
I  295.98] Elapsed: 4:56, vertices: 988, facets final: 141, pending: 30502
I  301.22] Elapsed: 5:01, vertices: 998, facets final: 142, pending: 30680
I  302.55] recalculating facets...
I  306.29] Elapsed: 5:06, vertices: 1008, facets final: 142, pending: 30831
I  311.51] Elapsed: 5:12, vertices: 1016, facets final: 146, pending: 31099
I  316.62] Elapsed: 5:17, vertices: 1025, facets final: 149, pending: 31325
I  321.66] Elapsed: 5:22, vertices: 1034, facets final: 153, pending: 31363
I  326.96] Elapsed: 5:27, vertices: 1044, facets final: 157, pending: 31534
I  332.12] Elapsed: 5:32, vertices: 1053, facets final: 159, pending: 31615
I  337.23] Elapsed: 5:37, vertices: 1060, facets final: 161, pending: 31617
I  342.35] Elapsed: 5:42, vertices: 1071, facets final: 161, pending: 31778
I  347.62] Elapsed: 5:48, vertices: 1080, facets final: 166, pending: 32008
I  352.72] Elapsed: 5:53, vertices: 1088, facets final: 169, pending: 32103
I  357.16] recalculating facets...
I  358.02] Elapsed: 5:58, vertices: 1102, facets final: 170, pending: 32741
I  363.06] Elapsed: 6:03, vertices: 1114, facets final: 173, pending: 33055
I  368.13] Elapsed: 6:08, vertices: 1125, facets final: 177, pending: 33316
I  373.37] Elapsed: 6:13, vertices: 1136, facets final: 179, pending: 33371
I  378.43] Elapsed: 6:18, vertices: 1148, facets final: 180, pending: 33503
I  383.82] Elapsed: 6:24, vertices: 1159, facets final: 185, pending: 34000
I  389.08] Elapsed: 6:29, vertices: 1167, facets final: 189, pending: 34279
I  394.21] Elapsed: 6:34, vertices: 1178, facets final: 191, pending: 34446
I  399.24] Elapsed: 6:39, vertices: 1188, facets final: 194, pending: 34503
I  404.46] Elapsed: 6:44, vertices: 1199, facets final: 201, pending: 34781
I  404.84] recalculating facets...
I  409.55] Elapsed: 6:50, vertices: 1209, facets final: 203, pending: 35171
I  414.67] Elapsed: 6:55, vertices: 1220, facets final: 206, pending: 35267
I  419.88] Elapsed: 7:00, vertices: 1231, facets final: 209, pending: 35615
I  425.04] Elapsed: 7:05, vertices: 1242, facets final: 213, pending: 35581
I  430.21] Elapsed: 7:10, vertices: 1252, facets final: 217, pending: 35630
I  435.51] Elapsed: 7:16, vertices: 1262, facets final: 221, pending: 35517
I  440.72] Elapsed: 7:21, vertices: 1274, facets final: 227, pending: 35577
I  446.29] Elapsed: 7:26, vertices: 1284, facets final: 233, pending: 35918
I  451.37] Elapsed: 7:31, vertices: 1294, facets final: 237, pending: 36017
I  454.73] recalculating facets...
I  456.39] Elapsed: 7:36, vertices: 1304, facets final: 238, pending: 36159
I  461.46] Elapsed: 7:41, vertices: 1316, facets final: 245, pending: 36435
I  466.75] Elapsed: 7:47, vertices: 1326, facets final: 246, pending: 36615
I  472.05] Elapsed: 7:52, vertices: 1337, facets final: 247, pending: 36454
I  477.15] Elapsed: 7:57, vertices: 1347, facets final: 249, pending: 36573
I  482.43] Elapsed: 8:02, vertices: 1357, facets final: 259, pending: 36801
I  487.75] Elapsed: 8:08, vertices: 1366, facets final: 264, pending: 36814
I  492.97] Elapsed: 8:13, vertices: 1377, facets final: 270, pending: 37115
I  498.09] Elapsed: 8:18, vertices: 1388, facets final: 271, pending: 37203
I  503.16] Elapsed: 8:23, vertices: 1397, facets final: 272, pending: 37511
I  505.33] recalculating facets...
I  508.26] Elapsed: 8:28, vertices: 1405, facets final: 277, pending: 37565
I  513.30] Elapsed: 8:33, vertices: 1416, facets final: 277, pending: 37504
I  518.33] Elapsed: 8:38, vertices: 1425, facets final: 280, pending: 37376
I  523.41] Elapsed: 8:43, vertices: 1433, facets final: 282, pending: 37614
I  528.59] Elapsed: 8:49, vertices: 1443, facets final: 287, pending: 37837
I  533.75] Elapsed: 8:54, vertices: 1452, facets final: 290, pending: 37835
I  538.90] Elapsed: 8:59, vertices: 1461, facets final: 292, pending: 37885
I  543.97] Elapsed: 9:04, vertices: 1467, facets final: 295, pending: 38325
I  549.03] Elapsed: 9:09, vertices: 1476, facets final: 297, pending: 38378
I  554.11] Elapsed: 9:14, vertices: 1485, facets final: 301, pending: 38516
I  559.28] Elapsed: 9:19, vertices: 1495, facets final: 303, pending: 38492
I  561.72] recalculating facets...
I  564.43] Elapsed: 9:24, vertices: 1504, facets final: 305, pending: 38683
I  569.67] Elapsed: 9:30, vertices: 1513, facets final: 307, pending: 38801
I  574.90] Elapsed: 9:35, vertices: 1523, facets final: 314, pending: 38783
I  579.92] Elapsed: 9:40, vertices: 1531, facets final: 316, pending: 38996
I  585.11] Elapsed: 9:45, vertices: 1542, facets final: 318, pending: 39228
I  590.24] Elapsed: 9:50, vertices: 1550, facets final: 319, pending: 39343
I  595.49] Elapsed: 9:55, vertices: 1559, facets final: 322, pending: 39418
I  600.58] Elapsed: 10:01, vertices: 1568, facets final: 330, pending: 39525
I  605.88] Elapsed: 10:06, vertices: 1577, facets final: 332, pending: 39694
I  611.16] Elapsed: 10:11, vertices: 1587, facets final: 333, pending: 39731
I  616.34] Elapsed: 10:16, vertices: 1597, facets final: 335, pending: 39768
I  618.08] recalculating facets...
I  621.51] Elapsed: 10:22, vertices: 1607, facets final: 337, pending: 39841
I  626.84] Elapsed: 10:27, vertices: 1616, facets final: 343, pending: 39954
I  632.08] Elapsed: 10:32, vertices: 1625, facets final: 345, pending: 40055
I  637.33] Elapsed: 10:37, vertices: 1634, facets final: 347, pending: 39982
I  642.61] Elapsed: 10:43, vertices: 1643, facets final: 350, pending: 40088
I  647.65] Elapsed: 10:48, vertices: 1652, facets final: 355, pending: 40211
I  652.73] Elapsed: 10:53, vertices: 1660, facets final: 357, pending: 40556
I  657.73] Elapsed: 10:58, vertices: 1669, facets final: 361, pending: 40744
I  662.96] Elapsed: 11:03, vertices: 1678, facets final: 362, pending: 40813
I  668.01] Elapsed: 11:08, vertices: 1687, facets final: 368, pending: 40890
I  673.58] Elapsed: 11:14, vertices: 1695, facets final: 373, pending: 41156
I  676.98] recalculating facets...
I  678.90] Elapsed: 11:19, vertices: 1703, facets final: 377, pending: 41460
I  683.95] Elapsed: 11:24, vertices: 1711, facets final: 379, pending: 41356
I  689.01] Elapsed: 11:29, vertices: 1718, facets final: 380, pending: 41382
I  694.07] Elapsed: 11:34, vertices: 1727, facets final: 383, pending: 41437
I  699.13] Elapsed: 11:39, vertices: 1735, facets final: 385, pending: 41427
I  704.18] Elapsed: 11:44, vertices: 1743, facets final: 390, pending: 41557
I  709.31] Elapsed: 11:49, vertices: 1753, facets final: 392, pending: 41497
I  714.64] Elapsed: 11:55, vertices: 1761, facets final: 395, pending: 41738
I  719.80] Elapsed: 12:00, vertices: 1770, facets final: 402, pending: 41865
I  724.87] Elapsed: 12:05, vertices: 1779, facets final: 404, pending: 41973
I  730.07] Elapsed: 12:10, vertices: 1788, facets final: 405, pending: 41921
I  735.09] Elapsed: 12:15, vertices: 1798, facets final: 410, pending: 41915
I  736.73] recalculating facets...
I  740.17] Elapsed: 12:20, vertices: 1804, facets final: 412, pending: 42022
I  745.18] Elapsed: 12:25, vertices: 1814, facets final: 415, pending: 42013
I  750.33] Elapsed: 12:30, vertices: 1822, facets final: 417, pending: 42037
I  755.44] Elapsed: 12:35, vertices: 1830, facets final: 424, pending: 42365
I  760.58] Elapsed: 12:41, vertices: 1839, facets final: 426, pending: 42339
I  765.73] Elapsed: 12:46, vertices: 1847, facets final: 428, pending: 42451
I  770.86] Elapsed: 12:51, vertices: 1855, facets final: 428, pending: 42603
I  776.04] Elapsed: 12:56, vertices: 1864, facets final: 430, pending: 42787
I  781.12] Elapsed: 13:01, vertices: 1872, facets final: 434, pending: 42733
I  786.18] Elapsed: 13:06, vertices: 1879, facets final: 436, pending: 42917
I  791.20] Elapsed: 13:11, vertices: 1887, facets final: 439, pending: 43002
I  796.37] Elapsed: 13:16, vertices: 1895, facets final: 441, pending: 43174
I  799.56] recalculating facets...
I  801.66] Elapsed: 13:22, vertices: 1903, facets final: 445, pending: 43210
I  807.24] Elapsed: 13:27, vertices: 1912, facets final: 446, pending: 43262
I  812.36] Elapsed: 13:32, vertices: 1920, facets final: 451, pending: 43232
I  817.40] Elapsed: 13:37, vertices: 1928, facets final: 459, pending: 43191
I  822.47] Elapsed: 13:42, vertices: 1936, facets final: 464, pending: 43257
I  827.70] Elapsed: 13:48, vertices: 1943, facets final: 465, pending: 43359
I  832.97] Elapsed: 13:53, vertices: 1953, facets final: 469, pending: 43517
I  838.08] Elapsed: 13:58, vertices: 1960, facets final: 469, pending: 43488
I  843.18] Elapsed: 14:03, vertices: 1969, facets final: 471, pending: 43553
I  848.47] Elapsed: 14:08, vertices: 1977, facets final: 474, pending: 43429
I  853.49] Elapsed: 14:13, vertices: 1985, facets final: 481, pending: 43416
I  858.66] Elapsed: 14:19, vertices: 1993, facets final: 486, pending: 43435
I  863.11] recalculating facets...
I  863.82] Elapsed: 14:24, vertices: 2001, facets final: 487, pending: 43439
I  868.98] Elapsed: 14:29, vertices: 2009, facets final: 489, pending: 43535
I  874.05] Elapsed: 14:34, vertices: 2017, facets final: 492, pending: 43603
I  879.12] Elapsed: 14:39, vertices: 2024, facets final: 498, pending: 43620
I  884.24] Elapsed: 14:44, vertices: 2033, facets final: 501, pending: 43752
I  889.94] Elapsed: 14:50, vertices: 2041, facets final: 506, pending: 43829
I  895.26] Elapsed: 14:55, vertices: 2049, facets final: 507, pending: 43919
I  900.32] Elapsed: 15:00, vertices: 2057, facets final: 510, pending: 43981
I  905.37] Elapsed: 15:05, vertices: 2064, facets final: 513, pending: 44155
I  910.65] Elapsed: 15:11, vertices: 2071, facets final: 516, pending: 44047
I  915.72] Elapsed: 15:16, vertices: 2078, facets final: 519, pending: 44172
I  920.88] Elapsed: 15:21, vertices: 2087, facets final: 520, pending: 44259
I  925.93] Elapsed: 15:26, vertices: 2096, facets final: 526, pending: 44200
I  929.20] recalculating facets...
I  931.16] Elapsed: 15:31, vertices: 2103, facets final: 531, pending: 44076
I  936.16] Elapsed: 15:36, vertices: 2111, facets final: 537, pending: 44115
I  941.48] Elapsed: 15:41, vertices: 2119, facets final: 541, pending: 44376
I  946.52] Elapsed: 15:47, vertices: 2127, facets final: 548, pending: 44415
I  951.78] Elapsed: 15:52, vertices: 2134, facets final: 548, pending: 44426
I  957.21] Elapsed: 15:57, vertices: 2142, facets final: 553, pending: 44399
I  962.56] Elapsed: 16:03, vertices: 2150, facets final: 559, pending: 44474
I  967.69] Elapsed: 16:08, vertices: 2158, facets final: 563, pending: 44359
I  972.93] Elapsed: 16:13, vertices: 2165, facets final: 566, pending: 44478
I  978.18] Elapsed: 16:18, vertices: 2173, facets final: 572, pending: 44434
I  983.26] Elapsed: 16:23, vertices: 2179, facets final: 579, pending: 44503
I  988.42] Elapsed: 16:28, vertices: 2188, facets final: 582, pending: 44441
I  993.59] Elapsed: 16:34, vertices: 2197, facets final: 586, pending: 44346
I  995.83] recalculating facets...
I  998.83] Elapsed: 16:39, vertices: 2205, facets final: 589, pending: 44343
I 1003.97] Elapsed: 16:44, vertices: 2213, facets final: 593, pending: 44265
I 1009.15] Elapsed: 16:49, vertices: 2222, facets final: 598, pending: 44431
I 1014.39] Elapsed: 16:54, vertices: 2230, facets final: 599, pending: 44546
I 1019.69] Elapsed: 17:00, vertices: 2237, facets final: 600, pending: 44525
I 1026.23] Elapsed: 17:06, vertices: 2243, facets final: 606, pending: 44530
I 1031.25] Elapsed: 17:11, vertices: 2251, facets final: 608, pending: 44560
I 1036.49] Elapsed: 17:16, vertices: 2259, facets final: 614, pending: 44603
I 1041.70] Elapsed: 17:22, vertices: 2267, facets final: 617, pending: 44604
I 1046.86] Elapsed: 17:27, vertices: 2274, facets final: 619, pending: 44615
I 1051.93] Elapsed: 17:32, vertices: 2282, facets final: 625, pending: 44648
I 1057.15] Elapsed: 17:37, vertices: 2290, facets final: 626, pending: 44684
I 1062.50] Elapsed: 17:43, vertices: 2297, facets final: 628, pending: 44938
I 1064.79] recalculating facets...
I 1067.85] Elapsed: 17:48, vertices: 2304, facets final: 632, pending: 44847
I 1072.87] Elapsed: 17:53, vertices: 2312, facets final: 636, pending: 44896
I 1078.16] Elapsed: 17:58, vertices: 2320, facets final: 642, pending: 44929
I 1083.44] Elapsed: 18:03, vertices: 2328, facets final: 648, pending: 45019
I 1088.83] Elapsed: 18:09, vertices: 2336, facets final: 651, pending: 44902
I 1094.05] Elapsed: 18:14, vertices: 2343, facets final: 654, pending: 44882
I 1099.16] Elapsed: 18:19, vertices: 2351, facets final: 661, pending: 44891
I 1104.72] Elapsed: 18:25, vertices: 2359, facets final: 665, pending: 44896
I 1109.85] Elapsed: 18:30, vertices: 2367, facets final: 668, pending: 44833
I 1115.16] Elapsed: 18:35, vertices: 2373, facets final: 675, pending: 44973
I 1120.47] Elapsed: 18:40, vertices: 2382, facets final: 682, pending: 44981
I 1125.48] Elapsed: 18:45, vertices: 2390, facets final: 689, pending: 45003
I 1130.55] Elapsed: 18:51, vertices: 2399, facets final: 692, pending: 45003
I 1131.27] recalculating facets...
I 1135.71] Elapsed: 18:56, vertices: 2407, facets final: 696, pending: 45014
I 1140.97] Elapsed: 19:01, vertices: 2416, facets final: 696, pending: 44986
I 1145.97] Elapsed: 19:06, vertices: 2424, facets final: 699, pending: 44986
I 1151.59] Elapsed: 19:12, vertices: 2431, facets final: 702, pending: 44852
I 1156.60] Elapsed: 19:17, vertices: 2438, facets final: 708, pending: 44781
I 1161.65] Elapsed: 19:22, vertices: 2445, facets final: 713, pending: 44668
I 1166.67] Elapsed: 19:27, vertices: 2453, facets final: 718, pending: 44604
I 1172.06] Elapsed: 19:32, vertices: 2461, facets final: 720, pending: 44716
I 1177.21] Elapsed: 19:37, vertices: 2469, facets final: 724, pending: 44751
I 1182.46] Elapsed: 19:42, vertices: 2476, facets final: 728, pending: 44695
I 1187.50] Elapsed: 19:48, vertices: 2483, facets final: 731, pending: 44645
I 1193.08] Elapsed: 19:53, vertices: 2492, facets final: 733, pending: 44444
I 1198.13] Elapsed: 19:58, vertices: 2498, facets final: 735, pending: 44338
I 1199.23] recalculating facets...
I 1203.30] Elapsed: 20:03, vertices: 2508, facets final: 742, pending: 44332
I 1208.58] Elapsed: 20:09, vertices: 2516, facets final: 747, pending: 44369
I 1213.70] Elapsed: 20:14, vertices: 2525, facets final: 750, pending: 44432
I 1218.84] Elapsed: 20:19, vertices: 2533, facets final: 753, pending: 44429
I 1223.98] Elapsed: 20:24, vertices: 2540, facets final: 759, pending: 44467
I 1229.04] Elapsed: 20:29, vertices: 2545, facets final: 762, pending: 44358
I 1234.27] Elapsed: 20:34, vertices: 2553, facets final: 767, pending: 44454
I 1239.56] Elapsed: 20:40, vertices: 2562, facets final: 769, pending: 44453
I 1244.62] Elapsed: 20:45, vertices: 2570, facets final: 775, pending: 44357
I 1249.74] Elapsed: 20:50, vertices: 2578, facets final: 778, pending: 44329
I 1255.09] Elapsed: 20:55, vertices: 2586, facets final: 783, pending: 44296
I 1260.33] Elapsed: 21:00, vertices: 2594, facets final: 784, pending: 44324
I 1263.92] recalculating facets...
I 1265.38] Elapsed: 21:05, vertices: 2603, facets final: 791, pending: 44278
I 1270.47] Elapsed: 21:10, vertices: 2611, facets final: 791, pending: 44371
I 1275.59] Elapsed: 21:16, vertices: 2618, facets final: 807, pending: 44313
I 1280.66] Elapsed: 21:21, vertices: 2628, facets final: 815, pending: 44327
I 1285.73] Elapsed: 21:26, vertices: 2636, facets final: 819, pending: 44435
I 1290.92] Elapsed: 21:31, vertices: 2644, facets final: 830, pending: 44263
I 1296.14] Elapsed: 21:36, vertices: 2652, facets final: 835, pending: 44192
I 1301.25] Elapsed: 21:41, vertices: 2659, facets final: 840, pending: 43988
I 1306.30] Elapsed: 21:46, vertices: 2667, facets final: 844, pending: 44069
I 1311.68] Elapsed: 21:52, vertices: 2676, facets final: 856, pending: 43965
I 1316.71] Elapsed: 21:57, vertices: 2684, facets final: 860, pending: 43876
I 1321.91] Elapsed: 22:02, vertices: 2693, facets final: 862, pending: 43879
I 1326.26] recalculating facets...
I 1327.20] Elapsed: 22:07, vertices: 2701, facets final: 867, pending: 43948
I 1332.51] Elapsed: 22:13, vertices: 2710, facets final: 874, pending: 43962
I 1337.51] Elapsed: 22:18, vertices: 2718, facets final: 878, pending: 44024
I 1342.81] Elapsed: 22:23, vertices: 2724, facets final: 878, pending: 43916
I 1347.83] Elapsed: 22:28, vertices: 2731, facets final: 882, pending: 44005
I 1353.10] Elapsed: 22:33, vertices: 2738, facets final: 884, pending: 44005
I 1358.28] Elapsed: 22:38, vertices: 2747, facets final: 888, pending: 44134
I 1363.39] Elapsed: 22:43, vertices: 2755, facets final: 891, pending: 44158
I 1368.67] Elapsed: 22:49, vertices: 2763, facets final: 902, pending: 44011
I 1373.68] Elapsed: 22:54, vertices: 2771, facets final: 906, pending: 44142
I 1378.82] Elapsed: 22:59, vertices: 2779, facets final: 913, pending: 44142
I 1384.02] Elapsed: 23:04, vertices: 2786, facets final: 916, pending: 44044
I 1389.04] Elapsed: 23:09, vertices: 2795, facets final: 918, pending: 44000
I 1392.38] recalculating facets...
I 1394.20] Elapsed: 23:14, vertices: 2803, facets final: 922, pending: 44041
I 1399.40] Elapsed: 23:19, vertices: 2811, facets final: 934, pending: 44011
I 1404.51] Elapsed: 23:25, vertices: 2819, facets final: 935, pending: 44000
I 1409.86] Elapsed: 23:30, vertices: 2827, facets final: 942, pending: 44109
I 1415.05] Elapsed: 23:35, vertices: 2836, facets final: 954, pending: 44190
I 1420.62] Elapsed: 23:41, vertices: 2844, facets final: 958, pending: 44181
I 1425.77] Elapsed: 23:46, vertices: 2852, facets final: 962, pending: 44228
I 1430.87] Elapsed: 23:51, vertices: 2862, facets final: 968, pending: 44230
I 1435.98] Elapsed: 23:56, vertices: 2869, facets final: 973, pending: 44230
I 1441.11] Elapsed: 24:01, vertices: 2877, facets final: 977, pending: 44302
I 1446.29] Elapsed: 24:06, vertices: 2886, facets final: 983, pending: 44188
I 1451.48] Elapsed: 24:11, vertices: 2894, facets final: 988, pending: 44284
I 1455.69] recalculating facets...
I 1456.74] Elapsed: 24:17, vertices: 2901, facets final: 998, pending: 44174
I 1462.10] Elapsed: 24:22, vertices: 2910, facets final: 1007, pending: 44225
I 1467.12] Elapsed: 24:27, vertices: 2919, facets final: 1012, pending: 44189
I 1472.18] Elapsed: 24:32, vertices: 2927, facets final: 1021, pending: 44121
I 1477.34] Elapsed: 24:37, vertices: 2934, facets final: 1023, pending: 44261
I 1482.54] Elapsed: 24:43, vertices: 2944, facets final: 1029, pending: 44215
I 1487.88] Elapsed: 24:48, vertices: 2952, facets final: 1033, pending: 44276
I 1493.06] Elapsed: 24:53, vertices: 2961, facets final: 1040, pending: 44336
I 1498.26] Elapsed: 24:58, vertices: 2968, facets final: 1046, pending: 44260
I 1503.36] Elapsed: 25:03, vertices: 2976, facets final: 1051, pending: 44283
I 1508.66] Elapsed: 25:09, vertices: 2983, facets final: 1053, pending: 44414
I 1513.99] Elapsed: 25:14, vertices: 2993, facets final: 1063, pending: 44435
I 1519.18] Elapsed: 25:19, vertices: 3000, facets final: 1066, pending: 44523
I 1519.59] recalculating facets...
I 1524.27] Elapsed: 25:24, vertices: 3008, facets final: 1072, pending: 44481
I 1529.50] Elapsed: 25:30, vertices: 3016, facets final: 1076, pending: 44584
I 1534.66] Elapsed: 25:35, vertices: 3025, facets final: 1081, pending: 44574
I 1539.87] Elapsed: 25:40, vertices: 3033, facets final: 1087, pending: 44548
I 1544.87] Elapsed: 25:45, vertices: 3040, facets final: 1090, pending: 44548
I 1550.33] Elapsed: 25:50, vertices: 3049, facets final: 1093, pending: 44396
I 1555.96] Elapsed: 25:56, vertices: 3056, facets final: 1096, pending: 44340
I 1561.27] Elapsed: 26:01, vertices: 3063, facets final: 1103, pending: 44384
I 1566.53] Elapsed: 26:07, vertices: 3071, facets final: 1107, pending: 44365
I 1571.59] Elapsed: 26:12, vertices: 3079, facets final: 1111, pending: 44333
I 1577.71] Elapsed: 26:18, vertices: 3087, facets final: 1116, pending: 44198
I 1582.75] Elapsed: 26:23, vertices: 3094, facets final: 1120, pending: 44170
I 1587.04] recalculating facets...
I 1587.80] Elapsed: 26:28, vertices: 3101, facets final: 1124, pending: 44082
I 1592.89] Elapsed: 26:33, vertices: 3108, facets final: 1130, pending: 44031
I 1597.90] Elapsed: 26:38, vertices: 3115, facets final: 1132, pending: 43926
I 1603.00] Elapsed: 26:43, vertices: 3121, facets final: 1136, pending: 44002
I 1608.04] Elapsed: 26:48, vertices: 3130, facets final: 1144, pending: 44014
I 1613.19] Elapsed: 26:53, vertices: 3138, facets final: 1151, pending: 44005
I 1618.23] Elapsed: 26:58, vertices: 3145, facets final: 1155, pending: 44111
I 1623.25] Elapsed: 27:03, vertices: 3154, facets final: 1158, pending: 44130
I 1628.49] Elapsed: 27:08, vertices: 3162, facets final: 1166, pending: 44061
I 1633.49] Elapsed: 27:13, vertices: 3170, facets final: 1169, pending: 44069
I 1638.53] Elapsed: 27:19, vertices: 3179, facets final: 1175, pending: 44182
I 1644.06] Elapsed: 27:24, vertices: 3189, facets final: 1181, pending: 44201
I 1649.40] Elapsed: 27:29, vertices: 3197, facets final: 1189, pending: 44124
I 1651.36] recalculating facets...
I 1654.53] Elapsed: 27:35, vertices: 3205, facets final: 1192, pending: 44191
I 1659.83] Elapsed: 27:40, vertices: 3213, facets final: 1193, pending: 44106
I 1665.02] Elapsed: 27:45, vertices: 3221, facets final: 1199, pending: 44006
I 1670.30] Elapsed: 27:50, vertices: 3230, facets final: 1203, pending: 43916
I 1675.46] Elapsed: 27:55, vertices: 3238, facets final: 1206, pending: 43862
I 1680.47] Elapsed: 28:00, vertices: 3245, facets final: 1216, pending: 43707
I 1685.67] Elapsed: 28:06, vertices: 3254, facets final: 1223, pending: 43782
I 1690.79] Elapsed: 28:11, vertices: 3263, facets final: 1233, pending: 43653
I 1695.79] Elapsed: 28:16, vertices: 3271, facets final: 1247, pending: 43590
I 1700.98] Elapsed: 28:21, vertices: 3280, facets final: 1252, pending: 43553
I 1706.02] Elapsed: 28:26, vertices: 3288, facets final: 1257, pending: 43574
I 1711.02] Elapsed: 28:31, vertices: 3297, facets final: 1262, pending: 43654
I 1712.64] recalculating facets...
recalculate_facet: numerical instability at facet 22591, coord 0 (-2.70902e-06)
recalculate_facet: numerical instability at facet 22591, coord 4 (2.7005e-06)
recalculate_facet: numerical instability at facet 22855, coord 0 (-3.3328e-06)
recalculate_facet: numerical instability at facet 22855, coord 4 (2.95781e-06)
recalculate_facet: numerical instability at facet 22855, coord 5 (-1.03083e-06)
I 1716.13] Elapsed: 28:36, vertices: 3305, facets final: 1262, pending: 43656
I 1721.44] Elapsed: 28:41, vertices: 3313, facets final: 1267, pending: 43656
I 1726.69] Elapsed: 28:47, vertices: 3321, facets final: 1277, pending: 43515
I 1732.02] Elapsed: 28:52, vertices: 3330, facets final: 1280, pending: 43558
I 1737.13] Elapsed: 28:57, vertices: 3337, facets final: 1287, pending: 43591
I 1742.52] Elapsed: 29:03, vertices: 3346, facets final: 1293, pending: 43504
I 1747.92] Elapsed: 29:08, vertices: 3354, facets final: 1294, pending: 43577
I 1753.01] Elapsed: 29:13, vertices: 3362, facets final: 1302, pending: 43507
I 1758.29] Elapsed: 29:18, vertices: 3370, facets final: 1305, pending: 43605
I 1763.38] Elapsed: 29:23, vertices: 3379, facets final: 1313, pending: 43672
I 1768.46] Elapsed: 29:28, vertices: 3387, facets final: 1315, pending: 43631
I 1773.58] Elapsed: 29:34, vertices: 3396, facets final: 1320, pending: 43616
I 1776.23] recalculating facets...
recalculate_facet: numerical instability at facet 20199, coord 0 (6.49164e-06)
recalculate_facet: numerical instability at facet 20199, coord 1 (-1.02436e-06)
recalculate_facet: numerical instability at facet 20199, coord 2 (1.07799e-06)
recalculate_facet: numerical instability at facet 20199, coord 3 (5.21217e-06)
recalculate_facet: numerical instability at facet 20199, coord 4 (-9.89652e-06)
recalculate_facet: numerical instability at facet 20199, coord 5 (-1.13364e-06)
recalculate_facet: numerical instability at facet 20716, coord 0 (5.47104e-06)
recalculate_facet: numerical instability at facet 20716, coord 1 (-1.23483e-06)
recalculate_facet: numerical instability at facet 20716, coord 2 (1.27759e-06)
recalculate_facet: numerical instability at facet 20716, coord 3 (5.62221e-06)
recalculate_facet: numerical instability at facet 20716, coord 4 (-9.39063e-06)
recalculate_facet: numerical instability at facet 20716, coord 5 (-1.37355e-06)
I 1778.59] Elapsed: 29:39, vertices: 3403, facets final: 1325, pending: 43619
I 1783.77] Elapsed: 29:44, vertices: 3411, facets final: 1334, pending: 43607
I 1788.86] Elapsed: 29:49, vertices: 3419, facets final: 1340, pending: 43732
I 1793.94] Elapsed: 29:54, vertices: 3427, facets final: 1344, pending: 43710
I 1799.18] Elapsed: 29:59, vertices: 3436, facets final: 1353, pending: 43722
I 1804.46] Elapsed: 30:04, vertices: 3444, facets final: 1358, pending: 43756
I 1809.46] Elapsed: 30:09, vertices: 3450, facets final: 1362, pending: 43827
I 1814.59] Elapsed: 30:15, vertices: 3458, facets final: 1373, pending: 43811
I 1819.61] Elapsed: 30:20, vertices: 3465, facets final: 1381, pending: 43730
I 1825.07] Elapsed: 30:25, vertices: 3474, facets final: 1386, pending: 43579
I 1830.34] Elapsed: 30:30, vertices: 3482, facets final: 1392, pending: 43565
I 1835.44] Elapsed: 30:35, vertices: 3491, facets final: 1405, pending: 43429
I 1840.63] Elapsed: 30:41, vertices: 3498, facets final: 1412, pending: 43276
I 1842.37] recalculating facets...
I 1845.85] Elapsed: 30:46, vertices: 3506, facets final: 1416, pending: 43165
I 1851.02] Elapsed: 30:51, vertices: 3515, facets final: 1418, pending: 43223
I 1856.35] Elapsed: 30:56, vertices: 3523, facets final: 1424, pending: 43084
I 1861.39] Elapsed: 31:01, vertices: 3532, facets final: 1429, pending: 43097
I 1866.61] Elapsed: 31:07, vertices: 3541, facets final: 1446, pending: 43052
I 1871.65] Elapsed: 31:12, vertices: 3549, facets final: 1449, pending: 43068
I 1876.66] Elapsed: 31:17, vertices: 3557, facets final: 1457, pending: 43118
I 1881.74] Elapsed: 31:22, vertices: 3566, facets final: 1467, pending: 43075
I 1886.93] Elapsed: 31:27, vertices: 3574, facets final: 1471, pending: 43005
I 1892.02] Elapsed: 31:32, vertices: 3583, facets final: 1475, pending: 42949
I 1897.31] Elapsed: 31:37, vertices: 3590, facets final: 1482, pending: 42958
I 1902.52] Elapsed: 31:43, vertices: 3598, facets final: 1491, pending: 42991
I 1903.88] recalculating facets...
I 1907.87] Elapsed: 31:48, vertices: 3605, facets final: 1496, pending: 42882
I 1912.88] Elapsed: 31:53, vertices: 3614, facets final: 1507, pending: 42801
I 1917.99] Elapsed: 31:58, vertices: 3625, facets final: 1513, pending: 42695
I 1923.34] Elapsed: 32:03, vertices: 3631, facets final: 1523, pending: 42764
I 1928.34] Elapsed: 32:08, vertices: 3639, facets final: 1526, pending: 42789
I 1933.50] Elapsed: 32:14, vertices: 3647, facets final: 1536, pending: 42766
I 1938.89] Elapsed: 32:19, vertices: 3657, facets final: 1542, pending: 42745
I 1944.00] Elapsed: 32:24, vertices: 3667, facets final: 1549, pending: 42734
I 1949.05] Elapsed: 32:29, vertices: 3675, facets final: 1556, pending: 42701
I 1954.26] Elapsed: 32:34, vertices: 3683, facets final: 1566, pending: 42589
I 1959.52] Elapsed: 32:40, vertices: 3692, facets final: 1572, pending: 42619
I 1964.09] recalculating facets...
I 1964.56] Elapsed: 32:45, vertices: 3701, facets final: 1579, pending: 42630
I 1969.59] Elapsed: 32:50, vertices: 3710, facets final: 1588, pending: 42698
I 1974.74] Elapsed: 32:55, vertices: 3718, facets final: 1602, pending: 42634
I 1980.10] Elapsed: 33:00, vertices: 3727, facets final: 1610, pending: 42620
I 1985.13] Elapsed: 33:05, vertices: 3736, facets final: 1616, pending: 42639
I 1990.20] Elapsed: 33:10, vertices: 3744, facets final: 1625, pending: 42641
I 1995.23] Elapsed: 33:15, vertices: 3751, facets final: 1645, pending: 42578
I 2000.43] Elapsed: 33:20, vertices: 3759, facets final: 1654, pending: 42526
I 2005.67] Elapsed: 33:26, vertices: 3768, facets final: 1666, pending: 42422
I 2011.08] Elapsed: 33:31, vertices: 3778, facets final: 1672, pending: 42478
I 2016.20] Elapsed: 33:36, vertices: 3786, facets final: 1678, pending: 42408
I 2021.40] Elapsed: 33:41, vertices: 3794, facets final: 1686, pending: 42393
I 2024.47] recalculating facets...
I 2026.51] Elapsed: 33:47, vertices: 3803, facets final: 1701, pending: 42371
I 2031.68] Elapsed: 33:52, vertices: 3812, facets final: 1709, pending: 42381
I 2036.82] Elapsed: 33:57, vertices: 3821, facets final: 1714, pending: 42459
I 2042.13] Elapsed: 34:02, vertices: 3830, facets final: 1728, pending: 42444
I 2047.50] Elapsed: 34:08, vertices: 3839, facets final: 1733, pending: 42506
I 2052.84] Elapsed: 34:13, vertices: 3848, facets final: 1737, pending: 42537
I 2058.10] Elapsed: 34:18, vertices: 3857, facets final: 1751, pending: 42500
I 2063.40] Elapsed: 34:23, vertices: 3866, facets final: 1759, pending: 42502
I 2068.75] Elapsed: 34:29, vertices: 3876, facets final: 1764, pending: 42545
I 2074.08] Elapsed: 34:34, vertices: 3883, facets final: 1772, pending: 42580
I 2079.24] Elapsed: 34:39, vertices: 3892, facets final: 1781, pending: 42503
I 2084.31] Elapsed: 34:44, vertices: 3900, facets final: 1789, pending: 42591
I 2084.70] recalculating facets...
I 2089.37] Elapsed: 34:49, vertices: 3907, facets final: 1797, pending: 42602
I 2094.70] Elapsed: 34:55, vertices: 3916, facets final: 1806, pending: 42529
I 2099.78] Elapsed: 35:00, vertices: 3926, facets final: 1812, pending: 42448
I 2105.13] Elapsed: 35:05, vertices: 3933, facets final: 1823, pending: 42349
I 2110.18] Elapsed: 35:10, vertices: 3943, facets final: 1828, pending: 42272
I 2115.48] Elapsed: 35:15, vertices: 3952, facets final: 1836, pending: 42364
I 2120.78] Elapsed: 35:21, vertices: 3961, facets final: 1848, pending: 42365
I 2126.09] Elapsed: 35:26, vertices: 3969, facets final: 1861, pending: 42314
I 2131.15] Elapsed: 35:31, vertices: 3978, facets final: 1871, pending: 42283
I 2136.15] Elapsed: 35:36, vertices: 3986, facets final: 1878, pending: 42314
I 2141.33] Elapsed: 35:41, vertices: 3994, facets final: 1885, pending: 42244
I 2144.50] recalculating facets...
I 2146.72] Elapsed: 35:47, vertices: 4004, facets final: 1891, pending: 42170
I 2151.72] Elapsed: 35:52, vertices: 4012, facets final: 1896, pending: 42151
I 2157.23] Elapsed: 35:57, vertices: 4022, facets final: 1905, pending: 42110
I 2162.52] Elapsed: 36:03, vertices: 4031, facets final: 1913, pending: 42093
I 2167.56] Elapsed: 36:08, vertices: 4040, facets final: 1921, pending: 42190
I 2172.81] Elapsed: 36:13, vertices: 4049, facets final: 1932, pending: 42075
I 2177.92] Elapsed: 36:18, vertices: 4059, facets final: 1940, pending: 42108
I 2182.99] Elapsed: 36:23, vertices: 4069, facets final: 1953, pending: 42108
I 2188.08] Elapsed: 36:28, vertices: 4078, facets final: 1969, pending: 42000
I 2193.13] Elapsed: 36:33, vertices: 4086, facets final: 1975, pending: 42015
I 2198.46] Elapsed: 36:38, vertices: 4095, facets final: 1980, pending: 41968
I 2200.88] recalculating facets...
I 2203.81] Elapsed: 36:44, vertices: 4105, facets final: 1987, pending: 41961
I 2208.94] Elapsed: 36:49, vertices: 4115, facets final: 1994, pending: 41938
I 2214.06] Elapsed: 36:54, vertices: 4124, facets final: 2006, pending: 41958
I 2219.24] Elapsed: 36:59, vertices: 4132, facets final: 2013, pending: 41988
I 2224.39] Elapsed: 37:04, vertices: 4140, facets final: 2023, pending: 41970
I 2229.53] Elapsed: 37:10, vertices: 4149, facets final: 2032, pending: 41913
I 2234.80] Elapsed: 37:15, vertices: 4158, facets final: 2047, pending: 41897
I 2239.87] Elapsed: 37:20, vertices: 4168, facets final: 2056, pending: 41801
I 2244.93] Elapsed: 37:25, vertices: 4176, facets final: 2060, pending: 41790
I 2250.54] Elapsed: 37:31, vertices: 4185, facets final: 2068, pending: 41733
I 2255.95] Elapsed: 37:36, vertices: 4193, facets final: 2080, pending: 41743
I 2260.74] recalculating facets...
I 2261.16] Elapsed: 37:41, vertices: 4201, facets final: 2086, pending: 41730
I 2266.51] Elapsed: 37:47, vertices: 4210, facets final: 2099, pending: 41704
I 2271.52] Elapsed: 37:52, vertices: 4219, facets final: 2105, pending: 41655
I 2276.80] Elapsed: 37:57, vertices: 4227, facets final: 2110, pending: 41748
I 2281.80] Elapsed: 38:02, vertices: 4237, facets final: 2117, pending: 41709
I 2286.84] Elapsed: 38:07, vertices: 4244, facets final: 2128, pending: 41608
I 2292.19] Elapsed: 38:12, vertices: 4253, facets final: 2132, pending: 41746
I 2297.51] Elapsed: 38:18, vertices: 4260, facets final: 2146, pending: 41765
I 2302.70] Elapsed: 38:23, vertices: 4268, facets final: 2151, pending: 41878
I 2307.80] Elapsed: 38:28, vertices: 4276, facets final: 2166, pending: 41895
I 2312.96] Elapsed: 38:33, vertices: 4285, facets final: 2169, pending: 41801
I 2318.18] Elapsed: 38:38, vertices: 4293, facets final: 2183, pending: 41798
I 2322.51] recalculating facets...
recalculate_facet: numerical instability at facet 47506, coord 0 (5.34484e-06)
recalculate_facet: numerical instability at facet 47506, coord 1 (-1.24075e-06)
recalculate_facet: numerical instability at facet 47506, coord 2 (1.30633e-06)
recalculate_facet: numerical instability at facet 47506, coord 3 (5.65687e-06)
recalculate_facet: numerical instability at facet 47506, coord 4 (-9.31338e-06)
recalculate_facet: numerical instability at facet 47506, coord 5 (-1.3862e-06)
I 2323.27] Elapsed: 38:43, vertices: 4301, facets final: 2191, pending: 41759
I 2328.54] Elapsed: 38:49, vertices: 4310, facets final: 2202, pending: 41697
I 2333.85] Elapsed: 38:54, vertices: 4318, facets final: 2212, pending: 41638
I 2338.98] Elapsed: 38:59, vertices: 4326, facets final: 2220, pending: 41599
I 2344.08] Elapsed: 39:04, vertices: 4336, facets final: 2242, pending: 41606
I 2349.10] Elapsed: 39:09, vertices: 4344, facets final: 2248, pending: 41542
I 2354.10] Elapsed: 39:14, vertices: 4351, facets final: 2255, pending: 41493
I 2359.90] Elapsed: 39:20, vertices: 4360, facets final: 2261, pending: 41530
I 2365.06] Elapsed: 39:25, vertices: 4368, facets final: 2275, pending: 41470
I 2370.19] Elapsed: 39:30, vertices: 4377, facets final: 2290, pending: 41439
I 2375.19] Elapsed: 39:35, vertices: 4386, facets final: 2294, pending: 41385
I 2380.20] Elapsed: 39:40, vertices: 4393, facets final: 2305, pending: 41310
I 2383.77] recalculating facets...
I 2385.56] Elapsed: 39:46, vertices: 4403, facets final: 2314, pending: 41314
I 2390.77] Elapsed: 39:51, vertices: 4412, facets final: 2327, pending: 41348
I 2395.88] Elapsed: 39:56, vertices: 4420, facets final: 2342, pending: 41371
I 2400.90] Elapsed: 40:01, vertices: 4428, facets final: 2350, pending: 41488
I 2405.97] Elapsed: 40:06, vertices: 4436, facets final: 2355, pending: 41469
I 2411.13] Elapsed: 40:11, vertices: 4444, facets final: 2364, pending: 41477
I 2416.26] Elapsed: 40:16, vertices: 4453, facets final: 2377, pending: 41537
I 2421.32] Elapsed: 40:21, vertices: 4460, facets final: 2389, pending: 41628
I 2426.52] Elapsed: 40:27, vertices: 4469, facets final: 2403, pending: 41607
I 2431.82] Elapsed: 40:32, vertices: 4479, facets final: 2418, pending: 41558
I 2437.18] Elapsed: 40:37, vertices: 4488, facets final: 2426, pending: 41524
I 2442.48] Elapsed: 40:42, vertices: 4498, facets final: 2431, pending: 41510
I 2443.74] recalculating facets...
I 2447.48] Elapsed: 40:47, vertices: 4507, facets final: 2434, pending: 41548
I 2452.61] Elapsed: 40:53, vertices: 4514, facets final: 2449, pending: 41511
I 2457.95] Elapsed: 40:58, vertices: 4523, facets final: 2462, pending: 41506
I 2463.03] Elapsed: 41:03, vertices: 4532, facets final: 2475, pending: 41480
I 2468.30] Elapsed: 41:08, vertices: 4540, facets final: 2484, pending: 41475
I 2473.56] Elapsed: 41:14, vertices: 4550, facets final: 2493, pending: 41407
I 2478.67] Elapsed: 41:19, vertices: 4559, facets final: 2505, pending: 41408
I 2483.93] Elapsed: 41:24, vertices: 4568, facets final: 2519, pending: 41351
I 2488.99] Elapsed: 41:29, vertices: 4577, facets final: 2537, pending: 41242
I 2494.03] Elapsed: 41:34, vertices: 4586, facets final: 2551, pending: 41248
I 2499.13] Elapsed: 41:39, vertices: 4595, facets final: 2562, pending: 41208
I 2502.02] recalculating facets...
I 2504.18] Elapsed: 41:44, vertices: 4604, facets final: 2574, pending: 41204
I 2509.94] Elapsed: 41:50, vertices: 4612, facets final: 2588, pending: 41215
I 2515.05] Elapsed: 41:55, vertices: 4621, facets final: 2595, pending: 41254
I 2520.07] Elapsed: 42:00, vertices: 4629, facets final: 2604, pending: 41260
I 2525.09] Elapsed: 42:05, vertices: 4638, facets final: 2610, pending: 41349
I 2530.45] Elapsed: 42:10, vertices: 4646, facets final: 2621, pending: 41361
I 2535.53] Elapsed: 42:16, vertices: 4654, facets final: 2640, pending: 41264
I 2540.81] Elapsed: 42:21, vertices: 4664, facets final: 2656, pending: 41327
I 2545.90] Elapsed: 42:26, vertices: 4672, facets final: 2665, pending: 41270
I 2551.15] Elapsed: 42:31, vertices: 4681, facets final: 2684, pending: 41175
I 2556.51] Elapsed: 42:37, vertices: 4690, facets final: 2689, pending: 41189
I 2561.59] Elapsed: 42:42, vertices: 4699, facets final: 2703, pending: 41174
I 2562.09] recalculating facets...
I 2566.91] Elapsed: 42:47, vertices: 4709, facets final: 2715, pending: 41168
I 2572.09] Elapsed: 42:52, vertices: 4717, facets final: 2727, pending: 41151
I 2577.10] Elapsed: 42:57, vertices: 4726, facets final: 2740, pending: 41095
I 2582.21] Elapsed: 43:02, vertices: 4735, facets final: 2749, pending: 41061
I 2587.50] Elapsed: 43:08, vertices: 4743, facets final: 2768, pending: 41022
I 2592.69] Elapsed: 43:13, vertices: 4753, facets final: 2783, pending: 40990
I 2597.70] Elapsed: 43:18, vertices: 4763, facets final: 2793, pending: 41004
I 2602.98] Elapsed: 43:23, vertices: 4771, facets final: 2807, pending: 40946
I 2608.13] Elapsed: 43:28, vertices: 4780, facets final: 2818, pending: 40898
I 2613.56] Elapsed: 43:34, vertices: 4788, facets final: 2825, pending: 40904
I 2618.80] Elapsed: 43:39, vertices: 4797, facets final: 2836, pending: 40869
I 2620.45] recalculating facets...
I 2624.03] Elapsed: 43:44, vertices: 4807, facets final: 2842, pending: 40841
I 2629.04] Elapsed: 43:49, vertices: 4816, facets final: 2850, pending: 40808
I 2634.24] Elapsed: 43:54, vertices: 4826, facets final: 2857, pending: 40728
I 2639.37] Elapsed: 43:59, vertices: 4836, facets final: 2869, pending: 40697
I 2644.51] Elapsed: 44:05, vertices: 4845, facets final: 2880, pending: 40633
I 2649.81] Elapsed: 44:10, vertices: 4854, facets final: 2889, pending: 40597
I 2655.19] Elapsed: 44:15, vertices: 4862, facets final: 2896, pending: 40539
I 2660.37] Elapsed: 44:20, vertices: 4872, facets final: 2907, pending: 40483
I 2665.45] Elapsed: 44:25, vertices: 4882, facets final: 2918, pending: 40417
I 2670.70] Elapsed: 44:31, vertices: 4890, facets final: 2925, pending: 40320
I 2675.77] Elapsed: 44:36, vertices: 4898, facets final: 2936, pending: 40311
I 2676.91] recalculating facets...
I 2680.86] Elapsed: 44:41, vertices: 4907, facets final: 2943, pending: 40287
I 2686.03] Elapsed: 44:46, vertices: 4916, facets final: 2956, pending: 40195
I 2691.09] Elapsed: 44:51, vertices: 4925, facets final: 2960, pending: 40158
I 2696.41] Elapsed: 44:56, vertices: 4934, facets final: 2970, pending: 40180
I 2701.49] Elapsed: 45:01, vertices: 4943, facets final: 2983, pending: 40094
I 2706.71] Elapsed: 45:07, vertices: 4952, facets final: 2994, pending: 40155
I 2711.72] Elapsed: 45:12, vertices: 4961, facets final: 3001, pending: 40111
I 2716.75] Elapsed: 45:17, vertices: 4970, facets final: 3023, pending: 40005
I 2722.11] Elapsed: 45:22, vertices: 4978, facets final: 3027, pending: 39941
I 2727.20] Elapsed: 45:27, vertices: 4987, facets final: 3038, pending: 39933
I 2732.53] Elapsed: 45:33, vertices: 4996, facets final: 3063, pending: 39879
I 2734.62] recalculating facets...
I 2737.66] Elapsed: 45:38, vertices: 5005, facets final: 3075, pending: 39881
I 2742.77] Elapsed: 45:43, vertices: 5015, facets final: 3093, pending: 39843
I 2747.83] Elapsed: 45:48, vertices: 5024, facets final: 3101, pending: 39768
I 2753.03] Elapsed: 45:53, vertices: 5032, facets final: 3112, pending: 39738
I 2758.30] Elapsed: 45:58, vertices: 5042, facets final: 3122, pending: 39690
I 2763.52] Elapsed: 46:04, vertices: 5050, facets final: 3137, pending: 39679
I 2768.77] Elapsed: 46:09, vertices: 5059, facets final: 3169, pending: 39656
I 2774.10] Elapsed: 46:14, vertices: 5069, facets final: 3188, pending: 39584
I 2779.11] Elapsed: 46:19, vertices: 5079, facets final: 3201, pending: 39560
I 2784.11] Elapsed: 46:24, vertices: 5088, facets final: 3213, pending: 39515
I 2789.19] Elapsed: 46:29, vertices: 5096, facets final: 3232, pending: 39549
I 2791.86] recalculating facets...
I 2794.26] Elapsed: 46:34, vertices: 5104, facets final: 3237, pending: 39579
I 2799.50] Elapsed: 46:40, vertices: 5112, facets final: 3249, pending: 39534
I 2804.80] Elapsed: 46:45, vertices: 5120, facets final: 3266, pending: 39480
I 2809.81] Elapsed: 46:50, vertices: 5129, facets final: 3299, pending: 39438
I 2814.81] Elapsed: 46:55, vertices: 5136, facets final: 3312, pending: 39311
I 2820.43] Elapsed: 47:00, vertices: 5145, facets final: 3324, pending: 39213
I 2825.56] Elapsed: 47:06, vertices: 5153, facets final: 3341, pending: 39203
I 2830.60] Elapsed: 47:11, vertices: 5162, facets final: 3348, pending: 39174
I 2835.70] Elapsed: 47:16, vertices: 5170, facets final: 3356, pending: 39159
I 2841.01] Elapsed: 47:21, vertices: 5180, facets final: 3369, pending: 39097
I 2846.23] Elapsed: 47:26, vertices: 5188, facets final: 3378, pending: 39043
I 2851.23] Elapsed: 47:31, vertices: 5198, facets final: 3393, pending: 39007
I 2852.32] recalculating facets...
I 2856.45] Elapsed: 47:36, vertices: 5207, facets final: 3413, pending: 38954
I 2861.79] Elapsed: 47:42, vertices: 5217, facets final: 3423, pending: 38978
I 2866.86] Elapsed: 47:47, vertices: 5227, facets final: 3442, pending: 38978
I 2872.14] Elapsed: 47:52, vertices: 5236, facets final: 3461, pending: 38893
I 2877.23] Elapsed: 47:57, vertices: 5245, facets final: 3474, pending: 38891
I 2882.26] Elapsed: 48:02, vertices: 5254, facets final: 3480, pending: 38803
I 2887.38] Elapsed: 48:07, vertices: 5262, facets final: 3487, pending: 38739
I 2892.55] Elapsed: 48:13, vertices: 5270, facets final: 3493, pending: 38767
I 2897.86] Elapsed: 48:18, vertices: 5280, facets final: 3510, pending: 38701
I 2902.90] Elapsed: 48:23, vertices: 5289, facets final: 3524, pending: 38702
I 2907.93] Elapsed: 48:28, vertices: 5298, facets final: 3542, pending: 38702
I 2909.08] recalculating facets...
I 2913.04] Elapsed: 48:33, vertices: 5308, facets final: 3554, pending: 38711
I 2918.13] Elapsed: 48:38, vertices: 5316, facets final: 3573, pending: 38641
I 2923.32] Elapsed: 48:43, vertices: 5325, facets final: 3601, pending: 38628
I 2928.32] Elapsed: 48:48, vertices: 5335, facets final: 3614, pending: 38577
I 2933.32] Elapsed: 48:53, vertices: 5343, facets final: 3618, pending: 38582
I 2938.36] Elapsed: 48:58, vertices: 5353, facets final: 3637, pending: 38513
I 2943.36] Elapsed: 49:03, vertices: 5362, facets final: 3648, pending: 38400
I 2948.39] Elapsed: 49:08, vertices: 5372, facets final: 3666, pending: 38387
I 2953.90] Elapsed: 49:14, vertices: 5382, facets final: 3698, pending: 38366
I 2959.11] Elapsed: 49:19, vertices: 5390, facets final: 3710, pending: 38318
I 2964.19] Elapsed: 49:24, vertices: 5400, facets final: 3721, pending: 38263
I 2964.57] recalculating facets...
I 2969.21] Elapsed: 49:29, vertices: 5408, facets final: 3739, pending: 38213
I 2974.32] Elapsed: 49:34, vertices: 5418, facets final: 3754, pending: 38108
I 2979.32] Elapsed: 49:39, vertices: 5428, facets final: 3784, pending: 38029
I 2984.47] Elapsed: 49:44, vertices: 5437, facets final: 3803, pending: 38013
I 2989.73] Elapsed: 49:50, vertices: 5448, facets final: 3815, pending: 37994
I 2995.05] Elapsed: 49:55, vertices: 5457, facets final: 3837, pending: 37908
I 3000.21] Elapsed: 50:00, vertices: 5466, facets final: 3845, pending: 37881
I 3005.48] Elapsed: 50:05, vertices: 5476, facets final: 3861, pending: 37797
I 3010.77] Elapsed: 50:11, vertices: 5486, facets final: 3881, pending: 37742
I 3015.82] Elapsed: 50:16, vertices: 5495, facets final: 3902, pending: 37714
I 3018.54] recalculating facets...
I 3020.83] Elapsed: 50:21, vertices: 5505, facets final: 3909, pending: 37673
I 3025.88] Elapsed: 50:26, vertices: 5514, facets final: 3931, pending: 37672
I 3030.90] Elapsed: 50:31, vertices: 5523, facets final: 3943, pending: 37681
I 3036.16] Elapsed: 50:36, vertices: 5532, facets final: 3964, pending: 37592
I 3041.52] Elapsed: 50:42, vertices: 5542, facets final: 3986, pending: 37584
I 3046.75] Elapsed: 50:47, vertices: 5550, facets final: 4008, pending: 37491
I 3051.75] Elapsed: 50:52, vertices: 5559, facets final: 4027, pending: 37486
I 3056.89] Elapsed: 50:57, vertices: 5567, facets final: 4049, pending: 37435
I 3062.09] Elapsed: 51:02, vertices: 5576, facets final: 4092, pending: 37404
I 3067.44] Elapsed: 51:07, vertices: 5586, facets final: 4103, pending: 37344
I 3072.49] Elapsed: 51:12, vertices: 5594, facets final: 4120, pending: 37368
I 3076.41] recalculating facets...
I 3077.59] Elapsed: 51:18, vertices: 5602, facets final: 4135, pending: 37293
I 3082.64] Elapsed: 51:23, vertices: 5611, facets final: 4166, pending: 37202
I 3087.75] Elapsed: 51:28, vertices: 5620, facets final: 4176, pending: 37205
I 3093.02] Elapsed: 51:33, vertices: 5629, facets final: 4187, pending: 37219
I 3098.04] Elapsed: 51:38, vertices: 5638, facets final: 4200, pending: 37133
I 3103.19] Elapsed: 51:43, vertices: 5646, facets final: 4213, pending: 37109
I 3108.48] Elapsed: 51:48, vertices: 5655, facets final: 4217, pending: 37111
I 3113.74] Elapsed: 51:54, vertices: 5665, facets final: 4234, pending: 37007
I 3118.98] Elapsed: 51:59, vertices: 5676, facets final: 4251, pending: 36980
I 3124.04] Elapsed: 52:04, vertices: 5685, facets final: 4264, pending: 37093
I 3129.11] Elapsed: 52:09, vertices: 5695, facets final: 4273, pending: 37073
I 3131.72] recalculating facets...
I 3134.17] Elapsed: 52:14, vertices: 5704, facets final: 4288, pending: 37049
I 3139.21] Elapsed: 52:19, vertices: 5714, facets final: 4315, pending: 36993
I 3144.33] Elapsed: 52:24, vertices: 5724, facets final: 4351, pending: 36926
I 3149.51] Elapsed: 52:30, vertices: 5735, facets final: 4376, pending: 36828
I 3154.63] Elapsed: 52:35, vertices: 5745, facets final: 4398, pending: 36813
I 3159.73] Elapsed: 52:40, vertices: 5756, facets final: 4411, pending: 36725
I 3164.95] Elapsed: 52:45, vertices: 5766, facets final: 4435, pending: 36660
I 3169.95] Elapsed: 52:50, vertices: 5776, facets final: 4456, pending: 36630
I 3175.10] Elapsed: 52:55, vertices: 5786, facets final: 4478, pending: 36563
I 3180.22] Elapsed: 53:00, vertices: 5796, facets final: 4504, pending: 36543
I 3182.01] recalculating facets...
I 3185.34] Elapsed: 53:05, vertices: 5806, facets final: 4518, pending: 36527
I 3190.54] Elapsed: 53:11, vertices: 5816, facets final: 4535, pending: 36505
I 3195.60] Elapsed: 53:16, vertices: 5826, facets final: 4547, pending: 36526
I 3200.80] Elapsed: 53:21, vertices: 5834, facets final: 4561, pending: 36425
I 3206.13] Elapsed: 53:26, vertices: 5842, facets final: 4578, pending: 36405
I 3211.30] Elapsed: 53:31, vertices: 5852, facets final: 4595, pending: 36369
I 3216.42] Elapsed: 53:36, vertices: 5861, facets final: 4625, pending: 36272
I 3221.72] Elapsed: 53:42, vertices: 5869, facets final: 4640, pending: 36204
I 3227.04] Elapsed: 53:47, vertices: 5879, facets final: 4669, pending: 36168
I 3232.26] Elapsed: 53:52, vertices: 5889, facets final: 4675, pending: 36174
I 3237.42] Elapsed: 53:57, vertices: 5900, facets final: 4706, pending: 36139
I 3237.44] recalculating facets...
I 3242.46] Elapsed: 54:02, vertices: 5910, facets final: 4712, pending: 36103
I 3247.58] Elapsed: 54:08, vertices: 5919, facets final: 4727, pending: 36026
I 3252.74] Elapsed: 54:13, vertices: 5929, facets final: 4753, pending: 35945
I 3257.83] Elapsed: 54:18, vertices: 5938, facets final: 4772, pending: 35917
I 3262.95] Elapsed: 54:23, vertices: 5947, facets final: 4791, pending: 35886
I 3267.95] Elapsed: 54:28, vertices: 5957, facets final: 4801, pending: 35874
I 3273.21] Elapsed: 54:33, vertices: 5966, facets final: 4816, pending: 35834
I 3278.35] Elapsed: 54:38, vertices: 5975, facets final: 4833, pending: 35839
I 3283.67] Elapsed: 54:44, vertices: 5985, facets final: 4850, pending: 35772
I 3288.71] Elapsed: 54:49, vertices: 5994, facets final: 4864, pending: 35766
I 3291.91] recalculating facets...
I 3293.91] Elapsed: 54:54, vertices: 6003, facets final: 4888, pending: 35723
I 3298.99] Elapsed: 54:59, vertices: 6012, facets final: 4930, pending: 35639
I 3304.00] Elapsed: 55:04, vertices: 6022, facets final: 4965, pending: 35539
I 3309.16] Elapsed: 55:09, vertices: 6032, facets final: 4983, pending: 35501
I 3314.52] Elapsed: 55:15, vertices: 6042, facets final: 5003, pending: 35498
I 3319.77] Elapsed: 55:20, vertices: 6052, facets final: 5040, pending: 35452
I 3325.02] Elapsed: 55:25, vertices: 6061, facets final: 5057, pending: 35422
I 3330.02] Elapsed: 55:30, vertices: 6072, facets final: 5071, pending: 35412
I 3335.24] Elapsed: 55:35, vertices: 6081, facets final: 5093, pending: 35362
I 3340.26] Elapsed: 55:40, vertices: 6091, facets final: 5121, pending: 35277
I 3345.28] Elapsed: 55:45, vertices: 6100, facets final: 5151, pending: 35211
I 3345.29] recalculating facets...
I 3350.28] Elapsed: 55:50, vertices: 6109, facets final: 5165, pending: 35227
I 3355.35] Elapsed: 55:55, vertices: 6119, facets final: 5183, pending: 35195
I 3360.36] Elapsed: 56:00, vertices: 6128, facets final: 5224, pending: 35147
I 3365.40] Elapsed: 56:05, vertices: 6137, facets final: 5234, pending: 35077
I 3370.49] Elapsed: 56:10, vertices: 6147, facets final: 5253, pending: 35059
I 3375.51] Elapsed: 56:16, vertices: 6155, facets final: 5289, pending: 35045
I 3380.63] Elapsed: 56:21, vertices: 6165, facets final: 5311, pending: 35006
I 3385.63] Elapsed: 56:26, vertices: 6176, facets final: 5323, pending: 35024
I 3390.68] Elapsed: 56:31, vertices: 6186, facets final: 5347, pending: 35014
I 3395.85] Elapsed: 56:36, vertices: 6197, facets final: 5372, pending: 34954
I 3397.30] recalculating facets...
I 3401.00] Elapsed: 56:41, vertices: 6207, facets final: 5403, pending: 34912
I 3406.31] Elapsed: 56:46, vertices: 6218, facets final: 5455, pending: 34798
I 3411.64] Elapsed: 56:52, vertices: 6228, facets final: 5493, pending: 34750
I 3416.71] Elapsed: 56:57, vertices: 6238, facets final: 5508, pending: 34675
I 3422.03] Elapsed: 57:02, vertices: 6248, facets final: 5534, pending: 34650
I 3427.15] Elapsed: 57:07, vertices: 6259, facets final: 5560, pending: 34572
I 3432.18] Elapsed: 57:12, vertices: 6268, facets final: 5588, pending: 34495
I 3437.37] Elapsed: 57:17, vertices: 6279, facets final: 5621, pending: 34383
I 3443.01] Elapsed: 57:23, vertices: 6290, facets final: 5642, pending: 34326
I 3448.06] Elapsed: 57:28, vertices: 6299, facets final: 5672, pending: 34220
I 3448.94] recalculating facets...
I 3453.18] Elapsed: 57:33, vertices: 6309, facets final: 5701, pending: 34182
I 3458.26] Elapsed: 57:38, vertices: 6319, facets final: 5726, pending: 34149
I 3463.47] Elapsed: 57:43, vertices: 6329, facets final: 5744, pending: 34098
I 3468.55] Elapsed: 57:49, vertices: 6339, facets final: 5779, pending: 34061
I 3473.70] Elapsed: 57:54, vertices: 6349, facets final: 5821, pending: 33980
I 3478.82] Elapsed: 57:59, vertices: 6359, facets final: 5840, pending: 33894
I 3483.94] Elapsed: 58:04, vertices: 6370, facets final: 5889, pending: 33864
I 3489.01] Elapsed: 58:09, vertices: 6381, facets final: 5919, pending: 33796
I 3494.02] Elapsed: 58:14, vertices: 6392, facets final: 5948, pending: 33751
I 3498.48] recalculating facets...
I 3499.23] Elapsed: 58:19, vertices: 6401, facets final: 5985, pending: 33669
I 3504.25] Elapsed: 58:24, vertices: 6411, facets final: 6007, pending: 33661
I 3509.59] Elapsed: 58:30, vertices: 6422, facets final: 6030, pending: 33633
I 3514.66] Elapsed: 58:35, vertices: 6433, facets final: 6052, pending: 33580
I 3519.89] Elapsed: 58:40, vertices: 6442, facets final: 6092, pending: 33500
I 3525.19] Elapsed: 58:45, vertices: 6452, facets final: 6109, pending: 33459
I 3530.40] Elapsed: 58:50, vertices: 6462, facets final: 6141, pending: 33423
I 3535.57] Elapsed: 58:56, vertices: 6472, facets final: 6168, pending: 33360
I 3540.65] Elapsed: 59:01, vertices: 6483, facets final: 6192, pending: 33246
I 3545.94] Elapsed: 59:06, vertices: 6493, facets final: 6213, pending: 33197
I 3549.02] recalculating facets...
I 3550.97] Elapsed: 59:11, vertices: 6504, facets final: 6253, pending: 33145
I 3556.29] Elapsed: 59:16, vertices: 6515, facets final: 6263, pending: 33140
I 3561.36] Elapsed: 59:21, vertices: 6524, facets final: 6295, pending: 33041
I 3566.68] Elapsed: 59:27, vertices: 6534, facets final: 6327, pending: 33015
I 3571.86] Elapsed: 59:32, vertices: 6545, facets final: 6351, pending: 32954
I 3577.15] Elapsed: 59:37, vertices: 6556, facets final: 6382, pending: 32871
I 3582.21] Elapsed: 59:42, vertices: 6566, facets final: 6419, pending: 32804
I 3587.55] Elapsed: 59:48, vertices: 6577, facets final: 6467, pending: 32733
I 3592.66] Elapsed: 59:53, vertices: 6588, facets final: 6502, pending: 32695
I 3597.92] Elapsed: 59:58, vertices: 6598, facets final: 6533, pending: 32678
I 3599.02] recalculating facets...
I 3603.18] Elapsed: 1:00:03, vertices: 6608, facets final: 6556, pending: 32669
I 3608.27] Elapsed: 1:00:08, vertices: 6619, facets final: 6568, pending: 32634
I 3613.42] Elapsed: 1:00:13, vertices: 6630, facets final: 6588, pending: 32552
I 3618.70] Elapsed: 1:00:19, vertices: 6641, facets final: 6619, pending: 32513
I 3623.78] Elapsed: 1:00:24, vertices: 6651, facets final: 6643, pending: 32467
I 3628.82] Elapsed: 1:00:29, vertices: 6661, facets final: 6672, pending: 32394
I 3634.04] Elapsed: 1:00:34, vertices: 6672, facets final: 6688, pending: 32326
I 3639.19] Elapsed: 1:00:39, vertices: 6683, facets final: 6705, pending: 32266
I 3644.22] Elapsed: 1:00:44, vertices: 6693, facets final: 6734, pending: 32202
I 3647.53] recalculating facets...
I 3649.33] Elapsed: 1:00:49, vertices: 6703, facets final: 6764, pending: 32146
I 3654.69] Elapsed: 1:00:55, vertices: 6714, facets final: 6801, pending: 32040
I 3659.97] Elapsed: 1:01:00, vertices: 6725, facets final: 6847, pending: 31951
I 3664.97] Elapsed: 1:01:05, vertices: 6734, facets final: 6895, pending: 31899
I 3669.97] Elapsed: 1:01:10, vertices: 6744, facets final: 6921, pending: 31821
I 3675.19] Elapsed: 1:01:15, vertices: 6755, facets final: 6942, pending: 31802
I 3680.28] Elapsed: 1:01:20, vertices: 6766, facets final: 6974, pending: 31735
I 3685.61] Elapsed: 1:01:26, vertices: 6777, facets final: 6994, pending: 31671
I 3690.65] Elapsed: 1:01:31, vertices: 6788, facets final: 7047, pending: 31602
I 3695.96] Elapsed: 1:01:36, vertices: 6798, facets final: 7108, pending: 31509
I 3696.99] recalculating facets...
I 3701.06] Elapsed: 1:01:41, vertices: 6808, facets final: 7138, pending: 31467
I 3706.35] Elapsed: 1:01:46, vertices: 6818, facets final: 7171, pending: 31429
I 3711.69] Elapsed: 1:01:52, vertices: 6828, facets final: 7211, pending: 31347
I 3717.03] Elapsed: 1:01:57, vertices: 6839, facets final: 7258, pending: 31254
I 3722.20] Elapsed: 1:02:02, vertices: 6850, facets final: 7288, pending: 31191
I 3727.21] Elapsed: 1:02:07, vertices: 6861, facets final: 7305, pending: 31103
I 3732.21] Elapsed: 1:02:12, vertices: 6870, facets final: 7337, pending: 31047
I 3737.36] Elapsed: 1:02:17, vertices: 6881, facets final: 7363, pending: 31002
I 3742.40] Elapsed: 1:02:22, vertices: 6891, facets final: 7406, pending: 30914
I 3746.79] recalculating facets...
I 3747.45] Elapsed: 1:02:27, vertices: 6901, facets final: 7431, pending: 30860
I 3752.51] Elapsed: 1:02:33, vertices: 6911, facets final: 7462, pending: 30832
I 3757.54] Elapsed: 1:02:38, vertices: 6921, facets final: 7498, pending: 30755
I 3762.86] Elapsed: 1:02:43, vertices: 6932, facets final: 7545, pending: 30714
I 3768.18] Elapsed: 1:02:48, vertices: 6942, facets final: 7577, pending: 30631
I 3773.54] Elapsed: 1:02:54, vertices: 6953, facets final: 7619, pending: 30573
I 3778.57] Elapsed: 1:02:59, vertices: 6963, facets final: 7652, pending: 30523
I 3783.77] Elapsed: 1:03:04, vertices: 6973, facets final: 7693, pending: 30457
I 3789.13] Elapsed: 1:03:09, vertices: 6984, facets final: 7722, pending: 30393
I 3794.14] Elapsed: 1:03:14, vertices: 6995, facets final: 7773, pending: 30324
I 3797.16] recalculating facets...
I 3799.38] Elapsed: 1:03:19, vertices: 7004, facets final: 7808, pending: 30284
I 3804.71] Elapsed: 1:03:25, vertices: 7014, facets final: 7861, pending: 30237
I 3809.79] Elapsed: 1:03:30, vertices: 7024, facets final: 7894, pending: 30183
I 3815.12] Elapsed: 1:03:35, vertices: 7035, facets final: 7977, pending: 30064
I 3820.12] Elapsed: 1:03:40, vertices: 7046, facets final: 8008, pending: 29985
I 3825.22] Elapsed: 1:03:45, vertices: 7056, facets final: 8062, pending: 29893
I 3830.40] Elapsed: 1:03:50, vertices: 7068, facets final: 8108, pending: 29854
I 3835.50] Elapsed: 1:03:56, vertices: 7081, facets final: 8148, pending: 29778
I 3840.50] Elapsed: 1:04:01, vertices: 7093, facets final: 8209, pending: 29656
I 3843.69] recalculating facets...
I 3845.52] Elapsed: 1:04:06, vertices: 7104, facets final: 8252, pending: 29596
I 3850.52] Elapsed: 1:04:11, vertices: 7116, facets final: 8296, pending: 29562
I 3855.72] Elapsed: 1:04:16, vertices: 7128, facets final: 8390, pending: 29458
I 3860.72] Elapsed: 1:04:21, vertices: 7141, facets final: 8423, pending: 29403
I 3865.72] Elapsed: 1:04:26, vertices: 7152, facets final: 8505, pending: 29322
I 3870.90] Elapsed: 1:04:31, vertices: 7163, facets final: 8545, pending: 29251
I 3876.17] Elapsed: 1:04:36, vertices: 7176, facets final: 8597, pending: 29160
I 3881.32] Elapsed: 1:04:41, vertices: 7188, facets final: 8651, pending: 29075
I 3886.37] Elapsed: 1:04:46, vertices: 7200, facets final: 8698, pending: 29010
I 3886.37] recalculating facets...
I 3891.51] Elapsed: 1:04:52, vertices: 7212, facets final: 8741, pending: 28979
I 3896.76] Elapsed: 1:04:57, vertices: 7224, facets final: 8805, pending: 28886
I 3901.77] Elapsed: 1:05:02, vertices: 7237, facets final: 8876, pending: 28813
I 3906.77] Elapsed: 1:05:07, vertices: 7249, facets final: 8916, pending: 28756
I 3911.99] Elapsed: 1:05:12, vertices: 7261, facets final: 8960, pending: 28663
I 3917.07] Elapsed: 1:05:17, vertices: 7273, facets final: 8998, pending: 28583
I 3922.25] Elapsed: 1:05:22, vertices: 7286, facets final: 9038, pending: 28512
I 3927.41] Elapsed: 1:05:27, vertices: 7298, facets final: 9098, pending: 28418
I 3928.27] recalculating facets...
I 3932.67] Elapsed: 1:05:33, vertices: 7310, facets final: 9145, pending: 28330
I 3937.67] Elapsed: 1:05:38, vertices: 7321, facets final: 9225, pending: 28229
I 3942.67] Elapsed: 1:05:43, vertices: 7332, facets final: 9277, pending: 28192
I 3947.70] Elapsed: 1:05:48, vertices: 7344, facets final: 9368, pending: 28067
I 3952.78] Elapsed: 1:05:53, vertices: 7356, facets final: 9411, pending: 27982
I 3957.83] Elapsed: 1:05:58, vertices: 7367, facets final: 9519, pending: 27844
I 3962.96] Elapsed: 1:06:03, vertices: 7379, facets final: 9585, pending: 27835
I 3968.02] Elapsed: 1:06:08, vertices: 7391, facets final: 9665, pending: 27751
I 3972.02] recalculating facets...
I 3973.10] Elapsed: 1:06:13, vertices: 7402, facets final: 9727, pending: 27673
I 3978.26] Elapsed: 1:06:18, vertices: 7414, facets final: 9814, pending: 27562
I 3983.27] Elapsed: 1:06:23, vertices: 7426, facets final: 9880, pending: 27454
I 3988.54] Elapsed: 1:06:29, vertices: 7438, facets final: 9969, pending: 27333
I 3993.66] Elapsed: 1:06:34, vertices: 7450, facets final: 10031, pending: 27266
I 3998.69] Elapsed: 1:06:39, vertices: 7461, facets final: 10090, pending: 27171
I 4003.97] Elapsed: 1:06:44, vertices: 7473, facets final: 10173, pending: 27082
I 4008.97] Elapsed: 1:06:49, vertices: 7485, facets final: 10222, pending: 27021
I 4014.11] Elapsed: 1:06:54, vertices: 7497, facets final: 10268, pending: 26961
I 4015.82] recalculating facets...
I 4019.22] Elapsed: 1:06:59, vertices: 7506, facets final: 10374, pending: 26865
I 4024.26] Elapsed: 1:07:04, vertices: 7518, facets final: 10451, pending: 26757
I 4029.32] Elapsed: 1:07:09, vertices: 7530, facets final: 10508, pending: 26697
I 4034.46] Elapsed: 1:07:14, vertices: 7541, facets final: 10668, pending: 26506
I 4039.53] Elapsed: 1:07:20, vertices: 7553, facets final: 10721, pending: 26422
I 4044.65] Elapsed: 1:07:25, vertices: 7565, facets final: 10771, pending: 26342
I 4049.91] Elapsed: 1:07:30, vertices: 7577, facets final: 10839, pending: 26255
I 4055.20] Elapsed: 1:07:35, vertices: 7589, facets final: 10910, pending: 26139
I 4060.19] recalculating facets...
I 4060.50] Elapsed: 1:07:41, vertices: 7601, facets final: 10997, pending: 25996
I 4065.53] Elapsed: 1:07:46, vertices: 7612, facets final: 11086, pending: 25894
I 4070.65] Elapsed: 1:07:51, vertices: 7623, facets final: 11151, pending: 25774
I 4075.97] Elapsed: 1:07:56, vertices: 7635, facets final: 11206, pending: 25714
I 4080.99] Elapsed: 1:08:01, vertices: 7646, facets final: 11318, pending: 25619
I 4086.15] Elapsed: 1:08:06, vertices: 7658, facets final: 11379, pending: 25516
I 4091.28] Elapsed: 1:08:11, vertices: 7670, facets final: 11445, pending: 25451
I 4096.43] Elapsed: 1:08:16, vertices: 7682, facets final: 11512, pending: 25324
I 4101.66] Elapsed: 1:08:22, vertices: 7693, facets final: 11661, pending: 25118
I 4104.64] recalculating facets...
I 4106.67] Elapsed: 1:08:27, vertices: 7705, facets final: 11773, pending: 24980
I 4111.70] Elapsed: 1:08:32, vertices: 7716, facets final: 11886, pending: 24844
I 4116.89] Elapsed: 1:08:37, vertices: 7727, facets final: 11941, pending: 24743
I 4121.99] Elapsed: 1:08:42, vertices: 7739, facets final: 12019, pending: 24631
I 4127.14] Elapsed: 1:08:47, vertices: 7751, facets final: 12088, pending: 24539
I 4132.22] Elapsed: 1:08:52, vertices: 7763, facets final: 12146, pending: 24487
I 4137.38] Elapsed: 1:08:57, vertices: 7775, facets final: 12236, pending: 24367
I 4142.41] Elapsed: 1:09:02, vertices: 7787, facets final: 12365, pending: 24213
I 4147.58] Elapsed: 1:09:08, vertices: 7798, facets final: 12470, pending: 24075
I 4148.50] recalculating facets...
I 4152.79] Elapsed: 1:09:13, vertices: 7809, facets final: 12614, pending: 23921
I 4157.79] Elapsed: 1:09:18, vertices: 7821, facets final: 12677, pending: 23827
I 4162.99] Elapsed: 1:09:23, vertices: 7832, facets final: 12817, pending: 23665
I 4168.07] Elapsed: 1:09:28, vertices: 7844, facets final: 12893, pending: 23543
I 4173.21] Elapsed: 1:09:33, vertices: 7856, facets final: 12963, pending: 23468
I 4178.25] Elapsed: 1:09:38, vertices: 7868, facets final: 13069, pending: 23346
I 4183.37] Elapsed: 1:09:43, vertices: 7880, facets final: 13167, pending: 23226
I 4188.63] Elapsed: 1:09:49, vertices: 7892, facets final: 13301, pending: 23064
I 4192.24] recalculating facets...
I 4193.75] Elapsed: 1:09:54, vertices: 7903, facets final: 13382, pending: 22991
I 4198.91] Elapsed: 1:09:59, vertices: 7915, facets final: 13493, pending: 22878
I 4204.20] Elapsed: 1:10:04, vertices: 7927, facets final: 13570, pending: 22808
I 4209.42] Elapsed: 1:10:09, vertices: 7938, facets final: 13756, pending: 22597
I 4214.42] Elapsed: 1:10:14, vertices: 7949, facets final: 13883, pending: 22459
I 4219.76] Elapsed: 1:10:20, vertices: 7961, facets final: 14010, pending: 22334
I 4224.78] Elapsed: 1:10:25, vertices: 7973, facets final: 14102, pending: 22223
I 4229.99] Elapsed: 1:10:30, vertices: 7985, facets final: 14214, pending: 22101
I 4235.02] Elapsed: 1:10:35, vertices: 7997, facets final: 14315, pending: 21996
I 4236.29] recalculating facets...
I 4240.11] Elapsed: 1:10:40, vertices: 8008, facets final: 14420, pending: 21894
I 4245.40] Elapsed: 1:10:45, vertices: 8020, facets final: 14558, pending: 21761
I 4250.41] Elapsed: 1:10:50, vertices: 8031, facets final: 14704, pending: 21604
I 4255.68] Elapsed: 1:10:56, vertices: 8043, facets final: 14805, pending: 21489
I 4260.74] Elapsed: 1:11:01, vertices: 8054, facets final: 14998, pending: 21270
I 4266.02] Elapsed: 1:11:06, vertices: 8065, facets final: 15146, pending: 21113
I 4271.21] Elapsed: 1:11:11, vertices: 8076, facets final: 15336, pending: 20900
I 4276.47] Elapsed: 1:11:16, vertices: 8088, facets final: 15455, pending: 20766
I 4281.57] Elapsed: 1:11:22, vertices: 8100, facets final: 15543, pending: 20655
I 4281.60] recalculating facets...
I 4286.58] Elapsed: 1:11:27, vertices: 8111, facets final: 15668, pending: 20497
I 4291.68] Elapsed: 1:11:32, vertices: 8122, facets final: 15778, pending: 20373
I 4296.83] Elapsed: 1:11:37, vertices: 8133, facets final: 15936, pending: 20190
I 4301.88] Elapsed: 1:11:42, vertices: 8144, facets final: 16104, pending: 20004
I 4307.11] Elapsed: 1:11:47, vertices: 8155, facets final: 16218, pending: 19859
I 4312.11] Elapsed: 1:11:52, vertices: 8166, facets final: 16334, pending: 19725
I 4317.11] Elapsed: 1:11:57, vertices: 8177, facets final: 16467, pending: 19570
I 4322.41] Elapsed: 1:12:02, vertices: 8188, facets final: 16611, pending: 19417
I 4327.62] Elapsed: 1:12:08, vertices: 8200, facets final: 16719, pending: 19335
I 4327.66] recalculating facets...
I 4332.62] Elapsed: 1:12:13, vertices: 8210, facets final: 16871, pending: 19177
I 4337.92] Elapsed: 1:12:18, vertices: 8221, facets final: 17054, pending: 18973
I 4342.92] Elapsed: 1:12:23, vertices: 8232, facets final: 17221, pending: 18789
I 4348.17] Elapsed: 1:12:28, vertices: 8244, facets final: 17337, pending: 18675
I 4353.50] Elapsed: 1:12:34, vertices: 8256, facets final: 17495, pending: 18502
I 4358.64] Elapsed: 1:12:39, vertices: 8267, facets final: 17672, pending: 18304
I 4363.65] Elapsed: 1:12:44, vertices: 8279, facets final: 17788, pending: 18163
I 4368.65] Elapsed: 1:12:49, vertices: 8289, facets final: 17962, pending: 17969
I 4373.65] Elapsed: 1:12:54, vertices: 8300, facets final: 18106, pending: 17813
I 4373.79] recalculating facets...
I 4378.80] Elapsed: 1:12:59, vertices: 8310, facets final: 18320, pending: 17586
I 4384.05] Elapsed: 1:13:04, vertices: 8322, facets final: 18459, pending: 17426
I 4389.28] Elapsed: 1:13:09, vertices: 8334, facets final: 18584, pending: 17269
I 4394.32] Elapsed: 1:13:14, vertices: 8345, facets final: 18751, pending: 17091
I 4399.32] Elapsed: 1:13:19, vertices: 8355, facets final: 18971, pending: 16854
I 4404.36] Elapsed: 1:13:24, vertices: 8367, facets final: 19090, pending: 16722
I 4409.52] Elapsed: 1:13:30, vertices: 8378, facets final: 19209, pending: 16579
I 4414.81] Elapsed: 1:13:35, vertices: 8388, facets final: 19520, pending: 16244
I 4420.01] Elapsed: 1:13:40, vertices: 8400, facets final: 19657, pending: 16101
I 4420.03] recalculating facets...
I 4425.04] Elapsed: 1:13:45, vertices: 8411, facets final: 19774, pending: 15976
I 4430.36] Elapsed: 1:13:50, vertices: 8423, facets final: 19895, pending: 15853
I 4435.36] Elapsed: 1:13:55, vertices: 8434, facets final: 19998, pending: 15744
I 4440.53] Elapsed: 1:14:01, vertices: 8445, facets final: 20163, pending: 15546
I 4445.53] Elapsed: 1:14:06, vertices: 8456, facets final: 20342, pending: 15354
I 4450.53] Elapsed: 1:14:11, vertices: 8466, facets final: 20572, pending: 15104
I 4455.57] Elapsed: 1:14:16, vertices: 8477, facets final: 20784, pending: 14891
I 4460.57] Elapsed: 1:14:21, vertices: 8488, facets final: 20921, pending: 14731
I 4465.77] Elapsed: 1:14:26, vertices: 8500, facets final: 21036, pending: 14602
I 4465.95] recalculating facets...
I 4470.95] Elapsed: 1:14:31, vertices: 8510, facets final: 21264, pending: 14360
I 4476.19] Elapsed: 1:14:36, vertices: 8521, facets final: 21474, pending: 14120
I 4481.21] Elapsed: 1:14:41, vertices: 8532, facets final: 21660, pending: 13915
I 4486.21] Elapsed: 1:14:46, vertices: 8541, facets final: 22014, pending: 13557
I 4491.29] Elapsed: 1:14:51, vertices: 8552, facets final: 22197, pending: 13351
I 4496.29] Elapsed: 1:14:56, vertices: 8563, facets final: 22358, pending: 13169
I 4501.53] Elapsed: 1:15:02, vertices: 8574, facets final: 22578, pending: 12943
I 4506.53] Elapsed: 1:15:07, vertices: 8584, facets final: 22836, pending: 12664
I 4511.83] Elapsed: 1:15:12, vertices: 8595, facets final: 23063, pending: 12419
I 4514.40] recalculating facets...
I 4516.83] Elapsed: 1:15:17, vertices: 8604, facets final: 23348, pending: 12119
I 4521.90] Elapsed: 1:15:22, vertices: 8614, facets final: 23636, pending: 11829
I 4526.90] Elapsed: 1:15:27, vertices: 8625, facets final: 23882, pending: 11570
I 4532.21] Elapsed: 1:15:32, vertices: 8634, facets final: 24223, pending: 11204
I 4537.21] Elapsed: 1:15:37, vertices: 8643, facets final: 24597, pending: 10833
I 4542.22] Elapsed: 1:15:42, vertices: 8653, facets final: 24847, pending: 10560
I 4547.40] Elapsed: 1:15:47, vertices: 8664, facets final: 25082, pending: 10305
I 4552.62] Elapsed: 1:15:53, vertices: 8674, facets final: 25427, pending: 9942
I 4557.62] Elapsed: 1:15:58, vertices: 8684, facets final: 25729, pending: 9633
I 4562.91] Elapsed: 1:16:03, vertices: 8695, facets final: 25958, pending: 9386
I 4565.45] recalculating facets...
I 4568.01] Elapsed: 1:16:08, vertices: 8705, facets final: 26209, pending: 9121
I 4573.12] Elapsed: 1:16:13, vertices: 8715, facets final: 26531, pending: 8794
I 4578.41] Elapsed: 1:16:18, vertices: 8726, facets final: 26776, pending: 8526
I 4583.68] Elapsed: 1:16:24, vertices: 8738, facets final: 26969, pending: 8315
I 4588.70] Elapsed: 1:16:29, vertices: 8748, facets final: 27243, pending: 8024
I 4593.70] Elapsed: 1:16:34, vertices: 8757, facets final: 27634, pending: 7624
I 4598.70] Elapsed: 1:16:39, vertices: 8766, facets final: 28023, pending: 7222
I 4603.70] Elapsed: 1:16:44, vertices: 8775, facets final: 28407, pending: 6829
I 4609.01] Elapsed: 1:16:49, vertices: 8785, facets final: 28773, pending: 6444
I 4614.26] Elapsed: 1:16:54, vertices: 8795, facets final: 29120, pending: 6079
I 4617.25] recalculating facets...
I 4619.46] Elapsed: 1:16:59, vertices: 8804, facets final: 29509, pending: 5684
I 4624.46] Elapsed: 1:17:04, vertices: 8813, facets final: 29914, pending: 5277
I 4629.46] Elapsed: 1:17:09, vertices: 8822, facets final: 30302, pending: 4885
I 4634.60] Elapsed: 1:17:15, vertices: 8832, facets final: 30627, pending: 4547
I 4639.60] Elapsed: 1:17:20, vertices: 8842, facets final: 30966, pending: 4205
I 4644.62] Elapsed: 1:17:25, vertices: 8852, facets final: 31282, pending: 3874
I 4649.62] Elapsed: 1:17:30, vertices: 8862, facets final: 31625, pending: 3521
I 4654.65] Elapsed: 1:17:35, vertices: 8872, facets final: 31982, pending: 3151
I 4659.65] Elapsed: 1:17:40, vertices: 8882, facets final: 32365, pending: 2759
I 4664.65] Elapsed: 1:17:45, vertices: 8893, facets final: 32670, pending: 2453
I 4667.63] recalculating facets...
I 4669.86] Elapsed: 1:17:50, vertices: 8905, facets final: 32894, pending: 2218
I 4675.09] Elapsed: 1:17:55, vertices: 8918, facets final: 33129, pending: 1970
I 4680.28] Elapsed: 1:18:00, vertices: 8931, facets final: 33377, pending: 1702
I 4685.28] Elapsed: 1:18:05, vertices: 8945, facets final: 33608, pending: 1460
I 4690.35] Elapsed: 1:18:10, vertices: 8958, facets final: 33818, pending: 1238
I 4695.37] Elapsed: 1:18:15, vertices: 8973, facets final: 34008, pending: 1039
I 4700.59] Elapsed: 1:18:21, vertices: 8990, facets final: 34141, pending: 894
I 4703.51] recalculating facets...
I 4705.77] Elapsed: 1:18:26, vertices: 9007, facets final: 34249, pending: 785
I 4710.83] Elapsed: 1:18:31, vertices: 9025, facets final: 34359, pending: 657
I 4715.94] Elapsed: 1:18:36, vertices: 9045, facets final: 34462, pending: 546
I 4720.94] Elapsed: 1:18:41, vertices: 9067, facets final: 34538, pending: 456
I 4726.04] Elapsed: 1:18:46, vertices: 9090, facets final: 34624, pending: 343
I 4728.05] recalculating facets...
I 4731.05] Elapsed: 1:18:51, vertices: 9114, facets final: 34695, pending: 259
I 4736.13] Elapsed: 1:18:56, vertices: 9142, facets final: 34751, pending: 207
I 4741.16] Elapsed: 1:19:01, vertices: 9174, facets final: 34791, pending: 158
I 4743.78] recalculating facets...
I 4746.17] Elapsed: 1:19:06, vertices: 9231, facets final: 34879, pending: 43
I 4747.32] Elapsed: 1:19:07, vertices: 9250, facets final: 34901, pending: 0

--------------------------------
Problem completed
 name                    r23.vlp
 output                  rules/vlp/r23.res
 rows, cols, objs        12, 2400, 10
 vertices, facets        9250, 34901
 total time              1:19:07
--------------------------------
Statistics
LP:
 oracle calls            46667
   avg iterations/calls  7.05
 total oracle time       3:14
Combinatorics:
 vertices added          9250
 facets probed           88765
 facets # max            45724
 memory allocated        131.64M
 instability warnings    23
 storage expansion
   vertices # / upto     73 / 9340
   facets   # / upto     12 / 49148
 facet manipulating
   added avg / max       47.23 / 687.00
   compressed            268
 number of ridge tests
   avg / max             1.45M / 22.02M
--------------------------------
Parameters with non-default values
 VertexPoolSize = 200
