C applying rule 28 for ineq2rule.txt
I    5.02] Elapsed: 5.02, vertices: 44, facets final: 43, pending: 4626
I   10.12] Elapsed: 10.12, vertices: 69, facets final: 45, pending: 11139
I   15.15] Elapsed: 15.15, vertices: 83, facets final: 45, pending: 14072
I   20.31] Elapsed: 20.31, vertices: 96, facets final: 46, pending: 17001
I   22.39] recalculating facets...
I   25.32] Elapsed: 25.32, vertices: 106, facets final: 47, pending: 18794
I   31.25] Elapsed: 31.25, vertices: 116, facets final: 47, pending: 21900
I   36.29] Elapsed: 36.29, vertices: 123, facets final: 47, pending: 23147
I   41.71] Elapsed: 41.71, vertices: 132, facets final: 50, pending: 24957
I   46.77] Elapsed: 46.77, vertices: 138, facets final: 50, pending: 25746
I   51.93] Elapsed: 51.93, vertices: 144, facets final: 52, pending: 25840
I   57.08] Elapsed: 57.08, vertices: 151, facets final: 52, pending: 26566
I   62.19] Elapsed: 1:02, vertices: 158, facets final: 53, pending: 27889
I   67.32] Elapsed: 1:07, vertices: 165, facets final: 53, pending: 29031
I   72.32] Elapsed: 1:12, vertices: 172, facets final: 53, pending: 29559
I   77.41] Elapsed: 1:17, vertices: 179, facets final: 54, pending: 30571
I   82.55] Elapsed: 1:23, vertices: 184, facets final: 54, pending: 30148
I   87.67] Elapsed: 1:28, vertices: 190, facets final: 57, pending: 30716
I   92.92] Elapsed: 1:33, vertices: 196, facets final: 59, pending: 31724
I   96.95] recalculating facets...
I   98.00] Elapsed: 1:38, vertices: 201, facets final: 60, pending: 32080
I  103.00] Elapsed: 1:43, vertices: 206, facets final: 61, pending: 32470
I  108.32] Elapsed: 1:48, vertices: 212, facets final: 62, pending: 32499
I  113.32] Elapsed: 1:53, vertices: 218, facets final: 62, pending: 32679
I  118.64] Elapsed: 1:59, vertices: 224, facets final: 62, pending: 33536
I  123.78] Elapsed: 2:04, vertices: 231, facets final: 63, pending: 33491
I  128.87] Elapsed: 2:09, vertices: 238, facets final: 64, pending: 34028
I  134.19] Elapsed: 2:14, vertices: 244, facets final: 64, pending: 34589
I  139.42] Elapsed: 2:19, vertices: 249, facets final: 66, pending: 34807
I  144.81] Elapsed: 2:25, vertices: 255, facets final: 67, pending: 35149
I  150.41] Elapsed: 2:30, vertices: 258, facets final: 68, pending: 34789
I  155.70] Elapsed: 2:36, vertices: 263, facets final: 69, pending: 35994
I  160.73] Elapsed: 2:41, vertices: 267, facets final: 70, pending: 37107
I  165.99] Elapsed: 2:46, vertices: 271, facets final: 70, pending: 37131
I  171.37] Elapsed: 2:51, vertices: 276, facets final: 71, pending: 37678
I  176.56] Elapsed: 2:57, vertices: 280, facets final: 71, pending: 38479
I  182.04] Elapsed: 3:02, vertices: 285, facets final: 71, pending: 38791
I  187.78] Elapsed: 3:08, vertices: 290, facets final: 73, pending: 39445
I  193.70] Elapsed: 3:14, vertices: 295, facets final: 73, pending: 39260
I  198.98] Elapsed: 3:19, vertices: 300, facets final: 75, pending: 39189
I  199.34] recalculating facets...
I  204.06] Elapsed: 3:24, vertices: 306, facets final: 78, pending: 39955
I  209.14] Elapsed: 3:29, vertices: 313, facets final: 78, pending: 40106
I  214.22] Elapsed: 3:34, vertices: 319, facets final: 82, pending: 40273
I  219.52] Elapsed: 3:40, vertices: 327, facets final: 87, pending: 39481
I  224.84] Elapsed: 3:45, vertices: 334, facets final: 89, pending: 40765
I  229.94] Elapsed: 3:50, vertices: 341, facets final: 91, pending: 41024
I  235.28] Elapsed: 3:55, vertices: 349, facets final: 91, pending: 41228
I  240.38] Elapsed: 4:00, vertices: 357, facets final: 92, pending: 41366
I  245.45] Elapsed: 4:05, vertices: 364, facets final: 96, pending: 41642
I  250.79] Elapsed: 4:11, vertices: 372, facets final: 102, pending: 40819
I  255.89] Elapsed: 4:16, vertices: 377, facets final: 104, pending: 40525
I  261.14] Elapsed: 4:21, vertices: 381, facets final: 104, pending: 40923
I  266.23] Elapsed: 4:26, vertices: 385, facets final: 105, pending: 40790
I  271.72] Elapsed: 4:32, vertices: 389, facets final: 105, pending: 40996
I  277.23] Elapsed: 4:37, vertices: 394, facets final: 108, pending: 41155
I  282.88] Elapsed: 4:43, vertices: 398, facets final: 110, pending: 41486
I  285.87] recalculating facets...
I  288.33] Elapsed: 4:48, vertices: 402, facets final: 114, pending: 41154
I  293.42] Elapsed: 4:53, vertices: 407, facets final: 118, pending: 41171
I  298.79] Elapsed: 4:59, vertices: 411, facets final: 118, pending: 41356
I  304.25] Elapsed: 5:04, vertices: 416, facets final: 120, pending: 41091
I  309.33] Elapsed: 5:09, vertices: 421, facets final: 120, pending: 41827
I  314.80] Elapsed: 5:15, vertices: 425, facets final: 123, pending: 42007
I  320.80] Elapsed: 5:21, vertices: 430, facets final: 125, pending: 42660
I  325.99] Elapsed: 5:26, vertices: 434, facets final: 129, pending: 42619
I  331.33] Elapsed: 5:31, vertices: 438, facets final: 131, pending: 42144
I  336.65] Elapsed: 5:37, vertices: 443, facets final: 132, pending: 42020
I  342.02] Elapsed: 5:42, vertices: 448, facets final: 136, pending: 42240
I  347.19] Elapsed: 5:47, vertices: 452, facets final: 140, pending: 42174
I  352.22] Elapsed: 5:52, vertices: 456, facets final: 141, pending: 41784
I  357.31] Elapsed: 5:57, vertices: 461, facets final: 141, pending: 41435
I  363.27] Elapsed: 6:03, vertices: 466, facets final: 142, pending: 41334
I  368.62] Elapsed: 6:09, vertices: 470, facets final: 143, pending: 41273
I  373.99] Elapsed: 6:14, vertices: 475, facets final: 143, pending: 41751
I  379.25] Elapsed: 6:19, vertices: 479, facets final: 145, pending: 41580
I  384.48] Elapsed: 6:24, vertices: 484, facets final: 145, pending: 41488
I  390.41] Elapsed: 6:30, vertices: 489, facets final: 146, pending: 41498
I  395.59] Elapsed: 6:36, vertices: 494, facets final: 147, pending: 41476
I  400.79] Elapsed: 6:41, vertices: 498, facets final: 152, pending: 41570
I  403.26] recalculating facets...
I  406.01] Elapsed: 6:46, vertices: 502, facets final: 153, pending: 41561
I  411.55] Elapsed: 6:52, vertices: 507, facets final: 154, pending: 41666
I  416.85] Elapsed: 6:57, vertices: 511, facets final: 158, pending: 41488
I  421.99] Elapsed: 7:02, vertices: 516, facets final: 160, pending: 41310
I  427.27] Elapsed: 7:07, vertices: 521, facets final: 161, pending: 41031
I  432.73] Elapsed: 7:13, vertices: 526, facets final: 162, pending: 40605
I  437.94] Elapsed: 7:18, vertices: 533, facets final: 163, pending: 40827
I  443.23] Elapsed: 7:23, vertices: 540, facets final: 167, pending: 40639
I  448.51] Elapsed: 7:29, vertices: 548, facets final: 170, pending: 40577
I  453.89] Elapsed: 7:34, vertices: 556, facets final: 173, pending: 40635
I  459.01] Elapsed: 7:39, vertices: 563, facets final: 175, pending: 40796
I  464.27] Elapsed: 7:44, vertices: 570, facets final: 178, pending: 40479
I  469.56] Elapsed: 7:50, vertices: 579, facets final: 181, pending: 40666
I  474.81] Elapsed: 7:55, vertices: 584, facets final: 185, pending: 40351
I  480.01] Elapsed: 8:00, vertices: 588, facets final: 188, pending: 40247
I  485.13] Elapsed: 8:05, vertices: 593, facets final: 190, pending: 39719
I  490.74] Elapsed: 8:11, vertices: 598, facets final: 191, pending: 39350
I  492.75] recalculating facets...
I  496.09] Elapsed: 8:16, vertices: 604, facets final: 192, pending: 39664
I  501.61] Elapsed: 8:22, vertices: 609, facets final: 196, pending: 39268
I  506.85] Elapsed: 8:27, vertices: 615, facets final: 201, pending: 38985
I  512.02] Elapsed: 8:32, vertices: 621, facets final: 205, pending: 39034
I  517.37] Elapsed: 8:37, vertices: 628, facets final: 207, pending: 38711
I  522.67] Elapsed: 8:43, vertices: 633, facets final: 214, pending: 38623
I  527.91] Elapsed: 8:48, vertices: 638, facets final: 218, pending: 38298
I  532.91] Elapsed: 8:53, vertices: 644, facets final: 222, pending: 38207
I  538.26] Elapsed: 8:58, vertices: 650, facets final: 229, pending: 37996
I  543.53] Elapsed: 9:04, vertices: 656, facets final: 230, pending: 37751
I  548.87] Elapsed: 9:09, vertices: 661, facets final: 234, pending: 37685
I  553.93] Elapsed: 9:14, vertices: 666, facets final: 235, pending: 37570
I  559.28] Elapsed: 9:19, vertices: 672, facets final: 242, pending: 37580
I  564.45] Elapsed: 9:24, vertices: 679, facets final: 246, pending: 37011
I  569.81] Elapsed: 9:30, vertices: 686, facets final: 247, pending: 36915
I  575.11] Elapsed: 9:35, vertices: 692, facets final: 254, pending: 36776
I  580.11] Elapsed: 9:40, vertices: 697, facets final: 255, pending: 36803
I  583.38] recalculating facets...
I  585.28] Elapsed: 9:45, vertices: 702, facets final: 257, pending: 36406
I  590.57] Elapsed: 9:51, vertices: 709, facets final: 258, pending: 36183
I  596.26] Elapsed: 9:56, vertices: 715, facets final: 269, pending: 36015
I  601.29] Elapsed: 10:01, vertices: 720, facets final: 271, pending: 35871
I  606.41] Elapsed: 10:06, vertices: 728, facets final: 278, pending: 35930
I  611.66] Elapsed: 10:12, vertices: 734, facets final: 285, pending: 35888
I  616.79] Elapsed: 10:17, vertices: 742, facets final: 293, pending: 35910
I  622.10] Elapsed: 10:22, vertices: 749, facets final: 298, pending: 35635
I  627.30] Elapsed: 10:27, vertices: 756, facets final: 312, pending: 35340
I  632.58] Elapsed: 10:33, vertices: 762, facets final: 321, pending: 35570
I  637.85] Elapsed: 10:38, vertices: 768, facets final: 325, pending: 35336
I  643.00] Elapsed: 10:43, vertices: 775, facets final: 326, pending: 35397
I  648.35] Elapsed: 10:48, vertices: 782, facets final: 329, pending: 35355
I  653.70] Elapsed: 10:54, vertices: 788, facets final: 334, pending: 35346
I  658.76] Elapsed: 10:59, vertices: 795, facets final: 341, pending: 34964
I  662.25] recalculating facets...
I  664.11] Elapsed: 11:04, vertices: 801, facets final: 342, pending: 35141
I  669.22] Elapsed: 11:09, vertices: 806, facets final: 348, pending: 35042
I  674.37] Elapsed: 11:14, vertices: 813, facets final: 353, pending: 35299
I  680.12] Elapsed: 11:20, vertices: 820, facets final: 360, pending: 35346
I  685.35] Elapsed: 11:25, vertices: 826, facets final: 363, pending: 35048
I  690.47] Elapsed: 11:30, vertices: 834, facets final: 374, pending: 35267
I  695.64] Elapsed: 11:36, vertices: 840, facets final: 378, pending: 35140
I  700.74] Elapsed: 11:41, vertices: 849, facets final: 386, pending: 34850
I  706.95] Elapsed: 11:47, vertices: 856, facets final: 392, pending: 34889
I  712.24] Elapsed: 11:52, vertices: 864, facets final: 396, pending: 34597
I  717.37] Elapsed: 11:57, vertices: 872, facets final: 404, pending: 34357
I  722.46] Elapsed: 12:02, vertices: 881, facets final: 422, pending: 34151
I  727.70] Elapsed: 12:08, vertices: 886, facets final: 426, pending: 34164
I  732.82] Elapsed: 12:13, vertices: 893, facets final: 434, pending: 34030
I  737.89] Elapsed: 12:18, vertices: 900, facets final: 440, pending: 33946
I  737.90] recalculating facets...
I  742.96] Elapsed: 12:23, vertices: 907, facets final: 450, pending: 33921
I  748.59] Elapsed: 12:29, vertices: 914, facets final: 455, pending: 33581
I  753.82] Elapsed: 12:34, vertices: 921, facets final: 460, pending: 33408
I  759.14] Elapsed: 12:39, vertices: 927, facets final: 470, pending: 33125
I  764.37] Elapsed: 12:44, vertices: 934, facets final: 476, pending: 33172
I  769.63] Elapsed: 12:50, vertices: 940, facets final: 481, pending: 33122
I  774.80] Elapsed: 12:55, vertices: 949, facets final: 487, pending: 32686
I  780.07] Elapsed: 13:00, vertices: 957, facets final: 498, pending: 32420
I  785.14] Elapsed: 13:05, vertices: 965, facets final: 517, pending: 32387
I  790.21] Elapsed: 13:10, vertices: 973, facets final: 523, pending: 32274
I  795.40] Elapsed: 13:15, vertices: 981, facets final: 528, pending: 32087
I  800.57] Elapsed: 13:21, vertices: 990, facets final: 540, pending: 32150
I  805.72] Elapsed: 13:26, vertices: 997, facets final: 545, pending: 32015
I  808.24] recalculating facets...
I  810.75] Elapsed: 13:31, vertices: 1003, facets final: 550, pending: 31839
I  815.80] Elapsed: 13:36, vertices: 1010, facets final: 557, pending: 31870
I  821.07] Elapsed: 13:41, vertices: 1017, facets final: 564, pending: 31765
I  826.46] Elapsed: 13:46, vertices: 1023, facets final: 570, pending: 31780
I  831.48] Elapsed: 13:51, vertices: 1031, facets final: 584, pending: 31461
I  836.51] Elapsed: 13:57, vertices: 1037, facets final: 600, pending: 31413
I  841.68] Elapsed: 14:02, vertices: 1045, facets final: 603, pending: 31477
I  846.96] Elapsed: 14:07, vertices: 1052, facets final: 608, pending: 31597
I  852.08] Elapsed: 14:12, vertices: 1060, facets final: 625, pending: 31300
I  857.21] Elapsed: 14:17, vertices: 1069, facets final: 649, pending: 31013
I  862.41] Elapsed: 14:22, vertices: 1077, facets final: 657, pending: 30682
I  867.55] Elapsed: 14:28, vertices: 1087, facets final: 673, pending: 30492
I  872.86] Elapsed: 14:33, vertices: 1095, facets final: 687, pending: 30370
I  876.13] recalculating facets...
I  877.86] Elapsed: 14:38, vertices: 1103, facets final: 697, pending: 30296
I  883.18] Elapsed: 14:43, vertices: 1113, facets final: 709, pending: 30049
I  888.25] Elapsed: 14:48, vertices: 1122, facets final: 723, pending: 29921
I  893.38] Elapsed: 14:53, vertices: 1128, facets final: 735, pending: 29683
I  898.50] Elapsed: 14:59, vertices: 1137, facets final: 755, pending: 29470
I  903.84] Elapsed: 15:04, vertices: 1146, facets final: 774, pending: 29431
I  909.04] Elapsed: 15:09, vertices: 1155, facets final: 791, pending: 29243
I  914.42] Elapsed: 15:14, vertices: 1163, facets final: 798, pending: 29109
I  919.75] Elapsed: 15:20, vertices: 1172, facets final: 813, pending: 29087
I  924.87] Elapsed: 15:25, vertices: 1179, facets final: 837, pending: 28959
I  930.03] Elapsed: 15:30, vertices: 1188, facets final: 847, pending: 28720
I  935.04] Elapsed: 15:35, vertices: 1196, facets final: 857, pending: 28540
I  937.52] recalculating facets...
I  940.25] Elapsed: 15:40, vertices: 1204, facets final: 870, pending: 28369
I  945.32] Elapsed: 15:45, vertices: 1212, facets final: 881, pending: 28144
I  950.67] Elapsed: 15:51, vertices: 1221, facets final: 901, pending: 28058
I  955.99] Elapsed: 15:56, vertices: 1229, facets final: 927, pending: 27950
I  961.37] Elapsed: 16:01, vertices: 1238, facets final: 943, pending: 27786
I  966.52] Elapsed: 16:07, vertices: 1248, facets final: 961, pending: 27647
I  971.64] Elapsed: 16:12, vertices: 1257, facets final: 984, pending: 27577
I  976.82] Elapsed: 16:17, vertices: 1264, facets final: 1003, pending: 27406
I  981.85] Elapsed: 16:22, vertices: 1274, facets final: 1023, pending: 27308
I  987.12] Elapsed: 16:27, vertices: 1286, facets final: 1055, pending: 27146
I  992.54] Elapsed: 16:33, vertices: 1297, facets final: 1066, pending: 27059
I  994.28] recalculating facets...
I  997.86] Elapsed: 16:38, vertices: 1308, facets final: 1091, pending: 26774
I 1002.98] Elapsed: 16:43, vertices: 1320, facets final: 1117, pending: 26529
I 1008.26] Elapsed: 16:48, vertices: 1331, facets final: 1135, pending: 26235
I 1013.29] Elapsed: 16:53, vertices: 1341, facets final: 1157, pending: 26035
I 1018.35] Elapsed: 16:58, vertices: 1353, facets final: 1191, pending: 25755
I 1023.38] Elapsed: 17:03, vertices: 1364, facets final: 1229, pending: 25574
I 1028.57] Elapsed: 17:09, vertices: 1374, facets final: 1281, pending: 25461
I 1033.57] Elapsed: 17:14, vertices: 1384, facets final: 1303, pending: 25397
I 1038.71] Elapsed: 17:19, vertices: 1395, facets final: 1325, pending: 25368
I 1040.79] recalculating facets...
I 1043.72] Elapsed: 17:24, vertices: 1407, facets final: 1355, pending: 25234
I 1048.74] Elapsed: 17:29, vertices: 1417, facets final: 1397, pending: 25122
I 1053.81] Elapsed: 17:34, vertices: 1428, facets final: 1434, pending: 24870
I 1058.88] Elapsed: 17:39, vertices: 1438, facets final: 1476, pending: 24781
I 1063.93] Elapsed: 17:44, vertices: 1449, facets final: 1510, pending: 24685
I 1068.93] Elapsed: 17:49, vertices: 1460, facets final: 1529, pending: 24621
I 1074.06] Elapsed: 17:54, vertices: 1471, facets final: 1559, pending: 24549
I 1079.18] Elapsed: 17:59, vertices: 1482, facets final: 1585, pending: 24272
I 1084.26] Elapsed: 18:04, vertices: 1491, facets final: 1608, pending: 24352
I 1089.32] Elapsed: 18:09, vertices: 1500, facets final: 1645, pending: 24167
I 1089.33] recalculating facets...
I 1094.44] Elapsed: 18:14, vertices: 1510, facets final: 1673, pending: 24137
I 1099.67] Elapsed: 18:20, vertices: 1520, facets final: 1695, pending: 23879
I 1104.67] Elapsed: 18:25, vertices: 1530, facets final: 1728, pending: 23697
I 1109.68] Elapsed: 18:30, vertices: 1541, facets final: 1785, pending: 23586
I 1114.68] Elapsed: 18:35, vertices: 1552, facets final: 1836, pending: 23419
I 1119.98] Elapsed: 18:40, vertices: 1562, facets final: 1865, pending: 23198
I 1125.07] Elapsed: 18:45, vertices: 1573, facets final: 1926, pending: 23081
I 1130.07] Elapsed: 18:50, vertices: 1585, facets final: 1992, pending: 22830
I 1135.32] Elapsed: 18:55, vertices: 1596, facets final: 2039, pending: 22745
I 1137.05] recalculating facets...
I 1140.32] Elapsed: 19:00, vertices: 1607, facets final: 2090, pending: 22517
I 1145.32] Elapsed: 19:05, vertices: 1619, facets final: 2137, pending: 22258
I 1150.49] Elapsed: 19:10, vertices: 1630, facets final: 2188, pending: 22039
I 1155.79] Elapsed: 19:16, vertices: 1642, facets final: 2269, pending: 21858
I 1160.82] Elapsed: 19:21, vertices: 1653, facets final: 2314, pending: 21887
I 1165.85] Elapsed: 19:26, vertices: 1665, facets final: 2376, pending: 21710
I 1170.91] Elapsed: 19:31, vertices: 1677, facets final: 2409, pending: 21541
I 1176.20] Elapsed: 19:36, vertices: 1688, facets final: 2455, pending: 21499
I 1181.20] Elapsed: 19:41, vertices: 1699, facets final: 2541, pending: 21343
I 1181.72] recalculating facets...
I 1186.47] Elapsed: 19:46, vertices: 1710, facets final: 2577, pending: 21214
I 1191.54] Elapsed: 19:52, vertices: 1721, facets final: 2679, pending: 21048
I 1196.54] Elapsed: 19:57, vertices: 1732, facets final: 2756, pending: 20881
I 1201.64] Elapsed: 20:02, vertices: 1743, facets final: 2877, pending: 20656
I 1206.76] Elapsed: 20:07, vertices: 1754, facets final: 2952, pending: 20582
I 1212.06] Elapsed: 20:12, vertices: 1765, facets final: 3070, pending: 20452
I 1217.20] Elapsed: 20:17, vertices: 1777, facets final: 3111, pending: 20343
I 1222.37] Elapsed: 20:22, vertices: 1787, facets final: 3227, pending: 20215
I 1227.65] Elapsed: 20:28, vertices: 1799, facets final: 3324, pending: 19977
I 1228.23] recalculating facets...
I 1232.65] Elapsed: 20:33, vertices: 1810, facets final: 3434, pending: 19870
I 1237.65] Elapsed: 20:38, vertices: 1821, facets final: 3513, pending: 19713
I 1242.96] Elapsed: 20:43, vertices: 1833, facets final: 3595, pending: 19599
I 1248.02] Elapsed: 20:48, vertices: 1844, facets final: 3741, pending: 19485
I 1253.19] Elapsed: 20:53, vertices: 1855, facets final: 3824, pending: 19400
I 1258.24] Elapsed: 20:58, vertices: 1866, facets final: 3937, pending: 19211
I 1263.42] Elapsed: 21:03, vertices: 1877, facets final: 4080, pending: 19004
I 1268.68] Elapsed: 21:09, vertices: 1889, facets final: 4159, pending: 18784
I 1272.54] recalculating facets...
I 1273.74] Elapsed: 21:14, vertices: 1903, facets final: 4308, pending: 18527
I 1278.76] Elapsed: 21:19, vertices: 1919, facets final: 4477, pending: 18213
I 1283.95] Elapsed: 21:24, vertices: 1934, facets final: 4692, pending: 17932
I 1289.01] Elapsed: 21:29, vertices: 1949, facets final: 4876, pending: 17727
I 1294.09] Elapsed: 21:34, vertices: 1963, facets final: 5105, pending: 17573
I 1299.12] Elapsed: 21:39, vertices: 1976, facets final: 5287, pending: 17245
I 1304.27] Elapsed: 21:44, vertices: 1990, facets final: 5476, pending: 16995
I 1307.64] recalculating facets...
I 1309.29] Elapsed: 21:49, vertices: 2004, facets final: 5662, pending: 16751
I 1314.51] Elapsed: 21:55, vertices: 2017, facets final: 5896, pending: 16455
I 1319.65] Elapsed: 22:00, vertices: 2031, facets final: 6157, pending: 16115
I 1324.76] Elapsed: 22:05, vertices: 2044, facets final: 6499, pending: 15694
I 1329.80] Elapsed: 22:10, vertices: 2057, facets final: 6767, pending: 15341
I 1334.87] Elapsed: 22:15, vertices: 2069, facets final: 7167, pending: 14850
I 1340.12] Elapsed: 22:20, vertices: 2082, facets final: 7560, pending: 14407
I 1345.12] Elapsed: 22:25, vertices: 2093, facets final: 7977, pending: 13893
I 1349.04] recalculating facets...
I 1350.12] Elapsed: 22:30, vertices: 2102, facets final: 8474, pending: 13298
I 1355.17] Elapsed: 22:35, vertices: 2114, facets final: 8870, pending: 12816
I 1360.26] Elapsed: 22:40, vertices: 2123, facets final: 9457, pending: 12206
I 1365.39] Elapsed: 22:45, vertices: 2134, facets final: 9940, pending: 11754
I 1370.39] Elapsed: 22:50, vertices: 2143, facets final: 10531, pending: 11117
I 1375.39] Elapsed: 22:55, vertices: 2152, facets final: 11101, pending: 10510
I 1380.39] Elapsed: 23:00, vertices: 2160, facets final: 11733, pending: 9861
I 1385.44] Elapsed: 23:05, vertices: 2169, facets final: 12307, pending: 9291
I 1390.45] Elapsed: 23:10, vertices: 2177, facets final: 12940, pending: 8612
I 1395.45] Elapsed: 23:15, vertices: 2185, facets final: 13555, pending: 7966
I 1400.45] Elapsed: 23:20, vertices: 2191, facets final: 14292, pending: 7199
I 1405.45] Elapsed: 23:25, vertices: 2198, facets final: 14965, pending: 6580
I 1407.08] recalculating facets...
I 1410.55] Elapsed: 23:31, vertices: 2205, facets final: 15637, pending: 5919
I 1415.55] Elapsed: 23:36, vertices: 2210, facets final: 16417, pending: 5130
I 1420.64] Elapsed: 23:41, vertices: 2218, facets final: 17135, pending: 4383
I 1425.64] Elapsed: 23:46, vertices: 2226, facets final: 17828, pending: 3714
I 1430.77] Elapsed: 23:51, vertices: 2235, facets final: 18499, pending: 3023
I 1435.77] Elapsed: 23:56, vertices: 2244, facets final: 19126, pending: 2367
I 1440.77] Elapsed: 24:01, vertices: 2254, facets final: 19650, pending: 1813
I 1445.89] Elapsed: 24:06, vertices: 2265, facets final: 20098, pending: 1348
I 1450.91] Elapsed: 24:11, vertices: 2278, facets final: 20379, pending: 1039
I 1455.91] Elapsed: 24:16, vertices: 2292, facets final: 20575, pending: 813
I 1458.97] recalculating facets...
I 1460.91] Elapsed: 24:21, vertices: 2306, facets final: 20691, pending: 659
I 1465.95] Elapsed: 24:26, vertices: 2320, facets final: 20775, pending: 535
I 1471.06] Elapsed: 24:31, vertices: 2335, facets final: 20848, pending: 457
I 1476.14] Elapsed: 24:36, vertices: 2348, facets final: 20898, pending: 422
I 1481.19] Elapsed: 24:41, vertices: 2360, facets final: 20929, pending: 433
I 1486.33] Elapsed: 24:46, vertices: 2374, facets final: 20967, pending: 368
I 1491.36] Elapsed: 24:51, vertices: 2390, facets final: 21020, pending: 339
I 1494.61] recalculating facets...
I 1496.40] Elapsed: 24:56, vertices: 2406, facets final: 21061, pending: 272
I 1501.42] Elapsed: 25:01, vertices: 2445, facets final: 21153, pending: 162
I 1503.98] Elapsed: 25:04, vertices: 2480, facets final: 21319, pending: 0

--------------------------------
Problem completed
 name                    r28.vlp
 output                  rules/vlp/r28.res
 rows, cols, objs        12, 2423, 10
 vertices, facets        2480, 21319
 total time              25:04
--------------------------------
Statistics
LP:
 oracle calls            36993
   avg iterations/calls  5.17
 total oracle time       2:35
Combinatorics:
 vertices added          2480
 facets probed           57561
 facets # max            42836
 memory allocated        37.12M
 storage expansion
   vertices # / upto     20 / 2556
   facets   # / upto     11 / 45052
 facet manipulating
   added avg / max       177.49 / 2.39k
   compressed            156
 number of ridge tests
   avg / max             5.15M / 52.78M
--------------------------------
Parameters with non-default values
 VertexPoolSize = 200
