C applying rule 31 for ineq2rule.txt
I    5.02] Elapsed: 5.02, vertices: 46, facets final: 31, pending: 4551
I   10.08] Elapsed: 10.08, vertices: 77, facets final: 32, pending: 10925
I   15.17] Elapsed: 15.17, vertices: 93, facets final: 32, pending: 15205
I   18.36] recalculating facets...
I   20.21] Elapsed: 20.21, vertices: 104, facets final: 33, pending: 18318
I   25.52] Elapsed: 25.52, vertices: 114, facets final: 34, pending: 20781
I   30.77] Elapsed: 30.77, vertices: 122, facets final: 35, pending: 22243
I   35.84] Elapsed: 35.84, vertices: 129, facets final: 36, pending: 24232
I   41.66] Elapsed: 41.66, vertices: 136, facets final: 36, pending: 25548
I   46.77] Elapsed: 46.77, vertices: 144, facets final: 36, pending: 26062
I   52.43] Elapsed: 52.43, vertices: 151, facets final: 37, pending: 27393
I   57.63] Elapsed: 57.63, vertices: 156, facets final: 37, pending: 28272
I   62.77] Elapsed: 1:03, vertices: 162, facets final: 38, pending: 30789
I   67.82] Elapsed: 1:08, vertices: 167, facets final: 41, pending: 31123
I   72.83] Elapsed: 1:13, vertices: 172, facets final: 41, pending: 31538
I   78.21] Elapsed: 1:18, vertices: 178, facets final: 41, pending: 33373
I   83.56] Elapsed: 1:24, vertices: 183, facets final: 42, pending: 34554
I   88.78] Elapsed: 1:29, vertices: 188, facets final: 44, pending: 35186
I   94.03] Elapsed: 1:34, vertices: 196, facets final: 44, pending: 35421
I   97.39] recalculating facets...
I   99.05] Elapsed: 1:39, vertices: 203, facets final: 44, pending: 35214
I  104.33] Elapsed: 1:44, vertices: 211, facets final: 46, pending: 36165
I  109.55] Elapsed: 1:50, vertices: 219, facets final: 49, pending: 36152
I  114.72] Elapsed: 1:55, vertices: 228, facets final: 50, pending: 36745
I  119.98] Elapsed: 2:00, vertices: 236, facets final: 51, pending: 36700
I  125.29] Elapsed: 2:05, vertices: 244, facets final: 53, pending: 37413
I  130.69] Elapsed: 2:11, vertices: 251, facets final: 54, pending: 38070
I  135.76] Elapsed: 2:16, vertices: 257, facets final: 54, pending: 38453
I  140.93] Elapsed: 2:21, vertices: 265, facets final: 57, pending: 38493
I  146.10] Elapsed: 2:26, vertices: 272, facets final: 61, pending: 38923
I  151.21] Elapsed: 2:31, vertices: 279, facets final: 62, pending: 40029
I  156.38] Elapsed: 2:36, vertices: 286, facets final: 62, pending: 40289
I  161.59] Elapsed: 2:42, vertices: 293, facets final: 62, pending: 40703
I  166.80] Elapsed: 2:47, vertices: 300, facets final: 64, pending: 40745
I  166.80] recalculating facets...
I  171.93] Elapsed: 2:52, vertices: 307, facets final: 66, pending: 41162
I  177.21] Elapsed: 2:57, vertices: 315, facets final: 67, pending: 41808
I  182.25] Elapsed: 3:02, vertices: 322, facets final: 70, pending: 41896
I  187.44] Elapsed: 3:07, vertices: 329, facets final: 73, pending: 41743
I  192.75] Elapsed: 3:13, vertices: 336, facets final: 73, pending: 41313
I  197.98] Elapsed: 3:18, vertices: 343, facets final: 76, pending: 41040
I  203.05] Elapsed: 3:23, vertices: 350, facets final: 80, pending: 40617
I  208.36] Elapsed: 3:28, vertices: 358, facets final: 83, pending: 40145
I  213.84] Elapsed: 3:34, vertices: 365, facets final: 87, pending: 39562
I  219.15] Elapsed: 3:39, vertices: 372, facets final: 89, pending: 39922
I  224.38] Elapsed: 3:44, vertices: 380, facets final: 90, pending: 40537
I  229.45] Elapsed: 3:49, vertices: 387, facets final: 91, pending: 40591
I  234.68] Elapsed: 3:55, vertices: 394, facets final: 93, pending: 41178
I  239.23] recalculating facets...
recalculate_facet: numerical instability at facet 8726, coord 2 (1.01193e-06)
recalculate_facet: numerical instability at facet 9139, coord 3 (1.60079e-06)
I  239.68] Elapsed: 4:00, vertices: 401, facets final: 95, pending: 41642
I  244.81] Elapsed: 4:05, vertices: 408, facets final: 98, pending: 41028
I  249.98] Elapsed: 4:10, vertices: 416, facets final: 100, pending: 41418
I  255.09] Elapsed: 4:15, vertices: 423, facets final: 103, pending: 41553
I  260.13] Elapsed: 4:20, vertices: 431, facets final: 106, pending: 42247
I  265.36] Elapsed: 4:25, vertices: 438, facets final: 106, pending: 41682
I  270.36] Elapsed: 4:30, vertices: 445, facets final: 107, pending: 41777
I  275.69] Elapsed: 4:36, vertices: 453, facets final: 110, pending: 42018
I  280.91] Elapsed: 4:41, vertices: 461, facets final: 111, pending: 41973
I  286.56] Elapsed: 4:47, vertices: 469, facets final: 115, pending: 41837
I  291.56] Elapsed: 4:52, vertices: 477, facets final: 115, pending: 42123
I  296.77] Elapsed: 4:57, vertices: 485, facets final: 115, pending: 42033
I  301.94] Elapsed: 5:02, vertices: 494, facets final: 118, pending: 42432
I  306.54] recalculating facets...
I  306.95] Elapsed: 5:07, vertices: 501, facets final: 123, pending: 42384
I  312.22] Elapsed: 5:12, vertices: 508, facets final: 125, pending: 42349
I  317.24] Elapsed: 5:17, vertices: 516, facets final: 127, pending: 42395
I  322.50] Elapsed: 5:23, vertices: 524, facets final: 131, pending: 42231
I  327.65] Elapsed: 5:28, vertices: 531, facets final: 138, pending: 42507
I  332.76] Elapsed: 5:33, vertices: 539, facets final: 148, pending: 42716
I  337.85] Elapsed: 5:38, vertices: 546, facets final: 150, pending: 42853
I  343.01] Elapsed: 5:43, vertices: 553, facets final: 152, pending: 42304
I  348.32] Elapsed: 5:48, vertices: 561, facets final: 154, pending: 42516
I  353.33] Elapsed: 5:53, vertices: 567, facets final: 160, pending: 42088
I  358.50] Elapsed: 5:59, vertices: 573, facets final: 165, pending: 41353
I  363.67] Elapsed: 6:04, vertices: 580, facets final: 166, pending: 41205
I  368.97] Elapsed: 6:09, vertices: 589, facets final: 174, pending: 40947
I  373.99] Elapsed: 6:14, vertices: 595, facets final: 178, pending: 40750
I  377.90] recalculating facets...
I  379.22] Elapsed: 6:19, vertices: 602, facets final: 179, pending: 40735
I  384.48] Elapsed: 6:24, vertices: 610, facets final: 187, pending: 40507
I  389.62] Elapsed: 6:30, vertices: 619, facets final: 192, pending: 40364
I  394.68] Elapsed: 6:35, vertices: 625, facets final: 197, pending: 40336
I  399.73] Elapsed: 6:40, vertices: 634, facets final: 201, pending: 39909
I  405.00] Elapsed: 6:45, vertices: 641, facets final: 203, pending: 39826
I  410.20] Elapsed: 6:50, vertices: 648, facets final: 208, pending: 39611
I  415.25] Elapsed: 6:55, vertices: 657, facets final: 216, pending: 39015
I  420.38] Elapsed: 7:00, vertices: 666, facets final: 221, pending: 38877
I  425.67] Elapsed: 7:06, vertices: 674, facets final: 225, pending: 38458
I  430.78] Elapsed: 7:11, vertices: 681, facets final: 228, pending: 38271
I  435.98] Elapsed: 7:16, vertices: 690, facets final: 236, pending: 38591
I  441.20] Elapsed: 7:21, vertices: 698, facets final: 240, pending: 38303
I  442.48] recalculating facets...
I  446.39] Elapsed: 7:26, vertices: 707, facets final: 245, pending: 38107
I  451.52] Elapsed: 7:32, vertices: 715, facets final: 250, pending: 37663
I  456.62] Elapsed: 7:37, vertices: 724, facets final: 253, pending: 37806
I  461.74] Elapsed: 7:42, vertices: 733, facets final: 261, pending: 37768
I  467.02] Elapsed: 7:47, vertices: 741, facets final: 267, pending: 37474
I  472.09] Elapsed: 7:52, vertices: 750, facets final: 272, pending: 37391
I  477.23] Elapsed: 7:57, vertices: 759, facets final: 281, pending: 37165
I  482.27] Elapsed: 8:02, vertices: 769, facets final: 289, pending: 36815
I  487.35] Elapsed: 8:07, vertices: 778, facets final: 298, pending: 36590
I  492.55] Elapsed: 8:13, vertices: 786, facets final: 310, pending: 36403
I  497.62] Elapsed: 8:18, vertices: 795, facets final: 316, pending: 35934
I  500.82] recalculating facets...
I  502.74] Elapsed: 8:23, vertices: 803, facets final: 319, pending: 36141
I  508.01] Elapsed: 8:28, vertices: 812, facets final: 332, pending: 35749
I  513.30] Elapsed: 8:33, vertices: 822, facets final: 336, pending: 35296
I  518.40] Elapsed: 8:38, vertices: 833, facets final: 347, pending: 35533
I  523.51] Elapsed: 8:44, vertices: 843, facets final: 355, pending: 35438
I  528.59] Elapsed: 8:49, vertices: 853, facets final: 368, pending: 35005
I  533.74] Elapsed: 8:54, vertices: 863, facets final: 381, pending: 34892
I  539.04] Elapsed: 8:59, vertices: 873, facets final: 394, pending: 34478
I  544.04] Elapsed: 9:04, vertices: 882, facets final: 402, pending: 34112
I  549.05] Elapsed: 9:09, vertices: 891, facets final: 417, pending: 34138
I  553.92] recalculating facets...
I  554.21] Elapsed: 9:14, vertices: 901, facets final: 420, pending: 34132
I  559.28] Elapsed: 9:19, vertices: 911, facets final: 440, pending: 33854
I  564.34] Elapsed: 9:24, vertices: 923, facets final: 455, pending: 33560
I  569.38] Elapsed: 9:29, vertices: 934, facets final: 473, pending: 33298
I  574.41] Elapsed: 9:34, vertices: 944, facets final: 481, pending: 33208
I  579.60] Elapsed: 9:40, vertices: 953, facets final: 491, pending: 32942
I  584.70] Elapsed: 9:45, vertices: 962, facets final: 499, pending: 32928
I  589.70] Elapsed: 9:50, vertices: 971, facets final: 510, pending: 32391
I  595.03] Elapsed: 9:55, vertices: 982, facets final: 515, pending: 32496
I  600.28] Elapsed: 10:00, vertices: 992, facets final: 520, pending: 32268
I  604.95] recalculating facets...
I  605.28] Elapsed: 10:05, vertices: 1001, facets final: 523, pending: 32035
I  610.35] Elapsed: 10:10, vertices: 1013, facets final: 529, pending: 31636
I  615.45] Elapsed: 10:15, vertices: 1025, facets final: 544, pending: 31571
I  620.54] Elapsed: 10:21, vertices: 1037, facets final: 560, pending: 31270
I  625.59] Elapsed: 10:26, vertices: 1049, facets final: 578, pending: 30911
I  630.70] Elapsed: 10:31, vertices: 1060, facets final: 584, pending: 30579
I  635.76] Elapsed: 10:36, vertices: 1071, facets final: 594, pending: 30361
I  640.82] Elapsed: 10:41, vertices: 1082, facets final: 609, pending: 30137
I  645.85] Elapsed: 10:46, vertices: 1093, facets final: 623, pending: 29865
I  648.81] recalculating facets...
I  650.92] Elapsed: 10:51, vertices: 1104, facets final: 640, pending: 29511
I  656.07] Elapsed: 10:56, vertices: 1115, facets final: 649, pending: 29124
I  661.31] Elapsed: 11:01, vertices: 1127, facets final: 659, pending: 28831
I  666.43] Elapsed: 11:06, vertices: 1139, facets final: 676, pending: 28511
I  671.64] Elapsed: 11:12, vertices: 1149, facets final: 699, pending: 28630
I  676.79] Elapsed: 11:17, vertices: 1161, facets final: 731, pending: 28425
I  681.88] Elapsed: 11:22, vertices: 1171, facets final: 756, pending: 28262
I  687.00] Elapsed: 11:27, vertices: 1181, facets final: 778, pending: 27903
I  692.09] Elapsed: 11:32, vertices: 1192, facets final: 789, pending: 27728
I  695.83] recalculating facets...
I  697.29] Elapsed: 11:37, vertices: 1204, facets final: 820, pending: 27770
I  702.52] Elapsed: 11:43, vertices: 1219, facets final: 859, pending: 27757
I  707.56] Elapsed: 11:48, vertices: 1233, facets final: 883, pending: 27764
I  712.67] Elapsed: 11:53, vertices: 1247, facets final: 906, pending: 27477
I  717.68] Elapsed: 11:58, vertices: 1261, facets final: 924, pending: 27622
I  722.82] Elapsed: 12:03, vertices: 1273, facets final: 965, pending: 27527
I  727.92] Elapsed: 12:08, vertices: 1286, facets final: 985, pending: 27360
I  732.92] Elapsed: 12:13, vertices: 1298, facets final: 1007, pending: 27181
I  733.90] recalculating facets...
I  737.97] Elapsed: 12:18, vertices: 1311, facets final: 1045, pending: 26859
I  743.06] Elapsed: 12:23, vertices: 1324, facets final: 1084, pending: 26774
I  748.15] Elapsed: 12:28, vertices: 1336, facets final: 1102, pending: 26662
I  753.39] Elapsed: 12:33, vertices: 1349, facets final: 1128, pending: 26700
I  758.42] Elapsed: 12:38, vertices: 1362, facets final: 1162, pending: 26255
I  763.42] Elapsed: 12:43, vertices: 1375, facets final: 1188, pending: 26092
I  768.53] Elapsed: 12:49, vertices: 1388, facets final: 1220, pending: 25805
I  773.16] recalculating facets...
I  773.66] Elapsed: 12:54, vertices: 1401, facets final: 1248, pending: 25568
I  778.75] Elapsed: 12:59, vertices: 1415, facets final: 1278, pending: 25336
I  783.76] Elapsed: 13:04, vertices: 1427, facets final: 1334, pending: 25222
I  789.03] Elapsed: 13:09, vertices: 1440, facets final: 1381, pending: 25049
I  794.15] Elapsed: 13:14, vertices: 1453, facets final: 1408, pending: 24804
I  799.27] Elapsed: 13:19, vertices: 1466, facets final: 1449, pending: 24678
I  804.45] Elapsed: 13:24, vertices: 1479, facets final: 1491, pending: 24587
I  809.53] Elapsed: 13:30, vertices: 1491, facets final: 1529, pending: 24596
I  812.91] recalculating facets...
I  814.67] Elapsed: 13:35, vertices: 1504, facets final: 1580, pending: 24416
I  819.77] Elapsed: 13:40, vertices: 1517, facets final: 1624, pending: 24197
I  824.81] Elapsed: 13:45, vertices: 1530, facets final: 1685, pending: 24020
I  829.82] Elapsed: 13:50, vertices: 1543, facets final: 1714, pending: 23750
I  834.90] Elapsed: 13:55, vertices: 1556, facets final: 1730, pending: 23510
I  840.14] Elapsed: 14:00, vertices: 1570, facets final: 1795, pending: 23306
I  845.42] Elapsed: 14:05, vertices: 1584, facets final: 1871, pending: 23071
I  850.61] Elapsed: 14:11, vertices: 1598, facets final: 1950, pending: 22963
I  851.16] recalculating facets...
I  855.68] Elapsed: 14:16, vertices: 1616, facets final: 2009, pending: 22730
I  860.79] Elapsed: 14:21, vertices: 1634, facets final: 2096, pending: 22517
I  865.85] Elapsed: 14:26, vertices: 1652, facets final: 2191, pending: 22277
I  870.98] Elapsed: 14:31, vertices: 1670, facets final: 2285, pending: 22019
I  876.09] Elapsed: 14:36, vertices: 1688, facets final: 2391, pending: 21726
I  879.56] recalculating facets...
I  881.26] Elapsed: 14:41, vertices: 1705, facets final: 2532, pending: 21357
I  886.45] Elapsed: 14:46, vertices: 1723, facets final: 2659, pending: 21128
I  891.61] Elapsed: 14:52, vertices: 1741, facets final: 2769, pending: 20933
I  896.74] Elapsed: 14:57, vertices: 1758, facets final: 2928, pending: 20673
I  901.83] Elapsed: 15:02, vertices: 1776, facets final: 3023, pending: 20424
I  906.83] Elapsed: 15:07, vertices: 1793, facets final: 3186, pending: 20041
I  909.14] recalculating facets...
I  911.83] Elapsed: 15:12, vertices: 1809, facets final: 3306, pending: 19837
I  917.03] Elapsed: 15:17, vertices: 1826, facets final: 3462, pending: 19475
I  922.17] Elapsed: 15:22, vertices: 1842, facets final: 3651, pending: 19159
I  927.26] Elapsed: 15:27, vertices: 1860, facets final: 3772, pending: 18912
I  932.28] Elapsed: 15:32, vertices: 1876, facets final: 3998, pending: 18544
I  937.32] Elapsed: 15:37, vertices: 1892, facets final: 4204, pending: 18266
I  939.72] recalculating facets...
I  942.41] Elapsed: 15:42, vertices: 1909, facets final: 4351, pending: 18029
I  947.42] Elapsed: 15:47, vertices: 1924, facets final: 4639, pending: 17678
I  952.62] Elapsed: 15:53, vertices: 1941, facets final: 4831, pending: 17371
I  957.65] Elapsed: 15:58, vertices: 1955, facets final: 5168, pending: 17032
I  962.78] Elapsed: 16:03, vertices: 1971, facets final: 5410, pending: 16736
I  967.84] Elapsed: 16:08, vertices: 1986, facets final: 5697, pending: 16472
I  972.79] recalculating facets...
I  972.94] Elapsed: 16:13, vertices: 2001, facets final: 5994, pending: 16100
I  978.01] Elapsed: 16:18, vertices: 2015, facets final: 6258, pending: 15740
I  983.16] Elapsed: 16:23, vertices: 2030, facets final: 6546, pending: 15364
I  988.28] Elapsed: 16:28, vertices: 2044, facets final: 6899, pending: 14985
I  993.41] Elapsed: 16:33, vertices: 2057, facets final: 7233, pending: 14610
I  998.50] Elapsed: 16:39, vertices: 2069, facets final: 7628, pending: 14194
I 1003.56] Elapsed: 16:44, vertices: 2080, facets final: 8075, pending: 13660
I 1008.73] Elapsed: 16:49, vertices: 2092, facets final: 8472, pending: 13315
I 1011.94] recalculating facets...
I 1013.95] Elapsed: 16:54, vertices: 2105, facets final: 8869, pending: 12857
I 1018.95] Elapsed: 16:59, vertices: 2116, facets final: 9329, pending: 12400
I 1023.95] Elapsed: 17:04, vertices: 2126, facets final: 9823, pending: 11827
I 1028.95] Elapsed: 17:09, vertices: 2136, facets final: 10363, pending: 11238
I 1034.11] Elapsed: 17:14, vertices: 2147, facets final: 10832, pending: 10850
I 1039.11] Elapsed: 17:19, vertices: 2157, facets final: 11341, pending: 10263
I 1044.11] Elapsed: 17:24, vertices: 2166, facets final: 11883, pending: 9686
I 1049.11] Elapsed: 17:29, vertices: 2174, facets final: 12411, pending: 9090
I 1054.18] Elapsed: 17:34, vertices: 2183, facets final: 12928, pending: 8538
I 1059.18] Elapsed: 17:39, vertices: 2191, facets final: 13503, pending: 7936
I 1064.18] Elapsed: 17:44, vertices: 2198, facets final: 14154, pending: 7274
I 1065.60] recalculating facets...
I 1069.27] Elapsed: 17:49, vertices: 2206, facets final: 14721, pending: 6673
I 1074.39] Elapsed: 17:54, vertices: 2214, facets final: 15328, pending: 6051
I 1079.39] Elapsed: 17:59, vertices: 2220, facets final: 15976, pending: 5392
I 1084.41] Elapsed: 18:04, vertices: 2227, facets final: 16608, pending: 4736
I 1089.41] Elapsed: 18:09, vertices: 2234, facets final: 17196, pending: 4120
I 1094.41] Elapsed: 18:14, vertices: 2241, facets final: 17795, pending: 3496
I 1099.58] Elapsed: 18:20, vertices: 2249, facets final: 18353, pending: 2935
I 1104.58] Elapsed: 18:25, vertices: 2256, facets final: 18899, pending: 2359
I 1109.66] Elapsed: 18:30, vertices: 2264, facets final: 19400, pending: 1863
I 1114.72] Elapsed: 18:35, vertices: 2272, facets final: 19845, pending: 1422
I 1119.72] Elapsed: 18:40, vertices: 2280, facets final: 20277, pending: 968
I 1124.75] Elapsed: 18:45, vertices: 2289, facets final: 20541, pending: 671
I 1129.79] Elapsed: 18:50, vertices: 2300, facets final: 20676, pending: 519
I 1130.11] recalculating facets...
I 1135.09] Elapsed: 18:55, vertices: 2311, facets final: 20749, pending: 463
I 1140.23] Elapsed: 19:00, vertices: 2321, facets final: 20795, pending: 471
I 1145.36] Elapsed: 19:05, vertices: 2331, facets final: 20810, pending: 526
I 1150.38] Elapsed: 19:10, vertices: 2340, facets final: 20839, pending: 590
I 1155.53] Elapsed: 19:16, vertices: 2349, facets final: 20860, pending: 615
I 1160.53] Elapsed: 19:21, vertices: 2358, facets final: 20891, pending: 493
I 1165.54] Elapsed: 19:26, vertices: 2366, facets final: 20940, pending: 414
I 1170.54] Elapsed: 19:31, vertices: 2376, facets final: 20974, pending: 342
I 1175.72] Elapsed: 19:36, vertices: 2385, facets final: 21005, pending: 333
I 1180.83] Elapsed: 19:41, vertices: 2395, facets final: 21045, pending: 285
I 1183.89] recalculating facets...
I 1185.83] Elapsed: 19:46, vertices: 2404, facets final: 21069, pending: 245
I 1190.88] Elapsed: 19:51, vertices: 2413, facets final: 21100, pending: 224
I 1195.95] Elapsed: 19:56, vertices: 2421, facets final: 21118, pending: 202
I 1201.20] Elapsed: 20:01, vertices: 2430, facets final: 21135, pending: 190
I 1206.52] Elapsed: 20:07, vertices: 2441, facets final: 21167, pending: 140
I 1209.92] Elapsed: 20:10, vertices: 2480, facets final: 21319, pending: 0

--------------------------------
Problem completed
 name                    r31.vlp
 output                  rules/vlp/r31.res
 rows, cols, objs        12, 2423, 10
 vertices, facets        2480, 21319
 total time              20:10
--------------------------------
Statistics
LP:
 oracle calls            44696
   avg iterations/calls  5.14
 total oracle time       3:07
Combinatorics:
 vertices added          2480
 facets probed           60470
 facets # max            43033
 memory allocated        37.12M
 instability warnings    2
 storage expansion
   vertices # / upto     20 / 2556
   facets   # / upto     11 / 45052
 facet manipulating
   added avg / max       177.03 / 2.42k
   compressed            168
 number of ridge tests
   avg / max             5.30M / 59.32M
--------------------------------
Parameters with non-default values
 VertexPoolSize = 200
