C applying rule 34 for ineq2rule.txt
I    5.06] Elapsed: 5.06, vertices: 34, facets final: 30, pending: 963
I   10.06] Elapsed: 10.06, vertices: 50, facets final: 127, pending: 1461
I   15.07] Elapsed: 15.07, vertices: 83, facets final: 272, pending: 2756
I   17.13] recalculating facets...
I   20.10] Elapsed: 20.10, vertices: 133, facets final: 534, pending: 3976
I   25.10] Elapsed: 25.10, vertices: 194, facets final: 717, pending: 5751
I   25.53] recalculating facets...
I   30.13] Elapsed: 30.13, vertices: 253, facets final: 805, pending: 7759
I   35.20] Elapsed: 35.20, vertices: 299, facets final: 853, pending: 9294
I   35.32] recalculating facets...
I   40.25] Elapsed: 40.25, vertices: 340, facets final: 900, pending: 10427
I   45.31] Elapsed: 45.31, vertices: 380, facets final: 966, pending: 10676
I   47.92] recalculating facets...
I   50.38] Elapsed: 50.38, vertices: 417, facets final: 1008, pending: 11341
I   55.43] Elapsed: 55.43, vertices: 451, facets final: 1054, pending: 11441
I   60.45] Elapsed: 1:00, vertices: 485, facets final: 1135, pending: 11916
I   62.79] recalculating facets...
I   65.55] Elapsed: 1:06, vertices: 518, facets final: 1194, pending: 12072
I   70.57] Elapsed: 1:11, vertices: 551, facets final: 1259, pending: 12122
I   75.63] Elapsed: 1:16, vertices: 584, facets final: 1320, pending: 12434
I   78.19] recalculating facets...
I   80.63] Elapsed: 1:21, vertices: 616, facets final: 1378, pending: 12681
I   85.64] Elapsed: 1:26, vertices: 646, facets final: 1482, pending: 12730
I   90.68] Elapsed: 1:31, vertices: 676, facets final: 1620, pending: 12542
I   94.68] recalculating facets...
I   95.71] Elapsed: 1:36, vertices: 706, facets final: 1731, pending: 12366
I  100.82] Elapsed: 1:41, vertices: 736, facets final: 1924, pending: 12163
I  105.93] Elapsed: 1:46, vertices: 766, facets final: 2099, pending: 11836
I  110.96] Elapsed: 1:51, vertices: 794, facets final: 2309, pending: 11637
I  112.00] recalculating facets...
I  115.97] Elapsed: 1:56, vertices: 821, facets final: 2610, pending: 11512
I  120.97] Elapsed: 2:01, vertices: 847, facets final: 2953, pending: 11077
I  126.08] Elapsed: 2:06, vertices: 873, facets final: 3295, pending: 10786
I  131.09] Elapsed: 2:11, vertices: 894, facets final: 3738, pending: 10435
I  132.19] recalculating facets...
I  136.12] Elapsed: 2:16, vertices: 916, facets final: 4140, pending: 10196
I  141.23] Elapsed: 2:21, vertices: 939, facets final: 4595, pending: 9858
I  146.23] Elapsed: 2:26, vertices: 962, facets final: 5008, pending: 9525
I  151.26] Elapsed: 2:31, vertices: 982, facets final: 5508, pending: 9139
I  156.26] Elapsed: 2:36, vertices: 999, facets final: 6105, pending: 8590
I  157.02] recalculating facets...
I  161.27] Elapsed: 2:41, vertices: 1014, facets final: 6706, pending: 8022
I  166.33] Elapsed: 2:46, vertices: 1028, facets final: 7393, pending: 7340
I  171.33] Elapsed: 2:51, vertices: 1041, facets final: 8074, pending: 6670
I  176.42] Elapsed: 2:56, vertices: 1054, facets final: 8800, pending: 5924
I  181.42] Elapsed: 3:01, vertices: 1065, facets final: 9553, pending: 5167
I  186.51] Elapsed: 3:07, vertices: 1076, facets final: 10334, pending: 4415
I  191.51] Elapsed: 3:12, vertices: 1085, facets final: 11118, pending: 3601
I  196.51] Elapsed: 3:17, vertices: 1095, facets final: 11809, pending: 2930
I  199.15] recalculating facets...
I  201.51] Elapsed: 3:22, vertices: 1106, facets final: 12417, pending: 2313
I  206.52] Elapsed: 3:27, vertices: 1117, facets final: 13005, pending: 1778
I  211.53] Elapsed: 3:32, vertices: 1131, facets final: 13389, pending: 1418
I  216.53] Elapsed: 3:37, vertices: 1145, facets final: 13713, pending: 1100
I  221.53] Elapsed: 3:42, vertices: 1161, facets final: 13932, pending: 908
I  226.67] Elapsed: 3:47, vertices: 1177, facets final: 14107, pending: 752
I  231.74] Elapsed: 3:52, vertices: 1193, facets final: 14246, pending: 760
I  234.24] recalculating facets...
I  236.74] Elapsed: 3:57, vertices: 1208, facets final: 14394, pending: 653
I  241.75] Elapsed: 4:02, vertices: 1223, facets final: 14522, pending: 537
I  246.78] Elapsed: 4:07, vertices: 1238, facets final: 14644, pending: 388
I  251.81] Elapsed: 4:12, vertices: 1258, facets final: 14765, pending: 286
I  256.81] Elapsed: 4:17, vertices: 1283, facets final: 14880, pending: 207
I  260.37] recalculating facets...
I  261.82] Elapsed: 4:22, vertices: 1318, facets final: 15059, pending: 68
I  262.40] Elapsed: 4:22, vertices: 1334, facets final: 15143, pending: 0

--------------------------------
Problem completed
 name                    r34.vlp
 output                  rules/vlp/r34.res
 rows, cols, objs        12, 2392, 10
 vertices, facets        1334, 15143
 total time              4:22
--------------------------------
Statistics
LP:
 oracle calls            31361
   avg iterations/calls  5.12
 total oracle time       2:08
Combinatorics:
 vertices added          1334
 facets probed           51059
 facets # max            15145
 memory allocated        9.80M
 storage expansion
   vertices # / upto     11 / 1404
   facets   # / upto     4 / 16380
 facet manipulating
   added avg / max       55.31 / 556.00
   compressed            49
 number of ridge tests
   avg / max             418.11k / 3.80M
--------------------------------
Parameters with non-default values
 VertexPoolSize = 200
