C applying rule 36 for ineq2rule.txt
I    5.01] Elapsed: 5.01, vertices: 42, facets final: 23, pending: 3945
I   10.10] Elapsed: 10.10, vertices: 70, facets final: 25, pending: 11291
I   15.21] Elapsed: 15.21, vertices: 84, facets final: 26, pending: 13940
I   20.23] Elapsed: 20.23, vertices: 96, facets final: 26, pending: 18029
I   21.99] recalculating facets...
I   25.31] Elapsed: 25.31, vertices: 106, facets final: 26, pending: 20084
I   30.47] Elapsed: 30.47, vertices: 115, facets final: 29, pending: 21446
I   35.93] Elapsed: 35.93, vertices: 123, facets final: 29, pending: 23421
I   41.09] Elapsed: 41.09, vertices: 130, facets final: 29, pending: 24573
I   46.50] Elapsed: 46.50, vertices: 138, facets final: 33, pending: 25230
I   51.53] Elapsed: 51.53, vertices: 144, facets final: 34, pending: 25943
I   57.00] Elapsed: 57.00, vertices: 152, facets final: 34, pending: 26473
I   62.17] Elapsed: 1:02, vertices: 158, facets final: 35, pending: 27436
I   67.58] Elapsed: 1:08, vertices: 165, facets final: 35, pending: 28916
I   72.61] Elapsed: 1:13, vertices: 171, facets final: 36, pending: 29628
I   77.75] Elapsed: 1:18, vertices: 177, facets final: 36, pending: 30230
I   82.77] Elapsed: 1:23, vertices: 183, facets final: 37, pending: 30763
I   88.05] Elapsed: 1:28, vertices: 189, facets final: 37, pending: 30862
I   93.54] Elapsed: 1:34, vertices: 196, facets final: 37, pending: 30834
I   97.34] recalculating facets...
I   98.59] Elapsed: 1:39, vertices: 202, facets final: 39, pending: 32006
I  103.64] Elapsed: 1:44, vertices: 208, facets final: 39, pending: 33189
I  109.17] Elapsed: 1:49, vertices: 214, facets final: 40, pending: 33766
I  114.20] Elapsed: 1:54, vertices: 219, facets final: 41, pending: 34622
I  119.23] Elapsed: 1:59, vertices: 225, facets final: 41, pending: 34724
I  124.57] Elapsed: 2:05, vertices: 231, facets final: 41, pending: 36259
I  129.70] Elapsed: 2:10, vertices: 238, facets final: 41, pending: 36454
I  135.01] Elapsed: 2:15, vertices: 243, facets final: 44, pending: 36910
I  140.56] Elapsed: 2:21, vertices: 248, facets final: 44, pending: 37483
I  146.06] Elapsed: 2:26, vertices: 252, facets final: 44, pending: 37913
I  152.13] Elapsed: 2:32, vertices: 257, facets final: 44, pending: 37879
I  157.49] Elapsed: 2:37, vertices: 262, facets final: 44, pending: 37556
I  162.76] Elapsed: 2:43, vertices: 267, facets final: 44, pending: 37970
I  167.92] Elapsed: 2:48, vertices: 271, facets final: 44, pending: 39358
I  172.93] Elapsed: 2:53, vertices: 275, facets final: 44, pending: 39417
I  178.13] Elapsed: 2:58, vertices: 280, facets final: 45, pending: 39401
I  183.37] Elapsed: 3:03, vertices: 285, facets final: 45, pending: 39387
I  188.62] Elapsed: 3:09, vertices: 288, facets final: 45, pending: 39097
I  194.35] Elapsed: 3:14, vertices: 293, facets final: 46, pending: 39523
I  199.43] Elapsed: 3:19, vertices: 297, facets final: 48, pending: 39901
I  202.34] recalculating facets...
I  204.91] Elapsed: 3:25, vertices: 303, facets final: 52, pending: 40388
I  210.07] Elapsed: 3:30, vertices: 307, facets final: 54, pending: 39832
I  215.21] Elapsed: 3:35, vertices: 311, facets final: 54, pending: 40079
I  220.29] Elapsed: 3:40, vertices: 316, facets final: 55, pending: 40067
I  225.69] Elapsed: 3:46, vertices: 322, facets final: 58, pending: 40549
I  230.79] Elapsed: 3:51, vertices: 326, facets final: 59, pending: 40738
I  236.47] Elapsed: 3:56, vertices: 331, facets final: 61, pending: 40552
I  241.47] Elapsed: 4:01, vertices: 334, facets final: 61, pending: 40356
I  247.01] Elapsed: 4:07, vertices: 339, facets final: 63, pending: 40738
I  252.22] Elapsed: 4:12, vertices: 344, facets final: 63, pending: 40856
I  257.24] Elapsed: 4:17, vertices: 348, facets final: 65, pending: 41601
I  262.62] Elapsed: 4:23, vertices: 353, facets final: 65, pending: 41022
I  267.65] Elapsed: 4:28, vertices: 358, facets final: 66, pending: 41795
I  272.84] Elapsed: 4:33, vertices: 363, facets final: 67, pending: 42093
I  278.03] Elapsed: 4:38, vertices: 368, facets final: 67, pending: 42615
I  283.45] Elapsed: 4:43, vertices: 372, facets final: 67, pending: 42330
I  289.18] Elapsed: 4:49, vertices: 377, facets final: 68, pending: 42171
I  294.24] Elapsed: 4:54, vertices: 381, facets final: 69, pending: 42248
I  300.02] Elapsed: 5:00, vertices: 385, facets final: 69, pending: 42015
I  305.39] Elapsed: 5:05, vertices: 390, facets final: 71, pending: 42213
I  311.46] Elapsed: 5:11, vertices: 395, facets final: 73, pending: 42357
I  316.47] Elapsed: 5:16, vertices: 399, facets final: 74, pending: 42067
I  318.46] recalculating facets...
I  321.61] Elapsed: 5:22, vertices: 403, facets final: 75, pending: 41962
I  327.39] Elapsed: 5:27, vertices: 408, facets final: 75, pending: 41720
I  332.42] Elapsed: 5:32, vertices: 412, facets final: 76, pending: 41721
I  337.82] Elapsed: 5:38, vertices: 416, facets final: 77, pending: 41354
I  343.07] Elapsed: 5:43, vertices: 420, facets final: 77, pending: 41145
I  348.44] Elapsed: 5:48, vertices: 424, facets final: 78, pending: 40702
I  353.65] Elapsed: 5:54, vertices: 428, facets final: 79, pending: 41549
I  358.91] Elapsed: 5:59, vertices: 432, facets final: 79, pending: 41530
I  363.96] Elapsed: 6:04, vertices: 436, facets final: 79, pending: 41231
I  369.24] Elapsed: 6:09, vertices: 441, facets final: 81, pending: 40755
I  374.75] Elapsed: 6:15, vertices: 446, facets final: 83, pending: 40749
I  380.80] Elapsed: 6:21, vertices: 452, facets final: 89, pending: 40859
I  385.99] Elapsed: 6:26, vertices: 456, facets final: 90, pending: 41047
I  391.04] Elapsed: 6:31, vertices: 461, facets final: 91, pending: 41037
I  396.15] Elapsed: 6:36, vertices: 466, facets final: 91, pending: 40723
I  402.28] Elapsed: 6:42, vertices: 472, facets final: 92, pending: 41113
I  407.62] Elapsed: 6:48, vertices: 477, facets final: 97, pending: 40924
I  413.92] Elapsed: 6:54, vertices: 483, facets final: 97, pending: 41283
I  419.07] Elapsed: 6:59, vertices: 488, facets final: 97, pending: 40889
I  424.39] Elapsed: 7:04, vertices: 493, facets final: 98, pending: 41147
I  429.54] Elapsed: 7:10, vertices: 498, facets final: 99, pending: 40913
I  431.35] recalculating facets...
I  434.95] Elapsed: 7:15, vertices: 503, facets final: 101, pending: 40561
I  440.37] Elapsed: 7:20, vertices: 508, facets final: 106, pending: 40024
I  445.52] Elapsed: 7:26, vertices: 512, facets final: 109, pending: 39989
I  450.62] Elapsed: 7:31, vertices: 517, facets final: 113, pending: 40086
I  456.17] Elapsed: 7:36, vertices: 523, facets final: 118, pending: 40001
I  462.10] Elapsed: 7:42, vertices: 528, facets final: 118, pending: 39494
I  467.26] Elapsed: 7:47, vertices: 533, facets final: 118, pending: 39707
I  472.35] Elapsed: 7:52, vertices: 538, facets final: 124, pending: 39638
I  477.41] Elapsed: 7:57, vertices: 543, facets final: 128, pending: 39297
I  482.64] Elapsed: 8:03, vertices: 549, facets final: 130, pending: 39060
I  488.21] Elapsed: 8:08, vertices: 552, facets final: 130, pending: 38971
I  493.40] Elapsed: 8:13, vertices: 556, facets final: 132, pending: 38656
I  498.53] Elapsed: 8:19, vertices: 562, facets final: 136, pending: 38472
I  503.55] Elapsed: 8:24, vertices: 567, facets final: 138, pending: 38501
I  508.58] Elapsed: 8:29, vertices: 572, facets final: 140, pending: 38629
I  513.76] Elapsed: 8:34, vertices: 578, facets final: 143, pending: 38518
I  519.02] Elapsed: 8:39, vertices: 584, facets final: 145, pending: 38593
I  524.08] Elapsed: 8:44, vertices: 590, facets final: 150, pending: 38194
I  529.29] Elapsed: 8:49, vertices: 595, facets final: 150, pending: 37924
I  534.25] recalculating facets...
I  534.98] Elapsed: 8:55, vertices: 601, facets final: 154, pending: 37758
I  540.29] Elapsed: 9:00, vertices: 607, facets final: 157, pending: 37611
I  545.54] Elapsed: 9:06, vertices: 613, facets final: 159, pending: 37079
I  550.60] Elapsed: 9:11, vertices: 620, facets final: 169, pending: 37253
I  555.86] Elapsed: 9:16, vertices: 627, facets final: 174, pending: 37192
I  561.07] Elapsed: 9:21, vertices: 632, facets final: 175, pending: 37139
I  566.07] Elapsed: 9:26, vertices: 637, facets final: 177, pending: 37063
I  571.35] Elapsed: 9:31, vertices: 643, facets final: 180, pending: 36720
I  576.58] Elapsed: 9:37, vertices: 649, facets final: 183, pending: 36811
I  581.64] Elapsed: 9:42, vertices: 656, facets final: 187, pending: 36524
I  586.94] Elapsed: 9:47, vertices: 662, facets final: 193, pending: 36768
I  592.21] Elapsed: 9:52, vertices: 669, facets final: 200, pending: 36394
I  597.26] Elapsed: 9:57, vertices: 673, facets final: 204, pending: 36557
I  602.36] Elapsed: 10:02, vertices: 679, facets final: 206, pending: 36589
I  607.70] Elapsed: 10:08, vertices: 684, facets final: 209, pending: 36508
I  613.23] Elapsed: 10:13, vertices: 691, facets final: 215, pending: 36341
I  618.50] Elapsed: 10:19, vertices: 697, facets final: 218, pending: 35707
I  621.00] recalculating facets...
I  623.93] Elapsed: 10:24, vertices: 703, facets final: 223, pending: 35556
I  629.15] Elapsed: 10:29, vertices: 710, facets final: 229, pending: 35744
I  634.35] Elapsed: 10:34, vertices: 716, facets final: 231, pending: 36283
I  639.91] Elapsed: 10:40, vertices: 723, facets final: 241, pending: 36502
I  645.17] Elapsed: 10:45, vertices: 729, facets final: 247, pending: 36533
I  650.61] Elapsed: 10:51, vertices: 736, facets final: 251, pending: 36767
I  655.71] Elapsed: 10:56, vertices: 742, facets final: 253, pending: 36658
I  660.75] Elapsed: 11:01, vertices: 749, facets final: 255, pending: 36834
I  666.27] Elapsed: 11:06, vertices: 754, facets final: 258, pending: 36658
I  671.66] Elapsed: 11:12, vertices: 760, facets final: 265, pending: 36579
I  676.79] Elapsed: 11:17, vertices: 766, facets final: 268, pending: 36554
I  683.09] Elapsed: 11:23, vertices: 773, facets final: 275, pending: 36786
I  688.29] Elapsed: 11:28, vertices: 779, facets final: 283, pending: 37034
I  694.28] Elapsed: 11:34, vertices: 785, facets final: 291, pending: 36761
I  699.59] Elapsed: 11:40, vertices: 791, facets final: 295, pending: 36508
I  704.88] Elapsed: 11:45, vertices: 797, facets final: 304, pending: 36255
I  707.28] recalculating facets...
I  710.23] Elapsed: 11:50, vertices: 804, facets final: 309, pending: 36037
I  715.61] Elapsed: 11:56, vertices: 810, facets final: 314, pending: 35905
I  720.61] Elapsed: 12:01, vertices: 816, facets final: 315, pending: 35559
I  725.97] Elapsed: 12:06, vertices: 823, facets final: 322, pending: 35384
I  731.00] Elapsed: 12:11, vertices: 830, facets final: 332, pending: 35593
I  736.93] Elapsed: 12:17, vertices: 837, facets final: 333, pending: 35748
I  742.28] Elapsed: 12:22, vertices: 843, facets final: 333, pending: 35913
I  747.36] Elapsed: 12:27, vertices: 849, facets final: 335, pending: 35762
I  752.75] Elapsed: 12:33, vertices: 856, facets final: 341, pending: 35806
I  758.40] Elapsed: 12:38, vertices: 863, facets final: 344, pending: 35934
I  763.79] Elapsed: 12:44, vertices: 869, facets final: 350, pending: 35876
I  769.01] Elapsed: 12:49, vertices: 874, facets final: 353, pending: 35514
I  774.01] Elapsed: 12:54, vertices: 880, facets final: 360, pending: 35337
I  779.50] Elapsed: 13:00, vertices: 887, facets final: 369, pending: 35308
I  784.61] Elapsed: 13:05, vertices: 893, facets final: 372, pending: 34937
I  789.57] recalculating facets...
I  790.01] Elapsed: 13:10, vertices: 901, facets final: 378, pending: 35028
I  795.02] Elapsed: 13:15, vertices: 908, facets final: 389, pending: 34997
I  800.14] Elapsed: 13:20, vertices: 915, facets final: 396, pending: 34808
I  805.31] Elapsed: 13:25, vertices: 923, facets final: 401, pending: 34493
I  810.34] Elapsed: 13:30, vertices: 929, facets final: 405, pending: 34247
I  815.36] Elapsed: 13:35, vertices: 935, facets final: 414, pending: 33994
I  820.52] Elapsed: 13:41, vertices: 942, facets final: 420, pending: 33814
I  825.93] Elapsed: 13:46, vertices: 950, facets final: 441, pending: 33759
I  831.24] Elapsed: 13:51, vertices: 957, facets final: 442, pending: 33483
I  836.55] Elapsed: 13:57, vertices: 964, facets final: 452, pending: 33367
I  841.58] Elapsed: 14:02, vertices: 970, facets final: 457, pending: 33377
I  846.70] Elapsed: 14:07, vertices: 977, facets final: 469, pending: 33051
I  851.77] Elapsed: 14:12, vertices: 984, facets final: 478, pending: 32915
I  856.99] Elapsed: 14:17, vertices: 991, facets final: 486, pending: 32739
I  862.19] Elapsed: 14:22, vertices: 999, facets final: 497, pending: 32469
I  863.15] recalculating facets...
I  867.27] Elapsed: 14:27, vertices: 1007, facets final: 504, pending: 32512
I  872.36] Elapsed: 14:32, vertices: 1015, facets final: 514, pending: 32174
I  877.60] Elapsed: 14:38, vertices: 1022, facets final: 516, pending: 32073
I  882.91] Elapsed: 14:43, vertices: 1030, facets final: 529, pending: 31986
I  888.17] Elapsed: 14:48, vertices: 1039, facets final: 537, pending: 31851
I  893.60] Elapsed: 14:54, vertices: 1048, facets final: 550, pending: 31613
I  898.67] Elapsed: 14:59, vertices: 1055, facets final: 559, pending: 31428
I  903.74] Elapsed: 15:04, vertices: 1063, facets final: 568, pending: 31268
I  909.04] Elapsed: 15:09, vertices: 1071, facets final: 585, pending: 30946
I  914.23] Elapsed: 15:14, vertices: 1079, facets final: 597, pending: 30707
I  919.46] Elapsed: 15:19, vertices: 1086, facets final: 617, pending: 30556
I  924.73] Elapsed: 15:25, vertices: 1094, facets final: 628, pending: 30190
I  929.07] recalculating facets...
I  929.88] Elapsed: 15:30, vertices: 1101, facets final: 637, pending: 29995
I  934.90] Elapsed: 15:35, vertices: 1109, facets final: 647, pending: 29829
I  939.99] Elapsed: 15:40, vertices: 1117, facets final: 660, pending: 29490
I  945.27] Elapsed: 15:45, vertices: 1126, facets final: 669, pending: 29210
I  950.64] Elapsed: 15:51, vertices: 1134, facets final: 689, pending: 28998
I  955.72] Elapsed: 15:56, vertices: 1142, facets final: 717, pending: 28765
I  961.45] Elapsed: 16:01, vertices: 1149, facets final: 733, pending: 28929
I  966.45] Elapsed: 16:06, vertices: 1156, facets final: 743, pending: 28687
I  971.46] Elapsed: 16:11, vertices: 1164, facets final: 759, pending: 28700
I  976.69] Elapsed: 16:17, vertices: 1172, facets final: 774, pending: 28512
I  981.87] Elapsed: 16:22, vertices: 1181, facets final: 791, pending: 28442
I  986.90] Elapsed: 16:27, vertices: 1192, facets final: 807, pending: 28507
I  991.50] recalculating facets...
I  991.97] Elapsed: 16:32, vertices: 1201, facets final: 832, pending: 28352
I  997.15] Elapsed: 16:37, vertices: 1212, facets final: 851, pending: 28479
I 1002.16] Elapsed: 16:42, vertices: 1221, facets final: 867, pending: 28244
I 1007.36] Elapsed: 16:47, vertices: 1230, facets final: 902, pending: 28009
I 1012.37] Elapsed: 16:52, vertices: 1240, facets final: 917, pending: 27978
I 1017.52] Elapsed: 16:58, vertices: 1249, facets final: 933, pending: 27670
I 1022.78] Elapsed: 17:03, vertices: 1260, facets final: 948, pending: 27589
I 1028.00] Elapsed: 17:08, vertices: 1269, facets final: 968, pending: 27251
I 1033.02] Elapsed: 17:13, vertices: 1278, facets final: 993, pending: 27195
I 1038.25] Elapsed: 17:18, vertices: 1288, facets final: 1009, pending: 27080
I 1043.54] Elapsed: 17:24, vertices: 1297, facets final: 1027, pending: 26939
I 1045.71] recalculating facets...
I 1048.81] Elapsed: 17:29, vertices: 1305, facets final: 1056, pending: 26909
I 1053.84] Elapsed: 17:34, vertices: 1314, facets final: 1069, pending: 26748
I 1058.95] Elapsed: 17:39, vertices: 1324, facets final: 1088, pending: 26642
I 1064.03] Elapsed: 17:44, vertices: 1332, facets final: 1111, pending: 26505
I 1069.38] Elapsed: 17:49, vertices: 1342, facets final: 1153, pending: 26272
I 1074.45] Elapsed: 17:54, vertices: 1351, facets final: 1172, pending: 26151
I 1079.48] Elapsed: 17:59, vertices: 1361, facets final: 1208, pending: 25960
I 1084.48] Elapsed: 18:04, vertices: 1370, facets final: 1263, pending: 25830
I 1089.51] Elapsed: 18:10, vertices: 1380, facets final: 1293, pending: 25873
I 1094.75] Elapsed: 18:15, vertices: 1389, facets final: 1326, pending: 25697
I 1099.89] Elapsed: 18:20, vertices: 1399, facets final: 1357, pending: 25510
I 1100.43] recalculating facets...
I 1104.94] Elapsed: 18:25, vertices: 1408, facets final: 1394, pending: 25257
I 1109.96] Elapsed: 18:30, vertices: 1417, facets final: 1414, pending: 25069
I 1115.07] Elapsed: 18:35, vertices: 1426, facets final: 1437, pending: 24889
I 1120.07] Elapsed: 18:40, vertices: 1436, facets final: 1465, pending: 24693
I 1125.07] Elapsed: 18:45, vertices: 1446, facets final: 1511, pending: 24477
I 1130.23] Elapsed: 18:50, vertices: 1456, facets final: 1552, pending: 24274
I 1135.29] Elapsed: 18:55, vertices: 1466, facets final: 1605, pending: 24271
I 1140.30] Elapsed: 19:00, vertices: 1476, facets final: 1643, pending: 24103
I 1145.33] Elapsed: 19:05, vertices: 1485, facets final: 1671, pending: 23994
I 1150.34] Elapsed: 19:10, vertices: 1495, facets final: 1702, pending: 23839
I 1152.83] recalculating facets...
I 1155.41] Elapsed: 19:15, vertices: 1505, facets final: 1735, pending: 23819
I 1160.41] Elapsed: 19:20, vertices: 1515, facets final: 1774, pending: 23689
I 1165.41] Elapsed: 19:25, vertices: 1526, facets final: 1815, pending: 23568
I 1170.47] Elapsed: 19:30, vertices: 1535, facets final: 1864, pending: 23387
I 1175.86] Elapsed: 19:36, vertices: 1545, facets final: 1918, pending: 23226
I 1181.20] Elapsed: 19:41, vertices: 1555, facets final: 1985, pending: 23126
I 1186.32] Elapsed: 19:46, vertices: 1568, facets final: 2054, pending: 22988
I 1191.47] Elapsed: 19:51, vertices: 1582, facets final: 2100, pending: 22770
I 1196.74] Elapsed: 19:57, vertices: 1597, facets final: 2154, pending: 22579
I 1197.77] recalculating facets...
I 1201.93] Elapsed: 20:02, vertices: 1611, facets final: 2237, pending: 22259
I 1206.96] Elapsed: 20:07, vertices: 1625, facets final: 2324, pending: 21935
I 1212.16] Elapsed: 20:12, vertices: 1639, facets final: 2414, pending: 21809
I 1217.25] Elapsed: 20:17, vertices: 1654, facets final: 2480, pending: 21677
I 1222.25] Elapsed: 20:22, vertices: 1667, facets final: 2554, pending: 21477
I 1227.26] Elapsed: 20:27, vertices: 1681, facets final: 2593, pending: 21278
I 1232.46] Elapsed: 20:32, vertices: 1695, facets final: 2679, pending: 20955
I 1234.29] recalculating facets...
I 1237.69] Elapsed: 20:38, vertices: 1709, facets final: 2768, pending: 20763
I 1242.84] Elapsed: 20:43, vertices: 1724, facets final: 2868, pending: 20546
I 1248.07] Elapsed: 20:48, vertices: 1738, facets final: 2930, pending: 20445
I 1253.21] Elapsed: 20:53, vertices: 1752, facets final: 3031, pending: 20232
I 1258.23] Elapsed: 20:58, vertices: 1766, facets final: 3164, pending: 20024
I 1263.32] Elapsed: 21:03, vertices: 1779, facets final: 3255, pending: 19838
I 1268.33] Elapsed: 21:08, vertices: 1792, facets final: 3416, pending: 19616
I 1271.82] recalculating facets...
I 1273.58] Elapsed: 21:14, vertices: 1804, facets final: 3535, pending: 19390
I 1278.64] Elapsed: 21:19, vertices: 1818, facets final: 3670, pending: 19255
I 1283.86] Elapsed: 21:24, vertices: 1831, facets final: 3810, pending: 19000
I 1289.09] Elapsed: 21:29, vertices: 1845, facets final: 3965, pending: 18757
I 1294.28] Elapsed: 21:34, vertices: 1859, facets final: 4112, pending: 18473
I 1299.68] Elapsed: 21:40, vertices: 1871, facets final: 4214, pending: 18310
I 1304.86] Elapsed: 21:45, vertices: 1882, facets final: 4383, pending: 18055
I 1310.07] Elapsed: 21:50, vertices: 1896, facets final: 4557, pending: 17820
I 1311.51] recalculating facets...
I 1315.44] Elapsed: 21:55, vertices: 1909, facets final: 4706, pending: 17675
I 1320.68] Elapsed: 22:01, vertices: 1920, facets final: 4844, pending: 17527
I 1325.73] Elapsed: 22:06, vertices: 1933, facets final: 5014, pending: 17275
I 1330.73] Elapsed: 22:11, vertices: 1946, facets final: 5190, pending: 17081
I 1335.73] Elapsed: 22:16, vertices: 1959, facets final: 5359, pending: 16821
I 1340.80] Elapsed: 22:21, vertices: 1973, facets final: 5526, pending: 16579
I 1345.80] Elapsed: 22:26, vertices: 1986, facets final: 5665, pending: 16417
I 1350.80] Elapsed: 22:31, vertices: 1999, facets final: 5884, pending: 16161
I 1351.28] recalculating facets...
I 1355.88] Elapsed: 22:36, vertices: 2011, facets final: 6122, pending: 15812
I 1360.88] Elapsed: 22:41, vertices: 2023, facets final: 6433, pending: 15419
I 1365.96] Elapsed: 22:46, vertices: 2036, facets final: 6651, pending: 15127
I 1370.96] Elapsed: 22:51, vertices: 2048, facets final: 6864, pending: 14878
I 1376.11] Elapsed: 22:56, vertices: 2058, facets final: 7275, pending: 14486
I 1381.15] Elapsed: 23:01, vertices: 2068, facets final: 7732, pending: 14065
I 1386.29] Elapsed: 23:06, vertices: 2079, facets final: 8015, pending: 13798
I 1391.38] Elapsed: 23:11, vertices: 2089, facets final: 8425, pending: 13380
I 1396.38] Elapsed: 23:16, vertices: 2099, facets final: 8843, pending: 12947
I 1397.44] recalculating facets...
I 1401.48] Elapsed: 23:21, vertices: 2108, facets final: 9192, pending: 12679
I 1406.72] Elapsed: 23:27, vertices: 2118, facets final: 9562, pending: 12255
I 1411.72] Elapsed: 23:32, vertices: 2128, facets final: 9903, pending: 11873
I 1416.72] Elapsed: 23:37, vertices: 2138, facets final: 10223, pending: 11448
I 1421.72] Elapsed: 23:42, vertices: 2147, facets final: 10676, pending: 10923
I 1426.86] Elapsed: 23:47, vertices: 2156, facets final: 11180, pending: 10447
I 1432.04] Elapsed: 23:52, vertices: 2164, facets final: 11768, pending: 9822
I 1437.04] Elapsed: 23:57, vertices: 2172, facets final: 12370, pending: 9186
I 1442.04] Elapsed: 24:02, vertices: 2179, facets final: 12928, pending: 8634
I 1447.17] Elapsed: 24:07, vertices: 2188, facets final: 13444, pending: 8080
I 1452.17] Elapsed: 24:12, vertices: 2195, facets final: 14026, pending: 7459
I 1455.88] recalculating facets...
I 1457.18] Elapsed: 24:17, vertices: 2202, facets final: 14609, pending: 6859
I 1462.40] Elapsed: 24:22, vertices: 2210, facets final: 15203, pending: 6237
I 1467.57] Elapsed: 24:28, vertices: 2218, facets final: 15760, pending: 5681
I 1472.57] Elapsed: 24:33, vertices: 2225, facets final: 16345, pending: 5084
I 1477.57] Elapsed: 24:38, vertices: 2232, facets final: 16925, pending: 4485
I 1482.57] Elapsed: 24:43, vertices: 2239, facets final: 17520, pending: 3870
I 1487.57] Elapsed: 24:48, vertices: 2246, facets final: 18051, pending: 3345
I 1492.57] Elapsed: 24:53, vertices: 2253, facets final: 18557, pending: 2837
I 1497.57] Elapsed: 24:58, vertices: 2261, facets final: 18997, pending: 2372
I 1502.58] Elapsed: 25:03, vertices: 2269, facets final: 19444, pending: 1905
I 1507.58] Elapsed: 25:08, vertices: 2277, facets final: 19878, pending: 1440
I 1512.58] Elapsed: 25:13, vertices: 2286, facets final: 20258, pending: 1030
I 1517.69] Elapsed: 25:18, vertices: 2295, facets final: 20648, pending: 608
I 1519.78] recalculating facets...
I 1522.75] Elapsed: 25:23, vertices: 2309, facets final: 20766, pending: 481
I 1527.75] Elapsed: 25:28, vertices: 2326, facets final: 20825, pending: 416
I 1532.75] Elapsed: 25:33, vertices: 2342, facets final: 20876, pending: 335
I 1537.78] Elapsed: 25:38, vertices: 2359, facets final: 20930, pending: 290
I 1542.79] Elapsed: 25:43, vertices: 2378, facets final: 20974, pending: 219
I 1547.94] Elapsed: 25:48, vertices: 2393, facets final: 21006, pending: 382
I 1550.84] recalculating facets...
I 1552.95] Elapsed: 25:53, vertices: 2407, facets final: 21057, pending: 262
I 1557.96] Elapsed: 25:58, vertices: 2423, facets final: 21127, pending: 165
I 1562.97] Elapsed: 26:03, vertices: 2437, facets final: 21167, pending: 104
I 1568.02] Elapsed: 26:08, vertices: 2459, facets final: 21221, pending: 44
I 1573.11] Elapsed: 26:13, vertices: 2466, facets final: 21255, pending: 15
I 1576.50] Elapsed: 26:17, vertices: 2472, facets final: 21259, pending: 0

--------------------------------
Problem completed
 name                    r36.vlp
 output                  rules/vlp/r36.res
 rows, cols, objs        12, 2415, 10
 vertices, facets        2472, 21259
 total time              26:17
--------------------------------
Statistics
LP:
 oracle calls            38592
   avg iterations/calls  5.14
 total oracle time       2:48
Combinatorics:
 vertices added          2472
 facets probed           58650
 facets # max            42736
 memory allocated        37.12M
 storage expansion
   vertices # / upto     20 / 2556
   facets   # / upto     11 / 45052
 facet manipulating
   added avg / max       176.93 / 2.22k
   compressed            166
 number of ridge tests
   avg / max             5.14M / 56.71M
--------------------------------
Parameters with non-default values
 VertexPoolSize = 200
