C applying rule 37 for ineq2rule.txt
I    5.02] Elapsed: 5.02, vertices: 28, facets final: 74, pending: 332
I   10.03] Elapsed: 10.03, vertices: 36, facets final: 159, pending: 561
I   15.07] Elapsed: 15.07, vertices: 45, facets final: 231, pending: 792
I   20.13] Elapsed: 20.13, vertices: 55, facets final: 282, pending: 974
I   25.17] Elapsed: 25.17, vertices: 64, facets final: 395, pending: 837
I   30.26] Elapsed: 30.26, vertices: 74, facets final: 485, pending: 717
I   35.43] Elapsed: 35.43, vertices: 84, facets final: 579, pending: 794
I   40.43] Elapsed: 40.43, vertices: 94, facets final: 630, pending: 612
I   43.91] recalculating facets...
I   45.47] Elapsed: 45.47, vertices: 103, facets final: 683, pending: 538
I   50.49] Elapsed: 50.49, vertices: 113, facets final: 749, pending: 482
I   55.50] Elapsed: 55.50, vertices: 122, facets final: 835, pending: 481
I   60.62] Elapsed: 1:01, vertices: 131, facets final: 916, pending: 368
I   65.62] Elapsed: 1:06, vertices: 141, facets final: 967, pending: 378
I   70.64] Elapsed: 1:11, vertices: 150, facets final: 1021, pending: 373
I   75.64] Elapsed: 1:16, vertices: 159, facets final: 1071, pending: 293
I   80.66] Elapsed: 1:21, vertices: 168, facets final: 1108, pending: 262
I   85.66] Elapsed: 1:26, vertices: 177, facets final: 1175, pending: 316
I   90.73] Elapsed: 1:31, vertices: 184, facets final: 1250, pending: 238
I   96.11] Elapsed: 1:36, vertices: 192, facets final: 1280, pending: 168
I  100.97] recalculating facets...
I  101.37] Elapsed: 1:41, vertices: 201, facets final: 1298, pending: 123
I  106.40] Elapsed: 1:46, vertices: 210, facets final: 1306, pending: 74
I  111.42] Elapsed: 1:51, vertices: 222, facets final: 1329, pending: 27
I  116.75] Elapsed: 1:57, vertices: 234, facets final: 1344, pending: 22
I  121.75] Elapsed: 2:02, vertices: 244, facets final: 1359, pending: 112
I  126.77] Elapsed: 2:07, vertices: 254, facets final: 1406, pending: 60
I  131.77] Elapsed: 2:12, vertices: 262, facets final: 1450, pending: 62
I  136.78] Elapsed: 2:17, vertices: 269, facets final: 1497, pending: 47
I  141.79] Elapsed: 2:22, vertices: 275, facets final: 1512, pending: 57
I  147.38] Elapsed: 2:27, vertices: 282, facets final: 1552, pending: 2
I  148.11] Elapsed: 2:28, vertices: 284, facets final: 1557, pending: 0

--------------------------------
Problem completed
 name                    r37.vlp
 output                  rules/vlp/r37.res
 rows, cols, objs        12, 2639, 10
 vertices, facets        284, 1557
 total time              2:28
--------------------------------
Statistics
LP:
 oracle calls            32459
   avg iterations/calls  3.87
 total oracle time       2:25
Combinatorics:
 vertices added          284
 facets probed           39777
 facets # max            1570
 memory allocated        1.97M
 storage expansion
   vertices # / upto     3 / 380
   facets   # / upto     1 / 4092
 facet manipulating
   added avg / max       31.90 / 162.00
   compressed            2
 number of ridge tests
   avg / max             26.78k / 136.27k
--------------------------------
Parameters with non-default values
 VertexPoolSize = 200
