C applying double rule rs=cd:ab;a.r.c.d;ar.br.c.dr for ineq.txt
I    5.01] Elapsed: 5.01, vertices: 301, facets final: 92, pending: 7557, pool: 284
I   10.01] Elapsed: 10.01, vertices: 424, facets final: 134, pending: 13537, pool: 299
I   15.03] Elapsed: 15.03, vertices: 511, facets final: 147, pending: 18294, pool: 300
I   20.12] Elapsed: 20.12, vertices: 575, facets final: 161, pending: 23354, pool: 300
I   25.17] Elapsed: 25.17, vertices: 624, facets final: 166, pending: 27958, pool: 300
I   30.28] Elapsed: 30.28, vertices: 664, facets final: 170, pending: 31657, pool: 300
I   35.29] Elapsed: 35.29, vertices: 698, facets final: 176, pending: 35209, pool: 300
I   40.34] Elapsed: 40.34, vertices: 729, facets final: 181, pending: 39295, pool: 300
I   45.45] Elapsed: 45.45, vertices: 754, facets final: 181, pending: 42582, pool: 300
I   50.47] Elapsed: 50.47, vertices: 780, facets final: 182, pending: 46012, pool: 300
I   55.86] Elapsed: 55.86, vertices: 803, facets final: 184, pending: 50271, pool: 300
I   60.86] Elapsed: 1:01, vertices: 820, facets final: 187, pending: 53053, pool: 300
I   66.14] Elapsed: 1:06, vertices: 840, facets final: 188, pending: 55595, pool: 300
I   71.23] Elapsed: 1:11, vertices: 854, facets final: 189, pending: 57758, pool: 300
I   76.37] Elapsed: 1:16, vertices: 867, facets final: 190, pending: 60100, pool: 300
I   81.37] Elapsed: 1:21, vertices: 880, facets final: 190, pending: 62983, pool: 300
I   86.51] Elapsed: 1:27, vertices: 895, facets final: 192, pending: 64931, pool: 300
I   91.54] Elapsed: 1:32, vertices: 907, facets final: 193, pending: 67874, pool: 300
I   96.71] Elapsed: 1:37, vertices: 918, facets final: 194, pending: 69568, pool: 300
I  102.09] Elapsed: 1:42, vertices: 928, facets final: 195, pending: 71639, pool: 300
I  107.48] Elapsed: 1:47, vertices: 940, facets final: 195, pending: 74541, pool: 300
I  112.61] Elapsed: 1:53, vertices: 951, facets final: 196, pending: 76256, pool: 300
I  117.82] Elapsed: 1:58, vertices: 962, facets final: 196, pending: 77978, pool: 299
I  123.11] Elapsed: 2:03, vertices: 973, facets final: 196, pending: 79945, pool: 300
I  128.92] Elapsed: 2:09, vertices: 982, facets final: 199, pending: 82015, pool: 300
I  134.37] Elapsed: 2:14, vertices: 992, facets final: 199, pending: 83845, pool: 300
I  139.53] Elapsed: 2:20, vertices: 1003, facets final: 199, pending: 85423, pool: 300
I  145.40] Elapsed: 2:25, vertices: 1015, facets final: 199, pending: 87232, pool: 300
I  150.90] Elapsed: 2:31, vertices: 1024, facets final: 200, pending: 89295, pool: 300
I  156.13] Elapsed: 2:36, vertices: 1034, facets final: 201, pending: 90572, pool: 300
I  161.39] Elapsed: 2:41, vertices: 1044, facets final: 201, pending: 91491, pool: 300
I  166.52] Elapsed: 2:47, vertices: 1050, facets final: 202, pending: 92321, pool: 300
I  172.09] Elapsed: 2:52, vertices: 1055, facets final: 202, pending: 93294, pool: 300
I  177.77] Elapsed: 2:58, vertices: 1062, facets final: 202, pending: 93847, pool: 300
I  183.83] Elapsed: 3:04, vertices: 1071, facets final: 202, pending: 95491, pool: 300
I  188.94] Elapsed: 3:09, vertices: 1077, facets final: 202, pending: 96886, pool: 300
I  195.32] Elapsed: 3:15, vertices: 1084, facets final: 202, pending: 98488, pool: 300
I  200.79] Elapsed: 3:21, vertices: 1091, facets final: 203, pending: 99599, pool: 300
I  205.84] Elapsed: 3:26, vertices: 1097, facets final: 203, pending: 101346, pool: 300
I  211.33] Elapsed: 3:31, vertices: 1101, facets final: 203, pending: 102826, pool: 300
I  216.79] Elapsed: 3:37, vertices: 1109, facets final: 203, pending: 103736, pool: 300
I  222.70] Elapsed: 3:43, vertices: 1117, facets final: 203, pending: 104962, pool: 300
I  227.85] Elapsed: 3:48, vertices: 1123, facets final: 203, pending: 105790, pool: 300
I  232.98] Elapsed: 3:53, vertices: 1128, facets final: 203, pending: 106923, pool: 300
I  238.23] Elapsed: 3:58, vertices: 1132, facets final: 203, pending: 108028, pool: 300
I  243.50] Elapsed: 4:04, vertices: 1139, facets final: 203, pending: 109102, pool: 300
I  249.24] Elapsed: 4:09, vertices: 1144, facets final: 203, pending: 110530, pool: 300
I  256.14] Elapsed: 4:16, vertices: 1153, facets final: 203, pending: 112107, pool: 300
I  261.32] Elapsed: 4:21, vertices: 1159, facets final: 203, pending: 112837, pool: 300
I  267.36] Elapsed: 4:27, vertices: 1166, facets final: 203, pending: 114051, pool: 300
I  273.05] Elapsed: 4:33, vertices: 1172, facets final: 203, pending: 114855, pool: 300
I  280.09] Elapsed: 4:40, vertices: 1182, facets final: 203, pending: 116125, pool: 300
I  285.09] Elapsed: 4:45, vertices: 1189, facets final: 203, pending: 116786, pool: 300
I  290.62] Elapsed: 4:51, vertices: 1194, facets final: 203, pending: 118229, pool: 300
I  296.22] Elapsed: 4:56, vertices: 1200, facets final: 203, pending: 119587, pool: 300
I  301.68] Elapsed: 5:02, vertices: 1208, facets final: 203, pending: 120618, pool: 300
I  310.03] Elapsed: 5:10, vertices: 1215, facets final: 203, pending: 121070, pool: 300
I  315.24] Elapsed: 5:15, vertices: 1221, facets final: 203, pending: 122383, pool: 300
I  321.08] Elapsed: 5:21, vertices: 1227, facets final: 205, pending: 123959, pool: 300
I  326.67] Elapsed: 5:27, vertices: 1232, facets final: 205, pending: 124692, pool: 300
I  332.75] Elapsed: 5:33, vertices: 1237, facets final: 207, pending: 126281, pool: 300
I  339.27] Elapsed: 5:39, vertices: 1244, facets final: 208, pending: 127278, pool: 300
I  344.69] Elapsed: 5:45, vertices: 1250, facets final: 208, pending: 127791, pool: 300
I  351.02] Elapsed: 5:51, vertices: 1255, facets final: 208, pending: 128698, pool: 300
I  357.74] Elapsed: 5:58, vertices: 1261, facets final: 208, pending: 128871, pool: 300
I  362.81] Elapsed: 6:03, vertices: 1268, facets final: 208, pending: 129911, pool: 299
I  368.04] Elapsed: 6:08, vertices: 1272, facets final: 209, pending: 130277, pool: 300
I  373.83] Elapsed: 6:14, vertices: 1278, facets final: 210, pending: 130953, pool: 300
I  380.25] Elapsed: 6:20, vertices: 1282, facets final: 210, pending: 132391, pool: 300
I  385.61] Elapsed: 6:26, vertices: 1287, facets final: 211, pending: 133362, pool: 300
I  392.03] Elapsed: 6:32, vertices: 1294, facets final: 211, pending: 134006, pool: 300
I  397.41] Elapsed: 6:37, vertices: 1300, facets final: 212, pending: 134333, pool: 300
I  402.78] Elapsed: 6:43, vertices: 1306, facets final: 212, pending: 134811, pool: 300
I  407.94] Elapsed: 6:48, vertices: 1310, facets final: 213, pending: 134954, pool: 300
I  412.99] Elapsed: 6:53, vertices: 1315, facets final: 214, pending: 135485, pool: 300
I  418.49] Elapsed: 6:58, vertices: 1321, facets final: 215, pending: 136319, pool: 300
I  424.68] Elapsed: 7:05, vertices: 1326, facets final: 215, pending: 136908, pool: 300
I  429.91] Elapsed: 7:10, vertices: 1332, facets final: 215, pending: 137424, pool: 300
I  436.23] Elapsed: 7:16, vertices: 1335, facets final: 216, pending: 138705, pool: 300
I  441.65] Elapsed: 7:22, vertices: 1341, facets final: 216, pending: 139455, pool: 300
I  446.66] Elapsed: 7:27, vertices: 1347, facets final: 216, pending: 140244, pool: 300
I  451.77] Elapsed: 7:32, vertices: 1353, facets final: 216, pending: 141122, pool: 300
I  456.91] Elapsed: 7:37, vertices: 1359, facets final: 216, pending: 141859, pool: 300
I  462.41] Elapsed: 7:42, vertices: 1362, facets final: 216, pending: 142819, pool: 300
I  467.70] Elapsed: 7:48, vertices: 1369, facets final: 216, pending: 143695, pool: 300
I  473.08] Elapsed: 7:53, vertices: 1373, facets final: 216, pending: 144204, pool: 300
I  478.17] Elapsed: 7:58, vertices: 1377, facets final: 216, pending: 144849, pool: 300
I  483.92] Elapsed: 8:04, vertices: 1382, facets final: 219, pending: 145090, pool: 300
I  489.82] Elapsed: 8:10, vertices: 1389, facets final: 220, pending: 146024, pool: 300
I  495.96] Elapsed: 8:16, vertices: 1394, facets final: 220, pending: 146902, pool: 300
I  501.38] Elapsed: 8:21, vertices: 1400, facets final: 221, pending: 147786, pool: 299
I  507.29] Elapsed: 8:27, vertices: 1405, facets final: 222, pending: 148497, pool: 300
I  513.20] Elapsed: 8:33, vertices: 1410, facets final: 222, pending: 148933, pool: 300
I  518.42] Elapsed: 8:38, vertices: 1415, facets final: 222, pending: 149449, pool: 300
I  523.68] Elapsed: 8:44, vertices: 1419, facets final: 222, pending: 149801, pool: 300
I  529.63] Elapsed: 8:50, vertices: 1425, facets final: 222, pending: 150506, pool: 300
I  537.34] Elapsed: 8:57, vertices: 1428, facets final: 222, pending: 151220, pool: 300
I  542.46] Elapsed: 9:02, vertices: 1432, facets final: 222, pending: 151374, pool: 300
I  549.05] Elapsed: 9:09, vertices: 1437, facets final: 222, pending: 151968, pool: 300
I  554.26] Elapsed: 9:14, vertices: 1442, facets final: 222, pending: 152985, pool: 300
I  559.85] Elapsed: 9:20, vertices: 1444, facets final: 222, pending: 153239, pool: 300
I  566.05] Elapsed: 9:26, vertices: 1447, facets final: 222, pending: 154135, pool: 300
I  571.37] Elapsed: 9:31, vertices: 1451, facets final: 223, pending: 154764, pool: 300
I  577.10] Elapsed: 9:37, vertices: 1456, facets final: 223, pending: 155713, pool: 300
I  582.42] Elapsed: 9:42, vertices: 1459, facets final: 224, pending: 156375, pool: 300
I  588.41] Elapsed: 9:48, vertices: 1462, facets final: 224, pending: 157673, pool: 300
I  594.12] Elapsed: 9:54, vertices: 1467, facets final: 224, pending: 158414, pool: 300
I  599.48] Elapsed: 9:59, vertices: 1471, facets final: 224, pending: 159003, pool: 300
I  605.54] Elapsed: 10:06, vertices: 1474, facets final: 224, pending: 158962, pool: 300
I  612.92] Elapsed: 10:13, vertices: 1480, facets final: 224, pending: 159732, pool: 300
I  618.83] Elapsed: 10:19, vertices: 1484, facets final: 224, pending: 160231, pool: 300
I  626.13] Elapsed: 10:26, vertices: 1488, facets final: 224, pending: 161198, pool: 300
I  632.93] Elapsed: 10:33, vertices: 1493, facets final: 225, pending: 162162, pool: 300
I  637.93] Elapsed: 10:38, vertices: 1497, facets final: 225, pending: 162826, pool: 300
I  643.73] Elapsed: 10:44, vertices: 1501, facets final: 225, pending: 163089, pool: 300
I  649.12] Elapsed: 10:49, vertices: 1505, facets final: 225, pending: 163897, pool: 300
I  655.37] Elapsed: 10:55, vertices: 1509, facets final: 225, pending: 164699, pool: 300
I  661.21] Elapsed: 11:01, vertices: 1514, facets final: 225, pending: 165276, pool: 300
I  666.56] Elapsed: 11:07, vertices: 1519, facets final: 226, pending: 166003, pool: 300
I  672.82] Elapsed: 11:13, vertices: 1523, facets final: 226, pending: 166837, pool: 300
I  679.00] Elapsed: 11:19, vertices: 1527, facets final: 226, pending: 167460, pool: 300
I  684.31] Elapsed: 11:24, vertices: 1531, facets final: 226, pending: 167654, pool: 300
I  691.56] Elapsed: 11:32, vertices: 1536, facets final: 226, pending: 167668, pool: 300
I  696.71] Elapsed: 11:37, vertices: 1541, facets final: 226, pending: 168184, pool: 300
I  702.19] Elapsed: 11:42, vertices: 1544, facets final: 226, pending: 168683, pool: 300
I  708.62] Elapsed: 11:49, vertices: 1548, facets final: 226, pending: 168831, pool: 300
I  713.90] Elapsed: 11:54, vertices: 1551, facets final: 226, pending: 169197, pool: 300
I  719.84] Elapsed: 12:00, vertices: 1555, facets final: 226, pending: 169425, pool: 300
I  724.97] Elapsed: 12:05, vertices: 1557, facets final: 226, pending: 169793, pool: 300
I  732.26] Elapsed: 12:12, vertices: 1561, facets final: 227, pending: 170221, pool: 300
I  738.88] Elapsed: 12:19, vertices: 1565, facets final: 227, pending: 170695, pool: 300
I  745.10] Elapsed: 12:25, vertices: 1568, facets final: 227, pending: 171554, pool: 300
I  752.13] Elapsed: 12:32, vertices: 1573, facets final: 227, pending: 172386, pool: 300
I  757.57] Elapsed: 12:38, vertices: 1577, facets final: 227, pending: 172827, pool: 300
I  763.26] Elapsed: 12:43, vertices: 1580, facets final: 227, pending: 173047, pool: 300
I  768.64] Elapsed: 12:49, vertices: 1582, facets final: 227, pending: 173116, pool: 300
I  774.77] Elapsed: 12:55, vertices: 1587, facets final: 227, pending: 174589, pool: 300
I  780.30] Elapsed: 13:00, vertices: 1591, facets final: 227, pending: 175365, pool: 300
I  785.62] Elapsed: 13:06, vertices: 1595, facets final: 228, pending: 175907, pool: 300
I  792.41] Elapsed: 13:12, vertices: 1598, facets final: 228, pending: 176275, pool: 300
I  798.45] Elapsed: 13:18, vertices: 1603, facets final: 228, pending: 176394, pool: 300
I  804.36] Elapsed: 13:24, vertices: 1609, facets final: 228, pending: 177231, pool: 300
I  809.43] Elapsed: 13:29, vertices: 1613, facets final: 228, pending: 177749, pool: 300
I  814.64] Elapsed: 13:35, vertices: 1617, facets final: 228, pending: 178023, pool: 300
I  820.25] Elapsed: 13:40, vertices: 1621, facets final: 228, pending: 178542, pool: 300
I  826.26] Elapsed: 13:46, vertices: 1624, facets final: 228, pending: 178947, pool: 300
I  831.92] Elapsed: 13:52, vertices: 1629, facets final: 228, pending: 179382, pool: 300
I  838.59] Elapsed: 13:59, vertices: 1636, facets final: 228, pending: 180482, pool: 300
I  844.30] Elapsed: 14:04, vertices: 1640, facets final: 229, pending: 181103, pool: 300
I  849.43] Elapsed: 14:09, vertices: 1643, facets final: 229, pending: 181092, pool: 300
I  854.51] Elapsed: 14:15, vertices: 1646, facets final: 229, pending: 181687, pool: 300
I  860.51] Elapsed: 14:21, vertices: 1650, facets final: 229, pending: 182005, pool: 300
I  866.48] Elapsed: 14:26, vertices: 1655, facets final: 229, pending: 182897, pool: 300
I  871.68] Elapsed: 14:32, vertices: 1658, facets final: 229, pending: 183100, pool: 300
I  876.75] Elapsed: 14:37, vertices: 1662, facets final: 229, pending: 183960, pool: 300
I  882.22] Elapsed: 14:42, vertices: 1665, facets final: 229, pending: 184456, pool: 300
I  887.36] Elapsed: 14:47, vertices: 1666, facets final: 229, pending: 185209, pool: 300
I  893.56] Elapsed: 14:54, vertices: 1670, facets final: 229, pending: 185474, pool: 300
I  899.50] Elapsed: 15:00, vertices: 1673, facets final: 229, pending: 185766, pool: 300
I  906.63] Elapsed: 15:07, vertices: 1677, facets final: 230, pending: 186075, pool: 300
I  912.08] Elapsed: 15:12, vertices: 1681, facets final: 230, pending: 186304, pool: 300
I  918.34] Elapsed: 15:18, vertices: 1684, facets final: 232, pending: 186421, pool: 300
I  924.99] Elapsed: 15:25, vertices: 1687, facets final: 232, pending: 186989, pool: 300
I  932.38] Elapsed: 15:32, vertices: 1690, facets final: 232, pending: 187253, pool: 300
I  939.15] Elapsed: 15:39, vertices: 1694, facets final: 232, pending: 187437, pool: 300
I  946.75] Elapsed: 15:47, vertices: 1698, facets final: 233, pending: 187985, pool: 300
I  952.28] Elapsed: 15:52, vertices: 1702, facets final: 233, pending: 188191, pool: 300
I  958.15] Elapsed: 15:58, vertices: 1705, facets final: 233, pending: 188872, pool: 300
I  965.68] Elapsed: 16:06, vertices: 1708, facets final: 233, pending: 189225, pool: 300
I  970.82] Elapsed: 16:11, vertices: 1711, facets final: 233, pending: 189196, pool: 300
I  978.87] Elapsed: 16:19, vertices: 1713, facets final: 233, pending: 189530, pool: 300
I  984.83] Elapsed: 16:25, vertices: 1717, facets final: 233, pending: 189830, pool: 300
I  992.05] Elapsed: 16:32, vertices: 1720, facets final: 233, pending: 189841, pool: 300
I  997.47] Elapsed: 16:37, vertices: 1725, facets final: 234, pending: 190418, pool: 300
I 1004.01] Elapsed: 16:44, vertices: 1730, facets final: 234, pending: 191442, pool: 300
I 1009.30] Elapsed: 16:49, vertices: 1733, facets final: 235, pending: 191335, pool: 300
I 1015.02] Elapsed: 16:55, vertices: 1737, facets final: 235, pending: 191721, pool: 300
I 1021.79] Elapsed: 17:02, vertices: 1742, facets final: 235, pending: 192432, pool: 300
I 1026.80] Elapsed: 17:07, vertices: 1745, facets final: 235, pending: 192746, pool: 300
I 1033.12] Elapsed: 17:13, vertices: 1749, facets final: 235, pending: 193017, pool: 300
I 1039.15] Elapsed: 17:19, vertices: 1752, facets final: 235, pending: 193727, pool: 300
I 1046.25] Elapsed: 17:26, vertices: 1756, facets final: 235, pending: 194757, pool: 300
I 1051.59] Elapsed: 17:32, vertices: 1759, facets final: 235, pending: 194786, pool: 300
I 1056.92] Elapsed: 17:37, vertices: 1761, facets final: 235, pending: 195103, pool: 300
I 1063.95] Elapsed: 17:44, vertices: 1763, facets final: 235, pending: 195329, pool: 300
I 1069.92] Elapsed: 17:50, vertices: 1767, facets final: 236, pending: 195175, pool: 300
I 1078.75] Elapsed: 17:59, vertices: 1770, facets final: 236, pending: 195380, pool: 300
I 1084.14] Elapsed: 18:04, vertices: 1774, facets final: 237, pending: 195455, pool: 300
I 1091.06] Elapsed: 18:11, vertices: 1777, facets final: 237, pending: 196160, pool: 300
I 1096.41] Elapsed: 18:16, vertices: 1780, facets final: 237, pending: 196753, pool: 300
I 1103.09] Elapsed: 18:23, vertices: 1784, facets final: 237, pending: 197359, pool: 300
I 1109.18] Elapsed: 18:29, vertices: 1787, facets final: 237, pending: 197561, pool: 300
I 1116.89] Elapsed: 18:37, vertices: 1791, facets final: 237, pending: 198233, pool: 300
I 1122.32] Elapsed: 18:42, vertices: 1794, facets final: 237, pending: 198502, pool: 300
I 1127.41] Elapsed: 18:47, vertices: 1797, facets final: 237, pending: 198209, pool: 300
I 1132.63] Elapsed: 18:53, vertices: 1798, facets final: 237, pending: 197556, pool: 300
I 1140.13] Elapsed: 19:00, vertices: 1802, facets final: 237, pending: 198033, pool: 300
I 1146.35] Elapsed: 19:06, vertices: 1805, facets final: 237, pending: 198429, pool: 300
I 1152.28] Elapsed: 19:12, vertices: 1808, facets final: 237, pending: 198884, pool: 300
I 1158.52] Elapsed: 19:19, vertices: 1812, facets final: 237, pending: 199635, pool: 300
I 1165.07] Elapsed: 19:25, vertices: 1816, facets final: 237, pending: 199651, pool: 300
I 1171.79] Elapsed: 19:32, vertices: 1820, facets final: 238, pending: 200512, pool: 300
I 1176.92] Elapsed: 19:37, vertices: 1824, facets final: 238, pending: 200922, pool: 299
recalculate_facet: numerical instability at facet 80719, coord 3 (1.51709e-06)
recalculate_facet: numerical instability at facet 80719, coord 5 (-1.42315e-06)
recalculate_facet: numerical instability at facet 80719, coord 8 (-1.42293e-06)
I 1183.19] Elapsed: 19:43, vertices: 1826, facets final: 238, pending: 200691, pool: 299
I 1189.84] Elapsed: 19:50, vertices: 1830, facets final: 238, pending: 201023, pool: 300
I 1198.11] Elapsed: 19:58, vertices: 1834, facets final: 238, pending: 201512, pool: 300
I 1204.40] Elapsed: 20:04, vertices: 1838, facets final: 238, pending: 201709, pool: 300
I 1210.32] Elapsed: 20:10, vertices: 1841, facets final: 238, pending: 202067, pool: 300
I 1217.61] Elapsed: 20:18, vertices: 1844, facets final: 238, pending: 202183, pool: 300
recalculate_facet: numerical instability at facet 113, coord 0 (-1.30349e-06)
recalculate_facet: numerical instability at facet 113, coord 2 (4.24686e-06)
recalculate_facet: numerical instability at facet 113, coord 3 (-5.0377e-06)
recalculate_facet: numerical instability at facet 113, coord 5 (1.74224e-06)
recalculate_facet: numerical instability at facet 113, coord 8 (1.59873e-06)
recalculate_facet: numerical instability at facet 115, coord 3 (1.1783e-06)
recalculate_facet: numerical instability at facet 115, coord 5 (-1.12821e-06)
recalculate_facet: numerical instability at facet 115, coord 8 (-1.14477e-06)
recalculate_facet: numerical instability at facet 116, coord 2 (8.72947e-06)
recalculate_facet: numerical instability at facet 116, coord 3 (-1.03319e-06)
recalculate_facet: numerical instability at facet 116, coord 5 (-6.92345e-06)
recalculate_facet: numerical instability at facet 118, coord 3 (-1.40651e-06)
recalculate_facet: numerical instability at facet 118, coord 5 (1.46443e-06)
recalculate_facet: numerical instability at facet 118, coord 8 (1.16143e-06)
I 1223.58] Elapsed: 20:24, vertices: 1847, facets final: 238, pending: 202428, pool: 300
I 1229.32] Elapsed: 20:29, vertices: 1849, facets final: 238, pending: 202956, pool: 300
I 1234.82] Elapsed: 20:35, vertices: 1853, facets final: 240, pending: 202885, pool: 300
I 1239.94] Elapsed: 20:40, vertices: 1856, facets final: 240, pending: 203366, pool: 300
I 1245.68] Elapsed: 20:46, vertices: 1860, facets final: 240, pending: 203440, pool: 300
I 1250.75] Elapsed: 20:51, vertices: 1864, facets final: 240, pending: 203447, pool: 300
I 1255.75] Elapsed: 20:56, vertices: 1867, facets final: 240, pending: 203230, pool: 300
I 1260.93] Elapsed: 21:01, vertices: 1870, facets final: 240, pending: 203490, pool: 300
I 1266.35] Elapsed: 21:06, vertices: 1874, facets final: 241, pending: 203592, pool: 300
I 1271.72] Elapsed: 21:12, vertices: 1878, facets final: 241, pending: 203804, pool: 300
recalculate_facet: numerical instability at facet 14, coord 0 (-7.60154e-06)
recalculate_facet: numerical instability at facet 14, coord 1 (1.01699e-05)
recalculate_facet: numerical instability at facet 14, coord 2 (1.3017e-05)
recalculate_facet: numerical instability at facet 14, coord 3 (-1.73108e-05)
recalculate_facet: numerical instability at facet 14, coord 4 (5.59675e-06)
recalculate_facet: numerical instability at facet 14, coord 5 (-4.21277e-06)
recalculate_facet: numerical instability at facet 14, coord 8 (-1.68536e-05)
recalculate_facet: numerical instability at facet 333, coord 0 (1.04817e-06)
recalculate_facet: numerical instability at facet 333, coord 1 (-1.40538e-06)
recalculate_facet: numerical instability at facet 333, coord 2 (2.79502e-06)
recalculate_facet: numerical instability at facet 333, coord 3 (-5.21204e-06)
recalculate_facet: numerical instability at facet 333, coord 5 (2.43642e-06)
recalculate_facet: numerical instability at facet 351, coord 0 (-1.7094e-06)
recalculate_facet: numerical instability at facet 351, coord 1 (2.91027e-06)
recalculate_facet: numerical instability at facet 351, coord 2 (6.19224e-06)
recalculate_facet: numerical instability at facet 351, coord 3 (-1.3999e-05)
recalculate_facet: numerical instability at facet 351, coord 4 (2.39569e-06)
recalculate_facet: numerical instability at facet 351, coord 5 (4.01909e-06)
recalculate_facet: numerical instability at facet 351, coord 8 (-7.84622e-06)
I 1280.19] Elapsed: 21:20, vertices: 1882, facets final: 241, pending: 204579, pool: 300
I 1286.48] Elapsed: 21:26, vertices: 1884, facets final: 241, pending: 204914, pool: 300
I 1294.82] Elapsed: 21:35, vertices: 1888, facets final: 241, pending: 204769, pool: 300
I 1300.63] Elapsed: 21:41, vertices: 1891, facets final: 241, pending: 204634, pool: 300
I 1308.69] Elapsed: 21:49, vertices: 1894, facets final: 241, pending: 205279, pool: 300
I 1313.94] Elapsed: 21:54, vertices: 1896, facets final: 241, pending: 205251, pool: 300
I 1319.42] Elapsed: 21:59, vertices: 1900, facets final: 242, pending: 206003, pool: 300
I 1324.97] Elapsed: 22:05, vertices: 1903, facets final: 242, pending: 206057, pool: 300
I 1329.99] Elapsed: 22:10, vertices: 1906, facets final: 242, pending: 206266, pool: 300
recalculate_facet: numerical instability at facet 146, coord 3 (-1.35038e-06)
recalculate_facet: numerical instability at facet 146, coord 5 (1.24593e-06)
I 1336.42] Elapsed: 22:16, vertices: 1909, facets final: 242, pending: 206528, pool: 300
I 1343.29] Elapsed: 22:23, vertices: 1912, facets final: 242, pending: 206640, pool: 300
recalculate_facet: numerical instability at facet 18, coord 2 (1.08254e-05)
recalculate_facet: numerical instability at facet 18, coord 3 (-2.91685e-06)
recalculate_facet: numerical instability at facet 18, coord 4 (1.10999e-06)
recalculate_facet: numerical instability at facet 18, coord 5 (-8.61449e-06)
recalculate_facet: numerical instability at facet 18, coord 8 (-4.33042e-06)
I 1348.89] Elapsed: 22:29, vertices: 1916, facets final: 242, pending: 207315, pool: 300
I 1354.03] Elapsed: 22:34, vertices: 1919, facets final: 242, pending: 207302, pool: 300
I 1359.37] Elapsed: 22:39, vertices: 1922, facets final: 242, pending: 207458, pool: 300
I 1364.67] Elapsed: 22:45, vertices: 1924, facets final: 242, pending: 207276, pool: 300
I 1371.27] Elapsed: 22:51, vertices: 1926, facets final: 242, pending: 207109, pool: 300
I 1377.08] Elapsed: 22:57, vertices: 1928, facets final: 242, pending: 207203, pool: 300
I 1382.29] Elapsed: 23:02, vertices: 1931, facets final: 242, pending: 207416, pool: 300
I 1388.50] Elapsed: 23:09, vertices: 1932, facets final: 242, pending: 207604, pool: 300
I 1393.92] Elapsed: 23:14, vertices: 1936, facets final: 242, pending: 207841, pool: 300
I 1400.04] Elapsed: 23:20, vertices: 1937, facets final: 242, pending: 207437, pool: 300
I 1407.02] Elapsed: 23:27, vertices: 1941, facets final: 242, pending: 207568, pool: 300
I 1413.67] Elapsed: 23:34, vertices: 1943, facets final: 242, pending: 207677, pool: 300
I 1423.13] Elapsed: 23:43, vertices: 1946, facets final: 242, pending: 207244, pool: 300
I 1429.31] Elapsed: 23:49, vertices: 1950, facets final: 242, pending: 207431, pool: 300
I 1435.26] Elapsed: 23:55, vertices: 1954, facets final: 242, pending: 207603, pool: 300
I 1444.18] Elapsed: 24:04, vertices: 1958, facets final: 244, pending: 207657, pool: 300
I 1449.71] Elapsed: 24:10, vertices: 1960, facets final: 244, pending: 208177, pool: 300
I 1456.62] Elapsed: 24:17, vertices: 1964, facets final: 244, pending: 208861, pool: 300
I 1462.06] Elapsed: 24:22, vertices: 1968, facets final: 245, pending: 208842, pool: 300
I 1469.16] Elapsed: 24:29, vertices: 1972, facets final: 245, pending: 209046, pool: 300
I 1475.35] Elapsed: 24:35, vertices: 1977, facets final: 246, pending: 209250, pool: 300
I 1480.70] Elapsed: 24:41, vertices: 1980, facets final: 246, pending: 209483, pool: 300
I 1488.44] Elapsed: 24:48, vertices: 1982, facets final: 246, pending: 209591, pool: 300
I 1494.35] Elapsed: 24:54, vertices: 1985, facets final: 246, pending: 210190, pool: 300
I 1500.81] Elapsed: 25:01, vertices: 1988, facets final: 246, pending: 210343, pool: 300
I 1507.58] Elapsed: 25:08, vertices: 1990, facets final: 247, pending: 210840, pool: 300
I 1513.08] Elapsed: 25:13, vertices: 1992, facets final: 247, pending: 211004, pool: 300
recalculate_facet: numerical instability at facet 112, coord 3 (1.22767e-05)
recalculate_facet: numerical instability at facet 112, coord 5 (-1.32002e-05)
recalculate_facet: numerical instability at facet 112, coord 6 (1.42067e-06)
recalculate_facet: numerical instability at facet 112, coord 8 (-1.44931e-06)
I 1520.07] Elapsed: 25:20, vertices: 1996, facets final: 248, pending: 211818, pool: 300
I 1525.10] Elapsed: 25:25, vertices: 2000, facets final: 248, pending: 212384, pool: 300
I 1530.83] Elapsed: 25:31, vertices: 2001, facets final: 248, pending: 212405
I 1536.27] Elapsed: 25:36, vertices: 2003, facets final: 248, pending: 212585, pool: 300
I 1542.00] Elapsed: 25:42, vertices: 2006, facets final: 248, pending: 212665, pool: 300
I 1548.26] Elapsed: 25:48, vertices: 2009, facets final: 248, pending: 213190, pool: 300
I 1554.61] Elapsed: 25:55, vertices: 2011, facets final: 248, pending: 213026, pool: 300
I 1560.75] Elapsed: 26:01, vertices: 2015, facets final: 248, pending: 213025, pool: 300
I 1566.55] Elapsed: 26:07, vertices: 2019, facets final: 249, pending: 213907, pool: 300
I 1571.92] Elapsed: 26:12, vertices: 2021, facets final: 249, pending: 213953, pool: 300
I 1579.03] Elapsed: 26:19, vertices: 2025, facets final: 250, pending: 213873, pool: 300
recalculate_facet: numerical instability at facet 187382, coord 5 (1.24514e-06)
I 1585.15] Elapsed: 26:25, vertices: 2030, facets final: 250, pending: 214156, pool: 300
I 1594.45] Elapsed: 26:34, vertices: 2034, facets final: 250, pending: 214205, pool: 300
I 1600.17] Elapsed: 26:40, vertices: 2038, facets final: 250, pending: 214391, pool: 300
I 1608.34] Elapsed: 26:48, vertices: 2041, facets final: 251, pending: 214258, pool: 300
I 1614.48] Elapsed: 26:54, vertices: 2043, facets final: 251, pending: 214857, pool: 300
I 1620.88] Elapsed: 27:01, vertices: 2048, facets final: 252, pending: 215196, pool: 300
I 1627.63] Elapsed: 27:08, vertices: 2052, facets final: 252, pending: 215691, pool: 300
I 1634.76] Elapsed: 27:15, vertices: 2054, facets final: 252, pending: 214989, pool: 300
I 1640.44] Elapsed: 27:20, vertices: 2058, facets final: 253, pending: 215113, pool: 300
I 1645.81] Elapsed: 27:26, vertices: 2061, facets final: 253, pending: 215242, pool: 300
I 1651.33] Elapsed: 27:31, vertices: 2063, facets final: 253, pending: 215722, pool: 300
recalculate_facet: numerical instability at facet 69, coord 3 (1.29806e-06)
I 1657.70] Elapsed: 27:38, vertices: 2066, facets final: 253, pending: 215947, pool: 300
I 1663.77] Elapsed: 27:44, vertices: 2070, facets final: 253, pending: 216492, pool: 300
I 1670.67] Elapsed: 27:51, vertices: 2073, facets final: 253, pending: 216643, pool: 300
I 1676.10] Elapsed: 27:56, vertices: 2076, facets final: 253, pending: 216916, pool: 300
I 1682.05] Elapsed: 28:02, vertices: 2079, facets final: 253, pending: 217223, pool: 300
I 1689.08] Elapsed: 28:09, vertices: 2082, facets final: 253, pending: 217334, pool: 300
I 1694.35] Elapsed: 28:14, vertices: 2083, facets final: 253, pending: 217634, pool: 300
I 1700.76] Elapsed: 28:21, vertices: 2086, facets final: 254, pending: 218056, pool: 300
I 1706.32] Elapsed: 28:26, vertices: 2088, facets final: 254, pending: 218421, pool: 300
I 1712.92] Elapsed: 28:33, vertices: 2092, facets final: 254, pending: 218469, pool: 300
I 1720.50] Elapsed: 28:41, vertices: 2095, facets final: 254, pending: 218715, pool: 300
I 1727.72] Elapsed: 28:48, vertices: 2099, facets final: 255, pending: 219227, pool: 300
I 1732.95] Elapsed: 28:53, vertices: 2101, facets final: 255, pending: 219291, pool: 300
I 1738.90] Elapsed: 28:59, vertices: 2105, facets final: 257, pending: 219361, pool: 300
I 1744.53] Elapsed: 29:05, vertices: 2108, facets final: 257, pending: 219522, pool: 300
I 1750.09] Elapsed: 29:10, vertices: 2110, facets final: 257, pending: 219834, pool: 300
I 1755.38] Elapsed: 29:15, vertices: 2113, facets final: 258, pending: 220073, pool: 300
I 1761.12] Elapsed: 29:21, vertices: 2116, facets final: 259, pending: 219847, pool: 300
I 1768.03] Elapsed: 29:28, vertices: 2119, facets final: 259, pending: 220732, pool: 300
I 1773.04] Elapsed: 29:33, vertices: 2121, facets final: 259, pending: 220536, pool: 300
I 1779.23] Elapsed: 29:39, vertices: 2125, facets final: 259, pending: 220835, pool: 300
I 1787.58] Elapsed: 29:48, vertices: 2128, facets final: 259, pending: 221009, pool: 300
I 1796.98] Elapsed: 29:57, vertices: 2131, facets final: 259, pending: 221565, pool: 300
I 1803.35] Elapsed: 30:03, vertices: 2133, facets final: 259, pending: 221735, pool: 300
I 1809.37] Elapsed: 30:09, vertices: 2135, facets final: 259, pending: 221441, pool: 300
I 1815.05] Elapsed: 30:15, vertices: 2138, facets final: 259, pending: 221530, pool: 300
I 1820.42] Elapsed: 30:20, vertices: 2141, facets final: 259, pending: 222231, pool: 300
I 1826.73] Elapsed: 30:27, vertices: 2142, facets final: 259, pending: 222036, pool: 300
I 1832.90] Elapsed: 30:33, vertices: 2144, facets final: 259, pending: 221967, pool: 300
I 1837.92] Elapsed: 30:38, vertices: 2147, facets final: 259, pending: 222512, pool: 300
I 1843.05] Elapsed: 30:43, vertices: 2149, facets final: 259, pending: 222524, pool: 300
I 1849.73] Elapsed: 30:50, vertices: 2152, facets final: 259, pending: 222552, pool: 300
I 1857.94] Elapsed: 30:58, vertices: 2155, facets final: 259, pending: 222474, pool: 300
I 1864.47] Elapsed: 31:04, vertices: 2156, facets final: 259, pending: 222283, pool: 300
I 1870.01] Elapsed: 31:10, vertices: 2159, facets final: 262, pending: 222379, pool: 300
I 1876.33] Elapsed: 31:16, vertices: 2161, facets final: 264, pending: 222558, pool: 300
I 1883.34] Elapsed: 31:23, vertices: 2164, facets final: 264, pending: 222744, pool: 300
I 1890.16] Elapsed: 31:30, vertices: 2166, facets final: 264, pending: 222985, pool: 300
I 1895.97] Elapsed: 31:36, vertices: 2170, facets final: 264, pending: 223088, pool: 300
I 1904.40] Elapsed: 31:44, vertices: 2173, facets final: 264, pending: 223719, pool: 300
I 1913.23] Elapsed: 31:53, vertices: 2176, facets final: 264, pending: 224200, pool: 300
I 1919.77] Elapsed: 32:00, vertices: 2178, facets final: 264, pending: 224708, pool: 300
I 1924.79] Elapsed: 32:05, vertices: 2181, facets final: 264, pending: 225041, pool: 300
I 1930.27] Elapsed: 32:10, vertices: 2184, facets final: 264, pending: 225389, pool: 300
I 1936.44] Elapsed: 32:16, vertices: 2188, facets final: 264, pending: 225774, pool: 300
I 1943.07] Elapsed: 32:23, vertices: 2192, facets final: 264, pending: 225700, pool: 300
I 1949.83] Elapsed: 32:30, vertices: 2196, facets final: 264, pending: 226047, pool: 300
I 1956.39] Elapsed: 32:36, vertices: 2199, facets final: 264, pending: 226253, pool: 300
I 1962.29] Elapsed: 32:42, vertices: 2202, facets final: 264, pending: 226286, pool: 300
I 1967.68] Elapsed: 32:48, vertices: 2204, facets final: 264, pending: 226255, pool: 300
I 1974.56] Elapsed: 32:55, vertices: 2205, facets final: 264, pending: 225814, pool: 300
I 1979.69] Elapsed: 33:00, vertices: 2206, facets final: 264, pending: 225747, pool: 300
I 1985.54] Elapsed: 33:06, vertices: 2210, facets final: 264, pending: 225685, pool: 300
I 1993.67] Elapsed: 33:14, vertices: 2213, facets final: 265, pending: 225744, pool: 300
I 1999.43] Elapsed: 33:19, vertices: 2215, facets final: 265, pending: 226371, pool: 300
I 2005.10] Elapsed: 33:25, vertices: 2219, facets final: 265, pending: 226612, pool: 300
I 2012.74] Elapsed: 33:33, vertices: 2222, facets final: 265, pending: 227114, pool: 300
I 2017.84] Elapsed: 33:38, vertices: 2224, facets final: 265, pending: 226866, pool: 300
I 2024.20] Elapsed: 33:44, vertices: 2228, facets final: 265, pending: 227062, pool: 300
I 2031.37] Elapsed: 33:51, vertices: 2230, facets final: 265, pending: 226896, pool: 300
recalculate_facet: numerical instability at facet 89, coord 3 (-1.76612e-06)
recalculate_facet: numerical instability at facet 89, coord 5 (2.25644e-06)
recalculate_facet: numerical instability at facet 89, coord 8 (1.07429e-06)
I 2037.87] Elapsed: 33:58, vertices: 2234, facets final: 265, pending: 227326, pool: 300
I 2043.69] Elapsed: 34:04, vertices: 2236, facets final: 265, pending: 228133, pool: 300
I 2049.84] Elapsed: 34:10, vertices: 2239, facets final: 265, pending: 228558, pool: 300
I 2055.66] Elapsed: 34:16, vertices: 2241, facets final: 265, pending: 228694, pool: 300
I 2061.31] Elapsed: 34:21, vertices: 2245, facets final: 265, pending: 228672, pool: 300
I 2068.76] Elapsed: 34:29, vertices: 2248, facets final: 265, pending: 228629, pool: 300
I 2074.55] Elapsed: 34:35, vertices: 2252, facets final: 265, pending: 228769, pool: 300
recalculate_facet: numerical instability at facet 6, coord 2 (1.27796e-06)
recalculate_facet: numerical instability at facet 6, coord 5 (-1.01559e-06)
I 2079.63] Elapsed: 34:40, vertices: 2254, facets final: 265, pending: 229011, pool: 300
I 2087.28] Elapsed: 34:47, vertices: 2257, facets final: 265, pending: 228767, pool: 300
I 2093.38] Elapsed: 34:53, vertices: 2259, facets final: 265, pending: 228821, pool: 300
I 2099.49] Elapsed: 34:59, vertices: 2262, facets final: 265, pending: 228757, pool: 300
I 2106.63] Elapsed: 35:07, vertices: 2265, facets final: 265, pending: 229224, pool: 300
I 2112.10] Elapsed: 35:12, vertices: 2268, facets final: 265, pending: 229525, pool: 300
I 2117.39] Elapsed: 35:17, vertices: 2269, facets final: 265, pending: 228986, pool: 300
I 2123.10] Elapsed: 35:23, vertices: 2272, facets final: 265, pending: 229354, pool: 300
I 2130.12] Elapsed: 35:30, vertices: 2274, facets final: 265, pending: 229364, pool: 300
I 2137.34] Elapsed: 35:37, vertices: 2277, facets final: 265, pending: 229597, pool: 300
I 2143.54] Elapsed: 35:44, vertices: 2281, facets final: 266, pending: 229814, pool: 300
I 2148.57] Elapsed: 35:49, vertices: 2283, facets final: 266, pending: 230141, pool: 300
I 2153.71] Elapsed: 35:54, vertices: 2286, facets final: 266, pending: 230388, pool: 300
I 2160.33] Elapsed: 36:00, vertices: 2290, facets final: 266, pending: 230925, pool: 300
I 2167.39] Elapsed: 36:07, vertices: 2293, facets final: 267, pending: 230499, pool: 300
I 2173.39] Elapsed: 36:13, vertices: 2295, facets final: 267, pending: 230488, pool: 300
I 2179.35] Elapsed: 36:19, vertices: 2297, facets final: 267, pending: 230740, pool: 300
I 2185.60] Elapsed: 36:26, vertices: 2299, facets final: 267, pending: 230720, pool: 300
I 2194.89] Elapsed: 36:35, vertices: 2303, facets final: 268, pending: 231194, pool: 300
I 2200.66] Elapsed: 36:41, vertices: 2306, facets final: 268, pending: 231145, pool: 300
I 2206.68] Elapsed: 36:47, vertices: 2308, facets final: 270, pending: 230936, pool: 300
I 2211.86] Elapsed: 36:52, vertices: 2311, facets final: 270, pending: 231116, pool: 300
I 2217.60] Elapsed: 36:58, vertices: 2314, facets final: 271, pending: 231591, pool: 300
recalculate_facet: numerical instability at facet 148, coord 5 (1.3634e-06)
I 2222.60] Elapsed: 37:03, vertices: 2317, facets final: 271, pending: 231548, pool: 300
I 2227.64] Elapsed: 37:08, vertices: 2319, facets final: 271, pending: 231930, pool: 300
I 2233.82] Elapsed: 37:14, vertices: 2321, facets final: 271, pending: 231829, pool: 300
I 2240.24] Elapsed: 37:20, vertices: 2324, facets final: 271, pending: 231809, pool: 300
I 2246.56] Elapsed: 37:27, vertices: 2327, facets final: 271, pending: 231963, pool: 300
I 2253.98] Elapsed: 37:34, vertices: 2331, facets final: 271, pending: 231931, pool: 300
I 2259.81] Elapsed: 37:40, vertices: 2332, facets final: 271, pending: 231208, pool: 300
I 2267.94] Elapsed: 37:48, vertices: 2334, facets final: 272, pending: 231641, pool: 300
I 2273.78] Elapsed: 37:54, vertices: 2336, facets final: 272, pending: 231693, pool: 300
I 2279.78] Elapsed: 38:00, vertices: 2337, facets final: 272, pending: 232279, pool: 300
recalculate_facet: numerical instability at facet 23, coord 3 (-2.53458e-06)
recalculate_facet: numerical instability at facet 23, coord 5 (3.01348e-06)
recalculate_facet: numerical instability at facet 79, coord 3 (1.46749e-06)
recalculate_facet: numerical instability at facet 79, coord 5 (-1.67997e-06)
I 2287.65] Elapsed: 38:08, vertices: 2340, facets final: 272, pending: 232378, pool: 300
I 2294.34] Elapsed: 38:14, vertices: 2343, facets final: 272, pending: 232755, pool: 300
I 2299.87] Elapsed: 38:20, vertices: 2345, facets final: 272, pending: 232953, pool: 300
I 2305.53] Elapsed: 38:26, vertices: 2347, facets final: 272, pending: 232519, pool: 300
I 2312.28] Elapsed: 38:32, vertices: 2350, facets final: 272, pending: 232201, pool: 300
I 2317.64] Elapsed: 38:38, vertices: 2351, facets final: 272, pending: 232538, pool: 300
I 2323.71] Elapsed: 38:44, vertices: 2354, facets final: 272, pending: 232874, pool: 300
I 2329.01] Elapsed: 38:49, vertices: 2356, facets final: 272, pending: 232703, pool: 300
I 2334.80] Elapsed: 38:55, vertices: 2359, facets final: 272, pending: 232625, pool: 300
I 2341.25] Elapsed: 39:01, vertices: 2363, facets final: 276, pending: 232557, pool: 300
I 2347.36] Elapsed: 39:07, vertices: 2365, facets final: 276, pending: 232664, pool: 300
I 2355.44] Elapsed: 39:15, vertices: 2368, facets final: 278, pending: 232824, pool: 300
I 2360.61] Elapsed: 39:21, vertices: 2371, facets final: 278, pending: 232688, pool: 300
I 2366.04] Elapsed: 39:26, vertices: 2374, facets final: 279, pending: 232877, pool: 300
I 2372.90] Elapsed: 39:33, vertices: 2377, facets final: 280, pending: 233082, pool: 300
I 2379.53] Elapsed: 39:40, vertices: 2380, facets final: 280, pending: 233811, pool: 300
I 2385.50] Elapsed: 39:46, vertices: 2382, facets final: 281, pending: 233671, pool: 300
I 2392.93] Elapsed: 39:53, vertices: 2384, facets final: 282, pending: 233801, pool: 300
I 2399.08] Elapsed: 39:59, vertices: 2387, facets final: 282, pending: 233660, pool: 300
I 2405.93] Elapsed: 40:06, vertices: 2389, facets final: 282, pending: 234445, pool: 300
I 2411.01] Elapsed: 40:11, vertices: 2391, facets final: 282, pending: 234384, pool: 300
I 2416.70] Elapsed: 40:17, vertices: 2395, facets final: 282, pending: 234641, pool: 299
I 2421.85] Elapsed: 40:22, vertices: 2397, facets final: 282, pending: 235021, pool: 300
I 2427.00] Elapsed: 40:27, vertices: 2399, facets final: 283, pending: 235220, pool: 300
I 2433.75] Elapsed: 40:34, vertices: 2403, facets final: 284, pending: 235275, pool: 300
I 2440.14] Elapsed: 40:40, vertices: 2406, facets final: 284, pending: 235868, pool: 300
I 2448.28] Elapsed: 40:48, vertices: 2409, facets final: 284, pending: 236166, pool: 300
I 2453.76] Elapsed: 40:54, vertices: 2411, facets final: 284, pending: 236419, pool: 300
I 2463.02] Elapsed: 41:03, vertices: 2414, facets final: 286, pending: 236502, pool: 300
I 2468.83] Elapsed: 41:09, vertices: 2417, facets final: 287, pending: 236578, pool: 300
I 2475.38] Elapsed: 41:15, vertices: 2420, facets final: 287, pending: 236523, pool: 300
I 2481.85] Elapsed: 41:22, vertices: 2423, facets final: 287, pending: 236451, pool: 300
I 2487.86] Elapsed: 41:28, vertices: 2426, facets final: 288, pending: 236569, pool: 300
I 2494.27] Elapsed: 41:34, vertices: 2429, facets final: 288, pending: 236755, pool: 300
I 2502.01] Elapsed: 41:42, vertices: 2433, facets final: 290, pending: 236907, pool: 300
I 2508.11] Elapsed: 41:48, vertices: 2437, facets final: 290, pending: 237076, pool: 300
I 2513.19] Elapsed: 41:53, vertices: 2440, facets final: 290, pending: 236894, pool: 300
recalculate_facet: numerical instability at facet 25, coord 2 (1.19043e-06)
recalculate_facet: numerical instability at facet 25, coord 5 (-1.66812e-06)
I 2522.36] Elapsed: 42:02, vertices: 2444, facets final: 290, pending: 237495, pool: 300
I 2527.66] Elapsed: 42:08, vertices: 2446, facets final: 290, pending: 237505, pool: 300
I 2534.05] Elapsed: 42:14, vertices: 2449, facets final: 290, pending: 237537, pool: 300
I 2540.89] Elapsed: 42:21, vertices: 2452, facets final: 290, pending: 237778, pool: 300
I 2547.64] Elapsed: 42:28, vertices: 2455, facets final: 290, pending: 238125, pool: 300
I 2552.68] Elapsed: 42:33, vertices: 2458, facets final: 290, pending: 238156, pool: 300
I 2558.10] Elapsed: 42:38, vertices: 2460, facets final: 290, pending: 238278, pool: 300
I 2564.15] Elapsed: 42:44, vertices: 2463, facets final: 291, pending: 238123, pool: 300
I 2570.23] Elapsed: 42:50, vertices: 2467, facets final: 292, pending: 238131, pool: 300
I 2576.63] Elapsed: 42:57, vertices: 2469, facets final: 294, pending: 238048, pool: 300
I 2584.87] Elapsed: 43:05, vertices: 2472, facets final: 294, pending: 238073, pool: 300
I 2591.34] Elapsed: 43:11, vertices: 2474, facets final: 294, pending: 238631, pool: 300
I 2597.49] Elapsed: 43:17, vertices: 2477, facets final: 294, pending: 238660, pool: 300
I 2602.88] Elapsed: 43:23, vertices: 2478, facets final: 294, pending: 239291, pool: 300
I 2608.09] Elapsed: 43:28, vertices: 2480, facets final: 294, pending: 239414, pool: 300
I 2614.53] Elapsed: 43:35, vertices: 2482, facets final: 294, pending: 239399, pool: 300
I 2621.58] Elapsed: 43:42, vertices: 2485, facets final: 297, pending: 239862, pool: 300
I 2627.70] Elapsed: 43:48, vertices: 2488, facets final: 297, pending: 240068, pool: 300
I 2636.22] Elapsed: 43:56, vertices: 2491, facets final: 297, pending: 240416, pool: 300
I 2641.71] Elapsed: 44:02, vertices: 2494, facets final: 297, pending: 240510, pool: 300
I 2648.90] Elapsed: 44:09, vertices: 2497, facets final: 297, pending: 240965, pool: 300
I 2654.56] Elapsed: 44:15, vertices: 2500, facets final: 299, pending: 241010, pool: 300
I 2662.89] Elapsed: 44:23, vertices: 2504, facets final: 299, pending: 241566, pool: 300
I 2669.81] Elapsed: 44:30, vertices: 2507, facets final: 299, pending: 241858, pool: 300
I 2677.48] Elapsed: 44:37, vertices: 2510, facets final: 299, pending: 242023, pool: 300
I 2683.23] Elapsed: 44:43, vertices: 2513, facets final: 299, pending: 242128, pool: 300
I 2690.14] Elapsed: 44:50, vertices: 2516, facets final: 301, pending: 242648, pool: 300
I 2696.12] Elapsed: 44:56, vertices: 2519, facets final: 301, pending: 242894, pool: 300
recalculate_facet: numerical instability at facet 252, coord 2 (1.58448e-06)
recalculate_facet: numerical instability at facet 252, coord 5 (-2.17022e-06)
recalculate_facet: numerical instability at facet 253, coord 2 (1.18505e-06)
recalculate_facet: numerical instability at facet 253, coord 3 (1.6307e-06)
recalculate_facet: numerical instability at facet 253, coord 5 (-2.52367e-06)
recalculate_facet: numerical instability at facet 254, coord 2 (6.75629e-06)
recalculate_facet: numerical instability at facet 254, coord 3 (2.22733e-06)
recalculate_facet: numerical instability at facet 254, coord 5 (-9.25863e-06)
recalculate_facet: numerical instability at facet 254, coord 8 (-2.49618e-06)
I 2705.24] Elapsed: 45:05, vertices: 2522, facets final: 301, pending: 242569, pool: 300
I 2713.24] Elapsed: 45:13, vertices: 2525, facets final: 301, pending: 242310, pool: 300
I 2719.00] Elapsed: 45:19, vertices: 2527, facets final: 301, pending: 242306, pool: 300
I 2724.59] Elapsed: 45:25, vertices: 2530, facets final: 301, pending: 242445, pool: 300
I 2730.33] Elapsed: 45:30, vertices: 2532, facets final: 301, pending: 242296, pool: 300
I 2736.61] Elapsed: 45:37, vertices: 2535, facets final: 301, pending: 242519, pool: 300
I 2742.42] Elapsed: 45:42, vertices: 2538, facets final: 301, pending: 242779, pool: 300
I 2747.58] Elapsed: 45:48, vertices: 2540, facets final: 301, pending: 242700, pool: 300
I 2752.62] Elapsed: 45:53, vertices: 2542, facets final: 301, pending: 242555, pool: 300
I 2757.72] Elapsed: 45:58, vertices: 2545, facets final: 301, pending: 242690, pool: 300
I 2765.58] Elapsed: 46:06, vertices: 2548, facets final: 301, pending: 242885, pool: 300
I 2771.72] Elapsed: 46:12, vertices: 2551, facets final: 302, pending: 243339, pool: 300
I 2779.22] Elapsed: 46:19, vertices: 2554, facets final: 302, pending: 243346, pool: 300
I 2784.94] Elapsed: 46:25, vertices: 2558, facets final: 302, pending: 243668, pool: 300
I 2790.90] Elapsed: 46:31, vertices: 2561, facets final: 302, pending: 243776, pool: 300
I 2800.63] Elapsed: 46:41, vertices: 2564, facets final: 302, pending: 244013, pool: 300
I 2805.63] Elapsed: 46:46, vertices: 2565, facets final: 302, pending: 244034, pool: 300
I 2813.28] Elapsed: 46:53, vertices: 2568, facets final: 303, pending: 244174, pool: 300
I 2822.98] Elapsed: 47:03, vertices: 2571, facets final: 303, pending: 245793, pool: 300
I 2832.08] Elapsed: 47:12, vertices: 2574, facets final: 303, pending: 246027, pool: 300
recalculate_facet: numerical instability at facet 117, coord 2 (-3.00353e-06)
recalculate_facet: numerical instability at facet 117, coord 5 (2.94765e-06)
I 2841.33] Elapsed: 47:21, vertices: 2577, facets final: 303, pending: 245544, pool: 300
I 2846.52] Elapsed: 47:27, vertices: 2580, facets final: 303, pending: 245647, pool: 300
I 2852.64] Elapsed: 47:33, vertices: 2582, facets final: 303, pending: 245927, pool: 300
I 2859.27] Elapsed: 47:39, vertices: 2584, facets final: 303, pending: 245726, pool: 300
I 2865.36] Elapsed: 47:45, vertices: 2587, facets final: 303, pending: 245742, pool: 300
I 2870.54] Elapsed: 47:51, vertices: 2589, facets final: 304, pending: 246087, pool: 300
I 2876.49] Elapsed: 47:56, vertices: 2592, facets final: 304, pending: 245932, pool: 300
I 2882.78] Elapsed: 48:03, vertices: 2595, facets final: 304, pending: 246022, pool: 300
I 2889.17] Elapsed: 48:09, vertices: 2598, facets final: 304, pending: 246387, pool: 300
I 2897.05] Elapsed: 48:17, vertices: 2601, facets final: 304, pending: 246534, pool: 300
I 2903.26] Elapsed: 48:23, vertices: 2604, facets final: 305, pending: 246789, pool: 300
I 2908.81] Elapsed: 48:29, vertices: 2608, facets final: 305, pending: 247046, pool: 300
I 2913.99] Elapsed: 48:34, vertices: 2610, facets final: 305, pending: 246809, pool: 300
I 2919.98] Elapsed: 48:40, vertices: 2613, facets final: 305, pending: 247044, pool: 300
I 2927.18] Elapsed: 48:47, vertices: 2616, facets final: 305, pending: 247389, pool: 300
I 2932.54] Elapsed: 48:53, vertices: 2619, facets final: 305, pending: 247357, pool: 300
I 2938.13] Elapsed: 48:58, vertices: 2621, facets final: 305, pending: 247681, pool: 300
I 2945.15] Elapsed: 49:05, vertices: 2624, facets final: 305, pending: 247700, pool: 300
I 2951.39] Elapsed: 49:11, vertices: 2628, facets final: 305, pending: 247894, pool: 300
I 2961.12] Elapsed: 49:21, vertices: 2630, facets final: 305, pending: 247807, pool: 300
I 2969.29] Elapsed: 49:29, vertices: 2633, facets final: 305, pending: 247860, pool: 300
I 2974.84] Elapsed: 49:35, vertices: 2635, facets final: 305, pending: 247930, pool: 300
I 2980.35] Elapsed: 49:40, vertices: 2638, facets final: 306, pending: 248009, pool: 300
I 2988.90] Elapsed: 49:49, vertices: 2640, facets final: 306, pending: 248423, pool: 300
I 2995.55] Elapsed: 49:56, vertices: 2642, facets final: 306, pending: 248061, pool: 300
I 3001.64] Elapsed: 50:02, vertices: 2644, facets final: 307, pending: 248059, pool: 300
I 3008.02] Elapsed: 50:08, vertices: 2647, facets final: 307, pending: 248447, pool: 300
I 3018.50] Elapsed: 50:19, vertices: 2649, facets final: 307, pending: 248091, pool: 300
I 3025.00] Elapsed: 50:25, vertices: 2651, facets final: 307, pending: 248047, pool: 300
I 3030.38] Elapsed: 50:30, vertices: 2654, facets final: 307, pending: 248226, pool: 300
I 3036.76] Elapsed: 50:37, vertices: 2656, facets final: 307, pending: 248547, pool: 300
I 3042.05] Elapsed: 50:42, vertices: 2659, facets final: 307, pending: 248540, pool: 300
I 3047.90] Elapsed: 50:48, vertices: 2662, facets final: 308, pending: 248900, pool: 300
I 3053.37] Elapsed: 50:53, vertices: 2664, facets final: 309, pending: 248651, pool: 300
I 3059.95] Elapsed: 51:00, vertices: 2667, facets final: 309, pending: 248886, pool: 300
I 3065.32] Elapsed: 51:05, vertices: 2669, facets final: 309, pending: 248463, pool: 300
recalculate_facet: numerical instability at facet 10, coord 2 (-1.08063e-06)
recalculate_facet: numerical instability at facet 10, coord 3 (1.81344e-06)
recalculate_facet: numerical instability at facet 14, coord 2 (-1.13636e-06)
recalculate_facet: numerical instability at facet 14, coord 3 (1.37586e-06)
I 3070.88] Elapsed: 51:11, vertices: 2671, facets final: 309, pending: 248309, pool: 300
I 3076.60] Elapsed: 51:17, vertices: 2674, facets final: 309, pending: 247975, pool: 300
I 3084.05] Elapsed: 51:24, vertices: 2676, facets final: 309, pending: 248132, pool: 300
I 3089.27] Elapsed: 51:29, vertices: 2679, facets final: 309, pending: 248356, pool: 300
I 3095.69] Elapsed: 51:36, vertices: 2682, facets final: 310, pending: 248548, pool: 300
I 3101.07] Elapsed: 51:41, vertices: 2684, facets final: 310, pending: 248933, pool: 300
I 3107.10] Elapsed: 51:47, vertices: 2685, facets final: 310, pending: 249232, pool: 300
I 3113.80] Elapsed: 51:54, vertices: 2687, facets final: 310, pending: 249096, pool: 300
I 3120.63] Elapsed: 52:01, vertices: 2688, facets final: 310, pending: 249236, pool: 300
I 3125.73] Elapsed: 52:06, vertices: 2690, facets final: 310, pending: 249102, pool: 300
I 3131.91] Elapsed: 52:12, vertices: 2692, facets final: 311, pending: 248934, pool: 300
I 3138.48] Elapsed: 52:18, vertices: 2695, facets final: 312, pending: 249185, pool: 300
I 3145.31] Elapsed: 52:25, vertices: 2699, facets final: 312, pending: 249048, pool: 300
I 3153.13] Elapsed: 52:33, vertices: 2703, facets final: 312, pending: 249210, pool: 300
I 3158.98] Elapsed: 52:39, vertices: 2705, facets final: 312, pending: 249513, pool: 300
I 3167.24] Elapsed: 52:47, vertices: 2707, facets final: 313, pending: 249731, pool: 300
recalculate_facet: numerical instability at facet 64, coord 0 (2.6185e-06)
recalculate_facet: numerical instability at facet 64, coord 1 (-2.93565e-06)
recalculate_facet: numerical instability at facet 64, coord 2 (1.34769e-06)
recalculate_facet: numerical instability at facet 64, coord 3 (3.09244e-06)
recalculate_facet: numerical instability at facet 64, coord 4 (-1.43961e-06)
recalculate_facet: numerical instability at facet 64, coord 5 (-2.70327e-06)
recalculate_facet: numerical instability at facet 64, coord 8 (2.26835e-06)
I 3174.13] Elapsed: 52:54, vertices: 2710, facets final: 313, pending: 249849, pool: 300
I 3183.75] Elapsed: 53:04, vertices: 2713, facets final: 315, pending: 249461, pool: 300
I 3189.21] Elapsed: 53:09, vertices: 2716, facets final: 316, pending: 249627, pool: 300
I 3195.02] Elapsed: 53:15, vertices: 2719, facets final: 317, pending: 249810, pool: 300
I 3200.35] Elapsed: 53:20, vertices: 2721, facets final: 317, pending: 249767, pool: 300
I 3205.60] Elapsed: 53:26, vertices: 2723, facets final: 317, pending: 249359, pool: 300
I 3210.96] Elapsed: 53:31, vertices: 2726, facets final: 317, pending: 249483, pool: 300
I 3217.39] Elapsed: 53:37, vertices: 2731, facets final: 317, pending: 249421, pool: 300
I 3224.10] Elapsed: 53:44, vertices: 2734, facets final: 317, pending: 249557, pool: 300
I 3230.04] Elapsed: 53:50, vertices: 2737, facets final: 317, pending: 249796, pool: 300
I 3242.73] Elapsed: 54:03, vertices: 2740, facets final: 317, pending: 250016, pool: 300
I 3248.93] Elapsed: 54:09, vertices: 2741, facets final: 317, pending: 250348, pool: 300
I 3257.47] Elapsed: 54:17, vertices: 2744, facets final: 317, pending: 250189, pool: 300
recalculate_facet: numerical instability at facet 3, coord 3 (-1.15726e-06)
recalculate_facet: numerical instability at facet 3, coord 5 (1.57444e-06)
recalculate_facet: numerical instability at facet 10, coord 5 (1.2016e-06)
recalculate_facet: numerical instability at facet 18, coord 2 (-1.35144e-06)
recalculate_facet: numerical instability at facet 18, coord 5 (1.19791e-06)
recalculate_facet: numerical instability at facet 58, coord 2 (-1.29428e-06)
recalculate_facet: numerical instability at facet 58, coord 5 (2.11866e-06)
recalculate_facet: numerical instability at facet 49, coord 3 (-1.64438e-06)
recalculate_facet: numerical instability at facet 49, coord 5 (2.25029e-06)
recalculate_facet: numerical instability at facet 53, coord 3 (-1.52292e-06)
recalculate_facet: numerical instability at facet 53, coord 5 (1.63846e-06)
recalculate_facet: numerical instability at facet 54, coord 0 (-1.12544e-06)
recalculate_facet: numerical instability at facet 54, coord 1 (1.71218e-06)
recalculate_facet: numerical instability at facet 54, coord 2 (2.42205e-06)
recalculate_facet: numerical instability at facet 54, coord 3 (-1.86573e-06)
recalculate_facet: numerical instability at facet 54, coord 5 (-1.7871e-06)
recalculate_facet: numerical instability at facet 54, coord 8 (-2.67279e-06)
recalculate_facet: numerical instability at facet 77, coord 1 (1.41095e-06)
recalculate_facet: numerical instability at facet 77, coord 2 (-3.95568e-06)
recalculate_facet: numerical instability at facet 77, coord 5 (3.19478e-06)
recalculate_facet: numerical instability at facet 103, coord 3 (-1.66122e-06)
recalculate_facet: numerical instability at facet 103, coord 5 (2.16825e-06)
I 3263.65] Elapsed: 54:24, vertices: 2747, facets final: 317, pending: 250475, pool: 300
I 3268.82] Elapsed: 54:29, vertices: 2749, facets final: 317, pending: 250563, pool: 300
I 3274.89] Elapsed: 54:35, vertices: 2753, facets final: 318, pending: 250596, pool: 300
I 3280.56] Elapsed: 54:41, vertices: 2755, facets final: 320, pending: 250384, pool: 300
I 3285.77] Elapsed: 54:46, vertices: 2758, facets final: 321, pending: 250057, pool: 300
I 3291.39] Elapsed: 54:51, vertices: 2762, facets final: 322, pending: 250530, pool: 300
I 3297.18] Elapsed: 54:57, vertices: 2766, facets final: 322, pending: 250442, pool: 300
I 3302.75] Elapsed: 55:03, vertices: 2768, facets final: 322, pending: 250173, pool: 300
I 3311.14] Elapsed: 55:11, vertices: 2771, facets final: 322, pending: 250165, pool: 300
I 3318.03] Elapsed: 55:18, vertices: 2775, facets final: 324, pending: 250210, pool: 300
I 3323.45] Elapsed: 55:23, vertices: 2777, facets final: 324, pending: 250360, pool: 300
I 3329.68] Elapsed: 55:30, vertices: 2780, facets final: 325, pending: 250110, pool: 300
I 3335.06] Elapsed: 55:35, vertices: 2781, facets final: 325, pending: 250270, pool: 300
I 3342.67] Elapsed: 55:43, vertices: 2784, facets final: 325, pending: 250037, pool: 300
I 3351.00] Elapsed: 55:51, vertices: 2785, facets final: 325, pending: 249527, pool: 300
I 3356.76] Elapsed: 55:57, vertices: 2787, facets final: 326, pending: 249690, pool: 300
I 3362.37] Elapsed: 56:02, vertices: 2789, facets final: 327, pending: 249792, pool: 300
I 3368.24] Elapsed: 56:08, vertices: 2793, facets final: 327, pending: 249817, pool: 300
I 3374.58] Elapsed: 56:15, vertices: 2796, facets final: 327, pending: 250183, pool: 300
I 3386.23] Elapsed: 56:26, vertices: 2799, facets final: 327, pending: 250078, pool: 300
I 3392.06] Elapsed: 56:32, vertices: 2802, facets final: 328, pending: 249976, pool: 300
I 3397.73] Elapsed: 56:38, vertices: 2804, facets final: 329, pending: 249897, pool: 300
I 3404.05] Elapsed: 56:44, vertices: 2807, facets final: 329, pending: 250119, pool: 300
I 3411.28] Elapsed: 56:51, vertices: 2810, facets final: 329, pending: 249982, pool: 300
I 3419.15] Elapsed: 56:59, vertices: 2813, facets final: 329, pending: 249899, pool: 300
I 3428.71] Elapsed: 57:09, vertices: 2815, facets final: 329, pending: 249557, pool: 300
I 3437.17] Elapsed: 57:17, vertices: 2817, facets final: 330, pending: 249026, pool: 300
I 3443.51] Elapsed: 57:24, vertices: 2820, facets final: 330, pending: 248932, pool: 300
I 3449.29] Elapsed: 57:29, vertices: 2823, facets final: 331, pending: 248893, pool: 300
I 3455.04] Elapsed: 57:35, vertices: 2825, facets final: 331, pending: 248958, pool: 300
I 3460.27] Elapsed: 57:40, vertices: 2827, facets final: 332, pending: 248928, pool: 300
I 3465.33] Elapsed: 57:45, vertices: 2830, facets final: 332, pending: 248639, pool: 300
recalculate_facet: numerical instability at facet 26, coord 3 (-1.24178e-06)
recalculate_facet: numerical instability at facet 26, coord 8 (-1.71768e-06)
I 3470.71] Elapsed: 57:51, vertices: 2832, facets final: 332, pending: 248611, pool: 300
I 3479.21] Elapsed: 57:59, vertices: 2834, facets final: 332, pending: 249043, pool: 300
I 3485.11] Elapsed: 58:05, vertices: 2836, facets final: 333, pending: 248850, pool: 300
I 3492.42] Elapsed: 58:12, vertices: 2838, facets final: 333, pending: 248759, pool: 300
I 3497.92] Elapsed: 58:18, vertices: 2840, facets final: 333, pending: 248897, pool: 300
I 3503.39] Elapsed: 58:23, vertices: 2843, facets final: 334, pending: 248771, pool: 300
I 3510.25] Elapsed: 58:30, vertices: 2847, facets final: 335, pending: 249151, pool: 300
recalculate_facet: numerical instability at facet 201170, coord 2 (1.47665e-06)
recalculate_facet: numerical instability at facet 201170, coord 5 (-2.04095e-06)
I 3517.37] Elapsed: 58:37, vertices: 2851, facets final: 335, pending: 249405, pool: 300
I 3522.38] Elapsed: 58:42, vertices: 2853, facets final: 336, pending: 249270, pool: 300
I 3528.47] Elapsed: 58:48, vertices: 2857, facets final: 336, pending: 249324, pool: 300
I 3534.27] Elapsed: 58:54, vertices: 2859, facets final: 336, pending: 249438, pool: 300
I 3539.97] Elapsed: 59:00, vertices: 2863, facets final: 337, pending: 249335, pool: 300
I 3545.01] Elapsed: 59:05, vertices: 2865, facets final: 337, pending: 249675, pool: 300
I 3550.85] Elapsed: 59:11, vertices: 2868, facets final: 337, pending: 249487, pool: 300
I 3557.18] Elapsed: 59:17, vertices: 2869, facets final: 337, pending: 248981, pool: 300
I 3562.86] Elapsed: 59:23, vertices: 2871, facets final: 338, pending: 248717, pool: 300
I 3569.23] Elapsed: 59:29, vertices: 2874, facets final: 338, pending: 248435, pool: 300
I 3575.58] Elapsed: 59:36, vertices: 2877, facets final: 338, pending: 248684, pool: 300
I 3586.45] Elapsed: 59:46, vertices: 2881, facets final: 338, pending: 249005, pool: 300
I 3595.03] Elapsed: 59:55, vertices: 2884, facets final: 339, pending: 249256, pool: 300
I 3601.17] Elapsed: 1:00:01, vertices: 2888, facets final: 340, pending: 249001, pool: 300
I 3606.43] Elapsed: 1:00:06, vertices: 2891, facets final: 340, pending: 248917, pool: 300
I 3613.33] Elapsed: 1:00:13, vertices: 2894, facets final: 340, pending: 249138, pool: 300
I 3618.58] Elapsed: 1:00:19, vertices: 2898, facets final: 340, pending: 249339, pool: 300
I 3626.29] Elapsed: 1:00:26, vertices: 2902, facets final: 340, pending: 249369, pool: 300
I 3631.29] Elapsed: 1:00:31, vertices: 2905, facets final: 340, pending: 249728, pool: 300
I 3636.56] Elapsed: 1:00:37, vertices: 2909, facets final: 340, pending: 249824, pool: 300
I 3644.97] Elapsed: 1:00:45, vertices: 2912, facets final: 340, pending: 249478, pool: 300
I 3651.49] Elapsed: 1:00:51, vertices: 2915, facets final: 340, pending: 249721, pool: 300
I 3657.35] Elapsed: 1:00:57, vertices: 2919, facets final: 341, pending: 250050, pool: 300
I 3663.76] Elapsed: 1:01:04, vertices: 2922, facets final: 341, pending: 250159, pool: 300
I 3670.16] Elapsed: 1:01:10, vertices: 2926, facets final: 341, pending: 250133, pool: 300
I 3676.86] Elapsed: 1:01:17, vertices: 2929, facets final: 342, pending: 250168, pool: 300
I 3684.42] Elapsed: 1:01:24, vertices: 2933, facets final: 342, pending: 250284, pool: 300
I 3690.73] Elapsed: 1:01:31, vertices: 2937, facets final: 342, pending: 250083, pool: 300
I 3698.94] Elapsed: 1:01:39, vertices: 2940, facets final: 343, pending: 250197, pool: 300
I 3705.23] Elapsed: 1:01:45, vertices: 2943, facets final: 343, pending: 250021, pool: 300
I 3710.32] Elapsed: 1:01:50, vertices: 2945, facets final: 343, pending: 249826, pool: 300
I 3715.93] Elapsed: 1:01:56, vertices: 2948, facets final: 345, pending: 250021, pool: 300
I 3722.45] Elapsed: 1:02:02, vertices: 2951, facets final: 345, pending: 250263, pool: 300
I 3729.70] Elapsed: 1:02:10, vertices: 2955, facets final: 345, pending: 249911, pool: 300
I 3736.31] Elapsed: 1:02:16, vertices: 2957, facets final: 345, pending: 249684, pool: 300
I 3741.51] Elapsed: 1:02:22, vertices: 2959, facets final: 345, pending: 249601, pool: 300
I 3749.29] Elapsed: 1:02:29, vertices: 2962, facets final: 346, pending: 249852, pool: 300
I 3755.04] Elapsed: 1:02:35, vertices: 2965, facets final: 346, pending: 249821, pool: 300
I 3761.65] Elapsed: 1:02:42, vertices: 2968, facets final: 346, pending: 250005, pool: 300
I 3768.39] Elapsed: 1:02:48, vertices: 2970, facets final: 347, pending: 249936, pool: 300
I 3775.76] Elapsed: 1:02:56, vertices: 2973, facets final: 347, pending: 249980, pool: 300
I 3783.08] Elapsed: 1:03:03, vertices: 2975, facets final: 348, pending: 250679, pool: 300
I 3789.88] Elapsed: 1:03:10, vertices: 2977, facets final: 348, pending: 250519, pool: 300
I 3796.45] Elapsed: 1:03:16, vertices: 2980, facets final: 348, pending: 250748, pool: 300
I 3804.41] Elapsed: 1:03:24, vertices: 2983, facets final: 349, pending: 250926, pool: 300
I 3809.88] Elapsed: 1:03:30, vertices: 2985, facets final: 349, pending: 250727, pool: 300
I 3815.69] Elapsed: 1:03:36, vertices: 2987, facets final: 349, pending: 250672, pool: 300
I 3821.00] Elapsed: 1:03:41, vertices: 2989, facets final: 349, pending: 250846, pool: 300
I 3829.35] Elapsed: 1:03:49, vertices: 2992, facets final: 349, pending: 250792, pool: 300
I 3835.00] Elapsed: 1:03:55, vertices: 2996, facets final: 349, pending: 250687, pool: 300
I 3842.76] Elapsed: 1:04:03, vertices: 3000, facets final: 349, pending: 250224, pool: 300
I 3850.33] Elapsed: 1:04:10, vertices: 3003, facets final: 349, pending: 250015, pool: 300
I 3855.52] Elapsed: 1:04:16, vertices: 3006, facets final: 349, pending: 250117, pool: 300
I 3862.46] Elapsed: 1:04:22, vertices: 3009, facets final: 349, pending: 250597, pool: 300
I 3868.04] Elapsed: 1:04:28, vertices: 3013, facets final: 349, pending: 250850, pool: 300
I 3873.85] Elapsed: 1:04:34, vertices: 3015, facets final: 349, pending: 251184, pool: 300
I 3879.67] Elapsed: 1:04:40, vertices: 3018, facets final: 349, pending: 251475, pool: 300
I 3885.26] Elapsed: 1:04:45, vertices: 3021, facets final: 349, pending: 251529, pool: 300
I 3890.64] Elapsed: 1:04:51, vertices: 3023, facets final: 349, pending: 251475, pool: 300
I 3895.79] Elapsed: 1:04:56, vertices: 3025, facets final: 349, pending: 251574, pool: 300
I 3904.11] Elapsed: 1:05:04, vertices: 3028, facets final: 349, pending: 251632, pool: 300
I 3911.36] Elapsed: 1:05:11, vertices: 3031, facets final: 349, pending: 251954, pool: 300
I 3916.77] Elapsed: 1:05:17, vertices: 3033, facets final: 349, pending: 252174, pool: 300
I 3923.51] Elapsed: 1:05:24, vertices: 3036, facets final: 349, pending: 252317, pool: 300
I 3929.67] Elapsed: 1:05:30, vertices: 3039, facets final: 349, pending: 252172, pool: 300
I 3936.97] Elapsed: 1:05:37, vertices: 3041, facets final: 349, pending: 252043, pool: 300
I 3943.88] Elapsed: 1:05:44, vertices: 3045, facets final: 350, pending: 251937, pool: 300
I 3950.35] Elapsed: 1:05:50, vertices: 3047, facets final: 351, pending: 252370, pool: 300
I 3956.60] Elapsed: 1:05:57, vertices: 3051, facets final: 351, pending: 252731, pool: 300
recalculate_facet: numerical instability at facet 81, coord 0 (-8.81307e-06)
recalculate_facet: numerical instability at facet 81, coord 1 (4.32293e-06)
recalculate_facet: numerical instability at facet 81, coord 2 (-5.63176e-05)
recalculate_facet: numerical instability at facet 81, coord 3 (-2.22539e-05)
recalculate_facet: numerical instability at facet 81, coord 4 (4.92446e-06)
recalculate_facet: numerical instability at facet 81, coord 5 (7.83405e-05)
recalculate_facet: numerical instability at facet 81, coord 8 (1.65916e-05)
recalculate_facet: numerical instability at facet 133, coord 0 (-1.36917e-05)
recalculate_facet: numerical instability at facet 133, coord 1 (4.66201e-06)
recalculate_facet: numerical instability at facet 133, coord 2 (-6.97379e-05)
recalculate_facet: numerical instability at facet 133, coord 3 (-3.68684e-05)
recalculate_facet: numerical instability at facet 133, coord 4 (6.6576e-06)
recalculate_facet: numerical instability at facet 133, coord 5 (0.000107725)
recalculate_facet: numerical instability at facet 133, coord 6 (1.2533e-06)
recalculate_facet: numerical instability at facet 133, coord 8 (2.50637e-05)
I 3962.11] Elapsed: 1:06:02, vertices: 3053, facets final: 351, pending: 252353, pool: 300
I 3968.14] Elapsed: 1:06:08, vertices: 3054, facets final: 351, pending: 251865, pool: 300
I 3974.15] Elapsed: 1:06:14, vertices: 3056, facets final: 352, pending: 252223, pool: 300
I 3979.17] Elapsed: 1:06:19, vertices: 3058, facets final: 352, pending: 252072, pool: 300
I 3984.84] Elapsed: 1:06:25, vertices: 3060, facets final: 353, pending: 252384, pool: 300
I 3990.94] Elapsed: 1:06:31, vertices: 3063, facets final: 353, pending: 252999, pool: 300
I 3996.59] Elapsed: 1:06:37, vertices: 3065, facets final: 353, pending: 252945, pool: 300
I 4002.79] Elapsed: 1:06:43, vertices: 3068, facets final: 353, pending: 253208, pool: 300
I 4008.50] Elapsed: 1:06:49, vertices: 3071, facets final: 353, pending: 253475, pool: 300
I 4014.65] Elapsed: 1:06:55, vertices: 3074, facets final: 353, pending: 253690, pool: 300
I 4020.12] Elapsed: 1:07:00, vertices: 3077, facets final: 354, pending: 253676, pool: 299
I 4025.39] Elapsed: 1:07:05, vertices: 3078, facets final: 354, pending: 253444, pool: 300
recalculate_facet: numerical instability at facet 80, coord 2 (-3.82349e-06)
recalculate_facet: numerical instability at facet 80, coord 3 (-1.59362e-06)
recalculate_facet: numerical instability at facet 80, coord 5 (5.33546e-06)
I 4032.36] Elapsed: 1:07:12, vertices: 3081, facets final: 354, pending: 253596, pool: 300
I 4037.98] Elapsed: 1:07:18, vertices: 3084, facets final: 354, pending: 253636, pool: 300
recalculate_facet: numerical instability at facet 107, coord 1 (-1.35257e-06)
recalculate_facet: numerical instability at facet 107, coord 2 (1.0702e-06)
recalculate_facet: numerical instability at facet 107, coord 4 (-1.31581e-06)
recalculate_facet: numerical instability at facet 107, coord 8 (1.1839e-06)
I 4044.90] Elapsed: 1:07:25, vertices: 3086, facets final: 354, pending: 253700, pool: 300
I 4055.26] Elapsed: 1:07:35, vertices: 3089, facets final: 354, pending: 253839, pool: 300
I 4062.45] Elapsed: 1:07:42, vertices: 3092, facets final: 354, pending: 253990, pool: 300
I 4067.94] Elapsed: 1:07:48, vertices: 3094, facets final: 354, pending: 254006, pool: 300
I 4072.95] Elapsed: 1:07:53, vertices: 3097, facets final: 354, pending: 254022, pool: 300
I 4078.93] Elapsed: 1:07:59, vertices: 3099, facets final: 354, pending: 253790, pool: 300
I 4084.19] Elapsed: 1:08:04, vertices: 3101, facets final: 354, pending: 253871, pool: 300
I 4091.19] Elapsed: 1:08:11, vertices: 3103, facets final: 354, pending: 254069, pool: 300
I 4096.80] Elapsed: 1:08:17, vertices: 3105, facets final: 354, pending: 253904, pool: 300
I 4101.89] Elapsed: 1:08:22, vertices: 3107, facets final: 354, pending: 253743, pool: 300
I 4108.76] Elapsed: 1:08:29, vertices: 3110, facets final: 354, pending: 253618, pool: 300
I 4114.26] Elapsed: 1:08:34, vertices: 3112, facets final: 354, pending: 253510, pool: 300
I 4121.99] Elapsed: 1:08:42, vertices: 3116, facets final: 354, pending: 253405, pool: 300
I 4128.45] Elapsed: 1:08:48, vertices: 3118, facets final: 354, pending: 253506, pool: 300
I 4133.60] Elapsed: 1:08:54, vertices: 3120, facets final: 354, pending: 253517, pool: 300
I 4141.60] Elapsed: 1:09:02, vertices: 3123, facets final: 354, pending: 253522, pool: 300
I 4148.04] Elapsed: 1:09:08, vertices: 3125, facets final: 354, pending: 253156, pool: 300
I 4154.95] Elapsed: 1:09:15, vertices: 3127, facets final: 354, pending: 253090, pool: 300
I 4161.88] Elapsed: 1:09:22, vertices: 3130, facets final: 355, pending: 253046, pool: 300
I 4168.54] Elapsed: 1:09:29, vertices: 3134, facets final: 356, pending: 253312, pool: 300
I 4175.47] Elapsed: 1:09:35, vertices: 3137, facets final: 357, pending: 253438, pool: 300
I 4180.67] Elapsed: 1:09:41, vertices: 3139, facets final: 357, pending: 253551, pool: 300
I 4187.14] Elapsed: 1:09:47, vertices: 3142, facets final: 357, pending: 253494, pool: 300
I 4194.25] Elapsed: 1:09:54, vertices: 3145, facets final: 358, pending: 253685, pool: 300
I 4200.52] Elapsed: 1:10:01, vertices: 3147, facets final: 358, pending: 253454, pool: 300
I 4206.37] Elapsed: 1:10:06, vertices: 3149, facets final: 358, pending: 253834, pool: 300
I 4212.19] Elapsed: 1:10:12, vertices: 3151, facets final: 358, pending: 254005, pool: 300
I 4222.11] Elapsed: 1:10:22, vertices: 3154, facets final: 358, pending: 254354, pool: 300
I 4227.84] Elapsed: 1:10:28, vertices: 3156, facets final: 358, pending: 254543, pool: 300
I 4233.33] Elapsed: 1:10:33, vertices: 3159, facets final: 358, pending: 254719, pool: 300
I 4238.52] Elapsed: 1:10:39, vertices: 3161, facets final: 358, pending: 254837, pool: 300
I 4244.25] Elapsed: 1:10:44, vertices: 3163, facets final: 358, pending: 255083, pool: 300
I 4249.46] Elapsed: 1:10:49, vertices: 3166, facets final: 359, pending: 255235, pool: 300
I 4254.95] Elapsed: 1:10:55, vertices: 3169, facets final: 361, pending: 254951, pool: 300
I 4261.41] Elapsed: 1:11:01, vertices: 3172, facets final: 361, pending: 255117, pool: 300
recalculate_facet: numerical instability at facet 91, coord 0 (-1.32701e-05)
recalculate_facet: numerical instability at facet 91, coord 1 (1.59731e-05)
recalculate_facet: numerical instability at facet 91, coord 3 (8.25371e-05)
recalculate_facet: numerical instability at facet 91, coord 4 (-7.41438e-05)
recalculate_facet: numerical instability at facet 91, coord 5 (-4.07998e-06)
recalculate_facet: numerical instability at facet 91, coord 6 (-6.39405e-06)
recalculate_facet: numerical instability at facet 91, coord 8 (-3.37114e-06)
recalculate_facet: numerical instability at facet 92, coord 3 (-1.20906e-06)
recalculate_facet: numerical instability at facet 92, coord 4 (1.17886e-06)
I 4267.38] Elapsed: 1:11:07, vertices: 3175, facets final: 361, pending: 255471, pool: 300
I 4274.11] Elapsed: 1:11:14, vertices: 3178, facets final: 363, pending: 255400, pool: 300
I 4280.30] Elapsed: 1:11:20, vertices: 3181, facets final: 363, pending: 255360, pool: 300
I 4286.86] Elapsed: 1:11:27, vertices: 3184, facets final: 363, pending: 255403, pool: 300
recalculate_facet: numerical instability at facet 136, coord 0 (-4.85247e-06)
recalculate_facet: numerical instability at facet 136, coord 1 (5.52046e-06)
recalculate_facet: numerical instability at facet 136, coord 2 (-2.85413e-06)
recalculate_facet: numerical instability at facet 136, coord 3 (-6.34128e-06)
recalculate_facet: numerical instability at facet 136, coord 4 (2.67286e-06)
recalculate_facet: numerical instability at facet 136, coord 5 (5.9266e-06)
recalculate_facet: numerical instability at facet 136, coord 8 (-4.26122e-06)
I 4294.30] Elapsed: 1:11:34, vertices: 3186, facets final: 363, pending: 255188, pool: 300
I 4299.30] Elapsed: 1:11:39, vertices: 3187, facets final: 363, pending: 255274, pool: 300
I 4304.71] Elapsed: 1:11:45, vertices: 3190, facets final: 363, pending: 254939, pool: 300
I 4309.81] Elapsed: 1:11:50, vertices: 3192, facets final: 363, pending: 255043, pool: 300
I 4315.18] Elapsed: 1:11:55, vertices: 3196, facets final: 363, pending: 255021, pool: 300
I 4321.16] Elapsed: 1:12:01, vertices: 3199, facets final: 363, pending: 255123, pool: 300
recalculate_facet: numerical instability at facet 99098, coord 3 (-1.177e-06)
I 4326.95] Elapsed: 1:12:07, vertices: 3201, facets final: 363, pending: 255109, pool: 300
I 4333.52] Elapsed: 1:12:14, vertices: 3204, facets final: 363, pending: 255040, pool: 300
I 4339.68] Elapsed: 1:12:20, vertices: 3206, facets final: 363, pending: 254829, pool: 300
I 4345.22] Elapsed: 1:12:25, vertices: 3209, facets final: 363, pending: 255212, pool: 300
I 4350.32] Elapsed: 1:12:30, vertices: 3210, facets final: 363, pending: 254961, pool: 300
I 4357.36] Elapsed: 1:12:37, vertices: 3214, facets final: 363, pending: 255008, pool: 300
I 4362.92] Elapsed: 1:12:43, vertices: 3216, facets final: 363, pending: 255538, pool: 300
I 4369.37] Elapsed: 1:12:49, vertices: 3219, facets final: 364, pending: 255534, pool: 300
I 4375.92] Elapsed: 1:12:56, vertices: 3221, facets final: 365, pending: 255862, pool: 300
I 4381.85] Elapsed: 1:13:02, vertices: 3224, facets final: 365, pending: 255891, pool: 300
I 4387.47] Elapsed: 1:13:07, vertices: 3226, facets final: 366, pending: 256138, pool: 300
I 4395.07] Elapsed: 1:13:15, vertices: 3228, facets final: 366, pending: 256315, pool: 300
I 4400.38] Elapsed: 1:13:20, vertices: 3230, facets final: 367, pending: 256266, pool: 300
I 4405.69] Elapsed: 1:13:26, vertices: 3232, facets final: 367, pending: 255982, pool: 300
I 4412.18] Elapsed: 1:13:32, vertices: 3235, facets final: 367, pending: 255816, pool: 300
I 4421.44] Elapsed: 1:13:41, vertices: 3237, facets final: 367, pending: 255913, pool: 300
I 4426.86] Elapsed: 1:13:47, vertices: 3239, facets final: 367, pending: 256047, pool: 300
I 4432.16] Elapsed: 1:13:52, vertices: 3241, facets final: 367, pending: 256254, pool: 300
I 4440.60] Elapsed: 1:14:01, vertices: 3244, facets final: 368, pending: 256043, pool: 300
I 4446.01] Elapsed: 1:14:06, vertices: 3246, facets final: 368, pending: 256078, pool: 300
I 4452.80] Elapsed: 1:14:13, vertices: 3249, facets final: 368, pending: 255933, pool: 300
I 4460.46] Elapsed: 1:14:20, vertices: 3250, facets final: 368, pending: 256064, pool: 300
I 4467.15] Elapsed: 1:14:27, vertices: 3252, facets final: 368, pending: 255944, pool: 300
I 4472.18] Elapsed: 1:14:32, vertices: 3254, facets final: 368, pending: 256057, pool: 300
I 4478.57] Elapsed: 1:14:39, vertices: 3256, facets final: 368, pending: 255972, pool: 300
I 4483.59] Elapsed: 1:14:44, vertices: 3258, facets final: 369, pending: 255858, pool: 300
I 4488.90] Elapsed: 1:14:49, vertices: 3260, facets final: 369, pending: 256096, pool: 300
I 4494.62] Elapsed: 1:14:55, vertices: 3263, facets final: 369, pending: 256149, pool: 300
I 4499.84] Elapsed: 1:15:00, vertices: 3265, facets final: 369, pending: 256506, pool: 300
I 4505.68] Elapsed: 1:15:06, vertices: 3268, facets final: 369, pending: 256499, pool: 300
I 4511.15] Elapsed: 1:15:11, vertices: 3269, facets final: 369, pending: 256678, pool: 300
I 4516.76] Elapsed: 1:15:17, vertices: 3271, facets final: 370, pending: 256753, pool: 300
I 4523.81] Elapsed: 1:15:24, vertices: 3273, facets final: 370, pending: 256325, pool: 300
I 4529.42] Elapsed: 1:15:29, vertices: 3276, facets final: 370, pending: 256251, pool: 300
I 4534.78] Elapsed: 1:15:35, vertices: 3279, facets final: 370, pending: 256226, pool: 300
I 4540.50] Elapsed: 1:15:41, vertices: 3283, facets final: 371, pending: 256187, pool: 300
I 4545.57] Elapsed: 1:15:46, vertices: 3286, facets final: 372, pending: 255913, pool: 300
recalculate_facet: numerical instability at facet 78, coord 2 (1.72986e-06)
recalculate_facet: numerical instability at facet 78, coord 3 (-2.50269e-06)
recalculate_facet: numerical instability at facet 78, coord 8 (-1.37137e-06)
I 4552.55] Elapsed: 1:15:53, vertices: 3289, facets final: 372, pending: 255979, pool: 300
I 4558.36] Elapsed: 1:15:58, vertices: 3292, facets final: 372, pending: 255629, pool: 300
I 4564.11] Elapsed: 1:16:04, vertices: 3296, facets final: 373, pending: 255663, pool: 299
I 4571.67] Elapsed: 1:16:12, vertices: 3297, facets final: 373, pending: 255391, pool: 300
I 4578.83] Elapsed: 1:16:19, vertices: 3299, facets final: 373, pending: 255629, pool: 300
I 4583.94] Elapsed: 1:16:24, vertices: 3301, facets final: 373, pending: 255541, pool: 300
I 4589.98] Elapsed: 1:16:30, vertices: 3303, facets final: 373, pending: 255300, pool: 300
I 4596.56] Elapsed: 1:16:37, vertices: 3305, facets final: 373, pending: 255094, pool: 300
I 4602.36] Elapsed: 1:16:42, vertices: 3306, facets final: 374, pending: 254963, pool: 300
I 4608.39] Elapsed: 1:16:48, vertices: 3309, facets final: 375, pending: 255092, pool: 300
I 4613.65] Elapsed: 1:16:54, vertices: 3311, facets final: 376, pending: 255145, pool: 300
I 4619.21] Elapsed: 1:16:59, vertices: 3315, facets final: 376, pending: 255130, pool: 300
I 4625.49] Elapsed: 1:17:05, vertices: 3317, facets final: 376, pending: 254876, pool: 300
I 4631.55] Elapsed: 1:17:12, vertices: 3320, facets final: 376, pending: 254872, pool: 300
I 4637.35] Elapsed: 1:17:17, vertices: 3322, facets final: 376, pending: 255062, pool: 300
I 4642.66] Elapsed: 1:17:23, vertices: 3325, facets final: 377, pending: 255176, pool: 300
I 4648.66] Elapsed: 1:17:29, vertices: 3327, facets final: 377, pending: 255077, pool: 300
I 4656.39] Elapsed: 1:17:36, vertices: 3330, facets final: 378, pending: 254879, pool: 300
I 4661.94] Elapsed: 1:17:42, vertices: 3332, facets final: 378, pending: 254765, pool: 300
I 4667.09] Elapsed: 1:17:47, vertices: 3335, facets final: 379, pending: 254901, pool: 300
I 4673.25] Elapsed: 1:17:53, vertices: 3337, facets final: 379, pending: 254757, pool: 300
I 4678.47] Elapsed: 1:17:58, vertices: 3339, facets final: 380, pending: 254799, pool: 300
I 4685.78] Elapsed: 1:18:06, vertices: 3342, facets final: 380, pending: 254865, pool: 300
I 4692.42] Elapsed: 1:18:12, vertices: 3346, facets final: 380, pending: 255087, pool: 300
I 4698.49] Elapsed: 1:18:18, vertices: 3349, facets final: 380, pending: 254775, pool: 300
I 4703.92] Elapsed: 1:18:24, vertices: 3352, facets final: 380, pending: 255033, pool: 300
I 4713.90] Elapsed: 1:18:34, vertices: 3355, facets final: 380, pending: 254435, pool: 300
I 4720.28] Elapsed: 1:18:40, vertices: 3359, facets final: 380, pending: 254574, pool: 300
I 4725.97] Elapsed: 1:18:46, vertices: 3363, facets final: 381, pending: 254592, pool: 300
I 4732.25] Elapsed: 1:18:52, vertices: 3365, facets final: 381, pending: 254833, pool: 300
I 4737.59] Elapsed: 1:18:58, vertices: 3367, facets final: 382, pending: 254886, pool: 300
I 4743.05] Elapsed: 1:19:03, vertices: 3369, facets final: 382, pending: 254950, pool: 300
I 4750.75] Elapsed: 1:19:11, vertices: 3372, facets final: 382, pending: 254567, pool: 300
I 4756.45] Elapsed: 1:19:16, vertices: 3373, facets final: 382, pending: 254389, pool: 300
I 4761.55] Elapsed: 1:19:22, vertices: 3375, facets final: 382, pending: 254663, pool: 300
I 4770.01] Elapsed: 1:19:30, vertices: 3377, facets final: 384, pending: 254592, pool: 300
I 4777.15] Elapsed: 1:19:37, vertices: 3380, facets final: 384, pending: 254310, pool: 300
I 4782.67] Elapsed: 1:19:43, vertices: 3383, facets final: 385, pending: 254194, pool: 300
I 4789.31] Elapsed: 1:19:49, vertices: 3385, facets final: 385, pending: 253689, pool: 300
I 4795.06] Elapsed: 1:19:55, vertices: 3386, facets final: 386, pending: 253362, pool: 300
I 4802.83] Elapsed: 1:20:03, vertices: 3388, facets final: 386, pending: 253444, pool: 300
I 4808.53] Elapsed: 1:20:09, vertices: 3391, facets final: 386, pending: 253690, pool: 300
recalculate_facet: numerical instability at facet 41, coord 5 (1.23643e-06)
recalculate_facet: numerical instability at facet 43, coord 5 (1.26589e-06)
I 4815.83] Elapsed: 1:20:16, vertices: 3394, facets final: 386, pending: 253339, pool: 300
I 4821.73] Elapsed: 1:20:22, vertices: 3397, facets final: 386, pending: 253165, pool: 300
I 4828.64] Elapsed: 1:20:29, vertices: 3399, facets final: 386, pending: 253665, pool: 300
I 4836.76] Elapsed: 1:20:37, vertices: 3402, facets final: 386, pending: 253513, pool: 300
I 4842.22] Elapsed: 1:20:42, vertices: 3405, facets final: 387, pending: 253440, pool: 300
I 4848.59] Elapsed: 1:20:49, vertices: 3408, facets final: 388, pending: 253016, pool: 300
I 4854.12] Elapsed: 1:20:54, vertices: 3411, facets final: 388, pending: 252952, pool: 300
I 4859.99] Elapsed: 1:21:00, vertices: 3413, facets final: 388, pending: 252684, pool: 300
recalculate_facet: numerical instability at facet 136, coord 3 (-2.04166e-06)
recalculate_facet: numerical instability at facet 136, coord 4 (2.06803e-06)
I 4867.86] Elapsed: 1:21:08, vertices: 3416, facets final: 388, pending: 252831, pool: 300
I 4874.48] Elapsed: 1:21:14, vertices: 3420, facets final: 388, pending: 252693, pool: 300
I 4880.35] Elapsed: 1:21:20, vertices: 3422, facets final: 388, pending: 252731, pool: 300
I 4886.54] Elapsed: 1:21:27, vertices: 3424, facets final: 388, pending: 252522, pool: 300
I 4891.91] Elapsed: 1:21:32, vertices: 3425, facets final: 388, pending: 252557, pool: 300
I 4897.46] Elapsed: 1:21:37, vertices: 3428, facets final: 392, pending: 252457, pool: 300
I 4902.52] Elapsed: 1:21:43, vertices: 3430, facets final: 392, pending: 252438, pool: 300
I 4909.05] Elapsed: 1:21:49, vertices: 3433, facets final: 393, pending: 252421, pool: 300
I 4914.78] Elapsed: 1:21:55, vertices: 3436, facets final: 393, pending: 252417, pool: 300
I 4920.65] Elapsed: 1:22:01, vertices: 3439, facets final: 394, pending: 252314, pool: 300
I 4929.08] Elapsed: 1:22:09, vertices: 3441, facets final: 394, pending: 252507, pool: 300
I 4935.58] Elapsed: 1:22:16, vertices: 3445, facets final: 395, pending: 252513, pool: 300
I 4940.79] Elapsed: 1:22:21, vertices: 3448, facets final: 395, pending: 252541, pool: 300
I 4945.97] Elapsed: 1:22:26, vertices: 3451, facets final: 396, pending: 252598, pool: 300
I 4952.16] Elapsed: 1:22:32, vertices: 3455, facets final: 396, pending: 252671, pool: 300
I 4959.52] Elapsed: 1:22:40, vertices: 3458, facets final: 396, pending: 252823, pool: 300
I 4965.71] Elapsed: 1:22:46, vertices: 3461, facets final: 396, pending: 253210, pool: 300
I 4971.44] Elapsed: 1:22:51, vertices: 3465, facets final: 396, pending: 253133, pool: 298
I 4979.78] Elapsed: 1:23:00, vertices: 3467, facets final: 396, pending: 253374, pool: 300
I 4990.15] Elapsed: 1:23:10, vertices: 3470, facets final: 398, pending: 253536, pool: 300
I 4995.86] Elapsed: 1:23:16, vertices: 3472, facets final: 398, pending: 253696, pool: 300
I 5001.88] Elapsed: 1:23:22, vertices: 3475, facets final: 398, pending: 253686, pool: 300
I 5006.88] Elapsed: 1:23:27, vertices: 3477, facets final: 398, pending: 253947, pool: 300
I 5012.31] Elapsed: 1:23:32, vertices: 3480, facets final: 398, pending: 254193, pool: 300
I 5017.41] Elapsed: 1:23:37, vertices: 3483, facets final: 399, pending: 254146, pool: 300
I 5022.60] Elapsed: 1:23:43, vertices: 3486, facets final: 400, pending: 254246, pool: 300
recalculate_facet: numerical instability at facet 42, coord 0 (-3.75991e-06)
recalculate_facet: numerical instability at facet 42, coord 1 (3.22024e-06)
recalculate_facet: numerical instability at facet 42, coord 2 (-2.39952e-05)
recalculate_facet: numerical instability at facet 42, coord 3 (1.01023e-05)
recalculate_facet: numerical instability at facet 42, coord 5 (1.66533e-05)
recalculate_facet: numerical instability at facet 42, coord 6 (-2.1928e-06)
recalculate_facet: numerical instability at facet 42, coord 8 (7.37713e-06)
I 5029.83] Elapsed: 1:23:50, vertices: 3490, facets final: 401, pending: 254145, pool: 300
I 5037.00] Elapsed: 1:23:57, vertices: 3492, facets final: 401, pending: 254203, pool: 300
I 5042.60] Elapsed: 1:24:03, vertices: 3495, facets final: 401, pending: 254271, pool: 300
I 5047.60] Elapsed: 1:24:08, vertices: 3498, facets final: 401, pending: 254416, pool: 300
I 5053.54] Elapsed: 1:24:14, vertices: 3500, facets final: 401, pending: 254580, pool: 300
I 5059.09] Elapsed: 1:24:19, vertices: 3502, facets final: 401, pending: 254323, pool: 300
I 5064.65] Elapsed: 1:24:25, vertices: 3505, facets final: 401, pending: 254465, pool: 300
I 5071.08] Elapsed: 1:24:31, vertices: 3509, facets final: 401, pending: 254456, pool: 300
I 5077.15] Elapsed: 1:24:37, vertices: 3511, facets final: 401, pending: 254784, pool: 300
I 5083.16] Elapsed: 1:24:43, vertices: 3513, facets final: 402, pending: 254620, pool: 300
I 5089.36] Elapsed: 1:24:49, vertices: 3516, facets final: 402, pending: 254518, pool: 300
I 5094.57] Elapsed: 1:24:55, vertices: 3518, facets final: 402, pending: 254526, pool: 300
I 5099.88] Elapsed: 1:25:00, vertices: 3522, facets final: 402, pending: 254444, pool: 300
I 5105.69] Elapsed: 1:25:06, vertices: 3525, facets final: 402, pending: 254428, pool: 300
I 5110.77] Elapsed: 1:25:11, vertices: 3528, facets final: 402, pending: 254429, pool: 300
I 5120.25] Elapsed: 1:25:20, vertices: 3532, facets final: 403, pending: 254547, pool: 300
I 5127.62] Elapsed: 1:25:28, vertices: 3535, facets final: 403, pending: 254400, pool: 300
I 5133.38] Elapsed: 1:25:33, vertices: 3539, facets final: 404, pending: 254517, pool: 300
recalculate_facet: numerical instability at facet 156, coord 0 (1.69655e-06)
recalculate_facet: numerical instability at facet 156, coord 1 (-2.94191e-06)
recalculate_facet: numerical instability at facet 156, coord 2 (5.78372e-06)
recalculate_facet: numerical instability at facet 156, coord 3 (-4.48283e-06)
recalculate_facet: numerical instability at facet 156, coord 4 (-2.03039e-06)
recalculate_facet: numerical instability at facet 156, coord 6 (1.04519e-06)
recalculate_facet: numerical instability at facet 156, coord 8 (1.98881e-06)
I 5139.45] Elapsed: 1:25:39, vertices: 3541, facets final: 404, pending: 254598, pool: 300
I 5146.38] Elapsed: 1:25:46, vertices: 3543, facets final: 404, pending: 255167, pool: 300
I 5153.25] Elapsed: 1:25:53, vertices: 3546, facets final: 404, pending: 254990, pool: 300
I 5161.60] Elapsed: 1:26:02, vertices: 3549, facets final: 404, pending: 254462, pool: 300
I 5166.66] Elapsed: 1:26:07, vertices: 3551, facets final: 404, pending: 254284, pool: 300
recalculate_facet: numerical instability at facet 46, coord 2 (-4.67428e-06)
recalculate_facet: numerical instability at facet 46, coord 3 (6.70107e-06)
recalculate_facet: numerical instability at facet 46, coord 5 (-1.31298e-06)
recalculate_facet: numerical instability at facet 46, coord 8 (2.85607e-06)
recalculate_facet: numerical instability at facet 136, coord 3 (-1.77306e-06)
recalculate_facet: numerical instability at facet 136, coord 8 (-2.49035e-06)
I 5172.32] Elapsed: 1:26:12, vertices: 3554, facets final: 404, pending: 254467, pool: 300
I 5179.62] Elapsed: 1:26:20, vertices: 3557, facets final: 405, pending: 254970, pool: 300
I 5187.29] Elapsed: 1:26:27, vertices: 3560, facets final: 406, pending: 254773, pool: 300
I 5195.30] Elapsed: 1:26:35, vertices: 3564, facets final: 406, pending: 254339, pool: 300
I 5201.40] Elapsed: 1:26:41, vertices: 3567, facets final: 406, pending: 254447, pool: 300
recalculate_facet: numerical instability at facet 31, coord 1 (1.88833e-06)
recalculate_facet: numerical instability at facet 31, coord 2 (9.29254e-06)
recalculate_facet: numerical instability at facet 31, coord 5 (-1.1334e-05)
recalculate_facet: numerical instability at facet 31, coord 8 (-6.18375e-06)
I 5208.74] Elapsed: 1:26:49, vertices: 3570, facets final: 407, pending: 254920, pool: 300
I 5214.44] Elapsed: 1:26:54, vertices: 3572, facets final: 407, pending: 254814, pool: 300
I 5219.65] Elapsed: 1:27:00, vertices: 3574, facets final: 407, pending: 254558, pool: 300
I 5225.00] Elapsed: 1:27:05, vertices: 3577, facets final: 407, pending: 254500, pool: 300
I 5231.60] Elapsed: 1:27:12, vertices: 3580, facets final: 407, pending: 254613, pool: 300
I 5237.52] Elapsed: 1:27:18, vertices: 3582, facets final: 407, pending: 254547, pool: 300
I 5242.85] Elapsed: 1:27:23, vertices: 3585, facets final: 407, pending: 254464, pool: 300
I 5248.26] Elapsed: 1:27:28, vertices: 3587, facets final: 407, pending: 254429, pool: 300
I 5253.57] Elapsed: 1:27:34, vertices: 3590, facets final: 408, pending: 254404, pool: 299
I 5259.74] Elapsed: 1:27:40, vertices: 3593, facets final: 408, pending: 254374, pool: 300
I 5266.04] Elapsed: 1:27:46, vertices: 3595, facets final: 408, pending: 254542, pool: 300
I 5271.80] Elapsed: 1:27:52, vertices: 3598, facets final: 409, pending: 255076, pool: 300
I 5278.46] Elapsed: 1:27:58, vertices: 3602, facets final: 409, pending: 254899, pool: 300
I 5285.01] Elapsed: 1:28:05, vertices: 3605, facets final: 409, pending: 254795, pool: 300
I 5291.89] Elapsed: 1:28:12, vertices: 3609, facets final: 409, pending: 254945, pool: 300
recalculate_facet: numerical instability at facet 9, coord 0 (1.09195e-06)
I 5298.41] Elapsed: 1:28:18, vertices: 3611, facets final: 409, pending: 255086, pool: 300
I 5304.68] Elapsed: 1:28:25, vertices: 3615, facets final: 410, pending: 255105, pool: 300
I 5311.14] Elapsed: 1:28:31, vertices: 3618, facets final: 410, pending: 255089, pool: 300
I 5316.43] Elapsed: 1:28:36, vertices: 3620, facets final: 410, pending: 255154, pool: 300
I 5321.46] Elapsed: 1:28:41, vertices: 3622, facets final: 410, pending: 255111, pool: 300
I 5327.30] Elapsed: 1:28:47, vertices: 3624, facets final: 410, pending: 255079, pool: 300
I 5332.69] Elapsed: 1:28:53, vertices: 3626, facets final: 411, pending: 254930, pool: 300
I 5339.01] Elapsed: 1:28:59, vertices: 3628, facets final: 411, pending: 255322, pool: 300
I 5345.52] Elapsed: 1:29:06, vertices: 3632, facets final: 411, pending: 255135, pool: 300
I 5353.36] Elapsed: 1:29:13, vertices: 3636, facets final: 411, pending: 255502, pool: 300
I 5361.52] Elapsed: 1:29:22, vertices: 3639, facets final: 411, pending: 255547, pool: 300
I 5371.29] Elapsed: 1:29:31, vertices: 3642, facets final: 411, pending: 255065, pool: 300
I 5376.87] Elapsed: 1:29:37, vertices: 3644, facets final: 411, pending: 255175, pool: 300
I 5381.96] Elapsed: 1:29:42, vertices: 3646, facets final: 411, pending: 255215, pool: 300
I 5389.05] Elapsed: 1:29:49, vertices: 3649, facets final: 411, pending: 255027, pool: 300
recalculate_facet: numerical instability at facet 112139, coord 3 (-1.97339e-06)
recalculate_facet: numerical instability at facet 112139, coord 5 (1.00338e-06)
recalculate_facet: numerical instability at facet 112530, coord 3 (1.56137e-06)
recalculate_facet: numerical instability at facet 112530, coord 5 (-1.03728e-06)
I 5394.79] Elapsed: 1:29:55, vertices: 3652, facets final: 411, pending: 254975, pool: 300
recalculate_facet: numerical instability at facet 21, coord 2 (-4.91555e-06)
recalculate_facet: numerical instability at facet 21, coord 3 (7.72228e-06)
recalculate_facet: numerical instability at facet 21, coord 5 (-2.43101e-06)
recalculate_facet: numerical instability at facet 21, coord 8 (2.24554e-06)
recalculate_facet: numerical instability at facet 22, coord 0 (3.45855e-05)
recalculate_facet: numerical instability at facet 22, coord 1 (-3.54653e-05)
recalculate_facet: numerical instability at facet 22, coord 2 (-8.32706e-06)
recalculate_facet: numerical instability at facet 22, coord 3 (4.35171e-06)
recalculate_facet: numerical instability at facet 22, coord 4 (-1.58042e-05)
recalculate_facet: numerical instability at facet 22, coord 5 (2.07396e-05)
recalculate_facet: numerical instability at facet 22, coord 8 (2.41993e-05)
I 5401.97] Elapsed: 1:30:02, vertices: 3655, facets final: 411, pending: 254667, pool: 300
I 5408.48] Elapsed: 1:30:08, vertices: 3658, facets final: 413, pending: 254763, pool: 300
I 5414.38] Elapsed: 1:30:14, vertices: 3661, facets final: 413, pending: 254778, pool: 300
I 5422.36] Elapsed: 1:30:22, vertices: 3664, facets final: 415, pending: 254741, pool: 300
I 5429.29] Elapsed: 1:30:29, vertices: 3667, facets final: 415, pending: 254906, pool: 300
I 5435.34] Elapsed: 1:30:35, vertices: 3670, facets final: 418, pending: 254976, pool: 300
I 5444.54] Elapsed: 1:30:45, vertices: 3674, facets final: 419, pending: 255538, pool: 300
I 5449.68] Elapsed: 1:30:50, vertices: 3676, facets final: 419, pending: 255519, pool: 300
I 5456.74] Elapsed: 1:30:57, vertices: 3679, facets final: 420, pending: 255449, pool: 300
I 5463.13] Elapsed: 1:31:03, vertices: 3681, facets final: 420, pending: 255480, pool: 300
I 5468.96] Elapsed: 1:31:09, vertices: 3683, facets final: 420, pending: 255210, pool: 300
I 5474.75] Elapsed: 1:31:15, vertices: 3686, facets final: 421, pending: 255282, pool: 300
I 5480.48] Elapsed: 1:31:20, vertices: 3688, facets final: 421, pending: 255324, pool: 300
I 5487.27] Elapsed: 1:31:27, vertices: 3691, facets final: 422, pending: 255599, pool: 300
I 5495.97] Elapsed: 1:31:36, vertices: 3694, facets final: 422, pending: 255604, pool: 300
I 5502.07] Elapsed: 1:31:42, vertices: 3698, facets final: 424, pending: 255698, pool: 300
recalculate_facet: numerical instability at facet 113867, coord 3 (1.31704e-06)
recalculate_facet: numerical instability at facet 124843, coord 3 (1.27077e-06)
I 5508.33] Elapsed: 1:31:48, vertices: 3701, facets final: 424, pending: 255737, pool: 300
I 5513.40] Elapsed: 1:31:53, vertices: 3702, facets final: 424, pending: 255862, pool: 300
I 5518.88] Elapsed: 1:31:59, vertices: 3705, facets final: 424, pending: 255728, pool: 300
I 5526.99] Elapsed: 1:32:07, vertices: 3707, facets final: 424, pending: 255926, pool: 300
recalculate_facet: numerical instability at facet 8, coord 2 (-1.37512e-06)
recalculate_facet: numerical instability at facet 8, coord 3 (2.10714e-06)
recalculate_facet: numerical instability at facet 8, coord 8 (1.36487e-06)
I 5535.69] Elapsed: 1:32:16, vertices: 3710, facets final: 424, pending: 255494, pool: 300
I 5542.11] Elapsed: 1:32:22, vertices: 3712, facets final: 425, pending: 255471, pool: 300
I 5550.18] Elapsed: 1:32:30, vertices: 3714, facets final: 426, pending: 255696, pool: 300
I 5556.28] Elapsed: 1:32:36, vertices: 3717, facets final: 427, pending: 255692, pool: 300
I 5561.71] Elapsed: 1:32:42, vertices: 3719, facets final: 427, pending: 255629, pool: 300
I 5567.79] Elapsed: 1:32:48, vertices: 3721, facets final: 427, pending: 255201, pool: 300
I 5574.41] Elapsed: 1:32:54, vertices: 3724, facets final: 429, pending: 255189, pool: 300
I 5580.36] Elapsed: 1:33:00, vertices: 3727, facets final: 431, pending: 255564, pool: 300
I 5586.40] Elapsed: 1:33:06, vertices: 3730, facets final: 431, pending: 255580, pool: 300
I 5592.82] Elapsed: 1:33:13, vertices: 3733, facets final: 431, pending: 255711, pool: 300
I 5598.90] Elapsed: 1:33:19, vertices: 3736, facets final: 431, pending: 255923, pool: 300
I 5604.89] Elapsed: 1:33:25, vertices: 3739, facets final: 432, pending: 255975, pool: 300
I 5611.54] Elapsed: 1:33:32, vertices: 3743, facets final: 432, pending: 256296, pool: 300
I 5619.33] Elapsed: 1:33:39, vertices: 3745, facets final: 432, pending: 256136, pool: 300
I 5625.14] Elapsed: 1:33:45, vertices: 3747, facets final: 432, pending: 256202, pool: 300
I 5630.69] Elapsed: 1:33:51, vertices: 3748, facets final: 432, pending: 256322, pool: 300
I 5636.07] Elapsed: 1:33:56, vertices: 3751, facets final: 433, pending: 256303, pool: 300
I 5641.93] Elapsed: 1:34:02, vertices: 3754, facets final: 435, pending: 256299, pool: 300
I 5649.24] Elapsed: 1:34:09, vertices: 3758, facets final: 435, pending: 256281, pool: 300
I 5654.54] Elapsed: 1:34:15, vertices: 3761, facets final: 435, pending: 256150, pool: 300
I 5661.30] Elapsed: 1:34:21, vertices: 3764, facets final: 435, pending: 255744, pool: 300
I 5670.04] Elapsed: 1:34:30, vertices: 3766, facets final: 438, pending: 255602, pool: 300
I 5675.57] Elapsed: 1:34:36, vertices: 3769, facets final: 439, pending: 255889, pool: 300
I 5687.93] Elapsed: 1:34:48, vertices: 3773, facets final: 439, pending: 255903, pool: 300
I 5693.97] Elapsed: 1:34:54, vertices: 3775, facets final: 440, pending: 255901, pool: 300
I 5700.83] Elapsed: 1:35:01, vertices: 3779, facets final: 440, pending: 255876, pool: 300
I 5713.15] Elapsed: 1:35:13, vertices: 3782, facets final: 441, pending: 256038, pool: 300
I 5720.62] Elapsed: 1:35:21, vertices: 3784, facets final: 442, pending: 256139, pool: 300
I 5725.92] Elapsed: 1:35:26, vertices: 3786, facets final: 442, pending: 256371, pool: 300
I 5732.92] Elapsed: 1:35:33, vertices: 3789, facets final: 442, pending: 256423, pool: 300
I 5738.60] Elapsed: 1:35:39, vertices: 3791, facets final: 442, pending: 256175, pool: 300
I 5744.95] Elapsed: 1:35:45, vertices: 3795, facets final: 442, pending: 256123, pool: 300
solve_lineq: rank is too small (zerocol=6, col=8, max=5.70804e-09)
recalculate_facet: adjacency vertex list of facet 11 is degenerate
recalculate_facet: numerical instability at facet 23, coord 0 (-2.45283e-05)
recalculate_facet: numerical instability at facet 23, coord 1 (8.50908e-05)
recalculate_facet: numerical instability at facet 23, coord 2 (0.000217812)
recalculate_facet: numerical instability at facet 23, coord 3 (-8.18734e-05)
recalculate_facet: numerical instability at facet 23, coord 4 (-1.1191e-05)
recalculate_facet: numerical instability at facet 23, coord 5 (-0.000171259)
recalculate_facet: numerical instability at facet 23, coord 6 (-1.40503e-05)
recalculate_facet: numerical instability at facet 23, coord 8 (-0.000151051)
I 5747.89] Elapsed: 1:35:48, vertices: 3797, facets final: 442, pending: 256092, pool: 300

--------------------------------
Problem aborted with error
 name                    12.vlp
 output                  vlp/12.res
 rows, cols, objs        19, 5104, 8
 vertices, facets        3797, 256534
 total time              1:35:48
--------------------------------
Statistics
LP:
 oracle calls            5002
   avg iterations/calls  10.93
 total oracle time       14.95
Combinatorics:
 vertices added          3797
 facets probed           5083
 facets # max            257201
 memory allocated        279.08M
 instability warnings    208
 storage expansion
   vertices # / upto     30 / 3836
   facets   # / upto     63 / 258044
 facet manipulating
   added avg / max       579.95 / 4.73k
   compressed            1004
 number of ridge tests
   avg / max             91.44M / 571.04M
--------------------------------
Parameters with non-default values
 ExactFacetEq=1
 VertexPoolSize=300
 RecalculateFacets=25
 PolytopeEps=7e-09
 ScaleEps=4e-08
 LineqEps=1.1e-07
 RoundEps=4e-08
