C applying double rule r=c:ab;s=a:bdr;a.r.c.d;r.b.c.d for ineq.txt
I    5.02] Elapsed: 5.02, vertices: 168, facets final: 70, pending: 10560, pool: 279
I   10.02] Elapsed: 10.02, vertices: 256, facets final: 96, pending: 17163, pool: 299
I   15.03] Elapsed: 15.03, vertices: 328, facets final: 110, pending: 21000, pool: 300
I   20.07] Elapsed: 20.07, vertices: 389, facets final: 124, pending: 24666, pool: 300
I   25.12] Elapsed: 25.12, vertices: 441, facets final: 133, pending: 27250, pool: 300
I   30.12] Elapsed: 30.12, vertices: 487, facets final: 139, pending: 30590, pool: 300
I   35.23] Elapsed: 35.23, vertices: 527, facets final: 145, pending: 34207, pool: 300
I   40.31] Elapsed: 40.31, vertices: 567, facets final: 154, pending: 36242, pool: 299
I   45.32] Elapsed: 45.32, vertices: 602, facets final: 159, pending: 38669, pool: 299
I   50.34] Elapsed: 50.34, vertices: 634, facets final: 168, pending: 39907, pool: 299
I   55.61] Elapsed: 55.61, vertices: 666, facets final: 173, pending: 41502, pool: 300
I   60.65] Elapsed: 1:01, vertices: 696, facets final: 177, pending: 43170, pool: 299
I   65.68] Elapsed: 1:06, vertices: 725, facets final: 188, pending: 44502, pool: 300
I   70.83] Elapsed: 1:11, vertices: 755, facets final: 196, pending: 45916, pool: 300
I   75.85] Elapsed: 1:16, vertices: 781, facets final: 202, pending: 47248, pool: 300
I   81.00] Elapsed: 1:21, vertices: 807, facets final: 205, pending: 48820, pool: 300
I   86.21] Elapsed: 1:26, vertices: 832, facets final: 212, pending: 49760, pool: 300
I   91.41] Elapsed: 1:31, vertices: 859, facets final: 220, pending: 50657, pool: 300
I   96.41] Elapsed: 1:36, vertices: 881, facets final: 228, pending: 52131, pool: 299
I  101.58] Elapsed: 1:42, vertices: 903, facets final: 234, pending: 52706, pool: 300
I  106.59] Elapsed: 1:47, vertices: 927, facets final: 239, pending: 53148, pool: 299
I  111.85] Elapsed: 1:52, vertices: 949, facets final: 246, pending: 53403, pool: 299
I  117.11] Elapsed: 1:57, vertices: 972, facets final: 248, pending: 53875, pool: 300
I  122.12] Elapsed: 2:02, vertices: 994, facets final: 255, pending: 54074, pool: 300
I  127.21] Elapsed: 2:07, vertices: 1017, facets final: 260, pending: 53878, pool: 300
I  132.22] Elapsed: 2:12, vertices: 1038, facets final: 268, pending: 53949, pool: 300
I  137.40] Elapsed: 2:17, vertices: 1061, facets final: 277, pending: 54325, pool: 300
I  142.43] Elapsed: 2:22, vertices: 1082, facets final: 281, pending: 54972, pool: 300
I  147.51] Elapsed: 2:28, vertices: 1104, facets final: 295, pending: 55064, pool: 300
I  152.54] Elapsed: 2:33, vertices: 1126, facets final: 301, pending: 54943, pool: 300
I  157.54] Elapsed: 2:38, vertices: 1146, facets final: 304, pending: 55463, pool: 300
I  162.55] Elapsed: 2:43, vertices: 1169, facets final: 312, pending: 56148, pool: 300
I  167.80] Elapsed: 2:48, vertices: 1192, facets final: 321, pending: 55931, pool: 300
I  173.01] Elapsed: 2:53, vertices: 1216, facets final: 332, pending: 56518, pool: 300
I  178.15] Elapsed: 2:58, vertices: 1240, facets final: 342, pending: 56770, pool: 300
I  183.32] Elapsed: 3:03, vertices: 1263, facets final: 347, pending: 57090, pool: 300
I  188.48] Elapsed: 3:08, vertices: 1285, facets final: 356, pending: 57093, pool: 299
I  193.67] Elapsed: 3:14, vertices: 1305, facets final: 360, pending: 56239, pool: 300
I  198.67] Elapsed: 3:19, vertices: 1325, facets final: 374, pending: 55618, pool: 300
I  203.85] Elapsed: 3:24, vertices: 1349, facets final: 383, pending: 55461, pool: 300
I  208.93] Elapsed: 3:29, vertices: 1370, facets final: 398, pending: 55894, pool: 300
I  214.13] Elapsed: 3:34, vertices: 1394, facets final: 405, pending: 55894, pool: 300
I  219.26] Elapsed: 3:39, vertices: 1418, facets final: 418, pending: 55907, pool: 300
I  224.26] Elapsed: 3:44, vertices: 1441, facets final: 427, pending: 56484, pool: 300
I  229.36] Elapsed: 3:49, vertices: 1464, facets final: 442, pending: 56379, pool: 300
I  234.45] Elapsed: 3:54, vertices: 1488, facets final: 447, pending: 56712, pool: 300
I  239.57] Elapsed: 4:00, vertices: 1513, facets final: 460, pending: 56815, pool: 300
I  244.62] Elapsed: 4:05, vertices: 1534, facets final: 470, pending: 56715, pool: 300
I  249.80] Elapsed: 4:10, vertices: 1559, facets final: 482, pending: 56995, pool: 300
I  254.85] Elapsed: 4:15, vertices: 1583, facets final: 496, pending: 57010, pool: 300
I  259.85] Elapsed: 4:20, vertices: 1605, facets final: 510, pending: 57307, pool: 300
I  265.03] Elapsed: 4:25, vertices: 1628, facets final: 523, pending: 57191, pool: 300
I  270.04] Elapsed: 4:30, vertices: 1650, facets final: 538, pending: 57229, pool: 300
I  275.16] Elapsed: 4:35, vertices: 1671, facets final: 551, pending: 57594, pool: 300
I  280.37] Elapsed: 4:40, vertices: 1693, facets final: 571, pending: 57534, pool: 300
I  285.55] Elapsed: 4:46, vertices: 1716, facets final: 586, pending: 57452, pool: 300
I  290.74] Elapsed: 4:51, vertices: 1740, facets final: 594, pending: 57184, pool: 300
I  295.74] Elapsed: 4:56, vertices: 1761, facets final: 601, pending: 56750, pool: 300
I  300.94] Elapsed: 5:01, vertices: 1785, facets final: 627, pending: 56435, pool: 300
I  305.96] Elapsed: 5:06, vertices: 1808, facets final: 636, pending: 56322, pool: 300
I  311.02] Elapsed: 5:11, vertices: 1831, facets final: 658, pending: 55946, pool: 300
I  316.21] Elapsed: 5:16, vertices: 1855, facets final: 673, pending: 55703, pool: 300
I  321.23] Elapsed: 5:21, vertices: 1879, facets final: 684, pending: 55565, pool: 300
I  326.40] Elapsed: 5:26, vertices: 1902, facets final: 702, pending: 55717, pool: 300
I  331.51] Elapsed: 5:32, vertices: 1924, facets final: 708, pending: 55638, pool: 300
I  336.58] Elapsed: 5:37, vertices: 1947, facets final: 726, pending: 55584, pool: 300
I  341.73] Elapsed: 5:42, vertices: 1969, facets final: 744, pending: 55404, pool: 300
I  346.77] Elapsed: 5:47, vertices: 1992, facets final: 770, pending: 54991, pool: 300
I  351.91] Elapsed: 5:52, vertices: 2015, facets final: 790, pending: 54641, pool: 300
I  357.00] Elapsed: 5:57, vertices: 2037, facets final: 806, pending: 54718, pool: 300
I  362.04] Elapsed: 6:02, vertices: 2061, facets final: 824, pending: 54567, pool: 300
I  367.08] Elapsed: 6:07, vertices: 2085, facets final: 839, pending: 54540, pool: 300
I  372.13] Elapsed: 6:12, vertices: 2109, facets final: 860, pending: 54514, pool: 300
I  377.25] Elapsed: 6:17, vertices: 2134, facets final: 887, pending: 54498, pool: 300
I  382.25] Elapsed: 6:22, vertices: 2157, facets final: 903, pending: 54318, pool: 300
I  387.38] Elapsed: 6:27, vertices: 2181, facets final: 914, pending: 54194, pool: 300
I  392.54] Elapsed: 6:33, vertices: 2207, facets final: 943, pending: 53987, pool: 300
I  397.63] Elapsed: 6:38, vertices: 2232, facets final: 972, pending: 54247, pool: 300
I  402.82] Elapsed: 6:43, vertices: 2255, facets final: 995, pending: 54261, pool: 300
I  407.89] Elapsed: 6:48, vertices: 2280, facets final: 1022, pending: 53992, pool: 300
I  413.03] Elapsed: 6:53, vertices: 2303, facets final: 1055, pending: 54009, pool: 300
I  418.11] Elapsed: 6:58, vertices: 2326, facets final: 1074, pending: 54367, pool: 300
I  423.19] Elapsed: 7:03, vertices: 2352, facets final: 1097, pending: 54195, pool: 300
I  428.23] Elapsed: 7:08, vertices: 2375, facets final: 1128, pending: 54297, pool: 299
I  433.35] Elapsed: 7:13, vertices: 2398, facets final: 1161, pending: 54560, pool: 300
I  438.53] Elapsed: 7:19, vertices: 2422, facets final: 1186, pending: 54746, pool: 299
I  443.53] Elapsed: 7:24, vertices: 2442, facets final: 1206, pending: 54922, pool: 299
I  448.56] Elapsed: 7:29, vertices: 2464, facets final: 1236, pending: 54891, pool: 300
I  453.60] Elapsed: 7:34, vertices: 2488, facets final: 1257, pending: 54902, pool: 300
I  458.72] Elapsed: 7:39, vertices: 2511, facets final: 1273, pending: 54749, pool: 300
I  463.85] Elapsed: 7:44, vertices: 2535, facets final: 1292, pending: 54856, pool: 300
I  468.99] Elapsed: 7:49, vertices: 2559, facets final: 1304, pending: 55075, pool: 300
I  474.10] Elapsed: 7:54, vertices: 2582, facets final: 1327, pending: 55239, pool: 300
I  479.12] Elapsed: 7:59, vertices: 2606, facets final: 1350, pending: 55488, pool: 300
I  484.28] Elapsed: 8:04, vertices: 2629, facets final: 1378, pending: 55285, pool: 300
I  489.29] Elapsed: 8:09, vertices: 2651, facets final: 1415, pending: 55392, pool: 300
I  494.48] Elapsed: 8:14, vertices: 2672, facets final: 1436, pending: 55426, pool: 300
I  499.53] Elapsed: 8:20, vertices: 2694, facets final: 1459, pending: 55411, pool: 300
I  504.58] Elapsed: 8:25, vertices: 2715, facets final: 1484, pending: 55862, pool: 299
I  509.66] Elapsed: 8:30, vertices: 2738, facets final: 1508, pending: 56121, pool: 300
I  514.85] Elapsed: 8:35, vertices: 2762, facets final: 1527, pending: 56411, pool: 300
I  519.98] Elapsed: 8:40, vertices: 2782, facets final: 1533, pending: 56823, pool: 299
I  525.11] Elapsed: 8:45, vertices: 2803, facets final: 1556, pending: 56869, pool: 300
I  530.36] Elapsed: 8:50, vertices: 2827, facets final: 1576, pending: 56769, pool: 300
I  535.45] Elapsed: 8:55, vertices: 2848, facets final: 1607, pending: 57142, pool: 300
I  540.67] Elapsed: 9:01, vertices: 2870, facets final: 1646, pending: 57330, pool: 300
I  545.75] Elapsed: 9:06, vertices: 2889, facets final: 1662, pending: 57578, pool: 300
I  550.84] Elapsed: 9:11, vertices: 2908, facets final: 1680, pending: 58115, pool: 300
I  556.00] Elapsed: 9:16, vertices: 2926, facets final: 1699, pending: 58853, pool: 300
I  561.13] Elapsed: 9:21, vertices: 2948, facets final: 1717, pending: 58802, pool: 299
I  566.59] Elapsed: 9:27, vertices: 2967, facets final: 1736, pending: 58892, pool: 300
I  571.72] Elapsed: 9:32, vertices: 2988, facets final: 1744, pending: 59206, pool: 300
I  576.85] Elapsed: 9:37, vertices: 3004, facets final: 1758, pending: 59615, pool: 300
I  582.26] Elapsed: 9:42, vertices: 3023, facets final: 1784, pending: 60089, pool: 300
I  587.41] Elapsed: 9:47, vertices: 3039, facets final: 1799, pending: 60901, pool: 300
I  592.50] Elapsed: 9:53, vertices: 3061, facets final: 1811, pending: 61067, pool: 300
I  597.61] Elapsed: 9:58, vertices: 3073, facets final: 1820, pending: 62051, pool: 300
I  603.26] Elapsed: 10:03, vertices: 3090, facets final: 1836, pending: 62374, pool: 300
I  608.29] Elapsed: 10:08, vertices: 3104, facets final: 1844, pending: 63149, pool: 300
I  613.65] Elapsed: 10:14, vertices: 3118, facets final: 1861, pending: 63865, pool: 300
I  619.14] Elapsed: 10:19, vertices: 3132, facets final: 1868, pending: 64614, pool: 300
I  624.56] Elapsed: 10:25, vertices: 3146, facets final: 1871, pending: 65074, pool: 300
I  629.68] Elapsed: 10:30, vertices: 3162, facets final: 1884, pending: 65567, pool: 300
I  634.79] Elapsed: 10:35, vertices: 3177, facets final: 1893, pending: 65986, pool: 300
I  639.93] Elapsed: 10:40, vertices: 3194, facets final: 1899, pending: 66728, pool: 300
I  645.58] Elapsed: 10:46, vertices: 3211, facets final: 1914, pending: 67279, pool: 300
I  651.03] Elapsed: 10:51, vertices: 3224, facets final: 1928, pending: 67572, pool: 300
I  656.17] Elapsed: 10:56, vertices: 3239, facets final: 1947, pending: 67764, pool: 300
I  661.17] Elapsed: 11:01, vertices: 3250, facets final: 1956, pending: 68266, pool: 300
I  666.29] Elapsed: 11:06, vertices: 3264, facets final: 1966, pending: 68871, pool: 300
I  671.82] Elapsed: 11:12, vertices: 3274, facets final: 1970, pending: 69512, pool: 300
I  677.40] Elapsed: 11:17, vertices: 3287, facets final: 1988, pending: 69674, pool: 300
I  682.44] Elapsed: 11:22, vertices: 3300, facets final: 1999, pending: 70344, pool: 300
I  687.94] Elapsed: 11:28, vertices: 3307, facets final: 2006, pending: 70762, pool: 300
I  693.33] Elapsed: 11:33, vertices: 3321, facets final: 2013, pending: 71377, pool: 300
I  698.49] Elapsed: 11:38, vertices: 3335, facets final: 2022, pending: 71545, pool: 300
I  703.57] Elapsed: 11:44, vertices: 3347, facets final: 2041, pending: 72384, pool: 300
I  708.87] Elapsed: 11:49, vertices: 3356, facets final: 2052, pending: 72552, pool: 300
I  714.72] Elapsed: 11:55, vertices: 3367, facets final: 2062, pending: 73499, pool: 300
I  720.08] Elapsed: 12:00, vertices: 3383, facets final: 2069, pending: 73758, pool: 300
I  725.60] Elapsed: 12:06, vertices: 3390, facets final: 2073, pending: 74296, pool: 300
I  730.69] Elapsed: 12:11, vertices: 3400, facets final: 2077, pending: 74606, pool: 300
I  736.32] Elapsed: 12:16, vertices: 3408, facets final: 2083, pending: 75431, pool: 300
I  741.46] Elapsed: 12:21, vertices: 3420, facets final: 2092, pending: 76006, pool: 300
I  746.91] Elapsed: 12:27, vertices: 3429, facets final: 2102, pending: 76457, pool: 300
I  752.59] Elapsed: 12:33, vertices: 3439, facets final: 2111, pending: 76481, pool: 300
I  757.64] Elapsed: 12:38, vertices: 3450, facets final: 2118, pending: 77125, pool: 300
I  762.71] Elapsed: 12:43, vertices: 3460, facets final: 2126, pending: 77682, pool: 300
I  768.22] Elapsed: 12:48, vertices: 3468, facets final: 2130, pending: 78093, pool: 300
I  773.88] Elapsed: 12:54, vertices: 3476, facets final: 2135, pending: 79406, pool: 300
I  779.22] Elapsed: 12:59, vertices: 3484, facets final: 2143, pending: 80348, pool: 300
I  784.85] Elapsed: 13:05, vertices: 3493, facets final: 2155, pending: 81414, pool: 300
I  790.45] Elapsed: 13:10, vertices: 3502, facets final: 2157, pending: 81998, pool: 300
I  795.97] Elapsed: 13:16, vertices: 3510, facets final: 2160, pending: 82511, pool: 300
I  801.29] Elapsed: 13:21, vertices: 3519, facets final: 2165, pending: 82360, pool: 300
I  806.44] Elapsed: 13:26, vertices: 3528, facets final: 2171, pending: 82669, pool: 300
I  812.05] Elapsed: 13:32, vertices: 3537, facets final: 2173, pending: 83080, pool: 300
I  817.69] Elapsed: 13:38, vertices: 3547, facets final: 2180, pending: 83577, pool: 300
I  822.87] Elapsed: 13:43, vertices: 3558, facets final: 2184, pending: 83714, pool: 300
I  828.00] Elapsed: 13:48, vertices: 3563, facets final: 2188, pending: 84493, pool: 300
I  834.55] Elapsed: 13:55, vertices: 3573, facets final: 2193, pending: 85073, pool: 300
I  839.73] Elapsed: 14:00, vertices: 3581, facets final: 2196, pending: 85504, pool: 300
I  845.12] Elapsed: 14:05, vertices: 3588, facets final: 2202, pending: 85883, pool: 300
I  850.37] Elapsed: 14:10, vertices: 3599, facets final: 2209, pending: 86272, pool: 300
I  855.57] Elapsed: 14:16, vertices: 3608, facets final: 2223, pending: 86480, pool: 300
I  860.79] Elapsed: 14:21, vertices: 3616, facets final: 2229, pending: 86955, pool: 300
I  866.88] Elapsed: 14:27, vertices: 3623, facets final: 2237, pending: 87173, pool: 300
I  871.99] Elapsed: 14:32, vertices: 3630, facets final: 2237, pending: 87702, pool: 300
I  878.27] Elapsed: 14:38, vertices: 3641, facets final: 2244, pending: 87747, pool: 300
I  883.97] Elapsed: 14:44, vertices: 3650, facets final: 2251, pending: 87755, pool: 300
I  889.14] Elapsed: 14:49, vertices: 3655, facets final: 2254, pending: 88019, pool: 300
I  894.14] Elapsed: 14:54, vertices: 3664, facets final: 2267, pending: 88457, pool: 300
I  899.98] Elapsed: 15:00, vertices: 3669, facets final: 2271, pending: 89496, pool: 300
I  906.78] Elapsed: 15:07, vertices: 3679, facets final: 2278, pending: 89168, pool: 300
I  912.86] Elapsed: 15:13, vertices: 3690, facets final: 2285, pending: 89534, pool: 300
I  918.54] Elapsed: 15:19, vertices: 3699, facets final: 2292, pending: 89970, pool: 300
I  923.85] Elapsed: 15:24, vertices: 3710, facets final: 2296, pending: 90335, pool: 300
I  929.46] Elapsed: 15:29, vertices: 3717, facets final: 2301, pending: 90861, pool: 300
I  935.58] Elapsed: 15:36, vertices: 3728, facets final: 2310, pending: 91301, pool: 300
I  941.61] Elapsed: 15:42, vertices: 3735, facets final: 2315, pending: 91522, pool: 300
I  946.77] Elapsed: 15:47, vertices: 3742, facets final: 2319, pending: 92049, pool: 300
I  952.92] Elapsed: 15:53, vertices: 3748, facets final: 2321, pending: 92602, pool: 300
I  958.74] Elapsed: 15:59, vertices: 3755, facets final: 2324, pending: 92937, pool: 300
I  965.19] Elapsed: 16:05, vertices: 3762, facets final: 2326, pending: 93795, pool: 300
I  970.71] Elapsed: 16:11, vertices: 3769, facets final: 2333, pending: 93934, pool: 300
I  976.22] Elapsed: 16:16, vertices: 3778, facets final: 2340, pending: 94363, pool: 300
I  981.48] Elapsed: 16:21, vertices: 3785, facets final: 2343, pending: 94826, pool: 300
I  987.67] Elapsed: 16:28, vertices: 3794, facets final: 2343, pending: 95219, pool: 300
I  993.36] Elapsed: 16:33, vertices: 3800, facets final: 2348, pending: 95027, pool: 300
I  998.42] Elapsed: 16:38, vertices: 3807, facets final: 2352, pending: 95228, pool: 300
I 1003.53] Elapsed: 16:44, vertices: 3815, facets final: 2365, pending: 95406, pool: 300
I 1008.64] Elapsed: 16:49, vertices: 3822, facets final: 2368, pending: 96008, pool: 300
I 1013.70] Elapsed: 16:54, vertices: 3830, facets final: 2373, pending: 96194, pool: 299
I 1019.17] Elapsed: 16:59, vertices: 3839, facets final: 2375, pending: 96389, pool: 300
I 1025.07] Elapsed: 17:05, vertices: 3846, facets final: 2382, pending: 96170, pool: 300
I 1030.39] Elapsed: 17:10, vertices: 3852, facets final: 2383, pending: 96029, pool: 300
I 1035.69] Elapsed: 17:16, vertices: 3860, facets final: 2383, pending: 96261, pool: 300
I 1041.35] Elapsed: 17:21, vertices: 3866, facets final: 2388, pending: 97088, pool: 300
I 1046.91] Elapsed: 17:27, vertices: 3874, facets final: 2397, pending: 97180, pool: 300
I 1053.44] Elapsed: 17:33, vertices: 3883, facets final: 2402, pending: 97857, pool: 300
I 1058.86] Elapsed: 17:39, vertices: 3892, facets final: 2407, pending: 98337, pool: 300
I 1064.77] Elapsed: 17:45, vertices: 3899, facets final: 2411, pending: 98844, pool: 300
I 1070.27] Elapsed: 17:50, vertices: 3907, facets final: 2415, pending: 99055, pool: 300
I 1076.52] Elapsed: 17:57, vertices: 3916, facets final: 2423, pending: 99189, pool: 300
I 1082.86] Elapsed: 18:03, vertices: 3926, facets final: 2431, pending: 99206, pool: 300
I 1088.59] Elapsed: 18:09, vertices: 3934, facets final: 2437, pending: 99590, pool: 300
I 1094.02] Elapsed: 18:14, vertices: 3940, facets final: 2439, pending: 99495, pool: 300
I 1099.11] Elapsed: 18:19, vertices: 3948, facets final: 2443, pending: 99564, pool: 300
I 1104.74] Elapsed: 18:25, vertices: 3956, facets final: 2447, pending: 100139, pool: 300
I 1110.13] Elapsed: 18:30, vertices: 3964, facets final: 2453, pending: 100066, pool: 300
I 1116.16] Elapsed: 18:36, vertices: 3970, facets final: 2457, pending: 100570, pool: 300
I 1121.34] Elapsed: 18:41, vertices: 3976, facets final: 2457, pending: 100848, pool: 300
I 1126.42] Elapsed: 18:46, vertices: 3983, facets final: 2460, pending: 101126, pool: 300
I 1132.38] Elapsed: 18:52, vertices: 3989, facets final: 2461, pending: 101587, pool: 300
I 1137.70] Elapsed: 18:58, vertices: 3994, facets final: 2468, pending: 101367, pool: 300
I 1143.37] Elapsed: 19:03, vertices: 4003, facets final: 2473, pending: 101708, pool: 300
I 1148.51] Elapsed: 19:09, vertices: 4009, facets final: 2474, pending: 101674, pool: 300
I 1153.55] Elapsed: 19:14, vertices: 4016, facets final: 2476, pending: 101987, pool: 300
I 1159.10] Elapsed: 19:19, vertices: 4022, facets final: 2476, pending: 102509, pool: 300
I 1164.94] Elapsed: 19:25, vertices: 4028, facets final: 2477, pending: 102944, pool: 300
I 1170.67] Elapsed: 19:31, vertices: 4033, facets final: 2477, pending: 103425, pool: 300
I 1175.70] Elapsed: 19:36, vertices: 4039, facets final: 2480, pending: 103827, pool: 300
I 1181.11] Elapsed: 19:41, vertices: 4048, facets final: 2485, pending: 104147, pool: 300
I 1186.87] Elapsed: 19:47, vertices: 4058, facets final: 2496, pending: 104016, pool: 300
I 1193.05] Elapsed: 19:53, vertices: 4063, facets final: 2501, pending: 104704, pool: 300
I 1198.92] Elapsed: 19:59, vertices: 4070, facets final: 2504, pending: 104698, pool: 300
I 1204.30] Elapsed: 20:04, vertices: 4074, facets final: 2506, pending: 105322, pool: 300
I 1209.44] Elapsed: 20:09, vertices: 4077, facets final: 2507, pending: 105620, pool: 300
I 1214.72] Elapsed: 20:15, vertices: 4082, facets final: 2511, pending: 106473, pool: 300
I 1221.69] Elapsed: 20:22, vertices: 4087, facets final: 2512, pending: 107031, pool: 300
I 1226.77] Elapsed: 20:27, vertices: 4092, facets final: 2521, pending: 107231, pool: 300
I 1232.34] Elapsed: 20:32, vertices: 4095, facets final: 2525, pending: 107328, pool: 300
I 1238.87] Elapsed: 20:39, vertices: 4102, facets final: 2529, pending: 108087, pool: 300
I 1243.92] Elapsed: 20:44, vertices: 4108, facets final: 2531, pending: 108375, pool: 300
I 1248.92] Elapsed: 20:49, vertices: 4115, facets final: 2539, pending: 108134, pool: 300
I 1254.19] Elapsed: 20:54, vertices: 4122, facets final: 2540, pending: 108150, pool: 300
I 1260.51] Elapsed: 21:01, vertices: 4132, facets final: 2547, pending: 108188, pool: 300
I 1267.49] Elapsed: 21:07, vertices: 4141, facets final: 2552, pending: 108028, pool: 300
I 1272.58] Elapsed: 21:13, vertices: 4146, facets final: 2556, pending: 108033, pool: 300
I 1277.77] Elapsed: 21:18, vertices: 4151, facets final: 2559, pending: 108360, pool: 300
I 1282.84] Elapsed: 21:23, vertices: 4157, facets final: 2563, pending: 108278, pool: 300
I 1288.59] Elapsed: 21:29, vertices: 4164, facets final: 2566, pending: 108519, pool: 300
I 1293.67] Elapsed: 21:34, vertices: 4169, facets final: 2568, pending: 108710, pool: 299
I 1298.84] Elapsed: 21:39, vertices: 4173, facets final: 2570, pending: 108894, pool: 300
I 1303.90] Elapsed: 21:44, vertices: 4177, facets final: 2571, pending: 109223, pool: 300
I 1309.03] Elapsed: 21:49, vertices: 4183, facets final: 2575, pending: 109380, pool: 300
I 1314.26] Elapsed: 21:54, vertices: 4189, facets final: 2582, pending: 109438, pool: 300
I 1320.49] Elapsed: 22:00, vertices: 4197, facets final: 2586, pending: 110120, pool: 300
I 1326.29] Elapsed: 22:06, vertices: 4200, facets final: 2586, pending: 110591, pool: 300
I 1331.54] Elapsed: 22:12, vertices: 4207, facets final: 2592, pending: 110712, pool: 300
I 1337.89] Elapsed: 22:18, vertices: 4211, facets final: 2593, pending: 110894, pool: 300
I 1343.25] Elapsed: 22:23, vertices: 4217, facets final: 2601, pending: 110959, pool: 300
I 1349.90] Elapsed: 22:30, vertices: 4223, facets final: 2604, pending: 111793, pool: 300
I 1356.16] Elapsed: 22:36, vertices: 4229, facets final: 2607, pending: 112391, pool: 300
I 1361.46] Elapsed: 22:41, vertices: 4232, facets final: 2609, pending: 112496, pool: 300
I 1367.66] Elapsed: 22:48, vertices: 4238, facets final: 2611, pending: 113017, pool: 300
I 1372.89] Elapsed: 22:53, vertices: 4242, facets final: 2612, pending: 112950, pool: 300
I 1379.26] Elapsed: 22:59, vertices: 4250, facets final: 2614, pending: 113197, pool: 300
I 1385.22] Elapsed: 23:05, vertices: 4256, facets final: 2618, pending: 113091, pool: 300
I 1390.85] Elapsed: 23:11, vertices: 4260, facets final: 2623, pending: 113127, pool: 300
I 1396.21] Elapsed: 23:16, vertices: 4268, facets final: 2629, pending: 113361, pool: 300
I 1401.40] Elapsed: 23:21, vertices: 4275, facets final: 2632, pending: 113663, pool: 300
I 1408.04] Elapsed: 23:28, vertices: 4280, facets final: 2635, pending: 114382, pool: 300
I 1413.12] Elapsed: 23:33, vertices: 4287, facets final: 2644, pending: 114580, pool: 300
I 1418.68] Elapsed: 23:39, vertices: 4294, facets final: 2648, pending: 114756, pool: 300
I 1424.70] Elapsed: 23:45, vertices: 4299, facets final: 2658, pending: 114562, pool: 300
I 1430.97] Elapsed: 23:51, vertices: 4307, facets final: 2660, pending: 114881, pool: 300
I 1436.42] Elapsed: 23:56, vertices: 4311, facets final: 2660, pending: 115010, pool: 300
I 1441.87] Elapsed: 24:02, vertices: 4314, facets final: 2662, pending: 115375, pool: 300
I 1447.23] Elapsed: 24:07, vertices: 4321, facets final: 2667, pending: 115355, pool: 300
I 1452.73] Elapsed: 24:13, vertices: 4327, facets final: 2667, pending: 115592, pool: 300
I 1459.12] Elapsed: 24:19, vertices: 4336, facets final: 2669, pending: 115939, pool: 300
I 1464.16] Elapsed: 24:24, vertices: 4343, facets final: 2672, pending: 116179, pool: 300
I 1470.36] Elapsed: 24:30, vertices: 4349, facets final: 2674, pending: 115822, pool: 300
I 1475.91] Elapsed: 24:36, vertices: 4354, facets final: 2679, pending: 115914, pool: 300
I 1482.44] Elapsed: 24:42, vertices: 4358, facets final: 2682, pending: 115979, pool: 300
I 1489.47] Elapsed: 24:49, vertices: 4362, facets final: 2687, pending: 116040, pool: 300
I 1496.11] Elapsed: 24:56, vertices: 4365, facets final: 2688, pending: 116645, pool: 300
I 1501.92] Elapsed: 25:02, vertices: 4369, facets final: 2689, pending: 116906, pool: 300
I 1507.03] Elapsed: 25:07, vertices: 4376, facets final: 2697, pending: 116462, pool: 300
I 1512.78] Elapsed: 25:13, vertices: 4382, facets final: 2698, pending: 116375, pool: 300
I 1520.11] Elapsed: 25:20, vertices: 4386, facets final: 2698, pending: 116537, pool: 300
I 1525.15] Elapsed: 25:25, vertices: 4392, facets final: 2704, pending: 116308, pool: 300
I 1530.56] Elapsed: 25:31, vertices: 4398, facets final: 2709, pending: 116184, pool: 300
I 1535.93] Elapsed: 25:36, vertices: 4404, facets final: 2715, pending: 116309, pool: 300
I 1540.99] Elapsed: 25:41, vertices: 4409, facets final: 2721, pending: 116297, pool: 300
I 1547.41] Elapsed: 25:47, vertices: 4415, facets final: 2727, pending: 116541, pool: 300
I 1553.04] Elapsed: 25:53, vertices: 4421, facets final: 2730, pending: 117018, pool: 300
I 1558.50] Elapsed: 25:59, vertices: 4429, facets final: 2732, pending: 117453, pool: 300
I 1563.52] Elapsed: 26:04, vertices: 4435, facets final: 2737, pending: 117523, pool: 300
I 1568.94] Elapsed: 26:09, vertices: 4441, facets final: 2739, pending: 117668, pool: 300
I 1574.04] Elapsed: 26:14, vertices: 4445, facets final: 2744, pending: 117460, pool: 300
I 1579.63] Elapsed: 26:20, vertices: 4450, facets final: 2745, pending: 117342, pool: 300
I 1584.83] Elapsed: 26:25, vertices: 4457, facets final: 2748, pending: 117234, pool: 300
I 1590.27] Elapsed: 26:30, vertices: 4466, facets final: 2748, pending: 117238, pool: 300
I 1595.76] Elapsed: 26:36, vertices: 4472, facets final: 2754, pending: 117088, pool: 300
I 1601.31] Elapsed: 26:41, vertices: 4478, facets final: 2756, pending: 117375, pool: 300
I 1607.30] Elapsed: 26:47, vertices: 4483, facets final: 2756, pending: 116945, pool: 300
I 1614.62] Elapsed: 26:55, vertices: 4488, facets final: 2758, pending: 116611, pool: 300
I 1620.28] Elapsed: 27:00, vertices: 4495, facets final: 2764, pending: 116694, pool: 300
I 1625.66] Elapsed: 27:06, vertices: 4500, facets final: 2766, pending: 116524, pool: 300
I 1631.15] Elapsed: 27:11, vertices: 4506, facets final: 2769, pending: 116475, pool: 300
I 1636.28] Elapsed: 27:16, vertices: 4512, facets final: 2771, pending: 116548, pool: 300
I 1642.04] Elapsed: 27:22, vertices: 4517, facets final: 2777, pending: 116299, pool: 300
I 1647.14] Elapsed: 27:27, vertices: 4522, facets final: 2782, pending: 116501, pool: 299
I 1652.28] Elapsed: 27:32, vertices: 4527, facets final: 2783, pending: 116434, pool: 300
I 1657.92] Elapsed: 27:38, vertices: 4533, facets final: 2789, pending: 116764, pool: 300
I 1663.34] Elapsed: 27:43, vertices: 4541, facets final: 2790, pending: 116780, pool: 300
I 1668.62] Elapsed: 27:49, vertices: 4545, facets final: 2792, pending: 117232, pool: 300
I 1674.64] Elapsed: 27:55, vertices: 4548, facets final: 2792, pending: 116977, pool: 300
I 1680.17] Elapsed: 28:00, vertices: 4552, facets final: 2792, pending: 117123, pool: 300
I 1685.53] Elapsed: 28:06, vertices: 4560, facets final: 2798, pending: 117272, pool: 300
I 1691.29] Elapsed: 28:11, vertices: 4567, facets final: 2801, pending: 117178, pool: 300
I 1696.71] Elapsed: 28:17, vertices: 4572, facets final: 2803, pending: 117207, pool: 300
I 1701.83] Elapsed: 28:22, vertices: 4579, facets final: 2812, pending: 117198, pool: 300
I 1706.98] Elapsed: 28:27, vertices: 4587, facets final: 2816, pending: 117389, pool: 300
I 1712.44] Elapsed: 28:32, vertices: 4594, facets final: 2817, pending: 116956, pool: 300
I 1717.48] Elapsed: 28:37, vertices: 4600, facets final: 2822, pending: 116632, pool: 300
I 1722.50] Elapsed: 28:43, vertices: 4607, facets final: 2824, pending: 116617, pool: 300
recalculate_facet: numerical instability at facet 64, coord 5 (1.01578e-06)
I 1728.17] Elapsed: 28:48, vertices: 4613, facets final: 2827, pending: 116760, pool: 300
I 1733.63] Elapsed: 28:54, vertices: 4619, facets final: 2829, pending: 116534, pool: 300
I 1740.80] Elapsed: 29:01, vertices: 4623, facets final: 2835, pending: 116340, pool: 300
I 1746.94] Elapsed: 29:07, vertices: 4628, facets final: 2836, pending: 116322, pool: 300
I 1752.39] Elapsed: 29:12, vertices: 4635, facets final: 2842, pending: 116149, pool: 300
I 1758.56] Elapsed: 29:19, vertices: 4640, facets final: 2847, pending: 115684, pool: 300
I 1763.65] Elapsed: 29:24, vertices: 4648, facets final: 2856, pending: 115465, pool: 300
I 1768.86] Elapsed: 29:29, vertices: 4656, facets final: 2863, pending: 115150, pool: 300
I 1774.28] Elapsed: 29:34, vertices: 4662, facets final: 2868, pending: 115216, pool: 300
I 1781.52] Elapsed: 29:42, vertices: 4668, facets final: 2868, pending: 114949, pool: 300
I 1786.60] Elapsed: 29:47, vertices: 4672, facets final: 2873, pending: 114831, pool: 300
I 1791.97] Elapsed: 29:52, vertices: 4679, facets final: 2876, pending: 114890, pool: 300
I 1797.28] Elapsed: 29:57, vertices: 4687, facets final: 2883, pending: 114599, pool: 300
I 1802.43] Elapsed: 30:02, vertices: 4696, facets final: 2885, pending: 114708, pool: 300
I 1808.05] Elapsed: 30:08, vertices: 4702, facets final: 2888, pending: 114642, pool: 300
I 1813.16] Elapsed: 30:13, vertices: 4708, facets final: 2889, pending: 114888, pool: 300
I 1818.81] Elapsed: 30:19, vertices: 4714, facets final: 2891, pending: 114577, pool: 300
I 1824.22] Elapsed: 30:24, vertices: 4722, facets final: 2902, pending: 114566, pool: 300
I 1829.83] Elapsed: 30:30, vertices: 4729, facets final: 2910, pending: 114734, pool: 300
I 1835.82] Elapsed: 30:36, vertices: 4739, facets final: 2923, pending: 114626, pool: 300
I 1840.91] Elapsed: 30:41, vertices: 4744, facets final: 2924, pending: 114561, pool: 300
I 1846.63] Elapsed: 30:47, vertices: 4750, facets final: 2929, pending: 114190, pool: 300
I 1851.88] Elapsed: 30:52, vertices: 4757, facets final: 2942, pending: 114144, pool: 300
I 1857.23] Elapsed: 30:57, vertices: 4765, facets final: 2949, pending: 114063, pool: 300
I 1862.91] Elapsed: 31:03, vertices: 4772, facets final: 2956, pending: 113964, pool: 300
I 1868.08] Elapsed: 31:08, vertices: 4779, facets final: 2957, pending: 113967, pool: 300
I 1874.84] Elapsed: 31:15, vertices: 4785, facets final: 2959, pending: 113775, pool: 300
I 1880.29] Elapsed: 31:20, vertices: 4792, facets final: 2959, pending: 113774, pool: 300
I 1886.01] Elapsed: 31:26, vertices: 4800, facets final: 2962, pending: 113420, pool: 300
I 1891.29] Elapsed: 31:31, vertices: 4806, facets final: 2963, pending: 113222, pool: 300
I 1897.18] Elapsed: 31:37, vertices: 4813, facets final: 2964, pending: 113083, pool: 300
I 1902.44] Elapsed: 31:42, vertices: 4820, facets final: 2965, pending: 112928, pool: 300
I 1907.65] Elapsed: 31:48, vertices: 4825, facets final: 2967, pending: 112729, pool: 300
I 1913.62] Elapsed: 31:54, vertices: 4831, facets final: 2978, pending: 112604, pool: 299
I 1918.90] Elapsed: 31:59, vertices: 4837, facets final: 2980, pending: 113020, pool: 300
I 1924.36] Elapsed: 32:04, vertices: 4845, facets final: 2982, pending: 113093, pool: 300
I 1929.42] Elapsed: 32:09, vertices: 4852, facets final: 2987, pending: 113278, pool: 300
I 1935.15] Elapsed: 32:15, vertices: 4860, facets final: 2991, pending: 113107, pool: 300
I 1940.38] Elapsed: 32:20, vertices: 4868, facets final: 2994, pending: 113155, pool: 300
I 1945.64] Elapsed: 32:26, vertices: 4877, facets final: 2997, pending: 113306, pool: 300
I 1951.12] Elapsed: 32:31, vertices: 4885, facets final: 3002, pending: 113023, pool: 300
I 1956.12] Elapsed: 32:36, vertices: 4892, facets final: 3007, pending: 112748, pool: 300
I 1961.24] Elapsed: 32:41, vertices: 4899, facets final: 3010, pending: 112331, pool: 300
I 1966.94] Elapsed: 32:47, vertices: 4906, facets final: 3016, pending: 112458, pool: 300
I 1972.32] Elapsed: 32:52, vertices: 4912, facets final: 3023, pending: 112077, pool: 300
I 1978.24] Elapsed: 32:58, vertices: 4917, facets final: 3024, pending: 111486, pool: 300
I 1983.99] Elapsed: 33:04, vertices: 4923, facets final: 3029, pending: 111180, pool: 300
I 1990.06] Elapsed: 33:10, vertices: 4931, facets final: 3032, pending: 111003, pool: 300
I 1995.47] Elapsed: 33:15, vertices: 4939, facets final: 3036, pending: 110657, pool: 300
I 2001.11] Elapsed: 33:21, vertices: 4947, facets final: 3043, pending: 110701, pool: 300
I 2006.69] Elapsed: 33:27, vertices: 4956, facets final: 3053, pending: 110928, pool: 300
I 2011.99] Elapsed: 33:32, vertices: 4963, facets final: 3056, pending: 110570, pool: 300
I 2017.11] Elapsed: 33:37, vertices: 4972, facets final: 3071, pending: 110504, pool: 300
I 2022.15] Elapsed: 33:42, vertices: 4977, facets final: 3072, pending: 110117, pool: 300
I 2027.46] Elapsed: 33:47, vertices: 4986, facets final: 3078, pending: 110164, pool: 299
I 2032.87] Elapsed: 33:53, vertices: 4993, facets final: 3086, pending: 110009, pool: 300
I 2037.95] Elapsed: 33:58, vertices: 5000, facets final: 3090, pending: 109562, pool: 300
I 2043.37] Elapsed: 34:03, vertices: 5008, facets final: 3092, pending: 109501, pool: 300
I 2048.66] Elapsed: 34:09, vertices: 5015, facets final: 3099, pending: 109462, pool: 300
I 2053.77] Elapsed: 34:14, vertices: 5025, facets final: 3114, pending: 109360, pool: 299
I 2059.09] Elapsed: 34:19, vertices: 5033, facets final: 3120, pending: 109262, pool: 300
I 2064.27] Elapsed: 34:24, vertices: 5042, facets final: 3130, pending: 109120, pool: 300
I 2069.35] Elapsed: 34:29, vertices: 5050, facets final: 3137, pending: 109151, pool: 300
I 2074.59] Elapsed: 34:35, vertices: 5057, facets final: 3139, pending: 109027, pool: 300
I 2079.59] Elapsed: 34:40, vertices: 5062, facets final: 3142, pending: 108895, pool: 300
I 2085.21] Elapsed: 34:45, vertices: 5069, facets final: 3147, pending: 108449, pool: 300
I 2090.21] Elapsed: 34:50, vertices: 5077, facets final: 3160, pending: 108416, pool: 300
I 2095.30] Elapsed: 34:55, vertices: 5085, facets final: 3174, pending: 108299, pool: 300
I 2101.03] Elapsed: 35:01, vertices: 5093, facets final: 3182, pending: 108575, pool: 300
I 2106.77] Elapsed: 35:07, vertices: 5101, facets final: 3192, pending: 108292, pool: 300
I 2111.83] Elapsed: 35:12, vertices: 5108, facets final: 3200, pending: 108298, pool: 300
I 2117.22] Elapsed: 35:17, vertices: 5117, facets final: 3211, pending: 108199, pool: 300
I 2122.28] Elapsed: 35:22, vertices: 5125, facets final: 3211, pending: 108179, pool: 300
I 2127.81] Elapsed: 35:28, vertices: 5132, facets final: 3212, pending: 108202, pool: 300
I 2133.10] Elapsed: 35:33, vertices: 5141, facets final: 3223, pending: 108254, pool: 300
I 2139.20] Elapsed: 35:39, vertices: 5150, facets final: 3231, pending: 107865, pool: 300
I 2144.52] Elapsed: 35:45, vertices: 5159, facets final: 3237, pending: 107533, pool: 300
I 2150.09] Elapsed: 35:50, vertices: 5167, facets final: 3249, pending: 107459, pool: 300
I 2155.33] Elapsed: 35:55, vertices: 5174, facets final: 3256, pending: 107195, pool: 300
I 2160.58] Elapsed: 36:01, vertices: 5182, facets final: 3262, pending: 107089, pool: 299
I 2165.64] Elapsed: 36:06, vertices: 5189, facets final: 3273, pending: 106737, pool: 300
I 2170.88] Elapsed: 36:11, vertices: 5196, facets final: 3278, pending: 106369, pool: 300
I 2175.88] Elapsed: 36:16, vertices: 5204, facets final: 3281, pending: 106321, pool: 300
I 2181.09] Elapsed: 36:21, vertices: 5210, facets final: 3282, pending: 106186, pool: 300
I 2186.20] Elapsed: 36:26, vertices: 5220, facets final: 3299, pending: 106161, pool: 300
I 2191.25] Elapsed: 36:31, vertices: 5230, facets final: 3307, pending: 106113, pool: 300
I 2196.31] Elapsed: 36:36, vertices: 5238, facets final: 3321, pending: 106162, pool: 300
I 2201.45] Elapsed: 36:41, vertices: 5245, facets final: 3330, pending: 106420, pool: 300
I 2207.33] Elapsed: 36:47, vertices: 5255, facets final: 3336, pending: 106387, pool: 300
I 2212.71] Elapsed: 36:53, vertices: 5262, facets final: 3341, pending: 106050, pool: 300
I 2218.17] Elapsed: 36:58, vertices: 5272, facets final: 3346, pending: 105816, pool: 300
I 2224.20] Elapsed: 37:04, vertices: 5282, facets final: 3349, pending: 105754, pool: 300
I 2229.64] Elapsed: 37:10, vertices: 5291, facets final: 3353, pending: 105651, pool: 300
I 2235.05] Elapsed: 37:15, vertices: 5300, facets final: 3362, pending: 105539, pool: 300
I 2240.37] Elapsed: 37:20, vertices: 5309, facets final: 3374, pending: 105533, pool: 300
I 2245.63] Elapsed: 37:26, vertices: 5316, facets final: 3381, pending: 105355, pool: 300
I 2251.28] Elapsed: 37:31, vertices: 5327, facets final: 3398, pending: 105285, pool: 300
I 2256.73] Elapsed: 37:37, vertices: 5336, facets final: 3408, pending: 105288, pool: 300
I 2262.02] Elapsed: 37:42, vertices: 5346, facets final: 3419, pending: 105021, pool: 300
I 2267.37] Elapsed: 37:47, vertices: 5352, facets final: 3420, pending: 104928, pool: 300
I 2273.22] Elapsed: 37:53, vertices: 5361, facets final: 3436, pending: 105046, pool: 300
I 2278.66] Elapsed: 37:59, vertices: 5370, facets final: 3444, pending: 105038, pool: 300
I 2284.00] Elapsed: 38:04, vertices: 5378, facets final: 3453, pending: 104946, pool: 300
I 2289.53] Elapsed: 38:10, vertices: 5389, facets final: 3466, pending: 104859, pool: 300
I 2294.66] Elapsed: 38:15, vertices: 5397, facets final: 3477, pending: 104528, pool: 300
I 2299.76] Elapsed: 38:20, vertices: 5407, facets final: 3489, pending: 104294, pool: 300
I 2304.99] Elapsed: 38:25, vertices: 5414, facets final: 3502, pending: 104199, pool: 300
I 2309.99] Elapsed: 38:30, vertices: 5425, facets final: 3507, pending: 104134, pool: 300
I 2315.62] Elapsed: 38:36, vertices: 5434, facets final: 3516, pending: 103935, pool: 300
I 2320.88] Elapsed: 38:41, vertices: 5442, facets final: 3522, pending: 104062, pool: 300
I 2326.26] Elapsed: 38:46, vertices: 5451, facets final: 3525, pending: 103881, pool: 300
I 2331.61] Elapsed: 38:52, vertices: 5460, facets final: 3531, pending: 103703, pool: 300
I 2337.16] Elapsed: 38:57, vertices: 5470, facets final: 3545, pending: 103702, pool: 300
I 2342.49] Elapsed: 39:02, vertices: 5480, facets final: 3560, pending: 103612, pool: 299
I 2347.80] Elapsed: 39:08, vertices: 5490, facets final: 3573, pending: 103520, pool: 300
I 2352.91] Elapsed: 39:13, vertices: 5499, facets final: 3582, pending: 103517, pool: 300
I 2358.26] Elapsed: 39:18, vertices: 5509, facets final: 3591, pending: 103415, pool: 300
I 2363.60] Elapsed: 39:24, vertices: 5520, facets final: 3611, pending: 103313, pool: 300
I 2369.27] Elapsed: 39:29, vertices: 5531, facets final: 3628, pending: 103226, pool: 300
I 2374.41] Elapsed: 39:34, vertices: 5540, facets final: 3637, pending: 103145, pool: 300
I 2379.44] Elapsed: 39:39, vertices: 5548, facets final: 3655, pending: 103120, pool: 300
I 2384.74] Elapsed: 39:45, vertices: 5558, facets final: 3667, pending: 103093, pool: 300
I 2390.43] Elapsed: 39:50, vertices: 5568, facets final: 3679, pending: 103024, pool: 300
I 2395.55] Elapsed: 39:56, vertices: 5578, facets final: 3700, pending: 103124, pool: 300
I 2400.71] Elapsed: 40:01, vertices: 5588, facets final: 3709, pending: 103105, pool: 300
I 2406.00] Elapsed: 40:06, vertices: 5598, facets final: 3718, pending: 103247, pool: 300
I 2411.27] Elapsed: 40:11, vertices: 5608, facets final: 3734, pending: 102900, pool: 300
I 2416.63] Elapsed: 40:17, vertices: 5619, facets final: 3741, pending: 102771, pool: 300
I 2422.51] Elapsed: 40:23, vertices: 5630, facets final: 3759, pending: 102812, pool: 300
I 2427.56] Elapsed: 40:28, vertices: 5640, facets final: 3771, pending: 102689, pool: 300
I 2432.89] Elapsed: 40:33, vertices: 5649, facets final: 3773, pending: 102473, pool: 300
I 2438.66] Elapsed: 40:39, vertices: 5659, facets final: 3782, pending: 102446, pool: 300
I 2443.68] Elapsed: 40:44, vertices: 5668, facets final: 3800, pending: 102509, pool: 300
I 2448.71] Elapsed: 40:49, vertices: 5677, facets final: 3809, pending: 102365, pool: 300
I 2454.05] Elapsed: 40:54, vertices: 5686, facets final: 3814, pending: 102526, pool: 300
I 2459.15] Elapsed: 40:59, vertices: 5696, facets final: 3819, pending: 102376, pool: 300
I 2464.20] Elapsed: 41:04, vertices: 5705, facets final: 3829, pending: 102369, pool: 300
I 2469.51] Elapsed: 41:10, vertices: 5714, facets final: 3842, pending: 102403, pool: 300
I 2474.52] Elapsed: 41:15, vertices: 5723, facets final: 3853, pending: 102228, pool: 300
I 2479.71] Elapsed: 41:20, vertices: 5733, facets final: 3863, pending: 102103, pool: 300
I 2484.95] Elapsed: 41:25, vertices: 5742, facets final: 3874, pending: 101912, pool: 300
I 2489.99] Elapsed: 41:30, vertices: 5752, facets final: 3881, pending: 101811, pool: 300
I 2495.21] Elapsed: 41:35, vertices: 5759, facets final: 3896, pending: 101647, pool: 300
I 2500.62] Elapsed: 41:41, vertices: 5768, facets final: 3909, pending: 101857, pool: 300
I 2506.00] Elapsed: 41:46, vertices: 5779, facets final: 3927, pending: 101793, pool: 300
I 2511.01] Elapsed: 41:51, vertices: 5787, facets final: 3931, pending: 101712, pool: 300
I 2516.69] Elapsed: 41:57, vertices: 5796, facets final: 3942, pending: 101979, pool: 300
I 2522.14] Elapsed: 42:02, vertices: 5806, facets final: 3960, pending: 101804, pool: 300
I 2527.55] Elapsed: 42:08, vertices: 5816, facets final: 3970, pending: 101738, pool: 300
I 2532.83] Elapsed: 42:13, vertices: 5825, facets final: 3977, pending: 101599, pool: 300
I 2538.05] Elapsed: 42:18, vertices: 5834, facets final: 3986, pending: 101475, pool: 300
I 2543.10] Elapsed: 42:23, vertices: 5844, facets final: 3998, pending: 101486, pool: 300
I 2548.38] Elapsed: 42:28, vertices: 5855, facets final: 4013, pending: 101618, pool: 300
I 2553.76] Elapsed: 42:34, vertices: 5865, facets final: 4033, pending: 101324, pool: 300
I 2559.22] Elapsed: 42:39, vertices: 5874, facets final: 4039, pending: 101196, pool: 300
I 2564.24] Elapsed: 42:44, vertices: 5885, facets final: 4050, pending: 101093, pool: 299
I 2569.31] Elapsed: 42:49, vertices: 5894, facets final: 4062, pending: 100768, pool: 300
I 2574.40] Elapsed: 42:54, vertices: 5903, facets final: 4075, pending: 100737, pool: 300
I 2579.70] Elapsed: 43:00, vertices: 5913, facets final: 4082, pending: 100741, pool: 300
I 2584.80] Elapsed: 43:05, vertices: 5920, facets final: 4088, pending: 100896, pool: 300
I 2589.95] Elapsed: 43:10, vertices: 5929, facets final: 4105, pending: 100621, pool: 300
I 2595.45] Elapsed: 43:15, vertices: 5939, facets final: 4117, pending: 100532, pool: 300
I 2600.67] Elapsed: 43:21, vertices: 5946, facets final: 4119, pending: 100404, pool: 300
I 2606.15] Elapsed: 43:26, vertices: 5954, facets final: 4126, pending: 100225, pool: 300
I 2611.24] Elapsed: 43:31, vertices: 5963, facets final: 4136, pending: 100205, pool: 300
I 2616.27] Elapsed: 43:36, vertices: 5971, facets final: 4153, pending: 100250, pool: 300
I 2621.61] Elapsed: 43:42, vertices: 5981, facets final: 4170, pending: 100237, pool: 300
I 2626.97] Elapsed: 43:47, vertices: 5991, facets final: 4199, pending: 100087, pool: 300
I 2632.10] Elapsed: 43:52, vertices: 6001, facets final: 4217, pending: 100221, pool: 300
I 2637.26] Elapsed: 43:57, vertices: 6011, facets final: 4226, pending: 100067, pool: 300
I 2642.32] Elapsed: 44:02, vertices: 6022, facets final: 4239, pending: 99861, pool: 300
I 2647.48] Elapsed: 44:07, vertices: 6032, facets final: 4248, pending: 99792, pool: 300
I 2652.89] Elapsed: 44:13, vertices: 6044, facets final: 4273, pending: 99584, pool: 300
I 2658.14] Elapsed: 44:18, vertices: 6054, facets final: 4285, pending: 99442, pool: 300
I 2663.47] Elapsed: 44:23, vertices: 6066, facets final: 4295, pending: 99445, pool: 300
I 2668.70] Elapsed: 44:29, vertices: 6077, facets final: 4308, pending: 99278, pool: 300
I 2674.25] Elapsed: 44:34, vertices: 6087, facets final: 4316, pending: 98990, pool: 299
I 2679.34] Elapsed: 44:39, vertices: 6098, facets final: 4337, pending: 98952, pool: 300
I 2685.08] Elapsed: 44:45, vertices: 6109, facets final: 4354, pending: 98929, pool: 300
I 2690.35] Elapsed: 44:50, vertices: 6118, facets final: 4374, pending: 98636, pool: 300
I 2695.82] Elapsed: 44:56, vertices: 6129, facets final: 4409, pending: 98352, pool: 300
I 2701.09] Elapsed: 45:01, vertices: 6139, facets final: 4418, pending: 98207, pool: 299
I 2706.65] Elapsed: 45:07, vertices: 6150, facets final: 4439, pending: 98107, pool: 300
I 2712.11] Elapsed: 45:12, vertices: 6161, facets final: 4449, pending: 98158, pool: 300
I 2717.42] Elapsed: 45:17, vertices: 6169, facets final: 4455, pending: 97978, pool: 300
I 2722.47] Elapsed: 45:22, vertices: 6178, facets final: 4460, pending: 97907, pool: 300
I 2727.60] Elapsed: 45:28, vertices: 6188, facets final: 4471, pending: 97741, pool: 300
I 2732.93] Elapsed: 45:33, vertices: 6197, facets final: 4484, pending: 97504, pool: 300
I 2737.94] Elapsed: 45:38, vertices: 6205, facets final: 4496, pending: 97400, pool: 300
I 2743.28] Elapsed: 45:43, vertices: 6214, facets final: 4507, pending: 97434, pool: 300
I 2748.29] Elapsed: 45:48, vertices: 6221, facets final: 4520, pending: 97152, pool: 300
I 2753.34] Elapsed: 45:53, vertices: 6230, facets final: 4529, pending: 97052, pool: 300
I 2758.40] Elapsed: 45:58, vertices: 6238, facets final: 4548, pending: 96848, pool: 300
I 2763.71] Elapsed: 46:04, vertices: 6249, facets final: 4558, pending: 96623, pool: 299
I 2768.94] Elapsed: 46:09, vertices: 6259, facets final: 4574, pending: 96499, pool: 300
I 2774.13] Elapsed: 46:14, vertices: 6268, facets final: 4581, pending: 96257, pool: 300
I 2779.40] Elapsed: 46:19, vertices: 6278, facets final: 4590, pending: 96268, pool: 300
I 2784.70] Elapsed: 46:25, vertices: 6290, facets final: 4612, pending: 96031, pool: 300
I 2790.56] Elapsed: 46:31, vertices: 6301, facets final: 4624, pending: 95768, pool: 300
I 2795.78] Elapsed: 46:36, vertices: 6314, facets final: 4632, pending: 95726, pool: 300
I 2801.41] Elapsed: 46:41, vertices: 6325, facets final: 4644, pending: 95510, pool: 300
I 2806.46] Elapsed: 46:46, vertices: 6335, facets final: 4659, pending: 95582, pool: 300
I 2811.67] Elapsed: 46:52, vertices: 6345, facets final: 4688, pending: 95366, pool: 300
I 2816.82] Elapsed: 46:57, vertices: 6357, facets final: 4700, pending: 95196, pool: 300
I 2822.03] Elapsed: 47:02, vertices: 6368, facets final: 4716, pending: 95284, pool: 300
I 2827.11] Elapsed: 47:07, vertices: 6378, facets final: 4740, pending: 95086, pool: 300
I 2832.69] Elapsed: 47:13, vertices: 6390, facets final: 4755, pending: 95094, pool: 300
I 2837.77] Elapsed: 47:18, vertices: 6401, facets final: 4767, pending: 95061, pool: 300
I 2842.87] Elapsed: 47:23, vertices: 6412, facets final: 4787, pending: 94943, pool: 300
I 2848.28] Elapsed: 47:28, vertices: 6421, facets final: 4799, pending: 94662, pool: 300
I 2853.28] Elapsed: 47:33, vertices: 6431, facets final: 4826, pending: 94488, pool: 300
I 2858.75] Elapsed: 47:39, vertices: 6443, facets final: 4849, pending: 94375, pool: 300
I 2863.82] Elapsed: 47:44, vertices: 6454, facets final: 4867, pending: 94237, pool: 300
I 2868.91] Elapsed: 47:49, vertices: 6466, facets final: 4902, pending: 94126, pool: 300
I 2873.99] Elapsed: 47:54, vertices: 6474, facets final: 4923, pending: 94019, pool: 300
I 2878.99] Elapsed: 47:59, vertices: 6485, facets final: 4942, pending: 93848, pool: 300
I 2884.30] Elapsed: 48:04, vertices: 6496, facets final: 4957, pending: 93687, pool: 300
I 2889.36] Elapsed: 48:09, vertices: 6508, facets final: 4973, pending: 93597, pool: 300
I 2894.68] Elapsed: 48:15, vertices: 6520, facets final: 5000, pending: 93414, pool: 300
I 2899.94] Elapsed: 48:20, vertices: 6531, facets final: 5020, pending: 93276, pool: 300
I 2905.11] Elapsed: 48:25, vertices: 6542, facets final: 5033, pending: 93089, pool: 300
I 2910.18] Elapsed: 48:30, vertices: 6552, facets final: 5044, pending: 93080, pool: 300
I 2915.19] Elapsed: 48:35, vertices: 6563, facets final: 5061, pending: 92958, pool: 300
I 2920.37] Elapsed: 48:40, vertices: 6575, facets final: 5083, pending: 92808, pool: 300
I 2925.40] Elapsed: 48:45, vertices: 6586, facets final: 5095, pending: 92752, pool: 300
I 2930.75] Elapsed: 48:51, vertices: 6597, facets final: 5109, pending: 92621, pool: 300
I 2935.82] Elapsed: 48:56, vertices: 6609, facets final: 5131, pending: 92449, pool: 300
I 2941.34] Elapsed: 49:01, vertices: 6620, facets final: 5146, pending: 92385, pool: 300
I 2946.69] Elapsed: 49:07, vertices: 6631, facets final: 5168, pending: 92300, pool: 300
I 2951.77] Elapsed: 49:12, vertices: 6641, facets final: 5184, pending: 92317, pool: 300
I 2956.98] Elapsed: 49:17, vertices: 6651, facets final: 5191, pending: 92297, pool: 300
I 2962.27] Elapsed: 49:22, vertices: 6662, facets final: 5205, pending: 92202, pool: 300
I 2967.73] Elapsed: 49:28, vertices: 6673, facets final: 5217, pending: 92254, pool: 300
I 2972.89] Elapsed: 49:33, vertices: 6685, facets final: 5233, pending: 92237, pool: 300
I 2977.96] Elapsed: 49:38, vertices: 6695, facets final: 5245, pending: 92117, pool: 300
I 2982.97] Elapsed: 49:43, vertices: 6705, facets final: 5251, pending: 92047, pool: 300
I 2988.29] Elapsed: 49:48, vertices: 6716, facets final: 5272, pending: 91898, pool: 300
I 2993.29] Elapsed: 49:53, vertices: 6726, facets final: 5285, pending: 91802, pool: 300
I 2998.35] Elapsed: 49:58, vertices: 6735, facets final: 5288, pending: 91835, pool: 300
I 3003.67] Elapsed: 50:04, vertices: 6744, facets final: 5306, pending: 91764, pool: 300
I 3008.88] Elapsed: 50:09, vertices: 6758, facets final: 5325, pending: 91577, pool: 300
I 3013.99] Elapsed: 50:14, vertices: 6770, facets final: 5348, pending: 91623, pool: 300
I 3019.05] Elapsed: 50:19, vertices: 6781, facets final: 5360, pending: 91480, pool: 300
I 3024.16] Elapsed: 50:24, vertices: 6792, facets final: 5382, pending: 91357, pool: 300
I 3029.29] Elapsed: 50:29, vertices: 6804, facets final: 5423, pending: 91312, pool: 300
I 3034.63] Elapsed: 50:35, vertices: 6817, facets final: 5430, pending: 91354, pool: 300
I 3040.05] Elapsed: 50:40, vertices: 6829, facets final: 5459, pending: 91383, pool: 300
I 3045.38] Elapsed: 50:45, vertices: 6840, facets final: 5482, pending: 91199, pool: 300
I 3050.67] Elapsed: 50:51, vertices: 6852, facets final: 5513, pending: 91055, pool: 299
I 3055.78] Elapsed: 50:56, vertices: 6865, facets final: 5536, pending: 90992, pool: 300
I 3061.01] Elapsed: 51:01, vertices: 6876, facets final: 5564, pending: 90692, pool: 300
I 3066.14] Elapsed: 51:06, vertices: 6887, facets final: 5608, pending: 90558, pool: 300
I 3071.19] Elapsed: 51:11, vertices: 6900, facets final: 5631, pending: 90370, pool: 300
I 3076.25] Elapsed: 51:16, vertices: 6912, facets final: 5656, pending: 90330, pool: 300
I 3081.48] Elapsed: 51:21, vertices: 6922, facets final: 5681, pending: 90274, pool: 300
I 3086.48] Elapsed: 51:26, vertices: 6933, facets final: 5695, pending: 90365, pool: 300
I 3091.81] Elapsed: 51:32, vertices: 6945, facets final: 5726, pending: 90178, pool: 300
I 3097.05] Elapsed: 51:37, vertices: 6958, facets final: 5751, pending: 90150, pool: 300
I 3102.20] Elapsed: 51:42, vertices: 6970, facets final: 5773, pending: 89897, pool: 300
I 3108.09] Elapsed: 51:48, vertices: 6981, facets final: 5799, pending: 89792, pool: 300
I 3113.28] Elapsed: 51:53, vertices: 6993, facets final: 5829, pending: 89683, pool: 300
I 3118.77] Elapsed: 51:59, vertices: 7005, facets final: 5849, pending: 89536, pool: 300
I 3123.98] Elapsed: 52:04, vertices: 7016, facets final: 5877, pending: 89329, pool: 300
I 3129.19] Elapsed: 52:09, vertices: 7028, facets final: 5901, pending: 89130, pool: 300
I 3134.36] Elapsed: 52:14, vertices: 7041, facets final: 5923, pending: 89011, pool: 300
I 3139.92] Elapsed: 52:20, vertices: 7053, facets final: 5941, pending: 88885, pool: 300
I 3145.70] Elapsed: 52:26, vertices: 7064, facets final: 5953, pending: 88671, pool: 300
I 3150.97] Elapsed: 52:31, vertices: 7075, facets final: 5978, pending: 88613, pool: 300
I 3156.21] Elapsed: 52:36, vertices: 7086, facets final: 6004, pending: 88512, pool: 300
I 3161.57] Elapsed: 52:42, vertices: 7099, facets final: 6032, pending: 88401, pool: 300
I 3166.86] Elapsed: 52:47, vertices: 7110, facets final: 6053, pending: 88391, pool: 299
I 3172.05] Elapsed: 52:52, vertices: 7121, facets final: 6096, pending: 88343, pool: 300
I 3177.08] Elapsed: 52:57, vertices: 7132, facets final: 6109, pending: 88344, pool: 300
I 3182.20] Elapsed: 53:02, vertices: 7143, facets final: 6140, pending: 88346, pool: 299
I 3187.24] Elapsed: 53:07, vertices: 7153, facets final: 6155, pending: 88240, pool: 300
I 3192.25] Elapsed: 53:12, vertices: 7165, facets final: 6179, pending: 88189, pool: 300
I 3197.34] Elapsed: 53:17, vertices: 7175, facets final: 6206, pending: 88110, pool: 300
I 3202.38] Elapsed: 53:22, vertices: 7185, facets final: 6235, pending: 88083, pool: 300
I 3207.50] Elapsed: 53:28, vertices: 7196, facets final: 6266, pending: 88036, pool: 300
I 3212.57] Elapsed: 53:33, vertices: 7206, facets final: 6275, pending: 87749, pool: 300
I 3217.81] Elapsed: 53:38, vertices: 7217, facets final: 6288, pending: 87706, pool: 300
I 3222.87] Elapsed: 53:43, vertices: 7228, facets final: 6303, pending: 87534, pool: 300
I 3228.01] Elapsed: 53:48, vertices: 7240, facets final: 6314, pending: 87595, pool: 300
I 3233.52] Elapsed: 53:54, vertices: 7251, facets final: 6338, pending: 87461, pool: 300
I 3238.70] Elapsed: 53:59, vertices: 7263, facets final: 6374, pending: 87281, pool: 300
I 3243.94] Elapsed: 54:04, vertices: 7273, facets final: 6396, pending: 87238, pool: 300
I 3248.99] Elapsed: 54:09, vertices: 7283, facets final: 6419, pending: 87108, pool: 300
I 3254.00] Elapsed: 54:14, vertices: 7293, facets final: 6446, pending: 86729, pool: 300
I 3259.08] Elapsed: 54:19, vertices: 7304, facets final: 6470, pending: 86624, pool: 300
I 3264.13] Elapsed: 54:24, vertices: 7315, facets final: 6500, pending: 86482, pool: 300
I 3269.32] Elapsed: 54:29, vertices: 7325, facets final: 6514, pending: 86373, pool: 300
I 3274.40] Elapsed: 54:34, vertices: 7334, facets final: 6539, pending: 86207, pool: 300
I 3279.79] Elapsed: 54:40, vertices: 7345, facets final: 6563, pending: 85961, pool: 300
I 3285.15] Elapsed: 54:45, vertices: 7356, facets final: 6579, pending: 85795, pool: 300
I 3290.37] Elapsed: 54:50, vertices: 7366, facets final: 6588, pending: 85787, pool: 300
I 3295.67] Elapsed: 54:56, vertices: 7375, facets final: 6602, pending: 85669, pool: 300
I 3300.92] Elapsed: 55:01, vertices: 7387, facets final: 6644, pending: 85480, pool: 300
I 3306.00] Elapsed: 55:06, vertices: 7402, facets final: 6673, pending: 85420, pool: 300
I 3311.03] Elapsed: 55:11, vertices: 7416, facets final: 6708, pending: 85077, pool: 300
I 3316.16] Elapsed: 55:16, vertices: 7429, facets final: 6748, pending: 84853, pool: 300
I 3321.39] Elapsed: 55:21, vertices: 7444, facets final: 6792, pending: 84647, pool: 300
I 3326.54] Elapsed: 55:27, vertices: 7456, facets final: 6827, pending: 84392, pool: 300
I 3331.60] Elapsed: 55:32, vertices: 7468, facets final: 6866, pending: 84257, pool: 300
I 3336.67] Elapsed: 55:37, vertices: 7481, facets final: 6896, pending: 84105, pool: 300
I 3341.69] Elapsed: 55:42, vertices: 7494, facets final: 6925, pending: 84071, pool: 300
I 3346.79] Elapsed: 55:47, vertices: 7509, facets final: 6974, pending: 83972, pool: 300
I 3351.82] Elapsed: 55:52, vertices: 7524, facets final: 7026, pending: 83743, pool: 300
I 3356.95] Elapsed: 55:57, vertices: 7538, facets final: 7049, pending: 83692, pool: 300
I 3362.01] Elapsed: 56:02, vertices: 7551, facets final: 7097, pending: 83458, pool: 300
I 3367.21] Elapsed: 56:07, vertices: 7565, facets final: 7160, pending: 83280, pool: 300
I 3372.32] Elapsed: 56:12, vertices: 7579, facets final: 7184, pending: 83120, pool: 300
I 3377.46] Elapsed: 56:17, vertices: 7593, facets final: 7212, pending: 82902, pool: 300
I 3382.84] Elapsed: 56:23, vertices: 7607, facets final: 7241, pending: 82796, pool: 300
I 3387.98] Elapsed: 56:28, vertices: 7621, facets final: 7288, pending: 82617, pool: 300
I 3393.09] Elapsed: 56:33, vertices: 7635, facets final: 7332, pending: 82418, pool: 300
I 3398.32] Elapsed: 56:38, vertices: 7649, facets final: 7362, pending: 82280, pool: 300
I 3404.05] Elapsed: 56:44, vertices: 7662, facets final: 7419, pending: 82119, pool: 300
I 3409.07] Elapsed: 56:49, vertices: 7675, facets final: 7445, pending: 81916, pool: 300
I 3414.13] Elapsed: 56:54, vertices: 7689, facets final: 7479, pending: 81798, pool: 300
I 3419.30] Elapsed: 56:59, vertices: 7703, facets final: 7507, pending: 81768, pool: 300
I 3424.37] Elapsed: 57:04, vertices: 7717, facets final: 7549, pending: 81630, pool: 300
I 3429.49] Elapsed: 57:09, vertices: 7730, facets final: 7582, pending: 81555, pool: 300
I 3434.58] Elapsed: 57:15, vertices: 7741, facets final: 7611, pending: 81443, pool: 300
I 3439.64] Elapsed: 57:20, vertices: 7755, facets final: 7659, pending: 81315, pool: 300
I 3444.92] Elapsed: 57:25, vertices: 7770, facets final: 7701, pending: 81151, pool: 299
I 3450.10] Elapsed: 57:30, vertices: 7782, facets final: 7778, pending: 80957, pool: 300
I 3455.13] Elapsed: 57:35, vertices: 7794, facets final: 7796, pending: 80857, pool: 300
I 3460.48] Elapsed: 57:40, vertices: 7807, facets final: 7846, pending: 80662, pool: 300
I 3465.50] Elapsed: 57:46, vertices: 7820, facets final: 7895, pending: 80458, pool: 300
I 3470.82] Elapsed: 57:51, vertices: 7834, facets final: 7926, pending: 80324, pool: 300
I 3476.31] Elapsed: 57:56, vertices: 7846, facets final: 7977, pending: 80200, pool: 300
I 3481.65] Elapsed: 58:02, vertices: 7859, facets final: 8024, pending: 80097, pool: 300
I 3486.67] Elapsed: 58:07, vertices: 7871, facets final: 8050, pending: 79908, pool: 300
I 3491.82] Elapsed: 58:12, vertices: 7884, facets final: 8079, pending: 79773, pool: 300
I 3496.92] Elapsed: 58:17, vertices: 7897, facets final: 8116, pending: 79605, pool: 300
I 3501.95] Elapsed: 58:22, vertices: 7909, facets final: 8161, pending: 79457, pool: 300
I 3507.01] Elapsed: 58:27, vertices: 7923, facets final: 8191, pending: 79332, pool: 300
I 3512.15] Elapsed: 58:32, vertices: 7935, facets final: 8233, pending: 79172, pool: 300
I 3517.54] Elapsed: 58:38, vertices: 7948, facets final: 8279, pending: 78884, pool: 300
I 3522.72] Elapsed: 58:43, vertices: 7961, facets final: 8304, pending: 78769, pool: 300
I 3527.81] Elapsed: 58:48, vertices: 7974, facets final: 8343, pending: 78650, pool: 300
I 3532.96] Elapsed: 58:53, vertices: 7987, facets final: 8384, pending: 78607, pool: 300
I 3538.21] Elapsed: 58:58, vertices: 8000, facets final: 8419, pending: 78448, pool: 300
I 3543.46] Elapsed: 59:03, vertices: 8014, facets final: 8479, pending: 78294, pool: 300
I 3548.49] Elapsed: 59:08, vertices: 8027, facets final: 8506, pending: 78144, pool: 300
I 3553.75] Elapsed: 59:14, vertices: 8041, facets final: 8553, pending: 77976, pool: 300
I 3558.81] Elapsed: 59:19, vertices: 8054, facets final: 8612, pending: 77849, pool: 300
I 3564.09] Elapsed: 59:24, vertices: 8067, facets final: 8642, pending: 77663, pool: 300
I 3569.40] Elapsed: 59:29, vertices: 8081, facets final: 8679, pending: 77505, pool: 300
I 3574.53] Elapsed: 59:35, vertices: 8094, facets final: 8714, pending: 77279, pool: 300
I 3579.74] Elapsed: 59:40, vertices: 8108, facets final: 8752, pending: 77208, pool: 300
I 3584.98] Elapsed: 59:45, vertices: 8122, facets final: 8790, pending: 77083, pool: 300
I 3589.99] Elapsed: 59:50, vertices: 8135, facets final: 8819, pending: 76991, pool: 300
I 3595.04] Elapsed: 59:55, vertices: 8148, facets final: 8875, pending: 76807, pool: 300
I 3600.26] Elapsed: 1:00:00, vertices: 8161, facets final: 8896, pending: 76572, pool: 300
I 3605.32] Elapsed: 1:00:05, vertices: 8174, facets final: 8947, pending: 76406, pool: 299
I 3610.32] Elapsed: 1:00:10, vertices: 8186, facets final: 8988, pending: 76359, pool: 300
I 3615.61] Elapsed: 1:00:16, vertices: 8200, facets final: 9025, pending: 76170, pool: 300
I 3620.66] Elapsed: 1:00:21, vertices: 8213, facets final: 9071, pending: 76070, pool: 300
I 3625.71] Elapsed: 1:00:26, vertices: 8226, facets final: 9137, pending: 75924, pool: 300
I 3631.03] Elapsed: 1:00:31, vertices: 8239, facets final: 9188, pending: 75749, pool: 300
I 3636.11] Elapsed: 1:00:36, vertices: 8252, facets final: 9244, pending: 75600, pool: 300
I 3641.13] Elapsed: 1:00:41, vertices: 8265, facets final: 9304, pending: 75386, pool: 300
I 3646.41] Elapsed: 1:00:46, vertices: 8278, facets final: 9330, pending: 75167, pool: 300
I 3651.63] Elapsed: 1:00:52, vertices: 8291, facets final: 9385, pending: 75094, pool: 300
I 3656.86] Elapsed: 1:00:57, vertices: 8304, facets final: 9429, pending: 74900, pool: 300
I 3662.00] Elapsed: 1:01:02, vertices: 8317, facets final: 9491, pending: 74750, pool: 300
I 3667.15] Elapsed: 1:01:07, vertices: 8330, facets final: 9529, pending: 74604, pool: 300
I 3672.30] Elapsed: 1:01:12, vertices: 8343, facets final: 9608, pending: 74426, pool: 300
I 3677.60] Elapsed: 1:01:18, vertices: 8356, facets final: 9682, pending: 74377, pool: 300
I 3682.74] Elapsed: 1:01:23, vertices: 8368, facets final: 9764, pending: 74209, pool: 300
I 3688.03] Elapsed: 1:01:28, vertices: 8381, facets final: 9837, pending: 74015, pool: 300
I 3693.05] Elapsed: 1:01:33, vertices: 8394, facets final: 9898, pending: 73857, pool: 300
I 3698.05] Elapsed: 1:01:38, vertices: 8406, facets final: 9966, pending: 73684, pool: 300
I 3703.35] Elapsed: 1:01:43, vertices: 8419, facets final: 10048, pending: 73445, pool: 300
I 3708.36] Elapsed: 1:01:48, vertices: 8431, facets final: 10132, pending: 73312, pool: 300
I 3713.49] Elapsed: 1:01:53, vertices: 8443, facets final: 10170, pending: 73077, pool: 300
I 3718.80] Elapsed: 1:01:59, vertices: 8457, facets final: 10202, pending: 72930, pool: 300
I 3724.21] Elapsed: 1:02:04, vertices: 8471, facets final: 10234, pending: 72783, pool: 300
I 3729.46] Elapsed: 1:02:09, vertices: 8484, facets final: 10297, pending: 72561, pool: 300
I 3734.52] Elapsed: 1:02:15, vertices: 8496, facets final: 10389, pending: 72416, pool: 300
I 3739.56] Elapsed: 1:02:20, vertices: 8509, facets final: 10435, pending: 72343, pool: 299
I 3744.56] Elapsed: 1:02:25, vertices: 8522, facets final: 10482, pending: 72197, pool: 300
I 3749.81] Elapsed: 1:02:30, vertices: 8535, facets final: 10528, pending: 72157, pool: 300
I 3754.94] Elapsed: 1:02:35, vertices: 8548, facets final: 10604, pending: 71989, pool: 299
I 3760.15] Elapsed: 1:02:40, vertices: 8561, facets final: 10686, pending: 71862, pool: 299
I 3765.21] Elapsed: 1:02:45, vertices: 8574, facets final: 10778, pending: 71698, pool: 300
I 3770.21] Elapsed: 1:02:50, vertices: 8587, facets final: 10843, pending: 71561, pool: 299
I 3775.44] Elapsed: 1:02:55, vertices: 8600, facets final: 10933, pending: 71407, pool: 300
I 3780.44] Elapsed: 1:03:00, vertices: 8612, facets final: 11003, pending: 71218, pool: 300
I 3785.48] Elapsed: 1:03:05, vertices: 8625, facets final: 11079, pending: 71053, pool: 300
I 3790.89] Elapsed: 1:03:11, vertices: 8638, facets final: 11164, pending: 70831, pool: 300
I 3795.89] Elapsed: 1:03:16, vertices: 8650, facets final: 11251, pending: 70683, pool: 300
I 3801.15] Elapsed: 1:03:21, vertices: 8663, facets final: 11300, pending: 70478, pool: 299
I 3806.20] Elapsed: 1:03:26, vertices: 8675, facets final: 11337, pending: 70306, pool: 300
I 3811.22] Elapsed: 1:03:31, vertices: 8688, facets final: 11430, pending: 70150, pool: 300
I 3816.40] Elapsed: 1:03:36, vertices: 8701, facets final: 11503, pending: 70012, pool: 300
I 3821.46] Elapsed: 1:03:41, vertices: 8714, facets final: 11571, pending: 69873, pool: 300
I 3826.86] Elapsed: 1:03:47, vertices: 8727, facets final: 11644, pending: 69720, pool: 300
I 3832.23] Elapsed: 1:03:52, vertices: 8741, facets final: 11715, pending: 69529, pool: 300
I 3837.44] Elapsed: 1:03:57, vertices: 8754, facets final: 11777, pending: 69363, pool: 300
I 3842.48] Elapsed: 1:04:02, vertices: 8767, facets final: 11856, pending: 69186, pool: 300
I 3847.52] Elapsed: 1:04:08, vertices: 8779, facets final: 11966, pending: 68990, pool: 300
I 3852.74] Elapsed: 1:04:13, vertices: 8792, facets final: 12073, pending: 68831, pool: 300
I 3857.76] Elapsed: 1:04:18, vertices: 8804, facets final: 12115, pending: 68670, pool: 300
I 3862.79] Elapsed: 1:04:23, vertices: 8816, facets final: 12228, pending: 68457, pool: 300
I 3867.86] Elapsed: 1:04:28, vertices: 8829, facets final: 12273, pending: 68353, pool: 300
I 3873.14] Elapsed: 1:04:33, vertices: 8842, facets final: 12406, pending: 68182, pool: 300
I 3878.26] Elapsed: 1:04:38, vertices: 8855, facets final: 12485, pending: 68030, pool: 300
I 3883.34] Elapsed: 1:04:43, vertices: 8868, facets final: 12566, pending: 67881, pool: 299
I 3888.52] Elapsed: 1:04:49, vertices: 8881, facets final: 12637, pending: 67736, pool: 300
I 3893.77] Elapsed: 1:04:54, vertices: 8894, facets final: 12769, pending: 67500, pool: 300
I 3899.00] Elapsed: 1:04:59, vertices: 8907, facets final: 12846, pending: 67401, pool: 300
I 3904.09] Elapsed: 1:05:04, vertices: 8920, facets final: 12934, pending: 67226, pool: 299
I 3909.40] Elapsed: 1:05:09, vertices: 8933, facets final: 13011, pending: 67073, pool: 300
I 3914.73] Elapsed: 1:05:15, vertices: 8946, facets final: 13091, pending: 67048, pool: 300
I 3919.91] Elapsed: 1:05:20, vertices: 8959, facets final: 13174, pending: 66947, pool: 300
I 3925.06] Elapsed: 1:05:25, vertices: 8972, facets final: 13260, pending: 66776, pool: 300
I 3930.35] Elapsed: 1:05:30, vertices: 8985, facets final: 13306, pending: 66643, pool: 300
I 3935.70] Elapsed: 1:05:36, vertices: 8998, facets final: 13430, pending: 66442, pool: 300
I 3940.91] Elapsed: 1:05:41, vertices: 9010, facets final: 13530, pending: 66335, pool: 300
I 3946.10] Elapsed: 1:05:46, vertices: 9023, facets final: 13622, pending: 66149, pool: 299
I 3951.10] Elapsed: 1:05:51, vertices: 9035, facets final: 13681, pending: 66055, pool: 300
I 3956.25] Elapsed: 1:05:56, vertices: 9048, facets final: 13770, pending: 65852, pool: 300
I 3961.56] Elapsed: 1:06:02, vertices: 9061, facets final: 13877, pending: 65816, pool: 299
I 3966.74] Elapsed: 1:06:07, vertices: 9074, facets final: 13975, pending: 65656, pool: 299
I 3972.02] Elapsed: 1:06:12, vertices: 9087, facets final: 14074, pending: 65538, pool: 299
I 3977.25] Elapsed: 1:06:17, vertices: 9099, facets final: 14283, pending: 65263, pool: 299
I 3982.25] Elapsed: 1:06:22, vertices: 9111, facets final: 14408, pending: 65078, pool: 300
I 3987.37] Elapsed: 1:06:27, vertices: 9124, facets final: 14504, pending: 64930, pool: 298
I 3992.37] Elapsed: 1:06:32, vertices: 9136, facets final: 14576, pending: 64787, pool: 300
I 3997.44] Elapsed: 1:06:37, vertices: 9149, facets final: 14657, pending: 64652, pool: 300
I 4002.74] Elapsed: 1:06:43, vertices: 9161, facets final: 14745, pending: 64574, pool: 300
I 4007.77] Elapsed: 1:06:48, vertices: 9174, facets final: 14819, pending: 64483, pool: 300
I 4012.77] Elapsed: 1:06:53, vertices: 9186, facets final: 14905, pending: 64394, pool: 299
I 4017.77] Elapsed: 1:06:58, vertices: 9198, facets final: 15053, pending: 64251, pool: 300
I 4023.04] Elapsed: 1:07:03, vertices: 9211, facets final: 15137, pending: 64115, pool: 300
I 4028.18] Elapsed: 1:07:08, vertices: 9224, facets final: 15230, pending: 63948, pool: 299
I 4033.18] Elapsed: 1:07:13, vertices: 9236, facets final: 15325, pending: 63780, pool: 300
I 4038.45] Elapsed: 1:07:18, vertices: 9249, facets final: 15448, pending: 63583, pool: 300
I 4043.50] Elapsed: 1:07:24, vertices: 9261, facets final: 15582, pending: 63375, pool: 300
I 4048.86] Elapsed: 1:07:29, vertices: 9274, facets final: 15693, pending: 63185, pool: 300
I 4053.86] Elapsed: 1:07:34, vertices: 9286, facets final: 15812, pending: 63042, pool: 300
I 4058.90] Elapsed: 1:07:39, vertices: 9299, facets final: 15872, pending: 63010, pool: 300
I 4064.02] Elapsed: 1:07:44, vertices: 9311, facets final: 15980, pending: 62838, pool: 298
I 4069.09] Elapsed: 1:07:49, vertices: 9323, facets final: 16076, pending: 62711, pool: 299
I 4074.30] Elapsed: 1:07:54, vertices: 9335, facets final: 16253, pending: 62517, pool: 299
I 4079.61] Elapsed: 1:08:00, vertices: 9348, facets final: 16387, pending: 62389, pool: 299
I 4084.81] Elapsed: 1:08:05, vertices: 9361, facets final: 16461, pending: 62307, pool: 300
I 4089.82] Elapsed: 1:08:10, vertices: 9373, facets final: 16566, pending: 62165, pool: 300
I 4094.88] Elapsed: 1:08:15, vertices: 9385, facets final: 16705, pending: 62018, pool: 298
I 4099.88] Elapsed: 1:08:20, vertices: 9397, facets final: 16868, pending: 61779, pool: 300
I 4104.96] Elapsed: 1:08:25, vertices: 9409, facets final: 16983, pending: 61622, pool: 300
I 4110.11] Elapsed: 1:08:30, vertices: 9422, facets final: 17085, pending: 61453, pool: 300
I 4115.39] Elapsed: 1:08:35, vertices: 9434, facets final: 17198, pending: 61283, pool: 300
I 4120.61] Elapsed: 1:08:41, vertices: 9447, facets final: 17315, pending: 61102, pool: 300
I 4125.92] Elapsed: 1:08:46, vertices: 9460, facets final: 17442, pending: 60955, pool: 298
I 4131.01] Elapsed: 1:08:51, vertices: 9472, facets final: 17577, pending: 60726, pool: 299
I 4136.01] Elapsed: 1:08:56, vertices: 9483, facets final: 17684, pending: 60603, pool: 300
I 4141.05] Elapsed: 1:09:01, vertices: 9495, facets final: 17834, pending: 60399, pool: 299
I 4146.12] Elapsed: 1:09:06, vertices: 9507, facets final: 17992, pending: 60204, pool: 299
I 4151.12] Elapsed: 1:09:11, vertices: 9523, facets final: 18196, pending: 59958, pool: 300
I 4156.28] Elapsed: 1:09:16, vertices: 9541, facets final: 18397, pending: 59658, pool: 300
I 4161.45] Elapsed: 1:09:21, vertices: 9559, facets final: 18598, pending: 59473, pool: 300
I 4166.45] Elapsed: 1:09:26, vertices: 9575, facets final: 18919, pending: 59088, pool: 299
I 4171.67] Elapsed: 1:09:32, vertices: 9592, facets final: 19186, pending: 58749, pool: 300
I 4176.68] Elapsed: 1:09:37, vertices: 9609, facets final: 19434, pending: 58433, pool: 300
I 4181.84] Elapsed: 1:09:42, vertices: 9626, facets final: 19699, pending: 58212, pool: 300
I 4186.86] Elapsed: 1:09:47, vertices: 9642, facets final: 19994, pending: 57837, pool: 300
I 4191.98] Elapsed: 1:09:52, vertices: 9659, facets final: 20318, pending: 57457, pool: 300
I 4197.04] Elapsed: 1:09:57, vertices: 9676, facets final: 20546, pending: 57165, pool: 300
I 4202.25] Elapsed: 1:10:02, vertices: 9694, facets final: 20827, pending: 56832, pool: 300
I 4207.25] Elapsed: 1:10:07, vertices: 9709, facets final: 21124, pending: 56437, pool: 300
I 4212.29] Elapsed: 1:10:12, vertices: 9726, facets final: 21358, pending: 56135, pool: 299
I 4217.44] Elapsed: 1:10:17, vertices: 9744, facets final: 21606, pending: 55873, pool: 300
I 4222.44] Elapsed: 1:10:22, vertices: 9761, facets final: 21845, pending: 55569, pool: 299
I 4227.54] Elapsed: 1:10:28, vertices: 9777, facets final: 22126, pending: 55259, pool: 300
I 4232.71] Elapsed: 1:10:33, vertices: 9794, facets final: 22463, pending: 54947, pool: 299
I 4237.71] Elapsed: 1:10:38, vertices: 9810, facets final: 22739, pending: 54578, pool: 300
I 4242.88] Elapsed: 1:10:43, vertices: 9828, facets final: 22995, pending: 54268, pool: 300
I 4247.88] Elapsed: 1:10:48, vertices: 9844, facets final: 23289, pending: 53931, pool: 300
I 4253.00] Elapsed: 1:10:53, vertices: 9860, facets final: 23608, pending: 53572, pool: 300
I 4258.02] Elapsed: 1:10:58, vertices: 9876, facets final: 23911, pending: 53207, pool: 299
I 4263.21] Elapsed: 1:11:03, vertices: 9894, facets final: 24172, pending: 52888, pool: 299
I 4268.32] Elapsed: 1:11:08, vertices: 9912, facets final: 24430, pending: 52599, pool: 300
I 4273.35] Elapsed: 1:11:13, vertices: 9929, facets final: 24700, pending: 52285, pool: 299
I 4278.39] Elapsed: 1:11:18, vertices: 9946, facets final: 24996, pending: 51958, pool: 300
I 4283.42] Elapsed: 1:11:23, vertices: 9961, facets final: 25369, pending: 51517, pool: 299
I 4288.50] Elapsed: 1:11:29, vertices: 9978, facets final: 25616, pending: 51180, pool: 300
I 4293.71] Elapsed: 1:11:34, vertices: 9994, facets final: 26010, pending: 50713, pool: 300
I 4298.84] Elapsed: 1:11:39, vertices: 10012, facets final: 26240, pending: 50421, pool: 299
I 4303.87] Elapsed: 1:11:44, vertices: 10027, facets final: 26613, pending: 50048, pool: 300
I 4308.87] Elapsed: 1:11:49, vertices: 10042, facets final: 27041, pending: 49597, pool: 299
I 4313.87] Elapsed: 1:11:54, vertices: 10057, facets final: 27390, pending: 49265, pool: 300
I 4319.04] Elapsed: 1:11:59, vertices: 10074, facets final: 27740, pending: 48868, pool: 300
I 4324.15] Elapsed: 1:12:04, vertices: 10088, facets final: 28224, pending: 48335, pool: 300
I 4329.15] Elapsed: 1:12:09, vertices: 10106, facets final: 28405, pending: 48118, pool: 299
I 4334.22] Elapsed: 1:12:14, vertices: 10121, facets final: 28797, pending: 47691, pool: 299
I 4339.39] Elapsed: 1:12:19, vertices: 10138, facets final: 29082, pending: 47377, pool: 300
I 4344.39] Elapsed: 1:12:24, vertices: 10154, facets final: 29417, pending: 47023, pool: 299
I 4349.39] Elapsed: 1:12:29, vertices: 10170, facets final: 29804, pending: 46592, pool: 299
I 4354.54] Elapsed: 1:12:35, vertices: 10184, facets final: 30248, pending: 46100, pool: 298
I 4359.75] Elapsed: 1:12:40, vertices: 10199, facets final: 30720, pending: 45596, pool: 300
I 4364.88] Elapsed: 1:12:45, vertices: 10213, facets final: 31198, pending: 45079, pool: 300
I 4369.88] Elapsed: 1:12:50, vertices: 10227, facets final: 31623, pending: 44604, pool: 299
I 4374.93] Elapsed: 1:12:55, vertices: 10242, facets final: 32073, pending: 44116, pool: 300
I 4379.93] Elapsed: 1:13:00, vertices: 10257, facets final: 32471, pending: 43699, pool: 299
I 4385.11] Elapsed: 1:13:05, vertices: 10270, facets final: 33055, pending: 43069, pool: 300
I 4390.19] Elapsed: 1:13:10, vertices: 10284, facets final: 33515, pending: 42565, pool: 299
I 4395.28] Elapsed: 1:13:15, vertices: 10299, facets final: 33937, pending: 42107, pool: 299
I 4400.42] Elapsed: 1:13:20, vertices: 10314, facets final: 34360, pending: 41655, pool: 300
I 4405.62] Elapsed: 1:13:26, vertices: 10327, facets final: 34966, pending: 41021, pool: 298
I 4410.79] Elapsed: 1:13:31, vertices: 10339, facets final: 35643, pending: 40302, pool: 299
I 4416.00] Elapsed: 1:13:36, vertices: 10353, facets final: 36158, pending: 39740, pool: 299
I 4421.16] Elapsed: 1:13:41, vertices: 10366, facets final: 36760, pending: 39105, pool: 300
I 4426.19] Elapsed: 1:13:46, vertices: 10379, facets final: 37303, pending: 38510, pool: 298
I 4431.33] Elapsed: 1:13:51, vertices: 10393, facets final: 37839, pending: 37927, pool: 300
I 4436.33] Elapsed: 1:13:56, vertices: 10405, facets final: 38442, pending: 37283, pool: 297
I 4441.33] Elapsed: 1:14:01, vertices: 10418, facets final: 39004, pending: 36671, pool: 299
I 4446.36] Elapsed: 1:14:06, vertices: 10434, facets final: 39353, pending: 36341, pool: 299
I 4451.36] Elapsed: 1:14:11, vertices: 10446, facets final: 40007, pending: 35648, pool: 297
I 4456.51] Elapsed: 1:14:17, vertices: 10459, facets final: 40598, pending: 35013, pool: 298
I 4461.59] Elapsed: 1:14:22, vertices: 10473, facets final: 41129, pending: 34515, pool: 298
I 4466.59] Elapsed: 1:14:27, vertices: 10484, facets final: 41794, pending: 33830, pool: 298
I 4471.59] Elapsed: 1:14:32, vertices: 10493, facets final: 42632, pending: 32970, pool: 297
I 4476.59] Elapsed: 1:14:37, vertices: 10503, facets final: 43370, pending: 32224, pool: 297
I 4481.60] Elapsed: 1:14:42, vertices: 10515, facets final: 44018, pending: 31545, pool: 299
I 4486.71] Elapsed: 1:14:47, vertices: 10526, facets final: 44708, pending: 30849, pool: 295
I 4491.74] Elapsed: 1:14:52, vertices: 10536, facets final: 45478, pending: 30145, pool: 297
I 4496.74] Elapsed: 1:14:57, vertices: 10548, facets final: 46101, pending: 29604, pool: 294
I 4501.80] Elapsed: 1:15:02, vertices: 10557, facets final: 46927, pending: 28807, pool: 296
I 4506.80] Elapsed: 1:15:07, vertices: 10566, facets final: 47744, pending: 27983, pool: 297
I 4511.80] Elapsed: 1:15:12, vertices: 10576, facets final: 48506, pending: 27195, pool: 294
I 4516.80] Elapsed: 1:15:17, vertices: 10586, facets final: 49283, pending: 26412, pool: 295
I 4521.83] Elapsed: 1:15:22, vertices: 10595, facets final: 50144, pending: 25543, pool: 296
I 4526.90] Elapsed: 1:15:27, vertices: 10604, facets final: 50993, pending: 24699, pool: 295
I 4532.07] Elapsed: 1:15:32, vertices: 10613, facets final: 51889, pending: 23778, pool: 293
I 4537.07] Elapsed: 1:15:37, vertices: 10622, facets final: 52703, pending: 22934, pool: 292
I 4542.07] Elapsed: 1:15:42, vertices: 10631, facets final: 53487, pending: 22116, pool: 291
I 4547.07] Elapsed: 1:15:47, vertices: 10642, facets final: 54205, pending: 21382, pool: 293
I 4552.07] Elapsed: 1:15:52, vertices: 10650, facets final: 55078, pending: 20490, pool: 290
I 4557.27] Elapsed: 1:15:57, vertices: 10659, facets final: 55946, pending: 19621, pool: 292
I 4562.27] Elapsed: 1:16:02, vertices: 10667, facets final: 56863, pending: 18698, pool: 288
I 4567.28] Elapsed: 1:16:07, vertices: 10675, facets final: 57790, pending: 17750, pool: 287
I 4572.47] Elapsed: 1:16:12, vertices: 10683, facets final: 58704, pending: 16800, pool: 288
I 4577.63] Elapsed: 1:16:18, vertices: 10692, facets final: 59616, pending: 15872, pool: 289
I 4582.68] Elapsed: 1:16:23, vertices: 10701, facets final: 60453, pending: 15023, pool: 286
I 4587.77] Elapsed: 1:16:28, vertices: 10708, facets final: 61452, pending: 14009, pool: 286
I 4592.77] Elapsed: 1:16:33, vertices: 10717, facets final: 62311, pending: 13134, pool: 283
I 4597.80] Elapsed: 1:16:38, vertices: 10725, facets final: 63231, pending: 12216, pool: 281
I 4602.80] Elapsed: 1:16:43, vertices: 10734, facets final: 64099, pending: 11326, pool: 276
I 4607.92] Elapsed: 1:16:48, vertices: 10742, facets final: 65087, pending: 10333, pool: 277
I 4612.92] Elapsed: 1:16:53, vertices: 10750, facets final: 65991, pending: 9424, pool: 273
I 4618.00] Elapsed: 1:16:58, vertices: 10759, facets final: 66911, pending: 8486, pool: 268
I 4623.06] Elapsed: 1:17:03, vertices: 10769, facets final: 67750, pending: 7658, pool: 265
I 4628.06] Elapsed: 1:17:08, vertices: 10779, facets final: 68549, pending: 6853, pool: 261
I 4633.06] Elapsed: 1:17:13, vertices: 10791, facets final: 69258, pending: 6124, pool: 255
I 4638.13] Elapsed: 1:17:18, vertices: 10804, facets final: 69932, pending: 5444, pool: 247
I 4643.28] Elapsed: 1:17:23, vertices: 10818, facets final: 70658, pending: 4704, pool: 234
I 4648.38] Elapsed: 1:17:28, vertices: 10832, facets final: 71350, pending: 3998, pool: 222
I 4653.42] Elapsed: 1:17:33, vertices: 10845, facets final: 72155, pending: 3174, pool: 211
I 4658.42] Elapsed: 1:17:38, vertices: 10858, facets final: 72912, pending: 2397, pool: 203
I 4663.42] Elapsed: 1:17:43, vertices: 10876, facets final: 73462, pending: 1822, pool: 190
I 4668.54] Elapsed: 1:17:49, vertices: 10897, facets final: 74033, pending: 1226, pool: 174
I 4673.59] Elapsed: 1:17:54, vertices: 10922, facets final: 74438, pending: 891, pool: 154
I 4678.65] Elapsed: 1:17:59, vertices: 10953, facets final: 74648, pending: 646, pool: 139
I 4683.71] Elapsed: 1:18:04, vertices: 10994, facets final: 74786, pending: 522, pool: 108
I 4688.71] Elapsed: 1:18:09, vertices: 11043, facets final: 74905, pending: 413, pool: 73
I 4693.71] Elapsed: 1:18:14, vertices: 11114, facets final: 75120, pending: 171, pool: 18
I 4695.88] Elapsed: 1:18:16, vertices: 11162, facets final: 75278, pending: 0

--------------------------------
Problem completed
 name                    15.vlp
 output                  vlp/15.res
 rows, cols, objs        19, 5126, 8
 vertices, facets        11162, 75278
 total time              1:18:16
--------------------------------
Statistics
LP:
 oracle calls            88552
   avg iterations/calls  14.45
 total oracle time       5:01
Combinatorics:
 vertices added          11162
 facets probed           155882
 facets # max            120408
 memory allocated        382.20M
 instability warnings    1
 storage expansion
   vertices # / upto     88 / 11260
   facets   # / upto     30 / 122876
 facet manipulating
   added avg / max       114.17 / 1.89k
   compressed            559
 number of ridge tests
   avg / max             8.25M / 190.90M
--------------------------------
Parameters with non-default values
 ExactFacetEq = 1
 VertexPoolSize = 300
 OracleCallLimit = 3
 RecalculateFacets = 25
 PolytopeEps = 1e-08
 ScaleEps = 5e-08
 LineqEps = 1.3e-07
 RoundEps = 5e-08
