C applying double rule rs=cd:ab;ar.br.cr.dr;a.b.c.dr for ineq.txt
I    5.02] Elapsed: 5.02, vertices: 178, facets final: 19, pending: 11683, pool: 300
I   10.08] Elapsed: 10.08, vertices: 271, facets final: 23, pending: 17001, pool: 300
I   15.12] Elapsed: 15.12, vertices: 340, facets final: 27, pending: 20913, pool: 300
I   20.18] Elapsed: 20.18, vertices: 402, facets final: 34, pending: 24135, pool: 300
I   25.25] Elapsed: 25.25, vertices: 457, facets final: 39, pending: 26795, pool: 300
I   30.33] Elapsed: 30.33, vertices: 508, facets final: 52, pending: 29118, pool: 300
I   35.35] Elapsed: 35.35, vertices: 553, facets final: 59, pending: 31243, pool: 300
I   40.43] Elapsed: 40.43, vertices: 594, facets final: 66, pending: 34412, pool: 300
I   45.49] Elapsed: 45.49, vertices: 636, facets final: 70, pending: 35843, pool: 300
I   50.59] Elapsed: 50.59, vertices: 671, facets final: 75, pending: 37421, pool: 299
I   55.62] Elapsed: 55.62, vertices: 708, facets final: 81, pending: 39248, pool: 300
I   60.66] Elapsed: 1:01, vertices: 743, facets final: 84, pending: 40584, pool: 299
I   65.76] Elapsed: 1:06, vertices: 777, facets final: 89, pending: 41689, pool: 300
I   70.89] Elapsed: 1:11, vertices: 808, facets final: 96, pending: 43170, pool: 300
I   75.91] Elapsed: 1:16, vertices: 839, facets final: 103, pending: 44652, pool: 300
I   81.03] Elapsed: 1:21, vertices: 869, facets final: 107, pending: 46020, pool: 300
I   86.14] Elapsed: 1:26, vertices: 899, facets final: 109, pending: 47131, pool: 300
I   91.24] Elapsed: 1:31, vertices: 928, facets final: 113, pending: 48314, pool: 300
I   96.44] Elapsed: 1:36, vertices: 955, facets final: 120, pending: 48927, pool: 300
I  101.58] Elapsed: 1:42, vertices: 983, facets final: 125, pending: 48936, pool: 300
I  106.61] Elapsed: 1:47, vertices: 1010, facets final: 131, pending: 49389, pool: 300
I  111.67] Elapsed: 1:52, vertices: 1034, facets final: 138, pending: 49495, pool: 300
I  116.82] Elapsed: 1:57, vertices: 1059, facets final: 143, pending: 50233, pool: 300
I  121.90] Elapsed: 2:02, vertices: 1082, facets final: 150, pending: 50405, pool: 300
I  126.92] Elapsed: 2:07, vertices: 1105, facets final: 155, pending: 50584, pool: 300
I  132.06] Elapsed: 2:12, vertices: 1130, facets final: 159, pending: 51566, pool: 300
I  137.10] Elapsed: 2:17, vertices: 1155, facets final: 165, pending: 52410, pool: 300
I  142.24] Elapsed: 2:22, vertices: 1179, facets final: 169, pending: 52952, pool: 299
I  147.49] Elapsed: 2:27, vertices: 1203, facets final: 179, pending: 53271, pool: 300
I  152.72] Elapsed: 2:33, vertices: 1227, facets final: 182, pending: 53682, pool: 300
I  157.78] Elapsed: 2:38, vertices: 1250, facets final: 189, pending: 53987, pool: 300
I  162.91] Elapsed: 2:43, vertices: 1274, facets final: 193, pending: 54186, pool: 300
I  168.02] Elapsed: 2:48, vertices: 1298, facets final: 199, pending: 54769, pool: 300
I  173.15] Elapsed: 2:53, vertices: 1321, facets final: 203, pending: 56095, pool: 300
I  178.16] Elapsed: 2:58, vertices: 1343, facets final: 211, pending: 56406, pool: 300
I  183.31] Elapsed: 3:03, vertices: 1367, facets final: 216, pending: 56926, pool: 300
I  188.45] Elapsed: 3:08, vertices: 1389, facets final: 222, pending: 57627, pool: 300
I  193.55] Elapsed: 3:14, vertices: 1413, facets final: 231, pending: 58430, pool: 300
I  198.67] Elapsed: 3:19, vertices: 1437, facets final: 241, pending: 59147, pool: 300
I  204.02] Elapsed: 3:24, vertices: 1460, facets final: 246, pending: 59234, pool: 300
I  209.04] Elapsed: 3:29, vertices: 1483, facets final: 249, pending: 59301, pool: 299
I  214.23] Elapsed: 3:34, vertices: 1504, facets final: 256, pending: 60358, pool: 300
I  219.47] Elapsed: 3:39, vertices: 1528, facets final: 265, pending: 60692, pool: 300
I  224.65] Elapsed: 3:45, vertices: 1550, facets final: 268, pending: 61226, pool: 300
I  229.84] Elapsed: 3:50, vertices: 1571, facets final: 275, pending: 61831, pool: 300
I  234.93] Elapsed: 3:55, vertices: 1592, facets final: 278, pending: 61792, pool: 300
I  240.12] Elapsed: 4:00, vertices: 1611, facets final: 278, pending: 62012, pool: 300
I  245.18] Elapsed: 4:05, vertices: 1631, facets final: 283, pending: 62272, pool: 300
I  250.28] Elapsed: 4:10, vertices: 1650, facets final: 287, pending: 62495, pool: 300
I  255.28] Elapsed: 4:15, vertices: 1669, facets final: 293, pending: 63171, pool: 300
I  260.29] Elapsed: 4:20, vertices: 1688, facets final: 300, pending: 63880, pool: 300
I  265.36] Elapsed: 4:25, vertices: 1708, facets final: 304, pending: 64838, pool: 300
I  270.50] Elapsed: 4:31, vertices: 1727, facets final: 315, pending: 65213, pool: 300
I  275.58] Elapsed: 4:36, vertices: 1746, facets final: 323, pending: 65869, pool: 300
I  280.75] Elapsed: 4:41, vertices: 1765, facets final: 332, pending: 66829, pool: 300
I  286.11] Elapsed: 4:46, vertices: 1784, facets final: 340, pending: 66661, pool: 300
I  291.32] Elapsed: 4:51, vertices: 1804, facets final: 344, pending: 67025, pool: 300
I  296.32] Elapsed: 4:56, vertices: 1821, facets final: 350, pending: 67391, pool: 300
I  301.52] Elapsed: 5:02, vertices: 1840, facets final: 359, pending: 67907, pool: 300
I  306.61] Elapsed: 5:07, vertices: 1858, facets final: 362, pending: 68070, pool: 300
I  311.76] Elapsed: 5:12, vertices: 1877, facets final: 366, pending: 68330, pool: 300
I  317.05] Elapsed: 5:17, vertices: 1896, facets final: 373, pending: 68791, pool: 300
I  322.15] Elapsed: 5:22, vertices: 1913, facets final: 378, pending: 69056, pool: 299
I  327.46] Elapsed: 5:27, vertices: 1929, facets final: 383, pending: 69054, pool: 300
I  332.65] Elapsed: 5:33, vertices: 1944, facets final: 392, pending: 69596, pool: 300
I  337.69] Elapsed: 5:38, vertices: 1960, facets final: 398, pending: 70342, pool: 300
I  343.06] Elapsed: 5:43, vertices: 1976, facets final: 402, pending: 70944, pool: 300
I  348.19] Elapsed: 5:48, vertices: 1991, facets final: 406, pending: 71149, pool: 300
I  353.59] Elapsed: 5:54, vertices: 2009, facets final: 415, pending: 71683, pool: 300
I  358.80] Elapsed: 5:59, vertices: 2027, facets final: 418, pending: 71921, pool: 300
I  363.87] Elapsed: 6:04, vertices: 2043, facets final: 420, pending: 72297, pool: 299
I  369.06] Elapsed: 6:09, vertices: 2060, facets final: 423, pending: 73034, pool: 300
I  374.14] Elapsed: 6:14, vertices: 2077, facets final: 432, pending: 73464, pool: 299
I  379.18] Elapsed: 6:19, vertices: 2094, facets final: 435, pending: 74285, pool: 300
I  384.27] Elapsed: 6:24, vertices: 2111, facets final: 442, pending: 74328, pool: 300
I  389.27] Elapsed: 6:29, vertices: 2127, facets final: 444, pending: 74383, pool: 300
I  394.36] Elapsed: 6:34, vertices: 2144, facets final: 447, pending: 74662, pool: 300
I  399.59] Elapsed: 6:40, vertices: 2162, facets final: 456, pending: 75196, pool: 300
I  404.70] Elapsed: 6:45, vertices: 2179, facets final: 459, pending: 75253, pool: 300
I  409.79] Elapsed: 6:50, vertices: 2196, facets final: 465, pending: 75339, pool: 300
I  415.08] Elapsed: 6:55, vertices: 2211, facets final: 470, pending: 75386, pool: 300
I  420.58] Elapsed: 7:01, vertices: 2228, facets final: 479, pending: 75575, pool: 300
I  425.73] Elapsed: 7:06, vertices: 2245, facets final: 483, pending: 76067, pool: 300
I  430.88] Elapsed: 7:11, vertices: 2261, facets final: 486, pending: 76370, pool: 300
I  435.91] Elapsed: 7:16, vertices: 2279, facets final: 490, pending: 76440, pool: 300
I  441.11] Elapsed: 7:21, vertices: 2296, facets final: 499, pending: 76606, pool: 300
I  446.29] Elapsed: 7:26, vertices: 2311, facets final: 510, pending: 76731, pool: 300
I  451.35] Elapsed: 7:31, vertices: 2326, facets final: 518, pending: 76978, pool: 299
I  456.38] Elapsed: 7:36, vertices: 2340, facets final: 521, pending: 77102, pool: 300
I  461.63] Elapsed: 7:42, vertices: 2355, facets final: 527, pending: 77413, pool: 300
I  466.87] Elapsed: 7:47, vertices: 2371, facets final: 537, pending: 77888, pool: 300
I  472.18] Elapsed: 7:52, vertices: 2385, facets final: 544, pending: 77886, pool: 300
I  477.25] Elapsed: 7:57, vertices: 2401, facets final: 547, pending: 77838, pool: 300
I  482.63] Elapsed: 8:03, vertices: 2417, facets final: 549, pending: 78438, pool: 300
I  487.92] Elapsed: 8:08, vertices: 2433, facets final: 553, pending: 78389, pool: 300
I  492.99] Elapsed: 8:13, vertices: 2449, facets final: 562, pending: 78453, pool: 300
I  498.23] Elapsed: 8:18, vertices: 2466, facets final: 568, pending: 79007, pool: 300
I  503.34] Elapsed: 8:23, vertices: 2481, facets final: 569, pending: 78898, pool: 300
I  508.45] Elapsed: 8:28, vertices: 2497, facets final: 582, pending: 79078, pool: 300
I  513.64] Elapsed: 8:34, vertices: 2511, facets final: 584, pending: 79860, pool: 300
I  518.69] Elapsed: 8:39, vertices: 2525, facets final: 589, pending: 79932, pool: 300
I  523.92] Elapsed: 8:44, vertices: 2538, facets final: 595, pending: 80167, pool: 300
I  529.38] Elapsed: 8:49, vertices: 2551, facets final: 602, pending: 80471, pool: 300
I  534.49] Elapsed: 8:54, vertices: 2565, facets final: 607, pending: 80835, pool: 300
I  539.87] Elapsed: 9:00, vertices: 2582, facets final: 614, pending: 80691, pool: 300
I  545.01] Elapsed: 9:05, vertices: 2598, facets final: 617, pending: 80892, pool: 300
I  550.29] Elapsed: 9:10, vertices: 2612, facets final: 626, pending: 81079, pool: 300
I  555.41] Elapsed: 9:15, vertices: 2627, facets final: 628, pending: 81391, pool: 300
I  560.56] Elapsed: 9:21, vertices: 2642, facets final: 631, pending: 81450, pool: 300
I  565.74] Elapsed: 9:26, vertices: 2656, facets final: 636, pending: 81934, pool: 299
I  570.79] Elapsed: 9:31, vertices: 2670, facets final: 642, pending: 82151, pool: 300
I  575.99] Elapsed: 9:36, vertices: 2685, facets final: 647, pending: 82210, pool: 300
I  581.27] Elapsed: 9:41, vertices: 2699, facets final: 655, pending: 82223, pool: 300
I  586.49] Elapsed: 9:46, vertices: 2714, facets final: 663, pending: 82501, pool: 300
I  591.79] Elapsed: 9:52, vertices: 2728, facets final: 666, pending: 82557, pool: 300
I  596.89] Elapsed: 9:57, vertices: 2744, facets final: 672, pending: 82828, pool: 300
I  601.91] Elapsed: 10:02, vertices: 2757, facets final: 677, pending: 82901, pool: 300
I  607.17] Elapsed: 10:07, vertices: 2771, facets final: 683, pending: 82918, pool: 300
I  612.22] Elapsed: 10:12, vertices: 2784, facets final: 687, pending: 83183, pool: 300
I  617.48] Elapsed: 10:17, vertices: 2800, facets final: 692, pending: 83406, pool: 300
I  622.78] Elapsed: 10:23, vertices: 2814, facets final: 699, pending: 83853, pool: 300
I  627.89] Elapsed: 10:28, vertices: 2829, facets final: 703, pending: 84115, pool: 300
I  633.29] Elapsed: 10:33, vertices: 2843, facets final: 708, pending: 84270, pool: 300
I  638.61] Elapsed: 10:39, vertices: 2856, facets final: 713, pending: 84771, pool: 300
I  643.81] Elapsed: 10:44, vertices: 2870, facets final: 717, pending: 85133, pool: 300
I  648.84] Elapsed: 10:49, vertices: 2884, facets final: 720, pending: 85369, pool: 300
I  654.11] Elapsed: 10:54, vertices: 2898, facets final: 725, pending: 85488, pool: 300
I  659.48] Elapsed: 10:59, vertices: 2912, facets final: 731, pending: 85394, pool: 300
I  664.63] Elapsed: 11:05, vertices: 2924, facets final: 739, pending: 85800, pool: 300
I  669.96] Elapsed: 11:10, vertices: 2938, facets final: 744, pending: 85916, pool: 300
I  675.15] Elapsed: 11:15, vertices: 2953, facets final: 746, pending: 86184, pool: 300
I  680.47] Elapsed: 11:20, vertices: 2967, facets final: 752, pending: 86558, pool: 300
I  685.50] Elapsed: 11:26, vertices: 2981, facets final: 755, pending: 86669, pool: 300
I  690.61] Elapsed: 11:31, vertices: 2995, facets final: 765, pending: 86946, pool: 300
I  695.97] Elapsed: 11:36, vertices: 3009, facets final: 768, pending: 87064, pool: 300
I  701.11] Elapsed: 11:41, vertices: 3021, facets final: 778, pending: 87131, pool: 300
I  706.19] Elapsed: 11:46, vertices: 3035, facets final: 784, pending: 87170, pool: 300
I  711.45] Elapsed: 11:51, vertices: 3049, facets final: 788, pending: 87453, pool: 300
I  716.79] Elapsed: 11:57, vertices: 3061, facets final: 791, pending: 87817, pool: 300
I  722.04] Elapsed: 12:02, vertices: 3075, facets final: 799, pending: 88093, pool: 300
I  727.12] Elapsed: 12:07, vertices: 3088, facets final: 803, pending: 88293, pool: 300
I  732.36] Elapsed: 12:12, vertices: 3100, facets final: 811, pending: 88175, pool: 300
I  737.43] Elapsed: 12:17, vertices: 3114, facets final: 812, pending: 88157, pool: 300
I  742.59] Elapsed: 12:23, vertices: 3127, facets final: 819, pending: 88134, pool: 300
I  747.68] Elapsed: 12:28, vertices: 3141, facets final: 822, pending: 88433, pool: 300
I  752.74] Elapsed: 12:33, vertices: 3155, facets final: 827, pending: 88618, pool: 300
I  757.87] Elapsed: 12:38, vertices: 3167, facets final: 830, pending: 89023, pool: 300
I  763.11] Elapsed: 12:43, vertices: 3178, facets final: 833, pending: 89150, pool: 300
I  768.12] Elapsed: 12:48, vertices: 3191, facets final: 838, pending: 88952, pool: 300
I  773.27] Elapsed: 12:53, vertices: 3204, facets final: 848, pending: 88990, pool: 300
I  778.33] Elapsed: 12:58, vertices: 3219, facets final: 855, pending: 88896, pool: 300
I  783.67] Elapsed: 13:04, vertices: 3233, facets final: 865, pending: 89145, pool: 300
I  788.91] Elapsed: 13:09, vertices: 3247, facets final: 870, pending: 89286, pool: 300
I  794.18] Elapsed: 13:14, vertices: 3259, facets final: 881, pending: 89128, pool: 300
I  799.24] Elapsed: 13:19, vertices: 3271, facets final: 888, pending: 89149, pool: 300
I  804.42] Elapsed: 13:24, vertices: 3284, facets final: 895, pending: 89222, pool: 300
I  809.70] Elapsed: 13:30, vertices: 3299, facets final: 901, pending: 89501, pool: 300
I  814.85] Elapsed: 13:35, vertices: 3313, facets final: 910, pending: 89732, pool: 300
I  820.01] Elapsed: 13:40, vertices: 3326, facets final: 914, pending: 89610, pool: 300
I  825.10] Elapsed: 13:45, vertices: 3338, facets final: 918, pending: 89667, pool: 300
I  830.43] Elapsed: 13:50, vertices: 3350, facets final: 922, pending: 89975, pool: 300
I  835.61] Elapsed: 13:56, vertices: 3364, facets final: 923, pending: 89777, pool: 300
I  840.72] Elapsed: 14:01, vertices: 3378, facets final: 930, pending: 89969, pool: 300
I  845.90] Elapsed: 14:06, vertices: 3391, facets final: 935, pending: 89761, pool: 300
I  851.15] Elapsed: 14:11, vertices: 3403, facets final: 942, pending: 89990, pool: 300
I  856.34] Elapsed: 14:16, vertices: 3415, facets final: 948, pending: 90404, pool: 300
I  861.63] Elapsed: 14:22, vertices: 3429, facets final: 951, pending: 90338, pool: 300
I  867.01] Elapsed: 14:27, vertices: 3442, facets final: 954, pending: 90435, pool: 300
I  872.33] Elapsed: 14:32, vertices: 3456, facets final: 960, pending: 90616, pool: 300
I  877.64] Elapsed: 14:38, vertices: 3469, facets final: 964, pending: 90717, pool: 300
I  883.14] Elapsed: 14:43, vertices: 3481, facets final: 971, pending: 90842, pool: 300
I  888.26] Elapsed: 14:48, vertices: 3494, facets final: 977, pending: 90720, pool: 300
I  893.59] Elapsed: 14:54, vertices: 3507, facets final: 980, pending: 91006, pool: 300
I  898.83] Elapsed: 14:59, vertices: 3520, facets final: 982, pending: 90819, pool: 300
I  903.97] Elapsed: 15:04, vertices: 3533, facets final: 988, pending: 91017, pool: 300
I  909.45] Elapsed: 15:09, vertices: 3545, facets final: 990, pending: 91276, pool: 300
I  914.58] Elapsed: 15:15, vertices: 3558, facets final: 995, pending: 91243, pool: 300
I  919.85] Elapsed: 15:20, vertices: 3571, facets final: 1005, pending: 91177, pool: 300
I  924.89] Elapsed: 15:25, vertices: 3582, facets final: 1006, pending: 91424, pool: 300
I  930.13] Elapsed: 15:30, vertices: 3595, facets final: 1009, pending: 91642, pool: 300
I  935.26] Elapsed: 15:35, vertices: 3606, facets final: 1021, pending: 91588, pool: 300
I  940.50] Elapsed: 15:41, vertices: 3620, facets final: 1026, pending: 91551, pool: 300
I  945.60] Elapsed: 15:46, vertices: 3632, facets final: 1031, pending: 91420, pool: 300
I  950.78] Elapsed: 15:51, vertices: 3645, facets final: 1037, pending: 91510, pool: 300
I  955.81] Elapsed: 15:56, vertices: 3659, facets final: 1047, pending: 91613, pool: 300
I  960.95] Elapsed: 16:01, vertices: 3671, facets final: 1052, pending: 91947, pool: 300
I  966.30] Elapsed: 16:06, vertices: 3686, facets final: 1065, pending: 92177, pool: 299
I  971.60] Elapsed: 16:12, vertices: 3697, facets final: 1066, pending: 92261, pool: 300
I  976.87] Elapsed: 16:17, vertices: 3711, facets final: 1083, pending: 92275, pool: 300
I  982.35] Elapsed: 16:22, vertices: 3724, facets final: 1088, pending: 92574, pool: 300
I  987.35] Elapsed: 16:27, vertices: 3737, facets final: 1091, pending: 92592, pool: 300
I  992.78] Elapsed: 16:33, vertices: 3751, facets final: 1096, pending: 92704, pool: 300
I  997.96] Elapsed: 16:38, vertices: 3765, facets final: 1103, pending: 92745, pool: 300
I 1003.00] Elapsed: 16:43, vertices: 3778, facets final: 1106, pending: 92732, pool: 300
I 1008.05] Elapsed: 16:48, vertices: 3790, facets final: 1118, pending: 92739, pool: 300
I 1013.35] Elapsed: 16:53, vertices: 3802, facets final: 1124, pending: 92836, pool: 300
I 1018.62] Elapsed: 16:59, vertices: 3815, facets final: 1132, pending: 92684, pool: 300
I 1023.73] Elapsed: 17:04, vertices: 3827, facets final: 1133, pending: 92661, pool: 300
I 1028.91] Elapsed: 17:09, vertices: 3841, facets final: 1137, pending: 92730, pool: 300
I 1034.14] Elapsed: 17:14, vertices: 3854, facets final: 1140, pending: 92721, pool: 300
I 1039.14] Elapsed: 17:19, vertices: 3867, facets final: 1143, pending: 92916, pool: 300
I 1044.57] Elapsed: 17:25, vertices: 3880, facets final: 1148, pending: 93108, pool: 300
I 1049.85] Elapsed: 17:30, vertices: 3894, facets final: 1155, pending: 92932, pool: 300
I 1055.13] Elapsed: 17:35, vertices: 3907, facets final: 1160, pending: 92807, pool: 300
I 1060.34] Elapsed: 17:40, vertices: 3919, facets final: 1163, pending: 92905, pool: 300
I 1065.35] Elapsed: 17:45, vertices: 3930, facets final: 1169, pending: 92734, pool: 300
I 1070.44] Elapsed: 17:50, vertices: 3944, facets final: 1176, pending: 92625, pool: 300
I 1075.60] Elapsed: 17:56, vertices: 3957, facets final: 1187, pending: 92686, pool: 299
I 1080.75] Elapsed: 18:01, vertices: 3970, facets final: 1194, pending: 92713, pool: 300
I 1086.07] Elapsed: 18:06, vertices: 3983, facets final: 1199, pending: 92664, pool: 300
I 1091.35] Elapsed: 18:11, vertices: 3997, facets final: 1204, pending: 92676, pool: 300
I 1096.63] Elapsed: 18:17, vertices: 4009, facets final: 1209, pending: 92877, pool: 300
I 1101.76] Elapsed: 18:22, vertices: 4021, facets final: 1216, pending: 92904, pool: 300
I 1106.87] Elapsed: 18:27, vertices: 4034, facets final: 1217, pending: 93042, pool: 300
I 1112.29] Elapsed: 18:32, vertices: 4049, facets final: 1227, pending: 93058, pool: 300
I 1117.29] Elapsed: 18:37, vertices: 4063, facets final: 1233, pending: 93073, pool: 300
I 1122.47] Elapsed: 18:42, vertices: 4076, facets final: 1235, pending: 93355, pool: 300
I 1127.49] Elapsed: 18:47, vertices: 4088, facets final: 1243, pending: 93398, pool: 300
I 1132.82] Elapsed: 18:53, vertices: 4101, facets final: 1254, pending: 93430, pool: 300
I 1137.96] Elapsed: 18:58, vertices: 4115, facets final: 1260, pending: 93424, pool: 300
I 1143.09] Elapsed: 19:03, vertices: 4127, facets final: 1267, pending: 93304, pool: 300
I 1148.63] Elapsed: 19:09, vertices: 4140, facets final: 1274, pending: 93087, pool: 300
I 1153.86] Elapsed: 19:14, vertices: 4153, facets final: 1279, pending: 93054, pool: 300
I 1159.53] Elapsed: 19:20, vertices: 4165, facets final: 1283, pending: 92878, pool: 300
I 1165.00] Elapsed: 19:25, vertices: 4178, facets final: 1289, pending: 93232, pool: 300
I 1170.41] Elapsed: 19:30, vertices: 4192, facets final: 1297, pending: 93351, pool: 300
I 1175.41] Elapsed: 19:35, vertices: 4203, facets final: 1305, pending: 93090, pool: 300
I 1180.41] Elapsed: 19:40, vertices: 4217, facets final: 1312, pending: 93122, pool: 300
I 1185.77] Elapsed: 19:46, vertices: 4229, facets final: 1318, pending: 93255, pool: 300
I 1191.19] Elapsed: 19:51, vertices: 4243, facets final: 1331, pending: 93290, pool: 300
I 1196.37] Elapsed: 19:56, vertices: 4256, facets final: 1336, pending: 93275, pool: 300
I 1201.52] Elapsed: 20:02, vertices: 4266, facets final: 1344, pending: 93241, pool: 300
I 1206.59] Elapsed: 20:07, vertices: 4279, facets final: 1347, pending: 93200, pool: 300
I 1211.78] Elapsed: 20:12, vertices: 4293, facets final: 1356, pending: 93004, pool: 300
I 1216.82] Elapsed: 20:17, vertices: 4306, facets final: 1367, pending: 92978, pool: 300
I 1222.09] Elapsed: 20:22, vertices: 4320, facets final: 1374, pending: 92979, pool: 300
I 1227.24] Elapsed: 20:27, vertices: 4333, facets final: 1380, pending: 93009, pool: 300
I 1232.62] Elapsed: 20:33, vertices: 4347, facets final: 1393, pending: 93031, pool: 300
I 1237.91] Elapsed: 20:38, vertices: 4359, facets final: 1400, pending: 92958, pool: 300
I 1243.24] Elapsed: 20:43, vertices: 4372, facets final: 1411, pending: 92905, pool: 300
I 1248.40] Elapsed: 20:48, vertices: 4385, facets final: 1417, pending: 92844, pool: 300
I 1253.59] Elapsed: 20:54, vertices: 4397, facets final: 1426, pending: 92887, pool: 300
I 1258.97] Elapsed: 20:59, vertices: 4410, facets final: 1432, pending: 92881, pool: 300
I 1264.15] Elapsed: 21:04, vertices: 4423, facets final: 1445, pending: 92914, pool: 300
I 1269.44] Elapsed: 21:09, vertices: 4438, facets final: 1447, pending: 92873, pool: 300
I 1274.75] Elapsed: 21:15, vertices: 4452, facets final: 1455, pending: 93237, pool: 300
I 1279.85] Elapsed: 21:20, vertices: 4463, facets final: 1460, pending: 93147, pool: 300
I 1285.05] Elapsed: 21:25, vertices: 4475, facets final: 1465, pending: 93078, pool: 300
I 1290.43] Elapsed: 21:30, vertices: 4489, facets final: 1472, pending: 93106, pool: 300
I 1295.67] Elapsed: 21:36, vertices: 4502, facets final: 1479, pending: 93220, pool: 300
I 1300.93] Elapsed: 21:41, vertices: 4516, facets final: 1492, pending: 93429, pool: 300
I 1305.98] Elapsed: 21:46, vertices: 4528, facets final: 1499, pending: 93308, pool: 300
I 1311.16] Elapsed: 21:51, vertices: 4541, facets final: 1512, pending: 93240, pool: 300
I 1316.39] Elapsed: 21:56, vertices: 4555, facets final: 1521, pending: 93306, pool: 300
I 1321.46] Elapsed: 22:01, vertices: 4568, facets final: 1531, pending: 93084, pool: 300
I 1326.73] Elapsed: 22:07, vertices: 4581, facets final: 1533, pending: 93212, pool: 300
I 1331.81] Elapsed: 22:12, vertices: 4594, facets final: 1538, pending: 93218, pool: 300
I 1336.87] Elapsed: 22:17, vertices: 4607, facets final: 1541, pending: 93083, pool: 300
I 1342.18] Elapsed: 22:22, vertices: 4621, facets final: 1545, pending: 93120, pool: 300
I 1347.27] Elapsed: 22:27, vertices: 4635, facets final: 1551, pending: 92992, pool: 300
I 1352.29] Elapsed: 22:32, vertices: 4648, facets final: 1560, pending: 92859, pool: 300
I 1357.29] Elapsed: 22:37, vertices: 4659, facets final: 1568, pending: 92703, pool: 300
I 1362.32] Elapsed: 22:42, vertices: 4672, facets final: 1577, pending: 92758, pool: 300
I 1367.72] Elapsed: 22:48, vertices: 4686, facets final: 1583, pending: 92759, pool: 300
I 1372.97] Elapsed: 22:53, vertices: 4698, facets final: 1592, pending: 92686, pool: 300
I 1378.13] Elapsed: 22:58, vertices: 4710, facets final: 1601, pending: 92531, pool: 300
I 1383.34] Elapsed: 23:03, vertices: 4724, facets final: 1611, pending: 92644, pool: 300
I 1388.47] Elapsed: 23:08, vertices: 4735, facets final: 1615, pending: 92509, pool: 300
I 1393.60] Elapsed: 23:14, vertices: 4750, facets final: 1624, pending: 92465, pool: 300
I 1398.78] Elapsed: 23:19, vertices: 4763, facets final: 1632, pending: 92432, pool: 299
I 1404.03] Elapsed: 23:24, vertices: 4776, facets final: 1637, pending: 92342, pool: 300
I 1409.21] Elapsed: 23:29, vertices: 4790, facets final: 1649, pending: 92136, pool: 300
I 1414.83] Elapsed: 23:35, vertices: 4804, facets final: 1662, pending: 92191, pool: 300
I 1420.03] Elapsed: 23:40, vertices: 4817, facets final: 1670, pending: 92240, pool: 300
I 1425.40] Elapsed: 23:45, vertices: 4830, facets final: 1673, pending: 92119, pool: 300
I 1430.57] Elapsed: 23:51, vertices: 4842, facets final: 1680, pending: 92358, pool: 300
I 1435.78] Elapsed: 23:56, vertices: 4855, facets final: 1688, pending: 92255, pool: 300
I 1441.08] Elapsed: 24:01, vertices: 4869, facets final: 1701, pending: 92180, pool: 300
I 1446.18] Elapsed: 24:06, vertices: 4882, facets final: 1708, pending: 92154, pool: 300
I 1451.45] Elapsed: 24:11, vertices: 4896, facets final: 1713, pending: 92165, pool: 300
I 1456.58] Elapsed: 24:17, vertices: 4908, facets final: 1716, pending: 92205, pool: 300
I 1461.84] Elapsed: 24:22, vertices: 4921, facets final: 1720, pending: 91960, pool: 300
I 1467.05] Elapsed: 24:27, vertices: 4935, facets final: 1728, pending: 92091, pool: 300
I 1472.16] Elapsed: 24:32, vertices: 4947, facets final: 1737, pending: 91858, pool: 300
I 1477.24] Elapsed: 24:37, vertices: 4961, facets final: 1746, pending: 91887, pool: 300
I 1482.44] Elapsed: 24:42, vertices: 4973, facets final: 1761, pending: 91869, pool: 300
I 1487.44] Elapsed: 24:47, vertices: 4985, facets final: 1775, pending: 91825, pool: 300
I 1492.47] Elapsed: 24:52, vertices: 4999, facets final: 1784, pending: 91726, pool: 300
I 1497.72] Elapsed: 24:58, vertices: 5013, facets final: 1792, pending: 91633, pool: 300
I 1502.98] Elapsed: 25:03, vertices: 5025, facets final: 1798, pending: 91585, pool: 300
I 1508.04] Elapsed: 25:08, vertices: 5037, facets final: 1815, pending: 91686, pool: 300
I 1513.19] Elapsed: 25:13, vertices: 5051, facets final: 1820, pending: 91794, pool: 300
I 1518.32] Elapsed: 25:18, vertices: 5065, facets final: 1833, pending: 91751, pool: 300
I 1523.57] Elapsed: 25:24, vertices: 5079, facets final: 1844, pending: 91721, pool: 300
I 1528.80] Elapsed: 25:29, vertices: 5093, facets final: 1852, pending: 91670, pool: 300
I 1534.32] Elapsed: 25:34, vertices: 5106, facets final: 1859, pending: 91443, pool: 300
I 1539.42] Elapsed: 25:39, vertices: 5119, facets final: 1866, pending: 91386, pool: 299
I 1544.60] Elapsed: 25:45, vertices: 5131, facets final: 1874, pending: 91134, pool: 300
I 1549.65] Elapsed: 25:50, vertices: 5145, facets final: 1884, pending: 91197, pool: 300
I 1554.92] Elapsed: 25:55, vertices: 5160, facets final: 1898, pending: 91109, pool: 300
I 1560.20] Elapsed: 26:00, vertices: 5173, facets final: 1906, pending: 91143, pool: 300
I 1565.26] Elapsed: 26:05, vertices: 5186, facets final: 1913, pending: 91016, pool: 300
I 1570.26] Elapsed: 26:10, vertices: 5199, facets final: 1919, pending: 91104, pool: 300
I 1575.59] Elapsed: 26:16, vertices: 5213, facets final: 1933, pending: 91208, pool: 300
I 1580.60] Elapsed: 26:21, vertices: 5226, facets final: 1936, pending: 91219, pool: 300
I 1585.81] Elapsed: 26:26, vertices: 5240, facets final: 1943, pending: 91189, pool: 300
I 1591.24] Elapsed: 26:31, vertices: 5254, facets final: 1948, pending: 91206, pool: 300
I 1596.90] Elapsed: 26:37, vertices: 5268, facets final: 1954, pending: 91317, pool: 300
I 1602.08] Elapsed: 26:42, vertices: 5282, facets final: 1968, pending: 91355, pool: 300
I 1607.23] Elapsed: 26:47, vertices: 5294, facets final: 1971, pending: 91386, pool: 300
I 1612.38] Elapsed: 26:52, vertices: 5307, facets final: 1990, pending: 91252, pool: 300
I 1617.48] Elapsed: 26:57, vertices: 5320, facets final: 1993, pending: 91381, pool: 300
I 1622.52] Elapsed: 27:03, vertices: 5333, facets final: 2005, pending: 91391, pool: 300
I 1627.77] Elapsed: 27:08, vertices: 5345, facets final: 2014, pending: 91371, pool: 300
I 1632.97] Elapsed: 27:13, vertices: 5356, facets final: 2028, pending: 91358, pool: 300
I 1638.01] Elapsed: 27:18, vertices: 5370, facets final: 2036, pending: 91242, pool: 300
I 1643.10] Elapsed: 27:23, vertices: 5384, facets final: 2041, pending: 91279, pool: 299
I 1648.24] Elapsed: 27:28, vertices: 5397, facets final: 2047, pending: 91304, pool: 300
I 1653.33] Elapsed: 27:33, vertices: 5411, facets final: 2054, pending: 91148, pool: 300
I 1658.55] Elapsed: 27:39, vertices: 5424, facets final: 2066, pending: 91280, pool: 300
I 1663.84] Elapsed: 27:44, vertices: 5439, facets final: 2083, pending: 91314, pool: 300
I 1668.96] Elapsed: 27:49, vertices: 5450, facets final: 2091, pending: 91372, pool: 300
I 1674.09] Elapsed: 27:54, vertices: 5464, facets final: 2104, pending: 91201, pool: 300
I 1679.20] Elapsed: 27:59, vertices: 5476, facets final: 2110, pending: 91129, pool: 300
I 1684.33] Elapsed: 28:04, vertices: 5489, facets final: 2115, pending: 91083, pool: 300
I 1689.41] Elapsed: 28:09, vertices: 5501, facets final: 2127, pending: 91062, pool: 300
I 1694.64] Elapsed: 28:15, vertices: 5515, facets final: 2136, pending: 90921, pool: 300
I 1699.71] Elapsed: 28:20, vertices: 5528, facets final: 2147, pending: 90786, pool: 300
I 1704.74] Elapsed: 28:25, vertices: 5542, facets final: 2152, pending: 90903, pool: 300
I 1709.84] Elapsed: 28:30, vertices: 5554, facets final: 2163, pending: 90894, pool: 300
I 1715.11] Elapsed: 28:35, vertices: 5568, facets final: 2174, pending: 90886, pool: 300
I 1720.16] Elapsed: 28:40, vertices: 5583, facets final: 2183, pending: 90890, pool: 300
I 1725.19] Elapsed: 28:45, vertices: 5595, facets final: 2194, pending: 90932, pool: 300
I 1730.40] Elapsed: 28:50, vertices: 5610, facets final: 2202, pending: 90953, pool: 300
I 1735.66] Elapsed: 28:56, vertices: 5624, facets final: 2211, pending: 90886, pool: 300
I 1740.99] Elapsed: 29:01, vertices: 5636, facets final: 2221, pending: 90813, pool: 300
I 1746.11] Elapsed: 29:06, vertices: 5649, facets final: 2230, pending: 90742, pool: 300
I 1751.24] Elapsed: 29:11, vertices: 5660, facets final: 2244, pending: 90753, pool: 300
I 1756.43] Elapsed: 29:16, vertices: 5674, facets final: 2256, pending: 90675, pool: 300
I 1761.52] Elapsed: 29:22, vertices: 5688, facets final: 2264, pending: 90566, pool: 300
I 1766.59] Elapsed: 29:27, vertices: 5701, facets final: 2274, pending: 90448, pool: 300
I 1771.82] Elapsed: 29:32, vertices: 5715, facets final: 2279, pending: 90405, pool: 299
I 1776.91] Elapsed: 29:37, vertices: 5726, facets final: 2288, pending: 90561, pool: 300
I 1782.15] Elapsed: 29:42, vertices: 5738, facets final: 2300, pending: 90412, pool: 300
I 1787.57] Elapsed: 29:48, vertices: 5751, facets final: 2309, pending: 90447, pool: 300
I 1792.88] Elapsed: 29:53, vertices: 5764, facets final: 2319, pending: 90132, pool: 300
I 1797.88] Elapsed: 29:58, vertices: 5777, facets final: 2329, pending: 90032, pool: 300
I 1803.05] Elapsed: 30:03, vertices: 5790, facets final: 2339, pending: 90000, pool: 300
I 1808.11] Elapsed: 30:08, vertices: 5804, facets final: 2352, pending: 90056, pool: 300
I 1813.51] Elapsed: 30:14, vertices: 5818, facets final: 2357, pending: 90032, pool: 300
I 1818.58] Elapsed: 30:19, vertices: 5831, facets final: 2371, pending: 89866, pool: 300
I 1823.63] Elapsed: 30:24, vertices: 5843, facets final: 2384, pending: 89855, pool: 300
I 1828.63] Elapsed: 30:29, vertices: 5856, facets final: 2394, pending: 89832, pool: 300
I 1833.66] Elapsed: 30:34, vertices: 5870, facets final: 2407, pending: 89564, pool: 300
I 1838.99] Elapsed: 30:39, vertices: 5885, facets final: 2415, pending: 89429, pool: 300
I 1844.27] Elapsed: 30:44, vertices: 5899, facets final: 2425, pending: 89173, pool: 300
I 1849.36] Elapsed: 30:49, vertices: 5914, facets final: 2437, pending: 89217, pool: 300
I 1854.67] Elapsed: 30:55, vertices: 5928, facets final: 2448, pending: 89163, pool: 300
I 1859.80] Elapsed: 31:00, vertices: 5943, facets final: 2458, pending: 89180, pool: 300
I 1864.88] Elapsed: 31:05, vertices: 5957, facets final: 2462, pending: 89135, pool: 300
I 1869.98] Elapsed: 31:10, vertices: 5970, facets final: 2480, pending: 88762, pool: 300
I 1875.14] Elapsed: 31:15, vertices: 5983, facets final: 2488, pending: 88810, pool: 300
I 1880.40] Elapsed: 31:20, vertices: 5997, facets final: 2499, pending: 88827, pool: 300
I 1885.51] Elapsed: 31:26, vertices: 6010, facets final: 2522, pending: 88824, pool: 300
I 1890.69] Elapsed: 31:31, vertices: 6024, facets final: 2536, pending: 88605, pool: 300
I 1895.85] Elapsed: 31:36, vertices: 6038, facets final: 2555, pending: 88542, pool: 300
I 1900.85] Elapsed: 31:41, vertices: 6052, facets final: 2566, pending: 88438, pool: 300
I 1905.93] Elapsed: 31:46, vertices: 6065, facets final: 2581, pending: 88491, pool: 300
I 1911.05] Elapsed: 31:51, vertices: 6077, facets final: 2591, pending: 88453, pool: 300
I 1916.30] Elapsed: 31:56, vertices: 6092, facets final: 2605, pending: 88239, pool: 300
I 1921.32] Elapsed: 32:01, vertices: 6106, facets final: 2610, pending: 88204, pool: 300
I 1926.57] Elapsed: 32:07, vertices: 6121, facets final: 2635, pending: 88103, pool: 300
I 1931.73] Elapsed: 32:12, vertices: 6134, facets final: 2650, pending: 88004, pool: 300
I 1936.74] Elapsed: 32:17, vertices: 6148, facets final: 2658, pending: 87967, pool: 300
I 1942.09] Elapsed: 32:22, vertices: 6163, facets final: 2672, pending: 88054, pool: 300
I 1947.11] Elapsed: 32:27, vertices: 6176, facets final: 2682, pending: 87854, pool: 300
I 1952.15] Elapsed: 32:32, vertices: 6188, facets final: 2698, pending: 87655, pool: 300
I 1957.44] Elapsed: 32:37, vertices: 6204, facets final: 2717, pending: 87564, pool: 300
I 1962.68] Elapsed: 32:43, vertices: 6218, facets final: 2728, pending: 87462, pool: 300
I 1967.83] Elapsed: 32:48, vertices: 6231, facets final: 2743, pending: 87353, pool: 300
I 1972.91] Elapsed: 32:53, vertices: 6245, facets final: 2761, pending: 87314, pool: 300
I 1978.11] Elapsed: 32:58, vertices: 6259, facets final: 2782, pending: 87286, pool: 300
I 1983.46] Elapsed: 33:03, vertices: 6273, facets final: 2796, pending: 87139, pool: 300
I 1988.61] Elapsed: 33:09, vertices: 6287, facets final: 2810, pending: 87034, pool: 299
I 1993.63] Elapsed: 33:14, vertices: 6300, facets final: 2828, pending: 87101, pool: 300
I 1998.87] Elapsed: 33:19, vertices: 6313, facets final: 2849, pending: 86922, pool: 300
I 2003.87] Elapsed: 33:24, vertices: 6327, facets final: 2866, pending: 86917, pool: 300
I 2009.07] Elapsed: 33:29, vertices: 6341, facets final: 2875, pending: 86897, pool: 300
I 2014.17] Elapsed: 33:34, vertices: 6355, facets final: 2890, pending: 86943, pool: 300
I 2019.19] Elapsed: 33:39, vertices: 6369, facets final: 2905, pending: 87037, pool: 300
I 2024.26] Elapsed: 33:44, vertices: 6383, facets final: 2926, pending: 86977, pool: 300
I 2029.26] Elapsed: 33:49, vertices: 6396, facets final: 2933, pending: 86810, pool: 300
I 2034.52] Elapsed: 33:55, vertices: 6411, facets final: 2950, pending: 86832, pool: 300
I 2039.60] Elapsed: 34:00, vertices: 6425, facets final: 2956, pending: 86774, pool: 300
I 2044.94] Elapsed: 34:05, vertices: 6438, facets final: 2963, pending: 86673, pool: 300
I 2050.29] Elapsed: 34:10, vertices: 6451, facets final: 2973, pending: 86558, pool: 300
I 2055.70] Elapsed: 34:16, vertices: 6467, facets final: 2990, pending: 86356, pool: 300
I 2060.70] Elapsed: 34:21, vertices: 6481, facets final: 3001, pending: 86275, pool: 299
I 2065.70] Elapsed: 34:26, vertices: 6494, facets final: 3017, pending: 86208, pool: 300
I 2070.76] Elapsed: 34:31, vertices: 6506, facets final: 3033, pending: 86132, pool: 300
I 2075.92] Elapsed: 34:36, vertices: 6521, facets final: 3053, pending: 86060, pool: 299
I 2081.01] Elapsed: 34:41, vertices: 6535, facets final: 3073, pending: 85993, pool: 300
I 2086.43] Elapsed: 34:46, vertices: 6551, facets final: 3083, pending: 85930, pool: 300
I 2091.66] Elapsed: 34:52, vertices: 6567, facets final: 3095, pending: 85930, pool: 300
I 2096.69] Elapsed: 34:57, vertices: 6581, facets final: 3102, pending: 85944, pool: 300
I 2102.08] Elapsed: 35:02, vertices: 6596, facets final: 3119, pending: 85787, pool: 300
I 2107.26] Elapsed: 35:07, vertices: 6611, facets final: 3133, pending: 85776, pool: 300
I 2112.33] Elapsed: 35:12, vertices: 6625, facets final: 3144, pending: 85857, pool: 300
I 2117.48] Elapsed: 35:17, vertices: 6640, facets final: 3163, pending: 85845, pool: 300
I 2122.67] Elapsed: 35:23, vertices: 6654, facets final: 3171, pending: 85832, pool: 300
I 2127.76] Elapsed: 35:28, vertices: 6668, facets final: 3187, pending: 85703, pool: 300
I 2132.93] Elapsed: 35:33, vertices: 6683, facets final: 3202, pending: 85616, pool: 300
I 2138.11] Elapsed: 35:38, vertices: 6698, facets final: 3219, pending: 85547, pool: 300
I 2143.38] Elapsed: 35:43, vertices: 6714, facets final: 3239, pending: 85437, pool: 300
I 2148.38] Elapsed: 35:48, vertices: 6728, facets final: 3243, pending: 85312, pool: 300
I 2153.43] Elapsed: 35:53, vertices: 6741, facets final: 3254, pending: 85472, pool: 300
I 2158.44] Elapsed: 35:58, vertices: 6754, facets final: 3264, pending: 85274, pool: 300
I 2163.44] Elapsed: 36:03, vertices: 6768, facets final: 3274, pending: 85257, pool: 300
I 2168.64] Elapsed: 36:09, vertices: 6782, facets final: 3289, pending: 85309, pool: 300
I 2173.84] Elapsed: 36:14, vertices: 6798, facets final: 3317, pending: 85121, pool: 300
I 2178.93] Elapsed: 36:19, vertices: 6810, facets final: 3327, pending: 85171, pool: 300
I 2184.21] Elapsed: 36:24, vertices: 6825, facets final: 3357, pending: 85039, pool: 300
I 2189.40] Elapsed: 36:29, vertices: 6840, facets final: 3371, pending: 85024, pool: 299
I 2194.40] Elapsed: 36:34, vertices: 6855, facets final: 3401, pending: 84902, pool: 300
I 2199.62] Elapsed: 36:40, vertices: 6870, facets final: 3416, pending: 84806, pool: 300
I 2204.81] Elapsed: 36:45, vertices: 6885, facets final: 3426, pending: 84735, pool: 300
I 2209.98] Elapsed: 36:50, vertices: 6899, facets final: 3439, pending: 84749, pool: 300
I 2214.98] Elapsed: 36:55, vertices: 6913, facets final: 3455, pending: 84708, pool: 300
I 2220.01] Elapsed: 37:00, vertices: 6927, facets final: 3484, pending: 84673, pool: 300
I 2225.17] Elapsed: 37:05, vertices: 6942, facets final: 3493, pending: 84616, pool: 300
I 2230.23] Elapsed: 37:10, vertices: 6956, facets final: 3513, pending: 84581, pool: 300
I 2235.43] Elapsed: 37:15, vertices: 6971, facets final: 3525, pending: 84416, pool: 300
I 2240.68] Elapsed: 37:21, vertices: 6985, facets final: 3546, pending: 84319, pool: 300
I 2245.69] Elapsed: 37:26, vertices: 6999, facets final: 3553, pending: 84183, pool: 300
I 2251.05] Elapsed: 37:31, vertices: 7014, facets final: 3568, pending: 84118, pool: 300
I 2256.05] Elapsed: 37:36, vertices: 7028, facets final: 3590, pending: 83942, pool: 300
I 2261.14] Elapsed: 37:41, vertices: 7042, facets final: 3600, pending: 83897, pool: 300
I 2266.18] Elapsed: 37:46, vertices: 7059, facets final: 3611, pending: 83809, pool: 300
I 2271.30] Elapsed: 37:51, vertices: 7073, facets final: 3624, pending: 83604, pool: 300
I 2276.43] Elapsed: 37:56, vertices: 7089, facets final: 3645, pending: 83579, pool: 300
I 2281.67] Elapsed: 38:02, vertices: 7105, facets final: 3673, pending: 83458, pool: 300
I 2286.73] Elapsed: 38:07, vertices: 7121, facets final: 3691, pending: 83397, pool: 300
I 2291.81] Elapsed: 38:12, vertices: 7136, facets final: 3711, pending: 83211, pool: 300
I 2297.05] Elapsed: 38:17, vertices: 7151, facets final: 3728, pending: 83076, pool: 300
I 2302.06] Elapsed: 38:22, vertices: 7165, facets final: 3750, pending: 83108, pool: 300
I 2307.42] Elapsed: 38:27, vertices: 7180, facets final: 3791, pending: 82998, pool: 300
I 2312.42] Elapsed: 38:32, vertices: 7194, facets final: 3810, pending: 82871, pool: 300
I 2317.83] Elapsed: 38:38, vertices: 7210, facets final: 3826, pending: 82844, pool: 300
I 2323.14] Elapsed: 38:43, vertices: 7224, facets final: 3842, pending: 82817, pool: 300
I 2328.23] Elapsed: 38:48, vertices: 7237, facets final: 3848, pending: 82874, pool: 300
I 2333.24] Elapsed: 38:53, vertices: 7250, facets final: 3875, pending: 82777, pool: 300
I 2338.46] Elapsed: 38:58, vertices: 7265, facets final: 3894, pending: 82670, pool: 300
I 2343.61] Elapsed: 39:04, vertices: 7279, facets final: 3903, pending: 82516, pool: 300
I 2348.81] Elapsed: 39:09, vertices: 7294, facets final: 3926, pending: 82456, pool: 300
I 2353.97] Elapsed: 39:14, vertices: 7307, facets final: 3938, pending: 82513, pool: 300
I 2359.07] Elapsed: 39:19, vertices: 7321, facets final: 3962, pending: 82392, pool: 300
I 2364.19] Elapsed: 39:24, vertices: 7335, facets final: 3970, pending: 82239, pool: 300
I 2369.38] Elapsed: 39:29, vertices: 7349, facets final: 3988, pending: 82219, pool: 300
I 2374.56] Elapsed: 39:35, vertices: 7362, facets final: 4009, pending: 82100, pool: 300
I 2379.61] Elapsed: 39:40, vertices: 7377, facets final: 4035, pending: 82063, pool: 300
I 2384.71] Elapsed: 39:45, vertices: 7393, facets final: 4074, pending: 81971, pool: 300
I 2389.95] Elapsed: 39:50, vertices: 7409, facets final: 4082, pending: 81858, pool: 299
I 2395.07] Elapsed: 39:55, vertices: 7425, facets final: 4094, pending: 81694, pool: 300
I 2400.09] Elapsed: 40:00, vertices: 7441, facets final: 4119, pending: 81655, pool: 300
I 2405.40] Elapsed: 40:05, vertices: 7458, facets final: 4130, pending: 81421, pool: 300
I 2410.72] Elapsed: 40:11, vertices: 7474, facets final: 4149, pending: 81164, pool: 300
I 2415.80] Elapsed: 40:16, vertices: 7490, facets final: 4175, pending: 81030, pool: 300
I 2420.85] Elapsed: 40:21, vertices: 7505, facets final: 4189, pending: 80960, pool: 300
I 2426.01] Elapsed: 40:26, vertices: 7521, facets final: 4224, pending: 80777, pool: 300
I 2431.18] Elapsed: 40:31, vertices: 7537, facets final: 4245, pending: 80726, pool: 300
I 2436.45] Elapsed: 40:36, vertices: 7554, facets final: 4257, pending: 80684, pool: 300
I 2441.63] Elapsed: 40:42, vertices: 7570, facets final: 4263, pending: 80639, pool: 300
I 2446.88] Elapsed: 40:47, vertices: 7585, facets final: 4283, pending: 80494, pool: 300
I 2452.05] Elapsed: 40:52, vertices: 7600, facets final: 4312, pending: 80349, pool: 300
I 2457.18] Elapsed: 40:57, vertices: 7615, facets final: 4333, pending: 80282, pool: 300
I 2462.40] Elapsed: 41:02, vertices: 7631, facets final: 4350, pending: 80134, pool: 299
I 2467.70] Elapsed: 41:08, vertices: 7646, facets final: 4373, pending: 80079, pool: 300
I 2472.70] Elapsed: 41:13, vertices: 7661, facets final: 4387, pending: 79871, pool: 300
I 2477.76] Elapsed: 41:18, vertices: 7675, facets final: 4409, pending: 79722, pool: 300
I 2482.78] Elapsed: 41:23, vertices: 7690, facets final: 4425, pending: 79583, pool: 300
I 2487.96] Elapsed: 41:28, vertices: 7705, facets final: 4438, pending: 79506, pool: 300
I 2493.25] Elapsed: 41:33, vertices: 7719, facets final: 4460, pending: 79406, pool: 300
I 2498.34] Elapsed: 41:38, vertices: 7735, facets final: 4480, pending: 79294, pool: 300
I 2503.60] Elapsed: 41:44, vertices: 7751, facets final: 4509, pending: 79207, pool: 300
I 2508.98] Elapsed: 41:49, vertices: 7766, facets final: 4515, pending: 79225, pool: 300
I 2514.25] Elapsed: 41:54, vertices: 7779, facets final: 4535, pending: 79081, pool: 300
I 2519.50] Elapsed: 42:00, vertices: 7794, facets final: 4564, pending: 78913, pool: 300
I 2524.67] Elapsed: 42:05, vertices: 7808, facets final: 4590, pending: 78883, pool: 300
I 2529.91] Elapsed: 42:10, vertices: 7822, facets final: 4605, pending: 78877, pool: 300
I 2535.07] Elapsed: 42:15, vertices: 7835, facets final: 4629, pending: 78791, pool: 300
I 2540.29] Elapsed: 42:20, vertices: 7851, facets final: 4645, pending: 78742, pool: 300
I 2545.39] Elapsed: 42:25, vertices: 7867, facets final: 4690, pending: 78674, pool: 300
I 2550.53] Elapsed: 42:31, vertices: 7882, facets final: 4707, pending: 78566, pool: 300
I 2555.69] Elapsed: 42:36, vertices: 7900, facets final: 4739, pending: 78423, pool: 300
I 2560.82] Elapsed: 42:41, vertices: 7917, facets final: 4769, pending: 78394, pool: 300
I 2565.84] Elapsed: 42:46, vertices: 7934, facets final: 4803, pending: 78355, pool: 300
I 2570.88] Elapsed: 42:51, vertices: 7950, facets final: 4816, pending: 78307, pool: 300
I 2576.06] Elapsed: 42:56, vertices: 7966, facets final: 4846, pending: 78170, pool: 300
I 2581.15] Elapsed: 43:01, vertices: 7982, facets final: 4865, pending: 78187, pool: 300
I 2586.56] Elapsed: 43:07, vertices: 8000, facets final: 4890, pending: 78044, pool: 300
I 2591.80] Elapsed: 43:12, vertices: 8017, facets final: 4913, pending: 77939, pool: 300
I 2596.80] Elapsed: 43:17, vertices: 8033, facets final: 4934, pending: 77883, pool: 300
I 2601.95] Elapsed: 43:22, vertices: 8050, facets final: 4966, pending: 77767, pool: 300
I 2606.99] Elapsed: 43:27, vertices: 8066, facets final: 5014, pending: 77674, pool: 300
I 2612.14] Elapsed: 43:32, vertices: 8081, facets final: 5028, pending: 77656, pool: 300
I 2617.25] Elapsed: 43:37, vertices: 8098, facets final: 5059, pending: 77555, pool: 300
I 2622.53] Elapsed: 43:43, vertices: 8115, facets final: 5072, pending: 77434, pool: 300
I 2627.88] Elapsed: 43:48, vertices: 8132, facets final: 5094, pending: 77265, pool: 300
I 2632.88] Elapsed: 43:53, vertices: 8148, facets final: 5131, pending: 77203, pool: 300
I 2638.06] Elapsed: 43:58, vertices: 8164, facets final: 5158, pending: 77139, pool: 300
I 2643.06] Elapsed: 44:03, vertices: 8180, facets final: 5182, pending: 77074, pool: 300
I 2648.23] Elapsed: 44:08, vertices: 8195, facets final: 5211, pending: 76929, pool: 300
I 2653.54] Elapsed: 44:14, vertices: 8210, facets final: 5239, pending: 76834, pool: 300
I 2658.84] Elapsed: 44:19, vertices: 8226, facets final: 5254, pending: 76742, pool: 300
I 2664.11] Elapsed: 44:24, vertices: 8242, facets final: 5286, pending: 76634, pool: 300
I 2669.48] Elapsed: 44:29, vertices: 8258, facets final: 5317, pending: 76539, pool: 300
I 2674.59] Elapsed: 44:35, vertices: 8273, facets final: 5365, pending: 76493, pool: 300
I 2679.64] Elapsed: 44:40, vertices: 8288, facets final: 5388, pending: 76445, pool: 300
I 2684.71] Elapsed: 44:45, vertices: 8304, facets final: 5419, pending: 76311, pool: 300
I 2689.87] Elapsed: 44:50, vertices: 8319, facets final: 5454, pending: 76177, pool: 300
I 2694.93] Elapsed: 44:55, vertices: 8333, facets final: 5485, pending: 76099, pool: 300
I 2700.12] Elapsed: 45:00, vertices: 8348, facets final: 5520, pending: 76035, pool: 300
I 2705.27] Elapsed: 45:05, vertices: 8363, facets final: 5551, pending: 75987, pool: 300
I 2710.42] Elapsed: 45:10, vertices: 8378, facets final: 5564, pending: 75904, pool: 300
I 2715.59] Elapsed: 45:16, vertices: 8393, facets final: 5578, pending: 75786, pool: 300
I 2720.74] Elapsed: 45:21, vertices: 8407, facets final: 5596, pending: 75701, pool: 300
I 2725.77] Elapsed: 45:26, vertices: 8422, facets final: 5609, pending: 75585, pool: 300
I 2730.85] Elapsed: 45:31, vertices: 8437, facets final: 5644, pending: 75525, pool: 300
I 2736.21] Elapsed: 45:36, vertices: 8452, facets final: 5669, pending: 75440, pool: 300
I 2741.21] Elapsed: 45:41, vertices: 8466, facets final: 5693, pending: 75352, pool: 300
I 2746.46] Elapsed: 45:46, vertices: 8479, facets final: 5717, pending: 75287, pool: 300
I 2751.60] Elapsed: 45:52, vertices: 8493, facets final: 5749, pending: 75192, pool: 300
I 2756.61] Elapsed: 45:57, vertices: 8509, facets final: 5773, pending: 75129, pool: 300
I 2761.66] Elapsed: 46:02, vertices: 8526, facets final: 5795, pending: 75018, pool: 300
I 2766.66] Elapsed: 46:07, vertices: 8542, facets final: 5830, pending: 74952, pool: 299
I 2771.75] Elapsed: 46:12, vertices: 8559, facets final: 5867, pending: 74785, pool: 299
I 2777.05] Elapsed: 46:17, vertices: 8577, facets final: 5900, pending: 74592, pool: 300
I 2782.09] Elapsed: 46:22, vertices: 8595, facets final: 5930, pending: 74495, pool: 300
I 2787.34] Elapsed: 46:27, vertices: 8612, facets final: 5971, pending: 74364, pool: 300
I 2792.47] Elapsed: 46:32, vertices: 8629, facets final: 6001, pending: 74354, pool: 300
I 2797.63] Elapsed: 46:38, vertices: 8646, facets final: 6036, pending: 74283, pool: 300
I 2802.64] Elapsed: 46:43, vertices: 8663, facets final: 6069, pending: 74189, pool: 299
I 2807.95] Elapsed: 46:48, vertices: 8681, facets final: 6094, pending: 74129, pool: 300
I 2813.15] Elapsed: 46:53, vertices: 8699, facets final: 6123, pending: 74011, pool: 300
I 2818.33] Elapsed: 46:58, vertices: 8716, facets final: 6151, pending: 73947, pool: 300
I 2823.44] Elapsed: 47:03, vertices: 8733, facets final: 6182, pending: 73843, pool: 300
I 2828.51] Elapsed: 47:09, vertices: 8750, facets final: 6207, pending: 73636, pool: 300
I 2833.64] Elapsed: 47:14, vertices: 8766, facets final: 6235, pending: 73615, pool: 300
I 2838.66] Elapsed: 47:19, vertices: 8781, facets final: 6263, pending: 73542, pool: 300
I 2843.67] Elapsed: 47:24, vertices: 8798, facets final: 6303, pending: 73361, pool: 300
I 2848.74] Elapsed: 47:29, vertices: 8813, facets final: 6323, pending: 73308, pool: 300
I 2853.77] Elapsed: 47:34, vertices: 8829, facets final: 6351, pending: 73191, pool: 300
I 2858.99] Elapsed: 47:39, vertices: 8846, facets final: 6381, pending: 73109, pool: 300
I 2864.20] Elapsed: 47:44, vertices: 8864, facets final: 6404, pending: 73004, pool: 300
I 2869.39] Elapsed: 47:49, vertices: 8881, facets final: 6461, pending: 72873, pool: 300
I 2874.39] Elapsed: 47:54, vertices: 8897, facets final: 6527, pending: 72773, pool: 300
I 2879.48] Elapsed: 47:59, vertices: 8913, facets final: 6566, pending: 72641, pool: 300
I 2884.59] Elapsed: 48:05, vertices: 8929, facets final: 6615, pending: 72537, pool: 300
I 2889.59] Elapsed: 48:10, vertices: 8945, facets final: 6653, pending: 72441, pool: 300
I 2894.64] Elapsed: 48:15, vertices: 8961, facets final: 6687, pending: 72318, pool: 300
I 2899.92] Elapsed: 48:20, vertices: 8977, facets final: 6712, pending: 72212, pool: 300
I 2905.22] Elapsed: 48:25, vertices: 8994, facets final: 6751, pending: 72113, pool: 300
I 2910.32] Elapsed: 48:30, vertices: 9010, facets final: 6778, pending: 72061, pool: 300
I 2915.43] Elapsed: 48:35, vertices: 9026, facets final: 6820, pending: 72055, pool: 300
I 2920.74] Elapsed: 48:41, vertices: 9042, facets final: 6867, pending: 71866, pool: 300
I 2925.75] Elapsed: 48:46, vertices: 9058, facets final: 6916, pending: 71769, pool: 300
I 2930.91] Elapsed: 48:51, vertices: 9074, facets final: 6941, pending: 71711, pool: 300
I 2936.04] Elapsed: 48:56, vertices: 9090, facets final: 6988, pending: 71580, pool: 300
I 2941.05] Elapsed: 49:01, vertices: 9106, facets final: 7013, pending: 71519, pool: 300
I 2946.14] Elapsed: 49:06, vertices: 9122, facets final: 7032, pending: 71410, pool: 300
I 2951.34] Elapsed: 49:11, vertices: 9138, facets final: 7082, pending: 71244, pool: 300
I 2956.38] Elapsed: 49:16, vertices: 9154, facets final: 7123, pending: 71119, pool: 300
I 2961.40] Elapsed: 49:21, vertices: 9170, facets final: 7152, pending: 71004, pool: 300
I 2966.70] Elapsed: 49:27, vertices: 9186, facets final: 7185, pending: 70973, pool: 300
I 2971.99] Elapsed: 49:32, vertices: 9202, facets final: 7219, pending: 70862, pool: 300
I 2977.01] Elapsed: 49:37, vertices: 9217, facets final: 7251, pending: 70772, pool: 300
I 2982.06] Elapsed: 49:42, vertices: 9232, facets final: 7291, pending: 70650, pool: 300
I 2987.23] Elapsed: 49:47, vertices: 9248, facets final: 7339, pending: 70509, pool: 300
I 2992.44] Elapsed: 49:52, vertices: 9264, facets final: 7388, pending: 70361, pool: 300
I 2997.65] Elapsed: 49:58, vertices: 9279, facets final: 7431, pending: 70259, pool: 300
I 3002.93] Elapsed: 50:03, vertices: 9296, facets final: 7461, pending: 70156, pool: 300
I 3007.97] Elapsed: 50:08, vertices: 9311, facets final: 7504, pending: 70080, pool: 299
I 3013.24] Elapsed: 50:13, vertices: 9326, facets final: 7535, pending: 69949, pool: 300
I 3018.53] Elapsed: 50:19, vertices: 9342, facets final: 7574, pending: 69815, pool: 300
I 3023.78] Elapsed: 50:24, vertices: 9358, facets final: 7623, pending: 69684, pool: 300
I 3028.89] Elapsed: 50:29, vertices: 9374, facets final: 7649, pending: 69552, pool: 300
I 3034.14] Elapsed: 50:34, vertices: 9390, facets final: 7693, pending: 69474, pool: 300
I 3039.32] Elapsed: 50:39, vertices: 9406, facets final: 7727, pending: 69359, pool: 300
I 3044.49] Elapsed: 50:44, vertices: 9421, facets final: 7760, pending: 69282, pool: 300
I 3049.65] Elapsed: 50:50, vertices: 9436, facets final: 7777, pending: 69106, pool: 300
I 3054.69] Elapsed: 50:55, vertices: 9450, facets final: 7822, pending: 68952, pool: 300
I 3059.85] Elapsed: 51:00, vertices: 9465, facets final: 7856, pending: 68806, pool: 300
I 3065.03] Elapsed: 51:05, vertices: 9480, facets final: 7891, pending: 68722, pool: 300
I 3070.17] Elapsed: 51:10, vertices: 9496, facets final: 7935, pending: 68613, pool: 300
I 3075.21] Elapsed: 51:15, vertices: 9511, facets final: 7959, pending: 68512, pool: 300
I 3080.43] Elapsed: 51:20, vertices: 9525, facets final: 7994, pending: 68366, pool: 300
I 3085.57] Elapsed: 51:26, vertices: 9540, facets final: 8023, pending: 68292, pool: 300
I 3090.82] Elapsed: 51:31, vertices: 9555, facets final: 8055, pending: 68146, pool: 300
I 3095.99] Elapsed: 51:36, vertices: 9574, facets final: 8089, pending: 68088, pool: 300
I 3101.25] Elapsed: 51:41, vertices: 9593, facets final: 8138, pending: 67962, pool: 300
I 3106.25] Elapsed: 51:46, vertices: 9612, facets final: 8174, pending: 67868, pool: 300
I 3111.44] Elapsed: 51:51, vertices: 9632, facets final: 8220, pending: 67738, pool: 300
I 3116.48] Elapsed: 51:56, vertices: 9652, facets final: 8249, pending: 67683, pool: 300
I 3121.55] Elapsed: 52:02, vertices: 9672, facets final: 8294, pending: 67477, pool: 300
I 3126.74] Elapsed: 52:07, vertices: 9693, facets final: 8322, pending: 67340, pool: 300
I 3132.00] Elapsed: 52:12, vertices: 9713, facets final: 8350, pending: 67302, pool: 300
I 3137.14] Elapsed: 52:17, vertices: 9732, facets final: 8396, pending: 67173, pool: 300
I 3142.25] Elapsed: 52:22, vertices: 9751, facets final: 8444, pending: 67032, pool: 300
I 3147.28] Elapsed: 52:27, vertices: 9769, facets final: 8490, pending: 66885, pool: 300
I 3152.29] Elapsed: 52:32, vertices: 9787, facets final: 8592, pending: 66623, pool: 300
I 3157.42] Elapsed: 52:37, vertices: 9806, facets final: 8672, pending: 66508, pool: 300
I 3162.53] Elapsed: 52:43, vertices: 9824, facets final: 8747, pending: 66343, pool: 300
I 3167.60] Elapsed: 52:48, vertices: 9843, facets final: 8803, pending: 66213, pool: 300
I 3172.61] Elapsed: 52:53, vertices: 9862, facets final: 8850, pending: 66074, pool: 300
I 3177.61] Elapsed: 52:58, vertices: 9880, facets final: 8927, pending: 65916, pool: 300
I 3182.68] Elapsed: 53:03, vertices: 9899, facets final: 8973, pending: 65740, pool: 300
I 3187.69] Elapsed: 53:08, vertices: 9917, facets final: 9011, pending: 65677, pool: 300
I 3192.76] Elapsed: 53:13, vertices: 9936, facets final: 9067, pending: 65494, pool: 300
I 3197.90] Elapsed: 53:18, vertices: 9954, facets final: 9141, pending: 65316, pool: 300
I 3203.16] Elapsed: 53:23, vertices: 9974, facets final: 9205, pending: 65192, pool: 300
I 3208.30] Elapsed: 53:28, vertices: 9993, facets final: 9259, pending: 65052, pool: 300
I 3213.33] Elapsed: 53:33, vertices: 10011, facets final: 9319, pending: 64934, pool: 300
I 3218.54] Elapsed: 53:39, vertices: 10029, facets final: 9392, pending: 64853, pool: 300
I 3223.68] Elapsed: 53:44, vertices: 10049, facets final: 9446, pending: 64793, pool: 300
I 3228.76] Elapsed: 53:49, vertices: 10068, facets final: 9509, pending: 64662, pool: 300
I 3233.89] Elapsed: 53:54, vertices: 10087, facets final: 9559, pending: 64557, pool: 300
I 3238.97] Elapsed: 53:59, vertices: 10105, facets final: 9619, pending: 64370, pool: 300
I 3243.97] Elapsed: 54:04, vertices: 10123, facets final: 9670, pending: 64260, pool: 300
I 3249.13] Elapsed: 54:09, vertices: 10142, facets final: 9713, pending: 64185, pool: 300
I 3254.32] Elapsed: 54:14, vertices: 10161, facets final: 9758, pending: 64081, pool: 300
I 3259.57] Elapsed: 54:20, vertices: 10179, facets final: 9814, pending: 63990, pool: 300
I 3264.67] Elapsed: 54:25, vertices: 10198, facets final: 9875, pending: 63833, pool: 299
I 3269.97] Elapsed: 54:30, vertices: 10216, facets final: 9975, pending: 63607, pool: 300
I 3275.21] Elapsed: 54:35, vertices: 10234, facets final: 10091, pending: 63398, pool: 300
I 3280.24] Elapsed: 54:40, vertices: 10252, facets final: 10135, pending: 63352, pool: 300
I 3285.47] Elapsed: 54:45, vertices: 10271, facets final: 10195, pending: 63213, pool: 300
I 3290.64] Elapsed: 54:51, vertices: 10289, facets final: 10272, pending: 63083, pool: 300
I 3295.67] Elapsed: 54:56, vertices: 10306, facets final: 10345, pending: 62914, pool: 300
I 3300.87] Elapsed: 55:01, vertices: 10325, facets final: 10416, pending: 62758, pool: 300
I 3306.01] Elapsed: 55:06, vertices: 10343, facets final: 10457, pending: 62674, pool: 300
I 3311.08] Elapsed: 55:11, vertices: 10361, facets final: 10538, pending: 62531, pool: 300
I 3316.16] Elapsed: 55:16, vertices: 10379, facets final: 10617, pending: 62435, pool: 300
I 3321.18] Elapsed: 55:21, vertices: 10397, facets final: 10714, pending: 62190, pool: 300
I 3326.18] Elapsed: 55:26, vertices: 10414, facets final: 10783, pending: 62096, pool: 300
I 3331.23] Elapsed: 55:31, vertices: 10431, facets final: 10886, pending: 61913, pool: 300
I 3336.52] Elapsed: 55:37, vertices: 10449, facets final: 10948, pending: 61799, pool: 300
I 3341.66] Elapsed: 55:42, vertices: 10466, facets final: 10995, pending: 61651, pool: 300
I 3346.91] Elapsed: 55:47, vertices: 10483, facets final: 11072, pending: 61481, pool: 300
I 3352.03] Elapsed: 55:52, vertices: 10500, facets final: 11145, pending: 61269, pool: 300
I 3357.24] Elapsed: 55:57, vertices: 10518, facets final: 11213, pending: 61147, pool: 300
I 3362.36] Elapsed: 56:02, vertices: 10536, facets final: 11280, pending: 61016, pool: 300
I 3367.45] Elapsed: 56:07, vertices: 10554, facets final: 11348, pending: 60928, pool: 300
I 3372.61] Elapsed: 56:13, vertices: 10572, facets final: 11453, pending: 60810, pool: 300
I 3377.67] Elapsed: 56:18, vertices: 10589, facets final: 11546, pending: 60653, pool: 300
I 3382.80] Elapsed: 56:23, vertices: 10606, facets final: 11631, pending: 60483, pool: 300
I 3387.95] Elapsed: 56:28, vertices: 10624, facets final: 11691, pending: 60286, pool: 300
I 3393.19] Elapsed: 56:33, vertices: 10642, facets final: 11777, pending: 60146, pool: 300
I 3398.34] Elapsed: 56:38, vertices: 10660, facets final: 11835, pending: 60025, pool: 300
I 3403.34] Elapsed: 56:43, vertices: 10677, facets final: 11898, pending: 59960, pool: 300
I 3408.41] Elapsed: 56:48, vertices: 10695, facets final: 11983, pending: 59825, pool: 299
I 3413.56] Elapsed: 56:54, vertices: 10712, facets final: 12069, pending: 59699, pool: 300
I 3418.81] Elapsed: 56:59, vertices: 10730, facets final: 12129, pending: 59564, pool: 300
I 3423.98] Elapsed: 57:04, vertices: 10748, facets final: 12219, pending: 59398, pool: 299
I 3429.11] Elapsed: 57:09, vertices: 10766, facets final: 12280, pending: 59266, pool: 300
I 3434.31] Elapsed: 57:14, vertices: 10784, facets final: 12357, pending: 59139, pool: 300
I 3439.36] Elapsed: 57:19, vertices: 10801, facets final: 12458, pending: 58997, pool: 300
I 3444.56] Elapsed: 57:25, vertices: 10819, facets final: 12522, pending: 58860, pool: 300
I 3449.75] Elapsed: 57:30, vertices: 10836, facets final: 12623, pending: 58696, pool: 300
I 3454.79] Elapsed: 57:35, vertices: 10853, facets final: 12694, pending: 58548, pool: 300
I 3459.99] Elapsed: 57:40, vertices: 10871, facets final: 12751, pending: 58511, pool: 299
I 3465.10] Elapsed: 57:45, vertices: 10888, facets final: 12848, pending: 58310, pool: 300
I 3470.27] Elapsed: 57:50, vertices: 10905, facets final: 12927, pending: 58172, pool: 300
I 3475.51] Elapsed: 57:56, vertices: 10923, facets final: 13029, pending: 58026, pool: 299
I 3480.67] Elapsed: 58:01, vertices: 10940, facets final: 13119, pending: 57890, pool: 300
I 3485.85] Elapsed: 58:06, vertices: 10957, facets final: 13194, pending: 57814, pool: 300
I 3491.07] Elapsed: 58:11, vertices: 10975, facets final: 13304, pending: 57647, pool: 300
I 3496.14] Elapsed: 58:16, vertices: 10992, facets final: 13362, pending: 57501, pool: 300
I 3501.15] Elapsed: 58:21, vertices: 11009, facets final: 13440, pending: 57399, pool: 300
I 3506.15] Elapsed: 58:26, vertices: 11026, facets final: 13520, pending: 57268, pool: 300
I 3511.31] Elapsed: 58:31, vertices: 11043, facets final: 13636, pending: 57129, pool: 300
I 3516.40] Elapsed: 58:36, vertices: 11059, facets final: 13761, pending: 56969, pool: 300
I 3521.49] Elapsed: 58:41, vertices: 11076, facets final: 13817, pending: 56821, pool: 300
I 3526.61] Elapsed: 58:47, vertices: 11093, facets final: 13930, pending: 56634, pool: 300
I 3531.65] Elapsed: 58:52, vertices: 11110, facets final: 14009, pending: 56472, pool: 300
I 3536.70] Elapsed: 58:57, vertices: 11127, facets final: 14053, pending: 56376, pool: 300
I 3541.80] Elapsed: 59:02, vertices: 11144, facets final: 14181, pending: 56163, pool: 299
I 3546.95] Elapsed: 59:07, vertices: 11161, facets final: 14265, pending: 56029, pool: 300
I 3552.20] Elapsed: 59:12, vertices: 11179, facets final: 14321, pending: 55912, pool: 300
I 3557.42] Elapsed: 59:17, vertices: 11196, facets final: 14441, pending: 55700, pool: 300
I 3562.57] Elapsed: 59:23, vertices: 11213, facets final: 14586, pending: 55488, pool: 300
I 3567.78] Elapsed: 59:28, vertices: 11230, facets final: 14664, pending: 55328, pool: 300
I 3572.97] Elapsed: 59:33, vertices: 11247, facets final: 14790, pending: 55142, pool: 300
I 3578.14] Elapsed: 59:38, vertices: 11264, facets final: 14887, pending: 54990, pool: 300
I 3583.22] Elapsed: 59:43, vertices: 11280, facets final: 15010, pending: 54789, pool: 300
I 3588.41] Elapsed: 59:48, vertices: 11297, facets final: 15168, pending: 54598, pool: 300
I 3593.45] Elapsed: 59:53, vertices: 11313, facets final: 15277, pending: 54385, pool: 300
I 3598.64] Elapsed: 59:59, vertices: 11330, facets final: 15342, pending: 54249, pool: 300
I 3603.80] Elapsed: 1:00:04, vertices: 11347, facets final: 15494, pending: 54029, pool: 300
I 3608.81] Elapsed: 1:00:09, vertices: 11363, facets final: 15606, pending: 53842, pool: 300
I 3613.87] Elapsed: 1:00:14, vertices: 11379, facets final: 15737, pending: 53668, pool: 300
I 3618.94] Elapsed: 1:00:19, vertices: 11396, facets final: 15826, pending: 53523, pool: 300
I 3624.09] Elapsed: 1:00:24, vertices: 11413, facets final: 15885, pending: 53396, pool: 300
I 3629.15] Elapsed: 1:00:29, vertices: 11430, facets final: 15979, pending: 53278, pool: 299
I 3634.17] Elapsed: 1:00:34, vertices: 11446, facets final: 16116, pending: 53144, pool: 300
I 3639.32] Elapsed: 1:00:39, vertices: 11463, facets final: 16223, pending: 53010, pool: 300
I 3644.32] Elapsed: 1:00:44, vertices: 11479, facets final: 16353, pending: 52843, pool: 300
I 3649.58] Elapsed: 1:00:50, vertices: 11497, facets final: 16463, pending: 52689, pool: 300
I 3654.61] Elapsed: 1:00:55, vertices: 11513, facets final: 16587, pending: 52487, pool: 300
I 3659.72] Elapsed: 1:01:00, vertices: 11529, facets final: 16759, pending: 52263, pool: 299
I 3664.88] Elapsed: 1:01:05, vertices: 11546, facets final: 16910, pending: 52056, pool: 300
I 3670.17] Elapsed: 1:01:10, vertices: 11562, facets final: 17091, pending: 51820, pool: 300
I 3675.37] Elapsed: 1:01:15, vertices: 11579, facets final: 17215, pending: 51653, pool: 300
I 3680.55] Elapsed: 1:01:21, vertices: 11596, facets final: 17328, pending: 51487, pool: 300
I 3685.68] Elapsed: 1:01:26, vertices: 11613, facets final: 17411, pending: 51364, pool: 300
I 3690.83] Elapsed: 1:01:31, vertices: 11630, facets final: 17519, pending: 51217, pool: 299
I 3695.87] Elapsed: 1:01:36, vertices: 11647, facets final: 17613, pending: 51092, pool: 300
I 3700.95] Elapsed: 1:01:41, vertices: 11663, facets final: 17758, pending: 50902, pool: 300
I 3705.97] Elapsed: 1:01:46, vertices: 11679, facets final: 17897, pending: 50722, pool: 300
I 3711.14] Elapsed: 1:01:51, vertices: 11696, facets final: 18024, pending: 50551, pool: 300
I 3716.20] Elapsed: 1:01:56, vertices: 11711, facets final: 18225, pending: 50317, pool: 300
I 3721.40] Elapsed: 1:02:01, vertices: 11728, facets final: 18340, pending: 50185, pool: 300
I 3726.64] Elapsed: 1:02:07, vertices: 11745, facets final: 18446, pending: 50033, pool: 300
I 3731.64] Elapsed: 1:02:12, vertices: 11760, facets final: 18637, pending: 49811, pool: 300
I 3736.67] Elapsed: 1:02:17, vertices: 11776, facets final: 18720, pending: 49643, pool: 299
I 3741.85] Elapsed: 1:02:22, vertices: 11793, facets final: 18872, pending: 49428, pool: 299
I 3747.02] Elapsed: 1:02:27, vertices: 11809, facets final: 19063, pending: 49226, pool: 300
I 3752.28] Elapsed: 1:02:32, vertices: 11826, facets final: 19169, pending: 49104, pool: 300
I 3757.46] Elapsed: 1:02:37, vertices: 11843, facets final: 19328, pending: 48902, pool: 300
I 3762.59] Elapsed: 1:02:43, vertices: 11859, facets final: 19496, pending: 48665, pool: 300
I 3767.61] Elapsed: 1:02:48, vertices: 11875, facets final: 19596, pending: 48491, pool: 300
I 3772.86] Elapsed: 1:02:53, vertices: 11892, facets final: 19723, pending: 48297, pool: 299
I 3777.92] Elapsed: 1:02:58, vertices: 11908, facets final: 19827, pending: 48149, pool: 300
I 3783.13] Elapsed: 1:03:03, vertices: 11925, facets final: 19952, pending: 47980, pool: 300
I 3788.29] Elapsed: 1:03:08, vertices: 11941, facets final: 20122, pending: 47809, pool: 300
I 3793.53] Elapsed: 1:03:14, vertices: 11958, facets final: 20228, pending: 47678, pool: 299
I 3798.64] Elapsed: 1:03:19, vertices: 11974, facets final: 20429, pending: 47439, pool: 300
I 3803.72] Elapsed: 1:03:24, vertices: 11990, facets final: 20550, pending: 47312, pool: 300
I 3808.72] Elapsed: 1:03:29, vertices: 12005, facets final: 20727, pending: 47116, pool: 300
I 3813.90] Elapsed: 1:03:34, vertices: 12022, facets final: 20822, pending: 46960, pool: 300
I 3818.90] Elapsed: 1:03:39, vertices: 12038, facets final: 20941, pending: 46815, pool: 300
I 3823.97] Elapsed: 1:03:44, vertices: 12054, facets final: 21078, pending: 46623, pool: 300
I 3829.03] Elapsed: 1:03:49, vertices: 12070, facets final: 21248, pending: 46435, pool: 300
I 3834.08] Elapsed: 1:03:54, vertices: 12085, facets final: 21480, pending: 46172, pool: 300
I 3839.10] Elapsed: 1:03:59, vertices: 12100, facets final: 21713, pending: 45929, pool: 300
I 3844.14] Elapsed: 1:04:04, vertices: 12116, facets final: 21876, pending: 45701, pool: 300
I 3849.33] Elapsed: 1:04:09, vertices: 12132, facets final: 22058, pending: 45488, pool: 300
I 3854.40] Elapsed: 1:04:14, vertices: 12148, facets final: 22200, pending: 45299, pool: 300
I 3859.47] Elapsed: 1:04:19, vertices: 12164, facets final: 22320, pending: 45114, pool: 300
I 3864.75] Elapsed: 1:04:25, vertices: 12180, facets final: 22490, pending: 44904, pool: 300
I 3869.76] Elapsed: 1:04:30, vertices: 12196, facets final: 22635, pending: 44694, pool: 300
I 3874.79] Elapsed: 1:04:35, vertices: 12211, facets final: 22852, pending: 44439, pool: 299
I 3880.09] Elapsed: 1:04:40, vertices: 12226, facets final: 23165, pending: 44111, pool: 300
I 3885.09] Elapsed: 1:04:45, vertices: 12242, facets final: 23336, pending: 43894, pool: 300
I 3890.09] Elapsed: 1:04:50, vertices: 12257, facets final: 23568, pending: 43652, pool: 300
I 3895.28] Elapsed: 1:04:55, vertices: 12273, facets final: 23813, pending: 43375, pool: 298
I 3900.31] Elapsed: 1:05:00, vertices: 12288, facets final: 24023, pending: 43139, pool: 300
I 3905.48] Elapsed: 1:05:05, vertices: 12304, facets final: 24189, pending: 42903, pool: 300
I 3910.53] Elapsed: 1:05:11, vertices: 12320, facets final: 24361, pending: 42676, pool: 300
I 3915.81] Elapsed: 1:05:16, vertices: 12336, facets final: 24559, pending: 42429, pool: 300
I 3921.08] Elapsed: 1:05:21, vertices: 12353, facets final: 24656, pending: 42283, pool: 300
I 3926.18] Elapsed: 1:05:26, vertices: 12369, facets final: 24871, pending: 42016, pool: 299
I 3931.26] Elapsed: 1:05:31, vertices: 12383, facets final: 25169, pending: 41639, pool: 300
I 3936.28] Elapsed: 1:05:36, vertices: 12398, facets final: 25449, pending: 41311, pool: 300
I 3941.28] Elapsed: 1:05:41, vertices: 12413, facets final: 25661, pending: 41057, pool: 300
I 3946.35] Elapsed: 1:05:46, vertices: 12429, facets final: 25801, pending: 40886, pool: 300
I 3951.62] Elapsed: 1:05:52, vertices: 12445, facets final: 26040, pending: 40624, pool: 300
I 3956.84] Elapsed: 1:05:57, vertices: 12461, facets final: 26242, pending: 40400, pool: 300
I 3962.04] Elapsed: 1:06:02, vertices: 12476, facets final: 26511, pending: 40081, pool: 300
I 3967.25] Elapsed: 1:06:07, vertices: 12492, facets final: 26748, pending: 39797, pool: 300
I 3972.40] Elapsed: 1:06:12, vertices: 12508, facets final: 26925, pending: 39584, pool: 299
I 3977.47] Elapsed: 1:06:17, vertices: 12523, facets final: 27218, pending: 39268, pool: 300
I 3982.61] Elapsed: 1:06:23, vertices: 12538, facets final: 27458, pending: 38983, pool: 299
I 3987.84] Elapsed: 1:06:28, vertices: 12554, facets final: 27676, pending: 38756, pool: 300
I 3993.06] Elapsed: 1:06:33, vertices: 12570, facets final: 27911, pending: 38495, pool: 300
I 3998.12] Elapsed: 1:06:38, vertices: 12586, facets final: 28062, pending: 38329, pool: 300
I 4003.23] Elapsed: 1:06:43, vertices: 12600, facets final: 28414, pending: 37931, pool: 300
I 4008.38] Elapsed: 1:06:48, vertices: 12616, facets final: 28628, pending: 37666, pool: 300
I 4013.65] Elapsed: 1:06:54, vertices: 12632, facets final: 28876, pending: 37379, pool: 300
I 4018.84] Elapsed: 1:06:59, vertices: 12647, facets final: 29217, pending: 37020, pool: 298
I 4023.84] Elapsed: 1:07:04, vertices: 12661, facets final: 29530, pending: 36670, pool: 299
I 4028.96] Elapsed: 1:07:09, vertices: 12675, facets final: 29888, pending: 36277, pool: 300
I 4034.12] Elapsed: 1:07:14, vertices: 12691, facets final: 30098, pending: 36028, pool: 300
I 4039.35] Elapsed: 1:07:19, vertices: 12706, facets final: 30416, pending: 35682, pool: 300
I 4044.39] Elapsed: 1:07:24, vertices: 12721, facets final: 30666, pending: 35382, pool: 298
I 4049.54] Elapsed: 1:07:30, vertices: 12735, facets final: 31012, pending: 34992, pool: 300
I 4054.58] Elapsed: 1:07:35, vertices: 12749, facets final: 31387, pending: 34578, pool: 298
I 4059.62] Elapsed: 1:07:40, vertices: 12763, facets final: 31724, pending: 34220, pool: 299
I 4064.64] Elapsed: 1:07:45, vertices: 12778, facets final: 31955, pending: 33957, pool: 300
I 4069.64] Elapsed: 1:07:50, vertices: 12792, facets final: 32306, pending: 33561, pool: 299
I 4074.68] Elapsed: 1:07:55, vertices: 12806, facets final: 32653, pending: 33194, pool: 298
I 4079.83] Elapsed: 1:08:00, vertices: 12821, facets final: 32963, pending: 32870, pool: 299
I 4084.83] Elapsed: 1:08:05, vertices: 12836, facets final: 33197, pending: 32601, pool: 300
I 4089.96] Elapsed: 1:08:10, vertices: 12851, facets final: 33477, pending: 32311, pool: 298
I 4095.03] Elapsed: 1:08:15, vertices: 12866, facets final: 33760, pending: 31989, pool: 299
I 4100.11] Elapsed: 1:08:20, vertices: 12880, facets final: 34113, pending: 31609, pool: 298
I 4105.11] Elapsed: 1:08:25, vertices: 12894, facets final: 34494, pending: 31217, pool: 299
I 4110.30] Elapsed: 1:08:30, vertices: 12909, facets final: 34793, pending: 30889, pool: 299
I 4115.44] Elapsed: 1:08:35, vertices: 12924, facets final: 35111, pending: 30538, pool: 299
I 4120.44] Elapsed: 1:08:40, vertices: 12939, facets final: 35341, pending: 30301, pool: 299
I 4125.51] Elapsed: 1:08:46, vertices: 12952, facets final: 35797, pending: 29822, pool: 299
I 4130.69] Elapsed: 1:08:51, vertices: 12966, facets final: 36253, pending: 29346, pool: 297
I 4135.69] Elapsed: 1:08:56, vertices: 12979, facets final: 36651, pending: 28924, pool: 298
I 4140.69] Elapsed: 1:09:01, vertices: 12992, facets final: 37130, pending: 28424, pool: 298
I 4145.69] Elapsed: 1:09:06, vertices: 13005, facets final: 37561, pending: 27979, pool: 298
I 4150.69] Elapsed: 1:09:11, vertices: 13019, facets final: 37943, pending: 27572, pool: 297
I 4155.96] Elapsed: 1:09:16, vertices: 13034, facets final: 38272, pending: 27236, pool: 297
I 4161.03] Elapsed: 1:09:21, vertices: 13048, facets final: 38665, pending: 26813, pool: 297
I 4166.29] Elapsed: 1:09:26, vertices: 13062, facets final: 39092, pending: 26382, pool: 296
I 4171.54] Elapsed: 1:09:32, vertices: 13076, facets final: 39503, pending: 25970, pool: 298
I 4176.65] Elapsed: 1:09:37, vertices: 13090, facets final: 39932, pending: 25512, pool: 295
I 4181.65] Elapsed: 1:09:42, vertices: 13103, facets final: 40336, pending: 25063, pool: 297
I 4186.65] Elapsed: 1:09:47, vertices: 13117, facets final: 40703, pending: 24679, pool: 295
I 4191.65] Elapsed: 1:09:52, vertices: 13129, facets final: 41232, pending: 24124, pool: 296
I 4196.92] Elapsed: 1:09:57, vertices: 13144, facets final: 41623, pending: 23713, pool: 297
I 4201.96] Elapsed: 1:10:02, vertices: 13157, facets final: 42080, pending: 23236, pool: 294
I 4206.96] Elapsed: 1:10:07, vertices: 13170, facets final: 42557, pending: 22744, pool: 293
I 4212.09] Elapsed: 1:10:12, vertices: 13182, facets final: 43139, pending: 22132, pool: 293
I 4217.09] Elapsed: 1:10:17, vertices: 13195, facets final: 43605, pending: 21638, pool: 295
I 4222.10] Elapsed: 1:10:22, vertices: 13207, facets final: 44148, pending: 21073, pool: 293
I 4227.20] Elapsed: 1:10:27, vertices: 13220, facets final: 44667, pending: 20538, pool: 297
I 4232.32] Elapsed: 1:10:32, vertices: 13233, facets final: 45147, pending: 20048, pool: 295
I 4237.54] Elapsed: 1:10:38, vertices: 13247, facets final: 45621, pending: 19556, pool: 292
I 4242.54] Elapsed: 1:10:43, vertices: 13258, facets final: 46263, pending: 18895, pool: 293
I 4247.54] Elapsed: 1:10:48, vertices: 13270, facets final: 46878, pending: 18268, pool: 292
I 4252.76] Elapsed: 1:10:53, vertices: 13282, facets final: 47524, pending: 17596, pool: 287
I 4257.81] Elapsed: 1:10:58, vertices: 13293, facets final: 48238, pending: 16866, pool: 291
I 4262.81] Elapsed: 1:11:03, vertices: 13305, facets final: 48779, pending: 16305, pool: 293
I 4268.00] Elapsed: 1:11:08, vertices: 13318, facets final: 49329, pending: 15732, pool: 292
I 4273.15] Elapsed: 1:11:13, vertices: 13331, facets final: 49826, pending: 15228, pool: 294
I 4278.15] Elapsed: 1:11:18, vertices: 13343, facets final: 50424, pending: 14615, pool: 292
I 4283.28] Elapsed: 1:11:23, vertices: 13356, facets final: 50902, pending: 14146, pool: 292
I 4288.48] Elapsed: 1:11:28, vertices: 13369, facets final: 51508, pending: 13530, pool: 287
I 4293.48] Elapsed: 1:11:33, vertices: 13380, facets final: 52160, pending: 12867, pool: 288
I 4298.56] Elapsed: 1:11:39, vertices: 13392, facets final: 52800, pending: 12217, pool: 289
I 4303.67] Elapsed: 1:11:44, vertices: 13404, facets final: 53405, pending: 11594, pool: 286
I 4308.80] Elapsed: 1:11:49, vertices: 13416, facets final: 54073, pending: 10918, pool: 287
I 4313.80] Elapsed: 1:11:54, vertices: 13427, facets final: 54746, pending: 10231, pool: 285
I 4318.80] Elapsed: 1:11:59, vertices: 13439, facets final: 55363, pending: 9597, pool: 287
I 4323.83] Elapsed: 1:12:04, vertices: 13451, facets final: 55967, pending: 8994, pool: 283
I 4328.87] Elapsed: 1:12:09, vertices: 13463, facets final: 56632, pending: 8317, pool: 277
I 4333.98] Elapsed: 1:12:14, vertices: 13474, facets final: 57437, pending: 7506, pool: 274
I 4338.98] Elapsed: 1:12:19, vertices: 13484, facets final: 58236, pending: 6697, pool: 269
I 4343.98] Elapsed: 1:12:24, vertices: 13496, facets final: 58939, pending: 5984, pool: 265
I 4348.98] Elapsed: 1:12:29, vertices: 13508, facets final: 59622, pending: 5291, pool: 257
I 4353.98] Elapsed: 1:12:34, vertices: 13521, facets final: 60274, pending: 4625, pool: 253
I 4358.98] Elapsed: 1:12:39, vertices: 13535, facets final: 60781, pending: 4111, pool: 256
I 4364.19] Elapsed: 1:12:44, vertices: 13551, facets final: 61227, pending: 3662, pool: 246
I 4369.26] Elapsed: 1:12:49, vertices: 13567, facets final: 61698, pending: 3184, pool: 237
I 4374.30] Elapsed: 1:12:54, vertices: 13583, facets final: 62149, pending: 2714, pool: 228
I 4379.43] Elapsed: 1:12:59, vertices: 13601, facets final: 62552, pending: 2299, pool: 218
I 4384.46] Elapsed: 1:13:04, vertices: 13620, facets final: 62936, pending: 1905, pool: 205
I 4389.55] Elapsed: 1:13:10, vertices: 13640, facets final: 63294, pending: 1520, pool: 195
I 4394.57] Elapsed: 1:13:15, vertices: 13663, facets final: 63490, pending: 1312, pool: 184
I 4399.60] Elapsed: 1:13:20, vertices: 13688, facets final: 63639, pending: 1143, pool: 168
I 4404.74] Elapsed: 1:13:25, vertices: 13716, facets final: 63804, pending: 951, pool: 151
I 4409.74] Elapsed: 1:13:30, vertices: 13745, facets final: 63981, pending: 757, pool: 135
I 4414.76] Elapsed: 1:13:35, vertices: 13777, facets final: 64136, pending: 577, pool: 115
I 4419.76] Elapsed: 1:13:40, vertices: 13816, facets final: 64246, pending: 435, pool: 94
I 4424.81] Elapsed: 1:13:45, vertices: 13865, facets final: 64376, pending: 262, pool: 58
I 4429.74] Elapsed: 1:13:50, vertices: 13946, facets final: 64575, pending: 0

--------------------------------
Problem completed
 name                    21.vlp
 output                  vlp/21.res
 rows, cols, objs        19, 5113, 8
 vertices, facets        13946, 64575
 total time              1:13:50
--------------------------------
Statistics
LP:
 oracle calls            79377
   avg iterations/calls  11.67
 total oracle time       3:41
Combinatorics:
 vertices added          13946
 facets probed           154414
 facets # max            94973
 memory allocated        386.36M
 storage expansion
   vertices # / upto     110 / 14076
   facets   # / upto     24 / 98300
 facet manipulating
   added avg / max       67.90 / 1.09k
   compressed            592
 number of ridge tests
   avg / max             4.24M / 69.21M
--------------------------------
Parameters with non-default values
 ExactFacetEq = 1
 VertexPoolSize = 300
 OracleCallLimit = 3
 RecalculateFacets = 25
 PolytopeEps = 1e-08
 ScaleEps = 5e-08
 LineqEps = 1.3e-07
 RoundEps = 5e-08
