C applying double rule rs=cd:ab;ar.br.c.dr;ar.br.cr.d for ineq.txt
I    5.02] Elapsed: 5.02, vertices: 173, facets final: 21, pending: 11710, pool: 299
I   10.02] Elapsed: 10.02, vertices: 263, facets final: 27, pending: 17498, pool: 299
I   15.02] Elapsed: 15.02, vertices: 332, facets final: 33, pending: 21789, pool: 299
I   20.02] Elapsed: 20.02, vertices: 392, facets final: 35, pending: 24871, pool: 300
I   25.10] Elapsed: 25.10, vertices: 444, facets final: 46, pending: 27730, pool: 300
I   30.18] Elapsed: 30.18, vertices: 489, facets final: 54, pending: 30392, pool: 300
I   35.19] Elapsed: 35.19, vertices: 532, facets final: 57, pending: 32517, pool: 300
I   40.20] Elapsed: 40.20, vertices: 571, facets final: 60, pending: 33827, pool: 300
I   45.26] Elapsed: 45.26, vertices: 610, facets final: 62, pending: 35436, pool: 300
I   50.37] Elapsed: 50.37, vertices: 648, facets final: 70, pending: 37540, pool: 300
I   55.47] Elapsed: 55.47, vertices: 682, facets final: 79, pending: 38630, pool: 300
I   60.50] Elapsed: 1:01, vertices: 718, facets final: 88, pending: 39918, pool: 300
I   65.58] Elapsed: 1:06, vertices: 752, facets final: 93, pending: 40957, pool: 300
I   70.60] Elapsed: 1:11, vertices: 784, facets final: 98, pending: 42088, pool: 300
I   75.71] Elapsed: 1:16, vertices: 818, facets final: 109, pending: 42851, pool: 298
I   80.79] Elapsed: 1:21, vertices: 850, facets final: 116, pending: 43072, pool: 300
I   85.88] Elapsed: 1:26, vertices: 883, facets final: 122, pending: 44414, pool: 300
I   90.91] Elapsed: 1:31, vertices: 914, facets final: 131, pending: 45457, pool: 300
I   96.02] Elapsed: 1:36, vertices: 942, facets final: 137, pending: 45824, pool: 300
I  101.11] Elapsed: 1:41, vertices: 971, facets final: 144, pending: 46901, pool: 300
I  106.27] Elapsed: 1:46, vertices: 1001, facets final: 148, pending: 47138, pool: 300
I  111.36] Elapsed: 1:51, vertices: 1028, facets final: 151, pending: 48019, pool: 300
I  116.41] Elapsed: 1:56, vertices: 1053, facets final: 154, pending: 48670, pool: 300
I  121.53] Elapsed: 2:02, vertices: 1080, facets final: 165, pending: 49349, pool: 300
I  126.61] Elapsed: 2:07, vertices: 1103, facets final: 175, pending: 50629, pool: 300
I  131.61] Elapsed: 2:12, vertices: 1126, facets final: 184, pending: 51115, pool: 300
I  136.65] Elapsed: 2:17, vertices: 1150, facets final: 193, pending: 51456, pool: 300
I  141.67] Elapsed: 2:22, vertices: 1175, facets final: 196, pending: 52653, pool: 300
I  146.76] Elapsed: 2:27, vertices: 1197, facets final: 203, pending: 52881, pool: 300
I  151.78] Elapsed: 2:32, vertices: 1219, facets final: 209, pending: 53118, pool: 300
I  156.92] Elapsed: 2:37, vertices: 1242, facets final: 210, pending: 53695, pool: 300
I  161.97] Elapsed: 2:42, vertices: 1266, facets final: 216, pending: 54395, pool: 300
I  167.22] Elapsed: 2:47, vertices: 1289, facets final: 219, pending: 55094, pool: 300
I  172.24] Elapsed: 2:52, vertices: 1311, facets final: 224, pending: 55246, pool: 300
I  177.44] Elapsed: 2:57, vertices: 1333, facets final: 230, pending: 55301, pool: 300
I  182.54] Elapsed: 3:03, vertices: 1357, facets final: 233, pending: 55886, pool: 300
I  187.66] Elapsed: 3:08, vertices: 1381, facets final: 235, pending: 57111, pool: 300
I  192.79] Elapsed: 3:13, vertices: 1402, facets final: 241, pending: 57380, pool: 300
I  197.85] Elapsed: 3:18, vertices: 1423, facets final: 253, pending: 57751, pool: 300
I  203.01] Elapsed: 3:23, vertices: 1445, facets final: 258, pending: 58392, pool: 300
I  208.18] Elapsed: 3:28, vertices: 1468, facets final: 264, pending: 59426, pool: 300
I  213.33] Elapsed: 3:33, vertices: 1488, facets final: 274, pending: 59266, pool: 300
I  218.42] Elapsed: 3:38, vertices: 1509, facets final: 280, pending: 59659, pool: 300
I  223.42] Elapsed: 3:43, vertices: 1529, facets final: 285, pending: 60004, pool: 300
I  228.58] Elapsed: 3:49, vertices: 1549, facets final: 293, pending: 61151, pool: 300
I  233.71] Elapsed: 3:54, vertices: 1567, facets final: 298, pending: 61696, pool: 300
I  238.71] Elapsed: 3:59, vertices: 1588, facets final: 300, pending: 62165, pool: 300
I  244.09] Elapsed: 4:04, vertices: 1609, facets final: 309, pending: 62227, pool: 300
I  249.17] Elapsed: 4:09, vertices: 1628, facets final: 320, pending: 62625, pool: 299
I  254.31] Elapsed: 4:14, vertices: 1647, facets final: 328, pending: 62746, pool: 300
I  259.49] Elapsed: 4:19, vertices: 1666, facets final: 332, pending: 63407, pool: 300
I  264.68] Elapsed: 4:25, vertices: 1687, facets final: 337, pending: 63599, pool: 300
I  269.76] Elapsed: 4:30, vertices: 1707, facets final: 339, pending: 63893, pool: 300
I  274.90] Elapsed: 4:35, vertices: 1728, facets final: 348, pending: 64536, pool: 300
I  280.23] Elapsed: 4:40, vertices: 1749, facets final: 353, pending: 64253, pool: 300
I  285.41] Elapsed: 4:45, vertices: 1768, facets final: 366, pending: 64577, pool: 300
I  290.41] Elapsed: 4:50, vertices: 1785, facets final: 369, pending: 64890, pool: 300
I  295.46] Elapsed: 4:55, vertices: 1802, facets final: 371, pending: 65337, pool: 300
I  300.71] Elapsed: 5:01, vertices: 1819, facets final: 374, pending: 65422, pool: 300
I  305.90] Elapsed: 5:06, vertices: 1838, facets final: 379, pending: 65659, pool: 300
I  310.99] Elapsed: 5:11, vertices: 1857, facets final: 380, pending: 65772, pool: 300
I  316.01] Elapsed: 5:16, vertices: 1875, facets final: 386, pending: 66136, pool: 300
I  321.14] Elapsed: 5:21, vertices: 1893, facets final: 391, pending: 66351, pool: 300
I  326.25] Elapsed: 5:26, vertices: 1910, facets final: 399, pending: 66573, pool: 300
I  331.30] Elapsed: 5:31, vertices: 1927, facets final: 406, pending: 66309, pool: 300
I  336.30] Elapsed: 5:36, vertices: 1946, facets final: 413, pending: 66197, pool: 300
I  341.46] Elapsed: 5:41, vertices: 1963, facets final: 415, pending: 66382, pool: 300
I  346.81] Elapsed: 5:47, vertices: 1981, facets final: 421, pending: 66511, pool: 300
I  351.91] Elapsed: 5:52, vertices: 1998, facets final: 427, pending: 66847, pool: 300
I  357.13] Elapsed: 5:57, vertices: 2016, facets final: 433, pending: 67257, pool: 300
I  362.15] Elapsed: 6:02, vertices: 2034, facets final: 437, pending: 67427, pool: 300
I  367.45] Elapsed: 6:07, vertices: 2053, facets final: 444, pending: 67859, pool: 300
I  372.66] Elapsed: 6:13, vertices: 2071, facets final: 446, pending: 68224, pool: 300
I  377.66] Elapsed: 6:18, vertices: 2088, facets final: 449, pending: 68424, pool: 300
I  382.83] Elapsed: 6:23, vertices: 2107, facets final: 456, pending: 68940, pool: 300
I  387.87] Elapsed: 6:28, vertices: 2125, facets final: 464, pending: 69293, pool: 300
I  392.88] Elapsed: 6:33, vertices: 2142, facets final: 476, pending: 69479, pool: 300
I  397.99] Elapsed: 6:38, vertices: 2159, facets final: 485, pending: 69436, pool: 300
I  403.21] Elapsed: 6:43, vertices: 2176, facets final: 491, pending: 69540, pool: 300
I  408.33] Elapsed: 6:48, vertices: 2192, facets final: 496, pending: 69856, pool: 300
I  413.43] Elapsed: 6:53, vertices: 2208, facets final: 503, pending: 70273, pool: 300
I  418.43] Elapsed: 6:58, vertices: 2224, facets final: 512, pending: 70345, pool: 300
I  423.51] Elapsed: 7:04, vertices: 2241, facets final: 516, pending: 70382, pool: 300
I  428.71] Elapsed: 7:09, vertices: 2258, facets final: 522, pending: 70667, pool: 300
I  433.81] Elapsed: 7:14, vertices: 2275, facets final: 523, pending: 70922, pool: 300
I  438.89] Elapsed: 7:19, vertices: 2293, facets final: 529, pending: 71284, pool: 300
I  444.01] Elapsed: 7:24, vertices: 2310, facets final: 533, pending: 71832, pool: 300
I  449.27] Elapsed: 7:29, vertices: 2328, facets final: 540, pending: 72036, pool: 300
I  454.35] Elapsed: 7:34, vertices: 2345, facets final: 544, pending: 72329, pool: 300
I  459.55] Elapsed: 7:40, vertices: 2362, facets final: 546, pending: 72691, pool: 300
I  464.74] Elapsed: 7:45, vertices: 2379, facets final: 553, pending: 72748, pool: 300
I  469.92] Elapsed: 7:50, vertices: 2396, facets final: 559, pending: 73165, pool: 300
I  474.92] Elapsed: 7:55, vertices: 2411, facets final: 561, pending: 73425, pool: 300
I  480.12] Elapsed: 8:00, vertices: 2426, facets final: 565, pending: 73984, pool: 300
I  485.14] Elapsed: 8:05, vertices: 2440, facets final: 571, pending: 73804, pool: 300
I  490.14] Elapsed: 8:10, vertices: 2457, facets final: 578, pending: 74033, pool: 300
I  495.19] Elapsed: 8:15, vertices: 2473, facets final: 583, pending: 73977, pool: 300
I  500.41] Elapsed: 8:20, vertices: 2490, facets final: 585, pending: 73947, pool: 300
I  505.68] Elapsed: 8:26, vertices: 2506, facets final: 594, pending: 74383, pool: 300
I  510.70] Elapsed: 8:31, vertices: 2522, facets final: 598, pending: 75177, pool: 300
I  515.85] Elapsed: 8:36, vertices: 2538, facets final: 601, pending: 75147, pool: 300
I  520.89] Elapsed: 8:41, vertices: 2554, facets final: 611, pending: 75259, pool: 300
I  526.01] Elapsed: 8:46, vertices: 2571, facets final: 611, pending: 75350, pool: 300
I  531.12] Elapsed: 8:51, vertices: 2585, facets final: 615, pending: 75424, pool: 300
I  536.44] Elapsed: 8:56, vertices: 2601, facets final: 621, pending: 75805, pool: 300
I  541.68] Elapsed: 9:02, vertices: 2617, facets final: 627, pending: 76248, pool: 300
I  547.00] Elapsed: 9:07, vertices: 2631, facets final: 630, pending: 76281, pool: 300
I  552.16] Elapsed: 9:12, vertices: 2646, facets final: 636, pending: 76394, pool: 300
I  557.45] Elapsed: 9:17, vertices: 2663, facets final: 643, pending: 76718, pool: 300
I  562.50] Elapsed: 9:23, vertices: 2677, facets final: 647, pending: 77173, pool: 300
I  567.75] Elapsed: 9:28, vertices: 2693, facets final: 654, pending: 77470, pool: 300
I  572.85] Elapsed: 9:33, vertices: 2709, facets final: 662, pending: 77480, pool: 300
I  577.92] Elapsed: 9:38, vertices: 2725, facets final: 665, pending: 77524, pool: 300
I  582.93] Elapsed: 9:43, vertices: 2738, facets final: 667, pending: 77810, pool: 300
I  588.18] Elapsed: 9:48, vertices: 2753, facets final: 669, pending: 77920, pool: 300
I  593.38] Elapsed: 9:53, vertices: 2768, facets final: 672, pending: 77915, pool: 300
I  598.65] Elapsed: 9:59, vertices: 2781, facets final: 677, pending: 78076, pool: 300
I  603.86] Elapsed: 10:04, vertices: 2797, facets final: 679, pending: 78463, pool: 300
I  609.00] Elapsed: 10:09, vertices: 2812, facets final: 685, pending: 78452, pool: 300
I  614.05] Elapsed: 10:14, vertices: 2826, facets final: 688, pending: 78469, pool: 300
I  619.38] Elapsed: 10:19, vertices: 2843, facets final: 696, pending: 78682, pool: 300
I  624.39] Elapsed: 10:24, vertices: 2858, facets final: 699, pending: 79158, pool: 300
I  629.56] Elapsed: 10:30, vertices: 2873, facets final: 702, pending: 79165, pool: 299
I  634.77] Elapsed: 10:35, vertices: 2887, facets final: 710, pending: 79250, pool: 300
I  640.05] Elapsed: 10:40, vertices: 2902, facets final: 711, pending: 79493, pool: 300
I  645.13] Elapsed: 10:45, vertices: 2916, facets final: 720, pending: 79734, pool: 300
I  650.36] Elapsed: 10:50, vertices: 2931, facets final: 727, pending: 79839, pool: 300
I  655.49] Elapsed: 10:55, vertices: 2946, facets final: 731, pending: 80158, pool: 300
I  661.00] Elapsed: 11:01, vertices: 2960, facets final: 733, pending: 80237, pool: 300
I  666.00] Elapsed: 11:06, vertices: 2975, facets final: 736, pending: 80502, pool: 300
I  671.28] Elapsed: 11:11, vertices: 2990, facets final: 742, pending: 80613, pool: 300
I  676.32] Elapsed: 11:16, vertices: 3005, facets final: 747, pending: 80710, pool: 300
I  681.39] Elapsed: 11:21, vertices: 3021, facets final: 752, pending: 80881, pool: 300
I  686.52] Elapsed: 11:27, vertices: 3035, facets final: 758, pending: 80905, pool: 300
I  691.77] Elapsed: 11:32, vertices: 3050, facets final: 765, pending: 81037, pool: 300
I  696.87] Elapsed: 11:37, vertices: 3065, facets final: 771, pending: 80956, pool: 300
I  701.92] Elapsed: 11:42, vertices: 3078, facets final: 777, pending: 81195, pool: 300
I  707.07] Elapsed: 11:47, vertices: 3091, facets final: 781, pending: 81527, pool: 300
I  712.09] Elapsed: 11:52, vertices: 3104, facets final: 787, pending: 81464, pool: 300
I  717.17] Elapsed: 11:57, vertices: 3118, facets final: 792, pending: 81455, pool: 300
I  722.46] Elapsed: 12:02, vertices: 3132, facets final: 800, pending: 81638, pool: 300
I  727.61] Elapsed: 12:08, vertices: 3146, facets final: 806, pending: 81701, pool: 300
I  732.76] Elapsed: 12:13, vertices: 3160, facets final: 821, pending: 81875, pool: 300
I  737.83] Elapsed: 12:18, vertices: 3175, facets final: 829, pending: 81753, pool: 300
I  743.35] Elapsed: 12:23, vertices: 3191, facets final: 831, pending: 81653, pool: 300
I  748.60] Elapsed: 12:29, vertices: 3206, facets final: 845, pending: 81654, pool: 300
I  753.88] Elapsed: 12:34, vertices: 3220, facets final: 854, pending: 81513, pool: 300
I  758.97] Elapsed: 12:39, vertices: 3234, facets final: 861, pending: 81689, pool: 300
I  764.13] Elapsed: 12:44, vertices: 3249, facets final: 866, pending: 81881, pool: 300
I  769.15] Elapsed: 12:49, vertices: 3263, facets final: 875, pending: 81909, pool: 300
I  774.32] Elapsed: 12:54, vertices: 3278, facets final: 878, pending: 81864, pool: 300
I  779.55] Elapsed: 13:00, vertices: 3292, facets final: 886, pending: 82038, pool: 300
I  784.56] Elapsed: 13:05, vertices: 3307, facets final: 895, pending: 82201, pool: 300
I  789.75] Elapsed: 13:10, vertices: 3322, facets final: 899, pending: 82288, pool: 300
I  795.12] Elapsed: 13:15, vertices: 3337, facets final: 903, pending: 82277, pool: 300
I  800.21] Elapsed: 13:20, vertices: 3352, facets final: 911, pending: 82319, pool: 300
I  805.65] Elapsed: 13:26, vertices: 3366, facets final: 920, pending: 82178, pool: 300
I  810.66] Elapsed: 13:31, vertices: 3381, facets final: 929, pending: 82101, pool: 300
I  816.26] Elapsed: 13:36, vertices: 3397, facets final: 933, pending: 82051, pool: 300
I  821.30] Elapsed: 13:41, vertices: 3410, facets final: 937, pending: 82250, pool: 300
I  826.30] Elapsed: 13:46, vertices: 3425, facets final: 943, pending: 82473, pool: 300
I  831.30] Elapsed: 13:51, vertices: 3438, facets final: 948, pending: 82695, pool: 300
I  836.37] Elapsed: 13:56, vertices: 3452, facets final: 954, pending: 82792, pool: 300
I  841.53] Elapsed: 14:02, vertices: 3464, facets final: 962, pending: 82853, pool: 300
I  846.57] Elapsed: 14:07, vertices: 3479, facets final: 968, pending: 82787, pool: 300
I  851.99] Elapsed: 14:12, vertices: 3496, facets final: 974, pending: 82818, pool: 300
I  857.43] Elapsed: 14:17, vertices: 3510, facets final: 985, pending: 82886, pool: 300
I  862.52] Elapsed: 14:23, vertices: 3524, facets final: 988, pending: 82709, pool: 299
I  867.90] Elapsed: 14:28, vertices: 3540, facets final: 998, pending: 82713, pool: 300
I  873.12] Elapsed: 14:33, vertices: 3556, facets final: 1005, pending: 82848, pool: 300
I  878.12] Elapsed: 14:38, vertices: 3570, facets final: 1011, pending: 83031, pool: 300
I  883.51] Elapsed: 14:44, vertices: 3585, facets final: 1020, pending: 83300, pool: 300
I  888.72] Elapsed: 14:49, vertices: 3600, facets final: 1031, pending: 83308, pool: 300
I  893.92] Elapsed: 14:54, vertices: 3615, facets final: 1036, pending: 83180, pool: 300
I  899.06] Elapsed: 14:59, vertices: 3628, facets final: 1038, pending: 82800, pool: 300
I  904.15] Elapsed: 15:04, vertices: 3643, facets final: 1047, pending: 82837, pool: 300
I  909.26] Elapsed: 15:09, vertices: 3655, facets final: 1050, pending: 83043, pool: 300
I  914.69] Elapsed: 15:15, vertices: 3668, facets final: 1052, pending: 83071, pool: 300
I  919.89] Elapsed: 15:20, vertices: 3683, facets final: 1055, pending: 82944, pool: 300
I  925.04] Elapsed: 15:25, vertices: 3698, facets final: 1060, pending: 82880, pool: 300
I  930.32] Elapsed: 15:30, vertices: 3713, facets final: 1067, pending: 82701, pool: 300
I  935.47] Elapsed: 15:35, vertices: 3727, facets final: 1076, pending: 82645, pool: 300
I  940.84] Elapsed: 15:41, vertices: 3743, facets final: 1082, pending: 82766, pool: 300
I  946.06] Elapsed: 15:46, vertices: 3758, facets final: 1093, pending: 82914, pool: 300
I  951.25] Elapsed: 15:51, vertices: 3771, facets final: 1098, pending: 82831, pool: 300
I  956.53] Elapsed: 15:57, vertices: 3786, facets final: 1117, pending: 82787, pool: 300
I  961.59] Elapsed: 16:02, vertices: 3801, facets final: 1122, pending: 82894, pool: 299
I  966.84] Elapsed: 16:07, vertices: 3815, facets final: 1127, pending: 83022, pool: 300
I  972.03] Elapsed: 16:12, vertices: 3830, facets final: 1130, pending: 83089, pool: 300
I  977.04] Elapsed: 16:17, vertices: 3844, facets final: 1137, pending: 83326, pool: 300
I  982.13] Elapsed: 16:22, vertices: 3859, facets final: 1150, pending: 83258, pool: 300
I  987.48] Elapsed: 16:27, vertices: 3873, facets final: 1152, pending: 83179, pool: 300
I  992.76] Elapsed: 16:33, vertices: 3886, facets final: 1166, pending: 83068, pool: 300
I  998.00] Elapsed: 16:38, vertices: 3900, facets final: 1174, pending: 83074, pool: 300
I 1003.14] Elapsed: 16:43, vertices: 3914, facets final: 1180, pending: 82824, pool: 300
I 1008.17] Elapsed: 16:48, vertices: 3927, facets final: 1183, pending: 82819, pool: 300
I 1013.39] Elapsed: 16:53, vertices: 3942, facets final: 1195, pending: 82862, pool: 300
I 1018.87] Elapsed: 16:59, vertices: 3957, facets final: 1204, pending: 82913, pool: 300
I 1023.96] Elapsed: 17:04, vertices: 3969, facets final: 1211, pending: 82971, pool: 300
I 1028.98] Elapsed: 17:09, vertices: 3983, facets final: 1218, pending: 82823, pool: 300
I 1034.44] Elapsed: 17:14, vertices: 3998, facets final: 1229, pending: 82880, pool: 300
I 1039.55] Elapsed: 17:20, vertices: 4012, facets final: 1230, pending: 82853, pool: 300
I 1045.28] Elapsed: 17:25, vertices: 4026, facets final: 1238, pending: 82860, pool: 300
I 1050.31] Elapsed: 17:30, vertices: 4040, facets final: 1243, pending: 82919, pool: 300
I 1055.50] Elapsed: 17:36, vertices: 4054, facets final: 1249, pending: 82904, pool: 300
I 1060.80] Elapsed: 17:41, vertices: 4070, facets final: 1254, pending: 83058, pool: 300
I 1066.05] Elapsed: 17:46, vertices: 4083, facets final: 1262, pending: 83028, pool: 300
I 1071.32] Elapsed: 17:51, vertices: 4097, facets final: 1273, pending: 82933, pool: 300
I 1076.81] Elapsed: 17:57, vertices: 4112, facets final: 1284, pending: 82897, pool: 300
I 1081.95] Elapsed: 18:02, vertices: 4126, facets final: 1290, pending: 82612, pool: 300
I 1087.23] Elapsed: 18:07, vertices: 4141, facets final: 1301, pending: 82543, pool: 300
I 1092.55] Elapsed: 18:13, vertices: 4157, facets final: 1310, pending: 82584, pool: 300
I 1097.55] Elapsed: 18:18, vertices: 4172, facets final: 1318, pending: 82834, pool: 300
I 1102.67] Elapsed: 18:23, vertices: 4185, facets final: 1328, pending: 82703, pool: 300
I 1107.98] Elapsed: 18:28, vertices: 4199, facets final: 1331, pending: 82564, pool: 300
I 1113.05] Elapsed: 18:33, vertices: 4214, facets final: 1337, pending: 82695, pool: 300
I 1118.09] Elapsed: 18:38, vertices: 4229, facets final: 1343, pending: 82675, pool: 300
I 1123.27] Elapsed: 18:43, vertices: 4243, facets final: 1348, pending: 82398, pool: 300
I 1128.68] Elapsed: 18:49, vertices: 4256, facets final: 1357, pending: 82556, pool: 300
I 1133.85] Elapsed: 18:54, vertices: 4272, facets final: 1366, pending: 82422, pool: 300
I 1138.99] Elapsed: 18:59, vertices: 4285, facets final: 1368, pending: 82721, pool: 299
I 1144.38] Elapsed: 19:04, vertices: 4300, facets final: 1374, pending: 82865, pool: 300
I 1149.75] Elapsed: 19:10, vertices: 4314, facets final: 1381, pending: 83066, pool: 300
I 1154.84] Elapsed: 19:15, vertices: 4328, facets final: 1392, pending: 82991, pool: 300
I 1160.10] Elapsed: 19:20, vertices: 4344, facets final: 1405, pending: 82920, pool: 300
I 1165.46] Elapsed: 19:25, vertices: 4359, facets final: 1416, pending: 83003, pool: 300
I 1170.48] Elapsed: 19:30, vertices: 4372, facets final: 1423, pending: 83079, pool: 300
I 1175.75] Elapsed: 19:36, vertices: 4387, facets final: 1435, pending: 83008, pool: 300
I 1180.94] Elapsed: 19:41, vertices: 4402, facets final: 1442, pending: 82969, pool: 300
I 1186.03] Elapsed: 19:46, vertices: 4414, facets final: 1449, pending: 82700, pool: 300
I 1191.66] Elapsed: 19:52, vertices: 4430, facets final: 1459, pending: 82720, pool: 300
I 1196.66] Elapsed: 19:57, vertices: 4444, facets final: 1463, pending: 82528, pool: 300
I 1201.95] Elapsed: 20:02, vertices: 4459, facets final: 1469, pending: 82450, pool: 300
I 1207.17] Elapsed: 20:07, vertices: 4473, facets final: 1484, pending: 82181, pool: 300
I 1212.37] Elapsed: 20:12, vertices: 4488, facets final: 1490, pending: 82382, pool: 300
I 1217.62] Elapsed: 20:18, vertices: 4505, facets final: 1504, pending: 82220, pool: 300
I 1222.85] Elapsed: 20:23, vertices: 4520, facets final: 1520, pending: 81834, pool: 299
I 1227.90] Elapsed: 20:28, vertices: 4535, facets final: 1525, pending: 81992, pool: 300
I 1232.92] Elapsed: 20:33, vertices: 4551, facets final: 1532, pending: 81949, pool: 299
I 1238.06] Elapsed: 20:38, vertices: 4565, facets final: 1544, pending: 81933, pool: 300
I 1243.33] Elapsed: 20:43, vertices: 4580, facets final: 1555, pending: 81793, pool: 300
I 1248.36] Elapsed: 20:48, vertices: 4595, facets final: 1570, pending: 81587, pool: 300
I 1253.36] Elapsed: 20:53, vertices: 4609, facets final: 1590, pending: 81557, pool: 300
I 1258.51] Elapsed: 20:59, vertices: 4625, facets final: 1597, pending: 81476, pool: 300
I 1264.09] Elapsed: 21:04, vertices: 4640, facets final: 1599, pending: 81528, pool: 300
I 1269.36] Elapsed: 21:09, vertices: 4656, facets final: 1623, pending: 81474, pool: 300
I 1274.47] Elapsed: 21:14, vertices: 4670, facets final: 1630, pending: 81293, pool: 300
I 1279.48] Elapsed: 21:19, vertices: 4686, facets final: 1650, pending: 81242, pool: 300
I 1284.79] Elapsed: 21:25, vertices: 4700, facets final: 1657, pending: 81349, pool: 300
I 1289.81] Elapsed: 21:30, vertices: 4713, facets final: 1660, pending: 81378, pool: 300
I 1294.85] Elapsed: 21:35, vertices: 4728, facets final: 1665, pending: 81374, pool: 300
I 1299.95] Elapsed: 21:40, vertices: 4743, facets final: 1679, pending: 81225, pool: 300
I 1305.08] Elapsed: 21:45, vertices: 4759, facets final: 1686, pending: 81152, pool: 300
I 1310.20] Elapsed: 21:50, vertices: 4774, facets final: 1701, pending: 81260, pool: 300
I 1315.54] Elapsed: 21:56, vertices: 4788, facets final: 1709, pending: 81387, pool: 300
I 1320.78] Elapsed: 22:01, vertices: 4803, facets final: 1724, pending: 81614, pool: 300
I 1326.25] Elapsed: 22:06, vertices: 4820, facets final: 1734, pending: 81578, pool: 300
I 1331.30] Elapsed: 22:11, vertices: 4833, facets final: 1752, pending: 81428, pool: 300
I 1336.49] Elapsed: 22:16, vertices: 4848, facets final: 1756, pending: 81159, pool: 300
I 1341.54] Elapsed: 22:22, vertices: 4864, facets final: 1766, pending: 81088, pool: 300
I 1346.62] Elapsed: 22:27, vertices: 4877, facets final: 1786, pending: 81198, pool: 300
I 1351.77] Elapsed: 22:32, vertices: 4892, facets final: 1794, pending: 81118, pool: 300
I 1357.02] Elapsed: 22:37, vertices: 4908, facets final: 1809, pending: 81111, pool: 300
I 1362.03] Elapsed: 22:42, vertices: 4923, facets final: 1816, pending: 81228, pool: 300
I 1367.10] Elapsed: 22:47, vertices: 4939, facets final: 1825, pending: 81137, pool: 300
I 1372.44] Elapsed: 22:52, vertices: 4955, facets final: 1837, pending: 80906, pool: 300
I 1377.69] Elapsed: 22:58, vertices: 4970, facets final: 1853, pending: 80987, pool: 300
I 1382.70] Elapsed: 23:03, vertices: 4985, facets final: 1864, pending: 80957, pool: 300
I 1387.70] Elapsed: 23:08, vertices: 5000, facets final: 1885, pending: 80989, pool: 300
I 1392.87] Elapsed: 23:13, vertices: 5014, facets final: 1899, pending: 80760, pool: 300
I 1398.04] Elapsed: 23:18, vertices: 5030, facets final: 1906, pending: 80576, pool: 300
I 1403.37] Elapsed: 23:23, vertices: 5046, facets final: 1918, pending: 80486, pool: 300
I 1408.75] Elapsed: 23:29, vertices: 5060, facets final: 1926, pending: 80609, pool: 300
I 1413.87] Elapsed: 23:34, vertices: 5075, facets final: 1934, pending: 80428, pool: 300
I 1418.95] Elapsed: 23:39, vertices: 5090, facets final: 1952, pending: 80183, pool: 300
I 1423.96] Elapsed: 23:44, vertices: 5105, facets final: 1956, pending: 80216, pool: 300
I 1429.11] Elapsed: 23:49, vertices: 5122, facets final: 1971, pending: 79992, pool: 300
I 1434.11] Elapsed: 23:54, vertices: 5138, facets final: 1988, pending: 79868, pool: 300
I 1439.22] Elapsed: 23:59, vertices: 5152, facets final: 1996, pending: 79709, pool: 300
I 1444.29] Elapsed: 24:04, vertices: 5166, facets final: 2006, pending: 79718, pool: 300
I 1449.29] Elapsed: 24:09, vertices: 5181, facets final: 2016, pending: 79582, pool: 300
I 1454.52] Elapsed: 24:15, vertices: 5199, facets final: 2025, pending: 79593, pool: 300
I 1459.84] Elapsed: 24:20, vertices: 5215, facets final: 2036, pending: 79558, pool: 300
I 1464.97] Elapsed: 24:25, vertices: 5229, facets final: 2042, pending: 79377, pool: 300
I 1470.22] Elapsed: 24:30, vertices: 5244, facets final: 2050, pending: 79366, pool: 300
I 1475.49] Elapsed: 24:35, vertices: 5262, facets final: 2063, pending: 79323, pool: 300
I 1480.71] Elapsed: 24:41, vertices: 5277, facets final: 2070, pending: 79395, pool: 300
I 1485.81] Elapsed: 24:46, vertices: 5294, facets final: 2081, pending: 79228, pool: 300
I 1490.99] Elapsed: 24:51, vertices: 5311, facets final: 2099, pending: 79088, pool: 300
I 1496.30] Elapsed: 24:56, vertices: 5327, facets final: 2121, pending: 79067, pool: 300
I 1501.31] Elapsed: 25:01, vertices: 5342, facets final: 2141, pending: 79020, pool: 300
I 1506.66] Elapsed: 25:07, vertices: 5359, facets final: 2150, pending: 78942, pool: 300
I 1511.88] Elapsed: 25:12, vertices: 5375, facets final: 2159, pending: 78981, pool: 300
I 1517.02] Elapsed: 25:17, vertices: 5390, facets final: 2165, pending: 78924, pool: 300
I 1522.19] Elapsed: 25:22, vertices: 5406, facets final: 2183, pending: 79002, pool: 300
I 1527.21] Elapsed: 25:27, vertices: 5421, facets final: 2198, pending: 78859, pool: 300
I 1532.45] Elapsed: 25:32, vertices: 5438, facets final: 2209, pending: 78669, pool: 300
I 1537.45] Elapsed: 25:37, vertices: 5454, facets final: 2217, pending: 78596, pool: 300
I 1542.65] Elapsed: 25:43, vertices: 5470, facets final: 2236, pending: 78673, pool: 300
I 1547.75] Elapsed: 25:48, vertices: 5486, facets final: 2247, pending: 78482, pool: 300
I 1552.75] Elapsed: 25:53, vertices: 5501, facets final: 2263, pending: 78367, pool: 300
I 1557.94] Elapsed: 25:58, vertices: 5517, facets final: 2265, pending: 78392, pool: 300
I 1563.11] Elapsed: 26:03, vertices: 5532, facets final: 2282, pending: 78448, pool: 300
I 1568.21] Elapsed: 26:08, vertices: 5548, facets final: 2292, pending: 78510, pool: 300
I 1573.39] Elapsed: 26:13, vertices: 5563, facets final: 2302, pending: 78508, pool: 300
I 1578.59] Elapsed: 26:19, vertices: 5579, facets final: 2309, pending: 78407, pool: 300
I 1583.87] Elapsed: 26:24, vertices: 5597, facets final: 2331, pending: 78443, pool: 300
I 1589.24] Elapsed: 26:29, vertices: 5610, facets final: 2337, pending: 78582, pool: 300
I 1594.25] Elapsed: 26:34, vertices: 5625, facets final: 2349, pending: 78562, pool: 300
I 1599.44] Elapsed: 26:39, vertices: 5641, facets final: 2367, pending: 78338, pool: 300
I 1604.50] Elapsed: 26:45, vertices: 5654, facets final: 2378, pending: 78310, pool: 300
I 1609.73] Elapsed: 26:50, vertices: 5671, facets final: 2388, pending: 78386, pool: 300
I 1614.99] Elapsed: 26:55, vertices: 5688, facets final: 2396, pending: 78408, pool: 300
I 1620.00] Elapsed: 27:00, vertices: 5702, facets final: 2414, pending: 78396, pool: 300
I 1625.47] Elapsed: 27:05, vertices: 5718, facets final: 2428, pending: 78228, pool: 300
I 1630.72] Elapsed: 27:11, vertices: 5734, facets final: 2432, pending: 78378, pool: 300
I 1635.82] Elapsed: 27:16, vertices: 5750, facets final: 2453, pending: 78345, pool: 300
I 1641.07] Elapsed: 27:21, vertices: 5766, facets final: 2467, pending: 78474, pool: 300
I 1646.23] Elapsed: 27:26, vertices: 5781, facets final: 2479, pending: 78227, pool: 300
I 1651.41] Elapsed: 27:31, vertices: 5798, facets final: 2491, pending: 78062, pool: 300
I 1656.44] Elapsed: 27:36, vertices: 5814, facets final: 2509, pending: 77934, pool: 300
I 1661.72] Elapsed: 27:42, vertices: 5830, facets final: 2532, pending: 77787, pool: 300
I 1666.75] Elapsed: 27:47, vertices: 5845, facets final: 2540, pending: 77742, pool: 300
I 1671.91] Elapsed: 27:52, vertices: 5861, facets final: 2549, pending: 77728, pool: 300
I 1677.06] Elapsed: 27:57, vertices: 5877, facets final: 2561, pending: 77703, pool: 300
I 1682.27] Elapsed: 28:02, vertices: 5894, facets final: 2565, pending: 77701, pool: 300
I 1687.40] Elapsed: 28:07, vertices: 5910, facets final: 2572, pending: 77672, pool: 300
I 1692.63] Elapsed: 28:13, vertices: 5926, facets final: 2586, pending: 77764, pool: 300
I 1697.78] Elapsed: 28:18, vertices: 5942, facets final: 2594, pending: 77775, pool: 299
I 1703.08] Elapsed: 28:23, vertices: 5958, facets final: 2606, pending: 77505, pool: 300
I 1708.14] Elapsed: 28:28, vertices: 5975, facets final: 2629, pending: 77481, pool: 300
I 1713.32] Elapsed: 28:33, vertices: 5992, facets final: 2645, pending: 77596, pool: 300
I 1718.62] Elapsed: 28:39, vertices: 6010, facets final: 2669, pending: 77440, pool: 300
I 1723.62] Elapsed: 28:44, vertices: 6025, facets final: 2683, pending: 77287, pool: 300
I 1728.73] Elapsed: 28:49, vertices: 6041, facets final: 2692, pending: 77201, pool: 300
I 1733.80] Elapsed: 28:54, vertices: 6054, facets final: 2712, pending: 77052, pool: 300
I 1738.90] Elapsed: 28:59, vertices: 6070, facets final: 2730, pending: 77197, pool: 300
I 1744.12] Elapsed: 29:04, vertices: 6088, facets final: 2755, pending: 77092, pool: 300
I 1749.25] Elapsed: 29:09, vertices: 6104, facets final: 2775, pending: 76846, pool: 300
I 1754.50] Elapsed: 29:15, vertices: 6121, facets final: 2800, pending: 76886, pool: 300
I 1759.64] Elapsed: 29:20, vertices: 6137, facets final: 2825, pending: 76723, pool: 300
I 1764.86] Elapsed: 29:25, vertices: 6153, facets final: 2840, pending: 76613, pool: 300
I 1769.94] Elapsed: 29:30, vertices: 6171, facets final: 2859, pending: 76546, pool: 300
I 1775.09] Elapsed: 29:35, vertices: 6186, facets final: 2864, pending: 76380, pool: 300
I 1780.27] Elapsed: 29:40, vertices: 6202, facets final: 2881, pending: 76289, pool: 300
I 1785.27] Elapsed: 29:45, vertices: 6217, facets final: 2894, pending: 76173, pool: 300
I 1790.41] Elapsed: 29:50, vertices: 6233, facets final: 2916, pending: 76015, pool: 300
I 1795.52] Elapsed: 29:56, vertices: 6250, facets final: 2943, pending: 75926, pool: 300
I 1800.53] Elapsed: 30:01, vertices: 6266, facets final: 2960, pending: 75838, pool: 300
I 1805.58] Elapsed: 30:06, vertices: 6282, facets final: 2971, pending: 75880, pool: 300
I 1810.78] Elapsed: 30:11, vertices: 6298, facets final: 3002, pending: 75736, pool: 300
I 1816.14] Elapsed: 30:16, vertices: 6314, facets final: 3019, pending: 75718, pool: 300
I 1821.16] Elapsed: 30:21, vertices: 6329, facets final: 3036, pending: 75633, pool: 299
I 1826.41] Elapsed: 30:26, vertices: 6344, facets final: 3049, pending: 75359, pool: 300
I 1831.63] Elapsed: 30:32, vertices: 6360, facets final: 3065, pending: 75176, pool: 300
I 1836.85] Elapsed: 30:37, vertices: 6376, facets final: 3079, pending: 74992, pool: 300
I 1842.00] Elapsed: 30:42, vertices: 6391, facets final: 3102, pending: 74773, pool: 300
I 1847.21] Elapsed: 30:47, vertices: 6407, facets final: 3121, pending: 74675, pool: 300
I 1852.27] Elapsed: 30:52, vertices: 6425, facets final: 3137, pending: 74610, pool: 300
I 1857.32] Elapsed: 30:57, vertices: 6443, facets final: 3156, pending: 74506, pool: 300
I 1862.35] Elapsed: 31:02, vertices: 6460, facets final: 3171, pending: 74422, pool: 300
I 1867.44] Elapsed: 31:07, vertices: 6476, facets final: 3189, pending: 74198, pool: 300
I 1872.65] Elapsed: 31:13, vertices: 6493, facets final: 3216, pending: 74147, pool: 300
I 1877.69] Elapsed: 31:18, vertices: 6509, facets final: 3231, pending: 74060, pool: 300
I 1883.03] Elapsed: 31:23, vertices: 6525, facets final: 3247, pending: 73924, pool: 300
I 1888.33] Elapsed: 31:28, vertices: 6541, facets final: 3284, pending: 73802, pool: 300
I 1893.40] Elapsed: 31:33, vertices: 6557, facets final: 3303, pending: 73753, pool: 299
I 1898.67] Elapsed: 31:39, vertices: 6574, facets final: 3319, pending: 73628, pool: 300
I 1903.89] Elapsed: 31:44, vertices: 6590, facets final: 3355, pending: 73670, pool: 300
I 1909.05] Elapsed: 31:49, vertices: 6606, facets final: 3371, pending: 73608, pool: 300
I 1914.15] Elapsed: 31:54, vertices: 6622, facets final: 3385, pending: 73506, pool: 300
I 1919.19] Elapsed: 31:59, vertices: 6638, facets final: 3399, pending: 73502, pool: 300
I 1924.45] Elapsed: 32:04, vertices: 6656, facets final: 3420, pending: 73502, pool: 300
I 1929.53] Elapsed: 32:10, vertices: 6675, facets final: 3439, pending: 73432, pool: 300
I 1934.64] Elapsed: 32:15, vertices: 6692, facets final: 3477, pending: 73434, pool: 300
I 1939.84] Elapsed: 32:20, vertices: 6710, facets final: 3491, pending: 73287, pool: 300
I 1944.90] Elapsed: 32:25, vertices: 6726, facets final: 3521, pending: 73233, pool: 300
I 1949.93] Elapsed: 32:30, vertices: 6743, facets final: 3532, pending: 73154, pool: 299
I 1954.96] Elapsed: 32:35, vertices: 6758, facets final: 3555, pending: 73133, pool: 299
I 1960.23] Elapsed: 32:40, vertices: 6775, facets final: 3575, pending: 73142, pool: 300
I 1965.49] Elapsed: 32:45, vertices: 6792, facets final: 3591, pending: 73136, pool: 300
I 1970.70] Elapsed: 32:51, vertices: 6808, facets final: 3619, pending: 72919, pool: 300
I 1975.75] Elapsed: 32:56, vertices: 6825, facets final: 3648, pending: 72789, pool: 300
I 1980.99] Elapsed: 33:01, vertices: 6841, facets final: 3667, pending: 72809, pool: 300
I 1985.99] Elapsed: 33:06, vertices: 6857, facets final: 3685, pending: 72801, pool: 300
I 1991.15] Elapsed: 33:11, vertices: 6875, facets final: 3709, pending: 72625, pool: 300
I 1996.30] Elapsed: 33:16, vertices: 6893, facets final: 3726, pending: 72567, pool: 300
I 2001.52] Elapsed: 33:22, vertices: 6911, facets final: 3753, pending: 72489, pool: 300
I 2006.60] Elapsed: 33:27, vertices: 6927, facets final: 3778, pending: 72363, pool: 300
I 2011.61] Elapsed: 33:32, vertices: 6945, facets final: 3802, pending: 72265, pool: 299
I 2016.78] Elapsed: 33:37, vertices: 6962, facets final: 3820, pending: 72112, pool: 300
I 2021.82] Elapsed: 33:42, vertices: 6980, facets final: 3842, pending: 72076, pool: 300
I 2026.95] Elapsed: 33:47, vertices: 6997, facets final: 3861, pending: 71996, pool: 300
I 2032.09] Elapsed: 33:52, vertices: 7015, facets final: 3896, pending: 71931, pool: 300
I 2037.16] Elapsed: 33:57, vertices: 7032, facets final: 3917, pending: 71739, pool: 300
I 2042.27] Elapsed: 34:02, vertices: 7049, facets final: 3947, pending: 71534, pool: 300
I 2047.36] Elapsed: 34:07, vertices: 7066, facets final: 3971, pending: 71285, pool: 300
I 2052.60] Elapsed: 34:13, vertices: 7083, facets final: 4004, pending: 71177, pool: 300
I 2057.84] Elapsed: 34:18, vertices: 7100, facets final: 4025, pending: 70944, pool: 300
I 2062.92] Elapsed: 34:23, vertices: 7116, facets final: 4039, pending: 70795, pool: 300
I 2068.20] Elapsed: 34:28, vertices: 7134, facets final: 4047, pending: 70665, pool: 300
I 2073.51] Elapsed: 34:34, vertices: 7151, facets final: 4076, pending: 70607, pool: 300
I 2078.75] Elapsed: 34:39, vertices: 7168, facets final: 4103, pending: 70524, pool: 300
I 2084.11] Elapsed: 34:44, vertices: 7186, facets final: 4124, pending: 70459, pool: 300
I 2089.39] Elapsed: 34:49, vertices: 7203, facets final: 4146, pending: 70434, pool: 300
I 2094.49] Elapsed: 34:54, vertices: 7222, facets final: 4175, pending: 70315, pool: 300
I 2099.81] Elapsed: 35:00, vertices: 7241, facets final: 4191, pending: 70094, pool: 300
I 2104.92] Elapsed: 35:05, vertices: 7260, facets final: 4222, pending: 69985, pool: 300
I 2109.92] Elapsed: 35:10, vertices: 7278, facets final: 4243, pending: 69794, pool: 300
I 2114.97] Elapsed: 35:15, vertices: 7297, facets final: 4259, pending: 69709, pool: 300
I 2120.07] Elapsed: 35:20, vertices: 7316, facets final: 4273, pending: 69609, pool: 300
I 2125.09] Elapsed: 35:25, vertices: 7335, facets final: 4297, pending: 69527, pool: 300
I 2130.15] Elapsed: 35:30, vertices: 7353, facets final: 4339, pending: 69408, pool: 300
I 2135.21] Elapsed: 35:35, vertices: 7371, facets final: 4365, pending: 69294, pool: 299
I 2140.39] Elapsed: 35:40, vertices: 7389, facets final: 4400, pending: 69180, pool: 300
I 2145.39] Elapsed: 35:45, vertices: 7405, facets final: 4421, pending: 69115, pool: 300
I 2150.66] Elapsed: 35:51, vertices: 7424, facets final: 4451, pending: 69045, pool: 300
I 2155.81] Elapsed: 35:56, vertices: 7442, facets final: 4472, pending: 69007, pool: 300
I 2160.88] Elapsed: 36:01, vertices: 7460, facets final: 4507, pending: 68789, pool: 300
I 2166.19] Elapsed: 36:06, vertices: 7478, facets final: 4536, pending: 68640, pool: 300
I 2171.46] Elapsed: 36:11, vertices: 7496, facets final: 4582, pending: 68376, pool: 300
I 2176.46] Elapsed: 36:16, vertices: 7512, facets final: 4609, pending: 68148, pool: 300
I 2181.69] Elapsed: 36:22, vertices: 7530, facets final: 4632, pending: 68006, pool: 300
I 2186.80] Elapsed: 36:27, vertices: 7547, facets final: 4645, pending: 67939, pool: 300
I 2192.01] Elapsed: 36:32, vertices: 7566, facets final: 4673, pending: 67817, pool: 300
I 2197.11] Elapsed: 36:37, vertices: 7583, facets final: 4694, pending: 67836, pool: 300
I 2202.38] Elapsed: 36:42, vertices: 7600, facets final: 4733, pending: 67662, pool: 300
I 2207.64] Elapsed: 36:48, vertices: 7617, facets final: 4759, pending: 67619, pool: 300
I 2213.10] Elapsed: 36:53, vertices: 7633, facets final: 4807, pending: 67435, pool: 300
I 2218.15] Elapsed: 36:58, vertices: 7649, facets final: 4837, pending: 67396, pool: 300
I 2223.28] Elapsed: 37:03, vertices: 7666, facets final: 4867, pending: 67316, pool: 300
I 2228.43] Elapsed: 37:08, vertices: 7685, facets final: 4910, pending: 67177, pool: 300
I 2233.44] Elapsed: 37:13, vertices: 7706, facets final: 4954, pending: 67039, pool: 300
I 2238.55] Elapsed: 37:19, vertices: 7726, facets final: 4987, pending: 66821, pool: 300
I 2243.73] Elapsed: 37:24, vertices: 7745, facets final: 5023, pending: 66778, pool: 300
I 2249.00] Elapsed: 37:29, vertices: 7764, facets final: 5062, pending: 66717, pool: 300
I 2254.06] Elapsed: 37:34, vertices: 7783, facets final: 5094, pending: 66640, pool: 300
I 2259.08] Elapsed: 37:39, vertices: 7802, facets final: 5135, pending: 66462, pool: 300
I 2264.19] Elapsed: 37:44, vertices: 7823, facets final: 5188, pending: 66380, pool: 300
I 2269.38] Elapsed: 37:49, vertices: 7842, facets final: 5231, pending: 66267, pool: 300
I 2274.44] Elapsed: 37:54, vertices: 7861, facets final: 5257, pending: 66089, pool: 300
I 2279.44] Elapsed: 37:59, vertices: 7880, facets final: 5293, pending: 65900, pool: 300
I 2284.65] Elapsed: 38:05, vertices: 7900, facets final: 5326, pending: 65800, pool: 300
I 2289.79] Elapsed: 38:10, vertices: 7920, facets final: 5369, pending: 65622, pool: 299
I 2295.04] Elapsed: 38:15, vertices: 7938, facets final: 5409, pending: 65554, pool: 300
I 2300.10] Elapsed: 38:20, vertices: 7957, facets final: 5451, pending: 65418, pool: 300
I 2305.20] Elapsed: 38:25, vertices: 7975, facets final: 5491, pending: 65316, pool: 300
I 2310.27] Elapsed: 38:30, vertices: 7993, facets final: 5522, pending: 65198, pool: 300
I 2315.32] Elapsed: 38:35, vertices: 8011, facets final: 5574, pending: 65014, pool: 300
I 2320.55] Elapsed: 38:41, vertices: 8030, facets final: 5609, pending: 64839, pool: 300
I 2325.66] Elapsed: 38:46, vertices: 8049, facets final: 5630, pending: 64766, pool: 300
I 2330.81] Elapsed: 38:51, vertices: 8067, facets final: 5656, pending: 64626, pool: 300
I 2335.86] Elapsed: 38:56, vertices: 8085, facets final: 5690, pending: 64397, pool: 300
I 2340.92] Elapsed: 39:01, vertices: 8103, facets final: 5735, pending: 64339, pool: 300
I 2346.01] Elapsed: 39:06, vertices: 8121, facets final: 5777, pending: 64239, pool: 300
I 2351.19] Elapsed: 39:11, vertices: 8140, facets final: 5801, pending: 64164, pool: 300
I 2356.44] Elapsed: 39:16, vertices: 8158, facets final: 5828, pending: 63977, pool: 300
I 2361.50] Elapsed: 39:22, vertices: 8175, facets final: 5856, pending: 63800, pool: 300
I 2366.68] Elapsed: 39:27, vertices: 8193, facets final: 5890, pending: 63649, pool: 299
I 2371.78] Elapsed: 39:32, vertices: 8211, facets final: 5910, pending: 63691, pool: 299
I 2376.89] Elapsed: 39:37, vertices: 8228, facets final: 5937, pending: 63457, pool: 300
I 2381.89] Elapsed: 39:42, vertices: 8246, facets final: 5961, pending: 63337, pool: 300
I 2387.11] Elapsed: 39:47, vertices: 8264, facets final: 5984, pending: 63226, pool: 300
I 2392.12] Elapsed: 39:52, vertices: 8280, facets final: 6006, pending: 63062, pool: 300
I 2397.21] Elapsed: 39:57, vertices: 8297, facets final: 6052, pending: 62926, pool: 300
I 2402.28] Elapsed: 40:02, vertices: 8314, facets final: 6088, pending: 62746, pool: 300
I 2407.35] Elapsed: 40:07, vertices: 8331, facets final: 6107, pending: 62616, pool: 300
I 2412.43] Elapsed: 40:12, vertices: 8348, facets final: 6143, pending: 62465, pool: 300
I 2417.64] Elapsed: 40:18, vertices: 8365, facets final: 6172, pending: 62362, pool: 300
I 2422.72] Elapsed: 40:23, vertices: 8381, facets final: 6208, pending: 62171, pool: 300
I 2427.72] Elapsed: 40:28, vertices: 8399, facets final: 6253, pending: 62020, pool: 300
I 2432.75] Elapsed: 40:33, vertices: 8421, facets final: 6280, pending: 61840, pool: 300
I 2437.83] Elapsed: 40:38, vertices: 8444, facets final: 6313, pending: 61671, pool: 300
I 2442.98] Elapsed: 40:43, vertices: 8466, facets final: 6374, pending: 61416, pool: 300
I 2448.10] Elapsed: 40:48, vertices: 8488, facets final: 6436, pending: 61189, pool: 299
I 2453.17] Elapsed: 40:53, vertices: 8509, facets final: 6494, pending: 61047, pool: 300
I 2458.36] Elapsed: 40:58, vertices: 8532, facets final: 6550, pending: 60955, pool: 300
I 2463.38] Elapsed: 41:03, vertices: 8554, facets final: 6600, pending: 60786, pool: 300
I 2468.62] Elapsed: 41:09, vertices: 8576, facets final: 6643, pending: 60526, pool: 300
I 2473.71] Elapsed: 41:14, vertices: 8597, facets final: 6705, pending: 60333, pool: 300
I 2478.77] Elapsed: 41:19, vertices: 8618, facets final: 6763, pending: 60151, pool: 300
I 2483.77] Elapsed: 41:24, vertices: 8639, facets final: 6811, pending: 59938, pool: 300
I 2488.88] Elapsed: 41:29, vertices: 8661, facets final: 6857, pending: 59810, pool: 300
I 2494.03] Elapsed: 41:34, vertices: 8682, facets final: 6901, pending: 59672, pool: 300
I 2499.10] Elapsed: 41:39, vertices: 8702, facets final: 6973, pending: 59461, pool: 300
I 2504.14] Elapsed: 41:44, vertices: 8723, facets final: 7042, pending: 59268, pool: 300
I 2509.14] Elapsed: 41:49, vertices: 8744, facets final: 7094, pending: 59081, pool: 300
I 2514.18] Elapsed: 41:54, vertices: 8765, facets final: 7155, pending: 58843, pool: 300
I 2519.37] Elapsed: 41:59, vertices: 8787, facets final: 7185, pending: 58750, pool: 300
I 2524.40] Elapsed: 42:04, vertices: 8807, facets final: 7216, pending: 58581, pool: 300
I 2529.56] Elapsed: 42:10, vertices: 8829, facets final: 7270, pending: 58441, pool: 300
I 2534.61] Elapsed: 42:15, vertices: 8849, facets final: 7315, pending: 58257, pool: 300
I 2539.67] Elapsed: 42:20, vertices: 8870, facets final: 7375, pending: 58089, pool: 300
I 2544.82] Elapsed: 42:25, vertices: 8891, facets final: 7448, pending: 57890, pool: 300
I 2550.03] Elapsed: 42:30, vertices: 8912, facets final: 7511, pending: 57681, pool: 300
I 2555.21] Elapsed: 42:35, vertices: 8933, facets final: 7583, pending: 57521, pool: 300
I 2560.40] Elapsed: 42:40, vertices: 8953, facets final: 7672, pending: 57314, pool: 300
I 2565.48] Elapsed: 42:45, vertices: 8974, facets final: 7734, pending: 57210, pool: 300
I 2570.49] Elapsed: 42:50, vertices: 8994, facets final: 7800, pending: 57061, pool: 300
I 2575.53] Elapsed: 42:56, vertices: 9013, facets final: 7851, pending: 56897, pool: 300
I 2580.53] Elapsed: 43:01, vertices: 9032, facets final: 7901, pending: 56709, pool: 300
I 2585.71] Elapsed: 43:06, vertices: 9052, facets final: 7974, pending: 56556, pool: 300
I 2590.86] Elapsed: 43:11, vertices: 9072, facets final: 8023, pending: 56391, pool: 300
I 2596.04] Elapsed: 43:16, vertices: 9092, facets final: 8096, pending: 56198, pool: 300
I 2601.23] Elapsed: 43:21, vertices: 9112, facets final: 8189, pending: 55990, pool: 300
I 2606.32] Elapsed: 43:26, vertices: 9132, facets final: 8250, pending: 55757, pool: 300
I 2611.53] Elapsed: 43:32, vertices: 9153, facets final: 8305, pending: 55613, pool: 300
I 2616.57] Elapsed: 43:37, vertices: 9173, facets final: 8351, pending: 55453, pool: 300
I 2621.61] Elapsed: 43:42, vertices: 9193, facets final: 8413, pending: 55283, pool: 300
I 2626.70] Elapsed: 43:47, vertices: 9212, facets final: 8515, pending: 55163, pool: 300
I 2631.95] Elapsed: 43:52, vertices: 9233, facets final: 8598, pending: 54985, pool: 300
I 2636.95] Elapsed: 43:57, vertices: 9252, facets final: 8672, pending: 54787, pool: 300
I 2642.14] Elapsed: 44:02, vertices: 9273, facets final: 8731, pending: 54674, pool: 300
I 2647.19] Elapsed: 44:07, vertices: 9292, facets final: 8801, pending: 54492, pool: 300
I 2652.33] Elapsed: 44:12, vertices: 9311, facets final: 8898, pending: 54258, pool: 300
I 2657.38] Elapsed: 44:17, vertices: 9331, facets final: 8976, pending: 54093, pool: 300
I 2662.38] Elapsed: 44:22, vertices: 9350, facets final: 9071, pending: 53904, pool: 300
I 2667.58] Elapsed: 44:28, vertices: 9371, facets final: 9123, pending: 53750, pool: 299
I 2672.60] Elapsed: 44:33, vertices: 9390, facets final: 9195, pending: 53604, pool: 300
I 2677.81] Elapsed: 44:38, vertices: 9410, facets final: 9261, pending: 53436, pool: 300
I 2682.86] Elapsed: 44:43, vertices: 9429, facets final: 9343, pending: 53262, pool: 300
I 2687.87] Elapsed: 44:48, vertices: 9449, facets final: 9432, pending: 53056, pool: 300
I 2692.88] Elapsed: 44:53, vertices: 9468, facets final: 9528, pending: 52940, pool: 300
I 2698.10] Elapsed: 44:58, vertices: 9488, facets final: 9602, pending: 52804, pool: 300
I 2703.13] Elapsed: 45:03, vertices: 9507, facets final: 9677, pending: 52643, pool: 300
I 2708.20] Elapsed: 45:08, vertices: 9527, facets final: 9740, pending: 52521, pool: 300
I 2713.34] Elapsed: 45:13, vertices: 9547, facets final: 9842, pending: 52322, pool: 300
I 2718.34] Elapsed: 45:18, vertices: 9566, facets final: 9897, pending: 52163, pool: 299
I 2723.51] Elapsed: 45:24, vertices: 9585, facets final: 9966, pending: 52032, pool: 300
I 2728.53] Elapsed: 45:29, vertices: 9603, facets final: 10053, pending: 51868, pool: 300
I 2733.55] Elapsed: 45:34, vertices: 9622, facets final: 10180, pending: 51623, pool: 299
I 2738.77] Elapsed: 45:39, vertices: 9642, facets final: 10268, pending: 51471, pool: 300
I 2743.79] Elapsed: 45:44, vertices: 9661, facets final: 10354, pending: 51312, pool: 300
I 2749.04] Elapsed: 45:49, vertices: 9680, facets final: 10497, pending: 51065, pool: 300
I 2754.24] Elapsed: 45:54, vertices: 9699, facets final: 10634, pending: 50907, pool: 300
I 2759.25] Elapsed: 45:59, vertices: 9718, facets final: 10709, pending: 50751, pool: 300
I 2764.25] Elapsed: 46:04, vertices: 9736, facets final: 10812, pending: 50536, pool: 300
I 2769.43] Elapsed: 46:09, vertices: 9755, facets final: 10923, pending: 50339, pool: 300
I 2774.48] Elapsed: 46:14, vertices: 9774, facets final: 11011, pending: 50173, pool: 299
I 2779.50] Elapsed: 46:20, vertices: 9792, facets final: 11115, pending: 49989, pool: 300
I 2784.61] Elapsed: 46:25, vertices: 9811, facets final: 11208, pending: 49821, pool: 300
I 2789.82] Elapsed: 46:30, vertices: 9830, facets final: 11335, pending: 49599, pool: 300
I 2794.87] Elapsed: 46:35, vertices: 9850, facets final: 11398, pending: 49496, pool: 300
I 2799.90] Elapsed: 46:40, vertices: 9869, facets final: 11478, pending: 49354, pool: 300
I 2804.93] Elapsed: 46:45, vertices: 9888, facets final: 11544, pending: 49194, pool: 300
I 2809.95] Elapsed: 46:50, vertices: 9907, facets final: 11653, pending: 49031, pool: 300
I 2815.13] Elapsed: 46:55, vertices: 9926, facets final: 11758, pending: 48812, pool: 300
I 2820.13] Elapsed: 47:00, vertices: 9945, facets final: 11847, pending: 48660, pool: 299
I 2825.29] Elapsed: 47:05, vertices: 9964, facets final: 11930, pending: 48458, pool: 300
I 2830.49] Elapsed: 47:10, vertices: 9983, facets final: 12084, pending: 48204, pool: 300
I 2835.49] Elapsed: 47:15, vertices: 10002, facets final: 12134, pending: 48066, pool: 300
I 2840.56] Elapsed: 47:21, vertices: 10021, facets final: 12235, pending: 47888, pool: 300
I 2845.74] Elapsed: 47:26, vertices: 10040, facets final: 12356, pending: 47677, pool: 300
I 2850.92] Elapsed: 47:31, vertices: 10059, facets final: 12466, pending: 47462, pool: 300
I 2855.97] Elapsed: 47:36, vertices: 10078, facets final: 12555, pending: 47316, pool: 300
I 2861.12] Elapsed: 47:41, vertices: 10098, facets final: 12641, pending: 47156, pool: 300
I 2866.22] Elapsed: 47:46, vertices: 10116, facets final: 12788, pending: 46970, pool: 300
I 2871.35] Elapsed: 47:51, vertices: 10135, facets final: 12905, pending: 46804, pool: 300
I 2876.54] Elapsed: 47:57, vertices: 10154, facets final: 13018, pending: 46599, pool: 300
I 2881.77] Elapsed: 48:02, vertices: 10174, facets final: 13108, pending: 46437, pool: 300
I 2887.02] Elapsed: 48:07, vertices: 10193, facets final: 13189, pending: 46221, pool: 300
I 2892.04] Elapsed: 48:12, vertices: 10211, facets final: 13348, pending: 46004, pool: 300
I 2897.23] Elapsed: 48:17, vertices: 10230, facets final: 13471, pending: 45791, pool: 300
I 2902.23] Elapsed: 48:22, vertices: 10249, facets final: 13584, pending: 45626, pool: 300
I 2907.24] Elapsed: 48:27, vertices: 10267, facets final: 13742, pending: 45408, pool: 300
I 2912.38] Elapsed: 48:32, vertices: 10286, facets final: 13907, pending: 45174, pool: 300
I 2917.45] Elapsed: 48:37, vertices: 10304, facets final: 14044, pending: 44963, pool: 300
I 2922.53] Elapsed: 48:43, vertices: 10323, facets final: 14160, pending: 44829, pool: 300
I 2927.77] Elapsed: 48:48, vertices: 10342, facets final: 14276, pending: 44611, pool: 300
I 2932.77] Elapsed: 48:53, vertices: 10360, facets final: 14402, pending: 44402, pool: 300
I 2937.96] Elapsed: 48:58, vertices: 10379, facets final: 14513, pending: 44243, pool: 299
I 2942.96] Elapsed: 49:03, vertices: 10398, facets final: 14646, pending: 44064, pool: 299
I 2948.05] Elapsed: 49:08, vertices: 10416, facets final: 14759, pending: 43843, pool: 300
I 2953.23] Elapsed: 49:13, vertices: 10435, facets final: 14853, pending: 43644, pool: 300
I 2958.42] Elapsed: 49:18, vertices: 10453, facets final: 15015, pending: 43402, pool: 300
I 2963.58] Elapsed: 49:24, vertices: 10472, facets final: 15165, pending: 43205, pool: 300
I 2968.59] Elapsed: 49:29, vertices: 10490, facets final: 15327, pending: 42977, pool: 299
I 2973.75] Elapsed: 49:34, vertices: 10508, facets final: 15483, pending: 42728, pool: 300
I 2978.97] Elapsed: 49:39, vertices: 10526, facets final: 15664, pending: 42484, pool: 299
I 2983.99] Elapsed: 49:44, vertices: 10544, facets final: 15859, pending: 42224, pool: 300
I 2989.03] Elapsed: 49:49, vertices: 10562, facets final: 16012, pending: 42003, pool: 299
I 2994.05] Elapsed: 49:54, vertices: 10580, facets final: 16137, pending: 41806, pool: 300
I 2999.05] Elapsed: 49:59, vertices: 10598, facets final: 16284, pending: 41585, pool: 300
I 3004.23] Elapsed: 50:04, vertices: 10616, facets final: 16489, pending: 41318, pool: 299
I 3009.47] Elapsed: 50:09, vertices: 10634, facets final: 16683, pending: 41026, pool: 300
I 3014.66] Elapsed: 50:15, vertices: 10652, facets final: 16892, pending: 40787, pool: 299
I 3019.71] Elapsed: 50:20, vertices: 10671, facets final: 17025, pending: 40626, pool: 300
I 3024.71] Elapsed: 50:25, vertices: 10688, facets final: 17240, pending: 40358, pool: 300
I 3029.91] Elapsed: 50:30, vertices: 10706, facets final: 17435, pending: 40102, pool: 300
I 3035.03] Elapsed: 50:35, vertices: 10724, facets final: 17644, pending: 39844, pool: 300
I 3040.08] Elapsed: 50:40, vertices: 10741, facets final: 17842, pending: 39577, pool: 300
I 3045.22] Elapsed: 50:45, vertices: 10759, facets final: 18026, pending: 39321, pool: 300
I 3050.24] Elapsed: 50:50, vertices: 10776, facets final: 18243, pending: 39026, pool: 299
I 3055.24] Elapsed: 50:55, vertices: 10794, facets final: 18432, pending: 38771, pool: 298
I 3060.24] Elapsed: 51:00, vertices: 10812, facets final: 18571, pending: 38568, pool: 300
I 3065.25] Elapsed: 51:05, vertices: 10830, facets final: 18740, pending: 38339, pool: 298
I 3070.25] Elapsed: 51:10, vertices: 10848, facets final: 18915, pending: 38089, pool: 300
I 3075.48] Elapsed: 51:15, vertices: 10866, facets final: 19157, pending: 37786, pool: 299
I 3080.48] Elapsed: 51:20, vertices: 10883, facets final: 19381, pending: 37516, pool: 299
I 3085.55] Elapsed: 51:26, vertices: 10900, facets final: 19645, pending: 37209, pool: 300
I 3090.77] Elapsed: 51:31, vertices: 10918, facets final: 19885, pending: 36927, pool: 298
I 3096.01] Elapsed: 51:36, vertices: 10935, facets final: 20187, pending: 36581, pool: 299
I 3101.03] Elapsed: 51:41, vertices: 10952, facets final: 20425, pending: 36294, pool: 300
I 3106.16] Elapsed: 51:46, vertices: 10969, facets final: 20763, pending: 35916, pool: 299
I 3111.37] Elapsed: 51:51, vertices: 10986, facets final: 21077, pending: 35560, pool: 299
I 3116.42] Elapsed: 51:56, vertices: 11004, facets final: 21240, pending: 35346, pool: 300
I 3121.51] Elapsed: 52:02, vertices: 11022, facets final: 21437, pending: 35077, pool: 300
I 3126.51] Elapsed: 52:07, vertices: 11039, facets final: 21646, pending: 34844, pool: 299
I 3131.51] Elapsed: 52:12, vertices: 11055, facets final: 21929, pending: 34516, pool: 299
I 3136.58] Elapsed: 52:17, vertices: 11080, facets final: 22276, pending: 34095, pool: 300
I 3141.70] Elapsed: 52:22, vertices: 11105, facets final: 22669, pending: 33655, pool: 300
I 3146.70] Elapsed: 52:27, vertices: 11131, facets final: 22940, pending: 33299, pool: 300
I 3151.79] Elapsed: 52:32, vertices: 11155, facets final: 23373, pending: 32800, pool: 300
I 3156.79] Elapsed: 52:37, vertices: 11178, facets final: 23843, pending: 32268, pool: 300
I 3161.86] Elapsed: 52:42, vertices: 11201, facets final: 24340, pending: 31719, pool: 299
I 3166.87] Elapsed: 52:47, vertices: 11225, facets final: 24794, pending: 31206, pool: 299
I 3171.92] Elapsed: 52:52, vertices: 11246, facets final: 25389, pending: 30576, pool: 300
I 3176.92] Elapsed: 52:57, vertices: 11269, facets final: 25861, pending: 30049, pool: 300
I 3182.06] Elapsed: 53:02, vertices: 11292, facets final: 26380, pending: 29462, pool: 298
I 3187.09] Elapsed: 53:07, vertices: 11315, facets final: 26866, pending: 28920, pool: 300
I 3192.11] Elapsed: 53:12, vertices: 11338, facets final: 27335, pending: 28406, pool: 299
I 3197.25] Elapsed: 53:17, vertices: 11359, facets final: 27955, pending: 27726, pool: 300
I 3202.25] Elapsed: 53:22, vertices: 11379, facets final: 28599, pending: 27036, pool: 299
I 3207.35] Elapsed: 53:27, vertices: 11400, facets final: 29211, pending: 26383, pool: 299
I 3212.47] Elapsed: 53:32, vertices: 11419, facets final: 29999, pending: 25558, pool: 299
I 3217.51] Elapsed: 53:38, vertices: 11439, facets final: 30660, pending: 24849, pool: 298
I 3222.64] Elapsed: 53:43, vertices: 11461, facets final: 31221, pending: 24254, pool: 299
I 3227.75] Elapsed: 53:48, vertices: 11480, facets final: 31952, pending: 23473, pool: 298
I 3232.75] Elapsed: 53:53, vertices: 11499, facets final: 32668, pending: 22693, pool: 300
I 3237.80] Elapsed: 53:58, vertices: 11523, facets final: 33095, pending: 22219, pool: 300
I 3242.80] Elapsed: 54:03, vertices: 11543, facets final: 33747, pending: 21542, pool: 299
I 3247.80] Elapsed: 54:08, vertices: 11563, facets final: 34375, pending: 20875, pool: 299
I 3252.80] Elapsed: 54:13, vertices: 11583, facets final: 35007, pending: 20188, pool: 298
I 3257.81] Elapsed: 54:18, vertices: 11600, facets final: 35856, pending: 19303, pool: 300
I 3262.81] Elapsed: 54:23, vertices: 11618, facets final: 36567, pending: 18685, pool: 298
I 3267.81] Elapsed: 54:28, vertices: 11638, facets final: 37195, pending: 18005, pool: 300
I 3272.83] Elapsed: 54:33, vertices: 11657, facets final: 37891, pending: 17268, pool: 298
I 3277.83] Elapsed: 54:38, vertices: 11676, facets final: 38576, pending: 16577, pool: 298
I 3282.83] Elapsed: 54:43, vertices: 11696, facets final: 39258, pending: 15857, pool: 298
I 3287.97] Elapsed: 54:48, vertices: 11710, facets final: 40278, pending: 14812, pool: 296
I 3293.12] Elapsed: 54:53, vertices: 11725, facets final: 41261, pending: 13827, pool: 298
I 3298.12] Elapsed: 54:58, vertices: 11741, facets final: 42116, pending: 12928, pool: 295
I 3303.12] Elapsed: 55:03, vertices: 11759, facets final: 42866, pending: 12136, pool: 297
I 3308.24] Elapsed: 55:08, vertices: 11773, facets final: 43801, pending: 11357, pool: 293
I 3313.29] Elapsed: 55:13, vertices: 11788, facets final: 44369, pending: 10709, pool: 298
I 3318.41] Elapsed: 55:18, vertices: 11805, facets final: 45125, pending: 9881, pool: 295
I 3323.45] Elapsed: 55:23, vertices: 11822, facets final: 45981, pending: 8985, pool: 291
I 3328.61] Elapsed: 55:29, vertices: 11836, facets final: 46987, pending: 7927, pool: 291
I 3333.61] Elapsed: 55:34, vertices: 11851, facets final: 47923, pending: 6971, pool: 289
I 3338.66] Elapsed: 55:39, vertices: 11866, facets final: 48943, pending: 5936, pool: 282
I 3343.75] Elapsed: 55:44, vertices: 11883, facets final: 49832, pending: 5033, pool: 278
I 3348.77] Elapsed: 55:49, vertices: 11898, facets final: 50844, pending: 4001, pool: 272
I 3353.77] Elapsed: 55:54, vertices: 11914, facets final: 51778, pending: 3053, pool: 266
I 3358.81] Elapsed: 55:59, vertices: 11935, facets final: 52524, pending: 2289, pool: 254
I 3363.92] Elapsed: 56:04, vertices: 11960, facets final: 53124, pending: 1667, pool: 242
I 3368.92] Elapsed: 56:09, vertices: 11990, facets final: 53542, pending: 1219, pool: 221
I 3373.97] Elapsed: 56:14, vertices: 12025, facets final: 53847, pending: 880, pool: 201
I 3379.02] Elapsed: 56:19, vertices: 12064, facets final: 54125, pending: 570, pool: 171
I 3384.02] Elapsed: 56:24, vertices: 12113, facets final: 54281, pending: 365, pool: 132
I 3389.06] Elapsed: 56:29, vertices: 12175, facets final: 54417, pending: 183, pool: 86
I 3393.45] Elapsed: 56:33, vertices: 12272, facets final: 54527, pending: 0

--------------------------------
Problem completed
 name                    23.vlp
 output                  vlp/23.res
 rows, cols, objs        19, 5106, 8
 vertices, facets        12272, 54527
 total time              56:33
--------------------------------
Statistics
LP:
 oracle calls            67797
   avg iterations/calls  11.68
 total oracle time       3:09
Combinatorics:
 vertices added          12272
 facets probed           126545
 facets # max            84615
 memory allocated        299.60M
 storage expansion
   vertices # / upto     96 / 12284
   facets   # / upto     21 / 86012
 facet manipulating
   added avg / max       73.99 / 1.21k
   compressed            504
 number of ridge tests
   avg / max             4.25M / 49.83M
--------------------------------
Parameters with non-default values
 ExactFacetEq = 1
 VertexPoolSize = 300
 OracleCallLimit = 3
 RecalculateFacets = 25
 PolytopeEps = 1e-08
 ScaleEps = 5e-08
 LineqEps = 1.3e-07
 RoundEps = 5e-08
