C applying double rule rs=cd:ab;a.d.r.s;b.c.r.s for ineq.txt
I    5.03] Elapsed: 5.03, vertices: 152, facets final: 62, pending: 10333, pool: 298
I   10.07] Elapsed: 10.07, vertices: 243, facets final: 92, pending: 15607, pool: 300
I   15.07] Elapsed: 15.07, vertices: 308, facets final: 107, pending: 19642, pool: 300
I   20.14] Elapsed: 20.14, vertices: 366, facets final: 117, pending: 21900, pool: 300
I   25.23] Elapsed: 25.23, vertices: 418, facets final: 125, pending: 25624, pool: 300
I   30.32] Elapsed: 30.32, vertices: 463, facets final: 133, pending: 27808, pool: 300
I   35.40] Elapsed: 35.40, vertices: 506, facets final: 151, pending: 29909, pool: 299
I   40.44] Elapsed: 40.44, vertices: 544, facets final: 166, pending: 31051, pool: 300
I   45.50] Elapsed: 45.50, vertices: 584, facets final: 174, pending: 31961, pool: 300
I   50.60] Elapsed: 50.60, vertices: 623, facets final: 188, pending: 33448, pool: 300
I   55.60] Elapsed: 55.60, vertices: 657, facets final: 199, pending: 34090, pool: 300
I   60.64] Elapsed: 1:01, vertices: 693, facets final: 210, pending: 35297, pool: 300
I   65.74] Elapsed: 1:06, vertices: 727, facets final: 219, pending: 36400, pool: 300
I   70.90] Elapsed: 1:11, vertices: 760, facets final: 235, pending: 37240, pool: 299
I   76.02] Elapsed: 1:16, vertices: 791, facets final: 245, pending: 37490, pool: 300
I   81.02] Elapsed: 1:21, vertices: 821, facets final: 250, pending: 38504, pool: 300
I   86.10] Elapsed: 1:26, vertices: 850, facets final: 259, pending: 38151, pool: 300
I   91.10] Elapsed: 1:31, vertices: 882, facets final: 272, pending: 39340, pool: 300
I   96.32] Elapsed: 1:36, vertices: 913, facets final: 289, pending: 40099, pool: 300
I  101.48] Elapsed: 1:41, vertices: 944, facets final: 301, pending: 40983, pool: 300
I  106.53] Elapsed: 1:47, vertices: 973, facets final: 316, pending: 41343, pool: 300
I  111.75] Elapsed: 1:52, vertices: 1003, facets final: 329, pending: 42390, pool: 300
I  116.93] Elapsed: 1:57, vertices: 1029, facets final: 339, pending: 43068, pool: 300
I  122.07] Elapsed: 2:02, vertices: 1055, facets final: 351, pending: 43437, pool: 300
I  127.35] Elapsed: 2:07, vertices: 1085, facets final: 365, pending: 43396, pool: 300
I  132.50] Elapsed: 2:13, vertices: 1111, facets final: 382, pending: 43705, pool: 300
I  137.58] Elapsed: 2:18, vertices: 1137, facets final: 392, pending: 44072, pool: 300
I  142.72] Elapsed: 2:23, vertices: 1162, facets final: 408, pending: 43905, pool: 299
I  148.02] Elapsed: 2:28, vertices: 1186, facets final: 419, pending: 44176, pool: 300
I  153.17] Elapsed: 2:33, vertices: 1210, facets final: 429, pending: 45062, pool: 300
I  158.19] Elapsed: 2:38, vertices: 1235, facets final: 440, pending: 45536, pool: 300
I  163.33] Elapsed: 2:43, vertices: 1261, facets final: 448, pending: 45447, pool: 300
I  168.35] Elapsed: 2:48, vertices: 1288, facets final: 459, pending: 45500, pool: 299
I  173.54] Elapsed: 2:54, vertices: 1314, facets final: 477, pending: 45574, pool: 300
I  178.72] Elapsed: 2:59, vertices: 1339, facets final: 495, pending: 46393, pool: 300
I  183.90] Elapsed: 3:04, vertices: 1362, facets final: 518, pending: 46579, pool: 300
I  189.14] Elapsed: 3:09, vertices: 1388, facets final: 530, pending: 46904, pool: 300
I  194.23] Elapsed: 3:14, vertices: 1414, facets final: 543, pending: 46898, pool: 299
I  199.37] Elapsed: 3:19, vertices: 1439, facets final: 568, pending: 46928, pool: 300
I  204.38] Elapsed: 3:24, vertices: 1464, facets final: 590, pending: 47007, pool: 300
I  209.51] Elapsed: 3:30, vertices: 1490, facets final: 603, pending: 47343, pool: 300
I  214.66] Elapsed: 3:35, vertices: 1516, facets final: 616, pending: 47454, pool: 300
I  219.68] Elapsed: 3:40, vertices: 1536, facets final: 636, pending: 48104, pool: 299
I  224.68] Elapsed: 3:45, vertices: 1558, facets final: 654, pending: 48148, pool: 300
I  229.73] Elapsed: 3:50, vertices: 1583, facets final: 665, pending: 48182, pool: 300
I  234.84] Elapsed: 3:55, vertices: 1608, facets final: 689, pending: 48065, pool: 300
I  239.85] Elapsed: 4:00, vertices: 1632, facets final: 707, pending: 48056, pool: 300
I  244.97] Elapsed: 4:05, vertices: 1654, facets final: 720, pending: 48848, pool: 300
I  250.12] Elapsed: 4:10, vertices: 1676, facets final: 739, pending: 49322, pool: 299
I  255.35] Elapsed: 4:15, vertices: 1699, facets final: 745, pending: 49526, pool: 300
I  260.37] Elapsed: 4:20, vertices: 1719, facets final: 767, pending: 49922, pool: 300
I  265.42] Elapsed: 4:25, vertices: 1742, facets final: 774, pending: 50234, pool: 300
recalculate_facet: numerical instability at facet 22, coord 5 (1.48763e-06)
I  270.58] Elapsed: 4:31, vertices: 1762, facets final: 782, pending: 50442, pool: 300
I  275.79] Elapsed: 4:36, vertices: 1784, facets final: 794, pending: 50935, pool: 300
I  280.81] Elapsed: 4:41, vertices: 1805, facets final: 820, pending: 51281, pool: 299
I  285.97] Elapsed: 4:46, vertices: 1825, facets final: 841, pending: 51264, pool: 300
I  291.26] Elapsed: 4:51, vertices: 1847, facets final: 853, pending: 50863, pool: 300
I  296.46] Elapsed: 4:56, vertices: 1866, facets final: 865, pending: 50997, pool: 300
I  301.60] Elapsed: 5:02, vertices: 1888, facets final: 882, pending: 51160, pool: 300
I  306.78] Elapsed: 5:07, vertices: 1907, facets final: 899, pending: 52037, pool: 300
I  312.16] Elapsed: 5:12, vertices: 1926, facets final: 914, pending: 52498, pool: 300
I  317.20] Elapsed: 5:17, vertices: 1945, facets final: 934, pending: 52575, pool: 300
I  322.26] Elapsed: 5:22, vertices: 1964, facets final: 951, pending: 52703, pool: 300
I  327.28] Elapsed: 5:27, vertices: 1982, facets final: 966, pending: 52630, pool: 300
I  332.85] Elapsed: 5:33, vertices: 2000, facets final: 993, pending: 53136, pool: 300
I  337.85] Elapsed: 5:38, vertices: 2020, facets final: 1009, pending: 53230, pool: 299
I  342.92] Elapsed: 5:43, vertices: 2043, facets final: 1031, pending: 53249, pool: 300
I  347.99] Elapsed: 5:48, vertices: 2064, facets final: 1050, pending: 53112, pool: 300
I  353.03] Elapsed: 5:53, vertices: 2085, facets final: 1070, pending: 53522, pool: 300
I  358.19] Elapsed: 5:58, vertices: 2107, facets final: 1095, pending: 54054, pool: 300
I  363.32] Elapsed: 6:03, vertices: 2127, facets final: 1114, pending: 54357, pool: 299
I  368.51] Elapsed: 6:09, vertices: 2146, facets final: 1132, pending: 54618, pool: 300
I  373.57] Elapsed: 6:14, vertices: 2167, facets final: 1146, pending: 54780, pool: 300
I  378.76] Elapsed: 6:19, vertices: 2187, facets final: 1158, pending: 54993, pool: 300
recalculate_facet: numerical instability at facet 4, coord 1 (-1.56817e-06)
recalculate_facet: numerical instability at facet 5, coord 0 (1.23852e-06)
recalculate_facet: numerical instability at facet 5, coord 1 (-9.58618e-06)
recalculate_facet: numerical instability at facet 5, coord 2 (1.95268e-06)
recalculate_facet: numerical instability at facet 5, coord 3 (1.23301e-06)
recalculate_facet: numerical instability at facet 5, coord 5 (4.95348e-06)
recalculate_facet: numerical instability at facet 5, coord 8 (-4.6642e-06)
I  383.79] Elapsed: 6:24, vertices: 2208, facets final: 1165, pending: 55338, pool: 300
I  388.88] Elapsed: 6:29, vertices: 2227, facets final: 1178, pending: 55779, pool: 300
I  393.99] Elapsed: 6:34, vertices: 2247, facets final: 1191, pending: 55869, pool: 300
I  399.21] Elapsed: 6:39, vertices: 2267, facets final: 1212, pending: 56109, pool: 300
I  404.32] Elapsed: 6:44, vertices: 2287, facets final: 1238, pending: 56450, pool: 300
I  409.43] Elapsed: 6:49, vertices: 2304, facets final: 1260, pending: 56833, pool: 300
I  414.82] Elapsed: 6:55, vertices: 2325, facets final: 1284, pending: 56891, pool: 300
I  420.10] Elapsed: 7:00, vertices: 2344, facets final: 1305, pending: 57253, pool: 299
I  425.35] Elapsed: 7:05, vertices: 2362, facets final: 1322, pending: 57513, pool: 300
I  430.77] Elapsed: 7:11, vertices: 2382, facets final: 1337, pending: 57802, pool: 300
I  436.06] Elapsed: 7:16, vertices: 2399, facets final: 1352, pending: 58341, pool: 300
I  441.14] Elapsed: 7:21, vertices: 2417, facets final: 1367, pending: 58468, pool: 300
I  446.30] Elapsed: 7:26, vertices: 2434, facets final: 1382, pending: 58994, pool: 300
I  451.58] Elapsed: 7:32, vertices: 2450, facets final: 1395, pending: 59265, pool: 300
I  456.78] Elapsed: 7:37, vertices: 2467, facets final: 1408, pending: 59386, pool: 300
I  461.82] Elapsed: 7:42, vertices: 2488, facets final: 1430, pending: 59616, pool: 300
I  466.83] Elapsed: 7:47, vertices: 2503, facets final: 1448, pending: 60060, pool: 300
I  472.00] Elapsed: 7:52, vertices: 2522, facets final: 1469, pending: 60339, pool: 300
I  477.29] Elapsed: 7:57, vertices: 2538, facets final: 1487, pending: 60654, pool: 300
I  482.51] Elapsed: 8:03, vertices: 2554, facets final: 1504, pending: 61162, pool: 300
I  487.51] Elapsed: 8:08, vertices: 2573, facets final: 1530, pending: 61287, pool: 299
I  492.91] Elapsed: 8:13, vertices: 2589, facets final: 1547, pending: 61590, pool: 300
I  498.07] Elapsed: 8:18, vertices: 2606, facets final: 1562, pending: 61776, pool: 299
I  503.15] Elapsed: 8:23, vertices: 2624, facets final: 1581, pending: 61758, pool: 300
I  508.33] Elapsed: 8:28, vertices: 2641, facets final: 1594, pending: 61603, pool: 300
I  513.61] Elapsed: 8:34, vertices: 2656, facets final: 1602, pending: 61976, pool: 300
I  519.10] Elapsed: 8:39, vertices: 2674, facets final: 1618, pending: 62162, pool: 300
I  524.57] Elapsed: 8:45, vertices: 2691, facets final: 1623, pending: 62383, pool: 300
I  529.74] Elapsed: 8:50, vertices: 2706, facets final: 1638, pending: 62406, pool: 300
I  534.84] Elapsed: 8:55, vertices: 2723, facets final: 1648, pending: 62276, pool: 300
I  539.86] Elapsed: 9:00, vertices: 2739, facets final: 1657, pending: 62716, pool: 300
I  545.42] Elapsed: 9:05, vertices: 2755, facets final: 1678, pending: 63012, pool: 300
I  551.08] Elapsed: 9:11, vertices: 2774, facets final: 1696, pending: 63093, pool: 300
I  556.25] Elapsed: 9:16, vertices: 2791, facets final: 1710, pending: 63021, pool: 300
I  561.48] Elapsed: 9:21, vertices: 2805, facets final: 1725, pending: 63406, pool: 300
I  566.66] Elapsed: 9:27, vertices: 2821, facets final: 1746, pending: 63746, pool: 300
I  571.69] Elapsed: 9:32, vertices: 2837, facets final: 1759, pending: 63863, pool: 300
I  576.74] Elapsed: 9:37, vertices: 2855, facets final: 1787, pending: 63990, pool: 300
I  582.39] Elapsed: 9:42, vertices: 2873, facets final: 1797, pending: 64204, pool: 300
I  587.39] Elapsed: 9:47, vertices: 2887, facets final: 1821, pending: 64500, pool: 300
I  592.52] Elapsed: 9:53, vertices: 2902, facets final: 1838, pending: 64707, pool: 300
I  597.71] Elapsed: 9:58, vertices: 2916, facets final: 1848, pending: 64865, pool: 300
I  602.86] Elapsed: 10:03, vertices: 2931, facets final: 1868, pending: 65308, pool: 300
I  608.03] Elapsed: 10:08, vertices: 2948, facets final: 1886, pending: 65492, pool: 300
I  613.34] Elapsed: 10:13, vertices: 2964, facets final: 1903, pending: 65425, pool: 300
I  618.38] Elapsed: 10:18, vertices: 2977, facets final: 1913, pending: 65717, pool: 300
I  623.60] Elapsed: 10:24, vertices: 2991, facets final: 1928, pending: 65701, pool: 300
I  628.90] Elapsed: 10:29, vertices: 3007, facets final: 1949, pending: 65867, pool: 300
I  634.26] Elapsed: 10:34, vertices: 3024, facets final: 1963, pending: 65856, pool: 300
I  639.46] Elapsed: 10:39, vertices: 3040, facets final: 1973, pending: 65973, pool: 300
I  644.64] Elapsed: 10:45, vertices: 3058, facets final: 1981, pending: 66085, pool: 300
I  649.81] Elapsed: 10:50, vertices: 3072, facets final: 1995, pending: 66139, pool: 300
I  654.88] Elapsed: 10:55, vertices: 3088, facets final: 2005, pending: 66135, pool: 299
I  660.04] Elapsed: 11:00, vertices: 3105, facets final: 2023, pending: 66373, pool: 300
I  665.08] Elapsed: 11:05, vertices: 3122, facets final: 2038, pending: 66483, pool: 300
I  670.13] Elapsed: 11:10, vertices: 3137, facets final: 2053, pending: 66463, pool: 300
I  675.30] Elapsed: 11:15, vertices: 3152, facets final: 2064, pending: 66513, pool: 300
I  680.45] Elapsed: 11:20, vertices: 3168, facets final: 2078, pending: 66669, pool: 300
I  685.80] Elapsed: 11:26, vertices: 3186, facets final: 2097, pending: 66527, pool: 300
I  690.82] Elapsed: 11:31, vertices: 3202, facets final: 2108, pending: 66523, pool: 300
I  696.02] Elapsed: 11:36, vertices: 3220, facets final: 2139, pending: 66608, pool: 300
I  701.23] Elapsed: 11:41, vertices: 3236, facets final: 2157, pending: 66564, pool: 300
I  706.45] Elapsed: 11:46, vertices: 3252, facets final: 2174, pending: 66671, pool: 300
I  711.66] Elapsed: 11:52, vertices: 3263, facets final: 2182, pending: 66566, pool: 300
I  717.05] Elapsed: 11:57, vertices: 3280, facets final: 2205, pending: 66342, pool: 300
I  722.09] Elapsed: 12:02, vertices: 3294, facets final: 2220, pending: 66339, pool: 300
I  727.20] Elapsed: 12:07, vertices: 3312, facets final: 2231, pending: 66375, pool: 300
I  732.47] Elapsed: 12:12, vertices: 3328, facets final: 2246, pending: 66494, pool: 300
I  737.77] Elapsed: 12:18, vertices: 3344, facets final: 2263, pending: 66415, pool: 300
I  742.90] Elapsed: 12:23, vertices: 3361, facets final: 2282, pending: 66361, pool: 300
I  748.27] Elapsed: 12:28, vertices: 3377, facets final: 2307, pending: 66384, pool: 300
I  753.31] Elapsed: 12:33, vertices: 3394, facets final: 2339, pending: 66265, pool: 300
I  758.45] Elapsed: 12:38, vertices: 3410, facets final: 2362, pending: 66369, pool: 300
I  763.47] Elapsed: 12:43, vertices: 3426, facets final: 2373, pending: 66311, pool: 300
I  768.54] Elapsed: 12:49, vertices: 3444, facets final: 2388, pending: 66228, pool: 300
I  773.79] Elapsed: 12:54, vertices: 3460, facets final: 2401, pending: 66350, pool: 300
I  779.01] Elapsed: 12:59, vertices: 3477, facets final: 2432, pending: 66290, pool: 300
I  784.03] Elapsed: 13:04, vertices: 3494, facets final: 2453, pending: 66141, pool: 300
I  789.10] Elapsed: 13:09, vertices: 3511, facets final: 2470, pending: 65962, pool: 300
I  794.25] Elapsed: 13:14, vertices: 3528, facets final: 2494, pending: 65920, pool: 300
I  799.46] Elapsed: 13:19, vertices: 3544, facets final: 2513, pending: 65981, pool: 300
I  804.54] Elapsed: 13:25, vertices: 3562, facets final: 2541, pending: 65936, pool: 300
I  809.64] Elapsed: 13:30, vertices: 3580, facets final: 2569, pending: 65994, pool: 300
I  814.87] Elapsed: 13:35, vertices: 3598, facets final: 2581, pending: 66072, pool: 300
I  819.92] Elapsed: 13:40, vertices: 3615, facets final: 2603, pending: 66122, pool: 300
I  825.06] Elapsed: 13:45, vertices: 3630, facets final: 2621, pending: 66013, pool: 300
I  830.13] Elapsed: 13:50, vertices: 3648, facets final: 2649, pending: 66184, pool: 300
I  835.47] Elapsed: 13:55, vertices: 3666, facets final: 2669, pending: 66369, pool: 300
I  840.47] Elapsed: 14:00, vertices: 3683, facets final: 2688, pending: 66428, pool: 300
I  845.48] Elapsed: 14:05, vertices: 3701, facets final: 2711, pending: 66359, pool: 299
I  850.61] Elapsed: 14:11, vertices: 3719, facets final: 2735, pending: 66235, pool: 300
I  855.69] Elapsed: 14:16, vertices: 3735, facets final: 2752, pending: 66175, pool: 300
I  860.80] Elapsed: 14:21, vertices: 3751, facets final: 2778, pending: 65963, pool: 300
I  865.84] Elapsed: 14:26, vertices: 3769, facets final: 2795, pending: 65553, pool: 300
I  871.00] Elapsed: 14:31, vertices: 3786, facets final: 2817, pending: 65330, pool: 300
I  876.06] Elapsed: 14:36, vertices: 3803, facets final: 2846, pending: 65237, pool: 300
I  881.18] Elapsed: 14:41, vertices: 3818, facets final: 2879, pending: 64869, pool: 300
I  886.31] Elapsed: 14:46, vertices: 3834, facets final: 2893, pending: 64707, pool: 300
I  891.52] Elapsed: 14:52, vertices: 3851, facets final: 2907, pending: 64520, pool: 299
I  896.73] Elapsed: 14:57, vertices: 3867, facets final: 2944, pending: 64454, pool: 300
I  901.95] Elapsed: 15:02, vertices: 3884, facets final: 2979, pending: 64117, pool: 300
I  907.07] Elapsed: 15:07, vertices: 3902, facets final: 3013, pending: 63951, pool: 300
I  912.24] Elapsed: 15:12, vertices: 3920, facets final: 3042, pending: 63584, pool: 300
I  917.32] Elapsed: 15:17, vertices: 3939, facets final: 3081, pending: 63567, pool: 300
I  922.42] Elapsed: 15:22, vertices: 3956, facets final: 3105, pending: 63546, pool: 300
I  927.62] Elapsed: 15:28, vertices: 3973, facets final: 3121, pending: 63350, pool: 300
I  932.63] Elapsed: 15:33, vertices: 3991, facets final: 3147, pending: 63144, pool: 300
I  937.71] Elapsed: 15:38, vertices: 4008, facets final: 3172, pending: 62807, pool: 300
I  942.71] Elapsed: 15:43, vertices: 4026, facets final: 3224, pending: 62704, pool: 300
I  948.02] Elapsed: 15:48, vertices: 4046, facets final: 3248, pending: 62622, pool: 300
I  953.25] Elapsed: 15:53, vertices: 4064, facets final: 3300, pending: 62563, pool: 300
I  958.31] Elapsed: 15:58, vertices: 4083, facets final: 3328, pending: 62392, pool: 300
I  963.55] Elapsed: 16:04, vertices: 4102, facets final: 3385, pending: 62098, pool: 300
I  968.71] Elapsed: 16:09, vertices: 4121, facets final: 3424, pending: 61955, pool: 300
I  973.74] Elapsed: 16:14, vertices: 4140, facets final: 3470, pending: 61768, pool: 299
I  978.94] Elapsed: 16:19, vertices: 4159, facets final: 3494, pending: 61709, pool: 299
I  984.23] Elapsed: 16:24, vertices: 4178, facets final: 3527, pending: 61360, pool: 300
I  989.48] Elapsed: 16:29, vertices: 4197, facets final: 3564, pending: 61220, pool: 300
I  994.64] Elapsed: 16:35, vertices: 4218, facets final: 3604, pending: 61019, pool: 300
I  999.68] Elapsed: 16:40, vertices: 4237, facets final: 3653, pending: 60756, pool: 300
I 1004.68] Elapsed: 16:45, vertices: 4256, facets final: 3715, pending: 60478, pool: 300
I 1009.77] Elapsed: 16:50, vertices: 4275, facets final: 3767, pending: 60329, pool: 300
I 1014.88] Elapsed: 16:55, vertices: 4294, facets final: 3815, pending: 60337, pool: 300
I 1020.29] Elapsed: 17:00, vertices: 4313, facets final: 3863, pending: 60077, pool: 300
I 1025.40] Elapsed: 17:05, vertices: 4332, facets final: 3903, pending: 60063, pool: 300
I 1030.42] Elapsed: 17:10, vertices: 4352, facets final: 3994, pending: 59780, pool: 299
I 1035.60] Elapsed: 17:16, vertices: 4371, facets final: 4058, pending: 59608, pool: 300
I 1040.72] Elapsed: 17:21, vertices: 4392, facets final: 4094, pending: 59497, pool: 300
I 1045.83] Elapsed: 17:26, vertices: 4412, facets final: 4165, pending: 59256, pool: 300
I 1051.26] Elapsed: 17:31, vertices: 4433, facets final: 4201, pending: 58907, pool: 300
I 1056.39] Elapsed: 17:36, vertices: 4453, facets final: 4240, pending: 58658, pool: 300
I 1061.40] Elapsed: 17:41, vertices: 4473, facets final: 4281, pending: 58500, pool: 300
I 1066.53] Elapsed: 17:47, vertices: 4492, facets final: 4342, pending: 58410, pool: 300
I 1071.55] Elapsed: 17:52, vertices: 4510, facets final: 4384, pending: 58222, pool: 300
I 1076.63] Elapsed: 17:57, vertices: 4530, facets final: 4433, pending: 58038, pool: 299
I 1081.63] Elapsed: 18:02, vertices: 4550, facets final: 4501, pending: 57852, pool: 300
I 1086.75] Elapsed: 18:07, vertices: 4570, facets final: 4551, pending: 57703, pool: 300
I 1091.85] Elapsed: 18:12, vertices: 4590, facets final: 4610, pending: 57570, pool: 300
I 1097.03] Elapsed: 18:17, vertices: 4609, facets final: 4690, pending: 57398, pool: 300
I 1102.19] Elapsed: 18:22, vertices: 4631, facets final: 4754, pending: 57299, pool: 300
I 1107.27] Elapsed: 18:27, vertices: 4652, facets final: 4831, pending: 57093, pool: 300
I 1112.37] Elapsed: 18:32, vertices: 4672, facets final: 4893, pending: 56928, pool: 300
I 1117.56] Elapsed: 18:38, vertices: 4695, facets final: 4941, pending: 56712, pool: 300
I 1122.80] Elapsed: 18:43, vertices: 4716, facets final: 5022, pending: 56439, pool: 300
I 1127.80] Elapsed: 18:48, vertices: 4736, facets final: 5076, pending: 56337, pool: 300
I 1132.81] Elapsed: 18:53, vertices: 4755, facets final: 5148, pending: 56082, pool: 299
I 1137.89] Elapsed: 18:58, vertices: 4776, facets final: 5207, pending: 55946, pool: 300
I 1142.95] Elapsed: 19:03, vertices: 4796, facets final: 5264, pending: 55584, pool: 300
I 1148.12] Elapsed: 19:08, vertices: 4816, facets final: 5333, pending: 55336, pool: 300
I 1153.26] Elapsed: 19:13, vertices: 4837, facets final: 5393, pending: 55078, pool: 300
I 1158.37] Elapsed: 19:18, vertices: 4857, facets final: 5446, pending: 54843, pool: 300
I 1163.41] Elapsed: 19:23, vertices: 4876, facets final: 5519, pending: 54610, pool: 300
I 1168.47] Elapsed: 19:28, vertices: 4897, facets final: 5584, pending: 54539, pool: 299
I 1173.55] Elapsed: 19:34, vertices: 4917, facets final: 5685, pending: 54327, pool: 300
I 1178.61] Elapsed: 19:39, vertices: 4937, facets final: 5790, pending: 54129, pool: 300
I 1183.66] Elapsed: 19:44, vertices: 4957, facets final: 5848, pending: 54042, pool: 300
I 1188.71] Elapsed: 19:49, vertices: 4977, facets final: 5922, pending: 53890, pool: 300
I 1193.73] Elapsed: 19:54, vertices: 4999, facets final: 6019, pending: 53682, pool: 300
I 1198.85] Elapsed: 19:59, vertices: 5021, facets final: 6144, pending: 53338, pool: 300
I 1204.01] Elapsed: 20:04, vertices: 5043, facets final: 6242, pending: 53066, pool: 300
I 1209.19] Elapsed: 20:09, vertices: 5066, facets final: 6341, pending: 52756, pool: 300
I 1214.25] Elapsed: 20:14, vertices: 5089, facets final: 6408, pending: 52509, pool: 299
I 1219.25] Elapsed: 20:19, vertices: 5111, facets final: 6518, pending: 52224, pool: 300
I 1224.25] Elapsed: 20:24, vertices: 5133, facets final: 6660, pending: 51973, pool: 300
I 1229.25] Elapsed: 20:29, vertices: 5155, facets final: 6754, pending: 51696, pool: 300
I 1234.38] Elapsed: 20:34, vertices: 5178, facets final: 6870, pending: 51517, pool: 299
I 1239.50] Elapsed: 20:40, vertices: 5200, facets final: 6975, pending: 51380, pool: 299
I 1244.55] Elapsed: 20:45, vertices: 5221, facets final: 7120, pending: 51173, pool: 298
I 1249.59] Elapsed: 20:50, vertices: 5241, facets final: 7221, pending: 50847, pool: 300
I 1254.66] Elapsed: 20:55, vertices: 5264, facets final: 7309, pending: 50669, pool: 300
I 1259.68] Elapsed: 21:00, vertices: 5285, facets final: 7422, pending: 50362, pool: 300
I 1264.68] Elapsed: 21:05, vertices: 5306, facets final: 7577, pending: 50073, pool: 300
I 1269.84] Elapsed: 21:10, vertices: 5327, facets final: 7779, pending: 49749, pool: 299
I 1274.86] Elapsed: 21:15, vertices: 5348, facets final: 7915, pending: 49518, pool: 300
I 1279.95] Elapsed: 21:20, vertices: 5369, facets final: 8097, pending: 49283, pool: 299
I 1285.05] Elapsed: 21:25, vertices: 5389, facets final: 8260, pending: 48937, pool: 300
I 1290.19] Elapsed: 21:30, vertices: 5411, facets final: 8365, pending: 48726, pool: 300
I 1295.27] Elapsed: 21:35, vertices: 5432, facets final: 8554, pending: 48362, pool: 300
I 1300.27] Elapsed: 21:40, vertices: 5453, facets final: 8684, pending: 48094, pool: 300
I 1305.37] Elapsed: 21:45, vertices: 5475, facets final: 8833, pending: 47858, pool: 300
I 1310.41] Elapsed: 21:50, vertices: 5497, facets final: 8943, pending: 47659, pool: 300
I 1315.46] Elapsed: 21:55, vertices: 5518, facets final: 9103, pending: 47396, pool: 300
I 1320.57] Elapsed: 22:01, vertices: 5539, facets final: 9280, pending: 47070, pool: 300
I 1325.65] Elapsed: 22:06, vertices: 5561, facets final: 9397, pending: 46802, pool: 300
I 1330.66] Elapsed: 22:11, vertices: 5582, facets final: 9520, pending: 46491, pool: 299
I 1335.69] Elapsed: 22:16, vertices: 5603, facets final: 9686, pending: 46247, pool: 299
I 1340.69] Elapsed: 22:21, vertices: 5623, facets final: 9847, pending: 45952, pool: 300
I 1345.70] Elapsed: 22:26, vertices: 5644, facets final: 10027, pending: 45715, pool: 300
I 1350.70] Elapsed: 22:31, vertices: 5664, facets final: 10187, pending: 45434, pool: 299
I 1355.75] Elapsed: 22:36, vertices: 5685, facets final: 10346, pending: 45147, pool: 299
I 1360.79] Elapsed: 22:41, vertices: 5703, facets final: 10639, pending: 44800, pool: 300
I 1365.98] Elapsed: 22:46, vertices: 5723, facets final: 10860, pending: 44492, pool: 300
I 1371.01] Elapsed: 22:51, vertices: 5742, facets final: 11101, pending: 44189, pool: 300
I 1376.01] Elapsed: 22:56, vertices: 5761, facets final: 11334, pending: 43830, pool: 299
I 1381.10] Elapsed: 23:01, vertices: 5781, facets final: 11525, pending: 43595, pool: 299
I 1386.12] Elapsed: 23:06, vertices: 5800, facets final: 11806, pending: 43191, pool: 299
I 1391.26] Elapsed: 23:11, vertices: 5821, facets final: 11983, pending: 42890, pool: 300
I 1396.45] Elapsed: 23:16, vertices: 5841, facets final: 12218, pending: 42664, pool: 300
I 1401.53] Elapsed: 23:22, vertices: 5861, facets final: 12426, pending: 42449, pool: 299
I 1406.72] Elapsed: 23:27, vertices: 5880, facets final: 12735, pending: 42056, pool: 300
I 1411.89] Elapsed: 23:32, vertices: 5900, facets final: 13025, pending: 41679, pool: 299
I 1417.09] Elapsed: 23:37, vertices: 5921, facets final: 13246, pending: 41462, pool: 298
I 1422.14] Elapsed: 23:42, vertices: 5940, facets final: 13502, pending: 41136, pool: 299
I 1427.27] Elapsed: 23:47, vertices: 5960, facets final: 13718, pending: 40826, pool: 300
I 1432.27] Elapsed: 23:52, vertices: 5977, facets final: 14110, pending: 40361, pool: 299
I 1437.40] Elapsed: 23:57, vertices: 5995, facets final: 14473, pending: 39877, pool: 299
I 1442.49] Elapsed: 24:02, vertices: 6013, facets final: 14791, pending: 39463, pool: 298
I 1447.67] Elapsed: 24:08, vertices: 6032, facets final: 15115, pending: 39073, pool: 298
I 1452.78] Elapsed: 24:13, vertices: 6051, facets final: 15516, pending: 38606, pool: 300
I 1457.78] Elapsed: 24:18, vertices: 6071, facets final: 16048, pending: 37975, pool: 299
I 1462.78] Elapsed: 24:23, vertices: 6093, facets final: 16450, pending: 37530, pool: 300
I 1467.80] Elapsed: 24:28, vertices: 6115, facets final: 16877, pending: 37016, pool: 299
I 1472.89] Elapsed: 24:33, vertices: 6137, facets final: 17337, pending: 36528, pool: 300
I 1477.97] Elapsed: 24:38, vertices: 6161, facets final: 17702, pending: 36116, pool: 299
I 1482.97] Elapsed: 24:43, vertices: 6180, facets final: 18267, pending: 35482, pool: 299
I 1488.04] Elapsed: 24:48, vertices: 6200, facets final: 18795, pending: 34908, pool: 300
I 1493.08] Elapsed: 24:53, vertices: 6220, facets final: 19342, pending: 34330, pool: 300
I 1498.15] Elapsed: 24:58, vertices: 6240, facets final: 19876, pending: 33731, pool: 300
I 1503.25] Elapsed: 25:03, vertices: 6261, facets final: 20380, pending: 33150, pool: 299
I 1508.33] Elapsed: 25:08, vertices: 6281, facets final: 20925, pending: 32565, pool: 300
I 1513.33] Elapsed: 25:13, vertices: 6301, facets final: 21435, pending: 32002, pool: 297
I 1518.45] Elapsed: 25:18, vertices: 6316, facets final: 22255, pending: 31157, pool: 298
I 1523.53] Elapsed: 25:24, vertices: 6335, facets final: 22843, pending: 30496, pool: 299
I 1528.61] Elapsed: 25:29, vertices: 6354, facets final: 23440, pending: 29850, pool: 298
I 1533.72] Elapsed: 25:34, vertices: 6366, facets final: 24412, pending: 28836, pool: 299
I 1538.72] Elapsed: 25:39, vertices: 6380, facets final: 25195, pending: 28031, pool: 297
I 1543.72] Elapsed: 25:44, vertices: 6395, facets final: 25957, pending: 27223, pool: 298
I 1548.72] Elapsed: 25:49, vertices: 6412, facets final: 26636, pending: 26494, pool: 298
I 1553.82] Elapsed: 25:54, vertices: 6430, facets final: 27278, pending: 25776, pool: 298
I 1558.87] Elapsed: 25:59, vertices: 6445, facets final: 28064, pending: 24942, pool: 298
I 1563.87] Elapsed: 26:04, vertices: 6455, facets final: 29058, pending: 23949, pool: 296
I 1568.91] Elapsed: 26:09, vertices: 6468, facets final: 29949, pending: 23052, pool: 297
I 1573.91] Elapsed: 26:14, vertices: 6480, facets final: 30831, pending: 22190, pool: 298
I 1578.91] Elapsed: 26:19, vertices: 6493, facets final: 31662, pending: 21387, pool: 297
I 1583.91] Elapsed: 26:24, vertices: 6506, facets final: 32446, pending: 20603, pool: 297
I 1588.91] Elapsed: 26:29, vertices: 6521, facets final: 33190, pending: 19849, pool: 298
I 1593.97] Elapsed: 26:34, vertices: 6534, facets final: 33991, pending: 19019, pool: 297
I 1599.03] Elapsed: 26:39, vertices: 6546, facets final: 34922, pending: 18093, pool: 297
I 1604.03] Elapsed: 26:44, vertices: 6557, facets final: 35888, pending: 17114, pool: 293
I 1609.12] Elapsed: 26:49, vertices: 6568, facets final: 36844, pending: 16097, pool: 294
I 1614.14] Elapsed: 26:54, vertices: 6579, facets final: 37792, pending: 15134, pool: 294
I 1619.14] Elapsed: 26:59, vertices: 6589, facets final: 38810, pending: 14104, pool: 292
I 1624.14] Elapsed: 27:04, vertices: 6601, facets final: 39705, pending: 13193, pool: 293
I 1629.14] Elapsed: 27:09, vertices: 6611, facets final: 40756, pending: 12139, pool: 288
I 1634.14] Elapsed: 27:14, vertices: 6622, facets final: 41743, pending: 11125, pool: 281
I 1639.16] Elapsed: 27:19, vertices: 6632, facets final: 42769, pending: 10112, pool: 276
I 1644.16] Elapsed: 27:24, vertices: 6642, facets final: 43790, pending: 9098, pool: 273
I 1649.17] Elapsed: 27:29, vertices: 6653, facets final: 44733, pending: 8144, pool: 272
I 1654.17] Elapsed: 27:34, vertices: 6664, facets final: 45758, pending: 7112, pool: 263
I 1659.29] Elapsed: 27:39, vertices: 6676, facets final: 46747, pending: 6124, pool: 255
I 1664.30] Elapsed: 27:44, vertices: 6693, facets final: 47528, pending: 5334, pool: 243
I 1669.40] Elapsed: 27:49, vertices: 6710, facets final: 48364, pending: 4470, pool: 232
I 1674.40] Elapsed: 27:54, vertices: 6729, facets final: 49113, pending: 3748, pool: 216
I 1679.40] Elapsed: 27:59, vertices: 6750, facets final: 49796, pending: 3089, pool: 200
I 1684.40] Elapsed: 28:04, vertices: 6775, facets final: 50421, pending: 2465, pool: 180
I 1689.41] Elapsed: 28:09, vertices: 6805, facets final: 51002, pending: 1852, pool: 152
I 1694.45] Elapsed: 28:14, vertices: 6844, facets final: 51468, pending: 1379, pool: 122
I 1699.48] Elapsed: 28:19, vertices: 6890, facets final: 51923, pending: 859, pool: 91
I 1704.49] Elapsed: 28:24, vertices: 6953, facets final: 52376, pending: 398, pool: 50
I 1708.34] Elapsed: 28:28, vertices: 7046, facets final: 52789, pending: 0

--------------------------------
Problem completed
 name                    32.vlp
 output                  vlp/32.res
 rows, cols, objs        19, 5110, 8
 vertices, facets        7046, 52789
 total time              28:28
--------------------------------
Statistics
LP:
 oracle calls            62451
   avg iterations/calls  14.26
 total oracle time       3:25
Combinatorics:
 vertices added          7046
 facets probed           108949
 facets # max            69181
 memory allocated        147.49M
 instability warnings    8
 storage expansion
   vertices # / upto     56 / 7164
   facets   # / upto     17 / 69628
 facet manipulating
   added avg / max       82.93 / 1.13k
   compressed            409
 number of ridge tests
   avg / max             3.45M / 39.02M
--------------------------------
Parameters with non-default values
 ExactFacetEq = 1
 VertexPoolSize = 300
 OracleCallLimit = 3
 RecalculateFacets = 25
 PolytopeEps = 1e-08
 ScaleEps = 5e-08
 LineqEps = 1.3e-07
 RoundEps = 5e-08
