C applying double rule rs=cd:ab;a.d.r.s;ac.bc.cr.s for ineq.txt
I    5.00] Elapsed: 5.00, vertices: 146, facets final: 44, pending: 12476, pool: 300
I   10.05] Elapsed: 10.05, vertices: 229, facets final: 70, pending: 19510, pool: 299
I   15.12] Elapsed: 15.12, vertices: 288, facets final: 88, pending: 25091, pool: 299
I   20.20] Elapsed: 20.20, vertices: 338, facets final: 98, pending: 28980, pool: 300
I   25.29] Elapsed: 25.29, vertices: 380, facets final: 106, pending: 33567, pool: 299
I   30.30] Elapsed: 30.30, vertices: 419, facets final: 117, pending: 35901, pool: 299
I   35.37] Elapsed: 35.37, vertices: 453, facets final: 123, pending: 38609, pool: 300
I   40.40] Elapsed: 40.40, vertices: 488, facets final: 128, pending: 40845, pool: 300
I   45.43] Elapsed: 45.43, vertices: 518, facets final: 133, pending: 44099, pool: 300
I   50.54] Elapsed: 50.54, vertices: 546, facets final: 135, pending: 46767, pool: 300
I   55.76] Elapsed: 55.76, vertices: 571, facets final: 139, pending: 49303, pool: 300
I   60.89] Elapsed: 1:01, vertices: 595, facets final: 145, pending: 50730, pool: 300
I   66.06] Elapsed: 1:06, vertices: 619, facets final: 148, pending: 53714, pool: 300
I   71.09] Elapsed: 1:11, vertices: 641, facets final: 156, pending: 55500, pool: 300
I   76.41] Elapsed: 1:16, vertices: 662, facets final: 161, pending: 56951, pool: 300
I   81.51] Elapsed: 1:22, vertices: 682, facets final: 163, pending: 58407, pool: 300
I   86.59] Elapsed: 1:27, vertices: 701, facets final: 169, pending: 59563, pool: 299
I   91.78] Elapsed: 1:32, vertices: 721, facets final: 170, pending: 61194, pool: 300
I   96.94] Elapsed: 1:37, vertices: 741, facets final: 173, pending: 62220, pool: 300
I  102.09] Elapsed: 1:42, vertices: 758, facets final: 180, pending: 63953, pool: 299
I  107.19] Elapsed: 1:47, vertices: 777, facets final: 186, pending: 66100, pool: 300
I  112.50] Elapsed: 1:53, vertices: 796, facets final: 191, pending: 67906, pool: 300
I  117.56] Elapsed: 1:58, vertices: 810, facets final: 193, pending: 69251, pool: 300
I  122.58] Elapsed: 2:03, vertices: 825, facets final: 196, pending: 69563, pool: 300
I  127.58] Elapsed: 2:08, vertices: 841, facets final: 201, pending: 71189, pool: 300
I  133.04] Elapsed: 2:13, vertices: 856, facets final: 206, pending: 72481, pool: 300
I  138.25] Elapsed: 2:18, vertices: 870, facets final: 209, pending: 73610, pool: 300
I  143.50] Elapsed: 2:24, vertices: 886, facets final: 211, pending: 74618, pool: 300
I  148.59] Elapsed: 2:29, vertices: 900, facets final: 216, pending: 76722, pool: 300
I  153.73] Elapsed: 2:34, vertices: 915, facets final: 217, pending: 78177, pool: 300
I  159.45] Elapsed: 2:39, vertices: 925, facets final: 222, pending: 80024, pool: 300
I  164.45] Elapsed: 2:44, vertices: 936, facets final: 222, pending: 80967, pool: 300
I  169.49] Elapsed: 2:49, vertices: 950, facets final: 226, pending: 81605, pool: 300
I  174.82] Elapsed: 2:55, vertices: 964, facets final: 229, pending: 82345, pool: 300
I  180.07] Elapsed: 3:00, vertices: 976, facets final: 230, pending: 82437, pool: 300
I  185.29] Elapsed: 3:05, vertices: 989, facets final: 234, pending: 83207, pool: 300
I  190.41] Elapsed: 3:10, vertices: 1002, facets final: 238, pending: 84262, pool: 300
I  195.82] Elapsed: 3:16, vertices: 1012, facets final: 238, pending: 85756, pool: 300
I  200.87] Elapsed: 3:21, vertices: 1024, facets final: 242, pending: 85867, pool: 300
I  206.43] Elapsed: 3:26, vertices: 1035, facets final: 249, pending: 86869, pool: 300
I  212.28] Elapsed: 3:32, vertices: 1046, facets final: 250, pending: 86921, pool: 300
recalculate_facet: numerical instability at facet 39, coord 0 (-1.01168e-06)
recalculate_facet: numerical instability at facet 39, coord 5 (1.16191e-06)
I  218.04] Elapsed: 3:38, vertices: 1057, facets final: 251, pending: 87200, pool: 300
I  223.59] Elapsed: 3:44, vertices: 1066, facets final: 253, pending: 87200, pool: 300
I  228.66] Elapsed: 3:49, vertices: 1077, facets final: 253, pending: 87701, pool: 300
recalculate_facet: numerical instability at facet 151, coord 0 (-1.50839e-06)
recalculate_facet: numerical instability at facet 151, coord 5 (1.68227e-06)
recalculate_facet: numerical instability at facet 152, coord 0 (3.6004e-06)
recalculate_facet: numerical instability at facet 152, coord 1 (-3.68522e-06)
recalculate_facet: numerical instability at facet 152, coord 2 (1.89889e-06)
recalculate_facet: numerical instability at facet 152, coord 3 (1.3153e-06)
recalculate_facet: numerical instability at facet 152, coord 4 (-2.18357e-06)
recalculate_facet: numerical instability at facet 152, coord 8 (3.70196e-06)
recalculate_facet: numerical instability at facet 155, coord 0 (-1.08003e-06)
recalculate_facet: numerical instability at facet 155, coord 4 (1.07354e-06)
recalculate_facet: numerical instability at facet 155, coord 8 (-1.5829e-06)
I  234.36] Elapsed: 3:54, vertices: 1085, facets final: 254, pending: 88045, pool: 300
I  239.36] Elapsed: 3:59, vertices: 1093, facets final: 255, pending: 88807, pool: 300
I  245.00] Elapsed: 4:05, vertices: 1103, facets final: 259, pending: 89830, pool: 300
I  250.35] Elapsed: 4:10, vertices: 1114, facets final: 265, pending: 90259, pool: 300
I  255.75] Elapsed: 4:16, vertices: 1126, facets final: 268, pending: 91207, pool: 300
I  260.94] Elapsed: 4:21, vertices: 1136, facets final: 272, pending: 91733, pool: 300
I  266.61] Elapsed: 4:27, vertices: 1145, facets final: 274, pending: 92114, pool: 300
I  272.06] Elapsed: 4:32, vertices: 1155, facets final: 274, pending: 92681, pool: 300
I  277.55] Elapsed: 4:38, vertices: 1167, facets final: 279, pending: 92574, pool: 300
I  282.91] Elapsed: 4:43, vertices: 1177, facets final: 283, pending: 92625, pool: 300
I  287.95] Elapsed: 4:48, vertices: 1188, facets final: 285, pending: 92898, pool: 300
I  293.28] Elapsed: 4:53, vertices: 1200, facets final: 287, pending: 93328, pool: 300
I  298.71] Elapsed: 4:59, vertices: 1211, facets final: 295, pending: 94540, pool: 300
I  304.03] Elapsed: 5:04, vertices: 1221, facets final: 295, pending: 94827, pool: 300
I  309.25] Elapsed: 5:09, vertices: 1230, facets final: 299, pending: 94964, pool: 300
I  314.74] Elapsed: 5:15, vertices: 1240, facets final: 301, pending: 95540, pool: 300
I  320.00] Elapsed: 5:20, vertices: 1250, facets final: 308, pending: 95688, pool: 300
I  325.12] Elapsed: 5:25, vertices: 1259, facets final: 310, pending: 96393, pool: 300
I  330.18] Elapsed: 5:30, vertices: 1271, facets final: 312, pending: 97239, pool: 300
I  335.48] Elapsed: 5:35, vertices: 1281, facets final: 312, pending: 97697, pool: 300
I  340.83] Elapsed: 5:41, vertices: 1290, facets final: 313, pending: 97114, pool: 300
I  346.14] Elapsed: 5:46, vertices: 1300, facets final: 314, pending: 98337, pool: 300
I  351.34] Elapsed: 5:51, vertices: 1308, facets final: 315, pending: 98233, pool: 300
I  356.45] Elapsed: 5:56, vertices: 1318, facets final: 319, pending: 98289, pool: 300
I  361.54] Elapsed: 6:02, vertices: 1325, facets final: 322, pending: 98470, pool: 300
I  366.73] Elapsed: 6:07, vertices: 1335, facets final: 326, pending: 98507, pool: 300
I  372.23] Elapsed: 6:12, vertices: 1343, facets final: 329, pending: 98683, pool: 300
I  377.87] Elapsed: 6:18, vertices: 1354, facets final: 333, pending: 99537, pool: 300
I  382.93] Elapsed: 6:23, vertices: 1363, facets final: 335, pending: 99641, pool: 300
I  388.15] Elapsed: 6:28, vertices: 1371, facets final: 337, pending: 99497, pool: 300
I  393.39] Elapsed: 6:33, vertices: 1380, facets final: 337, pending: 100251, pool: 300
I  399.08] Elapsed: 6:39, vertices: 1391, facets final: 337, pending: 101225, pool: 300
I  404.48] Elapsed: 6:44, vertices: 1400, facets final: 344, pending: 101132, pool: 300
I  409.83] Elapsed: 6:50, vertices: 1410, facets final: 345, pending: 102089, pool: 300
I  415.58] Elapsed: 6:56, vertices: 1422, facets final: 350, pending: 102312, pool: 300
I  420.74] Elapsed: 7:01, vertices: 1430, facets final: 356, pending: 102530, pool: 300
I  425.87] Elapsed: 7:06, vertices: 1440, facets final: 359, pending: 102891, pool: 300
I  431.02] Elapsed: 7:11, vertices: 1448, facets final: 360, pending: 103169, pool: 300
I  436.03] Elapsed: 7:16, vertices: 1458, facets final: 361, pending: 103915, pool: 300
I  441.05] Elapsed: 7:21, vertices: 1468, facets final: 361, pending: 104135, pool: 300
I  446.21] Elapsed: 7:26, vertices: 1476, facets final: 361, pending: 104069, pool: 300
I  451.52] Elapsed: 7:32, vertices: 1487, facets final: 366, pending: 104520, pool: 300
I  456.84] Elapsed: 7:37, vertices: 1498, facets final: 370, pending: 104515, pool: 300
I  461.89] Elapsed: 7:42, vertices: 1506, facets final: 372, pending: 104302, pool: 300
I  467.04] Elapsed: 7:47, vertices: 1514, facets final: 378, pending: 104059, pool: 299
I  472.04] Elapsed: 7:52, vertices: 1522, facets final: 382, pending: 104347, pool: 299
I  477.31] Elapsed: 7:57, vertices: 1532, facets final: 383, pending: 104574, pool: 300
I  483.36] Elapsed: 8:03, vertices: 1540, facets final: 383, pending: 104905, pool: 300
I  488.91] Elapsed: 8:09, vertices: 1550, facets final: 385, pending: 104844, pool: 300
I  494.21] Elapsed: 8:14, vertices: 1558, facets final: 386, pending: 104568, pool: 300
I  500.06] Elapsed: 8:20, vertices: 1569, facets final: 388, pending: 104888, pool: 300
I  505.57] Elapsed: 8:26, vertices: 1579, facets final: 388, pending: 105210, pool: 300
I  510.78] Elapsed: 8:31, vertices: 1588, facets final: 391, pending: 105357, pool: 300
I  516.01] Elapsed: 8:36, vertices: 1597, facets final: 397, pending: 105558, pool: 300
I  521.38] Elapsed: 8:41, vertices: 1606, facets final: 401, pending: 105394, pool: 300
I  526.75] Elapsed: 8:47, vertices: 1615, facets final: 406, pending: 105501, pool: 300
I  531.77] Elapsed: 8:52, vertices: 1624, facets final: 408, pending: 105956, pool: 300
I  537.39] Elapsed: 8:57, vertices: 1632, facets final: 412, pending: 106066, pool: 300
I  542.86] Elapsed: 9:03, vertices: 1641, facets final: 415, pending: 105870, pool: 300
I  548.19] Elapsed: 9:08, vertices: 1651, facets final: 419, pending: 106167, pool: 300
I  553.29] Elapsed: 9:13, vertices: 1660, facets final: 422, pending: 106383, pool: 300
I  558.56] Elapsed: 9:19, vertices: 1668, facets final: 422, pending: 106906, pool: 300
I  563.60] Elapsed: 9:24, vertices: 1675, facets final: 427, pending: 107283, pool: 300
I  568.98] Elapsed: 9:29, vertices: 1683, facets final: 429, pending: 107125, pool: 299
I  574.32] Elapsed: 9:34, vertices: 1691, facets final: 432, pending: 107342, pool: 300
I  579.68] Elapsed: 9:40, vertices: 1699, facets final: 433, pending: 106871, pool: 300
I  584.88] Elapsed: 9:45, vertices: 1709, facets final: 434, pending: 106802, pool: 300
I  590.30] Elapsed: 9:50, vertices: 1718, facets final: 439, pending: 107289, pool: 300
I  595.51] Elapsed: 9:56, vertices: 1726, facets final: 442, pending: 107313, pool: 300
I  600.85] Elapsed: 10:01, vertices: 1735, facets final: 445, pending: 107420, pool: 300
I  606.86] Elapsed: 10:07, vertices: 1744, facets final: 449, pending: 107809, pool: 300
I  611.98] Elapsed: 10:12, vertices: 1752, facets final: 451, pending: 107911, pool: 300
I  617.57] Elapsed: 10:18, vertices: 1763, facets final: 456, pending: 107840, pool: 300
I  622.70] Elapsed: 10:23, vertices: 1772, facets final: 457, pending: 107566, pool: 300
I  627.81] Elapsed: 10:28, vertices: 1781, facets final: 458, pending: 107611, pool: 300
I  633.28] Elapsed: 10:33, vertices: 1791, facets final: 464, pending: 107492, pool: 300
I  638.61] Elapsed: 10:39, vertices: 1801, facets final: 470, pending: 107483, pool: 300
I  643.81] Elapsed: 10:44, vertices: 1808, facets final: 472, pending: 107563, pool: 300
I  648.91] Elapsed: 10:49, vertices: 1817, facets final: 473, pending: 107728, pool: 300
I  655.14] Elapsed: 10:55, vertices: 1825, facets final: 474, pending: 108533, pool: 300
I  660.27] Elapsed: 11:00, vertices: 1834, facets final: 479, pending: 108707, pool: 300
I  665.96] Elapsed: 11:06, vertices: 1843, facets final: 485, pending: 108422, pool: 300
I  671.04] Elapsed: 11:11, vertices: 1853, facets final: 489, pending: 108381, pool: 300
I  676.51] Elapsed: 11:17, vertices: 1864, facets final: 491, pending: 108276, pool: 300
I  681.78] Elapsed: 11:22, vertices: 1874, facets final: 493, pending: 108610, pool: 300
I  687.09] Elapsed: 11:27, vertices: 1883, facets final: 501, pending: 108926, pool: 300
I  692.15] Elapsed: 11:32, vertices: 1892, facets final: 505, pending: 109101, pool: 299
I  697.17] Elapsed: 11:37, vertices: 1901, facets final: 508, pending: 109253, pool: 300
I  702.53] Elapsed: 11:43, vertices: 1911, facets final: 513, pending: 109928, pool: 300
I  707.81] Elapsed: 11:48, vertices: 1922, facets final: 517, pending: 109864, pool: 300
I  713.00] Elapsed: 11:53, vertices: 1930, facets final: 520, pending: 109632, pool: 300
I  718.92] Elapsed: 11:59, vertices: 1940, facets final: 523, pending: 109125, pool: 300
I  724.16] Elapsed: 12:04, vertices: 1947, facets final: 527, pending: 108951, pool: 300
I  729.75] Elapsed: 12:10, vertices: 1956, facets final: 530, pending: 108638, pool: 300
I  735.17] Elapsed: 12:15, vertices: 1965, facets final: 534, pending: 108540, pool: 300
I  740.55] Elapsed: 12:21, vertices: 1975, facets final: 541, pending: 108839, pool: 300
I  745.78] Elapsed: 12:26, vertices: 1984, facets final: 543, pending: 108747, pool: 300
I  751.01] Elapsed: 12:31, vertices: 1994, facets final: 544, pending: 108826, pool: 300
I  757.03] Elapsed: 12:37, vertices: 2004, facets final: 548, pending: 109030, pool: 300
I  762.53] Elapsed: 12:43, vertices: 2013, facets final: 551, pending: 108758, pool: 300
I  767.97] Elapsed: 12:48, vertices: 2021, facets final: 552, pending: 108587, pool: 300
I  773.26] Elapsed: 12:53, vertices: 2031, facets final: 554, pending: 108465, pool: 300
I  778.41] Elapsed: 12:58, vertices: 2041, facets final: 556, pending: 108564, pool: 300
I  783.72] Elapsed: 13:04, vertices: 2050, facets final: 559, pending: 108257, pool: 300
I  789.58] Elapsed: 13:10, vertices: 2060, facets final: 559, pending: 108220, pool: 300
I  796.05] Elapsed: 13:16, vertices: 2070, facets final: 562, pending: 108307, pool: 300
I  801.11] Elapsed: 13:21, vertices: 2081, facets final: 568, pending: 108161, pool: 300
I  806.32] Elapsed: 13:26, vertices: 2091, facets final: 571, pending: 107711, pool: 300
I  811.34] Elapsed: 13:31, vertices: 2100, facets final: 573, pending: 107173, pool: 300
I  816.80] Elapsed: 13:37, vertices: 2110, facets final: 580, pending: 107565, pool: 300
I  822.17] Elapsed: 13:42, vertices: 2121, facets final: 584, pending: 106928, pool: 299
I  827.31] Elapsed: 13:47, vertices: 2131, facets final: 589, pending: 106833, pool: 300
I  832.60] Elapsed: 13:53, vertices: 2141, facets final: 596, pending: 106852, pool: 300
I  837.92] Elapsed: 13:58, vertices: 2150, facets final: 606, pending: 106389, pool: 299
I  843.75] Elapsed: 14:04, vertices: 2160, facets final: 611, pending: 106134, pool: 300
I  848.79] Elapsed: 14:09, vertices: 2170, facets final: 614, pending: 105871, pool: 299
I  854.24] Elapsed: 14:14, vertices: 2180, facets final: 617, pending: 105503, pool: 300
I  859.40] Elapsed: 14:19, vertices: 2190, facets final: 621, pending: 104902, pool: 300
I  864.70] Elapsed: 14:25, vertices: 2201, facets final: 626, pending: 105130, pool: 300
I  869.71] Elapsed: 14:30, vertices: 2212, facets final: 627, pending: 104813, pool: 300
I  874.80] Elapsed: 14:35, vertices: 2221, facets final: 637, pending: 104712, pool: 300
I  879.96] Elapsed: 14:40, vertices: 2231, facets final: 639, pending: 104713, pool: 300
I  885.10] Elapsed: 14:45, vertices: 2241, facets final: 641, pending: 104727, pool: 300
I  890.14] Elapsed: 14:50, vertices: 2251, facets final: 645, pending: 104263, pool: 299
I  895.33] Elapsed: 14:55, vertices: 2261, facets final: 654, pending: 104481, pool: 300
I  900.38] Elapsed: 15:00, vertices: 2270, facets final: 661, pending: 104082, pool: 300
I  905.39] Elapsed: 15:05, vertices: 2281, facets final: 672, pending: 104273, pool: 300
I  910.57] Elapsed: 15:11, vertices: 2292, facets final: 678, pending: 104063, pool: 300
I  915.73] Elapsed: 15:16, vertices: 2303, facets final: 684, pending: 104180, pool: 300
I  921.03] Elapsed: 15:21, vertices: 2312, facets final: 691, pending: 104135, pool: 300
I  926.41] Elapsed: 15:26, vertices: 2322, facets final: 695, pending: 103816, pool: 300
I  931.64] Elapsed: 15:32, vertices: 2333, facets final: 700, pending: 103872, pool: 300
I  937.02] Elapsed: 15:37, vertices: 2344, facets final: 704, pending: 103739, pool: 300
I  942.26] Elapsed: 15:42, vertices: 2354, facets final: 707, pending: 103787, pool: 300
I  947.71] Elapsed: 15:48, vertices: 2364, facets final: 714, pending: 104162, pool: 300
I  953.11] Elapsed: 15:53, vertices: 2376, facets final: 725, pending: 104095, pool: 300
I  958.27] Elapsed: 15:58, vertices: 2387, facets final: 730, pending: 103737, pool: 299
I  963.30] Elapsed: 16:03, vertices: 2395, facets final: 735, pending: 103596, pool: 300
I  968.78] Elapsed: 16:09, vertices: 2406, facets final: 739, pending: 103008, pool: 300
I  973.96] Elapsed: 16:14, vertices: 2415, facets final: 742, pending: 102578, pool: 300
I  978.96] Elapsed: 16:19, vertices: 2425, facets final: 745, pending: 102232, pool: 300
I  984.29] Elapsed: 16:24, vertices: 2436, facets final: 748, pending: 101834, pool: 300
I  989.51] Elapsed: 16:30, vertices: 2447, facets final: 760, pending: 101789, pool: 300
I  994.64] Elapsed: 16:35, vertices: 2458, facets final: 770, pending: 101835, pool: 300
I  999.73] Elapsed: 16:40, vertices: 2468, facets final: 775, pending: 101486, pool: 300
I 1004.75] Elapsed: 16:45, vertices: 2478, facets final: 782, pending: 101473, pool: 299
I 1009.89] Elapsed: 16:50, vertices: 2489, facets final: 794, pending: 101520, pool: 300
I 1015.45] Elapsed: 16:55, vertices: 2501, facets final: 809, pending: 101306, pool: 300
I 1021.17] Elapsed: 17:01, vertices: 2513, facets final: 815, pending: 101085, pool: 300
I 1026.74] Elapsed: 17:07, vertices: 2525, facets final: 819, pending: 101160, pool: 300
I 1031.92] Elapsed: 17:12, vertices: 2535, facets final: 824, pending: 101061, pool: 300
I 1037.27] Elapsed: 17:17, vertices: 2547, facets final: 834, pending: 100734, pool: 300
I 1042.74] Elapsed: 17:23, vertices: 2559, facets final: 848, pending: 100766, pool: 300
I 1047.91] Elapsed: 17:28, vertices: 2572, facets final: 855, pending: 100448, pool: 300
I 1053.42] Elapsed: 17:33, vertices: 2584, facets final: 864, pending: 100062, pool: 299
I 1058.91] Elapsed: 17:39, vertices: 2595, facets final: 872, pending: 99918, pool: 300
I 1064.01] Elapsed: 17:44, vertices: 2607, facets final: 881, pending: 99748, pool: 300
I 1069.22] Elapsed: 17:49, vertices: 2618, facets final: 891, pending: 99196, pool: 299
I 1074.37] Elapsed: 17:54, vertices: 2629, facets final: 896, pending: 98698, pool: 299
I 1079.42] Elapsed: 17:59, vertices: 2640, facets final: 909, pending: 98420, pool: 300
I 1084.74] Elapsed: 18:05, vertices: 2650, facets final: 914, pending: 98039, pool: 300
I 1089.81] Elapsed: 18:10, vertices: 2661, facets final: 926, pending: 97986, pool: 300
I 1094.90] Elapsed: 18:15, vertices: 2673, facets final: 932, pending: 97521, pool: 300
I 1100.18] Elapsed: 18:20, vertices: 2686, facets final: 944, pending: 97603, pool: 300
I 1105.28] Elapsed: 18:25, vertices: 2697, facets final: 951, pending: 97354, pool: 299
I 1110.60] Elapsed: 18:31, vertices: 2708, facets final: 963, pending: 97484, pool: 300
I 1115.90] Elapsed: 18:36, vertices: 2720, facets final: 974, pending: 97415, pool: 300
I 1120.95] Elapsed: 18:41, vertices: 2731, facets final: 990, pending: 97314, pool: 300
I 1126.11] Elapsed: 18:46, vertices: 2741, facets final: 995, pending: 97299, pool: 300
I 1131.50] Elapsed: 18:52, vertices: 2752, facets final: 999, pending: 97161, pool: 300
I 1136.83] Elapsed: 18:57, vertices: 2764, facets final: 1016, pending: 97069, pool: 300
I 1142.42] Elapsed: 19:02, vertices: 2776, facets final: 1029, pending: 96851, pool: 300
I 1147.42] Elapsed: 19:07, vertices: 2788, facets final: 1037, pending: 96967, pool: 300
I 1152.87] Elapsed: 19:13, vertices: 2800, facets final: 1048, pending: 96982, pool: 300
I 1157.98] Elapsed: 19:18, vertices: 2812, facets final: 1060, pending: 96795, pool: 300
I 1163.24] Elapsed: 19:23, vertices: 2824, facets final: 1068, pending: 96510, pool: 300
I 1168.25] Elapsed: 19:28, vertices: 2835, facets final: 1076, pending: 96379, pool: 300
I 1173.58] Elapsed: 19:34, vertices: 2846, facets final: 1091, pending: 95939, pool: 300
I 1178.78] Elapsed: 19:39, vertices: 2858, facets final: 1104, pending: 95964, pool: 300
I 1184.04] Elapsed: 19:44, vertices: 2870, facets final: 1117, pending: 95700, pool: 300
I 1189.34] Elapsed: 19:49, vertices: 2883, facets final: 1128, pending: 95704, pool: 300
I 1194.54] Elapsed: 19:55, vertices: 2895, facets final: 1137, pending: 95677, pool: 300
I 1199.85] Elapsed: 20:00, vertices: 2908, facets final: 1148, pending: 95286, pool: 300
I 1205.13] Elapsed: 20:05, vertices: 2921, facets final: 1161, pending: 95420, pool: 300
I 1210.20] Elapsed: 20:10, vertices: 2932, facets final: 1176, pending: 95062, pool: 300
I 1215.28] Elapsed: 20:15, vertices: 2944, facets final: 1187, pending: 94781, pool: 300
I 1220.49] Elapsed: 20:20, vertices: 2957, facets final: 1193, pending: 94714, pool: 300
I 1225.83] Elapsed: 20:26, vertices: 2967, facets final: 1200, pending: 94584, pool: 300
I 1231.44] Elapsed: 20:31, vertices: 2978, facets final: 1209, pending: 94076, pool: 300
I 1236.60] Elapsed: 20:37, vertices: 2990, facets final: 1216, pending: 94136, pool: 300
I 1241.96] Elapsed: 20:42, vertices: 3001, facets final: 1225, pending: 93692, pool: 300
I 1247.01] Elapsed: 20:47, vertices: 3011, facets final: 1238, pending: 93485, pool: 300
I 1252.27] Elapsed: 20:52, vertices: 3024, facets final: 1252, pending: 93878, pool: 300
I 1257.53] Elapsed: 20:58, vertices: 3037, facets final: 1257, pending: 93858, pool: 300
I 1262.62] Elapsed: 21:03, vertices: 3051, facets final: 1273, pending: 93620, pool: 300
I 1267.73] Elapsed: 21:08, vertices: 3064, facets final: 1288, pending: 93514, pool: 300
I 1273.03] Elapsed: 21:13, vertices: 3077, facets final: 1308, pending: 93468, pool: 300
I 1278.29] Elapsed: 21:18, vertices: 3090, facets final: 1317, pending: 93120, pool: 300
I 1283.53] Elapsed: 21:24, vertices: 3103, facets final: 1327, pending: 92999, pool: 300
I 1288.79] Elapsed: 21:29, vertices: 3116, facets final: 1336, pending: 92734, pool: 300
I 1293.98] Elapsed: 21:34, vertices: 3128, facets final: 1345, pending: 92892, pool: 300
I 1299.16] Elapsed: 21:39, vertices: 3140, facets final: 1353, pending: 92647, pool: 300
I 1304.26] Elapsed: 21:44, vertices: 3152, facets final: 1357, pending: 92645, pool: 300
I 1309.70] Elapsed: 21:50, vertices: 3163, facets final: 1369, pending: 92460, pool: 300
I 1315.06] Elapsed: 21:55, vertices: 3176, facets final: 1382, pending: 92298, pool: 300
I 1320.28] Elapsed: 22:00, vertices: 3188, facets final: 1395, pending: 92034, pool: 300
I 1325.35] Elapsed: 22:05, vertices: 3200, facets final: 1411, pending: 91934, pool: 299
I 1330.50] Elapsed: 22:11, vertices: 3212, facets final: 1433, pending: 91778, pool: 300
I 1335.58] Elapsed: 22:16, vertices: 3225, facets final: 1453, pending: 91503, pool: 300
I 1340.60] Elapsed: 22:21, vertices: 3239, facets final: 1466, pending: 91285, pool: 300
I 1345.93] Elapsed: 22:26, vertices: 3253, facets final: 1483, pending: 91109, pool: 300
I 1351.27] Elapsed: 22:31, vertices: 3266, facets final: 1494, pending: 90894, pool: 300
I 1356.35] Elapsed: 22:36, vertices: 3279, facets final: 1504, pending: 90766, pool: 300
I 1361.48] Elapsed: 22:41, vertices: 3293, facets final: 1520, pending: 90631, pool: 300
I 1366.53] Elapsed: 22:47, vertices: 3306, facets final: 1550, pending: 90452, pool: 300
I 1371.77] Elapsed: 22:52, vertices: 3319, facets final: 1573, pending: 90142, pool: 300
I 1376.88] Elapsed: 22:57, vertices: 3331, facets final: 1583, pending: 90163, pool: 300
I 1382.09] Elapsed: 23:02, vertices: 3344, facets final: 1597, pending: 89934, pool: 299
I 1387.42] Elapsed: 23:07, vertices: 3356, facets final: 1619, pending: 89700, pool: 300
I 1392.59] Elapsed: 23:13, vertices: 3369, facets final: 1625, pending: 89424, pool: 300
I 1397.78] Elapsed: 23:18, vertices: 3382, facets final: 1647, pending: 89302, pool: 300
I 1402.97] Elapsed: 23:23, vertices: 3394, facets final: 1666, pending: 88978, pool: 300
I 1408.14] Elapsed: 23:28, vertices: 3405, facets final: 1688, pending: 88850, pool: 300
I 1413.43] Elapsed: 23:33, vertices: 3419, facets final: 1704, pending: 88856, pool: 300
I 1418.43] Elapsed: 23:38, vertices: 3431, facets final: 1711, pending: 88688, pool: 299
I 1423.45] Elapsed: 23:43, vertices: 3443, facets final: 1749, pending: 88409, pool: 300
I 1428.76] Elapsed: 23:49, vertices: 3454, facets final: 1765, pending: 88159, pool: 300
I 1433.77] Elapsed: 23:54, vertices: 3466, facets final: 1780, pending: 88060, pool: 300
I 1438.85] Elapsed: 23:59, vertices: 3480, facets final: 1794, pending: 87980, pool: 299
I 1443.92] Elapsed: 24:04, vertices: 3494, facets final: 1825, pending: 87671, pool: 300
I 1448.99] Elapsed: 24:09, vertices: 3508, facets final: 1837, pending: 87551, pool: 300
I 1454.23] Elapsed: 24:14, vertices: 3523, facets final: 1859, pending: 87355, pool: 300
I 1459.54] Elapsed: 24:20, vertices: 3537, facets final: 1888, pending: 87419, pool: 300
recalculate_facet: numerical instability at facet 14, coord 0 (-1.5379e-06)
recalculate_facet: numerical instability at facet 14, coord 5 (1.84906e-06)
I 1464.80] Elapsed: 24:25, vertices: 3552, facets final: 1907, pending: 87201, pool: 300
I 1470.18] Elapsed: 24:30, vertices: 3566, facets final: 1927, pending: 86976, pool: 300
I 1475.45] Elapsed: 24:35, vertices: 3581, facets final: 1944, pending: 86674, pool: 300
I 1480.55] Elapsed: 24:41, vertices: 3596, facets final: 1950, pending: 86629, pool: 299
I 1485.64] Elapsed: 24:46, vertices: 3608, facets final: 1974, pending: 86253, pool: 300
I 1490.72] Elapsed: 24:51, vertices: 3623, facets final: 1990, pending: 86175, pool: 300
I 1495.88] Elapsed: 24:56, vertices: 3636, facets final: 2023, pending: 86035, pool: 299
I 1501.08] Elapsed: 25:01, vertices: 3650, facets final: 2049, pending: 85860, pool: 300
I 1506.30] Elapsed: 25:06, vertices: 3662, facets final: 2060, pending: 85576, pool: 300
I 1511.32] Elapsed: 25:11, vertices: 3675, facets final: 2083, pending: 85353, pool: 299
I 1516.44] Elapsed: 25:16, vertices: 3689, facets final: 2107, pending: 85468, pool: 300
I 1521.57] Elapsed: 25:22, vertices: 3702, facets final: 2130, pending: 85417, pool: 300
I 1526.84] Elapsed: 25:27, vertices: 3715, facets final: 2141, pending: 85238, pool: 300
I 1531.97] Elapsed: 25:32, vertices: 3728, facets final: 2154, pending: 85032, pool: 300
I 1537.19] Elapsed: 25:37, vertices: 3741, facets final: 2175, pending: 84852, pool: 300
I 1542.55] Elapsed: 25:43, vertices: 3754, facets final: 2188, pending: 84713, pool: 300
I 1547.81] Elapsed: 25:48, vertices: 3767, facets final: 2223, pending: 84406, pool: 300
I 1552.90] Elapsed: 25:53, vertices: 3780, facets final: 2247, pending: 84320, pool: 300
I 1558.21] Elapsed: 25:58, vertices: 3793, facets final: 2260, pending: 84025, pool: 299
I 1563.36] Elapsed: 26:03, vertices: 3805, facets final: 2275, pending: 83766, pool: 300
I 1568.56] Elapsed: 26:09, vertices: 3817, facets final: 2290, pending: 83770, pool: 300
I 1573.96] Elapsed: 26:14, vertices: 3830, facets final: 2299, pending: 83706, pool: 300
I 1578.96] Elapsed: 26:19, vertices: 3842, facets final: 2315, pending: 83615, pool: 300
I 1584.20] Elapsed: 26:24, vertices: 3855, facets final: 2349, pending: 83369, pool: 300
I 1589.25] Elapsed: 26:29, vertices: 3871, facets final: 2367, pending: 83232, pool: 300
I 1594.42] Elapsed: 26:34, vertices: 3886, facets final: 2390, pending: 82862, pool: 300
I 1599.63] Elapsed: 26:40, vertices: 3902, facets final: 2414, pending: 82680, pool: 300
I 1604.77] Elapsed: 26:45, vertices: 3918, facets final: 2443, pending: 82522, pool: 299
I 1609.95] Elapsed: 26:50, vertices: 3932, facets final: 2470, pending: 82223, pool: 300
I 1614.96] Elapsed: 26:55, vertices: 3947, facets final: 2490, pending: 81998, pool: 300
I 1620.25] Elapsed: 27:00, vertices: 3962, facets final: 2532, pending: 81865, pool: 300
I 1625.39] Elapsed: 27:05, vertices: 3976, facets final: 2559, pending: 81803, pool: 300
I 1630.49] Elapsed: 27:10, vertices: 3991, facets final: 2599, pending: 81441, pool: 300
I 1635.68] Elapsed: 27:16, vertices: 4005, facets final: 2638, pending: 81218, pool: 300
I 1640.78] Elapsed: 27:21, vertices: 4021, facets final: 2666, pending: 81005, pool: 299
I 1646.10] Elapsed: 27:26, vertices: 4036, facets final: 2699, pending: 80809, pool: 300
I 1651.25] Elapsed: 27:31, vertices: 4051, facets final: 2719, pending: 80495, pool: 300
I 1656.55] Elapsed: 27:37, vertices: 4066, facets final: 2761, pending: 80226, pool: 300
I 1661.84] Elapsed: 27:42, vertices: 4081, facets final: 2790, pending: 80162, pool: 300
I 1667.10] Elapsed: 27:47, vertices: 4096, facets final: 2823, pending: 79976, pool: 300
I 1672.40] Elapsed: 27:52, vertices: 4109, facets final: 2858, pending: 80036, pool: 300
I 1677.70] Elapsed: 27:58, vertices: 4124, facets final: 2900, pending: 79832, pool: 300
I 1682.77] Elapsed: 28:03, vertices: 4138, facets final: 2955, pending: 79600, pool: 300
I 1687.98] Elapsed: 28:08, vertices: 4151, facets final: 2977, pending: 79531, pool: 300
I 1692.98] Elapsed: 28:13, vertices: 4165, facets final: 3018, pending: 79468, pool: 300
I 1698.10] Elapsed: 28:18, vertices: 4179, facets final: 3052, pending: 79415, pool: 299
I 1703.42] Elapsed: 28:23, vertices: 4193, facets final: 3076, pending: 79392, pool: 300
I 1708.49] Elapsed: 28:28, vertices: 4206, facets final: 3116, pending: 79129, pool: 300
I 1713.63] Elapsed: 28:34, vertices: 4220, facets final: 3158, pending: 78864, pool: 300
I 1718.72] Elapsed: 28:39, vertices: 4232, facets final: 3196, pending: 78832, pool: 300
I 1724.03] Elapsed: 28:44, vertices: 4246, facets final: 3210, pending: 78741, pool: 300
I 1729.31] Elapsed: 28:49, vertices: 4260, facets final: 3232, pending: 78514, pool: 299
I 1734.66] Elapsed: 28:55, vertices: 4274, facets final: 3260, pending: 78259, pool: 300
I 1739.68] Elapsed: 29:00, vertices: 4287, facets final: 3300, pending: 78125, pool: 300
I 1745.01] Elapsed: 29:05, vertices: 4301, facets final: 3324, pending: 77884, pool: 300
I 1750.13] Elapsed: 29:10, vertices: 4315, facets final: 3353, pending: 77675, pool: 300
I 1755.38] Elapsed: 29:15, vertices: 4329, facets final: 3374, pending: 77502, pool: 300
I 1760.70] Elapsed: 29:21, vertices: 4342, facets final: 3415, pending: 77214, pool: 300
I 1765.72] Elapsed: 29:26, vertices: 4354, facets final: 3427, pending: 77190, pool: 300
I 1770.87] Elapsed: 29:31, vertices: 4367, facets final: 3471, pending: 76995, pool: 300
I 1775.96] Elapsed: 29:36, vertices: 4380, facets final: 3510, pending: 76845, pool: 300
I 1781.30] Elapsed: 29:41, vertices: 4393, facets final: 3550, pending: 76636, pool: 300
I 1786.35] Elapsed: 29:46, vertices: 4406, facets final: 3591, pending: 76580, pool: 300
I 1791.35] Elapsed: 29:51, vertices: 4419, facets final: 3627, pending: 76364, pool: 300
I 1796.59] Elapsed: 29:57, vertices: 4432, facets final: 3686, pending: 76205, pool: 300
I 1801.92] Elapsed: 30:02, vertices: 4445, facets final: 3709, pending: 75997, pool: 300
I 1806.94] Elapsed: 30:07, vertices: 4463, facets final: 3753, pending: 75721, pool: 299
I 1811.95] Elapsed: 30:12, vertices: 4481, facets final: 3804, pending: 75552, pool: 300
I 1817.11] Elapsed: 30:17, vertices: 4500, facets final: 3841, pending: 75177, pool: 300
I 1822.39] Elapsed: 30:22, vertices: 4518, facets final: 3901, pending: 74830, pool: 300
I 1827.53] Elapsed: 30:28, vertices: 4536, facets final: 3967, pending: 74531, pool: 300
I 1832.67] Elapsed: 30:33, vertices: 4553, facets final: 4039, pending: 74073, pool: 299
I 1837.72] Elapsed: 30:38, vertices: 4570, facets final: 4096, pending: 74103, pool: 300
I 1843.05] Elapsed: 30:43, vertices: 4587, facets final: 4140, pending: 74229, pool: 300
I 1848.27] Elapsed: 30:48, vertices: 4605, facets final: 4189, pending: 74138, pool: 300
I 1853.40] Elapsed: 30:53, vertices: 4623, facets final: 4251, pending: 73956, pool: 300
I 1858.52] Elapsed: 30:59, vertices: 4641, facets final: 4305, pending: 73780, pool: 299
I 1863.72] Elapsed: 31:04, vertices: 4657, facets final: 4377, pending: 73638, pool: 300
I 1868.96] Elapsed: 31:09, vertices: 4675, facets final: 4422, pending: 73421, pool: 300
I 1874.15] Elapsed: 31:14, vertices: 4692, facets final: 4457, pending: 73355, pool: 300
I 1879.33] Elapsed: 31:19, vertices: 4708, facets final: 4536, pending: 73165, pool: 300
I 1884.43] Elapsed: 31:24, vertices: 4725, facets final: 4602, pending: 73086, pool: 300
I 1889.57] Elapsed: 31:30, vertices: 4742, facets final: 4645, pending: 73073, pool: 299
I 1894.72] Elapsed: 31:35, vertices: 4759, facets final: 4702, pending: 72814, pool: 299
I 1899.87] Elapsed: 31:40, vertices: 4775, facets final: 4756, pending: 72605, pool: 299
I 1904.99] Elapsed: 31:45, vertices: 4791, facets final: 4803, pending: 72364, pool: 300
I 1910.26] Elapsed: 31:50, vertices: 4807, facets final: 4878, pending: 72337, pool: 300
I 1915.33] Elapsed: 31:55, vertices: 4824, facets final: 4927, pending: 72202, pool: 300
I 1920.47] Elapsed: 32:00, vertices: 4840, facets final: 5003, pending: 71944, pool: 300
I 1925.74] Elapsed: 32:06, vertices: 4857, facets final: 5070, pending: 71850, pool: 300
I 1930.93] Elapsed: 32:11, vertices: 4874, facets final: 5120, pending: 71683, pool: 300
I 1936.15] Elapsed: 32:16, vertices: 4891, facets final: 5171, pending: 71546, pool: 300
I 1941.32] Elapsed: 32:21, vertices: 4907, facets final: 5235, pending: 71366, pool: 300
I 1946.41] Elapsed: 32:26, vertices: 4923, facets final: 5285, pending: 71190, pool: 300
I 1951.60] Elapsed: 32:32, vertices: 4939, facets final: 5349, pending: 71038, pool: 300
I 1956.82] Elapsed: 32:37, vertices: 4955, facets final: 5386, pending: 70940, pool: 300
I 1961.89] Elapsed: 32:42, vertices: 4971, facets final: 5422, pending: 70727, pool: 299
I 1966.94] Elapsed: 32:47, vertices: 4986, facets final: 5506, pending: 70577, pool: 299
I 1972.24] Elapsed: 32:52, vertices: 5002, facets final: 5573, pending: 70517, pool: 300
I 1977.40] Elapsed: 32:57, vertices: 5018, facets final: 5678, pending: 70296, pool: 300
I 1982.76] Elapsed: 33:03, vertices: 5034, facets final: 5775, pending: 70140, pool: 300
I 1987.95] Elapsed: 33:08, vertices: 5050, facets final: 5812, pending: 70036, pool: 300
I 1992.97] Elapsed: 33:13, vertices: 5065, facets final: 5883, pending: 69978, pool: 300
I 1998.27] Elapsed: 33:18, vertices: 5080, facets final: 5967, pending: 69858, pool: 300
I 2003.32] Elapsed: 33:23, vertices: 5095, facets final: 5993, pending: 69701, pool: 300
I 2008.40] Elapsed: 33:28, vertices: 5111, facets final: 6034, pending: 69560, pool: 300
I 2013.49] Elapsed: 33:33, vertices: 5126, facets final: 6086, pending: 69393, pool: 300
I 2018.73] Elapsed: 33:39, vertices: 5141, facets final: 6165, pending: 69170, pool: 300
I 2023.83] Elapsed: 33:44, vertices: 5156, facets final: 6242, pending: 68934, pool: 300
I 2029.07] Elapsed: 33:49, vertices: 5172, facets final: 6309, pending: 68825, pool: 299
I 2034.07] Elapsed: 33:54, vertices: 5186, facets final: 6395, pending: 68777, pool: 300
I 2039.14] Elapsed: 33:59, vertices: 5200, facets final: 6488, pending: 68454, pool: 300
I 2044.14] Elapsed: 34:04, vertices: 5215, facets final: 6538, pending: 68436, pool: 300
I 2049.39] Elapsed: 34:09, vertices: 5230, facets final: 6589, pending: 68290, pool: 299
I 2054.59] Elapsed: 34:15, vertices: 5245, facets final: 6700, pending: 68163, pool: 300
I 2059.94] Elapsed: 34:20, vertices: 5261, facets final: 6740, pending: 68166, pool: 300
I 2065.08] Elapsed: 34:25, vertices: 5276, facets final: 6810, pending: 68081, pool: 300
I 2070.09] Elapsed: 34:30, vertices: 5291, facets final: 6881, pending: 68007, pool: 300
I 2075.28] Elapsed: 34:35, vertices: 5305, facets final: 6965, pending: 67909, pool: 300
I 2080.59] Elapsed: 34:41, vertices: 5320, facets final: 7065, pending: 67685, pool: 300
I 2085.95] Elapsed: 34:46, vertices: 5335, facets final: 7180, pending: 67444, pool: 300
I 2091.03] Elapsed: 34:51, vertices: 5350, facets final: 7275, pending: 67237, pool: 300
I 2096.03] Elapsed: 34:56, vertices: 5363, facets final: 7370, pending: 67097, pool: 299
I 2101.24] Elapsed: 35:01, vertices: 5377, facets final: 7422, pending: 66949, pool: 300
I 2106.34] Elapsed: 35:06, vertices: 5391, facets final: 7567, pending: 66812, pool: 300
I 2111.63] Elapsed: 35:12, vertices: 5406, facets final: 7630, pending: 66673, pool: 300
I 2116.83] Elapsed: 35:17, vertices: 5421, facets final: 7711, pending: 66556, pool: 300
I 2121.83] Elapsed: 35:22, vertices: 5435, facets final: 7768, pending: 66416, pool: 298
I 2126.87] Elapsed: 35:27, vertices: 5449, facets final: 7843, pending: 66189, pool: 300
I 2131.91] Elapsed: 35:32, vertices: 5463, facets final: 7920, pending: 66029, pool: 300
I 2136.92] Elapsed: 35:37, vertices: 5477, facets final: 7978, pending: 66051, pool: 300
I 2142.19] Elapsed: 35:42, vertices: 5492, facets final: 8052, pending: 65848, pool: 300
I 2147.51] Elapsed: 35:48, vertices: 5507, facets final: 8116, pending: 65674, pool: 300
I 2152.66] Elapsed: 35:53, vertices: 5521, facets final: 8174, pending: 65523, pool: 299
I 2157.71] Elapsed: 35:58, vertices: 5535, facets final: 8234, pending: 65397, pool: 300
I 2162.75] Elapsed: 36:03, vertices: 5549, facets final: 8324, pending: 65340, pool: 300
I 2167.77] Elapsed: 36:08, vertices: 5562, facets final: 8376, pending: 65208, pool: 299
I 2173.00] Elapsed: 36:13, vertices: 5576, facets final: 8440, pending: 65054, pool: 300
I 2178.29] Elapsed: 36:18, vertices: 5591, facets final: 8527, pending: 64985, pool: 300
I 2183.29] Elapsed: 36:23, vertices: 5605, facets final: 8586, pending: 64859, pool: 299
I 2188.29] Elapsed: 36:28, vertices: 5618, facets final: 8740, pending: 64736, pool: 300
I 2193.40] Elapsed: 36:33, vertices: 5632, facets final: 8806, pending: 64679, pool: 300
I 2198.48] Elapsed: 36:38, vertices: 5646, facets final: 8892, pending: 64498, pool: 300
I 2203.62] Elapsed: 36:44, vertices: 5660, facets final: 8947, pending: 64343, pool: 300
I 2208.70] Elapsed: 36:49, vertices: 5674, facets final: 9035, pending: 64281, pool: 300
I 2213.83] Elapsed: 36:54, vertices: 5688, facets final: 9122, pending: 64097, pool: 300
I 2218.87] Elapsed: 36:59, vertices: 5702, facets final: 9190, pending: 64076, pool: 300
I 2224.08] Elapsed: 37:04, vertices: 5716, facets final: 9294, pending: 63882, pool: 299
I 2229.26] Elapsed: 37:09, vertices: 5730, facets final: 9401, pending: 63701, pool: 300
I 2234.43] Elapsed: 37:14, vertices: 5744, facets final: 9518, pending: 63555, pool: 299
I 2239.46] Elapsed: 37:19, vertices: 5757, facets final: 9570, pending: 63466, pool: 299
I 2244.56] Elapsed: 37:25, vertices: 5772, facets final: 9717, pending: 63311, pool: 300
I 2249.65] Elapsed: 37:30, vertices: 5791, facets final: 9927, pending: 63025, pool: 300
I 2254.74] Elapsed: 37:35, vertices: 5811, facets final: 10102, pending: 62856, pool: 300
I 2259.90] Elapsed: 37:40, vertices: 5831, facets final: 10230, pending: 62682, pool: 299
I 2264.98] Elapsed: 37:45, vertices: 5850, facets final: 10437, pending: 62631, pool: 299
I 2270.14] Elapsed: 37:50, vertices: 5870, facets final: 10613, pending: 62320, pool: 300
I 2275.20] Elapsed: 37:55, vertices: 5890, facets final: 10790, pending: 62098, pool: 300
I 2280.28] Elapsed: 38:00, vertices: 5910, facets final: 10920, pending: 61966, pool: 299
I 2285.34] Elapsed: 38:05, vertices: 5929, facets final: 11093, pending: 61710, pool: 300
I 2290.41] Elapsed: 38:10, vertices: 5949, facets final: 11209, pending: 61642, pool: 300
I 2295.47] Elapsed: 38:15, vertices: 5967, facets final: 11424, pending: 61501, pool: 300
I 2300.47] Elapsed: 38:20, vertices: 5985, facets final: 11614, pending: 61361, pool: 300
I 2305.54] Elapsed: 38:26, vertices: 6003, facets final: 11817, pending: 61141, pool: 300
I 2310.54] Elapsed: 38:31, vertices: 6022, facets final: 11975, pending: 60871, pool: 300
I 2315.72] Elapsed: 38:36, vertices: 6041, facets final: 12107, pending: 60687, pool: 300
I 2320.79] Elapsed: 38:41, vertices: 6060, facets final: 12188, pending: 60570, pool: 300
I 2325.93] Elapsed: 38:46, vertices: 6079, facets final: 12334, pending: 60408, pool: 300
I 2331.12] Elapsed: 38:51, vertices: 6098, facets final: 12527, pending: 60291, pool: 300
I 2336.36] Elapsed: 38:56, vertices: 6116, facets final: 12676, pending: 60104, pool: 300
I 2341.45] Elapsed: 39:01, vertices: 6134, facets final: 12831, pending: 59990, pool: 300
I 2346.72] Elapsed: 39:07, vertices: 6153, facets final: 12944, pending: 59897, pool: 300
I 2351.72] Elapsed: 39:12, vertices: 6169, facets final: 13104, pending: 59839, pool: 300
I 2356.82] Elapsed: 39:17, vertices: 6187, facets final: 13239, pending: 59830, pool: 300
I 2362.08] Elapsed: 39:22, vertices: 6206, facets final: 13400, pending: 59729, pool: 300
I 2367.12] Elapsed: 39:27, vertices: 6224, facets final: 13529, pending: 59735, pool: 299
I 2372.26] Elapsed: 39:32, vertices: 6242, facets final: 13675, pending: 59672, pool: 299
I 2377.42] Elapsed: 39:37, vertices: 6259, facets final: 13829, pending: 59552, pool: 300
I 2382.42] Elapsed: 39:42, vertices: 6276, facets final: 14002, pending: 59284, pool: 299
I 2387.62] Elapsed: 39:48, vertices: 6294, facets final: 14150, pending: 59208, pool: 299
I 2392.88] Elapsed: 39:53, vertices: 6312, facets final: 14332, pending: 59095, pool: 300
I 2398.12] Elapsed: 39:58, vertices: 6329, facets final: 14482, pending: 58983, pool: 300
I 2403.31] Elapsed: 40:03, vertices: 6347, facets final: 14661, pending: 58817, pool: 300
I 2408.32] Elapsed: 40:08, vertices: 6364, facets final: 14877, pending: 58629, pool: 300
I 2413.39] Elapsed: 40:13, vertices: 6382, facets final: 14976, pending: 58560, pool: 300
I 2418.49] Elapsed: 40:18, vertices: 6399, facets final: 15215, pending: 58327, pool: 300
I 2423.70] Elapsed: 40:24, vertices: 6416, facets final: 15409, pending: 58192, pool: 300
I 2428.81] Elapsed: 40:29, vertices: 6432, facets final: 15599, pending: 57958, pool: 300
I 2433.91] Elapsed: 40:34, vertices: 6450, facets final: 15715, pending: 57930, pool: 300
I 2439.06] Elapsed: 40:39, vertices: 6468, facets final: 15838, pending: 57862, pool: 300
I 2444.11] Elapsed: 40:44, vertices: 6485, facets final: 16004, pending: 57715, pool: 299
I 2449.18] Elapsed: 40:49, vertices: 6500, facets final: 16272, pending: 57549, pool: 299
I 2454.26] Elapsed: 40:54, vertices: 6517, facets final: 16388, pending: 57450, pool: 300
I 2459.35] Elapsed: 40:59, vertices: 6534, facets final: 16536, pending: 57335, pool: 300
I 2464.44] Elapsed: 41:04, vertices: 6550, facets final: 16765, pending: 57071, pool: 300
I 2469.45] Elapsed: 41:09, vertices: 6567, facets final: 16934, pending: 56880, pool: 300
I 2474.45] Elapsed: 41:14, vertices: 6582, facets final: 17192, pending: 56593, pool: 300
I 2479.55] Elapsed: 41:20, vertices: 6598, facets final: 17460, pending: 56345, pool: 299
I 2484.59] Elapsed: 41:25, vertices: 6613, facets final: 17782, pending: 56032, pool: 299
I 2489.64] Elapsed: 41:30, vertices: 6629, facets final: 17957, pending: 55917, pool: 300
I 2494.64] Elapsed: 41:35, vertices: 6645, facets final: 18219, pending: 55656, pool: 299
I 2499.70] Elapsed: 41:40, vertices: 6661, facets final: 18421, pending: 55515, pool: 300
I 2504.95] Elapsed: 41:45, vertices: 6677, facets final: 18711, pending: 55241, pool: 300
I 2510.00] Elapsed: 41:50, vertices: 6693, facets final: 18911, pending: 55051, pool: 300
I 2515.00] Elapsed: 41:55, vertices: 6709, facets final: 19136, pending: 54846, pool: 300
I 2520.00] Elapsed: 42:00, vertices: 6724, facets final: 19458, pending: 54508, pool: 298
I 2525.22] Elapsed: 42:05, vertices: 6740, facets final: 19736, pending: 54232, pool: 299
I 2530.23] Elapsed: 42:10, vertices: 6755, facets final: 20012, pending: 53960, pool: 300
I 2535.23] Elapsed: 42:15, vertices: 6770, facets final: 20322, pending: 53645, pool: 300
I 2540.47] Elapsed: 42:20, vertices: 6784, facets final: 20746, pending: 53180, pool: 298
I 2545.64] Elapsed: 42:26, vertices: 6800, facets final: 21058, pending: 52859, pool: 299
I 2550.64] Elapsed: 42:31, vertices: 6814, facets final: 21446, pending: 52492, pool: 298
I 2555.64] Elapsed: 42:36, vertices: 6827, facets final: 21897, pending: 52021, pool: 300
I 2560.87] Elapsed: 42:41, vertices: 6843, facets final: 22235, pending: 51632, pool: 298
I 2565.91] Elapsed: 42:46, vertices: 6858, facets final: 22516, pending: 51301, pool: 300
I 2570.94] Elapsed: 42:51, vertices: 6874, facets final: 22800, pending: 50960, pool: 299
I 2576.12] Elapsed: 42:56, vertices: 6889, facets final: 23188, pending: 50560, pool: 299
I 2581.12] Elapsed: 43:01, vertices: 6903, facets final: 23574, pending: 50123, pool: 299
I 2586.33] Elapsed: 43:06, vertices: 6917, facets final: 24050, pending: 49616, pool: 299
I 2591.33] Elapsed: 43:11, vertices: 6929, facets final: 24596, pending: 49028, pool: 298
I 2596.33] Elapsed: 43:16, vertices: 6942, facets final: 25102, pending: 48469, pool: 298
I 2601.44] Elapsed: 43:21, vertices: 6956, facets final: 25539, pending: 48000, pool: 299
I 2606.55] Elapsed: 43:27, vertices: 6971, facets final: 25923, pending: 47560, pool: 298
I 2611.77] Elapsed: 43:32, vertices: 6983, facets final: 26516, pending: 46953, pool: 300
I 2616.77] Elapsed: 43:37, vertices: 6997, facets final: 26926, pending: 46538, pool: 299
I 2621.77] Elapsed: 43:42, vertices: 7008, facets final: 27601, pending: 45870, pool: 296
I 2626.82] Elapsed: 43:47, vertices: 7021, facets final: 28097, pending: 45379, pool: 296
I 2631.82] Elapsed: 43:52, vertices: 7032, facets final: 28724, pending: 44751, pool: 297
I 2636.99] Elapsed: 43:57, vertices: 7045, facets final: 29224, pending: 44218, pool: 297
I 2641.99] Elapsed: 44:02, vertices: 7056, facets final: 29858, pending: 43582, pool: 297
I 2647.04] Elapsed: 44:07, vertices: 7069, facets final: 30368, pending: 43018, pool: 297
I 2652.21] Elapsed: 44:12, vertices: 7081, facets final: 30974, pending: 42424, pool: 298
I 2657.26] Elapsed: 44:17, vertices: 7094, facets final: 31484, pending: 41887, pool: 298
I 2662.49] Elapsed: 44:22, vertices: 7107, facets final: 32023, pending: 41367, pool: 297
I 2667.57] Elapsed: 44:28, vertices: 7119, facets final: 32611, pending: 40810, pool: 296
I 2672.74] Elapsed: 44:33, vertices: 7132, facets final: 33148, pending: 40288, pool: 297
I 2677.86] Elapsed: 44:38, vertices: 7144, facets final: 33791, pending: 39633, pool: 293
I 2682.95] Elapsed: 44:43, vertices: 7153, facets final: 34621, pending: 38785, pool: 292
I 2687.95] Elapsed: 44:48, vertices: 7164, facets final: 35283, pending: 38125, pool: 293
I 2693.14] Elapsed: 44:53, vertices: 7175, facets final: 36012, pending: 37346, pool: 294
I 2698.36] Elapsed: 44:58, vertices: 7186, facets final: 36713, pending: 36650, pool: 292
I 2703.36] Elapsed: 45:03, vertices: 7196, facets final: 37478, pending: 35870, pool: 290
I 2708.36] Elapsed: 45:08, vertices: 7205, facets final: 38285, pending: 35048, pool: 291
I 2713.36] Elapsed: 45:13, vertices: 7216, facets final: 38954, pending: 34358, pool: 293
I 2718.56] Elapsed: 45:19, vertices: 7227, facets final: 39661, pending: 33622, pool: 291
I 2723.69] Elapsed: 45:24, vertices: 7237, facets final: 40471, pending: 32792, pool: 288
I 2728.69] Elapsed: 45:29, vertices: 7246, facets final: 41312, pending: 31929, pool: 289
I 2733.69] Elapsed: 45:34, vertices: 7254, facets final: 42218, pending: 31019, pool: 285
I 2738.70] Elapsed: 45:39, vertices: 7263, facets final: 43083, pending: 30131, pool: 286
I 2743.70] Elapsed: 45:44, vertices: 7271, facets final: 44030, pending: 29169, pool: 280
I 2748.89] Elapsed: 45:49, vertices: 7280, facets final: 44934, pending: 28237, pool: 278
I 2753.89] Elapsed: 45:54, vertices: 7288, facets final: 45882, pending: 27276, pool: 273
I 2758.89] Elapsed: 45:59, vertices: 7297, facets final: 46744, pending: 26392, pool: 275
I 2764.00] Elapsed: 46:04, vertices: 7305, facets final: 47716, pending: 25397, pool: 270
I 2769.00] Elapsed: 46:09, vertices: 7312, facets final: 48763, pending: 24329, pool: 268
I 2774.04] Elapsed: 46:14, vertices: 7321, facets final: 49675, pending: 23403, pool: 266
I 2779.04] Elapsed: 46:19, vertices: 7328, facets final: 50695, pending: 22374, pool: 262
I 2784.04] Elapsed: 46:24, vertices: 7336, facets final: 51688, pending: 21356, pool: 259
I 2789.09] Elapsed: 46:29, vertices: 7344, facets final: 52698, pending: 20335, pool: 258
I 2794.09] Elapsed: 46:34, vertices: 7353, facets final: 53582, pending: 19425, pool: 254
I 2799.09] Elapsed: 46:39, vertices: 7361, facets final: 54576, pending: 18415, pool: 251
I 2804.13] Elapsed: 46:44, vertices: 7368, facets final: 55678, pending: 17308, pool: 251
I 2809.15] Elapsed: 46:49, vertices: 7375, facets final: 56737, pending: 16251, pool: 249
I 2814.18] Elapsed: 46:54, vertices: 7384, facets final: 57716, pending: 15296, pool: 242
I 2819.18] Elapsed: 46:59, vertices: 7392, facets final: 58755, pending: 14249, pool: 238
I 2824.22] Elapsed: 47:04, vertices: 7400, facets final: 59771, pending: 13231, pool: 233
I 2829.36] Elapsed: 47:09, vertices: 7409, facets final: 60792, pending: 12215, pool: 230
I 2834.36] Elapsed: 47:14, vertices: 7420, facets final: 61645, pending: 11362, pool: 225
I 2839.36] Elapsed: 47:19, vertices: 7429, facets final: 62595, pending: 10401, pool: 219
I 2844.36] Elapsed: 47:24, vertices: 7439, facets final: 63548, pending: 9432, pool: 215
I 2849.43] Elapsed: 47:29, vertices: 7449, facets final: 64537, pending: 8427, pool: 212
I 2854.52] Elapsed: 47:35, vertices: 7460, facets final: 65444, pending: 7506, pool: 203
I 2859.52] Elapsed: 47:40, vertices: 7469, facets final: 66495, pending: 6437, pool: 196
I 2864.52] Elapsed: 47:45, vertices: 7481, facets final: 67351, pending: 5658, pool: 185
I 2869.52] Elapsed: 47:50, vertices: 7495, facets final: 68170, pending: 4824, pool: 177
I 2874.65] Elapsed: 47:55, vertices: 7512, facets final: 68902, pending: 4077, pool: 162
I 2879.65] Elapsed: 48:00, vertices: 7528, facets final: 69674, pending: 3301, pool: 150
I 2884.65] Elapsed: 48:05, vertices: 7544, facets final: 70534, pending: 2433, pool: 136
I 2889.65] Elapsed: 48:10, vertices: 7559, facets final: 71460, pending: 1510, pool: 127
I 2894.69] Elapsed: 48:15, vertices: 7587, facets final: 71992, pending: 950, pool: 108
I 2899.69] Elapsed: 48:20, vertices: 7626, facets final: 72331, pending: 579, pool: 76
I 2904.69] Elapsed: 48:25, vertices: 7692, facets final: 72603, pending: 269, pool: 23
I 2906.56] Elapsed: 48:27, vertices: 7729, facets final: 72849, pending: 0

--------------------------------
Problem completed
 name                    34.vlp
 output                  vlp/34.res
 rows, cols, objs        19, 5106, 8
 vertices, facets        7729, 72849
 total time              48:27
--------------------------------
Statistics
LP:
 oracle calls            82735
   avg iterations/calls  14.45
 total oracle time       4:20
Combinatorics:
 vertices added          7729
 facets probed           137376
 facets # max            110474
 memory allocated        243.53M
 instability warnings    15
 storage expansion
   vertices # / upto     61 / 7804
   facets   # / upto     27 / 110588
 facet manipulating
   added avg / max       133.63 / 1.92k
   compressed            459
 number of ridge tests
   avg / max             9.87M / 156.88M
--------------------------------
Parameters with non-default values
 ExactFacetEq = 1
 VertexPoolSize = 300
 OracleCallLimit = 3
 RecalculateFacets = 25
 PolytopeEps = 1e-08
 ScaleEps = 5e-08
 LineqEps = 1.3e-07
 RoundEps = 5e-08
