C copy string: r=c:ab;ar,br,cr,dr;a,b,c,dr; ineq: base20.txt
I    5.02] Elapsed: 5.02, vertices: 209, facets final: 19, pending: 10792, pool: 299
I   10.03] Elapsed: 10.03, vertices: 302, facets final: 27, pending: 15714, pool: 300
I   15.07] Elapsed: 15.07, vertices: 376, facets final: 36, pending: 19776, pool: 300
I   20.08] Elapsed: 20.08, vertices: 436, facets final: 41, pending: 21952, pool: 299
I   25.08] Elapsed: 25.08, vertices: 492, facets final: 46, pending: 24088, pool: 300
I   30.13] Elapsed: 30.13, vertices: 544, facets final: 57, pending: 25497, pool: 300
I   35.16] Elapsed: 35.16, vertices: 592, facets final: 66, pending: 27208, pool: 299
I   40.23] Elapsed: 40.23, vertices: 639, facets final: 71, pending: 29313, pool: 300
I   45.26] Elapsed: 45.26, vertices: 680, facets final: 83, pending: 30618, pool: 298
I   50.34] Elapsed: 50.34, vertices: 721, facets final: 86, pending: 31904, pool: 300
I   55.39] Elapsed: 55.39, vertices: 761, facets final: 92, pending: 33482, pool: 300
I   60.48] Elapsed: 1:00, vertices: 799, facets final: 95, pending: 35436, pool: 299
I   65.54] Elapsed: 1:06, vertices: 835, facets final: 100, pending: 35888, pool: 300
I   70.63] Elapsed: 1:11, vertices: 872, facets final: 117, pending: 36678, pool: 300
I   75.72] Elapsed: 1:16, vertices: 906, facets final: 127, pending: 37354, pool: 300
I   80.72] Elapsed: 1:21, vertices: 938, facets final: 134, pending: 37652, pool: 300
I   85.74] Elapsed: 1:26, vertices: 970, facets final: 138, pending: 37813, pool: 300
I   90.82] Elapsed: 1:31, vertices: 1003, facets final: 151, pending: 38500, pool: 300
I   95.96] Elapsed: 1:36, vertices: 1034, facets final: 159, pending: 39358, pool: 300
I  101.06] Elapsed: 1:41, vertices: 1061, facets final: 161, pending: 40296, pool: 300
I  106.07] Elapsed: 1:46, vertices: 1087, facets final: 168, pending: 40772, pool: 300
I  111.09] Elapsed: 1:51, vertices: 1115, facets final: 179, pending: 41726, pool: 299
I  116.18] Elapsed: 1:56, vertices: 1142, facets final: 184, pending: 41833, pool: 300
I  121.27] Elapsed: 2:01, vertices: 1170, facets final: 188, pending: 42547, pool: 300
I  126.46] Elapsed: 2:06, vertices: 1199, facets final: 194, pending: 43222, pool: 300
I  131.53] Elapsed: 2:12, vertices: 1226, facets final: 200, pending: 43455, pool: 300
I  136.66] Elapsed: 2:17, vertices: 1254, facets final: 201, pending: 43657, pool: 300
I  141.83] Elapsed: 2:22, vertices: 1280, facets final: 206, pending: 43951, pool: 300
I  146.84] Elapsed: 2:27, vertices: 1306, facets final: 215, pending: 44445, pool: 300
I  151.97] Elapsed: 2:32, vertices: 1335, facets final: 224, pending: 44660, pool: 300
I  157.17] Elapsed: 2:37, vertices: 1361, facets final: 229, pending: 45059, pool: 300
I  162.26] Elapsed: 2:42, vertices: 1386, facets final: 234, pending: 45222, pool: 300
I  167.34] Elapsed: 2:47, vertices: 1411, facets final: 245, pending: 45811, pool: 300
I  172.47] Elapsed: 2:52, vertices: 1438, facets final: 251, pending: 46035, pool: 300
I  177.59] Elapsed: 2:58, vertices: 1463, facets final: 260, pending: 46472, pool: 300
I  182.65] Elapsed: 3:03, vertices: 1489, facets final: 270, pending: 46848, pool: 300
I  187.74] Elapsed: 3:08, vertices: 1515, facets final: 273, pending: 46800, pool: 299
I  192.88] Elapsed: 3:13, vertices: 1541, facets final: 283, pending: 47212, pool: 300
I  198.02] Elapsed: 3:18, vertices: 1565, facets final: 290, pending: 47505, pool: 300
I  203.14] Elapsed: 3:23, vertices: 1589, facets final: 300, pending: 48131, pool: 300
I  208.29] Elapsed: 3:28, vertices: 1613, facets final: 309, pending: 48347, pool: 300
I  213.47] Elapsed: 3:33, vertices: 1636, facets final: 316, pending: 48565, pool: 300
I  218.60] Elapsed: 3:39, vertices: 1661, facets final: 325, pending: 48714, pool: 300
I  223.80] Elapsed: 3:44, vertices: 1683, facets final: 328, pending: 48987, pool: 300
I  228.97] Elapsed: 3:49, vertices: 1705, facets final: 332, pending: 48889, pool: 300
I  234.27] Elapsed: 3:54, vertices: 1728, facets final: 336, pending: 49045, pool: 300
I  239.39] Elapsed: 3:59, vertices: 1750, facets final: 340, pending: 48862, pool: 300
I  244.41] Elapsed: 4:04, vertices: 1774, facets final: 350, pending: 49275, pool: 299
I  249.47] Elapsed: 4:09, vertices: 1798, facets final: 355, pending: 49564, pool: 300
I  254.51] Elapsed: 4:15, vertices: 1821, facets final: 364, pending: 49735, pool: 299
I  259.63] Elapsed: 4:20, vertices: 1844, facets final: 372, pending: 50202, pool: 300
I  264.92] Elapsed: 4:25, vertices: 1867, facets final: 377, pending: 50258, pool: 300
I  269.98] Elapsed: 4:30, vertices: 1890, facets final: 383, pending: 50384, pool: 300
I  275.13] Elapsed: 4:35, vertices: 1913, facets final: 385, pending: 50561, pool: 300
I  280.29] Elapsed: 4:40, vertices: 1936, facets final: 396, pending: 51049, pool: 300
I  285.40] Elapsed: 4:45, vertices: 1960, facets final: 410, pending: 50907, pool: 300
I  290.65] Elapsed: 4:51, vertices: 1983, facets final: 413, pending: 51528, pool: 300
I  295.79] Elapsed: 4:56, vertices: 2005, facets final: 425, pending: 51697, pool: 300
I  300.95] Elapsed: 5:01, vertices: 2027, facets final: 433, pending: 51663, pool: 300
I  306.09] Elapsed: 5:06, vertices: 2051, facets final: 440, pending: 51563, pool: 300
I  311.21] Elapsed: 5:11, vertices: 2074, facets final: 449, pending: 51472, pool: 300
I  316.21] Elapsed: 5:16, vertices: 2097, facets final: 455, pending: 51680, pool: 300
I  321.25] Elapsed: 5:21, vertices: 2119, facets final: 469, pending: 51745, pool: 300
I  326.47] Elapsed: 5:26, vertices: 2143, facets final: 480, pending: 51641, pool: 300
I  331.47] Elapsed: 5:31, vertices: 2166, facets final: 483, pending: 51704, pool: 300
I  336.66] Elapsed: 5:37, vertices: 2190, facets final: 494, pending: 51579, pool: 300
I  341.85] Elapsed: 5:42, vertices: 2213, facets final: 506, pending: 51776, pool: 300
I  346.98] Elapsed: 5:47, vertices: 2236, facets final: 522, pending: 51677, pool: 300
I  352.03] Elapsed: 5:52, vertices: 2260, facets final: 534, pending: 51791, pool: 300
I  357.12] Elapsed: 5:57, vertices: 2284, facets final: 544, pending: 51871, pool: 300
I  362.12] Elapsed: 6:02, vertices: 2306, facets final: 554, pending: 51837, pool: 299
I  367.36] Elapsed: 6:07, vertices: 2327, facets final: 568, pending: 51798, pool: 300
I  372.48] Elapsed: 6:12, vertices: 2350, facets final: 579, pending: 51572, pool: 300
I  377.51] Elapsed: 6:18, vertices: 2373, facets final: 590, pending: 51791, pool: 300
I  382.73] Elapsed: 6:23, vertices: 2393, facets final: 596, pending: 51712, pool: 300
I  387.75] Elapsed: 6:28, vertices: 2414, facets final: 609, pending: 51605, pool: 300
I  392.86] Elapsed: 6:33, vertices: 2436, facets final: 621, pending: 51686, pool: 300
I  397.95] Elapsed: 6:38, vertices: 2460, facets final: 629, pending: 51581, pool: 300
I  403.04] Elapsed: 6:43, vertices: 2481, facets final: 640, pending: 51449, pool: 300
I  408.17] Elapsed: 6:48, vertices: 2504, facets final: 655, pending: 51374, pool: 300
I  413.21] Elapsed: 6:53, vertices: 2527, facets final: 663, pending: 51409, pool: 300
I  418.48] Elapsed: 6:58, vertices: 2550, facets final: 678, pending: 51687, pool: 300
I  423.58] Elapsed: 7:04, vertices: 2572, facets final: 691, pending: 51664, pool: 300
I  428.74] Elapsed: 7:09, vertices: 2594, facets final: 700, pending: 51523, pool: 300
I  433.91] Elapsed: 7:14, vertices: 2618, facets final: 711, pending: 51695, pool: 300
I  438.93] Elapsed: 7:19, vertices: 2641, facets final: 720, pending: 51543, pool: 300
I  444.07] Elapsed: 7:24, vertices: 2665, facets final: 733, pending: 51835, pool: 298
I  449.11] Elapsed: 7:29, vertices: 2687, facets final: 745, pending: 51707, pool: 299
I  454.33] Elapsed: 7:34, vertices: 2709, facets final: 756, pending: 51448, pool: 300
I  459.43] Elapsed: 7:39, vertices: 2733, facets final: 776, pending: 51373, pool: 300
I  464.47] Elapsed: 7:44, vertices: 2753, facets final: 790, pending: 51329, pool: 299
I  469.49] Elapsed: 7:49, vertices: 2776, facets final: 814, pending: 51334, pool: 299
I  474.49] Elapsed: 7:54, vertices: 2797, facets final: 828, pending: 51281, pool: 300
I  479.49] Elapsed: 7:59, vertices: 2820, facets final: 837, pending: 51247, pool: 300
I  484.53] Elapsed: 8:05, vertices: 2845, facets final: 854, pending: 51290, pool: 300
I  489.56] Elapsed: 8:10, vertices: 2869, facets final: 865, pending: 51394, pool: 300
I  494.76] Elapsed: 8:15, vertices: 2894, facets final: 879, pending: 51462, pool: 300
I  499.89] Elapsed: 8:20, vertices: 2918, facets final: 892, pending: 51356, pool: 300
I  504.93] Elapsed: 8:25, vertices: 2941, facets final: 899, pending: 51334, pool: 300
I  510.03] Elapsed: 8:30, vertices: 2965, facets final: 917, pending: 51793, pool: 300
I  515.24] Elapsed: 8:35, vertices: 2989, facets final: 932, pending: 52113, pool: 300
I  520.34] Elapsed: 8:40, vertices: 3012, facets final: 940, pending: 51905, pool: 300
I  525.34] Elapsed: 8:45, vertices: 3034, facets final: 949, pending: 51665, pool: 300
I  530.39] Elapsed: 8:50, vertices: 3058, facets final: 971, pending: 51556, pool: 300
I  535.52] Elapsed: 8:56, vertices: 3082, facets final: 989, pending: 51667, pool: 300
I  540.54] Elapsed: 9:01, vertices: 3104, facets final: 995, pending: 51512, pool: 300
I  545.68] Elapsed: 9:06, vertices: 3129, facets final: 1011, pending: 51644, pool: 299
I  550.72] Elapsed: 9:11, vertices: 3151, facets final: 1019, pending: 51479, pool: 300
I  555.91] Elapsed: 9:16, vertices: 3174, facets final: 1038, pending: 51634, pool: 300
I  560.94] Elapsed: 9:21, vertices: 3198, facets final: 1050, pending: 51587, pool: 300
I  566.08] Elapsed: 9:26, vertices: 3221, facets final: 1064, pending: 51536, pool: 300
I  571.13] Elapsed: 9:31, vertices: 3245, facets final: 1081, pending: 51393, pool: 300
I  576.33] Elapsed: 9:36, vertices: 3271, facets final: 1101, pending: 51407, pool: 300
I  581.43] Elapsed: 9:41, vertices: 3295, facets final: 1123, pending: 51217, pool: 300
I  586.56] Elapsed: 9:47, vertices: 3317, facets final: 1133, pending: 51315, pool: 300
I  591.78] Elapsed: 9:52, vertices: 3340, facets final: 1148, pending: 51373, pool: 300
I  596.88] Elapsed: 9:57, vertices: 3363, facets final: 1166, pending: 51469, pool: 300
I  602.09] Elapsed: 10:02, vertices: 3389, facets final: 1183, pending: 51525, pool: 300
I  607.15] Elapsed: 10:07, vertices: 3411, facets final: 1204, pending: 51426, pool: 299
I  612.18] Elapsed: 10:12, vertices: 3435, facets final: 1224, pending: 51514, pool: 300
I  617.30] Elapsed: 10:17, vertices: 3458, facets final: 1244, pending: 51548, pool: 300
I  622.41] Elapsed: 10:22, vertices: 3481, facets final: 1259, pending: 51331, pool: 300
I  627.53] Elapsed: 10:28, vertices: 3505, facets final: 1272, pending: 51230, pool: 300
I  632.63] Elapsed: 10:33, vertices: 3529, facets final: 1288, pending: 51142, pool: 300
I  637.79] Elapsed: 10:38, vertices: 3554, facets final: 1311, pending: 51087, pool: 300
I  642.92] Elapsed: 10:43, vertices: 3580, facets final: 1326, pending: 50962, pool: 300
I  647.92] Elapsed: 10:48, vertices: 3603, facets final: 1348, pending: 50968, pool: 300
I  652.98] Elapsed: 10:53, vertices: 3626, facets final: 1363, pending: 50913, pool: 300
I  658.12] Elapsed: 10:58, vertices: 3650, facets final: 1383, pending: 50911, pool: 300
I  663.22] Elapsed: 11:03, vertices: 3675, facets final: 1395, pending: 50847, pool: 300
I  668.23] Elapsed: 11:08, vertices: 3700, facets final: 1423, pending: 50685, pool: 300
I  673.30] Elapsed: 11:13, vertices: 3724, facets final: 1445, pending: 50683, pool: 300
I  678.41] Elapsed: 11:18, vertices: 3749, facets final: 1461, pending: 50771, pool: 300
I  683.49] Elapsed: 11:23, vertices: 3774, facets final: 1491, pending: 50592, pool: 300
I  688.74] Elapsed: 11:29, vertices: 3800, facets final: 1525, pending: 50476, pool: 300
I  693.88] Elapsed: 11:34, vertices: 3824, facets final: 1540, pending: 50332, pool: 300
I  698.94] Elapsed: 11:39, vertices: 3849, facets final: 1564, pending: 50253, pool: 299
I  704.00] Elapsed: 11:44, vertices: 3874, facets final: 1577, pending: 50187, pool: 300
I  709.15] Elapsed: 11:49, vertices: 3900, facets final: 1606, pending: 50004, pool: 298
I  714.15] Elapsed: 11:54, vertices: 3923, facets final: 1628, pending: 50200, pool: 300
I  719.48] Elapsed: 11:59, vertices: 3948, facets final: 1644, pending: 50097, pool: 300
I  724.64] Elapsed: 12:05, vertices: 3973, facets final: 1687, pending: 50109, pool: 300
I  729.73] Elapsed: 12:10, vertices: 3998, facets final: 1707, pending: 50071, pool: 300
I  734.91] Elapsed: 12:15, vertices: 4024, facets final: 1727, pending: 49762, pool: 300
I  739.93] Elapsed: 12:20, vertices: 4050, facets final: 1753, pending: 49733, pool: 300
I  744.93] Elapsed: 12:25, vertices: 4076, facets final: 1778, pending: 49606, pool: 300
I  750.08] Elapsed: 12:30, vertices: 4101, facets final: 1802, pending: 49568, pool: 299
I  755.15] Elapsed: 12:35, vertices: 4127, facets final: 1831, pending: 49405, pool: 299
I  760.15] Elapsed: 12:40, vertices: 4153, facets final: 1857, pending: 49194, pool: 299
I  765.30] Elapsed: 12:45, vertices: 4179, facets final: 1885, pending: 49044, pool: 300
I  770.39] Elapsed: 12:50, vertices: 4205, facets final: 1914, pending: 49126, pool: 300
I  775.39] Elapsed: 12:55, vertices: 4230, facets final: 1935, pending: 48952, pool: 300
I  780.58] Elapsed: 13:01, vertices: 4257, facets final: 1958, pending: 48955, pool: 300
I  785.66] Elapsed: 13:06, vertices: 4283, facets final: 1993, pending: 48889, pool: 300
I  790.80] Elapsed: 13:11, vertices: 4308, facets final: 2017, pending: 48732, pool: 300
I  795.88] Elapsed: 13:16, vertices: 4332, facets final: 2036, pending: 48649, pool: 300
I  801.03] Elapsed: 13:21, vertices: 4358, facets final: 2064, pending: 48445, pool: 300
I  806.08] Elapsed: 13:26, vertices: 4384, facets final: 2089, pending: 48415, pool: 300
I  811.15] Elapsed: 13:31, vertices: 4408, facets final: 2129, pending: 48424, pool: 300
I  816.26] Elapsed: 13:36, vertices: 4433, facets final: 2158, pending: 48293, pool: 300
I  821.38] Elapsed: 13:41, vertices: 4459, facets final: 2201, pending: 48060, pool: 300
I  826.50] Elapsed: 13:47, vertices: 4485, facets final: 2220, pending: 47975, pool: 300
I  831.57] Elapsed: 13:52, vertices: 4509, facets final: 2250, pending: 47756, pool: 300
I  836.71] Elapsed: 13:57, vertices: 4536, facets final: 2283, pending: 47886, pool: 300
I  841.74] Elapsed: 14:02, vertices: 4563, facets final: 2319, pending: 47735, pool: 300
I  846.76] Elapsed: 14:07, vertices: 4588, facets final: 2343, pending: 47528, pool: 300
I  851.87] Elapsed: 14:12, vertices: 4614, facets final: 2383, pending: 47220, pool: 300
I  857.11] Elapsed: 14:17, vertices: 4640, facets final: 2401, pending: 47027, pool: 300
I  862.28] Elapsed: 14:22, vertices: 4666, facets final: 2443, pending: 46901, pool: 300
I  867.49] Elapsed: 14:27, vertices: 4691, facets final: 2469, pending: 46801, pool: 300
I  872.57] Elapsed: 14:33, vertices: 4718, facets final: 2502, pending: 46754, pool: 300
I  877.69] Elapsed: 14:38, vertices: 4746, facets final: 2540, pending: 46583, pool: 300
I  882.85] Elapsed: 14:43, vertices: 4774, facets final: 2576, pending: 46430, pool: 300
I  887.89] Elapsed: 14:48, vertices: 4800, facets final: 2616, pending: 46299, pool: 300
I  892.99] Elapsed: 14:53, vertices: 4825, facets final: 2651, pending: 46091, pool: 300
I  898.13] Elapsed: 14:58, vertices: 4850, facets final: 2691, pending: 45927, pool: 300
I  903.13] Elapsed: 15:03, vertices: 4877, facets final: 2721, pending: 45843, pool: 300
I  908.40] Elapsed: 15:08, vertices: 4906, facets final: 2761, pending: 45812, pool: 300
I  913.52] Elapsed: 15:14, vertices: 4933, facets final: 2794, pending: 45749, pool: 300
I  918.56] Elapsed: 15:19, vertices: 4960, facets final: 2828, pending: 45552, pool: 300
I  923.72] Elapsed: 15:24, vertices: 4987, facets final: 2860, pending: 45388, pool: 300
I  928.86] Elapsed: 15:29, vertices: 5012, facets final: 2911, pending: 45305, pool: 300
I  933.97] Elapsed: 15:34, vertices: 5037, facets final: 2949, pending: 45262, pool: 300
I  939.03] Elapsed: 15:39, vertices: 5065, facets final: 2978, pending: 45079, pool: 300
I  944.15] Elapsed: 15:44, vertices: 5093, facets final: 3021, pending: 44857, pool: 300
I  949.27] Elapsed: 15:49, vertices: 5119, facets final: 3062, pending: 44531, pool: 300
I  954.32] Elapsed: 15:54, vertices: 5147, facets final: 3089, pending: 44460, pool: 300
I  959.38] Elapsed: 15:59, vertices: 5174, facets final: 3131, pending: 44397, pool: 300
I  964.45] Elapsed: 16:04, vertices: 5200, facets final: 3169, pending: 44209, pool: 300
I  969.54] Elapsed: 16:10, vertices: 5227, facets final: 3217, pending: 44048, pool: 300
I  974.55] Elapsed: 16:15, vertices: 5252, facets final: 3251, pending: 43809, pool: 300
I  979.72] Elapsed: 16:20, vertices: 5278, facets final: 3304, pending: 43802, pool: 300
I  984.78] Elapsed: 16:25, vertices: 5303, facets final: 3336, pending: 43625, pool: 300
I  989.85] Elapsed: 16:30, vertices: 5332, facets final: 3400, pending: 43488, pool: 300
I  994.86] Elapsed: 16:35, vertices: 5361, facets final: 3447, pending: 43346, pool: 300
I  999.90] Elapsed: 16:40, vertices: 5389, facets final: 3495, pending: 43211, pool: 300
I 1005.04] Elapsed: 16:45, vertices: 5417, facets final: 3533, pending: 43024, pool: 300
I 1010.22] Elapsed: 16:50, vertices: 5445, facets final: 3571, pending: 42793, pool: 300
I 1015.32] Elapsed: 16:55, vertices: 5473, facets final: 3637, pending: 42539, pool: 300
I 1020.34] Elapsed: 17:00, vertices: 5499, facets final: 3700, pending: 42432, pool: 300
I 1025.42] Elapsed: 17:05, vertices: 5526, facets final: 3741, pending: 42344, pool: 300
I 1030.53] Elapsed: 17:11, vertices: 5553, facets final: 3768, pending: 42131, pool: 300
I 1035.59] Elapsed: 17:16, vertices: 5579, facets final: 3840, pending: 41924, pool: 300
I 1040.67] Elapsed: 17:21, vertices: 5605, facets final: 3911, pending: 41755, pool: 300
I 1045.74] Elapsed: 17:26, vertices: 5632, facets final: 3945, pending: 41670, pool: 300
I 1050.90] Elapsed: 17:31, vertices: 5659, facets final: 4032, pending: 41416, pool: 299
I 1056.06] Elapsed: 17:36, vertices: 5685, facets final: 4083, pending: 41295, pool: 300
I 1061.11] Elapsed: 17:41, vertices: 5714, facets final: 4140, pending: 41167, pool: 300
I 1066.13] Elapsed: 17:46, vertices: 5745, facets final: 4222, pending: 41007, pool: 300
I 1071.17] Elapsed: 17:51, vertices: 5775, facets final: 4287, pending: 40730, pool: 300
I 1076.17] Elapsed: 17:56, vertices: 5804, facets final: 4342, pending: 40588, pool: 300
I 1081.28] Elapsed: 18:01, vertices: 5833, facets final: 4415, pending: 40375, pool: 300
I 1086.44] Elapsed: 18:06, vertices: 5863, facets final: 4507, pending: 40223, pool: 300
I 1091.58] Elapsed: 18:12, vertices: 5893, facets final: 4552, pending: 40075, pool: 300
I 1096.62] Elapsed: 18:17, vertices: 5922, facets final: 4608, pending: 39881, pool: 300
I 1101.76] Elapsed: 18:22, vertices: 5951, facets final: 4667, pending: 39698, pool: 300
I 1106.78] Elapsed: 18:27, vertices: 5979, facets final: 4737, pending: 39516, pool: 300
I 1111.91] Elapsed: 18:32, vertices: 6008, facets final: 4783, pending: 39350, pool: 300
I 1117.05] Elapsed: 18:37, vertices: 6037, facets final: 4845, pending: 39194, pool: 300
I 1122.05] Elapsed: 18:42, vertices: 6065, facets final: 4944, pending: 39000, pool: 300
I 1127.08] Elapsed: 18:47, vertices: 6091, facets final: 5030, pending: 38762, pool: 300
I 1132.16] Elapsed: 18:52, vertices: 6118, facets final: 5073, pending: 38604, pool: 300
I 1137.27] Elapsed: 18:57, vertices: 6146, facets final: 5126, pending: 38381, pool: 300
I 1142.30] Elapsed: 19:02, vertices: 6173, facets final: 5189, pending: 38164, pool: 300
I 1147.30] Elapsed: 19:07, vertices: 6199, facets final: 5259, pending: 37948, pool: 300
I 1152.40] Elapsed: 19:12, vertices: 6226, facets final: 5343, pending: 37796, pool: 300
I 1157.54] Elapsed: 19:18, vertices: 6254, facets final: 5403, pending: 37571, pool: 300
I 1162.62] Elapsed: 19:23, vertices: 6281, facets final: 5477, pending: 37376, pool: 300
I 1167.71] Elapsed: 19:28, vertices: 6308, facets final: 5522, pending: 37197, pool: 300
I 1172.84] Elapsed: 19:33, vertices: 6335, facets final: 5635, pending: 36987, pool: 300
I 1178.00] Elapsed: 19:38, vertices: 6363, facets final: 5704, pending: 36878, pool: 300
I 1183.14] Elapsed: 19:43, vertices: 6391, facets final: 5774, pending: 36735, pool: 300
I 1188.30] Elapsed: 19:48, vertices: 6420, facets final: 5891, pending: 36494, pool: 300
I 1193.38] Elapsed: 19:53, vertices: 6452, facets final: 6019, pending: 36235, pool: 300
I 1198.45] Elapsed: 19:58, vertices: 6486, facets final: 6122, pending: 36004, pool: 300
I 1203.45] Elapsed: 20:03, vertices: 6518, facets final: 6272, pending: 35759, pool: 299
I 1208.51] Elapsed: 20:09, vertices: 6551, facets final: 6361, pending: 35505, pool: 300
I 1213.63] Elapsed: 20:14, vertices: 6585, facets final: 6444, pending: 35342, pool: 300
I 1218.72] Elapsed: 20:19, vertices: 6617, facets final: 6548, pending: 35190, pool: 300
I 1223.74] Elapsed: 20:24, vertices: 6649, facets final: 6617, pending: 34979, pool: 299
I 1228.76] Elapsed: 20:29, vertices: 6681, facets final: 6723, pending: 34804, pool: 300
I 1233.82] Elapsed: 20:34, vertices: 6712, facets final: 6850, pending: 34528, pool: 300
I 1238.95] Elapsed: 20:39, vertices: 6744, facets final: 6956, pending: 34259, pool: 300
I 1244.04] Elapsed: 20:44, vertices: 6775, facets final: 7101, pending: 34033, pool: 300
I 1249.07] Elapsed: 20:49, vertices: 6805, facets final: 7247, pending: 33745, pool: 300
I 1254.10] Elapsed: 20:54, vertices: 6835, facets final: 7404, pending: 33478, pool: 300
I 1259.12] Elapsed: 20:59, vertices: 6865, facets final: 7553, pending: 33282, pool: 300
I 1264.12] Elapsed: 21:04, vertices: 6895, facets final: 7670, pending: 33026, pool: 300
I 1269.18] Elapsed: 21:09, vertices: 6925, facets final: 7796, pending: 32855, pool: 300
I 1274.18] Elapsed: 21:14, vertices: 6954, facets final: 7922, pending: 32597, pool: 300
I 1279.27] Elapsed: 21:19, vertices: 6984, facets final: 8107, pending: 32342, pool: 300
I 1284.32] Elapsed: 21:24, vertices: 7014, facets final: 8241, pending: 32143, pool: 300
I 1289.36] Elapsed: 21:29, vertices: 7044, facets final: 8391, pending: 31914, pool: 300
I 1294.39] Elapsed: 21:34, vertices: 7073, facets final: 8544, pending: 31703, pool: 300
I 1299.49] Elapsed: 21:39, vertices: 7102, facets final: 8740, pending: 31427, pool: 300
I 1304.57] Elapsed: 21:45, vertices: 7132, facets final: 8898, pending: 31205, pool: 298
I 1309.64] Elapsed: 21:50, vertices: 7160, facets final: 9125, pending: 30893, pool: 300
I 1314.68] Elapsed: 21:55, vertices: 7189, facets final: 9287, pending: 30592, pool: 300
I 1319.69] Elapsed: 22:00, vertices: 7218, facets final: 9429, pending: 30369, pool: 299
I 1324.72] Elapsed: 22:05, vertices: 7247, facets final: 9571, pending: 30114, pool: 299
I 1329.81] Elapsed: 22:10, vertices: 7276, facets final: 9776, pending: 29807, pool: 300
I 1334.94] Elapsed: 22:15, vertices: 7305, facets final: 9976, pending: 29565, pool: 298
I 1339.94] Elapsed: 22:20, vertices: 7334, facets final: 10118, pending: 29310, pool: 300
I 1345.05] Elapsed: 22:25, vertices: 7364, facets final: 10296, pending: 29070, pool: 299
I 1350.17] Elapsed: 22:30, vertices: 7393, facets final: 10500, pending: 28807, pool: 300
I 1355.23] Elapsed: 22:35, vertices: 7421, facets final: 10694, pending: 28558, pool: 300
I 1360.29] Elapsed: 22:40, vertices: 7448, facets final: 10982, pending: 28231, pool: 299
I 1365.38] Elapsed: 22:45, vertices: 7476, facets final: 11218, pending: 27960, pool: 300
I 1370.38] Elapsed: 22:50, vertices: 7503, facets final: 11433, pending: 27616, pool: 298
I 1375.41] Elapsed: 22:55, vertices: 7531, facets final: 11633, pending: 27376, pool: 300
I 1380.53] Elapsed: 23:01, vertices: 7559, facets final: 11890, pending: 27063, pool: 300
I 1385.59] Elapsed: 23:06, vertices: 7586, facets final: 12176, pending: 26670, pool: 299
I 1390.59] Elapsed: 23:11, vertices: 7613, facets final: 12392, pending: 26402, pool: 298
I 1395.71] Elapsed: 23:16, vertices: 7641, facets final: 12640, pending: 26106, pool: 300
I 1400.78] Elapsed: 23:21, vertices: 7669, facets final: 12866, pending: 25829, pool: 300
I 1405.88] Elapsed: 23:26, vertices: 7697, facets final: 13096, pending: 25518, pool: 299
I 1410.99] Elapsed: 23:31, vertices: 7724, facets final: 13381, pending: 25176, pool: 300
I 1415.99] Elapsed: 23:36, vertices: 7751, facets final: 13643, pending: 24885, pool: 298
I 1421.05] Elapsed: 23:41, vertices: 7778, facets final: 13940, pending: 24542, pool: 299
I 1426.11] Elapsed: 23:46, vertices: 7805, facets final: 14194, pending: 24241, pool: 300
I 1431.24] Elapsed: 23:51, vertices: 7833, facets final: 14419, pending: 23969, pool: 300
I 1436.27] Elapsed: 23:56, vertices: 7860, facets final: 14693, pending: 23608, pool: 300
I 1441.27] Elapsed: 24:01, vertices: 7886, facets final: 15026, pending: 23214, pool: 298
I 1446.28] Elapsed: 24:06, vertices: 7911, facets final: 15380, pending: 22785, pool: 299
I 1451.43] Elapsed: 24:11, vertices: 7937, facets final: 15767, pending: 22353, pool: 299
I 1456.58] Elapsed: 24:17, vertices: 7963, facets final: 16151, pending: 21927, pool: 299
I 1461.73] Elapsed: 24:22, vertices: 7989, facets final: 16534, pending: 21478, pool: 300
I 1466.84] Elapsed: 24:27, vertices: 8014, facets final: 16934, pending: 21035, pool: 299
I 1471.84] Elapsed: 24:32, vertices: 8037, facets final: 17452, pending: 20488, pool: 298
I 1476.99] Elapsed: 24:37, vertices: 8062, facets final: 17880, pending: 20023, pool: 300
I 1482.09] Elapsed: 24:42, vertices: 8087, facets final: 18315, pending: 19520, pool: 299
I 1487.09] Elapsed: 24:47, vertices: 8111, facets final: 18726, pending: 19095, pool: 298
I 1492.14] Elapsed: 24:52, vertices: 8136, facets final: 19145, pending: 18650, pool: 300
I 1497.15] Elapsed: 24:57, vertices: 8161, facets final: 19550, pending: 18202, pool: 298
I 1502.15] Elapsed: 25:02, vertices: 8186, facets final: 19932, pending: 17809, pool: 299
I 1507.18] Elapsed: 25:07, vertices: 8209, facets final: 20440, pending: 17254, pool: 299
I 1512.31] Elapsed: 25:12, vertices: 8231, facets final: 21066, pending: 16569, pool: 299
I 1517.32] Elapsed: 25:17, vertices: 8254, facets final: 21602, pending: 15981, pool: 299
I 1522.36] Elapsed: 25:22, vertices: 8278, facets final: 22085, pending: 15469, pool: 296
I 1527.36] Elapsed: 25:27, vertices: 8299, facets final: 22742, pending: 14775, pool: 298
I 1532.36] Elapsed: 25:32, vertices: 8322, facets final: 23227, pending: 14252, pool: 300
I 1537.39] Elapsed: 25:37, vertices: 8345, facets final: 23775, pending: 13661, pool: 297
I 1542.50] Elapsed: 25:43, vertices: 8368, facets final: 24332, pending: 13059, pool: 298
I 1547.59] Elapsed: 25:48, vertices: 8390, facets final: 24959, pending: 12396, pool: 295
I 1552.66] Elapsed: 25:53, vertices: 8408, facets final: 25828, pending: 11501, pool: 296
I 1557.77] Elapsed: 25:58, vertices: 8429, facets final: 26542, pending: 10761, pool: 292
I 1562.77] Elapsed: 26:03, vertices: 8448, facets final: 27366, pending: 9908, pool: 292
I 1567.87] Elapsed: 26:08, vertices: 8468, facets final: 28151, pending: 9096, pool: 293
I 1572.93] Elapsed: 26:13, vertices: 8487, facets final: 29002, pending: 8232, pool: 291
I 1578.07] Elapsed: 26:18, vertices: 8507, facets final: 29782, pending: 7431, pool: 290
I 1583.08] Elapsed: 26:23, vertices: 8525, facets final: 30682, pending: 6493, pool: 285
I 1588.17] Elapsed: 26:28, vertices: 8545, facets final: 31487, pending: 5656, pool: 286
I 1593.17] Elapsed: 26:33, vertices: 8565, facets final: 32294, pending: 4828, pool: 278
I 1598.20] Elapsed: 26:38, vertices: 8585, facets final: 33130, pending: 3972, pool: 274
I 1603.20] Elapsed: 26:43, vertices: 8606, facets final: 33865, pending: 3246, pool: 271
I 1608.20] Elapsed: 26:48, vertices: 8630, facets final: 34496, pending: 2614, pool: 261
I 1613.31] Elapsed: 26:53, vertices: 8656, facets final: 35119, pending: 1965, pool: 248
I 1618.40] Elapsed: 26:58, vertices: 8686, facets final: 35618, pending: 1442, pool: 224
I 1623.49] Elapsed: 27:03, vertices: 8721, facets final: 35929, pending: 1098, pool: 211
I 1628.51] Elapsed: 27:09, vertices: 8760, facets final: 36182, pending: 824, pool: 188
I 1633.51] Elapsed: 27:14, vertices: 8805, facets final: 36400, pending: 569, pool: 153
I 1638.53] Elapsed: 27:19, vertices: 8862, facets final: 36610, pending: 330, pool: 107
I 1643.53] Elapsed: 27:24, vertices: 8951, facets final: 36795, pending: 105, pool: 38
I 1645.10] Elapsed: 27:25, vertices: 9004, facets final: 36891, pending: 0

--------------------------------
Problem completed
 name                    13.vlp
 output                  vlp/13.res
 rows, cols, objs        14, 3704, 10
 vertices, facets        9004, 36891
 total time              27:25
--------------------------------
Statistics
LP:
 oracle calls            46996
   avg iterations/calls  5.11
 total oracle time       1:53
Combinatorics:
 vertices added          9004
 facets probed           110793
 facets # max            53046
 memory allocated        142.96M
 storage expansion
   vertices # / upto     71 / 9084
   facets   # / upto     13 / 53244
 facet manipulating
   added avg / max       58.14 / 695.00
   compressed            401
 number of ridge tests
   avg / max             2.11M / 23.00M
--------------------------------
Parameters with non-default values
 VertexPoolSize = 300
 PolytopeEps = 8e-09
