C copy string: r=c:ab;a,b,cr,d;a,b,c,dr; ineq: base20.txt
I    5.01] Elapsed: 5.01, vertices: 214, facets final: 62, pending: 12574, pool: 272
I   10.04] Elapsed: 10.04, vertices: 298, facets final: 106, pending: 17411, pool: 300
I   15.04] Elapsed: 15.04, vertices: 364, facets final: 127, pending: 21964, pool: 300
I   20.11] Elapsed: 20.11, vertices: 419, facets final: 148, pending: 25257, pool: 300
I   25.13] Elapsed: 25.13, vertices: 466, facets final: 167, pending: 28295, pool: 300
I   30.15] Elapsed: 30.15, vertices: 510, facets final: 184, pending: 30514, pool: 298
I   35.22] Elapsed: 35.22, vertices: 550, facets final: 198, pending: 32994, pool: 300
I   40.22] Elapsed: 40.22, vertices: 586, facets final: 215, pending: 35682, pool: 299
I   45.28] Elapsed: 45.28, vertices: 619, facets final: 226, pending: 38186, pool: 300
I   50.40] Elapsed: 50.40, vertices: 650, facets final: 231, pending: 39990, pool: 300
I   55.47] Elapsed: 55.47, vertices: 679, facets final: 244, pending: 42171, pool: 300
I   60.57] Elapsed: 1:01, vertices: 707, facets final: 250, pending: 44621, pool: 300
I   65.65] Elapsed: 1:06, vertices: 732, facets final: 258, pending: 46612, pool: 300
I   70.76] Elapsed: 1:11, vertices: 757, facets final: 268, pending: 48483, pool: 300
I   75.84] Elapsed: 1:16, vertices: 781, facets final: 280, pending: 50001, pool: 300
I   81.06] Elapsed: 1:21, vertices: 804, facets final: 284, pending: 51279, pool: 300
I   86.07] Elapsed: 1:26, vertices: 825, facets final: 291, pending: 52438, pool: 300
I   91.32] Elapsed: 1:31, vertices: 847, facets final: 294, pending: 53781, pool: 300
I   96.53] Elapsed: 1:37, vertices: 868, facets final: 305, pending: 55028, pool: 300
I  101.74] Elapsed: 1:42, vertices: 888, facets final: 316, pending: 55897, pool: 300
I  106.93] Elapsed: 1:47, vertices: 910, facets final: 323, pending: 57346, pool: 300
I  111.93] Elapsed: 1:52, vertices: 929, facets final: 333, pending: 58481, pool: 300
I  116.95] Elapsed: 1:57, vertices: 948, facets final: 340, pending: 60012, pool: 300
I  122.25] Elapsed: 2:02, vertices: 968, facets final: 349, pending: 61305, pool: 300
I  127.71] Elapsed: 2:08, vertices: 987, facets final: 355, pending: 62761, pool: 300
I  132.92] Elapsed: 2:13, vertices: 1004, facets final: 367, pending: 63953, pool: 300
I  138.09] Elapsed: 2:18, vertices: 1021, facets final: 372, pending: 64873, pool: 300
I  143.31] Elapsed: 2:23, vertices: 1036, facets final: 377, pending: 65356, pool: 300
I  148.45] Elapsed: 2:28, vertices: 1053, facets final: 383, pending: 66346, pool: 300
I  153.70] Elapsed: 2:34, vertices: 1069, facets final: 393, pending: 67447, pool: 300
I  158.72] Elapsed: 2:39, vertices: 1081, facets final: 400, pending: 68050, pool: 300
I  163.80] Elapsed: 2:44, vertices: 1095, facets final: 405, pending: 68394, pool: 300
I  169.03] Elapsed: 2:49, vertices: 1109, facets final: 415, pending: 68978, pool: 300
I  174.08] Elapsed: 2:54, vertices: 1125, facets final: 424, pending: 69642, pool: 299
I  179.10] Elapsed: 2:59, vertices: 1138, facets final: 429, pending: 70562, pool: 300
I  184.21] Elapsed: 3:04, vertices: 1152, facets final: 433, pending: 71273, pool: 300
I  189.36] Elapsed: 3:09, vertices: 1167, facets final: 439, pending: 71968, pool: 300
I  194.54] Elapsed: 3:15, vertices: 1183, facets final: 452, pending: 72767, pool: 300
I  199.62] Elapsed: 3:20, vertices: 1198, facets final: 460, pending: 73839, pool: 300
I  204.79] Elapsed: 3:25, vertices: 1212, facets final: 474, pending: 74105, pool: 300
I  210.40] Elapsed: 3:30, vertices: 1227, facets final: 479, pending: 74810, pool: 300
I  215.50] Elapsed: 3:36, vertices: 1241, facets final: 487, pending: 75508, pool: 300
I  220.79] Elapsed: 3:41, vertices: 1256, facets final: 502, pending: 76010, pool: 300
I  225.89] Elapsed: 3:46, vertices: 1269, facets final: 508, pending: 76695, pool: 300
I  231.19] Elapsed: 3:51, vertices: 1283, facets final: 514, pending: 77209, pool: 300
I  236.41] Elapsed: 3:56, vertices: 1296, facets final: 518, pending: 77587, pool: 300
I  241.43] Elapsed: 4:01, vertices: 1307, facets final: 535, pending: 77800, pool: 300
I  246.61] Elapsed: 4:07, vertices: 1320, facets final: 545, pending: 78389, pool: 300
I  251.84] Elapsed: 4:12, vertices: 1333, facets final: 549, pending: 78586, pool: 300
I  257.03] Elapsed: 4:17, vertices: 1347, facets final: 560, pending: 79170, pool: 300
I  262.48] Elapsed: 4:22, vertices: 1359, facets final: 573, pending: 79629, pool: 300
I  267.54] Elapsed: 4:28, vertices: 1373, facets final: 579, pending: 80137, pool: 300
I  272.66] Elapsed: 4:33, vertices: 1385, facets final: 586, pending: 80216, pool: 300
I  278.22] Elapsed: 4:38, vertices: 1399, facets final: 592, pending: 80991, pool: 300
I  283.22] Elapsed: 4:43, vertices: 1411, facets final: 603, pending: 81311, pool: 300
I  288.35] Elapsed: 4:48, vertices: 1423, facets final: 613, pending: 81598, pool: 300
I  293.43] Elapsed: 4:53, vertices: 1436, facets final: 627, pending: 82181, pool: 300
I  298.59] Elapsed: 4:59, vertices: 1450, facets final: 640, pending: 82375, pool: 299
I  303.82] Elapsed: 5:04, vertices: 1463, facets final: 647, pending: 82806, pool: 300
I  309.11] Elapsed: 5:09, vertices: 1477, facets final: 652, pending: 83467, pool: 300
I  314.28] Elapsed: 5:14, vertices: 1490, facets final: 659, pending: 83680, pool: 300
I  319.39] Elapsed: 5:19, vertices: 1504, facets final: 663, pending: 84419, pool: 300
I  324.69] Elapsed: 5:25, vertices: 1518, facets final: 678, pending: 84749, pool: 300
I  329.79] Elapsed: 5:30, vertices: 1530, facets final: 689, pending: 85337, pool: 300
I  334.91] Elapsed: 5:35, vertices: 1542, facets final: 699, pending: 85761, pool: 300
I  340.19] Elapsed: 5:40, vertices: 1556, facets final: 711, pending: 86108, pool: 300
I  345.28] Elapsed: 5:45, vertices: 1568, facets final: 713, pending: 86383, pool: 300
I  350.56] Elapsed: 5:51, vertices: 1581, facets final: 718, pending: 87004, pool: 300
I  355.79] Elapsed: 5:56, vertices: 1595, facets final: 725, pending: 87680, pool: 300
I  361.14] Elapsed: 6:01, vertices: 1607, facets final: 732, pending: 87813, pool: 300
I  366.72] Elapsed: 6:07, vertices: 1620, facets final: 734, pending: 88185, pool: 300
I  371.88] Elapsed: 6:12, vertices: 1633, facets final: 740, pending: 88477, pool: 298
I  376.94] Elapsed: 6:17, vertices: 1646, facets final: 749, pending: 88884, pool: 300
I  382.24] Elapsed: 6:22, vertices: 1659, facets final: 768, pending: 89085, pool: 300
I  387.45] Elapsed: 6:27, vertices: 1671, facets final: 782, pending: 89322, pool: 300
I  392.68] Elapsed: 6:33, vertices: 1683, facets final: 787, pending: 89481, pool: 299
I  398.31] Elapsed: 6:38, vertices: 1695, facets final: 791, pending: 89871, pool: 300
I  403.56] Elapsed: 6:44, vertices: 1707, facets final: 800, pending: 90045, pool: 300
I  408.76] Elapsed: 6:49, vertices: 1719, facets final: 808, pending: 90145, pool: 300
I  413.99] Elapsed: 6:54, vertices: 1731, facets final: 815, pending: 90231, pool: 300
I  419.10] Elapsed: 6:59, vertices: 1743, facets final: 832, pending: 90888, pool: 300
I  424.55] Elapsed: 7:05, vertices: 1756, facets final: 848, pending: 91144, pool: 300
I  429.79] Elapsed: 7:10, vertices: 1768, facets final: 864, pending: 91490, pool: 300
I  435.14] Elapsed: 7:15, vertices: 1780, facets final: 878, pending: 91685, pool: 300
I  440.52] Elapsed: 7:21, vertices: 1790, facets final: 884, pending: 91691, pool: 300
I  445.88] Elapsed: 7:26, vertices: 1803, facets final: 886, pending: 92159, pool: 300
I  451.44] Elapsed: 7:31, vertices: 1816, facets final: 899, pending: 92508, pool: 300
I  456.83] Elapsed: 7:37, vertices: 1828, facets final: 904, pending: 92985, pool: 300
I  462.28] Elapsed: 7:42, vertices: 1840, facets final: 914, pending: 93316, pool: 300
I  467.29] Elapsed: 7:47, vertices: 1852, facets final: 931, pending: 93458, pool: 298
I  472.46] Elapsed: 7:52, vertices: 1863, facets final: 940, pending: 93546, pool: 300
I  477.62] Elapsed: 7:58, vertices: 1874, facets final: 943, pending: 93900, pool: 300
I  483.00] Elapsed: 8:03, vertices: 1886, facets final: 951, pending: 93948, pool: 300
I  488.44] Elapsed: 8:08, vertices: 1897, facets final: 974, pending: 94343, pool: 299
I  494.02] Elapsed: 8:14, vertices: 1910, facets final: 990, pending: 94633, pool: 300
I  499.08] Elapsed: 8:19, vertices: 1921, facets final: 999, pending: 94938, pool: 300
I  504.09] Elapsed: 8:24, vertices: 1932, facets final: 1011, pending: 95102, pool: 300
I  509.55] Elapsed: 8:30, vertices: 1943, facets final: 1030, pending: 95292, pool: 300
I  514.74] Elapsed: 8:35, vertices: 1954, facets final: 1046, pending: 95187, pool: 300
I  519.76] Elapsed: 8:40, vertices: 1966, facets final: 1063, pending: 95155, pool: 299
I  524.85] Elapsed: 8:45, vertices: 1978, facets final: 1088, pending: 95395, pool: 299
I  529.90] Elapsed: 8:50, vertices: 1989, facets final: 1113, pending: 95466, pool: 300
I  534.91] Elapsed: 8:55, vertices: 2000, facets final: 1125, pending: 95494, pool: 300
I  540.21] Elapsed: 9:00, vertices: 2012, facets final: 1132, pending: 95798, pool: 300
I  545.63] Elapsed: 9:06, vertices: 2025, facets final: 1144, pending: 96278, pool: 300
I  550.68] Elapsed: 9:11, vertices: 2035, facets final: 1164, pending: 96450, pool: 300
I  555.88] Elapsed: 9:16, vertices: 2046, facets final: 1181, pending: 96676, pool: 300
I  561.10] Elapsed: 9:21, vertices: 2057, facets final: 1189, pending: 96917, pool: 299
I  566.21] Elapsed: 9:26, vertices: 2068, facets final: 1201, pending: 97236, pool: 300
I  571.38] Elapsed: 9:31, vertices: 2079, facets final: 1215, pending: 97420, pool: 300
I  576.54] Elapsed: 9:37, vertices: 2089, facets final: 1232, pending: 97460, pool: 300
I  581.72] Elapsed: 9:42, vertices: 2100, facets final: 1245, pending: 97714, pool: 298
I  586.84] Elapsed: 9:47, vertices: 2109, facets final: 1261, pending: 97682, pool: 300
I  592.28] Elapsed: 9:52, vertices: 2120, facets final: 1269, pending: 97775, pool: 300
I  597.28] Elapsed: 9:57, vertices: 2131, facets final: 1276, pending: 97848, pool: 300
I  602.73] Elapsed: 10:03, vertices: 2142, facets final: 1280, pending: 98013, pool: 300
I  607.73] Elapsed: 10:08, vertices: 2152, facets final: 1292, pending: 98304, pool: 300
I  613.28] Elapsed: 10:13, vertices: 2164, facets final: 1303, pending: 98300, pool: 300
I  618.43] Elapsed: 10:18, vertices: 2174, facets final: 1326, pending: 98096, pool: 300
I  623.68] Elapsed: 10:24, vertices: 2185, facets final: 1345, pending: 98183, pool: 300
I  629.12] Elapsed: 10:29, vertices: 2197, facets final: 1363, pending: 98473, pool: 300
I  634.37] Elapsed: 10:34, vertices: 2208, facets final: 1369, pending: 98676, pool: 300
I  639.43] Elapsed: 10:39, vertices: 2220, facets final: 1382, pending: 98879, pool: 299
I  644.45] Elapsed: 10:44, vertices: 2231, facets final: 1391, pending: 99257, pool: 299
I  650.09] Elapsed: 10:50, vertices: 2243, facets final: 1403, pending: 99433, pool: 300
I  655.43] Elapsed: 10:55, vertices: 2255, facets final: 1421, pending: 99761, pool: 300
I  660.80] Elapsed: 11:01, vertices: 2266, facets final: 1433, pending: 99936, pool: 300
I  666.18] Elapsed: 11:06, vertices: 2277, facets final: 1447, pending: 100209, pool: 300
I  671.63] Elapsed: 11:12, vertices: 2288, facets final: 1464, pending: 100833, pool: 300
I  676.75] Elapsed: 11:17, vertices: 2297, facets final: 1491, pending: 100853, pool: 300
I  681.86] Elapsed: 11:22, vertices: 2306, facets final: 1502, pending: 101039, pool: 300
I  686.93] Elapsed: 11:27, vertices: 2317, facets final: 1507, pending: 101227, pool: 300
I  692.27] Elapsed: 11:32, vertices: 2329, facets final: 1520, pending: 101225, pool: 300
I  697.40] Elapsed: 11:37, vertices: 2340, facets final: 1531, pending: 101340, pool: 300
I  702.70] Elapsed: 11:43, vertices: 2350, facets final: 1541, pending: 101516, pool: 300
I  707.92] Elapsed: 11:48, vertices: 2362, facets final: 1553, pending: 101648, pool: 300
I  713.11] Elapsed: 11:53, vertices: 2373, facets final: 1560, pending: 101647, pool: 300
I  718.33] Elapsed: 11:58, vertices: 2384, facets final: 1570, pending: 101698, pool: 299
I  723.37] Elapsed: 12:03, vertices: 2395, facets final: 1580, pending: 101801, pool: 299
I  728.50] Elapsed: 12:09, vertices: 2406, facets final: 1609, pending: 102053, pool: 299
I  733.67] Elapsed: 12:14, vertices: 2417, facets final: 1622, pending: 102226, pool: 300
I  739.00] Elapsed: 12:19, vertices: 2427, facets final: 1627, pending: 102384, pool: 300
I  744.20] Elapsed: 12:24, vertices: 2439, facets final: 1639, pending: 102516, pool: 299
I  749.32] Elapsed: 12:29, vertices: 2449, facets final: 1645, pending: 102929, pool: 300
I  754.72] Elapsed: 12:35, vertices: 2460, facets final: 1662, pending: 103012, pool: 300
I  760.11] Elapsed: 12:40, vertices: 2472, facets final: 1677, pending: 103055, pool: 300
I  765.26] Elapsed: 12:45, vertices: 2482, facets final: 1697, pending: 103194, pool: 300
I  770.62] Elapsed: 12:51, vertices: 2493, facets final: 1720, pending: 103394, pool: 300
I  776.09] Elapsed: 12:56, vertices: 2503, facets final: 1738, pending: 103423, pool: 300
I  781.24] Elapsed: 13:01, vertices: 2512, facets final: 1756, pending: 103399, pool: 300
I  786.52] Elapsed: 13:07, vertices: 2522, facets final: 1772, pending: 103639, pool: 300
I  791.69] Elapsed: 13:12, vertices: 2532, facets final: 1787, pending: 103633, pool: 300
I  796.89] Elapsed: 13:17, vertices: 2543, facets final: 1795, pending: 103689, pool: 299
I  801.98] Elapsed: 13:22, vertices: 2553, facets final: 1804, pending: 103827, pool: 300
I  807.43] Elapsed: 13:27, vertices: 2564, facets final: 1819, pending: 103885, pool: 300
I  812.52] Elapsed: 13:33, vertices: 2573, facets final: 1831, pending: 104017, pool: 300
I  817.93] Elapsed: 13:38, vertices: 2584, facets final: 1844, pending: 104148, pool: 300
I  823.30] Elapsed: 13:43, vertices: 2595, facets final: 1852, pending: 104328, pool: 300
I  828.32] Elapsed: 13:48, vertices: 2605, facets final: 1868, pending: 104479, pool: 300
I  833.63] Elapsed: 13:54, vertices: 2617, facets final: 1894, pending: 104630, pool: 300
I  838.65] Elapsed: 13:59, vertices: 2627, facets final: 1907, pending: 104576, pool: 299
I  844.05] Elapsed: 14:04, vertices: 2638, facets final: 1917, pending: 104720, pool: 300
I  849.09] Elapsed: 14:09, vertices: 2648, facets final: 1933, pending: 104870, pool: 300
I  854.17] Elapsed: 14:14, vertices: 2658, facets final: 1942, pending: 105055, pool: 300
I  859.23] Elapsed: 14:19, vertices: 2668, facets final: 1962, pending: 105034, pool: 300
I  864.37] Elapsed: 14:24, vertices: 2679, facets final: 1977, pending: 104989, pool: 300
I  869.54] Elapsed: 14:30, vertices: 2689, facets final: 1994, pending: 105228, pool: 300
I  874.58] Elapsed: 14:35, vertices: 2700, facets final: 2009, pending: 105219, pool: 300
I  880.07] Elapsed: 14:40, vertices: 2710, facets final: 2022, pending: 105216, pool: 300
I  885.31] Elapsed: 14:45, vertices: 2720, facets final: 2036, pending: 105271, pool: 300
I  890.64] Elapsed: 14:51, vertices: 2731, facets final: 2052, pending: 105380, pool: 300
I  895.91] Elapsed: 14:56, vertices: 2741, facets final: 2064, pending: 105627, pool: 300
I  901.26] Elapsed: 15:01, vertices: 2751, facets final: 2077, pending: 105543, pool: 300
I  906.68] Elapsed: 15:07, vertices: 2762, facets final: 2107, pending: 105393, pool: 300
I  912.00] Elapsed: 15:12, vertices: 2773, facets final: 2122, pending: 105487, pool: 300
I  917.30] Elapsed: 15:17, vertices: 2784, facets final: 2141, pending: 105548, pool: 300
I  922.51] Elapsed: 15:23, vertices: 2795, facets final: 2162, pending: 105624, pool: 300
I  927.79] Elapsed: 15:28, vertices: 2803, facets final: 2173, pending: 105525, pool: 300
I  932.86] Elapsed: 15:33, vertices: 2813, facets final: 2186, pending: 105532, pool: 300
I  938.19] Elapsed: 15:38, vertices: 2825, facets final: 2210, pending: 105585, pool: 300
I  943.41] Elapsed: 15:43, vertices: 2836, facets final: 2236, pending: 105749, pool: 300
I  948.55] Elapsed: 15:49, vertices: 2846, facets final: 2258, pending: 105783, pool: 300
I  953.93] Elapsed: 15:54, vertices: 2857, facets final: 2285, pending: 105699, pool: 299
I  959.19] Elapsed: 15:59, vertices: 2869, facets final: 2309, pending: 106018, pool: 300
I  964.45] Elapsed: 16:04, vertices: 2880, facets final: 2325, pending: 106267, pool: 300
I  969.81] Elapsed: 16:10, vertices: 2891, facets final: 2351, pending: 106316, pool: 299
I  975.04] Elapsed: 16:15, vertices: 2902, facets final: 2370, pending: 106374, pool: 300
I  980.41] Elapsed: 16:20, vertices: 2914, facets final: 2394, pending: 106550, pool: 299
I  985.82] Elapsed: 16:26, vertices: 2926, facets final: 2432, pending: 106502, pool: 300
I  990.86] Elapsed: 16:31, vertices: 2937, facets final: 2448, pending: 106463, pool: 299
I  995.88] Elapsed: 16:36, vertices: 2948, facets final: 2462, pending: 106601, pool: 300
I 1001.03] Elapsed: 16:41, vertices: 2959, facets final: 2483, pending: 106702, pool: 300
I 1006.37] Elapsed: 16:46, vertices: 2971, facets final: 2501, pending: 106661, pool: 300
I 1011.81] Elapsed: 16:52, vertices: 2983, facets final: 2533, pending: 106627, pool: 300
I 1016.81] Elapsed: 16:57, vertices: 2994, facets final: 2556, pending: 106457, pool: 300
I 1021.99] Elapsed: 17:02, vertices: 3005, facets final: 2582, pending: 106472, pool: 300
I 1026.99] Elapsed: 17:07, vertices: 3015, facets final: 2612, pending: 106601, pool: 300
I 1032.25] Elapsed: 17:12, vertices: 3026, facets final: 2636, pending: 106560, pool: 300
I 1037.48] Elapsed: 17:17, vertices: 3038, facets final: 2677, pending: 106524, pool: 300
I 1042.74] Elapsed: 17:23, vertices: 3049, facets final: 2698, pending: 106555, pool: 300
I 1048.16] Elapsed: 17:28, vertices: 3060, facets final: 2725, pending: 106466, pool: 300
I 1053.21] Elapsed: 17:33, vertices: 3071, facets final: 2753, pending: 106522, pool: 300
I 1058.66] Elapsed: 17:39, vertices: 3083, facets final: 2780, pending: 106548, pool: 300
I 1063.97] Elapsed: 17:44, vertices: 3094, facets final: 2806, pending: 106585, pool: 300
I 1069.16] Elapsed: 17:49, vertices: 3104, facets final: 2840, pending: 106455, pool: 300
I 1074.60] Elapsed: 17:55, vertices: 3116, facets final: 2854, pending: 106451, pool: 300
I 1080.10] Elapsed: 18:00, vertices: 3127, facets final: 2894, pending: 106492, pool: 300
I 1085.43] Elapsed: 18:05, vertices: 3138, facets final: 2907, pending: 106566, pool: 300
I 1090.68] Elapsed: 18:11, vertices: 3149, facets final: 2941, pending: 106505, pool: 300
I 1095.73] Elapsed: 18:16, vertices: 3161, facets final: 2972, pending: 106701, pool: 300
I 1100.83] Elapsed: 18:21, vertices: 3172, facets final: 3002, pending: 106811, pool: 300
I 1105.91] Elapsed: 18:26, vertices: 3184, facets final: 3018, pending: 106765, pool: 300
I 1110.95] Elapsed: 18:31, vertices: 3194, facets final: 3045, pending: 106811, pool: 300
I 1115.98] Elapsed: 18:36, vertices: 3204, facets final: 3067, pending: 106848, pool: 300
I 1121.28] Elapsed: 18:41, vertices: 3215, facets final: 3091, pending: 106815, pool: 300
I 1126.54] Elapsed: 18:47, vertices: 3225, facets final: 3118, pending: 106788, pool: 300
I 1131.65] Elapsed: 18:52, vertices: 3237, facets final: 3163, pending: 106872, pool: 299
I 1136.66] Elapsed: 18:57, vertices: 3247, facets final: 3204, pending: 106917, pool: 300
I 1141.67] Elapsed: 19:02, vertices: 3256, facets final: 3228, pending: 106814, pool: 300
I 1146.88] Elapsed: 19:07, vertices: 3268, facets final: 3251, pending: 106862, pool: 300
I 1152.23] Elapsed: 19:12, vertices: 3279, facets final: 3291, pending: 106981, pool: 300
I 1157.63] Elapsed: 19:18, vertices: 3291, facets final: 3308, pending: 107115, pool: 300
I 1163.14] Elapsed: 19:23, vertices: 3302, facets final: 3360, pending: 107128, pool: 300
I 1168.24] Elapsed: 19:28, vertices: 3313, facets final: 3381, pending: 107199, pool: 300
I 1173.48] Elapsed: 19:33, vertices: 3324, facets final: 3401, pending: 107047, pool: 300
I 1178.71] Elapsed: 19:39, vertices: 3335, facets final: 3444, pending: 106992, pool: 300
I 1184.03] Elapsed: 19:44, vertices: 3346, facets final: 3479, pending: 106946, pool: 300
I 1189.35] Elapsed: 19:49, vertices: 3357, facets final: 3508, pending: 106931, pool: 300
I 1194.92] Elapsed: 19:55, vertices: 3369, facets final: 3547, pending: 107086, pool: 300
I 1200.04] Elapsed: 20:00, vertices: 3380, facets final: 3576, pending: 107152, pool: 300
I 1205.28] Elapsed: 20:05, vertices: 3391, facets final: 3594, pending: 107070, pool: 300
I 1210.72] Elapsed: 20:11, vertices: 3402, facets final: 3630, pending: 107137, pool: 300
I 1215.76] Elapsed: 20:16, vertices: 3413, facets final: 3670, pending: 107205, pool: 299
I 1220.96] Elapsed: 20:21, vertices: 3423, facets final: 3712, pending: 107096, pool: 300
I 1226.30] Elapsed: 20:26, vertices: 3434, facets final: 3735, pending: 107062, pool: 300
I 1231.46] Elapsed: 20:31, vertices: 3445, facets final: 3767, pending: 107068, pool: 300
I 1236.68] Elapsed: 20:37, vertices: 3456, facets final: 3815, pending: 107008, pool: 299
I 1241.70] Elapsed: 20:42, vertices: 3466, facets final: 3848, pending: 107006, pool: 300
I 1246.78] Elapsed: 20:47, vertices: 3476, facets final: 3878, pending: 107185, pool: 300
I 1252.29] Elapsed: 20:52, vertices: 3488, facets final: 3917, pending: 107190, pool: 300
I 1257.62] Elapsed: 20:58, vertices: 3499, facets final: 3941, pending: 107190, pool: 299
I 1262.83] Elapsed: 21:03, vertices: 3508, facets final: 3971, pending: 106992, pool: 299
I 1268.55] Elapsed: 21:09, vertices: 3519, facets final: 4010, pending: 106832, pool: 300
I 1273.62] Elapsed: 21:14, vertices: 3529, facets final: 4044, pending: 106846, pool: 300
I 1278.63] Elapsed: 21:19, vertices: 3539, facets final: 4074, pending: 106769, pool: 300
I 1283.70] Elapsed: 21:24, vertices: 3550, facets final: 4105, pending: 106696, pool: 300
I 1288.72] Elapsed: 21:29, vertices: 3561, facets final: 4137, pending: 106738, pool: 300
I 1294.14] Elapsed: 21:34, vertices: 3572, facets final: 4179, pending: 106697, pool: 300
I 1299.38] Elapsed: 21:39, vertices: 3583, facets final: 4213, pending: 106989, pool: 300
I 1304.50] Elapsed: 21:45, vertices: 3594, facets final: 4247, pending: 107013, pool: 300
I 1309.82] Elapsed: 21:50, vertices: 3605, facets final: 4291, pending: 107104, pool: 300
I 1315.05] Elapsed: 21:55, vertices: 3616, facets final: 4327, pending: 107009, pool: 299
I 1320.25] Elapsed: 22:00, vertices: 3628, facets final: 4369, pending: 107000, pool: 300
I 1325.45] Elapsed: 22:05, vertices: 3639, facets final: 4412, pending: 106944, pool: 300
I 1330.51] Elapsed: 22:11, vertices: 3650, facets final: 4474, pending: 106996, pool: 300
I 1335.67] Elapsed: 22:16, vertices: 3662, facets final: 4495, pending: 106940, pool: 300
I 1341.08] Elapsed: 22:21, vertices: 3673, facets final: 4527, pending: 106999, pool: 300
I 1346.98] Elapsed: 22:27, vertices: 3684, facets final: 4577, pending: 106973, pool: 300
I 1352.46] Elapsed: 22:32, vertices: 3695, facets final: 4602, pending: 106888, pool: 300
I 1357.79] Elapsed: 22:38, vertices: 3705, facets final: 4630, pending: 106786, pool: 300
I 1363.11] Elapsed: 22:43, vertices: 3716, facets final: 4664, pending: 106752, pool: 300
I 1368.18] Elapsed: 22:48, vertices: 3726, facets final: 4698, pending: 106788, pool: 300
I 1373.33] Elapsed: 22:53, vertices: 3736, facets final: 4729, pending: 106718, pool: 300
I 1378.53] Elapsed: 22:59, vertices: 3747, facets final: 4776, pending: 106678, pool: 300
I 1383.95] Elapsed: 23:04, vertices: 3759, facets final: 4842, pending: 106666, pool: 300
I 1389.01] Elapsed: 23:09, vertices: 3770, facets final: 4884, pending: 106615, pool: 300
I 1394.35] Elapsed: 23:14, vertices: 3782, facets final: 4940, pending: 106687, pool: 300
I 1399.72] Elapsed: 23:20, vertices: 3794, facets final: 4982, pending: 106649, pool: 300
I 1404.72] Elapsed: 23:25, vertices: 3803, facets final: 5022, pending: 106654, pool: 300
I 1409.79] Elapsed: 23:30, vertices: 3814, facets final: 5056, pending: 106566, pool: 300
I 1414.99] Elapsed: 23:35, vertices: 3825, facets final: 5088, pending: 106487, pool: 299
I 1420.12] Elapsed: 23:40, vertices: 3836, facets final: 5118, pending: 106482, pool: 299
I 1425.12] Elapsed: 23:45, vertices: 3847, facets final: 5154, pending: 106396, pool: 300
I 1430.30] Elapsed: 23:50, vertices: 3857, facets final: 5185, pending: 106334, pool: 300
I 1435.40] Elapsed: 23:55, vertices: 3868, facets final: 5228, pending: 106212, pool: 300
I 1440.62] Elapsed: 24:01, vertices: 3879, facets final: 5266, pending: 106124, pool: 300
I 1445.72] Elapsed: 24:06, vertices: 3891, facets final: 5291, pending: 106179, pool: 300
I 1450.80] Elapsed: 24:11, vertices: 3901, facets final: 5327, pending: 106165, pool: 300
I 1455.90] Elapsed: 24:16, vertices: 3912, facets final: 5359, pending: 106290, pool: 300
I 1461.11] Elapsed: 24:21, vertices: 3923, facets final: 5432, pending: 106315, pool: 300
I 1466.15] Elapsed: 24:26, vertices: 3934, facets final: 5458, pending: 106191, pool: 300
I 1471.18] Elapsed: 24:31, vertices: 3945, facets final: 5502, pending: 106194, pool: 300
I 1476.30] Elapsed: 24:36, vertices: 3957, facets final: 5526, pending: 106227, pool: 300
I 1481.57] Elapsed: 24:42, vertices: 3968, facets final: 5574, pending: 106106, pool: 300
I 1487.00] Elapsed: 24:47, vertices: 3978, facets final: 5595, pending: 106001, pool: 300
I 1492.34] Elapsed: 24:52, vertices: 3988, facets final: 5625, pending: 105920, pool: 300
I 1497.74] Elapsed: 24:58, vertices: 3999, facets final: 5702, pending: 105824, pool: 300
I 1502.92] Elapsed: 25:03, vertices: 4010, facets final: 5753, pending: 105754, pool: 300
I 1508.01] Elapsed: 25:08, vertices: 4021, facets final: 5780, pending: 105704, pool: 300
I 1513.07] Elapsed: 25:13, vertices: 4032, facets final: 5840, pending: 105629, pool: 300
I 1518.46] Elapsed: 25:18, vertices: 4044, facets final: 5907, pending: 105621, pool: 300
I 1523.75] Elapsed: 25:24, vertices: 4056, facets final: 5954, pending: 105539, pool: 300
I 1528.80] Elapsed: 25:29, vertices: 4066, facets final: 6011, pending: 105591, pool: 299
I 1534.15] Elapsed: 25:34, vertices: 4077, facets final: 6063, pending: 105512, pool: 300
I 1539.17] Elapsed: 25:39, vertices: 4087, facets final: 6117, pending: 105486, pool: 300
I 1544.51] Elapsed: 25:45, vertices: 4099, facets final: 6138, pending: 105533, pool: 300
I 1549.62] Elapsed: 25:50, vertices: 4110, facets final: 6184, pending: 105545, pool: 300
I 1554.72] Elapsed: 25:55, vertices: 4121, facets final: 6209, pending: 105505, pool: 300
I 1559.86] Elapsed: 26:00, vertices: 4132, facets final: 6268, pending: 105509, pool: 300
I 1564.99] Elapsed: 26:05, vertices: 4142, facets final: 6300, pending: 105472, pool: 300
I 1570.13] Elapsed: 26:10, vertices: 4153, facets final: 6367, pending: 105441, pool: 300
I 1575.24] Elapsed: 26:15, vertices: 4164, facets final: 6386, pending: 105555, pool: 300
I 1580.44] Elapsed: 26:20, vertices: 4175, facets final: 6419, pending: 105477, pool: 300
I 1585.58] Elapsed: 26:26, vertices: 4186, facets final: 6441, pending: 105461, pool: 300
I 1590.80] Elapsed: 26:31, vertices: 4197, facets final: 6494, pending: 105329, pool: 300
I 1596.09] Elapsed: 26:36, vertices: 4208, facets final: 6535, pending: 105212, pool: 300
I 1601.19] Elapsed: 26:41, vertices: 4219, facets final: 6563, pending: 105205, pool: 299
I 1606.24] Elapsed: 26:46, vertices: 4229, facets final: 6593, pending: 105366, pool: 299
I 1611.27] Elapsed: 26:51, vertices: 4240, facets final: 6685, pending: 105244, pool: 300
I 1616.27] Elapsed: 26:56, vertices: 4251, facets final: 6723, pending: 105153, pool: 300
I 1621.36] Elapsed: 27:01, vertices: 4263, facets final: 6796, pending: 105076, pool: 300
I 1626.43] Elapsed: 27:06, vertices: 4274, facets final: 6836, pending: 104981, pool: 300
I 1631.43] Elapsed: 27:11, vertices: 4284, facets final: 6917, pending: 105042, pool: 300
I 1636.87] Elapsed: 27:17, vertices: 4296, facets final: 6970, pending: 104940, pool: 300
I 1642.18] Elapsed: 27:22, vertices: 4307, facets final: 7028, pending: 104939, pool: 300
I 1647.47] Elapsed: 27:27, vertices: 4319, facets final: 7107, pending: 104820, pool: 299
I 1652.85] Elapsed: 27:33, vertices: 4330, facets final: 7193, pending: 104693, pool: 300
I 1657.92] Elapsed: 27:38, vertices: 4340, facets final: 7224, pending: 104637, pool: 300
I 1663.34] Elapsed: 27:43, vertices: 4352, facets final: 7284, pending: 104618, pool: 300
I 1668.37] Elapsed: 27:48, vertices: 4363, facets final: 7345, pending: 104542, pool: 300
I 1673.80] Elapsed: 27:54, vertices: 4374, facets final: 7424, pending: 104514, pool: 300
I 1678.86] Elapsed: 27:59, vertices: 4385, facets final: 7466, pending: 104408, pool: 300
I 1684.11] Elapsed: 28:04, vertices: 4397, facets final: 7536, pending: 104351, pool: 300
I 1689.82] Elapsed: 28:10, vertices: 4408, facets final: 7603, pending: 104232, pool: 300
I 1695.11] Elapsed: 28:15, vertices: 4420, facets final: 7647, pending: 104156, pool: 298
I 1700.27] Elapsed: 28:20, vertices: 4431, facets final: 7701, pending: 104009, pool: 300
I 1705.39] Elapsed: 28:25, vertices: 4442, facets final: 7761, pending: 104001, pool: 300
I 1710.48] Elapsed: 28:30, vertices: 4452, facets final: 7797, pending: 103963, pool: 300
I 1715.68] Elapsed: 28:36, vertices: 4464, facets final: 7843, pending: 103897, pool: 300
I 1720.84] Elapsed: 28:41, vertices: 4475, facets final: 7891, pending: 103882, pool: 300
I 1726.00] Elapsed: 28:46, vertices: 4486, facets final: 7954, pending: 103796, pool: 300
I 1731.28] Elapsed: 28:51, vertices: 4498, facets final: 8046, pending: 103670, pool: 300
I 1736.40] Elapsed: 28:56, vertices: 4508, facets final: 8118, pending: 103570, pool: 300
I 1741.71] Elapsed: 29:02, vertices: 4519, facets final: 8156, pending: 103513, pool: 300
I 1746.97] Elapsed: 29:07, vertices: 4530, facets final: 8233, pending: 103391, pool: 300
I 1752.13] Elapsed: 29:12, vertices: 4542, facets final: 8286, pending: 103305, pool: 300
I 1757.43] Elapsed: 29:17, vertices: 4553, facets final: 8361, pending: 103292, pool: 300
I 1762.71] Elapsed: 29:23, vertices: 4565, facets final: 8441, pending: 103186, pool: 300
I 1768.13] Elapsed: 29:28, vertices: 4576, facets final: 8476, pending: 103066, pool: 300
I 1773.36] Elapsed: 29:33, vertices: 4588, facets final: 8537, pending: 102972, pool: 300
I 1778.51] Elapsed: 29:39, vertices: 4600, facets final: 8595, pending: 102880, pool: 300
I 1783.82] Elapsed: 29:44, vertices: 4612, facets final: 8659, pending: 102739, pool: 300
I 1789.55] Elapsed: 29:50, vertices: 4624, facets final: 8739, pending: 102603, pool: 300
I 1794.92] Elapsed: 29:55, vertices: 4635, facets final: 8815, pending: 102379, pool: 300
I 1800.19] Elapsed: 30:00, vertices: 4646, facets final: 8890, pending: 102347, pool: 300
I 1805.47] Elapsed: 30:05, vertices: 4658, facets final: 8937, pending: 102464, pool: 300
I 1810.64] Elapsed: 30:11, vertices: 4670, facets final: 9010, pending: 102337, pool: 300
I 1815.99] Elapsed: 30:16, vertices: 4681, facets final: 9124, pending: 102184, pool: 300
I 1821.28] Elapsed: 30:21, vertices: 4693, facets final: 9178, pending: 102090, pool: 299
I 1826.38] Elapsed: 30:26, vertices: 4704, facets final: 9243, pending: 101997, pool: 300
I 1831.48] Elapsed: 30:31, vertices: 4715, facets final: 9295, pending: 102015, pool: 300
I 1836.56] Elapsed: 30:37, vertices: 4726, facets final: 9382, pending: 101984, pool: 300
I 1841.64] Elapsed: 30:42, vertices: 4737, facets final: 9467, pending: 101875, pool: 300
I 1846.84] Elapsed: 30:47, vertices: 4747, facets final: 9552, pending: 101727, pool: 300
I 1851.93] Elapsed: 30:52, vertices: 4758, facets final: 9585, pending: 101707, pool: 299
I 1856.93] Elapsed: 30:57, vertices: 4768, facets final: 9696, pending: 101606, pool: 300
I 1861.96] Elapsed: 31:02, vertices: 4780, facets final: 9758, pending: 101504, pool: 300
I 1867.22] Elapsed: 31:07, vertices: 4792, facets final: 9814, pending: 101431, pool: 300
I 1872.22] Elapsed: 31:12, vertices: 4803, facets final: 9907, pending: 101250, pool: 300
I 1877.47] Elapsed: 31:17, vertices: 4815, facets final: 9983, pending: 101263, pool: 300
I 1882.75] Elapsed: 31:23, vertices: 4827, facets final: 10079, pending: 101125, pool: 300
I 1888.15] Elapsed: 31:28, vertices: 4839, facets final: 10187, pending: 101008, pool: 300
I 1893.53] Elapsed: 31:34, vertices: 4851, facets final: 10249, pending: 100872, pool: 300
I 1898.64] Elapsed: 31:39, vertices: 4863, facets final: 10321, pending: 100694, pool: 300
I 1903.76] Elapsed: 31:44, vertices: 4874, facets final: 10434, pending: 100606, pool: 300
I 1908.99] Elapsed: 31:49, vertices: 4885, facets final: 10565, pending: 100524, pool: 300
I 1914.32] Elapsed: 31:54, vertices: 4896, facets final: 10658, pending: 100457, pool: 300
I 1919.59] Elapsed: 32:00, vertices: 4907, facets final: 10749, pending: 100390, pool: 300
I 1924.62] Elapsed: 32:05, vertices: 4919, facets final: 10849, pending: 100300, pool: 300
I 1929.72] Elapsed: 32:10, vertices: 4930, facets final: 10972, pending: 100159, pool: 300
I 1934.88] Elapsed: 32:15, vertices: 4942, facets final: 11065, pending: 100039, pool: 300
I 1940.12] Elapsed: 32:20, vertices: 4954, facets final: 11168, pending: 99985, pool: 300
I 1945.25] Elapsed: 32:25, vertices: 4966, facets final: 11234, pending: 99966, pool: 300
I 1950.68] Elapsed: 32:31, vertices: 4978, facets final: 11293, pending: 99924, pool: 300
I 1956.06] Elapsed: 32:36, vertices: 4990, facets final: 11373, pending: 99799, pool: 300
I 1961.27] Elapsed: 32:41, vertices: 5001, facets final: 11480, pending: 99632, pool: 300
I 1966.38] Elapsed: 32:46, vertices: 5013, facets final: 11579, pending: 99494, pool: 300
I 1971.61] Elapsed: 32:52, vertices: 5024, facets final: 11671, pending: 99359, pool: 300
I 1976.91] Elapsed: 32:57, vertices: 5036, facets final: 11711, pending: 99380, pool: 300
I 1982.26] Elapsed: 33:02, vertices: 5047, facets final: 11845, pending: 99328, pool: 299
I 1987.56] Elapsed: 33:08, vertices: 5059, facets final: 11957, pending: 99241, pool: 300
I 1992.71] Elapsed: 33:13, vertices: 5071, facets final: 12040, pending: 99208, pool: 300
I 1997.99] Elapsed: 33:18, vertices: 5083, facets final: 12075, pending: 99123, pool: 300
I 2003.11] Elapsed: 33:23, vertices: 5094, facets final: 12177, pending: 99026, pool: 300
I 2008.53] Elapsed: 33:29, vertices: 5106, facets final: 12253, pending: 98944, pool: 300
I 2013.63] Elapsed: 33:34, vertices: 5118, facets final: 12344, pending: 98882, pool: 299
I 2018.73] Elapsed: 33:39, vertices: 5129, facets final: 12406, pending: 98877, pool: 299
I 2023.76] Elapsed: 33:44, vertices: 5140, facets final: 12493, pending: 98704, pool: 300
I 2029.02] Elapsed: 33:49, vertices: 5152, facets final: 12596, pending: 98575, pool: 300
I 2034.15] Elapsed: 33:54, vertices: 5164, facets final: 12642, pending: 98443, pool: 300
I 2039.26] Elapsed: 33:59, vertices: 5176, facets final: 12746, pending: 98347, pool: 300
I 2044.36] Elapsed: 34:04, vertices: 5187, facets final: 12904, pending: 98130, pool: 300
I 2049.58] Elapsed: 34:10, vertices: 5198, facets final: 13045, pending: 98008, pool: 300
I 2054.74] Elapsed: 34:15, vertices: 5210, facets final: 13129, pending: 97916, pool: 300
I 2060.00] Elapsed: 34:20, vertices: 5222, facets final: 13356, pending: 97661, pool: 300
I 2065.17] Elapsed: 34:25, vertices: 5234, facets final: 13517, pending: 97452, pool: 299
I 2070.36] Elapsed: 34:30, vertices: 5246, facets final: 13598, pending: 97371, pool: 300
I 2075.41] Elapsed: 34:35, vertices: 5257, facets final: 13669, pending: 97334, pool: 300
I 2080.52] Elapsed: 34:41, vertices: 5269, facets final: 13742, pending: 97184, pool: 300
I 2085.80] Elapsed: 34:46, vertices: 5281, facets final: 13863, pending: 97058, pool: 300
I 2091.14] Elapsed: 34:51, vertices: 5293, facets final: 14003, pending: 96871, pool: 300
I 2096.38] Elapsed: 34:56, vertices: 5304, facets final: 14114, pending: 96685, pool: 300
I 2101.62] Elapsed: 35:02, vertices: 5316, facets final: 14211, pending: 96540, pool: 300
I 2106.63] Elapsed: 35:07, vertices: 5327, facets final: 14387, pending: 96295, pool: 300
I 2111.99] Elapsed: 35:12, vertices: 5340, facets final: 14520, pending: 96140, pool: 300
I 2117.00] Elapsed: 35:17, vertices: 5351, facets final: 14637, pending: 95948, pool: 300
I 2122.33] Elapsed: 35:22, vertices: 5363, facets final: 14846, pending: 95690, pool: 300
I 2127.49] Elapsed: 35:27, vertices: 5375, facets final: 14950, pending: 95555, pool: 299
I 2132.87] Elapsed: 35:33, vertices: 5386, facets final: 15049, pending: 95322, pool: 300
I 2138.07] Elapsed: 35:38, vertices: 5398, facets final: 15148, pending: 95187, pool: 300
I 2143.17] Elapsed: 35:43, vertices: 5409, facets final: 15383, pending: 94941, pool: 300
I 2148.17] Elapsed: 35:48, vertices: 5421, facets final: 15521, pending: 94694, pool: 300
I 2153.51] Elapsed: 35:54, vertices: 5434, facets final: 15623, pending: 94532, pool: 300
I 2158.62] Elapsed: 35:59, vertices: 5446, facets final: 15748, pending: 94407, pool: 299
I 2163.78] Elapsed: 36:04, vertices: 5458, facets final: 15846, pending: 94259, pool: 299
I 2169.13] Elapsed: 36:09, vertices: 5470, facets final: 16058, pending: 93992, pool: 300
I 2174.38] Elapsed: 36:14, vertices: 5482, facets final: 16245, pending: 93768, pool: 300
I 2179.46] Elapsed: 36:19, vertices: 5494, facets final: 16361, pending: 93609, pool: 300
I 2184.65] Elapsed: 36:25, vertices: 5506, facets final: 16483, pending: 93422, pool: 300
I 2189.65] Elapsed: 36:30, vertices: 5517, facets final: 16655, pending: 93198, pool: 300
I 2194.75] Elapsed: 36:35, vertices: 5529, facets final: 16774, pending: 93028, pool: 300
I 2199.82] Elapsed: 36:40, vertices: 5541, facets final: 16892, pending: 92824, pool: 300
I 2204.85] Elapsed: 36:45, vertices: 5552, facets final: 17115, pending: 92542, pool: 300
I 2209.88] Elapsed: 36:50, vertices: 5564, facets final: 17288, pending: 92346, pool: 300
I 2215.28] Elapsed: 36:55, vertices: 5576, facets final: 17424, pending: 92189, pool: 300
I 2220.28] Elapsed: 37:00, vertices: 5587, facets final: 17618, pending: 92024, pool: 300
I 2225.32] Elapsed: 37:05, vertices: 5599, facets final: 17781, pending: 91901, pool: 299
I 2230.36] Elapsed: 37:10, vertices: 5610, facets final: 17969, pending: 91651, pool: 300
I 2235.52] Elapsed: 37:16, vertices: 5622, facets final: 18141, pending: 91479, pool: 300
I 2240.82] Elapsed: 37:21, vertices: 5634, facets final: 18372, pending: 91253, pool: 300
I 2245.94] Elapsed: 37:26, vertices: 5646, facets final: 18559, pending: 91106, pool: 300
I 2251.00] Elapsed: 37:31, vertices: 5657, facets final: 18821, pending: 90809, pool: 300
I 2256.00] Elapsed: 37:36, vertices: 5668, facets final: 19103, pending: 90479, pool: 300
I 2261.08] Elapsed: 37:41, vertices: 5680, facets final: 19248, pending: 90281, pool: 300
I 2266.18] Elapsed: 37:46, vertices: 5692, facets final: 19399, pending: 90075, pool: 300
I 2271.18] Elapsed: 37:51, vertices: 5703, facets final: 19639, pending: 89826, pool: 299
I 2276.50] Elapsed: 37:57, vertices: 5715, facets final: 19876, pending: 89554, pool: 300
I 2281.51] Elapsed: 38:02, vertices: 5727, facets final: 20100, pending: 89305, pool: 294
I 2286.85] Elapsed: 38:07, vertices: 5739, facets final: 20337, pending: 89053, pool: 300
I 2292.18] Elapsed: 38:12, vertices: 5751, facets final: 20481, pending: 88815, pool: 300
I 2297.23] Elapsed: 38:17, vertices: 5762, facets final: 20677, pending: 88598, pool: 300
I 2302.41] Elapsed: 38:22, vertices: 5775, facets final: 20816, pending: 88417, pool: 300
I 2307.70] Elapsed: 38:28, vertices: 5787, facets final: 21065, pending: 88067, pool: 300
I 2312.96] Elapsed: 38:33, vertices: 5800, facets final: 21289, pending: 87849, pool: 300
I 2318.14] Elapsed: 38:38, vertices: 5812, facets final: 21482, pending: 87579, pool: 300
I 2323.14] Elapsed: 38:43, vertices: 5824, facets final: 21674, pending: 87390, pool: 300
I 2328.28] Elapsed: 38:48, vertices: 5837, facets final: 21840, pending: 87229, pool: 300
I 2333.57] Elapsed: 38:54, vertices: 5850, facets final: 22087, pending: 86961, pool: 300
I 2338.91] Elapsed: 38:59, vertices: 5862, facets final: 22473, pending: 86581, pool: 300
I 2344.23] Elapsed: 39:04, vertices: 5875, facets final: 22732, pending: 86286, pool: 300
I 2349.23] Elapsed: 39:09, vertices: 5887, facets final: 22961, pending: 86002, pool: 299
I 2354.29] Elapsed: 39:14, vertices: 5899, facets final: 23227, pending: 85722, pool: 299
I 2359.57] Elapsed: 39:20, vertices: 5910, facets final: 23667, pending: 85280, pool: 300
I 2364.78] Elapsed: 39:25, vertices: 5921, facets final: 24156, pending: 84805, pool: 299
I 2369.98] Elapsed: 39:30, vertices: 5933, facets final: 24431, pending: 84531, pool: 300
I 2374.98] Elapsed: 39:35, vertices: 5945, facets final: 24650, pending: 84289, pool: 299
I 2379.98] Elapsed: 39:40, vertices: 5957, facets final: 24903, pending: 84013, pool: 299
I 2384.98] Elapsed: 39:45, vertices: 5969, facets final: 25139, pending: 83733, pool: 298
I 2390.16] Elapsed: 39:50, vertices: 5981, facets final: 25441, pending: 83373, pool: 300
I 2395.34] Elapsed: 39:55, vertices: 5993, facets final: 25727, pending: 83075, pool: 300
I 2400.53] Elapsed: 40:01, vertices: 6005, facets final: 25941, pending: 82845, pool: 300
I 2405.54] Elapsed: 40:06, vertices: 6017, facets final: 26169, pending: 82611, pool: 300
I 2410.55] Elapsed: 40:11, vertices: 6029, facets final: 26406, pending: 82317, pool: 300
I 2415.86] Elapsed: 40:16, vertices: 6041, facets final: 26793, pending: 81934, pool: 300
I 2420.86] Elapsed: 40:21, vertices: 6052, facets final: 27071, pending: 81670, pool: 300
I 2425.94] Elapsed: 40:26, vertices: 6064, facets final: 27347, pending: 81370, pool: 300
I 2431.30] Elapsed: 40:31, vertices: 6076, facets final: 27698, pending: 80990, pool: 300
I 2436.37] Elapsed: 40:36, vertices: 6088, facets final: 27975, pending: 80764, pool: 300
I 2441.58] Elapsed: 40:42, vertices: 6100, facets final: 28295, pending: 80433, pool: 300
I 2446.59] Elapsed: 40:47, vertices: 6111, facets final: 28583, pending: 80143, pool: 299
I 2451.81] Elapsed: 40:52, vertices: 6123, facets final: 28878, pending: 79787, pool: 300
I 2456.87] Elapsed: 40:57, vertices: 6135, facets final: 29154, pending: 79507, pool: 300
I 2461.87] Elapsed: 41:02, vertices: 6147, facets final: 29413, pending: 79254, pool: 300
I 2467.00] Elapsed: 41:07, vertices: 6159, facets final: 29711, pending: 78942, pool: 300
I 2472.29] Elapsed: 41:12, vertices: 6171, facets final: 30077, pending: 78554, pool: 300
I 2477.57] Elapsed: 41:18, vertices: 6183, facets final: 30462, pending: 78149, pool: 300
I 2482.76] Elapsed: 41:23, vertices: 6194, facets final: 30929, pending: 77651, pool: 299
I 2487.92] Elapsed: 41:28, vertices: 6205, facets final: 31232, pending: 77338, pool: 299
I 2492.97] Elapsed: 41:33, vertices: 6216, facets final: 31684, pending: 76882, pool: 299
I 2498.05] Elapsed: 41:38, vertices: 6227, facets final: 32060, pending: 76515, pool: 300
I 2503.13] Elapsed: 41:43, vertices: 6238, facets final: 32504, pending: 76041, pool: 297
I 2508.41] Elapsed: 41:48, vertices: 6249, facets final: 33028, pending: 75521, pool: 300
I 2513.61] Elapsed: 41:54, vertices: 6260, facets final: 33450, pending: 75063, pool: 300
I 2518.61] Elapsed: 41:59, vertices: 6271, facets final: 33855, pending: 74632, pool: 299
I 2523.61] Elapsed: 42:04, vertices: 6282, facets final: 34249, pending: 74223, pool: 298
I 2528.67] Elapsed: 42:09, vertices: 6292, facets final: 34782, pending: 73634, pool: 300
I 2533.67] Elapsed: 42:14, vertices: 6302, facets final: 35276, pending: 73124, pool: 299
I 2538.90] Elapsed: 42:19, vertices: 6314, facets final: 35611, pending: 72809, pool: 298
I 2544.11] Elapsed: 42:24, vertices: 6325, facets final: 36099, pending: 72304, pool: 299
I 2549.21] Elapsed: 42:29, vertices: 6336, facets final: 36490, pending: 71943, pool: 300
I 2554.53] Elapsed: 42:35, vertices: 6347, facets final: 37018, pending: 71405, pool: 300
I 2559.62] Elapsed: 42:40, vertices: 6358, facets final: 37491, pending: 70944, pool: 299
I 2564.81] Elapsed: 42:45, vertices: 6368, facets final: 38167, pending: 70247, pool: 300
I 2570.06] Elapsed: 42:50, vertices: 6380, facets final: 38514, pending: 69892, pool: 298
I 2575.34] Elapsed: 42:55, vertices: 6390, facets final: 39183, pending: 69202, pool: 298
I 2580.34] Elapsed: 43:00, vertices: 6400, facets final: 39666, pending: 68746, pool: 299
I 2585.47] Elapsed: 43:05, vertices: 6411, facets final: 40082, pending: 68330, pool: 300
I 2590.67] Elapsed: 43:11, vertices: 6420, facets final: 40889, pending: 67497, pool: 299
I 2595.79] Elapsed: 43:16, vertices: 6431, facets final: 41326, pending: 67066, pool: 299
I 2600.79] Elapsed: 43:21, vertices: 6441, facets final: 41880, pending: 66486, pool: 299
I 2605.80] Elapsed: 43:26, vertices: 6451, facets final: 42442, pending: 65908, pool: 299
I 2611.13] Elapsed: 43:31, vertices: 6461, facets final: 43169, pending: 65190, pool: 300
I 2616.16] Elapsed: 43:36, vertices: 6470, facets final: 43895, pending: 64453, pool: 299
I 2621.16] Elapsed: 43:41, vertices: 6479, facets final: 44615, pending: 63738, pool: 299
I 2626.20] Elapsed: 43:46, vertices: 6490, facets final: 45058, pending: 63276, pool: 297
I 2631.21] Elapsed: 43:51, vertices: 6500, facets final: 45528, pending: 62771, pool: 299
I 2636.40] Elapsed: 43:56, vertices: 6509, facets final: 46415, pending: 61878, pool: 299
I 2641.40] Elapsed: 44:01, vertices: 6518, facets final: 47172, pending: 61113, pool: 299
I 2646.41] Elapsed: 44:06, vertices: 6528, facets final: 47791, pending: 60532, pool: 300
I 2651.57] Elapsed: 44:12, vertices: 6539, facets final: 48258, pending: 60064, pool: 300
I 2656.81] Elapsed: 44:17, vertices: 6550, facets final: 48790, pending: 59503, pool: 298
I 2662.02] Elapsed: 44:22, vertices: 6559, facets final: 49648, pending: 58612, pool: 297
I 2667.02] Elapsed: 44:27, vertices: 6567, facets final: 50593, pending: 57660, pool: 296
I 2672.02] Elapsed: 44:32, vertices: 6575, facets final: 51531, pending: 56703, pool: 298
I 2677.02] Elapsed: 44:37, vertices: 6585, facets final: 52135, pending: 56103, pool: 297
I 2682.02] Elapsed: 44:42, vertices: 6592, facets final: 53219, pending: 55004, pool: 299
I 2687.33] Elapsed: 44:47, vertices: 6601, facets final: 54069, pending: 54139, pool: 296
I 2692.33] Elapsed: 44:52, vertices: 6609, facets final: 55005, pending: 53199, pool: 296
I 2697.47] Elapsed: 44:57, vertices: 6617, facets final: 56035, pending: 52188, pool: 295
I 2702.58] Elapsed: 45:03, vertices: 6625, facets final: 57006, pending: 51190, pool: 293
I 2707.84] Elapsed: 45:08, vertices: 6633, facets final: 58060, pending: 50130, pool: 295
I 2712.84] Elapsed: 45:13, vertices: 6641, facets final: 58996, pending: 49183, pool: 297
I 2718.03] Elapsed: 45:18, vertices: 6652, facets final: 59637, pending: 48532, pool: 297
I 2723.03] Elapsed: 45:23, vertices: 6661, facets final: 60513, pending: 47635, pool: 295
I 2728.18] Elapsed: 45:28, vertices: 6669, facets final: 61610, pending: 46533, pool: 295
I 2733.18] Elapsed: 45:33, vertices: 6678, facets final: 62477, pending: 45634, pool: 296
I 2738.50] Elapsed: 45:39, vertices: 6688, facets final: 63339, pending: 44765, pool: 298
I 2743.50] Elapsed: 45:44, vertices: 6697, facets final: 64193, pending: 43892, pool: 299
I 2748.50] Elapsed: 45:49, vertices: 6704, facets final: 65313, pending: 42762, pool: 297
I 2753.62] Elapsed: 45:54, vertices: 6713, facets final: 66265, pending: 41800, pool: 298
I 2758.62] Elapsed: 45:59, vertices: 6722, facets final: 67134, pending: 40915, pool: 299
I 2763.62] Elapsed: 46:04, vertices: 6732, facets final: 67815, pending: 40232, pool: 298
I 2768.62] Elapsed: 46:09, vertices: 6740, facets final: 68819, pending: 39226, pool: 296
I 2773.72] Elapsed: 46:14, vertices: 6750, facets final: 69572, pending: 38449, pool: 296
I 2779.02] Elapsed: 46:19, vertices: 6759, facets final: 70603, pending: 37406, pool: 293
I 2784.25] Elapsed: 46:24, vertices: 6769, facets final: 71478, pending: 36519, pool: 286
I 2789.42] Elapsed: 46:29, vertices: 6778, facets final: 72442, pending: 35548, pool: 283
I 2794.42] Elapsed: 46:34, vertices: 6786, facets final: 73520, pending: 34464, pool: 278
I 2799.42] Elapsed: 46:39, vertices: 6793, facets final: 74755, pending: 33227, pool: 277
I 2804.42] Elapsed: 46:44, vertices: 6801, facets final: 75790, pending: 32185, pool: 278
I 2809.52] Elapsed: 46:50, vertices: 6810, facets final: 76828, pending: 31140, pool: 275
I 2814.81] Elapsed: 46:55, vertices: 6817, facets final: 78226, pending: 29728, pool: 275
I 2819.96] Elapsed: 47:00, vertices: 6826, facets final: 79286, pending: 28659, pool: 271
I 2825.19] Elapsed: 47:05, vertices: 6835, facets final: 80414, pending: 27517, pool: 265
I 2830.19] Elapsed: 47:10, vertices: 6840, facets final: 82000, pending: 25927, pool: 267
I 2835.37] Elapsed: 47:15, vertices: 6850, facets final: 82990, pending: 24934, pool: 259
I 2840.57] Elapsed: 47:21, vertices: 6858, facets final: 84272, pending: 23676, pool: 256
I 2845.57] Elapsed: 47:26, vertices: 6868, facets final: 85218, pending: 22713, pool: 248
I 2850.57] Elapsed: 47:31, vertices: 6877, facets final: 86340, pending: 21591, pool: 241
I 2855.57] Elapsed: 47:36, vertices: 6886, facets final: 87476, pending: 20438, pool: 235
I 2860.71] Elapsed: 47:41, vertices: 6897, facets final: 88463, pending: 19450, pool: 232
I 2865.90] Elapsed: 47:46, vertices: 6907, facets final: 89538, pending: 18360, pool: 224
I 2871.11] Elapsed: 47:51, vertices: 6914, facets final: 91073, pending: 16830, pool: 223
I 2876.11] Elapsed: 47:56, vertices: 6925, facets final: 92061, pending: 15850, pool: 216
I 2881.15] Elapsed: 48:01, vertices: 6937, facets final: 93012, pending: 14905, pool: 206
I 2886.24] Elapsed: 48:06, vertices: 6948, facets final: 94155, pending: 13744, pool: 197
I 2891.41] Elapsed: 48:11, vertices: 6958, facets final: 95441, pending: 12442, pool: 192
I 2896.41] Elapsed: 48:16, vertices: 6968, facets final: 96688, pending: 11185, pool: 188
I 2901.41] Elapsed: 48:21, vertices: 6974, facets final: 98337, pending: 9530, pool: 191
I 2906.41] Elapsed: 48:26, vertices: 6981, facets final: 99879, pending: 7987, pool: 189
I 2911.57] Elapsed: 48:32, vertices: 6988, facets final: 101544, pending: 6314, pool: 183
I 2916.62] Elapsed: 48:37, vertices: 6998, facets final: 102877, pending: 4989, pool: 178
I 2921.64] Elapsed: 48:42, vertices: 7007, facets final: 104241, pending: 3618, pool: 171
I 2926.74] Elapsed: 48:47, vertices: 7020, facets final: 105414, pending: 2433, pool: 160
I 2931.91] Elapsed: 48:52, vertices: 7038, facets final: 106266, pending: 1574, pool: 145
I 2936.99] Elapsed: 48:57, vertices: 7062, facets final: 106755, pending: 1086, pool: 125
I 2942.01] Elapsed: 49:02, vertices: 7093, facets final: 107101, pending: 722, pool: 95
I 2947.01] Elapsed: 49:07, vertices: 7134, facets final: 107343, pending: 486, pool: 58
I 2952.01] Elapsed: 49:12, vertices: 7213, facets final: 107788, pending: 28, pool: 3
I 2952.22] Elapsed: 49:12, vertices: 7219, facets final: 107803, pending: 0

--------------------------------
Problem completed
 name                    17.vlp
 output                  vlp/17.res
 rows, cols, objs        14, 3704, 10
 vertices, facets        7219, 107803
 total time              49:12
--------------------------------
Statistics
LP:
 oracle calls            116429
   avg iterations/calls  4.95
 total oracle time       4:13
Combinatorics:
 vertices added          7219
 facets probed           166675
 facets # max            112001
 memory allocated        234.25M
 storage expansion
   vertices # / upto     57 / 7292
   facets   # / upto     28 / 114684
 facet manipulating
   added avg / max       87.37 / 1.19k
   compressed            443
 number of ridge tests
   avg / max             5.42M / 55.40M
--------------------------------
Parameters with non-default values
 VertexPoolSize = 300
 PolytopeEps = 8e-09
