C copy string: r=c:ab;a,r,c,d;r,b,c,d; ineq: base20.txt
I    5.01] Elapsed: 5.01, vertices: 237, facets final: 104, pending: 11673, pool: 210
I   10.04] Elapsed: 10.04, vertices: 339, facets final: 177, pending: 14647, pool: 280
I   15.08] Elapsed: 15.08, vertices: 422, facets final: 237, pending: 16229, pool: 300
I   20.09] Elapsed: 20.09, vertices: 496, facets final: 285, pending: 17858, pool: 300
I   25.13] Elapsed: 25.13, vertices: 567, facets final: 322, pending: 19273, pool: 300
I   30.13] Elapsed: 30.13, vertices: 632, facets final: 373, pending: 20829, pool: 300
I   35.18] Elapsed: 35.18, vertices: 692, facets final: 430, pending: 21773, pool: 298
I   40.24] Elapsed: 40.24, vertices: 751, facets final: 470, pending: 22755, pool: 298
I   45.27] Elapsed: 45.27, vertices: 809, facets final: 503, pending: 23486, pool: 299
I   50.27] Elapsed: 50.27, vertices: 867, facets final: 537, pending: 23796, pool: 300
I   55.33] Elapsed: 55.33, vertices: 923, facets final: 573, pending: 24553, pool: 300
I   60.37] Elapsed: 1:00, vertices: 976, facets final: 620, pending: 24821, pool: 299
I   65.42] Elapsed: 1:05, vertices: 1025, facets final: 670, pending: 25361, pool: 300
I   70.48] Elapsed: 1:10, vertices: 1073, facets final: 710, pending: 25843, pool: 300
I   75.54] Elapsed: 1:16, vertices: 1121, facets final: 753, pending: 26125, pool: 299
I   80.55] Elapsed: 1:21, vertices: 1170, facets final: 788, pending: 25999, pool: 297
I   85.62] Elapsed: 1:26, vertices: 1218, facets final: 837, pending: 26248, pool: 300
I   90.68] Elapsed: 1:31, vertices: 1265, facets final: 890, pending: 26854, pool: 300
I   95.88] Elapsed: 1:36, vertices: 1312, facets final: 923, pending: 27747, pool: 300
I  100.90] Elapsed: 1:41, vertices: 1355, facets final: 969, pending: 27973, pool: 300
I  106.00] Elapsed: 1:46, vertices: 1399, facets final: 1012, pending: 28598, pool: 300
I  111.02] Elapsed: 1:51, vertices: 1443, facets final: 1055, pending: 29254, pool: 299
I  116.10] Elapsed: 1:56, vertices: 1480, facets final: 1102, pending: 30755, pool: 299
I  121.23] Elapsed: 2:01, vertices: 1518, facets final: 1129, pending: 31430, pool: 300
I  126.25] Elapsed: 2:06, vertices: 1557, facets final: 1153, pending: 31645, pool: 300
I  131.31] Elapsed: 2:11, vertices: 1594, facets final: 1182, pending: 32076, pool: 300
I  136.31] Elapsed: 2:16, vertices: 1628, facets final: 1217, pending: 32653, pool: 300
I  141.33] Elapsed: 2:21, vertices: 1663, facets final: 1254, pending: 33631, pool: 300
I  146.37] Elapsed: 2:26, vertices: 1696, facets final: 1282, pending: 34311, pool: 300
I  151.42] Elapsed: 2:31, vertices: 1726, facets final: 1308, pending: 35210, pool: 300
I  156.47] Elapsed: 2:36, vertices: 1755, facets final: 1331, pending: 36033, pool: 300
I  161.70] Elapsed: 2:42, vertices: 1785, facets final: 1349, pending: 36902, pool: 300
I  166.99] Elapsed: 2:47, vertices: 1816, facets final: 1375, pending: 37550, pool: 300
I  172.04] Elapsed: 2:52, vertices: 1843, facets final: 1393, pending: 38184, pool: 300
I  177.21] Elapsed: 2:57, vertices: 1873, facets final: 1417, pending: 38814, pool: 300
I  182.32] Elapsed: 3:02, vertices: 1901, facets final: 1442, pending: 38974, pool: 299
I  187.42] Elapsed: 3:07, vertices: 1929, facets final: 1471, pending: 39388, pool: 300
I  192.51] Elapsed: 3:13, vertices: 1957, facets final: 1485, pending: 40030, pool: 300
I  197.72] Elapsed: 3:18, vertices: 1984, facets final: 1500, pending: 40329, pool: 300
I  202.79] Elapsed: 3:23, vertices: 2007, facets final: 1516, pending: 40524, pool: 300
I  207.90] Elapsed: 3:28, vertices: 2033, facets final: 1538, pending: 41509, pool: 300
I  212.92] Elapsed: 3:33, vertices: 2058, facets final: 1560, pending: 41906, pool: 300
I  218.07] Elapsed: 3:38, vertices: 2083, facets final: 1569, pending: 42452, pool: 300
I  223.14] Elapsed: 3:43, vertices: 2107, facets final: 1588, pending: 43275, pool: 299
I  228.21] Elapsed: 3:48, vertices: 2135, facets final: 1607, pending: 43693, pool: 300
I  233.27] Elapsed: 3:53, vertices: 2158, facets final: 1620, pending: 43779, pool: 300
I  238.34] Elapsed: 3:58, vertices: 2183, facets final: 1636, pending: 43904, pool: 300
I  243.43] Elapsed: 4:03, vertices: 2205, facets final: 1653, pending: 44122, pool: 300
I  248.53] Elapsed: 4:09, vertices: 2230, facets final: 1677, pending: 44498, pool: 300
I  253.62] Elapsed: 4:14, vertices: 2252, facets final: 1697, pending: 44608, pool: 300
I  258.70] Elapsed: 4:19, vertices: 2276, facets final: 1708, pending: 44846, pool: 300
I  263.71] Elapsed: 4:24, vertices: 2298, facets final: 1732, pending: 45108, pool: 300
I  268.77] Elapsed: 4:29, vertices: 2319, facets final: 1747, pending: 45438, pool: 299
I  273.81] Elapsed: 4:34, vertices: 2339, facets final: 1768, pending: 46132, pool: 300
I  278.90] Elapsed: 4:39, vertices: 2363, facets final: 1784, pending: 46275, pool: 300
I  284.08] Elapsed: 4:44, vertices: 2386, facets final: 1807, pending: 46248, pool: 300
I  289.10] Elapsed: 4:49, vertices: 2408, facets final: 1830, pending: 46622, pool: 300
I  294.10] Elapsed: 4:54, vertices: 2431, facets final: 1845, pending: 46621, pool: 299
I  299.24] Elapsed: 4:59, vertices: 2455, facets final: 1877, pending: 46482, pool: 300
I  304.58] Elapsed: 5:05, vertices: 2479, facets final: 1904, pending: 46527, pool: 300
I  309.60] Elapsed: 5:10, vertices: 2499, facets final: 1924, pending: 46259, pool: 300
I  314.79] Elapsed: 5:15, vertices: 2521, facets final: 1953, pending: 46180, pool: 300
I  320.02] Elapsed: 5:20, vertices: 2547, facets final: 1975, pending: 46246, pool: 300
I  325.03] Elapsed: 5:25, vertices: 2570, facets final: 2004, pending: 46219, pool: 300
I  330.10] Elapsed: 5:30, vertices: 2596, facets final: 2028, pending: 46043, pool: 299
I  335.23] Elapsed: 5:35, vertices: 2621, facets final: 2057, pending: 45852, pool: 300
I  340.23] Elapsed: 5:40, vertices: 2646, facets final: 2094, pending: 45583, pool: 300
I  345.43] Elapsed: 5:45, vertices: 2671, facets final: 2134, pending: 45538, pool: 300
I  350.51] Elapsed: 5:51, vertices: 2696, facets final: 2149, pending: 45508, pool: 300
I  355.52] Elapsed: 5:56, vertices: 2722, facets final: 2171, pending: 45514, pool: 300
I  360.59] Elapsed: 6:01, vertices: 2746, facets final: 2190, pending: 45094, pool: 300
I  365.80] Elapsed: 6:06, vertices: 2770, facets final: 2214, pending: 45103, pool: 300
I  370.93] Elapsed: 6:11, vertices: 2795, facets final: 2240, pending: 45065, pool: 300
I  376.05] Elapsed: 6:16, vertices: 2821, facets final: 2271, pending: 44973, pool: 300
I  381.20] Elapsed: 6:21, vertices: 2846, facets final: 2306, pending: 45012, pool: 300
I  386.20] Elapsed: 6:26, vertices: 2874, facets final: 2350, pending: 44839, pool: 300
I  391.22] Elapsed: 6:31, vertices: 2900, facets final: 2386, pending: 44727, pool: 300
I  396.34] Elapsed: 6:36, vertices: 2926, facets final: 2403, pending: 44633, pool: 300
I  401.52] Elapsed: 6:42, vertices: 2955, facets final: 2433, pending: 44394, pool: 300
I  406.56] Elapsed: 6:47, vertices: 2979, facets final: 2460, pending: 44230, pool: 299
I  411.64] Elapsed: 6:52, vertices: 3007, facets final: 2505, pending: 43955, pool: 300
I  416.77] Elapsed: 6:57, vertices: 3033, facets final: 2544, pending: 43647, pool: 300
I  421.83] Elapsed: 7:02, vertices: 3059, facets final: 2577, pending: 43567, pool: 300
I  426.88] Elapsed: 7:07, vertices: 3085, facets final: 2615, pending: 43625, pool: 300
I  431.96] Elapsed: 7:12, vertices: 3112, facets final: 2645, pending: 43323, pool: 300
I  437.09] Elapsed: 7:17, vertices: 3139, facets final: 2668, pending: 43597, pool: 300
I  442.16] Elapsed: 7:22, vertices: 3167, facets final: 2700, pending: 43364, pool: 300
I  447.16] Elapsed: 7:27, vertices: 3194, facets final: 2732, pending: 42811, pool: 300
I  452.34] Elapsed: 7:32, vertices: 3221, facets final: 2780, pending: 42469, pool: 300
I  457.41] Elapsed: 7:37, vertices: 3248, facets final: 2830, pending: 42462, pool: 300
I  462.44] Elapsed: 7:42, vertices: 3276, facets final: 2876, pending: 42310, pool: 300
I  467.64] Elapsed: 7:48, vertices: 3303, facets final: 2936, pending: 42259, pool: 300
I  472.65] Elapsed: 7:53, vertices: 3331, facets final: 2991, pending: 42043, pool: 300
I  477.66] Elapsed: 7:58, vertices: 3359, facets final: 3032, pending: 41712, pool: 300
I  482.80] Elapsed: 8:03, vertices: 3388, facets final: 3101, pending: 41379, pool: 299
I  487.88] Elapsed: 8:08, vertices: 3416, facets final: 3169, pending: 41129, pool: 300
I  492.95] Elapsed: 8:13, vertices: 3445, facets final: 3218, pending: 40942, pool: 300
I  498.09] Elapsed: 8:18, vertices: 3473, facets final: 3274, pending: 40757, pool: 300
I  503.26] Elapsed: 8:23, vertices: 3503, facets final: 3317, pending: 40576, pool: 300
I  508.42] Elapsed: 8:28, vertices: 3535, facets final: 3358, pending: 40195, pool: 300
I  513.52] Elapsed: 8:34, vertices: 3565, facets final: 3429, pending: 39739, pool: 300
I  518.59] Elapsed: 8:39, vertices: 3594, facets final: 3494, pending: 39477, pool: 300
I  523.62] Elapsed: 8:44, vertices: 3622, facets final: 3580, pending: 39088, pool: 300
I  528.71] Elapsed: 8:49, vertices: 3651, facets final: 3655, pending: 38901, pool: 300
I  533.80] Elapsed: 8:54, vertices: 3680, facets final: 3706, pending: 38638, pool: 300
I  538.80] Elapsed: 8:59, vertices: 3708, facets final: 3751, pending: 38495, pool: 300
I  543.87] Elapsed: 9:04, vertices: 3739, facets final: 3819, pending: 38395, pool: 299
I  549.01] Elapsed: 9:09, vertices: 3772, facets final: 3903, pending: 38000, pool: 300
I  554.15] Elapsed: 9:14, vertices: 3805, facets final: 3981, pending: 37774, pool: 300
I  559.18] Elapsed: 9:19, vertices: 3836, facets final: 4064, pending: 37570, pool: 300
I  564.18] Elapsed: 9:24, vertices: 3867, facets final: 4144, pending: 37400, pool: 300
I  569.22] Elapsed: 9:29, vertices: 3898, facets final: 4222, pending: 37176, pool: 300
I  574.35] Elapsed: 9:34, vertices: 3928, facets final: 4308, pending: 36918, pool: 300
I  579.41] Elapsed: 9:39, vertices: 3958, facets final: 4401, pending: 36784, pool: 300
I  584.53] Elapsed: 9:45, vertices: 3989, facets final: 4481, pending: 36670, pool: 300
I  589.56] Elapsed: 9:50, vertices: 4017, facets final: 4584, pending: 36308, pool: 300
I  594.64] Elapsed: 9:55, vertices: 4046, facets final: 4649, pending: 36133, pool: 300
I  599.69] Elapsed: 10:00, vertices: 4075, facets final: 4725, pending: 35732, pool: 300
I  604.71] Elapsed: 10:05, vertices: 4104, facets final: 4807, pending: 35544, pool: 300
I  609.76] Elapsed: 10:10, vertices: 4136, facets final: 4931, pending: 35138, pool: 300
I  614.79] Elapsed: 10:15, vertices: 4171, facets final: 5057, pending: 34962, pool: 300
I  619.89] Elapsed: 10:20, vertices: 4206, facets final: 5136, pending: 34758, pool: 300
I  625.02] Elapsed: 10:25, vertices: 4240, facets final: 5290, pending: 34355, pool: 299
I  630.03] Elapsed: 10:30, vertices: 4274, facets final: 5413, pending: 34028, pool: 299
I  635.11] Elapsed: 10:35, vertices: 4307, facets final: 5550, pending: 33645, pool: 300
I  640.19] Elapsed: 10:40, vertices: 4340, facets final: 5685, pending: 33311, pool: 300
I  645.28] Elapsed: 10:45, vertices: 4373, facets final: 5837, pending: 33073, pool: 300
I  650.31] Elapsed: 10:50, vertices: 4404, facets final: 5972, pending: 33224, pool: 300
I  655.38] Elapsed: 10:55, vertices: 4435, facets final: 6121, pending: 33020, pool: 300
I  660.43] Elapsed: 11:00, vertices: 4466, facets final: 6273, pending: 32631, pool: 300
I  665.52] Elapsed: 11:06, vertices: 4497, facets final: 6459, pending: 32459, pool: 300
I  670.55] Elapsed: 11:11, vertices: 4527, facets final: 6601, pending: 32134, pool: 300
I  675.56] Elapsed: 11:16, vertices: 4557, facets final: 6753, pending: 31798, pool: 300
I  680.63] Elapsed: 11:21, vertices: 4586, facets final: 7005, pending: 31406, pool: 299
I  685.72] Elapsed: 11:26, vertices: 4616, facets final: 7138, pending: 31099, pool: 300
I  690.77] Elapsed: 11:31, vertices: 4646, facets final: 7327, pending: 30787, pool: 299
I  695.77] Elapsed: 11:36, vertices: 4675, facets final: 7488, pending: 30561, pool: 299
I  700.84] Elapsed: 11:41, vertices: 4704, facets final: 7680, pending: 30223, pool: 300
I  705.86] Elapsed: 11:46, vertices: 4733, facets final: 7867, pending: 30005, pool: 300
I  710.97] Elapsed: 11:51, vertices: 4763, facets final: 8045, pending: 29755, pool: 300
I  716.10] Elapsed: 11:56, vertices: 4792, facets final: 8281, pending: 29415, pool: 300
I  721.13] Elapsed: 12:01, vertices: 4821, facets final: 8416, pending: 29106, pool: 299
I  726.23] Elapsed: 12:06, vertices: 4850, facets final: 8650, pending: 28724, pool: 297
I  731.23] Elapsed: 12:11, vertices: 4876, facets final: 8998, pending: 28229, pool: 300
I  736.23] Elapsed: 12:16, vertices: 4903, facets final: 9286, pending: 27821, pool: 299
I  741.33] Elapsed: 12:21, vertices: 4932, facets final: 9532, pending: 27521, pool: 299
I  746.43] Elapsed: 12:26, vertices: 4964, facets final: 9860, pending: 27133, pool: 299
I  751.45] Elapsed: 12:31, vertices: 4999, facets final: 10219, pending: 26671, pool: 300
I  756.51] Elapsed: 12:37, vertices: 5030, facets final: 10745, pending: 26024, pool: 300
I  761.57] Elapsed: 12:42, vertices: 5065, facets final: 11132, pending: 25563, pool: 300
I  766.66] Elapsed: 12:47, vertices: 5099, facets final: 11557, pending: 25033, pool: 300
I  771.70] Elapsed: 12:52, vertices: 5130, facets final: 12087, pending: 24505, pool: 300
I  776.78] Elapsed: 12:57, vertices: 5163, facets final: 12560, pending: 23914, pool: 300
I  781.79] Elapsed: 13:02, vertices: 5196, facets final: 12987, pending: 23374, pool: 297
I  786.80] Elapsed: 13:07, vertices: 5224, facets final: 13588, pending: 23008, pool: 300
I  791.86] Elapsed: 13:12, vertices: 5253, facets final: 14075, pending: 22545, pool: 298
I  796.92] Elapsed: 13:17, vertices: 5281, facets final: 14679, pending: 21905, pool: 299
I  801.92] Elapsed: 13:22, vertices: 5307, facets final: 15313, pending: 21088, pool: 299
I  806.92] Elapsed: 13:27, vertices: 5332, facets final: 16130, pending: 20183, pool: 288
I  811.92] Elapsed: 13:32, vertices: 5355, facets final: 17009, pending: 19212, pool: 299
I  816.92] Elapsed: 13:37, vertices: 5377, facets final: 17957, pending: 18189, pool: 294
I  821.92] Elapsed: 13:42, vertices: 5398, facets final: 18939, pending: 17154, pool: 294
I  826.92] Elapsed: 13:47, vertices: 5419, facets final: 19908, pending: 16210, pool: 297
I  832.02] Elapsed: 13:52, vertices: 5446, facets final: 20635, pending: 15538, pool: 295
I  837.02] Elapsed: 13:57, vertices: 5470, facets final: 21457, pending: 14708, pool: 290
I  842.07] Elapsed: 14:02, vertices: 5495, facets final: 22258, pending: 13997, pool: 284
I  847.07] Elapsed: 14:07, vertices: 5519, facets final: 23106, pending: 13080, pool: 276
I  852.07] Elapsed: 14:12, vertices: 5540, facets final: 24095, pending: 12132, pool: 279
I  857.07] Elapsed: 14:17, vertices: 5562, facets final: 25055, pending: 11178, pool: 280
I  862.09] Elapsed: 14:22, vertices: 5588, facets final: 25878, pending: 10333, pool: 270
I  867.09] Elapsed: 14:27, vertices: 5612, facets final: 26755, pending: 9478, pool: 260
I  872.11] Elapsed: 14:32, vertices: 5637, facets final: 27711, pending: 8526, pool: 248
I  877.12] Elapsed: 14:37, vertices: 5663, facets final: 28612, pending: 7623, pool: 239
I  882.18] Elapsed: 14:42, vertices: 5695, facets final: 29355, pending: 6865, pool: 223
I  887.24] Elapsed: 14:47, vertices: 5728, facets final: 30172, pending: 5998, pool: 203
I  892.26] Elapsed: 14:52, vertices: 5762, facets final: 31060, pending: 5061, pool: 181
I  897.26] Elapsed: 14:57, vertices: 5794, facets final: 32115, pending: 4007, pool: 161
I  902.26] Elapsed: 15:02, vertices: 5826, facets final: 33223, pending: 2847, pool: 139
I  907.26] Elapsed: 15:07, vertices: 5861, facets final: 34402, pending: 1650, pool: 120
I  912.26] Elapsed: 15:12, vertices: 5910, facets final: 35369, pending: 611, pool: 99
I  917.27] Elapsed: 15:17, vertices: 6003, facets final: 35800, pending: 194, pool: 48
I  919.33] Elapsed: 15:19, vertices: 6084, facets final: 35985, pending: 0

--------------------------------
Problem completed
 name                    18.vlp
 output                  vlp/18.res
 rows, cols, objs        14, 3656, 10
 vertices, facets        6084, 35985
 total time              15:19
--------------------------------
Statistics
LP:
 oracle calls            43940
   avg iterations/calls  8.88
 total oracle time       1:47
Combinatorics:
 vertices added          6084
 facets probed           94943
 facets # max            48595
 memory allocated        92.02M
 storage expansion
   vertices # / upto     48 / 6140
   facets   # / upto     12 / 49148
 facet manipulating
   added avg / max       64.78 / 746.00
   compressed            298
 number of ridge tests
   avg / max             1.85M / 28.96M
--------------------------------
Parameters with non-default values
 VertexPoolSize = 300
 PolytopeEps = 8e-09
