C copy string: rs=cd:ab;a,d,r,s;ac,b,r,s; ineq: base20.txt
I    5.11] Elapsed: 5.11, vertices: 107, facets final: 19, pending: 22377, pool: 176
I   10.14] Elapsed: 10.14, vertices: 128, facets final: 19, pending: 30372, pool: 187
I   15.36] Elapsed: 15.36, vertices: 143, facets final: 20, pending: 35002, pool: 224
I   20.36] Elapsed: 20.36, vertices: 157, facets final: 23, pending: 39617, pool: 246
I   25.77] Elapsed: 25.77, vertices: 170, facets final: 24, pending: 41609, pool: 261
I   30.86] Elapsed: 30.86, vertices: 183, facets final: 25, pending: 42394, pool: 265
I   35.87] Elapsed: 35.87, vertices: 197, facets final: 26, pending: 44173, pool: 276
recalculate_facet: numerical instability at facet 34018, coord 0 (-1.35195e-06)
I   41.14] Elapsed: 41.14, vertices: 211, facets final: 29, pending: 48277, pool: 282
I   46.40] Elapsed: 46.40, vertices: 224, facets final: 32, pending: 51942, pool: 289
I   51.59] Elapsed: 51.59, vertices: 236, facets final: 34, pending: 54191, pool: 300
I   56.76] Elapsed: 56.76, vertices: 248, facets final: 34, pending: 56413, pool: 300
I   61.81] Elapsed: 1:02, vertices: 259, facets final: 36, pending: 58270, pool: 299
I   66.97] Elapsed: 1:07, vertices: 270, facets final: 37, pending: 58503, pool: 300
I   72.12] Elapsed: 1:12, vertices: 282, facets final: 38, pending: 60449, pool: 298
I   77.13] Elapsed: 1:17, vertices: 293, facets final: 40, pending: 61326, pool: 298
I   82.40] Elapsed: 1:22, vertices: 305, facets final: 43, pending: 61084, pool: 300
I   87.84] Elapsed: 1:28, vertices: 318, facets final: 43, pending: 61964, pool: 300
I   93.22] Elapsed: 1:33, vertices: 330, facets final: 44, pending: 62176, pool: 300
I   98.32] Elapsed: 1:38, vertices: 342, facets final: 44, pending: 63917, pool: 300
I  103.65] Elapsed: 1:44, vertices: 354, facets final: 47, pending: 65958, pool: 298
I  109.00] Elapsed: 1:49, vertices: 365, facets final: 49, pending: 65769, pool: 300
I  114.05] Elapsed: 1:54, vertices: 377, facets final: 54, pending: 65263, pool: 299
I  119.35] Elapsed: 1:59, vertices: 389, facets final: 57, pending: 66064, pool: 300
I  124.60] Elapsed: 2:05, vertices: 402, facets final: 62, pending: 66846, pool: 300
I  129.62] Elapsed: 2:10, vertices: 414, facets final: 65, pending: 67025, pool: 300
I  134.68] Elapsed: 2:15, vertices: 426, facets final: 67, pending: 66514, pool: 298
I  139.82] Elapsed: 2:20, vertices: 438, facets final: 71, pending: 67685, pool: 299
I  145.05] Elapsed: 2:25, vertices: 450, facets final: 74, pending: 68614, pool: 299
I  150.30] Elapsed: 2:30, vertices: 463, facets final: 80, pending: 70350, pool: 299
I  155.64] Elapsed: 2:36, vertices: 475, facets final: 83, pending: 70167, pool: 300
I  160.85] Elapsed: 2:41, vertices: 488, facets final: 88, pending: 72919, pool: 300
I  165.92] Elapsed: 2:46, vertices: 500, facets final: 89, pending: 73644, pool: 299
I  171.25] Elapsed: 2:51, vertices: 511, facets final: 97, pending: 74292, pool: 299
I  176.42] Elapsed: 2:56, vertices: 523, facets final: 99, pending: 75833, pool: 300
I  181.53] Elapsed: 3:02, vertices: 534, facets final: 102, pending: 77653, pool: 300
I  186.92] Elapsed: 3:07, vertices: 546, facets final: 106, pending: 78730, pool: 300
I  192.42] Elapsed: 3:12, vertices: 556, facets final: 112, pending: 79974, pool: 300
I  197.70] Elapsed: 3:18, vertices: 566, facets final: 113, pending: 80213, pool: 297
I  203.21] Elapsed: 3:23, vertices: 577, facets final: 115, pending: 83659, pool: 300
I  208.46] Elapsed: 3:28, vertices: 588, facets final: 118, pending: 85474, pool: 300
I  213.79] Elapsed: 3:34, vertices: 599, facets final: 123, pending: 85173, pool: 300
recalculate_facet: numerical instability at facet 56909, coord 0 (-0.000228778)
recalculate_facet: numerical instability at facet 56909, coord 1 (0.000129322)
recalculate_facet: numerical instability at facet 56909, coord 2 (-2.40619e-05)
recalculate_facet: numerical instability at facet 56909, coord 4 (4.2815e-05)
recalculate_facet: numerical instability at facet 56909, coord 5 (6.1582e-06)
recalculate_facet: numerical instability at facet 56909, coord 6 (1.76249e-05)
recalculate_facet: numerical instability at facet 56909, coord 7 (5.69199e-05)
recalculate_facet: numerical instability at facet 56909, coord 10 (-0.000177811)
recalculate_facet: numerical instability at facet 57344, coord 0 (-6.71967e-06)
recalculate_facet: numerical instability at facet 57344, coord 1 (1.76539e-06)
recalculate_facet: numerical instability at facet 57344, coord 5 (2.75211e-06)
recalculate_facet: numerical instability at facet 57344, coord 10 (-3.64515e-06)
I  219.21] Elapsed: 3:39, vertices: 608, facets final: 125, pending: 86529, pool: 300
I  224.57] Elapsed: 3:45, vertices: 617, facets final: 125, pending: 87301, pool: 299
I  229.91] Elapsed: 3:50, vertices: 626, facets final: 127, pending: 86913, pool: 300
I  235.55] Elapsed: 3:56, vertices: 637, facets final: 132, pending: 88476, pool: 300
I  240.87] Elapsed: 4:01, vertices: 646, facets final: 134, pending: 88776, pool: 300
I  246.51] Elapsed: 4:07, vertices: 655, facets final: 135, pending: 89890, pool: 300
I  251.90] Elapsed: 4:12, vertices: 664, facets final: 136, pending: 89886, pool: 300
I  257.34] Elapsed: 4:17, vertices: 671, facets final: 140, pending: 91048, pool: 300
I  262.79] Elapsed: 4:23, vertices: 681, facets final: 144, pending: 92516, pool: 300
I  268.17] Elapsed: 4:28, vertices: 689, facets final: 146, pending: 92566, pool: 299
I  273.57] Elapsed: 4:34, vertices: 700, facets final: 147, pending: 92900, pool: 300
recalculate_facet: numerical instability at facet 45296, coord 0 (-1.57456e-06)
recalculate_facet: numerical instability at facet 45296, coord 5 (1.13498e-06)
recalculate_facet: numerical instability at facet 76691, coord 0 (1.83971e-06)
recalculate_facet: numerical instability at facet 76691, coord 5 (-1.17771e-06)
I  280.24] Elapsed: 4:40, vertices: 707, facets final: 152, pending: 93198, pool: 300
I  285.32] Elapsed: 4:45, vertices: 715, facets final: 152, pending: 93446, pool: 300
I  290.34] Elapsed: 4:50, vertices: 724, facets final: 155, pending: 93750, pool: 300
I  295.72] Elapsed: 4:56, vertices: 734, facets final: 158, pending: 93525, pool: 300
I  300.81] Elapsed: 5:01, vertices: 743, facets final: 162, pending: 94697, pool: 300
I  305.95] Elapsed: 5:06, vertices: 750, facets final: 165, pending: 95796, pool: 300
I  311.45] Elapsed: 5:11, vertices: 758, facets final: 167, pending: 95704, pool: 300
I  316.76] Elapsed: 5:17, vertices: 767, facets final: 170, pending: 96038, pool: 300
I  322.02] Elapsed: 5:22, vertices: 776, facets final: 171, pending: 97766, pool: 300
I  327.22] Elapsed: 5:27, vertices: 784, facets final: 173, pending: 98393, pool: 300
I  332.41] Elapsed: 5:32, vertices: 793, facets final: 178, pending: 98589, pool: 300
I  337.73] Elapsed: 5:38, vertices: 801, facets final: 183, pending: 99347, pool: 300
I  343.43] Elapsed: 5:43, vertices: 811, facets final: 189, pending: 98795, pool: 300
I  349.01] Elapsed: 5:49, vertices: 819, facets final: 192, pending: 99242, pool: 300
I  354.06] Elapsed: 5:54, vertices: 826, facets final: 192, pending: 99523, pool: 299
I  360.39] Elapsed: 6:00, vertices: 832, facets final: 193, pending: 100778, pool: 300
I  365.80] Elapsed: 6:06, vertices: 841, facets final: 193, pending: 100910, pool: 300
I  371.07] Elapsed: 6:11, vertices: 850, facets final: 194, pending: 100859, pool: 300
I  376.14] Elapsed: 6:16, vertices: 858, facets final: 196, pending: 100127, pool: 300
I  381.60] Elapsed: 6:22, vertices: 866, facets final: 197, pending: 101814, pool: 300
I  387.38] Elapsed: 6:27, vertices: 874, facets final: 197, pending: 103020, pool: 300
I  392.73] Elapsed: 6:33, vertices: 882, facets final: 201, pending: 102490, pool: 300
I  398.09] Elapsed: 6:38, vertices: 890, facets final: 202, pending: 103023, pool: 300
I  403.33] Elapsed: 6:43, vertices: 899, facets final: 205, pending: 103358, pool: 299
I  408.45] Elapsed: 6:48, vertices: 906, facets final: 213, pending: 102832, pool: 300
I  413.55] Elapsed: 6:54, vertices: 914, facets final: 216, pending: 102299, pool: 300
I  418.94] Elapsed: 6:59, vertices: 924, facets final: 217, pending: 103055, pool: 300
I  424.25] Elapsed: 7:04, vertices: 933, facets final: 220, pending: 103047, pool: 300
I  429.40] Elapsed: 7:09, vertices: 943, facets final: 223, pending: 103189, pool: 299
I  435.14] Elapsed: 7:15, vertices: 952, facets final: 230, pending: 102775, pool: 300
I  440.23] Elapsed: 7:20, vertices: 961, facets final: 231, pending: 102786, pool: 299
I  446.08] Elapsed: 7:26, vertices: 970, facets final: 232, pending: 102758, pool: 300
I  451.52] Elapsed: 7:32, vertices: 978, facets final: 233, pending: 102363, pool: 300
I  457.12] Elapsed: 7:37, vertices: 988, facets final: 237, pending: 102555, pool: 300
I  463.05] Elapsed: 7:43, vertices: 997, facets final: 245, pending: 102528, pool: 300
I  468.36] Elapsed: 7:48, vertices: 1007, facets final: 253, pending: 102148, pool: 299
I  473.74] Elapsed: 7:54, vertices: 1015, facets final: 257, pending: 101592, pool: 300
I  479.20] Elapsed: 7:59, vertices: 1022, facets final: 261, pending: 101339, pool: 300
I  484.28] Elapsed: 8:04, vertices: 1030, facets final: 264, pending: 101884, pool: 300
I  489.72] Elapsed: 8:10, vertices: 1037, facets final: 267, pending: 101548, pool: 300
I  495.21] Elapsed: 8:15, vertices: 1045, facets final: 269, pending: 102069, pool: 300
I  500.67] Elapsed: 8:21, vertices: 1053, facets final: 276, pending: 102049, pool: 300
I  506.02] Elapsed: 8:26, vertices: 1059, facets final: 280, pending: 101930, pool: 300
I  511.03] Elapsed: 8:31, vertices: 1067, facets final: 293, pending: 101501, pool: 299
I  516.57] Elapsed: 8:37, vertices: 1074, facets final: 294, pending: 101410, pool: 300
I  521.58] Elapsed: 8:42, vertices: 1080, facets final: 296, pending: 101140, pool: 300
I  526.89] Elapsed: 8:47, vertices: 1086, facets final: 296, pending: 100878, pool: 300
I  532.25] Elapsed: 8:52, vertices: 1093, facets final: 297, pending: 100427, pool: 300
I  537.44] Elapsed: 8:57, vertices: 1100, facets final: 304, pending: 100205, pool: 298
I  543.01] Elapsed: 9:03, vertices: 1109, facets final: 310, pending: 99920, pool: 300
I  548.88] Elapsed: 9:09, vertices: 1118, facets final: 315, pending: 100029, pool: 300
I  554.87] Elapsed: 9:15, vertices: 1125, facets final: 323, pending: 99727, pool: 300
I  560.62] Elapsed: 9:21, vertices: 1132, facets final: 323, pending: 99561, pool: 300
I  566.02] Elapsed: 9:26, vertices: 1140, facets final: 325, pending: 99470, pool: 300
I  571.14] Elapsed: 9:31, vertices: 1148, facets final: 333, pending: 100897, pool: 299
I  576.42] Elapsed: 9:36, vertices: 1155, facets final: 340, pending: 100815, pool: 300
I  581.67] Elapsed: 9:42, vertices: 1164, facets final: 344, pending: 100191, pool: 300
I  587.10] Elapsed: 9:47, vertices: 1171, facets final: 350, pending: 100138, pool: 300
I  593.23] Elapsed: 9:53, vertices: 1180, facets final: 357, pending: 99669, pool: 300
I  598.71] Elapsed: 9:59, vertices: 1188, facets final: 364, pending: 100283, pool: 300
I  603.94] Elapsed: 10:04, vertices: 1197, facets final: 372, pending: 99867, pool: 300
I  609.24] Elapsed: 10:09, vertices: 1204, facets final: 376, pending: 99353, pool: 300
I  614.73] Elapsed: 10:15, vertices: 1213, facets final: 390, pending: 98992, pool: 300
I  620.47] Elapsed: 10:20, vertices: 1222, facets final: 398, pending: 98357, pool: 300
I  625.84] Elapsed: 10:26, vertices: 1231, facets final: 404, pending: 98670, pool: 300
I  631.20] Elapsed: 10:31, vertices: 1238, facets final: 406, pending: 99233, pool: 300
I  636.45] Elapsed: 10:36, vertices: 1248, facets final: 422, pending: 99366, pool: 300
I  641.73] Elapsed: 10:42, vertices: 1258, facets final: 428, pending: 99718, pool: 299
I  647.26] Elapsed: 10:47, vertices: 1267, facets final: 435, pending: 99492, pool: 300
I  652.94] Elapsed: 10:53, vertices: 1276, facets final: 444, pending: 99196, pool: 300
I  658.10] Elapsed: 10:58, vertices: 1284, facets final: 449, pending: 99265, pool: 299
I  664.33] Elapsed: 11:04, vertices: 1291, facets final: 451, pending: 98471, pool: 300
I  669.66] Elapsed: 11:10, vertices: 1301, facets final: 460, pending: 98167, pool: 300
I  674.66] Elapsed: 11:15, vertices: 1309, facets final: 466, pending: 97644, pool: 300
I  680.05] Elapsed: 11:20, vertices: 1318, facets final: 472, pending: 97528, pool: 298
I  685.63] Elapsed: 11:26, vertices: 1328, facets final: 482, pending: 97751, pool: 300
I  690.69] Elapsed: 11:31, vertices: 1336, facets final: 486, pending: 97354, pool: 300
I  695.90] Elapsed: 11:36, vertices: 1343, facets final: 489, pending: 97112, pool: 300
I  702.06] Elapsed: 11:42, vertices: 1350, facets final: 492, pending: 96947, pool: 299
I  707.42] Elapsed: 11:47, vertices: 1360, facets final: 508, pending: 97321, pool: 300
I  713.10] Elapsed: 11:53, vertices: 1368, facets final: 517, pending: 97396, pool: 300
I  718.58] Elapsed: 11:59, vertices: 1378, facets final: 525, pending: 98111, pool: 300
I  723.62] Elapsed: 12:04, vertices: 1386, facets final: 529, pending: 98305, pool: 300
I  728.81] Elapsed: 12:09, vertices: 1396, facets final: 535, pending: 98200, pool: 300
I  733.99] Elapsed: 12:14, vertices: 1406, facets final: 536, pending: 98191, pool: 299
I  739.06] Elapsed: 12:19, vertices: 1415, facets final: 549, pending: 98402, pool: 300
I  744.21] Elapsed: 12:24, vertices: 1424, facets final: 555, pending: 98640, pool: 300
I  749.60] Elapsed: 12:30, vertices: 1435, facets final: 562, pending: 98802, pool: 300
I  754.85] Elapsed: 12:35, vertices: 1446, facets final: 570, pending: 98577, pool: 298
I  760.50] Elapsed: 12:41, vertices: 1456, facets final: 581, pending: 98804, pool: 300
I  765.94] Elapsed: 12:46, vertices: 1466, facets final: 591, pending: 99270, pool: 300
I  771.28] Elapsed: 12:51, vertices: 1477, facets final: 599, pending: 99264, pool: 298
I  776.77] Elapsed: 12:57, vertices: 1487, facets final: 611, pending: 100230, pool: 300
I  783.13] Elapsed: 13:03, vertices: 1497, facets final: 621, pending: 100136, pool: 300
I  788.18] Elapsed: 13:08, vertices: 1507, facets final: 626, pending: 100371, pool: 299
I  793.22] Elapsed: 13:13, vertices: 1514, facets final: 630, pending: 101097, pool: 300
I  798.54] Elapsed: 13:19, vertices: 1523, facets final: 642, pending: 101152, pool: 300
I  804.06] Elapsed: 13:24, vertices: 1532, facets final: 650, pending: 101629, pool: 300
I  809.45] Elapsed: 13:29, vertices: 1541, facets final: 657, pending: 101743, pool: 300
I  814.92] Elapsed: 13:35, vertices: 1551, facets final: 667, pending: 101629, pool: 300
I  820.24] Elapsed: 13:40, vertices: 1561, facets final: 675, pending: 101644, pool: 300
I  825.31] Elapsed: 13:45, vertices: 1570, facets final: 679, pending: 101605, pool: 300
I  830.41] Elapsed: 13:50, vertices: 1580, facets final: 695, pending: 101456, pool: 300
I  835.49] Elapsed: 13:55, vertices: 1589, facets final: 701, pending: 101518, pool: 300
I  840.88] Elapsed: 14:01, vertices: 1599, facets final: 707, pending: 102004, pool: 300
I  846.03] Elapsed: 14:06, vertices: 1607, facets final: 722, pending: 102463, pool: 300
I  851.12] Elapsed: 14:11, vertices: 1615, facets final: 727, pending: 102024, pool: 300
I  856.40] Elapsed: 14:16, vertices: 1625, facets final: 734, pending: 102054, pool: 300
I  861.99] Elapsed: 14:22, vertices: 1636, facets final: 745, pending: 101734, pool: 300
I  868.13] Elapsed: 14:28, vertices: 1642, facets final: 749, pending: 101338, pool: 300
I  873.37] Elapsed: 14:33, vertices: 1651, facets final: 752, pending: 101760, pool: 300
I  878.78] Elapsed: 14:39, vertices: 1660, facets final: 755, pending: 101640, pool: 300
I  883.90] Elapsed: 14:44, vertices: 1667, facets final: 758, pending: 101956, pool: 299
I  889.26] Elapsed: 14:49, vertices: 1674, facets final: 761, pending: 102210, pool: 299
I  894.40] Elapsed: 14:54, vertices: 1681, facets final: 779, pending: 102335, pool: 300
I  899.79] Elapsed: 15:00, vertices: 1690, facets final: 798, pending: 101957, pool: 300
I  904.85] Elapsed: 15:05, vertices: 1700, facets final: 811, pending: 102384, pool: 300
I  909.93] Elapsed: 15:10, vertices: 1708, facets final: 819, pending: 101849, pool: 300
I  915.27] Elapsed: 15:15, vertices: 1715, facets final: 824, pending: 100949, pool: 300
I  920.41] Elapsed: 15:20, vertices: 1723, facets final: 833, pending: 100523, pool: 299
I  925.60] Elapsed: 15:26, vertices: 1733, facets final: 852, pending: 100708, pool: 300
I  930.92] Elapsed: 15:31, vertices: 1741, facets final: 855, pending: 100002, pool: 300
I  935.97] Elapsed: 15:36, vertices: 1750, facets final: 872, pending: 99992, pool: 300
I  941.92] Elapsed: 15:42, vertices: 1761, facets final: 884, pending: 100051, pool: 300
I  947.36] Elapsed: 15:47, vertices: 1771, facets final: 895, pending: 100270, pool: 299
I  952.36] Elapsed: 15:52, vertices: 1781, facets final: 916, pending: 99626, pool: 299
I  957.59] Elapsed: 15:58, vertices: 1790, facets final: 937, pending: 99549, pool: 300
I  963.12] Elapsed: 16:03, vertices: 1800, facets final: 944, pending: 99686, pool: 300
I  968.41] Elapsed: 16:08, vertices: 1810, facets final: 956, pending: 99311, pool: 300
I  973.41] Elapsed: 16:13, vertices: 1819, facets final: 965, pending: 98942, pool: 300
I  978.59] Elapsed: 16:19, vertices: 1827, facets final: 978, pending: 99221, pool: 300
I  983.92] Elapsed: 16:24, vertices: 1837, facets final: 984, pending: 99268, pool: 300
I  989.28] Elapsed: 16:29, vertices: 1846, facets final: 994, pending: 99709, pool: 300
I  994.29] Elapsed: 16:34, vertices: 1856, facets final: 1003, pending: 99447, pool: 300
I  999.29] Elapsed: 16:39, vertices: 1865, facets final: 1022, pending: 99215, pool: 299
I 1004.30] Elapsed: 16:44, vertices: 1875, facets final: 1040, pending: 98958, pool: 299
I 1009.58] Elapsed: 16:50, vertices: 1886, facets final: 1053, pending: 98621, pool: 300
I 1014.73] Elapsed: 16:55, vertices: 1897, facets final: 1064, pending: 98489, pool: 300
I 1019.78] Elapsed: 17:00, vertices: 1907, facets final: 1077, pending: 98812, pool: 300
I 1024.88] Elapsed: 17:05, vertices: 1916, facets final: 1084, pending: 99391, pool: 300
I 1030.13] Elapsed: 17:10, vertices: 1928, facets final: 1103, pending: 99422, pool: 299
I 1035.19] Elapsed: 17:15, vertices: 1938, facets final: 1115, pending: 99236, pool: 300
I 1040.52] Elapsed: 17:21, vertices: 1949, facets final: 1138, pending: 99401, pool: 300
I 1045.57] Elapsed: 17:26, vertices: 1959, facets final: 1145, pending: 99746, pool: 300
I 1050.62] Elapsed: 17:31, vertices: 1968, facets final: 1153, pending: 100144, pool: 300
I 1056.22] Elapsed: 17:36, vertices: 1979, facets final: 1162, pending: 100252, pool: 299
I 1061.57] Elapsed: 17:42, vertices: 1988, facets final: 1180, pending: 100371, pool: 300
I 1066.95] Elapsed: 17:47, vertices: 1998, facets final: 1189, pending: 100826, pool: 300
I 1072.26] Elapsed: 17:52, vertices: 2009, facets final: 1202, pending: 101346, pool: 300
I 1077.30] Elapsed: 17:57, vertices: 2019, facets final: 1212, pending: 101342, pool: 300
I 1082.43] Elapsed: 18:02, vertices: 2029, facets final: 1227, pending: 101660, pool: 300
I 1087.46] Elapsed: 18:07, vertices: 2038, facets final: 1248, pending: 101936, pool: 300
I 1092.80] Elapsed: 18:13, vertices: 2049, facets final: 1253, pending: 102192, pool: 300
I 1097.93] Elapsed: 18:18, vertices: 2057, facets final: 1262, pending: 101868, pool: 299
I 1103.24] Elapsed: 18:23, vertices: 2067, facets final: 1278, pending: 101658, pool: 300
I 1108.77] Elapsed: 18:29, vertices: 2079, facets final: 1289, pending: 101739, pool: 300
I 1114.10] Elapsed: 18:34, vertices: 2089, facets final: 1313, pending: 101556, pool: 300
I 1119.31] Elapsed: 18:39, vertices: 2099, facets final: 1328, pending: 101213, pool: 300
I 1124.43] Elapsed: 18:44, vertices: 2109, facets final: 1341, pending: 100899, pool: 300
I 1129.44] Elapsed: 18:49, vertices: 2118, facets final: 1355, pending: 100893, pool: 300
I 1134.80] Elapsed: 18:55, vertices: 2129, facets final: 1377, pending: 100948, pool: 300
I 1139.97] Elapsed: 19:00, vertices: 2140, facets final: 1397, pending: 101047, pool: 299
I 1145.30] Elapsed: 19:05, vertices: 2150, facets final: 1420, pending: 100752, pool: 300
I 1150.82] Elapsed: 19:11, vertices: 2160, facets final: 1438, pending: 100850, pool: 300
I 1155.92] Elapsed: 19:16, vertices: 2169, facets final: 1458, pending: 100875, pool: 300
I 1161.36] Elapsed: 19:21, vertices: 2181, facets final: 1466, pending: 100914, pool: 300
I 1166.61] Elapsed: 19:27, vertices: 2193, facets final: 1489, pending: 100980, pool: 300
I 1171.89] Elapsed: 19:32, vertices: 2204, facets final: 1520, pending: 101192, pool: 298
I 1176.98] Elapsed: 19:37, vertices: 2215, facets final: 1531, pending: 101403, pool: 299
I 1182.16] Elapsed: 19:42, vertices: 2226, facets final: 1537, pending: 101257, pool: 300
I 1187.50] Elapsed: 19:48, vertices: 2237, facets final: 1550, pending: 101578, pool: 299
I 1192.82] Elapsed: 19:53, vertices: 2248, facets final: 1563, pending: 101380, pool: 300
I 1197.85] Elapsed: 19:58, vertices: 2258, facets final: 1573, pending: 101290, pool: 300
I 1203.15] Elapsed: 20:03, vertices: 2267, facets final: 1591, pending: 101184, pool: 300
I 1208.15] Elapsed: 20:08, vertices: 2278, facets final: 1599, pending: 101284, pool: 300
I 1213.69] Elapsed: 20:14, vertices: 2287, facets final: 1615, pending: 101204, pool: 300
I 1218.75] Elapsed: 20:19, vertices: 2295, facets final: 1624, pending: 101333, pool: 300
I 1224.00] Elapsed: 20:24, vertices: 2305, facets final: 1640, pending: 101306, pool: 300
I 1229.41] Elapsed: 20:29, vertices: 2314, facets final: 1651, pending: 101663, pool: 300
I 1234.62] Elapsed: 20:35, vertices: 2325, facets final: 1665, pending: 101715, pool: 299
I 1239.95] Elapsed: 20:40, vertices: 2335, facets final: 1701, pending: 101654, pool: 300
I 1245.13] Elapsed: 20:45, vertices: 2344, facets final: 1715, pending: 102072, pool: 300
I 1250.48] Elapsed: 20:50, vertices: 2355, facets final: 1730, pending: 102534, pool: 300
I 1255.67] Elapsed: 20:56, vertices: 2366, facets final: 1744, pending: 102515, pool: 300
I 1260.92] Elapsed: 21:01, vertices: 2377, facets final: 1753, pending: 103074, pool: 300
I 1266.05] Elapsed: 21:06, vertices: 2387, facets final: 1768, pending: 103433, pool: 300
I 1271.32] Elapsed: 21:11, vertices: 2398, facets final: 1799, pending: 103505, pool: 300
I 1276.36] Elapsed: 21:16, vertices: 2407, facets final: 1807, pending: 103513, pool: 300
I 1281.46] Elapsed: 21:21, vertices: 2417, facets final: 1814, pending: 103486, pool: 299
I 1286.76] Elapsed: 21:27, vertices: 2427, facets final: 1834, pending: 103807, pool: 300
I 1292.12] Elapsed: 21:32, vertices: 2439, facets final: 1849, pending: 103962, pool: 300
I 1297.26] Elapsed: 21:37, vertices: 2449, facets final: 1877, pending: 104201, pool: 300
I 1302.52] Elapsed: 21:43, vertices: 2460, facets final: 1916, pending: 103891, pool: 300
I 1307.78] Elapsed: 21:48, vertices: 2470, facets final: 1922, pending: 104313, pool: 300
I 1313.20] Elapsed: 21:53, vertices: 2480, facets final: 1937, pending: 104535, pool: 300
I 1318.24] Elapsed: 21:58, vertices: 2489, facets final: 1950, pending: 104735, pool: 300
I 1323.37] Elapsed: 22:03, vertices: 2499, facets final: 1971, pending: 104950, pool: 300
I 1328.57] Elapsed: 22:09, vertices: 2509, facets final: 1995, pending: 105059, pool: 300
I 1333.91] Elapsed: 22:14, vertices: 2519, facets final: 2012, pending: 105008, pool: 300
I 1339.33] Elapsed: 22:19, vertices: 2530, facets final: 2031, pending: 105432, pool: 300
I 1344.41] Elapsed: 22:24, vertices: 2540, facets final: 2042, pending: 105866, pool: 300
I 1350.09] Elapsed: 22:30, vertices: 2551, facets final: 2056, pending: 106114, pool: 300
I 1355.45] Elapsed: 22:35, vertices: 2562, facets final: 2069, pending: 106231, pool: 300
I 1360.68] Elapsed: 22:41, vertices: 2572, facets final: 2088, pending: 106239, pool: 300
I 1365.72] Elapsed: 22:46, vertices: 2582, facets final: 2107, pending: 106217, pool: 300
I 1371.14] Elapsed: 22:51, vertices: 2593, facets final: 2126, pending: 106189, pool: 300
I 1376.21] Elapsed: 22:56, vertices: 2603, facets final: 2163, pending: 106156, pool: 300
I 1381.65] Elapsed: 23:02, vertices: 2613, facets final: 2176, pending: 106134, pool: 300
I 1386.96] Elapsed: 23:07, vertices: 2623, facets final: 2194, pending: 106279, pool: 299
I 1392.06] Elapsed: 23:12, vertices: 2633, facets final: 2211, pending: 106234, pool: 300
I 1397.13] Elapsed: 23:17, vertices: 2642, facets final: 2230, pending: 106246, pool: 300
I 1402.27] Elapsed: 23:22, vertices: 2650, facets final: 2240, pending: 106340, pool: 300
I 1407.55] Elapsed: 23:28, vertices: 2661, facets final: 2251, pending: 106273, pool: 300
I 1412.55] Elapsed: 23:33, vertices: 2671, facets final: 2273, pending: 106451, pool: 300
I 1417.94] Elapsed: 23:38, vertices: 2681, facets final: 2284, pending: 106759, pool: 300
I 1423.34] Elapsed: 23:43, vertices: 2692, facets final: 2303, pending: 106628, pool: 300
I 1428.75] Elapsed: 23:49, vertices: 2703, facets final: 2325, pending: 106837, pool: 300
I 1434.06] Elapsed: 23:54, vertices: 2713, facets final: 2359, pending: 106631, pool: 300
I 1439.70] Elapsed: 24:00, vertices: 2723, facets final: 2380, pending: 106672, pool: 300
I 1445.25] Elapsed: 24:05, vertices: 2732, facets final: 2395, pending: 106774, pool: 300
I 1450.83] Elapsed: 24:11, vertices: 2742, facets final: 2414, pending: 106727, pool: 300
I 1455.93] Elapsed: 24:16, vertices: 2752, facets final: 2440, pending: 106694, pool: 300
I 1461.01] Elapsed: 24:21, vertices: 2762, facets final: 2448, pending: 107171, pool: 300
I 1466.07] Elapsed: 24:26, vertices: 2772, facets final: 2476, pending: 107183, pool: 300
I 1471.42] Elapsed: 24:31, vertices: 2783, facets final: 2493, pending: 107569, pool: 300
I 1476.59] Elapsed: 24:37, vertices: 2794, facets final: 2516, pending: 107915, pool: 300
I 1481.81] Elapsed: 24:42, vertices: 2804, facets final: 2538, pending: 108005, pool: 300
I 1486.82] Elapsed: 24:47, vertices: 2814, facets final: 2563, pending: 107860, pool: 300
I 1492.03] Elapsed: 24:52, vertices: 2824, facets final: 2583, pending: 107953, pool: 300
I 1497.40] Elapsed: 24:57, vertices: 2835, facets final: 2592, pending: 108230, pool: 300
I 1502.44] Elapsed: 25:02, vertices: 2845, facets final: 2617, pending: 108183, pool: 300
I 1507.87] Elapsed: 25:08, vertices: 2855, facets final: 2624, pending: 108482, pool: 300
I 1512.95] Elapsed: 25:13, vertices: 2865, facets final: 2658, pending: 108619, pool: 300
I 1518.12] Elapsed: 25:18, vertices: 2875, facets final: 2674, pending: 108680, pool: 300
I 1523.18] Elapsed: 25:23, vertices: 2885, facets final: 2692, pending: 108587, pool: 300
I 1528.54] Elapsed: 25:29, vertices: 2894, facets final: 2711, pending: 109005, pool: 300
I 1533.57] Elapsed: 25:34, vertices: 2903, facets final: 2721, pending: 108802, pool: 299
I 1538.72] Elapsed: 25:39, vertices: 2912, facets final: 2738, pending: 108754, pool: 300
I 1544.44] Elapsed: 25:44, vertices: 2921, facets final: 2763, pending: 108654, pool: 300
I 1549.81] Elapsed: 25:50, vertices: 2930, facets final: 2790, pending: 108734, pool: 300
I 1555.30] Elapsed: 25:55, vertices: 2940, facets final: 2811, pending: 108849, pool: 300
I 1560.40] Elapsed: 26:00, vertices: 2949, facets final: 2844, pending: 108845, pool: 300
I 1565.60] Elapsed: 26:06, vertices: 2959, facets final: 2871, pending: 108723, pool: 300
I 1570.87] Elapsed: 26:11, vertices: 2969, facets final: 2884, pending: 108672, pool: 299
I 1576.08] Elapsed: 26:16, vertices: 2977, facets final: 2910, pending: 108946, pool: 300
I 1581.16] Elapsed: 26:21, vertices: 2986, facets final: 2920, pending: 108923, pool: 300
I 1586.23] Elapsed: 26:26, vertices: 2995, facets final: 2940, pending: 108817, pool: 300
I 1591.54] Elapsed: 26:32, vertices: 3004, facets final: 2967, pending: 108861, pool: 300
I 1596.93] Elapsed: 26:37, vertices: 3013, facets final: 3002, pending: 108713, pool: 300
I 1602.52] Elapsed: 26:43, vertices: 3024, facets final: 3028, pending: 109008, pool: 300
I 1607.55] Elapsed: 26:48, vertices: 3033, facets final: 3045, pending: 108865, pool: 299
I 1612.55] Elapsed: 26:53, vertices: 3042, facets final: 3074, pending: 108812, pool: 300
I 1617.93] Elapsed: 26:58, vertices: 3052, facets final: 3115, pending: 108999, pool: 300
I 1623.33] Elapsed: 27:03, vertices: 3062, facets final: 3147, pending: 108935, pool: 300
I 1628.58] Elapsed: 27:09, vertices: 3071, facets final: 3166, pending: 108648, pool: 300
I 1633.68] Elapsed: 27:14, vertices: 3081, facets final: 3180, pending: 108491, pool: 299
I 1639.19] Elapsed: 27:19, vertices: 3090, facets final: 3200, pending: 108499, pool: 300
I 1644.32] Elapsed: 27:24, vertices: 3100, facets final: 3223, pending: 108456, pool: 300
I 1649.33] Elapsed: 27:29, vertices: 3109, facets final: 3249, pending: 108380, pool: 300
I 1654.77] Elapsed: 27:35, vertices: 3120, facets final: 3287, pending: 108354, pool: 300
I 1659.97] Elapsed: 27:40, vertices: 3131, facets final: 3310, pending: 108241, pool: 300
I 1665.02] Elapsed: 27:45, vertices: 3140, facets final: 3327, pending: 108239, pool: 299
I 1670.59] Elapsed: 27:51, vertices: 3151, facets final: 3356, pending: 108415, pool: 300
I 1675.79] Elapsed: 27:56, vertices: 3162, facets final: 3391, pending: 108360, pool: 300
I 1680.79] Elapsed: 28:01, vertices: 3172, facets final: 3419, pending: 108112, pool: 300
I 1686.45] Elapsed: 28:06, vertices: 3182, facets final: 3456, pending: 108173, pool: 300
I 1691.72] Elapsed: 28:12, vertices: 3191, facets final: 3469, pending: 108235, pool: 300
I 1697.24] Elapsed: 28:17, vertices: 3201, facets final: 3493, pending: 108223, pool: 300
I 1702.40] Elapsed: 28:22, vertices: 3212, facets final: 3525, pending: 108253, pool: 299
I 1707.79] Elapsed: 28:28, vertices: 3223, facets final: 3568, pending: 108113, pool: 299
I 1713.06] Elapsed: 28:33, vertices: 3234, facets final: 3592, pending: 107876, pool: 300
I 1718.43] Elapsed: 28:38, vertices: 3243, facets final: 3608, pending: 107888, pool: 300
I 1723.60] Elapsed: 28:44, vertices: 3252, facets final: 3620, pending: 107894, pool: 300
I 1728.88] Elapsed: 28:49, vertices: 3263, facets final: 3655, pending: 107867, pool: 300
I 1734.28] Elapsed: 28:54, vertices: 3274, facets final: 3696, pending: 107724, pool: 300
I 1739.61] Elapsed: 29:00, vertices: 3285, facets final: 3714, pending: 107813, pool: 300
I 1744.96] Elapsed: 29:05, vertices: 3296, facets final: 3737, pending: 108003, pool: 300
I 1750.00] Elapsed: 29:10, vertices: 3305, facets final: 3760, pending: 108123, pool: 300
I 1755.39] Elapsed: 29:15, vertices: 3316, facets final: 3801, pending: 108194, pool: 300
I 1760.79] Elapsed: 29:21, vertices: 3326, facets final: 3850, pending: 108102, pool: 300
I 1766.08] Elapsed: 29:26, vertices: 3337, facets final: 3873, pending: 108153, pool: 300
I 1771.58] Elapsed: 29:32, vertices: 3349, facets final: 3919, pending: 108048, pool: 300
I 1776.63] Elapsed: 29:37, vertices: 3360, facets final: 3944, pending: 107926, pool: 300
I 1781.70] Elapsed: 29:42, vertices: 3371, facets final: 3979, pending: 107854, pool: 300
I 1786.74] Elapsed: 29:47, vertices: 3382, facets final: 4020, pending: 107781, pool: 300
I 1791.97] Elapsed: 29:52, vertices: 3392, facets final: 4048, pending: 107814, pool: 300
I 1797.45] Elapsed: 29:57, vertices: 3403, facets final: 4071, pending: 107757, pool: 300
I 1802.65] Elapsed: 30:03, vertices: 3413, facets final: 4114, pending: 107738, pool: 300
I 1807.70] Elapsed: 30:08, vertices: 3423, facets final: 4140, pending: 107546, pool: 299
I 1813.05] Elapsed: 30:13, vertices: 3434, facets final: 4167, pending: 107339, pool: 300
I 1818.48] Elapsed: 30:18, vertices: 3445, facets final: 4187, pending: 107753, pool: 300
I 1823.59] Elapsed: 30:24, vertices: 3455, facets final: 4210, pending: 107705, pool: 300
I 1828.94] Elapsed: 30:29, vertices: 3466, facets final: 4250, pending: 107541, pool: 300
I 1834.15] Elapsed: 30:34, vertices: 3477, facets final: 4278, pending: 107690, pool: 300
I 1839.33] Elapsed: 30:39, vertices: 3488, facets final: 4301, pending: 107555, pool: 300
I 1844.50] Elapsed: 30:45, vertices: 3498, facets final: 4339, pending: 107389, pool: 300
I 1849.80] Elapsed: 30:50, vertices: 3508, facets final: 4354, pending: 107314, pool: 299
I 1855.15] Elapsed: 30:55, vertices: 3518, facets final: 4389, pending: 107319, pool: 300
I 1860.18] Elapsed: 31:00, vertices: 3529, facets final: 4429, pending: 107441, pool: 300
I 1865.20] Elapsed: 31:05, vertices: 3539, facets final: 4448, pending: 107217, pool: 300
I 1870.38] Elapsed: 31:10, vertices: 3550, facets final: 4484, pending: 107266, pool: 300
I 1875.43] Elapsed: 31:15, vertices: 3560, facets final: 4518, pending: 107260, pool: 300
I 1880.69] Elapsed: 31:21, vertices: 3570, facets final: 4558, pending: 107102, pool: 300
I 1885.87] Elapsed: 31:26, vertices: 3581, facets final: 4592, pending: 106788, pool: 300
I 1890.93] Elapsed: 31:31, vertices: 3591, facets final: 4654, pending: 106816, pool: 300
I 1896.23] Elapsed: 31:36, vertices: 3602, facets final: 4694, pending: 106610, pool: 300
I 1901.65] Elapsed: 31:42, vertices: 3613, facets final: 4749, pending: 106722, pool: 298
I 1906.75] Elapsed: 31:47, vertices: 3622, facets final: 4808, pending: 106820, pool: 300
I 1912.05] Elapsed: 31:52, vertices: 3633, facets final: 4839, pending: 106909, pool: 300
I 1917.06] Elapsed: 31:57, vertices: 3643, facets final: 4886, pending: 106857, pool: 300
I 1922.30] Elapsed: 32:02, vertices: 3655, facets final: 4940, pending: 106856, pool: 300
I 1927.61] Elapsed: 32:08, vertices: 3665, facets final: 4982, pending: 106815, pool: 300
I 1932.61] Elapsed: 32:13, vertices: 3676, facets final: 5018, pending: 106684, pool: 300
I 1937.64] Elapsed: 32:18, vertices: 3687, facets final: 5074, pending: 106565, pool: 299
I 1942.81] Elapsed: 32:23, vertices: 3698, facets final: 5128, pending: 106659, pool: 300
I 1947.96] Elapsed: 32:28, vertices: 3709, facets final: 5174, pending: 106649, pool: 298
I 1953.17] Elapsed: 32:33, vertices: 3720, facets final: 5229, pending: 106747, pool: 300
I 1958.20] Elapsed: 32:38, vertices: 3731, facets final: 5298, pending: 106804, pool: 300
I 1963.46] Elapsed: 32:43, vertices: 3741, facets final: 5334, pending: 106649, pool: 300
I 1968.48] Elapsed: 32:48, vertices: 3750, facets final: 5368, pending: 106548, pool: 300
I 1973.79] Elapsed: 32:54, vertices: 3760, facets final: 5404, pending: 106555, pool: 300
I 1979.14] Elapsed: 32:59, vertices: 3771, facets final: 5434, pending: 106430, pool: 300
I 1984.21] Elapsed: 33:04, vertices: 3781, facets final: 5491, pending: 106216, pool: 300
I 1989.53] Elapsed: 33:10, vertices: 3791, facets final: 5542, pending: 106250, pool: 300
I 1994.80] Elapsed: 33:15, vertices: 3803, facets final: 5598, pending: 106160, pool: 300
I 1999.83] Elapsed: 33:20, vertices: 3814, facets final: 5640, pending: 106250, pool: 300
I 2004.83] Elapsed: 33:25, vertices: 3824, facets final: 5670, pending: 106191, pool: 300
I 2010.30] Elapsed: 33:30, vertices: 3837, facets final: 5716, pending: 105983, pool: 300
I 2015.54] Elapsed: 33:36, vertices: 3849, facets final: 5756, pending: 105903, pool: 299
I 2020.60] Elapsed: 33:41, vertices: 3859, facets final: 5776, pending: 105844, pool: 300
I 2026.10] Elapsed: 33:46, vertices: 3871, facets final: 5851, pending: 105852, pool: 299
I 2031.19] Elapsed: 33:51, vertices: 3881, facets final: 5892, pending: 105892, pool: 300
I 2036.55] Elapsed: 33:57, vertices: 3893, facets final: 5931, pending: 105915, pool: 300
I 2041.92] Elapsed: 34:02, vertices: 3903, facets final: 5986, pending: 105827, pool: 300
I 2047.35] Elapsed: 34:07, vertices: 3915, facets final: 6047, pending: 105676, pool: 300
I 2052.43] Elapsed: 34:12, vertices: 3925, facets final: 6099, pending: 105494, pool: 300
I 2057.51] Elapsed: 34:18, vertices: 3935, facets final: 6134, pending: 105341, pool: 300
I 2062.54] Elapsed: 34:23, vertices: 3946, facets final: 6179, pending: 105261, pool: 300
I 2067.57] Elapsed: 34:28, vertices: 3957, facets final: 6252, pending: 105157, pool: 300
I 2072.92] Elapsed: 34:33, vertices: 3969, facets final: 6315, pending: 105209, pool: 300
I 2078.20] Elapsed: 34:38, vertices: 3981, facets final: 6371, pending: 105120, pool: 299
I 2083.44] Elapsed: 34:43, vertices: 3991, facets final: 6450, pending: 105160, pool: 300
I 2088.44] Elapsed: 34:48, vertices: 4002, facets final: 6521, pending: 105080, pool: 299
I 2093.91] Elapsed: 34:54, vertices: 4014, facets final: 6583, pending: 105067, pool: 300
I 2098.96] Elapsed: 34:59, vertices: 4026, facets final: 6638, pending: 104900, pool: 300
I 2104.07] Elapsed: 35:04, vertices: 4037, facets final: 6672, pending: 104792, pool: 300
I 2109.25] Elapsed: 35:09, vertices: 4048, facets final: 6717, pending: 104659, pool: 300
I 2114.55] Elapsed: 35:15, vertices: 4059, facets final: 6806, pending: 104500, pool: 300
I 2119.92] Elapsed: 35:20, vertices: 4070, facets final: 6899, pending: 104624, pool: 300
I 2125.05] Elapsed: 35:25, vertices: 4081, facets final: 6977, pending: 104555, pool: 300
I 2130.18] Elapsed: 35:30, vertices: 4092, facets final: 7049, pending: 104495, pool: 300
I 2135.70] Elapsed: 35:36, vertices: 4103, facets final: 7135, pending: 104531, pool: 300
I 2140.85] Elapsed: 35:41, vertices: 4115, facets final: 7206, pending: 104528, pool: 299
I 2146.04] Elapsed: 35:46, vertices: 4126, facets final: 7248, pending: 104458, pool: 300
I 2151.32] Elapsed: 35:51, vertices: 4138, facets final: 7317, pending: 104346, pool: 300
I 2156.34] Elapsed: 35:56, vertices: 4149, facets final: 7440, pending: 104145, pool: 300
I 2161.75] Elapsed: 36:02, vertices: 4161, facets final: 7492, pending: 103925, pool: 300
I 2166.93] Elapsed: 36:07, vertices: 4173, facets final: 7567, pending: 103826, pool: 300
I 2172.12] Elapsed: 36:12, vertices: 4185, facets final: 7611, pending: 103663, pool: 300
I 2177.13] Elapsed: 36:17, vertices: 4194, facets final: 7660, pending: 103360, pool: 300
I 2182.22] Elapsed: 36:22, vertices: 4205, facets final: 7706, pending: 103303, pool: 300
I 2187.31] Elapsed: 36:27, vertices: 4216, facets final: 7763, pending: 103155, pool: 300
I 2192.37] Elapsed: 36:32, vertices: 4228, facets final: 7879, pending: 103128, pool: 300
I 2197.46] Elapsed: 36:37, vertices: 4240, facets final: 7975, pending: 103013, pool: 299
I 2202.57] Elapsed: 36:43, vertices: 4251, facets final: 8055, pending: 102979, pool: 300
I 2207.82] Elapsed: 36:48, vertices: 4262, facets final: 8129, pending: 102811, pool: 299
I 2212.95] Elapsed: 36:53, vertices: 4273, facets final: 8195, pending: 102849, pool: 300
I 2218.22] Elapsed: 36:58, vertices: 4285, facets final: 8304, pending: 102838, pool: 300
I 2223.54] Elapsed: 37:04, vertices: 4297, facets final: 8410, pending: 102701, pool: 300
I 2228.54] Elapsed: 37:09, vertices: 4308, facets final: 8505, pending: 102562, pool: 300
I 2233.73] Elapsed: 37:14, vertices: 4319, facets final: 8555, pending: 102488, pool: 300
I 2239.10] Elapsed: 37:19, vertices: 4331, facets final: 8625, pending: 102459, pool: 299
I 2244.37] Elapsed: 37:24, vertices: 4342, facets final: 8753, pending: 102284, pool: 300
I 2249.49] Elapsed: 37:29, vertices: 4354, facets final: 8829, pending: 102120, pool: 300
I 2254.62] Elapsed: 37:35, vertices: 4366, facets final: 8927, pending: 102066, pool: 299
I 2259.98] Elapsed: 37:40, vertices: 4378, facets final: 9001, pending: 102022, pool: 300
I 2265.16] Elapsed: 37:45, vertices: 4390, facets final: 9077, pending: 101855, pool: 300
I 2270.48] Elapsed: 37:50, vertices: 4401, facets final: 9147, pending: 101797, pool: 300
I 2275.49] Elapsed: 37:55, vertices: 4412, facets final: 9220, pending: 101787, pool: 300
I 2280.67] Elapsed: 38:01, vertices: 4423, facets final: 9337, pending: 101643, pool: 300
I 2285.91] Elapsed: 38:06, vertices: 4434, facets final: 9498, pending: 101453, pool: 296
I 2290.98] Elapsed: 38:11, vertices: 4445, facets final: 9660, pending: 101244, pool: 300
I 2296.01] Elapsed: 38:16, vertices: 4456, facets final: 9747, pending: 101116, pool: 300
I 2301.18] Elapsed: 38:21, vertices: 4467, facets final: 9851, pending: 100971, pool: 300
I 2306.46] Elapsed: 38:26, vertices: 4479, facets final: 9904, pending: 100948, pool: 300
I 2311.76] Elapsed: 38:32, vertices: 4490, facets final: 10089, pending: 100847, pool: 299
I 2317.06] Elapsed: 38:37, vertices: 4501, facets final: 10188, pending: 100803, pool: 300
I 2322.26] Elapsed: 38:42, vertices: 4513, facets final: 10308, pending: 100727, pool: 300
I 2327.26] Elapsed: 38:47, vertices: 4524, facets final: 10412, pending: 100572, pool: 300
I 2332.59] Elapsed: 38:53, vertices: 4536, facets final: 10514, pending: 100423, pool: 300
I 2337.65] Elapsed: 38:58, vertices: 4547, facets final: 10649, pending: 100149, pool: 300
I 2342.92] Elapsed: 39:03, vertices: 4559, facets final: 10792, pending: 99959, pool: 300
I 2348.07] Elapsed: 39:08, vertices: 4571, facets final: 10859, pending: 99892, pool: 300
I 2353.12] Elapsed: 39:13, vertices: 4582, facets final: 10975, pending: 99799, pool: 300
I 2358.26] Elapsed: 39:18, vertices: 4594, facets final: 11085, pending: 99631, pool: 300
I 2363.46] Elapsed: 39:23, vertices: 4606, facets final: 11182, pending: 99496, pool: 300
I 2368.61] Elapsed: 39:29, vertices: 4618, facets final: 11349, pending: 99373, pool: 300
I 2373.70] Elapsed: 39:34, vertices: 4630, facets final: 11463, pending: 99157, pool: 300
I 2379.02] Elapsed: 39:39, vertices: 4642, facets final: 11639, pending: 98938, pool: 300
I 2384.50] Elapsed: 39:45, vertices: 4655, facets final: 11790, pending: 98672, pool: 300
I 2389.69] Elapsed: 39:50, vertices: 4667, facets final: 11902, pending: 98444, pool: 300
I 2394.79] Elapsed: 39:55, vertices: 4679, facets final: 12058, pending: 98220, pool: 300
I 2399.97] Elapsed: 40:00, vertices: 4691, facets final: 12247, pending: 98018, pool: 300
I 2405.28] Elapsed: 40:05, vertices: 4703, facets final: 12415, pending: 97998, pool: 300
I 2410.47] Elapsed: 40:10, vertices: 4715, facets final: 12566, pending: 97716, pool: 300
I 2415.60] Elapsed: 40:16, vertices: 4727, facets final: 12665, pending: 97626, pool: 300
I 2420.83] Elapsed: 40:21, vertices: 4739, facets final: 12852, pending: 97471, pool: 299
I 2426.21] Elapsed: 40:26, vertices: 4751, facets final: 13011, pending: 97233, pool: 300
I 2431.41] Elapsed: 40:31, vertices: 4763, facets final: 13206, pending: 97048, pool: 300
I 2436.81] Elapsed: 40:37, vertices: 4775, facets final: 13359, pending: 96938, pool: 300
I 2441.95] Elapsed: 40:42, vertices: 4787, facets final: 13484, pending: 96665, pool: 298
I 2447.09] Elapsed: 40:47, vertices: 4799, facets final: 13632, pending: 96481, pool: 299
I 2452.17] Elapsed: 40:52, vertices: 4810, facets final: 13785, pending: 96457, pool: 300
I 2457.28] Elapsed: 40:57, vertices: 4822, facets final: 13938, pending: 96154, pool: 299
I 2462.54] Elapsed: 41:03, vertices: 4834, facets final: 14150, pending: 95832, pool: 300
I 2467.54] Elapsed: 41:08, vertices: 4845, facets final: 14339, pending: 95659, pool: 300
I 2472.88] Elapsed: 41:13, vertices: 4857, facets final: 14481, pending: 95456, pool: 299
I 2477.88] Elapsed: 41:18, vertices: 4868, facets final: 14727, pending: 95145, pool: 299
I 2483.10] Elapsed: 41:23, vertices: 4880, facets final: 14897, pending: 94926, pool: 300
I 2488.21] Elapsed: 41:28, vertices: 4891, facets final: 15011, pending: 94946, pool: 300
I 2493.39] Elapsed: 41:33, vertices: 4902, facets final: 15228, pending: 94701, pool: 300
I 2498.67] Elapsed: 41:39, vertices: 4913, facets final: 15378, pending: 94603, pool: 300
I 2503.67] Elapsed: 41:44, vertices: 4925, facets final: 15505, pending: 94438, pool: 300
I 2508.84] Elapsed: 41:49, vertices: 4937, facets final: 15691, pending: 94300, pool: 300
I 2514.04] Elapsed: 41:54, vertices: 4949, facets final: 15890, pending: 94144, pool: 300
I 2519.04] Elapsed: 41:59, vertices: 4960, facets final: 16195, pending: 93779, pool: 300
I 2524.08] Elapsed: 42:04, vertices: 4972, facets final: 16373, pending: 93526, pool: 299
I 2529.21] Elapsed: 42:09, vertices: 4984, facets final: 16534, pending: 93339, pool: 299
I 2534.21] Elapsed: 42:14, vertices: 4995, facets final: 16798, pending: 93050, pool: 299
I 2539.53] Elapsed: 42:20, vertices: 5007, facets final: 17010, pending: 92810, pool: 300
I 2544.53] Elapsed: 42:25, vertices: 5018, facets final: 17384, pending: 92401, pool: 300
I 2549.83] Elapsed: 42:30, vertices: 5030, facets final: 17640, pending: 92185, pool: 300
I 2554.96] Elapsed: 42:35, vertices: 5041, facets final: 17946, pending: 91785, pool: 300
I 2560.07] Elapsed: 42:40, vertices: 5054, facets final: 18161, pending: 91566, pool: 295
I 2565.25] Elapsed: 42:45, vertices: 5066, facets final: 18424, pending: 91244, pool: 300
I 2570.58] Elapsed: 42:51, vertices: 5078, facets final: 18747, pending: 90825, pool: 300
I 2575.70] Elapsed: 42:56, vertices: 5089, facets final: 19185, pending: 90348, pool: 300
I 2580.70] Elapsed: 43:01, vertices: 5101, facets final: 19326, pending: 90122, pool: 300
I 2585.83] Elapsed: 43:06, vertices: 5113, facets final: 19519, pending: 89889, pool: 300
I 2590.87] Elapsed: 43:11, vertices: 5124, facets final: 19790, pending: 89575, pool: 300
I 2595.87] Elapsed: 43:16, vertices: 5134, facets final: 20150, pending: 89083, pool: 300
I 2601.15] Elapsed: 43:21, vertices: 5145, facets final: 20556, pending: 88588, pool: 300
I 2606.22] Elapsed: 43:26, vertices: 5157, facets final: 20835, pending: 88290, pool: 300
I 2611.36] Elapsed: 43:31, vertices: 5169, facets final: 21168, pending: 87973, pool: 300
I 2616.41] Elapsed: 43:36, vertices: 5180, facets final: 21589, pending: 87556, pool: 298
I 2621.55] Elapsed: 43:42, vertices: 5192, facets final: 21815, pending: 87322, pool: 300
I 2626.63] Elapsed: 43:47, vertices: 5204, facets final: 22018, pending: 87057, pool: 300
I 2631.63] Elapsed: 43:52, vertices: 5216, facets final: 22230, pending: 86831, pool: 300
I 2636.75] Elapsed: 43:57, vertices: 5228, facets final: 22466, pending: 86595, pool: 299
I 2641.75] Elapsed: 44:02, vertices: 5239, facets final: 22841, pending: 86212, pool: 299
I 2646.75] Elapsed: 44:07, vertices: 5249, facets final: 23349, pending: 85698, pool: 298
I 2651.90] Elapsed: 44:12, vertices: 5260, facets final: 23746, pending: 85208, pool: 298
I 2657.17] Elapsed: 44:17, vertices: 5271, facets final: 24252, pending: 84696, pool: 300
I 2662.17] Elapsed: 44:22, vertices: 5281, facets final: 24766, pending: 84215, pool: 298
I 2667.17] Elapsed: 44:27, vertices: 5292, facets final: 25103, pending: 83832, pool: 297
I 2672.46] Elapsed: 44:32, vertices: 5304, facets final: 25385, pending: 83531, pool: 297
I 2677.51] Elapsed: 44:38, vertices: 5314, facets final: 25916, pending: 83002, pool: 300
I 2682.68] Elapsed: 44:43, vertices: 5325, facets final: 26376, pending: 82543, pool: 299
I 2687.80] Elapsed: 44:48, vertices: 5336, facets final: 26783, pending: 82104, pool: 300
I 2693.00] Elapsed: 44:53, vertices: 5348, facets final: 27076, pending: 81728, pool: 300
I 2698.03] Elapsed: 44:58, vertices: 5360, facets final: 27314, pending: 81434, pool: 299
I 2703.40] Elapsed: 45:03, vertices: 5371, facets final: 27812, pending: 80886, pool: 300
I 2708.40] Elapsed: 45:08, vertices: 5382, facets final: 28163, pending: 80507, pool: 299
I 2713.63] Elapsed: 45:14, vertices: 5393, facets final: 28663, pending: 79948, pool: 300
I 2719.06] Elapsed: 45:19, vertices: 5404, facets final: 29115, pending: 79435, pool: 300
I 2724.18] Elapsed: 45:24, vertices: 5415, facets final: 29535, pending: 78977, pool: 299
I 2729.18] Elapsed: 45:29, vertices: 5425, facets final: 30048, pending: 78425, pool: 300
I 2734.18] Elapsed: 45:34, vertices: 5436, facets final: 30444, pending: 78001, pool: 299
I 2739.18] Elapsed: 45:39, vertices: 5446, facets final: 30971, pending: 77430, pool: 297
I 2744.46] Elapsed: 45:44, vertices: 5456, facets final: 31628, pending: 76736, pool: 300
I 2749.78] Elapsed: 45:50, vertices: 5467, facets final: 32109, pending: 76172, pool: 298
I 2754.83] Elapsed: 45:55, vertices: 5476, facets final: 32817, pending: 75488, pool: 300
I 2759.98] Elapsed: 46:00, vertices: 5488, facets final: 33131, pending: 75151, pool: 300
I 2764.98] Elapsed: 46:05, vertices: 5497, facets final: 33831, pending: 74430, pool: 299
I 2769.98] Elapsed: 46:10, vertices: 5506, facets final: 34446, pending: 73779, pool: 299
I 2775.08] Elapsed: 46:15, vertices: 5515, facets final: 35148, pending: 73104, pool: 300
Final facet 72934 is on the negative side of vertex 5517 (d=-3.27492e-08)
   vertex:  0 8/71 57/355 1542/355 1502/355 63/355 0 0 0 0
I 2780.41] Elapsed: 46:20, vertices: 5526, facets final: 35670, pending: 72590, pool: 299
I 2785.41] Elapsed: 46:25, vertices: 5535, facets final: 36346, pending: 71922, pool: 299
I 2790.52] Elapsed: 46:31, vertices: 5544, facets final: 37041, pending: 71304, pool: 299
I 2795.60] Elapsed: 46:36, vertices: 5553, facets final: 37704, pending: 70592, pool: 297
I 2800.60] Elapsed: 46:41, vertices: 5563, facets final: 38291, pending: 69997, pool: 290
I 2805.60] Elapsed: 46:46, vertices: 5570, facets final: 39273, pending: 69013, pool: 295
I 2810.73] Elapsed: 46:51, vertices: 5579, facets final: 39946, pending: 68414, pool: 298
I 2815.73] Elapsed: 46:56, vertices: 5587, facets final: 40758, pending: 67619, pool: 297
I 2821.16] Elapsed: 47:01, vertices: 5595, facets final: 41746, pending: 66652, pool: 299
I 2826.18] Elapsed: 47:06, vertices: 5603, facets final: 42582, pending: 65815, pool: 298
I 2831.31] Elapsed: 47:11, vertices: 5613, facets final: 43250, pending: 65124, pool: 298
I 2836.42] Elapsed: 47:16, vertices: 5621, facets final: 44195, pending: 64164, pool: 299
I 2841.56] Elapsed: 47:22, vertices: 5632, facets final: 44766, pending: 63566, pool: 295
I 2846.75] Elapsed: 47:27, vertices: 5641, facets final: 45587, pending: 62705, pool: 297
I 2851.94] Elapsed: 47:32, vertices: 5648, facets final: 46729, pending: 61534, pool: 298
I 2856.94] Elapsed: 47:37, vertices: 5657, facets final: 47506, pending: 60745, pool: 298
I 2861.94] Elapsed: 47:42, vertices: 5665, facets final: 48412, pending: 59830, pool: 297
I 2866.94] Elapsed: 47:47, vertices: 5674, facets final: 49180, pending: 59049, pool: 294
I 2871.94] Elapsed: 47:52, vertices: 5682, facets final: 50085, pending: 58124, pool: 296
I 2877.09] Elapsed: 47:57, vertices: 5690, facets final: 51070, pending: 57168, pool: 298
I 2882.09] Elapsed: 48:02, vertices: 5698, facets final: 51978, pending: 56258, pool: 299
I 2887.09] Elapsed: 48:07, vertices: 5707, facets final: 52641, pending: 55642, pool: 294
I 2892.41] Elapsed: 48:12, vertices: 5717, facets final: 53385, pending: 54898, pool: 292
I 2897.47] Elapsed: 48:17, vertices: 5726, facets final: 54233, pending: 54077, pool: 285
I 2902.72] Elapsed: 48:23, vertices: 5737, facets final: 54914, pending: 53365, pool: 278
I 2907.72] Elapsed: 48:28, vertices: 5745, facets final: 55887, pending: 52384, pool: 280
I 2912.93] Elapsed: 48:33, vertices: 5751, facets final: 57190, pending: 51076, pool: 275
I 2917.99] Elapsed: 48:38, vertices: 5759, facets final: 58204, pending: 50049, pool: 275
I 2923.12] Elapsed: 48:43, vertices: 5768, facets final: 59119, pending: 49117, pool: 271
I 2928.22] Elapsed: 48:48, vertices: 5774, facets final: 60383, pending: 47847, pool: 273
I 2933.22] Elapsed: 48:53, vertices: 5781, facets final: 61512, pending: 46709, pool: 268
I 2938.22] Elapsed: 48:58, vertices: 5789, facets final: 62449, pending: 45755, pool: 270
I 2943.49] Elapsed: 49:03, vertices: 5798, facets final: 63447, pending: 44751, pool: 265
I 2948.72] Elapsed: 49:09, vertices: 5806, facets final: 64476, pending: 43735, pool: 264
I 2953.72] Elapsed: 49:14, vertices: 5814, facets final: 65534, pending: 42694, pool: 261
I 2958.72] Elapsed: 49:19, vertices: 5824, facets final: 66393, pending: 41827, pool: 253
I 2963.72] Elapsed: 49:24, vertices: 5833, facets final: 67365, pending: 40866, pool: 248
Final facet 109178 is on the negative side of vertex 5839 (d=-1.8146e-07)
   vertex:  3/40 25/16 15/8 17/8 171/80 9/80 0 0 0 0
I 2968.72] Elapsed: 49:29, vertices: 5839, facets final: 68675, pending: 39546, pool: 247
I 2973.89] Elapsed: 49:34, vertices: 5846, facets final: 69966, pending: 38280, pool: 241
I 2978.99] Elapsed: 49:39, vertices: 5857, facets final: 70834, pending: 37422, pool: 232
Final facet 104758 is on the negative side of vertex 5865 (d=-4.75674e-07)
   vertex:  70/81 5/27 185/81 13/9 212/81 1/9 0 10/81 0 0
I 2984.08] Elapsed: 49:44, vertices: 5867, facets final: 71822, pending: 36413, pool: 227
I 2989.08] Elapsed: 49:49, vertices: 5875, facets final: 72989, pending: 35240, pool: 223
I 2994.13] Elapsed: 49:54, vertices: 5883, facets final: 74203, pending: 34025, pool: 220
I 2999.13] Elapsed: 49:59, vertices: 5892, facets final: 75311, pending: 32922, pool: 213
I 3004.13] Elapsed: 50:04, vertices: 5901, facets final: 76368, pending: 31856, pool: 207
I 3009.13] Elapsed: 50:09, vertices: 5910, facets final: 77497, pending: 30771, pool: 204
I 3014.13] Elapsed: 50:14, vertices: 5915, facets final: 79016, pending: 29254, pool: 206
I 3019.13] Elapsed: 50:19, vertices: 5921, facets final: 80442, pending: 27829, pool: 201
I 3024.13] Elapsed: 50:24, vertices: 5932, facets final: 81442, pending: 26813, pool: 195
I 3029.13] Elapsed: 50:29, vertices: 5938, facets final: 82895, pending: 25354, pool: 193
I 3034.13] Elapsed: 50:34, vertices: 5945, facets final: 84271, pending: 23975, pool: 191
I 3039.13] Elapsed: 50:39, vertices: 5953, facets final: 85579, pending: 22675, pool: 186
I 3044.27] Elapsed: 50:44, vertices: 5962, facets final: 86883, pending: 21358, pool: 179
I 3049.27] Elapsed: 50:49, vertices: 5971, facets final: 88153, pending: 20090, pool: 174
I 3054.38] Elapsed: 50:54, vertices: 5982, facets final: 89296, pending: 18969, pool: 171
I 3059.54] Elapsed: 51:00, vertices: 5991, facets final: 90645, pending: 17610, pool: 166
I 3064.54] Elapsed: 51:05, vertices: 6001, facets final: 91778, pending: 16483, pool: 158
I 3069.68] Elapsed: 51:10, vertices: 6011, facets final: 93103, pending: 15145, pool: 149
I 3074.68] Elapsed: 51:15, vertices: 6020, facets final: 94489, pending: 13746, pool: 141
I 3079.68] Elapsed: 51:20, vertices: 6029, facets final: 95913, pending: 12329, pool: 133
I 3084.77] Elapsed: 51:25, vertices: 6041, facets final: 97209, pending: 11015, pool: 125
I 3089.77] Elapsed: 51:30, vertices: 6049, facets final: 98743, pending: 9465, pool: 120
I 3094.77] Elapsed: 51:35, vertices: 6061, facets final: 100082, pending: 8110, pool: 110
I 3099.77] Elapsed: 51:40, vertices: 6069, facets final: 101675, pending: 6524, pool: 104
I 3104.77] Elapsed: 51:45, vertices: 6075, facets final: 103366, pending: 4821, pool: 101
I 3109.77] Elapsed: 51:50, vertices: 6082, facets final: 105032, pending: 3154, pool: 95
I 3114.77] Elapsed: 51:55, vertices: 6097, facets final: 106358, pending: 1823, pool: 82
I 3119.78] Elapsed: 52:00, vertices: 6125, facets final: 107207, pending: 970, pool: 58
I 3124.78] Elapsed: 52:05, vertices: 6186, facets final: 107800, pending: 400, pool: 10
I 3126.84] Elapsed: 52:07, vertices: 6224, facets final: 108188, pending: 0

--------------------------------
Problem completed
 name                    43.vlp
 output                  vlp/43.res
 rows, cols, objs        23, 3731, 10
 vertices, facets        6224, 108188
 total time              52:07
--------------------------------
Statistics
LP:
 oracle calls            116122
   avg iterations/calls  8.08
 total oracle time       4:45
Combinatorics:
 vertices added          6224
 facets probed           152260
 facets # max            112248
 memory allocated        203.14M
 instability warnings    20
 storage expansion
   vertices # / upto     49 / 6268
   facets   # / upto     28 / 114684
 facet manipulating
   added avg / max       214.11 / 4.27k
   compressed            492
 number of ridge tests
   avg / max             15.51M / 280.50M
--------------------------------
Parameters with non-default values
 VertexPoolSize = 300
 PolytopeEps = 8e-09
