C copy string: r=c:ab;ar,br,c,dr;ar,br,cr,d; ineq: base20.txt
I    3.09] recalculating facets...
I    5.01] Elapsed: 5.01, vertices: 137, facets final: 9, pending: 7440, pool: 100
I    9.38] recalculating facets...
I   10.03] Elapsed: 10.03, vertices: 207, facets final: 10, pending: 11383, pool: 100
I   15.09] Elapsed: 15.09, vertices: 258, facets final: 11, pending: 14015, pool: 100
I   20.15] Elapsed: 20.15, vertices: 298, facets final: 16, pending: 15587, pool: 100
I   20.39] recalculating facets...
I   25.15] Elapsed: 25.15, vertices: 334, facets final: 18, pending: 16686, pool: 100
I   30.17] Elapsed: 30.17, vertices: 368, facets final: 22, pending: 18164, pool: 100
I   35.09] recalculating facets...
I   35.26] Elapsed: 35.26, vertices: 400, facets final: 27, pending: 19727, pool: 100
I   40.26] Elapsed: 40.26, vertices: 428, facets final: 27, pending: 21235, pool: 100
I   45.26] Elapsed: 45.26, vertices: 455, facets final: 34, pending: 22302, pool: 100
I   50.30] Elapsed: 50.30, vertices: 481, facets final: 35, pending: 23365, pool: 100
I   54.01] recalculating facets...
I   55.41] Elapsed: 55.41, vertices: 505, facets final: 38, pending: 24262, pool: 100
I   60.51] Elapsed: 1:01, vertices: 527, facets final: 40, pending: 24552, pool: 100
I   65.54] Elapsed: 1:06, vertices: 547, facets final: 48, pending: 24953, pool: 100
I   70.54] Elapsed: 1:11, vertices: 566, facets final: 50, pending: 25051, pool: 100
I   75.58] Elapsed: 1:16, vertices: 587, facets final: 50, pending: 26114, pool: 100
I   78.50] recalculating facets...
I   80.61] Elapsed: 1:21, vertices: 608, facets final: 56, pending: 26841, pool: 100
I   85.73] Elapsed: 1:26, vertices: 630, facets final: 61, pending: 27437, pool: 100
I   90.75] Elapsed: 1:31, vertices: 649, facets final: 64, pending: 27910, pool: 100
I   95.99] Elapsed: 1:36, vertices: 669, facets final: 67, pending: 28795, pool: 100
I  101.12] Elapsed: 1:41, vertices: 687, facets final: 71, pending: 28885, pool: 100
I  104.92] recalculating facets...
I  106.14] Elapsed: 1:46, vertices: 704, facets final: 71, pending: 29348, pool: 100
I  111.15] Elapsed: 1:51, vertices: 722, facets final: 74, pending: 29714, pool: 99
I  116.24] Elapsed: 1:56, vertices: 739, facets final: 76, pending: 29718, pool: 100
I  121.27] Elapsed: 2:01, vertices: 756, facets final: 80, pending: 30133, pool: 100
I  126.35] Elapsed: 2:06, vertices: 774, facets final: 83, pending: 30676, pool: 100
I  131.43] Elapsed: 2:11, vertices: 792, facets final: 87, pending: 31286, pool: 100
I  133.81] recalculating facets...
I  136.48] Elapsed: 2:16, vertices: 808, facets final: 92, pending: 32081, pool: 99
I  141.57] Elapsed: 2:22, vertices: 825, facets final: 97, pending: 32525, pool: 100
I  146.67] Elapsed: 2:27, vertices: 840, facets final: 98, pending: 32826, pool: 100
I  151.74] Elapsed: 2:32, vertices: 854, facets final: 101, pending: 33409, pool: 100
I  156.78] Elapsed: 2:37, vertices: 870, facets final: 103, pending: 33480, pool: 100
I  162.08] Elapsed: 2:42, vertices: 883, facets final: 104, pending: 33664, pool: 100
I  167.34] Elapsed: 2:47, vertices: 895, facets final: 106, pending: 33699, pool: 100
I  169.71] recalculating facets...
I  172.47] Elapsed: 2:52, vertices: 904, facets final: 108, pending: 33706, pool: 100
I  177.66] Elapsed: 2:58, vertices: 918, facets final: 110, pending: 33976, pool: 100
I  182.71] Elapsed: 3:03, vertices: 931, facets final: 113, pending: 34441, pool: 100
I  187.78] Elapsed: 3:08, vertices: 945, facets final: 115, pending: 34730, pool: 100
I  192.79] Elapsed: 3:13, vertices: 959, facets final: 120, pending: 34732, pool: 100
I  197.88] Elapsed: 3:18, vertices: 972, facets final: 124, pending: 34904, pool: 100
I  202.88] Elapsed: 3:23, vertices: 986, facets final: 124, pending: 35438, pool: 100
I  207.75] recalculating facets...
I  208.05] Elapsed: 3:28, vertices: 1000, facets final: 125, pending: 35143, pool: 100
I  213.06] Elapsed: 3:33, vertices: 1016, facets final: 129, pending: 35268, pool: 100
I  218.13] Elapsed: 3:38, vertices: 1032, facets final: 136, pending: 35620, pool: 100
I  223.37] Elapsed: 3:43, vertices: 1045, facets final: 139, pending: 35410, pool: 100
I  228.42] Elapsed: 3:48, vertices: 1059, facets final: 145, pending: 35386, pool: 100
I  233.47] Elapsed: 3:53, vertices: 1073, facets final: 148, pending: 35480, pool: 100
I  238.61] Elapsed: 3:59, vertices: 1087, facets final: 151, pending: 35440, pool: 100
I  242.98] recalculating facets...
I  243.62] Elapsed: 4:04, vertices: 1102, facets final: 152, pending: 35602, pool: 100
I  248.70] Elapsed: 4:09, vertices: 1117, facets final: 154, pending: 35701, pool: 100
I  253.70] Elapsed: 4:14, vertices: 1132, facets final: 162, pending: 35614, pool: 100
I  258.71] Elapsed: 4:19, vertices: 1143, facets final: 166, pending: 35779, pool: 100
I  263.83] Elapsed: 4:24, vertices: 1159, facets final: 168, pending: 35671, pool: 100
I  268.93] Elapsed: 4:29, vertices: 1173, facets final: 173, pending: 35431, pool: 100
I  273.95] Elapsed: 4:34, vertices: 1189, facets final: 177, pending: 35481, pool: 100
I  279.12] Elapsed: 4:39, vertices: 1200, facets final: 179, pending: 35657, pool: 100
I  279.12] recalculating facets...
I  284.15] Elapsed: 4:44, vertices: 1212, facets final: 181, pending: 35508, pool: 100
I  289.28] Elapsed: 4:49, vertices: 1227, facets final: 191, pending: 35489, pool: 100
I  294.35] Elapsed: 4:54, vertices: 1242, facets final: 195, pending: 35655, pool: 100
I  299.38] Elapsed: 4:59, vertices: 1257, facets final: 199, pending: 35799, pool: 100
I  304.63] Elapsed: 5:05, vertices: 1274, facets final: 202, pending: 36037, pool: 100
I  309.66] Elapsed: 5:10, vertices: 1285, facets final: 205, pending: 35891, pool: 100
I  314.76] Elapsed: 5:15, vertices: 1300, facets final: 209, pending: 36049, pool: 100
I  314.76] recalculating facets...
I  319.89] Elapsed: 5:20, vertices: 1313, facets final: 220, pending: 35702, pool: 100
I  324.89] Elapsed: 5:25, vertices: 1327, facets final: 224, pending: 35596, pool: 100
I  330.01] Elapsed: 5:30, vertices: 1341, facets final: 228, pending: 36029, pool: 100
I  335.05] Elapsed: 5:35, vertices: 1354, facets final: 231, pending: 36046, pool: 100
I  340.06] Elapsed: 5:40, vertices: 1369, facets final: 234, pending: 35988, pool: 100
I  345.09] Elapsed: 5:45, vertices: 1384, facets final: 243, pending: 35835, pool: 100
I  350.42] Elapsed: 5:50, vertices: 1398, facets final: 249, pending: 35799, pool: 100
I  351.15] recalculating facets...
I  355.45] Elapsed: 5:55, vertices: 1411, facets final: 253, pending: 35982, pool: 100
I  360.53] Elapsed: 6:01, vertices: 1425, facets final: 260, pending: 35932, pool: 100
I  365.62] Elapsed: 6:06, vertices: 1437, facets final: 264, pending: 35705, pool: 100
I  370.64] Elapsed: 6:11, vertices: 1450, facets final: 269, pending: 35447, pool: 100
I  375.66] Elapsed: 6:16, vertices: 1463, facets final: 271, pending: 35668, pool: 100
I  380.71] Elapsed: 6:21, vertices: 1477, facets final: 273, pending: 35881, pool: 100
I  385.72] Elapsed: 6:26, vertices: 1492, facets final: 278, pending: 35768, pool: 100
I  388.22] recalculating facets...
I  390.91] Elapsed: 6:31, vertices: 1506, facets final: 285, pending: 35678, pool: 100
I  395.91] Elapsed: 6:36, vertices: 1522, facets final: 291, pending: 35558, pool: 100
I  400.92] Elapsed: 6:41, vertices: 1537, facets final: 298, pending: 35588, pool: 100
I  406.15] Elapsed: 6:46, vertices: 1552, facets final: 300, pending: 35332, pool: 100
I  411.26] Elapsed: 6:51, vertices: 1568, facets final: 309, pending: 35234, pool: 100
I  416.38] Elapsed: 6:56, vertices: 1580, facets final: 313, pending: 35235, pool: 100
I  421.45] Elapsed: 7:01, vertices: 1598, facets final: 317, pending: 35429, pool: 100
I  422.01] recalculating facets...
I  426.57] Elapsed: 7:07, vertices: 1613, facets final: 325, pending: 35499, pool: 100
I  431.63] Elapsed: 7:12, vertices: 1626, facets final: 329, pending: 35567, pool: 100
I  436.69] Elapsed: 7:17, vertices: 1642, facets final: 339, pending: 35614, pool: 100
I  442.01] Elapsed: 7:22, vertices: 1654, facets final: 342, pending: 35664, pool: 100
I  447.14] Elapsed: 7:27, vertices: 1668, facets final: 350, pending: 35475, pool: 100
I  452.20] Elapsed: 7:32, vertices: 1682, facets final: 354, pending: 35568, pool: 100
I  457.28] Elapsed: 7:37, vertices: 1697, facets final: 359, pending: 35546, pool: 100
I  458.51] recalculating facets...
I  462.54] Elapsed: 7:43, vertices: 1709, facets final: 363, pending: 35545, pool: 100
I  467.61] Elapsed: 7:48, vertices: 1722, facets final: 375, pending: 35574, pool: 100
I  472.63] Elapsed: 7:53, vertices: 1737, facets final: 380, pending: 35400, pool: 100
I  477.80] Elapsed: 7:58, vertices: 1750, facets final: 384, pending: 35622, pool: 100
I  482.97] Elapsed: 8:03, vertices: 1765, facets final: 392, pending: 35651, pool: 100
I  488.02] Elapsed: 8:08, vertices: 1779, facets final: 395, pending: 35953, pool: 100
I  493.02] Elapsed: 8:13, vertices: 1790, facets final: 399, pending: 36086, pool: 100
I  497.05] recalculating facets...
I  498.07] Elapsed: 8:18, vertices: 1802, facets final: 404, pending: 36138, pool: 100
I  503.09] Elapsed: 8:23, vertices: 1817, facets final: 412, pending: 36127, pool: 100
I  508.23] Elapsed: 8:28, vertices: 1832, facets final: 426, pending: 36105, pool: 100
I  513.37] Elapsed: 8:33, vertices: 1846, facets final: 434, pending: 35944, pool: 100
I  518.40] Elapsed: 8:38, vertices: 1862, facets final: 449, pending: 36268, pool: 100
I  523.49] Elapsed: 8:43, vertices: 1875, facets final: 456, pending: 36128, pool: 100
I  528.70] Elapsed: 8:49, vertices: 1890, facets final: 464, pending: 35955, pool: 100
I  532.38] recalculating facets...
I  533.85] Elapsed: 8:54, vertices: 1904, facets final: 471, pending: 35949, pool: 100
I  539.46] Elapsed: 8:59, vertices: 1916, facets final: 477, pending: 35725, pool: 100
I  544.51] Elapsed: 9:05, vertices: 1930, facets final: 484, pending: 35647, pool: 100
I  549.62] Elapsed: 9:10, vertices: 1944, facets final: 498, pending: 35914, pool: 100
I  555.02] Elapsed: 9:15, vertices: 1959, facets final: 500, pending: 35930, pool: 100
I  560.11] Elapsed: 9:20, vertices: 1973, facets final: 515, pending: 35655, pool: 100
I  565.19] Elapsed: 9:25, vertices: 1988, facets final: 521, pending: 35692, pool: 100
I  569.14] recalculating facets...
I  570.25] Elapsed: 9:30, vertices: 2003, facets final: 524, pending: 35732, pool: 100
I  575.33] Elapsed: 9:35, vertices: 2018, facets final: 534, pending: 35865, pool: 100
I  580.40] Elapsed: 9:40, vertices: 2032, facets final: 544, pending: 35889, pool: 100
I  585.48] Elapsed: 9:45, vertices: 2046, facets final: 551, pending: 35826, pool: 100
I  590.61] Elapsed: 9:51, vertices: 2059, facets final: 555, pending: 35694, pool: 99
I  595.74] Elapsed: 9:56, vertices: 2073, facets final: 562, pending: 35644, pool: 100
I  600.89] Elapsed: 10:01, vertices: 2089, facets final: 568, pending: 35589, pool: 100
I  604.81] recalculating facets...
I  605.98] Elapsed: 10:06, vertices: 2103, facets final: 577, pending: 35700, pool: 99
I  611.06] Elapsed: 10:11, vertices: 2116, facets final: 583, pending: 35561, pool: 100
I  616.09] Elapsed: 10:16, vertices: 2131, facets final: 591, pending: 35523, pool: 100
I  621.15] Elapsed: 10:21, vertices: 2146, facets final: 603, pending: 35646, pool: 100
I  626.28] Elapsed: 10:26, vertices: 2163, facets final: 609, pending: 35751, pool: 100
I  631.67] Elapsed: 10:32, vertices: 2177, facets final: 617, pending: 35886, pool: 100
I  636.81] Elapsed: 10:37, vertices: 2192, facets final: 622, pending: 35846, pool: 100
I  639.97] recalculating facets...
I  641.91] Elapsed: 10:42, vertices: 2205, facets final: 634, pending: 35599, pool: 100
I  647.29] Elapsed: 10:47, vertices: 2221, facets final: 642, pending: 35525, pool: 100
I  652.45] Elapsed: 10:52, vertices: 2236, facets final: 658, pending: 35402, pool: 100
I  657.66] Elapsed: 10:58, vertices: 2251, facets final: 672, pending: 35164, pool: 100
I  662.74] Elapsed: 11:03, vertices: 2265, facets final: 677, pending: 34989, pool: 100
I  667.78] Elapsed: 11:08, vertices: 2280, facets final: 684, pending: 34872, pool: 100
I  672.85] Elapsed: 11:13, vertices: 2294, facets final: 695, pending: 34773, pool: 100
I  675.78] recalculating facets...
I  677.85] Elapsed: 11:18, vertices: 2305, facets final: 700, pending: 34781, pool: 100
I  682.96] Elapsed: 11:23, vertices: 2322, facets final: 715, pending: 34659, pool: 100
I  688.31] Elapsed: 11:28, vertices: 2336, facets final: 723, pending: 34522, pool: 100
I  693.50] Elapsed: 11:34, vertices: 2351, facets final: 734, pending: 34453, pool: 100
I  698.55] Elapsed: 11:39, vertices: 2364, facets final: 739, pending: 34322, pool: 100
I  703.56] Elapsed: 11:44, vertices: 2379, facets final: 749, pending: 34377, pool: 100
I  708.67] Elapsed: 11:49, vertices: 2398, facets final: 763, pending: 34430, pool: 100
I  709.09] recalculating facets...
I  713.81] Elapsed: 11:54, vertices: 2413, facets final: 770, pending: 34371, pool: 100
I  718.81] Elapsed: 11:59, vertices: 2429, facets final: 776, pending: 34323, pool: 100
I  723.95] Elapsed: 12:04, vertices: 2443, facets final: 789, pending: 34399, pool: 100
I  729.14] Elapsed: 12:09, vertices: 2458, facets final: 798, pending: 34235, pool: 100
I  734.19] Elapsed: 12:14, vertices: 2471, facets final: 812, pending: 34248, pool: 100
I  739.19] Elapsed: 12:19, vertices: 2487, facets final: 820, pending: 34092, pool: 100
I  742.41] recalculating facets...
I  744.24] Elapsed: 12:24, vertices: 2504, facets final: 830, pending: 34133, pool: 100
I  749.33] Elapsed: 12:29, vertices: 2517, facets final: 838, pending: 34170, pool: 100
I  754.45] Elapsed: 12:34, vertices: 2532, facets final: 845, pending: 34178, pool: 100
I  759.48] Elapsed: 12:39, vertices: 2548, facets final: 858, pending: 34047, pool: 100
I  764.56] Elapsed: 12:45, vertices: 2564, facets final: 864, pending: 34071, pool: 100
I  769.78] Elapsed: 12:50, vertices: 2579, facets final: 882, pending: 34008, pool: 100
I  774.86] Elapsed: 12:55, vertices: 2595, facets final: 890, pending: 33914, pool: 100
I  776.67] recalculating facets...
I  779.98] Elapsed: 13:00, vertices: 2608, facets final: 900, pending: 33865, pool: 100
I  784.99] Elapsed: 13:05, vertices: 2624, facets final: 912, pending: 33781, pool: 100
I  790.04] Elapsed: 13:10, vertices: 2639, facets final: 928, pending: 33664, pool: 100
I  795.26] Elapsed: 13:15, vertices: 2655, facets final: 938, pending: 33615, pool: 100
I  800.52] Elapsed: 13:21, vertices: 2673, facets final: 952, pending: 33591, pool: 100
I  805.64] Elapsed: 13:26, vertices: 2685, facets final: 966, pending: 33510, pool: 100
I  810.15] recalculating facets...
I  810.72] Elapsed: 13:31, vertices: 2701, facets final: 978, pending: 33400, pool: 100
I  815.80] Elapsed: 13:36, vertices: 2717, facets final: 981, pending: 33484, pool: 100
I  820.89] Elapsed: 13:41, vertices: 2731, facets final: 991, pending: 33437, pool: 100
I  826.03] Elapsed: 13:46, vertices: 2747, facets final: 1005, pending: 33344, pool: 100
I  831.12] Elapsed: 13:51, vertices: 2764, facets final: 1019, pending: 33168, pool: 100
I  836.12] Elapsed: 13:56, vertices: 2779, facets final: 1044, pending: 33119, pool: 99
I  841.12] Elapsed: 14:01, vertices: 2796, facets final: 1054, pending: 33082, pool: 100
I  842.21] recalculating facets...
I  846.40] Elapsed: 14:06, vertices: 2813, facets final: 1072, pending: 32947, pool: 100
I  851.49] Elapsed: 14:11, vertices: 2830, facets final: 1084, pending: 32774, pool: 100
I  856.53] Elapsed: 14:17, vertices: 2846, facets final: 1099, pending: 32670, pool: 100
I  861.59] Elapsed: 14:22, vertices: 2862, facets final: 1110, pending: 32467, pool: 100
I  866.59] Elapsed: 14:27, vertices: 2878, facets final: 1133, pending: 32485, pool: 100
I  871.65] Elapsed: 14:32, vertices: 2891, facets final: 1143, pending: 32395, pool: 100
I  874.78] recalculating facets...
I  876.65] Elapsed: 14:37, vertices: 2906, facets final: 1166, pending: 32364, pool: 100
I  881.72] Elapsed: 14:42, vertices: 2922, facets final: 1188, pending: 32229, pool: 100
I  886.80] Elapsed: 14:47, vertices: 2939, facets final: 1204, pending: 32109, pool: 100
I  891.82] Elapsed: 14:52, vertices: 2957, facets final: 1224, pending: 32055, pool: 100
I  897.00] Elapsed: 14:57, vertices: 2976, facets final: 1245, pending: 32069, pool: 100
I  902.06] Elapsed: 15:02, vertices: 2993, facets final: 1265, pending: 32094, pool: 100
I  903.78] recalculating facets...
I  907.07] Elapsed: 15:07, vertices: 3010, facets final: 1282, pending: 32032, pool: 100
I  912.19] Elapsed: 15:12, vertices: 3029, facets final: 1297, pending: 31943, pool: 100
I  917.26] Elapsed: 15:17, vertices: 3047, facets final: 1309, pending: 31942, pool: 100
I  922.26] Elapsed: 15:22, vertices: 3063, facets final: 1325, pending: 31974, pool: 100
I  927.38] Elapsed: 15:27, vertices: 3079, facets final: 1349, pending: 31926, pool: 100
I  932.48] Elapsed: 15:32, vertices: 3095, facets final: 1361, pending: 31801, pool: 100
I  934.11] recalculating facets...
I  937.53] Elapsed: 15:38, vertices: 3110, facets final: 1380, pending: 31833, pool: 100
I  942.63] Elapsed: 15:43, vertices: 3129, facets final: 1395, pending: 31745, pool: 100
I  947.67] Elapsed: 15:48, vertices: 3145, facets final: 1408, pending: 31571, pool: 100
I  952.74] Elapsed: 15:53, vertices: 3161, facets final: 1432, pending: 31480, pool: 100
I  957.76] Elapsed: 15:58, vertices: 3181, facets final: 1455, pending: 31436, pool: 100
I  962.74] recalculating facets...
I  963.07] Elapsed: 16:03, vertices: 3200, facets final: 1476, pending: 31329, pool: 100
I  968.21] Elapsed: 16:08, vertices: 3218, facets final: 1514, pending: 31270, pool: 100
I  973.30] Elapsed: 16:13, vertices: 3234, facets final: 1537, pending: 31096, pool: 100
I  978.36] Elapsed: 16:18, vertices: 3251, facets final: 1556, pending: 30947, pool: 100
I  983.42] Elapsed: 16:23, vertices: 3268, facets final: 1579, pending: 30806, pool: 100
I  988.49] Elapsed: 16:28, vertices: 3286, facets final: 1585, pending: 30655, pool: 100
I  991.61] recalculating facets...
I  993.51] Elapsed: 16:34, vertices: 3305, facets final: 1615, pending: 30539, pool: 100
I  998.55] Elapsed: 16:39, vertices: 3325, facets final: 1630, pending: 30450, pool: 100
I 1003.63] Elapsed: 16:44, vertices: 3342, facets final: 1645, pending: 30373, pool: 100
I 1008.73] Elapsed: 16:49, vertices: 3359, facets final: 1678, pending: 30313, pool: 100
I 1013.84] Elapsed: 16:54, vertices: 3375, facets final: 1687, pending: 30188, pool: 100
I 1018.89] Elapsed: 16:59, vertices: 3395, facets final: 1711, pending: 30093, pool: 100
I 1020.42] recalculating facets...
I 1024.03] Elapsed: 17:04, vertices: 3413, facets final: 1729, pending: 29965, pool: 100
I 1029.08] Elapsed: 17:09, vertices: 3433, facets final: 1757, pending: 29804, pool: 99
I 1034.08] Elapsed: 17:14, vertices: 3454, facets final: 1789, pending: 29672, pool: 100
I 1039.08] Elapsed: 17:19, vertices: 3471, facets final: 1816, pending: 29616, pool: 100
I 1044.11] Elapsed: 17:24, vertices: 3492, facets final: 1847, pending: 29711, pool: 100
I 1046.17] recalculating facets...
I 1049.11] Elapsed: 17:29, vertices: 3511, facets final: 1872, pending: 29533, pool: 100
I 1054.16] Elapsed: 17:34, vertices: 3531, facets final: 1907, pending: 29324, pool: 100
I 1059.21] Elapsed: 17:39, vertices: 3549, facets final: 1934, pending: 29256, pool: 100
I 1064.24] Elapsed: 17:44, vertices: 3569, facets final: 1991, pending: 29075, pool: 100
I 1069.38] Elapsed: 17:49, vertices: 3589, facets final: 2023, pending: 28969, pool: 100
I 1072.02] recalculating facets...
I 1074.40] Elapsed: 17:54, vertices: 3607, facets final: 2050, pending: 28849, pool: 100
I 1079.40] Elapsed: 17:59, vertices: 3627, facets final: 2077, pending: 28681, pool: 100
I 1084.40] Elapsed: 18:04, vertices: 3646, facets final: 2105, pending: 28552, pool: 100
I 1089.40] Elapsed: 18:09, vertices: 3664, facets final: 2126, pending: 28366, pool: 100
I 1094.48] Elapsed: 18:14, vertices: 3682, facets final: 2143, pending: 28175, pool: 100
I 1099.13] recalculating facets...
I 1099.58] Elapsed: 18:20, vertices: 3701, facets final: 2164, pending: 28039, pool: 100
I 1104.68] Elapsed: 18:25, vertices: 3721, facets final: 2186, pending: 27884, pool: 100
I 1109.68] Elapsed: 18:30, vertices: 3738, facets final: 2208, pending: 27726, pool: 100
I 1114.68] Elapsed: 18:35, vertices: 3756, facets final: 2241, pending: 27590, pool: 100
I 1119.78] Elapsed: 18:40, vertices: 3775, facets final: 2263, pending: 27481, pool: 100
I 1124.86] Elapsed: 18:45, vertices: 3796, facets final: 2290, pending: 27316, pool: 100
I 1125.66] recalculating facets...
I 1129.87] Elapsed: 18:50, vertices: 3820, facets final: 2329, pending: 27193, pool: 100
I 1134.87] Elapsed: 18:55, vertices: 3839, facets final: 2361, pending: 27013, pool: 100
I 1139.89] Elapsed: 19:00, vertices: 3861, facets final: 2407, pending: 26861, pool: 100
I 1144.96] Elapsed: 19:05, vertices: 3883, facets final: 2472, pending: 26682, pool: 100
I 1148.49] recalculating facets...
I 1150.06] Elapsed: 19:10, vertices: 3904, facets final: 2508, pending: 26484, pool: 100
I 1155.09] Elapsed: 19:15, vertices: 3927, facets final: 2545, pending: 26272, pool: 100
I 1160.14] Elapsed: 19:20, vertices: 3948, facets final: 2586, pending: 26107, pool: 100
I 1165.24] Elapsed: 19:25, vertices: 3969, facets final: 2629, pending: 25991, pool: 100
I 1170.35] Elapsed: 19:30, vertices: 3991, facets final: 2678, pending: 25814, pool: 100
I 1172.48] recalculating facets...
I 1175.42] Elapsed: 19:35, vertices: 4011, facets final: 2736, pending: 25770, pool: 100
I 1180.47] Elapsed: 19:40, vertices: 4031, facets final: 2774, pending: 25696, pool: 100
I 1185.48] Elapsed: 19:45, vertices: 4052, facets final: 2811, pending: 25514, pool: 100
I 1190.56] Elapsed: 19:51, vertices: 4073, facets final: 2869, pending: 25376, pool: 100
I 1195.57] Elapsed: 19:56, vertices: 4096, facets final: 2918, pending: 25215, pool: 100
I 1196.53] recalculating facets...
I 1200.67] Elapsed: 20:01, vertices: 4115, facets final: 2969, pending: 25083, pool: 100
I 1205.80] Elapsed: 20:06, vertices: 4137, facets final: 3010, pending: 24858, pool: 100
I 1210.92] Elapsed: 20:11, vertices: 4160, facets final: 3071, pending: 24739, pool: 100
I 1215.97] Elapsed: 20:16, vertices: 4181, facets final: 3134, pending: 24542, pool: 100
I 1220.74] recalculating facets...
I 1221.07] Elapsed: 20:21, vertices: 4200, facets final: 3194, pending: 24406, pool: 100
I 1226.09] Elapsed: 20:26, vertices: 4221, facets final: 3239, pending: 24211, pool: 99
I 1231.09] Elapsed: 20:31, vertices: 4243, facets final: 3281, pending: 24073, pool: 100
I 1236.10] Elapsed: 20:36, vertices: 4264, facets final: 3332, pending: 23925, pool: 100
I 1241.13] Elapsed: 20:41, vertices: 4283, facets final: 3385, pending: 23753, pool: 100
I 1245.13] recalculating facets...
I 1246.19] Elapsed: 20:46, vertices: 4303, facets final: 3433, pending: 23602, pool: 100
I 1251.20] Elapsed: 20:51, vertices: 4324, facets final: 3519, pending: 23507, pool: 100
I 1256.28] Elapsed: 20:56, vertices: 4345, facets final: 3610, pending: 23336, pool: 100
I 1261.31] Elapsed: 21:01, vertices: 4366, facets final: 3657, pending: 23215, pool: 100
I 1266.35] Elapsed: 21:06, vertices: 4387, facets final: 3727, pending: 23108, pool: 100
I 1268.89] recalculating facets...
I 1271.45] Elapsed: 21:11, vertices: 4412, facets final: 3784, pending: 22842, pool: 100
I 1276.48] Elapsed: 21:16, vertices: 4438, facets final: 3835, pending: 22691, pool: 100
I 1281.51] Elapsed: 21:22, vertices: 4463, facets final: 3913, pending: 22564, pool: 100
I 1286.55] Elapsed: 21:27, vertices: 4488, facets final: 4001, pending: 22344, pool: 100
I 1288.87] recalculating facets...
I 1291.66] Elapsed: 21:32, vertices: 4512, facets final: 4103, pending: 22165, pool: 100
I 1296.67] Elapsed: 21:37, vertices: 4537, facets final: 4192, pending: 21996, pool: 100
I 1301.72] Elapsed: 21:42, vertices: 4561, facets final: 4279, pending: 21757, pool: 100
I 1306.84] Elapsed: 21:47, vertices: 4586, facets final: 4381, pending: 21579, pool: 100
I 1309.39] recalculating facets...
I 1311.96] Elapsed: 21:52, vertices: 4610, facets final: 4496, pending: 21377, pool: 100
I 1317.08] Elapsed: 21:57, vertices: 4635, facets final: 4595, pending: 21187, pool: 100
I 1322.08] Elapsed: 22:02, vertices: 4659, facets final: 4703, pending: 20964, pool: 100
I 1327.18] Elapsed: 22:07, vertices: 4682, facets final: 4812, pending: 20801, pool: 100
I 1330.93] recalculating facets...
I 1332.20] Elapsed: 22:12, vertices: 4705, facets final: 4934, pending: 20583, pool: 100
I 1337.20] Elapsed: 22:17, vertices: 4729, facets final: 5045, pending: 20327, pool: 100
I 1342.20] Elapsed: 22:22, vertices: 4752, facets final: 5201, pending: 20084, pool: 100
I 1347.30] Elapsed: 22:27, vertices: 4776, facets final: 5297, pending: 19880, pool: 100
I 1352.06] recalculating facets...
I 1352.30] Elapsed: 22:32, vertices: 4800, facets final: 5417, pending: 19671, pool: 99
I 1357.33] Elapsed: 22:37, vertices: 4820, facets final: 5603, pending: 19432, pool: 100
I 1362.34] Elapsed: 22:42, vertices: 4845, facets final: 5727, pending: 19236, pool: 100
I 1367.34] Elapsed: 22:47, vertices: 4869, facets final: 5847, pending: 19029, pool: 100
I 1372.44] Elapsed: 22:52, vertices: 4891, facets final: 6004, pending: 18815, pool: 100
I 1374.07] recalculating facets...
I 1377.44] Elapsed: 22:57, vertices: 4915, facets final: 6121, pending: 18613, pool: 100
I 1382.44] Elapsed: 23:02, vertices: 4937, facets final: 6300, pending: 18393, pool: 100
I 1387.44] Elapsed: 23:07, vertices: 4958, facets final: 6510, pending: 18128, pool: 99
I 1392.44] Elapsed: 23:12, vertices: 4981, facets final: 6656, pending: 17914, pool: 100
I 1396.68] recalculating facets...
I 1397.49] Elapsed: 23:17, vertices: 5003, facets final: 6816, pending: 17657, pool: 100
I 1402.61] Elapsed: 23:23, vertices: 5025, facets final: 7000, pending: 17405, pool: 100
I 1407.63] Elapsed: 23:28, vertices: 5050, facets final: 7141, pending: 17169, pool: 100
I 1412.63] Elapsed: 23:33, vertices: 5071, facets final: 7312, pending: 16934, pool: 100
I 1417.63] Elapsed: 23:38, vertices: 5093, facets final: 7480, pending: 16687, pool: 100
I 1419.38] recalculating facets...
I 1422.65] Elapsed: 23:43, vertices: 5113, facets final: 7688, pending: 16418, pool: 100
I 1427.75] Elapsed: 23:48, vertices: 5137, facets final: 7841, pending: 16194, pool: 100
I 1432.75] Elapsed: 23:53, vertices: 5160, facets final: 8023, pending: 15958, pool: 100
I 1437.75] Elapsed: 23:58, vertices: 5181, facets final: 8225, pending: 15671, pool: 99
I 1442.29] recalculating facets...
I 1442.75] Elapsed: 24:03, vertices: 5201, facets final: 8434, pending: 15391, pool: 100
I 1447.87] Elapsed: 24:08, vertices: 5220, facets final: 8680, pending: 15088, pool: 99
I 1452.87] Elapsed: 24:13, vertices: 5242, facets final: 8892, pending: 14813, pool: 99
I 1457.94] Elapsed: 24:18, vertices: 5262, facets final: 9111, pending: 14551, pool: 100
I 1462.95] Elapsed: 24:23, vertices: 5280, facets final: 9403, pending: 14250, pool: 100
I 1467.95] Elapsed: 24:28, vertices: 5297, facets final: 9691, pending: 13897, pool: 100
I 1468.80] recalculating facets...
I 1473.06] Elapsed: 24:33, vertices: 5313, facets final: 9983, pending: 13543, pool: 99
I 1478.06] Elapsed: 24:38, vertices: 5330, facets final: 10285, pending: 13179, pool: 100
I 1483.15] Elapsed: 24:43, vertices: 5347, facets final: 10573, pending: 12846, pool: 99
I 1488.15] Elapsed: 24:48, vertices: 5365, facets final: 10859, pending: 12510, pool: 100
I 1493.23] Elapsed: 24:53, vertices: 5382, facets final: 11151, pending: 12171, pool: 100
I 1497.48] recalculating facets...
I 1498.31] Elapsed: 24:58, vertices: 5402, facets final: 11386, pending: 11905, pool: 99
I 1503.35] Elapsed: 25:03, vertices: 5421, facets final: 11651, pending: 11599, pool: 100
I 1508.35] Elapsed: 25:08, vertices: 5438, facets final: 11969, pending: 11239, pool: 98
I 1513.35] Elapsed: 25:13, vertices: 5449, facets final: 12383, pending: 10813, pool: 99
I 1518.35] Elapsed: 25:18, vertices: 5465, facets final: 12705, pending: 10494, pool: 97
I 1523.45] Elapsed: 25:23, vertices: 5478, facets final: 12994, pending: 10157, pool: 99
I 1528.49] Elapsed: 25:28, vertices: 5491, facets final: 13390, pending: 9738, pool: 100
I 1532.12] recalculating facets...
I 1533.49] Elapsed: 25:33, vertices: 5504, facets final: 13746, pending: 9357, pool: 99
I 1538.49] Elapsed: 25:38, vertices: 5515, facets final: 14164, pending: 8931, pool: 98
I 1543.49] Elapsed: 25:43, vertices: 5529, facets final: 14529, pending: 8536, pool: 97
I 1548.56] Elapsed: 25:49, vertices: 5543, facets final: 14883, pending: 8145, pool: 99
I 1553.65] Elapsed: 25:54, vertices: 5558, facets final: 15252, pending: 7760, pool: 98
I 1558.65] Elapsed: 25:59, vertices: 5572, facets final: 15639, pending: 7345, pool: 97
I 1563.65] Elapsed: 26:04, vertices: 5582, facets final: 16081, pending: 6897, pool: 97
I 1568.65] Elapsed: 26:09, vertices: 5594, facets final: 16439, pending: 6507, pool: 97
I 1571.08] recalculating facets...
I 1573.65] Elapsed: 26:14, vertices: 5606, facets final: 16792, pending: 6136, pool: 96
I 1578.65] Elapsed: 26:19, vertices: 5616, facets final: 17189, pending: 5731, pool: 95
I 1583.65] Elapsed: 26:24, vertices: 5624, facets final: 17619, pending: 5293, pool: 92
I 1588.65] Elapsed: 26:29, vertices: 5631, facets final: 18065, pending: 4837, pool: 91
I 1593.65] Elapsed: 26:34, vertices: 5640, facets final: 18485, pending: 4408, pool: 90
I 1598.65] Elapsed: 26:39, vertices: 5647, facets final: 18929, pending: 3954, pool: 91
I 1603.65] Elapsed: 26:44, vertices: 5655, facets final: 19358, pending: 3514, pool: 92
I 1608.65] Elapsed: 26:49, vertices: 5667, facets final: 19741, pending: 3117, pool: 87
I 1613.65] Elapsed: 26:54, vertices: 5676, facets final: 20175, pending: 2672, pool: 83
I 1618.65] Elapsed: 26:59, vertices: 5689, facets final: 20562, pending: 2268, pool: 77
I 1623.30] recalculating facets...
I 1623.65] Elapsed: 27:04, vertices: 5700, facets final: 20963, pending: 1862, pool: 72
I 1628.65] Elapsed: 27:09, vertices: 5713, facets final: 21368, pending: 1448, pool: 66
I 1633.65] Elapsed: 27:14, vertices: 5725, facets final: 21786, pending: 1011, pool: 62
I 1638.65] Elapsed: 27:19, vertices: 5742, facets final: 22177, pending: 612, pool: 51
I 1643.65] Elapsed: 27:24, vertices: 5770, facets final: 22526, pending: 237, pool: 30
I 1645.84] recalculating facets...
I 1647.86] Elapsed: 27:28, vertices: 5839, facets final: 22692, pending: 0

--------------------------------
Problem completed
 name                    06.vlp
 output                  vlp/06.res
 rows, cols, objs        14, 2804, 10
 vertices, facets        5839, 22692
 total time              27:28
--------------------------------
Statistics
LP:
 oracle calls            28756
   avg iterations/calls  4.99
 total oracle time       3:59
Combinatorics:
 vertices added          5839
 facets probed           39660
 facets # max            36718
 memory allocated        65.72M
 storage expansion
   vertices # / upto     46 / 5884
   facets   # / upto     9 / 36860
 facet manipulating
   added avg / max       65.91 / 849.00
   compressed            301
 number of ridge tests
   avg / max             1.72M / 21.94M
--------------------------------
Parameters with non-default values
 VertexPoolSize = 100
