C copy string: r=c:ab;a,r,c,d;ar,br,cr,d; ineq: base20.txt
I    3.99] recalculating facets...
I    5.02] Elapsed: 5.02, vertices: 108, facets final: 9, pending: 20113, pool: 183
I   10.22] Elapsed: 10.22, vertices: 134, facets final: 11, pending: 27491, pool: 251
I   15.27] Elapsed: 15.27, vertices: 155, facets final: 15, pending: 29928, pool: 280
I   20.30] Elapsed: 20.30, vertices: 176, facets final: 19, pending: 33457, pool: 300
I   25.30] Elapsed: 25.30, vertices: 195, facets final: 20, pending: 37593, pool: 300
I   26.67] recalculating facets...
I   30.31] Elapsed: 30.31, vertices: 213, facets final: 21, pending: 41185, pool: 300
I   35.39] Elapsed: 35.39, vertices: 230, facets final: 21, pending: 45660, pool: 300
I   40.48] Elapsed: 40.48, vertices: 245, facets final: 21, pending: 49176, pool: 298
I   45.58] Elapsed: 45.58, vertices: 258, facets final: 21, pending: 49959, pool: 300
I   50.66] Elapsed: 50.66, vertices: 270, facets final: 21, pending: 53251, pool: 300
I   55.69] Elapsed: 55.69, vertices: 282, facets final: 21, pending: 52664, pool: 300
I   60.70] Elapsed: 1:01, vertices: 296, facets final: 23, pending: 54048, pool: 300
I   61.93] recalculating facets...
recalculate_facet: numerical instability at facet 35664, coord 0 (2.23574e-06)
recalculate_facet: numerical instability at facet 35664, coord 1 (-4.44775e-06)
recalculate_facet: numerical instability at facet 35664, coord 2 (-4.08555e-06)
recalculate_facet: numerical instability at facet 35664, coord 3 (1.88431e-06)
recalculate_facet: numerical instability at facet 35664, coord 4 (-7.50196e-06)
recalculate_facet: numerical instability at facet 35664, coord 7 (1.19147e-05)
recalculate_facet: numerical instability at facet 35664, coord 10 (1.18697e-05)
recalculate_facet: numerical instability at facet 45831, coord 0 (4.9528e-06)
recalculate_facet: numerical instability at facet 45831, coord 1 (-7.46964e-06)
recalculate_facet: numerical instability at facet 45831, coord 2 (-7.5377e-06)
recalculate_facet: numerical instability at facet 45831, coord 3 (3.4444e-06)
recalculate_facet: numerical instability at facet 45831, coord 4 (-1.39896e-05)
recalculate_facet: numerical instability at facet 45831, coord 7 (2.11722e-05)
recalculate_facet: numerical instability at facet 45831, coord 10 (1.91201e-05)
recalculate_facet: numerical instability at facet 45832, coord 0 (3.56559e-06)
recalculate_facet: numerical instability at facet 45832, coord 1 (-5.34801e-06)
recalculate_facet: numerical instability at facet 45832, coord 2 (-5.41425e-06)
recalculate_facet: numerical instability at facet 45832, coord 3 (2.48499e-06)
recalculate_facet: numerical instability at facet 45832, coord 4 (-1.00958e-05)
recalculate_facet: numerical instability at facet 45832, coord 7 (1.51967e-05)
recalculate_facet: numerical instability at facet 45832, coord 10 (1.36784e-05)
recalculate_facet: numerical instability at facet 46269, coord 0 (2.10925e-06)
recalculate_facet: numerical instability at facet 46269, coord 1 (-5.32642e-06)
recalculate_facet: numerical instability at facet 46269, coord 2 (-4.86584e-06)
recalculate_facet: numerical instability at facet 46269, coord 3 (3.23988e-06)
recalculate_facet: numerical instability at facet 46269, coord 4 (-8.10367e-06)
recalculate_facet: numerical instability at facet 46269, coord 7 (1.42011e-05)
recalculate_facet: numerical instability at facet 46269, coord 10 (1.43937e-05)
recalculate_facet: numerical instability at facet 46270, coord 0 (1.85244e-06)
recalculate_facet: numerical instability at facet 46270, coord 1 (-4.94579e-06)
recalculate_facet: numerical instability at facet 46270, coord 2 (-4.46548e-06)
recalculate_facet: numerical instability at facet 46270, coord 3 (3.02535e-06)
recalculate_facet: numerical instability at facet 46270, coord 4 (-7.30964e-06)
recalculate_facet: numerical instability at facet 46270, coord 7 (1.30835e-05)
recalculate_facet: numerical instability at facet 46270, coord 10 (1.34225e-05)
I   65.83] Elapsed: 1:06, vertices: 310, facets final: 23, pending: 56584, pool: 298
I   70.85] Elapsed: 1:11, vertices: 322, facets final: 23, pending: 58551, pool: 300
I   75.96] Elapsed: 1:16, vertices: 334, facets final: 23, pending: 58260, pool: 299
I   81.00] Elapsed: 1:21, vertices: 347, facets final: 25, pending: 58655, pool: 300
I   86.13] Elapsed: 1:26, vertices: 360, facets final: 26, pending: 59826, pool: 299
I   91.18] Elapsed: 1:31, vertices: 372, facets final: 27, pending: 61646, pool: 300
I   96.42] Elapsed: 1:36, vertices: 383, facets final: 27, pending: 64822, pool: 300
I  101.51] Elapsed: 1:42, vertices: 393, facets final: 28, pending: 66533, pool: 300
I  105.16] recalculating facets...
I  106.74] Elapsed: 1:47, vertices: 403, facets final: 29, pending: 67120, pool: 300
I  111.82] Elapsed: 1:52, vertices: 413, facets final: 30, pending: 68197, pool: 299
I  117.04] Elapsed: 1:57, vertices: 425, facets final: 30, pending: 69360, pool: 300
I  122.16] Elapsed: 2:02, vertices: 434, facets final: 31, pending: 70240, pool: 300
I  127.18] Elapsed: 2:07, vertices: 445, facets final: 32, pending: 70499, pool: 300
I  132.31] Elapsed: 2:12, vertices: 456, facets final: 33, pending: 70739, pool: 300
I  137.38] Elapsed: 2:17, vertices: 466, facets final: 34, pending: 71376, pool: 299
I  142.40] Elapsed: 2:22, vertices: 475, facets final: 37, pending: 70963, pool: 300
I  147.59] Elapsed: 2:28, vertices: 483, facets final: 37, pending: 71664, pool: 300
I  153.11] Elapsed: 2:33, vertices: 495, facets final: 39, pending: 70733, pool: 300
I  155.46] recalculating facets...
I  158.46] Elapsed: 2:38, vertices: 505, facets final: 41, pending: 72661, pool: 300
I  163.49] Elapsed: 2:43, vertices: 515, facets final: 43, pending: 72518, pool: 300
I  168.55] Elapsed: 2:49, vertices: 525, facets final: 44, pending: 73001, pool: 300
I  173.79] Elapsed: 2:54, vertices: 535, facets final: 44, pending: 72630, pool: 300
I  178.97] Elapsed: 2:59, vertices: 546, facets final: 45, pending: 72258, pool: 299
I  184.00] Elapsed: 3:04, vertices: 557, facets final: 45, pending: 72640, pool: 300
I  189.06] Elapsed: 3:09, vertices: 567, facets final: 47, pending: 73220, pool: 300
I  194.10] Elapsed: 3:14, vertices: 577, facets final: 47, pending: 73115, pool: 299
I  199.26] Elapsed: 3:19, vertices: 589, facets final: 49, pending: 74166, pool: 300
I  204.31] Elapsed: 3:24, vertices: 599, facets final: 50, pending: 75473, pool: 298
I  204.64] recalculating facets...
I  209.64] Elapsed: 3:30, vertices: 609, facets final: 52, pending: 76775, pool: 300
I  214.79] Elapsed: 3:35, vertices: 621, facets final: 53, pending: 77286, pool: 299
I  219.81] Elapsed: 3:40, vertices: 631, facets final: 53, pending: 77288, pool: 300
I  225.09] Elapsed: 3:45, vertices: 641, facets final: 54, pending: 76413, pool: 300
I  230.11] Elapsed: 3:50, vertices: 650, facets final: 55, pending: 76347, pool: 300
I  235.26] Elapsed: 3:55, vertices: 658, facets final: 58, pending: 75979, pool: 300
I  240.58] Elapsed: 4:01, vertices: 667, facets final: 58, pending: 75988, pool: 299
I  245.61] Elapsed: 4:06, vertices: 677, facets final: 61, pending: 76676, pool: 300
I  250.74] Elapsed: 4:11, vertices: 687, facets final: 61, pending: 76322, pool: 298
I  255.82] Elapsed: 4:16, vertices: 696, facets final: 62, pending: 76386, pool: 299
I  257.39] recalculating facets...
I  260.90] Elapsed: 4:21, vertices: 707, facets final: 63, pending: 77843, pool: 300
I  265.96] Elapsed: 4:26, vertices: 718, facets final: 63, pending: 78283, pool: 300
I  271.08] Elapsed: 4:31, vertices: 728, facets final: 63, pending: 78485, pool: 299
I  276.24] Elapsed: 4:36, vertices: 740, facets final: 64, pending: 78824, pool: 297
I  281.43] Elapsed: 4:41, vertices: 752, facets final: 64, pending: 78398, pool: 300
I  286.44] Elapsed: 4:46, vertices: 762, facets final: 64, pending: 78281, pool: 300
I  291.56] Elapsed: 4:52, vertices: 772, facets final: 68, pending: 78376, pool: 300
I  296.76] Elapsed: 4:57, vertices: 783, facets final: 71, pending: 78672, pool: 300
I  302.03] Elapsed: 5:02, vertices: 794, facets final: 71, pending: 79032, pool: 300
I  304.80] recalculating facets...
recalculate_facet: numerical instability at facet 1859, coord 0 (-1.09988e-06)
recalculate_facet: numerical instability at facet 1859, coord 1 (1.6424e-06)
recalculate_facet: numerical instability at facet 1859, coord 3 (7.71532e-06)
recalculate_facet: numerical instability at facet 1859, coord 4 (4.45559e-06)
recalculate_facet: numerical instability at facet 1859, coord 5 (-5.15001e-06)
recalculate_facet: numerical instability at facet 1859, coord 6 (-1.73401e-06)
recalculate_facet: numerical instability at facet 1859, coord 7 (-5.43078e-06)
recalculate_facet: numerical instability at facet 1859, coord 10 (-5.85364e-06)
recalculate_facet: numerical instability at facet 1961, coord 0 (1.45042e-06)
recalculate_facet: numerical instability at facet 1961, coord 2 (-3.41076e-06)
recalculate_facet: numerical instability at facet 1961, coord 3 (1.10794e-05)
recalculate_facet: numerical instability at facet 1961, coord 6 (-2.24673e-06)
recalculate_facet: numerical instability at facet 1961, coord 7 (-7.31065e-06)
recalculate_facet: numerical instability at facet 1961, coord 10 (-3.09091e-06)
recalculate_facet: numerical instability at facet 10051, coord 2 (1.13936e-06)
recalculate_facet: numerical instability at facet 10051, coord 10 (3.07206e-06)
recalculate_facet: numerical instability at facet 10472, coord 2 (-1.57818e-06)
recalculate_facet: numerical instability at facet 10472, coord 3 (7.23451e-06)
recalculate_facet: numerical instability at facet 10472, coord 5 (-4.35561e-06)
recalculate_facet: numerical instability at facet 10472, coord 6 (-1.4483e-06)
recalculate_facet: numerical instability at facet 10472, coord 10 (-1.95019e-06)
recalculate_facet: numerical instability at facet 14995, coord 3 (2.21124e-06)
recalculate_facet: numerical instability at facet 14995, coord 5 (-1.35472e-06)
I  307.20] Elapsed: 5:07, vertices: 805, facets final: 71, pending: 78451, pool: 300
I  312.30] Elapsed: 5:12, vertices: 816, facets final: 74, pending: 77441, pool: 300
I  317.42] Elapsed: 5:17, vertices: 827, facets final: 75, pending: 76591, pool: 300
I  322.51] Elapsed: 5:23, vertices: 838, facets final: 77, pending: 77823, pool: 299
I  327.61] Elapsed: 5:28, vertices: 848, facets final: 79, pending: 78060, pool: 300
I  332.61] Elapsed: 5:33, vertices: 860, facets final: 82, pending: 77157, pool: 300
I  337.63] Elapsed: 5:38, vertices: 871, facets final: 86, pending: 76943, pool: 300
I  342.69] Elapsed: 5:43, vertices: 882, facets final: 87, pending: 76353, pool: 300
I  347.83] Elapsed: 5:48, vertices: 891, facets final: 88, pending: 75753, pool: 300
I  351.57] recalculating facets...
recalculate_facet: numerical instability at facet 66831, coord 0 (-1.24757e-06)
recalculate_facet: numerical instability at facet 66831, coord 1 (-1.25e-06)
recalculate_facet: numerical instability at facet 66831, coord 3 (7.90088e-06)
recalculate_facet: numerical instability at facet 66831, coord 4 (5.77746e-06)
recalculate_facet: numerical instability at facet 66831, coord 5 (-4.02373e-06)
recalculate_facet: numerical instability at facet 66831, coord 6 (-6.40263e-06)
recalculate_facet: numerical instability at facet 66831, coord 10 (2.50725e-06)
recalculate_facet: numerical instability at facet 71473, coord 3 (2.82806e-06)
recalculate_facet: numerical instability at facet 71473, coord 4 (1.46775e-06)
recalculate_facet: numerical instability at facet 71473, coord 5 (-1.88527e-06)
recalculate_facet: numerical instability at facet 71473, coord 6 (-2.57647e-06)
recalculate_facet: numerical instability at facet 71473, coord 10 (-1.22221e-06)
recalculate_facet: numerical instability at facet 71484, coord 0 (2.1289e-06)
recalculate_facet: numerical instability at facet 71484, coord 2 (-1.70139e-06)
recalculate_facet: numerical instability at facet 71484, coord 3 (1.0763e-05)
recalculate_facet: numerical instability at facet 71484, coord 4 (6.08761e-06)
recalculate_facet: numerical instability at facet 71484, coord 5 (-6.68887e-06)
recalculate_facet: numerical instability at facet 71484, coord 6 (-9.80758e-06)
recalculate_facet: numerical instability at facet 71484, coord 10 (-4.39155e-06)
recalculate_facet: numerical instability at facet 72138, coord 0 (2.01563e-06)
recalculate_facet: numerical instability at facet 72138, coord 2 (-1.68511e-06)
recalculate_facet: numerical instability at facet 72138, coord 3 (8.66339e-06)
recalculate_facet: numerical instability at facet 72138, coord 4 (4.14329e-06)
recalculate_facet: numerical instability at facet 72138, coord 5 (-4.46483e-06)
recalculate_facet: numerical instability at facet 72138, coord 6 (-7.75955e-06)
recalculate_facet: numerical instability at facet 72138, coord 10 (-2.96797e-06)
recalculate_facet: numerical instability at facet 74785, coord 0 (1.98154e-06)
recalculate_facet: numerical instability at facet 74785, coord 2 (-1.71172e-06)
recalculate_facet: numerical instability at facet 74785, coord 3 (7.65223e-06)
recalculate_facet: numerical instability at facet 74785, coord 4 (3.12491e-06)
recalculate_facet: numerical instability at facet 74785, coord 5 (-3.89792e-06)
recalculate_facet: numerical instability at facet 74785, coord 6 (-6.75352e-06)
recalculate_facet: numerical instability at facet 74785, coord 10 (-2.18361e-06)
I  352.85] Elapsed: 5:53, vertices: 903, facets final: 89, pending: 75613, pool: 299
I  357.93] Elapsed: 5:58, vertices: 913, facets final: 90, pending: 75703, pool: 300
I  363.13] Elapsed: 6:03, vertices: 925, facets final: 91, pending: 75902, pool: 300
I  368.17] Elapsed: 6:08, vertices: 935, facets final: 93, pending: 75844, pool: 300
I  373.30] Elapsed: 6:13, vertices: 948, facets final: 95, pending: 76853, pool: 300
I  378.36] Elapsed: 6:18, vertices: 960, facets final: 96, pending: 76429, pool: 300
I  383.37] Elapsed: 6:23, vertices: 971, facets final: 96, pending: 76055, pool: 300
I  388.41] Elapsed: 6:28, vertices: 983, facets final: 96, pending: 76521, pool: 299
I  393.59] Elapsed: 6:34, vertices: 994, facets final: 98, pending: 76746, pool: 300
I  395.97] recalculating facets...
I  398.81] Elapsed: 6:39, vertices: 1006, facets final: 100, pending: 77040, pool: 300
I  403.99] Elapsed: 6:44, vertices: 1016, facets final: 102, pending: 77562, pool: 300
I  409.02] Elapsed: 6:49, vertices: 1026, facets final: 103, pending: 77682, pool: 300
I  414.16] Elapsed: 6:54, vertices: 1036, facets final: 106, pending: 77459, pool: 300
I  419.17] Elapsed: 6:59, vertices: 1047, facets final: 109, pending: 77183, pool: 300
I  424.58] Elapsed: 7:05, vertices: 1056, facets final: 110, pending: 76875, pool: 300
I  429.59] Elapsed: 7:10, vertices: 1065, facets final: 115, pending: 76760, pool: 300
I  434.77] Elapsed: 7:15, vertices: 1073, facets final: 116, pending: 77205, pool: 300
I  440.23] Elapsed: 7:20, vertices: 1080, facets final: 116, pending: 77505, pool: 300
I  445.23] Elapsed: 7:25, vertices: 1089, facets final: 119, pending: 77172, pool: 300
I  450.67] Elapsed: 7:31, vertices: 1100, facets final: 123, pending: 77431, pool: 300
I  450.67] recalculating facets...
I  455.86] Elapsed: 7:36, vertices: 1109, facets final: 125, pending: 77076, pool: 300
I  460.90] Elapsed: 7:41, vertices: 1117, facets final: 126, pending: 76842, pool: 300
I  466.18] Elapsed: 7:46, vertices: 1128, facets final: 129, pending: 76354, pool: 300
I  471.23] Elapsed: 7:51, vertices: 1137, facets final: 132, pending: 76195, pool: 300
I  476.42] Elapsed: 7:56, vertices: 1147, facets final: 134, pending: 76179, pool: 299
I  481.76] Elapsed: 8:02, vertices: 1158, facets final: 136, pending: 76014, pool: 300
I  486.83] Elapsed: 8:07, vertices: 1168, facets final: 139, pending: 76002, pool: 300
I  491.95] Elapsed: 8:12, vertices: 1179, facets final: 140, pending: 75902, pool: 300
I  496.99] Elapsed: 8:17, vertices: 1189, facets final: 141, pending: 75773, pool: 300
I  502.20] Elapsed: 8:22, vertices: 1198, facets final: 141, pending: 76518, pool: 300
I  502.95] recalculating facets...
recalculate_facet: numerical instability at facet 20372, coord 0 (2.4209e-06)
recalculate_facet: numerical instability at facet 20372, coord 2 (-1.67746e-06)
recalculate_facet: numerical instability at facet 20372, coord 3 (9.95953e-06)
recalculate_facet: numerical instability at facet 20372, coord 4 (4.97886e-06)
recalculate_facet: numerical instability at facet 20372, coord 5 (-6.60053e-06)
recalculate_facet: numerical instability at facet 20372, coord 6 (-9.0813e-06)
recalculate_facet: numerical instability at facet 20372, coord 10 (-4.39583e-06)
recalculate_facet: numerical instability at facet 20390, coord 3 (1.88534e-06)
recalculate_facet: numerical instability at facet 20390, coord 5 (-1.25475e-06)
recalculate_facet: numerical instability at facet 20390, coord 6 (-1.71593e-06)
I  507.35] Elapsed: 8:27, vertices: 1209, facets final: 146, pending: 76741, pool: 300
I  512.56] Elapsed: 8:33, vertices: 1220, facets final: 148, pending: 77243, pool: 300
I  517.61] Elapsed: 8:38, vertices: 1231, facets final: 149, pending: 76956, pool: 300
I  522.69] Elapsed: 8:43, vertices: 1240, facets final: 149, pending: 76704, pool: 300
I  527.69] Elapsed: 8:48, vertices: 1250, facets final: 149, pending: 76218, pool: 300
I  532.70] Elapsed: 8:53, vertices: 1261, facets final: 150, pending: 76125, pool: 300
I  537.88] Elapsed: 8:58, vertices: 1271, facets final: 152, pending: 75936, pool: 300
I  543.78] Elapsed: 9:04, vertices: 1282, facets final: 153, pending: 75371, pool: 300
I  548.87] Elapsed: 9:09, vertices: 1294, facets final: 154, pending: 75320, pool: 300
I  550.98] recalculating facets...
I  554.05] Elapsed: 9:14, vertices: 1303, facets final: 154, pending: 74560, pool: 300
I  559.32] Elapsed: 9:19, vertices: 1315, facets final: 156, pending: 74660, pool: 300
I  564.42] Elapsed: 9:24, vertices: 1327, facets final: 156, pending: 74430, pool: 300
I  569.58] Elapsed: 9:30, vertices: 1338, facets final: 161, pending: 74665, pool: 300
I  574.70] Elapsed: 9:35, vertices: 1348, facets final: 163, pending: 74298, pool: 300
I  579.94] Elapsed: 9:40, vertices: 1359, facets final: 169, pending: 73395, pool: 300
I  585.23] Elapsed: 9:45, vertices: 1368, facets final: 173, pending: 73924, pool: 300
I  590.24] Elapsed: 9:50, vertices: 1379, facets final: 175, pending: 73568, pool: 300
I  595.27] Elapsed: 9:55, vertices: 1391, facets final: 180, pending: 73278, pool: 300
I  598.35] recalculating facets...
I  600.43] Elapsed: 10:00, vertices: 1404, facets final: 183, pending: 73208, pool: 300
I  605.54] Elapsed: 10:06, vertices: 1415, facets final: 184, pending: 73301, pool: 300
I  610.63] Elapsed: 10:11, vertices: 1428, facets final: 186, pending: 73216, pool: 299
I  615.71] Elapsed: 10:16, vertices: 1441, facets final: 187, pending: 72010, pool: 300
I  620.80] Elapsed: 10:21, vertices: 1453, facets final: 191, pending: 71868, pool: 300
I  625.81] Elapsed: 10:26, vertices: 1466, facets final: 195, pending: 72515, pool: 300
I  631.19] Elapsed: 10:31, vertices: 1479, facets final: 199, pending: 72743, pool: 300
I  636.32] Elapsed: 10:36, vertices: 1491, facets final: 201, pending: 72775, pool: 300
I  640.14] recalculating facets...
I  641.41] Elapsed: 10:41, vertices: 1502, facets final: 202, pending: 71744, pool: 300
I  646.41] Elapsed: 10:46, vertices: 1513, facets final: 204, pending: 72014, pool: 300
I  651.50] Elapsed: 10:52, vertices: 1526, facets final: 208, pending: 71883, pool: 300
I  656.60] Elapsed: 10:57, vertices: 1539, facets final: 211, pending: 71296, pool: 300
I  661.67] Elapsed: 11:02, vertices: 1550, facets final: 212, pending: 71048, pool: 299
I  667.22] Elapsed: 11:07, vertices: 1562, facets final: 216, pending: 71671, pool: 300
I  672.30] Elapsed: 11:12, vertices: 1573, facets final: 219, pending: 71649, pool: 300
I  678.07] Elapsed: 11:18, vertices: 1585, facets final: 224, pending: 71604, pool: 300
I  683.11] Elapsed: 11:23, vertices: 1596, facets final: 225, pending: 71796, pool: 300
I  685.00] recalculating facets...
I  688.27] Elapsed: 11:28, vertices: 1605, facets final: 226, pending: 71524, pool: 300
I  693.31] Elapsed: 11:33, vertices: 1616, facets final: 232, pending: 71417, pool: 300
I  698.33] Elapsed: 11:38, vertices: 1630, facets final: 236, pending: 71228, pool: 300
I  703.35] Elapsed: 11:43, vertices: 1640, facets final: 240, pending: 71495, pool: 300
I  708.40] Elapsed: 11:48, vertices: 1651, facets final: 240, pending: 70897, pool: 299
I  713.56] Elapsed: 11:54, vertices: 1665, facets final: 240, pending: 70622, pool: 300
I  718.81] Elapsed: 11:59, vertices: 1679, facets final: 245, pending: 70804, pool: 300
I  723.86] Elapsed: 12:04, vertices: 1692, facets final: 248, pending: 70187, pool: 300
I  728.68] recalculating facets...
I  729.01] Elapsed: 12:09, vertices: 1700, facets final: 249, pending: 69909, pool: 300
I  734.04] Elapsed: 12:14, vertices: 1712, facets final: 251, pending: 70285, pool: 300
I  739.18] Elapsed: 12:19, vertices: 1723, facets final: 252, pending: 70561, pool: 300
I  744.35] Elapsed: 12:24, vertices: 1733, facets final: 252, pending: 70940, pool: 300
I  749.50] Elapsed: 12:30, vertices: 1744, facets final: 255, pending: 70867, pool: 299
I  755.60] Elapsed: 12:36, vertices: 1754, facets final: 256, pending: 71632, pool: 300
I  760.73] Elapsed: 12:41, vertices: 1762, facets final: 256, pending: 72334, pool: 300
I  766.04] Elapsed: 12:46, vertices: 1773, facets final: 259, pending: 72503, pool: 300
I  771.59] Elapsed: 12:52, vertices: 1784, facets final: 259, pending: 71667, pool: 300
I  776.67] Elapsed: 12:57, vertices: 1795, facets final: 261, pending: 72030, pool: 300
I  779.22] recalculating facets...
recalculate_facet: numerical instability at facet 60683, coord 10 (1.4032e-06)
I  781.72] Elapsed: 13:02, vertices: 1804, facets final: 266, pending: 72606, pool: 300
I  786.89] Elapsed: 13:07, vertices: 1812, facets final: 266, pending: 72761, pool: 300
I  791.97] Elapsed: 13:12, vertices: 1821, facets final: 266, pending: 73429, pool: 299
I  797.10] Elapsed: 13:17, vertices: 1833, facets final: 270, pending: 73708, pool: 300
I  802.45] Elapsed: 13:22, vertices: 1845, facets final: 274, pending: 73815, pool: 300
I  807.57] Elapsed: 13:28, vertices: 1857, facets final: 278, pending: 73856, pool: 300
I  812.64] Elapsed: 13:33, vertices: 1868, facets final: 281, pending: 74012, pool: 300
I  817.71] Elapsed: 13:38, vertices: 1879, facets final: 285, pending: 74128, pool: 300
I  823.06] Elapsed: 13:43, vertices: 1889, facets final: 288, pending: 74852, pool: 300
I  828.35] Elapsed: 13:48, vertices: 1898, facets final: 290, pending: 74458, pool: 300
I  828.99] recalculating facets...
recalculate_facet: numerical instability at facet 13938, coord 10 (-1.17828e-06)
recalculate_facet: numerical instability at facet 13972, coord 4 (-1.15177e-06)
recalculate_facet: numerical instability at facet 13972, coord 5 (1.12124e-06)
recalculate_facet: numerical instability at facet 13982, coord 10 (-1.81893e-06)
I  833.45] Elapsed: 13:53, vertices: 1909, facets final: 294, pending: 74864, pool: 300
I  838.58] Elapsed: 13:59, vertices: 1919, facets final: 297, pending: 74858, pool: 300
I  843.61] Elapsed: 14:04, vertices: 1927, facets final: 298, pending: 74893, pool: 300
I  848.67] Elapsed: 14:09, vertices: 1939, facets final: 298, pending: 74773, pool: 300
I  853.76] Elapsed: 14:14, vertices: 1949, facets final: 302, pending: 74812, pool: 300
I  858.76] Elapsed: 14:19, vertices: 1957, facets final: 303, pending: 75067, pool: 300
I  863.84] Elapsed: 14:24, vertices: 1963, facets final: 303, pending: 75974, pool: 300
I  868.97] Elapsed: 14:29, vertices: 1974, facets final: 306, pending: 75608, pool: 300
I  874.00] Elapsed: 14:34, vertices: 1984, facets final: 315, pending: 76302, pool: 299
I  879.20] Elapsed: 14:39, vertices: 1994, facets final: 317, pending: 76177, pool: 300
I  882.07] recalculating facets...
I  884.31] Elapsed: 14:44, vertices: 2004, facets final: 318, pending: 76140, pool: 300
I  889.40] Elapsed: 14:49, vertices: 2016, facets final: 318, pending: 76021, pool: 300
I  894.98] Elapsed: 14:55, vertices: 2026, facets final: 322, pending: 76675, pool: 300
I  900.27] Elapsed: 15:00, vertices: 2032, facets final: 323, pending: 76963, pool: 300
I  905.36] Elapsed: 15:05, vertices: 2043, facets final: 325, pending: 76745, pool: 300
I  910.90] Elapsed: 15:11, vertices: 2051, facets final: 328, pending: 77150, pool: 300
I  915.90] Elapsed: 15:16, vertices: 2060, facets final: 331, pending: 76662, pool: 300
I  921.58] Elapsed: 15:22, vertices: 2069, facets final: 336, pending: 75974, pool: 300
I  926.65] Elapsed: 15:27, vertices: 2077, facets final: 340, pending: 76112, pool: 300
I  931.66] Elapsed: 15:32, vertices: 2089, facets final: 343, pending: 76712, pool: 300
I  936.38] recalculating facets...
I  936.73] Elapsed: 15:37, vertices: 2100, facets final: 346, pending: 77272, pool: 300
I  941.77] Elapsed: 15:42, vertices: 2107, facets final: 347, pending: 77437, pool: 300
I  946.82] Elapsed: 15:47, vertices: 2114, facets final: 348, pending: 78233, pool: 300
I  952.33] Elapsed: 15:52, vertices: 2125, facets final: 350, pending: 78289, pool: 300
I  957.51] Elapsed: 15:58, vertices: 2132, facets final: 352, pending: 77962, pool: 300
I  962.62] Elapsed: 16:03, vertices: 2139, facets final: 355, pending: 77431, pool: 300
I  967.72] Elapsed: 16:08, vertices: 2149, facets final: 357, pending: 77150, pool: 300
I  972.78] Elapsed: 16:13, vertices: 2161, facets final: 358, pending: 76856, pool: 299
I  977.84] Elapsed: 16:18, vertices: 2168, facets final: 359, pending: 76340, pool: 300
I  983.08] Elapsed: 16:23, vertices: 2181, facets final: 361, pending: 76131, pool: 300
I  988.19] Elapsed: 16:28, vertices: 2191, facets final: 363, pending: 76377, pool: 300
I  993.29] Elapsed: 16:33, vertices: 2200, facets final: 363, pending: 76205, pool: 300
I  993.29] recalculating facets...
recalculate_facet: numerical instability at facet 70169, coord 10 (1.36029e-06)
I  998.33] Elapsed: 16:38, vertices: 2209, facets final: 364, pending: 76427, pool: 300
I 1003.33] Elapsed: 16:43, vertices: 2221, facets final: 368, pending: 76428, pool: 300
I 1008.71] Elapsed: 16:49, vertices: 2233, facets final: 374, pending: 76443, pool: 300
I 1013.82] Elapsed: 16:54, vertices: 2246, facets final: 378, pending: 76497, pool: 300
I 1019.11] Elapsed: 16:59, vertices: 2257, facets final: 385, pending: 77058, pool: 300
I 1024.47] Elapsed: 17:04, vertices: 2265, facets final: 386, pending: 77248, pool: 300
I 1029.94] Elapsed: 17:10, vertices: 2274, facets final: 389, pending: 77039, pool: 300
I 1034.95] Elapsed: 17:15, vertices: 2286, facets final: 392, pending: 76586, pool: 300
I 1040.11] Elapsed: 17:20, vertices: 2294, facets final: 395, pending: 76614, pool: 300
I 1043.20] recalculating facets...
I 1045.29] Elapsed: 17:25, vertices: 2304, facets final: 396, pending: 76665, pool: 299
I 1050.49] Elapsed: 17:30, vertices: 2312, facets final: 398, pending: 76620, pool: 300
I 1055.53] Elapsed: 17:36, vertices: 2319, facets final: 400, pending: 76890, pool: 298
I 1060.53] Elapsed: 17:41, vertices: 2326, facets final: 403, pending: 77425, pool: 300
I 1065.60] Elapsed: 17:46, vertices: 2337, facets final: 408, pending: 77337, pool: 300
I 1070.73] Elapsed: 17:51, vertices: 2347, facets final: 411, pending: 77179, pool: 300
I 1075.73] Elapsed: 17:56, vertices: 2355, facets final: 412, pending: 77190, pool: 300
I 1080.93] Elapsed: 18:01, vertices: 2365, facets final: 413, pending: 77175, pool: 300
I 1085.98] Elapsed: 18:06, vertices: 2374, facets final: 416, pending: 77134, pool: 300
I 1091.15] Elapsed: 18:11, vertices: 2384, facets final: 419, pending: 76799, pool: 300
I 1096.19] Elapsed: 18:16, vertices: 2396, facets final: 423, pending: 76551, pool: 300
I 1098.41] recalculating facets...
recalculate_facet: numerical instability at facet 38030, coord 1 (-1.4673e-06)
recalculate_facet: numerical instability at facet 38030, coord 2 (2.97266e-06)
recalculate_facet: numerical instability at facet 38030, coord 3 (1.25193e-06)
recalculate_facet: numerical instability at facet 38030, coord 4 (-2.75833e-06)
recalculate_facet: numerical instability at facet 38030, coord 10 (2.54318e-06)
recalculate_facet: numerical instability at facet 80233, coord 0 (-1.32056e-06)
recalculate_facet: numerical instability at facet 80233, coord 2 (1.38756e-06)
recalculate_facet: numerical instability at facet 80233, coord 4 (1.79054e-06)
recalculate_facet: numerical instability at facet 80233, coord 7 (-3.09455e-06)
recalculate_facet: numerical instability at facet 80240, coord 0 (2.5306e-06)
recalculate_facet: numerical instability at facet 80240, coord 1 (-7.34425e-06)
recalculate_facet: numerical instability at facet 80240, coord 2 (1.14714e-05)
recalculate_facet: numerical instability at facet 80240, coord 3 (6.2371e-06)
recalculate_facet: numerical instability at facet 80240, coord 4 (-9.1139e-06)
recalculate_facet: numerical instability at facet 80240, coord 5 (-2.5206e-06)
recalculate_facet: numerical instability at facet 80240, coord 6 (-1.2603e-06)
recalculate_facet: numerical instability at facet 80240, coord 10 (1.3079e-05)
recalculate_facet: numerical instability at facet 80438, coord 1 (-2.99724e-06)
recalculate_facet: numerical instability at facet 80438, coord 2 (5.13371e-06)
recalculate_facet: numerical instability at facet 80438, coord 3 (2.41079e-06)
recalculate_facet: numerical instability at facet 80438, coord 4 (-4.04389e-06)
recalculate_facet: numerical instability at facet 80438, coord 10 (5.46207e-06)
recalculate_facet: numerical instability at facet 80439, coord 1 (-2.02471e-06)
recalculate_facet: numerical instability at facet 80439, coord 2 (4.19152e-06)
recalculate_facet: numerical instability at facet 80439, coord 3 (1.69069e-06)
recalculate_facet: numerical instability at facet 80439, coord 4 (-3.38781e-06)
recalculate_facet: numerical instability at facet 80439, coord 10 (3.56564e-06)
recalculate_facet: numerical instability at facet 80445, coord 7 (-1.22437e-06)
recalculate_facet: numerical instability at facet 80446, coord 2 (1.63166e-06)
I 1101.94] Elapsed: 18:22, vertices: 2406, facets final: 429, pending: 76482, pool: 300
I 1107.04] Elapsed: 18:27, vertices: 2416, facets final: 437, pending: 76415, pool: 299
I 1112.42] Elapsed: 18:32, vertices: 2426, facets final: 441, pending: 76820, pool: 300
I 1117.44] Elapsed: 18:37, vertices: 2435, facets final: 446, pending: 76809, pool: 300
I 1122.60] Elapsed: 18:43, vertices: 2443, facets final: 448, pending: 76542, pool: 300
I 1128.33] Elapsed: 18:48, vertices: 2455, facets final: 454, pending: 76617, pool: 300
I 1133.37] Elapsed: 18:53, vertices: 2466, facets final: 457, pending: 76641, pool: 300
I 1138.50] Elapsed: 18:59, vertices: 2477, facets final: 462, pending: 76903, pool: 300
I 1143.67] Elapsed: 19:04, vertices: 2485, facets final: 467, pending: 76726, pool: 300
I 1148.93] Elapsed: 19:09, vertices: 2495, facets final: 468, pending: 76199, pool: 300
I 1151.56] recalculating facets...
I 1154.44] Elapsed: 19:14, vertices: 2505, facets final: 471, pending: 76546, pool: 300
I 1159.46] Elapsed: 19:19, vertices: 2517, facets final: 475, pending: 76258, pool: 300
I 1164.57] Elapsed: 19:25, vertices: 2526, facets final: 482, pending: 75946, pool: 300
I 1169.93] Elapsed: 19:30, vertices: 2535, facets final: 487, pending: 75975, pool: 300
I 1174.95] Elapsed: 19:35, vertices: 2545, facets final: 488, pending: 75787, pool: 300
I 1180.84] Elapsed: 19:41, vertices: 2556, facets final: 493, pending: 75786, pool: 300
I 1185.88] Elapsed: 19:46, vertices: 2567, facets final: 495, pending: 75832, pool: 300
I 1191.01] Elapsed: 19:51, vertices: 2576, facets final: 500, pending: 75940, pool: 300
I 1196.02] Elapsed: 19:56, vertices: 2588, facets final: 505, pending: 75761, pool: 300
I 1201.18] Elapsed: 20:01, vertices: 2600, facets final: 509, pending: 75786, pool: 300
I 1201.18] recalculating facets...
recalculate_facet: numerical instability at facet 23933, coord 6 (-1.02568e-06)
recalculate_facet: numerical instability at facet 23933, coord 10 (-1.11505e-06)
recalculate_facet: numerical instability at facet 76409, coord 10 (-1.09761e-06)
I 1206.47] Elapsed: 20:06, vertices: 2610, facets final: 516, pending: 75827, pool: 300
I 1211.49] Elapsed: 20:11, vertices: 2621, facets final: 518, pending: 75470, pool: 300
I 1216.49] Elapsed: 20:16, vertices: 2631, facets final: 519, pending: 74974, pool: 300
I 1221.82] Elapsed: 20:22, vertices: 2644, facets final: 520, pending: 75029, pool: 300
I 1226.87] Elapsed: 20:27, vertices: 2655, facets final: 523, pending: 75008, pool: 300
I 1231.88] Elapsed: 20:32, vertices: 2666, facets final: 525, pending: 75477, pool: 300
I 1237.00] Elapsed: 20:37, vertices: 2677, facets final: 527, pending: 75741, pool: 300
I 1242.14] Elapsed: 20:42, vertices: 2688, facets final: 528, pending: 75483, pool: 300
I 1246.68] recalculating facets...
recalculate_facet: numerical instability at facet 6201, coord 1 (-1.56787e-06)
recalculate_facet: numerical instability at facet 6201, coord 3 (3.41617e-06)
recalculate_facet: numerical instability at facet 6201, coord 5 (-3.01905e-06)
recalculate_facet: numerical instability at facet 6201, coord 6 (1.66283e-06)
recalculate_facet: numerical instability at facet 6201, coord 10 (3.3163e-06)
I 1247.31] Elapsed: 20:47, vertices: 2701, facets final: 533, pending: 75734, pool: 300
I 1252.31] Elapsed: 20:52, vertices: 2713, facets final: 540, pending: 75963, pool: 300
I 1257.51] Elapsed: 20:58, vertices: 2725, facets final: 548, pending: 76160, pool: 300
I 1263.42] Elapsed: 21:03, vertices: 2737, facets final: 555, pending: 75867, pool: 300
I 1268.46] Elapsed: 21:08, vertices: 2749, facets final: 563, pending: 75230, pool: 299
I 1273.71] Elapsed: 21:14, vertices: 2761, facets final: 566, pending: 75524, pool: 300
I 1278.85] Elapsed: 21:19, vertices: 2773, facets final: 571, pending: 75316, pool: 300
I 1283.91] Elapsed: 21:24, vertices: 2782, facets final: 574, pending: 75304, pool: 300
I 1289.21] Elapsed: 21:29, vertices: 2793, facets final: 584, pending: 75489, pool: 300
I 1292.49] recalculating facets...
I 1294.58] Elapsed: 21:35, vertices: 2805, facets final: 586, pending: 75466, pool: 300
I 1299.60] Elapsed: 21:40, vertices: 2817, facets final: 591, pending: 75516, pool: 300
I 1304.62] Elapsed: 21:45, vertices: 2827, facets final: 602, pending: 75422, pool: 300
I 1309.80] Elapsed: 21:50, vertices: 2840, facets final: 611, pending: 75178, pool: 300
I 1315.05] Elapsed: 21:55, vertices: 2850, facets final: 614, pending: 74598, pool: 300
I 1320.41] Elapsed: 22:00, vertices: 2861, facets final: 616, pending: 74597, pool: 300
I 1325.52] Elapsed: 22:06, vertices: 2872, facets final: 621, pending: 74954, pool: 300
I 1330.94] Elapsed: 22:11, vertices: 2885, facets final: 626, pending: 74628, pool: 300
I 1336.11] Elapsed: 22:16, vertices: 2897, facets final: 635, pending: 74267, pool: 300
I 1337.55] recalculating facets...
I 1341.16] Elapsed: 22:21, vertices: 2908, facets final: 638, pending: 74193, pool: 300
I 1346.56] Elapsed: 22:27, vertices: 2920, facets final: 645, pending: 74172, pool: 300
I 1351.70] Elapsed: 22:32, vertices: 2929, facets final: 650, pending: 74328, pool: 300
I 1356.73] Elapsed: 22:37, vertices: 2941, facets final: 655, pending: 74157, pool: 300
I 1361.76] Elapsed: 22:42, vertices: 2952, facets final: 657, pending: 74082, pool: 300
I 1366.81] Elapsed: 22:47, vertices: 2963, facets final: 659, pending: 73823, pool: 300
I 1371.97] Elapsed: 22:52, vertices: 2974, facets final: 665, pending: 73558, pool: 300
I 1377.00] Elapsed: 22:57, vertices: 2987, facets final: 670, pending: 73713, pool: 300
I 1382.81] Elapsed: 23:03, vertices: 3000, facets final: 675, pending: 73364, pool: 300
I 1382.81] recalculating facets...
I 1388.01] Elapsed: 23:08, vertices: 3010, facets final: 678, pending: 73153, pool: 300
I 1393.03] Elapsed: 23:13, vertices: 3020, facets final: 680, pending: 72816, pool: 300
I 1398.25] Elapsed: 23:18, vertices: 3030, facets final: 684, pending: 73255, pool: 300
I 1403.55] Elapsed: 23:24, vertices: 3041, facets final: 686, pending: 73307, pool: 300
I 1408.65] Elapsed: 23:29, vertices: 3052, facets final: 690, pending: 73379, pool: 300
I 1414.62] Elapsed: 23:35, vertices: 3062, facets final: 694, pending: 73274, pool: 300
I 1419.80] Elapsed: 23:40, vertices: 3073, facets final: 697, pending: 73292, pool: 300
I 1424.97] Elapsed: 23:45, vertices: 3083, facets final: 700, pending: 73037, pool: 300
I 1430.10] Elapsed: 23:50, vertices: 3094, facets final: 708, pending: 72536, pool: 300
I 1431.97] recalculating facets...
I 1435.30] Elapsed: 23:55, vertices: 3107, facets final: 717, pending: 72185, pool: 300
I 1440.31] Elapsed: 24:00, vertices: 3120, facets final: 728, pending: 72201, pool: 300
I 1445.51] Elapsed: 24:06, vertices: 3134, facets final: 730, pending: 71892, pool: 300
I 1450.58] Elapsed: 24:11, vertices: 3148, facets final: 742, pending: 71627, pool: 300
I 1455.71] Elapsed: 24:16, vertices: 3161, facets final: 745, pending: 71434, pool: 300
I 1460.76] Elapsed: 24:21, vertices: 3173, facets final: 749, pending: 71271, pool: 300
I 1465.76] Elapsed: 24:26, vertices: 3185, facets final: 761, pending: 71272, pool: 300
I 1470.87] Elapsed: 24:31, vertices: 3196, facets final: 767, pending: 71205, pool: 300
I 1473.00] recalculating facets...
I 1476.02] Elapsed: 24:36, vertices: 3207, facets final: 773, pending: 70701, pool: 299
I 1481.02] Elapsed: 24:41, vertices: 3220, facets final: 779, pending: 70545, pool: 299
I 1486.17] Elapsed: 24:46, vertices: 3230, facets final: 786, pending: 70469, pool: 299
I 1491.36] Elapsed: 24:51, vertices: 3242, facets final: 798, pending: 70600, pool: 300
I 1496.53] Elapsed: 24:57, vertices: 3255, facets final: 807, pending: 70535, pool: 300
I 1501.62] Elapsed: 25:02, vertices: 3269, facets final: 814, pending: 70400, pool: 300
I 1506.85] Elapsed: 25:07, vertices: 3280, facets final: 822, pending: 70029, pool: 300
I 1511.90] Elapsed: 25:12, vertices: 3292, facets final: 832, pending: 69950, pool: 300
I 1515.13] recalculating facets...
recalculate_facet: numerical instability at facet 39639, coord 0 (1.029e-05)
recalculate_facet: numerical instability at facet 39639, coord 1 (-1.73382e-06)
recalculate_facet: numerical instability at facet 39639, coord 2 (-9.62903e-06)
recalculate_facet: numerical instability at facet 39639, coord 3 (1.39936e-06)
recalculate_facet: numerical instability at facet 39639, coord 4 (-7.28673e-06)
recalculate_facet: numerical instability at facet 39639, coord 5 (7.17645e-06)
recalculate_facet: numerical instability at facet 39639, coord 10 (-2.46568e-06)
recalculate_facet: numerical instability at facet 39671, coord 0 (2.09587e-06)
recalculate_facet: numerical instability at facet 39671, coord 2 (-2.62809e-06)
recalculate_facet: numerical instability at facet 39671, coord 3 (2.05357e-06)
recalculate_facet: numerical instability at facet 39671, coord 4 (-2.70343e-06)
recalculate_facet: numerical instability at facet 39671, coord 5 (2.07219e-06)
recalculate_facet: numerical instability at facet 39671, coord 10 (1.14598e-06)
I 1517.04] Elapsed: 25:17, vertices: 3304, facets final: 839, pending: 69713, pool: 300
I 1522.37] Elapsed: 25:22, vertices: 3319, facets final: 847, pending: 69275, pool: 300
I 1527.55] Elapsed: 25:28, vertices: 3332, facets final: 851, pending: 69177, pool: 300
I 1532.72] Elapsed: 25:33, vertices: 3345, facets final: 857, pending: 69111, pool: 300
I 1537.76] Elapsed: 25:38, vertices: 3356, facets final: 863, pending: 68981, pool: 300
I 1543.02] Elapsed: 25:43, vertices: 3366, facets final: 870, pending: 68569, pool: 300
I 1548.18] Elapsed: 25:48, vertices: 3378, facets final: 872, pending: 68999, pool: 300
I 1553.28] Elapsed: 25:53, vertices: 3391, facets final: 879, pending: 68778, pool: 300
I 1556.79] recalculating facets...
I 1558.38] Elapsed: 25:58, vertices: 3404, facets final: 883, pending: 68494, pool: 300
I 1563.52] Elapsed: 26:04, vertices: 3422, facets final: 890, pending: 68092, pool: 300
I 1568.73] Elapsed: 26:09, vertices: 3437, facets final: 895, pending: 67997, pool: 300
I 1573.77] Elapsed: 26:14, vertices: 3449, facets final: 898, pending: 67636, pool: 300
I 1578.98] Elapsed: 26:19, vertices: 3460, facets final: 905, pending: 67306, pool: 300
I 1584.08] Elapsed: 26:24, vertices: 3474, facets final: 908, pending: 66954, pool: 300
I 1589.19] Elapsed: 26:29, vertices: 3486, facets final: 920, pending: 66632, pool: 300
I 1594.19] Elapsed: 26:34, vertices: 3499, facets final: 927, pending: 66394, pool: 300
I 1594.48] recalculating facets...
I 1599.22] Elapsed: 26:39, vertices: 3513, facets final: 937, pending: 66195, pool: 300
I 1604.55] Elapsed: 26:45, vertices: 3529, facets final: 951, pending: 66245, pool: 300
I 1609.57] Elapsed: 26:50, vertices: 3542, facets final: 965, pending: 66086, pool: 300
I 1614.70] Elapsed: 26:55, vertices: 3555, facets final: 974, pending: 65981, pool: 300
I 1619.74] Elapsed: 27:00, vertices: 3568, facets final: 986, pending: 65672, pool: 300
I 1624.99] Elapsed: 27:05, vertices: 3582, facets final: 999, pending: 65550, pool: 300
I 1630.09] Elapsed: 27:10, vertices: 3597, facets final: 1012, pending: 65354, pool: 299
I 1630.87] recalculating facets...
I 1635.15] Elapsed: 27:15, vertices: 3612, facets final: 1017, pending: 65000, pool: 300
I 1640.27] Elapsed: 27:20, vertices: 3626, facets final: 1035, pending: 64965, pool: 300
I 1645.33] Elapsed: 27:25, vertices: 3639, facets final: 1039, pending: 64741, pool: 300
I 1650.41] Elapsed: 27:30, vertices: 3653, facets final: 1047, pending: 64718, pool: 300
I 1655.46] Elapsed: 27:35, vertices: 3668, facets final: 1057, pending: 64581, pool: 300
I 1660.51] Elapsed: 27:41, vertices: 3684, facets final: 1074, pending: 64509, pool: 300
I 1665.52] Elapsed: 27:46, vertices: 3699, facets final: 1081, pending: 64401, pool: 300
I 1665.58] recalculating facets...
I 1670.72] Elapsed: 27:51, vertices: 3713, facets final: 1091, pending: 64356, pool: 300
I 1675.87] Elapsed: 27:56, vertices: 3726, facets final: 1110, pending: 64377, pool: 300
I 1680.87] Elapsed: 28:01, vertices: 3739, facets final: 1115, pending: 64411, pool: 300
I 1686.07] Elapsed: 28:06, vertices: 3752, facets final: 1124, pending: 64217, pool: 300
I 1691.14] Elapsed: 28:11, vertices: 3767, facets final: 1128, pending: 64126, pool: 300
I 1696.31] Elapsed: 28:16, vertices: 3780, facets final: 1141, pending: 64162, pool: 300
I 1701.32] Elapsed: 28:21, vertices: 3794, facets final: 1151, pending: 63843, pool: 299
I 1703.43] recalculating facets...
I 1706.39] Elapsed: 28:26, vertices: 3808, facets final: 1163, pending: 63749, pool: 300
I 1711.58] Elapsed: 28:32, vertices: 3822, facets final: 1177, pending: 63380, pool: 300
I 1716.59] Elapsed: 28:37, vertices: 3836, facets final: 1183, pending: 63221, pool: 300
I 1721.67] Elapsed: 28:42, vertices: 3850, facets final: 1189, pending: 63270, pool: 300
I 1726.97] Elapsed: 28:47, vertices: 3865, facets final: 1202, pending: 62935, pool: 300
I 1732.10] Elapsed: 28:52, vertices: 3877, facets final: 1208, pending: 62618, pool: 300
I 1737.11] Elapsed: 28:57, vertices: 3892, facets final: 1220, pending: 62507, pool: 300
I 1739.78] recalculating facets...
I 1742.18] Elapsed: 29:02, vertices: 3907, facets final: 1230, pending: 62409, pool: 300
I 1747.20] Elapsed: 29:07, vertices: 3921, facets final: 1240, pending: 62386, pool: 300
I 1752.27] Elapsed: 29:12, vertices: 3934, facets final: 1251, pending: 62235, pool: 300
I 1757.29] Elapsed: 29:17, vertices: 3949, facets final: 1258, pending: 61975, pool: 299
I 1762.35] Elapsed: 29:22, vertices: 3961, facets final: 1274, pending: 61853, pool: 300
I 1767.53] Elapsed: 29:28, vertices: 3977, facets final: 1292, pending: 61697, pool: 299
I 1772.53] Elapsed: 29:33, vertices: 3992, facets final: 1305, pending: 61442, pool: 300
I 1774.82] recalculating facets...
I 1777.57] Elapsed: 29:38, vertices: 4006, facets final: 1317, pending: 61681, pool: 300
I 1782.74] Elapsed: 29:43, vertices: 4021, facets final: 1343, pending: 61635, pool: 300
I 1787.86] Elapsed: 29:48, vertices: 4036, facets final: 1358, pending: 61668, pool: 300
I 1793.00] Elapsed: 29:53, vertices: 4050, facets final: 1366, pending: 61526, pool: 300
I 1798.05] Elapsed: 29:58, vertices: 4064, facets final: 1371, pending: 61171, pool: 300
I 1803.15] Elapsed: 30:03, vertices: 4082, facets final: 1378, pending: 61101, pool: 300
I 1808.18] Elapsed: 30:08, vertices: 4100, facets final: 1405, pending: 60519, pool: 300
I 1808.18] recalculating facets...
I 1813.25] Elapsed: 30:13, vertices: 4115, facets final: 1419, pending: 60386, pool: 300
I 1818.40] Elapsed: 30:18, vertices: 4132, facets final: 1436, pending: 60044, pool: 299
I 1823.40] Elapsed: 30:23, vertices: 4149, facets final: 1450, pending: 59866, pool: 300
I 1828.42] Elapsed: 30:28, vertices: 4165, facets final: 1461, pending: 59787, pool: 300
I 1833.50] Elapsed: 30:34, vertices: 4180, facets final: 1484, pending: 59671, pool: 300
I 1838.54] Elapsed: 30:39, vertices: 4194, facets final: 1504, pending: 59410, pool: 300
I 1840.12] recalculating facets...
I 1843.58] Elapsed: 30:44, vertices: 4210, facets final: 1511, pending: 58924, pool: 300
I 1848.76] Elapsed: 30:49, vertices: 4226, facets final: 1525, pending: 58722, pool: 300
I 1853.89] Elapsed: 30:54, vertices: 4241, facets final: 1533, pending: 58473, pool: 300
I 1858.89] Elapsed: 30:59, vertices: 4256, facets final: 1551, pending: 58490, pool: 300
I 1864.10] Elapsed: 31:04, vertices: 4270, facets final: 1555, pending: 58439, pool: 300
I 1869.16] Elapsed: 31:09, vertices: 4285, facets final: 1576, pending: 58238, pool: 300
I 1874.16] Elapsed: 31:14, vertices: 4298, facets final: 1587, pending: 58177, pool: 300
I 1874.84] recalculating facets...
I 1879.16] Elapsed: 31:19, vertices: 4312, facets final: 1597, pending: 58095, pool: 300
I 1884.22] Elapsed: 31:24, vertices: 4326, facets final: 1619, pending: 57845, pool: 300
I 1889.46] Elapsed: 31:29, vertices: 4341, facets final: 1630, pending: 57636, pool: 300
I 1894.48] Elapsed: 31:34, vertices: 4356, facets final: 1647, pending: 57475, pool: 300
I 1899.51] Elapsed: 31:40, vertices: 4370, facets final: 1655, pending: 57276, pool: 300
I 1904.67] Elapsed: 31:45, vertices: 4388, facets final: 1689, pending: 56970, pool: 300
I 1907.85] recalculating facets...
I 1909.67] Elapsed: 31:50, vertices: 4406, facets final: 1715, pending: 56894, pool: 300
I 1914.79] Elapsed: 31:55, vertices: 4424, facets final: 1736, pending: 56790, pool: 300
I 1919.84] Elapsed: 32:00, vertices: 4442, facets final: 1754, pending: 56586, pool: 300
I 1924.84] Elapsed: 32:05, vertices: 4458, facets final: 1766, pending: 56396, pool: 300
I 1929.84] Elapsed: 32:10, vertices: 4475, facets final: 1784, pending: 56232, pool: 300
I 1934.93] Elapsed: 32:15, vertices: 4492, facets final: 1807, pending: 56328, pool: 300
I 1937.10] recalculating facets...
I 1940.07] Elapsed: 32:20, vertices: 4510, facets final: 1829, pending: 56315, pool: 300
I 1945.20] Elapsed: 32:25, vertices: 4527, facets final: 1851, pending: 56030, pool: 300
I 1950.26] Elapsed: 32:30, vertices: 4544, facets final: 1859, pending: 55811, pool: 300
I 1955.29] Elapsed: 32:35, vertices: 4561, facets final: 1893, pending: 55719, pool: 300
I 1960.42] Elapsed: 32:40, vertices: 4578, facets final: 1912, pending: 55639, pool: 300
I 1965.56] Elapsed: 32:46, vertices: 4596, facets final: 1930, pending: 55586, pool: 300
I 1966.80] recalculating facets...
I 1970.61] Elapsed: 32:51, vertices: 4612, facets final: 1945, pending: 55330, pool: 300
I 1975.75] Elapsed: 32:56, vertices: 4628, facets final: 1970, pending: 55128, pool: 300
I 1980.96] Elapsed: 33:01, vertices: 4646, facets final: 1997, pending: 54975, pool: 300
I 1985.98] Elapsed: 33:06, vertices: 4659, facets final: 2011, pending: 55064, pool: 299
I 1991.12] Elapsed: 33:11, vertices: 4675, facets final: 2026, pending: 54955, pool: 300
I 1996.19] Elapsed: 33:16, vertices: 4693, facets final: 2047, pending: 54704, pool: 300
I 1998.38] recalculating facets...
I 2001.21] Elapsed: 33:21, vertices: 4708, facets final: 2069, pending: 54685, pool: 299
I 2006.22] Elapsed: 33:26, vertices: 4725, facets final: 2082, pending: 54471, pool: 300
I 2011.24] Elapsed: 33:31, vertices: 4741, facets final: 2095, pending: 54513, pool: 300
I 2016.43] Elapsed: 33:36, vertices: 4756, facets final: 2118, pending: 54460, pool: 300
I 2021.48] Elapsed: 33:41, vertices: 4773, facets final: 2130, pending: 54426, pool: 300
I 2026.56] Elapsed: 33:47, vertices: 4788, facets final: 2141, pending: 54344, pool: 300
I 2029.73] recalculating facets...
I 2031.72] Elapsed: 33:52, vertices: 4805, facets final: 2165, pending: 54127, pool: 300
I 2036.84] Elapsed: 33:57, vertices: 4820, facets final: 2181, pending: 54025, pool: 300
I 2042.02] Elapsed: 34:02, vertices: 4837, facets final: 2206, pending: 53881, pool: 300
I 2047.15] Elapsed: 34:07, vertices: 4856, facets final: 2243, pending: 53674, pool: 300
I 2052.28] Elapsed: 34:12, vertices: 4874, facets final: 2262, pending: 53572, pool: 300
I 2057.32] Elapsed: 34:17, vertices: 4894, facets final: 2300, pending: 53305, pool: 300
I 2058.78] recalculating facets...
I 2062.34] Elapsed: 34:22, vertices: 4914, facets final: 2315, pending: 53127, pool: 300
I 2067.34] Elapsed: 34:27, vertices: 4933, facets final: 2333, pending: 52900, pool: 299
I 2072.42] Elapsed: 34:32, vertices: 4953, facets final: 2359, pending: 52536, pool: 300
I 2077.45] Elapsed: 34:37, vertices: 4970, facets final: 2382, pending: 52377, pool: 300
I 2082.55] Elapsed: 34:43, vertices: 4990, facets final: 2404, pending: 52036, pool: 300
I 2085.01] recalculating facets...
I 2087.59] Elapsed: 34:48, vertices: 5007, facets final: 2428, pending: 51817, pool: 300
I 2092.72] Elapsed: 34:53, vertices: 5027, facets final: 2444, pending: 51618, pool: 300
I 2097.77] Elapsed: 34:58, vertices: 5046, facets final: 2490, pending: 51515, pool: 300
I 2102.78] Elapsed: 35:03, vertices: 5066, facets final: 2520, pending: 51302, pool: 300
I 2107.93] Elapsed: 35:08, vertices: 5086, facets final: 2542, pending: 51032, pool: 300
I 2111.72] recalculating facets...
I 2113.02] Elapsed: 35:13, vertices: 5104, facets final: 2570, pending: 50934, pool: 300
I 2118.02] Elapsed: 35:18, vertices: 5121, facets final: 2608, pending: 50879, pool: 300
I 2123.08] Elapsed: 35:23, vertices: 5140, facets final: 2626, pending: 50823, pool: 300
I 2128.09] Elapsed: 35:28, vertices: 5158, facets final: 2661, pending: 50738, pool: 300
I 2133.29] Elapsed: 35:33, vertices: 5177, facets final: 2700, pending: 50450, pool: 300
I 2138.43] Elapsed: 35:38, vertices: 5196, facets final: 2742, pending: 50376, pool: 300
I 2139.52] recalculating facets...
I 2143.46] Elapsed: 35:43, vertices: 5213, facets final: 2764, pending: 50182, pool: 299
I 2148.66] Elapsed: 35:49, vertices: 5231, facets final: 2803, pending: 49998, pool: 300
I 2153.68] Elapsed: 35:54, vertices: 5249, facets final: 2838, pending: 49808, pool: 300
I 2158.72] Elapsed: 35:59, vertices: 5267, facets final: 2880, pending: 49508, pool: 300
I 2163.73] Elapsed: 36:04, vertices: 5284, facets final: 2904, pending: 49282, pool: 300
I 2168.07] recalculating facets...
I 2168.90] Elapsed: 36:09, vertices: 5302, facets final: 2940, pending: 49045, pool: 299
I 2173.92] Elapsed: 36:14, vertices: 5317, facets final: 2965, pending: 48767, pool: 300
I 2178.92] Elapsed: 36:19, vertices: 5335, facets final: 2986, pending: 48670, pool: 300
I 2184.05] Elapsed: 36:24, vertices: 5352, facets final: 3016, pending: 48540, pool: 300
I 2189.13] Elapsed: 36:29, vertices: 5368, facets final: 3043, pending: 48222, pool: 299
I 2194.14] Elapsed: 36:34, vertices: 5387, facets final: 3075, pending: 48058, pool: 300
I 2197.78] recalculating facets...
I 2199.17] Elapsed: 36:39, vertices: 5404, facets final: 3117, pending: 47901, pool: 300
I 2204.37] Elapsed: 36:44, vertices: 5422, facets final: 3157, pending: 47798, pool: 299
I 2209.40] Elapsed: 36:49, vertices: 5440, facets final: 3198, pending: 47497, pool: 300
I 2214.42] Elapsed: 36:54, vertices: 5458, facets final: 3229, pending: 47337, pool: 300
I 2219.45] Elapsed: 36:59, vertices: 5475, facets final: 3272, pending: 47155, pool: 300
I 2224.47] Elapsed: 37:04, vertices: 5492, facets final: 3318, pending: 47011, pool: 300
I 2226.34] recalculating facets...
I 2229.50] Elapsed: 37:10, vertices: 5509, facets final: 3350, pending: 46725, pool: 300
I 2234.61] Elapsed: 37:15, vertices: 5527, facets final: 3363, pending: 46513, pool: 300
I 2239.69] Elapsed: 37:20, vertices: 5544, facets final: 3384, pending: 46330, pool: 300
I 2244.75] Elapsed: 37:25, vertices: 5562, facets final: 3413, pending: 46155, pool: 300
I 2249.95] Elapsed: 37:30, vertices: 5580, facets final: 3444, pending: 45993, pool: 300
I 2255.16] Elapsed: 37:35, vertices: 5599, facets final: 3475, pending: 45766, pool: 300
I 2255.19] recalculating facets...
I 2260.29] Elapsed: 37:40, vertices: 5616, facets final: 3521, pending: 45534, pool: 299
I 2265.37] Elapsed: 37:45, vertices: 5633, facets final: 3553, pending: 45262, pool: 300
I 2270.56] Elapsed: 37:51, vertices: 5651, facets final: 3590, pending: 44943, pool: 300
I 2275.57] Elapsed: 37:56, vertices: 5670, facets final: 3624, pending: 44636, pool: 300
I 2280.63] Elapsed: 38:01, vertices: 5699, facets final: 3678, pending: 44357, pool: 300
I 2280.72] recalculating facets...
I 2285.71] Elapsed: 38:06, vertices: 5726, facets final: 3750, pending: 44078, pool: 300
I 2290.81] Elapsed: 38:11, vertices: 5754, facets final: 3830, pending: 43685, pool: 300
I 2295.81] Elapsed: 38:16, vertices: 5781, facets final: 3917, pending: 43443, pool: 300
I 2299.47] recalculating facets...
I 2300.88] Elapsed: 38:21, vertices: 5806, facets final: 3971, pending: 43130, pool: 300
I 2305.90] Elapsed: 38:26, vertices: 5832, facets final: 4020, pending: 42990, pool: 300
I 2311.03] Elapsed: 38:31, vertices: 5859, facets final: 4099, pending: 42810, pool: 300
I 2316.09] Elapsed: 38:36, vertices: 5886, facets final: 4199, pending: 42519, pool: 300
I 2318.94] recalculating facets...
I 2321.21] Elapsed: 38:41, vertices: 5911, facets final: 4288, pending: 42188, pool: 300
I 2326.21] Elapsed: 38:46, vertices: 5937, facets final: 4345, pending: 42056, pool: 300
I 2331.34] Elapsed: 38:51, vertices: 5963, facets final: 4442, pending: 41758, pool: 300
I 2336.41] Elapsed: 38:56, vertices: 5989, facets final: 4542, pending: 41482, pool: 300
I 2338.50] recalculating facets...
I 2341.48] Elapsed: 39:01, vertices: 6014, facets final: 4617, pending: 41225, pool: 300
I 2346.60] Elapsed: 39:07, vertices: 6039, facets final: 4726, pending: 40924, pool: 300
I 2351.64] Elapsed: 39:12, vertices: 6063, facets final: 4828, pending: 40694, pool: 300
I 2356.77] Elapsed: 39:17, vertices: 6088, facets final: 4918, pending: 40438, pool: 299
I 2358.99] recalculating facets...
I 2361.78] Elapsed: 39:22, vertices: 6114, facets final: 4987, pending: 40104, pool: 300
I 2366.79] Elapsed: 39:27, vertices: 6138, facets final: 5091, pending: 39840, pool: 300
I 2371.83] Elapsed: 39:32, vertices: 6163, facets final: 5156, pending: 39720, pool: 300
I 2376.94] Elapsed: 39:37, vertices: 6188, facets final: 5267, pending: 39353, pool: 300
I 2379.35] recalculating facets...
I 2381.98] Elapsed: 39:42, vertices: 6211, facets final: 5346, pending: 39168, pool: 300
I 2387.12] Elapsed: 39:47, vertices: 6237, facets final: 5450, pending: 38825, pool: 300
I 2392.20] Elapsed: 39:52, vertices: 6262, facets final: 5541, pending: 38599, pool: 298
I 2397.23] Elapsed: 39:57, vertices: 6287, facets final: 5634, pending: 38312, pool: 300
I 2399.77] recalculating facets...
I 2402.36] Elapsed: 40:02, vertices: 6311, facets final: 5757, pending: 38154, pool: 300
I 2407.46] Elapsed: 40:07, vertices: 6336, facets final: 5891, pending: 37856, pool: 300
I 2412.48] Elapsed: 40:12, vertices: 6361, facets final: 5953, pending: 37673, pool: 299
I 2417.58] Elapsed: 40:18, vertices: 6385, facets final: 6060, pending: 37486, pool: 300
I 2420.55] recalculating facets...
I 2422.58] Elapsed: 40:23, vertices: 6409, facets final: 6203, pending: 37245, pool: 300
I 2427.70] Elapsed: 40:28, vertices: 6434, facets final: 6334, pending: 36943, pool: 300
I 2432.70] Elapsed: 40:33, vertices: 6458, facets final: 6434, pending: 36747, pool: 300
I 2437.70] Elapsed: 40:38, vertices: 6483, facets final: 6525, pending: 36555, pool: 300
I 2441.09] recalculating facets...
I 2442.76] Elapsed: 40:43, vertices: 6507, facets final: 6621, pending: 36298, pool: 300
I 2447.77] Elapsed: 40:48, vertices: 6531, facets final: 6738, pending: 36217, pool: 299
I 2452.77] Elapsed: 40:53, vertices: 6555, facets final: 6832, pending: 36079, pool: 300
I 2457.92] Elapsed: 40:58, vertices: 6578, facets final: 7000, pending: 35788, pool: 300
I 2462.21] recalculating facets...
I 2462.92] Elapsed: 41:03, vertices: 6603, facets final: 7121, pending: 35522, pool: 300
I 2468.02] Elapsed: 41:08, vertices: 6625, facets final: 7334, pending: 35160, pool: 300
I 2473.02] Elapsed: 41:13, vertices: 6649, facets final: 7496, pending: 34906, pool: 299
I 2478.16] Elapsed: 41:18, vertices: 6674, facets final: 7673, pending: 34600, pool: 299
I 2483.16] Elapsed: 41:23, vertices: 6698, facets final: 7844, pending: 34352, pool: 299
I 2483.37] recalculating facets...
I 2488.21] Elapsed: 41:28, vertices: 6722, facets final: 7966, pending: 34154, pool: 299
I 2493.29] Elapsed: 41:33, vertices: 6746, facets final: 8114, pending: 33992, pool: 300
I 2498.29] Elapsed: 41:38, vertices: 6769, facets final: 8313, pending: 33772, pool: 300
I 2503.29] Elapsed: 41:43, vertices: 6792, facets final: 8489, pending: 33532, pool: 299
I 2504.89] recalculating facets...
I 2508.30] Elapsed: 41:48, vertices: 6815, facets final: 8680, pending: 33269, pool: 300
I 2513.43] Elapsed: 41:53, vertices: 6838, facets final: 8892, pending: 32978, pool: 300
I 2518.51] Elapsed: 41:59, vertices: 6862, facets final: 9088, pending: 32643, pool: 300
I 2523.54] Elapsed: 42:04, vertices: 6884, facets final: 9276, pending: 32477, pool: 299
I 2526.89] recalculating facets...
I 2528.68] Elapsed: 42:09, vertices: 6907, facets final: 9473, pending: 32255, pool: 298
I 2533.68] Elapsed: 42:14, vertices: 6930, facets final: 9705, pending: 31904, pool: 299
I 2538.84] Elapsed: 42:19, vertices: 6952, facets final: 9995, pending: 31548, pool: 299
I 2543.88] Elapsed: 42:24, vertices: 6975, facets final: 10218, pending: 31280, pool: 299
I 2548.88] Elapsed: 42:29, vertices: 6998, facets final: 10518, pending: 30876, pool: 298
I 2549.37] recalculating facets...
I 2553.94] Elapsed: 42:34, vertices: 7019, facets final: 10800, pending: 30584, pool: 299
I 2558.95] Elapsed: 42:39, vertices: 7042, facets final: 11053, pending: 30318, pool: 299
I 2564.02] Elapsed: 42:44, vertices: 7065, facets final: 11249, pending: 30107, pool: 298
I 2569.02] Elapsed: 42:49, vertices: 7089, facets final: 11460, pending: 29919, pool: 300
I 2571.31] recalculating facets...
I 2574.17] Elapsed: 42:54, vertices: 7111, facets final: 11699, pending: 29552, pool: 298
I 2579.18] Elapsed: 42:59, vertices: 7135, facets final: 11885, pending: 29331, pool: 299
I 2584.19] Elapsed: 43:04, vertices: 7156, facets final: 12205, pending: 28959, pool: 299
I 2589.26] Elapsed: 43:09, vertices: 7178, facets final: 12522, pending: 28577, pool: 297
I 2593.90] recalculating facets...
I 2594.26] Elapsed: 43:14, vertices: 7200, facets final: 12801, pending: 28270, pool: 297
I 2599.33] Elapsed: 43:19, vertices: 7222, facets final: 13164, pending: 27796, pool: 296
I 2604.47] Elapsed: 43:24, vertices: 7244, facets final: 13521, pending: 27439, pool: 296
I 2609.58] Elapsed: 43:30, vertices: 7265, facets final: 13942, pending: 27031, pool: 296
I 2614.70] Elapsed: 43:35, vertices: 7286, facets final: 14395, pending: 26509, pool: 296
I 2617.84] recalculating facets...
I 2619.84] Elapsed: 43:40, vertices: 7307, facets final: 14856, pending: 25979, pool: 292
I 2624.86] Elapsed: 43:45, vertices: 7327, facets final: 15355, pending: 25394, pool: 299
I 2629.86] Elapsed: 43:50, vertices: 7350, facets final: 15704, pending: 24974, pool: 297
I 2634.86] Elapsed: 43:55, vertices: 7371, facets final: 16070, pending: 24553, pool: 297
I 2639.94] Elapsed: 44:00, vertices: 7392, facets final: 16560, pending: 24009, pool: 294
I 2641.80] recalculating facets...
I 2644.94] Elapsed: 44:05, vertices: 7412, facets final: 17129, pending: 23393, pool: 295
I 2649.99] Elapsed: 44:10, vertices: 7431, facets final: 17763, pending: 22714, pool: 286
I 2655.09] Elapsed: 44:15, vertices: 7450, facets final: 18468, pending: 21963, pool: 285
I 2660.09] Elapsed: 44:20, vertices: 7470, facets final: 19139, pending: 21293, pool: 284
I 2665.19] Elapsed: 44:25, vertices: 7488, facets final: 19840, pending: 20529, pool: 289
I 2668.03] recalculating facets...
I 2670.19] Elapsed: 44:30, vertices: 7508, facets final: 20477, pending: 19837, pool: 284
I 2675.28] Elapsed: 44:35, vertices: 7528, facets final: 21083, pending: 19193, pool: 279
I 2680.28] Elapsed: 44:40, vertices: 7547, facets final: 21899, pending: 18346, pool: 276
I 2685.31] Elapsed: 44:45, vertices: 7565, facets final: 22674, pending: 17549, pool: 274
I 2690.33] Elapsed: 44:50, vertices: 7583, facets final: 23515, pending: 16659, pool: 275
I 2695.05] recalculating facets...
I 2695.34] Elapsed: 44:55, vertices: 7600, facets final: 24400, pending: 15731, pool: 271
I 2700.40] Elapsed: 45:00, vertices: 7620, facets final: 25168, pending: 14908, pool: 260
I 2705.40] Elapsed: 45:05, vertices: 7640, facets final: 26040, pending: 14003, pool: 250
I 2710.41] Elapsed: 45:10, vertices: 7663, facets final: 26641, pending: 13372, pool: 235
I 2715.46] Elapsed: 45:15, vertices: 7687, facets final: 27352, pending: 12628, pool: 222
I 2717.83] recalculating facets...
I 2720.46] Elapsed: 45:20, vertices: 7709, facets final: 28212, pending: 11713, pool: 210
I 2725.46] Elapsed: 45:25, vertices: 7733, facets final: 29068, pending: 10865, pool: 194
I 2730.49] Elapsed: 45:30, vertices: 7760, facets final: 29862, pending: 10055, pool: 182
I 2735.55] Elapsed: 45:36, vertices: 7784, facets final: 30931, pending: 8978, pool: 166
I 2738.62] recalculating facets...
I 2740.56] Elapsed: 45:41, vertices: 7810, facets final: 31920, pending: 7940, pool: 148
I 2745.56] Elapsed: 45:46, vertices: 7830, facets final: 33329, pending: 6507, pool: 138
I 2750.56] Elapsed: 45:51, vertices: 7862, facets final: 34377, pending: 5429, pool: 113
I 2755.56] Elapsed: 45:56, vertices: 7877, facets final: 36114, pending: 3665, pool: 110
I 2760.56] Elapsed: 46:01, vertices: 7893, facets final: 37823, pending: 1933, pool: 103
I 2762.56] recalculating facets...
I 2765.56] Elapsed: 46:06, vertices: 7921, facets final: 39148, pending: 596, pool: 89
I 2770.23] recalculating facets...
I 2770.56] Elapsed: 46:11, vertices: 8007, facets final: 39542, pending: 171, pool: 20
I 2771.44] Elapsed: 46:11, vertices: 8044, facets final: 39704, pending: 0

--------------------------------
Problem completed
 name                    08.vlp
 output                  vlp/08.res
 rows, cols, objs        14, 2778, 10
 vertices, facets        8044, 39704
 total time              46:11
--------------------------------
Statistics
LP:
 oracle calls            49338
   avg iterations/calls  9.15
 total oracle time       1:48
Combinatorics:
 vertices added          8044
 facets probed           98664
 facets # max            79281
 memory allocated        188.25M
 instability warnings    157
 storage expansion
   vertices # / upto     63 / 8060
   facets   # / upto     20 / 81916
 facet manipulating
   added avg / max       192.08 / 3.13k
   compressed            407
 number of ridge tests
   avg / max             11.83M / 177.51M
--------------------------------
Parameters with non-default values
 VertexPoolSize = 300
