C copy string: r=c:ab;a,b,cr,d;a,b,c,dr; ineq: base20.txt
I    2.94] recalculating facets...
I    5.00] Elapsed: 5.00, vertices: 138, facets final: 18, pending: 8539, pool: 100
I    9.69] recalculating facets...
I   10.03] Elapsed: 10.03, vertices: 203, facets final: 33, pending: 12561, pool: 100
I   15.11] Elapsed: 15.11, vertices: 250, facets final: 41, pending: 16551, pool: 100
I   20.29] Elapsed: 20.29, vertices: 283, facets final: 49, pending: 18482, pool: 100
I   23.41] recalculating facets...
I   25.46] Elapsed: 25.46, vertices: 312, facets final: 51, pending: 21082, pool: 100
I   30.53] Elapsed: 30.53, vertices: 339, facets final: 57, pending: 22293, pool: 100
I   35.63] Elapsed: 35.63, vertices: 366, facets final: 62, pending: 24000, pool: 100
I   40.63] Elapsed: 40.63, vertices: 389, facets final: 64, pending: 25776, pool: 100
I   44.58] recalculating facets...
I   45.74] Elapsed: 45.74, vertices: 405, facets final: 71, pending: 26312, pool: 100
I   50.76] Elapsed: 50.76, vertices: 425, facets final: 75, pending: 27621, pool: 100
I   55.86] Elapsed: 55.86, vertices: 443, facets final: 81, pending: 29093, pool: 100
I   60.90] Elapsed: 1:01, vertices: 462, facets final: 84, pending: 30576, pool: 100
I   66.36] Elapsed: 1:06, vertices: 482, facets final: 85, pending: 31653, pool: 100
I   71.40] Elapsed: 1:11, vertices: 498, facets final: 85, pending: 32665, pool: 100
I   72.17] recalculating facets...
I   76.47] Elapsed: 1:16, vertices: 512, facets final: 90, pending: 33694, pool: 100
I   81.58] Elapsed: 1:22, vertices: 525, facets final: 94, pending: 34586, pool: 100
I   86.70] Elapsed: 1:27, vertices: 541, facets final: 96, pending: 35400, pool: 100
I   91.91] Elapsed: 1:32, vertices: 554, facets final: 100, pending: 35683, pool: 100
I   96.95] Elapsed: 1:37, vertices: 569, facets final: 105, pending: 36454, pool: 100
I  101.98] Elapsed: 1:42, vertices: 583, facets final: 107, pending: 37536, pool: 100
I  107.05] Elapsed: 1:47, vertices: 598, facets final: 111, pending: 38692, pool: 100
I  107.83] recalculating facets...
I  112.11] Elapsed: 1:52, vertices: 610, facets final: 113, pending: 39463, pool: 100
I  117.22] Elapsed: 1:57, vertices: 624, facets final: 113, pending: 40352, pool: 100
I  122.22] Elapsed: 2:02, vertices: 634, facets final: 116, pending: 40759, pool: 100
I  127.28] Elapsed: 2:07, vertices: 643, facets final: 118, pending: 41624, pool: 100
I  132.53] Elapsed: 2:13, vertices: 654, facets final: 124, pending: 42176, pool: 100
I  137.86] Elapsed: 2:18, vertices: 664, facets final: 125, pending: 42949, pool: 100
I  143.03] Elapsed: 2:23, vertices: 675, facets final: 126, pending: 43497, pool: 100
I  148.14] Elapsed: 2:28, vertices: 683, facets final: 131, pending: 43901, pool: 100
I  153.45] Elapsed: 2:33, vertices: 694, facets final: 138, pending: 44833, pool: 100
I  156.68] recalculating facets...
I  158.52] Elapsed: 2:39, vertices: 704, facets final: 142, pending: 45140, pool: 100
I  164.19] Elapsed: 2:44, vertices: 713, facets final: 148, pending: 45577, pool: 100
I  169.35] Elapsed: 2:49, vertices: 725, facets final: 155, pending: 46248, pool: 100
I  174.43] Elapsed: 2:54, vertices: 735, facets final: 159, pending: 46627, pool: 100
I  179.74] Elapsed: 3:00, vertices: 746, facets final: 166, pending: 47301, pool: 100
I  185.14] Elapsed: 3:05, vertices: 755, facets final: 168, pending: 47934, pool: 100
I  190.30] Elapsed: 3:10, vertices: 766, facets final: 174, pending: 48676, pool: 100
I  195.38] Elapsed: 3:15, vertices: 775, facets final: 174, pending: 49546, pool: 100
I  200.43] Elapsed: 3:20, vertices: 782, facets final: 178, pending: 50240, pool: 100
I  205.43] Elapsed: 3:25, vertices: 791, facets final: 181, pending: 50922, pool: 100
I  210.46] Elapsed: 3:30, vertices: 799, facets final: 187, pending: 51397, pool: 100
I  211.39] recalculating facets...
I  215.47] Elapsed: 3:35, vertices: 807, facets final: 191, pending: 51984, pool: 100
I  220.67] Elapsed: 3:41, vertices: 816, facets final: 200, pending: 52170, pool: 100
I  226.22] Elapsed: 3:46, vertices: 825, facets final: 201, pending: 52566, pool: 100
I  231.22] Elapsed: 3:51, vertices: 833, facets final: 202, pending: 52812, pool: 100
I  236.22] Elapsed: 3:56, vertices: 840, facets final: 204, pending: 53356, pool: 100
I  241.86] Elapsed: 4:02, vertices: 849, facets final: 204, pending: 54502, pool: 100
I  247.71] Elapsed: 4:08, vertices: 857, facets final: 206, pending: 55481, pool: 100
I  252.85] Elapsed: 4:13, vertices: 865, facets final: 206, pending: 55971, pool: 100
I  257.98] Elapsed: 4:18, vertices: 873, facets final: 208, pending: 56544, pool: 100
I  263.21] Elapsed: 4:23, vertices: 882, facets final: 211, pending: 57092, pool: 100
I  268.41] Elapsed: 4:28, vertices: 890, facets final: 214, pending: 57681, pool: 100
I  273.59] Elapsed: 4:34, vertices: 895, facets final: 215, pending: 58505, pool: 100
I  276.72] recalculating facets...
I  278.65] Elapsed: 4:39, vertices: 903, facets final: 215, pending: 58841, pool: 100
I  283.69] Elapsed: 4:44, vertices: 909, facets final: 215, pending: 59377, pool: 100
I  288.87] Elapsed: 4:49, vertices: 914, facets final: 217, pending: 60033, pool: 100
I  294.30] Elapsed: 4:54, vertices: 921, facets final: 218, pending: 60505, pool: 100
I  300.66] Elapsed: 5:01, vertices: 929, facets final: 220, pending: 60736, pool: 100
I  308.38] Elapsed: 5:08, vertices: 935, facets final: 224, pending: 61577, pool: 100
I  313.49] Elapsed: 5:13, vertices: 945, facets final: 229, pending: 61976, pool: 100
I  318.65] Elapsed: 5:19, vertices: 951, facets final: 235, pending: 62047, pool: 100
I  323.74] Elapsed: 5:24, vertices: 957, facets final: 238, pending: 62145, pool: 100
I  328.84] Elapsed: 5:29, vertices: 963, facets final: 241, pending: 62305, pool: 100
I  333.84] Elapsed: 5:34, vertices: 971, facets final: 250, pending: 62584, pool: 100
I  338.87] Elapsed: 5:39, vertices: 980, facets final: 256, pending: 62799, pool: 100
I  343.87] Elapsed: 5:44, vertices: 987, facets final: 258, pending: 63040, pool: 100
I  349.13] Elapsed: 5:49, vertices: 992, facets final: 260, pending: 63189, pool: 100
I  354.62] Elapsed: 5:55, vertices: 1000, facets final: 261, pending: 63749, pool: 100
I  354.62] recalculating facets...
I  359.80] Elapsed: 6:00, vertices: 1006, facets final: 263, pending: 64126, pool: 100
I  365.23] Elapsed: 6:05, vertices: 1015, facets final: 265, pending: 64486, pool: 100
I  371.22] Elapsed: 6:11, vertices: 1022, facets final: 267, pending: 64609, pool: 100
I  376.34] Elapsed: 6:16, vertices: 1029, facets final: 268, pending: 64825, pool: 100
I  381.38] Elapsed: 6:21, vertices: 1036, facets final: 272, pending: 64937, pool: 100
I  386.48] Elapsed: 6:26, vertices: 1042, facets final: 273, pending: 65017, pool: 100
I  391.54] Elapsed: 6:32, vertices: 1048, facets final: 276, pending: 65077, pool: 100
I  397.27] Elapsed: 6:37, vertices: 1055, facets final: 279, pending: 65424, pool: 100
I  403.86] Elapsed: 6:44, vertices: 1063, facets final: 282, pending: 65669, pool: 100
I  410.05] Elapsed: 6:50, vertices: 1069, facets final: 282, pending: 65373, pool: 100
I  415.49] Elapsed: 6:55, vertices: 1077, facets final: 287, pending: 65692, pool: 100
I  420.60] Elapsed: 7:01, vertices: 1085, facets final: 296, pending: 65761, pool: 100
I  425.83] Elapsed: 7:06, vertices: 1092, facets final: 298, pending: 65979, pool: 100
I  431.26] Elapsed: 7:11, vertices: 1099, facets final: 300, pending: 66493, pool: 100
I  431.80] recalculating facets...
I  437.24] Elapsed: 7:17, vertices: 1104, facets final: 302, pending: 66350, pool: 100
I  442.51] Elapsed: 7:23, vertices: 1112, facets final: 303, pending: 66561, pool: 100
I  447.61] Elapsed: 7:28, vertices: 1115, facets final: 303, pending: 67000, pool: 100
I  453.19] Elapsed: 7:33, vertices: 1124, facets final: 306, pending: 67474, pool: 100
I  458.24] Elapsed: 7:38, vertices: 1130, facets final: 306, pending: 67507, pool: 100
I  464.60] Elapsed: 7:45, vertices: 1136, facets final: 309, pending: 67745, pool: 100
I  469.88] Elapsed: 7:50, vertices: 1140, facets final: 312, pending: 67813, pool: 100
I  475.34] Elapsed: 7:55, vertices: 1147, facets final: 315, pending: 68101, pool: 100
I  480.34] Elapsed: 8:00, vertices: 1154, facets final: 317, pending: 68254, pool: 100
I  485.36] Elapsed: 8:05, vertices: 1159, facets final: 325, pending: 68302, pool: 100
I  491.75] Elapsed: 8:12, vertices: 1167, facets final: 327, pending: 68581, pool: 100
I  497.24] Elapsed: 8:17, vertices: 1173, facets final: 333, pending: 68819, pool: 100
I  502.51] Elapsed: 8:23, vertices: 1178, facets final: 334, pending: 68814, pool: 100
I  507.55] Elapsed: 8:28, vertices: 1184, facets final: 336, pending: 68756, pool: 100
I  512.93] Elapsed: 8:33, vertices: 1190, facets final: 348, pending: 68819, pool: 100
I  518.19] Elapsed: 8:38, vertices: 1196, facets final: 350, pending: 69003, pool: 100
I  521.22] recalculating facets...
I  524.28] Elapsed: 8:44, vertices: 1202, facets final: 352, pending: 69030, pool: 100
I  529.55] Elapsed: 8:50, vertices: 1207, facets final: 353, pending: 68861, pool: 100
I  534.72] Elapsed: 8:55, vertices: 1214, facets final: 358, pending: 69246, pool: 100
I  540.85] Elapsed: 9:01, vertices: 1220, facets final: 361, pending: 69241, pool: 100
I  546.10] Elapsed: 9:06, vertices: 1227, facets final: 368, pending: 69279, pool: 100
I  551.44] Elapsed: 9:11, vertices: 1234, facets final: 372, pending: 69228, pool: 100
I  556.45] Elapsed: 9:16, vertices: 1242, facets final: 375, pending: 69505, pool: 100
I  561.52] Elapsed: 9:22, vertices: 1248, facets final: 379, pending: 69747, pool: 100
I  566.84] Elapsed: 9:27, vertices: 1257, facets final: 387, pending: 70038, pool: 100
I  571.95] Elapsed: 9:32, vertices: 1264, facets final: 396, pending: 70203, pool: 100
I  577.20] Elapsed: 9:37, vertices: 1272, facets final: 401, pending: 70216, pool: 100
I  582.35] Elapsed: 9:42, vertices: 1277, facets final: 406, pending: 70323, pool: 100
I  588.21] Elapsed: 9:48, vertices: 1282, facets final: 406, pending: 70066, pool: 100
I  593.51] Elapsed: 9:54, vertices: 1288, facets final: 412, pending: 70243, pool: 100
I  598.67] Elapsed: 9:59, vertices: 1295, facets final: 415, pending: 70351, pool: 100
I  601.66] recalculating facets...
I  603.92] Elapsed: 10:04, vertices: 1302, facets final: 419, pending: 70474, pool: 100
I  609.03] Elapsed: 10:09, vertices: 1309, facets final: 422, pending: 70500, pool: 100
I  614.33] Elapsed: 10:14, vertices: 1314, facets final: 426, pending: 70455, pool: 100
I  619.74] Elapsed: 10:20, vertices: 1321, facets final: 433, pending: 70523, pool: 100
I  625.01] Elapsed: 10:25, vertices: 1326, facets final: 435, pending: 70372, pool: 100
I  630.60] Elapsed: 10:31, vertices: 1332, facets final: 439, pending: 70817, pool: 100
I  635.83] Elapsed: 10:36, vertices: 1340, facets final: 444, pending: 71077, pool: 100
I  640.88] Elapsed: 10:41, vertices: 1347, facets final: 448, pending: 71251, pool: 100
I  646.52] Elapsed: 10:47, vertices: 1353, facets final: 451, pending: 71104, pool: 100
I  651.69] Elapsed: 10:52, vertices: 1360, facets final: 461, pending: 71380, pool: 100
I  656.70] Elapsed: 10:57, vertices: 1366, facets final: 465, pending: 71258, pool: 100
I  661.82] Elapsed: 11:02, vertices: 1372, facets final: 467, pending: 71516, pool: 100
I  667.13] Elapsed: 11:07, vertices: 1377, facets final: 475, pending: 71447, pool: 100
I  672.13] Elapsed: 11:12, vertices: 1384, facets final: 478, pending: 71751, pool: 100
I  677.22] Elapsed: 11:17, vertices: 1390, facets final: 480, pending: 71845, pool: 100
I  682.58] Elapsed: 11:23, vertices: 1396, facets final: 484, pending: 71942, pool: 100
I  686.91] recalculating facets...
I  687.71] Elapsed: 11:28, vertices: 1401, facets final: 491, pending: 71914, pool: 100
I  692.72] Elapsed: 11:33, vertices: 1406, facets final: 493, pending: 72054, pool: 100
I  698.23] Elapsed: 11:38, vertices: 1411, facets final: 494, pending: 71997, pool: 100
I  703.39] Elapsed: 11:43, vertices: 1415, facets final: 498, pending: 71929, pool: 100
I  709.24] Elapsed: 11:49, vertices: 1422, facets final: 505, pending: 72173, pool: 100
I  715.44] Elapsed: 11:55, vertices: 1428, facets final: 515, pending: 72394, pool: 100
I  720.92] Elapsed: 12:01, vertices: 1434, facets final: 521, pending: 72509, pool: 100
I  726.02] Elapsed: 12:06, vertices: 1441, facets final: 522, pending: 72636, pool: 100
I  731.28] Elapsed: 12:11, vertices: 1447, facets final: 528, pending: 72653, pool: 100
I  736.63] Elapsed: 12:17, vertices: 1455, facets final: 542, pending: 72787, pool: 100
I  741.77] Elapsed: 12:22, vertices: 1461, facets final: 549, pending: 72777, pool: 100
I  747.01] Elapsed: 12:27, vertices: 1470, facets final: 554, pending: 73033, pool: 100
I  752.17] Elapsed: 12:32, vertices: 1476, facets final: 559, pending: 73349, pool: 100
I  757.27] Elapsed: 12:37, vertices: 1483, facets final: 567, pending: 73376, pool: 100
I  762.38] Elapsed: 12:42, vertices: 1488, facets final: 574, pending: 73445, pool: 100
I  768.19] Elapsed: 12:48, vertices: 1494, facets final: 578, pending: 73601, pool: 100
I  772.12] recalculating facets...
I  773.26] Elapsed: 12:53, vertices: 1501, facets final: 586, pending: 73967, pool: 100
I  778.86] Elapsed: 12:59, vertices: 1507, facets final: 590, pending: 74066, pool: 100
I  783.87] Elapsed: 13:04, vertices: 1513, facets final: 592, pending: 74464, pool: 100
I  789.26] Elapsed: 13:09, vertices: 1519, facets final: 599, pending: 74485, pool: 100
I  794.43] Elapsed: 13:14, vertices: 1523, facets final: 610, pending: 74358, pool: 100
I  799.47] Elapsed: 13:19, vertices: 1530, facets final: 614, pending: 74527, pool: 100
I  805.85] Elapsed: 13:26, vertices: 1536, facets final: 623, pending: 74948, pool: 100
I  811.44] Elapsed: 13:31, vertices: 1541, facets final: 629, pending: 74930, pool: 100
I  816.72] Elapsed: 13:37, vertices: 1547, facets final: 634, pending: 74889, pool: 100
I  822.04] Elapsed: 13:42, vertices: 1554, facets final: 641, pending: 74874, pool: 100
I  827.83] Elapsed: 13:48, vertices: 1558, facets final: 642, pending: 74966, pool: 100
I  833.03] Elapsed: 13:53, vertices: 1566, facets final: 645, pending: 75164, pool: 100
I  838.12] Elapsed: 13:58, vertices: 1571, facets final: 649, pending: 75163, pool: 100
I  843.55] Elapsed: 14:04, vertices: 1578, facets final: 655, pending: 75474, pool: 100
I  848.55] Elapsed: 14:09, vertices: 1585, facets final: 666, pending: 75755, pool: 100
I  853.87] Elapsed: 14:14, vertices: 1592, facets final: 676, pending: 76110, pool: 100
I  859.14] Elapsed: 14:19, vertices: 1599, facets final: 684, pending: 76210, pool: 100
I  859.71] recalculating facets...
I  864.20] Elapsed: 14:24, vertices: 1605, facets final: 689, pending: 76538, pool: 100
I  869.37] Elapsed: 14:29, vertices: 1611, facets final: 701, pending: 76852, pool: 100
I  874.39] Elapsed: 14:34, vertices: 1617, facets final: 708, pending: 77017, pool: 100
I  879.72] Elapsed: 14:40, vertices: 1624, facets final: 715, pending: 77168, pool: 100
I  884.99] Elapsed: 14:45, vertices: 1631, facets final: 721, pending: 77174, pool: 100
I  891.04] Elapsed: 14:51, vertices: 1638, facets final: 729, pending: 77397, pool: 100
I  896.60] Elapsed: 14:57, vertices: 1645, facets final: 742, pending: 77422, pool: 100
I  901.87] Elapsed: 15:02, vertices: 1651, facets final: 756, pending: 77412, pool: 100
I  907.36] Elapsed: 15:07, vertices: 1655, facets final: 758, pending: 77595, pool: 100
I  912.53] Elapsed: 15:13, vertices: 1659, facets final: 765, pending: 77580, pool: 100
I  917.54] Elapsed: 15:18, vertices: 1665, facets final: 778, pending: 77633, pool: 100
I  922.63] Elapsed: 15:23, vertices: 1670, facets final: 780, pending: 77689, pool: 100
I  927.73] Elapsed: 15:28, vertices: 1676, facets final: 782, pending: 77668, pool: 99
I  932.78] Elapsed: 15:33, vertices: 1681, facets final: 786, pending: 77732, pool: 100
I  937.99] Elapsed: 15:38, vertices: 1687, facets final: 791, pending: 77982, pool: 100
I  943.08] Elapsed: 15:43, vertices: 1694, facets final: 794, pending: 78188, pool: 100
I  948.53] Elapsed: 15:49, vertices: 1699, facets final: 794, pending: 78288, pool: 100
I  949.61] recalculating facets...
I  954.01] Elapsed: 15:54, vertices: 1704, facets final: 798, pending: 78575, pool: 100
I  959.02] Elapsed: 15:59, vertices: 1710, facets final: 804, pending: 78680, pool: 100
I  964.19] Elapsed: 16:04, vertices: 1714, facets final: 808, pending: 78687, pool: 100
I  969.42] Elapsed: 16:09, vertices: 1722, facets final: 812, pending: 78831, pool: 100
I  974.55] Elapsed: 16:15, vertices: 1728, facets final: 821, pending: 78945, pool: 100
I  980.17] Elapsed: 16:20, vertices: 1735, facets final: 827, pending: 78979, pool: 100
I  985.67] Elapsed: 16:26, vertices: 1741, facets final: 835, pending: 79167, pool: 100
I  991.01] Elapsed: 16:31, vertices: 1748, facets final: 843, pending: 79227, pool: 100
I  996.06] Elapsed: 16:36, vertices: 1754, facets final: 852, pending: 79325, pool: 100
I 1001.18] Elapsed: 16:41, vertices: 1759, facets final: 855, pending: 79419, pool: 100
I 1006.64] Elapsed: 16:47, vertices: 1765, facets final: 860, pending: 79541, pool: 100
I 1012.22] Elapsed: 16:52, vertices: 1769, facets final: 864, pending: 79480, pool: 100
I 1017.57] Elapsed: 16:58, vertices: 1777, facets final: 874, pending: 79566, pool: 100
I 1022.62] Elapsed: 17:03, vertices: 1783, facets final: 884, pending: 79685, pool: 100
I 1027.88] Elapsed: 17:08, vertices: 1787, facets final: 890, pending: 79685, pool: 100
I 1033.45] Elapsed: 17:13, vertices: 1792, facets final: 891, pending: 79791, pool: 100
I 1038.87] Elapsed: 17:19, vertices: 1799, facets final: 898, pending: 79783, pool: 100
I 1039.61] recalculating facets...
I 1044.12] Elapsed: 17:24, vertices: 1804, facets final: 903, pending: 79779, pool: 100
I 1049.25] Elapsed: 17:29, vertices: 1810, facets final: 911, pending: 79827, pool: 100
I 1054.96] Elapsed: 17:35, vertices: 1815, facets final: 920, pending: 79694, pool: 100
I 1060.07] Elapsed: 17:40, vertices: 1820, facets final: 928, pending: 79844, pool: 100
I 1065.22] Elapsed: 17:45, vertices: 1825, facets final: 931, pending: 79860, pool: 100
I 1070.35] Elapsed: 17:50, vertices: 1831, facets final: 937, pending: 79773, pool: 100
I 1075.42] Elapsed: 17:55, vertices: 1838, facets final: 942, pending: 79804, pool: 100
I 1080.99] Elapsed: 18:01, vertices: 1844, facets final: 946, pending: 79854, pool: 100
I 1086.42] Elapsed: 18:06, vertices: 1851, facets final: 952, pending: 80026, pool: 100
I 1091.74] Elapsed: 18:12, vertices: 1857, facets final: 956, pending: 80310, pool: 100
I 1096.81] Elapsed: 18:17, vertices: 1864, facets final: 962, pending: 80567, pool: 100
I 1102.24] Elapsed: 18:22, vertices: 1870, facets final: 965, pending: 80805, pool: 100
I 1107.92] Elapsed: 18:28, vertices: 1876, facets final: 967, pending: 80906, pool: 100
I 1113.19] Elapsed: 18:33, vertices: 1883, facets final: 973, pending: 80834, pool: 100
I 1118.43] Elapsed: 18:38, vertices: 1890, facets final: 984, pending: 80814, pool: 100
I 1123.44] Elapsed: 18:43, vertices: 1895, facets final: 988, pending: 80789, pool: 99
I 1126.48] recalculating facets...
I 1128.63] Elapsed: 18:49, vertices: 1902, facets final: 999, pending: 81025, pool: 100
I 1133.97] Elapsed: 18:54, vertices: 1907, facets final: 1008, pending: 81164, pool: 100
I 1139.02] Elapsed: 18:59, vertices: 1912, facets final: 1019, pending: 81143, pool: 100
I 1144.35] Elapsed: 19:04, vertices: 1918, facets final: 1029, pending: 81391, pool: 100
I 1149.49] Elapsed: 19:09, vertices: 1924, facets final: 1032, pending: 81738, pool: 100
I 1155.12] Elapsed: 19:15, vertices: 1930, facets final: 1043, pending: 81720, pool: 100
I 1160.41] Elapsed: 19:20, vertices: 1935, facets final: 1045, pending: 81937, pool: 100
I 1166.58] Elapsed: 19:27, vertices: 1941, facets final: 1052, pending: 81844, pool: 100
I 1171.86] Elapsed: 19:32, vertices: 1946, facets final: 1058, pending: 81981, pool: 100
I 1177.00] Elapsed: 19:37, vertices: 1953, facets final: 1063, pending: 82114, pool: 100
I 1182.19] Elapsed: 19:42, vertices: 1958, facets final: 1065, pending: 82207, pool: 99
I 1187.77] Elapsed: 19:48, vertices: 1963, facets final: 1068, pending: 82271, pool: 100
I 1193.74] Elapsed: 19:54, vertices: 1967, facets final: 1070, pending: 82352, pool: 100
I 1198.86] Elapsed: 19:59, vertices: 1973, facets final: 1071, pending: 82414, pool: 100
I 1204.13] Elapsed: 20:04, vertices: 1978, facets final: 1077, pending: 82448, pool: 100
I 1209.72] Elapsed: 20:10, vertices: 1985, facets final: 1085, pending: 82472, pool: 100
I 1214.73] Elapsed: 20:15, vertices: 1990, facets final: 1097, pending: 82524, pool: 100
I 1219.86] Elapsed: 20:20, vertices: 1997, facets final: 1102, pending: 82606, pool: 100
I 1222.08] recalculating facets...
I 1224.86] Elapsed: 20:25, vertices: 2003, facets final: 1113, pending: 82753, pool: 100
I 1230.10] Elapsed: 20:30, vertices: 2008, facets final: 1117, pending: 83005, pool: 100
I 1235.14] Elapsed: 20:35, vertices: 2013, facets final: 1138, pending: 83008, pool: 100
I 1240.24] Elapsed: 20:40, vertices: 2020, facets final: 1142, pending: 83292, pool: 100
I 1245.37] Elapsed: 20:45, vertices: 2027, facets final: 1158, pending: 83395, pool: 100
I 1250.65] Elapsed: 20:51, vertices: 2034, facets final: 1164, pending: 83477, pool: 100
I 1255.65] Elapsed: 20:56, vertices: 2038, facets final: 1169, pending: 83473, pool: 100
I 1261.46] Elapsed: 21:01, vertices: 2043, facets final: 1181, pending: 83613, pool: 100
I 1266.57] Elapsed: 21:07, vertices: 2049, facets final: 1190, pending: 83658, pool: 100
I 1271.58] Elapsed: 21:12, vertices: 2053, facets final: 1192, pending: 83694, pool: 100
I 1277.20] Elapsed: 21:17, vertices: 2059, facets final: 1200, pending: 83693, pool: 100
I 1282.50] Elapsed: 21:23, vertices: 2064, facets final: 1206, pending: 83731, pool: 100
I 1287.70] Elapsed: 21:28, vertices: 2069, facets final: 1213, pending: 83876, pool: 100
I 1293.45] Elapsed: 21:33, vertices: 2074, facets final: 1215, pending: 83870, pool: 100
I 1299.20] Elapsed: 21:39, vertices: 2080, facets final: 1224, pending: 83977, pool: 100
I 1304.58] Elapsed: 21:45, vertices: 2085, facets final: 1232, pending: 83964, pool: 100
I 1309.81] Elapsed: 21:50, vertices: 2090, facets final: 1238, pending: 84094, pool: 100
I 1314.96] Elapsed: 21:55, vertices: 2095, facets final: 1249, pending: 83976, pool: 100
I 1318.87] recalculating facets...
I 1320.13] Elapsed: 22:00, vertices: 2101, facets final: 1250, pending: 83959, pool: 100
I 1325.14] Elapsed: 22:05, vertices: 2106, facets final: 1252, pending: 84111, pool: 100
I 1330.20] Elapsed: 22:10, vertices: 2111, facets final: 1258, pending: 84032, pool: 100
I 1335.50] Elapsed: 22:16, vertices: 2116, facets final: 1266, pending: 83979, pool: 100
I 1340.50] Elapsed: 22:21, vertices: 2123, facets final: 1273, pending: 84087, pool: 100
I 1345.52] Elapsed: 22:26, vertices: 2129, facets final: 1282, pending: 84111, pool: 100
I 1350.53] Elapsed: 22:31, vertices: 2133, facets final: 1291, pending: 83999, pool: 100
I 1355.62] Elapsed: 22:36, vertices: 2140, facets final: 1302, pending: 84224, pool: 100
I 1360.97] Elapsed: 22:41, vertices: 2146, facets final: 1317, pending: 84262, pool: 99
I 1366.36] Elapsed: 22:46, vertices: 2152, facets final: 1319, pending: 84339, pool: 100
I 1371.75] Elapsed: 22:52, vertices: 2158, facets final: 1329, pending: 84342, pool: 100
I 1377.89] Elapsed: 22:58, vertices: 2164, facets final: 1335, pending: 84372, pool: 100
I 1382.91] Elapsed: 23:03, vertices: 2171, facets final: 1342, pending: 84502, pool: 100
I 1388.00] Elapsed: 23:08, vertices: 2177, facets final: 1367, pending: 84578, pool: 100
I 1393.22] Elapsed: 23:13, vertices: 2181, facets final: 1372, pending: 84660, pool: 100
I 1398.91] Elapsed: 23:19, vertices: 2186, facets final: 1378, pending: 84676, pool: 100
I 1404.32] Elapsed: 23:24, vertices: 2191, facets final: 1385, pending: 84828, pool: 100
I 1409.35] Elapsed: 23:29, vertices: 2197, facets final: 1393, pending: 84986, pool: 100
I 1411.71] recalculating facets...
I 1414.70] Elapsed: 23:35, vertices: 2203, facets final: 1402, pending: 85010, pool: 100
I 1419.80] Elapsed: 23:40, vertices: 2209, facets final: 1404, pending: 85174, pool: 100
I 1426.25] Elapsed: 23:46, vertices: 2214, facets final: 1406, pending: 85123, pool: 100
I 1431.56] Elapsed: 23:52, vertices: 2218, facets final: 1411, pending: 85051, pool: 100
I 1436.77] Elapsed: 23:57, vertices: 2224, facets final: 1414, pending: 85200, pool: 100
I 1441.78] Elapsed: 24:02, vertices: 2228, facets final: 1421, pending: 85069, pool: 100
I 1446.81] Elapsed: 24:07, vertices: 2234, facets final: 1431, pending: 85153, pool: 100
I 1451.95] Elapsed: 24:12, vertices: 2239, facets final: 1440, pending: 85182, pool: 100
I 1457.13] Elapsed: 24:17, vertices: 2245, facets final: 1442, pending: 85238, pool: 100
I 1462.33] Elapsed: 24:22, vertices: 2252, facets final: 1442, pending: 85287, pool: 100
I 1467.36] Elapsed: 24:27, vertices: 2256, facets final: 1450, pending: 85287, pool: 100
I 1472.99] Elapsed: 24:33, vertices: 2260, facets final: 1453, pending: 85346, pool: 100
I 1478.27] Elapsed: 24:38, vertices: 2267, facets final: 1465, pending: 85448, pool: 100
I 1483.29] Elapsed: 24:43, vertices: 2272, facets final: 1469, pending: 85373, pool: 100
I 1488.40] Elapsed: 24:48, vertices: 2277, facets final: 1481, pending: 85486, pool: 100
I 1493.41] Elapsed: 24:53, vertices: 2283, facets final: 1490, pending: 85573, pool: 100
I 1499.08] Elapsed: 24:59, vertices: 2289, facets final: 1501, pending: 85676, pool: 100
I 1504.25] Elapsed: 25:04, vertices: 2295, facets final: 1517, pending: 85713, pool: 100
I 1509.00] recalculating facets...
I 1509.39] Elapsed: 25:09, vertices: 2300, facets final: 1521, pending: 85850, pool: 100
I 1514.43] Elapsed: 25:14, vertices: 2304, facets final: 1527, pending: 85788, pool: 100
I 1519.54] Elapsed: 25:20, vertices: 2311, facets final: 1535, pending: 85957, pool: 100
I 1524.60] Elapsed: 25:25, vertices: 2316, facets final: 1538, pending: 85851, pool: 100
I 1529.60] Elapsed: 25:30, vertices: 2322, facets final: 1552, pending: 86005, pool: 100
I 1534.74] Elapsed: 25:35, vertices: 2327, facets final: 1560, pending: 85943, pool: 100
I 1540.04] Elapsed: 25:40, vertices: 2333, facets final: 1573, pending: 86096, pool: 100
I 1545.39] Elapsed: 25:45, vertices: 2340, facets final: 1578, pending: 86097, pool: 100
I 1550.51] Elapsed: 25:51, vertices: 2347, facets final: 1591, pending: 86208, pool: 100
I 1556.62] Elapsed: 25:57, vertices: 2352, facets final: 1601, pending: 86240, pool: 100
I 1561.89] Elapsed: 26:02, vertices: 2357, facets final: 1608, pending: 86360, pool: 100
I 1567.90] Elapsed: 26:08, vertices: 2363, facets final: 1609, pending: 86453, pool: 100
I 1574.25] Elapsed: 26:14, vertices: 2369, facets final: 1617, pending: 86386, pool: 100
I 1579.60] Elapsed: 26:20, vertices: 2373, facets final: 1627, pending: 86350, pool: 100
I 1584.95] Elapsed: 26:25, vertices: 2379, facets final: 1630, pending: 86421, pool: 100
I 1590.10] Elapsed: 26:30, vertices: 2385, facets final: 1635, pending: 86419, pool: 100
I 1595.34] Elapsed: 26:35, vertices: 2390, facets final: 1644, pending: 86304, pool: 100
I 1600.90] Elapsed: 26:41, vertices: 2395, facets final: 1650, pending: 86404, pool: 100
I 1604.45] recalculating facets...
I 1606.67] Elapsed: 26:47, vertices: 2402, facets final: 1665, pending: 86337, pool: 100
I 1611.82] Elapsed: 26:52, vertices: 2408, facets final: 1672, pending: 86295, pool: 100
I 1617.39] Elapsed: 26:57, vertices: 2413, facets final: 1682, pending: 86338, pool: 100
I 1622.66] Elapsed: 27:03, vertices: 2418, facets final: 1690, pending: 86344, pool: 100
I 1627.99] Elapsed: 27:08, vertices: 2423, facets final: 1695, pending: 86297, pool: 100
I 1633.36] Elapsed: 27:13, vertices: 2428, facets final: 1701, pending: 86371, pool: 100
I 1638.66] Elapsed: 27:19, vertices: 2433, facets final: 1708, pending: 86290, pool: 100
I 1644.65] Elapsed: 27:25, vertices: 2438, facets final: 1721, pending: 86245, pool: 100
I 1650.02] Elapsed: 27:30, vertices: 2443, facets final: 1730, pending: 86067, pool: 100
I 1655.05] Elapsed: 27:35, vertices: 2448, facets final: 1755, pending: 86124, pool: 100
I 1660.41] Elapsed: 27:40, vertices: 2454, facets final: 1764, pending: 86175, pool: 100
I 1665.76] Elapsed: 27:46, vertices: 2461, facets final: 1775, pending: 86326, pool: 100
I 1670.89] Elapsed: 27:51, vertices: 2465, facets final: 1784, pending: 86316, pool: 100
I 1676.11] Elapsed: 27:56, vertices: 2470, facets final: 1791, pending: 86314, pool: 100
I 1681.27] Elapsed: 28:01, vertices: 2475, facets final: 1807, pending: 86308, pool: 100
I 1686.34] Elapsed: 28:06, vertices: 2480, facets final: 1827, pending: 86195, pool: 100
I 1691.48] Elapsed: 28:11, vertices: 2484, facets final: 1837, pending: 86186, pool: 100
I 1696.60] Elapsed: 28:17, vertices: 2491, facets final: 1840, pending: 86157, pool: 100
I 1702.00] Elapsed: 28:22, vertices: 2497, facets final: 1851, pending: 86229, pool: 100
I 1704.37] recalculating facets...
I 1707.10] Elapsed: 28:27, vertices: 2502, facets final: 1857, pending: 86172, pool: 100
I 1712.49] Elapsed: 28:32, vertices: 2508, facets final: 1866, pending: 86177, pool: 100
I 1718.23] Elapsed: 28:38, vertices: 2513, facets final: 1867, pending: 86350, pool: 100
I 1723.48] Elapsed: 28:43, vertices: 2518, facets final: 1869, pending: 86198, pool: 100
I 1729.30] Elapsed: 28:49, vertices: 2522, facets final: 1876, pending: 86176, pool: 100
I 1734.40] Elapsed: 28:54, vertices: 2528, facets final: 1897, pending: 86206, pool: 100
I 1739.75] Elapsed: 29:00, vertices: 2535, facets final: 1906, pending: 86210, pool: 100
I 1744.92] Elapsed: 29:05, vertices: 2540, facets final: 1921, pending: 86294, pool: 100
I 1749.95] Elapsed: 29:10, vertices: 2546, facets final: 1932, pending: 86331, pool: 100
I 1755.30] Elapsed: 29:15, vertices: 2552, facets final: 1940, pending: 86272, pool: 100
I 1760.58] Elapsed: 29:21, vertices: 2558, facets final: 1954, pending: 86329, pool: 100
I 1766.18] Elapsed: 29:26, vertices: 2562, facets final: 1970, pending: 86280, pool: 100
I 1771.50] Elapsed: 29:32, vertices: 2567, facets final: 1992, pending: 86298, pool: 100
I 1777.48] Elapsed: 29:37, vertices: 2573, facets final: 2002, pending: 86387, pool: 100
I 1782.59] Elapsed: 29:43, vertices: 2578, facets final: 2016, pending: 86334, pool: 100
I 1787.64] Elapsed: 29:48, vertices: 2584, facets final: 2029, pending: 86313, pool: 100
I 1792.65] Elapsed: 29:53, vertices: 2591, facets final: 2048, pending: 86272, pool: 100
I 1798.75] Elapsed: 29:59, vertices: 2596, facets final: 2055, pending: 86437, pool: 100
I 1802.42] recalculating facets...
I 1803.84] Elapsed: 30:04, vertices: 2601, facets final: 2078, pending: 86421, pool: 100
I 1809.02] Elapsed: 30:09, vertices: 2609, facets final: 2087, pending: 86431, pool: 100
I 1814.46] Elapsed: 30:14, vertices: 2615, facets final: 2107, pending: 86476, pool: 100
I 1819.65] Elapsed: 30:20, vertices: 2621, facets final: 2120, pending: 86691, pool: 100
I 1824.97] Elapsed: 30:25, vertices: 2626, facets final: 2131, pending: 86756, pool: 100
I 1830.30] Elapsed: 30:30, vertices: 2632, facets final: 2143, pending: 86623, pool: 100
I 1835.49] Elapsed: 30:35, vertices: 2638, facets final: 2158, pending: 86594, pool: 100
I 1840.49] Elapsed: 30:40, vertices: 2643, facets final: 2183, pending: 86536, pool: 100
I 1846.60] Elapsed: 30:47, vertices: 2648, facets final: 2192, pending: 86593, pool: 100
I 1851.95] Elapsed: 30:52, vertices: 2655, facets final: 2199, pending: 86646, pool: 100
I 1857.39] Elapsed: 30:57, vertices: 2660, facets final: 2208, pending: 86714, pool: 100
I 1862.60] Elapsed: 31:03, vertices: 2665, facets final: 2223, pending: 86652, pool: 100
I 1867.88] Elapsed: 31:08, vertices: 2669, facets final: 2224, pending: 86505, pool: 100
I 1874.93] Elapsed: 31:15, vertices: 2675, facets final: 2249, pending: 86495, pool: 100
I 1880.33] Elapsed: 31:20, vertices: 2681, facets final: 2263, pending: 86495, pool: 100
I 1885.89] Elapsed: 31:26, vertices: 2686, facets final: 2276, pending: 86500, pool: 100
I 1891.28] Elapsed: 31:31, vertices: 2691, facets final: 2281, pending: 86526, pool: 100
I 1896.31] Elapsed: 31:36, vertices: 2695, facets final: 2285, pending: 86467, pool: 100
I 1900.49] recalculating facets...
I 1902.47] Elapsed: 31:42, vertices: 2701, facets final: 2288, pending: 86429, pool: 100
I 1907.70] Elapsed: 31:48, vertices: 2706, facets final: 2297, pending: 86526, pool: 99
I 1913.58] Elapsed: 31:54, vertices: 2711, facets final: 2301, pending: 86410, pool: 100
I 1919.56] Elapsed: 32:00, vertices: 2716, facets final: 2308, pending: 86499, pool: 100
I 1924.63] Elapsed: 32:05, vertices: 2721, facets final: 2318, pending: 86406, pool: 100
I 1929.71] Elapsed: 32:10, vertices: 2727, facets final: 2333, pending: 86405, pool: 100
I 1934.83] Elapsed: 32:15, vertices: 2734, facets final: 2350, pending: 86375, pool: 100
I 1941.54] Elapsed: 32:22, vertices: 2739, facets final: 2359, pending: 86346, pool: 100
I 1946.80] Elapsed: 32:27, vertices: 2744, facets final: 2367, pending: 86364, pool: 100
I 1951.93] Elapsed: 32:32, vertices: 2751, facets final: 2378, pending: 86374, pool: 100
I 1957.05] Elapsed: 32:37, vertices: 2757, facets final: 2396, pending: 86381, pool: 100
I 1962.06] Elapsed: 32:42, vertices: 2764, facets final: 2416, pending: 86455, pool: 100
I 1967.18] Elapsed: 32:47, vertices: 2769, facets final: 2430, pending: 86413, pool: 100
I 1972.35] Elapsed: 32:52, vertices: 2773, facets final: 2432, pending: 86299, pool: 100
I 1978.16] Elapsed: 32:58, vertices: 2779, facets final: 2443, pending: 86315, pool: 100
I 1983.27] Elapsed: 33:03, vertices: 2786, facets final: 2447, pending: 86316, pool: 100
I 1988.58] Elapsed: 33:09, vertices: 2792, facets final: 2471, pending: 86281, pool: 100
I 1993.65] Elapsed: 33:14, vertices: 2797, facets final: 2481, pending: 86221, pool: 100
I 1995.81] recalculating facets...
I 1999.08] Elapsed: 33:19, vertices: 2803, facets final: 2486, pending: 86229, pool: 100
I 2004.28] Elapsed: 33:24, vertices: 2808, facets final: 2488, pending: 86149, pool: 100
I 2009.49] Elapsed: 33:29, vertices: 2814, facets final: 2505, pending: 86088, pool: 100
I 2014.69] Elapsed: 33:35, vertices: 2820, facets final: 2510, pending: 86093, pool: 100
I 2019.86] Elapsed: 33:40, vertices: 2825, facets final: 2529, pending: 86095, pool: 100
I 2024.97] Elapsed: 33:45, vertices: 2831, facets final: 2544, pending: 86048, pool: 100
I 2030.25] Elapsed: 33:50, vertices: 2836, facets final: 2567, pending: 86169, pool: 100
I 2036.14] Elapsed: 33:56, vertices: 2842, facets final: 2576, pending: 86416, pool: 100
I 2041.30] Elapsed: 34:01, vertices: 2847, facets final: 2588, pending: 86481, pool: 100
I 2046.70] Elapsed: 34:07, vertices: 2853, facets final: 2596, pending: 86447, pool: 100
I 2052.35] Elapsed: 34:12, vertices: 2859, facets final: 2603, pending: 86352, pool: 100
I 2057.57] Elapsed: 34:18, vertices: 2866, facets final: 2615, pending: 86339, pool: 100
I 2064.69] Elapsed: 34:25, vertices: 2872, facets final: 2632, pending: 86318, pool: 100
I 2070.29] Elapsed: 34:30, vertices: 2879, facets final: 2647, pending: 86326, pool: 100
I 2076.14] Elapsed: 34:36, vertices: 2885, facets final: 2672, pending: 86496, pool: 100
I 2081.50] Elapsed: 34:42, vertices: 2891, facets final: 2696, pending: 86468, pool: 100
I 2086.73] Elapsed: 34:47, vertices: 2898, facets final: 2706, pending: 86421, pool: 100
I 2089.16] recalculating facets...
I 2091.81] Elapsed: 34:52, vertices: 2902, facets final: 2715, pending: 86380, pool: 100
I 2097.06] Elapsed: 34:57, vertices: 2909, facets final: 2727, pending: 86354, pool: 100
I 2102.37] Elapsed: 35:02, vertices: 2915, facets final: 2752, pending: 86306, pool: 100
I 2107.54] Elapsed: 35:08, vertices: 2920, facets final: 2757, pending: 86319, pool: 100
I 2112.54] Elapsed: 35:13, vertices: 2927, facets final: 2787, pending: 86255, pool: 100
I 2118.02] Elapsed: 35:18, vertices: 2932, facets final: 2820, pending: 86154, pool: 100
I 2123.02] Elapsed: 35:23, vertices: 2938, facets final: 2830, pending: 86204, pool: 100
I 2129.09] Elapsed: 35:29, vertices: 2946, facets final: 2856, pending: 86143, pool: 100
I 2134.27] Elapsed: 35:34, vertices: 2953, facets final: 2863, pending: 86135, pool: 100
I 2139.82] Elapsed: 35:40, vertices: 2960, facets final: 2882, pending: 86120, pool: 100
I 2145.45] Elapsed: 35:45, vertices: 2966, facets final: 2906, pending: 86011, pool: 100
I 2150.78] Elapsed: 35:51, vertices: 2971, facets final: 2928, pending: 86032, pool: 100
I 2155.89] Elapsed: 35:56, vertices: 2979, facets final: 2947, pending: 85959, pool: 100
I 2161.05] Elapsed: 36:01, vertices: 2985, facets final: 2958, pending: 85887, pool: 100
I 2166.68] Elapsed: 36:07, vertices: 2992, facets final: 2976, pending: 85945, pool: 100
I 2172.42] Elapsed: 36:12, vertices: 2999, facets final: 3005, pending: 86028, pool: 100
I 2173.28] recalculating facets...
I 2177.61] Elapsed: 36:18, vertices: 3005, facets final: 3019, pending: 86066, pool: 100
I 2182.64] Elapsed: 36:23, vertices: 3012, facets final: 3034, pending: 86077, pool: 100
I 2187.97] Elapsed: 36:28, vertices: 3020, facets final: 3054, pending: 86209, pool: 100
I 2192.98] Elapsed: 36:33, vertices: 3026, facets final: 3075, pending: 86217, pool: 100
I 2198.13] Elapsed: 36:38, vertices: 3032, facets final: 3102, pending: 86230, pool: 100
I 2203.42] Elapsed: 36:43, vertices: 3038, facets final: 3116, pending: 86187, pool: 100
I 2208.50] Elapsed: 36:49, vertices: 3043, facets final: 3130, pending: 86103, pool: 100
I 2213.88] Elapsed: 36:54, vertices: 3049, facets final: 3158, pending: 86109, pool: 100
I 2219.11] Elapsed: 36:59, vertices: 3055, facets final: 3169, pending: 86131, pool: 100
I 2224.11] Elapsed: 37:04, vertices: 3060, facets final: 3180, pending: 86157, pool: 100
I 2229.76] Elapsed: 37:10, vertices: 3065, facets final: 3183, pending: 86210, pool: 100
I 2235.20] Elapsed: 37:15, vertices: 3071, facets final: 3206, pending: 86310, pool: 100
I 2240.65] Elapsed: 37:21, vertices: 3077, facets final: 3235, pending: 86258, pool: 100
I 2245.97] Elapsed: 37:26, vertices: 3084, facets final: 3256, pending: 86285, pool: 100
I 2251.11] Elapsed: 37:31, vertices: 3089, facets final: 3278, pending: 86204, pool: 100
I 2256.15] Elapsed: 37:36, vertices: 3095, facets final: 3304, pending: 86148, pool: 100
I 2259.11] recalculating facets...
I 2261.33] Elapsed: 37:41, vertices: 3102, facets final: 3318, pending: 86112, pool: 100
I 2266.50] Elapsed: 37:47, vertices: 3109, facets final: 3342, pending: 85965, pool: 100
I 2271.94] Elapsed: 37:52, vertices: 3114, facets final: 3357, pending: 86002, pool: 100
I 2277.14] Elapsed: 37:57, vertices: 3118, facets final: 3368, pending: 85947, pool: 100
I 2282.77] Elapsed: 38:03, vertices: 3124, facets final: 3376, pending: 86037, pool: 100
I 2287.95] Elapsed: 38:08, vertices: 3130, facets final: 3391, pending: 86049, pool: 100
I 2292.96] Elapsed: 38:13, vertices: 3137, facets final: 3416, pending: 86095, pool: 100
I 2298.36] Elapsed: 38:18, vertices: 3143, facets final: 3437, pending: 86204, pool: 100
I 2303.74] Elapsed: 38:24, vertices: 3149, facets final: 3441, pending: 86332, pool: 100
I 2308.98] Elapsed: 38:29, vertices: 3156, facets final: 3472, pending: 86260, pool: 100
I 2314.81] Elapsed: 38:35, vertices: 3162, facets final: 3489, pending: 86138, pool: 100
I 2319.83] Elapsed: 38:40, vertices: 3168, facets final: 3516, pending: 86186, pool: 100
I 2324.91] Elapsed: 38:45, vertices: 3174, facets final: 3520, pending: 86226, pool: 100
I 2330.17] Elapsed: 38:50, vertices: 3179, facets final: 3537, pending: 86293, pool: 100
I 2336.35] Elapsed: 38:56, vertices: 3185, facets final: 3560, pending: 86240, pool: 100
I 2341.55] Elapsed: 39:02, vertices: 3191, facets final: 3575, pending: 86264, pool: 100
I 2346.70] Elapsed: 39:07, vertices: 3199, facets final: 3596, pending: 86316, pool: 100
I 2347.34] recalculating facets...
I 2352.05] Elapsed: 39:12, vertices: 3205, facets final: 3629, pending: 86369, pool: 100
I 2357.38] Elapsed: 39:17, vertices: 3211, facets final: 3639, pending: 86388, pool: 100
I 2362.59] Elapsed: 39:23, vertices: 3218, facets final: 3675, pending: 86404, pool: 100
I 2367.59] Elapsed: 39:28, vertices: 3223, facets final: 3697, pending: 86414, pool: 100
I 2373.53] Elapsed: 39:34, vertices: 3230, facets final: 3712, pending: 86345, pool: 100
I 2378.53] Elapsed: 39:39, vertices: 3235, facets final: 3736, pending: 86310, pool: 100
I 2383.86] Elapsed: 39:44, vertices: 3241, facets final: 3754, pending: 86341, pool: 100
I 2388.90] Elapsed: 39:49, vertices: 3247, facets final: 3783, pending: 86288, pool: 100
I 2394.06] Elapsed: 39:54, vertices: 3255, facets final: 3816, pending: 86319, pool: 100
I 2399.07] Elapsed: 39:59, vertices: 3260, facets final: 3822, pending: 86282, pool: 100
I 2404.44] Elapsed: 40:04, vertices: 3267, facets final: 3853, pending: 86165, pool: 100
I 2409.75] Elapsed: 40:10, vertices: 3273, facets final: 3880, pending: 86069, pool: 100
I 2416.00] Elapsed: 40:16, vertices: 3280, facets final: 3900, pending: 86197, pool: 100
I 2421.19] Elapsed: 40:21, vertices: 3285, facets final: 3908, pending: 86380, pool: 100
I 2426.19] Elapsed: 40:26, vertices: 3291, facets final: 3942, pending: 86362, pool: 100
I 2431.32] Elapsed: 40:31, vertices: 3297, facets final: 3975, pending: 86268, pool: 100
I 2433.68] recalculating facets...
I 2436.73] Elapsed: 40:37, vertices: 3303, facets final: 4001, pending: 86219, pool: 100
I 2441.92] Elapsed: 40:42, vertices: 3308, facets final: 4015, pending: 86243, pool: 100
I 2447.20] Elapsed: 40:47, vertices: 3315, facets final: 4049, pending: 86231, pool: 100
I 2452.31] Elapsed: 40:52, vertices: 3321, facets final: 4062, pending: 86239, pool: 100
I 2457.75] Elapsed: 40:58, vertices: 3326, facets final: 4068, pending: 86233, pool: 100
I 2462.89] Elapsed: 41:03, vertices: 3333, facets final: 4081, pending: 86254, pool: 100
I 2467.96] Elapsed: 41:08, vertices: 3340, facets final: 4100, pending: 86202, pool: 100
I 2473.30] Elapsed: 41:13, vertices: 3345, facets final: 4122, pending: 86183, pool: 100
I 2478.44] Elapsed: 41:18, vertices: 3353, facets final: 4147, pending: 86168, pool: 100
I 2483.48] Elapsed: 41:23, vertices: 3360, facets final: 4171, pending: 86096, pool: 99
I 2488.94] Elapsed: 41:29, vertices: 3367, facets final: 4204, pending: 86146, pool: 100
I 2494.49] Elapsed: 41:34, vertices: 3373, facets final: 4219, pending: 86100, pool: 100
I 2499.49] Elapsed: 41:39, vertices: 3380, facets final: 4253, pending: 86033, pool: 100
I 2504.53] Elapsed: 41:45, vertices: 3386, facets final: 4279, pending: 85943, pool: 100
I 2509.61] Elapsed: 41:50, vertices: 3393, facets final: 4324, pending: 85938, pool: 100
I 2514.90] Elapsed: 41:55, vertices: 3399, facets final: 4348, pending: 85890, pool: 100
I 2515.60] recalculating facets...
I 2519.97] Elapsed: 42:00, vertices: 3405, facets final: 4364, pending: 85855, pool: 100
I 2525.06] Elapsed: 42:05, vertices: 3410, facets final: 4381, pending: 85872, pool: 100
I 2530.23] Elapsed: 42:10, vertices: 3417, facets final: 4394, pending: 85940, pool: 100
I 2535.43] Elapsed: 42:15, vertices: 3423, facets final: 4423, pending: 85825, pool: 100
I 2540.50] Elapsed: 42:21, vertices: 3429, facets final: 4444, pending: 85801, pool: 100
I 2545.56] Elapsed: 42:26, vertices: 3434, facets final: 4454, pending: 85822, pool: 100
I 2550.58] Elapsed: 42:31, vertices: 3439, facets final: 4468, pending: 85852, pool: 100
I 2556.00] Elapsed: 42:36, vertices: 3446, facets final: 4494, pending: 85818, pool: 100
I 2561.00] Elapsed: 42:41, vertices: 3451, facets final: 4518, pending: 85747, pool: 100
I 2566.33] Elapsed: 42:46, vertices: 3458, facets final: 4547, pending: 85746, pool: 100
I 2571.68] Elapsed: 42:52, vertices: 3465, facets final: 4584, pending: 85736, pool: 100
I 2576.91] Elapsed: 42:57, vertices: 3471, facets final: 4625, pending: 85695, pool: 100
I 2582.51] Elapsed: 43:03, vertices: 3479, facets final: 4668, pending: 85622, pool: 100
I 2587.79] Elapsed: 43:08, vertices: 3484, facets final: 4672, pending: 85649, pool: 100
I 2592.99] Elapsed: 43:13, vertices: 3489, facets final: 4687, pending: 85578, pool: 100
I 2598.63] Elapsed: 43:19, vertices: 3494, facets final: 4708, pending: 85515, pool: 100
I 2603.19] recalculating facets...
I 2603.63] Elapsed: 43:24, vertices: 3500, facets final: 4745, pending: 85474, pool: 100
I 2608.68] Elapsed: 43:29, vertices: 3506, facets final: 4759, pending: 85387, pool: 100
I 2613.84] Elapsed: 43:34, vertices: 3513, facets final: 4790, pending: 85389, pool: 100
I 2618.91] Elapsed: 43:39, vertices: 3518, facets final: 4811, pending: 85363, pool: 100
I 2623.95] Elapsed: 43:44, vertices: 3525, facets final: 4870, pending: 85251, pool: 100
I 2629.05] Elapsed: 43:49, vertices: 3531, facets final: 4890, pending: 85245, pool: 100
I 2634.06] Elapsed: 43:54, vertices: 3537, facets final: 4904, pending: 85211, pool: 100
I 2639.21] Elapsed: 43:59, vertices: 3544, facets final: 4937, pending: 85137, pool: 100
I 2644.81] Elapsed: 44:05, vertices: 3551, facets final: 4959, pending: 85149, pool: 100
I 2649.96] Elapsed: 44:10, vertices: 3558, facets final: 4999, pending: 85020, pool: 100
I 2655.09] Elapsed: 44:15, vertices: 3565, facets final: 5029, pending: 84950, pool: 100
I 2660.76] Elapsed: 44:21, vertices: 3569, facets final: 5048, pending: 84881, pool: 100
I 2665.84] Elapsed: 44:26, vertices: 3574, facets final: 5057, pending: 84962, pool: 100
I 2670.84] Elapsed: 44:31, vertices: 3580, facets final: 5077, pending: 85027, pool: 100
I 2675.94] Elapsed: 44:36, vertices: 3585, facets final: 5109, pending: 84969, pool: 100
I 2681.00] Elapsed: 44:41, vertices: 3591, facets final: 5124, pending: 84897, pool: 100
I 2686.05] Elapsed: 44:46, vertices: 3599, facets final: 5163, pending: 84879, pool: 100
I 2686.16] recalculating facets...
I 2691.65] Elapsed: 44:52, vertices: 3605, facets final: 5219, pending: 84951, pool: 100
I 2697.03] Elapsed: 44:57, vertices: 3610, facets final: 5244, pending: 84896, pool: 100
I 2702.37] Elapsed: 45:02, vertices: 3616, facets final: 5280, pending: 84815, pool: 100
I 2707.58] Elapsed: 45:08, vertices: 3623, facets final: 5304, pending: 84850, pool: 100
I 2712.81] Elapsed: 45:13, vertices: 3628, facets final: 5327, pending: 84823, pool: 100
I 2718.08] Elapsed: 45:18, vertices: 3635, facets final: 5386, pending: 84851, pool: 100
I 2723.23] Elapsed: 45:23, vertices: 3640, facets final: 5406, pending: 84793, pool: 100
I 2728.26] Elapsed: 45:28, vertices: 3645, facets final: 5411, pending: 84640, pool: 100
I 2733.26] Elapsed: 45:33, vertices: 3650, facets final: 5448, pending: 84603, pool: 100
I 2738.81] Elapsed: 45:39, vertices: 3656, facets final: 5507, pending: 84525, pool: 100
I 2743.93] Elapsed: 45:44, vertices: 3663, facets final: 5539, pending: 84469, pool: 100
I 2749.29] Elapsed: 45:49, vertices: 3670, facets final: 5578, pending: 84454, pool: 100
I 2754.39] Elapsed: 45:54, vertices: 3677, facets final: 5608, pending: 84440, pool: 100
I 2759.62] Elapsed: 46:00, vertices: 3684, facets final: 5670, pending: 84324, pool: 100
I 2764.84] Elapsed: 46:05, vertices: 3690, facets final: 5721, pending: 84202, pool: 100
I 2769.97] Elapsed: 46:10, vertices: 3696, facets final: 5748, pending: 84190, pool: 100
I 2772.60] recalculating facets...
I 2775.12] Elapsed: 46:15, vertices: 3702, facets final: 5769, pending: 84114, pool: 100
I 2780.16] Elapsed: 46:20, vertices: 3709, facets final: 5787, pending: 84057, pool: 100
I 2785.20] Elapsed: 46:25, vertices: 3715, facets final: 5837, pending: 84006, pool: 100
I 2790.25] Elapsed: 46:30, vertices: 3721, facets final: 5858, pending: 83990, pool: 100
I 2795.62] Elapsed: 46:36, vertices: 3728, facets final: 5959, pending: 83870, pool: 100
I 2800.97] Elapsed: 46:41, vertices: 3735, facets final: 5993, pending: 83813, pool: 100
I 2806.06] Elapsed: 46:46, vertices: 3743, facets final: 6022, pending: 83839, pool: 100
I 2811.38] Elapsed: 46:51, vertices: 3749, facets final: 6061, pending: 83853, pool: 100
I 2816.72] Elapsed: 46:57, vertices: 3756, facets final: 6130, pending: 83778, pool: 100
I 2821.98] Elapsed: 47:02, vertices: 3763, facets final: 6183, pending: 83743, pool: 100
I 2827.06] Elapsed: 47:07, vertices: 3771, facets final: 6222, pending: 83629, pool: 100
I 2832.39] Elapsed: 47:12, vertices: 3777, facets final: 6261, pending: 83530, pool: 99
I 2837.65] Elapsed: 47:18, vertices: 3783, facets final: 6299, pending: 83515, pool: 100
I 2842.99] Elapsed: 47:23, vertices: 3790, facets final: 6336, pending: 83399, pool: 100
I 2848.27] Elapsed: 47:28, vertices: 3796, facets final: 6358, pending: 83346, pool: 100
I 2851.56] recalculating facets...
I 2853.50] Elapsed: 47:34, vertices: 3801, facets final: 6374, pending: 83332, pool: 100
I 2858.67] Elapsed: 47:39, vertices: 3806, facets final: 6407, pending: 83265, pool: 100
I 2863.67] Elapsed: 47:44, vertices: 3812, facets final: 6463, pending: 83259, pool: 100
I 2869.53] Elapsed: 47:50, vertices: 3818, facets final: 6541, pending: 83167, pool: 100
I 2874.73] Elapsed: 47:55, vertices: 3825, facets final: 6586, pending: 83089, pool: 100
I 2880.00] Elapsed: 48:00, vertices: 3832, facets final: 6629, pending: 82982, pool: 100
I 2885.05] Elapsed: 48:05, vertices: 3839, facets final: 6709, pending: 83020, pool: 100
I 2890.27] Elapsed: 48:10, vertices: 3845, facets final: 6759, pending: 82946, pool: 100
I 2895.81] Elapsed: 48:16, vertices: 3852, facets final: 6795, pending: 82946, pool: 100
I 2900.94] Elapsed: 48:21, vertices: 3858, facets final: 6813, pending: 82895, pool: 100
I 2906.05] Elapsed: 48:26, vertices: 3864, facets final: 6872, pending: 82806, pool: 100
I 2911.59] Elapsed: 48:32, vertices: 3871, facets final: 6893, pending: 82870, pool: 100
I 2916.74] Elapsed: 48:37, vertices: 3878, facets final: 6936, pending: 82869, pool: 100
I 2921.86] Elapsed: 48:42, vertices: 3884, facets final: 6955, pending: 82851, pool: 100
I 2927.10] Elapsed: 48:47, vertices: 3891, facets final: 7006, pending: 82831, pool: 100
I 2932.27] Elapsed: 48:52, vertices: 3898, facets final: 7071, pending: 82716, pool: 100
I 2933.56] recalculating facets...
I 2937.34] Elapsed: 48:57, vertices: 3905, facets final: 7139, pending: 82652, pool: 100
I 2942.34] Elapsed: 49:02, vertices: 3912, facets final: 7179, pending: 82531, pool: 100
I 2947.72] Elapsed: 49:08, vertices: 3918, facets final: 7226, pending: 82506, pool: 100
I 2953.02] Elapsed: 49:13, vertices: 3925, facets final: 7265, pending: 82489, pool: 100
I 2958.14] Elapsed: 49:18, vertices: 3931, facets final: 7280, pending: 82459, pool: 100
I 2963.37] Elapsed: 49:23, vertices: 3936, facets final: 7319, pending: 82321, pool: 100
I 2968.59] Elapsed: 49:29, vertices: 3942, facets final: 7338, pending: 82359, pool: 100
I 2973.70] Elapsed: 49:34, vertices: 3949, facets final: 7395, pending: 82219, pool: 100
I 2978.98] Elapsed: 49:39, vertices: 3956, facets final: 7457, pending: 82103, pool: 100
I 2984.21] Elapsed: 49:44, vertices: 3962, facets final: 7498, pending: 82081, pool: 100
I 2989.46] Elapsed: 49:49, vertices: 3970, facets final: 7541, pending: 82040, pool: 100
I 2994.79] Elapsed: 49:55, vertices: 3977, facets final: 7580, pending: 82015, pool: 100
I 2999.79] Elapsed: 50:00, vertices: 3984, facets final: 7612, pending: 81988, pool: 100
I 3005.12] Elapsed: 50:05, vertices: 3991, facets final: 7696, pending: 81874, pool: 100
I 3010.54] Elapsed: 50:11, vertices: 3998, facets final: 7718, pending: 81851, pool: 100
I 3011.72] recalculating facets...
I 3015.54] Elapsed: 50:16, vertices: 4005, facets final: 7765, pending: 81788, pool: 100
I 3020.85] Elapsed: 50:21, vertices: 4012, facets final: 7783, pending: 81801, pool: 100
I 3025.92] Elapsed: 50:26, vertices: 4019, facets final: 7823, pending: 81741, pool: 100
I 3031.17] Elapsed: 50:31, vertices: 4025, facets final: 7860, pending: 81658, pool: 100
I 3036.29] Elapsed: 50:36, vertices: 4032, facets final: 7900, pending: 81651, pool: 100
I 3041.55] Elapsed: 50:42, vertices: 4039, facets final: 7988, pending: 81544, pool: 100
I 3046.62] Elapsed: 50:47, vertices: 4045, facets final: 8029, pending: 81539, pool: 100
I 3051.65] Elapsed: 50:52, vertices: 4051, facets final: 8066, pending: 81518, pool: 100
I 3056.93] Elapsed: 50:57, vertices: 4058, facets final: 8093, pending: 81466, pool: 100
I 3061.97] Elapsed: 51:02, vertices: 4065, facets final: 8107, pending: 81471, pool: 100
I 3067.24] Elapsed: 51:07, vertices: 4071, facets final: 8171, pending: 81349, pool: 100
I 3072.60] Elapsed: 51:13, vertices: 4078, facets final: 8222, pending: 81273, pool: 100
I 3077.60] Elapsed: 51:18, vertices: 4086, facets final: 8244, pending: 81249, pool: 100
I 3082.84] Elapsed: 51:23, vertices: 4090, facets final: 8292, pending: 81171, pool: 100
I 3088.22] Elapsed: 51:28, vertices: 4097, facets final: 8364, pending: 81092, pool: 100
I 3090.29] recalculating facets...
I 3093.32] Elapsed: 51:33, vertices: 4103, facets final: 8410, pending: 81030, pool: 99
I 3098.67] Elapsed: 51:39, vertices: 4109, facets final: 8480, pending: 80990, pool: 100
I 3103.92] Elapsed: 51:44, vertices: 4115, facets final: 8541, pending: 80912, pool: 100
I 3108.98] Elapsed: 51:49, vertices: 4121, facets final: 8579, pending: 80852, pool: 100
I 3114.17] Elapsed: 51:54, vertices: 4129, facets final: 8653, pending: 80858, pool: 100
I 3119.32] Elapsed: 51:59, vertices: 4135, facets final: 8674, pending: 80788, pool: 100
I 3124.32] Elapsed: 52:04, vertices: 4142, facets final: 8741, pending: 80700, pool: 99
I 3129.87] Elapsed: 52:10, vertices: 4149, facets final: 8797, pending: 80628, pool: 100
I 3135.06] Elapsed: 52:15, vertices: 4156, facets final: 8853, pending: 80573, pool: 100
I 3140.09] Elapsed: 52:20, vertices: 4161, facets final: 8919, pending: 80499, pool: 99
I 3145.19] Elapsed: 52:25, vertices: 4166, facets final: 8950, pending: 80406, pool: 100
I 3150.29] Elapsed: 52:30, vertices: 4171, facets final: 8985, pending: 80324, pool: 100
I 3155.32] Elapsed: 52:35, vertices: 4177, facets final: 9016, pending: 80266, pool: 100
I 3160.35] Elapsed: 52:40, vertices: 4184, facets final: 9062, pending: 80183, pool: 100
I 3165.35] Elapsed: 52:45, vertices: 4191, facets final: 9114, pending: 80131, pool: 100
I 3170.61] Elapsed: 52:51, vertices: 4197, facets final: 9197, pending: 80036, pool: 100
I 3172.79] recalculating facets...
I 3175.93] Elapsed: 52:56, vertices: 4204, facets final: 9224, pending: 80006, pool: 99
I 3181.07] Elapsed: 53:01, vertices: 4211, facets final: 9361, pending: 79865, pool: 100
I 3186.07] Elapsed: 53:06, vertices: 4219, facets final: 9436, pending: 79814, pool: 100
I 3191.07] Elapsed: 53:11, vertices: 4225, facets final: 9477, pending: 79732, pool: 100
I 3196.28] Elapsed: 53:16, vertices: 4232, facets final: 9553, pending: 79641, pool: 100
I 3201.62] Elapsed: 53:22, vertices: 4239, facets final: 9621, pending: 79616, pool: 100
I 3206.75] Elapsed: 53:27, vertices: 4246, facets final: 9754, pending: 79463, pool: 100
I 3212.00] Elapsed: 53:32, vertices: 4252, facets final: 9808, pending: 79402, pool: 100
I 3217.12] Elapsed: 53:37, vertices: 4259, facets final: 9859, pending: 79283, pool: 100
I 3222.31] Elapsed: 53:42, vertices: 4266, facets final: 9924, pending: 79165, pool: 100
I 3227.42] Elapsed: 53:47, vertices: 4273, facets final: 10024, pending: 79033, pool: 100
I 3232.75] Elapsed: 53:53, vertices: 4281, facets final: 10112, pending: 79027, pool: 99
I 3238.13] Elapsed: 53:58, vertices: 4289, facets final: 10206, pending: 78856, pool: 100
I 3243.28] Elapsed: 54:03, vertices: 4295, facets final: 10319, pending: 78736, pool: 100
I 3246.40] recalculating facets...
I 3248.29] Elapsed: 54:08, vertices: 4301, facets final: 10365, pending: 78735, pool: 100
I 3253.38] Elapsed: 54:13, vertices: 4308, facets final: 10463, pending: 78592, pool: 100
I 3258.46] Elapsed: 54:18, vertices: 4315, facets final: 10600, pending: 78427, pool: 100
I 3263.54] Elapsed: 54:24, vertices: 4322, facets final: 10727, pending: 78298, pool: 100
I 3268.59] Elapsed: 54:29, vertices: 4329, facets final: 10773, pending: 78203, pool: 99
I 3273.94] Elapsed: 54:34, vertices: 4336, facets final: 10898, pending: 78066, pool: 100
I 3279.11] Elapsed: 54:39, vertices: 4344, facets final: 10972, pending: 77943, pool: 100
I 3284.42] Elapsed: 54:44, vertices: 4352, facets final: 11015, pending: 77877, pool: 100
I 3289.60] Elapsed: 54:50, vertices: 4359, facets final: 11061, pending: 77827, pool: 100
I 3294.67] Elapsed: 54:55, vertices: 4366, facets final: 11098, pending: 77802, pool: 100
I 3299.81] Elapsed: 55:00, vertices: 4373, facets final: 11141, pending: 77729, pool: 100
I 3304.88] Elapsed: 55:05, vertices: 4379, facets final: 11229, pending: 77605, pool: 100
I 3310.16] Elapsed: 55:10, vertices: 4386, facets final: 11304, pending: 77491, pool: 100
I 3315.38] Elapsed: 55:15, vertices: 4393, facets final: 11404, pending: 77358, pool: 100
I 3319.64] recalculating facets...
I 3320.50] Elapsed: 55:21, vertices: 4400, facets final: 11477, pending: 77241, pool: 100
I 3325.75] Elapsed: 55:26, vertices: 4407, facets final: 11604, pending: 77103, pool: 100
I 3330.78] Elapsed: 55:31, vertices: 4414, facets final: 11736, pending: 76996, pool: 100
I 3336.42] Elapsed: 55:36, vertices: 4421, facets final: 11829, pending: 76881, pool: 100
I 3341.77] Elapsed: 55:42, vertices: 4428, facets final: 11893, pending: 76807, pool: 100
I 3346.88] Elapsed: 55:47, vertices: 4434, facets final: 12014, pending: 76706, pool: 100
I 3351.90] Elapsed: 55:52, vertices: 4440, facets final: 12063, pending: 76618, pool: 100
I 3357.00] Elapsed: 55:57, vertices: 4448, facets final: 12135, pending: 76557, pool: 100
I 3362.13] Elapsed: 56:02, vertices: 4454, facets final: 12293, pending: 76377, pool: 100
I 3367.21] Elapsed: 56:07, vertices: 4462, facets final: 12357, pending: 76348, pool: 100
I 3372.25] Elapsed: 56:12, vertices: 4470, facets final: 12438, pending: 76254, pool: 100
I 3377.46] Elapsed: 56:17, vertices: 4477, facets final: 12526, pending: 76156, pool: 100
I 3382.52] Elapsed: 56:23, vertices: 4484, facets final: 12627, pending: 76052, pool: 99
I 3387.74] Elapsed: 56:28, vertices: 4491, facets final: 12742, pending: 75926, pool: 99
I 3392.94] Elapsed: 56:33, vertices: 4498, facets final: 12885, pending: 75806, pool: 100
I 3393.98] recalculating facets...
I 3397.95] Elapsed: 56:38, vertices: 4506, facets final: 12949, pending: 75744, pool: 100
I 3403.01] Elapsed: 56:43, vertices: 4514, facets final: 13016, pending: 75706, pool: 100
I 3408.03] Elapsed: 56:48, vertices: 4520, facets final: 13068, pending: 75601, pool: 100
I 3413.03] Elapsed: 56:53, vertices: 4529, facets final: 13127, pending: 75535, pool: 100
I 3418.11] Elapsed: 56:58, vertices: 4534, facets final: 13175, pending: 75506, pool: 100
I 3423.40] Elapsed: 57:03, vertices: 4541, facets final: 13233, pending: 75426, pool: 100
I 3428.41] Elapsed: 57:08, vertices: 4548, facets final: 13317, pending: 75317, pool: 100
I 3433.60] Elapsed: 57:14, vertices: 4555, facets final: 13443, pending: 75235, pool: 100
I 3438.62] Elapsed: 57:19, vertices: 4562, facets final: 13513, pending: 75147, pool: 100
I 3443.76] Elapsed: 57:24, vertices: 4568, facets final: 13639, pending: 74945, pool: 100
I 3448.76] Elapsed: 57:29, vertices: 4575, facets final: 13755, pending: 74808, pool: 100
I 3453.92] Elapsed: 57:34, vertices: 4583, facets final: 13847, pending: 74649, pool: 100
I 3458.92] Elapsed: 57:39, vertices: 4589, facets final: 13990, pending: 74490, pool: 100
I 3464.00] Elapsed: 57:44, vertices: 4596, facets final: 14081, pending: 74375, pool: 100
I 3465.98] recalculating facets...
I 3469.34] Elapsed: 57:49, vertices: 4604, facets final: 14173, pending: 74269, pool: 100
I 3474.41] Elapsed: 57:54, vertices: 4612, facets final: 14241, pending: 74177, pool: 99
I 3479.42] Elapsed: 57:59, vertices: 4618, facets final: 14400, pending: 74043, pool: 100
I 3484.42] Elapsed: 58:04, vertices: 4625, facets final: 14534, pending: 73901, pool: 100
I 3489.69] Elapsed: 58:10, vertices: 4632, facets final: 14622, pending: 73819, pool: 100
I 3494.71] Elapsed: 58:15, vertices: 4641, facets final: 14685, pending: 73730, pool: 100
I 3499.72] Elapsed: 58:20, vertices: 4648, facets final: 14791, pending: 73598, pool: 100
I 3504.72] Elapsed: 58:25, vertices: 4655, facets final: 14966, pending: 73435, pool: 100
I 3509.87] Elapsed: 58:30, vertices: 4662, facets final: 15102, pending: 73306, pool: 100
I 3515.14] Elapsed: 58:35, vertices: 4669, facets final: 15184, pending: 73213, pool: 99
I 3520.48] Elapsed: 58:40, vertices: 4675, facets final: 15404, pending: 72990, pool: 100
I 3525.48] Elapsed: 58:45, vertices: 4682, facets final: 15553, pending: 72827, pool: 99
I 3530.67] Elapsed: 58:51, vertices: 4689, facets final: 15674, pending: 72656, pool: 100
I 3535.79] Elapsed: 58:56, vertices: 4697, facets final: 15730, pending: 72566, pool: 100
I 3537.23] recalculating facets...
I 3540.94] Elapsed: 59:01, vertices: 4705, facets final: 15809, pending: 72442, pool: 100
I 3546.13] Elapsed: 59:06, vertices: 4711, facets final: 15932, pending: 72317, pool: 100
I 3551.13] Elapsed: 59:11, vertices: 4719, facets final: 16025, pending: 72194, pool: 100
I 3556.40] Elapsed: 59:16, vertices: 4726, facets final: 16151, pending: 72054, pool: 100
I 3561.40] Elapsed: 59:21, vertices: 4735, facets final: 16244, pending: 71970, pool: 100
I 3566.41] Elapsed: 59:26, vertices: 4741, facets final: 16425, pending: 71787, pool: 100
I 3571.63] Elapsed: 59:32, vertices: 4748, facets final: 16573, pending: 71639, pool: 100
I 3576.98] Elapsed: 59:37, vertices: 4755, facets final: 16798, pending: 71412, pool: 100
I 3582.26] Elapsed: 59:42, vertices: 4763, facets final: 16921, pending: 71313, pool: 100
I 3587.42] Elapsed: 59:47, vertices: 4772, facets final: 16995, pending: 71189, pool: 100
I 3592.42] Elapsed: 59:52, vertices: 4779, facets final: 17085, pending: 71063, pool: 100
I 3597.73] Elapsed: 59:58, vertices: 4784, facets final: 17272, pending: 70884, pool: 100
I 3602.84] Elapsed: 1:00:03, vertices: 4792, facets final: 17382, pending: 70757, pool: 100
I 3607.58] recalculating facets...
I 3608.03] Elapsed: 1:00:08, vertices: 4800, facets final: 17539, pending: 70600, pool: 100
I 3613.03] Elapsed: 1:00:13, vertices: 4806, facets final: 17716, pending: 70390, pool: 100
I 3618.25] Elapsed: 1:00:18, vertices: 4813, facets final: 17866, pending: 70214, pool: 100
I 3623.26] Elapsed: 1:00:23, vertices: 4821, facets final: 18016, pending: 70059, pool: 100
I 3628.57] Elapsed: 1:00:29, vertices: 4829, facets final: 18131, pending: 69921, pool: 100
I 3633.79] Elapsed: 1:00:34, vertices: 4836, facets final: 18317, pending: 69730, pool: 100
I 3638.91] Elapsed: 1:00:39, vertices: 4843, facets final: 18444, pending: 69577, pool: 100
I 3643.91] Elapsed: 1:00:44, vertices: 4851, facets final: 18545, pending: 69426, pool: 100
I 3649.20] Elapsed: 1:00:49, vertices: 4857, facets final: 18741, pending: 69220, pool: 100
I 3654.55] Elapsed: 1:00:55, vertices: 4864, facets final: 18922, pending: 69031, pool: 100
I 3659.59] Elapsed: 1:01:00, vertices: 4871, facets final: 19067, pending: 68941, pool: 99
I 3664.64] Elapsed: 1:01:05, vertices: 4878, facets final: 19189, pending: 68780, pool: 100
I 3669.71] Elapsed: 1:01:10, vertices: 4886, facets final: 19300, pending: 68671, pool: 100
I 3675.05] Elapsed: 1:01:15, vertices: 4893, facets final: 19539, pending: 68438, pool: 100
I 3678.99] recalculating facets...
I 3680.23] Elapsed: 1:01:20, vertices: 4900, facets final: 19661, pending: 68293, pool: 100
I 3685.47] Elapsed: 1:01:25, vertices: 4908, facets final: 19807, pending: 68132, pool: 100
I 3690.47] Elapsed: 1:01:30, vertices: 4916, facets final: 19937, pending: 67968, pool: 100
I 3695.47] Elapsed: 1:01:35, vertices: 4921, facets final: 20225, pending: 67630, pool: 100
I 3700.77] Elapsed: 1:01:41, vertices: 4926, facets final: 20472, pending: 67353, pool: 99
I 3705.87] Elapsed: 1:01:46, vertices: 4933, facets final: 20631, pending: 67192, pool: 99
I 3710.87] Elapsed: 1:01:51, vertices: 4940, facets final: 20857, pending: 66960, pool: 100
I 3715.97] Elapsed: 1:01:56, vertices: 4947, facets final: 20995, pending: 66801, pool: 100
I 3721.08] Elapsed: 1:02:01, vertices: 4954, facets final: 21165, pending: 66586, pool: 100
I 3726.36] Elapsed: 1:02:06, vertices: 4961, facets final: 21373, pending: 66379, pool: 100
I 3731.38] Elapsed: 1:02:11, vertices: 4967, facets final: 21623, pending: 66129, pool: 100
I 3736.38] Elapsed: 1:02:16, vertices: 4974, facets final: 21837, pending: 65875, pool: 100
I 3741.38] Elapsed: 1:02:21, vertices: 4981, facets final: 22044, pending: 65685, pool: 100
I 3746.57] Elapsed: 1:02:27, vertices: 4986, facets final: 22285, pending: 65422, pool: 100
I 3751.74] Elapsed: 1:02:32, vertices: 4993, facets final: 22500, pending: 65186, pool: 100
I 3756.72] recalculating facets...
I 3757.18] Elapsed: 1:02:37, vertices: 5000, facets final: 22690, pending: 64985, pool: 100
I 3762.35] Elapsed: 1:02:42, vertices: 5006, facets final: 22857, pending: 64795, pool: 100
I 3767.56] Elapsed: 1:02:48, vertices: 5012, facets final: 23127, pending: 64542, pool: 100
I 3772.56] Elapsed: 1:02:53, vertices: 5020, facets final: 23268, pending: 64387, pool: 100
I 3777.56] Elapsed: 1:02:58, vertices: 5028, facets final: 23411, pending: 64223, pool: 99
I 3782.56] Elapsed: 1:03:03, vertices: 5033, facets final: 23713, pending: 63905, pool: 100
I 3787.56] Elapsed: 1:03:08, vertices: 5039, facets final: 23948, pending: 63655, pool: 99
I 3792.91] Elapsed: 1:03:13, vertices: 5045, facets final: 24195, pending: 63392, pool: 100
I 3798.07] Elapsed: 1:03:18, vertices: 5052, facets final: 24426, pending: 63173, pool: 100
I 3803.35] Elapsed: 1:03:23, vertices: 5058, facets final: 24699, pending: 62870, pool: 100
I 3808.35] Elapsed: 1:03:28, vertices: 5065, facets final: 24948, pending: 62600, pool: 100
I 3813.35] Elapsed: 1:03:33, vertices: 5071, facets final: 25209, pending: 62315, pool: 100
I 3818.66] Elapsed: 1:03:39, vertices: 5076, facets final: 25526, pending: 61983, pool: 100
I 3823.66] Elapsed: 1:03:44, vertices: 5082, facets final: 25738, pending: 61746, pool: 100
I 3828.70] Elapsed: 1:03:49, vertices: 5090, facets final: 25877, pending: 61583, pool: 100
I 3833.70] Elapsed: 1:03:54, vertices: 5098, facets final: 26066, pending: 61387, pool: 99
I 3835.74] recalculating facets...
I 3838.77] Elapsed: 1:03:59, vertices: 5103, facets final: 26307, pending: 61132, pool: 100
I 3843.79] Elapsed: 1:04:04, vertices: 5109, facets final: 26560, pending: 60852, pool: 100
I 3848.79] Elapsed: 1:04:09, vertices: 5115, facets final: 26839, pending: 60570, pool: 100
I 3853.86] Elapsed: 1:04:14, vertices: 5121, facets final: 27082, pending: 60364, pool: 100
I 3858.90] Elapsed: 1:04:19, vertices: 5128, facets final: 27342, pending: 60083, pool: 100
I 3863.90] Elapsed: 1:04:24, vertices: 5134, facets final: 27596, pending: 59820, pool: 99
I 3868.94] Elapsed: 1:04:29, vertices: 5139, facets final: 27843, pending: 59549, pool: 100
I 3874.24] Elapsed: 1:04:34, vertices: 5147, facets final: 28036, pending: 59338, pool: 100
I 3879.24] Elapsed: 1:04:39, vertices: 5154, facets final: 28303, pending: 59059, pool: 100
I 3884.30] Elapsed: 1:04:44, vertices: 5160, facets final: 28509, pending: 58828, pool: 100
I 3889.31] Elapsed: 1:04:49, vertices: 5168, facets final: 28721, pending: 58600, pool: 100
I 3894.31] Elapsed: 1:04:54, vertices: 5173, facets final: 29086, pending: 58220, pool: 100
I 3899.31] Elapsed: 1:04:59, vertices: 5178, facets final: 29437, pending: 57855, pool: 100
I 3904.64] Elapsed: 1:05:05, vertices: 5184, facets final: 29729, pending: 57557, pool: 100
I 3909.90] Elapsed: 1:05:10, vertices: 5191, facets final: 30000, pending: 57265, pool: 100
I 3914.94] Elapsed: 1:05:15, vertices: 5196, facets final: 30342, pending: 56913, pool: 100
I 3917.76] recalculating facets...
I 3919.94] Elapsed: 1:05:20, vertices: 5201, facets final: 30642, pending: 56597, pool: 100
I 3925.00] Elapsed: 1:05:25, vertices: 5207, facets final: 30884, pending: 56340, pool: 100
I 3930.05] Elapsed: 1:05:30, vertices: 5214, facets final: 31098, pending: 56098, pool: 100
I 3935.09] Elapsed: 1:05:35, vertices: 5218, facets final: 31531, pending: 55665, pool: 100
I 3940.09] Elapsed: 1:05:40, vertices: 5223, facets final: 31901, pending: 55276, pool: 100
I 3945.09] Elapsed: 1:05:45, vertices: 5228, facets final: 32254, pending: 54912, pool: 99
I 3950.29] Elapsed: 1:05:50, vertices: 5233, facets final: 32597, pending: 54578, pool: 100
I 3955.29] Elapsed: 1:05:55, vertices: 5240, facets final: 32880, pending: 54273, pool: 100
I 3960.29] Elapsed: 1:06:00, vertices: 5246, facets final: 33185, pending: 53951, pool: 99
I 3965.43] Elapsed: 1:06:05, vertices: 5251, facets final: 33503, pending: 53617, pool: 100
I 3970.43] Elapsed: 1:06:10, vertices: 5258, facets final: 33792, pending: 53313, pool: 99
I 3975.43] Elapsed: 1:06:15, vertices: 5263, facets final: 34162, pending: 52933, pool: 100
I 3980.53] Elapsed: 1:06:21, vertices: 5269, facets final: 34481, pending: 52605, pool: 100
I 3985.53] Elapsed: 1:06:26, vertices: 5275, facets final: 34771, pending: 52296, pool: 100
I 3990.68] Elapsed: 1:06:31, vertices: 5279, facets final: 35173, pending: 51886, pool: 100
I 3995.75] Elapsed: 1:06:36, vertices: 5284, facets final: 35514, pending: 51517, pool: 100
I 4000.75] Elapsed: 1:06:41, vertices: 5290, facets final: 35858, pending: 51152, pool: 99
I 4005.75] Elapsed: 1:06:46, vertices: 5296, facets final: 36147, pending: 50862, pool: 99
I 4010.82] Elapsed: 1:06:51, vertices: 5299, facets final: 36633, pending: 50372, pool: 100
I 4011.83] recalculating facets...
I 4016.17] Elapsed: 1:06:56, vertices: 5303, facets final: 36985, pending: 50008, pool: 100
I 4021.33] Elapsed: 1:07:01, vertices: 5310, facets final: 37262, pending: 49709, pool: 100
I 4026.65] Elapsed: 1:07:07, vertices: 5314, facets final: 37712, pending: 49264, pool: 100
I 4031.65] Elapsed: 1:07:12, vertices: 5320, facets final: 38070, pending: 48887, pool: 100
I 4036.95] Elapsed: 1:07:17, vertices: 5324, facets final: 38480, pending: 48471, pool: 99
I 4041.95] Elapsed: 1:07:22, vertices: 5331, facets final: 38743, pending: 48183, pool: 99
I 4047.03] Elapsed: 1:07:27, vertices: 5334, facets final: 39197, pending: 47721, pool: 100
I 4052.40] Elapsed: 1:07:32, vertices: 5339, facets final: 39620, pending: 47291, pool: 100
I 4057.45] Elapsed: 1:07:37, vertices: 5344, facets final: 40007, pending: 46891, pool: 100
I 4062.51] Elapsed: 1:07:43, vertices: 5349, facets final: 40367, pending: 46539, pool: 99
I 4067.51] Elapsed: 1:07:48, vertices: 5351, facets final: 40927, pending: 45975, pool: 99
I 4072.51] Elapsed: 1:07:53, vertices: 5353, facets final: 41529, pending: 45370, pool: 99
I 4077.51] Elapsed: 1:07:58, vertices: 5358, facets final: 41893, pending: 44996, pool: 100
I 4082.51] Elapsed: 1:08:03, vertices: 5364, facets final: 42197, pending: 44679, pool: 99
I 4087.51] Elapsed: 1:08:08, vertices: 5368, facets final: 42633, pending: 44231, pool: 99
I 4092.51] Elapsed: 1:08:13, vertices: 5372, facets final: 43049, pending: 43793, pool: 100
I 4097.51] Elapsed: 1:08:18, vertices: 5375, facets final: 43553, pending: 43283, pool: 98
I 4102.51] Elapsed: 1:08:23, vertices: 5378, facets final: 44051, pending: 42781, pool: 98
I 4107.53] Elapsed: 1:08:28, vertices: 5379, facets final: 44620, pending: 42209, pool: 99
I 4112.72] Elapsed: 1:08:33, vertices: 5383, facets final: 45078, pending: 41753, pool: 98
I 4118.08] Elapsed: 1:08:38, vertices: 5387, facets final: 45570, pending: 41259, pool: 100
I 4123.08] Elapsed: 1:08:43, vertices: 5392, facets final: 45999, pending: 40824, pool: 99
I 4128.31] Elapsed: 1:08:48, vertices: 5396, facets final: 46412, pending: 40403, pool: 98
I 4133.15] recalculating facets...
I 4133.62] Elapsed: 1:08:54, vertices: 5400, facets final: 46872, pending: 39942, pool: 100
I 4138.62] Elapsed: 1:08:59, vertices: 5404, facets final: 47306, pending: 39497, pool: 99
I 4143.62] Elapsed: 1:09:04, vertices: 5408, facets final: 47734, pending: 39066, pool: 99
I 4148.76] Elapsed: 1:09:09, vertices: 5413, facets final: 48094, pending: 38702, pool: 99
I 4154.06] Elapsed: 1:09:14, vertices: 5416, facets final: 48634, pending: 38159, pool: 100
I 4159.12] Elapsed: 1:09:19, vertices: 5421, facets final: 49056, pending: 37737, pool: 100
I 4164.12] Elapsed: 1:09:24, vertices: 5425, facets final: 49488, pending: 37298, pool: 100
I 4169.12] Elapsed: 1:09:29, vertices: 5429, facets final: 49940, pending: 36840, pool: 97
I 4174.12] Elapsed: 1:09:34, vertices: 5433, facets final: 50358, pending: 36438, pool: 100
I 4179.42] Elapsed: 1:09:39, vertices: 5436, facets final: 50827, pending: 35962, pool: 99
I 4184.42] Elapsed: 1:09:44, vertices: 5439, facets final: 51381, pending: 35418, pool: 99
I 4189.42] Elapsed: 1:09:49, vertices: 5443, facets final: 51822, pending: 34984, pool: 98
I 4194.42] Elapsed: 1:09:54, vertices: 5445, facets final: 52366, pending: 34444, pool: 97
I 4199.75] Elapsed: 1:10:00, vertices: 5448, facets final: 52848, pending: 33954, pool: 97
I 4204.75] Elapsed: 1:10:05, vertices: 5450, facets final: 53448, pending: 33348, pool: 98
I 4209.75] Elapsed: 1:10:10, vertices: 5454, facets final: 53875, pending: 32921, pool: 99
I 4215.06] Elapsed: 1:10:15, vertices: 5458, facets final: 54310, pending: 32484, pool: 99
I 4220.06] Elapsed: 1:10:20, vertices: 5462, facets final: 54795, pending: 31999, pool: 100
I 4225.06] Elapsed: 1:10:25, vertices: 5465, facets final: 55293, pending: 31501, pool: 98
I 4230.06] Elapsed: 1:10:30, vertices: 5468, facets final: 55795, pending: 30997, pool: 98
I 4235.06] Elapsed: 1:10:35, vertices: 5471, facets final: 56303, pending: 30490, pool: 98
I 4240.06] Elapsed: 1:10:40, vertices: 5473, facets final: 56853, pending: 29931, pool: 98
I 4245.06] Elapsed: 1:10:45, vertices: 5475, facets final: 57412, pending: 29371, pool: 98
I 4250.30] Elapsed: 1:10:50, vertices: 5477, facets final: 57951, pending: 28829, pool: 99
I 4255.30] Elapsed: 1:10:55, vertices: 5481, facets final: 58456, pending: 28321, pool: 98
I 4260.30] Elapsed: 1:11:00, vertices: 5483, facets final: 59022, pending: 27751, pool: 97
I 4265.30] Elapsed: 1:11:05, vertices: 5485, facets final: 59570, pending: 27200, pool: 99
I 4270.30] Elapsed: 1:11:10, vertices: 5487, facets final: 60130, pending: 26639, pool: 98
I 4275.30] Elapsed: 1:11:15, vertices: 5489, facets final: 60691, pending: 26079, pool: 100
I 4280.50] Elapsed: 1:11:21, vertices: 5493, facets final: 61114, pending: 25648, pool: 98
I 4285.50] Elapsed: 1:11:26, vertices: 5496, facets final: 61667, pending: 25087, pool: 96
I 4290.50] Elapsed: 1:11:31, vertices: 5498, facets final: 62220, pending: 24527, pool: 96
I 4295.23] recalculating facets...
I 4295.69] Elapsed: 1:11:36, vertices: 5500, facets final: 62745, pending: 23997, pool: 97
I 4300.95] Elapsed: 1:11:41, vertices: 5504, facets final: 63171, pending: 23562, pool: 97
I 4305.95] Elapsed: 1:11:46, vertices: 5508, facets final: 63664, pending: 23063, pool: 97
I 4310.95] Elapsed: 1:11:51, vertices: 5510, facets final: 64226, pending: 22497, pool: 96
I 4315.95] Elapsed: 1:11:56, vertices: 5510, facets final: 64894, pending: 21829
I 4320.95] Elapsed: 1:12:01, vertices: 5512, facets final: 65458, pending: 21266, pool: 94
I 4325.95] Elapsed: 1:12:06, vertices: 5514, facets final: 66016, pending: 20705, pool: 97
I 4330.95] Elapsed: 1:12:11, vertices: 5517, facets final: 66514, pending: 20199, pool: 98
I 4335.95] Elapsed: 1:12:16, vertices: 5520, facets final: 67026, pending: 19681, pool: 95
I 4341.15] Elapsed: 1:12:21, vertices: 5521, facets final: 67618, pending: 19087, pool: 96
I 4346.15] Elapsed: 1:12:26, vertices: 5523, facets final: 68213, pending: 18494, pool: 96
I 4351.15] Elapsed: 1:12:31, vertices: 5525, facets final: 68743, pending: 17960, pool: 97
I 4356.27] Elapsed: 1:12:36, vertices: 5527, facets final: 69272, pending: 17427, pool: 95
I 4361.27] Elapsed: 1:12:41, vertices: 5530, facets final: 69814, pending: 16892, pool: 95
I 4366.27] Elapsed: 1:12:46, vertices: 5531, facets final: 70432, pending: 16274, pool: 94
I 4371.27] Elapsed: 1:12:51, vertices: 5533, facets final: 70986, pending: 15719, pool: 94
I 4376.27] Elapsed: 1:12:56, vertices: 5534, facets final: 71604, pending: 15104, pool: 94
I 4381.27] Elapsed: 1:13:01, vertices: 5536, facets final: 72169, pending: 14537, pool: 93
I 4386.27] Elapsed: 1:13:06, vertices: 5538, facets final: 72735, pending: 13969, pool: 92
I 4391.27] Elapsed: 1:13:11, vertices: 5540, facets final: 73298, pending: 13406, pool: 91
I 4396.37] Elapsed: 1:13:16, vertices: 5541, facets final: 73883, pending: 12820, pool: 90
I 4401.37] Elapsed: 1:13:21, vertices: 5544, facets final: 74435, pending: 12265, pool: 91
I 4406.37] Elapsed: 1:13:26, vertices: 5546, facets final: 75000, pending: 11697, pool: 91
I 4411.37] Elapsed: 1:13:31, vertices: 5548, facets final: 75569, pending: 11126, pool: 90
I 4416.37] Elapsed: 1:13:36, vertices: 5550, facets final: 76131, pending: 10563, pool: 90
I 4421.37] Elapsed: 1:13:41, vertices: 5552, facets final: 76696, pending: 10000, pool: 89
I 4426.37] Elapsed: 1:13:46, vertices: 5555, facets final: 77214, pending: 9479, pool: 88
I 4431.37] Elapsed: 1:13:51, vertices: 5558, facets final: 77731, pending: 8959, pool: 87
I 4436.37] Elapsed: 1:13:56, vertices: 5561, facets final: 78254, pending: 8433, pool: 86
I 4441.37] Elapsed: 1:14:01, vertices: 5563, facets final: 78823, pending: 7862, pool: 86
I 4446.37] Elapsed: 1:14:06, vertices: 5566, facets final: 79347, pending: 7338, pool: 84
I 4451.37] Elapsed: 1:14:11, vertices: 5568, facets final: 79924, pending: 6759, pool: 82
I 4456.50] Elapsed: 1:14:17, vertices: 5570, facets final: 80480, pending: 6201, pool: 79
I 4461.50] Elapsed: 1:14:22, vertices: 5573, facets final: 81049, pending: 5630, pool: 80
I 4466.50] Elapsed: 1:14:27, vertices: 5576, facets final: 81559, pending: 5123, pool: 81
I 4471.50] Elapsed: 1:14:32, vertices: 5579, facets final: 82091, pending: 4594, pool: 78
I 4476.50] Elapsed: 1:14:37, vertices: 5583, facets final: 82577, pending: 4103, pool: 76
I 4481.50] Elapsed: 1:14:42, vertices: 5588, facets final: 83029, pending: 3653, pool: 74
I 4486.50] Elapsed: 1:14:47, vertices: 5592, facets final: 83533, pending: 3147, pool: 71
I 4491.50] Elapsed: 1:14:52, vertices: 5597, facets final: 84004, pending: 2673, pool: 67
I 4493.94] recalculating facets...
I 4496.50] Elapsed: 1:14:57, vertices: 5602, facets final: 84425, pending: 2249, pool: 62
I 4501.50] Elapsed: 1:15:02, vertices: 5609, facets final: 84847, pending: 1830, pool: 57
I 4506.60] Elapsed: 1:15:07, vertices: 5616, facets final: 85286, pending: 1384, pool: 49
I 4511.65] Elapsed: 1:15:12, vertices: 5628, facets final: 85636, pending: 1031, pool: 37
I 4516.65] Elapsed: 1:15:17, vertices: 5645, facets final: 85979, pending: 679, pool: 22
I 4521.65] Elapsed: 1:15:22, vertices: 5671, facets final: 86326, pending: 309, pool: 1
I 4524.42] Elapsed: 1:15:24, vertices: 5685, facets final: 86620, pending: 0

--------------------------------
Problem completed
 name                    17.vlp
 output                  vlp/17.res
 rows, cols, objs        14, 2804, 10
 vertices, facets        5685, 86620
 total time              1:15:24
--------------------------------
Statistics
LP:
 oracle calls            92574
   avg iterations/calls  4.69
 total oracle time       11:31
Combinatorics:
 vertices added          5685
 facets probed           100319
 facets # max            90387
 memory allocated        152.69M
 storage expansion
   vertices # / upto     45 / 5756
   facets   # / upto     23 / 94204
 facet manipulating
   added avg / max       94.85 / 1.35k
   compressed            374
 number of ridge tests
   avg / max             4.71M / 72.48M
--------------------------------
Parameters with non-default values
 VertexPoolSize = 100
