C copy string: r=c:ab;a,r,c,d;r,b,c,d; ineq: base20.txt
I    3.30] recalculating facets...
I    5.03] Elapsed: 5.03, vertices: 135, facets final: 32, pending: 7398, pool: 99
I    9.33] recalculating facets...
I   10.05] Elapsed: 10.05, vertices: 208, facets final: 52, pending: 10512, pool: 100
I   15.07] Elapsed: 15.07, vertices: 271, facets final: 65, pending: 12418, pool: 100
I   17.92] recalculating facets...
I   20.10] Elapsed: 20.10, vertices: 320, facets final: 87, pending: 13655, pool: 99
I   25.11] Elapsed: 25.11, vertices: 370, facets final: 109, pending: 14119, pool: 100
I   28.36] recalculating facets...
I   30.13] Elapsed: 30.13, vertices: 416, facets final: 133, pending: 14653, pool: 100
I   35.16] Elapsed: 35.16, vertices: 462, facets final: 158, pending: 15644, pool: 100
I   39.35] recalculating facets...
I   40.18] Elapsed: 40.18, vertices: 506, facets final: 168, pending: 16107, pool: 100
I   45.21] Elapsed: 45.21, vertices: 544, facets final: 198, pending: 16719, pool: 100
I   50.26] Elapsed: 50.26, vertices: 582, facets final: 222, pending: 17190, pool: 100
I   52.74] recalculating facets...
I   55.27] Elapsed: 55.27, vertices: 619, facets final: 248, pending: 17552, pool: 100
I   60.29] Elapsed: 1:00, vertices: 657, facets final: 267, pending: 18151, pool: 100
I   65.30] Elapsed: 1:05, vertices: 692, facets final: 294, pending: 18890, pool: 100
I   66.28] recalculating facets...
I   70.30] Elapsed: 1:10, vertices: 726, facets final: 318, pending: 19592, pool: 100
I   75.35] Elapsed: 1:15, vertices: 761, facets final: 330, pending: 20126, pool: 100
I   80.61] Elapsed: 1:21, vertices: 793, facets final: 349, pending: 20319, pool: 100
I   81.82] recalculating facets...
I   85.67] Elapsed: 1:26, vertices: 822, facets final: 363, pending: 20327, pool: 100
I   90.72] Elapsed: 1:31, vertices: 849, facets final: 375, pending: 21080, pool: 100
I   95.73] Elapsed: 1:36, vertices: 878, facets final: 396, pending: 21272, pool: 100
I   99.47] recalculating facets...
I  100.81] Elapsed: 1:41, vertices: 907, facets final: 410, pending: 21068, pool: 100
I  105.87] Elapsed: 1:46, vertices: 933, facets final: 449, pending: 20803, pool: 100
I  110.90] Elapsed: 1:51, vertices: 960, facets final: 466, pending: 20972, pool: 100
I  115.94] Elapsed: 1:56, vertices: 989, facets final: 490, pending: 21245, pool: 100
I  117.68] recalculating facets...
I  120.95] Elapsed: 2:01, vertices: 1018, facets final: 514, pending: 21569, pool: 100
I  125.98] Elapsed: 2:06, vertices: 1048, facets final: 531, pending: 21894, pool: 100
I  130.99] Elapsed: 2:11, vertices: 1072, facets final: 548, pending: 21979, pool: 100
I  135.99] Elapsed: 2:16, vertices: 1095, facets final: 577, pending: 22323, pool: 100
I  137.00] recalculating facets...
I  141.00] Elapsed: 2:21, vertices: 1119, facets final: 595, pending: 22762, pool: 100
I  146.02] Elapsed: 2:26, vertices: 1140, facets final: 610, pending: 23315, pool: 100
I  151.13] Elapsed: 2:31, vertices: 1166, facets final: 618, pending: 23544, pool: 100
I  156.16] Elapsed: 2:36, vertices: 1191, facets final: 637, pending: 23883, pool: 100
I  158.13] recalculating facets...
I  161.26] Elapsed: 2:41, vertices: 1213, facets final: 646, pending: 24340, pool: 99
I  166.34] Elapsed: 2:46, vertices: 1235, facets final: 664, pending: 24495, pool: 100
I  171.57] Elapsed: 2:52, vertices: 1257, facets final: 680, pending: 25118, pool: 100
I  176.68] Elapsed: 2:57, vertices: 1278, facets final: 694, pending: 25151, pool: 100
I  181.86] Elapsed: 3:02, vertices: 1291, facets final: 703, pending: 25900, pool: 100
I  184.59] recalculating facets...
I  187.02] Elapsed: 3:07, vertices: 1308, facets final: 719, pending: 26068, pool: 100
I  192.16] Elapsed: 3:12, vertices: 1329, facets final: 737, pending: 26443, pool: 100
I  197.37] Elapsed: 3:17, vertices: 1349, facets final: 748, pending: 26857, pool: 100
I  202.39] Elapsed: 3:22, vertices: 1365, facets final: 766, pending: 27342, pool: 100
I  207.47] Elapsed: 3:27, vertices: 1383, facets final: 778, pending: 27807, pool: 100
I  212.58] Elapsed: 3:33, vertices: 1396, facets final: 784, pending: 28108, pool: 100
I  214.26] recalculating facets...
I  217.60] Elapsed: 3:38, vertices: 1410, facets final: 796, pending: 28657, pool: 100
I  222.65] Elapsed: 3:43, vertices: 1428, facets final: 812, pending: 29018, pool: 100
I  227.73] Elapsed: 3:48, vertices: 1440, facets final: 826, pending: 29176, pool: 100
I  233.34] Elapsed: 3:53, vertices: 1458, facets final: 832, pending: 29635, pool: 100
I  238.35] Elapsed: 3:58, vertices: 1471, facets final: 843, pending: 29752, pool: 100
I  243.39] Elapsed: 4:03, vertices: 1490, facets final: 856, pending: 30168, pool: 100
I  246.78] recalculating facets...
I  248.41] Elapsed: 4:08, vertices: 1506, facets final: 869, pending: 30400, pool: 100
I  253.51] Elapsed: 4:14, vertices: 1519, facets final: 876, pending: 30715, pool: 100
I  258.82] Elapsed: 4:19, vertices: 1531, facets final: 885, pending: 30710, pool: 100
I  263.82] Elapsed: 4:24, vertices: 1543, facets final: 892, pending: 30895, pool: 100
I  268.82] Elapsed: 4:29, vertices: 1556, facets final: 904, pending: 31378, pool: 100
I  273.96] Elapsed: 4:34, vertices: 1570, facets final: 919, pending: 31588, pool: 100
I  279.06] Elapsed: 4:39, vertices: 1583, facets final: 929, pending: 31941, pool: 100
I  284.07] Elapsed: 4:44, vertices: 1594, facets final: 938, pending: 32135, pool: 100
I  285.77] recalculating facets...
I  289.11] Elapsed: 4:49, vertices: 1608, facets final: 949, pending: 32124, pool: 100
I  294.20] Elapsed: 4:54, vertices: 1625, facets final: 963, pending: 31979, pool: 100
I  299.27] Elapsed: 4:59, vertices: 1641, facets final: 969, pending: 32110, pool: 100
I  304.48] Elapsed: 5:04, vertices: 1655, facets final: 981, pending: 32277, pool: 100
I  309.59] Elapsed: 5:10, vertices: 1670, facets final: 991, pending: 32492, pool: 100
I  314.82] Elapsed: 5:15, vertices: 1685, facets final: 1007, pending: 32495, pool: 100
I  319.70] recalculating facets...
I  320.00] Elapsed: 5:20, vertices: 1700, facets final: 1020, pending: 32717, pool: 100
I  325.11] Elapsed: 5:25, vertices: 1715, facets final: 1035, pending: 32911, pool: 100
I  330.47] Elapsed: 5:30, vertices: 1729, facets final: 1043, pending: 32889, pool: 100
I  335.58] Elapsed: 5:36, vertices: 1745, facets final: 1059, pending: 32949, pool: 100
I  340.64] Elapsed: 5:41, vertices: 1760, facets final: 1069, pending: 32940, pool: 100
I  345.78] Elapsed: 5:46, vertices: 1774, facets final: 1084, pending: 33031, pool: 100
I  350.78] Elapsed: 5:51, vertices: 1790, facets final: 1092, pending: 33227, pool: 100
I  354.00] recalculating facets...
I  355.84] Elapsed: 5:56, vertices: 1806, facets final: 1109, pending: 33417, pool: 100
I  360.96] Elapsed: 6:01, vertices: 1819, facets final: 1115, pending: 33554, pool: 100
I  366.07] Elapsed: 6:06, vertices: 1830, facets final: 1125, pending: 33538, pool: 100
I  371.46] Elapsed: 6:11, vertices: 1848, facets final: 1153, pending: 33619, pool: 100
I  376.53] Elapsed: 6:17, vertices: 1863, facets final: 1160, pending: 33913, pool: 100
I  381.57] Elapsed: 6:22, vertices: 1878, facets final: 1185, pending: 33838, pool: 100
I  386.57] Elapsed: 6:27, vertices: 1894, facets final: 1196, pending: 33998, pool: 100
I  388.50] recalculating facets...
I  391.60] Elapsed: 6:32, vertices: 1909, facets final: 1211, pending: 34037, pool: 100
I  396.68] Elapsed: 6:37, vertices: 1924, facets final: 1226, pending: 34237, pool: 100
I  401.79] Elapsed: 6:42, vertices: 1938, facets final: 1242, pending: 34192, pool: 100
I  406.87] Elapsed: 6:47, vertices: 1950, facets final: 1249, pending: 34483, pool: 100
I  411.92] Elapsed: 6:52, vertices: 1968, facets final: 1261, pending: 34626, pool: 100
I  417.01] Elapsed: 6:57, vertices: 1983, facets final: 1271, pending: 34602, pool: 100
I  422.09] Elapsed: 7:02, vertices: 1998, facets final: 1285, pending: 34920, pool: 100
I  422.43] recalculating facets...
I  427.09] Elapsed: 7:07, vertices: 2015, facets final: 1305, pending: 34855, pool: 100
I  432.22] Elapsed: 7:12, vertices: 2032, facets final: 1329, pending: 34846, pool: 100
I  437.37] Elapsed: 7:17, vertices: 2046, facets final: 1341, pending: 34826, pool: 100
I  442.51] Elapsed: 7:23, vertices: 2060, facets final: 1359, pending: 34942, pool: 100
I  447.62] Elapsed: 7:28, vertices: 2073, facets final: 1372, pending: 35048, pool: 100
I  452.66] Elapsed: 7:33, vertices: 2088, facets final: 1382, pending: 35262, pool: 100
I  456.91] recalculating facets...
I  457.67] Elapsed: 7:38, vertices: 2101, facets final: 1393, pending: 35362, pool: 100
I  462.71] Elapsed: 7:43, vertices: 2115, facets final: 1404, pending: 35281, pool: 100
I  467.86] Elapsed: 7:48, vertices: 2129, facets final: 1418, pending: 35302, pool: 100
I  473.09] Elapsed: 7:53, vertices: 2143, facets final: 1440, pending: 35285, pool: 100
I  478.23] Elapsed: 7:58, vertices: 2156, facets final: 1448, pending: 35019, pool: 100
I  483.23] Elapsed: 8:03, vertices: 2169, facets final: 1462, pending: 35089, pool: 100
I  488.30] Elapsed: 8:08, vertices: 2184, facets final: 1485, pending: 35061, pool: 100
I  493.30] Elapsed: 8:13, vertices: 2199, facets final: 1488, pending: 34891, pool: 100
I  493.66] recalculating facets...
I  498.45] Elapsed: 8:18, vertices: 2214, facets final: 1511, pending: 35016, pool: 100
I  503.56] Elapsed: 8:24, vertices: 2229, facets final: 1524, pending: 34964, pool: 100
I  508.57] Elapsed: 8:29, vertices: 2243, facets final: 1545, pending: 34924, pool: 100
I  513.59] Elapsed: 8:34, vertices: 2258, facets final: 1560, pending: 34876, pool: 100
I  518.59] Elapsed: 8:39, vertices: 2269, facets final: 1569, pending: 34643, pool: 100
I  523.59] Elapsed: 8:44, vertices: 2282, facets final: 1587, pending: 34451, pool: 100
I  528.71] Elapsed: 8:49, vertices: 2299, facets final: 1602, pending: 34399, pool: 100
I  528.83] recalculating facets...
I  533.83] Elapsed: 8:54, vertices: 2316, facets final: 1617, pending: 34478, pool: 100
I  538.97] Elapsed: 8:59, vertices: 2332, facets final: 1643, pending: 34396, pool: 100
I  544.02] Elapsed: 9:04, vertices: 2348, facets final: 1659, pending: 34318, pool: 100
I  549.05] Elapsed: 9:09, vertices: 2364, facets final: 1666, pending: 34342, pool: 100
I  554.14] Elapsed: 9:14, vertices: 2378, facets final: 1686, pending: 34233, pool: 100
I  559.29] Elapsed: 9:19, vertices: 2394, facets final: 1704, pending: 34203, pool: 100
I  560.91] recalculating facets...
I  564.37] Elapsed: 9:24, vertices: 2409, facets final: 1736, pending: 34137, pool: 100
I  569.48] Elapsed: 9:29, vertices: 2424, facets final: 1750, pending: 34087, pool: 100
I  574.60] Elapsed: 9:35, vertices: 2439, facets final: 1774, pending: 34011, pool: 100
I  579.91] Elapsed: 9:40, vertices: 2454, facets final: 1794, pending: 34012, pool: 100
I  584.99] Elapsed: 9:45, vertices: 2470, facets final: 1821, pending: 33844, pool: 100
I  590.10] Elapsed: 9:50, vertices: 2485, facets final: 1841, pending: 33681, pool: 100
I  594.85] recalculating facets...
I  595.18] Elapsed: 9:55, vertices: 2500, facets final: 1864, pending: 33683, pool: 100
I  600.18] Elapsed: 10:00, vertices: 2517, facets final: 1887, pending: 33589, pool: 100
I  605.31] Elapsed: 10:05, vertices: 2535, facets final: 1907, pending: 33433, pool: 100
I  610.39] Elapsed: 10:10, vertices: 2552, facets final: 1919, pending: 33118, pool: 100
I  615.43] Elapsed: 10:15, vertices: 2569, facets final: 1949, pending: 33048, pool: 100
I  620.46] Elapsed: 10:20, vertices: 2585, facets final: 1977, pending: 33006, pool: 100
I  624.86] recalculating facets...
I  625.59] Elapsed: 10:26, vertices: 2602, facets final: 2010, pending: 32897, pool: 100
I  630.63] Elapsed: 10:31, vertices: 2619, facets final: 2031, pending: 32739, pool: 100
I  635.82] Elapsed: 10:36, vertices: 2638, facets final: 2048, pending: 32803, pool: 100
I  640.84] Elapsed: 10:41, vertices: 2655, facets final: 2094, pending: 32543, pool: 100
I  645.90] Elapsed: 10:46, vertices: 2673, facets final: 2136, pending: 32429, pool: 100
I  651.04] Elapsed: 10:51, vertices: 2688, facets final: 2174, pending: 32268, pool: 100
I  653.67] recalculating facets...
I  656.16] Elapsed: 10:56, vertices: 2709, facets final: 2191, pending: 32158, pool: 100
I  661.17] Elapsed: 11:01, vertices: 2726, facets final: 2216, pending: 32176, pool: 100
I  666.31] Elapsed: 11:06, vertices: 2742, facets final: 2234, pending: 32197, pool: 100
I  671.33] Elapsed: 11:11, vertices: 2760, facets final: 2268, pending: 32170, pool: 100
I  676.33] Elapsed: 11:16, vertices: 2779, facets final: 2296, pending: 32076, pool: 100
I  681.52] Elapsed: 11:22, vertices: 2796, facets final: 2323, pending: 31781, pool: 100
I  682.86] recalculating facets...
I  686.62] Elapsed: 11:27, vertices: 2812, facets final: 2350, pending: 31700, pool: 100
I  691.65] Elapsed: 11:32, vertices: 2830, facets final: 2380, pending: 31489, pool: 100
I  696.79] Elapsed: 11:37, vertices: 2849, facets final: 2411, pending: 31319, pool: 100
I  701.81] Elapsed: 11:42, vertices: 2869, facets final: 2435, pending: 31281, pool: 100
I  706.94] Elapsed: 11:47, vertices: 2887, facets final: 2500, pending: 31114, pool: 100
I  710.02] recalculating facets...
I  711.94] Elapsed: 11:52, vertices: 2906, facets final: 2523, pending: 30974, pool: 100
I  717.01] Elapsed: 11:57, vertices: 2923, facets final: 2557, pending: 30967, pool: 100
I  722.32] Elapsed: 12:02, vertices: 2944, facets final: 2621, pending: 30894, pool: 100
I  727.32] Elapsed: 12:07, vertices: 2962, facets final: 2664, pending: 30801, pool: 100
I  732.40] Elapsed: 12:12, vertices: 2980, facets final: 2723, pending: 30650, pool: 100
I  737.42] Elapsed: 12:17, vertices: 2997, facets final: 2766, pending: 30555, pool: 100
I  738.30] recalculating facets...
I  742.42] Elapsed: 12:22, vertices: 3016, facets final: 2787, pending: 30461, pool: 100
I  747.42] Elapsed: 12:27, vertices: 3036, facets final: 2826, pending: 30257, pool: 100
I  752.52] Elapsed: 12:33, vertices: 3057, facets final: 2867, pending: 30087, pool: 100
I  757.79] Elapsed: 12:38, vertices: 3076, facets final: 2928, pending: 29988, pool: 100
I  762.79] Elapsed: 12:43, vertices: 3095, facets final: 2978, pending: 29866, pool: 100
I  763.92] recalculating facets...
I  767.91] Elapsed: 12:48, vertices: 3113, facets final: 3018, pending: 29820, pool: 100
I  772.95] Elapsed: 12:53, vertices: 3133, facets final: 3076, pending: 29662, pool: 100
I  777.99] Elapsed: 12:58, vertices: 3152, facets final: 3131, pending: 29491, pool: 100
I  783.07] Elapsed: 13:03, vertices: 3172, facets final: 3172, pending: 29319, pool: 100
I  788.20] Elapsed: 13:08, vertices: 3190, facets final: 3242, pending: 29152, pool: 99
I  790.54] recalculating facets...
I  793.22] Elapsed: 13:13, vertices: 3210, facets final: 3295, pending: 29073, pool: 100
I  798.30] Elapsed: 13:18, vertices: 3230, facets final: 3344, pending: 29073, pool: 100
I  803.41] Elapsed: 13:23, vertices: 3251, facets final: 3387, pending: 28925, pool: 100
I  808.50] Elapsed: 13:29, vertices: 3271, facets final: 3465, pending: 28752, pool: 100
I  813.51] Elapsed: 13:34, vertices: 3291, facets final: 3514, pending: 28564, pool: 100
I  816.04] recalculating facets...
I  818.52] Elapsed: 13:39, vertices: 3309, facets final: 3571, pending: 28364, pool: 100
I  823.52] Elapsed: 13:44, vertices: 3327, facets final: 3633, pending: 28147, pool: 100
I  828.66] Elapsed: 13:49, vertices: 3344, facets final: 3682, pending: 28064, pool: 100
I  833.71] Elapsed: 13:54, vertices: 3362, facets final: 3721, pending: 27845, pool: 100
I  838.71] Elapsed: 13:59, vertices: 3383, facets final: 3766, pending: 27574, pool: 100
I  843.22] recalculating facets...
I  843.79] Elapsed: 14:04, vertices: 3401, facets final: 3831, pending: 27433, pool: 100
I  848.89] Elapsed: 14:09, vertices: 3420, facets final: 3891, pending: 27190, pool: 100
I  853.93] Elapsed: 14:14, vertices: 3439, facets final: 3949, pending: 27134, pool: 100
I  858.96] Elapsed: 14:19, vertices: 3458, facets final: 4006, pending: 27051, pool: 100
I  864.00] Elapsed: 14:24, vertices: 3479, facets final: 4089, pending: 26857, pool: 100
I  868.84] recalculating facets...
I  869.02] Elapsed: 14:29, vertices: 3500, facets final: 4145, pending: 26734, pool: 100
I  874.12] Elapsed: 14:34, vertices: 3522, facets final: 4217, pending: 26630, pool: 100
I  879.23] Elapsed: 14:39, vertices: 3547, facets final: 4267, pending: 26511, pool: 99
I  884.27] Elapsed: 14:44, vertices: 3566, facets final: 4361, pending: 26221, pool: 100
I  889.30] Elapsed: 14:49, vertices: 3587, facets final: 4460, pending: 26038, pool: 100
I  892.31] recalculating facets...
I  894.41] Elapsed: 14:54, vertices: 3608, facets final: 4576, pending: 25902, pool: 100
I  899.41] Elapsed: 14:59, vertices: 3629, facets final: 4660, pending: 25749, pool: 100
I  904.47] Elapsed: 15:04, vertices: 3651, facets final: 4726, pending: 25579, pool: 100
I  909.61] Elapsed: 15:10, vertices: 3671, facets final: 4874, pending: 25285, pool: 100
I  914.68] Elapsed: 15:15, vertices: 3693, facets final: 4962, pending: 25105, pool: 100
I  916.32] recalculating facets...
I  919.76] Elapsed: 15:20, vertices: 3714, facets final: 5039, pending: 24892, pool: 100
I  924.82] Elapsed: 15:25, vertices: 3735, facets final: 5173, pending: 24636, pool: 100
I  929.84] Elapsed: 15:30, vertices: 3755, facets final: 5272, pending: 24379, pool: 100
I  934.86] Elapsed: 15:35, vertices: 3772, facets final: 5432, pending: 24193, pool: 100
I  939.91] Elapsed: 15:40, vertices: 3794, facets final: 5538, pending: 23989, pool: 100
I  941.10] recalculating facets...
I  944.98] Elapsed: 15:45, vertices: 3814, facets final: 5670, pending: 23738, pool: 98
I  950.00] Elapsed: 15:50, vertices: 3834, facets final: 5844, pending: 23459, pool: 100
I  955.04] Elapsed: 15:55, vertices: 3855, facets final: 5940, pending: 23308, pool: 100
I  960.04] Elapsed: 16:00, vertices: 3875, facets final: 6101, pending: 23169, pool: 100
I  965.11] Elapsed: 16:05, vertices: 3894, facets final: 6240, pending: 22953, pool: 100
I  966.14] recalculating facets...
I  970.11] Elapsed: 16:10, vertices: 3915, facets final: 6353, pending: 22716, pool: 100
I  975.11] Elapsed: 16:15, vertices: 3936, facets final: 6464, pending: 22584, pool: 100
I  980.15] Elapsed: 16:20, vertices: 3957, facets final: 6587, pending: 22356, pool: 100
I  985.15] Elapsed: 16:25, vertices: 3980, facets final: 6710, pending: 22146, pool: 100
I  990.08] recalculating facets...
I  990.25] Elapsed: 16:30, vertices: 4000, facets final: 6855, pending: 21958, pool: 100
I  995.26] Elapsed: 16:35, vertices: 4021, facets final: 6992, pending: 21727, pool: 100
I 1000.28] Elapsed: 16:40, vertices: 4043, facets final: 7114, pending: 21597, pool: 100
I 1005.35] Elapsed: 16:45, vertices: 4062, facets final: 7295, pending: 21424, pool: 99
I 1010.35] Elapsed: 16:50, vertices: 4083, facets final: 7448, pending: 21282, pool: 100
I 1014.59] recalculating facets...
I 1015.36] Elapsed: 16:55, vertices: 4101, facets final: 7591, pending: 21147, pool: 100
I 1020.36] Elapsed: 17:00, vertices: 4118, facets final: 7822, pending: 20818, pool: 99
I 1025.50] Elapsed: 17:06, vertices: 4137, facets final: 7981, pending: 20623, pool: 99
I 1030.50] Elapsed: 17:11, vertices: 4157, facets final: 8134, pending: 20503, pool: 100
I 1035.61] Elapsed: 17:16, vertices: 4178, facets final: 8320, pending: 20273, pool: 100
I 1040.64] Elapsed: 17:21, vertices: 4197, facets final: 8566, pending: 20027, pool: 100
I 1041.13] recalculating facets...
I 1045.74] Elapsed: 17:26, vertices: 4216, facets final: 8794, pending: 19699, pool: 100
I 1050.81] Elapsed: 17:31, vertices: 4236, facets final: 9060, pending: 19419, pool: 100
I 1055.83] Elapsed: 17:36, vertices: 4255, facets final: 9344, pending: 19107, pool: 99
I 1060.84] Elapsed: 17:41, vertices: 4271, facets final: 9635, pending: 18771, pool: 100
I 1065.84] Elapsed: 17:46, vertices: 4289, facets final: 9911, pending: 18444, pool: 100
I 1069.36] recalculating facets...
I 1070.96] Elapsed: 17:51, vertices: 4306, facets final: 10196, pending: 18115, pool: 100
I 1075.97] Elapsed: 17:56, vertices: 4322, facets final: 10523, pending: 17730, pool: 100
I 1080.97] Elapsed: 18:01, vertices: 4338, facets final: 10859, pending: 17382, pool: 99
I 1085.97] Elapsed: 18:06, vertices: 4349, facets final: 11268, pending: 16961, pool: 100
I 1090.97] Elapsed: 18:11, vertices: 4367, facets final: 11549, pending: 16652, pool: 100
I 1096.07] Elapsed: 18:16, vertices: 4381, facets final: 11911, pending: 16256, pool: 100
I 1101.07] Elapsed: 18:21, vertices: 4399, facets final: 12215, pending: 15930, pool: 100
I 1101.33] recalculating facets...
I 1106.07] Elapsed: 18:26, vertices: 4415, facets final: 12524, pending: 15596, pool: 99
I 1111.07] Elapsed: 18:31, vertices: 4431, facets final: 12850, pending: 15211, pool: 99
I 1116.07] Elapsed: 18:36, vertices: 4444, facets final: 13248, pending: 14794, pool: 100
I 1121.07] Elapsed: 18:41, vertices: 4460, facets final: 13585, pending: 14467, pool: 97
I 1126.07] Elapsed: 18:46, vertices: 4473, facets final: 13962, pending: 14040, pool: 98
I 1131.07] Elapsed: 18:51, vertices: 4484, facets final: 14400, pending: 13574, pool: 100
I 1136.07] Elapsed: 18:56, vertices: 4495, facets final: 14829, pending: 13109, pool: 100
I 1137.94] recalculating facets...
I 1141.07] Elapsed: 19:01, vertices: 4507, facets final: 15209, pending: 12690, pool: 100
I 1146.07] Elapsed: 19:06, vertices: 4520, facets final: 15612, pending: 12269, pool: 100
I 1151.14] Elapsed: 19:11, vertices: 4530, facets final: 16061, pending: 11833, pool: 99
I 1156.14] Elapsed: 19:16, vertices: 4542, facets final: 16493, pending: 11398, pool: 99
I 1161.14] Elapsed: 19:21, vertices: 4550, facets final: 16992, pending: 10894, pool: 96
I 1166.24] Elapsed: 19:26, vertices: 4562, facets final: 17404, pending: 10452, pool: 99
I 1171.28] Elapsed: 19:31, vertices: 4572, facets final: 17869, pending: 9964, pool: 100
I 1176.28] Elapsed: 19:36, vertices: 4581, facets final: 18363, pending: 9480, pool: 100
I 1181.28] Elapsed: 19:41, vertices: 4592, facets final: 18800, pending: 9017, pool: 99
I 1186.28] Elapsed: 19:46, vertices: 4599, facets final: 19307, pending: 8490, pool: 97
I 1186.80] recalculating facets...
I 1191.28] Elapsed: 19:51, vertices: 4609, facets final: 19742, pending: 8041, pool: 99
I 1196.28] Elapsed: 19:56, vertices: 4617, facets final: 20241, pending: 7541, pool: 93
I 1201.28] Elapsed: 20:01, vertices: 4622, facets final: 20796, pending: 6983, pool: 96
I 1206.28] Elapsed: 20:06, vertices: 4627, facets final: 21358, pending: 6419, pool: 94
I 1211.28] Elapsed: 20:11, vertices: 4633, facets final: 21895, pending: 5868, pool: 95
I 1216.28] Elapsed: 20:16, vertices: 4641, facets final: 22397, pending: 5367, pool: 94
I 1221.28] Elapsed: 20:21, vertices: 4650, facets final: 22899, pending: 4859, pool: 86
I 1226.28] Elapsed: 20:26, vertices: 4655, facets final: 23462, pending: 4289, pool: 88
I 1231.28] Elapsed: 20:31, vertices: 4663, facets final: 23960, pending: 3782, pool: 95
I 1236.28] Elapsed: 20:36, vertices: 4673, facets final: 24448, pending: 3277, pool: 87
I 1241.28] Elapsed: 20:41, vertices: 4683, facets final: 24935, pending: 2771, pool: 82
I 1246.28] Elapsed: 20:46, vertices: 4689, facets final: 25485, pending: 2217, pool: 81
I 1251.28] Elapsed: 20:51, vertices: 4697, facets final: 26012, pending: 1674, pool: 79
I 1252.60] recalculating facets...
I 1256.28] Elapsed: 20:56, vertices: 4709, facets final: 26477, pending: 1193, pool: 71
I 1261.28] Elapsed: 21:01, vertices: 4726, facets final: 26920, pending: 746, pool: 58
I 1266.30] Elapsed: 21:06, vertices: 4752, facets final: 27309, pending: 375, pool: 38
I 1270.05] recalculating facets...
I 1271.30] Elapsed: 21:11, vertices: 4812, facets final: 27660, pending: 39, pool: 5
I 1271.74] Elapsed: 21:12, vertices: 4823, facets final: 27681, pending: 0

--------------------------------
Problem completed
 name                    18.vlp
 output                  vlp/18.res
 rows, cols, objs        14, 2752, 10
 vertices, facets        4823, 27681
 total time              21:12
--------------------------------
Statistics
LP:
 oracle calls            32873
   avg iterations/calls  8.34
 total oracle time       4:10
Combinatorics:
 vertices added          4823
 facets probed           42024
 facets # max            36787
 memory allocated        55.06M
 storage expansion
   vertices # / upto     38 / 4860
   facets   # / upto     9 / 36860
 facet manipulating
   added avg / max       60.69 / 638.00
   compressed            234
 number of ridge tests
   avg / max             1.31M / 18.09M
--------------------------------
Parameters with non-default values
 VertexPoolSize = 100
