C copy string: rs=cd:ab;a,d,r,s;a,c,r,s; ineq: base20.txt
I    4.25] recalculating facets...
I    5.02] Elapsed: 5.02, vertices: 110, facets final: 24, pending: 8740, pool: 100
I   10.02] Elapsed: 10.02, vertices: 163, facets final: 26, pending: 13251, pool: 100
I   14.25] recalculating facets...
I   15.03] Elapsed: 15.03, vertices: 206, facets final: 28, pending: 15599, pool: 100
I   20.05] Elapsed: 20.05, vertices: 244, facets final: 30, pending: 18207, pool: 100
I   25.07] Elapsed: 25.07, vertices: 274, facets final: 33, pending: 19657, pool: 100
I   29.69] recalculating facets...
I   30.08] Elapsed: 30.08, vertices: 301, facets final: 41, pending: 21060, pool: 100
I   35.08] Elapsed: 35.08, vertices: 330, facets final: 43, pending: 22355, pool: 100
I   40.17] Elapsed: 40.17, vertices: 356, facets final: 46, pending: 23758, pool: 100
I   45.19] Elapsed: 45.19, vertices: 380, facets final: 46, pending: 24448, pool: 100
I   49.59] recalculating facets...
I   50.27] Elapsed: 50.27, vertices: 403, facets final: 55, pending: 25747, pool: 100
I   55.31] Elapsed: 55.31, vertices: 426, facets final: 62, pending: 26333, pool: 100
I   60.42] Elapsed: 1:00, vertices: 446, facets final: 68, pending: 26733, pool: 100
I   65.44] Elapsed: 1:05, vertices: 470, facets final: 71, pending: 27316, pool: 100
I   70.55] Elapsed: 1:11, vertices: 493, facets final: 75, pending: 28158, pool: 100
I   72.07] recalculating facets...
I   75.58] Elapsed: 1:16, vertices: 513, facets final: 82, pending: 29187, pool: 100
I   80.63] Elapsed: 1:21, vertices: 531, facets final: 83, pending: 29713, pool: 100
I   85.69] Elapsed: 1:26, vertices: 549, facets final: 90, pending: 30286, pool: 100
I   90.74] Elapsed: 1:31, vertices: 567, facets final: 100, pending: 30759, pool: 100
I   95.79] Elapsed: 1:36, vertices: 585, facets final: 109, pending: 31304, pool: 100
I  100.43] recalculating facets...
I  100.92] Elapsed: 1:41, vertices: 601, facets final: 112, pending: 31279, pool: 100
I  105.95] Elapsed: 1:46, vertices: 621, facets final: 118, pending: 31463, pool: 100
I  111.05] Elapsed: 1:51, vertices: 639, facets final: 120, pending: 32122, pool: 100
I  116.07] Elapsed: 1:56, vertices: 657, facets final: 128, pending: 32224, pool: 100
I  121.10] Elapsed: 2:01, vertices: 674, facets final: 139, pending: 32339, pool: 100
I  126.11] Elapsed: 2:06, vertices: 689, facets final: 142, pending: 32786, pool: 100
I  129.41] recalculating facets...
I  131.26] Elapsed: 2:11, vertices: 706, facets final: 152, pending: 33156, pool: 100
I  136.40] Elapsed: 2:16, vertices: 723, facets final: 160, pending: 33604, pool: 100
I  141.52] Elapsed: 2:22, vertices: 739, facets final: 165, pending: 34097, pool: 100
I  146.58] Elapsed: 2:27, vertices: 756, facets final: 170, pending: 34470, pool: 100
I  151.58] Elapsed: 2:32, vertices: 770, facets final: 179, pending: 34808, pool: 100
I  156.64] Elapsed: 2:37, vertices: 786, facets final: 186, pending: 35106, pool: 100
I  161.18] recalculating facets...
I  161.76] Elapsed: 2:42, vertices: 801, facets final: 196, pending: 35448, pool: 100
I  166.77] Elapsed: 2:47, vertices: 816, facets final: 202, pending: 35526, pool: 99
I  171.90] Elapsed: 2:52, vertices: 832, facets final: 208, pending: 36097, pool: 100
I  176.99] Elapsed: 2:57, vertices: 846, facets final: 218, pending: 36353, pool: 100
I  182.11] Elapsed: 3:02, vertices: 862, facets final: 229, pending: 36661, pool: 100
I  187.15] Elapsed: 3:07, vertices: 879, facets final: 236, pending: 36735, pool: 100
I  192.19] Elapsed: 3:12, vertices: 893, facets final: 246, pending: 37028, pool: 100
I  195.03] recalculating facets...
I  197.22] Elapsed: 3:17, vertices: 906, facets final: 250, pending: 37044, pool: 98
I  202.26] Elapsed: 3:22, vertices: 917, facets final: 255, pending: 37159, pool: 100
I  207.51] Elapsed: 3:28, vertices: 928, facets final: 262, pending: 37308, pool: 100
I  212.54] Elapsed: 3:33, vertices: 940, facets final: 268, pending: 37748, pool: 100
I  217.65] Elapsed: 3:38, vertices: 954, facets final: 274, pending: 37711, pool: 100
I  222.72] Elapsed: 3:43, vertices: 970, facets final: 285, pending: 37793, pool: 100
I  227.88] Elapsed: 3:48, vertices: 984, facets final: 290, pending: 38112, pool: 100
I  233.00] Elapsed: 3:53, vertices: 996, facets final: 303, pending: 38158, pool: 100
I  234.38] recalculating facets...
I  238.07] Elapsed: 3:58, vertices: 1012, facets final: 312, pending: 37954, pool: 100
I  243.09] Elapsed: 4:03, vertices: 1024, facets final: 320, pending: 37975, pool: 100
I  248.09] Elapsed: 4:08, vertices: 1039, facets final: 336, pending: 38316, pool: 99
I  253.22] Elapsed: 4:13, vertices: 1051, facets final: 347, pending: 38376, pool: 100
I  258.24] Elapsed: 4:18, vertices: 1064, facets final: 353, pending: 38468, pool: 100
I  263.40] Elapsed: 4:23, vertices: 1081, facets final: 357, pending: 38622, pool: 100
I  268.44] Elapsed: 4:28, vertices: 1094, facets final: 363, pending: 38761, pool: 100
I  270.88] recalculating facets...
I  273.57] Elapsed: 4:34, vertices: 1107, facets final: 372, pending: 39074, pool: 100
I  278.60] Elapsed: 4:39, vertices: 1121, facets final: 377, pending: 39200, pool: 100
I  283.68] Elapsed: 4:44, vertices: 1134, facets final: 382, pending: 39184, pool: 100
I  288.87] Elapsed: 4:49, vertices: 1147, facets final: 393, pending: 39141, pool: 100
I  294.13] Elapsed: 4:54, vertices: 1161, facets final: 408, pending: 39154, pool: 100
I  299.16] Elapsed: 4:59, vertices: 1175, facets final: 415, pending: 38942, pool: 100
I  304.18] Elapsed: 5:04, vertices: 1188, facets final: 421, pending: 39160, pool: 100
I  308.73] recalculating facets...
I  309.32] Elapsed: 5:09, vertices: 1201, facets final: 431, pending: 39018, pool: 100
I  314.42] Elapsed: 5:14, vertices: 1214, facets final: 437, pending: 39491, pool: 100
I  320.65] Elapsed: 5:21, vertices: 1226, facets final: 445, pending: 39544, pool: 100
I  325.77] Elapsed: 5:26, vertices: 1240, facets final: 457, pending: 39649, pool: 100
I  330.94] Elapsed: 5:31, vertices: 1253, facets final: 466, pending: 39723, pool: 100
I  335.95] Elapsed: 5:36, vertices: 1268, facets final: 478, pending: 39935, pool: 100
I  341.13] Elapsed: 5:41, vertices: 1282, facets final: 489, pending: 40009, pool: 100
I  346.23] Elapsed: 5:46, vertices: 1295, facets final: 495, pending: 40230, pool: 100
I  348.26] recalculating facets...
I  351.50] Elapsed: 5:52, vertices: 1307, facets final: 501, pending: 40327, pool: 100
I  357.02] Elapsed: 5:57, vertices: 1321, facets final: 512, pending: 40373, pool: 100
I  362.15] Elapsed: 6:02, vertices: 1332, facets final: 523, pending: 40560, pool: 100
I  367.22] Elapsed: 6:07, vertices: 1344, facets final: 541, pending: 40740, pool: 100
I  372.77] Elapsed: 6:13, vertices: 1357, facets final: 546, pending: 40862, pool: 100
I  377.84] Elapsed: 6:18, vertices: 1370, facets final: 557, pending: 40730, pool: 100
I  382.95] Elapsed: 6:23, vertices: 1383, facets final: 572, pending: 40776, pool: 100
I  388.00] Elapsed: 6:28, vertices: 1395, facets final: 574, pending: 40916, pool: 100
I  390.36] recalculating facets...
I  393.06] Elapsed: 6:33, vertices: 1406, facets final: 577, pending: 41096, pool: 100
I  398.23] Elapsed: 6:38, vertices: 1420, facets final: 589, pending: 41149, pool: 100
I  403.72] Elapsed: 6:44, vertices: 1433, facets final: 607, pending: 41249, pool: 100
I  408.82] Elapsed: 6:49, vertices: 1445, facets final: 617, pending: 41295, pool: 100
I  413.92] Elapsed: 6:54, vertices: 1458, facets final: 624, pending: 41273, pool: 100
I  419.01] Elapsed: 6:59, vertices: 1469, facets final: 642, pending: 41123, pool: 100
I  424.11] Elapsed: 7:04, vertices: 1481, facets final: 657, pending: 41155, pool: 100
I  429.23] Elapsed: 7:09, vertices: 1495, facets final: 669, pending: 41137, pool: 100
I  431.16] recalculating facets...
I  434.28] Elapsed: 7:14, vertices: 1507, facets final: 675, pending: 41199, pool: 99
I  439.33] Elapsed: 7:19, vertices: 1521, facets final: 699, pending: 41297, pool: 99
I  444.35] Elapsed: 7:24, vertices: 1532, facets final: 705, pending: 41149, pool: 100
I  449.73] Elapsed: 7:30, vertices: 1541, facets final: 713, pending: 41002, pool: 100
I  454.88] Elapsed: 7:35, vertices: 1556, facets final: 724, pending: 40907, pool: 100
I  460.03] Elapsed: 7:40, vertices: 1569, facets final: 742, pending: 40946, pool: 100
I  465.18] Elapsed: 7:45, vertices: 1585, facets final: 757, pending: 40870, pool: 100
I  470.19] Elapsed: 7:50, vertices: 1595, facets final: 769, pending: 40676, pool: 100
I  472.09] recalculating facets...
I  475.25] Elapsed: 7:55, vertices: 1609, facets final: 781, pending: 40825, pool: 100
I  480.32] Elapsed: 8:00, vertices: 1623, facets final: 798, pending: 40882, pool: 100
I  485.37] Elapsed: 8:05, vertices: 1636, facets final: 822, pending: 40927, pool: 100
I  490.52] Elapsed: 8:11, vertices: 1650, facets final: 847, pending: 41002, pool: 100
I  495.54] Elapsed: 8:16, vertices: 1662, facets final: 864, pending: 41025, pool: 100
I  500.84] Elapsed: 8:21, vertices: 1675, facets final: 882, pending: 40831, pool: 100
I  505.94] Elapsed: 8:26, vertices: 1689, facets final: 901, pending: 40817, pool: 100
I  509.93] recalculating facets...
I  511.19] Elapsed: 8:31, vertices: 1703, facets final: 917, pending: 40801, pool: 100
I  516.30] Elapsed: 8:36, vertices: 1716, facets final: 936, pending: 40820, pool: 100
I  521.54] Elapsed: 8:42, vertices: 1731, facets final: 959, pending: 40814, pool: 100
I  526.56] Elapsed: 8:47, vertices: 1743, facets final: 974, pending: 40609, pool: 100
I  531.67] Elapsed: 8:52, vertices: 1755, facets final: 980, pending: 40690, pool: 100
I  536.70] Elapsed: 8:57, vertices: 1769, facets final: 991, pending: 40721, pool: 100
I  541.86] Elapsed: 9:02, vertices: 1783, facets final: 1019, pending: 40537, pool: 100
I  546.86] Elapsed: 9:07, vertices: 1796, facets final: 1037, pending: 40415, pool: 100
I  547.83] recalculating facets...
I  551.88] Elapsed: 9:12, vertices: 1809, facets final: 1055, pending: 40506, pool: 100
I  556.89] Elapsed: 9:17, vertices: 1823, facets final: 1074, pending: 40510, pool: 100
I  562.27] Elapsed: 9:22, vertices: 1836, facets final: 1096, pending: 40533, pool: 100
I  567.37] Elapsed: 9:27, vertices: 1848, facets final: 1111, pending: 40417, pool: 100
I  572.37] Elapsed: 9:32, vertices: 1860, facets final: 1128, pending: 40264, pool: 100
I  577.37] Elapsed: 9:37, vertices: 1873, facets final: 1135, pending: 40257, pool: 100
I  582.53] Elapsed: 9:43, vertices: 1888, facets final: 1155, pending: 40082, pool: 100
I  586.33] recalculating facets...
I  587.71] Elapsed: 9:48, vertices: 1903, facets final: 1165, pending: 40111, pool: 100
I  592.86] Elapsed: 9:53, vertices: 1917, facets final: 1170, pending: 40070, pool: 100
I  597.98] Elapsed: 9:58, vertices: 1929, facets final: 1187, pending: 40020, pool: 100
I  603.10] Elapsed: 10:03, vertices: 1942, facets final: 1202, pending: 40042, pool: 100
I  608.28] Elapsed: 10:08, vertices: 1956, facets final: 1209, pending: 39976, pool: 100
I  613.28] Elapsed: 10:13, vertices: 1970, facets final: 1235, pending: 39850, pool: 100
I  618.28] Elapsed: 10:18, vertices: 1982, facets final: 1257, pending: 39820, pool: 100
I  623.65] Elapsed: 10:24, vertices: 1997, facets final: 1271, pending: 39628, pool: 100
I  624.57] recalculating facets...
I  628.91] Elapsed: 10:29, vertices: 2010, facets final: 1289, pending: 39570, pool: 100
I  633.93] Elapsed: 10:34, vertices: 2022, facets final: 1319, pending: 39492, pool: 100
I  639.00] Elapsed: 10:39, vertices: 2036, facets final: 1340, pending: 39400, pool: 100
I  644.04] Elapsed: 10:44, vertices: 2047, facets final: 1354, pending: 39458, pool: 100
I  649.14] Elapsed: 10:49, vertices: 2060, facets final: 1383, pending: 39292, pool: 100
I  654.19] Elapsed: 10:54, vertices: 2076, facets final: 1392, pending: 39347, pool: 100
I  659.27] Elapsed: 10:59, vertices: 2086, facets final: 1415, pending: 39168, pool: 100
I  664.36] Elapsed: 11:04, vertices: 2100, facets final: 1439, pending: 39111, pool: 100
I  664.36] recalculating facets...
I  669.49] Elapsed: 11:09, vertices: 2113, facets final: 1467, pending: 39062, pool: 100
I  674.60] Elapsed: 11:15, vertices: 2129, facets final: 1492, pending: 38909, pool: 100
I  679.78] Elapsed: 11:20, vertices: 2144, facets final: 1527, pending: 38765, pool: 100
I  684.84] Elapsed: 11:25, vertices: 2156, facets final: 1554, pending: 38765, pool: 100
I  689.92] Elapsed: 11:30, vertices: 2172, facets final: 1585, pending: 38729, pool: 100
I  694.94] Elapsed: 11:35, vertices: 2188, facets final: 1620, pending: 38613, pool: 100
I  698.88] recalculating facets...
I  699.94] Elapsed: 11:40, vertices: 2202, facets final: 1633, pending: 38702, pool: 100
I  705.10] Elapsed: 11:45, vertices: 2217, facets final: 1678, pending: 38622, pool: 100
I  710.27] Elapsed: 11:50, vertices: 2232, facets final: 1725, pending: 38468, pool: 100
I  715.38] Elapsed: 11:55, vertices: 2248, facets final: 1760, pending: 38482, pool: 100
I  720.51] Elapsed: 12:01, vertices: 2263, facets final: 1778, pending: 38378, pool: 100
I  725.52] Elapsed: 12:06, vertices: 2278, facets final: 1815, pending: 38230, pool: 100
I  730.66] Elapsed: 12:11, vertices: 2290, facets final: 1835, pending: 38203, pool: 100
I  734.12] recalculating facets...
I  735.77] Elapsed: 12:16, vertices: 2302, facets final: 1874, pending: 38194, pool: 100
I  740.81] Elapsed: 12:21, vertices: 2313, facets final: 1888, pending: 38097, pool: 100
I  745.84] Elapsed: 12:26, vertices: 2326, facets final: 1924, pending: 38037, pool: 100
I  750.87] Elapsed: 12:31, vertices: 2341, facets final: 1968, pending: 38044, pool: 100
I  755.95] Elapsed: 12:36, vertices: 2353, facets final: 1991, pending: 37848, pool: 100
I  761.12] Elapsed: 12:41, vertices: 2366, facets final: 2028, pending: 37808, pool: 100
I  766.23] Elapsed: 12:46, vertices: 2381, facets final: 2055, pending: 37696, pool: 100
I  771.23] Elapsed: 12:51, vertices: 2393, facets final: 2074, pending: 37627, pool: 100
I  773.32] recalculating facets...
I  776.23] Elapsed: 12:56, vertices: 2406, facets final: 2099, pending: 37454, pool: 100
I  781.25] Elapsed: 13:01, vertices: 2419, facets final: 2151, pending: 37351, pool: 100
I  786.27] Elapsed: 13:06, vertices: 2434, facets final: 2175, pending: 37301, pool: 100
I  791.41] Elapsed: 13:11, vertices: 2447, facets final: 2191, pending: 37237, pool: 100
I  796.46] Elapsed: 13:16, vertices: 2462, facets final: 2221, pending: 37166, pool: 99
I  801.53] Elapsed: 13:22, vertices: 2476, facets final: 2252, pending: 37009, pool: 100
I  806.64] Elapsed: 13:27, vertices: 2492, facets final: 2285, pending: 36997, pool: 100
I  808.83] recalculating facets...
I  811.66] Elapsed: 13:32, vertices: 2507, facets final: 2318, pending: 36901, pool: 100
I  816.85] Elapsed: 13:37, vertices: 2521, facets final: 2355, pending: 36790, pool: 100
I  822.00] Elapsed: 13:42, vertices: 2536, facets final: 2381, pending: 36599, pool: 100
I  827.16] Elapsed: 13:47, vertices: 2547, facets final: 2415, pending: 36616, pool: 100
I  832.29] Elapsed: 13:52, vertices: 2562, facets final: 2451, pending: 36612, pool: 100
I  837.29] Elapsed: 13:57, vertices: 2577, facets final: 2507, pending: 36433, pool: 100
I  842.41] Elapsed: 14:02, vertices: 2592, facets final: 2560, pending: 36171, pool: 100
I  845.12] recalculating facets...
I  847.43] Elapsed: 14:07, vertices: 2605, facets final: 2597, pending: 36011, pool: 100
I  852.57] Elapsed: 14:13, vertices: 2619, facets final: 2625, pending: 35797, pool: 100
I  857.57] Elapsed: 14:18, vertices: 2636, facets final: 2683, pending: 35659, pool: 100
I  862.66] Elapsed: 14:23, vertices: 2651, facets final: 2725, pending: 35521, pool: 100
I  867.75] Elapsed: 14:28, vertices: 2667, facets final: 2772, pending: 35415, pool: 100
I  872.75] Elapsed: 14:33, vertices: 2681, facets final: 2802, pending: 35239, pool: 100
I  877.93] Elapsed: 14:38, vertices: 2694, facets final: 2866, pending: 35037, pool: 100
I  880.01] recalculating facets...
I  883.07] Elapsed: 14:43, vertices: 2709, facets final: 2897, pending: 34955, pool: 100
I  888.24] Elapsed: 14:48, vertices: 2725, facets final: 2932, pending: 35060, pool: 100
I  893.31] Elapsed: 14:53, vertices: 2738, facets final: 2979, pending: 34970, pool: 100
I  898.64] Elapsed: 14:59, vertices: 2755, facets final: 3006, pending: 34875, pool: 100
I  903.78] Elapsed: 15:04, vertices: 2771, facets final: 3035, pending: 34776, pool: 100
I  908.78] Elapsed: 15:09, vertices: 2787, facets final: 3073, pending: 34691, pool: 100
I  912.99] recalculating facets...
I  913.81] Elapsed: 15:14, vertices: 2801, facets final: 3154, pending: 34495, pool: 100
I  918.86] Elapsed: 15:19, vertices: 2813, facets final: 3225, pending: 34473, pool: 100
I  923.97] Elapsed: 15:24, vertices: 2829, facets final: 3282, pending: 34340, pool: 100
I  929.00] Elapsed: 15:29, vertices: 2844, facets final: 3330, pending: 34238, pool: 100
I  934.00] Elapsed: 15:34, vertices: 2862, facets final: 3402, pending: 34112, pool: 100
I  939.01] Elapsed: 15:39, vertices: 2878, facets final: 3460, pending: 33977, pool: 100
I  944.09] Elapsed: 15:44, vertices: 2893, facets final: 3505, pending: 33814, pool: 100
I  945.78] recalculating facets...
I  949.12] Elapsed: 15:49, vertices: 2911, facets final: 3560, pending: 33650, pool: 99
I  954.27] Elapsed: 15:54, vertices: 2928, facets final: 3607, pending: 33533, pool: 100
I  959.28] Elapsed: 15:59, vertices: 2942, facets final: 3674, pending: 33434, pool: 100
I  964.41] Elapsed: 16:04, vertices: 2957, facets final: 3742, pending: 33160, pool: 100
I  969.52] Elapsed: 16:10, vertices: 2973, facets final: 3803, pending: 33097, pool: 100
I  974.66] Elapsed: 16:15, vertices: 2987, facets final: 3867, pending: 33097, pool: 100
I  978.88] recalculating facets...
I  979.67] Elapsed: 16:20, vertices: 3001, facets final: 3931, pending: 32912, pool: 100
I  984.80] Elapsed: 16:25, vertices: 3018, facets final: 3992, pending: 32742, pool: 100
I  989.80] Elapsed: 16:30, vertices: 3031, facets final: 4050, pending: 32710, pool: 100
I  994.97] Elapsed: 16:35, vertices: 3047, facets final: 4129, pending: 32541, pool: 100
I 1000.24] Elapsed: 16:40, vertices: 3064, facets final: 4210, pending: 32446, pool: 100
I 1005.38] Elapsed: 16:45, vertices: 3076, facets final: 4289, pending: 32409, pool: 100
I 1010.53] Elapsed: 16:51, vertices: 3092, facets final: 4358, pending: 32244, pool: 100
I 1012.71] recalculating facets...
I 1015.53] Elapsed: 16:56, vertices: 3107, facets final: 4449, pending: 32140, pool: 100
I 1020.64] Elapsed: 17:01, vertices: 3122, facets final: 4523, pending: 31994, pool: 100
I 1025.64] Elapsed: 17:06, vertices: 3137, facets final: 4574, pending: 31859, pool: 99
I 1030.73] Elapsed: 17:11, vertices: 3151, facets final: 4677, pending: 31668, pool: 100
I 1035.83] Elapsed: 17:16, vertices: 3166, facets final: 4759, pending: 31559, pool: 100
I 1040.83] Elapsed: 17:21, vertices: 3183, facets final: 4861, pending: 31465, pool: 100
I 1045.90] Elapsed: 17:26, vertices: 3199, facets final: 4947, pending: 31365, pool: 100
I 1046.00] recalculating facets...
I 1050.90] Elapsed: 17:31, vertices: 3216, facets final: 5043, pending: 31229, pool: 100
I 1055.98] Elapsed: 17:36, vertices: 3230, facets final: 5145, pending: 31054, pool: 100
I 1061.06] Elapsed: 17:41, vertices: 3244, facets final: 5264, pending: 30896, pool: 100
I 1066.14] Elapsed: 17:46, vertices: 3262, facets final: 5375, pending: 30663, pool: 100
I 1071.27] Elapsed: 17:51, vertices: 3278, facets final: 5482, pending: 30564, pool: 100
I 1076.27] Elapsed: 17:56, vertices: 3295, facets final: 5576, pending: 30462, pool: 100
I 1077.98] recalculating facets...
I 1081.27] Elapsed: 18:01, vertices: 3309, facets final: 5670, pending: 30327, pool: 100
I 1086.37] Elapsed: 18:06, vertices: 3325, facets final: 5759, pending: 30178, pool: 100
I 1091.50] Elapsed: 18:12, vertices: 3342, facets final: 5807, pending: 30013, pool: 100
I 1096.54] Elapsed: 18:17, vertices: 3359, facets final: 5906, pending: 29792, pool: 100
I 1101.55] Elapsed: 18:22, vertices: 3376, facets final: 6021, pending: 29557, pool: 100
I 1106.58] Elapsed: 18:27, vertices: 3392, facets final: 6144, pending: 29385, pool: 100
I 1108.62] recalculating facets...
I 1111.69] Elapsed: 18:32, vertices: 3408, facets final: 6295, pending: 29176, pool: 100
I 1116.69] Elapsed: 18:37, vertices: 3425, facets final: 6428, pending: 28982, pool: 100
I 1121.85] Elapsed: 18:42, vertices: 3442, facets final: 6576, pending: 28802, pool: 100
I 1126.86] Elapsed: 18:47, vertices: 3458, facets final: 6687, pending: 28632, pool: 100
I 1131.97] Elapsed: 18:52, vertices: 3473, facets final: 6893, pending: 28389, pool: 99
I 1136.97] Elapsed: 18:57, vertices: 3491, facets final: 6996, pending: 28189, pool: 100
I 1139.34] recalculating facets...
I 1142.12] Elapsed: 19:02, vertices: 3507, facets final: 7156, pending: 28010, pool: 100
I 1147.23] Elapsed: 19:07, vertices: 3522, facets final: 7315, pending: 27804, pool: 100
I 1152.23] Elapsed: 19:12, vertices: 3538, facets final: 7491, pending: 27531, pool: 100
I 1157.35] Elapsed: 19:17, vertices: 3554, facets final: 7646, pending: 27270, pool: 100
I 1162.49] Elapsed: 19:22, vertices: 3570, facets final: 7835, pending: 27031, pool: 100
I 1167.49] Elapsed: 19:27, vertices: 3586, facets final: 7954, pending: 26812, pool: 100
I 1171.36] recalculating facets...
I 1172.51] Elapsed: 19:33, vertices: 3602, facets final: 8096, pending: 26599, pool: 100
I 1177.53] Elapsed: 19:38, vertices: 3616, facets final: 8325, pending: 26304, pool: 100
I 1182.56] Elapsed: 19:43, vertices: 3630, facets final: 8535, pending: 26034, pool: 100
Final facet 3204 is on the negative side of vertex 3640 (d=-2.22733e-07)
I 1187.56] Elapsed: 19:48, vertices: 3645, facets final: 8761, pending: 25768, pool: 98
I 1192.72] Elapsed: 19:53, vertices: 3661, facets final: 8913, pending: 25519, pool: 100
I 1197.77] Elapsed: 19:58, vertices: 3678, facets final: 9088, pending: 25282, pool: 100
I 1202.89] Elapsed: 20:03, vertices: 3693, facets final: 9284, pending: 25031, pool: 98
I 1205.55] recalculating facets...
I 1207.89] Elapsed: 20:08, vertices: 3705, facets final: 9536, pending: 24759, pool: 100
I 1212.97] Elapsed: 20:13, vertices: 3722, facets final: 9711, pending: 24531, pool: 98
I 1218.12] Elapsed: 20:18, vertices: 3739, facets final: 9882, pending: 24272, pool: 100
I 1223.12] Elapsed: 20:23, vertices: 3755, facets final: 10086, pending: 24017, pool: 98
I 1228.12] Elapsed: 20:28, vertices: 3769, facets final: 10326, pending: 23754, pool: 99
I 1233.16] Elapsed: 20:33, vertices: 3783, facets final: 10564, pending: 23472, pool: 99
I 1238.16] Elapsed: 20:38, vertices: 3798, facets final: 10814, pending: 23198, pool: 98
I 1239.28] recalculating facets...
I 1243.20] Elapsed: 20:43, vertices: 3810, facets final: 11078, pending: 22924, pool: 99
I 1248.23] Elapsed: 20:48, vertices: 3823, facets final: 11345, pending: 22632, pool: 98
I 1253.39] Elapsed: 20:53, vertices: 3838, facets final: 11579, pending: 22338, pool: 98
I 1258.39] Elapsed: 20:58, vertices: 3848, facets final: 11946, pending: 21940, pool: 99
I 1263.43] Elapsed: 21:03, vertices: 3860, facets final: 12232, pending: 21646, pool: 98
I 1268.43] Elapsed: 21:08, vertices: 3869, facets final: 12628, pending: 21212, pool: 98
I 1273.43] Elapsed: 21:13, vertices: 3880, facets final: 12948, pending: 20876, pool: 97
Final facet 17704 is on the negative side of vertex 3888 (d=-3.03952e-07)
Final facet 40151 is on the negative side of vertex 3888 (d=-2.94612e-08)
I 1278.43] Elapsed: 21:18, vertices: 3888, facets final: 13353, pending: 20463, pool: 96
I 1283.43] Elapsed: 21:23, vertices: 3898, facets final: 13703, pending: 20094, pool: 97
I 1284.69] recalculating facets...
I 1288.56] Elapsed: 21:29, vertices: 3906, facets final: 14084, pending: 19678, pool: 97
I 1293.56] Elapsed: 21:34, vertices: 3917, facets final: 14425, pending: 19318, pool: 97
I 1298.56] Elapsed: 21:39, vertices: 3928, facets final: 14746, pending: 18986, pool: 98
I 1303.56] Elapsed: 21:44, vertices: 3937, facets final: 15127, pending: 18608, pool: 94
I 1308.56] Elapsed: 21:49, vertices: 3945, facets final: 15541, pending: 18207, pool: 94
I 1313.65] Elapsed: 21:54, vertices: 3954, facets final: 15910, pending: 17809, pool: 97
I 1318.65] Elapsed: 21:59, vertices: 3966, facets final: 16242, pending: 17442, pool: 97
I 1323.65] Elapsed: 22:04, vertices: 3976, facets final: 16582, pending: 17106, pool: 98
I 1328.74] Elapsed: 22:09, vertices: 3988, facets final: 16899, pending: 16768, pool: 96
I 1333.86] Elapsed: 22:14, vertices: 3998, facets final: 17288, pending: 16358, pool: 93
I 1334.64] recalculating facets...
I 1338.96] Elapsed: 22:19, vertices: 4007, facets final: 17666, pending: 15991, pool: 92
I 1343.96] Elapsed: 22:24, vertices: 4016, facets final: 18077, pending: 15548, pool: 93
I 1348.96] Elapsed: 22:29, vertices: 4023, facets final: 18523, pending: 15094, pool: 92
I 1353.96] Elapsed: 22:34, vertices: 4031, facets final: 18944, pending: 14664, pool: 91
I 1358.96] Elapsed: 22:39, vertices: 4040, facets final: 19341, pending: 14248, pool: 88
I 1364.05] Elapsed: 22:44, vertices: 4046, facets final: 19799, pending: 13775, pool: 87
I 1369.05] Elapsed: 22:49, vertices: 4056, facets final: 20201, pending: 13348, pool: 84
I 1374.05] Elapsed: 22:54, vertices: 4062, facets final: 20661, pending: 12856, pool: 87
I 1379.05] Elapsed: 22:59, vertices: 4068, facets final: 21133, pending: 12373, pool: 84
I 1384.05] Elapsed: 23:04, vertices: 4073, facets final: 21630, pending: 11872, pool: 83
I 1389.05] Elapsed: 23:09, vertices: 4077, facets final: 22134, pending: 11364, pool: 87
I 1394.05] Elapsed: 23:14, vertices: 4085, facets final: 22577, pending: 10913, pool: 80
I 1399.05] Elapsed: 23:19, vertices: 4090, facets final: 23063, pending: 10407, pool: 82
I 1404.07] Elapsed: 23:24, vertices: 4094, facets final: 23568, pending: 9903, pool: 82
I 1408.61] recalculating facets...
I 1409.07] Elapsed: 23:29, vertices: 4100, facets final: 24051, pending: 9410, pool: 78
I 1414.07] Elapsed: 23:34, vertices: 4104, facets final: 24589, pending: 8864, pool: 74
I 1419.07] Elapsed: 23:39, vertices: 4110, facets final: 25085, pending: 8354, pool: 71
I 1424.07] Elapsed: 23:44, vertices: 4115, facets final: 25604, pending: 7823, pool: 69
I 1429.07] Elapsed: 23:49, vertices: 4121, facets final: 26118, pending: 7297, pool: 64
I 1434.07] Elapsed: 23:54, vertices: 4126, facets final: 26642, pending: 6763, pool: 62
I 1439.07] Elapsed: 23:59, vertices: 4134, facets final: 27129, pending: 6259, pool: 58
I 1444.07] Elapsed: 24:04, vertices: 4140, facets final: 27646, pending: 5741, pool: 56
I 1449.07] Elapsed: 24:09, vertices: 4146, facets final: 28164, pending: 5212, pool: 51
I 1454.07] Elapsed: 24:14, vertices: 4157, facets final: 28631, pending: 4743, pool: 43
I 1459.07] Elapsed: 24:19, vertices: 4162, facets final: 29168, pending: 4196, pool: 39
I 1464.07] Elapsed: 24:24, vertices: 4169, facets final: 29696, pending: 3658, pool: 38
I 1469.07] Elapsed: 24:29, vertices: 4175, facets final: 30239, pending: 3116, pool: 34
I 1474.07] Elapsed: 24:34, vertices: 4183, facets final: 30769, pending: 2581, pool: 28
I 1479.07] Elapsed: 24:39, vertices: 4187, facets final: 31346, pending: 1997, pool: 25
I 1484.07] Elapsed: 24:44, vertices: 4190, facets final: 31929, pending: 1422, pool: 24
I 1489.07] Elapsed: 24:49, vertices: 4195, facets final: 32500, pending: 846, pool: 20
I 1491.03] recalculating facets...
I 1494.07] Elapsed: 24:54, vertices: 4210, facets final: 33006, pending: 376, pool: 10
I 1497.93] Elapsed: 24:58, vertices: 4242, facets final: 33397, pending: 0

--------------------------------
Problem completed
 name                    21.vlp
 output                  vlp/21.res
 rows, cols, objs        23, 2803, 10
 vertices, facets        4242, 33397
 total time              24:58
--------------------------------
Statistics
LP:
 oracle calls            38080
   avg iterations/calls  9.98
 total oracle time       5:13
Combinatorics:
 vertices added          4242
 facets probed           45766
 facets # max            42016
 memory allocated        59.45M
 instability warnings    3
 storage expansion
   vertices # / upto     34 / 4348
   facets   # / upto     11 / 45052
 facet manipulating
   added avg / max       83.96 / 1.07k
   compressed            227
 number of ridge tests
   avg / max             2.27M / 25.57M
--------------------------------
Parameters with non-default values
 VertexPoolSize = 100
