C copy string: rs=cd:ab;a,d,r,s;ac,bc,cr,s; ineq: base20.txt
I    4.27] recalculating facets...
I    5.00] Elapsed: 5.00, vertices: 109, facets final: 15, pending: 9147, pool: 100
I   10.01] Elapsed: 10.01, vertices: 151, facets final: 15, pending: 15130, pool: 99
I   15.01] Elapsed: 15.01, vertices: 181, facets final: 17, pending: 18713, pool: 100
I   18.43] recalculating facets...
I   20.09] Elapsed: 20.09, vertices: 207, facets final: 18, pending: 21825, pool: 99
I   25.13] Elapsed: 25.13, vertices: 229, facets final: 19, pending: 24184, pool: 100
I   30.28] Elapsed: 30.28, vertices: 247, facets final: 20, pending: 25865, pool: 100
I   35.28] Elapsed: 35.28, vertices: 263, facets final: 20, pending: 27284, pool: 100
I   40.28] Elapsed: 40.28, vertices: 279, facets final: 20, pending: 28672, pool: 100
I   45.58] Elapsed: 45.58, vertices: 289, facets final: 23, pending: 28592, pool: 100
I   49.06] recalculating facets...
I   50.67] Elapsed: 50.67, vertices: 304, facets final: 24, pending: 29273, pool: 100
I   55.77] Elapsed: 55.77, vertices: 319, facets final: 25, pending: 29950, pool: 100
I   60.84] Elapsed: 1:01, vertices: 336, facets final: 32, pending: 32033, pool: 100
I   65.93] Elapsed: 1:06, vertices: 349, facets final: 32, pending: 33059, pool: 100
I   70.95] Elapsed: 1:11, vertices: 360, facets final: 32, pending: 33420, pool: 100
I   75.97] Elapsed: 1:16, vertices: 376, facets final: 34, pending: 34219, pool: 100
I   81.07] Elapsed: 1:21, vertices: 388, facets final: 37, pending: 34763, pool: 98
I   85.57] recalculating facets...
I   86.14] Elapsed: 1:26, vertices: 401, facets final: 38, pending: 35715, pool: 100
I   91.14] Elapsed: 1:31, vertices: 416, facets final: 38, pending: 36299, pool: 100
I   96.25] Elapsed: 1:36, vertices: 429, facets final: 41, pending: 36582, pool: 100
I  101.38] Elapsed: 1:41, vertices: 440, facets final: 43, pending: 36646, pool: 100
I  106.91] Elapsed: 1:47, vertices: 454, facets final: 46, pending: 36723, pool: 100
I  111.95] Elapsed: 1:52, vertices: 466, facets final: 48, pending: 37454, pool: 100
I  117.02] Elapsed: 1:57, vertices: 478, facets final: 50, pending: 38056, pool: 100
I  122.08] Elapsed: 2:02, vertices: 491, facets final: 52, pending: 38503, pool: 100
I  125.41] recalculating facets...
I  127.22] Elapsed: 2:07, vertices: 504, facets final: 53, pending: 38405, pool: 100
I  132.27] Elapsed: 2:12, vertices: 516, facets final: 53, pending: 38365, pool: 100
I  137.34] Elapsed: 2:17, vertices: 525, facets final: 54, pending: 38561, pool: 100
I  142.53] Elapsed: 2:23, vertices: 535, facets final: 54, pending: 38855, pool: 100
I  147.62] Elapsed: 2:28, vertices: 546, facets final: 57, pending: 38891, pool: 100
I  152.96] Elapsed: 2:33, vertices: 558, facets final: 58, pending: 39375, pool: 100
I  157.99] Elapsed: 2:38, vertices: 570, facets final: 64, pending: 39928, pool: 100
I  163.09] Elapsed: 2:43, vertices: 580, facets final: 64, pending: 39953, pool: 100
I  168.26] Elapsed: 2:48, vertices: 592, facets final: 69, pending: 40579, pool: 100
I  171.95] recalculating facets...
I  173.42] Elapsed: 2:53, vertices: 603, facets final: 71, pending: 41066, pool: 100
I  178.65] Elapsed: 2:59, vertices: 614, facets final: 73, pending: 41401, pool: 100
I  183.78] Elapsed: 3:04, vertices: 626, facets final: 76, pending: 42315, pool: 100
I  188.78] Elapsed: 3:09, vertices: 637, facets final: 79, pending: 42672, pool: 100
I  194.37] Elapsed: 3:14, vertices: 647, facets final: 84, pending: 42816, pool: 100
I  199.45] Elapsed: 3:19, vertices: 658, facets final: 88, pending: 43261, pool: 100
I  204.59] Elapsed: 3:25, vertices: 669, facets final: 93, pending: 43088, pool: 100
I  209.61] Elapsed: 3:30, vertices: 680, facets final: 99, pending: 43396, pool: 100
I  215.02] Elapsed: 3:35, vertices: 691, facets final: 102, pending: 43882, pool: 100
I  218.93] recalculating facets...
I  220.45] Elapsed: 3:40, vertices: 703, facets final: 105, pending: 44425, pool: 100
I  225.51] Elapsed: 3:46, vertices: 713, facets final: 106, pending: 44250, pool: 100
I  230.63] Elapsed: 3:51, vertices: 725, facets final: 109, pending: 44186, pool: 100
I  235.64] Elapsed: 3:56, vertices: 734, facets final: 112, pending: 44284, pool: 100
I  240.67] Elapsed: 4:01, vertices: 745, facets final: 117, pending: 44534, pool: 100
I  245.73] Elapsed: 4:06, vertices: 755, facets final: 120, pending: 44241, pool: 100
I  250.83] Elapsed: 4:11, vertices: 765, facets final: 124, pending: 44262, pool: 100
I  256.02] Elapsed: 4:16, vertices: 777, facets final: 131, pending: 44309, pool: 100
I  261.52] Elapsed: 4:22, vertices: 788, facets final: 132, pending: 44517, pool: 100
I  266.63] Elapsed: 4:27, vertices: 797, facets final: 137, pending: 44946, pool: 100
I  267.50] recalculating facets...
I  271.99] Elapsed: 4:32, vertices: 808, facets final: 140, pending: 45136, pool: 100
I  277.25] Elapsed: 4:37, vertices: 818, facets final: 142, pending: 45123, pool: 100
I  282.77] Elapsed: 4:43, vertices: 828, facets final: 149, pending: 44968, pool: 100
I  287.90] Elapsed: 4:48, vertices: 837, facets final: 153, pending: 45471, pool: 100
I  294.05] Elapsed: 4:54, vertices: 846, facets final: 157, pending: 45421, pool: 100
I  299.21] Elapsed: 4:59, vertices: 855, facets final: 160, pending: 45718, pool: 100
I  304.35] Elapsed: 5:04, vertices: 865, facets final: 164, pending: 45868, pool: 100
I  309.37] Elapsed: 5:09, vertices: 879, facets final: 169, pending: 46009, pool: 100
I  314.53] Elapsed: 5:15, vertices: 888, facets final: 175, pending: 46310, pool: 100
I  319.57] Elapsed: 5:20, vertices: 897, facets final: 177, pending: 46851, pool: 100
I  321.07] recalculating facets...
I  324.73] Elapsed: 5:25, vertices: 905, facets final: 182, pending: 47238, pool: 100
I  329.75] Elapsed: 5:30, vertices: 915, facets final: 188, pending: 47912, pool: 100
I  335.00] Elapsed: 5:35, vertices: 924, facets final: 189, pending: 48212, pool: 100
I  340.01] Elapsed: 5:40, vertices: 932, facets final: 193, pending: 48207, pool: 100
I  345.07] Elapsed: 5:45, vertices: 942, facets final: 197, pending: 48233, pool: 100
I  350.30] Elapsed: 5:50, vertices: 951, facets final: 200, pending: 48048, pool: 100
I  355.33] Elapsed: 5:55, vertices: 961, facets final: 201, pending: 48081, pool: 100
I  360.48] Elapsed: 6:00, vertices: 971, facets final: 203, pending: 48288, pool: 100
I  365.69] Elapsed: 6:06, vertices: 983, facets final: 210, pending: 48531, pool: 100
I  370.78] Elapsed: 6:11, vertices: 994, facets final: 217, pending: 49128, pool: 100
I  375.07] recalculating facets...
I  375.86] Elapsed: 6:16, vertices: 1001, facets final: 218, pending: 49736, pool: 100
I  381.04] Elapsed: 6:21, vertices: 1011, facets final: 222, pending: 50034, pool: 100
I  386.47] Elapsed: 6:26, vertices: 1021, facets final: 226, pending: 50312, pool: 100
I  391.50] Elapsed: 6:32, vertices: 1030, facets final: 228, pending: 50029, pool: 100
I  396.97] Elapsed: 6:37, vertices: 1038, facets final: 230, pending: 49977, pool: 100
I  402.06] Elapsed: 6:42, vertices: 1047, facets final: 233, pending: 50499, pool: 100
I  407.28] Elapsed: 6:47, vertices: 1056, facets final: 240, pending: 50690, pool: 100
I  412.79] Elapsed: 6:53, vertices: 1064, facets final: 244, pending: 50548, pool: 100
I  417.94] Elapsed: 6:58, vertices: 1074, facets final: 252, pending: 50709, pool: 100
I  423.38] Elapsed: 7:03, vertices: 1083, facets final: 255, pending: 50531, pool: 100
I  428.45] Elapsed: 7:08, vertices: 1091, facets final: 263, pending: 50738, pool: 100
I  432.95] recalculating facets...
I  433.53] Elapsed: 7:14, vertices: 1101, facets final: 269, pending: 50693, pool: 100
I  439.19] Elapsed: 7:19, vertices: 1109, facets final: 269, pending: 50524, pool: 100
I  444.21] Elapsed: 7:24, vertices: 1118, facets final: 274, pending: 50870, pool: 100
I  449.35] Elapsed: 7:29, vertices: 1126, facets final: 278, pending: 50906, pool: 100
I  454.71] Elapsed: 7:35, vertices: 1136, facets final: 281, pending: 50999, pool: 100
I  459.74] Elapsed: 7:40, vertices: 1143, facets final: 286, pending: 51161, pool: 100
I  465.14] Elapsed: 7:45, vertices: 1151, facets final: 291, pending: 51120, pool: 100
I  470.35] Elapsed: 7:50, vertices: 1160, facets final: 295, pending: 51101, pool: 100
I  475.54] Elapsed: 7:56, vertices: 1170, facets final: 297, pending: 51327, pool: 100
I  481.48] Elapsed: 8:01, vertices: 1179, facets final: 302, pending: 51518, pool: 100
I  486.58] Elapsed: 8:07, vertices: 1190, facets final: 303, pending: 51547, pool: 100
I  491.89] Elapsed: 8:12, vertices: 1198, facets final: 306, pending: 51268, pool: 100
I  493.08] recalculating facets...
I  497.06] Elapsed: 8:17, vertices: 1207, facets final: 314, pending: 51357, pool: 100
I  502.17] Elapsed: 8:22, vertices: 1215, facets final: 314, pending: 51066, pool: 100
I  507.37] Elapsed: 8:27, vertices: 1225, facets final: 319, pending: 51237, pool: 100
I  512.41] Elapsed: 8:32, vertices: 1235, facets final: 320, pending: 51633, pool: 100
I  517.56] Elapsed: 8:38, vertices: 1244, facets final: 324, pending: 51875, pool: 100
I  522.66] Elapsed: 8:43, vertices: 1254, facets final: 328, pending: 51913, pool: 100
I  527.84] Elapsed: 8:48, vertices: 1264, facets final: 333, pending: 51825, pool: 100
I  532.88] Elapsed: 8:53, vertices: 1273, facets final: 343, pending: 52263, pool: 100
I  537.94] Elapsed: 8:58, vertices: 1281, facets final: 346, pending: 52617, pool: 100
I  543.55] Elapsed: 9:04, vertices: 1290, facets final: 355, pending: 52716, pool: 100
I  548.61] Elapsed: 9:09, vertices: 1298, facets final: 361, pending: 52534, pool: 100
I  549.34] recalculating facets...
I  553.70] Elapsed: 9:14, vertices: 1307, facets final: 367, pending: 52590, pool: 100
I  558.72] Elapsed: 9:19, vertices: 1317, facets final: 376, pending: 52693, pool: 100
I  563.84] Elapsed: 9:24, vertices: 1328, facets final: 380, pending: 52806, pool: 100
I  569.12] Elapsed: 9:29, vertices: 1338, facets final: 383, pending: 52541, pool: 100
I  574.16] Elapsed: 9:34, vertices: 1346, facets final: 388, pending: 52321, pool: 100
I  579.28] Elapsed: 9:39, vertices: 1355, facets final: 396, pending: 52288, pool: 100
I  584.46] Elapsed: 9:44, vertices: 1364, facets final: 401, pending: 52547, pool: 100
I  589.55] Elapsed: 9:50, vertices: 1370, facets final: 405, pending: 52304, pool: 100
I  594.70] Elapsed: 9:55, vertices: 1379, facets final: 410, pending: 52253, pool: 100
I  600.04] Elapsed: 10:00, vertices: 1388, facets final: 417, pending: 52276, pool: 100
I  605.08] Elapsed: 10:05, vertices: 1398, facets final: 428, pending: 52276, pool: 100
I  605.92] recalculating facets...
I  610.16] Elapsed: 10:10, vertices: 1408, facets final: 435, pending: 52030, pool: 100
I  615.25] Elapsed: 10:15, vertices: 1419, facets final: 442, pending: 52120, pool: 100
I  620.42] Elapsed: 10:20, vertices: 1429, facets final: 449, pending: 51926, pool: 100
I  626.16] Elapsed: 10:26, vertices: 1439, facets final: 460, pending: 51942, pool: 100
I  631.34] Elapsed: 10:31, vertices: 1447, facets final: 465, pending: 51911, pool: 100
I  636.47] Elapsed: 10:36, vertices: 1456, facets final: 471, pending: 52011, pool: 100
I  641.59] Elapsed: 10:42, vertices: 1465, facets final: 474, pending: 51847, pool: 100
I  647.05] Elapsed: 10:47, vertices: 1474, facets final: 477, pending: 51527, pool: 100
I  652.19] Elapsed: 10:52, vertices: 1481, facets final: 480, pending: 51474, pool: 100
I  657.29] Elapsed: 10:57, vertices: 1493, facets final: 490, pending: 51341, pool: 100
I  661.95] recalculating facets...
I  662.44] Elapsed: 11:02, vertices: 1500, facets final: 498, pending: 51000, pool: 100
I  667.44] Elapsed: 11:07, vertices: 1509, facets final: 506, pending: 51266, pool: 100
I  672.58] Elapsed: 11:13, vertices: 1518, facets final: 507, pending: 51132, pool: 100
I  677.65] Elapsed: 11:18, vertices: 1527, facets final: 510, pending: 50841, pool: 100
I  682.81] Elapsed: 11:23, vertices: 1534, facets final: 523, pending: 50623, pool: 100
I  687.82] Elapsed: 11:28, vertices: 1543, facets final: 534, pending: 50496, pool: 100
I  692.88] Elapsed: 11:33, vertices: 1554, facets final: 540, pending: 50376, pool: 100
I  698.42] Elapsed: 11:38, vertices: 1563, facets final: 555, pending: 50157, pool: 100
I  703.59] Elapsed: 11:44, vertices: 1572, facets final: 570, pending: 50163, pool: 100
I  708.59] Elapsed: 11:49, vertices: 1582, facets final: 581, pending: 49883, pool: 100
I  713.70] Elapsed: 11:54, vertices: 1592, facets final: 588, pending: 49960, pool: 100
I  717.36] recalculating facets...
I  718.76] Elapsed: 11:59, vertices: 1603, facets final: 603, pending: 49950, pool: 100
I  723.88] Elapsed: 12:04, vertices: 1613, facets final: 615, pending: 49742, pool: 100
I  728.92] Elapsed: 12:09, vertices: 1622, facets final: 628, pending: 49862, pool: 100
I  734.12] Elapsed: 12:14, vertices: 1632, facets final: 633, pending: 50079, pool: 100
I  739.13] Elapsed: 12:19, vertices: 1640, facets final: 651, pending: 49949, pool: 100
I  744.24] Elapsed: 12:24, vertices: 1649, facets final: 657, pending: 49705, pool: 99
I  749.36] Elapsed: 12:29, vertices: 1659, facets final: 665, pending: 49526, pool: 100
I  754.55] Elapsed: 12:35, vertices: 1667, facets final: 675, pending: 49270, pool: 100
I  759.72] Elapsed: 12:40, vertices: 1675, facets final: 682, pending: 49027, pool: 100
I  764.91] Elapsed: 12:45, vertices: 1686, facets final: 692, pending: 48914, pool: 100
I  770.13] Elapsed: 12:50, vertices: 1697, facets final: 706, pending: 48849, pool: 100
I  771.00] recalculating facets...
I  775.24] Elapsed: 12:55, vertices: 1706, facets final: 713, pending: 48773, pool: 100
I  780.38] Elapsed: 13:00, vertices: 1715, facets final: 720, pending: 48764, pool: 100
I  785.47] Elapsed: 13:05, vertices: 1726, facets final: 730, pending: 48615, pool: 100
I  790.59] Elapsed: 13:11, vertices: 1736, facets final: 739, pending: 48498, pool: 100
I  795.70] Elapsed: 13:16, vertices: 1747, facets final: 760, pending: 48650, pool: 100
I  800.80] Elapsed: 13:21, vertices: 1756, facets final: 773, pending: 48605, pool: 100
I  805.98] Elapsed: 13:26, vertices: 1767, facets final: 779, pending: 48395, pool: 100
I  811.06] Elapsed: 13:31, vertices: 1775, facets final: 791, pending: 47964, pool: 100
I  816.13] Elapsed: 13:36, vertices: 1788, facets final: 801, pending: 48029, pool: 100
I  821.14] Elapsed: 13:41, vertices: 1796, facets final: 809, pending: 48113, pool: 100
I  822.60] recalculating facets...
I  826.21] Elapsed: 13:46, vertices: 1806, facets final: 825, pending: 48140, pool: 100
I  831.21] Elapsed: 13:51, vertices: 1815, facets final: 836, pending: 48017, pool: 100
I  836.26] Elapsed: 13:56, vertices: 1826, facets final: 850, pending: 47889, pool: 100
I  841.45] Elapsed: 14:01, vertices: 1836, facets final: 864, pending: 47998, pool: 100
I  846.65] Elapsed: 14:07, vertices: 1846, facets final: 877, pending: 47874, pool: 100
I  851.81] Elapsed: 14:12, vertices: 1856, facets final: 884, pending: 47853, pool: 100
I  857.02] Elapsed: 14:17, vertices: 1865, facets final: 899, pending: 47805, pool: 100
I  862.10] Elapsed: 14:22, vertices: 1876, facets final: 912, pending: 47721, pool: 100
I  867.28] Elapsed: 14:27, vertices: 1886, facets final: 919, pending: 47645, pool: 100
I  872.42] Elapsed: 14:32, vertices: 1897, facets final: 936, pending: 47409, pool: 100
I  873.64] recalculating facets...
I  877.48] Elapsed: 14:37, vertices: 1909, facets final: 945, pending: 47275, pool: 100
I  882.49] Elapsed: 14:42, vertices: 1919, facets final: 959, pending: 47088, pool: 100
I  887.50] Elapsed: 14:48, vertices: 1928, facets final: 975, pending: 46815, pool: 100
I  892.80] Elapsed: 14:53, vertices: 1939, facets final: 987, pending: 46564, pool: 100
I  897.85] Elapsed: 14:58, vertices: 1950, facets final: 1001, pending: 46640, pool: 100
I  903.01] Elapsed: 15:03, vertices: 1960, facets final: 1015, pending: 46614, pool: 100
I  908.16] Elapsed: 15:08, vertices: 1970, facets final: 1024, pending: 46677, pool: 100
I  913.38] Elapsed: 15:13, vertices: 1981, facets final: 1040, pending: 46636, pool: 100
I  918.51] Elapsed: 15:19, vertices: 1991, facets final: 1060, pending: 46674, pool: 100
I  923.82] Elapsed: 15:24, vertices: 2000, facets final: 1078, pending: 46424, pool: 100
I  923.82] recalculating facets...
I  928.89] Elapsed: 15:29, vertices: 2007, facets final: 1087, pending: 46304, pool: 100
I  934.00] Elapsed: 15:34, vertices: 2017, facets final: 1097, pending: 46036, pool: 100
I  939.04] Elapsed: 15:39, vertices: 2028, facets final: 1122, pending: 46017, pool: 100
I  944.28] Elapsed: 15:44, vertices: 2042, facets final: 1131, pending: 46016, pool: 100
I  949.54] Elapsed: 15:50, vertices: 2054, facets final: 1142, pending: 45925, pool: 100
I  954.68] Elapsed: 15:55, vertices: 2066, facets final: 1163, pending: 45821, pool: 100
I  959.77] Elapsed: 16:00, vertices: 2079, facets final: 1196, pending: 45612, pool: 100
I  964.89] Elapsed: 16:05, vertices: 2089, facets final: 1213, pending: 45399, pool: 100
I  970.00] Elapsed: 16:10, vertices: 2099, facets final: 1223, pending: 45383, pool: 100
I  970.39] recalculating facets...
I  975.17] Elapsed: 16:15, vertices: 2109, facets final: 1258, pending: 45344, pool: 100
I  980.32] Elapsed: 16:20, vertices: 2120, facets final: 1273, pending: 45133, pool: 100
I  985.36] Elapsed: 16:25, vertices: 2131, facets final: 1305, pending: 45012, pool: 100
I  990.36] Elapsed: 16:30, vertices: 2143, facets final: 1323, pending: 44901, pool: 99
I  995.39] Elapsed: 16:35, vertices: 2152, facets final: 1339, pending: 44730, pool: 100
I 1000.55] Elapsed: 16:41, vertices: 2164, facets final: 1361, pending: 44500, pool: 100
I 1005.90] Elapsed: 16:46, vertices: 2174, facets final: 1368, pending: 44500, pool: 100
I 1010.95] Elapsed: 16:51, vertices: 2185, facets final: 1387, pending: 44481, pool: 100
I 1016.01] Elapsed: 16:56, vertices: 2198, facets final: 1416, pending: 44402, pool: 100
I 1016.75] recalculating facets...
I 1021.13] Elapsed: 17:01, vertices: 2209, facets final: 1445, pending: 44233, pool: 100
I 1026.14] Elapsed: 17:06, vertices: 2218, facets final: 1478, pending: 43905, pool: 100
I 1031.37] Elapsed: 17:11, vertices: 2228, facets final: 1500, pending: 43710, pool: 100
I 1036.62] Elapsed: 17:17, vertices: 2239, facets final: 1528, pending: 43599, pool: 100
I 1041.75] Elapsed: 17:22, vertices: 2252, facets final: 1547, pending: 43730, pool: 100
I 1046.91] Elapsed: 17:27, vertices: 2265, facets final: 1568, pending: 43609, pool: 100
I 1051.91] Elapsed: 17:32, vertices: 2277, facets final: 1592, pending: 43604, pool: 100
I 1056.99] Elapsed: 17:37, vertices: 2290, facets final: 1618, pending: 43535, pool: 100
I 1060.99] recalculating facets...
I 1062.18] Elapsed: 17:42, vertices: 2302, facets final: 1658, pending: 43653, pool: 100
I 1067.34] Elapsed: 17:47, vertices: 2313, facets final: 1694, pending: 43557, pool: 100
I 1072.53] Elapsed: 17:53, vertices: 2327, facets final: 1723, pending: 43470, pool: 100
I 1077.72] Elapsed: 17:58, vertices: 2340, facets final: 1759, pending: 43275, pool: 100
Final facet 14363 is on the negative side of vertex 2341 (d=-4.81178e-07)
I 1082.78] Elapsed: 18:03, vertices: 2352, facets final: 1795, pending: 43129, pool: 100
I 1087.97] Elapsed: 18:08, vertices: 2363, facets final: 1824, pending: 43118, pool: 100
I 1092.98] Elapsed: 18:13, vertices: 2374, facets final: 1845, pending: 43331, pool: 100
I 1098.06] Elapsed: 18:18, vertices: 2385, facets final: 1867, pending: 43185, pool: 100
I 1103.30] Elapsed: 18:23, vertices: 2399, facets final: 1898, pending: 43167, pool: 100
I 1103.84] recalculating facets...
I 1108.48] Elapsed: 18:28, vertices: 2410, facets final: 1917, pending: 43154, pool: 100
I 1113.55] Elapsed: 18:34, vertices: 2424, facets final: 1949, pending: 42968, pool: 100
I 1118.60] Elapsed: 18:39, vertices: 2437, facets final: 1972, pending: 42973, pool: 100
I 1123.96] Elapsed: 18:44, vertices: 2450, facets final: 1986, pending: 42930, pool: 100
I 1129.13] Elapsed: 18:49, vertices: 2459, facets final: 2014, pending: 42882, pool: 100
I 1134.24] Elapsed: 18:54, vertices: 2470, facets final: 2047, pending: 42670, pool: 100
I 1139.40] Elapsed: 18:59, vertices: 2482, facets final: 2066, pending: 42447, pool: 100
I 1144.40] Elapsed: 19:04, vertices: 2493, facets final: 2075, pending: 42300, pool: 100
I 1147.23] recalculating facets...
I 1149.83] Elapsed: 19:10, vertices: 2505, facets final: 2091, pending: 42325, pool: 100
I 1154.94] Elapsed: 19:15, vertices: 2517, facets final: 2108, pending: 42313, pool: 100
I 1160.07] Elapsed: 19:20, vertices: 2526, facets final: 2124, pending: 42147, pool: 100
I 1165.10] Elapsed: 19:25, vertices: 2538, facets final: 2168, pending: 41951, pool: 100
I 1170.10] Elapsed: 19:30, vertices: 2552, facets final: 2213, pending: 41892, pool: 100
I 1175.18] Elapsed: 19:35, vertices: 2566, facets final: 2251, pending: 41989, pool: 100
I 1180.31] Elapsed: 19:40, vertices: 2576, facets final: 2281, pending: 41721, pool: 100
I 1185.36] Elapsed: 19:45, vertices: 2591, facets final: 2317, pending: 41629, pool: 100
I 1188.49] recalculating facets...
I 1190.37] Elapsed: 19:50, vertices: 2605, facets final: 2342, pending: 41416, pool: 100
I 1195.50] Elapsed: 19:56, vertices: 2619, facets final: 2380, pending: 41300, pool: 100
I 1200.62] Elapsed: 20:01, vertices: 2633, facets final: 2415, pending: 41130, pool: 100
I 1205.76] Elapsed: 20:06, vertices: 2647, facets final: 2453, pending: 40908, pool: 100
I 1210.80] Elapsed: 20:11, vertices: 2659, facets final: 2497, pending: 40744, pool: 100
I 1215.90] Elapsed: 20:16, vertices: 2671, facets final: 2584, pending: 40643, pool: 100
I 1221.01] Elapsed: 20:21, vertices: 2683, facets final: 2637, pending: 40632, pool: 100
I 1226.04] Elapsed: 20:26, vertices: 2696, facets final: 2671, pending: 40490, pool: 100
I 1227.29] recalculating facets...
I 1231.06] Elapsed: 20:31, vertices: 2710, facets final: 2710, pending: 40330, pool: 100
I 1236.27] Elapsed: 20:36, vertices: 2724, facets final: 2763, pending: 40153, pool: 100
I 1241.33] Elapsed: 20:41, vertices: 2736, facets final: 2799, pending: 40098, pool: 100
I 1246.34] Elapsed: 20:46, vertices: 2750, facets final: 2842, pending: 39881, pool: 100
I 1251.36] Elapsed: 20:51, vertices: 2763, facets final: 2905, pending: 39760, pool: 100
I 1256.39] Elapsed: 20:56, vertices: 2775, facets final: 2981, pending: 39652, pool: 98
I 1261.54] Elapsed: 21:02, vertices: 2787, facets final: 3037, pending: 39487, pool: 100
I 1265.75] recalculating facets...
I 1266.63] Elapsed: 21:07, vertices: 2802, facets final: 3072, pending: 39419, pool: 100
I 1271.83] Elapsed: 21:12, vertices: 2813, facets final: 3129, pending: 39319, pool: 100
I 1276.93] Elapsed: 21:17, vertices: 2826, facets final: 3157, pending: 39211, pool: 100
I 1282.01] Elapsed: 21:22, vertices: 2838, facets final: 3232, pending: 39051, pool: 100
I 1287.22] Elapsed: 21:27, vertices: 2850, facets final: 3268, pending: 38894, pool: 100
I 1292.22] Elapsed: 21:32, vertices: 2863, facets final: 3295, pending: 38683, pool: 100
I 1297.35] Elapsed: 21:37, vertices: 2876, facets final: 3352, pending: 38500, pool: 100
I 1302.56] Elapsed: 21:43, vertices: 2888, facets final: 3414, pending: 38387, pool: 100
I 1306.79] recalculating facets...
I 1307.63] Elapsed: 21:48, vertices: 2902, facets final: 3462, pending: 38351, pool: 100
I 1312.73] Elapsed: 21:53, vertices: 2916, facets final: 3526, pending: 38223, pool: 100
I 1317.77] Elapsed: 21:58, vertices: 2931, facets final: 3576, pending: 38174, pool: 100
I 1322.77] Elapsed: 22:03, vertices: 2943, facets final: 3644, pending: 38060, pool: 100
I 1327.87] Elapsed: 22:08, vertices: 2956, facets final: 3696, pending: 37875, pool: 100
I 1333.00] Elapsed: 22:13, vertices: 2970, facets final: 3752, pending: 37724, pool: 100
I 1338.10] Elapsed: 22:18, vertices: 2982, facets final: 3843, pending: 37580, pool: 98
I 1343.15] Elapsed: 22:23, vertices: 2994, facets final: 3923, pending: 37459, pool: 100
I 1345.44] recalculating facets...
I 1348.33] Elapsed: 22:28, vertices: 3007, facets final: 3980, pending: 37241, pool: 99
I 1353.34] Elapsed: 22:33, vertices: 3021, facets final: 4058, pending: 37084, pool: 100
I 1358.51] Elapsed: 22:39, vertices: 3034, facets final: 4157, pending: 36948, pool: 100
I 1363.53] Elapsed: 22:44, vertices: 3048, facets final: 4232, pending: 36813, pool: 100
I 1368.68] Elapsed: 22:49, vertices: 3061, facets final: 4327, pending: 36607, pool: 100
I 1373.68] Elapsed: 22:54, vertices: 3076, facets final: 4408, pending: 36506, pool: 100
I 1378.73] Elapsed: 22:59, vertices: 3088, facets final: 4471, pending: 36455, pool: 100
I 1383.77] Elapsed: 23:04, vertices: 3100, facets final: 4521, pending: 36333, pool: 100
I 1383.77] recalculating facets...
I 1388.77] Elapsed: 23:09, vertices: 3113, facets final: 4601, pending: 36171, pool: 100
I 1393.90] Elapsed: 23:14, vertices: 3126, facets final: 4677, pending: 36030, pool: 100
I 1398.90] Elapsed: 23:19, vertices: 3140, facets final: 4760, pending: 35865, pool: 99
I 1404.03] Elapsed: 23:24, vertices: 3150, facets final: 4870, pending: 35733, pool: 100
I 1409.14] Elapsed: 23:29, vertices: 3165, facets final: 4943, pending: 35598, pool: 100
I 1414.27] Elapsed: 23:34, vertices: 3179, facets final: 5061, pending: 35428, pool: 100
I 1419.36] Elapsed: 23:39, vertices: 3196, facets final: 5146, pending: 35241, pool: 100
I 1420.55] recalculating facets...
I 1424.36] Elapsed: 23:44, vertices: 3209, facets final: 5286, pending: 35137, pool: 100
I 1429.41] Elapsed: 23:49, vertices: 3221, facets final: 5463, pending: 34949, pool: 100
I 1434.41] Elapsed: 23:54, vertices: 3235, facets final: 5561, pending: 34796, pool: 100
I 1439.41] Elapsed: 23:59, vertices: 3248, facets final: 5737, pending: 34573, pool: 99
I 1444.41] Elapsed: 24:04, vertices: 3261, facets final: 5885, pending: 34390, pool: 100
I 1449.56] Elapsed: 24:10, vertices: 3276, facets final: 5976, pending: 34334, pool: 100
I 1454.69] Elapsed: 24:15, vertices: 3290, facets final: 6091, pending: 34134, pool: 100
I 1457.74] recalculating facets...
I 1459.84] Elapsed: 24:20, vertices: 3304, facets final: 6173, pending: 34019, pool: 100
I 1465.02] Elapsed: 24:25, vertices: 3317, facets final: 6328, pending: 33810, pool: 100
I 1470.18] Elapsed: 24:30, vertices: 3334, facets final: 6424, pending: 33618, pool: 100
I 1475.18] Elapsed: 24:35, vertices: 3350, facets final: 6522, pending: 33532, pool: 100
I 1480.32] Elapsed: 24:40, vertices: 3363, facets final: 6658, pending: 33396, pool: 100
I 1485.39] Elapsed: 24:45, vertices: 3377, facets final: 6802, pending: 33244, pool: 100
I 1490.45] Elapsed: 24:50, vertices: 3393, facets final: 6900, pending: 33100, pool: 99
I 1493.22] recalculating facets...
I 1495.45] Elapsed: 24:55, vertices: 3406, facets final: 7056, pending: 32941, pool: 100
I 1500.53] Elapsed: 25:01, vertices: 3419, facets final: 7183, pending: 32790, pool: 100
I 1505.57] Elapsed: 25:06, vertices: 3435, facets final: 7301, pending: 32679, pool: 100
I 1510.57] Elapsed: 25:11, vertices: 3449, facets final: 7416, pending: 32559, pool: 100
I 1515.60] Elapsed: 25:16, vertices: 3463, facets final: 7558, pending: 32460, pool: 100
I 1520.66] Elapsed: 25:21, vertices: 3478, facets final: 7662, pending: 32389, pool: 100
I 1525.66] Elapsed: 25:26, vertices: 3491, facets final: 7811, pending: 32149, pool: 100
I 1529.13] recalculating facets...
I 1530.66] Elapsed: 25:31, vertices: 3503, facets final: 7978, pending: 31952, pool: 100
I 1535.73] Elapsed: 25:36, vertices: 3517, facets final: 8091, pending: 31820, pool: 100
I 1540.90] Elapsed: 25:41, vertices: 3531, facets final: 8263, pending: 31688, pool: 100
I 1546.06] Elapsed: 25:46, vertices: 3543, facets final: 8471, pending: 31459, pool: 100
I 1551.08] Elapsed: 25:51, vertices: 3557, facets final: 8616, pending: 31349, pool: 99
I 1556.21] Elapsed: 25:56, vertices: 3569, facets final: 8819, pending: 31215, pool: 100
I 1561.38] Elapsed: 26:01, vertices: 3584, facets final: 8960, pending: 31042, pool: 99
I 1566.38] Elapsed: 26:06, vertices: 3596, facets final: 9169, pending: 30788, pool: 99
I 1568.30] recalculating facets...
I 1571.46] Elapsed: 26:11, vertices: 3607, facets final: 9302, pending: 30669, pool: 100
I 1576.59] Elapsed: 26:17, vertices: 3621, facets final: 9474, pending: 30480, pool: 100
I 1581.65] Elapsed: 26:22, vertices: 3633, facets final: 9660, pending: 30308, pool: 100
I 1586.65] Elapsed: 26:27, vertices: 3646, facets final: 9827, pending: 30177, pool: 99
I 1591.68] Elapsed: 26:32, vertices: 3659, facets final: 10008, pending: 30031, pool: 99
I 1596.82] Elapsed: 26:37, vertices: 3673, facets final: 10174, pending: 29856, pool: 100
I 1601.98] Elapsed: 26:42, vertices: 3685, facets final: 10364, pending: 29674, pool: 100
I 1606.98] Elapsed: 26:47, vertices: 3695, facets final: 10614, pending: 29454, pool: 100
I 1608.73] recalculating facets...
I 1611.98] Elapsed: 26:52, vertices: 3706, facets final: 10831, pending: 29216, pool: 100
I 1617.12] Elapsed: 26:57, vertices: 3717, facets final: 11032, pending: 29020, pool: 100
I 1622.12] Elapsed: 27:02, vertices: 3728, facets final: 11279, pending: 28766, pool: 99
I 1627.14] Elapsed: 27:07, vertices: 3740, facets final: 11461, pending: 28575, pool: 100
I 1632.14] Elapsed: 27:12, vertices: 3752, facets final: 11690, pending: 28331, pool: 99
I 1637.14] Elapsed: 27:17, vertices: 3763, facets final: 11909, pending: 28125, pool: 99
I 1642.14] Elapsed: 27:22, vertices: 3774, facets final: 12145, pending: 27885, pool: 100
I 1647.14] Elapsed: 27:27, vertices: 3785, facets final: 12380, pending: 27654, pool: 98
I 1652.25] Elapsed: 27:32, vertices: 3797, facets final: 12583, pending: 27428, pool: 100
I 1653.13] recalculating facets...
I 1657.45] Elapsed: 27:37, vertices: 3808, facets final: 12779, pending: 27192, pool: 98
I 1662.45] Elapsed: 27:42, vertices: 3817, facets final: 13041, pending: 26938, pool: 100
I 1667.45] Elapsed: 27:47, vertices: 3827, facets final: 13289, pending: 26653, pool: 99
I 1672.63] Elapsed: 27:53, vertices: 3838, facets final: 13516, pending: 26452, pool: 100
I 1677.63] Elapsed: 27:58, vertices: 3848, facets final: 13786, pending: 26202, pool: 99
I 1682.65] Elapsed: 28:03, vertices: 3858, facets final: 14053, pending: 25910, pool: 98
I 1687.67] Elapsed: 28:08, vertices: 3867, facets final: 14332, pending: 25603, pool: 97
I 1692.67] Elapsed: 28:13, vertices: 3875, facets final: 14629, pending: 25305, pool: 99
I 1697.67] Elapsed: 28:18, vertices: 3886, facets final: 14875, pending: 25039, pool: 99
I 1702.67] Elapsed: 28:23, vertices: 3894, facets final: 15200, pending: 24686, pool: 98
I 1706.47] recalculating facets...
I 1707.67] Elapsed: 28:28, vertices: 3900, facets final: 15551, pending: 24333, pool: 96
I 1712.67] Elapsed: 28:33, vertices: 3907, facets final: 15900, pending: 24008, pool: 98
I 1717.70] Elapsed: 28:38, vertices: 3914, facets final: 16231, pending: 23668, pool: 99
I 1722.70] Elapsed: 28:43, vertices: 3923, facets final: 16546, pending: 23321, pool: 95
I 1727.87] Elapsed: 28:48, vertices: 3930, facets final: 16893, pending: 22959, pool: 100
I 1732.97] Elapsed: 28:53, vertices: 3938, facets final: 17212, pending: 22646, pool: 100
I 1737.97] Elapsed: 28:58, vertices: 3950, facets final: 17471, pending: 22362, pool: 97
I 1742.97] Elapsed: 29:03, vertices: 3957, facets final: 17839, pending: 21984, pool: 92
I 1748.14] Elapsed: 29:08, vertices: 3963, facets final: 18199, pending: 21606, pool: 100
I 1753.14] Elapsed: 29:13, vertices: 3971, facets final: 18531, pending: 21249, pool: 96
I 1758.14] Elapsed: 29:18, vertices: 3979, facets final: 18871, pending: 20902, pool: 97
I 1763.14] Elapsed: 29:23, vertices: 3986, facets final: 19223, pending: 20533, pool: 95
I 1768.14] Elapsed: 29:28, vertices: 3991, facets final: 19617, pending: 20129, pool: 95
I 1773.14] Elapsed: 29:33, vertices: 3996, facets final: 20005, pending: 19732, pool: 95
I 1777.11] recalculating facets...
I 1778.17] Elapsed: 29:38, vertices: 4000, facets final: 20390, pending: 19334, pool: 94
I 1783.33] Elapsed: 29:43, vertices: 4005, facets final: 20794, pending: 18912, pool: 96
I 1788.33] Elapsed: 29:48, vertices: 4010, facets final: 21209, pending: 18494, pool: 95
I 1793.33] Elapsed: 29:53, vertices: 4016, facets final: 21577, pending: 18132, pool: 96
I 1798.33] Elapsed: 29:58, vertices: 4020, facets final: 22003, pending: 17722, pool: 94
I 1803.33] Elapsed: 30:03, vertices: 4025, facets final: 22412, pending: 17304, pool: 90
I 1808.33] Elapsed: 30:08, vertices: 4030, facets final: 22820, pending: 16885, pool: 88
I 1813.33] Elapsed: 30:13, vertices: 4034, facets final: 23246, pending: 16457, pool: 88
I 1818.33] Elapsed: 30:18, vertices: 4039, facets final: 23652, pending: 16043, pool: 88
I 1823.48] Elapsed: 30:23, vertices: 4043, facets final: 24084, pending: 15607, pool: 89
I 1828.48] Elapsed: 30:28, vertices: 4048, facets final: 24514, pending: 15209, pool: 88
I 1833.55] Elapsed: 30:34, vertices: 4055, facets final: 24875, pending: 14851, pool: 82
I 1838.55] Elapsed: 30:39, vertices: 4060, facets final: 25296, pending: 14443, pool: 80
I 1843.55] Elapsed: 30:44, vertices: 4065, facets final: 25706, pending: 14027, pool: 79
I 1848.55] Elapsed: 30:49, vertices: 4067, facets final: 26177, pending: 13557, pool: 82
I 1853.55] Elapsed: 30:54, vertices: 4070, facets final: 26635, pending: 13094, pool: 81
I 1858.55] Elapsed: 30:59, vertices: 4074, facets final: 27070, pending: 12656, pool: 80
I 1863.55] Elapsed: 31:04, vertices: 4078, facets final: 27504, pending: 12225, pool: 77
I 1868.55] Elapsed: 31:09, vertices: 4081, facets final: 27962, pending: 11792, pool: 76
I 1873.55] Elapsed: 31:14, vertices: 4084, facets final: 28418, pending: 11328, pool: 78
I 1878.55] Elapsed: 31:19, vertices: 4087, facets final: 28861, pending: 10906, pool: 81
I 1883.55] Elapsed: 31:24, vertices: 4092, facets final: 29280, pending: 10487, pool: 78
I 1888.55] Elapsed: 31:29, vertices: 4096, facets final: 29703, pending: 10036, pool: 77
I 1893.04] recalculating facets...
I 1893.55] Elapsed: 31:34, vertices: 4100, facets final: 30125, pending: 9626, pool: 76
I 1898.56] Elapsed: 31:39, vertices: 4105, facets final: 30530, pending: 9201, pool: 77
I 1903.56] Elapsed: 31:44, vertices: 4109, facets final: 30967, pending: 8752, pool: 77
I 1908.56] Elapsed: 31:49, vertices: 4112, facets final: 31425, pending: 8305, pool: 79
I 1913.56] Elapsed: 31:54, vertices: 4116, facets final: 31876, pending: 7850, pool: 75
I 1918.56] Elapsed: 31:59, vertices: 4120, facets final: 32322, pending: 7406, pool: 74
I 1923.66] Elapsed: 32:04, vertices: 4123, facets final: 32786, pending: 6940, pool: 72
I 1928.66] Elapsed: 32:09, vertices: 4128, facets final: 33238, pending: 6490, pool: 69
I 1933.66] Elapsed: 32:14, vertices: 4131, facets final: 33702, pending: 6021, pool: 69
I 1938.66] Elapsed: 32:19, vertices: 4135, facets final: 34155, pending: 5575, pool: 68
I 1943.66] Elapsed: 32:24, vertices: 4140, facets final: 34596, pending: 5126, pool: 64
I 1948.71] Elapsed: 32:29, vertices: 4143, facets final: 35062, pending: 4654, pool: 62
I 1953.71] Elapsed: 32:34, vertices: 4148, facets final: 35525, pending: 4191, pool: 59
I 1958.71] Elapsed: 32:39, vertices: 4153, facets final: 35968, pending: 3743, pool: 55
I 1963.71] Elapsed: 32:44, vertices: 4159, facets final: 36410, pending: 3293, pool: 51
I 1968.71] Elapsed: 32:49, vertices: 4163, facets final: 36876, pending: 2822, pool: 48
I 1973.74] Elapsed: 32:54, vertices: 4168, facets final: 37331, pending: 2370, pool: 43
I 1978.74] Elapsed: 32:59, vertices: 4174, facets final: 37785, pending: 1915, pool: 38
I 1983.74] Elapsed: 33:04, vertices: 4181, facets final: 38244, pending: 1448, pool: 33
I 1988.74] Elapsed: 33:09, vertices: 4188, facets final: 38704, pending: 983, pool: 28
I 1992.68] recalculating facets...
I 1993.74] Elapsed: 33:14, vertices: 4202, facets final: 39094, pending: 583, pool: 20
I 1998.74] Elapsed: 33:19, vertices: 4232, facets final: 39523, pending: 136, pool: 1
I 2000.22] Elapsed: 33:20, vertices: 4248, facets final: 39647, pending: 0

--------------------------------
Problem completed
 name                    22.vlp
 output                  vlp/22.res
 rows, cols, objs        23, 2829, 10
 vertices, facets        4248, 39647
 total time              33:20
--------------------------------
Statistics
LP:
 oracle calls            44238
   avg iterations/calls  9.13
 total oracle time       7:05
Combinatorics:
 vertices added          4248
 facets probed           54302
 facets # max            53250
 memory allocated        74.05M
 instability warnings    1
 storage expansion
   vertices # / upto     34 / 4348
   facets   # / upto     14 / 57340
 facet manipulating
   added avg / max       110.50 / 1.67k
   compressed            269
 number of ridge tests
   avg / max             3.79M / 41.43M
--------------------------------
Parameters with non-default values
 VertexPoolSize = 100
