C copy string: rs=cd:ab;a,d,r,s;a,b,c,dr; ineq: base20.txt
I    5.17] Elapsed: 5.17, vertices: 122, facets final: 22, pending: 18045, pool: 261
I   10.23] Elapsed: 10.23, vertices: 158, facets final: 28, pending: 21410, pool: 299
I   15.32] Elapsed: 15.32, vertices: 194, facets final: 31, pending: 28047, pool: 299
I   20.43] Elapsed: 20.43, vertices: 218, facets final: 33, pending: 35161, pool: 298
I   25.62] Elapsed: 25.62, vertices: 239, facets final: 36, pending: 41629, pool: 300
I   30.64] Elapsed: 30.64, vertices: 254, facets final: 37, pending: 45196, pool: 300
I   35.77] Elapsed: 35.77, vertices: 268, facets final: 37, pending: 48476, pool: 300
I   41.21] Elapsed: 41.21, vertices: 283, facets final: 39, pending: 53172, pool: 300
I   46.27] Elapsed: 46.27, vertices: 296, facets final: 39, pending: 54705, pool: 300
I   51.27] Elapsed: 51.27, vertices: 307, facets final: 39, pending: 57690, pool: 299
I   56.82] Elapsed: 56.82, vertices: 317, facets final: 39, pending: 60476, pool: 300
I   62.80] Elapsed: 1:03, vertices: 328, facets final: 39, pending: 62245, pool: 300
I   68.08] Elapsed: 1:08, vertices: 339, facets final: 39, pending: 65196, pool: 299
I   73.72] Elapsed: 1:14, vertices: 349, facets final: 41, pending: 67374, pool: 300
I   78.91] Elapsed: 1:19, vertices: 360, facets final: 41, pending: 69235, pool: 300
I   84.30] Elapsed: 1:24, vertices: 370, facets final: 41, pending: 71080, pool: 300
I   90.11] Elapsed: 1:30, vertices: 378, facets final: 43, pending: 73259, pool: 300
I   95.20] Elapsed: 1:35, vertices: 387, facets final: 45, pending: 74595, pool: 300
I  100.40] Elapsed: 1:40, vertices: 394, facets final: 45, pending: 75845, pool: 299
I  105.89] Elapsed: 1:46, vertices: 402, facets final: 45, pending: 77038, pool: 300
I  111.05] Elapsed: 1:51, vertices: 410, facets final: 46, pending: 79027, pool: 300
recalculate_facet: numerical instability at facet 33, coord 2 (-1.35772e-06)
recalculate_facet: numerical instability at facet 33, coord 10 (-1.14168e-06)
I  116.63] Elapsed: 1:57, vertices: 419, facets final: 46, pending: 80834, pool: 300
I  121.75] Elapsed: 2:02, vertices: 428, facets final: 46, pending: 81665, pool: 300
I  126.96] Elapsed: 2:07, vertices: 435, facets final: 46, pending: 83443, pool: 300
I  132.40] Elapsed: 2:12, vertices: 444, facets final: 46, pending: 84419, pool: 299
I  137.66] Elapsed: 2:18, vertices: 452, facets final: 47, pending: 85458, pool: 300
I  143.91] Elapsed: 2:24, vertices: 461, facets final: 50, pending: 87704, pool: 298
I  149.06] Elapsed: 2:29, vertices: 467, facets final: 52, pending: 88510, pool: 300
I  154.60] Elapsed: 2:35, vertices: 475, facets final: 52, pending: 90418, pool: 300
I  159.66] Elapsed: 2:40, vertices: 483, facets final: 52, pending: 91782, pool: 300
I  164.85] Elapsed: 2:45, vertices: 491, facets final: 55, pending: 93197, pool: 300
I  170.08] Elapsed: 2:50, vertices: 497, facets final: 55, pending: 93814, pool: 300
I  176.12] Elapsed: 2:56, vertices: 505, facets final: 56, pending: 94566, pool: 300
I  181.14] Elapsed: 3:01, vertices: 512, facets final: 56, pending: 95771, pool: 300
I  187.64] Elapsed: 3:08, vertices: 517, facets final: 56, pending: 95768, pool: 300
I  192.77] Elapsed: 3:13, vertices: 523, facets final: 56, pending: 96463, pool: 300
I  197.96] Elapsed: 3:18, vertices: 529, facets final: 56, pending: 97190, pool: 299
I  203.11] Elapsed: 3:23, vertices: 535, facets final: 56, pending: 96967, pool: 300
I  208.28] Elapsed: 3:28, vertices: 540, facets final: 56, pending: 97015, pool: 300
I  213.35] Elapsed: 3:33, vertices: 548, facets final: 58, pending: 98754, pool: 300
I  218.81] Elapsed: 3:39, vertices: 555, facets final: 58, pending: 99462, pool: 300
I  224.35] Elapsed: 3:44, vertices: 563, facets final: 58, pending: 101140, pool: 300
I  229.40] Elapsed: 3:49, vertices: 570, facets final: 58, pending: 101873, pool: 300
I  234.71] Elapsed: 3:55, vertices: 576, facets final: 59, pending: 103284, pool: 300
I  240.04] Elapsed: 4:00, vertices: 582, facets final: 60, pending: 103051, pool: 300
I  245.56] Elapsed: 4:06, vertices: 589, facets final: 60, pending: 104251, pool: 300
I  251.06] Elapsed: 4:11, vertices: 594, facets final: 62, pending: 104038, pool: 300
I  256.64] Elapsed: 4:17, vertices: 600, facets final: 62, pending: 103922, pool: 300
I  262.47] Elapsed: 4:22, vertices: 607, facets final: 63, pending: 105512, pool: 300
I  268.46] Elapsed: 4:28, vertices: 613, facets final: 64, pending: 105716, pool: 300
I  273.88] Elapsed: 4:34, vertices: 619, facets final: 66, pending: 106721, pool: 300
I  279.59] Elapsed: 4:40, vertices: 626, facets final: 66, pending: 108427, pool: 300
I  284.60] Elapsed: 4:45, vertices: 631, facets final: 66, pending: 109201, pool: 300
I  290.07] Elapsed: 4:50, vertices: 638, facets final: 66, pending: 110141, pool: 300
I  296.20] Elapsed: 4:56, vertices: 645, facets final: 67, pending: 111400, pool: 300
I  301.81] Elapsed: 5:02, vertices: 652, facets final: 68, pending: 112487, pool: 300
I  308.02] Elapsed: 5:08, vertices: 656, facets final: 69, pending: 113561, pool: 300
I  313.14] Elapsed: 5:13, vertices: 662, facets final: 71, pending: 114121, pool: 300
I  318.44] Elapsed: 5:18, vertices: 668, facets final: 71, pending: 115529, pool: 298
I  323.57] Elapsed: 5:24, vertices: 674, facets final: 71, pending: 115788, pool: 300
I  328.61] Elapsed: 5:29, vertices: 679, facets final: 71, pending: 116219, pool: 300
I  334.30] Elapsed: 5:34, vertices: 684, facets final: 71, pending: 116284, pool: 300
I  339.33] Elapsed: 5:39, vertices: 690, facets final: 71, pending: 116342, pool: 298
I  344.39] Elapsed: 5:44, vertices: 695, facets final: 71, pending: 116200, pool: 300
I  349.93] Elapsed: 5:50, vertices: 701, facets final: 71, pending: 115918, pool: 300
I  355.35] Elapsed: 5:55, vertices: 707, facets final: 71, pending: 116366, pool: 300
I  360.64] Elapsed: 6:01, vertices: 713, facets final: 73, pending: 116630, pool: 300
I  365.77] Elapsed: 6:06, vertices: 719, facets final: 73, pending: 117990, pool: 300
I  371.39] Elapsed: 6:11, vertices: 725, facets final: 73, pending: 118335, pool: 300
I  376.90] Elapsed: 6:17, vertices: 732, facets final: 74, pending: 118845, pool: 300
I  382.73] Elapsed: 6:23, vertices: 737, facets final: 75, pending: 119765, pool: 300
I  388.12] Elapsed: 6:28, vertices: 743, facets final: 75, pending: 119235, pool: 299
I  393.63] Elapsed: 6:34, vertices: 748, facets final: 75, pending: 119883, pool: 300
I  399.21] Elapsed: 6:39, vertices: 754, facets final: 75, pending: 120183, pool: 300
I  404.85] Elapsed: 6:45, vertices: 759, facets final: 76, pending: 120311, pool: 300
I  409.90] Elapsed: 6:50, vertices: 765, facets final: 76, pending: 120653, pool: 300
I  416.18] Elapsed: 6:56, vertices: 771, facets final: 77, pending: 120337, pool: 300
I  421.31] Elapsed: 7:01, vertices: 776, facets final: 77, pending: 120401, pool: 300
I  426.88] Elapsed: 7:07, vertices: 781, facets final: 77, pending: 121297, pool: 300
I  432.67] Elapsed: 7:13, vertices: 786, facets final: 80, pending: 121395, pool: 300
I  438.96] Elapsed: 7:19, vertices: 792, facets final: 80, pending: 122030, pool: 300
I  444.64] Elapsed: 7:25, vertices: 798, facets final: 81, pending: 122228, pool: 300
I  450.50] Elapsed: 7:31, vertices: 803, facets final: 82, pending: 122687, pool: 300
I  455.74] Elapsed: 7:36, vertices: 808, facets final: 82, pending: 123064, pool: 300
I  460.91] Elapsed: 7:41, vertices: 814, facets final: 82, pending: 123549, pool: 300
I  466.14] Elapsed: 7:46, vertices: 820, facets final: 82, pending: 123920, pool: 300
I  472.08] Elapsed: 7:52, vertices: 826, facets final: 85, pending: 123478, pool: 300
recalculate_facet: numerical instability at facet 48, coord 0 (-3.19759e-06)
recalculate_facet: numerical instability at facet 48, coord 5 (2.85058e-06)
recalculate_facet: numerical instability at facet 67, coord 0 (-1.90905e-06)
recalculate_facet: numerical instability at facet 67, coord 2 (-1.06569e-06)
recalculate_facet: numerical instability at facet 67, coord 5 (2.17709e-06)
I  477.27] Elapsed: 7:57, vertices: 829, facets final: 85, pending: 123793, pool: 299
I  482.84] Elapsed: 8:03, vertices: 833, facets final: 85, pending: 123676, pool: 300
I  488.36] Elapsed: 8:08, vertices: 838, facets final: 85, pending: 125272, pool: 300
I  494.38] Elapsed: 8:14, vertices: 844, facets final: 85, pending: 125325, pool: 300
I  499.97] Elapsed: 8:20, vertices: 851, facets final: 85, pending: 126514, pool: 300
I  505.79] Elapsed: 8:26, vertices: 857, facets final: 85, pending: 126917, pool: 300
I  511.28] Elapsed: 8:31, vertices: 862, facets final: 86, pending: 127659, pool: 300
I  516.61] Elapsed: 8:37, vertices: 867, facets final: 87, pending: 128211, pool: 300
I  521.61] Elapsed: 8:42, vertices: 872, facets final: 87, pending: 128362, pool: 300
I  526.84] Elapsed: 8:47, vertices: 878, facets final: 88, pending: 129576, pool: 299
I  532.81] Elapsed: 8:53, vertices: 882, facets final: 88, pending: 130000, pool: 300
I  537.84] Elapsed: 8:58, vertices: 886, facets final: 88, pending: 130027, pool: 300
I  543.17] Elapsed: 9:03, vertices: 890, facets final: 89, pending: 129891, pool: 300
I  548.57] Elapsed: 9:09, vertices: 895, facets final: 90, pending: 129886, pool: 300
I  554.45] Elapsed: 9:14, vertices: 901, facets final: 90, pending: 130363, pool: 300
I  560.61] Elapsed: 9:21, vertices: 905, facets final: 90, pending: 130700, pool: 300
I  565.70] Elapsed: 9:26, vertices: 910, facets final: 91, pending: 130546, pool: 299
I  571.02] Elapsed: 9:31, vertices: 915, facets final: 92, pending: 130947, pool: 300
I  576.60] Elapsed: 9:37, vertices: 920, facets final: 94, pending: 130948, pool: 300
I  582.47] Elapsed: 9:42, vertices: 925, facets final: 96, pending: 130891, pool: 300
I  589.30] Elapsed: 9:49, vertices: 930, facets final: 96, pending: 130607, pool: 300
I  594.72] Elapsed: 9:55, vertices: 935, facets final: 98, pending: 130185, pool: 300
I  600.43] Elapsed: 10:00, vertices: 942, facets final: 100, pending: 130964, pool: 300
I  605.87] Elapsed: 10:06, vertices: 946, facets final: 101, pending: 131065, pool: 300
I  612.09] Elapsed: 10:12, vertices: 951, facets final: 101, pending: 131352, pool: 300
I  617.98] Elapsed: 10:18, vertices: 956, facets final: 101, pending: 131619, pool: 300
I  623.64] Elapsed: 10:24, vertices: 961, facets final: 103, pending: 131748, pool: 300
I  629.85] Elapsed: 10:30, vertices: 967, facets final: 103, pending: 131639, pool: 300
I  635.35] Elapsed: 10:35, vertices: 972, facets final: 103, pending: 131693, pool: 300
I  641.14] Elapsed: 10:41, vertices: 977, facets final: 103, pending: 131800, pool: 300
I  646.63] Elapsed: 10:47, vertices: 984, facets final: 104, pending: 132255, pool: 300
I  652.33] Elapsed: 10:52, vertices: 989, facets final: 105, pending: 132049, pool: 300
I  657.45] Elapsed: 10:57, vertices: 995, facets final: 107, pending: 132882, pool: 300
I  663.81] Elapsed: 11:04, vertices: 1001, facets final: 107, pending: 132730, pool: 300
I  668.82] Elapsed: 11:09, vertices: 1006, facets final: 107, pending: 133430, pool: 299
I  675.52] Elapsed: 11:16, vertices: 1012, facets final: 108, pending: 133786, pool: 300
I  680.68] Elapsed: 11:21, vertices: 1017, facets final: 109, pending: 134217, pool: 300
I  686.96] Elapsed: 11:27, vertices: 1022, facets final: 109, pending: 133962, pool: 300
I  692.10] Elapsed: 11:32, vertices: 1026, facets final: 109, pending: 134155, pool: 300
I  698.28] Elapsed: 11:38, vertices: 1030, facets final: 110, pending: 133953, pool: 300
I  704.42] Elapsed: 11:44, vertices: 1034, facets final: 112, pending: 133367, pool: 300
I  711.63] Elapsed: 11:52, vertices: 1039, facets final: 114, pending: 133062, pool: 300
I  717.63] Elapsed: 11:58, vertices: 1044, facets final: 115, pending: 133062, pool: 300
I  723.20] Elapsed: 12:03, vertices: 1048, facets final: 115, pending: 133539, pool: 300
I  729.71] Elapsed: 12:10, vertices: 1053, facets final: 116, pending: 133880, pool: 300
I  735.52] Elapsed: 12:16, vertices: 1058, facets final: 117, pending: 134302, pool: 300
I  741.09] Elapsed: 12:21, vertices: 1063, facets final: 118, pending: 134720, pool: 300
I  746.89] Elapsed: 12:27, vertices: 1066, facets final: 118, pending: 134541, pool: 300
I  752.41] Elapsed: 12:32, vertices: 1071, facets final: 121, pending: 134283, pool: 300
I  757.65] Elapsed: 12:38, vertices: 1075, facets final: 122, pending: 134357, pool: 300
I  762.92] Elapsed: 12:43, vertices: 1078, facets final: 122, pending: 134301, pool: 300
I  769.21] Elapsed: 12:49, vertices: 1083, facets final: 125, pending: 134081, pool: 300
I  774.25] Elapsed: 12:54, vertices: 1087, facets final: 125, pending: 134208, pool: 300
I  780.85] Elapsed: 13:01, vertices: 1092, facets final: 125, pending: 134043, pool: 300
I  786.76] Elapsed: 13:07, vertices: 1096, facets final: 125, pending: 134209, pool: 300
I  792.13] Elapsed: 13:12, vertices: 1100, facets final: 125, pending: 134527, pool: 299
I  797.26] Elapsed: 13:17, vertices: 1105, facets final: 125, pending: 134988, pool: 300
I  802.70] Elapsed: 13:23, vertices: 1109, facets final: 127, pending: 134875, pool: 300
I  807.93] Elapsed: 13:28, vertices: 1113, facets final: 127, pending: 135018, pool: 300
I  813.27] Elapsed: 13:33, vertices: 1118, facets final: 128, pending: 135420, pool: 298
I  819.72] Elapsed: 13:40, vertices: 1123, facets final: 128, pending: 135113, pool: 300
I  825.52] Elapsed: 13:46, vertices: 1128, facets final: 128, pending: 134879, pool: 300
I  830.94] Elapsed: 13:51, vertices: 1133, facets final: 128, pending: 135311, pool: 300
I  837.09] Elapsed: 13:57, vertices: 1138, facets final: 129, pending: 135185, pool: 300
I  842.98] Elapsed: 14:03, vertices: 1145, facets final: 130, pending: 135066, pool: 300
I  848.02] Elapsed: 14:08, vertices: 1150, facets final: 131, pending: 135206, pool: 300
I  854.06] Elapsed: 14:14, vertices: 1155, facets final: 131, pending: 134432, pool: 300
I  859.34] Elapsed: 14:19, vertices: 1160, facets final: 131, pending: 133829, pool: 300
I  865.78] Elapsed: 14:26, vertices: 1166, facets final: 133, pending: 135074, pool: 300
I  871.39] Elapsed: 14:31, vertices: 1171, facets final: 133, pending: 134712, pool: 300
I  877.57] Elapsed: 14:38, vertices: 1176, facets final: 133, pending: 134423, pool: 300
I  883.67] Elapsed: 14:44, vertices: 1182, facets final: 134, pending: 134233, pool: 300
I  888.98] Elapsed: 14:49, vertices: 1187, facets final: 136, pending: 134337, pool: 300
I  894.01] Elapsed: 14:54, vertices: 1191, facets final: 136, pending: 134262, pool: 300
I  899.41] Elapsed: 14:59, vertices: 1196, facets final: 137, pending: 133839, pool: 300
I  905.21] Elapsed: 15:05, vertices: 1202, facets final: 139, pending: 134478, pool: 300
I  910.58] Elapsed: 15:11, vertices: 1207, facets final: 139, pending: 134221, pool: 300
I  915.80] Elapsed: 15:16, vertices: 1213, facets final: 139, pending: 134112, pool: 300
I  921.01] Elapsed: 15:21, vertices: 1219, facets final: 140, pending: 134245, pool: 300
I  926.51] Elapsed: 15:27, vertices: 1225, facets final: 140, pending: 134599, pool: 300
I  931.90] Elapsed: 15:32, vertices: 1230, facets final: 140, pending: 134793, pool: 300
I  937.77] Elapsed: 15:38, vertices: 1236, facets final: 140, pending: 134287, pool: 300
I  943.22] Elapsed: 15:43, vertices: 1241, facets final: 141, pending: 134334, pool: 300
I  949.12] Elapsed: 15:49, vertices: 1246, facets final: 141, pending: 134276, pool: 300
I  955.02] Elapsed: 15:55, vertices: 1252, facets final: 141, pending: 134435, pool: 300
I  960.66] Elapsed: 16:01, vertices: 1257, facets final: 141, pending: 135181, pool: 300
I  965.98] Elapsed: 16:06, vertices: 1263, facets final: 142, pending: 135631, pool: 299
I  971.43] Elapsed: 16:11, vertices: 1268, facets final: 143, pending: 136035, pool: 300
I  977.17] Elapsed: 16:17, vertices: 1274, facets final: 143, pending: 135437, pool: 300
I  982.68] Elapsed: 16:23, vertices: 1279, facets final: 143, pending: 134877, pool: 300
I  988.31] Elapsed: 16:28, vertices: 1286, facets final: 143, pending: 134152, pool: 300
I  994.31] Elapsed: 16:34, vertices: 1291, facets final: 143, pending: 134278, pool: 300
I 1000.12] Elapsed: 16:40, vertices: 1295, facets final: 144, pending: 134295, pool: 300
I 1005.30] Elapsed: 16:45, vertices: 1300, facets final: 144, pending: 134002, pool: 300
I 1011.66] Elapsed: 16:52, vertices: 1306, facets final: 145, pending: 134323, pool: 300
I 1017.44] Elapsed: 16:57, vertices: 1310, facets final: 145, pending: 133593, pool: 300
I 1024.10] Elapsed: 17:04, vertices: 1315, facets final: 145, pending: 134406, pool: 300
I 1029.87] Elapsed: 17:10, vertices: 1320, facets final: 146, pending: 134140, pool: 300
I 1035.86] Elapsed: 17:16, vertices: 1325, facets final: 146, pending: 133921, pool: 300
I 1041.40] Elapsed: 17:21, vertices: 1331, facets final: 146, pending: 134571, pool: 299
I 1046.42] Elapsed: 17:26, vertices: 1336, facets final: 147, pending: 134610, pool: 300
I 1052.83] Elapsed: 17:33, vertices: 1342, facets final: 147, pending: 134944, pool: 300
I 1058.45] Elapsed: 17:38, vertices: 1348, facets final: 148, pending: 134617, pool: 300
I 1064.34] Elapsed: 17:44, vertices: 1353, facets final: 148, pending: 134601, pool: 300
I 1069.48] Elapsed: 17:49, vertices: 1358, facets final: 148, pending: 134584, pool: 300
I 1074.59] Elapsed: 17:55, vertices: 1364, facets final: 150, pending: 134418, pool: 300
I 1080.23] Elapsed: 18:00, vertices: 1370, facets final: 150, pending: 134358, pool: 300
I 1085.61] Elapsed: 18:06, vertices: 1376, facets final: 153, pending: 134324, pool: 300
I 1091.06] Elapsed: 18:11, vertices: 1381, facets final: 153, pending: 134382, pool: 300
I 1096.71] Elapsed: 18:17, vertices: 1388, facets final: 154, pending: 134774, pool: 299
I 1103.57] Elapsed: 18:24, vertices: 1394, facets final: 154, pending: 135226, pool: 300
I 1108.70] Elapsed: 18:29, vertices: 1399, facets final: 154, pending: 135012, pool: 300
I 1113.93] Elapsed: 18:34, vertices: 1404, facets final: 154, pending: 134930, pool: 300
I 1119.60] Elapsed: 18:40, vertices: 1407, facets final: 154, pending: 134084, pool: 300
I 1124.86] Elapsed: 18:45, vertices: 1412, facets final: 157, pending: 133923, pool: 300
I 1130.53] Elapsed: 18:51, vertices: 1416, facets final: 157, pending: 133031, pool: 300
I 1137.07] Elapsed: 18:57, vertices: 1423, facets final: 161, pending: 133512, pool: 300
I 1142.44] Elapsed: 19:02, vertices: 1428, facets final: 161, pending: 133600, pool: 300
I 1148.01] Elapsed: 19:08, vertices: 1434, facets final: 161, pending: 133982, pool: 300
I 1153.93] Elapsed: 19:14, vertices: 1439, facets final: 161, pending: 133267, pool: 300
I 1160.23] Elapsed: 19:20, vertices: 1444, facets final: 161, pending: 133636, pool: 300
I 1165.85] Elapsed: 19:26, vertices: 1449, facets final: 162, pending: 133973, pool: 300
I 1171.63] Elapsed: 19:32, vertices: 1456, facets final: 162, pending: 134183, pool: 300
I 1177.33] Elapsed: 19:37, vertices: 1460, facets final: 162, pending: 134201, pool: 300
I 1182.50] Elapsed: 19:43, vertices: 1467, facets final: 163, pending: 134384, pool: 300
I 1187.62] Elapsed: 19:48, vertices: 1471, facets final: 165, pending: 134639, pool: 300
I 1193.27] Elapsed: 19:53, vertices: 1477, facets final: 165, pending: 134747, pool: 300
I 1198.85] Elapsed: 19:59, vertices: 1482, facets final: 165, pending: 134230, pool: 300
I 1205.99] Elapsed: 20:06, vertices: 1483, facets final: 165, pending: 134371, pool: 300
I 1212.66] Elapsed: 20:13, vertices: 1487, facets final: 165, pending: 134345, pool: 300
I 1218.56] Elapsed: 20:19, vertices: 1492, facets final: 165, pending: 134565, pool: 300
I 1223.59] Elapsed: 20:24, vertices: 1496, facets final: 166, pending: 134280, pool: 300
I 1229.59] Elapsed: 20:30, vertices: 1502, facets final: 167, pending: 133793, pool: 300
I 1235.43] Elapsed: 20:35, vertices: 1506, facets final: 167, pending: 133978, pool: 300
I 1240.71] Elapsed: 20:41, vertices: 1511, facets final: 167, pending: 133806, pool: 300
I 1246.23] Elapsed: 20:46, vertices: 1518, facets final: 169, pending: 133663, pool: 300
I 1251.51] Elapsed: 20:52, vertices: 1522, facets final: 171, pending: 132948, pool: 300
I 1257.51] Elapsed: 20:58, vertices: 1527, facets final: 172, pending: 132853, pool: 300
I 1263.24] Elapsed: 21:03, vertices: 1532, facets final: 173, pending: 132834, pool: 300
I 1268.42] Elapsed: 21:08, vertices: 1538, facets final: 174, pending: 132819, pool: 300
I 1273.80] Elapsed: 21:14, vertices: 1543, facets final: 175, pending: 133286, pool: 300
I 1279.13] Elapsed: 21:19, vertices: 1547, facets final: 177, pending: 132703, pool: 300
I 1284.49] Elapsed: 21:24, vertices: 1552, facets final: 178, pending: 132934, pool: 300
I 1290.53] Elapsed: 21:31, vertices: 1557, facets final: 178, pending: 133225, pool: 300
I 1296.22] Elapsed: 21:36, vertices: 1562, facets final: 179, pending: 132631, pool: 300
I 1301.23] Elapsed: 21:41, vertices: 1567, facets final: 179, pending: 132404, pool: 300
I 1307.16] Elapsed: 21:47, vertices: 1571, facets final: 180, pending: 131744, pool: 300
I 1312.63] Elapsed: 21:53, vertices: 1577, facets final: 182, pending: 132453, pool: 300
I 1317.64] Elapsed: 21:58, vertices: 1582, facets final: 182, pending: 132364, pool: 300
I 1323.11] Elapsed: 22:03, vertices: 1587, facets final: 185, pending: 132531, pool: 300
I 1328.81] Elapsed: 22:09, vertices: 1593, facets final: 185, pending: 132488, pool: 300
I 1333.81] Elapsed: 22:14, vertices: 1597, facets final: 188, pending: 132302, pool: 300
I 1339.06] Elapsed: 22:19, vertices: 1602, facets final: 189, pending: 131918, pool: 300
I 1344.37] Elapsed: 22:24, vertices: 1606, facets final: 189, pending: 131913, pool: 300
I 1349.97] Elapsed: 22:30, vertices: 1613, facets final: 190, pending: 132180, pool: 300
I 1356.09] Elapsed: 22:36, vertices: 1618, facets final: 191, pending: 131896, pool: 300
I 1362.50] Elapsed: 22:43, vertices: 1622, facets final: 191, pending: 130949, pool: 300
I 1367.78] Elapsed: 22:48, vertices: 1627, facets final: 192, pending: 130900, pool: 300
I 1373.75] Elapsed: 22:54, vertices: 1632, facets final: 193, pending: 130572, pool: 300
I 1379.64] Elapsed: 23:00, vertices: 1637, facets final: 193, pending: 130198, pool: 300
I 1384.96] Elapsed: 23:05, vertices: 1641, facets final: 194, pending: 129841, pool: 300
I 1391.38] Elapsed: 23:11, vertices: 1647, facets final: 196, pending: 129980, pool: 300
I 1396.38] Elapsed: 23:16, vertices: 1653, facets final: 198, pending: 129696, pool: 300
I 1401.80] Elapsed: 23:22, vertices: 1659, facets final: 198, pending: 129799, pool: 300
I 1407.16] Elapsed: 23:27, vertices: 1665, facets final: 198, pending: 129608, pool: 300
I 1412.76] Elapsed: 23:33, vertices: 1671, facets final: 199, pending: 129434, pool: 300
I 1418.05] Elapsed: 23:38, vertices: 1676, facets final: 200, pending: 129220, pool: 300
I 1423.05] Elapsed: 23:43, vertices: 1681, facets final: 202, pending: 129101, pool: 300
I 1428.37] Elapsed: 23:48, vertices: 1686, facets final: 202, pending: 128994, pool: 300
I 1434.11] Elapsed: 23:54, vertices: 1693, facets final: 202, pending: 128753, pool: 300
I 1440.62] Elapsed: 24:01, vertices: 1699, facets final: 205, pending: 128596, pool: 300
I 1446.30] Elapsed: 24:06, vertices: 1704, facets final: 209, pending: 128552, pool: 300
I 1452.54] Elapsed: 24:13, vertices: 1709, facets final: 210, pending: 127721, pool: 300
I 1457.85] Elapsed: 24:18, vertices: 1715, facets final: 212, pending: 127940, pool: 298
I 1463.26] Elapsed: 24:23, vertices: 1720, facets final: 213, pending: 127557, pool: 300
I 1469.15] Elapsed: 24:29, vertices: 1726, facets final: 213, pending: 127288, pool: 300
I 1475.05] Elapsed: 24:35, vertices: 1732, facets final: 216, pending: 127480, pool: 300
I 1481.05] Elapsed: 24:41, vertices: 1738, facets final: 219, pending: 127593, pool: 300
I 1487.29] Elapsed: 24:47, vertices: 1743, facets final: 220, pending: 127323, pool: 300
I 1492.29] Elapsed: 24:52, vertices: 1749, facets final: 220, pending: 127084, pool: 300
I 1497.92] Elapsed: 24:58, vertices: 1756, facets final: 221, pending: 127713, pool: 300
I 1503.43] Elapsed: 25:03, vertices: 1762, facets final: 222, pending: 127820, pool: 300
I 1508.85] Elapsed: 25:09, vertices: 1766, facets final: 222, pending: 128491, pool: 300
I 1514.26] Elapsed: 25:14, vertices: 1772, facets final: 223, pending: 128273, pool: 300
I 1519.50] Elapsed: 25:20, vertices: 1777, facets final: 224, pending: 128200, pool: 300
I 1524.97] Elapsed: 25:25, vertices: 1783, facets final: 226, pending: 128002, pool: 300
I 1530.95] Elapsed: 25:31, vertices: 1788, facets final: 228, pending: 127660, pool: 300
I 1536.88] Elapsed: 25:37, vertices: 1794, facets final: 230, pending: 127592, pool: 300
I 1541.96] Elapsed: 25:42, vertices: 1799, facets final: 231, pending: 127855, pool: 300
I 1547.69] Elapsed: 25:48, vertices: 1807, facets final: 231, pending: 127908, pool: 300
I 1552.78] Elapsed: 25:53, vertices: 1813, facets final: 233, pending: 128164, pool: 300
I 1559.11] Elapsed: 25:59, vertices: 1818, facets final: 233, pending: 127990, pool: 300
I 1564.23] Elapsed: 26:04, vertices: 1823, facets final: 235, pending: 128094, pool: 300
I 1570.22] Elapsed: 26:10, vertices: 1829, facets final: 237, pending: 127755, pool: 300
I 1577.17] Elapsed: 26:17, vertices: 1835, facets final: 237, pending: 127135, pool: 300
I 1582.51] Elapsed: 26:23, vertices: 1840, facets final: 237, pending: 127000, pool: 300
I 1588.01] Elapsed: 26:28, vertices: 1846, facets final: 237, pending: 127139, pool: 300
I 1593.39] Elapsed: 26:33, vertices: 1851, facets final: 240, pending: 126827, pool: 300
I 1598.74] Elapsed: 26:39, vertices: 1857, facets final: 242, pending: 126553, pool: 300
I 1604.79] Elapsed: 26:45, vertices: 1862, facets final: 242, pending: 126521, pool: 300
I 1610.02] Elapsed: 26:50, vertices: 1868, facets final: 243, pending: 126353, pool: 299
I 1615.77] Elapsed: 26:56, vertices: 1874, facets final: 246, pending: 126511, pool: 300
I 1620.90] Elapsed: 27:01, vertices: 1878, facets final: 246, pending: 126158, pool: 300
I 1626.50] Elapsed: 27:07, vertices: 1883, facets final: 248, pending: 125807, pool: 300
I 1632.17] Elapsed: 27:12, vertices: 1890, facets final: 251, pending: 125603, pool: 300
I 1637.75] Elapsed: 27:18, vertices: 1895, facets final: 253, pending: 125203, pool: 300
I 1643.42] Elapsed: 27:23, vertices: 1901, facets final: 255, pending: 125278, pool: 300
I 1649.28] Elapsed: 27:29, vertices: 1907, facets final: 256, pending: 124875, pool: 300
I 1654.99] Elapsed: 27:35, vertices: 1913, facets final: 259, pending: 124953, pool: 300
I 1660.40] Elapsed: 27:40, vertices: 1919, facets final: 260, pending: 124883, pool: 300
I 1666.27] Elapsed: 27:46, vertices: 1925, facets final: 261, pending: 124702, pool: 300
I 1671.79] Elapsed: 27:52, vertices: 1930, facets final: 261, pending: 125161, pool: 300
I 1677.50] Elapsed: 27:58, vertices: 1936, facets final: 262, pending: 124918, pool: 300
I 1682.94] Elapsed: 28:03, vertices: 1942, facets final: 264, pending: 124621, pool: 300
I 1688.04] Elapsed: 28:08, vertices: 1947, facets final: 265, pending: 125099, pool: 300
I 1693.40] Elapsed: 28:13, vertices: 1952, facets final: 265, pending: 125328, pool: 300
I 1698.88] Elapsed: 28:19, vertices: 1956, facets final: 266, pending: 125529, pool: 299
I 1704.44] Elapsed: 28:24, vertices: 1961, facets final: 269, pending: 125395, pool: 299
I 1709.44] Elapsed: 28:29, vertices: 1966, facets final: 272, pending: 125121, pool: 300
I 1715.43] Elapsed: 28:35, vertices: 1971, facets final: 273, pending: 124933, pool: 300
I 1721.29] Elapsed: 28:41, vertices: 1976, facets final: 275, pending: 124953, pool: 300
I 1726.84] Elapsed: 28:47, vertices: 1982, facets final: 275, pending: 125407, pool: 300
I 1732.48] Elapsed: 28:52, vertices: 1988, facets final: 275, pending: 125083, pool: 300
I 1737.52] Elapsed: 28:58, vertices: 1993, facets final: 277, pending: 125114, pool: 300
I 1742.54] Elapsed: 29:03, vertices: 1998, facets final: 278, pending: 124932, pool: 300
I 1747.87] Elapsed: 29:08, vertices: 2003, facets final: 278, pending: 125208, pool: 300
I 1753.42] Elapsed: 29:13, vertices: 2009, facets final: 279, pending: 125276, pool: 300
I 1758.47] Elapsed: 29:18, vertices: 2014, facets final: 280, pending: 125097, pool: 300
I 1763.48] Elapsed: 29:23, vertices: 2019, facets final: 280, pending: 125436, pool: 300
I 1768.48] Elapsed: 29:28, vertices: 2025, facets final: 284, pending: 125859, pool: 300
I 1774.08] Elapsed: 29:34, vertices: 2031, facets final: 285, pending: 126302, pool: 299
I 1780.50] Elapsed: 29:41, vertices: 2037, facets final: 290, pending: 126527, pool: 300
I 1785.55] Elapsed: 29:46, vertices: 2043, facets final: 292, pending: 126222, pool: 300
I 1791.58] Elapsed: 29:52, vertices: 2048, facets final: 292, pending: 125900, pool: 300
I 1796.62] Elapsed: 29:57, vertices: 2054, facets final: 295, pending: 125795, pool: 300
I 1802.22] Elapsed: 30:02, vertices: 2060, facets final: 295, pending: 125590, pool: 300
I 1807.67] Elapsed: 30:08, vertices: 2066, facets final: 297, pending: 125875, pool: 300
I 1813.60] Elapsed: 30:14, vertices: 2072, facets final: 298, pending: 126285, pool: 300
I 1818.70] Elapsed: 30:19, vertices: 2078, facets final: 300, pending: 126103, pool: 300
I 1823.84] Elapsed: 30:24, vertices: 2083, facets final: 301, pending: 125698, pool: 299
I 1829.01] Elapsed: 30:29, vertices: 2089, facets final: 301, pending: 125741, pool: 300
I 1834.73] Elapsed: 30:35, vertices: 2095, facets final: 302, pending: 125663, pool: 300
I 1839.73] Elapsed: 30:40, vertices: 2101, facets final: 303, pending: 125683, pool: 300
I 1845.98] Elapsed: 30:46, vertices: 2107, facets final: 306, pending: 125285, pool: 300
I 1851.61] Elapsed: 30:52, vertices: 2113, facets final: 307, pending: 124670, pool: 300
I 1857.22] Elapsed: 30:57, vertices: 2120, facets final: 309, pending: 124699, pool: 300
I 1862.29] Elapsed: 31:02, vertices: 2125, facets final: 309, pending: 124308, pool: 299
I 1867.69] Elapsed: 31:08, vertices: 2131, facets final: 309, pending: 124165, pool: 300
I 1873.19] Elapsed: 31:13, vertices: 2137, facets final: 309, pending: 123946, pool: 300
I 1878.34] Elapsed: 31:18, vertices: 2143, facets final: 311, pending: 123935, pool: 300
I 1883.85] Elapsed: 31:24, vertices: 2148, facets final: 311, pending: 123743, pool: 299
I 1889.08] Elapsed: 31:29, vertices: 2152, facets final: 315, pending: 123905, pool: 300
I 1894.60] Elapsed: 31:35, vertices: 2159, facets final: 316, pending: 123595, pool: 300
I 1899.64] Elapsed: 31:40, vertices: 2165, facets final: 321, pending: 123543, pool: 300
I 1904.79] Elapsed: 31:45, vertices: 2172, facets final: 323, pending: 123648, pool: 300
I 1910.61] Elapsed: 31:51, vertices: 2177, facets final: 326, pending: 123312, pool: 300
I 1916.22] Elapsed: 31:56, vertices: 2184, facets final: 326, pending: 123274, pool: 300
I 1922.39] Elapsed: 32:02, vertices: 2190, facets final: 327, pending: 123847, pool: 300
I 1927.42] Elapsed: 32:07, vertices: 2196, facets final: 331, pending: 123730, pool: 300
I 1932.49] Elapsed: 32:12, vertices: 2201, facets final: 331, pending: 123484, pool: 300
I 1937.49] Elapsed: 32:17, vertices: 2203, facets final: 335, pending: 123551, pool: 300
I 1943.26] Elapsed: 32:23, vertices: 2208, facets final: 335, pending: 123357, pool: 300
I 1948.96] Elapsed: 32:29, vertices: 2213, facets final: 339, pending: 123428, pool: 300
I 1955.37] Elapsed: 32:35, vertices: 2220, facets final: 341, pending: 123149, pool: 300
I 1961.54] Elapsed: 32:42, vertices: 2227, facets final: 343, pending: 122878, pool: 300
I 1966.76] Elapsed: 32:47, vertices: 2233, facets final: 344, pending: 123030, pool: 300
I 1972.75] Elapsed: 32:53, vertices: 2239, facets final: 348, pending: 122792, pool: 300
I 1978.57] Elapsed: 32:59, vertices: 2245, facets final: 349, pending: 122392, pool: 300
I 1984.39] Elapsed: 33:04, vertices: 2252, facets final: 352, pending: 122288, pool: 300
I 1989.74] Elapsed: 33:10, vertices: 2257, facets final: 353, pending: 121766, pool: 300
I 1995.22] Elapsed: 33:15, vertices: 2263, facets final: 356, pending: 121562, pool: 300
I 2000.88] Elapsed: 33:21, vertices: 2268, facets final: 357, pending: 121475, pool: 300
I 2006.19] Elapsed: 33:26, vertices: 2273, facets final: 361, pending: 121337, pool: 300
I 2012.13] Elapsed: 33:32, vertices: 2280, facets final: 363, pending: 120919, pool: 300
I 2017.83] Elapsed: 33:38, vertices: 2286, facets final: 363, pending: 120450, pool: 300
I 2022.87] Elapsed: 33:43, vertices: 2292, facets final: 365, pending: 120314, pool: 300
I 2028.48] Elapsed: 33:48, vertices: 2299, facets final: 368, pending: 119879, pool: 300
I 2033.64] Elapsed: 33:54, vertices: 2304, facets final: 369, pending: 119686, pool: 300
I 2039.19] Elapsed: 33:59, vertices: 2311, facets final: 374, pending: 119489, pool: 300
recalculate_facet: numerical instability at facet 5, coord 2 (1.15461e-06)
recalculate_facet: numerical instability at facet 5, coord 5 (-1.42202e-06)
I 2044.21] Elapsed: 34:04, vertices: 2317, facets final: 379, pending: 119216, pool: 300
I 2049.73] Elapsed: 34:10, vertices: 2323, facets final: 380, pending: 119153, pool: 300
recalculate_facet: numerical instability at facet 33, coord 0 (-1.3436e-06)
recalculate_facet: numerical instability at facet 33, coord 5 (1.83943e-06)
recalculate_facet: numerical instability at facet 34, coord 0 (-1.34704e-06)
recalculate_facet: numerical instability at facet 34, coord 5 (1.81805e-06)
recalculate_facet: numerical instability at facet 35, coord 5 (1.00119e-06)
I 2054.75] Elapsed: 34:15, vertices: 2328, facets final: 380, pending: 118695, pool: 300
I 2060.38] Elapsed: 34:20, vertices: 2335, facets final: 381, pending: 118290, pool: 300
I 2066.48] Elapsed: 34:26, vertices: 2342, facets final: 385, pending: 118058, pool: 300
I 2071.58] Elapsed: 34:32, vertices: 2348, facets final: 386, pending: 118300, pool: 300
I 2076.91] Elapsed: 34:37, vertices: 2354, facets final: 388, pending: 118029, pool: 300
I 2082.68] Elapsed: 34:43, vertices: 2361, facets final: 389, pending: 118358, pool: 300
I 2088.15] Elapsed: 34:48, vertices: 2368, facets final: 391, pending: 118574, pool: 300
I 2093.43] Elapsed: 34:53, vertices: 2374, facets final: 393, pending: 118075, pool: 300
I 2098.73] Elapsed: 34:59, vertices: 2380, facets final: 393, pending: 118436, pool: 299
I 2104.26] Elapsed: 35:04, vertices: 2385, facets final: 394, pending: 118304, pool: 300
I 2109.59] Elapsed: 35:10, vertices: 2390, facets final: 396, pending: 118469, pool: 300
I 2115.21] Elapsed: 35:15, vertices: 2397, facets final: 396, pending: 118709, pool: 300
I 2120.78] Elapsed: 35:21, vertices: 2404, facets final: 397, pending: 118516, pool: 300
I 2126.04] Elapsed: 35:26, vertices: 2409, facets final: 397, pending: 118186, pool: 300
I 2131.68] Elapsed: 35:32, vertices: 2416, facets final: 401, pending: 117846, pool: 300
I 2136.70] Elapsed: 35:37, vertices: 2421, facets final: 403, pending: 117950, pool: 300
I 2141.70] Elapsed: 35:42, vertices: 2428, facets final: 403, pending: 118074, pool: 300
I 2147.45] Elapsed: 35:47, vertices: 2434, facets final: 405, pending: 117918, pool: 300
I 2152.94] Elapsed: 35:53, vertices: 2441, facets final: 413, pending: 117625, pool: 300
I 2158.01] Elapsed: 35:58, vertices: 2447, facets final: 415, pending: 117665, pool: 300
I 2163.19] Elapsed: 36:03, vertices: 2455, facets final: 421, pending: 117655, pool: 299
I 2169.03] Elapsed: 36:09, vertices: 2462, facets final: 424, pending: 117338, pool: 300
I 2174.14] Elapsed: 36:14, vertices: 2469, facets final: 426, pending: 117387, pool: 300
I 2179.44] Elapsed: 36:19, vertices: 2477, facets final: 429, pending: 117278, pool: 299
I 2184.78] Elapsed: 36:25, vertices: 2482, facets final: 430, pending: 117769, pool: 300
I 2190.16] Elapsed: 36:30, vertices: 2488, facets final: 433, pending: 117545, pool: 300
I 2196.03] Elapsed: 36:36, vertices: 2495, facets final: 433, pending: 117200, pool: 300
I 2201.05] Elapsed: 36:41, vertices: 2500, facets final: 437, pending: 117109, pool: 300
I 2207.09] Elapsed: 36:47, vertices: 2507, facets final: 443, pending: 116857, pool: 300
I 2212.68] Elapsed: 36:53, vertices: 2512, facets final: 443, pending: 116384, pool: 300
I 2218.42] Elapsed: 36:58, vertices: 2518, facets final: 446, pending: 116208, pool: 300
I 2223.90] Elapsed: 37:04, vertices: 2525, facets final: 457, pending: 116022, pool: 300
I 2229.64] Elapsed: 37:10, vertices: 2534, facets final: 460, pending: 115977, pool: 300
I 2234.72] Elapsed: 37:15, vertices: 2541, facets final: 462, pending: 115882, pool: 300
I 2239.72] Elapsed: 37:20, vertices: 2547, facets final: 463, pending: 115647, pool: 300
I 2245.07] Elapsed: 37:25, vertices: 2552, facets final: 465, pending: 115815, pool: 300
I 2250.79] Elapsed: 37:31, vertices: 2559, facets final: 466, pending: 115568, pool: 300
I 2256.84] Elapsed: 37:37, vertices: 2567, facets final: 467, pending: 115709, pool: 300
I 2261.84] Elapsed: 37:42, vertices: 2573, facets final: 467, pending: 115562, pool: 300
I 2267.03] Elapsed: 37:47, vertices: 2580, facets final: 475, pending: 115319, pool: 300
I 2272.12] Elapsed: 37:52, vertices: 2587, facets final: 478, pending: 115245, pool: 300
I 2277.20] Elapsed: 37:57, vertices: 2593, facets final: 480, pending: 114855, pool: 300
I 2283.07] Elapsed: 38:03, vertices: 2601, facets final: 486, pending: 114787, pool: 300
I 2288.50] Elapsed: 38:09, vertices: 2605, facets final: 488, pending: 114605, pool: 300
I 2293.95] Elapsed: 38:14, vertices: 2611, facets final: 489, pending: 114433, pool: 300
I 2298.98] Elapsed: 38:19, vertices: 2617, facets final: 491, pending: 114197, pool: 300
I 2304.15] Elapsed: 38:24, vertices: 2623, facets final: 492, pending: 114340, pool: 300
I 2309.73] Elapsed: 38:30, vertices: 2630, facets final: 494, pending: 114210, pool: 300
I 2315.45] Elapsed: 38:35, vertices: 2635, facets final: 498, pending: 114028, pool: 300
I 2320.50] Elapsed: 38:41, vertices: 2640, facets final: 500, pending: 114067, pool: 300
I 2325.74] Elapsed: 38:46, vertices: 2645, facets final: 501, pending: 113996, pool: 300
I 2331.41] Elapsed: 38:51, vertices: 2650, facets final: 503, pending: 113758, pool: 300
I 2336.64] Elapsed: 38:57, vertices: 2658, facets final: 511, pending: 113692, pool: 300
I 2341.93] Elapsed: 39:02, vertices: 2664, facets final: 513, pending: 113413, pool: 300
I 2346.98] Elapsed: 39:07, vertices: 2669, facets final: 515, pending: 113641, pool: 300
I 2353.58] Elapsed: 39:14, vertices: 2676, facets final: 517, pending: 113861, pool: 300
I 2359.54] Elapsed: 39:20, vertices: 2683, facets final: 520, pending: 113423, pool: 300
I 2364.88] Elapsed: 39:25, vertices: 2689, facets final: 521, pending: 113308, pool: 300
I 2370.33] Elapsed: 39:30, vertices: 2697, facets final: 523, pending: 113146, pool: 300
recalculate_facet: numerical instability at facet 52, coord 0 (1.85713e-06)
recalculate_facet: numerical instability at facet 52, coord 5 (-3.19198e-06)
recalculate_facet: numerical instability at facet 52, coord 10 (-2.05597e-06)
recalculate_facet: numerical instability at facet 54, coord 3 (1.34166e-06)
recalculate_facet: numerical instability at facet 54, coord 10 (-1.35815e-06)
I 2376.12] Elapsed: 39:36, vertices: 2702, facets final: 523, pending: 112935, pool: 300
I 2381.64] Elapsed: 39:42, vertices: 2709, facets final: 530, pending: 112818, pool: 300
I 2387.64] Elapsed: 39:48, vertices: 2716, facets final: 532, pending: 112776, pool: 300
I 2392.90] Elapsed: 39:53, vertices: 2723, facets final: 538, pending: 112812, pool: 300
I 2398.83] Elapsed: 39:59, vertices: 2731, facets final: 541, pending: 112637, pool: 300
I 2405.82] Elapsed: 40:06, vertices: 2733, facets final: 542, pending: 112348, pool: 300
I 2411.94] Elapsed: 40:12, vertices: 2738, facets final: 545, pending: 112540, pool: 300
I 2417.10] Elapsed: 40:17, vertices: 2744, facets final: 547, pending: 112208, pool: 300
I 2422.27] Elapsed: 40:22, vertices: 2750, facets final: 551, pending: 112067, pool: 300
I 2428.49] Elapsed: 40:28, vertices: 2758, facets final: 558, pending: 111836, pool: 300
I 2433.90] Elapsed: 40:34, vertices: 2763, facets final: 561, pending: 111362, pool: 300
I 2439.68] Elapsed: 40:40, vertices: 2770, facets final: 566, pending: 111201, pool: 300
I 2445.32] Elapsed: 40:45, vertices: 2776, facets final: 573, pending: 111137, pool: 300
I 2450.69] Elapsed: 40:51, vertices: 2784, facets final: 576, pending: 111084, pool: 300
I 2455.85] Elapsed: 40:56, vertices: 2790, facets final: 577, pending: 111119, pool: 300
I 2460.91] Elapsed: 41:01, vertices: 2796, facets final: 579, pending: 111083, pool: 300
I 2465.95] Elapsed: 41:06, vertices: 2804, facets final: 583, pending: 110842, pool: 298
I 2471.67] Elapsed: 41:12, vertices: 2809, facets final: 585, pending: 110294, pool: 300
I 2476.79] Elapsed: 41:17, vertices: 2816, facets final: 590, pending: 110158, pool: 300
I 2482.42] Elapsed: 41:22, vertices: 2822, facets final: 594, pending: 110048, pool: 300
I 2487.53] Elapsed: 41:28, vertices: 2828, facets final: 595, pending: 109989, pool: 300
I 2492.57] Elapsed: 41:33, vertices: 2835, facets final: 599, pending: 109943, pool: 300
I 2498.86] Elapsed: 41:39, vertices: 2842, facets final: 600, pending: 109771, pool: 300
I 2504.00] Elapsed: 41:44, vertices: 2848, facets final: 607, pending: 109853, pool: 300
I 2509.02] Elapsed: 41:49, vertices: 2854, facets final: 610, pending: 109659, pool: 300
I 2514.31] Elapsed: 41:54, vertices: 2860, facets final: 616, pending: 109666, pool: 300
I 2519.90] Elapsed: 42:00, vertices: 2868, facets final: 619, pending: 109452, pool: 300
I 2526.06] Elapsed: 42:06, vertices: 2875, facets final: 621, pending: 109121, pool: 300
I 2531.63] Elapsed: 42:12, vertices: 2883, facets final: 622, pending: 108752, pool: 300
I 2537.29] Elapsed: 42:17, vertices: 2889, facets final: 625, pending: 108430, pool: 300
I 2542.78] Elapsed: 42:23, vertices: 2896, facets final: 630, pending: 108357, pool: 300
I 2549.49] Elapsed: 42:29, vertices: 2903, facets final: 633, pending: 108567, pool: 300
I 2554.49] Elapsed: 42:34, vertices: 2909, facets final: 634, pending: 108832, pool: 299
I 2560.18] Elapsed: 42:40, vertices: 2916, facets final: 651, pending: 108786, pool: 300
I 2565.70] Elapsed: 42:46, vertices: 2923, facets final: 652, pending: 108531, pool: 300
I 2570.85] Elapsed: 42:51, vertices: 2930, facets final: 656, pending: 108310, pool: 300
recalculate_facet: numerical instability at facet 11, coord 0 (-6.16719e-06)
recalculate_facet: numerical instability at facet 11, coord 5 (5.12975e-06)
recalculate_facet: numerical instability at facet 11, coord 10 (-1.53723e-06)
I 2575.89] Elapsed: 42:56, vertices: 2936, facets final: 659, pending: 108410, pool: 300
I 2581.37] Elapsed: 43:01, vertices: 2943, facets final: 660, pending: 108454, pool: 299
I 2587.01] Elapsed: 43:07, vertices: 2950, facets final: 660, pending: 108596, pool: 300
I 2592.42] Elapsed: 43:12, vertices: 2958, facets final: 661, pending: 108362, pool: 300
I 2597.63] Elapsed: 43:18, vertices: 2966, facets final: 665, pending: 108225, pool: 299
I 2603.06] Elapsed: 43:23, vertices: 2974, facets final: 672, pending: 108084, pool: 300
I 2608.55] Elapsed: 43:29, vertices: 2982, facets final: 676, pending: 107967, pool: 300
I 2614.79] Elapsed: 43:35, vertices: 2990, facets final: 680, pending: 108201, pool: 300
I 2621.20] Elapsed: 43:41, vertices: 2998, facets final: 683, pending: 107631, pool: 300
I 2626.75] Elapsed: 43:47, vertices: 3006, facets final: 690, pending: 107717, pool: 300
I 2632.82] Elapsed: 43:53, vertices: 3014, facets final: 694, pending: 107467, pool: 300
I 2638.13] Elapsed: 43:58, vertices: 3021, facets final: 699, pending: 107726, pool: 300
I 2643.67] Elapsed: 44:04, vertices: 3027, facets final: 701, pending: 107670, pool: 300
I 2648.96] Elapsed: 44:09, vertices: 3035, facets final: 705, pending: 107322, pool: 300
I 2654.41] Elapsed: 44:14, vertices: 3042, facets final: 713, pending: 107119, pool: 300
I 2659.66] Elapsed: 44:20, vertices: 3049, facets final: 717, pending: 106826, pool: 300
I 2665.02] Elapsed: 44:25, vertices: 3057, facets final: 718, pending: 106854, pool: 300
I 2670.74] Elapsed: 44:31, vertices: 3065, facets final: 723, pending: 106849, pool: 300
I 2676.08] Elapsed: 44:36, vertices: 3072, facets final: 730, pending: 106574, pool: 299
I 2681.11] Elapsed: 44:41, vertices: 3078, facets final: 738, pending: 106403, pool: 300
I 2686.68] Elapsed: 44:47, vertices: 3085, facets final: 741, pending: 106709, pool: 300
I 2692.15] Elapsed: 44:52, vertices: 3092, facets final: 748, pending: 106614, pool: 300
I 2697.62] Elapsed: 44:58, vertices: 3098, facets final: 756, pending: 106793, pool: 300
I 2703.04] Elapsed: 45:03, vertices: 3103, facets final: 760, pending: 106701, pool: 300
I 2708.48] Elapsed: 45:08, vertices: 3110, facets final: 764, pending: 106664, pool: 299
I 2713.56] Elapsed: 45:14, vertices: 3115, facets final: 766, pending: 106890, pool: 300
I 2719.34] Elapsed: 45:19, vertices: 3120, facets final: 767, pending: 106635, pool: 300
I 2724.59] Elapsed: 45:25, vertices: 3125, facets final: 768, pending: 106748, pool: 300
I 2729.79] Elapsed: 45:30, vertices: 3131, facets final: 771, pending: 106607, pool: 300
I 2734.91] Elapsed: 45:35, vertices: 3137, facets final: 774, pending: 106539, pool: 300
I 2740.35] Elapsed: 45:40, vertices: 3144, facets final: 777, pending: 106317, pool: 300
I 2745.42] Elapsed: 45:45, vertices: 3153, facets final: 782, pending: 106468, pool: 300
I 2750.43] Elapsed: 45:50, vertices: 3161, facets final: 787, pending: 106107, pool: 300
recalculate_facet: numerical instability at facet 76547, coord 10 (1.96389e-06)
I 2756.25] Elapsed: 45:56, vertices: 3170, facets final: 791, pending: 105918, pool: 300
I 2761.53] Elapsed: 46:02, vertices: 3178, facets final: 798, pending: 105885, pool: 300
I 2766.97] Elapsed: 46:07, vertices: 3185, facets final: 801, pending: 105723, pool: 300
I 2772.00] Elapsed: 46:12, vertices: 3193, facets final: 811, pending: 106022, pool: 300
I 2777.29] Elapsed: 46:17, vertices: 3200, facets final: 815, pending: 106120, pool: 300
I 2782.72] Elapsed: 46:23, vertices: 3208, facets final: 824, pending: 105912, pool: 300
I 2788.35] Elapsed: 46:28, vertices: 3216, facets final: 827, pending: 105692, pool: 300
I 2793.39] Elapsed: 46:33, vertices: 3223, facets final: 827, pending: 105655, pool: 300
I 2799.10] Elapsed: 46:39, vertices: 3230, facets final: 833, pending: 105286, pool: 300
I 2804.89] Elapsed: 46:45, vertices: 3238, facets final: 839, pending: 105126, pool: 300
I 2810.16] Elapsed: 46:50, vertices: 3244, facets final: 844, pending: 105229, pool: 300
I 2815.56] Elapsed: 46:56, vertices: 3251, facets final: 846, pending: 105014, pool: 300
I 2820.88] Elapsed: 47:01, vertices: 3258, facets final: 851, pending: 104935, pool: 299
I 2826.28] Elapsed: 47:06, vertices: 3265, facets final: 858, pending: 104772, pool: 300
I 2831.51] Elapsed: 47:12, vertices: 3273, facets final: 865, pending: 104553, pool: 300
I 2837.29] Elapsed: 47:17, vertices: 3280, facets final: 870, pending: 104307, pool: 300
I 2842.81] Elapsed: 47:23, vertices: 3289, facets final: 875, pending: 104089, pool: 299
I 2848.25] Elapsed: 47:28, vertices: 3296, facets final: 875, pending: 104145, pool: 300
I 2853.34] Elapsed: 47:33, vertices: 3302, facets final: 878, pending: 104000, pool: 300
I 2858.74] Elapsed: 47:39, vertices: 3309, facets final: 884, pending: 103717, pool: 300
I 2865.09] Elapsed: 47:45, vertices: 3317, facets final: 889, pending: 103919, pool: 300
I 2870.80] Elapsed: 47:51, vertices: 3325, facets final: 893, pending: 104011, pool: 300
I 2875.87] Elapsed: 47:56, vertices: 3333, facets final: 899, pending: 103826, pool: 300
I 2880.96] Elapsed: 48:01, vertices: 3338, facets final: 901, pending: 103608, pool: 300
I 2886.30] Elapsed: 48:06, vertices: 3344, facets final: 905, pending: 103593, pool: 299
I 2891.46] Elapsed: 48:11, vertices: 3350, facets final: 915, pending: 103371, pool: 300
I 2896.60] Elapsed: 48:17, vertices: 3356, facets final: 919, pending: 103390, pool: 300
I 2901.89] Elapsed: 48:22, vertices: 3363, facets final: 925, pending: 103531, pool: 300
I 2906.97] Elapsed: 48:27, vertices: 3370, facets final: 929, pending: 103422, pool: 300
I 2912.31] Elapsed: 48:32, vertices: 3376, facets final: 931, pending: 103156, pool: 300
I 2917.98] Elapsed: 48:38, vertices: 3382, facets final: 935, pending: 102924, pool: 300
I 2923.01] Elapsed: 48:43, vertices: 3388, facets final: 937, pending: 102756, pool: 300
I 2928.14] Elapsed: 48:48, vertices: 3395, facets final: 939, pending: 102332, pool: 300
I 2933.24] Elapsed: 48:53, vertices: 3402, facets final: 942, pending: 101993, pool: 300
I 2938.36] Elapsed: 48:58, vertices: 3410, facets final: 950, pending: 101845, pool: 300
I 2943.56] Elapsed: 49:04, vertices: 3418, facets final: 959, pending: 101582, pool: 300
I 2948.78] Elapsed: 49:09, vertices: 3427, facets final: 967, pending: 101707, pool: 300
I 2954.14] Elapsed: 49:14, vertices: 3435, facets final: 969, pending: 101659, pool: 300
recalculate_facet: numerical instability at facet 10, coord 0 (1.14275e-05)
recalculate_facet: numerical instability at facet 10, coord 4 (1.36206e-06)
recalculate_facet: numerical instability at facet 10, coord 5 (-1.09408e-05)
I 2959.57] Elapsed: 49:20, vertices: 3443, facets final: 975, pending: 101410, pool: 300
I 2964.65] Elapsed: 49:25, vertices: 3452, facets final: 983, pending: 101430, pool: 300
I 2969.67] Elapsed: 49:30, vertices: 3460, facets final: 989, pending: 101096, pool: 299
I 2974.80] Elapsed: 49:35, vertices: 3468, facets final: 994, pending: 101323, pool: 300
I 2980.13] Elapsed: 49:40, vertices: 3477, facets final: 1000, pending: 101311, pool: 300
I 2985.33] Elapsed: 49:45, vertices: 3484, facets final: 1008, pending: 101363, pool: 300
I 2990.82] Elapsed: 49:51, vertices: 3491, facets final: 1009, pending: 101236, pool: 300
I 2996.33] Elapsed: 49:56, vertices: 3499, facets final: 1011, pending: 101052, pool: 300
I 3001.60] Elapsed: 50:02, vertices: 3507, facets final: 1018, pending: 100741, pool: 300
I 3006.69] Elapsed: 50:07, vertices: 3515, facets final: 1022, pending: 100893, pool: 300
I 3011.91] Elapsed: 50:12, vertices: 3522, facets final: 1025, pending: 100696, pool: 300
I 3017.54] Elapsed: 50:18, vertices: 3530, facets final: 1038, pending: 100573, pool: 300
I 3022.54] Elapsed: 50:23, vertices: 3537, facets final: 1038, pending: 100540, pool: 299
I 3027.65] Elapsed: 50:28, vertices: 3544, facets final: 1041, pending: 100485, pool: 299
I 3032.94] Elapsed: 50:33, vertices: 3552, facets final: 1046, pending: 100478, pool: 300
I 3038.21] Elapsed: 50:38, vertices: 3560, facets final: 1054, pending: 100233, pool: 300
I 3043.32] Elapsed: 50:43, vertices: 3567, facets final: 1061, pending: 100159, pool: 300
I 3048.46] Elapsed: 50:48, vertices: 3576, facets final: 1075, pending: 100408, pool: 299
I 3054.17] Elapsed: 50:54, vertices: 3584, facets final: 1080, pending: 100252, pool: 300
I 3059.32] Elapsed: 50:59, vertices: 3592, facets final: 1090, pending: 100090, pool: 300
I 3064.47] Elapsed: 51:04, vertices: 3599, facets final: 1099, pending: 100059, pool: 300
I 3069.57] Elapsed: 51:10, vertices: 3606, facets final: 1103, pending: 100157, pool: 300
I 3074.75] Elapsed: 51:15, vertices: 3615, facets final: 1120, pending: 100069, pool: 299
I 3080.43] Elapsed: 51:20, vertices: 3622, facets final: 1125, pending: 99993, pool: 300
I 3086.36] Elapsed: 51:26, vertices: 3630, facets final: 1129, pending: 99717, pool: 300
I 3091.64] Elapsed: 51:32, vertices: 3638, facets final: 1132, pending: 99541, pool: 300
I 3097.82] Elapsed: 51:38, vertices: 3646, facets final: 1133, pending: 99567, pool: 300
I 3103.01] Elapsed: 51:43, vertices: 3653, facets final: 1145, pending: 99299, pool: 300
I 3109.01] Elapsed: 51:49, vertices: 3659, facets final: 1147, pending: 99224, pool: 300
I 3114.26] Elapsed: 51:54, vertices: 3666, facets final: 1156, pending: 99478, pool: 299
I 3119.78] Elapsed: 52:00, vertices: 3673, facets final: 1163, pending: 99270, pool: 300
I 3124.90] Elapsed: 52:05, vertices: 3679, facets final: 1167, pending: 99090, pool: 300
I 3130.42] Elapsed: 52:10, vertices: 3687, facets final: 1171, pending: 98913, pool: 300
I 3135.70] Elapsed: 52:16, vertices: 3695, facets final: 1181, pending: 98533, pool: 300
I 3140.78] Elapsed: 52:21, vertices: 3702, facets final: 1189, pending: 98365, pool: 300
I 3146.30] Elapsed: 52:26, vertices: 3710, facets final: 1196, pending: 98545, pool: 300
I 3151.74] Elapsed: 52:32, vertices: 3718, facets final: 1209, pending: 98338, pool: 300
I 3157.03] Elapsed: 52:37, vertices: 3725, facets final: 1213, pending: 98309, pool: 300
I 3162.03] Elapsed: 52:42, vertices: 3733, facets final: 1219, pending: 98279, pool: 300
I 3167.85] Elapsed: 52:48, vertices: 3739, facets final: 1225, pending: 98191, pool: 300
I 3173.54] Elapsed: 52:54, vertices: 3749, facets final: 1241, pending: 97901, pool: 300
I 3179.24] Elapsed: 52:59, vertices: 3757, facets final: 1247, pending: 97579, pool: 300
I 3184.64] Elapsed: 53:05, vertices: 3765, facets final: 1257, pending: 97805, pool: 300
I 3189.95] Elapsed: 53:10, vertices: 3774, facets final: 1264, pending: 97686, pool: 300
I 3195.27] Elapsed: 53:15, vertices: 3782, facets final: 1273, pending: 97756, pool: 300
I 3200.32] Elapsed: 53:20, vertices: 3792, facets final: 1274, pending: 97498, pool: 300
I 3205.48] Elapsed: 53:25, vertices: 3802, facets final: 1287, pending: 97221, pool: 300
I 3210.54] Elapsed: 53:31, vertices: 3812, facets final: 1290, pending: 96894, pool: 300
I 3215.54] Elapsed: 53:36, vertices: 3820, facets final: 1296, pending: 96812, pool: 300
I 3220.99] Elapsed: 53:41, vertices: 3830, facets final: 1317, pending: 96799, pool: 300
I 3226.19] Elapsed: 53:46, vertices: 3838, facets final: 1324, pending: 96850, pool: 300
I 3231.49] Elapsed: 53:51, vertices: 3847, facets final: 1341, pending: 96588, pool: 300
I 3237.13] Elapsed: 53:57, vertices: 3856, facets final: 1346, pending: 96111, pool: 300
I 3242.42] Elapsed: 54:02, vertices: 3865, facets final: 1350, pending: 95998, pool: 300
I 3247.67] Elapsed: 54:08, vertices: 3873, facets final: 1368, pending: 96216, pool: 300
I 3253.29] Elapsed: 54:13, vertices: 3881, facets final: 1376, pending: 96441, pool: 300
I 3258.73] Elapsed: 54:19, vertices: 3889, facets final: 1382, pending: 96253, pool: 300
I 3263.93] Elapsed: 54:24, vertices: 3897, facets final: 1393, pending: 96287, pool: 300
I 3269.50] Elapsed: 54:30, vertices: 3905, facets final: 1400, pending: 96352, pool: 300
I 3275.26] Elapsed: 54:35, vertices: 3913, facets final: 1417, pending: 96163, pool: 300
I 3280.73] Elapsed: 54:41, vertices: 3922, facets final: 1423, pending: 95882, pool: 300
I 3286.09] Elapsed: 54:46, vertices: 3931, facets final: 1431, pending: 95721, pool: 300
I 3291.28] Elapsed: 54:51, vertices: 3938, facets final: 1440, pending: 95455, pool: 300
I 3296.60] Elapsed: 54:57, vertices: 3947, facets final: 1454, pending: 95294, pool: 300
I 3302.34] Elapsed: 55:02, vertices: 3955, facets final: 1461, pending: 95148, pool: 300
I 3307.65] Elapsed: 55:08, vertices: 3964, facets final: 1469, pending: 95159, pool: 300
I 3313.03] Elapsed: 55:13, vertices: 3972, facets final: 1477, pending: 94951, pool: 300
I 3318.44] Elapsed: 55:18, vertices: 3983, facets final: 1491, pending: 94823, pool: 300
I 3323.79] Elapsed: 55:24, vertices: 3992, facets final: 1497, pending: 94769, pool: 300
I 3329.12] Elapsed: 55:29, vertices: 3999, facets final: 1498, pending: 94877, pool: 300
I 3335.25] Elapsed: 55:35, vertices: 4006, facets final: 1514, pending: 95160, pool: 300
I 3340.63] Elapsed: 55:41, vertices: 4014, facets final: 1518, pending: 95236, pool: 300
I 3345.89] Elapsed: 55:46, vertices: 4022, facets final: 1522, pending: 95407, pool: 300
I 3351.49] Elapsed: 55:51, vertices: 4030, facets final: 1529, pending: 95506, pool: 300
I 3358.08] Elapsed: 55:58, vertices: 4038, facets final: 1537, pending: 95592, pool: 300
I 3363.12] Elapsed: 56:03, vertices: 4046, facets final: 1540, pending: 95521, pool: 300
I 3369.05] Elapsed: 56:09, vertices: 4054, facets final: 1551, pending: 95317, pool: 300
I 3374.90] Elapsed: 56:15, vertices: 4062, facets final: 1556, pending: 95204, pool: 300
I 3380.05] Elapsed: 56:20, vertices: 4069, facets final: 1562, pending: 95135, pool: 300
I 3385.41] Elapsed: 56:25, vertices: 4075, facets final: 1562, pending: 94973, pool: 300
I 3390.84] Elapsed: 56:31, vertices: 4083, facets final: 1568, pending: 94837, pool: 300
I 3396.14] Elapsed: 56:36, vertices: 4092, facets final: 1576, pending: 94943, pool: 300
I 3401.19] Elapsed: 56:41, vertices: 4099, facets final: 1589, pending: 94853, pool: 300
I 3406.46] Elapsed: 56:46, vertices: 4106, facets final: 1595, pending: 94911, pool: 300
I 3412.00] Elapsed: 56:52, vertices: 4114, facets final: 1598, pending: 94753, pool: 300
I 3417.35] Elapsed: 56:57, vertices: 4121, facets final: 1604, pending: 94819, pool: 300
I 3422.53] Elapsed: 57:03, vertices: 4127, facets final: 1613, pending: 94842, pool: 299
I 3427.55] Elapsed: 57:08, vertices: 4134, facets final: 1625, pending: 94705, pool: 300
I 3432.58] Elapsed: 57:13, vertices: 4140, facets final: 1632, pending: 94689, pool: 300
I 3437.76] Elapsed: 57:18, vertices: 4148, facets final: 1643, pending: 94551, pool: 300
I 3443.26] Elapsed: 57:23, vertices: 4158, facets final: 1650, pending: 94477, pool: 300
I 3448.80] Elapsed: 57:29, vertices: 4164, facets final: 1661, pending: 94405, pool: 300
I 3454.13] Elapsed: 57:34, vertices: 4172, facets final: 1667, pending: 94017, pool: 300
I 3459.38] Elapsed: 57:39, vertices: 4180, facets final: 1674, pending: 93976, pool: 300
I 3464.97] Elapsed: 57:45, vertices: 4190, facets final: 1677, pending: 93776, pool: 300
I 3470.20] Elapsed: 57:50, vertices: 4199, facets final: 1683, pending: 93700, pool: 299
I 3475.34] Elapsed: 57:55, vertices: 4209, facets final: 1687, pending: 93647, pool: 300
I 3480.40] Elapsed: 58:00, vertices: 4218, facets final: 1696, pending: 93560, pool: 300
I 3486.08] Elapsed: 58:06, vertices: 4228, facets final: 1704, pending: 93446, pool: 300
I 3491.97] Elapsed: 58:12, vertices: 4239, facets final: 1712, pending: 93053, pool: 300
I 3497.22] Elapsed: 58:17, vertices: 4248, facets final: 1729, pending: 93277, pool: 300
I 3502.52] Elapsed: 58:23, vertices: 4256, facets final: 1736, pending: 93160, pool: 300
I 3507.62] Elapsed: 58:28, vertices: 4265, facets final: 1742, pending: 93189, pool: 300
I 3513.00] Elapsed: 58:33, vertices: 4274, facets final: 1760, pending: 93358, pool: 300
I 3518.04] Elapsed: 58:38, vertices: 4283, facets final: 1773, pending: 93337, pool: 300
I 3523.79] Elapsed: 58:44, vertices: 4291, facets final: 1778, pending: 93410, pool: 300
I 3529.04] Elapsed: 58:49, vertices: 4300, facets final: 1801, pending: 93099, pool: 300
I 3534.09] Elapsed: 58:54, vertices: 4310, facets final: 1816, pending: 93185, pool: 300
I 3539.14] Elapsed: 58:59, vertices: 4317, facets final: 1825, pending: 93117, pool: 300
Final facet 102093 is on the negative side of vertex 4322 (d=-5.89584e-08)
I 3544.33] Elapsed: 59:04, vertices: 4326, facets final: 1836, pending: 92913, pool: 300
I 3549.62] Elapsed: 59:10, vertices: 4336, facets final: 1854, pending: 92829, pool: 300
I 3555.06] Elapsed: 59:15, vertices: 4345, facets final: 1862, pending: 92604, pool: 300
I 3560.47] Elapsed: 59:20, vertices: 4355, facets final: 1871, pending: 92493, pool: 300
I 3565.64] Elapsed: 59:26, vertices: 4364, facets final: 1880, pending: 92515, pool: 300
I 3570.91] Elapsed: 59:31, vertices: 4372, facets final: 1896, pending: 92507, pool: 299
I 3576.02] Elapsed: 59:36, vertices: 4381, facets final: 1904, pending: 92483, pool: 300
I 3581.05] Elapsed: 59:41, vertices: 4390, facets final: 1917, pending: 92407, pool: 300
I 3586.63] Elapsed: 59:47, vertices: 4400, facets final: 1929, pending: 92332, pool: 300
I 3592.05] Elapsed: 59:52, vertices: 4408, facets final: 1946, pending: 92167, pool: 300
I 3597.42] Elapsed: 59:57, vertices: 4418, facets final: 1954, pending: 92023, pool: 300
I 3605.27] Elapsed: 1:00:05, vertices: 4425, facets final: 1972, pending: 92094, pool: 300
I 3610.70] Elapsed: 1:00:11, vertices: 4435, facets final: 1978, pending: 91973, pool: 300
I 3616.43] Elapsed: 1:00:16, vertices: 4445, facets final: 1997, pending: 91941, pool: 300
I 3622.01] Elapsed: 1:00:22, vertices: 4455, facets final: 2022, pending: 91839, pool: 300
I 3627.28] Elapsed: 1:00:27, vertices: 4463, facets final: 2040, pending: 91713, pool: 300
I 3632.42] Elapsed: 1:00:32, vertices: 4470, facets final: 2054, pending: 91411, pool: 300
I 3637.49] Elapsed: 1:00:37, vertices: 4479, facets final: 2077, pending: 91198, pool: 300
I 3643.00] Elapsed: 1:00:43, vertices: 4487, facets final: 2087, pending: 91408, pool: 300
I 3648.37] Elapsed: 1:00:48, vertices: 4495, facets final: 2100, pending: 91463, pool: 300
I 3653.89] Elapsed: 1:00:54, vertices: 4503, facets final: 2109, pending: 91156, pool: 300
I 3659.07] Elapsed: 1:00:59, vertices: 4512, facets final: 2123, pending: 91076, pool: 300
I 3664.24] Elapsed: 1:01:04, vertices: 4521, facets final: 2145, pending: 90994, pool: 300
I 3669.48] Elapsed: 1:01:09, vertices: 4530, facets final: 2154, pending: 90993, pool: 300
I 3675.25] Elapsed: 1:01:15, vertices: 4539, facets final: 2163, pending: 90877, pool: 300
I 3680.27] Elapsed: 1:01:20, vertices: 4548, facets final: 2181, pending: 90879, pool: 300
I 3685.60] Elapsed: 1:01:26, vertices: 4556, facets final: 2189, pending: 90765, pool: 300
I 3691.12] Elapsed: 1:01:31, vertices: 4565, facets final: 2199, pending: 90448, pool: 300
I 3696.59] Elapsed: 1:01:37, vertices: 4575, facets final: 2207, pending: 90423, pool: 300
I 3701.97] Elapsed: 1:01:42, vertices: 4585, facets final: 2223, pending: 90348, pool: 300
Final facet 44272 is on the negative side of vertex 4589 (d=-2.69073e-07)
I 3708.18] Elapsed: 1:01:48, vertices: 4594, facets final: 2226, pending: 90157, pool: 300
I 3713.51] Elapsed: 1:01:54, vertices: 4603, facets final: 2231, pending: 89954, pool: 300
I 3718.71] Elapsed: 1:01:59, vertices: 4612, facets final: 2248, pending: 89847, pool: 300
I 3723.93] Elapsed: 1:02:04, vertices: 4621, facets final: 2255, pending: 89880, pool: 300
I 3729.14] Elapsed: 1:02:09, vertices: 4629, facets final: 2267, pending: 89753, pool: 300
I 3734.35] Elapsed: 1:02:14, vertices: 4638, facets final: 2274, pending: 89670, pool: 300
I 3739.42] Elapsed: 1:02:19, vertices: 4647, facets final: 2287, pending: 89820, pool: 300
I 3744.46] Elapsed: 1:02:24, vertices: 4654, facets final: 2296, pending: 89567, pool: 300
I 3750.15] Elapsed: 1:02:30, vertices: 4663, facets final: 2310, pending: 89746, pool: 300
I 3755.44] Elapsed: 1:02:35, vertices: 4672, facets final: 2325, pending: 89582, pool: 299
I 3761.04] Elapsed: 1:02:41, vertices: 4681, facets final: 2329, pending: 89493, pool: 300
I 3766.80] Elapsed: 1:02:47, vertices: 4690, facets final: 2338, pending: 89293, pool: 300
I 3772.28] Elapsed: 1:02:52, vertices: 4699, facets final: 2363, pending: 89214, pool: 300
I 3777.44] Elapsed: 1:02:57, vertices: 4708, facets final: 2370, pending: 89107, pool: 300
I 3783.03] Elapsed: 1:03:03, vertices: 4715, facets final: 2388, pending: 88892, pool: 300
I 3788.26] Elapsed: 1:03:08, vertices: 4724, facets final: 2407, pending: 88951, pool: 300
I 3793.45] Elapsed: 1:03:13, vertices: 4732, facets final: 2424, pending: 88633, pool: 300
I 3799.04] Elapsed: 1:03:19, vertices: 4741, facets final: 2431, pending: 88642, pool: 300
I 3804.34] Elapsed: 1:03:24, vertices: 4749, facets final: 2444, pending: 88620, pool: 300
I 3809.94] Elapsed: 1:03:30, vertices: 4757, facets final: 2482, pending: 88615, pool: 300
I 3815.21] Elapsed: 1:03:35, vertices: 4765, facets final: 2496, pending: 88474, pool: 300
I 3820.69] Elapsed: 1:03:41, vertices: 4773, facets final: 2502, pending: 88380, pool: 300
I 3825.93] Elapsed: 1:03:46, vertices: 4782, facets final: 2516, pending: 88460, pool: 300
I 3831.25] Elapsed: 1:03:51, vertices: 4789, facets final: 2522, pending: 88410, pool: 300
I 3836.54] Elapsed: 1:03:57, vertices: 4802, facets final: 2539, pending: 88273, pool: 300
I 3841.88] Elapsed: 1:04:02, vertices: 4815, facets final: 2558, pending: 88122, pool: 300
I 3847.43] Elapsed: 1:04:07, vertices: 4826, facets final: 2563, pending: 88058, pool: 300
I 3852.58] Elapsed: 1:04:13, vertices: 4838, facets final: 2575, pending: 87794, pool: 300
Final facet 64593 is on the negative side of vertex 4845 (d=-4.60602e-08)
I 3857.70] Elapsed: 1:04:18, vertices: 4849, facets final: 2589, pending: 87646, pool: 300
I 3862.79] Elapsed: 1:04:23, vertices: 4861, facets final: 2605, pending: 87601, pool: 300
I 3868.09] Elapsed: 1:04:28, vertices: 4870, facets final: 2624, pending: 87794, pool: 300
I 3873.25] Elapsed: 1:04:33, vertices: 4881, facets final: 2636, pending: 87840, pool: 300
I 3878.48] Elapsed: 1:04:38, vertices: 4891, facets final: 2649, pending: 87627, pool: 300
I 3883.95] Elapsed: 1:04:44, vertices: 4902, facets final: 2661, pending: 87647, pool: 300
I 3889.19] Elapsed: 1:04:49, vertices: 4912, facets final: 2668, pending: 87515, pool: 300
I 3894.56] Elapsed: 1:04:55, vertices: 4923, facets final: 2684, pending: 87376, pool: 300
I 3899.95] Elapsed: 1:05:00, vertices: 4931, facets final: 2702, pending: 87181, pool: 300
I 3905.08] Elapsed: 1:05:05, vertices: 4941, facets final: 2712, pending: 87155, pool: 300
I 3910.49] Elapsed: 1:05:10, vertices: 4950, facets final: 2723, pending: 86920, pool: 300
I 3915.52] Elapsed: 1:05:16, vertices: 4960, facets final: 2734, pending: 86753, pool: 300
I 3920.85] Elapsed: 1:05:21, vertices: 4971, facets final: 2758, pending: 86604, pool: 300
I 3926.48] Elapsed: 1:05:26, vertices: 4982, facets final: 2794, pending: 86544, pool: 300
I 3932.48] Elapsed: 1:05:32, vertices: 4992, facets final: 2815, pending: 86300, pool: 300
I 3937.54] Elapsed: 1:05:38, vertices: 5003, facets final: 2839, pending: 86108, pool: 300
I 3943.12] Elapsed: 1:05:43, vertices: 5014, facets final: 2850, pending: 85924, pool: 300
I 3948.40] Elapsed: 1:05:48, vertices: 5022, facets final: 2874, pending: 85928, pool: 300
I 3953.44] Elapsed: 1:05:53, vertices: 5031, facets final: 2881, pending: 85906, pool: 300
I 3958.68] Elapsed: 1:05:59, vertices: 5041, facets final: 2897, pending: 85839, pool: 300
I 3964.05] Elapsed: 1:06:04, vertices: 5051, facets final: 2909, pending: 85792, pool: 300
I 3969.58] Elapsed: 1:06:10, vertices: 5060, facets final: 2931, pending: 85538, pool: 300
I 3974.98] Elapsed: 1:06:15, vertices: 5069, facets final: 2951, pending: 85850, pool: 300
I 3980.07] Elapsed: 1:06:20, vertices: 5079, facets final: 2971, pending: 85724, pool: 300
I 3985.62] Elapsed: 1:06:26, vertices: 5089, facets final: 2986, pending: 85514, pool: 300
I 3990.94] Elapsed: 1:06:31, vertices: 5099, facets final: 3006, pending: 85674, pool: 300
I 3996.21] Elapsed: 1:06:36, vertices: 5109, facets final: 3018, pending: 85644, pool: 300
I 4001.61] Elapsed: 1:06:42, vertices: 5119, facets final: 3039, pending: 85415, pool: 299
I 4006.98] Elapsed: 1:06:47, vertices: 5130, facets final: 3070, pending: 85257, pool: 300
I 4012.19] Elapsed: 1:06:52, vertices: 5141, facets final: 3097, pending: 85220, pool: 300
I 4017.21] Elapsed: 1:06:57, vertices: 5150, facets final: 3104, pending: 85005, pool: 300
I 4022.25] Elapsed: 1:07:02, vertices: 5160, facets final: 3128, pending: 84812, pool: 300
I 4027.42] Elapsed: 1:07:07, vertices: 5170, facets final: 3142, pending: 84752, pool: 300
I 4032.52] Elapsed: 1:07:13, vertices: 5179, facets final: 3162, pending: 84504, pool: 300
I 4037.81] Elapsed: 1:07:18, vertices: 5190, facets final: 3173, pending: 84426, pool: 300
I 4043.40] Elapsed: 1:07:23, vertices: 5201, facets final: 3206, pending: 84224, pool: 300
I 4048.76] Elapsed: 1:07:29, vertices: 5212, facets final: 3225, pending: 84151, pool: 300
I 4054.16] Elapsed: 1:07:34, vertices: 5222, facets final: 3265, pending: 84070, pool: 300
I 4059.58] Elapsed: 1:07:40, vertices: 5232, facets final: 3283, pending: 83993, pool: 300
I 4064.87] Elapsed: 1:07:45, vertices: 5241, facets final: 3310, pending: 83708, pool: 300
New vertex is on positive side (d=7.03264e-08, sum=1), recalculating facets ...
I 4070.09] Elapsed: 1:07:50, vertices: 5251, facets final: 3346, pending: 83526, pool: 300
I 4075.16] Elapsed: 1:07:55, vertices: 5261, facets final: 3386, pending: 83515, pool: 299
I 4080.42] Elapsed: 1:08:00, vertices: 5270, facets final: 3406, pending: 83582, pool: 299
New vertex is on positive side (d=1.31301e-07, sum=1), recalculating facets ...
I 4085.50] Elapsed: 1:08:06, vertices: 5279, facets final: 3423, pending: 83525, pool: 300
I 4090.89] Elapsed: 1:08:11, vertices: 5289, facets final: 3450, pending: 83315, pool: 300
I 4096.01] Elapsed: 1:08:16, vertices: 5299, facets final: 3466, pending: 83450, pool: 300
I 4101.24] Elapsed: 1:08:21, vertices: 5310, facets final: 3491, pending: 83405, pool: 300
I 4106.40] Elapsed: 1:08:26, vertices: 5320, facets final: 3515, pending: 83251, pool: 299
I 4111.58] Elapsed: 1:08:32, vertices: 5331, facets final: 3545, pending: 83075, pool: 300
I 4116.74] Elapsed: 1:08:37, vertices: 5340, facets final: 3595, pending: 83039, pool: 300
I 4121.85] Elapsed: 1:08:42, vertices: 5349, facets final: 3611, pending: 82776, pool: 300
I 4127.24] Elapsed: 1:08:47, vertices: 5360, facets final: 3629, pending: 82758, pool: 300
Final facet 59585 is on the negative side of vertex 5365 (d=-2.02394e-07)
I 4132.49] Elapsed: 1:08:52, vertices: 5371, facets final: 3653, pending: 82572, pool: 300
I 4137.83] Elapsed: 1:08:58, vertices: 5381, facets final: 3681, pending: 82432, pool: 300
I 4143.25] Elapsed: 1:09:03, vertices: 5392, facets final: 3715, pending: 82224, pool: 300
I 4148.57] Elapsed: 1:09:09, vertices: 5401, facets final: 3744, pending: 81927, pool: 300
I 4154.00] Elapsed: 1:09:14, vertices: 5411, facets final: 3766, pending: 81829, pool: 300
I 4159.39] Elapsed: 1:09:19, vertices: 5421, facets final: 3788, pending: 81578, pool: 298
I 4164.73] Elapsed: 1:09:25, vertices: 5430, facets final: 3806, pending: 81335, pool: 300
I 4169.90] Elapsed: 1:09:30, vertices: 5440, facets final: 3831, pending: 81262, pool: 300
I 4175.12] Elapsed: 1:09:35, vertices: 5449, facets final: 3873, pending: 81406, pool: 300
I 4180.68] Elapsed: 1:09:41, vertices: 5459, facets final: 3893, pending: 81392, pool: 300
I 4185.81] Elapsed: 1:09:46, vertices: 5467, facets final: 3917, pending: 81441, pool: 300
I 4190.99] Elapsed: 1:09:51, vertices: 5477, facets final: 3954, pending: 81351, pool: 299
I 4196.51] Elapsed: 1:09:57, vertices: 5487, facets final: 3985, pending: 81327, pool: 300
I 4201.97] Elapsed: 1:10:02, vertices: 5496, facets final: 4004, pending: 81237, pool: 300
I 4207.06] Elapsed: 1:10:07, vertices: 5506, facets final: 4041, pending: 81034, pool: 300
I 4212.53] Elapsed: 1:10:13, vertices: 5517, facets final: 4071, pending: 80959, pool: 300
I 4217.77] Elapsed: 1:10:18, vertices: 5528, facets final: 4098, pending: 80857, pool: 300
I 4222.77] Elapsed: 1:10:23, vertices: 5536, facets final: 4158, pending: 80740, pool: 300
I 4227.94] Elapsed: 1:10:28, vertices: 5546, facets final: 4184, pending: 80539, pool: 300
I 4233.32] Elapsed: 1:10:33, vertices: 5556, facets final: 4206, pending: 80456, pool: 300
I 4238.65] Elapsed: 1:10:39, vertices: 5566, facets final: 4229, pending: 80358, pool: 300
I 4243.94] Elapsed: 1:10:44, vertices: 5575, facets final: 4240, pending: 80302, pool: 300
I 4249.13] Elapsed: 1:10:49, vertices: 5583, facets final: 4251, pending: 80148, pool: 300
I 4254.32] Elapsed: 1:10:54, vertices: 5594, facets final: 4279, pending: 79975, pool: 300
I 4259.44] Elapsed: 1:10:59, vertices: 5604, facets final: 4321, pending: 79898, pool: 300
I 4264.46] Elapsed: 1:11:04, vertices: 5614, facets final: 4356, pending: 79857, pool: 300
I 4269.46] Elapsed: 1:11:09, vertices: 5623, facets final: 4385, pending: 79811, pool: 300
I 4274.68] Elapsed: 1:11:15, vertices: 5633, facets final: 4414, pending: 79759, pool: 300
I 4279.94] Elapsed: 1:11:20, vertices: 5643, facets final: 4438, pending: 79783, pool: 300
I 4285.37] Elapsed: 1:11:25, vertices: 5653, facets final: 4459, pending: 79798, pool: 300
I 4290.59] Elapsed: 1:11:31, vertices: 5663, facets final: 4496, pending: 79712, pool: 300
I 4296.29] Elapsed: 1:11:36, vertices: 5674, facets final: 4519, pending: 79778, pool: 300
I 4301.45] Elapsed: 1:11:41, vertices: 5684, facets final: 4535, pending: 79683, pool: 300
I 4307.01] Elapsed: 1:11:47, vertices: 5692, facets final: 4558, pending: 79589, pool: 300
I 4312.63] Elapsed: 1:11:53, vertices: 5702, facets final: 4582, pending: 79522, pool: 300
I 4317.88] Elapsed: 1:11:58, vertices: 5712, facets final: 4625, pending: 79366, pool: 300
I 4323.07] Elapsed: 1:12:03, vertices: 5722, facets final: 4643, pending: 79316, pool: 300
I 4328.13] Elapsed: 1:12:08, vertices: 5731, facets final: 4666, pending: 79292, pool: 300
I 4333.58] Elapsed: 1:12:14, vertices: 5741, facets final: 4722, pending: 79260, pool: 300
I 4339.02] Elapsed: 1:12:19, vertices: 5751, facets final: 4770, pending: 79119, pool: 299
I 4344.51] Elapsed: 1:12:25, vertices: 5761, facets final: 4792, pending: 78933, pool: 300
I 4349.75] Elapsed: 1:12:30, vertices: 5771, facets final: 4806, pending: 78848, pool: 300
I 4355.25] Elapsed: 1:12:35, vertices: 5780, facets final: 4836, pending: 78777, pool: 300
I 4360.62] Elapsed: 1:12:41, vertices: 5791, facets final: 4852, pending: 78697, pool: 299
I 4365.92] Elapsed: 1:12:46, vertices: 5801, facets final: 4888, pending: 78596, pool: 300
I 4370.97] Elapsed: 1:12:51, vertices: 5810, facets final: 4916, pending: 78441, pool: 300
I 4376.09] Elapsed: 1:12:56, vertices: 5819, facets final: 4929, pending: 78524, pool: 300
I 4381.59] Elapsed: 1:13:02, vertices: 5829, facets final: 4973, pending: 78457, pool: 300
I 4386.76] Elapsed: 1:13:07, vertices: 5838, facets final: 5022, pending: 78279, pool: 299
I 4391.78] Elapsed: 1:13:12, vertices: 5846, facets final: 5042, pending: 78272, pool: 300
I 4397.21] Elapsed: 1:13:17, vertices: 5856, facets final: 5059, pending: 78146, pool: 300
I 4402.60] Elapsed: 1:13:23, vertices: 5866, facets final: 5077, pending: 77914, pool: 300
I 4407.98] Elapsed: 1:13:28, vertices: 5876, facets final: 5108, pending: 77909, pool: 300
I 4413.19] Elapsed: 1:13:33, vertices: 5886, facets final: 5161, pending: 77771, pool: 300
I 4418.21] Elapsed: 1:13:38, vertices: 5896, facets final: 5185, pending: 77648, pool: 300
I 4423.75] Elapsed: 1:13:44, vertices: 5906, facets final: 5244, pending: 77473, pool: 300
I 4429.03] Elapsed: 1:13:49, vertices: 5915, facets final: 5260, pending: 77376, pool: 300
I 4434.25] Elapsed: 1:13:54, vertices: 5924, facets final: 5289, pending: 77225, pool: 300
I 4439.42] Elapsed: 1:13:59, vertices: 5934, facets final: 5316, pending: 77112, pool: 300
I 4444.64] Elapsed: 1:14:05, vertices: 5943, facets final: 5362, pending: 77086, pool: 300
I 4449.77] Elapsed: 1:14:10, vertices: 5956, facets final: 5395, pending: 76893, pool: 300
I 4454.92] Elapsed: 1:14:15, vertices: 5970, facets final: 5427, pending: 76907, pool: 300
I 4460.37] Elapsed: 1:14:20, vertices: 5984, facets final: 5470, pending: 76710, pool: 300
I 4465.42] Elapsed: 1:14:25, vertices: 5998, facets final: 5495, pending: 76483, pool: 300
I 4470.48] Elapsed: 1:14:30, vertices: 6011, facets final: 5524, pending: 76394, pool: 299
I 4475.69] Elapsed: 1:14:36, vertices: 6026, facets final: 5590, pending: 76231, pool: 300
I 4480.80] Elapsed: 1:14:41, vertices: 6039, facets final: 5645, pending: 75998, pool: 300
I 4486.07] Elapsed: 1:14:46, vertices: 6054, facets final: 5689, pending: 75941, pool: 300
I 4491.30] Elapsed: 1:14:51, vertices: 6069, facets final: 5748, pending: 75721, pool: 300
I 4496.35] Elapsed: 1:14:56, vertices: 6083, facets final: 5804, pending: 75657, pool: 299
I 4501.36] Elapsed: 1:15:01, vertices: 6096, facets final: 5857, pending: 75422, pool: 300
I 4506.36] Elapsed: 1:15:06, vertices: 6108, facets final: 5904, pending: 75390, pool: 300
I 4511.52] Elapsed: 1:15:12, vertices: 6122, facets final: 5950, pending: 75421, pool: 300
Final facet 79490 is on the negative side of vertex 6131 (d=-5.32169e-07)
I 4516.90] Elapsed: 1:15:17, vertices: 6135, facets final: 5987, pending: 75219, pool: 300
I 4521.93] Elapsed: 1:15:22, vertices: 6148, facets final: 6037, pending: 75074, pool: 300
I 4526.93] Elapsed: 1:15:27, vertices: 6162, facets final: 6083, pending: 74862, pool: 300
I 4532.61] Elapsed: 1:15:33, vertices: 6176, facets final: 6156, pending: 74721, pool: 300
I 4537.87] Elapsed: 1:15:38, vertices: 6191, facets final: 6191, pending: 74490, pool: 300
I 4543.14] Elapsed: 1:15:43, vertices: 6204, facets final: 6256, pending: 74278, pool: 300
I 4548.38] Elapsed: 1:15:48, vertices: 6217, facets final: 6307, pending: 74091, pool: 299
I 4553.47] Elapsed: 1:15:53, vertices: 6230, facets final: 6384, pending: 73898, pool: 300
I 4558.62] Elapsed: 1:15:59, vertices: 6242, facets final: 6431, pending: 73626, pool: 300
I 4563.72] Elapsed: 1:16:04, vertices: 6255, facets final: 6479, pending: 73495, pool: 300
I 4568.93] Elapsed: 1:16:09, vertices: 6270, facets final: 6552, pending: 73276, pool: 300
I 4574.06] Elapsed: 1:16:14, vertices: 6283, facets final: 6610, pending: 73128, pool: 300
I 4579.32] Elapsed: 1:16:19, vertices: 6298, facets final: 6651, pending: 73029, pool: 300
I 4584.52] Elapsed: 1:16:25, vertices: 6310, facets final: 6693, pending: 72913, pool: 300
I 4589.74] Elapsed: 1:16:30, vertices: 6324, facets final: 6734, pending: 72843, pool: 300
I 4594.98] Elapsed: 1:16:35, vertices: 6337, facets final: 6806, pending: 72658, pool: 300
I 4600.13] Elapsed: 1:16:40, vertices: 6351, facets final: 6862, pending: 72616, pool: 300
I 4605.27] Elapsed: 1:16:45, vertices: 6365, facets final: 6916, pending: 72413, pool: 300
Final facet 30845 is on the negative side of vertex 6373 (d=-3.526e-07)
I 4610.45] Elapsed: 1:16:50, vertices: 6378, facets final: 6969, pending: 72221, pool: 300
I 4615.48] Elapsed: 1:16:55, vertices: 6390, facets final: 7025, pending: 72018, pool: 299
I 4620.50] Elapsed: 1:17:01, vertices: 6402, facets final: 7099, pending: 71955, pool: 300
I 4625.64] Elapsed: 1:17:06, vertices: 6416, facets final: 7172, pending: 71784, pool: 300
I 4630.91] Elapsed: 1:17:11, vertices: 6430, facets final: 7264, pending: 71596, pool: 299
I 4636.04] Elapsed: 1:17:16, vertices: 6442, facets final: 7375, pending: 71402, pool: 300
I 4641.04] Elapsed: 1:17:21, vertices: 6455, facets final: 7468, pending: 71321, pool: 300
I 4646.19] Elapsed: 1:17:26, vertices: 6468, facets final: 7516, pending: 71102, pool: 300
I 4651.21] Elapsed: 1:17:31, vertices: 6481, facets final: 7570, pending: 70974, pool: 300
I 4656.35] Elapsed: 1:17:36, vertices: 6495, facets final: 7673, pending: 70760, pool: 299
I 4661.46] Elapsed: 1:17:41, vertices: 6508, facets final: 7789, pending: 70481, pool: 300
I 4666.72] Elapsed: 1:17:47, vertices: 6522, facets final: 7868, pending: 70295, pool: 299
I 4672.08] Elapsed: 1:17:52, vertices: 6536, facets final: 7929, pending: 70074, pool: 300
I 4677.08] Elapsed: 1:17:57, vertices: 6549, facets final: 7991, pending: 69935, pool: 300
I 4682.08] Elapsed: 1:18:02, vertices: 6563, facets final: 8044, pending: 69810, pool: 300
I 4687.49] Elapsed: 1:18:07, vertices: 6577, facets final: 8126, pending: 69612, pool: 300
I 4692.61] Elapsed: 1:18:13, vertices: 6591, facets final: 8220, pending: 69433, pool: 300
I 4697.64] Elapsed: 1:18:18, vertices: 6604, facets final: 8320, pending: 69307, pool: 299
I 4703.00] Elapsed: 1:18:23, vertices: 6618, facets final: 8411, pending: 69080, pool: 300
I 4708.21] Elapsed: 1:18:28, vertices: 6632, facets final: 8562, pending: 68838, pool: 300
I 4713.23] Elapsed: 1:18:33, vertices: 6644, facets final: 8638, pending: 68708, pool: 300
I 4718.54] Elapsed: 1:18:39, vertices: 6658, facets final: 8733, pending: 68495, pool: 300
I 4723.81] Elapsed: 1:18:44, vertices: 6672, facets final: 8818, pending: 68313, pool: 300
I 4729.06] Elapsed: 1:18:49, vertices: 6686, facets final: 8935, pending: 68063, pool: 300
I 4734.06] Elapsed: 1:18:54, vertices: 6699, facets final: 9042, pending: 67867, pool: 300
I 4739.36] Elapsed: 1:18:59, vertices: 6714, facets final: 9109, pending: 67703, pool: 300
I 4744.51] Elapsed: 1:19:05, vertices: 6728, facets final: 9215, pending: 67460, pool: 299
I 4749.79] Elapsed: 1:19:10, vertices: 6742, facets final: 9313, pending: 67247, pool: 300
I 4755.08] Elapsed: 1:19:15, vertices: 6756, facets final: 9389, pending: 67162, pool: 300
I 4760.17] Elapsed: 1:19:20, vertices: 6768, facets final: 9482, pending: 66937, pool: 300
I 4765.42] Elapsed: 1:19:25, vertices: 6782, facets final: 9649, pending: 66730, pool: 300
I 4770.42] Elapsed: 1:19:30, vertices: 6795, facets final: 9705, pending: 66533, pool: 300
I 4775.47] Elapsed: 1:19:35, vertices: 6808, facets final: 9821, pending: 66315, pool: 299
I 4780.77] Elapsed: 1:19:41, vertices: 6822, facets final: 9939, pending: 66036, pool: 300
I 4785.88] Elapsed: 1:19:46, vertices: 6836, facets final: 10060, pending: 65820, pool: 299
I 4790.97] Elapsed: 1:19:51, vertices: 6849, facets final: 10114, pending: 65759, pool: 300
I 4796.17] Elapsed: 1:19:56, vertices: 6863, facets final: 10202, pending: 65613, pool: 300
I 4801.17] Elapsed: 1:20:01, vertices: 6876, facets final: 10254, pending: 65435, pool: 300
I 4806.17] Elapsed: 1:20:06, vertices: 6883, facets final: 10322, pending: 65413, pool: 300
I 4811.28] Elapsed: 1:20:11, vertices: 6897, facets final: 10407, pending: 65219, pool: 300
I 4816.54] Elapsed: 1:20:17, vertices: 6911, facets final: 10490, pending: 65066, pool: 300
I 4821.81] Elapsed: 1:20:22, vertices: 6924, facets final: 10612, pending: 64880, pool: 300
I 4826.85] Elapsed: 1:20:27, vertices: 6937, facets final: 10688, pending: 64704, pool: 300
I 4831.95] Elapsed: 1:20:32, vertices: 6951, facets final: 10820, pending: 64501, pool: 298
I 4837.07] Elapsed: 1:20:37, vertices: 6964, facets final: 10929, pending: 64372, pool: 300
I 4842.25] Elapsed: 1:20:42, vertices: 6978, facets final: 11054, pending: 64136, pool: 300
I 4847.42] Elapsed: 1:20:47, vertices: 6992, facets final: 11152, pending: 63919, pool: 300
I 4852.69] Elapsed: 1:20:53, vertices: 7006, facets final: 11270, pending: 63689, pool: 299
I 4857.77] Elapsed: 1:20:58, vertices: 7019, facets final: 11401, pending: 63487, pool: 300
I 4862.78] Elapsed: 1:21:03, vertices: 7031, facets final: 11589, pending: 63214, pool: 300
I 4867.79] Elapsed: 1:21:08, vertices: 7044, facets final: 11701, pending: 63028, pool: 300
I 4872.86] Elapsed: 1:21:13, vertices: 7057, facets final: 11855, pending: 62762, pool: 299
I 4877.96] Elapsed: 1:21:18, vertices: 7070, facets final: 11978, pending: 62525, pool: 300
I 4883.16] Elapsed: 1:21:23, vertices: 7084, facets final: 12120, pending: 62325, pool: 300
I 4888.23] Elapsed: 1:21:28, vertices: 7097, facets final: 12328, pending: 62070, pool: 300
I 4893.35] Elapsed: 1:21:33, vertices: 7110, facets final: 12513, pending: 61805, pool: 300
I 4898.60] Elapsed: 1:21:39, vertices: 7124, facets final: 12667, pending: 61570, pool: 299
I 4903.76] Elapsed: 1:21:44, vertices: 7137, facets final: 12895, pending: 61233, pool: 300
I 4908.93] Elapsed: 1:21:49, vertices: 7151, facets final: 13017, pending: 61047, pool: 299
I 4913.93] Elapsed: 1:21:54, vertices: 7164, facets final: 13194, pending: 60819, pool: 299
I 4919.09] Elapsed: 1:21:59, vertices: 7178, facets final: 13346, pending: 60603, pool: 300
I 4924.36] Elapsed: 1:22:04, vertices: 7192, facets final: 13511, pending: 60317, pool: 298
I 4929.36] Elapsed: 1:22:09, vertices: 7204, facets final: 13712, pending: 59994, pool: 300
I 4934.50] Elapsed: 1:22:15, vertices: 7218, facets final: 13848, pending: 59792, pool: 300
I 4939.77] Elapsed: 1:22:20, vertices: 7232, facets final: 14037, pending: 59522, pool: 300
I 4945.01] Elapsed: 1:22:25, vertices: 7246, facets final: 14242, pending: 59251, pool: 299
I 4950.25] Elapsed: 1:22:30, vertices: 7260, facets final: 14447, pending: 58998, pool: 298
I 4955.29] Elapsed: 1:22:35, vertices: 7273, facets final: 14626, pending: 58754, pool: 300
I 4960.45] Elapsed: 1:22:40, vertices: 7287, facets final: 14788, pending: 58514, pool: 299
I 4965.51] Elapsed: 1:22:46, vertices: 7300, facets final: 14979, pending: 58284, pool: 300
I 4970.89] Elapsed: 1:22:51, vertices: 7315, facets final: 15090, pending: 58101, pool: 300
I 4975.92] Elapsed: 1:22:56, vertices: 7328, facets final: 15292, pending: 57808, pool: 300
I 4981.08] Elapsed: 1:23:01, vertices: 7342, facets final: 15477, pending: 57550, pool: 300
I 4986.31] Elapsed: 1:23:06, vertices: 7356, facets final: 15622, pending: 57388, pool: 299
I 4991.34] Elapsed: 1:23:11, vertices: 7369, facets final: 15844, pending: 57082, pool: 300
I 4996.46] Elapsed: 1:23:16, vertices: 7383, facets final: 15997, pending: 56896, pool: 299
I 5001.71] Elapsed: 1:23:22, vertices: 7397, facets final: 16195, pending: 56635, pool: 298
I 5006.87] Elapsed: 1:23:27, vertices: 7410, facets final: 16555, pending: 56183, pool: 299
I 5011.87] Elapsed: 1:23:32, vertices: 7423, facets final: 16868, pending: 55817, pool: 296
I 5016.87] Elapsed: 1:23:37, vertices: 7435, facets final: 17202, pending: 55424, pool: 296
I 5022.11] Elapsed: 1:23:42, vertices: 7449, facets final: 17435, pending: 55116, pool: 296
I 5027.27] Elapsed: 1:23:47, vertices: 7462, facets final: 17708, pending: 54776, pool: 300
I 5032.38] Elapsed: 1:23:52, vertices: 7475, facets final: 18088, pending: 54328, pool: 298
I 5037.42] Elapsed: 1:23:57, vertices: 7488, facets final: 18403, pending: 53928, pool: 298
I 5042.60] Elapsed: 1:24:03, vertices: 7501, facets final: 18718, pending: 53556, pool: 298
I 5047.81] Elapsed: 1:24:08, vertices: 7515, facets final: 18999, pending: 53242, pool: 300
Final facet 34280 is on the negative side of vertex 7527 (d=-3.02303e-07)
I 5053.13] Elapsed: 1:24:13, vertices: 7528, facets final: 19334, pending: 52825, pool: 299
I 5058.18] Elapsed: 1:24:18, vertices: 7541, facets final: 19650, pending: 52444, pool: 299
I 5063.48] Elapsed: 1:24:23, vertices: 7555, facets final: 19961, pending: 52090, pool: 299
I 5068.79] Elapsed: 1:24:29, vertices: 7569, facets final: 20220, pending: 51811, pool: 298
I 5073.89] Elapsed: 1:24:34, vertices: 7583, facets final: 20505, pending: 51518, pool: 298
I 5079.02] Elapsed: 1:24:39, vertices: 7596, facets final: 20817, pending: 51241, pool: 295
I 5084.04] Elapsed: 1:24:44, vertices: 7608, facets final: 21244, pending: 50747, pool: 298
I 5089.16] Elapsed: 1:24:49, vertices: 7621, facets final: 21700, pending: 50293, pool: 295
I 5094.21] Elapsed: 1:24:54, vertices: 7633, facets final: 22076, pending: 49882, pool: 297
I 5099.51] Elapsed: 1:25:00, vertices: 7647, facets final: 22395, pending: 49509, pool: 297
I 5104.80] Elapsed: 1:25:05, vertices: 7659, facets final: 22857, pending: 48956, pool: 298
I 5109.90] Elapsed: 1:25:10, vertices: 7672, facets final: 23269, pending: 48497, pool: 298
I 5115.13] Elapsed: 1:25:15, vertices: 7685, facets final: 23721, pending: 48007, pool: 295
I 5120.20] Elapsed: 1:25:20, vertices: 7698, facets final: 24035, pending: 47635, pool: 298
I 5125.53] Elapsed: 1:25:26, vertices: 7711, facets final: 24543, pending: 47071, pool: 296
I 5130.60] Elapsed: 1:25:31, vertices: 7723, facets final: 25028, pending: 46577, pool: 295
I 5135.63] Elapsed: 1:25:36, vertices: 7735, facets final: 25558, pending: 45988, pool: 294
I 5140.80] Elapsed: 1:25:41, vertices: 7747, facets final: 26160, pending: 45351, pool: 295
I 5145.80] Elapsed: 1:25:46, vertices: 7759, facets final: 26595, pending: 44875, pool: 296
I 5150.80] Elapsed: 1:25:51, vertices: 7772, facets final: 26981, pending: 44462, pool: 293
I 5155.82] Elapsed: 1:25:56, vertices: 7783, facets final: 27671, pending: 43734, pool: 290
I 5161.12] Elapsed: 1:26:01, vertices: 7795, facets final: 28248, pending: 43122, pool: 294
I 5166.19] Elapsed: 1:26:06, vertices: 7808, facets final: 28661, pending: 42659, pool: 292
I 5171.21] Elapsed: 1:26:11, vertices: 7820, facets final: 29209, pending: 42079, pool: 290
Final facet 59008 is on the negative side of vertex 7822 (d=-1.98601e-07)
I 5176.50] Elapsed: 1:26:17, vertices: 7833, facets final: 29687, pending: 41544, pool: 290
I 5181.60] Elapsed: 1:26:22, vertices: 7844, facets final: 30346, pending: 40865, pool: 295
I 5186.83] Elapsed: 1:26:27, vertices: 7856, facets final: 30906, pending: 40288, pool: 292
I 5192.09] Elapsed: 1:26:32, vertices: 7869, facets final: 31456, pending: 39702, pool: 287
I 5197.32] Elapsed: 1:26:37, vertices: 7881, facets final: 32207, pending: 38962, pool: 280
I 5202.51] Elapsed: 1:26:43, vertices: 7892, facets final: 32982, pending: 38198, pool: 284
I 5207.62] Elapsed: 1:26:48, vertices: 7904, facets final: 33549, pending: 37642, pool: 292
I 5212.86] Elapsed: 1:26:53, vertices: 7917, facets final: 34114, pending: 37063, pool: 284
I 5217.88] Elapsed: 1:26:58, vertices: 7928, facets final: 34814, pending: 36339, pool: 283
I 5222.89] Elapsed: 1:27:03, vertices: 7939, facets final: 35600, pending: 35540, pool: 283
Final facet 653 is on the negative side of vertex 7948 (d=-3.89569e-07)
I 5227.93] Elapsed: 1:27:08, vertices: 7950, facets final: 36387, pending: 34709, pool: 288
I 5233.18] Elapsed: 1:27:13, vertices: 7963, facets final: 36944, pending: 34126, pool: 278
I 5238.18] Elapsed: 1:27:18, vertices: 7975, facets final: 37587, pending: 33475, pool: 276
I 5243.34] Elapsed: 1:27:23, vertices: 7987, facets final: 38258, pending: 32790, pool: 272
I 5248.48] Elapsed: 1:27:28, vertices: 8000, facets final: 38933, pending: 32082, pool: 266
I 5253.48] Elapsed: 1:27:33, vertices: 8011, facets final: 39809, pending: 31168, pool: 265
I 5258.48] Elapsed: 1:27:38, vertices: 8023, facets final: 40516, pending: 30434, pool: 261
I 5263.64] Elapsed: 1:27:44, vertices: 8036, facets final: 41259, pending: 29686, pool: 256
I 5268.88] Elapsed: 1:27:49, vertices: 8050, facets final: 41987, pending: 28940, pool: 245
I 5274.09] Elapsed: 1:27:54, vertices: 8063, facets final: 42730, pending: 28176, pool: 239
I 5279.09] Elapsed: 1:27:59, vertices: 8076, facets final: 43565, pending: 27329, pool: 230
I 5284.30] Elapsed: 1:28:04, vertices: 8087, facets final: 44664, pending: 26206, pool: 228
I 5289.33] Elapsed: 1:28:09, vertices: 8100, facets final: 45545, pending: 25336, pool: 224
I 5294.41] Elapsed: 1:28:14, vertices: 8112, facets final: 46510, pending: 24380, pool: 221
I 5299.49] Elapsed: 1:28:19, vertices: 8125, facets final: 47369, pending: 23503, pool: 215
I 5304.49] Elapsed: 1:28:24, vertices: 8138, facets final: 48365, pending: 22494, pool: 208
I 5309.49] Elapsed: 1:28:29, vertices: 8150, facets final: 49505, pending: 21344, pool: 200
I 5314.58] Elapsed: 1:28:35, vertices: 8162, facets final: 50586, pending: 20258, pool: 199
I 5319.58] Elapsed: 1:28:40, vertices: 8174, facets final: 51734, pending: 19099, pool: 197
I 5324.64] Elapsed: 1:28:45, vertices: 8189, facets final: 52572, pending: 18246, pool: 185
I 5329.72] Elapsed: 1:28:50, vertices: 8207, facets final: 53337, pending: 17452, pool: 170
I 5334.73] Elapsed: 1:28:55, vertices: 8224, facets final: 54193, pending: 16571, pool: 157
I 5339.73] Elapsed: 1:29:00, vertices: 8238, facets final: 55464, pending: 15279, pool: 148
I 5344.73] Elapsed: 1:29:05, vertices: 8254, facets final: 56535, pending: 14169, pool: 136
I 5349.73] Elapsed: 1:29:10, vertices: 8258, facets final: 58642, pending: 12052, pool: 143
I 5354.73] Elapsed: 1:29:15, vertices: 8263, facets final: 60656, pending: 10024, pool: 149
I 5359.73] Elapsed: 1:29:20, vertices: 8271, facets final: 62429, pending: 8234, pool: 148
I 5364.73] Elapsed: 1:29:25, vertices: 8280, facets final: 64152, pending: 6495, pool: 147
I 5369.73] Elapsed: 1:29:30, vertices: 8292, facets final: 65588, pending: 5047, pool: 140
I 5374.77] Elapsed: 1:29:35, vertices: 8306, facets final: 66967, pending: 3658, pool: 136
Final facet 101549 is on the negative side of vertex 8322 (d=-3.17726e-07)
I 5379.77] Elapsed: 1:29:40, vertices: 8322, facets final: 68099, pending: 2525, pool: 127
I 5384.86] Elapsed: 1:29:45, vertices: 8341, facets final: 69286, pending: 1324, pool: 117
I 5389.93] Elapsed: 1:29:50, vertices: 8368, facets final: 70021, pending: 585, pool: 98
I 5394.96] Elapsed: 1:29:55, vertices: 8412, facets final: 70227, pending: 348, pool: 62
I 5400.14] Elapsed: 1:30:00, vertices: 8481, facets final: 70432, pending: 126, pool: 14
I 5401.38] Elapsed: 1:30:01, vertices: 8515, facets final: 70540, pending: 0

--------------------------------
Problem completed
 name                    28.vlp
 output                  vlp/28.res
 rows, cols, objs        23, 2829, 10
 vertices, facets        8515, 70540
 total time              1:30:01
--------------------------------
Statistics
LP:
 oracle calls            80510
   avg iterations/calls  8.91
 total oracle time       2:43
Combinatorics:
 vertices added          8515
 facets probed           141232
 facets # max            136179
 memory allocated        333.11M
 instability warnings    38
 storage expansion
   vertices # / upto     67 / 8572
   facets   # / upto     34 / 139260
 facet manipulating
   added avg / max       213.51 / 4.76k
   compressed            532
 number of ridge tests
   avg / max             20.89M / 426.62M
--------------------------------
Parameters with non-default values
 ExactFacetEq = 1
 VertexPoolSize = 300
 RecalculateFacets = 33
 PolytopeEps = 4e-09
 LineqEps = 1e-07
