C copy string: rs=cd:ab;a,b,c,dr;ad,bd,dr,ds; ineq: base20.txt
I    1.09] recalculating facets...
I    5.01] Elapsed: 5.01, vertices: 198, facets final: 36, pending: 12394, pool: 300
I    5.08] recalculating facets...
I   10.05] Elapsed: 10.05, vertices: 275, facets final: 53, pending: 19451, pool: 300
I   12.19] recalculating facets...
I   15.05] Elapsed: 15.05, vertices: 330, facets final: 69, pending: 23915, pool: 299
I   20.06] Elapsed: 20.06, vertices: 378, facets final: 82, pending: 27434, pool: 300
I   22.55] recalculating facets...
I   25.10] Elapsed: 25.10, vertices: 419, facets final: 90, pending: 30702, pool: 299
I   30.14] Elapsed: 30.14, vertices: 459, facets final: 100, pending: 32517, pool: 300
I   35.22] Elapsed: 35.22, vertices: 496, facets final: 109, pending: 35384, pool: 299
I   35.77] recalculating facets...
I   40.26] Elapsed: 40.26, vertices: 527, facets final: 114, pending: 37068, pool: 300
I   45.33] Elapsed: 45.33, vertices: 557, facets final: 124, pending: 38461, pool: 300
I   50.39] Elapsed: 50.39, vertices: 590, facets final: 130, pending: 39763, pool: 300
I   51.96] recalculating facets...
I   55.42] Elapsed: 55.42, vertices: 618, facets final: 140, pending: 40900, pool: 300
I   60.45] Elapsed: 1:00, vertices: 647, facets final: 154, pending: 42718, pool: 300
I   65.55] Elapsed: 1:06, vertices: 677, facets final: 158, pending: 43720, pool: 299
I   69.58] recalculating facets...
I   70.64] Elapsed: 1:11, vertices: 704, facets final: 177, pending: 44943, pool: 300
I   75.71] Elapsed: 1:16, vertices: 731, facets final: 189, pending: 46239, pool: 300
I   80.77] Elapsed: 1:21, vertices: 759, facets final: 199, pending: 47283, pool: 300
I   85.85] Elapsed: 1:26, vertices: 784, facets final: 206, pending: 48405, pool: 300
I   89.05] recalculating facets...
I   90.98] Elapsed: 1:31, vertices: 809, facets final: 215, pending: 49540, pool: 300
I   96.07] Elapsed: 1:36, vertices: 833, facets final: 219, pending: 50276, pool: 300
I  101.07] Elapsed: 1:41, vertices: 858, facets final: 223, pending: 51498, pool: 300
I  106.11] Elapsed: 1:46, vertices: 882, facets final: 236, pending: 52036, pool: 300
I  109.69] recalculating facets...
I  111.13] Elapsed: 1:51, vertices: 906, facets final: 246, pending: 52847, pool: 300
I  116.28] Elapsed: 1:56, vertices: 929, facets final: 256, pending: 53320, pool: 299
I  121.37] Elapsed: 2:01, vertices: 951, facets final: 267, pending: 53686, pool: 300
I  126.47] Elapsed: 2:06, vertices: 975, facets final: 275, pending: 54188, pool: 300
I  131.49] Elapsed: 2:11, vertices: 998, facets final: 280, pending: 55314, pool: 300
I  131.80] recalculating facets...
I  136.52] Elapsed: 2:17, vertices: 1018, facets final: 289, pending: 56046, pool: 300
I  141.53] Elapsed: 2:22, vertices: 1039, facets final: 304, pending: 56827, pool: 300
I  146.63] Elapsed: 2:27, vertices: 1058, facets final: 312, pending: 57481, pool: 300
I  151.63] Elapsed: 2:32, vertices: 1078, facets final: 322, pending: 58343, pool: 300
I  156.71] Elapsed: 2:37, vertices: 1096, facets final: 337, pending: 59059, pool: 300
I  157.55] recalculating facets...
I  161.83] Elapsed: 2:42, vertices: 1115, facets final: 349, pending: 59217, pool: 300
I  167.02] Elapsed: 2:47, vertices: 1136, facets final: 362, pending: 60038, pool: 300
I  172.16] Elapsed: 2:52, vertices: 1154, facets final: 367, pending: 60721, pool: 300
I  177.17] Elapsed: 2:57, vertices: 1172, facets final: 385, pending: 60926, pool: 300
I  182.41] Elapsed: 3:02, vertices: 1190, facets final: 388, pending: 61327, pool: 300
I  185.14] recalculating facets...
I  187.54] Elapsed: 3:08, vertices: 1208, facets final: 397, pending: 61761, pool: 300
I  192.61] Elapsed: 3:13, vertices: 1226, facets final: 404, pending: 62069, pool: 299
I  197.67] Elapsed: 3:18, vertices: 1244, facets final: 415, pending: 62254, pool: 300
I  202.73] Elapsed: 3:23, vertices: 1263, facets final: 425, pending: 63337, pool: 300
I  207.77] Elapsed: 3:28, vertices: 1278, facets final: 436, pending: 63108, pool: 300
I  212.84] Elapsed: 3:33, vertices: 1295, facets final: 441, pending: 63324, pool: 300
I  213.95] recalculating facets...
I  217.84] Elapsed: 3:38, vertices: 1314, facets final: 455, pending: 63527, pool: 297
I  222.84] Elapsed: 3:43, vertices: 1331, facets final: 466, pending: 63747, pool: 300
I  227.95] Elapsed: 3:48, vertices: 1348, facets final: 475, pending: 64613, pool: 300
I  232.95] Elapsed: 3:53, vertices: 1362, facets final: 491, pending: 64860, pool: 300
I  238.03] Elapsed: 3:58, vertices: 1380, facets final: 503, pending: 64968, pool: 300
I  243.06] Elapsed: 4:03, vertices: 1398, facets final: 510, pending: 65077, pool: 300
I  243.59] recalculating facets...
I  248.10] Elapsed: 4:08, vertices: 1417, facets final: 523, pending: 65455, pool: 300
I  253.23] Elapsed: 4:13, vertices: 1434, facets final: 527, pending: 65834, pool: 300
I  258.37] Elapsed: 4:18, vertices: 1454, facets final: 541, pending: 65665, pool: 300
I  263.46] Elapsed: 4:23, vertices: 1473, facets final: 553, pending: 66076, pool: 300
I  268.54] Elapsed: 4:29, vertices: 1490, facets final: 566, pending: 66842, pool: 300
I  271.15] recalculating facets...
I  273.60] Elapsed: 4:34, vertices: 1508, facets final: 571, pending: 67094, pool: 300
I  278.67] Elapsed: 4:39, vertices: 1527, facets final: 583, pending: 67213, pool: 300
I  283.75] Elapsed: 4:44, vertices: 1543, facets final: 600, pending: 67706, pool: 300
I  288.80] Elapsed: 4:49, vertices: 1561, facets final: 614, pending: 68078, pool: 300
I  293.81] Elapsed: 4:54, vertices: 1578, facets final: 625, pending: 68133, pool: 300
I  298.87] Elapsed: 4:59, vertices: 1593, facets final: 634, pending: 67959, pool: 300
I  301.45] recalculating facets...
I  304.02] Elapsed: 5:04, vertices: 1607, facets final: 641, pending: 68564, pool: 300
I  309.02] Elapsed: 5:09, vertices: 1623, facets final: 646, pending: 68826, pool: 300
I  314.07] Elapsed: 5:14, vertices: 1641, facets final: 657, pending: 68847, pool: 300
I  319.13] Elapsed: 5:19, vertices: 1658, facets final: 669, pending: 68782, pool: 300
I  324.13] Elapsed: 5:24, vertices: 1675, facets final: 680, pending: 68866, pool: 300
I  329.14] Elapsed: 5:29, vertices: 1690, facets final: 697, pending: 69243, pool: 300
I  332.19] recalculating facets...
I  334.30] Elapsed: 5:34, vertices: 1707, facets final: 708, pending: 70047, pool: 300
I  339.46] Elapsed: 5:39, vertices: 1722, facets final: 716, pending: 70450, pool: 300
I  344.63] Elapsed: 5:45, vertices: 1738, facets final: 726, pending: 70537, pool: 300
I  349.65] Elapsed: 5:50, vertices: 1753, facets final: 736, pending: 70716, pool: 300
I  354.75] Elapsed: 5:55, vertices: 1768, facets final: 759, pending: 70829, pool: 300
I  359.84] Elapsed: 6:00, vertices: 1785, facets final: 771, pending: 70949, pool: 300
I  364.16] recalculating facets...
I  364.94] Elapsed: 6:05, vertices: 1801, facets final: 782, pending: 71121, pool: 299
I  369.94] Elapsed: 6:10, vertices: 1818, facets final: 793, pending: 71518, pool: 300
I  375.02] Elapsed: 6:15, vertices: 1835, facets final: 805, pending: 71920, pool: 300
I  380.02] Elapsed: 6:20, vertices: 1849, facets final: 819, pending: 72047, pool: 300
I  385.03] Elapsed: 6:25, vertices: 1865, facets final: 833, pending: 72190, pool: 300
I  390.17] Elapsed: 6:30, vertices: 1880, facets final: 849, pending: 72565, pool: 300
I  395.44] Elapsed: 6:35, vertices: 1896, facets final: 858, pending: 72393, pool: 300
I  397.10] recalculating facets...
I  400.44] Elapsed: 6:40, vertices: 1909, facets final: 869, pending: 72598, pool: 300
I  405.70] Elapsed: 6:46, vertices: 1925, facets final: 879, pending: 72681, pool: 300
I  410.70] Elapsed: 6:51, vertices: 1939, facets final: 892, pending: 72983, pool: 300
I  415.83] Elapsed: 6:56, vertices: 1953, facets final: 899, pending: 72910, pool: 300
I  420.86] Elapsed: 7:01, vertices: 1967, facets final: 908, pending: 72830, pool: 300
I  425.96] Elapsed: 7:06, vertices: 1983, facets final: 924, pending: 73107, pool: 300
I  430.97] Elapsed: 7:11, vertices: 1997, facets final: 936, pending: 72926, pool: 299
I  431.57] recalculating facets...
I  436.14] Elapsed: 7:16, vertices: 2011, facets final: 951, pending: 73109, pool: 300
I  441.18] Elapsed: 7:21, vertices: 2026, facets final: 958, pending: 73479, pool: 300
I  446.21] Elapsed: 7:26, vertices: 2042, facets final: 967, pending: 73810, pool: 300
I  451.22] Elapsed: 7:31, vertices: 2055, facets final: 973, pending: 74046, pool: 300
I  456.25] Elapsed: 7:36, vertices: 2071, facets final: 980, pending: 74200, pool: 300
I  461.41] Elapsed: 7:41, vertices: 2087, facets final: 993, pending: 74254, pool: 300
I  465.41] recalculating facets...
I  466.48] Elapsed: 7:46, vertices: 2102, facets final: 1014, pending: 74390, pool: 299
I  471.64] Elapsed: 7:52, vertices: 2115, facets final: 1024, pending: 74493, pool: 300
I  476.69] Elapsed: 7:57, vertices: 2131, facets final: 1036, pending: 74496, pool: 300
I  481.84] Elapsed: 8:02, vertices: 2146, facets final: 1047, pending: 75006, pool: 300
I  486.84] Elapsed: 8:07, vertices: 2161, facets final: 1059, pending: 75326, pool: 300
I  491.88] Elapsed: 8:12, vertices: 2176, facets final: 1077, pending: 75227, pool: 300
I  496.91] Elapsed: 8:17, vertices: 2190, facets final: 1086, pending: 75495, pool: 300
I  500.46] recalculating facets...
I  501.95] Elapsed: 8:22, vertices: 2203, facets final: 1101, pending: 75680, pool: 300
I  507.00] Elapsed: 8:27, vertices: 2217, facets final: 1111, pending: 75566, pool: 300
I  512.13] Elapsed: 8:32, vertices: 2233, facets final: 1124, pending: 75704, pool: 300
I  517.36] Elapsed: 8:37, vertices: 2246, facets final: 1138, pending: 75478, pool: 300
I  522.55] Elapsed: 8:43, vertices: 2260, facets final: 1144, pending: 75374, pool: 300
I  527.61] Elapsed: 8:48, vertices: 2276, facets final: 1151, pending: 75670, pool: 300
I  532.72] Elapsed: 8:53, vertices: 2291, facets final: 1171, pending: 75764, pool: 300
I  535.72] recalculating facets...
I  537.80] Elapsed: 8:58, vertices: 2305, facets final: 1181, pending: 75650, pool: 300
I  542.99] Elapsed: 9:03, vertices: 2320, facets final: 1201, pending: 75557, pool: 300
I  548.03] Elapsed: 9:08, vertices: 2337, facets final: 1210, pending: 75566, pool: 300
I  553.33] Elapsed: 9:13, vertices: 2353, facets final: 1227, pending: 75773, pool: 300
I  558.50] Elapsed: 9:19, vertices: 2369, facets final: 1240, pending: 76021, pool: 300
I  563.50] Elapsed: 9:24, vertices: 2385, facets final: 1253, pending: 75935, pool: 299
I  568.30] recalculating facets...
I  568.64] Elapsed: 9:29, vertices: 2400, facets final: 1270, pending: 75954, pool: 300
I  573.78] Elapsed: 9:34, vertices: 2415, facets final: 1285, pending: 75893, pool: 300
I  578.83] Elapsed: 9:39, vertices: 2431, facets final: 1300, pending: 75836, pool: 300
I  583.92] Elapsed: 9:44, vertices: 2447, facets final: 1320, pending: 75764, pool: 300
I  588.99] Elapsed: 9:49, vertices: 2460, facets final: 1332, pending: 76043, pool: 300
I  594.00] Elapsed: 9:54, vertices: 2474, facets final: 1348, pending: 76069, pool: 300
I  599.01] Elapsed: 9:59, vertices: 2488, facets final: 1368, pending: 76127, pool: 300
I  602.37] recalculating facets...
I  604.34] Elapsed: 10:04, vertices: 2505, facets final: 1376, pending: 76260, pool: 300
I  609.42] Elapsed: 10:09, vertices: 2518, facets final: 1387, pending: 76542, pool: 300
I  614.45] Elapsed: 10:14, vertices: 2534, facets final: 1407, pending: 76938, pool: 300
I  619.56] Elapsed: 10:20, vertices: 2548, facets final: 1416, pending: 77222, pool: 300
I  624.57] Elapsed: 10:25, vertices: 2563, facets final: 1435, pending: 77343, pool: 300
I  629.75] Elapsed: 10:30, vertices: 2575, facets final: 1450, pending: 77465, pool: 300
I  634.78] Elapsed: 10:35, vertices: 2590, facets final: 1460, pending: 77697, pool: 300
I  638.91] recalculating facets...
I  639.81] Elapsed: 10:40, vertices: 2602, facets final: 1469, pending: 77802, pool: 300
I  644.99] Elapsed: 10:45, vertices: 2616, facets final: 1485, pending: 77822, pool: 299
I  650.08] Elapsed: 10:50, vertices: 2630, facets final: 1503, pending: 77862, pool: 300
I  655.08] Elapsed: 10:55, vertices: 2645, facets final: 1514, pending: 77851, pool: 300
I  660.20] Elapsed: 11:00, vertices: 2660, facets final: 1528, pending: 78053, pool: 300
I  665.31] Elapsed: 11:05, vertices: 2675, facets final: 1549, pending: 77830, pool: 300
I  670.44] Elapsed: 11:10, vertices: 2692, facets final: 1559, pending: 78015, pool: 300
I  673.05] recalculating facets...
I  675.66] Elapsed: 11:16, vertices: 2707, facets final: 1575, pending: 78021, pool: 300
I  680.67] Elapsed: 11:21, vertices: 2722, facets final: 1590, pending: 78025, pool: 300
I  685.78] Elapsed: 11:26, vertices: 2736, facets final: 1602, pending: 77882, pool: 300
I  690.86] Elapsed: 11:31, vertices: 2751, facets final: 1625, pending: 77993, pool: 300
I  695.86] Elapsed: 11:36, vertices: 2763, facets final: 1642, pending: 78206, pool: 300
I  701.05] Elapsed: 11:41, vertices: 2778, facets final: 1655, pending: 78081, pool: 300
I  706.17] Elapsed: 11:46, vertices: 2793, facets final: 1665, pending: 78293, pool: 300
I  708.66] recalculating facets...
I  711.21] Elapsed: 11:51, vertices: 2807, facets final: 1679, pending: 78464, pool: 300
I  716.38] Elapsed: 11:56, vertices: 2822, facets final: 1695, pending: 78388, pool: 300
I  721.55] Elapsed: 12:02, vertices: 2838, facets final: 1706, pending: 78486, pool: 300
I  726.74] Elapsed: 12:07, vertices: 2853, facets final: 1737, pending: 78265, pool: 300
I  731.78] Elapsed: 12:12, vertices: 2867, facets final: 1751, pending: 78495, pool: 300
I  736.85] Elapsed: 12:17, vertices: 2882, facets final: 1762, pending: 78466, pool: 300
I  742.01] Elapsed: 12:22, vertices: 2897, facets final: 1781, pending: 78588, pool: 300
I  742.83] recalculating facets...
I  747.10] Elapsed: 12:27, vertices: 2911, facets final: 1790, pending: 78559, pool: 300
I  752.10] Elapsed: 12:32, vertices: 2925, facets final: 1800, pending: 78734, pool: 300
I  757.47] Elapsed: 12:37, vertices: 2940, facets final: 1815, pending: 78993, pool: 300
I  762.49] Elapsed: 12:42, vertices: 2955, facets final: 1833, pending: 79090, pool: 300
I  767.65] Elapsed: 12:48, vertices: 2969, facets final: 1854, pending: 78800, pool: 300
I  772.82] Elapsed: 12:53, vertices: 2984, facets final: 1886, pending: 78939, pool: 300
I  778.00] Elapsed: 12:58, vertices: 2997, facets final: 1893, pending: 78981, pool: 300
I  778.85] recalculating facets...
I  783.12] Elapsed: 13:03, vertices: 3011, facets final: 1906, pending: 79216, pool: 299
I  788.30] Elapsed: 13:08, vertices: 3023, facets final: 1914, pending: 79031, pool: 300
I  793.37] Elapsed: 13:13, vertices: 3039, facets final: 1927, pending: 79149, pool: 299
I  798.45] Elapsed: 13:18, vertices: 3054, facets final: 1943, pending: 79146, pool: 300
I  803.52] Elapsed: 13:24, vertices: 3069, facets final: 1954, pending: 79174, pool: 300
I  808.67] Elapsed: 13:29, vertices: 3084, facets final: 1964, pending: 79237, pool: 300
I  813.83] Elapsed: 13:34, vertices: 3098, facets final: 1976, pending: 78796, pool: 300
I  814.21] recalculating facets...
I  818.83] Elapsed: 13:39, vertices: 3112, facets final: 1986, pending: 78691, pool: 300
I  823.95] Elapsed: 13:44, vertices: 3127, facets final: 2004, pending: 78798, pool: 300
I  829.02] Elapsed: 13:49, vertices: 3141, facets final: 2014, pending: 78597, pool: 300
I  834.03] Elapsed: 13:54, vertices: 3156, facets final: 2048, pending: 78506, pool: 300
I  839.20] Elapsed: 13:59, vertices: 3169, facets final: 2070, pending: 78297, pool: 300
I  844.21] Elapsed: 14:04, vertices: 3185, facets final: 2082, pending: 78266, pool: 300
I  849.28] Elapsed: 14:09, vertices: 3199, facets final: 2099, pending: 78366, pool: 300
I  849.63] recalculating facets...
I  854.41] Elapsed: 14:14, vertices: 3212, facets final: 2120, pending: 78182, pool: 300
Final facet 53232 is on the negative side of vertex 3213 (d=-7.24203e-07)
I  859.46] Elapsed: 14:19, vertices: 3227, facets final: 2133, pending: 78102, pool: 300
I  864.52] Elapsed: 14:25, vertices: 3241, facets final: 2148, pending: 78024, pool: 300
I  869.74] Elapsed: 14:30, vertices: 3257, facets final: 2170, pending: 77878, pool: 300
I  874.81] Elapsed: 14:35, vertices: 3274, facets final: 2181, pending: 77729, pool: 300
I  879.88] Elapsed: 14:40, vertices: 3290, facets final: 2203, pending: 77791, pool: 300
I  883.00] recalculating facets...
I  884.92] Elapsed: 14:45, vertices: 3305, facets final: 2224, pending: 77917, pool: 300
I  889.98] Elapsed: 14:50, vertices: 3321, facets final: 2236, pending: 77795, pool: 300
I  895.10] Elapsed: 14:55, vertices: 3335, facets final: 2247, pending: 77715, pool: 300
I  900.11] Elapsed: 15:00, vertices: 3350, facets final: 2285, pending: 77698, pool: 300
I  905.14] Elapsed: 15:05, vertices: 3365, facets final: 2313, pending: 77545, pool: 300
I  910.28] Elapsed: 15:10, vertices: 3381, facets final: 2329, pending: 77421, pool: 300
I  915.28] Elapsed: 15:15, vertices: 3397, facets final: 2364, pending: 77482, pool: 300
I  916.12] recalculating facets...
I  920.38] Elapsed: 15:20, vertices: 3412, facets final: 2387, pending: 77480, pool: 300
I  925.45] Elapsed: 15:25, vertices: 3427, facets final: 2402, pending: 77346, pool: 300
I  930.56] Elapsed: 15:31, vertices: 3444, facets final: 2427, pending: 77317, pool: 300
I  935.63] Elapsed: 15:36, vertices: 3459, facets final: 2436, pending: 77399, pool: 300
I  940.63] Elapsed: 15:41, vertices: 3474, facets final: 2489, pending: 77178, pool: 300
I  945.74] Elapsed: 15:46, vertices: 3489, facets final: 2505, pending: 77018, pool: 300
I  948.80] recalculating facets...
I  950.93] Elapsed: 15:51, vertices: 3505, facets final: 2530, pending: 77081, pool: 300
I  955.97] Elapsed: 15:56, vertices: 3521, facets final: 2556, pending: 77162, pool: 300
I  961.00] Elapsed: 16:01, vertices: 3537, facets final: 2580, pending: 77029, pool: 300
I  966.08] Elapsed: 16:06, vertices: 3552, facets final: 2604, pending: 76820, pool: 300
I  971.09] Elapsed: 16:11, vertices: 3568, facets final: 2627, pending: 76804, pool: 300
I  976.20] Elapsed: 16:16, vertices: 3583, facets final: 2647, pending: 76606, pool: 300
I  981.35] Elapsed: 16:21, vertices: 3598, facets final: 2681, pending: 76515, pool: 300
I  981.79] recalculating facets...
I  986.35] Elapsed: 16:26, vertices: 3613, facets final: 2707, pending: 76608, pool: 300
I  991.35] Elapsed: 16:31, vertices: 3630, facets final: 2727, pending: 76751, pool: 300
I  996.49] Elapsed: 16:36, vertices: 3646, facets final: 2759, pending: 76499, pool: 299
I 1001.61] Elapsed: 16:42, vertices: 3662, facets final: 2798, pending: 76160, pool: 299
I 1006.78] Elapsed: 16:47, vertices: 3679, facets final: 2822, pending: 76056, pool: 298
I 1011.79] Elapsed: 16:52, vertices: 3696, facets final: 2847, pending: 75915, pool: 300
I 1012.91] recalculating facets...
I 1016.97] Elapsed: 16:57, vertices: 3711, facets final: 2878, pending: 75588, pool: 300
I 1022.00] Elapsed: 17:02, vertices: 3727, facets final: 2913, pending: 75353, pool: 300
I 1027.12] Elapsed: 17:07, vertices: 3743, facets final: 2954, pending: 75206, pool: 299
I 1032.28] Elapsed: 17:12, vertices: 3760, facets final: 2989, pending: 74968, pool: 300
I 1037.41] Elapsed: 17:17, vertices: 3775, facets final: 3028, pending: 74873, pool: 300
I 1042.45] Elapsed: 17:22, vertices: 3791, facets final: 3055, pending: 74726, pool: 300
I 1045.37] recalculating facets...
I 1047.45] Elapsed: 17:27, vertices: 3806, facets final: 3075, pending: 74598, pool: 300
I 1052.49] Elapsed: 17:32, vertices: 3822, facets final: 3102, pending: 74467, pool: 300
I 1057.55] Elapsed: 17:38, vertices: 3838, facets final: 3142, pending: 74340, pool: 300
I 1062.76] Elapsed: 17:43, vertices: 3854, facets final: 3170, pending: 74093, pool: 300
I 1067.76] Elapsed: 17:48, vertices: 3870, facets final: 3220, pending: 73805, pool: 300
I 1072.76] Elapsed: 17:53, vertices: 3888, facets final: 3250, pending: 73555, pool: 300
I 1076.36] recalculating facets...
I 1077.78] Elapsed: 17:58, vertices: 3904, facets final: 3301, pending: 73523, pool: 300
I 1082.89] Elapsed: 18:03, vertices: 3920, facets final: 3320, pending: 73638, pool: 300
I 1087.93] Elapsed: 18:08, vertices: 3937, facets final: 3349, pending: 73545, pool: 299
I 1093.01] Elapsed: 18:13, vertices: 3954, facets final: 3373, pending: 73481, pool: 300
I 1098.12] Elapsed: 18:18, vertices: 3972, facets final: 3405, pending: 73337, pool: 300
I 1103.25] Elapsed: 18:23, vertices: 3988, facets final: 3456, pending: 73327, pool: 299
I 1106.70] recalculating facets...
I 1108.36] Elapsed: 18:28, vertices: 4004, facets final: 3493, pending: 73136, pool: 300
I 1113.53] Elapsed: 18:34, vertices: 4020, facets final: 3528, pending: 73146, pool: 300
I 1118.53] Elapsed: 18:39, vertices: 4039, facets final: 3546, pending: 73111, pool: 300
I 1123.67] Elapsed: 18:44, vertices: 4055, facets final: 3584, pending: 73099, pool: 300
I 1128.77] Elapsed: 18:49, vertices: 4072, facets final: 3633, pending: 73037, pool: 299
I 1133.81] Elapsed: 18:54, vertices: 4090, facets final: 3679, pending: 72992, pool: 300
I 1136.88] recalculating facets...
I 1138.87] Elapsed: 18:59, vertices: 4105, facets final: 3717, pending: 72851, pool: 300
I 1144.01] Elapsed: 19:04, vertices: 4121, facets final: 3764, pending: 72726, pool: 300
I 1149.22] Elapsed: 19:09, vertices: 4139, facets final: 3797, pending: 72530, pool: 300
I 1154.34] Elapsed: 19:14, vertices: 4156, facets final: 3843, pending: 72444, pool: 300
I 1159.44] Elapsed: 19:19, vertices: 4174, facets final: 3898, pending: 72337, pool: 300
I 1164.44] Elapsed: 19:24, vertices: 4191, facets final: 3921, pending: 72364, pool: 300
I 1166.69] recalculating facets...
I 1169.45] Elapsed: 19:29, vertices: 4208, facets final: 3959, pending: 72321, pool: 300
I 1174.64] Elapsed: 19:35, vertices: 4225, facets final: 3980, pending: 72248, pool: 300
I 1179.66] Elapsed: 19:40, vertices: 4241, facets final: 4029, pending: 71988, pool: 300
I 1184.79] Elapsed: 19:45, vertices: 4258, facets final: 4064, pending: 71890, pool: 300
I 1189.81] Elapsed: 19:50, vertices: 4275, facets final: 4120, pending: 71835, pool: 299
I 1194.98] Elapsed: 19:55, vertices: 4292, facets final: 4141, pending: 71726, pool: 300
I 1197.22] recalculating facets...
I 1199.99] Elapsed: 20:00, vertices: 4308, facets final: 4184, pending: 71534, pool: 300
I 1205.01] Elapsed: 20:05, vertices: 4325, facets final: 4215, pending: 71491, pool: 300
I 1210.04] Elapsed: 20:10, vertices: 4343, facets final: 4266, pending: 71316, pool: 300
I 1215.23] Elapsed: 20:15, vertices: 4360, facets final: 4324, pending: 71230, pool: 300
I 1220.34] Elapsed: 20:20, vertices: 4378, facets final: 4379, pending: 71082, pool: 300
I 1225.34] Elapsed: 20:25, vertices: 4396, facets final: 4413, pending: 71049, pool: 300
I 1226.42] recalculating facets...
I 1230.34] Elapsed: 20:30, vertices: 4414, facets final: 4454, pending: 70953, pool: 300
I 1235.40] Elapsed: 20:35, vertices: 4430, facets final: 4534, pending: 70779, pool: 300
I 1240.46] Elapsed: 20:40, vertices: 4448, facets final: 4574, pending: 70604, pool: 300
I 1245.56] Elapsed: 20:46, vertices: 4464, facets final: 4613, pending: 70525, pool: 300
I 1250.77] Elapsed: 20:51, vertices: 4481, facets final: 4642, pending: 70597, pool: 300
I 1255.81] Elapsed: 20:56, vertices: 4498, facets final: 4671, pending: 70547, pool: 300
I 1256.13] recalculating facets...
I 1260.85] Elapsed: 21:01, vertices: 4516, facets final: 4698, pending: 70379, pool: 300
I 1265.87] Elapsed: 21:06, vertices: 4534, facets final: 4756, pending: 70340, pool: 300
I 1270.89] Elapsed: 21:11, vertices: 4551, facets final: 4807, pending: 70195, pool: 300
I 1275.97] Elapsed: 21:16, vertices: 4568, facets final: 4857, pending: 70058, pool: 300
I 1281.08] Elapsed: 21:21, vertices: 4586, facets final: 4875, pending: 69962, pool: 299
I 1285.09] recalculating facets...
I 1286.19] Elapsed: 21:26, vertices: 4603, facets final: 4930, pending: 69935, pool: 300
I 1291.32] Elapsed: 21:31, vertices: 4620, facets final: 4987, pending: 69872, pool: 300
I 1296.42] Elapsed: 21:36, vertices: 4638, facets final: 5024, pending: 69839, pool: 300
I 1301.55] Elapsed: 21:42, vertices: 4655, facets final: 5040, pending: 69662, pool: 300
I 1306.56] Elapsed: 21:47, vertices: 4673, facets final: 5094, pending: 69467, pool: 300
I 1311.72] Elapsed: 21:52, vertices: 4690, facets final: 5140, pending: 69387, pool: 300
I 1314.47] recalculating facets...
I 1316.72] Elapsed: 21:57, vertices: 4707, facets final: 5202, pending: 69215, pool: 300
I 1321.82] Elapsed: 22:02, vertices: 4724, facets final: 5253, pending: 69128, pool: 300
I 1326.95] Elapsed: 22:07, vertices: 4741, facets final: 5312, pending: 68919, pool: 300
I 1332.09] Elapsed: 22:12, vertices: 4759, facets final: 5380, pending: 68795, pool: 300
I 1337.10] Elapsed: 22:17, vertices: 4778, facets final: 5429, pending: 68585, pool: 300
I 1342.27] Elapsed: 22:22, vertices: 4797, facets final: 5517, pending: 68481, pool: 300
I 1342.85] recalculating facets...
I 1347.28] Elapsed: 22:27, vertices: 4815, facets final: 5577, pending: 68394, pool: 300
I 1352.45] Elapsed: 22:32, vertices: 4833, facets final: 5653, pending: 68178, pool: 300
I 1357.60] Elapsed: 22:38, vertices: 4851, facets final: 5718, pending: 67944, pool: 300
I 1362.71] Elapsed: 22:43, vertices: 4870, facets final: 5763, pending: 67829, pool: 300
I 1367.74] Elapsed: 22:48, vertices: 4888, facets final: 5853, pending: 67669, pool: 300
I 1371.28] recalculating facets...
I 1372.77] Elapsed: 22:53, vertices: 4904, facets final: 5916, pending: 67597, pool: 300
I 1377.89] Elapsed: 22:58, vertices: 4923, facets final: 5952, pending: 67481, pool: 300
I 1383.06] Elapsed: 23:03, vertices: 4941, facets final: 6004, pending: 67205, pool: 300
I 1388.23] Elapsed: 23:08, vertices: 4959, facets final: 6063, pending: 67093, pool: 300
I 1393.23] Elapsed: 23:13, vertices: 4976, facets final: 6121, pending: 66944, pool: 300
I 1398.31] Elapsed: 23:18, vertices: 4994, facets final: 6168, pending: 66891, pool: 300
I 1399.74] recalculating facets...
I 1403.40] Elapsed: 23:23, vertices: 5011, facets final: 6247, pending: 66678, pool: 300
I 1408.43] Elapsed: 23:28, vertices: 5028, facets final: 6315, pending: 66525, pool: 300
I 1413.60] Elapsed: 23:34, vertices: 5046, facets final: 6357, pending: 66419, pool: 300
I 1418.71] Elapsed: 23:39, vertices: 5063, facets final: 6421, pending: 66324, pool: 300
I 1423.82] Elapsed: 23:44, vertices: 5079, facets final: 6495, pending: 66245, pool: 300
I 1428.92] Elapsed: 23:49, vertices: 5098, facets final: 6560, pending: 66030, pool: 300
I 1429.27] recalculating facets...
I 1434.09] Elapsed: 23:54, vertices: 5117, facets final: 6652, pending: 65824, pool: 300
I 1439.24] Elapsed: 23:59, vertices: 5136, facets final: 6733, pending: 65624, pool: 300
I 1444.36] Elapsed: 24:04, vertices: 5156, facets final: 6801, pending: 65437, pool: 300
I 1449.39] Elapsed: 24:09, vertices: 5176, facets final: 6881, pending: 65249, pool: 300
I 1454.58] Elapsed: 24:15, vertices: 5195, facets final: 6970, pending: 65110, pool: 300
I 1455.57] recalculating facets...
I 1459.59] Elapsed: 24:20, vertices: 5214, facets final: 7047, pending: 64988, pool: 300
I 1464.61] Elapsed: 24:25, vertices: 5235, facets final: 7124, pending: 64869, pool: 299
I 1469.67] Elapsed: 24:30, vertices: 5254, facets final: 7183, pending: 64724, pool: 300
I 1474.72] Elapsed: 24:35, vertices: 5273, facets final: 7227, pending: 64675, pool: 300
I 1479.86] Elapsed: 24:40, vertices: 5292, facets final: 7306, pending: 64503, pool: 300
I 1481.70] recalculating facets...
I 1485.00] Elapsed: 24:45, vertices: 5311, facets final: 7371, pending: 64395, pool: 300
I 1490.05] Elapsed: 24:50, vertices: 5330, facets final: 7439, pending: 64284, pool: 300
I 1495.06] Elapsed: 24:55, vertices: 5348, facets final: 7512, pending: 64145, pool: 300
I 1500.12] Elapsed: 25:00, vertices: 5366, facets final: 7572, pending: 63993, pool: 300
I 1505.26] Elapsed: 25:05, vertices: 5385, facets final: 7645, pending: 63786, pool: 300
I 1509.08] recalculating facets...
I 1510.27] Elapsed: 25:10, vertices: 5404, facets final: 7698, pending: 63729, pool: 299
I 1515.44] Elapsed: 25:15, vertices: 5421, facets final: 7809, pending: 63458, pool: 299
I 1520.47] Elapsed: 25:20, vertices: 5438, facets final: 7909, pending: 63236, pool: 300
I 1525.52] Elapsed: 25:26, vertices: 5456, facets final: 7992, pending: 63125, pool: 299
I 1530.52] Elapsed: 25:31, vertices: 5475, facets final: 8070, pending: 62971, pool: 300
I 1535.67] Elapsed: 25:36, vertices: 5493, facets final: 8167, pending: 62796, pool: 300
I 1537.26] recalculating facets...
I 1540.73] Elapsed: 25:41, vertices: 5511, facets final: 8221, pending: 62709, pool: 299
I 1545.89] Elapsed: 25:46, vertices: 5529, facets final: 8298, pending: 62584, pool: 300
I 1551.04] Elapsed: 25:51, vertices: 5547, facets final: 8408, pending: 62376, pool: 300
I 1556.04] Elapsed: 25:56, vertices: 5566, facets final: 8471, pending: 62251, pool: 300
I 1561.08] Elapsed: 26:01, vertices: 5583, facets final: 8582, pending: 62067, pool: 300
I 1565.53] recalculating facets...
I 1566.19] Elapsed: 26:06, vertices: 5601, facets final: 8705, pending: 61872, pool: 300
I 1571.26] Elapsed: 26:11, vertices: 5619, facets final: 8803, pending: 61831, pool: 300
I 1576.45] Elapsed: 26:16, vertices: 5639, facets final: 8864, pending: 61696, pool: 300
I 1581.49] Elapsed: 26:21, vertices: 5660, facets final: 8968, pending: 61543, pool: 300
I 1586.53] Elapsed: 26:27, vertices: 5681, facets final: 9074, pending: 61275, pool: 300
I 1591.07] recalculating facets...
I 1591.67] Elapsed: 26:32, vertices: 5701, facets final: 9180, pending: 61105, pool: 300
I 1596.84] Elapsed: 26:37, vertices: 5722, facets final: 9268, pending: 60847, pool: 299
I 1602.01] Elapsed: 26:42, vertices: 5743, facets final: 9405, pending: 60655, pool: 300
I 1607.18] Elapsed: 26:47, vertices: 5764, facets final: 9523, pending: 60460, pool: 300
I 1612.36] Elapsed: 26:52, vertices: 5785, facets final: 9649, pending: 60251, pool: 299
I 1615.85] recalculating facets...
I 1617.40] Elapsed: 26:57, vertices: 5805, facets final: 9783, pending: 60048, pool: 300
I 1622.54] Elapsed: 27:03, vertices: 5826, facets final: 9934, pending: 59914, pool: 300
I 1627.56] Elapsed: 27:08, vertices: 5846, facets final: 10061, pending: 59686, pool: 300
I 1632.66] Elapsed: 27:13, vertices: 5866, facets final: 10195, pending: 59445, pool: 300
I 1637.66] Elapsed: 27:18, vertices: 5886, facets final: 10386, pending: 59107, pool: 300
I 1641.03] recalculating facets...
I 1642.79] Elapsed: 27:23, vertices: 5906, facets final: 10503, pending: 58855, pool: 300
I 1647.96] Elapsed: 27:28, vertices: 5927, facets final: 10618, pending: 58620, pool: 300
I 1653.05] Elapsed: 27:33, vertices: 5947, facets final: 10806, pending: 58382, pool: 300
I 1658.05] Elapsed: 27:38, vertices: 5968, facets final: 10913, pending: 58209, pool: 299
I 1663.09] Elapsed: 27:43, vertices: 5987, facets final: 11063, pending: 57975, pool: 300
I 1666.09] recalculating facets...
I 1668.17] Elapsed: 27:48, vertices: 6007, facets final: 11187, pending: 57784, pool: 300
I 1673.26] Elapsed: 27:53, vertices: 6027, facets final: 11343, pending: 57549, pool: 300
I 1678.38] Elapsed: 27:58, vertices: 6047, facets final: 11496, pending: 57302, pool: 300
I 1683.53] Elapsed: 28:04, vertices: 6067, facets final: 11680, pending: 57025, pool: 300
I 1688.53] Elapsed: 28:09, vertices: 6087, facets final: 11833, pending: 56879, pool: 300
I 1691.77] recalculating facets...
I 1693.56] Elapsed: 28:14, vertices: 6106, facets final: 11954, pending: 56693, pool: 300
I 1698.56] Elapsed: 28:19, vertices: 6126, facets final: 12082, pending: 56511, pool: 300
I 1703.64] Elapsed: 28:24, vertices: 6146, facets final: 12190, pending: 56356, pool: 300
I 1708.72] Elapsed: 28:29, vertices: 6166, facets final: 12301, pending: 56198, pool: 300
I 1713.75] Elapsed: 28:34, vertices: 6185, facets final: 12543, pending: 55860, pool: 300
I 1717.41] recalculating facets...
I 1718.83] Elapsed: 28:39, vertices: 6204, facets final: 12771, pending: 55528, pool: 300
I 1724.03] Elapsed: 28:44, vertices: 6224, facets final: 12964, pending: 55278, pool: 300
I 1729.08] Elapsed: 28:49, vertices: 6244, facets final: 13141, pending: 55035, pool: 299
I 1734.28] Elapsed: 28:54, vertices: 6263, facets final: 13446, pending: 54646, pool: 300
I 1739.44] Elapsed: 28:59, vertices: 6283, facets final: 13638, pending: 54475, pool: 300
I 1743.65] recalculating facets...
I 1744.55] Elapsed: 29:05, vertices: 6302, facets final: 13829, pending: 54201, pool: 299
I 1749.55] Elapsed: 29:10, vertices: 6321, facets final: 14124, pending: 53798, pool: 300
I 1754.73] Elapsed: 29:15, vertices: 6340, facets final: 14331, pending: 53549, pool: 300
I 1759.87] Elapsed: 29:20, vertices: 6359, facets final: 14614, pending: 53168, pool: 300
I 1764.99] Elapsed: 29:25, vertices: 6378, facets final: 14861, pending: 52830, pool: 299
I 1770.05] Elapsed: 29:30, vertices: 6397, facets final: 15107, pending: 52546, pool: 299
I 1770.60] recalculating facets...
I 1775.22] Elapsed: 29:35, vertices: 6417, facets final: 15227, pending: 52319, pool: 300
I 1780.40] Elapsed: 29:40, vertices: 6437, facets final: 15425, pending: 52071, pool: 300
I 1785.54] Elapsed: 29:46, vertices: 6457, facets final: 15576, pending: 51895, pool: 300
I 1790.73] Elapsed: 29:51, vertices: 6476, facets final: 15852, pending: 51528, pool: 300
I 1795.87] Elapsed: 29:56, vertices: 6494, facets final: 16203, pending: 51119, pool: 300
I 1797.19] recalculating facets...
I 1800.88] Elapsed: 30:01, vertices: 6513, facets final: 16390, pending: 50851, pool: 300
I 1805.93] Elapsed: 30:06, vertices: 6531, facets final: 16645, pending: 50521, pool: 300
I 1811.09] Elapsed: 30:11, vertices: 6551, facets final: 16849, pending: 50224, pool: 300
I 1816.22] Elapsed: 30:16, vertices: 6570, facets final: 17144, pending: 49849, pool: 300
I 1821.24] Elapsed: 30:21, vertices: 6590, facets final: 17346, pending: 49581, pool: 300
I 1823.96] recalculating facets...
I 1826.45] Elapsed: 30:26, vertices: 6608, facets final: 17587, pending: 49286, pool: 300
I 1831.47] Elapsed: 30:31, vertices: 6626, facets final: 17881, pending: 48878, pool: 300
I 1836.49] Elapsed: 30:36, vertices: 6645, facets final: 18095, pending: 48649, pool: 300
I 1841.49] Elapsed: 30:41, vertices: 6665, facets final: 18310, pending: 48368, pool: 300
I 1846.49] Elapsed: 30:46, vertices: 6684, facets final: 18535, pending: 48087, pool: 298
I 1850.66] recalculating facets...
I 1851.53] Elapsed: 30:52, vertices: 6702, facets final: 18721, pending: 47855, pool: 300
I 1856.70] Elapsed: 30:57, vertices: 6721, facets final: 19022, pending: 47473, pool: 300
I 1861.86] Elapsed: 31:02, vertices: 6740, facets final: 19320, pending: 47108, pool: 300
I 1867.02] Elapsed: 31:07, vertices: 6759, facets final: 19595, pending: 46744, pool: 299
I 1872.20] Elapsed: 31:12, vertices: 6778, facets final: 19894, pending: 46406, pool: 299
I 1877.36] Elapsed: 31:17, vertices: 6796, facets final: 20325, pending: 45933, pool: 300
I 1878.24] recalculating facets...
I 1882.42] Elapsed: 31:22, vertices: 6814, facets final: 20635, pending: 45592, pool: 298
I 1887.42] Elapsed: 31:27, vertices: 6832, facets final: 21065, pending: 45113, pool: 299
I 1892.47] Elapsed: 31:32, vertices: 6849, facets final: 21405, pending: 44737, pool: 297
I 1897.47] Elapsed: 31:37, vertices: 6867, facets final: 21876, pending: 44228, pool: 300
I 1902.51] Elapsed: 31:43, vertices: 6883, facets final: 22343, pending: 43712, pool: 300
I 1907.11] recalculating facets...
I 1907.51] Elapsed: 31:48, vertices: 6900, facets final: 22741, pending: 43264, pool: 299
I 1912.54] Elapsed: 31:53, vertices: 6918, facets final: 23101, pending: 42884, pool: 299
I 1917.56] Elapsed: 31:58, vertices: 6937, facets final: 23368, pending: 42564, pool: 300
I 1922.56] Elapsed: 32:03, vertices: 6954, facets final: 23869, pending: 42023, pool: 298
I 1927.74] Elapsed: 32:08, vertices: 6971, facets final: 24311, pending: 41547, pool: 300
I 1932.81] Elapsed: 32:13, vertices: 6989, facets final: 24701, pending: 41109, pool: 299
I 1935.80] recalculating facets...
I 1937.92] Elapsed: 32:18, vertices: 7006, facets final: 25150, pending: 40600, pool: 298
I 1942.92] Elapsed: 32:23, vertices: 7024, facets final: 25619, pending: 40089, pool: 297
I 1948.11] Elapsed: 32:28, vertices: 7040, facets final: 26151, pending: 39500, pool: 299
I 1953.11] Elapsed: 32:33, vertices: 7058, facets final: 26563, pending: 39036, pool: 297
I 1958.14] Elapsed: 32:38, vertices: 7073, facets final: 27184, pending: 38368, pool: 299
I 1963.24] Elapsed: 32:43, vertices: 7090, facets final: 27718, pending: 37832, pool: 299
I 1965.82] recalculating facets...
I 1968.32] Elapsed: 32:48, vertices: 7106, facets final: 28296, pending: 37213, pool: 298
I 1973.38] Elapsed: 32:53, vertices: 7122, facets final: 28931, pending: 36568, pool: 297
I 1978.38] Elapsed: 32:58, vertices: 7139, facets final: 29502, pending: 35994, pool: 300
I 1983.43] Elapsed: 33:03, vertices: 7155, facets final: 30009, pending: 35437, pool: 299
I 1988.49] Elapsed: 33:08, vertices: 7171, facets final: 30637, pending: 34794, pool: 297
I 1993.62] Elapsed: 33:14, vertices: 7188, facets final: 31180, pending: 34228, pool: 298
I 1997.10] recalculating facets...
I 1998.81] Elapsed: 33:19, vertices: 7203, facets final: 31886, pending: 33502, pool: 298
I 2003.89] Elapsed: 33:24, vertices: 7218, facets final: 32649, pending: 32728, pool: 296
I 2008.91] Elapsed: 33:29, vertices: 7235, facets final: 33143, pending: 32214, pool: 298
I 2013.92] Elapsed: 33:34, vertices: 7251, facets final: 33876, pending: 31442, pool: 299
I 2018.96] Elapsed: 33:39, vertices: 7267, facets final: 34396, pending: 30901, pool: 296
I 2023.96] Elapsed: 33:44, vertices: 7283, facets final: 35186, pending: 30097, pool: 292
I 2028.96] Elapsed: 33:49, vertices: 7296, facets final: 36154, pending: 29106, pool: 294
I 2030.28] recalculating facets...
I 2033.96] Elapsed: 33:54, vertices: 7310, facets final: 36966, pending: 28276, pool: 296
I 2039.08] Elapsed: 33:59, vertices: 7324, facets final: 37810, pending: 27424, pool: 296
I 2044.08] Elapsed: 34:04, vertices: 7339, facets final: 38661, pending: 26534, pool: 296
I 2049.25] Elapsed: 34:09, vertices: 7353, facets final: 39529, pending: 25642, pool: 294
I 2054.25] Elapsed: 34:14, vertices: 7370, facets final: 40145, pending: 25010, pool: 293
I 2059.32] Elapsed: 34:19, vertices: 7383, facets final: 41074, pending: 24054, pool: 292
I 2064.40] Elapsed: 34:24, vertices: 7397, facets final: 41963, pending: 23151, pool: 295
I 2065.06] recalculating facets...
I 2069.40] Elapsed: 34:29, vertices: 7411, facets final: 42725, pending: 22379, pool: 295
I 2074.53] Elapsed: 34:35, vertices: 7426, facets final: 43511, pending: 21557, pool: 294
I 2079.59] Elapsed: 34:40, vertices: 7441, facets final: 44293, pending: 20763, pool: 289
I 2084.59] Elapsed: 34:45, vertices: 7454, facets final: 45287, pending: 19750, pool: 288
I 2089.78] Elapsed: 34:50, vertices: 7467, facets final: 46401, pending: 18605, pool: 290
I 2094.83] Elapsed: 34:55, vertices: 7479, facets final: 47582, pending: 17398, pool: 283
I 2099.83] Elapsed: 35:00, vertices: 7494, facets final: 48529, pending: 16427, pool: 275
I 2101.88] recalculating facets...
I 2105.01] Elapsed: 35:05, vertices: 7508, facets final: 49402, pending: 15550, pool: 272
I 2110.16] Elapsed: 35:10, vertices: 7520, facets final: 50626, pending: 14310, pool: 271
I 2115.16] Elapsed: 35:15, vertices: 7534, facets final: 51716, pending: 13201, pool: 262
I 2120.16] Elapsed: 35:20, vertices: 7551, facets final: 52451, pending: 12444, pool: 254
I 2125.17] Elapsed: 35:25, vertices: 7562, facets final: 53767, pending: 11111, pool: 257
I 2130.24] Elapsed: 35:30, vertices: 7575, facets final: 54990, pending: 9868, pool: 258
I 2135.38] Elapsed: 35:35, vertices: 7591, facets final: 55969, pending: 8872, pool: 250
I 2138.69] recalculating facets...
I 2140.38] Elapsed: 35:40, vertices: 7604, facets final: 57203, pending: 7624, pool: 249
I 2145.47] Elapsed: 35:45, vertices: 7618, facets final: 58301, pending: 6505, pool: 242
I 2150.55] Elapsed: 35:51, vertices: 7635, facets final: 59280, pending: 5519, pool: 226
I 2155.55] Elapsed: 35:56, vertices: 7655, facets final: 60070, pending: 4702, pool: 216
I 2160.55] Elapsed: 36:01, vertices: 7676, facets final: 60818, pending: 3931, pool: 200
I 2165.55] Elapsed: 36:06, vertices: 7694, facets final: 61913, pending: 2812, pool: 192
I 2167.07] recalculating facets...
I 2170.60] Elapsed: 36:11, vertices: 7713, facets final: 62897, pending: 1808, pool: 176
I 2175.62] Elapsed: 36:16, vertices: 7740, facets final: 63564, pending: 1134, pool: 155
I 2180.64] Elapsed: 36:21, vertices: 7776, facets final: 63927, pending: 745, pool: 128
I 2183.34] recalculating facets...
I 2185.64] Elapsed: 36:26, vertices: 7821, facets final: 64168, pending: 469, pool: 95
I 2190.64] Elapsed: 36:31, vertices: 7887, facets final: 64354, pending: 239, pool: 47
I 2191.27] recalculating facets...
I 2193.43] Elapsed: 36:33, vertices: 7964, facets final: 64524, pending: 0

--------------------------------
Problem completed
 name                    36.vlp
 output                  vlp/36.res
 rows, cols, objs        23, 2855, 10
 vertices, facets        7964, 64524
 total time              36:33
--------------------------------
Statistics
LP:
 oracle calls            73892
   avg iterations/calls  8.28
 total oracle time       2:29
Combinatorics:
 vertices added          7964
 facets probed           133929
 facets # max            81273
 memory allocated        188.24M
 instability warnings    1
 storage expansion
   vertices # / upto     63 / 8060
   facets   # / upto     20 / 81916
 facet manipulating
   added avg / max       83.41 / 1.41k
   compressed            448
 number of ridge tests
   avg / max             4.22M / 80.41M
--------------------------------
Parameters with non-default values
 VertexPoolSize = 300
