C applying rule 06.txt for base.txt
Using 2 threads
I    5.00] Elapsed: 5.00, vertices: 548, facets final: 1162, pending: 760, pool: 65
I    6.61] Elapsed: 6.61, vertices: 665, facets final: 1858, pending: 0

--------------------------------
Problem completed
 name                    06.vlp
 output                  
   vertices              vlp/06.res
 rows, cols, objs        12, 2509, 10
 vertices, facets        665, 1858
 threads used            2
 total time              6.61
--------------------------------
Statistics
LP:
 oracle calls            3068
   avg iterations/calls  6.27
 total oracle time       4.74
Combinatorics:
 vertices added          665
 facets probed           7645
 facets # max            3210
 memory allocated        2.82M
 storage expansion
   vertices # / upto     6 / 764
   facets   # / upto     1 / 4092
 facet manipulating
   added avg / max       49.64 / 458.00
   compressed            19
 number of ridge tests
   avg / max             103.00k / 898.41k
--------------------------------
Parameters with non-default values
 VertexPoolSize=100
