C applying rule 12.txt for base.txt
Using 2 threads
I    5.00] Elapsed: 5.00, vertices: 238, facets final: 57, pending: 13601, pool: 100
I   10.00] Elapsed: 10.00, vertices: 395, facets final: 111, pending: 16788, pool: 99
I   15.01] Elapsed: 15.01, vertices: 545, facets final: 194, pending: 17567, pool: 100
I   20.01] Elapsed: 20.01, vertices: 704, facets final: 320, pending: 17499, pool: 100
I   25.02] Elapsed: 25.02, vertices: 862, facets final: 552, pending: 17346, pool: 100
I   30.02] Elapsed: 30.02, vertices: 1022, facets final: 884, pending: 17400, pool: 100
I   35.02] Elapsed: 35.02, vertices: 1177, facets final: 1452, pending: 17251, pool: 100
I   40.02] Elapsed: 40.02, vertices: 1318, facets final: 2418, pending: 16534, pool: 100
I   45.02] Elapsed: 45.02, vertices: 1437, facets final: 3892, pending: 14971, pool: 99
I   50.02] Elapsed: 50.02, vertices: 1509, facets final: 6037, pending: 12742, pool: 97
I   55.02] Elapsed: 55.02, vertices: 1573, facets final: 8351, pending: 10286, pool: 96
I   60.02] Elapsed: 1:00, vertices: 1611, facets final: 10993, pending: 7613, pool: 91
I   65.02] Elapsed: 1:05, vertices: 1645, facets final: 13777, pending: 4845, pool: 67
I   70.02] Elapsed: 1:10, vertices: 1681, facets final: 16569, pending: 2066, pool: 39
I   73.82] Elapsed: 1:14, vertices: 1755, facets final: 18619, pending: 0

--------------------------------
Problem completed
 name                    12.vlp
 output                  
   vertices              vlp/12.res
 rows, cols, objs        12, 2440, 10
 vertices, facets        1755, 18619
 threads used            2
 total time              1:14
--------------------------------
Statistics
LP:
 oracle calls            20901
   avg iterations/calls  7.12
 total oracle time       33.35
Combinatorics:
 vertices added          1755
 facets probed           26086
 facets # max            19068
 memory allocated        14.08M
 storage expansion
   vertices # / upto     14 / 1788
   facets   # / upto     5 / 20476
 facet manipulating
   added avg / max       98.93 / 978.00
   compressed            110
 number of ridge tests
   avg / max             1.16M / 8.99M
--------------------------------
Parameters with non-default values
 VertexPoolSize=100
