C applying rule 13.txt for base.txt
Using 2 threads
I    5.01] Elapsed: 5.01, vertices: 225, facets final: 170, pending: 14492, pool: 100
I   10.03] Elapsed: 10.03, vertices: 339, facets final: 331, pending: 22517, pool: 99
I   15.05] Elapsed: 15.05, vertices: 447, facets final: 529, pending: 26209, pool: 100
I   20.05] Elapsed: 20.05, vertices: 540, facets final: 816, pending: 29307, pool: 100
I   25.05] Elapsed: 25.05, vertices: 621, facets final: 1055, pending: 32074, pool: 100
I   30.08] Elapsed: 30.08, vertices: 690, facets final: 1306, pending: 33012, pool: 100
I   35.09] Elapsed: 35.09, vertices: 768, facets final: 1637, pending: 34187, pool: 100
I   40.09] Elapsed: 40.09, vertices: 843, facets final: 2054, pending: 34321, pool: 100
I   45.10] Elapsed: 45.10, vertices: 919, facets final: 2660, pending: 34411, pool: 100
I   50.10] Elapsed: 50.10, vertices: 995, facets final: 3392, pending: 34223, pool: 99
I   55.10] Elapsed: 55.10, vertices: 1061, facets final: 4397, pending: 33472, pool: 99
I   60.10] Elapsed: 1:00, vertices: 1112, facets final: 6133, pending: 31678, pool: 93
I   65.10] Elapsed: 1:05, vertices: 1152, facets final: 8291, pending: 29589, pool: 91
I   70.10] Elapsed: 1:10, vertices: 1184, facets final: 10708, pending: 27257, pool: 83
I   75.10] Elapsed: 1:15, vertices: 1212, facets final: 13191, pending: 24824, pool: 78
I   80.10] Elapsed: 1:20, vertices: 1238, facets final: 15829, pending: 22230, pool: 64
I   85.10] Elapsed: 1:25, vertices: 1259, facets final: 18572, pending: 19680, pool: 52
I   90.10] Elapsed: 1:30, vertices: 1276, facets final: 21464, pending: 16791, pool: 44
I   95.10] Elapsed: 1:35, vertices: 1282, facets final: 24509, pending: 13743, pool: 42
I  100.10] Elapsed: 1:40, vertices: 1291, facets final: 27511, pending: 10787, pool: 41
I  105.10] Elapsed: 1:45, vertices: 1307, facets final: 30445, pending: 7928, pool: 33
I  110.10] Elapsed: 1:50, vertices: 1324, facets final: 33448, pending: 4971, pool: 19
I  115.10] Elapsed: 1:55, vertices: 1329, facets final: 36553, pending: 1896, pool: 15
I  118.20] Elapsed: 1:58, vertices: 1351, facets final: 38477, pending: 0

--------------------------------
Problem completed
 name                    13.vlp
 output                  
   vertices              vlp/13.res
 rows, cols, objs        12, 2446, 10
 vertices, facets        1351, 38477
 threads used            2
 total time              1:58
--------------------------------
Statistics
LP:
 oracle calls            40457
   avg iterations/calls  7.61
 total oracle time       1:04
Combinatorics:
 vertices added          1351
 facets probed           42598
 facets # max            38479
 memory allocated        20.91M
 storage expansion
   vertices # / upto     11 / 1404
   facets   # / upto     10 / 40956
 facet manipulating
   added avg / max       123.70 / 966.00
   compressed            121
 number of ridge tests
   avg / max             1.92M / 12.79M
--------------------------------
Parameters with non-default values
 VertexPoolSize=100
