C applying rule 14.txt for base200.txt
I    0.26] recalculating facets...
I    1.15] Elapsed: 1.15, vertices: 185, facets final: 908, pending: 0

--------------------------------
Problem completed
 name                    14.vlp
 output                  vlp/14.res
 rows, cols, objs        12, 2394, 10
 vertices, facets        185, 908
 total time              1.15
--------------------------------
Statistics
LP:
 oracle calls            1093
   avg iterations/calls  4.28
 total oracle time       1.11
Combinatorics:
 vertices added          185
 facets probed           1093
 facets # max            909
 memory allocated        2.18M
 storage expansion
   vertices # / upto     2 / 252
   facets   # / upto     1 / 4092
 facet manipulating
   added avg / max       13.29 / 59.00
   compressed            0
 number of ridge tests
   avg / max             4.06k / 22.66k
--------------------------------
Parameters with non-default values
 OracleItLimit = 200000
 OracleTimeLimit = 60
