C applying rule 25.txt for base.txt
Using 2 threads
I    5.00] Elapsed: 5.00, vertices: 225, facets final: 234, pending: 18345, pool: 100
I   10.00] Elapsed: 10.00, vertices: 371, facets final: 728, pending: 24476, pool: 99
I   15.02] Elapsed: 15.02, vertices: 497, facets final: 1159, pending: 28404, pool: 100
I   20.04] Elapsed: 20.04, vertices: 611, facets final: 1638, pending: 31170, pool: 100
I   25.05] Elapsed: 25.05, vertices: 717, facets final: 2071, pending: 33569, pool: 100
I   30.05] Elapsed: 30.05, vertices: 817, facets final: 2512, pending: 35379, pool: 100
I   35.05] Elapsed: 35.05, vertices: 911, facets final: 3095, pending: 36475, pool: 99
I   40.07] Elapsed: 40.07, vertices: 998, facets final: 3730, pending: 37672, pool: 99
I   45.09] Elapsed: 45.09, vertices: 1082, facets final: 4274, pending: 38391, pool: 100
I   50.09] Elapsed: 50.09, vertices: 1160, facets final: 5126, pending: 38723, pool: 100
I   55.09] Elapsed: 55.09, vertices: 1238, facets final: 6013, pending: 38860, pool: 100
I   60.09] Elapsed: 1:00, vertices: 1310, facets final: 7099, pending: 38677, pool: 100
I   65.13] Elapsed: 1:05, vertices: 1376, facets final: 8549, pending: 37640, pool: 99
I   70.13] Elapsed: 1:10, vertices: 1441, facets final: 10009, pending: 36538, pool: 100
I   75.16] Elapsed: 1:15, vertices: 1499, facets final: 11879, pending: 34925, pool: 97
I   80.20] Elapsed: 1:20, vertices: 1543, facets final: 14226, pending: 32916, pool: 99
I   85.20] Elapsed: 1:25, vertices: 1590, facets final: 16555, pending: 30757, pool: 99
I   90.20] Elapsed: 1:30, vertices: 1620, facets final: 19519, pending: 27826, pool: 97
I   95.24] Elapsed: 1:35, vertices: 1655, facets final: 22440, pending: 25044, pool: 99
I  100.24] Elapsed: 1:40, vertices: 1676, facets final: 25819, pending: 21736, pool: 93
I  105.24] Elapsed: 1:45, vertices: 1700, facets final: 29010, pending: 18661, pool: 88
I  110.24] Elapsed: 1:50, vertices: 1717, facets final: 32550, pending: 15209, pool: 86
I  115.24] Elapsed: 1:55, vertices: 1735, facets final: 36087, pending: 11754, pool: 82
I  120.24] Elapsed: 2:00, vertices: 1747, facets final: 39854, pending: 8020, pool: 75
I  125.24] Elapsed: 2:05, vertices: 1773, facets final: 43259, pending: 4674, pool: 59
I  130.24] Elapsed: 2:10, vertices: 1825, facets final: 46399, pending: 1584, pool: 20
I  132.83] Elapsed: 2:13, vertices: 1877, facets final: 48082, pending: 0

--------------------------------
Problem completed
 name                    25.vlp
 output                  
   vertices              vlp/25.res
 rows, cols, objs        12, 2399, 10
 vertices, facets        1877, 48082
 threads used            2
 total time              2:13
--------------------------------
Statistics
LP:
 oracle calls            50559
   avg iterations/calls  2.71
 total oracle time       1:01
Combinatorics:
 vertices added          1877
 facets probed           57936
 facets # max            48084
 memory allocated        31.52M
 storage expansion
   vertices # / upto     15 / 1916
   facets   # / upto     12 / 49148
 facet manipulating
   added avg / max       73.45 / 973.00
   compressed            110
 number of ridge tests
   avg / max             1.08M / 6.74M
--------------------------------
Parameters with non-default values
 VertexPoolSize=100
