C applying rule 34.txt for base.txt
Using 2 threads
I    5.00] Elapsed: 5.00, vertices: 295, facets final: 334, pending: 12543, pool: 100
I   10.01] Elapsed: 10.01, vertices: 493, facets final: 1096, pending: 15152, pool: 100
I   15.01] Elapsed: 15.01, vertices: 636, facets final: 2754, pending: 14605, pool: 99
I   20.01] Elapsed: 20.01, vertices: 739, facets final: 4973, pending: 12805, pool: 98
I   25.01] Elapsed: 25.01, vertices: 824, facets final: 7458, pending: 10603, pool: 95
I   30.01] Elapsed: 30.01, vertices: 897, facets final: 10245, pending: 7909, pool: 81
I   35.01] Elapsed: 35.01, vertices: 944, facets final: 13389, pending: 4797, pool: 67
I   40.01] Elapsed: 40.01, vertices: 1002, facets final: 16640, pending: 1662, pool: 31
I   42.90] Elapsed: 42.90, vertices: 1100, facets final: 18481, pending: 0

--------------------------------
Problem completed
 name                    34.vlp
 output                  
   vertices              vlp/34.res
 rows, cols, objs        12, 2383, 10
 vertices, facets        1100, 18481
 threads used            2
 total time              42.90
--------------------------------
Statistics
LP:
 oracle calls            20289
   avg iterations/calls  4.84
 total oracle time       26.85
Combinatorics:
 vertices added          1100
 facets probed           28993
 facets # max            18484
 memory allocated        10.04M
 storage expansion
   vertices # / upto     9 / 1148
   facets   # / upto     5 / 20476
 facet manipulating
   added avg / max       70.82 / 546.00
   compressed            57
 number of ridge tests
   avg / max             531.66k / 3.39M
--------------------------------
Parameters with non-default values
 VertexPoolSize=100
