C applying rule 40.txt for base200.txt
I    0.34] recalculating facets...
I    0.90] recalculating facets...
I    1.49] recalculating facets...
I    2.14] recalculating facets...
I    2.88] recalculating facets...
I    3.51] recalculating facets...
I    4.05] recalculating facets...
I    4.62] recalculating facets...
I    5.00] Elapsed: 5.00, vertices: 842, facets final: 263, pending: 11215
I    5.32] recalculating facets...
I    5.96] recalculating facets...
I    6.99] recalculating facets...
I    7.98] recalculating facets...
I    8.86] recalculating facets...
I    9.76] recalculating facets...
I   10.00] Elapsed: 10.00, vertices: 1424, facets final: 672, pending: 13620
I   10.60] recalculating facets...
I   11.65] recalculating facets...
I   12.49] recalculating facets...
I   13.54] recalculating facets...
I   14.51] recalculating facets...
I   15.00] Elapsed: 15.00, vertices: 1951, facets final: 1380, pending: 12515
I   15.56] recalculating facets...
I   16.50] recalculating facets...
I   17.39] recalculating facets...
I   18.36] recalculating facets...
I   19.16] recalculating facets...
I   20.00] Elapsed: 20.00, vertices: 2481, facets final: 2877, pending: 9814
I   20.29] recalculating facets...
I   21.14] recalculating facets...
I   22.27] recalculating facets...
I   23.34] recalculating facets...
I   24.73] recalculating facets...
I   25.00] Elapsed: 25.00, vertices: 2915, facets final: 5569, pending: 6549
I   26.62] recalculating facets...
I   29.49] recalculating facets...
I   30.00] Elapsed: 30.00, vertices: 3113, facets final: 9181, pending: 2812
I   33.13] recalculating facets...
I   33.70] Elapsed: 33.70, vertices: 3269, facets final: 11938, pending: 0

--------------------------------
Problem completed
 name                    40.vlp
 output                  vlp/40.res
 rows, cols, objs        12, 2400, 10
 vertices, facets        3269, 11938
 total time              33.70
--------------------------------
Statistics
LP:
 oracle calls            15207
   avg iterations/calls  5.90
 total oracle time       18.19
Combinatorics:
 vertices added          3269
 facets probed           15207
 facets # max            14433
 memory allocated        22.05M
 storage expansion
   vertices # / upto     26 / 3324
   facets   # / upto     4 / 16380
 facet manipulating
   added avg / max       42.26 / 502.00
   compressed            93
 number of ridge tests
   avg / max             390.71k / 3.44M
--------------------------------
Parameters with non-default values
 OracleItLimit = 200000
 OracleTimeLimit = 60
