C applying rule 42.txt for base200.txt
I    0.65] recalculating facets...
I    1.74] recalculating facets...
I    3.10] recalculating facets...
I    4.92] recalculating facets...
I    5.00] Elapsed: 5.00, vertices: 403, facets final: 740, pending: 7674, pool: 150
I    6.97] recalculating facets...
I    9.07] recalculating facets...
I   10.01] Elapsed: 10.01, vertices: 634, facets final: 1440, pending: 8063, pool: 150
I   11.66] recalculating facets...
I   14.81] recalculating facets...
I   15.01] Elapsed: 15.01, vertices: 804, facets final: 3180, pending: 6401, pool: 137
I   18.52] recalculating facets...
I   20.01] Elapsed: 20.01, vertices: 940, facets final: 5552, pending: 4039, pool: 117
I   22.71] recalculating facets...
I   25.01] Elapsed: 25.01, vertices: 1059, facets final: 8612, pending: 939, pool: 48
I   26.08] recalculating facets...
I   27.14] recalculating facets...
I   27.26] Elapsed: 27.26, vertices: 1211, facets final: 9630, pending: 0

--------------------------------
Problem completed
 name                    42.vlp
 output                  vlp/42.res
 rows, cols, objs        12, 2409, 10
 vertices, facets        1211, 9630
 total time              27.26
--------------------------------
Statistics
LP:
 oracle calls            11779
   avg iterations/calls  6.72
 total oracle time       14.25
Combinatorics:
 vertices added          1211
 facets probed           25193
 facets # max            9661
 memory allocated        8.43M
 storage expansion
   vertices # / upto     10 / 1276
   facets   # / upto     3 / 12284
 facet manipulating
   added avg / max       53.56 / 447.00
   compressed            42
 number of ridge tests
   avg / max             252.87k / 2.04M
--------------------------------
Parameters with non-default values
 VertexPoolSize = 150
