C applying rule 46.txt for base.txt
Using 2 threads
I    5.00] Elapsed: 5.00, vertices: 462, facets final: 1190, pending: 5039, pool: 100
I   10.00] Elapsed: 10.00, vertices: 622, facets final: 3632, pending: 2984, pool: 55
I   15.00] Elapsed: 15.00, vertices: 711, facets final: 6618, pending: 145, pool: 2
I   15.24] Elapsed: 15.24, vertices: 727, facets final: 6773, pending: 0

--------------------------------
Problem completed
 name                    46.vlp
 output                  
   vertices              vlp/46.res
 rows, cols, objs        12, 2431, 10
 vertices, facets        727, 6773
 threads used            2
 total time              15.24
--------------------------------
Statistics
LP:
 oracle calls            8088
   avg iterations/calls  6.58
 total oracle time       12.27
Combinatorics:
 vertices added          727
 facets probed           12160
 facets # max            6776
 memory allocated        4.03M
 storage expansion
   vertices # / upto     6 / 764
   facets   # / upto     2 / 8188
 facet manipulating
   added avg / max       35.77 / 202.00
   compressed            16
 number of ridge tests
   avg / max             89.70k / 731.22k
--------------------------------
Parameters with non-default values
 VertexPoolSize=100
