C applying rule 47.txt for ineq.dw2
I    0.20] recalculating facets...
I    0.46] recalculating facets...
I    0.79] recalculating facets...
I    1.15] recalculating facets...
I    1.66] recalculating facets...
I    2.14] recalculating facets...
I    2.64] recalculating facets...
I    3.07] recalculating facets...
I    3.49] recalculating facets...
I    3.94] recalculating facets...
I    4.48] recalculating facets...
I    4.99] recalculating facets...
I    5.00] Elapsed: 5.00, vertices: 1201, facets final: 867, pending: 6415
I    5.48] recalculating facets...
I    5.99] recalculating facets...
I    6.58] recalculating facets...
I    7.21] recalculating facets...
I    8.00] recalculating facets...
I    9.44] recalculating facets...
I   10.00] Elapsed: 10.00, vertices: 1828, facets final: 3796, pending: 2619
I   11.75] recalculating facets...
I   13.25] recalculating facets...
I   13.37] Elapsed: 13.37, vertices: 2017, facets final: 6335, pending: 0

--------------------------------
Problem completed
 name                    47.vlp
 output                  vlp/47.res
 rows, cols, objs        12, 2460, 10
 vertices, facets        2017, 6335
 total time              13.37
--------------------------------
Statistics
LP:
 oracle calls            8352
   avg iterations/calls  5.61
 total oracle time       9.99
Combinatorics:
 vertices added          2017
 facets probed           8352
 facets # max            7977
 memory allocated        9.60M
 storage expansion
   vertices # / upto     16 / 2044
   facets   # / upto     2 / 8188
 facet manipulating
   added avg / max       38.06 / 520.00
   compressed            80
 number of ridge tests
   avg / max             196.84k / 2.53M
--------------------------------
Parameters with non-default values
 OracleItLimit = 200000
 OracleTimeLimit = 60
