C applying rule 51b.txt for ineq.dw2
I    0.65] recalculating facets...
I    1.16] Elapsed: 1.16, vertices: 130, facets final: 850, pending: 0

--------------------------------
Problem completed
 name                    51b.vlp
 output                  vlp/51b.res
 rows, cols, objs        12, 2613, 10
 vertices, facets        130, 850
 total time              1.16
--------------------------------
Statistics
LP:
 oracle calls            980
   avg iterations/calls  4.61
 total oracle time       1.14
Combinatorics:
 vertices added          130
 facets probed           980
 facets # max            855
 memory allocated        2.18M
 storage expansion
   vertices # / upto     2 / 252
   facets   # / upto     1 / 4092
 facet manipulating
   added avg / max       27.89 / 155.00
   compressed            0
 number of ridge tests
   avg / max             8.59k / 29.30k
--------------------------------
Parameters with non-default values
 OracleItLimit = 200000
 OracleTimeLimit = 60
