C applying rule 51d.txt for ineq.dw2
I    0.71] recalculating facets...
I    1.69] Elapsed: 1.69, vertices: 144, facets final: 1080, pending: 0

--------------------------------
Problem completed
 name                    51d.vlp
 output                  vlp/51d.res
 rows, cols, objs        12, 2746, 10
 vertices, facets        144, 1080
 total time              1.69
--------------------------------
Statistics
LP:
 oracle calls            1224
   avg iterations/calls  5.94
 total oracle time       1.68
Combinatorics:
 vertices added          144
 facets probed           1224
 facets # max            1092
 memory allocated        2.18M
 storage expansion
   vertices # / upto     2 / 252
   facets   # / upto     1 / 4092
 facet manipulating
   added avg / max       30.28 / 155.00
   compressed            1
 number of ridge tests
   avg / max             11.36k / 39.85k
--------------------------------
Parameters with non-default values
 OracleItLimit = 200000
 OracleTimeLimit = 60
