C applying rule 53d.txt for ineq.dw2
I    0.36] recalculating facets...
I    0.94] recalculating facets...
I    1.50] recalculating facets...
I    2.13] recalculating facets...
I    3.68] recalculating facets...
I    5.00] Elapsed: 5.00, vertices: 520, facets final: 1822, pending: 1028
I    6.62] Elapsed: 6.62, vertices: 522, facets final: 2838, pending: 0

--------------------------------
Problem completed
 name                    53d.vlp
 output                  vlp/53d.res
 rows, cols, objs        12, 3133, 10
 vertices, facets        522, 2838
 total time              6.62
--------------------------------
Statistics
LP:
 oracle calls            3360
   avg iterations/calls  7.93
 total oracle time       5.57
Combinatorics:
 vertices added          522
 facets probed           3360
 facets # max            5361
 memory allocated        4.30M
 storage expansion
   vertices # / upto     5 / 636
   facets   # / upto     2 / 8188
 facet manipulating
   added avg / max       116.28 / 729.00
   compressed            27
 number of ridge tests
   avg / max             398.84k / 2.86M
--------------------------------
Parameters with non-default values
 OracleItLimit = 200000
 OracleTimeLimit = 60
