C applying rule 02.txt for base100.txt
I    2.74] recalculating facets...
I    5.01] Elapsed: 5.01, vertices: 132, facets final: 31, pending: 14416, pool: 164
I   10.03] Elapsed: 10.03, vertices: 197, facets final: 65, pending: 18102, pool: 200
I   10.22] recalculating facets...
I   15.05] Elapsed: 15.05, vertices: 268, facets final: 79, pending: 20722, pool: 199
I   17.80] recalculating facets...
I   20.05] Elapsed: 20.05, vertices: 327, facets final: 103, pending: 23338, pool: 200
I   25.05] Elapsed: 25.05, vertices: 384, facets final: 136, pending: 25316, pool: 200
I   26.69] recalculating facets...
recalculate_facet: numerical instability at facet 13056, coord 0 (-2.63573e-06)
recalculate_facet: numerical instability at facet 13056, coord 2 (1.08056e-06)
recalculate_facet: numerical instability at facet 13056, coord 4 (-3.54479e-06)
recalculate_facet: numerical instability at facet 13056, coord 7 (4.58392e-06)
recalculate_facet: numerical instability at facet 13056, coord 10 (3.14017e-06)
I   30.08] Elapsed: 30.08, vertices: 435, facets final: 164, pending: 26500, pool: 200
I   35.10] Elapsed: 35.10, vertices: 488, facets final: 186, pending: 28982, pool: 200
I   36.32] recalculating facets...
I   40.17] Elapsed: 40.17, vertices: 534, facets final: 208, pending: 28513, pool: 200
I   45.17] Elapsed: 45.17, vertices: 581, facets final: 229, pending: 29403, pool: 200
I   47.12] recalculating facets...
recalculate_facet: numerical instability at facet 5441, coord 2 (1.07192e-06)
recalculate_facet: numerical instability at facet 5441, coord 4 (-1.46195e-06)
I   50.20] Elapsed: 50.20, vertices: 628, facets final: 248, pending: 30750, pool: 200
I   55.24] Elapsed: 55.24, vertices: 671, facets final: 275, pending: 31541, pool: 199
I   58.30] recalculating facets...
I   60.25] Elapsed: 1:00, vertices: 717, facets final: 295, pending: 33173, pool: 200
I   65.27] Elapsed: 1:05, vertices: 761, facets final: 307, pending: 34032, pool: 200
I   69.82] recalculating facets...
I   70.28] Elapsed: 1:10, vertices: 804, facets final: 325, pending: 34675, pool: 199
I   75.32] Elapsed: 1:15, vertices: 846, facets final: 347, pending: 34593, pool: 199
I   80.38] Elapsed: 1:20, vertices: 888, facets final: 374, pending: 35639, pool: 200
I   81.71] recalculating facets...
I   85.40] Elapsed: 1:25, vertices: 928, facets final: 385, pending: 36288, pool: 200
I   90.47] Elapsed: 1:30, vertices: 966, facets final: 411, pending: 36099, pool: 200
I   95.44] recalculating facets...
I   95.57] Elapsed: 1:36, vertices: 1000, facets final: 425, pending: 37056, pool: 200
I  100.59] Elapsed: 1:41, vertices: 1038, facets final: 444, pending: 37678, pool: 200
I  105.59] Elapsed: 1:46, vertices: 1068, facets final: 460, pending: 38644, pool: 200
I  110.68] Elapsed: 1:51, vertices: 1096, facets final: 481, pending: 39767, pool: 200
I  111.34] recalculating facets...
I  115.73] Elapsed: 1:56, vertices: 1122, facets final: 499, pending: 40790, pool: 200
I  120.73] Elapsed: 2:01, vertices: 1151, facets final: 514, pending: 41050, pool: 200
I  125.75] Elapsed: 2:06, vertices: 1180, facets final: 540, pending: 42335, pool: 200
I  128.82] recalculating facets...
I  130.82] Elapsed: 2:11, vertices: 1209, facets final: 557, pending: 43022, pool: 200
I  135.88] Elapsed: 2:16, vertices: 1235, facets final: 567, pending: 44206, pool: 199
I  140.90] Elapsed: 2:21, vertices: 1264, facets final: 590, pending: 44814, pool: 199
I  145.96] Elapsed: 2:26, vertices: 1291, facets final: 614, pending: 45560, pool: 200
I  147.44] recalculating facets...
I  151.05] Elapsed: 2:31, vertices: 1319, facets final: 641, pending: 46419, pool: 200
I  156.08] Elapsed: 2:36, vertices: 1347, facets final: 665, pending: 47284, pool: 200
I  161.10] Elapsed: 2:41, vertices: 1378, facets final: 682, pending: 48380, pool: 199
I  164.67] recalculating facets...
I  166.14] Elapsed: 2:46, vertices: 1407, facets final: 693, pending: 49007, pool: 200
I  171.16] Elapsed: 2:51, vertices: 1439, facets final: 707, pending: 49482, pool: 200
I  176.19] Elapsed: 2:56, vertices: 1467, facets final: 720, pending: 50487, pool: 200
I  181.20] Elapsed: 3:01, vertices: 1497, facets final: 736, pending: 49910, pool: 200
I  181.55] recalculating facets...
I  186.31] Elapsed: 3:06, vertices: 1527, facets final: 761, pending: 50331, pool: 200
I  191.32] Elapsed: 3:11, vertices: 1553, facets final: 773, pending: 51096, pool: 200
I  196.34] Elapsed: 3:16, vertices: 1579, facets final: 785, pending: 50471, pool: 200
I  199.87] recalculating facets...
I  201.40] Elapsed: 3:21, vertices: 1608, facets final: 808, pending: 50069, pool: 200
I  206.47] Elapsed: 3:26, vertices: 1638, facets final: 844, pending: 50597, pool: 200
I  211.48] Elapsed: 3:31, vertices: 1664, facets final: 864, pending: 50533, pool: 200
I  216.59] Elapsed: 3:37, vertices: 1693, facets final: 887, pending: 50428, pool: 200
I  217.73] recalculating facets...
I  221.68] Elapsed: 3:42, vertices: 1722, facets final: 906, pending: 51329, pool: 200
I  226.76] Elapsed: 3:47, vertices: 1752, facets final: 934, pending: 51461, pool: 200
I  231.78] Elapsed: 3:52, vertices: 1781, facets final: 949, pending: 52002, pool: 200
I  235.14] recalculating facets...
I  236.82] Elapsed: 3:57, vertices: 1809, facets final: 977, pending: 52480, pool: 200
I  241.90] Elapsed: 4:02, vertices: 1837, facets final: 995, pending: 52292, pool: 200
I  246.91] Elapsed: 4:07, vertices: 1866, facets final: 1009, pending: 52697, pool: 200
I  251.97] Elapsed: 4:12, vertices: 1894, facets final: 1034, pending: 52434, pool: 199
I  252.99] recalculating facets...
I  257.06] Elapsed: 4:17, vertices: 1923, facets final: 1067, pending: 52795, pool: 200
I  262.12] Elapsed: 4:22, vertices: 1949, facets final: 1085, pending: 52442, pool: 200
I  267.12] Elapsed: 4:27, vertices: 1978, facets final: 1112, pending: 52559, pool: 200
I  270.75] recalculating facets...
I  272.12] Elapsed: 4:32, vertices: 2007, facets final: 1154, pending: 52881, pool: 200
I  277.12] Elapsed: 4:37, vertices: 2037, facets final: 1184, pending: 52474, pool: 200
I  282.15] Elapsed: 4:42, vertices: 2065, facets final: 1211, pending: 52982, pool: 200
I  287.32] Elapsed: 4:47, vertices: 2093, facets final: 1244, pending: 53519, pool: 200
I  288.42] recalculating facets...
I  292.42] Elapsed: 4:52, vertices: 2121, facets final: 1283, pending: 53614, pool: 200
I  297.50] Elapsed: 4:58, vertices: 2150, facets final: 1300, pending: 53720, pool: 200
I  302.53] Elapsed: 5:03, vertices: 2181, facets final: 1325, pending: 53615, pool: 200
I  306.06] recalculating facets...
I  307.54] Elapsed: 5:08, vertices: 2208, facets final: 1349, pending: 53245, pool: 200
I  312.63] Elapsed: 5:13, vertices: 2236, facets final: 1393, pending: 52865, pool: 200
I  317.81] Elapsed: 5:18, vertices: 2266, facets final: 1416, pending: 53237, pool: 200
I  322.85] Elapsed: 5:23, vertices: 2292, facets final: 1440, pending: 53843, pool: 200
I  324.07] recalculating facets...
I  328.05] Elapsed: 5:28, vertices: 2321, facets final: 1456, pending: 53519, pool: 200
I  333.14] Elapsed: 5:33, vertices: 2347, facets final: 1480, pending: 53695, pool: 200
I  338.22] Elapsed: 5:38, vertices: 2374, facets final: 1513, pending: 53903, pool: 200
I  342.86] recalculating facets...
I  343.29] Elapsed: 5:43, vertices: 2402, facets final: 1537, pending: 53984, pool: 200
I  348.31] Elapsed: 5:48, vertices: 2428, facets final: 1574, pending: 54084, pool: 200
I  353.35] Elapsed: 5:53, vertices: 2455, facets final: 1597, pending: 53980, pool: 200
I  358.43] Elapsed: 5:58, vertices: 2481, facets final: 1623, pending: 54349, pool: 200
I  361.65] recalculating facets...
I  363.47] Elapsed: 6:03, vertices: 2509, facets final: 1654, pending: 54147, pool: 200
I  368.47] Elapsed: 6:08, vertices: 2536, facets final: 1680, pending: 54273, pool: 200
I  373.49] Elapsed: 6:13, vertices: 2561, facets final: 1703, pending: 54186, pool: 200
I  378.57] Elapsed: 6:19, vertices: 2588, facets final: 1732, pending: 54110, pool: 200
I  380.51] recalculating facets...
I  383.64] Elapsed: 6:24, vertices: 2618, facets final: 1766, pending: 54066, pool: 200
I  388.66] Elapsed: 6:29, vertices: 2643, facets final: 1801, pending: 54128, pool: 200
I  393.67] Elapsed: 6:34, vertices: 2671, facets final: 1828, pending: 54118, pool: 200
I  398.45] recalculating facets...
I  398.71] Elapsed: 6:39, vertices: 2701, facets final: 1853, pending: 54264, pool: 200
I  403.79] Elapsed: 6:44, vertices: 2730, facets final: 1876, pending: 54337, pool: 200
I  408.83] Elapsed: 6:49, vertices: 2758, facets final: 1913, pending: 53922, pool: 200
I  413.89] Elapsed: 6:54, vertices: 2784, facets final: 1958, pending: 53935, pool: 200
I  416.50] recalculating facets...
I  418.89] Elapsed: 6:59, vertices: 2813, facets final: 1996, pending: 53904, pool: 200
I  423.96] Elapsed: 7:04, vertices: 2842, facets final: 2046, pending: 53429, pool: 200
I  429.02] Elapsed: 7:09, vertices: 2869, facets final: 2081, pending: 53603, pool: 200
I  434.07] Elapsed: 7:14, vertices: 2900, facets final: 2116, pending: 53533, pool: 200
I  434.07] recalculating facets...
I  439.13] Elapsed: 7:19, vertices: 2928, facets final: 2163, pending: 53220, pool: 200
I  444.13] Elapsed: 7:24, vertices: 2959, facets final: 2201, pending: 53159, pool: 200
I  449.14] Elapsed: 7:29, vertices: 2988, facets final: 2235, pending: 53040, pool: 200
I  451.11] recalculating facets...
I  454.15] Elapsed: 7:34, vertices: 3019, facets final: 2283, pending: 53319, pool: 200
I  459.16] Elapsed: 7:39, vertices: 3049, facets final: 2314, pending: 53217, pool: 200
I  464.19] Elapsed: 7:44, vertices: 3077, facets final: 2345, pending: 52773, pool: 200
I  467.65] recalculating facets...
recalculate_facet: numerical instability at facet 37188, coord 0 (1.62526e-06)
recalculate_facet: numerical instability at facet 37188, coord 2 (-5.14441e-06)
recalculate_facet: numerical instability at facet 37188, coord 4 (3.75309e-06)
recalculate_facet: numerical instability at facet 37188, coord 10 (3.38531e-06)
I  469.24] Elapsed: 7:49, vertices: 3110, facets final: 2385, pending: 52634, pool: 200
I  474.27] Elapsed: 7:54, vertices: 3138, facets final: 2434, pending: 52575, pool: 200
I  479.32] Elapsed: 7:59, vertices: 3164, facets final: 2460, pending: 52993, pool: 200
I  484.47] Elapsed: 8:04, vertices: 3192, facets final: 2498, pending: 52735, pool: 200
I  485.99] recalculating facets...
I  489.47] Elapsed: 8:09, vertices: 3219, facets final: 2538, pending: 52864, pool: 200
I  494.57] Elapsed: 8:15, vertices: 3248, facets final: 2574, pending: 52656, pool: 200
I  499.57] Elapsed: 8:20, vertices: 3276, facets final: 2631, pending: 52720, pool: 200
I  503.25] recalculating facets...
recalculate_facet: numerical instability at facet 55135, coord 2 (-1.17018e-06)
I  504.62] Elapsed: 8:25, vertices: 3307, facets final: 2684, pending: 52681, pool: 200
I  509.67] Elapsed: 8:30, vertices: 3332, facets final: 2747, pending: 52359, pool: 200
I  514.69] Elapsed: 8:35, vertices: 3361, facets final: 2792, pending: 52132, pool: 200
I  519.77] Elapsed: 8:40, vertices: 3391, facets final: 2817, pending: 52007, pool: 200
I  521.33] recalculating facets...
I  524.84] Elapsed: 8:45, vertices: 3418, facets final: 2857, pending: 51794, pool: 200
I  529.85] Elapsed: 8:50, vertices: 3447, facets final: 2903, pending: 51660, pool: 200
I  534.88] Elapsed: 8:55, vertices: 3479, facets final: 2964, pending: 51524, pool: 200
I  538.41] recalculating facets...
I  539.92] Elapsed: 9:00, vertices: 3508, facets final: 3005, pending: 51411, pool: 200
I  544.96] Elapsed: 9:05, vertices: 3539, facets final: 3041, pending: 51312, pool: 200
I  550.00] Elapsed: 9:10, vertices: 3569, facets final: 3081, pending: 51569, pool: 200
I  555.01] Elapsed: 9:15, vertices: 3597, facets final: 3120, pending: 51577, pool: 200
I  555.35] recalculating facets...
I  560.05] Elapsed: 9:20, vertices: 3627, facets final: 3164, pending: 51301, pool: 200
I  565.14] Elapsed: 9:25, vertices: 3659, facets final: 3224, pending: 51120, pool: 200
I  570.15] Elapsed: 9:30, vertices: 3692, facets final: 3264, pending: 51082, pool: 200
I  571.35] recalculating facets...
I  575.25] Elapsed: 9:35, vertices: 3723, facets final: 3324, pending: 50877, pool: 200
I  580.34] Elapsed: 9:40, vertices: 3754, facets final: 3362, pending: 50626, pool: 200
I  585.38] Elapsed: 9:45, vertices: 3785, facets final: 3428, pending: 50298, pool: 200
I  587.99] recalculating facets...
I  590.39] Elapsed: 9:50, vertices: 3814, facets final: 3493, pending: 50283, pool: 200
I  595.39] Elapsed: 9:55, vertices: 3848, facets final: 3553, pending: 50109, pool: 200
I  600.43] Elapsed: 10:00, vertices: 3880, facets final: 3594, pending: 49868, pool: 200
I  603.50] recalculating facets...
I  605.49] Elapsed: 10:05, vertices: 3913, facets final: 3666, pending: 49602, pool: 200
I  610.57] Elapsed: 10:11, vertices: 3947, facets final: 3743, pending: 49404, pool: 200
I  615.66] Elapsed: 10:16, vertices: 3978, facets final: 3795, pending: 49185, pool: 200
I  619.05] recalculating facets...
I  620.74] Elapsed: 10:21, vertices: 4010, facets final: 3873, pending: 48984, pool: 200
I  625.81] Elapsed: 10:26, vertices: 4043, facets final: 3951, pending: 48720, pool: 200
I  630.93] Elapsed: 10:31, vertices: 4075, facets final: 4010, pending: 48433, pool: 200
I  634.96] recalculating facets...
I  635.96] Elapsed: 10:36, vertices: 4106, facets final: 4071, pending: 48273, pool: 200
I  641.04] Elapsed: 10:41, vertices: 4139, facets final: 4189, pending: 48237, pool: 200
I  646.07] Elapsed: 10:46, vertices: 4171, facets final: 4241, pending: 48276, pool: 199
I  650.71] recalculating facets...
I  651.09] Elapsed: 10:51, vertices: 4202, facets final: 4303, pending: 48037, pool: 200
I  656.10] Elapsed: 10:56, vertices: 4236, facets final: 4370, pending: 47918, pool: 200
I  661.17] Elapsed: 11:01, vertices: 4267, facets final: 4430, pending: 47725, pool: 200
I  666.23] Elapsed: 11:06, vertices: 4299, facets final: 4511, pending: 47668, pool: 200
I  666.29] recalculating facets...
I  671.26] Elapsed: 11:11, vertices: 4332, facets final: 4585, pending: 47386, pool: 200
I  676.26] Elapsed: 11:16, vertices: 4366, facets final: 4657, pending: 46899, pool: 199
I  681.30] Elapsed: 11:21, vertices: 4399, facets final: 4750, pending: 46464, pool: 200
I  681.34] recalculating facets...
I  686.39] Elapsed: 11:26, vertices: 4432, facets final: 4856, pending: 46358, pool: 200
I  691.39] Elapsed: 11:31, vertices: 4466, facets final: 4943, pending: 46125, pool: 200
I  696.45] Elapsed: 11:36, vertices: 4499, facets final: 5010, pending: 46050, pool: 200
I  696.46] recalculating facets...
I  701.45] Elapsed: 11:41, vertices: 4533, facets final: 5109, pending: 45759, pool: 199
I  706.47] Elapsed: 11:46, vertices: 4567, facets final: 5213, pending: 45435, pool: 200
I  710.92] recalculating facets...
I  711.47] Elapsed: 11:51, vertices: 4603, facets final: 5315, pending: 45151, pool: 200
I  716.47] Elapsed: 11:56, vertices: 4637, facets final: 5425, pending: 44866, pool: 200
I  721.47] Elapsed: 12:01, vertices: 4668, facets final: 5519, pending: 44481, pool: 200
I  726.14] recalculating facets...
I  726.52] Elapsed: 12:07, vertices: 4701, facets final: 5622, pending: 44272, pool: 200
I  731.56] Elapsed: 12:12, vertices: 4734, facets final: 5732, pending: 43777, pool: 200
I  736.56] Elapsed: 12:17, vertices: 4769, facets final: 5828, pending: 43586, pool: 200
I  741.06] recalculating facets...
I  741.56] Elapsed: 12:22, vertices: 4803, facets final: 5998, pending: 43344, pool: 200
I  746.68] Elapsed: 12:27, vertices: 4839, facets final: 6101, pending: 43023, pool: 200
I  751.68] Elapsed: 12:32, vertices: 4875, facets final: 6246, pending: 42840, pool: 200
I  755.09] recalculating facets...
recalculate_facet: numerical instability at facet 5413, coord 2 (-1.01658e-06)
recalculate_facet: numerical instability at facet 5413, coord 5 (-1.22095e-06)
recalculate_facet: numerical instability at facet 5413, coord 7 (1.72513e-06)
I  756.76] Elapsed: 12:37, vertices: 4912, facets final: 6374, pending: 42538, pool: 200
I  761.77] Elapsed: 12:42, vertices: 4948, facets final: 6516, pending: 42170, pool: 200
I  766.80] Elapsed: 12:47, vertices: 4986, facets final: 6630, pending: 41861, pool: 199
I  768.81] recalculating facets...
recalculate_facet: numerical instability at facet 51035, coord 0 (-1.44383e-06)
recalculate_facet: numerical instability at facet 51035, coord 1 (-1.29987e-06)
recalculate_facet: numerical instability at facet 51035, coord 2 (1.25191e-06)
recalculate_facet: numerical instability at facet 51035, coord 5 (1.61957e-06)
recalculate_facet: numerical instability at facet 51035, coord 10 (2.64687e-06)
I  771.89] Elapsed: 12:52, vertices: 5020, facets final: 6798, pending: 41600, pool: 200
I  776.89] Elapsed: 12:57, vertices: 5055, facets final: 6913, pending: 41252, pool: 200
I  781.92] Elapsed: 13:02, vertices: 5091, facets final: 7032, pending: 40968, pool: 200
I  783.04] recalculating facets...
I  786.94] Elapsed: 13:07, vertices: 5127, facets final: 7165, pending: 40608, pool: 200
I  791.94] Elapsed: 13:12, vertices: 5162, facets final: 7309, pending: 40380, pool: 200
I  796.96] Elapsed: 13:17, vertices: 5197, facets final: 7448, pending: 39950, pool: 200
I  797.28] recalculating facets...
I  802.02] Elapsed: 13:22, vertices: 5231, facets final: 7625, pending: 39558, pool: 200
I  807.09] Elapsed: 13:27, vertices: 5267, facets final: 7769, pending: 39216, pool: 200
I  811.26] recalculating facets...
I  812.10] Elapsed: 13:32, vertices: 5305, facets final: 7966, pending: 38807, pool: 200
I  817.11] Elapsed: 13:37, vertices: 5342, facets final: 8210, pending: 38344, pool: 200
I  822.19] Elapsed: 13:42, vertices: 5381, facets final: 8433, pending: 37956, pool: 200
I  824.56] recalculating facets...
I  827.20] Elapsed: 13:47, vertices: 5416, facets final: 8724, pending: 37484, pool: 200
I  832.20] Elapsed: 13:52, vertices: 5452, facets final: 8953, pending: 37107, pool: 200
I  837.28] Elapsed: 13:57, vertices: 5491, facets final: 9160, pending: 36762, pool: 200
I  838.45] recalculating facets...
I  842.32] Elapsed: 14:02, vertices: 5528, facets final: 9385, pending: 36320, pool: 200
I  847.37] Elapsed: 14:07, vertices: 5563, facets final: 9694, pending: 35948, pool: 199
I  852.37] Elapsed: 14:12, vertices: 5599, facets final: 9978, pending: 35550, pool: 200
I  852.47] recalculating facets...
I  857.37] Elapsed: 14:17, vertices: 5632, facets final: 10294, pending: 35101, pool: 199
I  862.42] Elapsed: 14:22, vertices: 5661, facets final: 10701, pending: 34609, pool: 200
I  867.42] Elapsed: 14:27, vertices: 5694, facets final: 11058, pending: 34072, pool: 200
I  868.38] recalculating facets...
I  872.42] Elapsed: 14:32, vertices: 5725, facets final: 11424, pending: 33645, pool: 200
I  877.50] Elapsed: 14:38, vertices: 5755, facets final: 11820, pending: 33229, pool: 200
I  882.57] Elapsed: 14:43, vertices: 5790, facets final: 12142, pending: 32803, pool: 200
I  884.21] recalculating facets...
I  887.64] Elapsed: 14:48, vertices: 5821, facets final: 12528, pending: 32319, pool: 200
I  892.71] Elapsed: 14:53, vertices: 5854, facets final: 12883, pending: 31905, pool: 200
I  897.71] Elapsed: 14:58, vertices: 5884, facets final: 13309, pending: 31414, pool: 200
I  900.31] recalculating facets...
I  902.71] Elapsed: 15:03, vertices: 5916, facets final: 13665, pending: 30984, pool: 200
I  907.76] Elapsed: 15:08, vertices: 5947, facets final: 14053, pending: 30530, pool: 199
I  912.84] Elapsed: 15:13, vertices: 5978, facets final: 14456, pending: 30039, pool: 200
I  915.98] recalculating facets...
I  917.84] Elapsed: 15:18, vertices: 6011, facets final: 14786, pending: 29636, pool: 200
I  922.84] Elapsed: 15:23, vertices: 6040, facets final: 15220, pending: 29196, pool: 199
I  927.86] Elapsed: 15:28, vertices: 6066, facets final: 15702, pending: 28661, pool: 200
I  932.86] Elapsed: 15:33, vertices: 6093, facets final: 16167, pending: 28167, pool: 198
I  933.91] recalculating facets...
I  937.86] Elapsed: 15:38, vertices: 6122, facets final: 16528, pending: 27704, pool: 198
I  942.94] Elapsed: 15:43, vertices: 6151, facets final: 16949, pending: 27225, pool: 199
I  948.00] Elapsed: 15:48, vertices: 6178, facets final: 17416, pending: 26688, pool: 200
I  951.85] recalculating facets...
I  953.00] Elapsed: 15:53, vertices: 6204, facets final: 17895, pending: 26108, pool: 199
I  958.00] Elapsed: 15:58, vertices: 6234, facets final: 18303, pending: 25729, pool: 199
I  963.00] Elapsed: 16:03, vertices: 6261, facets final: 18774, pending: 25216, pool: 198
I  968.03] Elapsed: 16:08, vertices: 6288, facets final: 19241, pending: 24645, pool: 200
I  970.12] recalculating facets...
I  973.04] Elapsed: 16:13, vertices: 6312, facets final: 19777, pending: 24034, pool: 199
I  978.13] Elapsed: 16:18, vertices: 6336, facets final: 20345, pending: 23554, pool: 200
I  983.13] Elapsed: 16:23, vertices: 6365, facets final: 20788, pending: 23035, pool: 199
I  988.13] Elapsed: 16:28, vertices: 6388, facets final: 21341, pending: 22418, pool: 199
I  990.25] recalculating facets...
I  993.13] Elapsed: 16:33, vertices: 6412, facets final: 21882, pending: 21830, pool: 197
I  998.13] Elapsed: 16:38, vertices: 6436, facets final: 22427, pending: 21205, pool: 199
I 1003.13] Elapsed: 16:43, vertices: 6457, facets final: 23052, pending: 20595, pool: 200
I 1008.13] Elapsed: 16:48, vertices: 6478, facets final: 23667, pending: 19948, pool: 198
I 1013.13] Elapsed: 16:53, vertices: 6496, facets final: 24361, pending: 19234, pool: 199
I 1013.88] recalculating facets...
I 1018.13] Elapsed: 16:58, vertices: 6520, facets final: 24866, pending: 18718, pool: 197
I 1023.13] Elapsed: 17:03, vertices: 6543, facets final: 25463, pending: 18070, pool: 196
I 1028.14] Elapsed: 17:08, vertices: 6558, facets final: 26209, pending: 17351, pool: 196
I 1033.14] Elapsed: 17:13, vertices: 6572, facets final: 27016, pending: 16539, pool: 192
I 1038.14] Elapsed: 17:18, vertices: 6588, facets final: 27749, pending: 15780, pool: 197
I 1041.02] recalculating facets...
I 1043.15] Elapsed: 17:23, vertices: 6607, facets final: 28384, pending: 15142, pool: 185
I 1048.24] Elapsed: 17:28, vertices: 6623, facets final: 29141, pending: 14384, pool: 192
I 1053.24] Elapsed: 17:33, vertices: 6639, facets final: 29897, pending: 13622, pool: 193
I 1058.31] Elapsed: 17:38, vertices: 6654, facets final: 30663, pending: 12827, pool: 193
I 1063.31] Elapsed: 17:43, vertices: 6674, facets final: 31325, pending: 12138, pool: 195
I 1068.31] Elapsed: 17:48, vertices: 6690, facets final: 32071, pending: 11368, pool: 191
I 1071.43] recalculating facets...
I 1073.36] Elapsed: 17:53, vertices: 6705, facets final: 32797, pending: 10614, pool: 196
I 1078.40] Elapsed: 17:58, vertices: 6722, facets final: 33522, pending: 9863, pool: 193
I 1083.42] Elapsed: 18:03, vertices: 6742, facets final: 34188, pending: 9203, pool: 189
I 1088.42] Elapsed: 18:08, vertices: 6758, facets final: 34951, pending: 8428, pool: 186
I 1093.49] Elapsed: 18:13, vertices: 6773, facets final: 35729, pending: 7635, pool: 186
I 1098.56] Elapsed: 18:19, vertices: 6787, facets final: 36533, pending: 6799, pool: 187
I 1102.25] recalculating facets...
I 1103.60] Elapsed: 18:24, vertices: 6805, facets final: 37229, pending: 6122, pool: 182
I 1108.60] Elapsed: 18:29, vertices: 6824, facets final: 37965, pending: 5357, pool: 171
I 1113.60] Elapsed: 18:34, vertices: 6840, facets final: 38733, pending: 4568, pool: 161
I 1118.60] Elapsed: 18:39, vertices: 6861, facets final: 39476, pending: 3801, pool: 146
I 1123.60] Elapsed: 18:44, vertices: 6876, facets final: 40316, pending: 2935, pool: 140
I 1128.60] Elapsed: 18:49, vertices: 6895, facets final: 41109, pending: 2139, pool: 127
I 1129.58] recalculating facets...
I 1133.62] Elapsed: 18:54, vertices: 6915, facets final: 41873, pending: 1331, pool: 125
I 1138.62] Elapsed: 18:59, vertices: 6953, facets final: 42426, pending: 726, pool: 111
I 1142.30] recalculating facets...
I 1143.62] Elapsed: 19:04, vertices: 7018, facets final: 42641, pending: 440, pool: 91
I 1147.95] recalculating facets...
I 1148.63] Elapsed: 19:09, vertices: 7113, facets final: 42829, pending: 213, pool: 41
I 1150.94] recalculating facets...
I 1153.00] Elapsed: 19:13, vertices: 7259, facets final: 43009, pending: 0

--------------------------------
Problem completed
 name                    02.vlp
 output                  vlp/02.res
 rows, cols, objs        12, 7607, 10
 vertices, facets        7259, 43009
 total time              19:13
--------------------------------
Statistics
LP:
 oracle calls            51288
   avg iterations/calls  11.07
 total oracle time       3:53
Combinatorics:
 vertices added          7259
 facets probed           104676
 facets # max            56323
 memory allocated        128.04M
 instability warnings    20
 storage expansion
   vertices # / upto     57 / 7292
   facets   # / upto     14 / 57340
 facet manipulating
   added avg / max       94.15 / 1.09k
   compressed            361
 number of ridge tests
   avg / max             3.50M / 56.41M
--------------------------------
Parameters with non-default values
 OracleItLimit = 200000
 OracleTimeLimit = 60
 VertexPoolSize = 200
