C applying rule 03.txt for base100.txt
I    0.42] recalculating facets...
I    1.04] recalculating facets...
I    1.63] recalculating facets...
I    2.15] recalculating facets...
I    2.95] recalculating facets...
I    3.82] recalculating facets...
I    5.00] Elapsed: 5.00, vertices: 173, facets final: 53, pending: 9132, pool: 219
I    5.10] recalculating facets...
I    6.79] recalculating facets...
I    8.81] recalculating facets...
I   10.00] Elapsed: 10.00, vertices: 238, facets final: 74, pending: 13707, pool: 285
I   11.04] recalculating facets...
recalculate_facet: numerical instability at facet 68, coord 0 (4.57818e-06)
recalculate_facet: numerical instability at facet 68, coord 4 (-5.59959e-06)
recalculate_facet: numerical instability at facet 68, coord 10 (-1.88627e-06)
recalculate_facet: numerical instability at facet 38, coord 0 (-7.27971e-06)
recalculate_facet: numerical instability at facet 38, coord 4 (8.24024e-06)
recalculate_facet: numerical instability at facet 38, coord 10 (2.0037e-06)
recalculate_facet: numerical instability at facet 41, coord 0 (-8.13171e-06)
recalculate_facet: numerical instability at facet 41, coord 1 (-1.00717e-06)
recalculate_facet: numerical instability at facet 41, coord 3 (1.41814e-06)
recalculate_facet: numerical instability at facet 41, coord 4 (7.22726e-06)
recalculate_facet: numerical instability at facet 41, coord 10 (2.47e-06)
recalculate_facet: numerical instability at facet 60, coord 0 (4.73252e-06)
recalculate_facet: numerical instability at facet 60, coord 4 (-5.62312e-06)
recalculate_facet: numerical instability at facet 60, coord 10 (-1.95911e-06)
recalculate_facet: numerical instability at facet 32, coord 4 (-1.20003e-06)
recalculate_facet: numerical instability at facet 23, coord 4 (-1.13001e-06)
I   13.10] recalculating facets...
recalculate_facet: numerical instability at facet 7579, coord 0 (4.973e-06)
recalculate_facet: numerical instability at facet 7579, coord 4 (-5.88747e-06)
recalculate_facet: numerical instability at facet 7579, coord 10 (-1.83285e-06)
recalculate_facet: numerical instability at facet 8457, coord 0 (5.56081e-06)
recalculate_facet: numerical instability at facet 8457, coord 4 (-5.51218e-06)
recalculate_facet: numerical instability at facet 8457, coord 10 (-2.13647e-06)
recalculate_facet: numerical instability at facet 10, coord 4 (1.18315e-06)
I   15.04] Elapsed: 15.04, vertices: 296, facets final: 87, pending: 15971, pool: 300
I   15.34] recalculating facets...
I   17.46] recalculating facets...
I   19.75] recalculating facets...
recalculate_facet: numerical instability at facet 15225, coord 0 (-3.55225e-06)
recalculate_facet: numerical instability at facet 15225, coord 4 (3.95783e-06)
recalculate_facet: numerical instability at facet 15225, coord 10 (1.60076e-06)
recalculate_facet: numerical instability at facet 15836, coord 0 (-3.75367e-06)
recalculate_facet: numerical instability at facet 15836, coord 4 (3.95135e-06)
recalculate_facet: numerical instability at facet 15836, coord 10 (1.70209e-06)
I   20.04] Elapsed: 20.04, vertices: 353, facets final: 96, pending: 18590, pool: 299
recalculate_facet: numerical instability at facet 59, coord 0 (-1.80973e-06)
recalculate_facet: numerical instability at facet 59, coord 4 (1.30889e-06)
recalculate_facet: numerical instability at facet 59, coord 10 (1.31602e-06)
recalculate_facet: numerical instability at facet 67, coord 0 (1.11536e-06)
recalculate_facet: numerical instability at facet 67, coord 3 (1.39945e-06)
recalculate_facet: numerical instability at facet 67, coord 4 (-4.0759e-06)
recalculate_facet: numerical instability at facet 67, coord 6 (1.78317e-06)
recalculate_facet: numerical instability at facet 68, coord 0 (1.30873e-06)
recalculate_facet: numerical instability at facet 68, coord 4 (-1.24958e-06)
recalculate_facet: numerical instability at facet 39, coord 0 (1.52853e-06)
recalculate_facet: numerical instability at facet 39, coord 4 (-3.52982e-06)
recalculate_facet: numerical instability at facet 39, coord 6 (1.7511e-06)
recalculate_facet: numerical instability at facet 40, coord 0 (1.21575e-06)
recalculate_facet: numerical instability at facet 40, coord 4 (-1.27739e-06)
recalculate_facet: numerical instability at facet 46, coord 0 (-2.31194e-06)
recalculate_facet: numerical instability at facet 46, coord 10 (1.59944e-06)
I   22.17] recalculating facets...
I   24.78] recalculating facets...
I   25.07] Elapsed: 25.07, vertices: 402, facets final: 101, pending: 19955, pool: 300
recalculate_facet: numerical instability at facet 6, coord 0 (1.32273e-06)
recalculate_facet: numerical instability at facet 6, coord 4 (-2.03916e-06)
recalculate_facet: numerical instability at facet 6, coord 10 (-1.16872e-06)
I   27.15] recalculating facets...
I   29.81] recalculating facets...
I   30.11] Elapsed: 30.11, vertices: 452, facets final: 109, pending: 21869, pool: 300
I   32.37] recalculating facets...
recalculate_facet: numerical instability at facet 36, coord 4 (1.10095e-06)
recalculate_facet: numerical instability at facet 38, coord 4 (1.59192e-06)
recalculate_facet: numerical instability at facet 33, coord 4 (1.15697e-06)
recalculate_facet: numerical instability at facet 36, coord 0 (-1.01238e-06)
recalculate_facet: numerical instability at facet 36, coord 4 (1.28934e-06)
recalculate_facet: numerical instability at facet 19, coord 0 (1.78408e-06)
recalculate_facet: numerical instability at facet 19, coord 4 (-2.85069e-06)
recalculate_facet: numerical instability at facet 22, coord 0 (2.08061e-06)
recalculate_facet: numerical instability at facet 22, coord 4 (-2.45371e-06)
recalculate_facet: numerical instability at facet 36, coord 0 (-0.000542451)
recalculate_facet: numerical instability at facet 36, coord 2 (-1.98555e-05)
recalculate_facet: numerical instability at facet 36, coord 3 (1.81996e-06)
recalculate_facet: numerical instability at facet 36, coord 4 (0.000642775)
recalculate_facet: numerical instability at facet 36, coord 5 (-5.31705e-05)
recalculate_facet: numerical instability at facet 36, coord 6 (-2.91183e-05)
recalculate_facet: numerical instability at facet 36, coord 10 (0.000217002)
recalculate_facet: numerical instability at facet 26, coord 0 (-0.000585124)
recalculate_facet: numerical instability at facet 26, coord 1 (-5.38412e-05)
recalculate_facet: numerical instability at facet 26, coord 2 (2.99082e-05)
recalculate_facet: numerical instability at facet 26, coord 3 (5.38437e-05)
recalculate_facet: numerical instability at facet 26, coord 4 (0.000585342)
recalculate_facet: numerical instability at facet 26, coord 6 (-3.01282e-05)
recalculate_facet: numerical instability at facet 26, coord 10 (0.000241026)
I   34.99] recalculating facets...
I   35.13] Elapsed: 35.13, vertices: 501, facets final: 119, pending: 22790, pool: 300
recalculate_facet: numerical instability at facet 27, coord 0 (2.20724e-06)
recalculate_facet: numerical instability at facet 27, coord 1 (-2.18084e-06)
recalculate_facet: numerical instability at facet 27, coord 2 (1.92844e-06)
recalculate_facet: numerical instability at facet 27, coord 4 (-7.15989e-06)
recalculate_facet: numerical instability at facet 27, coord 5 (4.32928e-06)
recalculate_facet: numerical instability at facet 29, coord 0 (-1.83972e-06)
recalculate_facet: numerical instability at facet 29, coord 4 (1.45198e-06)
recalculate_facet: numerical instability at facet 29, coord 10 (1.37955e-06)
recalculate_facet: numerical instability at facet 20, coord 0 (3.78261e-06)
recalculate_facet: numerical instability at facet 20, coord 3 (-2.1266e-06)
recalculate_facet: numerical instability at facet 20, coord 4 (-4.80609e-06)
recalculate_facet: numerical instability at facet 20, coord 5 (2.2008e-06)
recalculate_facet: numerical instability at facet 23, coord 0 (-1.69042e-06)
recalculate_facet: numerical instability at facet 23, coord 4 (1.61665e-06)
recalculate_facet: numerical instability at facet 23, coord 10 (1.27084e-06)
recalculate_facet: numerical instability at facet 9, coord 0 (-2.85689e-06)
recalculate_facet: numerical instability at facet 9, coord 4 (3.46329e-06)
recalculate_facet: numerical instability at facet 9, coord 10 (1.27572e-06)
recalculate_facet: numerical instability at facet 19, coord 0 (1.74662e-06)
recalculate_facet: numerical instability at facet 19, coord 10 (1.30336e-06)
recalculate_facet: numerical instability at facet 16, coord 0 (1.48804e-06)
recalculate_facet: numerical instability at facet 16, coord 10 (1.42655e-06)
recalculate_facet: numerical instability at facet 15, coord 0 (-3.01702e-06)
recalculate_facet: numerical instability at facet 15, coord 4 (3.32218e-06)
recalculate_facet: numerical instability at facet 15, coord 10 (1.36284e-06)
I   37.77] recalculating facets...
I   40.14] Elapsed: 40.14, vertices: 544, facets final: 126, pending: 23203, pool: 300
I   40.78] recalculating facets...
recalculate_facet: numerical instability at facet 26, coord 0 (1.4283e-05)
recalculate_facet: numerical instability at facet 26, coord 2 (2.62763e-06)
recalculate_facet: numerical instability at facet 26, coord 4 (-1.96284e-05)
recalculate_facet: numerical instability at facet 26, coord 5 (1.82109e-06)
recalculate_facet: numerical instability at facet 26, coord 10 (-1.09286e-05)
recalculate_facet: numerical instability at facet 33, coord 0 (1.40911e-05)
recalculate_facet: numerical instability at facet 33, coord 2 (2.63665e-06)
recalculate_facet: numerical instability at facet 33, coord 4 (-1.94553e-05)
recalculate_facet: numerical instability at facet 33, coord 5 (1.84283e-06)
recalculate_facet: numerical instability at facet 33, coord 10 (-1.0783e-05)
I   43.42] recalculating facets...
recalculate_facet: numerical instability at facet 13, coord 0 (3.71775e-05)
recalculate_facet: numerical instability at facet 13, coord 1 (2.14553e-06)
recalculate_facet: numerical instability at facet 13, coord 4 (-4.11212e-05)
recalculate_facet: numerical instability at facet 13, coord 6 (2.07666e-06)
recalculate_facet: numerical instability at facet 13, coord 10 (-1.72671e-05)
recalculate_facet: numerical instability at facet 19, coord 0 (3.58691e-05)
recalculate_facet: numerical instability at facet 19, coord 2 (2.08926e-06)
recalculate_facet: numerical instability at facet 19, coord 3 (1.77144e-06)
recalculate_facet: numerical instability at facet 19, coord 4 (-4.38958e-05)
recalculate_facet: numerical instability at facet 19, coord 5 (2.12396e-06)
recalculate_facet: numerical instability at facet 19, coord 6 (2.04197e-06)
recalculate_facet: numerical instability at facet 19, coord 10 (-1.65327e-05)
I   45.14] Elapsed: 45.14, vertices: 591, facets final: 137, pending: 23249, pool: 299
I   46.17] recalculating facets...
I   48.84] recalculating facets...
I   50.16] Elapsed: 50.16, vertices: 636, facets final: 151, pending: 22998, pool: 300
I   51.59] recalculating facets...
recalculate_facet: numerical instability at facet 737, coord 0 (2.58025e-06)
recalculate_facet: numerical instability at facet 737, coord 4 (-2.58984e-06)
recalculate_facet: numerical instability at facet 737, coord 10 (-1.03451e-06)
recalculate_facet: numerical instability at facet 1545, coord 0 (2.46905e-06)
recalculate_facet: numerical instability at facet 1545, coord 4 (-2.91024e-06)
I   54.28] recalculating facets...
I   55.17] Elapsed: 55.17, vertices: 682, facets final: 174, pending: 23585, pool: 300
I   57.09] recalculating facets...
I   59.67] recalculating facets...
I   60.19] Elapsed: 1:00, vertices: 729, facets final: 185, pending: 23619, pool: 300
I   62.36] recalculating facets...
I   65.04] recalculating facets...
recalculate_facet: numerical instability at facet 14614, coord 4 (1.01734e-06)
recalculate_facet: numerical instability at facet 14693, coord 4 (1.0464e-06)
I   65.22] Elapsed: 1:05, vertices: 776, facets final: 202, pending: 24499, pool: 300
I   68.05] recalculating facets...
I   70.29] Elapsed: 1:10, vertices: 818, facets final: 222, pending: 24177, pool: 300
I   70.95] recalculating facets...
recalculate_facet: numerical instability at facet 6, coord 0 (-1.0142e-06)
I   73.81] recalculating facets...
recalculate_facet: numerical instability at facet 1, coord 0 (1.26382e-06)
recalculate_facet: numerical instability at facet 1, coord 3 (-2.07351e-06)
recalculate_facet: numerical instability at facet 1, coord 10 (-1.06652e-06)
I   75.32] Elapsed: 1:15, vertices: 863, facets final: 237, pending: 24053, pool: 300
I   76.58] recalculating facets...
I   79.33] recalculating facets...
I   80.38] Elapsed: 1:20, vertices: 908, facets final: 250, pending: 23931, pool: 300
I   82.24] recalculating facets...
recalculate_facet: numerical instability at facet 21, coord 0 (1.24616e-06)
recalculate_facet: numerical instability at facet 22, coord 0 (1.0382e-06)
I   84.73] recalculating facets...
I   85.39] Elapsed: 1:25, vertices: 956, facets final: 281, pending: 23007, pool: 300
I   87.45] recalculating facets...
I   90.25] recalculating facets...
I   90.45] Elapsed: 1:30, vertices: 1001, facets final: 318, pending: 23103, pool: 300
I   93.00] recalculating facets...
I   95.49] Elapsed: 1:35, vertices: 1045, facets final: 340, pending: 22860, pool: 300
I   95.97] recalculating facets...
recalculate_facet: numerical instability at facet 10, coord 1 (1.13138e-06)
recalculate_facet: numerical instability at facet 10, coord 3 (-2.34584e-06)
recalculate_facet: numerical instability at facet 10, coord 10 (-2.04747e-06)
I   98.63] recalculating facets...
recalculate_facet: numerical instability at facet 13, coord 0 (2.73678e-06)
recalculate_facet: numerical instability at facet 13, coord 4 (-2.86813e-06)
recalculate_facet: numerical instability at facet 13, coord 10 (-1.49731e-06)
recalculate_facet: numerical instability at facet 19, coord 0 (2.51647e-06)
recalculate_facet: numerical instability at facet 19, coord 4 (-3.15808e-06)
recalculate_facet: numerical instability at facet 19, coord 10 (-1.36728e-06)
I  100.49] Elapsed: 1:40, vertices: 1092, facets final: 357, pending: 22394, pool: 299
I  101.45] recalculating facets...
I  104.26] recalculating facets...
I  105.55] Elapsed: 1:46, vertices: 1137, facets final: 380, pending: 22793, pool: 299
I  106.86] recalculating facets...
I  109.64] recalculating facets...
I  110.57] Elapsed: 1:51, vertices: 1182, facets final: 410, pending: 22566, pool: 298
I  112.49] recalculating facets...
I  115.07] recalculating facets...
I  115.62] Elapsed: 1:56, vertices: 1229, facets final: 454, pending: 22727, pool: 300
I  117.90] recalculating facets...
I  120.66] Elapsed: 2:01, vertices: 1272, facets final: 503, pending: 22726, pool: 299
I  120.93] recalculating facets...
I  123.69] recalculating facets...
I  125.67] Elapsed: 2:06, vertices: 1318, facets final: 542, pending: 22284, pool: 300
I  126.41] recalculating facets...
I  129.48] recalculating facets...
I  130.75] Elapsed: 2:11, vertices: 1360, facets final: 585, pending: 22354, pool: 300
I  132.34] recalculating facets...
recalculate_facet: numerical instability at facet 8078, coord 0 (1.73637e-06)
recalculate_facet: numerical instability at facet 8078, coord 4 (-2.11537e-06)
recalculate_facet: numerical instability at facet 8491, coord 0 (1.83412e-06)
recalculate_facet: numerical instability at facet 8491, coord 4 (-2.11768e-06)
I  134.89] recalculating facets...
I  135.76] Elapsed: 2:16, vertices: 1406, facets final: 620, pending: 22288, pool: 299
I  137.70] recalculating facets...
I  140.66] recalculating facets...
I  140.78] Elapsed: 2:21, vertices: 1450, facets final: 667, pending: 21868, pool: 300
I  143.59] recalculating facets...
I  145.79] Elapsed: 2:26, vertices: 1495, facets final: 720, pending: 21721, pool: 297
I  146.26] recalculating facets...
I  148.96] recalculating facets...
I  150.79] Elapsed: 2:31, vertices: 1541, facets final: 797, pending: 21096, pool: 300
I  151.75] recalculating facets...
I  154.49] recalculating facets...
I  155.83] Elapsed: 2:36, vertices: 1586, facets final: 864, pending: 20636, pool: 299
I  157.31] recalculating facets...
I  160.36] recalculating facets...
I  160.83] Elapsed: 2:41, vertices: 1628, facets final: 932, pending: 20203, pool: 300
recalculate_facet: numerical instability at facet 2, coord 0 (-3.32233e-06)
recalculate_facet: numerical instability at facet 2, coord 4 (2.79145e-06)
recalculate_facet: numerical instability at facet 5, coord 0 (-3.10348e-06)
recalculate_facet: numerical instability at facet 5, coord 4 (2.95717e-06)
I  163.31] recalculating facets...
I  165.84] Elapsed: 2:46, vertices: 1673, facets final: 1012, pending: 19828, pool: 300
I  166.02] recalculating facets...
recalculate_facet: numerical instability at facet 3, coord 0 (3.06612e-06)
recalculate_facet: numerical instability at facet 3, coord 3 (1.52162e-06)
recalculate_facet: numerical instability at facet 3, coord 4 (-4.62737e-06)
recalculate_facet: numerical instability at facet 4, coord 0 (3.24141e-06)
recalculate_facet: numerical instability at facet 4, coord 3 (1.36343e-06)
recalculate_facet: numerical instability at facet 4, coord 4 (-4.48289e-06)
I  168.65] recalculating facets...
I  170.89] Elapsed: 2:51, vertices: 1721, facets final: 1098, pending: 19457, pool: 299
I  171.25] recalculating facets...
recalculate_facet: numerical instability at facet 2, coord 0 (2.11678e-05)
recalculate_facet: numerical instability at facet 2, coord 3 (3.63299e-06)
recalculate_facet: numerical instability at facet 2, coord 4 (-2.5136e-05)
recalculate_facet: numerical instability at facet 2, coord 10 (-5.31974e-06)
recalculate_facet: numerical instability at facet 3, coord 0 (2.11105e-05)
recalculate_facet: numerical instability at facet 3, coord 3 (3.64681e-06)
recalculate_facet: numerical instability at facet 3, coord 4 (-2.51124e-05)
recalculate_facet: numerical instability at facet 3, coord 10 (-5.30551e-06)
I  174.01] recalculating facets...
I  175.92] Elapsed: 2:56, vertices: 1767, facets final: 1178, pending: 18805, pool: 300
I  176.63] recalculating facets...
I  179.24] recalculating facets...
I  180.97] Elapsed: 3:01, vertices: 1814, facets final: 1252, pending: 18454, pool: 300
I  182.07] recalculating facets...
I  185.15] recalculating facets...
I  186.02] Elapsed: 3:06, vertices: 1856, facets final: 1350, pending: 18194, pool: 300
I  188.31] recalculating facets...
I  191.05] Elapsed: 3:11, vertices: 1896, facets final: 1444, pending: 17734, pool: 300
I  191.41] recalculating facets...
I  194.49] recalculating facets...
I  196.05] Elapsed: 3:16, vertices: 1938, facets final: 1542, pending: 17376, pool: 298
I  197.11] recalculating facets...
I  199.54] recalculating facets...
recalculate_facet: numerical instability at facet 3, coord 4 (1.51243e-06)
I  201.11] Elapsed: 3:21, vertices: 1991, facets final: 1696, pending: 16839, pool: 300
I  201.89] recalculating facets...
I  204.29] recalculating facets...
I  206.16] Elapsed: 3:26, vertices: 2043, facets final: 1846, pending: 16594, pool: 300
I  206.70] recalculating facets...
I  209.25] recalculating facets...
I  211.16] Elapsed: 3:31, vertices: 2092, facets final: 2026, pending: 16223, pool: 298
I  211.87] recalculating facets...
I  214.42] recalculating facets...
I  216.16] Elapsed: 3:36, vertices: 2142, facets final: 2188, pending: 15710, pool: 296
I  216.90] recalculating facets...
I  219.72] recalculating facets...
I  221.16] Elapsed: 3:41, vertices: 2188, facets final: 2375, pending: 15381, pool: 300
I  222.42] recalculating facets...
I  225.23] recalculating facets...
I  226.16] Elapsed: 3:46, vertices: 2232, facets final: 2600, pending: 14930, pool: 294
I  228.40] recalculating facets...
I  231.20] Elapsed: 3:51, vertices: 2270, facets final: 2922, pending: 14335, pool: 289
I  231.62] recalculating facets...
I  234.76] recalculating facets...
I  236.20] Elapsed: 3:56, vertices: 2309, facets final: 3248, pending: 13715, pool: 278
I  238.23] recalculating facets...
I  241.20] Elapsed: 4:01, vertices: 2350, facets final: 3543, pending: 13142, pool: 275
I  241.20] recalculating facets...
I  244.77] recalculating facets...
I  246.20] Elapsed: 4:06, vertices: 2386, facets final: 3952, pending: 12526, pool: 269
I  248.05] recalculating facets...
I  250.95] recalculating facets...
I  251.20] Elapsed: 4:11, vertices: 2426, facets final: 4293, pending: 11955, pool: 266
I  254.39] recalculating facets...
I  256.20] Elapsed: 4:16, vertices: 2464, facets final: 4692, pending: 11471, pool: 255
I  257.57] recalculating facets...
I  260.67] recalculating facets...
I  261.25] Elapsed: 4:21, vertices: 2504, facets final: 5073, pending: 10936, pool: 234
I  264.67] recalculating facets...
I  266.25] Elapsed: 4:26, vertices: 2535, facets final: 5619, pending: 10331, pool: 230
I  268.22] recalculating facets...
I  271.25] Elapsed: 4:31, vertices: 2569, facets final: 6140, pending: 9650, pool: 217
I  271.88] recalculating facets...
I  275.49] recalculating facets...
I  276.25] Elapsed: 4:36, vertices: 2607, facets final: 6631, pending: 9034, pool: 197
I  279.00] recalculating facets...
I  281.25] Elapsed: 4:41, vertices: 2640, facets final: 7222, pending: 8281, pool: 183
I  283.29] recalculating facets...
I  286.25] Elapsed: 4:46, vertices: 2672, facets final: 7861, pending: 7552, pool: 165
I  286.67] recalculating facets...
I  290.58] recalculating facets...
I  291.25] Elapsed: 4:51, vertices: 2704, facets final: 8528, pending: 6832, pool: 149
I  293.99] recalculating facets...
I  296.25] Elapsed: 4:56, vertices: 2738, facets final: 9190, pending: 6057, pool: 134
I  297.67] recalculating facets...
I  301.25] Elapsed: 5:01, vertices: 2772, facets final: 9883, pending: 5278, pool: 112
I  301.59] recalculating facets...
I  304.68] recalculating facets...
I  306.25] Elapsed: 5:06, vertices: 2810, facets final: 10598, pending: 4493, pool: 82
I  311.25] Elapsed: 5:11, vertices: 2823, facets final: 11518, pending: 3536, pool: 76
I  312.09] recalculating facets...
I  316.25] Elapsed: 5:16, vertices: 2844, facets final: 12422, pending: 2641, pool: 59
I  317.43] recalculating facets...
I  321.25] Elapsed: 5:21, vertices: 2872, facets final: 13289, pending: 1741, pool: 40
I  321.91] recalculating facets...
I  326.25] Elapsed: 5:26, vertices: 2895, facets final: 14203, pending: 789, pool: 29
I  326.79] recalculating facets...
I  329.84] recalculating facets...
I  330.99] Elapsed: 5:31, vertices: 2947, facets final: 14951, pending: 0

--------------------------------
Problem completed
 name                    03.vlp
 output                  vlp/03.res
 rows, cols, objs        12, 7733, 10
 vertices, facets        2947, 14951
 total time              5:31
--------------------------------
Statistics
LP:
 oracle calls            19547
   avg iterations/calls  7.69
 total oracle time       1:38
Combinatorics:
 vertices added          2947
 facets probed           34111
 facets # max            24782
 memory allocated        31.23M
 instability warnings    163
 storage expansion
   vertices # / upto     24 / 3068
   facets   # / upto     7 / 28668
 facet manipulating
   added avg / max       84.65 / 797.00
   compressed            149
 number of ridge tests
   avg / max             1.45M / 13.92M
--------------------------------
Parameters with non-default values
 ExactFacetEq = 1
 VertexPoolSize = 300
 RecalculateFacets = 25
 PolytopeEps = 1e-08
 ScaleEps = 5e-08
 LineqEps = 1.3e-07
 RoundEps = 5e-08
