C applying rule 04.txt for ineq.dw1
I    1.48] recalculating facets...
I    5.01] Elapsed: 5.01, vertices: 194, facets final: 33, pending: 21195
I    5.31] recalculating facets...
I   10.02] Elapsed: 10.02, vertices: 268, facets final: 52, pending: 29986
I   12.01] recalculating facets...
I   15.12] Elapsed: 15.12, vertices: 342, facets final: 82, pending: 34228
I   18.97] recalculating facets...
I   20.17] Elapsed: 20.17, vertices: 416, facets final: 122, pending: 36243
I   25.25] Elapsed: 25.25, vertices: 497, facets final: 184, pending: 37579
I   25.46] recalculating facets...
I   30.29] Elapsed: 30.29, vertices: 572, facets final: 245, pending: 38157
I   32.03] recalculating facets...
I   35.31] Elapsed: 35.31, vertices: 657, facets final: 325, pending: 38362
I   38.04] recalculating facets...
I   40.34] Elapsed: 40.34, vertices: 740, facets final: 421, pending: 38910
I   43.75] recalculating facets...
I   45.34] Elapsed: 45.34, vertices: 827, facets final: 527, pending: 40638
I   49.56] recalculating facets...
I   50.36] Elapsed: 50.36, vertices: 914, facets final: 631, pending: 41923
I   55.36] Elapsed: 55.36, vertices: 990, facets final: 767, pending: 43152
I   56.18] recalculating facets...
I   60.36] Elapsed: 1:00, vertices: 1063, facets final: 908, pending: 43765
I   62.98] recalculating facets...
I   65.37] Elapsed: 1:05, vertices: 1132, facets final: 1024, pending: 44397
I   69.55] recalculating facets...
I   70.42] Elapsed: 1:10, vertices: 1214, facets final: 1199, pending: 45168
I   75.42] Elapsed: 1:15, vertices: 1289, facets final: 1360, pending: 45578
I   76.22] recalculating facets...
I   80.43] Elapsed: 1:20, vertices: 1365, facets final: 1526, pending: 46320
I   82.82] recalculating facets...
I   85.44] Elapsed: 1:25, vertices: 1431, facets final: 1681, pending: 48248
I   90.25] recalculating facets...
I   90.44] Elapsed: 1:30, vertices: 1502, facets final: 1836, pending: 48928
I   95.44] Elapsed: 1:35, vertices: 1552, facets final: 1963, pending: 49495
I   99.22] recalculating facets...
I  100.46] Elapsed: 1:40, vertices: 1616, facets final: 2147, pending: 49819
I  105.53] Elapsed: 1:46, vertices: 1677, facets final: 2403, pending: 50073
I  107.23] recalculating facets...
I  110.53] Elapsed: 1:51, vertices: 1743, facets final: 2636, pending: 49863
I  115.03] recalculating facets...
I  115.69] Elapsed: 1:56, vertices: 1806, facets final: 2930, pending: 49570
I  120.69] Elapsed: 2:01, vertices: 1875, facets final: 3211, pending: 49322
I  122.99] recalculating facets...
I  125.71] Elapsed: 2:06, vertices: 1928, facets final: 3580, pending: 49280
I  130.73] Elapsed: 2:11, vertices: 1972, facets final: 3976, pending: 48749
I  133.57] recalculating facets...
I  135.77] Elapsed: 2:16, vertices: 2022, facets final: 4296, pending: 48403
I  140.79] Elapsed: 2:21, vertices: 2075, facets final: 4628, pending: 47954
I  142.92] recalculating facets...
I  145.79] Elapsed: 2:26, vertices: 2126, facets final: 5128, pending: 47391
I  150.81] Elapsed: 2:31, vertices: 2178, facets final: 5590, pending: 47187
I  152.82] recalculating facets...
I  155.81] Elapsed: 2:36, vertices: 2229, facets final: 6039, pending: 46772
I  160.82] Elapsed: 2:41, vertices: 2277, facets final: 6687, pending: 45990
I  163.53] recalculating facets...
I  165.82] Elapsed: 2:46, vertices: 2319, facets final: 7402, pending: 44988
I  170.83] Elapsed: 2:51, vertices: 2363, facets final: 8184, pending: 43990
I  175.04] recalculating facets...
I  175.84] Elapsed: 2:56, vertices: 2406, facets final: 8986, pending: 43023
I  180.84] Elapsed: 3:01, vertices: 2441, facets final: 9930, pending: 41988
I  185.84] Elapsed: 3:06, vertices: 2477, facets final: 10855, pending: 41220
I  190.00] recalculating facets...
I  190.85] Elapsed: 3:11, vertices: 2504, facets final: 11869, pending: 40240
I  195.85] Elapsed: 3:16, vertices: 2532, facets final: 12879, pending: 39239
I  200.85] Elapsed: 3:21, vertices: 2560, facets final: 13918, pending: 38257
I  205.85] Elapsed: 3:26, vertices: 2578, facets final: 15050, pending: 37197
I  210.79] recalculating facets...
I  210.94] Elapsed: 3:31, vertices: 2601, facets final: 16140, pending: 36055
I  215.94] Elapsed: 3:36, vertices: 2615, facets final: 17377, pending: 34798
I  220.94] Elapsed: 3:41, vertices: 2636, facets final: 18614, pending: 33569
I  225.94] Elapsed: 3:46, vertices: 2652, facets final: 19906, pending: 32292
I  230.94] Elapsed: 3:51, vertices: 2667, facets final: 21221, pending: 31032
I  235.94] Elapsed: 3:56, vertices: 2680, facets final: 22558, pending: 29765
I  240.94] Elapsed: 4:01, vertices: 2692, facets final: 23887, pending: 28423
I  245.95] Elapsed: 4:06, vertices: 2698, facets final: 25258, pending: 27050
I  248.94] recalculating facets...
I  250.95] Elapsed: 4:11, vertices: 2705, facets final: 26609, pending: 25671
I  255.95] Elapsed: 4:16, vertices: 2712, facets final: 27984, pending: 24352
I  260.95] Elapsed: 4:21, vertices: 2719, facets final: 29359, pending: 22996
I  265.95] Elapsed: 4:26, vertices: 2723, facets final: 30768, pending: 21598
I  270.95] Elapsed: 4:31, vertices: 2730, facets final: 32149, pending: 20229
I  275.95] Elapsed: 4:36, vertices: 2738, facets final: 33500, pending: 18878
I  280.95] Elapsed: 4:41, vertices: 2745, facets final: 34887, pending: 17499
I  285.95] Elapsed: 4:46, vertices: 2748, facets final: 36307, pending: 16114
I  290.95] Elapsed: 4:51, vertices: 2752, facets final: 37707, pending: 14698
I  295.95] Elapsed: 4:56, vertices: 2753, facets final: 39153, pending: 13249
I  300.95] Elapsed: 5:01, vertices: 2754, facets final: 40626, pending: 11773
I  305.95] Elapsed: 5:06, vertices: 2756, facets final: 42079, pending: 10313
I  310.95] Elapsed: 5:11, vertices: 2758, facets final: 43534, pending: 8885
I  315.95] Elapsed: 5:16, vertices: 2760, facets final: 44989, pending: 7429
I  320.95] Elapsed: 5:21, vertices: 2762, facets final: 46425, pending: 5995
I  325.95] Elapsed: 5:26, vertices: 2765, facets final: 47851, pending: 4567
I  330.95] Elapsed: 5:31, vertices: 2770, facets final: 49254, pending: 3160
I  335.95] Elapsed: 5:36, vertices: 2780, facets final: 50618, pending: 1802
I  340.95] Elapsed: 5:41, vertices: 2790, facets final: 51988, pending: 445
I  342.33] recalculating facets...
I  342.46] Elapsed: 5:42, vertices: 2804, facets final: 52433, pending: 0

--------------------------------
Problem completed
 name                    04.vlp
 output                  vlp/04.res
 rows, cols, objs        12, 7115, 10
 vertices, facets        2804, 52433
 total time              5:42
--------------------------------
Statistics
LP:
 oracle calls            55611
   avg iterations/calls  6.48
 total oracle time       3:15
Combinatorics:
 vertices added          2804
 facets probed           56628
 facets # max            52944
 memory allocated        50.64M
 storage expansion
   vertices # / upto     23 / 2940
   facets   # / upto     13 / 53244
 facet manipulating
   added avg / max       130.32 / 2.16k
   compressed            242
 number of ridge tests
   avg / max             3.84M / 39.84M
--------------------------------
Parameters with non-default values
 OracleItLimit = 200000
 OracleTimeLimit = 60
 VertexPoolSize = 35
