C applying rule 12.txt for ineq.dw1
I    1.68] recalculating facets...
I    5.03] Elapsed: 5.03, vertices: 172, facets final: 11, pending: 22477
I    6.99] recalculating facets...
I   10.03] Elapsed: 10.03, vertices: 241, facets final: 16, pending: 31150
I   14.99] recalculating facets...
I   15.10] Elapsed: 15.10, vertices: 301, facets final: 25, pending: 33890
recalculate_facet: numerical instability at facet 325, coord 0 (1.02255e-06)
recalculate_facet: numerical instability at facet 325, coord 4 (-1.38652e-06)
recalculate_facet: numerical instability at facet 325, coord 10 (-1.56167e-06)
recalculate_facet: numerical instability at facet 365, coord 4 (-1.60729e-06)
recalculate_facet: numerical instability at facet 365, coord 10 (-1.09888e-06)
recalculate_facet: numerical instability at facet 26, coord 0 (-2.77566e-05)
recalculate_facet: numerical instability at facet 26, coord 3 (-4.63698e-06)
recalculate_facet: numerical instability at facet 26, coord 4 (3.97564e-05)
recalculate_facet: numerical instability at facet 26, coord 5 (-4.44636e-06)
recalculate_facet: numerical instability at facet 26, coord 6 (-1.64577e-06)
recalculate_facet: numerical instability at facet 26, coord 10 (1.88348e-05)
recalculate_facet: numerical instability at facet 23, coord 0 (-3.38564e-05)
recalculate_facet: numerical instability at facet 23, coord 1 (-2.57762e-06)
recalculate_facet: numerical instability at facet 23, coord 2 (3.73431e-06)
recalculate_facet: numerical instability at facet 23, coord 4 (3.61025e-05)
recalculate_facet: numerical instability at facet 23, coord 6 (-2.03677e-06)
recalculate_facet: numerical instability at facet 23, coord 7 (-1.15921e-06)
recalculate_facet: numerical instability at facet 23, coord 10 (2.78566e-05)
recalculate_facet: numerical instability at facet 142, coord 0 (-2.85888e-05)
recalculate_facet: numerical instability at facet 142, coord 2 (-8.85704e-06)
recalculate_facet: numerical instability at facet 142, coord 3 (-6.58126e-06)
recalculate_facet: numerical instability at facet 142, coord 4 (5.73394e-05)
recalculate_facet: numerical instability at facet 142, coord 5 (-6.70142e-06)
recalculate_facet: numerical instability at facet 142, coord 6 (-2.94092e-06)
recalculate_facet: numerical instability at facet 142, coord 7 (-3.66993e-06)
recalculate_facet: numerical instability at facet 142, coord 10 (4.12018e-05)
recalculate_facet: numerical instability at facet 159, coord 0 (-3.57983e-05)
recalculate_facet: numerical instability at facet 159, coord 1 (-3.78636e-06)
recalculate_facet: numerical instability at facet 159, coord 2 (-3.73636e-06)
recalculate_facet: numerical instability at facet 159, coord 4 (5.14855e-05)
recalculate_facet: numerical instability at facet 159, coord 6 (-3.62637e-06)
recalculate_facet: numerical instability at facet 159, coord 7 (-4.40908e-06)
recalculate_facet: numerical instability at facet 159, coord 10 (5.59246e-05)
I   20.11] Elapsed: 20.11, vertices: 359, facets final: 29, pending: 35520
recalculate_facet: numerical instability at facet 9, coord 0 (-1.33655e-06)
recalculate_facet: numerical instability at facet 9, coord 4 (2.49549e-06)
recalculate_facet: numerical instability at facet 9, coord 10 (1.68102e-06)
recalculate_facet: numerical instability at facet 25, coord 0 (-1.85024e-06)
recalculate_facet: numerical instability at facet 25, coord 3 (1.10007e-06)
recalculate_facet: numerical instability at facet 25, coord 4 (1.35542e-06)
recalculate_facet: numerical instability at facet 25, coord 10 (2.88009e-06)
recalculate_facet: numerical instability at facet 111, coord 0 (1.72227e-06)
recalculate_facet: numerical instability at facet 111, coord 4 (-1.91245e-06)
recalculate_facet: numerical instability at facet 111, coord 10 (-3.42676e-06)
recalculate_facet: numerical instability at facet 116, coord 0 (1.16488e-06)
recalculate_facet: numerical instability at facet 116, coord 4 (-2.63136e-06)
recalculate_facet: numerical instability at facet 116, coord 10 (-2.18947e-06)
I   23.29] recalculating facets...
I   25.15] Elapsed: 25.15, vertices: 422, facets final: 34, pending: 37413
recalculate_facet: numerical instability at facet 30, coord 0 (-1.20792e-06)
recalculate_facet: numerical instability at facet 30, coord 4 (2.37467e-06)
recalculate_facet: numerical instability at facet 30, coord 10 (1.29726e-06)
recalculate_facet: numerical instability at facet 38, coord 0 (-1.79365e-06)
recalculate_facet: numerical instability at facet 38, coord 3 (1.46701e-06)
recalculate_facet: numerical instability at facet 38, coord 4 (1.04126e-06)
recalculate_facet: numerical instability at facet 38, coord 10 (2.66854e-06)
recalculate_facet: numerical instability at facet 102, coord 0 (1.66289e-06)
recalculate_facet: numerical instability at facet 102, coord 3 (-2.21829e-06)
recalculate_facet: numerical instability at facet 102, coord 4 (-1.9726e-06)
recalculate_facet: numerical instability at facet 102, coord 5 (1.89282e-06)
recalculate_facet: numerical instability at facet 103, coord 0 (-4.76184e-06)
recalculate_facet: numerical instability at facet 103, coord 3 (4.22993e-06)
recalculate_facet: numerical instability at facet 103, coord 4 (6.98987e-06)
recalculate_facet: numerical instability at facet 103, coord 5 (-4.11276e-06)
recalculate_facet: numerical instability at facet 103, coord 6 (-1.04725e-06)
recalculate_facet: numerical instability at facet 103, coord 7 (-1.25233e-06)
recalculate_facet: numerical instability at facet 103, coord 10 (2.95733e-06)
recalculate_facet: numerical instability at facet 128, coord 0 (3.23871e-06)
recalculate_facet: numerical instability at facet 128, coord 2 (-1.78544e-06)
recalculate_facet: numerical instability at facet 128, coord 3 (-4.04331e-06)
recalculate_facet: numerical instability at facet 128, coord 10 (-3.53103e-06)
recalculate_facet: numerical instability at facet 134, coord 0 (-8.26859e-06)
recalculate_facet: numerical instability at facet 134, coord 1 (-2.1858e-06)
recalculate_facet: numerical instability at facet 134, coord 2 (3.61483e-06)
recalculate_facet: numerical instability at facet 134, coord 3 (8.23167e-06)
recalculate_facet: numerical instability at facet 134, coord 4 (1.28098e-06)
recalculate_facet: numerical instability at facet 134, coord 6 (-1.23082e-06)
recalculate_facet: numerical instability at facet 134, coord 7 (-1.44225e-06)
recalculate_facet: numerical instability at facet 134, coord 10 (9.23764e-06)
recalculate_facet: numerical instability at facet 48, coord 4 (-1.92092e-06)
recalculate_facet: numerical instability at facet 48, coord 5 (1.4251e-06)
recalculate_facet: numerical instability at facet 48, coord 10 (1.34311e-06)
I   30.18] Elapsed: 30.18, vertices: 490, facets final: 42, pending: 35646
I   30.90] recalculating facets...
recalculate_facet: numerical instability at facet 45, coord 4 (-4.41801e-06)
recalculate_facet: numerical instability at facet 45, coord 6 (3.4604e-06)
recalculate_facet: numerical instability at facet 58, coord 4 (-4.03097e-06)
recalculate_facet: numerical instability at facet 58, coord 6 (3.54195e-06)
recalculate_facet: numerical instability at facet 58, coord 10 (-1.2748e-06)
recalculate_facet: numerical instability at facet 62, coord 4 (1.08464e-06)
recalculate_facet: numerical instability at facet 66, coord 4 (1.07964e-06)
recalculate_facet: numerical instability at facet 112, coord 0 (1.16516e-06)
recalculate_facet: numerical instability at facet 112, coord 4 (-1.32255e-06)
recalculate_facet: numerical instability at facet 112, coord 10 (-1.50324e-06)
I   35.19] Elapsed: 35.19, vertices: 560, facets final: 56, pending: 35725
I   37.89] recalculating facets...
recalculate_facet: numerical instability at facet 79, coord 4 (1.10999e-06)
recalculate_facet: numerical instability at facet 25, coord 4 (1.30585e-06)
recalculate_facet: numerical instability at facet 27, coord 0 (-1.17635e-06)
recalculate_facet: numerical instability at facet 27, coord 2 (2.20692e-06)
recalculate_facet: numerical instability at facet 27, coord 4 (-3.16019e-06)
recalculate_facet: numerical instability at facet 27, coord 5 (1.11061e-06)
recalculate_facet: numerical instability at facet 27, coord 10 (-3.72379e-06)
recalculate_facet: numerical instability at facet 30, coord 2 (1.85108e-06)
recalculate_facet: numerical instability at facet 30, coord 4 (-2.62466e-06)
recalculate_facet: numerical instability at facet 30, coord 10 (-4.03153e-06)
recalculate_facet: numerical instability at facet 35, coord 0 (5.28808e-06)
recalculate_facet: numerical instability at facet 35, coord 4 (-6.78747e-06)
recalculate_facet: numerical instability at facet 35, coord 10 (-6.18174e-06)
recalculate_facet: numerical instability at facet 66, coord 0 (3.344e-06)
recalculate_facet: numerical instability at facet 66, coord 3 (-3.14627e-06)
recalculate_facet: numerical instability at facet 66, coord 4 (-2.9708e-06)
recalculate_facet: numerical instability at facet 66, coord 5 (2.75336e-06)
recalculate_facet: numerical instability at facet 71, coord 0 (5.7594e-06)
recalculate_facet: numerical instability at facet 71, coord 1 (1.4761e-06)
recalculate_facet: numerical instability at facet 71, coord 2 (-3.35346e-06)
recalculate_facet: numerical instability at facet 71, coord 3 (-5.89092e-06)
recalculate_facet: numerical instability at facet 71, coord 10 (-3.88204e-06)
recalculate_facet: numerical instability at facet 47, coord 4 (1.64531e-06)
recalculate_facet: numerical instability at facet 47, coord 5 (-1.25525e-06)
recalculate_facet: numerical instability at facet 47, coord 10 (-1.09002e-06)
recalculate_facet: numerical instability at facet 45, coord 4 (1.52485e-06)
recalculate_facet: numerical instability at facet 45, coord 5 (-1.13377e-06)
recalculate_facet: numerical instability at facet 45, coord 10 (-1.14305e-06)
recalculate_facet: numerical instability at facet 51, coord 0 (-1.02889e-06)
I   40.21] Elapsed: 40.21, vertices: 636, facets final: 64, pending: 36113
recalculate_facet: numerical instability at facet 35, coord 4 (1.03269e-06)
recalculate_facet: numerical instability at facet 53, coord 3 (1.42721e-06)
recalculate_facet: numerical instability at facet 83, coord 0 (4.23696e-06)
recalculate_facet: numerical instability at facet 83, coord 1 (4.59313e-06)
recalculate_facet: numerical instability at facet 83, coord 4 (-1.4006e-05)
recalculate_facet: numerical instability at facet 83, coord 6 (2.58797e-06)
recalculate_facet: numerical instability at facet 83, coord 7 (2.58797e-06)
recalculate_facet: numerical instability at facet 83, coord 10 (-3.22037e-05)
recalculate_facet: numerical instability at facet 84, coord 0 (3.63793e-06)
recalculate_facet: numerical instability at facet 84, coord 1 (3.9931e-06)
recalculate_facet: numerical instability at facet 84, coord 4 (-1.20176e-05)
recalculate_facet: numerical instability at facet 84, coord 6 (2.28715e-06)
recalculate_facet: numerical instability at facet 84, coord 7 (2.28715e-06)
recalculate_facet: numerical instability at facet 84, coord 10 (-2.79658e-05)
I   44.16] recalculating facets...
recalculate_facet: numerical instability at facet 96, coord 0 (-7.89967e-06)
recalculate_facet: numerical instability at facet 96, coord 2 (-2.50433e-06)
recalculate_facet: numerical instability at facet 96, coord 3 (-1.62498e-06)
recalculate_facet: numerical instability at facet 96, coord 4 (-2.44062e-06)
recalculate_facet: numerical instability at facet 96, coord 5 (-1.59664e-06)
recalculate_facet: numerical instability at facet 96, coord 6 (1.70198e-05)
recalculate_facet: numerical instability at facet 96, coord 10 (1.17028e-05)
recalculate_facet: numerical instability at facet 102, coord 0 (-8.94965e-06)
recalculate_facet: numerical instability at facet 102, coord 2 (-1.21927e-06)
recalculate_facet: numerical instability at facet 102, coord 4 (-4.6986e-06)
recalculate_facet: numerical instability at facet 102, coord 6 (1.68696e-05)
recalculate_facet: numerical instability at facet 102, coord 7 (-1.04804e-06)
recalculate_facet: numerical instability at facet 102, coord 10 (1.40511e-05)
recalculate_facet: numerical instability at facet 14, coord 0 (4.28491e-05)
recalculate_facet: numerical instability at facet 14, coord 1 (3.5573e-06)
recalculate_facet: numerical instability at facet 14, coord 4 (-5.41009e-05)
recalculate_facet: numerical instability at facet 14, coord 6 (4.08111e-06)
recalculate_facet: numerical instability at facet 14, coord 7 (3.61336e-06)
recalculate_facet: numerical instability at facet 14, coord 10 (-4.91317e-05)
recalculate_facet: numerical instability at facet 15, coord 0 (4.06041e-06)
recalculate_facet: numerical instability at facet 15, coord 1 (1.05871e-06)
recalculate_facet: numerical instability at facet 15, coord 2 (-1.20478e-06)
recalculate_facet: numerical instability at facet 15, coord 4 (-4.19794e-06)
recalculate_facet: numerical instability at facet 15, coord 10 (-6.05058e-06)
recalculate_facet: numerical instability at facet 32, coord 10 (-1.9354e-06)
recalculate_facet: numerical instability at facet 27, coord 0 (-1.23274e-06)
recalculate_facet: numerical instability at facet 27, coord 2 (1.32373e-06)
recalculate_facet: numerical instability at facet 27, coord 3 (1.14692e-06)
recalculate_facet: numerical instability at facet 27, coord 4 (-1.52893e-06)
recalculate_facet: numerical instability at facet 27, coord 10 (-1.35891e-06)
I   45.24] Elapsed: 45.24, vertices: 716, facets final: 79, pending: 37208
recalculate_facet: numerical instability at facet 68, coord 0 (1.09687e-06)
recalculate_facet: numerical instability at facet 68, coord 10 (-1.35622e-06)
recalculate_facet: numerical instability at facet 88, coord 4 (1.51519e-06)
recalculate_facet: numerical instability at facet 88, coord 6 (-1.97966e-06)
I   50.25] Elapsed: 50.25, vertices: 791, facets final: 98, pending: 36851
I   50.78] recalculating facets...
recalculate_facet: numerical instability at facet 56, coord 4 (1.10941e-06)
recalculate_facet: numerical instability at facet 14, coord 0 (-2.6989e-06)
recalculate_facet: numerical instability at facet 14, coord 4 (4.24372e-06)
recalculate_facet: numerical instability at facet 14, coord 10 (2.9639e-06)
recalculate_facet: numerical instability at facet 27, coord 0 (-2.67541e-06)
recalculate_facet: numerical instability at facet 27, coord 4 (4.16589e-06)
recalculate_facet: numerical instability at facet 27, coord 10 (2.94676e-06)
recalculate_facet: numerical instability at facet 0, coord 4 (1.27313e-06)
recalculate_facet: numerical instability at facet 0, coord 10 (-1.06674e-06)
recalculate_facet: numerical instability at facet 17, coord 4 (1.56866e-06)
recalculate_facet: numerical instability at facet 17, coord 10 (-1.28915e-06)
recalculate_facet: numerical instability at facet 76, coord 4 (-1.01609e-06)
recalculate_facet: numerical instability at facet 76, coord 6 (1.03052e-06)
recalculate_facet: numerical instability at facet 80, coord 6 (1.04265e-06)
recalculate_facet: numerical instability at facet 26, coord 0 (1.40614e-06)
recalculate_facet: numerical instability at facet 26, coord 4 (-3.28892e-06)
recalculate_facet: numerical instability at facet 26, coord 10 (-2.61047e-06)
recalculate_facet: numerical instability at facet 22, coord 0 (1.87143e-06)
recalculate_facet: numerical instability at facet 22, coord 4 (-2.72442e-06)
recalculate_facet: numerical instability at facet 22, coord 10 (-3.56905e-06)
I   55.25] Elapsed: 55.25, vertices: 873, facets final: 119, pending: 36122
recalculate_facet: numerical instability at facet 17, coord 4 (1.8933e-06)
recalculate_facet: numerical instability at facet 17, coord 5 (-1.25347e-06)
recalculate_facet: numerical instability at facet 17, coord 6 (-1.05951e-06)
recalculate_facet: numerical instability at facet 17, coord 10 (-1.68351e-06)
recalculate_facet: numerical instability at facet 18, coord 4 (2.03379e-06)
recalculate_facet: numerical instability at facet 18, coord 5 (-1.32665e-06)
recalculate_facet: numerical instability at facet 18, coord 6 (-1.16456e-06)
recalculate_facet: numerical instability at facet 18, coord 10 (-1.79804e-06)
recalculate_facet: numerical instability at facet 27, coord 6 (-1.23643e-06)
recalculate_facet: numerical instability at facet 28, coord 6 (-1.12723e-06)
recalculate_facet: numerical instability at facet 12, coord 4 (1.2615e-06)
recalculate_facet: numerical instability at facet 14, coord 4 (1.18266e-06)
I   56.64] recalculating facets...
recalculate_facet: numerical instability at facet 15755, coord 2 (-1.20816e-06)
recalculate_facet: numerical instability at facet 15755, coord 6 (1.69256e-06)
recalculate_facet: numerical instability at facet 15755, coord 10 (2.67083e-06)
recalculate_facet: numerical instability at facet 16488, coord 4 (-2.23618e-06)
recalculate_facet: numerical instability at facet 16488, coord 5 (1.45692e-06)
recalculate_facet: numerical instability at facet 16488, coord 6 (1.64669e-06)
recalculate_facet: numerical instability at facet 16488, coord 10 (3.85461e-06)
recalculate_facet: numerical instability at facet 33, coord 4 (-1.0233e-06)
I   60.25] Elapsed: 1:00, vertices: 960, facets final: 145, pending: 35800
recalculate_facet: numerical instability at facet 28, coord 10 (-1.16684e-06)
I   62.32] recalculating facets...
recalculate_facet: numerical instability at facet 89, coord 4 (-2.15835e-06)
recalculate_facet: numerical instability at facet 89, coord 6 (1.52363e-06)
recalculate_facet: numerical instability at facet 89, coord 10 (1.24052e-06)
recalculate_facet: numerical instability at facet 91, coord 4 (-1.37297e-06)
recalculate_facet: numerical instability at facet 91, coord 6 (1.57658e-06)
I   65.25] Elapsed: 1:05, vertices: 1038, facets final: 165, pending: 35157
I   69.59] recalculating facets...
I   70.25] Elapsed: 1:10, vertices: 1107, facets final: 202, pending: 34239
recalculate_facet: numerical instability at facet 13, coord 0 (-1.54284e-06)
recalculate_facet: numerical instability at facet 13, coord 4 (1.84694e-06)
recalculate_facet: numerical instability at facet 13, coord 10 (1.52411e-06)
recalculate_facet: numerical instability at facet 13, coord 0 (-1.15739e-06)
recalculate_facet: numerical instability at facet 13, coord 4 (2.08179e-06)
I   75.25] Elapsed: 1:15, vertices: 1195, facets final: 239, pending: 34786
I   75.46] recalculating facets...
I   80.26] Elapsed: 1:20, vertices: 1287, facets final: 276, pending: 34397
I   81.18] recalculating facets...
I   85.27] Elapsed: 1:25, vertices: 1372, facets final: 321, pending: 34515
I   86.78] recalculating facets...
recalculate_facet: numerical instability at facet 7, coord 4 (5.88017e-06)
recalculate_facet: numerical instability at facet 7, coord 6 (-4.22717e-06)
recalculate_facet: numerical instability at facet 7, coord 10 (1.89483e-06)
recalculate_facet: numerical instability at facet 10, coord 4 (5.75359e-06)
recalculate_facet: numerical instability at facet 10, coord 6 (-4.24048e-06)
recalculate_facet: numerical instability at facet 10, coord 10 (2.03152e-06)
I   90.31] Elapsed: 1:30, vertices: 1461, facets final: 370, pending: 35052
recalculate_facet: numerical instability at facet 6, coord 4 (-1.32465e-06)
recalculate_facet: numerical instability at facet 6, coord 10 (-1.2386e-06)
recalculate_facet: numerical instability at facet 20, coord 4 (-2.23189e-06)
recalculate_facet: numerical instability at facet 20, coord 10 (-2.04825e-06)
I   92.71] recalculating facets...
I   95.31] Elapsed: 1:35, vertices: 1550, facets final: 403, pending: 35301
I   97.90] recalculating facets...
I  100.31] Elapsed: 1:40, vertices: 1638, facets final: 469, pending: 35286
recalculate_facet: numerical instability at facet 9, coord 0 (-9.8541e-06)
recalculate_facet: numerical instability at facet 9, coord 2 (-4.7545e-06)
recalculate_facet: numerical instability at facet 9, coord 3 (-4.66526e-06)
recalculate_facet: numerical instability at facet 9, coord 4 (2.43457e-05)
recalculate_facet: numerical instability at facet 9, coord 5 (-1.12085e-06)
recalculate_facet: numerical instability at facet 9, coord 6 (-2.2631e-06)
recalculate_facet: numerical instability at facet 9, coord 7 (-1.68786e-06)
recalculate_facet: numerical instability at facet 9, coord 10 (1.89904e-05)
recalculate_facet: numerical instability at facet 12, coord 0 (-1.29326e-05)
recalculate_facet: numerical instability at facet 12, coord 1 (-2.33635e-06)
recalculate_facet: numerical instability at facet 12, coord 2 (-1.04331e-06)
recalculate_facet: numerical instability at facet 12, coord 4 (1.79875e-05)
recalculate_facet: numerical instability at facet 12, coord 5 (3.04876e-06)
recalculate_facet: numerical instability at facet 12, coord 6 (-2.76573e-06)
recalculate_facet: numerical instability at facet 12, coord 7 (-1.95824e-06)
recalculate_facet: numerical instability at facet 12, coord 10 (2.57253e-05)
I  103.77] recalculating facets...
I  105.31] Elapsed: 1:45, vertices: 1725, facets final: 538, pending: 34756
I  109.34] recalculating facets...
recalculate_facet: numerical instability at facet 3, coord 0 (-1.20726e-05)
recalculate_facet: numerical instability at facet 3, coord 1 (-1.78314e-06)
recalculate_facet: numerical instability at facet 3, coord 2 (1.77997e-06)
recalculate_facet: numerical instability at facet 3, coord 4 (2.20376e-05)
recalculate_facet: numerical instability at facet 3, coord 6 (-1.21481e-06)
recalculate_facet: numerical instability at facet 3, coord 7 (-7.86697e-06)
recalculate_facet: numerical instability at facet 3, coord 10 (1.40277e-05)
recalculate_facet: numerical instability at facet 7, coord 0 (-7.88054e-06)
recalculate_facet: numerical instability at facet 7, coord 2 (-1.02144e-06)
recalculate_facet: numerical instability at facet 7, coord 3 (-3.1098e-06)
recalculate_facet: numerical instability at facet 7, coord 4 (2.36767e-05)
recalculate_facet: numerical instability at facet 7, coord 5 (-3.29768e-06)
recalculate_facet: numerical instability at facet 7, coord 6 (-1.02733e-06)
recalculate_facet: numerical instability at facet 7, coord 7 (-7.33993e-06)
recalculate_facet: numerical instability at facet 7, coord 10 (7.56713e-06)
I  110.31] Elapsed: 1:50, vertices: 1817, facets final: 598, pending: 34072
I  114.73] recalculating facets...
recalculate_facet: numerical instability at facet 26513, coord 4 (1.54823e-06)
recalculate_facet: numerical instability at facet 26513, coord 10 (1.49476e-06)
recalculate_facet: numerical instability at facet 26565, coord 0 (-1.23329e-06)
recalculate_facet: numerical instability at facet 26565, coord 4 (1.14732e-06)
recalculate_facet: numerical instability at facet 26565, coord 10 (2.09909e-06)
I  115.32] Elapsed: 1:55, vertices: 1909, facets final: 686, pending: 33575
I  120.12] recalculating facets...
I  120.33] Elapsed: 2:00, vertices: 2003, facets final: 783, pending: 32704
I  124.75] recalculating facets...
I  125.33] Elapsed: 2:05, vertices: 2112, facets final: 909, pending: 31788
I  129.64] recalculating facets...
I  130.33] Elapsed: 2:10, vertices: 2215, facets final: 1043, pending: 31331
I  134.07] recalculating facets...
I  135.33] Elapsed: 2:15, vertices: 2327, facets final: 1226, pending: 30352
I  138.58] recalculating facets...
I  140.33] Elapsed: 2:20, vertices: 2435, facets final: 1424, pending: 29251
I  143.13] recalculating facets...
I  145.34] Elapsed: 2:25, vertices: 2553, facets final: 1704, pending: 28602
I  147.22] recalculating facets...
I  150.34] Elapsed: 2:30, vertices: 2673, facets final: 2001, pending: 27849
I  151.64] recalculating facets...
I  155.34] Elapsed: 2:35, vertices: 2774, facets final: 2371, pending: 27649
I  156.55] recalculating facets...
recalculate_facet: numerical instability at facet 22889, coord 4 (1.1722e-06)
recalculate_facet: numerical instability at facet 22983, coord 10 (1.1491e-06)
I  160.35] Elapsed: 2:40, vertices: 2885, facets final: 2828, pending: 26696
I  161.10] recalculating facets...
I  165.35] Elapsed: 2:45, vertices: 2993, facets final: 3377, pending: 25681
I  165.76] recalculating facets...
I  170.35] Elapsed: 2:50, vertices: 3091, facets final: 4019, pending: 24807
I  170.82] recalculating facets...
I  175.36] Elapsed: 2:55, vertices: 3182, facets final: 4732, pending: 23827
I  176.42] recalculating facets...
I  180.36] Elapsed: 3:00, vertices: 3255, facets final: 5590, pending: 22686
I  183.38] recalculating facets...
I  185.36] Elapsed: 3:05, vertices: 3327, facets final: 6453, pending: 21695
I  190.36] Elapsed: 3:10, vertices: 3381, facets final: 7479, pending: 20567
I  192.69] recalculating facets...
I  195.36] Elapsed: 3:15, vertices: 3423, facets final: 8585, pending: 19357
I  200.36] Elapsed: 3:20, vertices: 3460, facets final: 9765, pending: 18153
I  205.36] Elapsed: 3:25, vertices: 3493, facets final: 10982, pending: 16801
I  206.51] recalculating facets...
I  210.37] Elapsed: 3:30, vertices: 3528, facets final: 12167, pending: 15554
I  215.37] Elapsed: 3:35, vertices: 3556, facets final: 13404, pending: 14279
I  220.37] Elapsed: 3:40, vertices: 3579, facets final: 14667, pending: 13057
I  225.34] recalculating facets...
I  225.40] Elapsed: 3:45, vertices: 3601, facets final: 15923, pending: 11776
I  230.40] Elapsed: 3:50, vertices: 3616, facets final: 17209, pending: 10460
I  235.40] Elapsed: 3:55, vertices: 3631, facets final: 18462, pending: 9214
I  240.40] Elapsed: 4:00, vertices: 3644, facets final: 19703, pending: 7967
I  245.40] Elapsed: 4:05, vertices: 3659, facets final: 20951, pending: 6719
I  250.40] Elapsed: 4:10, vertices: 3671, facets final: 22209, pending: 5468
I  255.40] Elapsed: 4:15, vertices: 3683, facets final: 23467, pending: 4213
I  260.40] Elapsed: 4:20, vertices: 3696, facets final: 24801, pending: 2867
I  262.97] recalculating facets...
I  265.40] Elapsed: 4:25, vertices: 3707, facets final: 26212, pending: 1457
I  270.40] Elapsed: 4:30, vertices: 3722, facets final: 27589, pending: 61
I  270.58] Elapsed: 4:31, vertices: 3730, facets final: 27635, pending: 0

--------------------------------
Problem completed
 name                    12.vlp
 output                  vlp/12.res
 rows, cols, objs        12, 7092, 10
 vertices, facets        3730, 27635
 total time              4:31
--------------------------------
Statistics
LP:
 oracle calls            32706
   avg iterations/calls  5.97
 total oracle time       1:50
Combinatorics:
 vertices added          3730
 facets probed           34953
 facets # max            38337
 memory allocated        53.43M
 instability warnings    265
 storage expansion
   vertices # / upto     30 / 3836
   facets   # / upto     10 / 40956
 facet manipulating
   added avg / max       149.06 / 2.23k
   compressed            190
 number of ridge tests
   avg / max             4.29M / 63.24M
--------------------------------
Parameters with non-default values
 ExactFacetEq = 1
 VertexPoolSize = 50
 LineqEps = 7.1e-07
