C applying rule 16.txt for ineq.dw1
I    0.73] recalculating facets...
I    2.93] recalculating facets...
I    5.09] Elapsed: 5.09, vertices: 244, facets final: 22, pending: 23100
I    9.18] recalculating facets...
recalculate_facet: numerical instability at facet 45, coord 0 (1.63347e-06)
recalculate_facet: numerical instability at facet 45, coord 1 (-1.19717e-06)
recalculate_facet: numerical instability at facet 45, coord 2 (1.3583e-06)
recalculate_facet: numerical instability at facet 45, coord 4 (-5.90095e-06)
recalculate_facet: numerical instability at facet 45, coord 5 (2.78769e-06)
recalculate_facet: numerical instability at facet 45, coord 6 (1.11605e-06)
recalculate_facet: numerical instability at facet 166, coord 0 (3.04308e-06)
recalculate_facet: numerical instability at facet 166, coord 3 (-1.19317e-06)
recalculate_facet: numerical instability at facet 166, coord 4 (-5.29737e-06)
recalculate_facet: numerical instability at facet 166, coord 5 (1.71523e-06)
recalculate_facet: numerical instability at facet 166, coord 6 (1.19771e-06)
recalculate_facet: numerical instability at facet 166, coord 10 (-1.34258e-06)
recalculate_facet: numerical instability at facet 42, coord 0 (-2.95472e-06)
recalculate_facet: numerical instability at facet 42, coord 4 (3.42177e-06)
recalculate_facet: numerical instability at facet 42, coord 10 (1.79285e-06)
recalculate_facet: numerical instability at facet 55, coord 0 (1.28416e-06)
recalculate_facet: numerical instability at facet 55, coord 1 (-1.08243e-06)
recalculate_facet: numerical instability at facet 55, coord 2 (1.25932e-06)
recalculate_facet: numerical instability at facet 55, coord 4 (-5.20901e-06)
recalculate_facet: numerical instability at facet 55, coord 5 (2.52612e-06)
recalculate_facet: numerical instability at facet 55, coord 6 (1.00176e-06)
recalculate_facet: numerical instability at facet 79, coord 0 (-1.94228e-06)
recalculate_facet: numerical instability at facet 79, coord 4 (1.86089e-06)
recalculate_facet: numerical instability at facet 79, coord 10 (1.20944e-06)
recalculate_facet: numerical instability at facet 66, coord 0 (-1.30449e-06)
recalculate_facet: numerical instability at facet 66, coord 4 (2.02916e-06)
recalculate_facet: numerical instability at facet 74, coord 0 (-2.30489e-06)
recalculate_facet: numerical instability at facet 74, coord 4 (3.51878e-06)
recalculate_facet: numerical instability at facet 74, coord 10 (1.4279e-06)
recalculate_facet: numerical instability at facet 84, coord 0 (2.55993e-06)
recalculate_facet: numerical instability at facet 84, coord 3 (-1.07914e-06)
recalculate_facet: numerical instability at facet 84, coord 4 (-4.66498e-06)
recalculate_facet: numerical instability at facet 84, coord 5 (1.5569e-06)
recalculate_facet: numerical instability at facet 84, coord 6 (1.07594e-06)
recalculate_facet: numerical instability at facet 84, coord 10 (-1.27671e-06)
I   10.09] Elapsed: 10.09, vertices: 314, facets final: 25, pending: 27573
I   15.18] Elapsed: 15.18, vertices: 385, facets final: 31, pending: 30598
I   16.14] recalculating facets...
recalculate_facet: numerical instability at facet 95, coord 4 (1.20535e-06)
recalculate_facet: numerical instability at facet 95, coord 10 (2.14638e-06)
recalculate_facet: numerical instability at facet 118, coord 4 (1.49203e-06)
recalculate_facet: numerical instability at facet 118, coord 10 (1.83337e-06)
recalculate_facet: numerical instability at facet 137, coord 0 (-2.62741e-06)
recalculate_facet: numerical instability at facet 137, coord 4 (3.26253e-06)
recalculate_facet: numerical instability at facet 137, coord 10 (1.55061e-06)
recalculate_facet: numerical instability at facet 133, coord 0 (-2.39656e-06)
recalculate_facet: numerical instability at facet 133, coord 4 (3.32393e-06)
recalculate_facet: numerical instability at facet 133, coord 10 (1.41382e-06)
I   20.18] Elapsed: 20.18, vertices: 466, facets final: 40, pending: 31624
recalculate_facet: numerical instability at facet 100, coord 0 (-1.09587e-06)
recalculate_facet: numerical instability at facet 100, coord 4 (1.39323e-06)
recalculate_facet: numerical instability at facet 140, coord 4 (1.65292e-06)
recalculate_facet: numerical instability at facet 16, coord 10 (1.15821e-06)
recalculate_facet: numerical instability at facet 60, coord 10 (1.09769e-06)
I   22.35] recalculating facets...
recalculate_facet: numerical instability at facet 41, coord 4 (1.13955e-06)
recalculate_facet: numerical instability at facet 41, coord 10 (1.42324e-06)
recalculate_facet: numerical instability at facet 44, coord 4 (1.10142e-06)
recalculate_facet: numerical instability at facet 44, coord 10 (1.39795e-06)
recalculate_facet: numerical instability at facet 64, coord 4 (1.05409e-06)
recalculate_facet: numerical instability at facet 64, coord 10 (1.43173e-06)
recalculate_facet: numerical instability at facet 72, coord 4 (1.01555e-06)
recalculate_facet: numerical instability at facet 72, coord 10 (1.40925e-06)
recalculate_facet: numerical instability at facet 247, coord 0 (-1.65156e-05)
recalculate_facet: numerical instability at facet 247, coord 1 (2.0753e-06)
recalculate_facet: numerical instability at facet 247, coord 2 (6.42416e-06)
recalculate_facet: numerical instability at facet 247, coord 4 (6.61574e-06)
recalculate_facet: numerical instability at facet 247, coord 5 (-2.89261e-06)
recalculate_facet: numerical instability at facet 247, coord 6 (2.19499e-06)
recalculate_facet: numerical instability at facet 247, coord 7 (2.09798e-06)
recalculate_facet: numerical instability at facet 247, coord 10 (-1.68029e-05)
recalculate_facet: numerical instability at facet 243, coord 0 (-1.80809e-05)
recalculate_facet: numerical instability at facet 243, coord 2 (7.92207e-06)
recalculate_facet: numerical instability at facet 243, coord 3 (1.93927e-06)
recalculate_facet: numerical instability at facet 243, coord 4 (5.18008e-06)
recalculate_facet: numerical instability at facet 243, coord 6 (2.0351e-06)
recalculate_facet: numerical instability at facet 243, coord 7 (1.94133e-06)
recalculate_facet: numerical instability at facet 243, coord 10 (-1.48135e-05)
recalculate_facet: numerical instability at facet 58, coord 6 (-1.2776e-06)
I   25.21] Elapsed: 25.21, vertices: 548, facets final: 51, pending: 31381
recalculate_facet: numerical instability at facet 1, coord 4 (-1.17825e-06)
recalculate_facet: numerical instability at facet 47, coord 4 (-1.21843e-06)
recalculate_facet: numerical instability at facet 50, coord 0 (-1.36018e-06)
recalculate_facet: numerical instability at facet 50, coord 4 (1.58991e-06)
recalculate_facet: numerical instability at facet 50, coord 10 (1.00717e-06)
recalculate_facet: numerical instability at facet 87, coord 0 (-1.10407e-06)
recalculate_facet: numerical instability at facet 87, coord 4 (1.68659e-06)
recalculate_facet: numerical instability at facet 42, coord 0 (1.15155e-06)
recalculate_facet: numerical instability at facet 42, coord 10 (1.57225e-06)
recalculate_facet: numerical instability at facet 38, coord 0 (1.31162e-06)
recalculate_facet: numerical instability at facet 38, coord 10 (1.54525e-06)
recalculate_facet: numerical instability at facet 40, coord 0 (1.43482e-06)
recalculate_facet: numerical instability at facet 40, coord 10 (1.66863e-06)
recalculate_facet: numerical instability at facet 80, coord 0 (1.46918e-06)
recalculate_facet: numerical instability at facet 80, coord 10 (1.55836e-06)
recalculate_facet: numerical instability at facet 18, coord 6 (-1.86147e-06)
recalculate_facet: numerical instability at facet 20, coord 6 (-2.18171e-06)
recalculate_facet: numerical instability at facet 34, coord 6 (-1.01096e-06)
recalculate_facet: numerical instability at facet 42, coord 6 (-2.18214e-06)
recalculate_facet: numerical instability at facet 9, coord 0 (1.17063e-06)
recalculate_facet: numerical instability at facet 9, coord 4 (-1.38576e-06)
recalculate_facet: numerical instability at facet 9, coord 10 (-1.17804e-06)
recalculate_facet: numerical instability at facet 69, coord 4 (-1.51137e-06)
I   28.41] recalculating facets...
recalculate_facet: numerical instability at facet 1, coord 0 (1.10512e-06)
recalculate_facet: numerical instability at facet 1, coord 10 (-1.29914e-06)
recalculate_facet: numerical instability at facet 13, coord 4 (-1.12164e-06)
recalculate_facet: numerical instability at facet 34, coord 0 (1.02244e-06)
recalculate_facet: numerical instability at facet 34, coord 10 (1.33767e-06)
I   30.28] Elapsed: 30.28, vertices: 632, facets final: 62, pending: 29688
recalculate_facet: numerical instability at facet 37, coord 0 (-7.7938e-06)
recalculate_facet: numerical instability at facet 37, coord 2 (-2.60959e-06)
recalculate_facet: numerical instability at facet 37, coord 3 (-6.63364e-06)
recalculate_facet: numerical instability at facet 37, coord 4 (1.46303e-05)
recalculate_facet: numerical instability at facet 37, coord 5 (2.30829e-06)
recalculate_facet: numerical instability at facet 37, coord 10 (9.5546e-06)
recalculate_facet: numerical instability at facet 47, coord 0 (-5.36542e-06)
recalculate_facet: numerical instability at facet 47, coord 1 (2.44034e-06)
recalculate_facet: numerical instability at facet 47, coord 2 (-4.85025e-06)
recalculate_facet: numerical instability at facet 47, coord 3 (-9.05844e-06)
recalculate_facet: numerical instability at facet 47, coord 4 (1.66084e-05)
recalculate_facet: numerical instability at facet 47, coord 10 (8.26425e-06)
recalculate_facet: numerical instability at facet 37, coord 1 (3.49846e-06)
recalculate_facet: numerical instability at facet 37, coord 2 (-4.67838e-06)
recalculate_facet: numerical instability at facet 37, coord 3 (-9.91129e-06)
recalculate_facet: numerical instability at facet 37, coord 4 (1.04792e-05)
recalculate_facet: numerical instability at facet 37, coord 10 (3.55503e-06)
recalculate_facet: numerical instability at facet 40, coord 0 (-4.51921e-06)
recalculate_facet: numerical instability at facet 40, coord 2 (-1.52699e-06)
recalculate_facet: numerical instability at facet 40, coord 3 (-6.52232e-06)
recalculate_facet: numerical instability at facet 40, coord 4 (7.99877e-06)
recalculate_facet: numerical instability at facet 40, coord 5 (3.31288e-06)
recalculate_facet: numerical instability at facet 40, coord 10 (5.62664e-06)
recalculate_facet: numerical instability at facet 165, coord 0 (-1.72835e-06)
recalculate_facet: numerical instability at facet 165, coord 2 (1.2054e-06)
recalculate_facet: numerical instability at facet 165, coord 10 (-2.42741e-06)
recalculate_facet: numerical instability at facet 1, coord 0 (2.58563e-06)
recalculate_facet: numerical instability at facet 1, coord 4 (-4.0521e-06)
recalculate_facet: numerical instability at facet 1, coord 10 (-2.22501e-06)
recalculate_facet: numerical instability at facet 4, coord 0 (3.20312e-06)
recalculate_facet: numerical instability at facet 4, coord 4 (-3.92176e-06)
recalculate_facet: numerical instability at facet 4, coord 10 (-2.81195e-06)
I   33.55] recalculating facets...
recalculate_facet: numerical instability at facet 76, coord 0 (-1.1044e-06)
recalculate_facet: numerical instability at facet 76, coord 4 (1.63532e-06)
recalculate_facet: numerical instability at facet 76, coord 10 (1.1201e-06)
recalculate_facet: numerical instability at facet 101, coord 0 (-1.56824e-06)
recalculate_facet: numerical instability at facet 101, coord 4 (2.28719e-06)
recalculate_facet: numerical instability at facet 101, coord 10 (1.58988e-06)
I   35.28] Elapsed: 35.28, vertices: 739, facets final: 77, pending: 29319
recalculate_facet: numerical instability at facet 24, coord 0 (6.25892e-06)
recalculate_facet: numerical instability at facet 24, coord 1 (1.16074e-06)
recalculate_facet: numerical instability at facet 24, coord 2 (-1.20783e-06)
recalculate_facet: numerical instability at facet 24, coord 4 (-6.95653e-06)
recalculate_facet: numerical instability at facet 24, coord 7 (1.44836e-06)
recalculate_facet: numerical instability at facet 24, coord 10 (-1.83934e-06)
recalculate_facet: numerical instability at facet 22, coord 0 (4.5468e-06)
recalculate_facet: numerical instability at facet 22, coord 4 (-6.98368e-06)
recalculate_facet: numerical instability at facet 22, coord 5 (1.11693e-06)
recalculate_facet: numerical instability at facet 22, coord 7 (1.38298e-06)
I   37.93] recalculating facets...
recalculate_facet: numerical instability at facet 17908, coord 0 (-1.86369e-06)
recalculate_facet: numerical instability at facet 18253, coord 0 (-1.52436e-06)
recalculate_facet: numerical instability at facet 27509, coord 4 (1.57209e-06)
recalculate_facet: numerical instability at facet 27509, coord 10 (1.52457e-06)
recalculate_facet: numerical instability at facet 27900, coord 4 (1.77795e-06)
recalculate_facet: numerical instability at facet 27900, coord 10 (1.31763e-06)
recalculate_facet: numerical instability at facet 50, coord 0 (-3.18155e-06)
recalculate_facet: numerical instability at facet 50, coord 2 (1.97212e-06)
recalculate_facet: numerical instability at facet 50, coord 3 (1.30739e-06)
recalculate_facet: numerical instability at facet 50, coord 10 (-3.23947e-06)
recalculate_facet: numerical instability at facet 51, coord 0 (-2.67515e-06)
recalculate_facet: numerical instability at facet 51, coord 2 (1.66302e-06)
recalculate_facet: numerical instability at facet 51, coord 3 (1.03282e-06)
recalculate_facet: numerical instability at facet 51, coord 10 (-3.46079e-06)
recalculate_facet: numerical instability at facet 10, coord 10 (1.18269e-06)
recalculate_facet: numerical instability at facet 12, coord 0 (-1.9041e-06)
recalculate_facet: numerical instability at facet 40, coord 0 (2.74825e-06)
recalculate_facet: numerical instability at facet 40, coord 4 (-1.80546e-06)
recalculate_facet: numerical instability at facet 40, coord 10 (1.48306e-06)
recalculate_facet: numerical instability at facet 41, coord 0 (2.9499e-06)
recalculate_facet: numerical instability at facet 41, coord 4 (-1.50765e-06)
recalculate_facet: numerical instability at facet 41, coord 10 (1.35483e-06)
I   40.29] Elapsed: 40.29, vertices: 860, facets final: 104, pending: 27485
I   41.81] recalculating facets...
recalculate_facet: numerical instability at facet 8035, coord 0 (-8.20141e-06)
recalculate_facet: numerical instability at facet 8035, coord 2 (1.02431e-06)
recalculate_facet: numerical instability at facet 8035, coord 4 (7.90483e-06)
recalculate_facet: numerical instability at facet 5, coord 0 (1.02825e-06)
recalculate_facet: numerical instability at facet 5, coord 4 (-2.03674e-06)
recalculate_facet: numerical instability at facet 6, coord 0 (-4.30024e-05)
recalculate_facet: numerical instability at facet 6, coord 3 (-7.83275e-06)
recalculate_facet: numerical instability at facet 6, coord 4 (3.33225e-05)
recalculate_facet: numerical instability at facet 6, coord 5 (1.29807e-06)
recalculate_facet: numerical instability at facet 6, coord 6 (1.59634e-05)
recalculate_facet: numerical instability at facet 6, coord 10 (1.39086e-05)
recalculate_facet: numerical instability at facet 11, coord 0 (1.08369e-06)
recalculate_facet: numerical instability at facet 11, coord 4 (-2.02776e-06)
recalculate_facet: numerical instability at facet 12, coord 0 (-5.17209e-05)
recalculate_facet: numerical instability at facet 12, coord 1 (-7.97262e-06)
recalculate_facet: numerical instability at facet 12, coord 2 (7.57132e-06)
recalculate_facet: numerical instability at facet 12, coord 4 (2.83542e-05)
recalculate_facet: numerical instability at facet 12, coord 5 (8.65447e-06)
recalculate_facet: numerical instability at facet 12, coord 6 (1.55768e-05)
recalculate_facet: numerical instability at facet 12, coord 10 (1.88637e-05)
recalculate_facet: numerical instability at facet 2, coord 0 (-1.66503e-06)
recalculate_facet: numerical instability at facet 2, coord 4 (2.44885e-06)
recalculate_facet: numerical instability at facet 2, coord 0 (-1.67869e-06)
recalculate_facet: numerical instability at facet 2, coord 4 (2.40403e-06)
recalculate_facet: numerical instability at facet 2, coord 0 (-2.86497e-06)
recalculate_facet: numerical instability at facet 2, coord 3 (-1.11556e-06)
recalculate_facet: numerical instability at facet 2, coord 4 (4.39946e-06)
recalculate_facet: numerical instability at facet 2, coord 10 (1.81945e-06)
recalculate_facet: numerical instability at facet 2, coord 0 (-2.90252e-06)
recalculate_facet: numerical instability at facet 2, coord 3 (-1.01769e-06)
recalculate_facet: numerical instability at facet 2, coord 4 (4.26194e-06)
recalculate_facet: numerical instability at facet 2, coord 10 (1.83979e-06)
I   45.29] Elapsed: 45.29, vertices: 997, facets final: 162, pending: 25255
I   45.39] recalculating facets...
recalculate_facet: numerical instability at facet 8, coord 6 (1.26051e-06)
recalculate_facet: numerical instability at facet 14, coord 6 (1.25463e-06)
I   49.12] recalculating facets...
I   50.29] Elapsed: 50.29, vertices: 1131, facets final: 228, pending: 23953
recalculate_facet: numerical instability at facet 7, coord 0 (-3.97674e-05)
recalculate_facet: numerical instability at facet 7, coord 2 (1.59664e-05)
recalculate_facet: numerical instability at facet 7, coord 3 (1.10887e-05)
recalculate_facet: numerical instability at facet 7, coord 4 (1.5099e-05)
recalculate_facet: numerical instability at facet 7, coord 5 (-8.03465e-06)
recalculate_facet: numerical instability at facet 7, coord 6 (2.82393e-06)
recalculate_facet: numerical instability at facet 7, coord 7 (2.82393e-06)
recalculate_facet: numerical instability at facet 7, coord 10 (-3.12198e-05)
recalculate_facet: numerical instability at facet 14, coord 0 (-4.93387e-05)
recalculate_facet: numerical instability at facet 14, coord 1 (-8.41228e-06)
recalculate_facet: numerical instability at facet 14, coord 2 (2.38599e-05)
recalculate_facet: numerical instability at facet 14, coord 3 (1.91525e-05)
recalculate_facet: numerical instability at facet 14, coord 4 (9.34497e-06)
recalculate_facet: numerical instability at facet 14, coord 6 (2.69682e-06)
recalculate_facet: numerical instability at facet 14, coord 7 (2.69682e-06)
recalculate_facet: numerical instability at facet 14, coord 10 (-2.6858e-05)
I   52.53] recalculating facets...
recalculate_facet: numerical instability at facet 4392, coord 0 (-1.07431e-06)
recalculate_facet: numerical instability at facet 4392, coord 4 (1.36053e-06)
recalculate_facet: numerical instability at facet 4699, coord 0 (-1.06933e-06)
recalculate_facet: numerical instability at facet 4699, coord 4 (1.34532e-06)
recalculate_facet: numerical instability at facet 2, coord 1 (3.36732e-06)
recalculate_facet: numerical instability at facet 2, coord 2 (-4.18413e-06)
recalculate_facet: numerical instability at facet 2, coord 3 (-8.92251e-06)
recalculate_facet: numerical instability at facet 2, coord 4 (9.08884e-06)
recalculate_facet: numerical instability at facet 2, coord 10 (2.14299e-06)
recalculate_facet: numerical instability at facet 4, coord 0 (-3.07738e-06)
recalculate_facet: numerical instability at facet 4, coord 2 (-1.16372e-06)
recalculate_facet: numerical instability at facet 4, coord 3 (-5.67101e-06)
recalculate_facet: numerical instability at facet 4, coord 4 (6.75498e-06)
recalculate_facet: numerical instability at facet 4, coord 5 (3.17961e-06)
recalculate_facet: numerical instability at facet 4, coord 10 (4.18689e-06)
I   55.29] Elapsed: 55.29, vertices: 1294, facets final: 316, pending: 22182
I   55.49] recalculating facets...
recalculate_facet: numerical instability at facet 7, coord 0 (-2.00219e-05)
recalculate_facet: numerical instability at facet 7, coord 2 (9.41955e-06)
recalculate_facet: numerical instability at facet 7, coord 3 (4.93809e-06)
recalculate_facet: numerical instability at facet 7, coord 4 (5.60734e-06)
recalculate_facet: numerical instability at facet 7, coord 5 (-3.0436e-06)
recalculate_facet: numerical instability at facet 7, coord 6 (1.55026e-06)
recalculate_facet: numerical instability at facet 7, coord 7 (1.55026e-06)
recalculate_facet: numerical instability at facet 7, coord 10 (-1.94474e-05)
recalculate_facet: numerical instability at facet 8, coord 0 (-2.4239e-05)
recalculate_facet: numerical instability at facet 8, coord 2 (7.46006e-06)
recalculate_facet: numerical instability at facet 8, coord 3 (6.72591e-06)
recalculate_facet: numerical instability at facet 8, coord 4 (9.13182e-06)
recalculate_facet: numerical instability at facet 8, coord 5 (-5.52208e-06)
recalculate_facet: numerical instability at facet 8, coord 6 (3.22163e-06)
recalculate_facet: numerical instability at facet 8, coord 7 (3.22163e-06)
recalculate_facet: numerical instability at facet 8, coord 10 (-1.28818e-05)
recalculate_facet: numerical instability at facet 8, coord 0 (-2.37551e-05)
recalculate_facet: numerical instability at facet 8, coord 1 (-3.1854e-06)
recalculate_facet: numerical instability at facet 8, coord 2 (1.24842e-05)
recalculate_facet: numerical instability at facet 8, coord 3 (8.00696e-06)
recalculate_facet: numerical instability at facet 8, coord 4 (3.42365e-06)
recalculate_facet: numerical instability at facet 8, coord 6 (1.51283e-06)
recalculate_facet: numerical instability at facet 8, coord 7 (1.51283e-06)
recalculate_facet: numerical instability at facet 8, coord 10 (-1.79675e-05)
recalculate_facet: numerical instability at facet 9, coord 0 (-3.0734e-05)
recalculate_facet: numerical instability at facet 9, coord 1 (-5.77941e-06)
recalculate_facet: numerical instability at facet 9, coord 2 (1.27986e-05)
recalculate_facet: numerical instability at facet 9, coord 3 (1.22425e-05)
recalculate_facet: numerical instability at facet 9, coord 4 (5.14596e-06)
recalculate_facet: numerical instability at facet 9, coord 6 (3.16318e-06)
recalculate_facet: numerical instability at facet 9, coord 7 (3.16318e-06)
recalculate_facet: numerical instability at facet 9, coord 10 (-9.68096e-06)
recalculate_facet: numerical instability at facet 3, coord 0 (1.95151e-05)
recalculate_facet: numerical instability at facet 3, coord 2 (4.42226e-06)
recalculate_facet: numerical instability at facet 3, coord 3 (-5.3269e-06)
recalculate_facet: numerical instability at facet 3, coord 4 (-2.87659e-05)
recalculate_facet: numerical instability at facet 3, coord 5 (8.00942e-06)
recalculate_facet: numerical instability at facet 3, coord 6 (1.07301e-06)
recalculate_facet: numerical instability at facet 3, coord 7 (1.07301e-06)
recalculate_facet: numerical instability at facet 3, coord 10 (-1.59493e-05)
recalculate_facet: numerical instability at facet 4, coord 0 (1.64328e-05)
recalculate_facet: numerical instability at facet 4, coord 1 (-5.40264e-06)
recalculate_facet: numerical instability at facet 4, coord 2 (8.82033e-06)
recalculate_facet: numerical instability at facet 4, coord 4 (-3.50747e-05)
recalculate_facet: numerical instability at facet 4, coord 5 (1.32603e-05)
recalculate_facet: numerical instability at facet 4, coord 10 (-1.2708e-05)
I   58.41] recalculating facets...
recalculate_facet: numerical instability at facet 9160, coord 0 (-1.57965e-06)
recalculate_facet: numerical instability at facet 9160, coord 4 (2.02864e-06)
recalculate_facet: numerical instability at facet 9160, coord 10 (1.2146e-06)
recalculate_facet: numerical instability at facet 9250, coord 0 (-1.73046e-06)
recalculate_facet: numerical instability at facet 9250, coord 4 (1.83361e-06)
recalculate_facet: numerical instability at facet 9250, coord 10 (1.30195e-06)
recalculate_facet: numerical instability at facet 0, coord 0 (2.18929e-06)
recalculate_facet: numerical instability at facet 0, coord 4 (-2.453e-06)
recalculate_facet: numerical instability at facet 0, coord 10 (-1.0897e-06)
recalculate_facet: numerical instability at facet 2, coord 4 (-1.21959e-06)
recalculate_facet: numerical instability at facet 2, coord 5 (1.03763e-06)
recalculate_facet: numerical instability at facet 3, coord 0 (1.98537e-06)
recalculate_facet: numerical instability at facet 3, coord 4 (-2.74504e-06)
I   60.29] Elapsed: 1:00, vertices: 1470, facets final: 442, pending: 20223
recalculate_facet: numerical instability at facet 16, coord 4 (1.12237e-06)
recalculate_facet: numerical instability at facet 19, coord 4 (1.12464e-06)
I   61.18] recalculating facets...
recalculate_facet: numerical instability at facet 1, coord 0 (8.3372e-06)
recalculate_facet: numerical instability at facet 1, coord 4 (-9.33669e-06)
recalculate_facet: numerical instability at facet 1, coord 10 (-2.33526e-06)
recalculate_facet: numerical instability at facet 2, coord 0 (8.48226e-06)
recalculate_facet: numerical instability at facet 2, coord 4 (-9.16306e-06)
recalculate_facet: numerical instability at facet 2, coord 10 (-2.37252e-06)
recalculate_facet: numerical instability at facet 6, coord 0 (1.96236e-06)
recalculate_facet: numerical instability at facet 6, coord 4 (-2.2954e-06)
recalculate_facet: numerical instability at facet 9, coord 0 (2.36705e-06)
recalculate_facet: numerical instability at facet 9, coord 4 (-1.82853e-06)
I   64.09] recalculating facets...
recalculate_facet: numerical instability at facet 1, coord 0 (6.47467e-06)
recalculate_facet: numerical instability at facet 1, coord 4 (-9.19294e-06)
recalculate_facet: numerical instability at facet 1, coord 10 (-5.10492e-06)
recalculate_facet: numerical instability at facet 1, coord 0 (5.93735e-06)
recalculate_facet: numerical instability at facet 1, coord 2 (1.11989e-06)
recalculate_facet: numerical instability at facet 1, coord 4 (-9.3903e-06)
recalculate_facet: numerical instability at facet 1, coord 10 (-4.70397e-06)
I   65.30] Elapsed: 1:05, vertices: 1653, facets final: 653, pending: 17916
I   66.40] recalculating facets...
recalculate_facet: numerical instability at facet 2407, coord 0 (-5.29501e-06)
recalculate_facet: numerical instability at facet 2407, coord 1 (-3.1601e-06)
recalculate_facet: numerical instability at facet 2407, coord 4 (3.38064e-06)
recalculate_facet: numerical instability at facet 2407, coord 5 (4.29632e-06)
recalculate_facet: numerical instability at facet 2407, coord 6 (1.6751e-06)
recalculate_facet: numerical instability at facet 2407, coord 10 (1.04978e-05)
recalculate_facet: numerical instability at facet 2427, coord 0 (-1.96961e-06)
recalculate_facet: numerical instability at facet 2427, coord 2 (-2.83562e-06)
recalculate_facet: numerical instability at facet 2427, coord 3 (-3.0771e-06)
recalculate_facet: numerical instability at facet 2427, coord 4 (5.4281e-06)
recalculate_facet: numerical instability at facet 2427, coord 5 (1.35539e-06)
recalculate_facet: numerical instability at facet 2427, coord 6 (1.81876e-06)
recalculate_facet: numerical instability at facet 2427, coord 10 (8.44454e-06)
I   69.10] recalculating facets...
I   70.30] Elapsed: 1:10, vertices: 1844, facets final: 966, pending: 16108
I   71.85] recalculating facets...
I   74.62] recalculating facets...
I   75.30] Elapsed: 1:15, vertices: 2017, facets final: 1422, pending: 14155
I   78.25] recalculating facets...
recalculate_facet: numerical instability at facet 0, coord 0 (4.32897e-05)
recalculate_facet: numerical instability at facet 0, coord 1 (3.80755e-06)
recalculate_facet: numerical instability at facet 0, coord 2 (-3.10632e-06)
recalculate_facet: numerical instability at facet 0, coord 4 (-4.07141e-05)
recalculate_facet: numerical instability at facet 0, coord 5 (-3.27678e-06)
recalculate_facet: numerical instability at facet 0, coord 10 (-1.09548e-05)
recalculate_facet: numerical instability at facet 1, coord 0 (3.95463e-05)
recalculate_facet: numerical instability at facet 1, coord 3 (3.75914e-06)
recalculate_facet: numerical instability at facet 1, coord 4 (-4.44166e-05)
recalculate_facet: numerical instability at facet 1, coord 10 (-1.00041e-05)
recalculate_facet: numerical instability at facet 2, coord 0 (2.81921e-05)
recalculate_facet: numerical instability at facet 2, coord 4 (-3.09643e-05)
recalculate_facet: numerical instability at facet 2, coord 5 (1.84677e-06)
recalculate_facet: numerical instability at facet 2, coord 10 (-8.22871e-06)
recalculate_facet: numerical instability at facet 2, coord 0 (2.65668e-05)
recalculate_facet: numerical instability at facet 2, coord 4 (-2.85837e-05)
recalculate_facet: numerical instability at facet 2, coord 5 (1.43706e-06)
recalculate_facet: numerical instability at facet 2, coord 10 (-7.74411e-06)
recalculate_facet: numerical instability at facet 3, coord 0 (2.84314e-05)
recalculate_facet: numerical instability at facet 3, coord 4 (-3.04371e-05)
recalculate_facet: numerical instability at facet 3, coord 5 (1.51324e-06)
recalculate_facet: numerical instability at facet 3, coord 10 (-7.36487e-06)
recalculate_facet: numerical instability at facet 3, coord 0 (3.04552e-05)
recalculate_facet: numerical instability at facet 3, coord 4 (-3.31428e-05)
recalculate_facet: numerical instability at facet 3, coord 5 (1.896e-06)
recalculate_facet: numerical instability at facet 3, coord 10 (-7.89036e-06)
I   80.30] Elapsed: 1:20, vertices: 2151, facets final: 2132, pending: 12601
I   82.21] recalculating facets...
I   85.31] Elapsed: 1:25, vertices: 2263, facets final: 3016, pending: 11114
I   87.60] recalculating facets...
I   90.32] Elapsed: 1:30, vertices: 2334, facets final: 4129, pending: 9694
I   95.33] Elapsed: 1:35, vertices: 2386, facets final: 5368, pending: 8212
I   97.19] recalculating facets...
I  100.33] Elapsed: 1:40, vertices: 2425, facets final: 6710, pending: 6723
I  105.33] Elapsed: 1:45, vertices: 2461, facets final: 8063, pending: 5258
I  110.33] Elapsed: 1:50, vertices: 2491, facets final: 9419, pending: 3872
I  112.12] recalculating facets...
I  115.33] Elapsed: 1:55, vertices: 2513, facets final: 10788, pending: 2468
I  120.33] Elapsed: 2:00, vertices: 2529, facets final: 12265, pending: 959
I  123.46] Elapsed: 2:03, vertices: 2555, facets final: 13194, pending: 0

--------------------------------
Problem completed
 name                    16.vlp
 output                  vlp/16.res
 rows, cols, objs        12, 6987, 10
 vertices, facets        2555, 13194
 total time              2:03
--------------------------------
Statistics
LP:
 oracle calls            16278
   avg iterations/calls  5.02
 total oracle time       52.09
Combinatorics:
 vertices added          2555
 facets probed           19351
 facets # max            32044
 memory allocated        32.73M
 instability warnings    354
 storage expansion
   vertices # / upto     21 / 2684
   facets   # / upto     8 / 32764
 facet manipulating
   added avg / max       141.74 / 2.91k
   compressed            158
 number of ridge tests
   avg / max             3.23M / 59.55M
--------------------------------
Parameters with non-default values
 ExactFacetEq = 1
 VertexPoolSize = 50
 LineqEps = 7.1e-07
