C applying rule 17.txt for ineq.dw1
I    1.43] recalculating facets...
I    5.13] Elapsed: 5.13, vertices: 173, facets final: 15, pending: 22111
I    6.87] recalculating facets...
I   10.13] Elapsed: 10.13, vertices: 253, facets final: 38, pending: 28073
I   12.71] recalculating facets...
I   15.15] Elapsed: 15.15, vertices: 343, facets final: 71, pending: 29061
I   18.42] recalculating facets...
I   20.17] Elapsed: 20.17, vertices: 432, facets final: 137, pending: 31829
I   23.66] recalculating facets...
I   25.18] Elapsed: 25.18, vertices: 526, facets final: 218, pending: 35067
I   28.85] recalculating facets...
I   30.19] Elapsed: 30.19, vertices: 626, facets final: 317, pending: 35722
I   33.91] recalculating facets...
I   35.19] Elapsed: 35.19, vertices: 725, facets final: 425, pending: 36999
I   38.83] recalculating facets...
I   40.20] Elapsed: 40.20, vertices: 826, facets final: 570, pending: 38473
I   44.27] recalculating facets...
I   45.21] Elapsed: 45.21, vertices: 914, facets final: 713, pending: 40874
I   50.16] recalculating facets...
I   50.24] Elapsed: 50.24, vertices: 1001, facets final: 839, pending: 41476
I   55.29] Elapsed: 55.29, vertices: 1072, facets final: 960, pending: 41597
I   57.39] recalculating facets...
I   60.29] Elapsed: 1:00, vertices: 1140, facets final: 1145, pending: 41550
I   63.59] recalculating facets...
I   65.30] Elapsed: 1:05, vertices: 1227, facets final: 1391, pending: 42059
I   69.86] recalculating facets...
I   70.31] Elapsed: 1:10, vertices: 1307, facets final: 1684, pending: 42513
I   75.31] Elapsed: 1:15, vertices: 1386, facets final: 2038, pending: 42446
I   76.15] recalculating facets...
I   80.44] Elapsed: 1:20, vertices: 1458, facets final: 2340, pending: 43293
I   83.33] recalculating facets...
I   85.44] Elapsed: 1:25, vertices: 1531, facets final: 2654, pending: 43556
I   89.82] recalculating facets...
I   90.45] Elapsed: 1:30, vertices: 1610, facets final: 2985, pending: 43427
I   95.45] Elapsed: 1:35, vertices: 1679, facets final: 3363, pending: 43732
I   96.92] recalculating facets...
I  100.45] Elapsed: 1:40, vertices: 1743, facets final: 3963, pending: 43102
I  104.59] recalculating facets...
I  105.45] Elapsed: 1:45, vertices: 1810, facets final: 4624, pending: 42548
I  110.45] Elapsed: 1:50, vertices: 1860, facets final: 5540, pending: 41594
I  113.87] recalculating facets...
I  115.45] Elapsed: 1:55, vertices: 1916, facets final: 6408, pending: 40808
I  120.46] Elapsed: 2:00, vertices: 1961, facets final: 7448, pending: 39850
I  125.47] Elapsed: 2:05, vertices: 1999, facets final: 8562, pending: 38896
I  125.72] recalculating facets...
I  130.47] Elapsed: 2:10, vertices: 2031, facets final: 9695, pending: 37891
I  135.47] Elapsed: 2:15, vertices: 2066, facets final: 10822, pending: 36862
I  140.47] Elapsed: 2:20, vertices: 2092, facets final: 12008, pending: 35726
I  142.50] recalculating facets...
I  145.47] Elapsed: 2:25, vertices: 2114, facets final: 13244, pending: 34457
I  150.47] Elapsed: 2:30, vertices: 2137, facets final: 14516, pending: 33110
I  155.47] Elapsed: 2:35, vertices: 2151, facets final: 15849, pending: 31819
I  160.47] Elapsed: 2:40, vertices: 2164, facets final: 17207, pending: 30477
I  165.47] Elapsed: 2:45, vertices: 2181, facets final: 18516, pending: 29239
I  170.47] Elapsed: 2:50, vertices: 2195, facets final: 19848, pending: 27902
I  171.25] recalculating facets...
I  175.47] Elapsed: 2:55, vertices: 2202, facets final: 21209, pending: 26530
I  180.47] Elapsed: 3:00, vertices: 2207, facets final: 22612, pending: 25132
I  185.47] Elapsed: 3:05, vertices: 2212, facets final: 24019, pending: 23764
I  190.47] Elapsed: 3:10, vertices: 2217, facets final: 25427, pending: 22339
I  195.47] Elapsed: 3:15, vertices: 2220, facets final: 26856, pending: 20901
I  200.47] Elapsed: 3:20, vertices: 2224, facets final: 28279, pending: 19472
I  205.47] Elapsed: 3:25, vertices: 2226, facets final: 29715, pending: 18036
I  210.47] Elapsed: 3:30, vertices: 2227, facets final: 31156, pending: 16592
I  215.47] Elapsed: 3:35, vertices: 2229, facets final: 32590, pending: 15162
I  220.47] Elapsed: 3:40, vertices: 2231, facets final: 34023, pending: 13748
I  225.47] Elapsed: 3:45, vertices: 2232, facets final: 35465, pending: 12305
I  230.47] Elapsed: 3:50, vertices: 2235, facets final: 36903, pending: 10858
I  235.47] Elapsed: 3:55, vertices: 2237, facets final: 38341, pending: 9414
I  240.47] Elapsed: 4:00, vertices: 2240, facets final: 39720, pending: 8038
I  245.47] Elapsed: 4:05, vertices: 2243, facets final: 41117, pending: 6661
I  250.47] Elapsed: 4:10, vertices: 2246, facets final: 42543, pending: 5250
I  255.48] Elapsed: 4:15, vertices: 2252, facets final: 43940, pending: 3878
I  260.48] Elapsed: 4:20, vertices: 2260, facets final: 45353, pending: 2480
I  265.48] Elapsed: 4:25, vertices: 2271, facets final: 46797, pending: 1096
I  269.16] Elapsed: 4:29, vertices: 2297, facets final: 47902, pending: 0

--------------------------------
Problem completed
 name                    17.vlp
 output                  vlp/17.res
 rows, cols, objs        12, 7002, 10
 vertices, facets        2297, 47902
 total time              4:29
--------------------------------
Statistics
LP:
 oracle calls            50528
   avg iterations/calls  6.62
 total oracle time       2:52
Combinatorics:
 vertices added          2297
 facets probed           51988
 facets # max            47911
 memory allocated        40.04M
 storage expansion
   vertices # / upto     19 / 2428
   facets   # / upto     12 / 49148
 facet manipulating
   added avg / max       141.84 / 1.94k
   compressed            201
 number of ridge tests
   avg / max             3.64M / 36.19M
--------------------------------
Parameters with non-default values
 OracleItLimit = 200000
 OracleTimeLimit = 60
 VertexPoolSize = 35
