C applying rule 18.txt for base100.txt
I    0.82] recalculating facets...
I    3.67] recalculating facets...
I    5.04] Elapsed: 5.04, vertices: 228, facets final: 20, pending: 18130
I    8.43] recalculating facets...
I   10.04] Elapsed: 10.04, vertices: 352, facets final: 40, pending: 21723
I   11.58] recalculating facets...
I   15.04] Elapsed: 15.04, vertices: 479, facets final: 65, pending: 25529
I   15.74] recalculating facets...
I   19.44] recalculating facets...
I   20.04] Elapsed: 20.04, vertices: 614, facets final: 91, pending: 27511
I   22.58] recalculating facets...
I   25.04] Elapsed: 25.04, vertices: 778, facets final: 127, pending: 28436
I   25.84] recalculating facets...
I   28.67] recalculating facets...
I   30.04] Elapsed: 30.04, vertices: 945, facets final: 183, pending: 28278
I   31.52] recalculating facets...
I   35.05] Elapsed: 35.05, vertices: 1100, facets final: 242, pending: 29264
I   35.05] recalculating facets...
I   38.51] recalculating facets...
I   40.05] Elapsed: 40.05, vertices: 1252, facets final: 296, pending: 29095
I   41.60] recalculating facets...
I   44.38] recalculating facets...
I   45.08] Elapsed: 45.08, vertices: 1424, facets final: 375, pending: 29677
I   47.22] recalculating facets...
I   50.09] Elapsed: 50.09, vertices: 1590, facets final: 474, pending: 30347
I   50.35] recalculating facets...
I   53.53] recalculating facets...
I   55.09] Elapsed: 55.09, vertices: 1747, facets final: 563, pending: 31055
I   56.87] recalculating facets...
I   60.07] recalculating facets...
I   60.12] Elapsed: 1:00, vertices: 1900, facets final: 630, pending: 31732
I   63.72] recalculating facets...
I   65.12] Elapsed: 1:05, vertices: 2031, facets final: 707, pending: 32848
I   67.61] recalculating facets...
I   70.13] Elapsed: 1:10, vertices: 2161, facets final: 772, pending: 33689
I   71.99] recalculating facets...
I   75.13] Elapsed: 1:15, vertices: 2269, facets final: 849, pending: 34348
I   76.59] recalculating facets...
I   80.14] Elapsed: 1:20, vertices: 2370, facets final: 905, pending: 35206
I   81.86] recalculating facets...
I   85.18] Elapsed: 1:25, vertices: 2466, facets final: 960, pending: 36390
I   86.66] recalculating facets...
I   90.22] Elapsed: 1:30, vertices: 2587, facets final: 1023, pending: 37139
I   90.73] recalculating facets...
I   95.27] Elapsed: 1:35, vertices: 2693, facets final: 1081, pending: 37748
I   95.59] recalculating facets...
I  100.30] Elapsed: 1:40, vertices: 2790, facets final: 1156, pending: 38450
I  100.73] recalculating facets...
I  105.32] Elapsed: 1:45, vertices: 2885, facets final: 1200, pending: 39022
I  106.01] recalculating facets...
I  110.36] Elapsed: 1:50, vertices: 2970, facets final: 1260, pending: 40007
I  112.43] recalculating facets...
I  115.38] Elapsed: 1:55, vertices: 3046, facets final: 1304, pending: 40543
I  119.13] recalculating facets...
I  120.38] Elapsed: 2:00, vertices: 3123, facets final: 1355, pending: 41218
I  124.19] recalculating facets...
I  125.42] Elapsed: 2:05, vertices: 3218, facets final: 1414, pending: 41406
I  130.14] recalculating facets...
I  130.49] Elapsed: 2:10, vertices: 3303, facets final: 1470, pending: 41978
I  135.49] Elapsed: 2:15, vertices: 3377, facets final: 1522, pending: 42673
I  136.64] recalculating facets...
I  140.49] Elapsed: 2:20, vertices: 3459, facets final: 1579, pending: 43170
I  143.10] recalculating facets...
I  145.49] Elapsed: 2:25, vertices: 3527, facets final: 1638, pending: 43727
I  149.90] recalculating facets...
I  150.51] Elapsed: 2:31, vertices: 3610, facets final: 1694, pending: 44283
I  155.58] Elapsed: 2:36, vertices: 3684, facets final: 1748, pending: 44818
I  157.01] recalculating facets...
I  160.64] Elapsed: 2:41, vertices: 3757, facets final: 1783, pending: 44890
I  163.46] recalculating facets...
I  165.67] Elapsed: 2:46, vertices: 3835, facets final: 1832, pending: 45326
I  170.31] recalculating facets...
I  170.67] Elapsed: 2:51, vertices: 3907, facets final: 1877, pending: 45546
I  175.68] Elapsed: 2:56, vertices: 3978, facets final: 1924, pending: 46092
I  176.96] recalculating facets...
I  180.69] Elapsed: 3:01, vertices: 4051, facets final: 1980, pending: 46467
I  183.56] recalculating facets...
I  185.75] Elapsed: 3:06, vertices: 4124, facets final: 2034, pending: 46822
I  190.75] Elapsed: 3:11, vertices: 4186, facets final: 2069, pending: 46987
I  191.58] recalculating facets...
I  195.81] Elapsed: 3:16, vertices: 4262, facets final: 2120, pending: 47030
I  198.16] recalculating facets...
I  200.89] Elapsed: 3:21, vertices: 4339, facets final: 2180, pending: 47508
I  205.31] recalculating facets...
I  205.96] Elapsed: 3:26, vertices: 4408, facets final: 2237, pending: 48078
I  210.97] Elapsed: 3:31, vertices: 4469, facets final: 2274, pending: 48230
I  213.37] recalculating facets...
recalculate_facet: numerical instability at facet 51682, coord 0 (1.05148e-06)
I  216.07] Elapsed: 3:36, vertices: 4541, facets final: 2338, pending: 47911
I  220.35] recalculating facets...
I  221.12] Elapsed: 3:41, vertices: 4608, facets final: 2390, pending: 47762
I  226.13] Elapsed: 3:46, vertices: 4676, facets final: 2438, pending: 47632
I  227.95] recalculating facets...
I  231.15] Elapsed: 3:51, vertices: 4743, facets final: 2503, pending: 47764
I  234.80] recalculating facets...
I  236.40] Elapsed: 3:56, vertices: 4822, facets final: 2581, pending: 47670
I  241.44] Elapsed: 4:01, vertices: 4896, facets final: 2644, pending: 47675
I  241.72] recalculating facets...
I  246.44] Elapsed: 4:06, vertices: 4963, facets final: 2685, pending: 47743
I  249.09] recalculating facets...
recalculate_facet: numerical instability at facet 43945, coord 0 (1.68408e-06)
recalculate_facet: numerical instability at facet 43945, coord 10 (-1.00213e-06)
I  251.51] Elapsed: 4:12, vertices: 5034, facets final: 2734, pending: 47877
I  256.32] recalculating facets...
recalculate_facet: numerical instability at facet 52574, coord 0 (4.06979e-06)
recalculate_facet: numerical instability at facet 52574, coord 1 (-1.23724e-06)
recalculate_facet: numerical instability at facet 52574, coord 2 (-4.76221e-06)
recalculate_facet: numerical instability at facet 52574, coord 3 (-1.40256e-06)
recalculate_facet: numerical instability at facet 52574, coord 4 (1.16691e-06)
recalculate_facet: numerical instability at facet 52574, coord 5 (2.16531e-06)
recalculate_facet: numerical instability at facet 52574, coord 10 (-1.11513e-06)
recalculate_facet: numerical instability at facet 52575, coord 0 (5.21368e-06)
recalculate_facet: numerical instability at facet 52575, coord 1 (-1.5882e-06)
recalculate_facet: numerical instability at facet 52575, coord 2 (-6.13969e-06)
recalculate_facet: numerical instability at facet 52575, coord 3 (-2.02918e-06)
recalculate_facet: numerical instability at facet 52575, coord 4 (1.53334e-06)
recalculate_facet: numerical instability at facet 52575, coord 5 (3.01005e-06)
recalculate_facet: numerical instability at facet 52575, coord 10 (-1.58209e-06)
recalculate_facet: numerical instability at facet 52577, coord 3 (-1.03445e-06)
recalculate_facet: numerical instability at facet 52577, coord 10 (-1.56817e-06)
I  256.57] Elapsed: 4:17, vertices: 5101, facets final: 2800, pending: 47764
I  261.61] Elapsed: 4:22, vertices: 5183, facets final: 2885, pending: 47710
I  263.02] recalculating facets...
I  266.65] Elapsed: 4:27, vertices: 5251, facets final: 2942, pending: 47728
I  269.59] recalculating facets...
I  271.65] Elapsed: 4:32, vertices: 5327, facets final: 3020, pending: 47652
I  276.65] Elapsed: 4:37, vertices: 5389, facets final: 3088, pending: 47543
I  277.36] recalculating facets...
I  281.74] Elapsed: 4:42, vertices: 5460, facets final: 3170, pending: 47361
I  284.39] recalculating facets...
I  286.77] Elapsed: 4:47, vertices: 5526, facets final: 3234, pending: 47399
I  291.64] recalculating facets...
I  291.77] Elapsed: 4:52, vertices: 5601, facets final: 3318, pending: 47169
I  296.89] Elapsed: 4:57, vertices: 5683, facets final: 3398, pending: 47071
I  297.90] recalculating facets...
I  301.97] Elapsed: 5:02, vertices: 5765, facets final: 3474, pending: 46893
I  304.05] recalculating facets...
I  307.01] Elapsed: 5:07, vertices: 5845, facets final: 3584, pending: 46561
I  310.08] recalculating facets...
I  312.04] Elapsed: 5:12, vertices: 5930, facets final: 3708, pending: 46519
I  316.38] recalculating facets...
I  317.07] Elapsed: 5:17, vertices: 6013, facets final: 3808, pending: 46479
I  322.11] Elapsed: 5:22, vertices: 6082, facets final: 3891, pending: 46572
I  323.13] recalculating facets...
I  327.18] Elapsed: 5:27, vertices: 6159, facets final: 3993, pending: 46430
I  330.67] recalculating facets...
I  332.20] Elapsed: 5:32, vertices: 6224, facets final: 4120, pending: 46237
I  336.31] recalculating facets...
I  337.23] Elapsed: 5:37, vertices: 6317, facets final: 4233, pending: 46044
I  342.30] Elapsed: 5:42, vertices: 6385, facets final: 4323, pending: 45968
I  343.01] recalculating facets...
recalculate_facet: numerical instability at facet 17390, coord 0 (-3.07507e-06)
recalculate_facet: numerical instability at facet 17390, coord 1 (1.08037e-06)
recalculate_facet: numerical instability at facet 17390, coord 2 (3.03655e-06)
recalculate_facet: numerical instability at facet 17390, coord 3 (-1.16106e-06)
I  347.32] Elapsed: 5:47, vertices: 6466, facets final: 4442, pending: 45796
I  349.77] recalculating facets...
I  352.34] Elapsed: 5:52, vertices: 6543, facets final: 4581, pending: 45353
I  355.41] recalculating facets...
I  357.34] Elapsed: 5:57, vertices: 6631, facets final: 4702, pending: 45177
I  361.06] recalculating facets...
I  362.36] Elapsed: 6:02, vertices: 6719, facets final: 4899, pending: 44741
I  366.97] recalculating facets...
I  367.46] Elapsed: 6:07, vertices: 6806, facets final: 5036, pending: 44640
I  372.24] recalculating facets...
I  372.47] Elapsed: 6:12, vertices: 6902, facets final: 5169, pending: 44320
I  377.51] Elapsed: 6:18, vertices: 6992, facets final: 5335, pending: 43984
I  378.08] recalculating facets...
recalculate_facet: numerical instability at facet 49723, coord 0 (-1.10767e-06)
recalculate_facet: numerical instability at facet 49723, coord 5 (1.34277e-06)
recalculate_facet: numerical instability at facet 49723, coord 10 (1.67805e-06)
I  382.51] Elapsed: 6:23, vertices: 7075, facets final: 5479, pending: 43691
I  383.61] recalculating facets...
I  387.60] Elapsed: 6:28, vertices: 7183, facets final: 5666, pending: 43168
I  388.68] recalculating facets...
I  392.62] Elapsed: 6:33, vertices: 7272, facets final: 5875, pending: 42648
I  393.98] recalculating facets...
I  397.63] Elapsed: 6:38, vertices: 7376, facets final: 6054, pending: 42385
I  398.59] recalculating facets...
I  402.73] Elapsed: 6:43, vertices: 7464, facets final: 6275, pending: 42033
I  404.31] recalculating facets...
I  407.73] Elapsed: 6:48, vertices: 7565, facets final: 6489, pending: 41461
I  409.25] recalculating facets...
I  412.73] Elapsed: 6:53, vertices: 7662, facets final: 6699, pending: 41027
I  414.50] recalculating facets...
I  417.73] Elapsed: 6:58, vertices: 7764, facets final: 6973, pending: 40298
I  419.33] recalculating facets...
I  422.73] Elapsed: 7:03, vertices: 7873, facets final: 7230, pending: 39883
I  424.15] recalculating facets...
I  427.73] Elapsed: 7:08, vertices: 7984, facets final: 7561, pending: 39225
I  428.33] recalculating facets...
I  432.73] Elapsed: 7:13, vertices: 8099, facets final: 7870, pending: 38456
I  432.76] recalculating facets...
I  437.09] recalculating facets...
recalculate_facet: numerical instability at facet 51432, coord 0 (-4.57781e-06)
recalculate_facet: numerical instability at facet 51432, coord 1 (-1.5754e-06)
recalculate_facet: numerical instability at facet 51432, coord 2 (1.95627e-06)
recalculate_facet: numerical instability at facet 51432, coord 3 (2.3767e-06)
recalculate_facet: numerical instability at facet 51432, coord 5 (1.82024e-06)
recalculate_facet: numerical instability at facet 51432, coord 10 (7.25624e-06)
I  437.73] Elapsed: 7:18, vertices: 8213, facets final: 8207, pending: 37748
I  441.72] recalculating facets...
I  442.73] Elapsed: 7:23, vertices: 8323, facets final: 8511, pending: 37137
I  445.82] recalculating facets...
recalculate_facet: numerical instability at facet 46548, coord 0 (-1.99676e-05)
recalculate_facet: numerical instability at facet 46548, coord 5 (2.00848e-05)
recalculate_facet: numerical instability at facet 46548, coord 10 (2.05396e-05)
I  447.77] Elapsed: 7:28, vertices: 8438, facets final: 8941, pending: 36350
I  450.33] recalculating facets...
I  452.77] Elapsed: 7:33, vertices: 8548, facets final: 9412, pending: 35643
I  454.97] recalculating facets...
I  457.77] Elapsed: 7:38, vertices: 8661, facets final: 9958, pending: 34819
I  459.46] recalculating facets...
I  462.77] Elapsed: 7:43, vertices: 8765, facets final: 10435, pending: 33997
I  464.46] recalculating facets...
I  467.78] Elapsed: 7:48, vertices: 8875, facets final: 11014, pending: 33174
I  468.74] recalculating facets...
I  472.79] Elapsed: 7:53, vertices: 8995, facets final: 11589, pending: 32355
I  473.06] recalculating facets...
I  477.29] recalculating facets...
I  477.79] Elapsed: 7:58, vertices: 9110, facets final: 12203, pending: 31315
I  481.34] recalculating facets...
I  482.80] Elapsed: 8:03, vertices: 9229, facets final: 12860, pending: 30499
I  485.92] recalculating facets...
I  487.80] Elapsed: 8:08, vertices: 9341, facets final: 13572, pending: 29578
I  490.81] recalculating facets...
I  492.80] Elapsed: 8:13, vertices: 9440, facets final: 14348, pending: 28598
I  495.70] recalculating facets...
I  497.80] Elapsed: 8:18, vertices: 9547, facets final: 15018, pending: 27773
I  500.46] recalculating facets...
I  502.80] Elapsed: 8:23, vertices: 9645, facets final: 15895, pending: 26711
I  505.72] recalculating facets...
I  507.80] Elapsed: 8:28, vertices: 9747, facets final: 16781, pending: 25626
I  511.12] recalculating facets...
I  512.80] Elapsed: 8:33, vertices: 9827, facets final: 17772, pending: 24455
I  517.31] recalculating facets...
I  517.80] Elapsed: 8:38, vertices: 9903, facets final: 18801, pending: 23328
I  522.80] Elapsed: 8:43, vertices: 9979, facets final: 19868, pending: 22129
I  523.99] recalculating facets...
I  527.80] Elapsed: 8:48, vertices: 10063, facets final: 20905, pending: 20962
I  530.86] recalculating facets...
I  532.81] Elapsed: 8:53, vertices: 10126, facets final: 22028, pending: 19764
I  537.81] Elapsed: 8:58, vertices: 10193, facets final: 23157, pending: 18550
I  538.20] recalculating facets...
I  542.81] Elapsed: 9:03, vertices: 10241, facets final: 24321, pending: 17317
I  547.43] recalculating facets...
I  547.81] Elapsed: 9:08, vertices: 10302, facets final: 25434, pending: 16115
I  552.81] Elapsed: 9:13, vertices: 10351, facets final: 26635, pending: 14896
I  557.81] Elapsed: 9:18, vertices: 10395, facets final: 27854, pending: 13655
I  558.37] recalculating facets...
I  562.81] Elapsed: 9:23, vertices: 10445, facets final: 29041, pending: 12399
I  567.81] Elapsed: 9:28, vertices: 10487, facets final: 30277, pending: 11109
I  568.68] recalculating facets...
I  572.81] Elapsed: 9:33, vertices: 10530, facets final: 31482, pending: 9858
I  577.81] Elapsed: 9:38, vertices: 10566, facets final: 32751, pending: 8571
I  581.66] recalculating facets...
I  582.81] Elapsed: 9:43, vertices: 10605, facets final: 33984, pending: 7341
I  587.81] Elapsed: 9:48, vertices: 10637, facets final: 35243, pending: 6089
I  592.81] Elapsed: 9:53, vertices: 10667, facets final: 36532, pending: 4769
I  597.52] recalculating facets...
I  597.81] Elapsed: 9:58, vertices: 10702, facets final: 37769, pending: 3491
I  602.81] Elapsed: 10:03, vertices: 10720, facets final: 39092, pending: 2149
I  607.81] Elapsed: 10:08, vertices: 10741, facets final: 40434, pending: 785
I  610.15] recalculating facets...
I  611.14] Elapsed: 10:11, vertices: 10831, facets final: 41141, pending: 0

--------------------------------
Problem completed
 name                    18.vlp
 output                  vlp/18.res
 rows, cols, objs        12, 7231, 10
 vertices, facets        10831, 41141
 total time              10:11
--------------------------------
Statistics
LP:
 oracle calls            51972
   avg iterations/calls  7.54
 total oracle time       3:07
Combinatorics:
 vertices added          10831
 facets probed           51972
 facets # max            50790
 memory allocated        169.89M
 instability warnings    35
 storage expansion
   vertices # / upto     85 / 10876
   facets   # / upto     13 / 53244
 facet manipulating
   added avg / max       58.79 / 2.30k
   compressed            374
 number of ridge tests
   avg / max             1.80M / 33.51M
--------------------------------
Parameters with non-default values
 OracleItLimit = 200000
 OracleTimeLimit = 60
