C applying rule 20.txt for base100.txt
I    1.24] recalculating facets...
I    2.75] recalculating facets...
I    4.63] recalculating facets...
I    5.00] Elapsed: 5.00, vertices: 319, facets final: 274, pending: 4380, pool: 189
I    6.88] recalculating facets...
I    9.15] recalculating facets...
I   10.00] Elapsed: 10.00, vertices: 536, facets final: 561, pending: 6485, pool: 200
I   11.50] recalculating facets...
I   14.02] recalculating facets...
I   15.01] Elapsed: 15.01, vertices: 733, facets final: 852, pending: 7730, pool: 200
I   17.00] recalculating facets...
I   20.01] Elapsed: 20.01, vertices: 892, facets final: 1142, pending: 8672, pool: 200
I   20.21] recalculating facets...
I   23.69] recalculating facets...
I   25.01] Elapsed: 25.01, vertices: 1036, facets final: 1416, pending: 10655, pool: 200
I   27.47] recalculating facets...
I   30.02] Elapsed: 30.02, vertices: 1162, facets final: 1632, pending: 12113, pool: 199
I   31.57] recalculating facets...
I   35.02] Elapsed: 35.02, vertices: 1272, facets final: 1938, pending: 13448, pool: 200
I   36.39] recalculating facets...
I   40.02] Elapsed: 40.02, vertices: 1374, facets final: 2266, pending: 14068, pool: 200
I   41.24] recalculating facets...
I   45.04] Elapsed: 45.04, vertices: 1472, facets final: 2565, pending: 14786, pool: 200
I   46.47] recalculating facets...
I   50.07] Elapsed: 50.07, vertices: 1562, facets final: 2850, pending: 15325, pool: 200
I   52.29] recalculating facets...
I   55.10] Elapsed: 55.10, vertices: 1645, facets final: 3224, pending: 15519, pool: 198
I   58.27] recalculating facets...
I   60.13] Elapsed: 1:00, vertices: 1732, facets final: 3548, pending: 15650, pool: 200
I   64.36] recalculating facets...
I   65.13] Elapsed: 1:05, vertices: 1813, facets final: 3891, pending: 15829, pool: 200
I   70.13] Elapsed: 1:10, vertices: 1895, facets final: 4230, pending: 15806, pool: 200
I   70.42] recalculating facets...
I   75.13] Elapsed: 1:15, vertices: 1971, facets final: 4609, pending: 15728, pool: 200
I   76.86] recalculating facets...
I   80.13] Elapsed: 1:20, vertices: 2049, facets final: 4975, pending: 15679, pool: 199
I   83.42] recalculating facets...
I   85.13] Elapsed: 1:25, vertices: 2121, facets final: 5392, pending: 15486, pool: 200
I   90.13] Elapsed: 1:30, vertices: 2190, facets final: 5845, pending: 15253, pool: 199
I   90.82] recalculating facets...
I   95.17] Elapsed: 1:35, vertices: 2254, facets final: 6381, pending: 14950, pool: 200
I   98.66] recalculating facets...
I  100.17] Elapsed: 1:40, vertices: 2317, facets final: 6966, pending: 14678, pool: 199
I  105.17] Elapsed: 1:45, vertices: 2369, facets final: 7659, pending: 14003, pool: 198
I  108.07] recalculating facets...
I  110.20] Elapsed: 1:50, vertices: 2415, facets final: 8420, pending: 13382, pool: 199
I  115.20] Elapsed: 1:55, vertices: 2459, facets final: 9212, pending: 12683, pool: 199
I  120.20] Elapsed: 2:00, vertices: 2499, facets final: 10050, pending: 11837, pool: 196
I  120.37] recalculating facets...
I  125.20] Elapsed: 2:05, vertices: 2536, facets final: 10893, pending: 11117, pool: 197
I  130.23] Elapsed: 2:10, vertices: 2573, facets final: 11806, pending: 10360, pool: 193
I  134.06] recalculating facets...
I  135.23] Elapsed: 2:15, vertices: 2607, facets final: 12750, pending: 9458, pool: 195
I  140.23] Elapsed: 2:20, vertices: 2634, facets final: 13782, pending: 8468, pool: 191
I  145.26] Elapsed: 2:25, vertices: 2665, facets final: 14774, pending: 7563, pool: 189
I  150.26] Elapsed: 2:30, vertices: 2697, facets final: 15780, pending: 6582, pool: 176
I  150.72] recalculating facets...
I  155.26] Elapsed: 2:35, vertices: 2732, facets final: 16753, pending: 5593, pool: 159
I  160.26] Elapsed: 2:40, vertices: 2765, facets final: 17815, pending: 4577, pool: 137
I  164.00] recalculating facets...
I  165.26] Elapsed: 2:45, vertices: 2809, facets final: 18810, pending: 3679, pool: 103
I  170.26] Elapsed: 2:50, vertices: 2834, facets final: 19977, pending: 2575, pool: 98
I  175.26] Elapsed: 2:55, vertices: 2866, facets final: 21110, pending: 1496, pool: 85
I  178.94] recalculating facets...
I  180.26] Elapsed: 3:00, vertices: 2925, facets final: 22147, pending: 577, pool: 51
I  182.85] recalculating facets...
I  183.45] Elapsed: 3:03, vertices: 3011, facets final: 22828, pending: 0

--------------------------------
Problem completed
 name                    20.vlp
 output                  vlp/20.res
 rows, cols, objs        12, 7569, 10
 vertices, facets        3011, 22828
 total time              3:03
--------------------------------
Statistics
LP:
 oracle calls            27115
   avg iterations/calls  6.51
 total oracle time       1:37
Combinatorics:
 vertices added          3011
 facets probed           51498
 facets # max            22837
 memory allocated        27.68M
 storage expansion
   vertices # / upto     24 / 3068
   facets   # / upto     6 / 24572
 facet manipulating
   added avg / max       30.86 / 273.00
   compressed            102
 number of ridge tests
   avg / max             268.02k / 2.80M
--------------------------------
Parameters with non-default values
 VertexPoolSize = 200
