C applying rule 22.txt for base100.txt
I    0.93] recalculating facets...
I    4.08] recalculating facets...
I    5.00] Elapsed: 5.00, vertices: 218, facets final: 29, pending: 22510
I   10.02] Elapsed: 10.02, vertices: 292, facets final: 34, pending: 32780
I   10.37] recalculating facets...
I   15.02] Elapsed: 15.02, vertices: 350, facets final: 42, pending: 38761
I   20.07] Elapsed: 20.07, vertices: 398, facets final: 48, pending: 43700
I   20.27] recalculating facets...
I   25.07] Elapsed: 25.07, vertices: 442, facets final: 54, pending: 47700
I   30.09] Elapsed: 30.09, vertices: 485, facets final: 65, pending: 52906
I   32.12] recalculating facets...
I   35.17] Elapsed: 35.17, vertices: 518, facets final: 71, pending: 53603
I   40.20] Elapsed: 40.20, vertices: 547, facets final: 74, pending: 55263
I   45.30] Elapsed: 45.30, vertices: 581, facets final: 79, pending: 57345
I   48.41] recalculating facets...
recalculate_facet: numerical instability at facet 50877, coord 4 (1.0501e-06)
recalculate_facet: numerical instability at facet 50877, coord 5 (-1.10938e-06)
recalculate_facet: numerical instability at facet 51262, coord 4 (1.24099e-06)
recalculate_facet: numerical instability at facet 51262, coord 5 (-1.29735e-06)
recalculate_facet: numerical instability at facet 51318, coord 4 (1.28339e-06)
recalculate_facet: numerical instability at facet 51318, coord 5 (-1.10938e-06)
recalculate_facet: numerical instability at facet 52623, coord 4 (1.47981e-06)
recalculate_facet: numerical instability at facet 52623, coord 5 (-1.29735e-06)
I   50.39] Elapsed: 50.39, vertices: 611, facets final: 88, pending: 59262
I   55.48] Elapsed: 55.48, vertices: 640, facets final: 95, pending: 61402
I   60.56] Elapsed: 1:01, vertices: 671, facets final: 101, pending: 61106
I   64.88] recalculating facets...
I   65.73] Elapsed: 1:06, vertices: 703, facets final: 107, pending: 62780
I   70.80] Elapsed: 1:11, vertices: 744, facets final: 117, pending: 60926
I   75.81] Elapsed: 1:16, vertices: 778, facets final: 125, pending: 60762
I   77.95] recalculating facets...
I   81.06] Elapsed: 1:21, vertices: 821, facets final: 139, pending: 61009
I   86.11] Elapsed: 1:26, vertices: 862, facets final: 159, pending: 60285
I   90.74] recalculating facets...
I   91.12] Elapsed: 1:31, vertices: 906, facets final: 173, pending: 60328
I   96.12] Elapsed: 1:36, vertices: 954, facets final: 189, pending: 59933
I  101.23] Elapsed: 1:41, vertices: 999, facets final: 206, pending: 58905
I  101.31] recalculating facets...
I  106.29] Elapsed: 1:46, vertices: 1039, facets final: 220, pending: 58466
I  111.41] Elapsed: 1:51, vertices: 1079, facets final: 235, pending: 57910
I  113.70] recalculating facets...
I  116.51] Elapsed: 1:57, vertices: 1120, facets final: 254, pending: 57271
I  121.56] Elapsed: 2:02, vertices: 1166, facets final: 279, pending: 56489
I  124.87] recalculating facets...
I  126.56] Elapsed: 2:07, vertices: 1215, facets final: 316, pending: 56571
I  131.67] Elapsed: 2:12, vertices: 1263, facets final: 350, pending: 55240
I  136.18] recalculating facets...
I  136.69] Elapsed: 2:17, vertices: 1305, facets final: 376, pending: 54834
I  141.69] Elapsed: 2:22, vertices: 1356, facets final: 416, pending: 55315
I  146.07] recalculating facets...
I  146.80] Elapsed: 2:27, vertices: 1405, facets final: 455, pending: 55345
I  151.84] Elapsed: 2:32, vertices: 1457, facets final: 485, pending: 56018
I  155.57] recalculating facets...
I  156.93] Elapsed: 2:37, vertices: 1514, facets final: 529, pending: 56077
I  161.94] Elapsed: 2:42, vertices: 1567, facets final: 570, pending: 55334
I  164.96] recalculating facets...
I  166.99] Elapsed: 2:47, vertices: 1624, facets final: 611, pending: 54975
I  172.00] Elapsed: 2:52, vertices: 1672, facets final: 651, pending: 54674
I  174.56] recalculating facets...
I  177.12] Elapsed: 2:57, vertices: 1715, facets final: 694, pending: 55031
I  182.12] Elapsed: 3:02, vertices: 1762, facets final: 735, pending: 55467
I  187.06] recalculating facets...
recalculate_facet: numerical instability at facet 28520, coord 10 (-1.09834e-06)
recalculate_facet: numerical instability at facet 30407, coord 10 (-1.09834e-06)
I  187.20] Elapsed: 3:07, vertices: 1801, facets final: 763, pending: 55212
I  192.23] Elapsed: 3:12, vertices: 1834, facets final: 782, pending: 54619
I  197.36] Elapsed: 3:17, vertices: 1881, facets final: 824, pending: 53807
I  199.27] recalculating facets...
I  202.38] Elapsed: 3:22, vertices: 1925, facets final: 861, pending: 54137
I  207.77] Elapsed: 3:28, vertices: 1963, facets final: 891, pending: 54202
I  212.29] recalculating facets...
I  212.77] Elapsed: 3:33, vertices: 2003, facets final: 929, pending: 54625
I  217.78] Elapsed: 3:38, vertices: 2037, facets final: 967, pending: 54009
I  222.82] Elapsed: 3:43, vertices: 2079, facets final: 1009, pending: 54243
I  224.55] recalculating facets...
I  227.85] Elapsed: 3:48, vertices: 2122, facets final: 1042, pending: 54949
I  233.03] Elapsed: 3:53, vertices: 2171, facets final: 1093, pending: 55273
I  235.78] recalculating facets...
I  238.04] Elapsed: 3:58, vertices: 2220, facets final: 1141, pending: 55768
I  243.08] Elapsed: 4:03, vertices: 2266, facets final: 1193, pending: 56374
I  247.37] recalculating facets...
I  248.09] Elapsed: 4:08, vertices: 2308, facets final: 1268, pending: 56000
I  253.14] Elapsed: 4:13, vertices: 2361, facets final: 1333, pending: 55732
I  257.30] recalculating facets...
I  258.29] Elapsed: 4:18, vertices: 2410, facets final: 1371, pending: 55730
I  263.87] Elapsed: 4:24, vertices: 2460, facets final: 1422, pending: 55924
I  267.45] recalculating facets...
I  268.97] Elapsed: 4:29, vertices: 2517, facets final: 1507, pending: 55148
I  274.30] Elapsed: 4:34, vertices: 2571, facets final: 1573, pending: 54884
I  276.73] recalculating facets...
I  279.33] Elapsed: 4:39, vertices: 2631, facets final: 1669, pending: 54085
I  284.39] Elapsed: 4:44, vertices: 2690, facets final: 1794, pending: 52663
I  284.94] recalculating facets...
I  289.49] Elapsed: 4:49, vertices: 2773, facets final: 1922, pending: 52122
I  291.35] recalculating facets...
I  294.52] Elapsed: 4:55, vertices: 2847, facets final: 2056, pending: 50766
I  297.91] recalculating facets...
I  299.52] Elapsed: 5:00, vertices: 2923, facets final: 2227, pending: 49222
I  303.85] recalculating facets...
I  304.56] Elapsed: 5:05, vertices: 3012, facets final: 2402, pending: 47978
I  308.99] recalculating facets...
I  309.56] Elapsed: 5:10, vertices: 3109, facets final: 2643, pending: 46631
I  314.10] recalculating facets...
I  314.57] Elapsed: 5:15, vertices: 3210, facets final: 2983, pending: 45608
I  318.87] recalculating facets...
I  319.59] Elapsed: 5:20, vertices: 3315, facets final: 3376, pending: 44362
I  323.43] recalculating facets...
I  324.59] Elapsed: 5:25, vertices: 3421, facets final: 3946, pending: 43022
I  328.26] recalculating facets...
I  329.59] Elapsed: 5:30, vertices: 3534, facets final: 4467, pending: 41786
I  332.68] recalculating facets...
I  334.59] Elapsed: 5:35, vertices: 3645, facets final: 5057, pending: 40631
I  336.85] recalculating facets...
I  339.60] Elapsed: 5:40, vertices: 3747, facets final: 5771, pending: 39166
I  342.27] recalculating facets...
I  344.60] Elapsed: 5:45, vertices: 3841, facets final: 6581, pending: 38114
I  348.19] recalculating facets...
I  349.60] Elapsed: 5:50, vertices: 3915, facets final: 7570, pending: 36773
I  354.60] Elapsed: 5:55, vertices: 3999, facets final: 8479, pending: 35583
I  354.71] recalculating facets...
I  359.60] Elapsed: 6:00, vertices: 4067, facets final: 9529, pending: 34313
I  362.39] recalculating facets...
I  364.62] Elapsed: 6:05, vertices: 4124, facets final: 10440, pending: 33220
I  369.62] Elapsed: 6:10, vertices: 4176, facets final: 11515, pending: 31974
I  371.73] recalculating facets...
I  374.62] Elapsed: 6:15, vertices: 4223, facets final: 12629, pending: 30686
I  379.62] Elapsed: 6:20, vertices: 4281, facets final: 13752, pending: 29430
I  381.80] recalculating facets...
I  384.62] Elapsed: 6:25, vertices: 4318, facets final: 14927, pending: 28165
I  389.62] Elapsed: 6:30, vertices: 4350, facets final: 16148, pending: 26929
Final facet 46113 is on the negative side of vertex 4385 (d=-2.19614e-08); adjust PolytopeEps=1.3e-08
Final facet 46115 is on the negative side of vertex 4385 (d=-2.19614e-08); adjust PolytopeEps=1.3e-08
I  394.62] Elapsed: 6:35, vertices: 4390, facets final: 17349, pending: 25699
I  396.17] recalculating facets...
I  399.62] Elapsed: 6:40, vertices: 4427, facets final: 18537, pending: 24400
I  404.62] Elapsed: 6:45, vertices: 4452, facets final: 19802, pending: 23045
I  409.62] Elapsed: 6:50, vertices: 4479, facets final: 21057, pending: 21739
I  414.62] Elapsed: 6:55, vertices: 4499, facets final: 22338, pending: 20415
I  415.45] recalculating facets...
I  419.62] Elapsed: 7:00, vertices: 4513, facets final: 23613, pending: 19112
I  424.62] Elapsed: 7:05, vertices: 4525, facets final: 24927, pending: 17789
I  429.62] Elapsed: 7:10, vertices: 4530, facets final: 26267, pending: 16444
I  434.62] Elapsed: 7:15, vertices: 4540, facets final: 27582, pending: 15112
I  439.62] Elapsed: 7:20, vertices: 4559, facets final: 28852, pending: 13816
I  444.62] Elapsed: 7:25, vertices: 4579, facets final: 30137, pending: 12501
I  449.62] Elapsed: 7:30, vertices: 4584, facets final: 31473, pending: 11162
I  454.62] Elapsed: 7:35, vertices: 4584, facets final: 32807, pending: 9828
I  459.62] Elapsed: 7:40, vertices: 4584, facets final: 34144, pending: 8491
I  464.62] Elapsed: 7:45, vertices: 4587, facets final: 35471, pending: 7158
I  469.62] Elapsed: 7:50, vertices: 4588, facets final: 36811, pending: 5818
I  474.62] Elapsed: 7:55, vertices: 4591, facets final: 38140, pending: 4485
I  479.62] Elapsed: 8:00, vertices: 4592, facets final: 39482, pending: 3142
I  484.62] Elapsed: 8:05, vertices: 4592, facets final: 40828, pending: 1796
I  489.62] Elapsed: 8:10, vertices: 4593, facets final: 42196, pending: 426
I  491.17] Elapsed: 8:11, vertices: 4593, facets final: 42622, pending: 0

--------------------------------
Problem completed
 name                    22.vlp
 output                  vlp/22.res
 rows, cols, objs        12, 7270, 10
 vertices, facets        4593, 42622
 total time              8:11
--------------------------------
Statistics
LP:
 oracle calls            47217
   avg iterations/calls  6.83
 total oracle time       2:53
Combinatorics:
 vertices added          4593
 facets probed           47217
 facets # max            62888
 memory allocated        91.03M
 instability warnings    10
 storage expansion
   vertices # / upto     36 / 4604
   facets   # / upto     16 / 65532
 facet manipulating
   added avg / max       154.38 / 2.26k
   compressed            223
 number of ridge tests
   avg / max             6.88M / 100.02M
--------------------------------
Parameters with non-default values
 OracleItLimit = 200000
 OracleTimeLimit = 60
