C applying rule 26.txt for ineq.dw1
I    0.86] recalculating facets...
I    2.24] recalculating facets...
I    4.89] recalculating facets...
I    5.02] Elapsed: 5.02, vertices: 303, facets final: 27, pending: 20399
I    8.77] recalculating facets...
I   10.03] Elapsed: 10.03, vertices: 427, facets final: 38, pending: 28983
I   13.49] recalculating facets...
I   15.07] Elapsed: 15.07, vertices: 525, facets final: 50, pending: 33542
I   19.49] recalculating facets...
I   20.08] Elapsed: 20.08, vertices: 607, facets final: 70, pending: 38382
I   25.09] Elapsed: 25.09, vertices: 677, facets final: 79, pending: 41452
I   26.78] recalculating facets...
I   30.11] Elapsed: 30.11, vertices: 747, facets final: 87, pending: 44643
I   34.51] recalculating facets...
recalculate_facet: numerical instability at facet 45861, coord 1 (-5.36502e-06)
recalculate_facet: numerical instability at facet 45861, coord 3 (-3.22677e-06)
recalculate_facet: numerical instability at facet 45861, coord 4 (-2.85522e-06)
recalculate_facet: numerical instability at facet 45861, coord 5 (1.2346e-05)
recalculate_facet: numerical instability at facet 45861, coord 10 (1.83663e-06)
recalculate_facet: numerical instability at facet 45973, coord 0 (2.78965e-06)
recalculate_facet: numerical instability at facet 45973, coord 1 (-5.36502e-06)
recalculate_facet: numerical instability at facet 45973, coord 2 (-3.22677e-06)
recalculate_facet: numerical instability at facet 45973, coord 4 (-2.85522e-06)
recalculate_facet: numerical instability at facet 45973, coord 5 (9.11923e-06)
recalculate_facet: numerical instability at facet 45973, coord 10 (1.83663e-06)
I   35.12] Elapsed: 35.12, vertices: 810, facets final: 97, pending: 46251
I   40.16] Elapsed: 40.16, vertices: 873, facets final: 101, pending: 48097
I   42.62] recalculating facets...
I   45.19] Elapsed: 45.19, vertices: 927, facets final: 110, pending: 49759
I   50.24] Elapsed: 50.24, vertices: 985, facets final: 121, pending: 50540
I   51.52] recalculating facets...
I   55.25] Elapsed: 55.25, vertices: 1036, facets final: 130, pending: 52122
I   60.25] Elapsed: 1:00, vertices: 1076, facets final: 146, pending: 52898
I   63.20] recalculating facets...
I   65.26] Elapsed: 1:05, vertices: 1118, facets final: 155, pending: 53630
I   70.28] Elapsed: 1:10, vertices: 1167, facets final: 169, pending: 54725
I   73.61] recalculating facets...
recalculate_facet: numerical instability at facet 49380, coord 10 (-1.51e-06)
recalculate_facet: numerical instability at facet 49590, coord 10 (-1.51e-06)
I   75.28] Elapsed: 1:15, vertices: 1214, facets final: 177, pending: 55235
I   80.29] Elapsed: 1:20, vertices: 1267, facets final: 189, pending: 55713
I   83.43] recalculating facets...
I   85.31] Elapsed: 1:25, vertices: 1316, facets final: 200, pending: 56398
I   90.31] Elapsed: 1:30, vertices: 1360, facets final: 216, pending: 57461
I   94.89] recalculating facets...
recalculate_facet: numerical instability at facet 17301, coord 0 (1.38963e-05)
recalculate_facet: numerical instability at facet 17301, coord 1 (-7.77668e-06)
recalculate_facet: numerical instability at facet 17301, coord 2 (-1.60201e-05)
recalculate_facet: numerical instability at facet 17301, coord 5 (1.15675e-05)
recalculate_facet: numerical instability at facet 17301, coord 6 (-1.07429e-06)
recalculate_facet: numerical instability at facet 17301, coord 10 (7.62856e-06)
recalculate_facet: numerical instability at facet 19190, coord 0 (-2.12373e-06)
recalculate_facet: numerical instability at facet 19190, coord 1 (-7.77668e-06)
recalculate_facet: numerical instability at facet 19190, coord 3 (-1.60201e-05)
recalculate_facet: numerical instability at facet 19190, coord 5 (2.75875e-05)
recalculate_facet: numerical instability at facet 19190, coord 6 (-1.07429e-06)
recalculate_facet: numerical instability at facet 19190, coord 10 (7.62856e-06)
recalculate_facet: numerical instability at facet 50137, coord 0 (-2.11727e-06)
recalculate_facet: numerical instability at facet 50137, coord 1 (-7.79037e-06)
recalculate_facet: numerical instability at facet 50137, coord 3 (-1.60462e-05)
recalculate_facet: numerical instability at facet 50137, coord 5 (2.7614e-05)
recalculate_facet: numerical instability at facet 50137, coord 6 (-1.07837e-06)
recalculate_facet: numerical instability at facet 50137, coord 10 (7.62651e-06)
recalculate_facet: numerical instability at facet 51541, coord 0 (1.39289e-05)
recalculate_facet: numerical instability at facet 51541, coord 1 (-7.79037e-06)
recalculate_facet: numerical instability at facet 51541, coord 2 (-1.60462e-05)
recalculate_facet: numerical instability at facet 51541, coord 5 (1.15678e-05)
recalculate_facet: numerical instability at facet 51541, coord 6 (-1.07837e-06)
recalculate_facet: numerical instability at facet 51541, coord 10 (7.62651e-06)
I   95.56] Elapsed: 1:36, vertices: 1405, facets final: 229, pending: 57996
I  100.57] Elapsed: 1:41, vertices: 1453, facets final: 242, pending: 58919
I  105.62] Elapsed: 1:46, vertices: 1497, facets final: 252, pending: 59308
I  105.93] recalculating facets...
I  110.63] Elapsed: 1:51, vertices: 1537, facets final: 267, pending: 58926
I  115.63] Elapsed: 1:56, vertices: 1579, facets final: 283, pending: 59033
I  118.34] recalculating facets...
I  120.79] Elapsed: 2:01, vertices: 1624, facets final: 299, pending: 59616
I  125.82] Elapsed: 2:06, vertices: 1665, facets final: 311, pending: 59952
I  130.03] recalculating facets...
I  130.82] Elapsed: 2:11, vertices: 1706, facets final: 324, pending: 59938
I  135.82] Elapsed: 2:16, vertices: 1749, facets final: 337, pending: 60509
I  140.89] Elapsed: 2:21, vertices: 1790, facets final: 348, pending: 60817
I  142.31] recalculating facets...
I  146.04] Elapsed: 2:26, vertices: 1829, facets final: 363, pending: 60597
I  151.06] Elapsed: 2:31, vertices: 1871, facets final: 382, pending: 60490
I  154.47] recalculating facets...
I  156.06] Elapsed: 2:36, vertices: 1911, facets final: 391, pending: 60785
I  161.30] Elapsed: 2:41, vertices: 1949, facets final: 412, pending: 60494
I  166.52] Elapsed: 2:47, vertices: 1988, facets final: 426, pending: 60645
I  168.18] recalculating facets...
I  171.53] Elapsed: 2:52, vertices: 2027, facets final: 439, pending: 60762
I  176.54] Elapsed: 2:57, vertices: 2064, facets final: 459, pending: 60776
I  181.11] recalculating facets...
recalculate_facet: numerical instability at facet 22891, coord 0 (-1.57744e-06)
recalculate_facet: numerical instability at facet 22891, coord 1 (2.93896e-06)
recalculate_facet: numerical instability at facet 22891, coord 6 (-1.26787e-06)
recalculate_facet: numerical instability at facet 23946, coord 0 (-1.08942e-06)
recalculate_facet: numerical instability at facet 23946, coord 1 (2.93896e-06)
recalculate_facet: numerical instability at facet 23946, coord 5 (-1.4542e-06)
recalculate_facet: numerical instability at facet 23946, coord 6 (-1.26787e-06)
I  181.66] Elapsed: 3:02, vertices: 2104, facets final: 473, pending: 60801
I  186.87] Elapsed: 3:07, vertices: 2149, facets final: 498, pending: 61069
I  191.89] Elapsed: 3:12, vertices: 2187, facets final: 515, pending: 60463
I  193.49] recalculating facets...
recalculate_facet: numerical instability at facet 10276, coord 6 (-1.31059e-06)
recalculate_facet: numerical instability at facet 20455, coord 6 (-1.31059e-06)
I  196.89] Elapsed: 3:17, vertices: 2232, facets final: 540, pending: 60587
I  201.96] Elapsed: 3:22, vertices: 2276, facets final: 572, pending: 60502
I  204.72] recalculating facets...
recalculate_facet: numerical instability at facet 21191, coord 1 (-2.92912e-06)
recalculate_facet: numerical instability at facet 21191, coord 3 (2.00656e-06)
recalculate_facet: numerical instability at facet 21191, coord 10 (-1.40962e-06)
recalculate_facet: numerical instability at facet 22858, coord 1 (-2.92912e-06)
recalculate_facet: numerical instability at facet 22858, coord 3 (2.3961e-06)
recalculate_facet: numerical instability at facet 22858, coord 10 (-1.40962e-06)
I  206.97] Elapsed: 3:27, vertices: 2315, facets final: 584, pending: 61108
I  212.34] Elapsed: 3:32, vertices: 2361, facets final: 608, pending: 61371
I  217.31] recalculating facets...
I  217.48] Elapsed: 3:37, vertices: 2401, facets final: 625, pending: 61054
I  222.49] Elapsed: 3:42, vertices: 2441, facets final: 646, pending: 61044
I  227.49] Elapsed: 3:47, vertices: 2481, facets final: 669, pending: 60228
I  229.82] recalculating facets...
I  232.86] Elapsed: 3:53, vertices: 2521, facets final: 692, pending: 59980
I  237.92] Elapsed: 3:58, vertices: 2559, facets final: 712, pending: 60158
I  242.56] recalculating facets...
I  243.08] Elapsed: 4:03, vertices: 2602, facets final: 742, pending: 59778
I  248.18] Elapsed: 4:08, vertices: 2645, facets final: 777, pending: 59148
I  253.25] Elapsed: 4:13, vertices: 2688, facets final: 793, pending: 58768
I  254.15] recalculating facets...
recalculate_facet: numerical instability at facet 41715, coord 5 (1.20463e-06)
recalculate_facet: numerical instability at facet 41715, coord 10 (-1.16583e-06)
recalculate_facet: numerical instability at facet 42148, coord 0 (1.20463e-06)
recalculate_facet: numerical instability at facet 42148, coord 3 (1.10038e-06)
recalculate_facet: numerical instability at facet 42148, coord 10 (-1.16583e-06)
I  258.28] Elapsed: 4:18, vertices: 2734, facets final: 826, pending: 58374
I  263.37] Elapsed: 4:23, vertices: 2776, facets final: 846, pending: 58491
I  265.89] recalculating facets...
I  268.38] Elapsed: 4:28, vertices: 2826, facets final: 883, pending: 58545
I  273.38] Elapsed: 4:33, vertices: 2872, facets final: 918, pending: 58531
I  276.31] recalculating facets...
recalculate_facet: numerical instability at facet 16048, coord 3 (1.51871e-06)
recalculate_facet: numerical instability at facet 16066, coord 3 (1.28784e-06)
I  278.53] Elapsed: 4:39, vertices: 2918, facets final: 945, pending: 58286
I  283.60] Elapsed: 4:44, vertices: 2956, facets final: 965, pending: 58351
I  287.77] recalculating facets...
I  288.61] Elapsed: 4:49, vertices: 3006, facets final: 1010, pending: 57944
I  293.61] Elapsed: 4:54, vertices: 3050, facets final: 1037, pending: 57379
I  298.61] Elapsed: 4:59, vertices: 3098, facets final: 1066, pending: 57063
I  298.87] recalculating facets...
I  303.68] Elapsed: 5:04, vertices: 3146, facets final: 1099, pending: 57122
I  308.69] Elapsed: 5:09, vertices: 3190, facets final: 1139, pending: 56480
I  309.33] recalculating facets...
recalculate_facet: numerical instability at facet 60561, coord 1 (-5.0571e-06)
recalculate_facet: numerical instability at facet 60561, coord 3 (4.6983e-06)
recalculate_facet: numerical instability at facet 60627, coord 1 (-5.0571e-06)
recalculate_facet: numerical instability at facet 60627, coord 3 (4.67567e-06)
I  313.69] Elapsed: 5:14, vertices: 3242, facets final: 1192, pending: 56228
I  318.70] Elapsed: 5:19, vertices: 3295, facets final: 1249, pending: 56032
I  319.15] recalculating facets...
I  323.71] Elapsed: 5:24, vertices: 3347, facets final: 1298, pending: 55570
I  328.71] Elapsed: 5:29, vertices: 3400, facets final: 1344, pending: 55262
I  328.71] recalculating facets...
I  333.71] Elapsed: 5:34, vertices: 3444, facets final: 1395, pending: 54966
I  339.14] Elapsed: 5:39, vertices: 3496, facets final: 1440, pending: 54105
I  339.48] recalculating facets...
I  344.14] Elapsed: 5:44, vertices: 3547, facets final: 1509, pending: 53896
I  348.97] recalculating facets...
I  349.20] Elapsed: 5:49, vertices: 3601, facets final: 1572, pending: 53647
I  354.21] Elapsed: 5:54, vertices: 3657, facets final: 1637, pending: 53231
I  357.98] recalculating facets...
I  359.25] Elapsed: 5:59, vertices: 3712, facets final: 1699, pending: 52532
I  364.34] Elapsed: 6:04, vertices: 3766, facets final: 1762, pending: 51818
I  367.08] recalculating facets...
I  369.36] Elapsed: 6:09, vertices: 3833, facets final: 1849, pending: 51052
I  374.36] Elapsed: 6:14, vertices: 3894, facets final: 1945, pending: 50052
I  374.90] recalculating facets...
I  379.40] Elapsed: 6:19, vertices: 3956, facets final: 2038, pending: 49585
I  382.77] recalculating facets...
I  384.46] Elapsed: 6:24, vertices: 4020, facets final: 2145, pending: 48688
I  389.48] Elapsed: 6:29, vertices: 4083, facets final: 2230, pending: 47856
I  390.82] recalculating facets...
I  394.59] Elapsed: 6:35, vertices: 4142, facets final: 2330, pending: 47206
I  399.31] recalculating facets...
I  399.63] Elapsed: 6:40, vertices: 4204, facets final: 2445, pending: 46610
I  404.67] Elapsed: 6:45, vertices: 4281, facets final: 2569, pending: 45671
I  405.87] recalculating facets...
I  409.70] Elapsed: 6:50, vertices: 4358, facets final: 2702, pending: 44747
I  412.33] recalculating facets...
recalculate_facet: numerical instability at facet 52119, coord 0 (-5.44965e-06)
recalculate_facet: numerical instability at facet 52119, coord 1 (-4.74352e-06)
recalculate_facet: numerical instability at facet 52119, coord 3 (-9.64597e-06)
recalculate_facet: numerical instability at facet 52119, coord 4 (-9.43824e-06)
recalculate_facet: numerical instability at facet 52119, coord 5 (2.99572e-05)
recalculate_facet: numerical instability at facet 52119, coord 10 (8.47793e-06)
recalculate_facet: numerical instability at facet 52120, coord 0 (-4.14934e-06)
recalculate_facet: numerical instability at facet 52120, coord 1 (7.55405e-06)
recalculate_facet: numerical instability at facet 52120, coord 3 (1.92629e-05)
recalculate_facet: numerical instability at facet 52120, coord 4 (-4.90711e-06)
recalculate_facet: numerical instability at facet 52120, coord 5 (-1.89859e-05)
recalculate_facet: numerical instability at facet 52120, coord 6 (1.22539e-06)
recalculate_facet: numerical instability at facet 52120, coord 10 (2.0722e-06)
recalculate_facet: numerical instability at facet 52122, coord 0 (-5.36162e-06)
recalculate_facet: numerical instability at facet 52122, coord 1 (6.67422e-06)
recalculate_facet: numerical instability at facet 52122, coord 3 (7.69784e-06)
recalculate_facet: numerical instability at facet 52122, coord 4 (-1.68262e-06)
recalculate_facet: numerical instability at facet 52122, coord 5 (-9.14013e-06)
recalculate_facet: numerical instability at facet 52122, coord 6 (1.81231e-06)
recalculate_facet: numerical instability at facet 52122, coord 10 (6.28e-06)
recalculate_facet: numerical instability at facet 52124, coord 0 (-6.16483e-06)
recalculate_facet: numerical instability at facet 52124, coord 3 (-5.18191e-06)
recalculate_facet: numerical instability at facet 52124, coord 4 (-4.53983e-06)
recalculate_facet: numerical instability at facet 52124, coord 5 (1.41918e-05)
recalculate_facet: numerical instability at facet 52124, coord 10 (9.35606e-06)
recalculate_facet: numerical instability at facet 52125, coord 0 (-6.13641e-06)
recalculate_facet: numerical instability at facet 52125, coord 1 (5.74876e-06)
recalculate_facet: numerical instability at facet 52125, coord 5 (-1.77252e-06)
recalculate_facet: numerical instability at facet 52125, coord 6 (2.15101e-06)
recalculate_facet: numerical instability at facet 52125, coord 10 (9.15992e-06)
recalculate_facet: numerical instability at facet 52127, coord 0 (4.19632e-06)
recalculate_facet: numerical instability at facet 52127, coord 1 (-4.74352e-06)
recalculate_facet: numerical instability at facet 52127, coord 2 (-9.64597e-06)
recalculate_facet: numerical instability at facet 52127, coord 4 (-9.43824e-06)
recalculate_facet: numerical instability at facet 52127, coord 5 (2.03112e-05)
recalculate_facet: numerical instability at facet 52127, coord 10 (8.47793e-06)
recalculate_facet: numerical instability at facet 52128, coord 0 (-2.34123e-05)
recalculate_facet: numerical instability at facet 52128, coord 1 (7.55405e-06)
recalculate_facet: numerical instability at facet 52128, coord 2 (1.92629e-05)
recalculate_facet: numerical instability at facet 52128, coord 4 (-4.90711e-06)
recalculate_facet: numerical instability at facet 52128, coord 6 (1.22539e-06)
recalculate_facet: numerical instability at facet 52128, coord 10 (2.0722e-06)
recalculate_facet: numerical instability at facet 52130, coord 0 (-1.30595e-05)
recalculate_facet: numerical instability at facet 52130, coord 1 (6.67422e-06)
recalculate_facet: numerical instability at facet 52130, coord 2 (7.69784e-06)
recalculate_facet: numerical instability at facet 52130, coord 4 (-1.68262e-06)
recalculate_facet: numerical instability at facet 52130, coord 5 (-1.44229e-06)
recalculate_facet: numerical instability at facet 52130, coord 6 (1.81231e-06)
recalculate_facet: numerical instability at facet 52130, coord 10 (6.28e-06)
recalculate_facet: numerical instability at facet 52132, coord 2 (-5.18191e-06)
recalculate_facet: numerical instability at facet 52132, coord 4 (-4.53983e-06)
recalculate_facet: numerical instability at facet 52132, coord 5 (9.0099e-06)
recalculate_facet: numerical instability at facet 52132, coord 10 (9.35606e-06)
recalculate_facet: numerical instability at facet 52133, coord 0 (-5.59646e-06)
recalculate_facet: numerical instability at facet 52133, coord 1 (5.74876e-06)
recalculate_facet: numerical instability at facet 52133, coord 5 (-2.31247e-06)
recalculate_facet: numerical instability at facet 52133, coord 6 (2.15101e-06)
recalculate_facet: numerical instability at facet 52133, coord 10 (9.15992e-06)
I  414.72] Elapsed: 6:55, vertices: 4434, facets final: 2903, pending: 43965
I  418.99] recalculating facets...
I  419.73] Elapsed: 7:00, vertices: 4512, facets final: 3078, pending: 43076
I  424.73] Elapsed: 7:05, vertices: 4591, facets final: 3280, pending: 41959
I  425.34] recalculating facets...
I  429.76] Elapsed: 7:10, vertices: 4668, facets final: 3530, pending: 41050
I  431.72] recalculating facets...
I  434.77] Elapsed: 7:15, vertices: 4747, facets final: 3784, pending: 40139
I  438.14] recalculating facets...
I  439.77] Elapsed: 7:20, vertices: 4826, facets final: 4091, pending: 39412
I  444.71] recalculating facets...
I  444.84] Elapsed: 7:25, vertices: 4901, facets final: 4383, pending: 38613
I  449.86] Elapsed: 7:30, vertices: 4981, facets final: 4687, pending: 37806
I  451.06] recalculating facets...
I  454.88] Elapsed: 7:35, vertices: 5061, facets final: 4987, pending: 37316
I  457.31] recalculating facets...
I  459.88] Elapsed: 7:40, vertices: 5141, facets final: 5337, pending: 36347
I  463.66] recalculating facets...
I  464.88] Elapsed: 7:45, vertices: 5219, facets final: 5699, pending: 35564
I  469.89] Elapsed: 7:50, vertices: 5295, facets final: 6085, pending: 34737
I  470.16] recalculating facets...
I  474.89] Elapsed: 7:55, vertices: 5383, facets final: 6437, pending: 33974
I  475.99] recalculating facets...
I  479.92] Elapsed: 8:00, vertices: 5460, facets final: 6928, pending: 33192
I  482.36] recalculating facets...
I  484.92] Elapsed: 8:05, vertices: 5541, facets final: 7387, pending: 32410
I  488.60] recalculating facets...
I  489.92] Elapsed: 8:10, vertices: 5618, facets final: 8030, pending: 31412
I  494.92] Elapsed: 8:15, vertices: 5695, facets final: 8791, pending: 30397
I  495.19] recalculating facets...
I  499.92] Elapsed: 8:20, vertices: 5773, facets final: 9565, pending: 29440
I  501.62] recalculating facets...
I  504.92] Elapsed: 8:25, vertices: 5842, facets final: 10396, pending: 28279
I  509.93] Elapsed: 8:30, vertices: 5899, facets final: 11337, pending: 27158
I  510.16] recalculating facets...
I  514.94] Elapsed: 8:35, vertices: 5966, facets final: 12241, pending: 26115
I  518.41] recalculating facets...
I  519.94] Elapsed: 8:40, vertices: 6015, facets final: 13265, pending: 25023
I  524.94] Elapsed: 8:45, vertices: 6065, facets final: 14317, pending: 23816
I  528.97] recalculating facets...
I  529.94] Elapsed: 8:50, vertices: 6110, facets final: 15401, pending: 22639
I  534.94] Elapsed: 8:55, vertices: 6157, facets final: 16474, pending: 21610
I  539.94] Elapsed: 9:00, vertices: 6196, facets final: 17617, pending: 20401
I  541.33] recalculating facets...
I  544.94] Elapsed: 9:05, vertices: 6222, facets final: 18840, pending: 19123
I  549.94] Elapsed: 9:10, vertices: 6253, facets final: 20058, pending: 17817
I  554.94] Elapsed: 9:15, vertices: 6280, facets final: 21282, pending: 16598
I  559.84] recalculating facets...
I  559.94] Elapsed: 9:20, vertices: 6301, facets final: 22542, pending: 15349
I  564.94] Elapsed: 9:25, vertices: 6319, facets final: 23855, pending: 13998
I  569.94] Elapsed: 9:30, vertices: 6336, facets final: 25182, pending: 12677
I  574.94] Elapsed: 9:35, vertices: 6351, facets final: 26499, pending: 11398
I  579.94] Elapsed: 9:40, vertices: 6371, facets final: 27781, pending: 10035
I  584.94] Elapsed: 9:45, vertices: 6387, facets final: 29103, pending: 8679
I  589.94] Elapsed: 9:50, vertices: 6399, facets final: 30463, pending: 7325
I  590.23] recalculating facets...
I  594.94] Elapsed: 9:55, vertices: 6410, facets final: 31816, pending: 5958
I  599.94] Elapsed: 10:00, vertices: 6423, facets final: 33192, pending: 4649
I  604.94] Elapsed: 10:05, vertices: 6434, facets final: 34584, pending: 3233
I  609.94] Elapsed: 10:10, vertices: 6450, facets final: 35973, pending: 1825
I  614.94] Elapsed: 10:15, vertices: 6460, facets final: 37391, pending: 404
I  616.46] Elapsed: 10:16, vertices: 6494, facets final: 37764, pending: 0

--------------------------------
Problem completed
 name                    26.vlp
 output                  vlp/26.res
 rows, cols, objs        12, 7033, 10
 vertices, facets        6494, 37764
 total time              10:16
--------------------------------
Statistics
LP:
 oracle calls            44401
   avg iterations/calls  6.71
 total oracle time       2:35
Combinatorics:
 vertices added          6494
 facets probed           46902
 facets # max            62156
 memory allocated        125.77M
 instability warnings    121
 storage expansion
   vertices # / upto     51 / 6524
   facets   # / upto     16 / 65532
 facet manipulating
   added avg / max       89.07 / 1.16k
   compressed            371
 number of ridge tests
   avg / max             3.85M / 35.26M
--------------------------------
Parameters with non-default values
 OracleItLimit = 200000
 OracleTimeLimit = 60
 VertexPoolSize = 35
