C applying rule 36.txt for base100.txt
I    0.84] recalculating facets...
I    3.87] recalculating facets...
I    5.00] Elapsed: 5.00, vertices: 232, facets final: 15, pending: 21630
I    7.77] recalculating facets...
I   10.02] Elapsed: 10.02, vertices: 354, facets final: 32, pending: 25940
I   11.42] recalculating facets...
I   14.97] recalculating facets...
I   15.03] Elapsed: 15.03, vertices: 501, facets final: 92, pending: 26870
I   18.28] recalculating facets...
I   20.03] Elapsed: 20.03, vertices: 666, facets final: 175, pending: 27066
I   20.88] recalculating facets...
I   23.59] recalculating facets...
I   25.06] Elapsed: 25.06, vertices: 853, facets final: 315, pending: 27681
I   26.32] recalculating facets...
I   28.71] recalculating facets...
I   30.06] Elapsed: 30.06, vertices: 1045, facets final: 516, pending: 27970
I   32.02] recalculating facets...
I   35.08] Elapsed: 35.08, vertices: 1189, facets final: 728, pending: 28655
I   35.43] recalculating facets...
I   38.37] recalculating facets...
I   40.08] Elapsed: 40.08, vertices: 1354, facets final: 958, pending: 28442
I   41.25] recalculating facets...
I   43.95] recalculating facets...
I   45.08] Elapsed: 45.08, vertices: 1542, facets final: 1330, pending: 27877
I   46.41] recalculating facets...
I   49.07] recalculating facets...
I   50.08] Elapsed: 50.08, vertices: 1730, facets final: 1917, pending: 26905
I   52.11] recalculating facets...
I   55.08] Elapsed: 55.08, vertices: 1893, facets final: 2637, pending: 25336
I   55.38] recalculating facets...
I   59.02] recalculating facets...
I   60.08] Elapsed: 1:00, vertices: 2031, facets final: 3552, pending: 23643
I   63.22] recalculating facets...
I   65.08] Elapsed: 1:05, vertices: 2140, facets final: 4678, pending: 22078
I   68.76] recalculating facets...
I   70.08] Elapsed: 1:10, vertices: 2222, facets final: 5905, pending: 20452
I   75.08] Elapsed: 1:15, vertices: 2292, facets final: 7194, pending: 18922
I   75.70] recalculating facets...
I   80.08] Elapsed: 1:20, vertices: 2343, facets final: 8513, pending: 17398
I   85.08] Elapsed: 1:25, vertices: 2371, facets final: 9892, pending: 15912
I   90.08] Elapsed: 1:30, vertices: 2395, facets final: 11293, pending: 14460
I   91.08] recalculating facets...
I   95.08] Elapsed: 1:35, vertices: 2415, facets final: 12685, pending: 13079
I  100.08] Elapsed: 1:40, vertices: 2428, facets final: 14117, pending: 11610
I  105.08] Elapsed: 1:45, vertices: 2446, facets final: 15525, pending: 10216
I  110.08] Elapsed: 1:50, vertices: 2468, facets final: 16909, pending: 8842
I  115.08] Elapsed: 1:55, vertices: 2491, facets final: 18324, pending: 7385
I  120.08] Elapsed: 2:00, vertices: 2494, facets final: 19754, pending: 5950
I  125.08] Elapsed: 2:05, vertices: 2497, facets final: 21158, pending: 4567
I  130.08] Elapsed: 2:10, vertices: 2497, facets final: 22575, pending: 3150
I  135.08] Elapsed: 2:15, vertices: 2498, facets final: 23975, pending: 1749
I  140.08] Elapsed: 2:20, vertices: 2499, facets final: 25396, pending: 327
I  141.20] Elapsed: 2:21, vertices: 2499, facets final: 25723, pending: 0

--------------------------------
Problem completed
 name                    36.vlp
 output                  vlp/36.res
 rows, cols, objs        12, 7264, 10
 vertices, facets        2499, 25723
 total time              2:21
--------------------------------
Statistics
LP:
 oracle calls            28222
   avg iterations/calls  6.11
 total oracle time       1:39
Combinatorics:
 vertices added          2499
 facets probed           28222
 facets # max            29888
 memory allocated        29.71M
 storage expansion
   vertices # / upto     20 / 2556
   facets   # / upto     8 / 32764
 facet manipulating
   added avg / max       116.32 / 1.27k
   compressed            181
 number of ridge tests
   avg / max             2.34M / 25.62M
--------------------------------
Parameters with non-default values
 OracleItLimit = 200000
 OracleTimeLimit = 60
