C applying rule 38.txt for base100.txt
I    0.66] recalculating facets...
I    1.36] recalculating facets...
I    2.35] recalculating facets...
recalculate_facet: numerical instability at facet 7311, coord 0 (1.18887e-06)
recalculate_facet: numerical instability at facet 7311, coord 2 (-1.68812e-06)
recalculate_facet: numerical instability at facet 7311, coord 3 (1.04932e-06)
recalculate_facet: numerical instability at facet 7311, coord 10 (2.02831e-06)
I    3.50] recalculating facets...
I    4.93] recalculating facets...
I    5.00] Elapsed: 5.00, vertices: 504, facets final: 56, pending: 14296
I    6.36] recalculating facets...
recalculate_facet: numerical instability at facet 6235, coord 0 (1.00961e-06)
recalculate_facet: numerical instability at facet 6235, coord 2 (-1.53846e-06)
recalculate_facet: numerical instability at facet 6235, coord 10 (1.20277e-06)
recalculate_facet: numerical instability at facet 7401, coord 0 (3.4998e-06)
recalculate_facet: numerical instability at facet 7401, coord 2 (-5.52143e-06)
recalculate_facet: numerical instability at facet 7401, coord 3 (1.75882e-06)
recalculate_facet: numerical instability at facet 7401, coord 10 (4.13139e-06)
recalculate_facet: numerical instability at facet 7633, coord 0 (3.14374e-06)
recalculate_facet: numerical instability at facet 7633, coord 2 (-5.52143e-06)
recalculate_facet: numerical instability at facet 7633, coord 3 (2.11488e-06)
recalculate_facet: numerical instability at facet 7633, coord 10 (4.48745e-06)
recalculate_facet: numerical instability at facet 8145, coord 0 (3.57817e-06)
recalculate_facet: numerical instability at facet 8145, coord 2 (-5.51464e-06)
recalculate_facet: numerical instability at facet 8145, coord 3 (1.47609e-06)
recalculate_facet: numerical instability at facet 8145, coord 10 (3.96991e-06)
I    7.84] recalculating facets...
recalculate_facet: numerical instability at facet 4975, coord 0 (1.30541e-06)
recalculate_facet: numerical instability at facet 4975, coord 2 (-2.21626e-06)
recalculate_facet: numerical instability at facet 4975, coord 10 (1.8821e-06)
recalculate_facet: numerical instability at facet 9258, coord 0 (-6.08895e-06)
recalculate_facet: numerical instability at facet 9258, coord 1 (1.3117e-06)
recalculate_facet: numerical instability at facet 9258, coord 2 (1.10136e-05)
recalculate_facet: numerical instability at facet 9258, coord 3 (-4.429e-06)
recalculate_facet: numerical instability at facet 9258, coord 5 (-1.13848e-06)
recalculate_facet: numerical instability at facet 9258, coord 8 (-1.00235e-06)
recalculate_facet: numerical instability at facet 9258, coord 10 (-9.33256e-06)
recalculate_facet: numerical instability at facet 9266, coord 0 (-5.79938e-06)
recalculate_facet: numerical instability at facet 9266, coord 2 (1.02266e-05)
recalculate_facet: numerical instability at facet 9266, coord 3 (-3.98051e-06)
recalculate_facet: numerical instability at facet 9266, coord 5 (-1.05973e-06)
recalculate_facet: numerical instability at facet 9266, coord 10 (-8.36351e-06)
recalculate_facet: numerical instability at facet 9267, coord 0 (-5.63106e-06)
recalculate_facet: numerical instability at facet 9267, coord 2 (9.94483e-06)
recalculate_facet: numerical instability at facet 9267, coord 3 (-3.85274e-06)
recalculate_facet: numerical instability at facet 9267, coord 5 (-1.04044e-06)
recalculate_facet: numerical instability at facet 9267, coord 10 (-8.1474e-06)
recalculate_facet: numerical instability at facet 9568, coord 0 (5.62326e-06)
recalculate_facet: numerical instability at facet 9568, coord 1 (-4.16563e-06)
recalculate_facet: numerical instability at facet 9568, coord 2 (-9.27213e-06)
recalculate_facet: numerical instability at facet 9568, coord 3 (7.09901e-06)
recalculate_facet: numerical instability at facet 9568, coord 10 (1.07298e-05)
I    9.43] recalculating facets...
recalculate_facet: numerical instability at facet 17937, coord 2 (-1.0188e-06)
I   10.00] Elapsed: 10.00, vertices: 833, facets final: 113, pending: 17646
I   11.24] recalculating facets...
recalculate_facet: numerical instability at facet 6299, coord 0 (-1.07939e-05)
recalculate_facet: numerical instability at facet 6299, coord 1 (1.22125e-06)
recalculate_facet: numerical instability at facet 6299, coord 2 (1.8502e-05)
recalculate_facet: numerical instability at facet 6299, coord 3 (-8.35367e-06)
recalculate_facet: numerical instability at facet 6299, coord 5 (-1.00373e-06)
recalculate_facet: numerical instability at facet 6299, coord 10 (-1.59798e-05)
recalculate_facet: numerical instability at facet 11603, coord 2 (-1.0341e-06)
recalculate_facet: numerical instability at facet 11603, coord 10 (1.19855e-06)
recalculate_facet: numerical instability at facet 12092, coord 2 (-1.0341e-06)
recalculate_facet: numerical instability at facet 12447, coord 0 (4.09302e-06)
recalculate_facet: numerical instability at facet 12447, coord 2 (-6.89758e-06)
recalculate_facet: numerical instability at facet 12447, coord 3 (2.42965e-06)
recalculate_facet: numerical instability at facet 12447, coord 10 (5.20542e-06)
I   12.81] recalculating facets...
recalculate_facet: numerical instability at facet 857, coord 2 (-1.14968e-06)
recalculate_facet: numerical instability at facet 857, coord 3 (2.72458e-06)
recalculate_facet: numerical instability at facet 857, coord 4 (-1.61703e-06)
recalculate_facet: numerical instability at facet 857, coord 10 (3.62367e-06)
recalculate_facet: numerical instability at facet 870, coord 10 (1.43729e-06)
recalculate_facet: numerical instability at facet 4387, coord 0 (-1.43539e-06)
recalculate_facet: numerical instability at facet 4387, coord 2 (2.9118e-06)
recalculate_facet: numerical instability at facet 4387, coord 3 (-1.95193e-06)
recalculate_facet: numerical instability at facet 4387, coord 10 (-3.41076e-06)
recalculate_facet: numerical instability at facet 6117, coord 0 (5.15042e-06)
recalculate_facet: numerical instability at facet 6117, coord 2 (-8.79072e-06)
recalculate_facet: numerical instability at facet 6117, coord 3 (3.22792e-06)
recalculate_facet: numerical instability at facet 6117, coord 10 (7.09765e-06)
recalculate_facet: numerical instability at facet 6123, coord 0 (4.40762e-06)
recalculate_facet: numerical instability at facet 6123, coord 2 (-7.56081e-06)
recalculate_facet: numerical instability at facet 6123, coord 3 (2.76433e-06)
recalculate_facet: numerical instability at facet 6123, coord 10 (6.11646e-06)
I   14.73] recalculating facets...
recalculate_facet: numerical instability at facet 12704, coord 0 (5.71348e-06)
recalculate_facet: numerical instability at facet 12704, coord 2 (-9.20149e-06)
recalculate_facet: numerical instability at facet 12704, coord 3 (3.00672e-06)
recalculate_facet: numerical instability at facet 12704, coord 10 (6.77469e-06)
I   15.00] Elapsed: 15.00, vertices: 1113, facets final: 193, pending: 18080
I   16.48] recalculating facets...
recalculate_facet: numerical instability at facet 4395, coord 0 (-2.40277e-06)
recalculate_facet: numerical instability at facet 4395, coord 2 (3.87447e-06)
recalculate_facet: numerical instability at facet 4395, coord 3 (-1.07204e-06)
recalculate_facet: numerical instability at facet 4395, coord 10 (-2.553e-06)
recalculate_facet: numerical instability at facet 19045, coord 0 (1.34397e-06)
recalculate_facet: numerical instability at facet 19045, coord 1 (-2.25727e-06)
recalculate_facet: numerical instability at facet 19045, coord 2 (-2.28988e-06)
recalculate_facet: numerical instability at facet 19045, coord 3 (3.07767e-06)
recalculate_facet: numerical instability at facet 19045, coord 10 (3.98155e-06)
recalculate_facet: numerical instability at facet 19046, coord 0 (0.000101465)
recalculate_facet: numerical instability at facet 19046, coord 1 (-0.000173493)
recalculate_facet: numerical instability at facet 19046, coord 2 (-0.000173525)
recalculate_facet: numerical instability at facet 19046, coord 3 (0.000240019)
recalculate_facet: numerical instability at facet 19046, coord 4 (-1.93905e-05)
recalculate_facet: numerical instability at facet 19046, coord 5 (2.49238e-05)
recalculate_facet: numerical instability at facet 19046, coord 10 (0.000311824)
recalculate_facet: numerical instability at facet 19048, coord 0 (1.3851e-06)
recalculate_facet: numerical instability at facet 19048, coord 1 (-2.32223e-06)
recalculate_facet: numerical instability at facet 19048, coord 2 (-2.35448e-06)
recalculate_facet: numerical instability at facet 19048, coord 3 (3.16576e-06)
recalculate_facet: numerical instability at facet 19048, coord 10 (4.10288e-06)
recalculate_facet: numerical instability at facet 19049, coord 2 (-2.46366e-06)
recalculate_facet: numerical instability at facet 19049, coord 3 (2.43006e-06)
recalculate_facet: numerical instability at facet 19049, coord 10 (2.44246e-06)
recalculate_facet: numerical instability at facet 19050, coord 2 (-2.53175e-06)
recalculate_facet: numerical instability at facet 19050, coord 3 (2.49631e-06)
recalculate_facet: numerical instability at facet 19050, coord 10 (2.51403e-06)
recalculate_facet: numerical instability at facet 19051, coord 2 (-0.000188477)
recalculate_facet: numerical instability at facet 19051, coord 3 (0.000188494)
recalculate_facet: numerical instability at facet 19051, coord 4 (-1.83639e-05)
recalculate_facet: numerical instability at facet 19051, coord 5 (1.84407e-05)
recalculate_facet: numerical instability at facet 19051, coord 10 (0.000188383)
recalculate_facet: numerical instability at facet 19746, coord 2 (1.28221e-06)
recalculate_facet: numerical instability at facet 19746, coord 10 (-1.03405e-06)
recalculate_facet: numerical instability at facet 19784, coord 2 (1.28221e-06)
recalculate_facet: numerical instability at facet 19784, coord 10 (-1.53228e-06)
I   18.43] recalculating facets...
recalculate_facet: numerical instability at facet 5339, coord 0 (2.91638e-06)
recalculate_facet: numerical instability at facet 5339, coord 2 (-4.9166e-06)
recalculate_facet: numerical instability at facet 5339, coord 3 (1.91316e-06)
recalculate_facet: numerical instability at facet 5339, coord 10 (3.91634e-06)
recalculate_facet: numerical instability at facet 5341, coord 0 (2.69146e-06)
recalculate_facet: numerical instability at facet 5341, coord 2 (-4.52072e-06)
recalculate_facet: numerical instability at facet 5341, coord 3 (1.5939e-06)
recalculate_facet: numerical instability at facet 5341, coord 10 (3.42807e-06)
I   20.00] Elapsed: 20.00, vertices: 1380, facets final: 264, pending: 18866
I   20.39] recalculating facets...
recalculate_facet: numerical instability at facet 19029, coord 0 (-1.88727e-06)
recalculate_facet: numerical instability at facet 19029, coord 1 (2.01547e-06)
recalculate_facet: numerical instability at facet 19029, coord 2 (1.87268e-06)
recalculate_facet: numerical instability at facet 19029, coord 3 (-1.75908e-06)
recalculate_facet: numerical instability at facet 19029, coord 10 (-1.74448e-06)
I   22.23] recalculating facets...
recalculate_facet: numerical instability at facet 5883, coord 0 (4.97433e-06)
recalculate_facet: numerical instability at facet 5883, coord 2 (-8.09794e-06)
recalculate_facet: numerical instability at facet 5883, coord 3 (2.4261e-06)
recalculate_facet: numerical instability at facet 5883, coord 10 (5.80216e-06)
recalculate_facet: numerical instability at facet 8155, coord 0 (-7.91556e-06)
recalculate_facet: numerical instability at facet 8155, coord 2 (1.33957e-05)
recalculate_facet: numerical instability at facet 8155, coord 3 (-5.28286e-06)
recalculate_facet: numerical instability at facet 8155, coord 10 (-1.12497e-05)
I   24.06] recalculating facets...
recalculate_facet: numerical instability at facet 3552, coord 0 (2.62572e-06)
recalculate_facet: numerical instability at facet 3552, coord 1 (-3.1223e-06)
recalculate_facet: numerical instability at facet 3552, coord 2 (-3.1223e-06)
recalculate_facet: numerical instability at facet 3552, coord 3 (2.12914e-06)
recalculate_facet: numerical instability at facet 3552, coord 5 (1.00578e-06)
recalculate_facet: numerical instability at facet 3552, coord 10 (2.62572e-06)
recalculate_facet: numerical instability at facet 3556, coord 0 (3.07216e-06)
recalculate_facet: numerical instability at facet 3556, coord 1 (-3.22848e-06)
recalculate_facet: numerical instability at facet 3556, coord 2 (-3.22848e-06)
recalculate_facet: numerical instability at facet 3556, coord 3 (1.95035e-06)
recalculate_facet: numerical instability at facet 3556, coord 4 (1.43446e-06)
recalculate_facet: numerical instability at facet 3556, coord 10 (3.07216e-06)
recalculate_facet: numerical instability at facet 12125, coord 0 (-4.3957e-06)
recalculate_facet: numerical instability at facet 12125, coord 2 (7.19565e-06)
recalculate_facet: numerical instability at facet 12125, coord 3 (-2.19129e-06)
recalculate_facet: numerical instability at facet 12125, coord 10 (-5.19684e-06)
recalculate_facet: numerical instability at facet 12140, coord 2 (-1.74272e-06)
recalculate_facet: numerical instability at facet 12140, coord 3 (1.40998e-06)
recalculate_facet: numerical instability at facet 12140, coord 10 (2.15035e-06)
I   25.00] Elapsed: 25.00, vertices: 1650, facets final: 390, pending: 19372
I   26.09] recalculating facets...
recalculate_facet: numerical instability at facet 11625, coord 0 (2.1392e-06)
recalculate_facet: numerical instability at facet 11625, coord 2 (-3.771e-06)
recalculate_facet: numerical instability at facet 11625, coord 3 (1.65643e-06)
recalculate_facet: numerical instability at facet 11625, coord 10 (3.4031e-06)
I   28.15] recalculating facets...
recalculate_facet: numerical instability at facet 5086, coord 2 (-1.22156e-06)
recalculate_facet: numerical instability at facet 5086, coord 10 (1.46251e-06)
recalculate_facet: numerical instability at facet 5163, coord 2 (-1.21901e-06)
recalculate_facet: numerical instability at facet 10853, coord 0 (6.67275e-06)
recalculate_facet: numerical instability at facet 10853, coord 2 (-1.14665e-05)
recalculate_facet: numerical instability at facet 10853, coord 3 (4.54134e-06)
recalculate_facet: numerical instability at facet 10853, coord 10 (9.39744e-06)
recalculate_facet: numerical instability at facet 10934, coord 0 (6.68668e-06)
recalculate_facet: numerical instability at facet 10934, coord 1 (-4.38003e-06)
recalculate_facet: numerical instability at facet 10934, coord 2 (-1.14904e-05)
recalculate_facet: numerical instability at facet 10934, coord 3 (8.93085e-06)
recalculate_facet: numerical instability at facet 10934, coord 10 (1.37971e-05)
I   30.00] Elapsed: 30.00, vertices: 1878, facets final: 527, pending: 19159
I   30.44] recalculating facets...
recalculate_facet: numerical instability at facet 20166, coord 2 (-1.19231e-06)
recalculate_facet: numerical instability at facet 20170, coord 2 (-1.19231e-06)
recalculate_facet: numerical instability at facet 20170, coord 10 (1.3569e-06)
I   32.51] recalculating facets...
recalculate_facet: numerical instability at facet 1763, coord 2 (-1.04264e-06)
recalculate_facet: numerical instability at facet 1763, coord 10 (1.21944e-06)
recalculate_facet: numerical instability at facet 1833, coord 2 (-1.04264e-06)
recalculate_facet: numerical instability at facet 19594, coord 0 (3.66221e-06)
recalculate_facet: numerical instability at facet 19594, coord 1 (-2.90329e-06)
recalculate_facet: numerical instability at facet 19594, coord 2 (-5.78042e-06)
recalculate_facet: numerical instability at facet 19594, coord 3 (4.33094e-06)
recalculate_facet: numerical instability at facet 19594, coord 10 (6.53934e-06)
recalculate_facet: numerical instability at facet 19596, coord 0 (3.66221e-06)
recalculate_facet: numerical instability at facet 19596, coord 2 (-5.78042e-06)
recalculate_facet: numerical instability at facet 19596, coord 3 (1.42765e-06)
recalculate_facet: numerical instability at facet 19596, coord 10 (3.63605e-06)
I   34.42] recalculating facets...
I   35.00] Elapsed: 35.00, vertices: 2132, facets final: 683, pending: 17934
I   36.19] recalculating facets...
recalculate_facet: numerical instability at facet 505, coord 2 (1.76686e-06)
recalculate_facet: numerical instability at facet 505, coord 10 (-1.49778e-06)
recalculate_facet: numerical instability at facet 1119, coord 2 (1.7662e-06)
recalculate_facet: numerical instability at facet 1119, coord 10 (-1.49357e-06)
recalculate_facet: numerical instability at facet 3528, coord 2 (-1.69677e-06)
recalculate_facet: numerical instability at facet 3528, coord 10 (1.57255e-06)
recalculate_facet: numerical instability at facet 3620, coord 2 (-1.69782e-06)
recalculate_facet: numerical instability at facet 3620, coord 10 (1.57365e-06)
recalculate_facet: numerical instability at facet 7102, coord 0 (-3.01248e-06)
recalculate_facet: numerical instability at facet 7102, coord 2 (4.91465e-06)
recalculate_facet: numerical instability at facet 7102, coord 3 (-1.13749e-06)
recalculate_facet: numerical instability at facet 7102, coord 10 (-3.03966e-06)
recalculate_facet: numerical instability at facet 7107, coord 0 (-8.94489e-06)
recalculate_facet: numerical instability at facet 7107, coord 2 (1.62529e-05)
recalculate_facet: numerical instability at facet 7107, coord 3 (-6.24805e-06)
recalculate_facet: numerical instability at facet 7107, coord 10 (-1.24488e-05)
recalculate_facet: numerical instability at facet 18788, coord 0 (-5.73875e-06)
recalculate_facet: numerical instability at facet 18788, coord 1 (1.04445e-05)
recalculate_facet: numerical instability at facet 18788, coord 2 (1.03558e-05)
recalculate_facet: numerical instability at facet 18788, coord 3 (-1.49914e-05)
recalculate_facet: numerical instability at facet 18788, coord 4 (1.59673e-06)
recalculate_facet: numerical instability at facet 18788, coord 5 (-1.66684e-06)
recalculate_facet: numerical instability at facet 18788, coord 10 (-1.96084e-05)
I   38.17] recalculating facets...
recalculate_facet: numerical instability at facet 2, coord 10 (-1.37775e-06)
recalculate_facet: numerical instability at facet 69, coord 0 (-6.63307e-06)
recalculate_facet: numerical instability at facet 69, coord 1 (1.07148e-05)
recalculate_facet: numerical instability at facet 69, coord 2 (1.06264e-05)
recalculate_facet: numerical instability at facet 69, coord 3 (-1.46464e-05)
recalculate_facet: numerical instability at facet 69, coord 10 (-2.02919e-05)
recalculate_facet: numerical instability at facet 412, coord 10 (-1.22953e-06)
recalculate_facet: numerical instability at facet 5994, coord 0 (2.68324e-06)
recalculate_facet: numerical instability at facet 5994, coord 2 (-3.78677e-06)
recalculate_facet: numerical instability at facet 5994, coord 3 (1.68066e-06)
recalculate_facet: numerical instability at facet 5994, coord 10 (4.35981e-06)
recalculate_facet: numerical instability at facet 5997, coord 0 (1.22139e-06)
recalculate_facet: numerical instability at facet 5997, coord 2 (-2.42124e-06)
recalculate_facet: numerical instability at facet 5997, coord 3 (1.0675e-06)
recalculate_facet: numerical instability at facet 5997, coord 10 (2.15368e-06)
recalculate_facet: numerical instability at facet 6062, coord 0 (2.6955e-06)
recalculate_facet: numerical instability at facet 6062, coord 2 (-3.79137e-06)
recalculate_facet: numerical instability at facet 6062, coord 3 (1.65326e-06)
recalculate_facet: numerical instability at facet 6062, coord 10 (4.3457e-06)
recalculate_facet: numerical instability at facet 6077, coord 0 (1.22109e-06)
recalculate_facet: numerical instability at facet 6077, coord 2 (-2.42252e-06)
recalculate_facet: numerical instability at facet 6077, coord 3 (1.07103e-06)
recalculate_facet: numerical instability at facet 6077, coord 10 (2.15671e-06)
I   40.00] Elapsed: 40.00, vertices: 2394, facets final: 927, pending: 15923
I   40.12] recalculating facets...
I   42.06] recalculating facets...
I   44.25] recalculating facets...
recalculate_facet: numerical instability at facet 8551, coord 0 (-1.31496e-05)
recalculate_facet: numerical instability at facet 8551, coord 2 (2.26639e-05)
recalculate_facet: numerical instability at facet 8551, coord 3 (-9.16021e-06)
recalculate_facet: numerical instability at facet 8551, coord 10 (-2.02343e-05)
recalculate_facet: numerical instability at facet 8609, coord 0 (-1.30305e-05)
recalculate_facet: numerical instability at facet 8609, coord 2 (2.2626e-05)
recalculate_facet: numerical instability at facet 8609, coord 3 (-9.46241e-06)
recalculate_facet: numerical instability at facet 8609, coord 10 (-2.03996e-05)
recalculate_facet: numerical instability at facet 8643, coord 0 (-1.3133e-05)
recalculate_facet: numerical instability at facet 8643, coord 2 (2.27355e-05)
recalculate_facet: numerical instability at facet 8643, coord 3 (-9.46935e-06)
recalculate_facet: numerical instability at facet 8643, coord 10 (-2.05075e-05)
recalculate_facet: numerical instability at facet 13375, coord 0 (-1.31496e-05)
recalculate_facet: numerical instability at facet 13375, coord 1 (2.26639e-05)
recalculate_facet: numerical instability at facet 13375, coord 2 (2.26639e-05)
recalculate_facet: numerical instability at facet 13375, coord 3 (-3.20462e-05)
recalculate_facet: numerical instability at facet 13375, coord 10 (-4.31203e-05)
recalculate_facet: numerical instability at facet 13421, coord 0 (-1.3133e-05)
recalculate_facet: numerical instability at facet 13421, coord 1 (2.27355e-05)
recalculate_facet: numerical instability at facet 13421, coord 2 (2.27355e-05)
recalculate_facet: numerical instability at facet 13421, coord 3 (-3.22049e-05)
recalculate_facet: numerical instability at facet 13421, coord 10 (-4.32431e-05)
recalculate_facet: numerical instability at facet 16524, coord 2 (1.4166e-06)
recalculate_facet: numerical instability at facet 16524, coord 10 (-1.26731e-06)
recalculate_facet: numerical instability at facet 17559, coord 0 (-5.68093e-06)
recalculate_facet: numerical instability at facet 17559, coord 1 (3.50185e-06)
recalculate_facet: numerical instability at facet 17559, coord 2 (1.01466e-05)
recalculate_facet: numerical instability at facet 17559, coord 3 (-7.86436e-06)
recalculate_facet: numerical instability at facet 17559, coord 10 (-1.23257e-05)
recalculate_facet: numerical instability at facet 17764, coord 0 (-1.72945e-06)
recalculate_facet: numerical instability at facet 17764, coord 1 (1.053e-06)
recalculate_facet: numerical instability at facet 17764, coord 2 (3.13237e-06)
recalculate_facet: numerical instability at facet 17764, coord 3 (-2.42879e-06)
recalculate_facet: numerical instability at facet 17764, coord 10 (-3.80881e-06)
recalculate_facet: numerical instability at facet 17765, coord 2 (1.09893e-06)
recalculate_facet: numerical instability at facet 17765, coord 10 (-1.33694e-06)
recalculate_facet: numerical instability at facet 17940, coord 0 (-7.42054e-05)
recalculate_facet: numerical instability at facet 17940, coord 1 (-4.99516e-06)
recalculate_facet: numerical instability at facet 17940, coord 2 (0.000132534)
recalculate_facet: numerical instability at facet 17940, coord 3 (-5.19957e-05)
recalculate_facet: numerical instability at facet 17940, coord 4 (-1.36492e-06)
recalculate_facet: numerical instability at facet 17940, coord 10 (-0.000110324)
I   45.00] Elapsed: 45.00, vertices: 2637, facets final: 1327, pending: 14028
I   46.25] recalculating facets...
recalculate_facet: numerical instability at facet 18400, coord 0 (-1.37767e-06)
recalculate_facet: numerical instability at facet 18400, coord 1 (3.86313e-06)
recalculate_facet: numerical instability at facet 18400, coord 2 (3.85397e-06)
recalculate_facet: numerical instability at facet 18400, coord 3 (-6.51425e-06)
recalculate_facet: numerical instability at facet 18400, coord 10 (-8.79338e-06)
recalculate_facet: numerical instability at facet 18406, coord 0 (-1.48682e-06)
recalculate_facet: numerical instability at facet 18406, coord 1 (3.92588e-06)
recalculate_facet: numerical instability at facet 18406, coord 2 (3.91667e-06)
recalculate_facet: numerical instability at facet 18406, coord 3 (-6.53222e-06)
recalculate_facet: numerical instability at facet 18406, coord 10 (-8.93789e-06)
I   48.32] recalculating facets...
recalculate_facet: numerical instability at facet 3947, coord 0 (8.73287e-06)
recalculate_facet: numerical instability at facet 3947, coord 1 (-4.27997e-06)
recalculate_facet: numerical instability at facet 3947, coord 2 (-1.67626e-05)
recalculate_facet: numerical instability at facet 3947, coord 3 (1.31706e-05)
recalculate_facet: numerical instability at facet 3947, coord 4 (5.74306e-06)
recalculate_facet: numerical instability at facet 3947, coord 5 (-6.60388e-06)
recalculate_facet: numerical instability at facet 3947, coord 10 (2.12156e-05)
recalculate_facet: numerical instability at facet 4015, coord 0 (8.73287e-06)
recalculate_facet: numerical instability at facet 4015, coord 2 (-1.67626e-05)
recalculate_facet: numerical instability at facet 4015, coord 3 (8.8906e-06)
recalculate_facet: numerical instability at facet 4015, coord 4 (5.74306e-06)
recalculate_facet: numerical instability at facet 4015, coord 5 (-6.60388e-06)
recalculate_facet: numerical instability at facet 4015, coord 10 (1.69356e-05)
I   50.00] Elapsed: 50.00, vertices: 2872, facets final: 1863, pending: 12033
I   50.98] recalculating facets...
I   54.29] recalculating facets...
I   55.00] Elapsed: 55.00, vertices: 3019, facets final: 2620, pending: 10484
I   58.08] recalculating facets...
I   60.00] Elapsed: 1:00, vertices: 3146, facets final: 3452, pending: 9123
I   62.93] recalculating facets...
I   65.00] Elapsed: 1:05, vertices: 3227, facets final: 4363, pending: 8033
I   70.00] Elapsed: 1:10, vertices: 3292, facets final: 5316, pending: 6905
I   71.18] recalculating facets...
I   75.00] Elapsed: 1:15, vertices: 3335, facets final: 6290, pending: 5802
I   80.00] Elapsed: 1:20, vertices: 3369, facets final: 7294, pending: 4708
I   85.00] Elapsed: 1:25, vertices: 3395, facets final: 8297, pending: 3649
I   86.20] recalculating facets...
I   90.00] Elapsed: 1:30, vertices: 3416, facets final: 9319, pending: 2586
I   95.00] Elapsed: 1:35, vertices: 3438, facets final: 10321, pending: 1549
I  100.00] Elapsed: 1:40, vertices: 3441, facets final: 11378, pending: 486
I  102.26] Elapsed: 1:42, vertices: 3441, facets final: 11864, pending: 0

--------------------------------
Problem completed
 name                    38.vlp
 output                  vlp/38.res
 rows, cols, objs        12, 7671, 10
 vertices, facets        3441, 11864
 total time              1:42
--------------------------------
Statistics
LP:
 oracle calls            15305
   avg iterations/calls  11.13
 total oracle time       1:13
Combinatorics:
 vertices added          3441
 facets probed           15305
 facets # max            19893
 memory allocated        26.75M
 instability warnings    297
 storage expansion
   vertices # / upto     27 / 3452
   facets   # / upto     5 / 20476
 facet manipulating
   added avg / max       57.26 / 469.00
   compressed            152
 number of ridge tests
   avg / max             796.62k / 7.10M
--------------------------------
Parameters with non-default values
 OracleItLimit = 200000
 OracleTimeLimit = 60
