C applying rule 42.txt for ineq.dw1
I    0.97] recalculating facets...
I    1.98] recalculating facets...
I    3.10] recalculating facets...
I    4.63] recalculating facets...
I    5.00] Elapsed: 5.00, vertices: 424, facets final: 505, pending: 6906
I    6.70] recalculating facets...
I    9.18] recalculating facets...
I   10.00] Elapsed: 10.00, vertices: 634, facets final: 1426, pending: 7076
I   11.50] recalculating facets...
I   14.06] recalculating facets...
I   15.00] Elapsed: 15.00, vertices: 829, facets final: 2303, pending: 6724
I   17.97] recalculating facets...
I   20.00] Elapsed: 20.00, vertices: 949, facets final: 3344, pending: 6031
I   22.29] recalculating facets...
I   25.00] Elapsed: 25.00, vertices: 1056, facets final: 4395, pending: 5136
I   27.69] recalculating facets...
I   30.00] Elapsed: 30.00, vertices: 1130, facets final: 5503, pending: 4152
I   34.39] recalculating facets...
I   35.00] Elapsed: 35.00, vertices: 1213, facets final: 6605, pending: 3180
I   40.00] Elapsed: 40.00, vertices: 1256, facets final: 7794, pending: 2008
I   44.55] recalculating facets...
I   45.00] Elapsed: 45.00, vertices: 1308, facets final: 8929, pending: 900
I   48.98] Elapsed: 48.98, vertices: 1389, facets final: 9903, pending: 0

--------------------------------
Problem completed
 name                    42.vlp
 output                  vlp/42.res
 rows, cols, objs        12, 6977, 10
 vertices, facets        1389, 9903
 total time              48.98
--------------------------------
Statistics
LP:
 oracle calls            11442
   avg iterations/calls  7.84
 total oracle time       43.73
Combinatorics:
 vertices added          1389
 facets probed           13780
 facets # max            9905
 memory allocated        9.04M
 storage expansion
   vertices # / upto     11 / 1404
   facets   # / upto     3 / 12284
 facet manipulating
   added avg / max       29.88 / 303.00
   compressed            37
 number of ridge tests
   avg / max             125.84k / 1.23M
--------------------------------
Parameters with non-default values
 OracleItLimit = 200000
 OracleTimeLimit = 60
 VertexPoolSize = 35
