C applying rule 43.txt for base100.txt
I    0.59] recalculating facets...
I    2.17] recalculating facets...
I    4.11] recalculating facets...
I    5.01] Elapsed: 5.01, vertices: 132, facets final: 36, pending: 11890, pool: 166
I    7.74] recalculating facets...
I   10.02] Elapsed: 10.02, vertices: 176, facets final: 47, pending: 18158, pool: 221
I   13.09] recalculating facets...
I   15.10] Elapsed: 15.10, vertices: 211, facets final: 57, pending: 21074, pool: 265
I   18.85] recalculating facets...
I   20.15] Elapsed: 20.15, vertices: 247, facets final: 67, pending: 21799, pool: 294
I   25.14] recalculating facets...
I   25.18] Elapsed: 25.18, vertices: 280, facets final: 79, pending: 24970, pool: 313
recalculate_facet: numerical instability at facet 38, coord 0 (3.30735e-06)
recalculate_facet: numerical instability at facet 38, coord 4 (-4.21609e-06)
recalculate_facet: numerical instability at facet 38, coord 10 (-1.50515e-06)
recalculate_facet: numerical instability at facet 58, coord 0 (1.41097e-06)
recalculate_facet: numerical instability at facet 58, coord 4 (-2.44691e-06)
recalculate_facet: numerical instability at facet 60, coord 0 (-2.18539e-06)
recalculate_facet: numerical instability at facet 60, coord 2 (1.55463e-06)
recalculate_facet: numerical instability at facet 60, coord 10 (-3.3231e-06)
recalculate_facet: numerical instability at facet 66, coord 0 (1.44063e-06)
recalculate_facet: numerical instability at facet 66, coord 4 (-2.49495e-06)
recalculate_facet: numerical instability at facet 36, coord 0 (1.2279e-06)
recalculate_facet: numerical instability at facet 36, coord 4 (-2.12941e-06)
recalculate_facet: numerical instability at facet 93, coord 0 (3.31053e-06)
recalculate_facet: numerical instability at facet 93, coord 4 (-4.21569e-06)
recalculate_facet: numerical instability at facet 93, coord 10 (-1.50706e-06)
recalculate_facet: numerical instability at facet 103, coord 0 (-2.83452e-06)
recalculate_facet: numerical instability at facet 103, coord 2 (1.95895e-06)
recalculate_facet: numerical instability at facet 103, coord 10 (-4.16228e-06)
recalculate_facet: numerical instability at facet 41, coord 0 (1.35463e-06)
recalculate_facet: numerical instability at facet 41, coord 4 (-2.3492e-06)
recalculate_facet: numerical instability at facet 70, coord 0 (-3.40583e-06)
recalculate_facet: numerical instability at facet 70, coord 2 (2.31213e-06)
recalculate_facet: numerical instability at facet 70, coord 3 (1.08643e-06)
recalculate_facet: numerical instability at facet 70, coord 10 (-3.94855e-06)
recalculate_facet: numerical instability at facet 83, coord 0 (3.30735e-06)
recalculate_facet: numerical instability at facet 83, coord 4 (-4.21609e-06)
recalculate_facet: numerical instability at facet 83, coord 10 (-1.50515e-06)
recalculate_facet: numerical instability at facet 101, coord 0 (-2.6078e-06)
recalculate_facet: numerical instability at facet 101, coord 2 (1.81601e-06)
recalculate_facet: numerical instability at facet 101, coord 10 (-3.15254e-06)
recalculate_facet: numerical instability at facet 92, coord 0 (5.18936e-06)
recalculate_facet: numerical instability at facet 92, coord 1 (1.3802e-06)
recalculate_facet: numerical instability at facet 92, coord 2 (-1.04876e-06)
recalculate_facet: numerical instability at facet 92, coord 4 (-5.44773e-06)
recalculate_facet: numerical instability at facet 92, coord 10 (-2.48484e-06)
I   30.20] Elapsed: 30.20, vertices: 307, facets final: 86, pending: 23796, pool: 324
I   32.01] recalculating facets...
I   35.26] Elapsed: 35.26, vertices: 342, facets final: 97, pending: 23228, pool: 329
recalculate_facet: numerical instability at facet 60, coord 0 (-7.95047e-06)
recalculate_facet: numerical instability at facet 60, coord 3 (-1.88744e-06)
recalculate_facet: numerical instability at facet 60, coord 4 (1.1132e-05)
recalculate_facet: numerical instability at facet 60, coord 10 (5.03718e-06)
recalculate_facet: numerical instability at facet 75, coord 0 (-8.13446e-06)
recalculate_facet: numerical instability at facet 75, coord 3 (-1.92242e-06)
recalculate_facet: numerical instability at facet 75, coord 4 (1.13736e-05)
recalculate_facet: numerical instability at facet 75, coord 10 (5.15346e-06)
I   37.72] recalculating facets...
I   40.26] Elapsed: 40.26, vertices: 376, facets final: 105, pending: 26193, pool: 320
I   44.59] recalculating facets...
I   45.26] Elapsed: 45.26, vertices: 402, facets final: 114, pending: 25822, pool: 335
recalculate_facet: numerical instability at facet 15, coord 0 (-2.01558e-06)
recalculate_facet: numerical instability at facet 15, coord 10 (-1.55819e-06)
I   50.29] Elapsed: 50.29, vertices: 435, facets final: 126, pending: 26364, pool: 339
I   51.09] recalculating facets...
I   55.29] Elapsed: 55.29, vertices: 466, facets final: 132, pending: 26529, pool: 328
I   57.30] recalculating facets...
I   60.29] Elapsed: 1:00, vertices: 499, facets final: 145, pending: 26092, pool: 343
I   63.29] recalculating facets...
recalculate_facet: numerical instability at facet 57, coord 0 (1.00974e-06)
I   65.36] Elapsed: 1:05, vertices: 532, facets final: 157, pending: 24573, pool: 335
I   69.21] recalculating facets...
recalculate_facet: numerical instability at facet 22, coord 0 (2.75343e-06)
recalculate_facet: numerical instability at facet 22, coord 3 (-2.07351e-06)
recalculate_facet: numerical instability at facet 22, coord 5 (1.37948e-06)
recalculate_facet: numerical instability at facet 22, coord 10 (1.06441e-06)
I   70.36] Elapsed: 1:10, vertices: 567, facets final: 175, pending: 24598, pool: 362
I   75.14] recalculating facets...
I   75.43] Elapsed: 1:15, vertices: 600, facets final: 204, pending: 24595, pool: 371
I   80.44] Elapsed: 1:20, vertices: 637, facets final: 219, pending: 24712, pool: 371
I   80.89] recalculating facets...
recalculate_facet: numerical instability at facet 78, coord 4 (1.30429e-06)
I   85.47] Elapsed: 1:25, vertices: 663, facets final: 231, pending: 25675, pool: 395
recalculate_facet: numerical instability at facet 11, coord 4 (1.0223e-06)
recalculate_facet: numerical instability at facet 18, coord 4 (1.25511e-06)
I   88.11] recalculating facets...
I   90.54] Elapsed: 1:31, vertices: 694, facets final: 249, pending: 25284, pool: 396
recalculate_facet: numerical instability at facet 2, coord 4 (1.26195e-06)
recalculate_facet: numerical instability at facet 4, coord 4 (1.19493e-06)
recalculate_facet: numerical instability at facet 7, coord 10 (1.63164e-06)
recalculate_facet: numerical instability at facet 12, coord 4 (-1.58884e-06)
recalculate_facet: numerical instability at facet 12, coord 5 (1.33228e-06)
recalculate_facet: numerical instability at facet 12, coord 10 (2.10929e-06)
I   94.31] recalculating facets...
I   95.56] Elapsed: 1:36, vertices: 728, facets final: 262, pending: 24347, pool: 396
I  100.57] Elapsed: 1:41, vertices: 759, facets final: 277, pending: 25453, pool: 394
I  100.70] recalculating facets...
I  105.63] Elapsed: 1:46, vertices: 788, facets final: 296, pending: 25152, pool: 399
I  107.40] recalculating facets...
I  110.67] Elapsed: 1:51, vertices: 820, facets final: 315, pending: 25270, pool: 400
I  113.65] recalculating facets...
I  115.69] Elapsed: 1:56, vertices: 854, facets final: 335, pending: 24200, pool: 398
I  119.54] recalculating facets...
I  120.82] Elapsed: 2:01, vertices: 887, facets final: 351, pending: 23557, pool: 399
I  125.20] recalculating facets...
I  125.88] Elapsed: 2:06, vertices: 923, facets final: 365, pending: 23394, pool: 394
I  130.94] Elapsed: 2:11, vertices: 959, facets final: 386, pending: 23093, pool: 398
I  130.96] recalculating facets...
I  136.00] Elapsed: 2:16, vertices: 992, facets final: 411, pending: 22852, pool: 400
I  136.91] recalculating facets...
I  141.02] Elapsed: 2:21, vertices: 1026, facets final: 438, pending: 22689, pool: 399
I  143.04] recalculating facets...
I  146.02] Elapsed: 2:26, vertices: 1059, facets final: 462, pending: 23128, pool: 399
I  149.20] recalculating facets...
I  151.09] Elapsed: 2:31, vertices: 1090, facets final: 491, pending: 23036, pool: 398
I  155.52] recalculating facets...
I  156.16] Elapsed: 2:36, vertices: 1124, facets final: 517, pending: 23187, pool: 397
I  161.16] Elapsed: 2:41, vertices: 1157, facets final: 544, pending: 23381, pool: 400
recalculate_facet: numerical instability at facet 2, coord 0 (-1.65868e-05)
recalculate_facet: numerical instability at facet 2, coord 2 (-2.32898e-06)
recalculate_facet: numerical instability at facet 2, coord 3 (-1.34489e-06)
recalculate_facet: numerical instability at facet 2, coord 4 (2.58694e-05)
recalculate_facet: numerical instability at facet 2, coord 5 (-3.07087e-06)
recalculate_facet: numerical instability at facet 2, coord 6 (-1.26892e-06)
recalculate_facet: numerical instability at facet 2, coord 7 (-1.26892e-06)
recalculate_facet: numerical instability at facet 2, coord 10 (1.13824e-05)
recalculate_facet: numerical instability at facet 2, coord 0 (-2.06072e-05)
recalculate_facet: numerical instability at facet 2, coord 1 (-3.25119e-06)
recalculate_facet: numerical instability at facet 2, coord 3 (1.59639e-06)
recalculate_facet: numerical instability at facet 2, coord 4 (2.45516e-05)
recalculate_facet: numerical instability at facet 2, coord 6 (-1.38928e-06)
recalculate_facet: numerical instability at facet 2, coord 7 (-1.38928e-06)
recalculate_facet: numerical instability at facet 2, coord 10 (1.37984e-05)
I  161.51] recalculating facets...
recalculate_facet: numerical instability at facet 1, coord 0 (1.04262e-05)
recalculate_facet: numerical instability at facet 1, coord 1 (2.29243e-06)
recalculate_facet: numerical instability at facet 1, coord 4 (-9.67475e-06)
recalculate_facet: numerical instability at facet 1, coord 5 (-2.13584e-06)
recalculate_facet: numerical instability at facet 1, coord 6 (-1.54919e-06)
recalculate_facet: numerical instability at facet 1, coord 10 (-9.36107e-06)
recalculate_facet: numerical instability at facet 2, coord 0 (8.39994e-06)
recalculate_facet: numerical instability at facet 2, coord 2 (1.92059e-06)
recalculate_facet: numerical instability at facet 2, coord 3 (2.28486e-06)
recalculate_facet: numerical instability at facet 2, coord 4 (-1.1505e-05)
recalculate_facet: numerical instability at facet 2, coord 6 (-1.70425e-06)
recalculate_facet: numerical instability at facet 2, coord 10 (-7.91562e-06)
recalculate_facet: numerical instability at facet 4, coord 0 (2.35705e-06)
recalculate_facet: numerical instability at facet 4, coord 4 (-3.14363e-06)
recalculate_facet: numerical instability at facet 4, coord 10 (-1.67684e-06)
I  166.24] Elapsed: 2:46, vertices: 1192, facets final: 571, pending: 23172, pool: 397
I  167.28] recalculating facets...
I  171.28] Elapsed: 2:51, vertices: 1226, facets final: 600, pending: 23212, pool: 400
I  173.05] recalculating facets...
I  176.28] Elapsed: 2:56, vertices: 1260, facets final: 640, pending: 23623, pool: 398
I  179.52] recalculating facets...
I  181.30] Elapsed: 3:01, vertices: 1291, facets final: 685, pending: 23497, pool: 400
I  185.67] recalculating facets...
I  186.33] Elapsed: 3:06, vertices: 1323, facets final: 723, pending: 23935, pool: 398
I  191.38] Elapsed: 3:11, vertices: 1357, facets final: 754, pending: 23685, pool: 399
I  191.72] recalculating facets...
I  196.38] Elapsed: 3:16, vertices: 1393, facets final: 790, pending: 23705, pool: 393
I  197.41] recalculating facets...
I  201.43] Elapsed: 3:21, vertices: 1427, facets final: 811, pending: 23530, pool: 398
I  203.23] recalculating facets...
recalculate_facet: numerical instability at facet 0, coord 10 (1.33349e-06)
I  206.46] Elapsed: 3:26, vertices: 1463, facets final: 848, pending: 23479, pool: 400
I  208.94] recalculating facets...
I  211.46] Elapsed: 3:31, vertices: 1497, facets final: 885, pending: 23056, pool: 399
I  215.14] recalculating facets...
I  216.46] Elapsed: 3:36, vertices: 1529, facets final: 929, pending: 23122, pool: 400
I  220.64] recalculating facets...
I  221.52] Elapsed: 3:42, vertices: 1565, facets final: 979, pending: 22949, pool: 397
I  226.53] Elapsed: 3:47, vertices: 1597, facets final: 1035, pending: 22529, pool: 399
I  226.82] recalculating facets...
I  231.67] Elapsed: 3:52, vertices: 1635, facets final: 1101, pending: 22449, pool: 392
I  232.30] recalculating facets...
I  236.69] Elapsed: 3:57, vertices: 1669, facets final: 1183, pending: 22054, pool: 398
I  238.15] recalculating facets...
I  241.74] Elapsed: 4:02, vertices: 1701, facets final: 1257, pending: 22093, pool: 398
I  244.55] recalculating facets...
I  246.74] Elapsed: 4:07, vertices: 1735, facets final: 1327, pending: 21762, pool: 400
I  250.08] recalculating facets...
I  251.78] Elapsed: 4:12, vertices: 1771, facets final: 1407, pending: 21628, pool: 400
I  255.92] recalculating facets...
I  256.87] Elapsed: 4:17, vertices: 1806, facets final: 1473, pending: 21625, pool: 400
recalculate_facet: numerical instability at facet 16, coord 0 (3.37704e-06)
recalculate_facet: numerical instability at facet 16, coord 4 (-3.72959e-06)
recalculate_facet: numerical instability at facet 20, coord 0 (3.30465e-06)
recalculate_facet: numerical instability at facet 20, coord 4 (-3.76865e-06)
I  261.69] recalculating facets...
I  261.87] Elapsed: 4:22, vertices: 1841, facets final: 1540, pending: 21592, pool: 400
I  266.87] Elapsed: 4:27, vertices: 1875, facets final: 1592, pending: 21762, pool: 400
I  267.42] recalculating facets...
I  271.94] Elapsed: 4:32, vertices: 1912, facets final: 1653, pending: 21258, pool: 400
I  272.93] recalculating facets...
I  276.94] Elapsed: 4:37, vertices: 1946, facets final: 1725, pending: 21198, pool: 398
recalculate_facet: numerical instability at facet 7, coord 0 (-9.48538e-06)
recalculate_facet: numerical instability at facet 7, coord 3 (-1.20351e-06)
recalculate_facet: numerical instability at facet 7, coord 4 (1.07692e-05)
recalculate_facet: numerical instability at facet 7, coord 10 (2.24729e-06)
recalculate_facet: numerical instability at facet 8, coord 0 (-9.45158e-06)
recalculate_facet: numerical instability at facet 8, coord 3 (-1.25499e-06)
recalculate_facet: numerical instability at facet 8, coord 4 (1.08376e-05)
recalculate_facet: numerical instability at facet 8, coord 10 (2.23895e-06)
I  279.07] recalculating facets...
I  281.97] Elapsed: 4:42, vertices: 1978, facets final: 1849, pending: 20998, pool: 399
recalculate_facet: numerical instability at facet 5, coord 0 (-1.21396e-06)
recalculate_facet: numerical instability at facet 5, coord 4 (1.37973e-06)
recalculate_facet: numerical instability at facet 7, coord 0 (-1.20884e-06)
recalculate_facet: numerical instability at facet 7, coord 4 (1.39011e-06)
I  284.82] recalculating facets...
I  286.98] Elapsed: 4:47, vertices: 2015, facets final: 1947, pending: 20688, pool: 393
I  290.47] recalculating facets...
I  292.06] Elapsed: 4:52, vertices: 2050, facets final: 2064, pending: 20325, pool: 400
I  296.29] recalculating facets...
I  297.09] Elapsed: 4:57, vertices: 2084, facets final: 2214, pending: 19993, pool: 399
recalculate_facet: numerical instability at facet 1, coord 0 (9.36457e-06)
recalculate_facet: numerical instability at facet 1, coord 3 (1.24132e-06)
recalculate_facet: numerical instability at facet 1, coord 4 (-1.07347e-05)
recalculate_facet: numerical instability at facet 1, coord 10 (-2.20398e-06)
recalculate_facet: numerical instability at facet 2, coord 0 (9.41345e-06)
recalculate_facet: numerical instability at facet 2, coord 3 (1.19096e-06)
recalculate_facet: numerical instability at facet 2, coord 4 (-1.06819e-05)
recalculate_facet: numerical instability at facet 2, coord 10 (-2.21591e-06)
I  301.90] recalculating facets...
I  302.12] Elapsed: 5:02, vertices: 2120, facets final: 2353, pending: 19483, pool: 398
I  307.20] Elapsed: 5:07, vertices: 2153, facets final: 2531, pending: 18945, pool: 400
I  308.03] recalculating facets...
I  312.24] Elapsed: 5:12, vertices: 2185, facets final: 2702, pending: 18523, pool: 399
I  314.21] recalculating facets...
I  317.24] Elapsed: 5:17, vertices: 2219, facets final: 2850, pending: 18201, pool: 381
I  320.19] recalculating facets...
I  322.31] Elapsed: 5:22, vertices: 2257, facets final: 3042, pending: 17787, pool: 376
I  324.90] recalculating facets...
I  327.37] Elapsed: 5:27, vertices: 2298, facets final: 3289, pending: 17344, pool: 369
I  329.95] recalculating facets...
I  332.42] Elapsed: 5:32, vertices: 2339, facets final: 3560, pending: 16709, pool: 368
I  335.43] recalculating facets...
I  337.42] Elapsed: 5:37, vertices: 2378, facets final: 3810, pending: 16285, pool: 363
I  339.97] recalculating facets...
I  342.42] Elapsed: 5:42, vertices: 2420, facets final: 4039, pending: 15856, pool: 344
I  345.06] recalculating facets...
I  347.42] Elapsed: 5:47, vertices: 2456, facets final: 4348, pending: 15643, pool: 329
I  350.15] recalculating facets...
I  352.46] Elapsed: 5:52, vertices: 2494, facets final: 4689, pending: 15207, pool: 324
I  356.01] recalculating facets...
I  357.46] Elapsed: 5:57, vertices: 2532, facets final: 4956, pending: 14755, pool: 307
I  361.06] recalculating facets...
I  362.50] Elapsed: 6:03, vertices: 2567, facets final: 5342, pending: 14233, pool: 298
I  366.54] recalculating facets...
I  367.57] Elapsed: 6:08, vertices: 2607, facets final: 5740, pending: 13620, pool: 276
I  371.90] recalculating facets...
I  372.57] Elapsed: 6:13, vertices: 2644, facets final: 6178, pending: 12987, pool: 259
I  376.84] recalculating facets...
I  377.57] Elapsed: 6:18, vertices: 2686, facets final: 6607, pending: 12345, pool: 236
I  381.97] recalculating facets...
I  382.57] Elapsed: 6:23, vertices: 2725, facets final: 7141, pending: 11675, pool: 216
I  387.58] Elapsed: 6:28, vertices: 2755, facets final: 7797, pending: 10910, pool: 207
I  388.15] recalculating facets...
I  392.58] Elapsed: 6:33, vertices: 2786, facets final: 8457, pending: 10124, pool: 194
I  394.94] recalculating facets...
I  397.58] Elapsed: 6:38, vertices: 2822, facets final: 9172, pending: 9298, pool: 165
I  400.00] recalculating facets...
I  402.58] Elapsed: 6:43, vertices: 2855, facets final: 9958, pending: 8390, pool: 149
I  406.30] recalculating facets...
I  407.60] Elapsed: 6:48, vertices: 2888, facets final: 10761, pending: 7514, pool: 125
I  412.60] Elapsed: 6:53, vertices: 2914, facets final: 11688, pending: 6528, pool: 110
I  413.90] recalculating facets...
I  417.60] Elapsed: 6:58, vertices: 2941, facets final: 12705, pending: 5414, pool: 86
I  421.52] recalculating facets...
I  422.60] Elapsed: 7:03, vertices: 2965, facets final: 13750, pending: 4310, pool: 65
I  427.60] Elapsed: 7:08, vertices: 2975, facets final: 14922, pending: 3125, pool: 58
I  432.60] Elapsed: 7:13, vertices: 2988, facets final: 15961, pending: 2065, pool: 48
I  437.60] Elapsed: 7:18, vertices: 2997, facets final: 17160, pending: 841, pool: 45
I  437.83] recalculating facets...
I  441.25] recalculating facets...
I  441.73] Elapsed: 7:22, vertices: 3052, facets final: 17929, pending: 0

--------------------------------
Problem completed
 name                    43.vlp
 output                  vlp/43.res
 rows, cols, objs        12, 7370, 10
 vertices, facets        3052, 17929
 total time              7:22
--------------------------------
Statistics
LP:
 oracle calls            23425
   avg iterations/calls  6.39
 total oracle time       1:40
Combinatorics:
 vertices added          3052
 facets probed           36228
 facets # max            27350
 memory allocated        33.19M
 instability warnings    114
 storage expansion
   vertices # / upto     24 / 3068
   facets   # / upto     7 / 28668
 facet manipulating
   added avg / max       125.34 / 1.58k
   compressed            149
 number of ridge tests
   avg / max             2.43M / 26.95M
--------------------------------
Parameters with non-default values
 ExactFacetEq = 1
 VertexPoolSize = 400
 RecalculateFacets = 40
 PolytopeEps = 7e-09
 ScaleEps = 1e-08
 LineqEps = 1e-07
 RoundEps = 1e-08
