C applying rule 45.txt for base100.txt
I    0.66] recalculating facets...
I    2.41] recalculating facets...
I    4.15] recalculating facets...
I    5.01] Elapsed: 5.01, vertices: 342, facets final: 46, pending: 17770
I    6.34] recalculating facets...
I   10.01] Elapsed: 10.01, vertices: 492, facets final: 84, pending: 27280
I   10.63] recalculating facets...
I   15.10] Elapsed: 15.10, vertices: 588, facets final: 125, pending: 34148
I   16.01] recalculating facets...
I   20.19] Elapsed: 20.19, vertices: 630, facets final: 142, pending: 40096
I   25.22] Elapsed: 25.22, vertices: 678, facets final: 167, pending: 45292
I   27.89] recalculating facets...
I   30.24] Elapsed: 30.24, vertices: 714, facets final: 181, pending: 49840
I   35.71] Elapsed: 35.71, vertices: 755, facets final: 195, pending: 56121
I   40.85] Elapsed: 40.85, vertices: 774, facets final: 208, pending: 58357
I   44.30] recalculating facets...
I   46.24] Elapsed: 46.24, vertices: 805, facets final: 220, pending: 59532
I   51.62] Elapsed: 51.62, vertices: 827, facets final: 223, pending: 62399
I   56.71] Elapsed: 56.71, vertices: 842, facets final: 229, pending: 64414
I   61.89] Elapsed: 1:02, vertices: 865, facets final: 239, pending: 66698
I   67.56] Elapsed: 1:08, vertices: 891, facets final: 253, pending: 69250
I   70.35] recalculating facets...
I   72.89] Elapsed: 1:13, vertices: 911, facets final: 258, pending: 71180
I   78.25] Elapsed: 1:18, vertices: 926, facets final: 264, pending: 71438
I   83.32] Elapsed: 1:23, vertices: 948, facets final: 274, pending: 72636
I   88.50] Elapsed: 1:29, vertices: 971, facets final: 281, pending: 77255
I   93.60] Elapsed: 1:34, vertices: 989, facets final: 289, pending: 77272
I   97.03] recalculating facets...
I   98.78] Elapsed: 1:39, vertices: 1005, facets final: 297, pending: 76938
I  104.34] Elapsed: 1:44, vertices: 1020, facets final: 302, pending: 76875
I  109.83] Elapsed: 1:50, vertices: 1034, facets final: 307, pending: 79341
I  114.88] Elapsed: 1:55, vertices: 1049, facets final: 314, pending: 81716
I  119.95] Elapsed: 2:00, vertices: 1062, facets final: 322, pending: 81566
I  125.10] Elapsed: 2:05, vertices: 1077, facets final: 336, pending: 80584
I  130.11] Elapsed: 2:10, vertices: 1093, facets final: 347, pending: 80411
I  130.91] recalculating facets...
I  135.48] Elapsed: 2:15, vertices: 1114, facets final: 361, pending: 81938
I  140.67] Elapsed: 2:21, vertices: 1131, facets final: 374, pending: 82599
I  146.29] Elapsed: 2:26, vertices: 1146, facets final: 387, pending: 83234
I  151.47] Elapsed: 2:31, vertices: 1153, facets final: 390, pending: 84449
I  156.53] Elapsed: 2:37, vertices: 1165, facets final: 397, pending: 83804
I  161.80] Elapsed: 2:42, vertices: 1183, facets final: 405, pending: 86225
I  165.58] recalculating facets...
I  167.20] Elapsed: 2:47, vertices: 1204, facets final: 427, pending: 87462
I  172.42] Elapsed: 2:52, vertices: 1219, facets final: 443, pending: 86219
I  177.47] Elapsed: 2:57, vertices: 1236, facets final: 463, pending: 86697
I  182.55] Elapsed: 3:03, vertices: 1252, facets final: 484, pending: 85995
I  187.90] Elapsed: 3:08, vertices: 1269, facets final: 503, pending: 86365
I  193.19] Elapsed: 3:13, vertices: 1286, facets final: 531, pending: 86066
I  196.21] recalculating facets...
I  198.27] Elapsed: 3:18, vertices: 1310, facets final: 570, pending: 86738
I  203.99] Elapsed: 3:24, vertices: 1326, facets final: 586, pending: 87777
I  208.99] Elapsed: 3:29, vertices: 1341, facets final: 606, pending: 87723
I  214.51] Elapsed: 3:35, vertices: 1366, facets final: 658, pending: 87982
I  219.67] Elapsed: 3:40, vertices: 1387, facets final: 697, pending: 88400
I  223.18] recalculating facets...
I  224.78] Elapsed: 3:45, vertices: 1403, facets final: 720, pending: 88193
I  229.85] Elapsed: 3:50, vertices: 1428, facets final: 758, pending: 88152
I  235.01] Elapsed: 3:55, vertices: 1455, facets final: 780, pending: 88802
I  240.13] Elapsed: 4:00, vertices: 1482, facets final: 816, pending: 88105
I  243.19] recalculating facets...
I  245.13] Elapsed: 4:05, vertices: 1514, facets final: 862, pending: 88274
I  250.16] Elapsed: 4:10, vertices: 1536, facets final: 895, pending: 88037
I  255.18] Elapsed: 4:15, vertices: 1570, facets final: 953, pending: 88603
I  260.29] Elapsed: 4:20, vertices: 1599, facets final: 998, pending: 88081
I  260.73] recalculating facets...
I  265.44] Elapsed: 4:25, vertices: 1626, facets final: 1032, pending: 87927
I  270.46] Elapsed: 4:30, vertices: 1655, facets final: 1079, pending: 87688
I  275.49] Elapsed: 4:35, vertices: 1682, facets final: 1155, pending: 87700
I  278.78] recalculating facets...
I  280.58] Elapsed: 4:41, vertices: 1710, facets final: 1197, pending: 87842
I  285.58] Elapsed: 4:46, vertices: 1742, facets final: 1263, pending: 87993
I  290.82] Elapsed: 4:51, vertices: 1769, facets final: 1326, pending: 88121
I  295.92] Elapsed: 4:56, vertices: 1800, facets final: 1387, pending: 88680
I  295.93] recalculating facets...
I  301.03] Elapsed: 5:01, vertices: 1820, facets final: 1441, pending: 88538
I  306.11] Elapsed: 5:06, vertices: 1849, facets final: 1494, pending: 88217
I  311.22] Elapsed: 5:11, vertices: 1882, facets final: 1593, pending: 87629
I  313.47] recalculating facets...
I  316.22] Elapsed: 5:16, vertices: 1923, facets final: 1718, pending: 87234
I  321.22] Elapsed: 5:21, vertices: 1952, facets final: 1850, pending: 86516
I  326.26] Elapsed: 5:26, vertices: 1988, facets final: 1915, pending: 86585
I  328.06] recalculating facets...
I  331.26] Elapsed: 5:31, vertices: 2029, facets final: 2043, pending: 86665
I  336.31] Elapsed: 5:36, vertices: 2070, facets final: 2176, pending: 86625
I  341.19] recalculating facets...
I  341.44] Elapsed: 5:41, vertices: 2101, facets final: 2241, pending: 87321
I  346.67] Elapsed: 5:47, vertices: 2139, facets final: 2344, pending: 86886
I  351.68] Elapsed: 5:52, vertices: 2180, facets final: 2472, pending: 86012
I  354.00] recalculating facets...
I  356.71] Elapsed: 5:57, vertices: 2225, facets final: 2617, pending: 85069
I  361.71] Elapsed: 6:02, vertices: 2265, facets final: 2771, pending: 84770
I  365.47] recalculating facets...
I  366.80] Elapsed: 6:07, vertices: 2308, facets final: 2919, pending: 84500
I  371.85] Elapsed: 6:12, vertices: 2352, facets final: 3142, pending: 84260
I  376.85] Elapsed: 6:17, vertices: 2397, facets final: 3306, pending: 83857
I  377.15] recalculating facets...
I  381.87] Elapsed: 6:22, vertices: 2438, facets final: 3497, pending: 83252
I  386.94] Elapsed: 6:27, vertices: 2485, facets final: 3709, pending: 82654
I  388.40] recalculating facets...
I  392.06] Elapsed: 6:32, vertices: 2534, facets final: 3924, pending: 82215
I  397.10] Elapsed: 6:37, vertices: 2587, facets final: 4137, pending: 81983
I  398.16] recalculating facets...
I  402.10] Elapsed: 6:42, vertices: 2641, facets final: 4395, pending: 81803
I  407.14] Elapsed: 6:47, vertices: 2686, facets final: 4672, pending: 80973
I  408.84] recalculating facets...
I  412.14] Elapsed: 6:52, vertices: 2734, facets final: 4986, pending: 80494
I  417.14] Elapsed: 6:57, vertices: 2787, facets final: 5399, pending: 79628
I  418.43] recalculating facets...
I  422.14] Elapsed: 7:02, vertices: 2842, facets final: 5854, pending: 79103
I  427.15] Elapsed: 7:07, vertices: 2884, facets final: 6445, pending: 78533
I  428.77] recalculating facets...
I  432.15] Elapsed: 7:12, vertices: 2939, facets final: 6971, pending: 78170
I  437.15] Elapsed: 7:17, vertices: 2988, facets final: 7602, pending: 77285
I  438.20] recalculating facets...
I  442.15] Elapsed: 7:22, vertices: 3037, facets final: 8336, pending: 76467
I  447.15] Elapsed: 7:27, vertices: 3084, facets final: 9070, pending: 75720
I  448.86] recalculating facets...
I  452.15] Elapsed: 7:32, vertices: 3140, facets final: 9742, pending: 74826
I  457.15] Elapsed: 7:37, vertices: 3189, facets final: 10539, pending: 73654
I  458.53] recalculating facets...
I  462.15] Elapsed: 7:42, vertices: 3231, facets final: 11376, pending: 72557
I  467.15] Elapsed: 7:47, vertices: 3273, facets final: 12377, pending: 71239
I  471.92] recalculating facets...
I  472.15] Elapsed: 7:52, vertices: 3301, facets final: 13474, pending: 69990
I  477.16] Elapsed: 7:57, vertices: 3338, facets final: 14582, pending: 68765
I  482.16] Elapsed: 8:02, vertices: 3360, facets final: 15749, pending: 67559
I  487.16] Elapsed: 8:07, vertices: 3390, facets final: 16892, pending: 66462
I  489.84] recalculating facets...
I  492.16] Elapsed: 8:12, vertices: 3410, facets final: 18049, pending: 65248
I  497.16] Elapsed: 8:17, vertices: 3431, facets final: 19217, pending: 64049
I  502.16] Elapsed: 8:22, vertices: 3452, facets final: 20403, pending: 62777
I  507.16] Elapsed: 8:27, vertices: 3474, facets final: 21600, pending: 61536
I  512.17] Elapsed: 8:32, vertices: 3497, facets final: 22819, pending: 60283
I  513.02] recalculating facets...
I  517.17] Elapsed: 8:37, vertices: 3516, facets final: 24005, pending: 59067
I  522.17] Elapsed: 8:42, vertices: 3534, facets final: 25210, pending: 57793
I  527.17] Elapsed: 8:47, vertices: 3551, facets final: 26451, pending: 56498
I  532.17] Elapsed: 8:52, vertices: 3560, facets final: 27739, pending: 55162
I  537.17] Elapsed: 8:57, vertices: 3571, facets final: 29024, pending: 53851
I  542.17] Elapsed: 9:02, vertices: 3586, facets final: 30307, pending: 52515
I  547.17] Elapsed: 9:07, vertices: 3594, facets final: 31611, pending: 51182
I  552.17] Elapsed: 9:12, vertices: 3598, facets final: 32933, pending: 49853
I  552.63] recalculating facets...
I  557.17] Elapsed: 9:17, vertices: 3607, facets final: 34192, pending: 48597
I  562.17] Elapsed: 9:22, vertices: 3612, facets final: 35522, pending: 47247
I  567.17] Elapsed: 9:27, vertices: 3620, facets final: 36813, pending: 45974
I  572.17] Elapsed: 9:32, vertices: 3625, facets final: 38137, pending: 44647
I  577.17] Elapsed: 9:37, vertices: 3632, facets final: 39467, pending: 43318
I  582.17] Elapsed: 9:42, vertices: 3633, facets final: 40807, pending: 41975
I  587.17] Elapsed: 9:47, vertices: 3636, facets final: 42161, pending: 40617
I  592.17] Elapsed: 9:52, vertices: 3637, facets final: 43519, pending: 39262
I  597.17] Elapsed: 9:57, vertices: 3642, facets final: 44842, pending: 37914
I  602.17] Elapsed: 10:02, vertices: 3653, facets final: 46123, pending: 36655
I  607.17] Elapsed: 10:07, vertices: 3657, facets final: 47465, pending: 35336
I  612.17] Elapsed: 10:12, vertices: 3660, facets final: 48821, pending: 33981
I  617.17] Elapsed: 10:17, vertices: 3665, facets final: 50150, pending: 32631
I  622.17] Elapsed: 10:22, vertices: 3666, facets final: 51506, pending: 31269
I  627.17] Elapsed: 10:27, vertices: 3668, facets final: 52844, pending: 29930
I  632.17] Elapsed: 10:32, vertices: 3672, facets final: 54182, pending: 28577
I  637.17] Elapsed: 10:37, vertices: 3673, facets final: 55526, pending: 27235
I  642.17] Elapsed: 10:42, vertices: 3676, facets final: 56886, pending: 25866
I  647.17] Elapsed: 10:47, vertices: 3679, facets final: 58230, pending: 24519
I  652.17] Elapsed: 10:52, vertices: 3682, facets final: 59585, pending: 23183
I  657.17] Elapsed: 10:57, vertices: 3685, facets final: 60921, pending: 21851
I  662.17] Elapsed: 11:02, vertices: 3687, facets final: 62254, pending: 20516
I  667.17] Elapsed: 11:07, vertices: 3690, facets final: 63604, pending: 19155
I  672.17] Elapsed: 11:12, vertices: 3692, facets final: 64941, pending: 17812
I  677.17] Elapsed: 11:17, vertices: 3696, facets final: 66263, pending: 16482
I  682.17] Elapsed: 11:22, vertices: 3698, facets final: 67604, pending: 15132
I  685.74] recalculating facets...
I  687.17] Elapsed: 11:27, vertices: 3703, facets final: 68906, pending: 13820
I  692.17] Elapsed: 11:32, vertices: 3704, facets final: 70248, pending: 12486
I  697.17] Elapsed: 11:37, vertices: 3707, facets final: 71580, pending: 11153
I  702.17] Elapsed: 11:42, vertices: 3707, facets final: 72915, pending: 9818
I  707.17] Elapsed: 11:47, vertices: 3710, facets final: 74244, pending: 8493
I  712.17] Elapsed: 11:52, vertices: 3712, facets final: 75586, pending: 7150
I  717.17] Elapsed: 11:57, vertices: 3712, facets final: 76937, pending: 5799
I  722.17] Elapsed: 12:02, vertices: 3713, facets final: 78294, pending: 4441
I  727.17] Elapsed: 12:07, vertices: 3713, facets final: 79649, pending: 3086
I  732.17] Elapsed: 12:12, vertices: 3713, facets final: 81037, pending: 1698
I  737.17] Elapsed: 12:17, vertices: 3716, facets final: 82407, pending: 333
I  738.33] Elapsed: 12:18, vertices: 3716, facets final: 82740, pending: 0

--------------------------------
Problem completed
 name                    45.vlp
 output                  vlp/45.res
 rows, cols, objs        12, 7299, 10
 vertices, facets        3716, 82740
 total time              12:18
--------------------------------
Statistics
LP:
 oracle calls            86456
   avg iterations/calls  6.15
 total oracle time       5:19
Combinatorics:
 vertices added          3716
 facets probed           86456
 facets # max            90085
 memory allocated        103.16M
 storage expansion
   vertices # / upto     30 / 3836
   facets   # / upto     22 / 90108
 facet manipulating
   added avg / max       191.70 / 3.07k
   compressed            394
 number of ridge tests
   avg / max             10.46M / 196.45M
--------------------------------
Parameters with non-default values
 OracleItLimit = 200000
 OracleTimeLimit = 60
