C applying rule 52d.txt for ineq.dw1
I    3.88] recalculating facets...
I    5.01] Elapsed: 5.01, vertices: 117, facets final: 702, pending: 319
I    9.84] Elapsed: 9.84, vertices: 185, facets final: 1424, pending: 0

--------------------------------
Problem completed
 name                    52d.vlp
 output                  vlp/52d.res
 rows, cols, objs        12, 7318, 10
 vertices, facets        185, 1424
 total time              9.84
--------------------------------
Statistics
LP:
 oracle calls            2773
   avg iterations/calls  7.65
 total oracle time       9.70
Combinatorics:
 vertices added          185
 facets probed           3941
 facets # max            1428
 memory allocated        2.18M
 storage expansion
   vertices # / upto     2 / 252
   facets   # / upto     1 / 4092
 facet manipulating
   added avg / max       36.89 / 205.00
   compressed            1
 number of ridge tests
   avg / max             20.76k / 92.08k
--------------------------------
Parameters with non-default values
 OracleItLimit = 200000
 OracleTimeLimit = 60
 VertexPoolSize = 35
