C applying rule 53b.txt for ineq.dw1
I    1.07] recalculating facets...
I    2.24] recalculating facets...
I    3.65] recalculating facets...
I    5.01] Elapsed: 5.01, vertices: 360, facets final: 120, pending: 11151
I    6.01] recalculating facets...
I    8.04] recalculating facets...
I   10.01] Elapsed: 10.01, vertices: 599, facets final: 205, pending: 10687
I   10.02] recalculating facets...
I   11.86] recalculating facets...
I   13.58] recalculating facets...
I   15.01] Elapsed: 15.01, vertices: 882, facets final: 478, pending: 7666
I   15.47] recalculating facets...
I   17.66] recalculating facets...
I   20.01] Elapsed: 20.01, vertices: 1050, facets final: 750, pending: 13469
I   22.49] recalculating facets...
I   25.02] Elapsed: 25.02, vertices: 1159, facets final: 850, pending: 16347
I   26.80] recalculating facets...
I   30.08] Elapsed: 30.08, vertices: 1266, facets final: 910, pending: 20153
I   32.26] recalculating facets...
I   35.08] Elapsed: 35.08, vertices: 1353, facets final: 967, pending: 21194
I   38.07] recalculating facets...
I   40.11] Elapsed: 40.11, vertices: 1435, facets final: 1031, pending: 18877
I   43.18] recalculating facets...
I   45.12] Elapsed: 45.12, vertices: 1544, facets final: 1156, pending: 17863
I   47.42] recalculating facets...
I   50.12] Elapsed: 50.12, vertices: 1681, facets final: 1323, pending: 15142
I   50.74] recalculating facets...
I   54.26] recalculating facets...
I   55.12] Elapsed: 55.12, vertices: 1821, facets final: 1572, pending: 14876
I   58.23] recalculating facets...
I   60.13] Elapsed: 1:00, vertices: 1951, facets final: 1919, pending: 14186
I   61.89] recalculating facets...
I   65.13] Elapsed: 1:05, vertices: 2092, facets final: 2370, pending: 12989
I   65.38] recalculating facets...
I   70.13] Elapsed: 1:10, vertices: 2196, facets final: 3073, pending: 11620
I   70.30] recalculating facets...
I   75.13] Elapsed: 1:15, vertices: 2271, facets final: 3880, pending: 10509
I   78.32] recalculating facets...
I   80.13] Elapsed: 1:20, vertices: 2318, facets final: 4775, pending: 9450
I   85.13] Elapsed: 1:25, vertices: 2359, facets final: 5705, pending: 8442
I   90.13] Elapsed: 1:30, vertices: 2374, facets final: 6714, pending: 7378
I   95.13] Elapsed: 1:35, vertices: 2391, facets final: 7711, pending: 6296
I   99.44] recalculating facets...
I  100.13] Elapsed: 1:40, vertices: 2401, facets final: 8728, pending: 5264
I  105.13] Elapsed: 1:45, vertices: 2409, facets final: 9756, pending: 4233
I  110.13] Elapsed: 1:50, vertices: 2416, facets final: 10783, pending: 3189
I  115.13] Elapsed: 1:55, vertices: 2425, facets final: 11767, pending: 2199
I  120.13] Elapsed: 2:00, vertices: 2436, facets final: 12608, pending: 1373
I  125.13] Elapsed: 2:05, vertices: 2449, facets final: 13608, pending: 364
I  126.70] Elapsed: 2:07, vertices: 2461, facets final: 13962, pending: 0

--------------------------------
Problem completed
 name                    53b.vlp
 output                  vlp/53b.res
 rows, cols, objs        12, 7701, 10
 vertices, facets        2461, 13962
 total time              2:07
--------------------------------
Statistics
LP:
 oracle calls            16919
   avg iterations/calls  11.62
 total oracle time       1:20
Combinatorics:
 vertices added          2461
 facets probed           18147
 facets # max            22255
 memory allocated        23.65M
 storage expansion
   vertices # / upto     20 / 2556
   facets   # / upto     6 / 24572
 facet manipulating
   added avg / max       125.68 / 1.32k
   compressed            153
 number of ridge tests
   avg / max             1.54M / 29.32M
--------------------------------
Parameters with non-default values
 OracleItLimit = 200000
 OracleTimeLimit = 60
 VertexPoolSize = 35
