C applying rule 53d.txt for ineq.dw1
I    1.26] recalculating facets...
I    2.52] recalculating facets...
I    4.48] recalculating facets...
I    5.00] Elapsed: 5.00, vertices: 318, facets final: 458, pending: 1748
I    6.70] recalculating facets...
I    9.23] recalculating facets...
I   10.00] Elapsed: 10.00, vertices: 543, facets final: 605, pending: 7037
I   10.88] recalculating facets...
I   13.71] recalculating facets...
I   15.00] Elapsed: 15.00, vertices: 720, facets final: 1395, pending: 2571
I   20.00] Elapsed: 20.00, vertices: 754, facets final: 2498, pending: 1336
I   25.00] Elapsed: 25.00, vertices: 778, facets final: 3575, pending: 189
I   25.71] Elapsed: 25.71, vertices: 780, facets final: 3760, pending: 0

--------------------------------
Problem completed
 name                    53d.vlp
 output                  vlp/53d.res
 rows, cols, objs        12, 7705, 10
 vertices, facets        780, 3760
 total time              25.71
--------------------------------
Statistics
LP:
 oracle calls            5013
   avg iterations/calls  8.59
 total oracle time       20.54
Combinatorics:
 vertices added          780
 facets probed           6178
 facets # max            10251
 memory allocated        6.58M
 storage expansion
   vertices # / upto     7 / 892
   facets   # / upto     3 / 12284
 facet manipulating
   added avg / max       148.89 / 1.32k
   compressed            46
 number of ridge tests
   avg / max             806.78k / 8.04M
--------------------------------
Parameters with non-default values
 OracleItLimit = 200000
 OracleTimeLimit = 60
 VertexPoolSize = 35
