C applying rule 20.txt for base40.txt
I    5.00] Elapsed: 5.00, vertices: 125, facets final: 45, pending: 2448, pool: 120
I   10.00] Elapsed: 10.00, vertices: 224, facets final: 144, pending: 3932, pool: 137
I   15.00] Elapsed: 15.00, vertices: 294, facets final: 258, pending: 4970, pool: 155
I   20.00] Elapsed: 20.00, vertices: 351, facets final: 347, pending: 5742, pool: 182
I   25.00] Elapsed: 25.00, vertices: 400, facets final: 438, pending: 6404, pool: 199
I   30.06] Elapsed: 30.06, vertices: 449, facets final: 523, pending: 7035, pool: 196
I   35.09] Elapsed: 35.09, vertices: 492, facets final: 633, pending: 7464, pool: 197
I   40.15] Elapsed: 40.15, vertices: 533, facets final: 745, pending: 7829, pool: 190
I   45.22] Elapsed: 45.22, vertices: 570, facets final: 847, pending: 8087, pool: 191
I   50.27] Elapsed: 50.27, vertices: 601, facets final: 977, pending: 8309, pool: 194
I   55.27] Elapsed: 55.27, vertices: 633, facets final: 1102, pending: 8507, pool: 195
I   60.28] Elapsed: 1:00, vertices: 663, facets final: 1255, pending: 8478, pool: 200
I   65.28] Elapsed: 1:05, vertices: 695, facets final: 1380, pending: 8623, pool: 190
I   70.28] Elapsed: 1:10, vertices: 727, facets final: 1511, pending: 8878, pool: 184
I   75.28] Elapsed: 1:15, vertices: 752, facets final: 1684, pending: 9164, pool: 188
I   80.36] Elapsed: 1:20, vertices: 777, facets final: 1838, pending: 9555, pool: 199
I   85.47] Elapsed: 1:25, vertices: 805, facets final: 1940, pending: 10090, pool: 198
I   90.61] Elapsed: 1:31, vertices: 831, facets final: 2076, pending: 10342, pool: 200
I   95.61] Elapsed: 1:36, vertices: 857, facets final: 2189, pending: 10558, pool: 200
I  100.61] Elapsed: 1:41, vertices: 883, facets final: 2285, pending: 10803, pool: 198
I  105.61] Elapsed: 1:46, vertices: 907, facets final: 2381, pending: 11165, pool: 197
I  110.65] Elapsed: 1:51, vertices: 929, facets final: 2521, pending: 11242, pool: 195
I  115.76] Elapsed: 1:56, vertices: 948, facets final: 2684, pending: 11262, pool: 199
I  120.82] Elapsed: 2:01, vertices: 968, facets final: 2856, pending: 11367, pool: 194
I  125.84] Elapsed: 2:06, vertices: 984, facets final: 3079, pending: 11289, pool: 199
I  130.85] Elapsed: 2:11, vertices: 1005, facets final: 3242, pending: 11338, pool: 199
I  135.86] Elapsed: 2:16, vertices: 1025, facets final: 3404, pending: 11393, pool: 195
I  140.87] Elapsed: 2:21, vertices: 1045, facets final: 3568, pending: 11377, pool: 194
I  145.87] Elapsed: 2:26, vertices: 1062, facets final: 3777, pending: 11256, pool: 197
I  151.01] Elapsed: 2:31, vertices: 1080, facets final: 3990, pending: 11183, pool: 193
I  156.01] Elapsed: 2:36, vertices: 1097, facets final: 4199, pending: 11111, pool: 192
I  161.02] Elapsed: 2:41, vertices: 1114, facets final: 4399, pending: 11116, pool: 194
I  166.11] Elapsed: 2:46, vertices: 1131, facets final: 4612, pending: 10969, pool: 194
I  171.18] Elapsed: 2:51, vertices: 1147, facets final: 4850, pending: 10791, pool: 186
I  176.18] Elapsed: 2:56, vertices: 1164, facets final: 5071, pending: 10665, pool: 179
I  181.25] Elapsed: 3:01, vertices: 1177, facets final: 5354, pending: 10470, pool: 176
I  186.29] Elapsed: 3:06, vertices: 1191, facets final: 5623, pending: 10329, pool: 169
I  191.30] Elapsed: 3:11, vertices: 1205, facets final: 5886, pending: 10147, pool: 164
I  196.37] Elapsed: 3:16, vertices: 1217, facets final: 6180, pending: 9921, pool: 168
I  201.51] Elapsed: 3:22, vertices: 1230, facets final: 6472, pending: 9787, pool: 168
I  206.51] Elapsed: 3:27, vertices: 1240, facets final: 6777, pending: 9554, pool: 168
I  211.51] Elapsed: 3:32, vertices: 1253, facets final: 7040, pending: 9377, pool: 169
I  216.51] Elapsed: 3:37, vertices: 1269, facets final: 7261, pending: 9340, pool: 172
I  221.51] Elapsed: 3:42, vertices: 1281, facets final: 7504, pending: 9343, pool: 179
I  226.54] Elapsed: 3:47, vertices: 1292, facets final: 7728, pending: 9318, pool: 197
I  231.69] Elapsed: 3:52, vertices: 1309, facets final: 7831, pending: 9703, pool: 198
I  236.69] Elapsed: 3:57, vertices: 1324, facets final: 7967, pending: 9961, pool: 199
I  241.69] Elapsed: 4:02, vertices: 1341, facets final: 8051, pending: 10198, pool: 197
I  246.70] Elapsed: 4:07, vertices: 1356, facets final: 8209, pending: 10301, pool: 199
I  251.84] Elapsed: 4:12, vertices: 1372, facets final: 8346, pending: 10407, pool: 196
I  256.84] Elapsed: 4:17, vertices: 1388, facets final: 8486, pending: 10846, pool: 198
I  261.84] Elapsed: 4:22, vertices: 1401, facets final: 8642, pending: 10863, pool: 199
I  267.07] Elapsed: 4:27, vertices: 1419, facets final: 8753, pending: 10891, pool: 198
I  272.09] Elapsed: 4:32, vertices: 1436, facets final: 8879, pending: 10893, pool: 195
I  277.21] Elapsed: 4:37, vertices: 1449, facets final: 9073, pending: 10835, pool: 200
I  282.25] Elapsed: 4:42, vertices: 1463, facets final: 9246, pending: 10925, pool: 200
I  287.25] Elapsed: 4:47, vertices: 1476, facets final: 9450, pending: 10920, pool: 198
I  292.25] Elapsed: 4:52, vertices: 1491, facets final: 9616, pending: 10814, pool: 192
I  297.40] Elapsed: 4:57, vertices: 1503, facets final: 9830, pending: 10702, pool: 191
I  302.40] Elapsed: 5:02, vertices: 1517, facets final: 10012, pending: 10620, pool: 190
I  307.40] Elapsed: 5:07, vertices: 1531, facets final: 10207, pending: 10478, pool: 183
I  312.40] Elapsed: 5:12, vertices: 1541, facets final: 10491, pending: 10282, pool: 175
I  317.41] Elapsed: 5:17, vertices: 1554, facets final: 10709, pending: 10130, pool: 176
I  322.42] Elapsed: 5:22, vertices: 1563, facets final: 11007, pending: 9868, pool: 172
I  327.42] Elapsed: 5:27, vertices: 1572, facets final: 11306, pending: 9633, pool: 169
I  332.55] Elapsed: 5:33, vertices: 1583, facets final: 11593, pending: 9388, pool: 164
I  337.55] Elapsed: 5:38, vertices: 1597, facets final: 11831, pending: 9283, pool: 155
I  342.55] Elapsed: 5:43, vertices: 1609, facets final: 12082, pending: 9091, pool: 153
I  347.68] Elapsed: 5:48, vertices: 1625, facets final: 12312, pending: 8953, pool: 144
I  352.68] Elapsed: 5:53, vertices: 1640, facets final: 12557, pending: 8721, pool: 137
I  357.69] Elapsed: 5:58, vertices: 1651, facets final: 12866, pending: 8467, pool: 130
I  362.69] Elapsed: 6:03, vertices: 1663, facets final: 13164, pending: 8197, pool: 122
I  367.71] Elapsed: 6:08, vertices: 1675, facets final: 13477, pending: 7976, pool: 113
I  372.71] Elapsed: 6:13, vertices: 1689, facets final: 13783, pending: 7720, pool: 99
I  377.72] Elapsed: 6:18, vertices: 1696, facets final: 14166, pending: 7356, pool: 93
I  382.75] Elapsed: 6:23, vertices: 1706, facets final: 14518, pending: 7031, pool: 90
I  387.75] Elapsed: 6:28, vertices: 1713, facets final: 14900, pending: 6675, pool: 87
I  392.77] Elapsed: 6:33, vertices: 1724, facets final: 15249, pending: 6367, pool: 81
I  397.79] Elapsed: 6:38, vertices: 1737, facets final: 15592, pending: 6069, pool: 72
I  402.79] Elapsed: 6:43, vertices: 1747, facets final: 15969, pending: 5732, pool: 65
I  407.79] Elapsed: 6:48, vertices: 1764, facets final: 16301, pending: 5506, pool: 55
I  412.79] Elapsed: 6:53, vertices: 1777, facets final: 16679, pending: 5236, pool: 44
I  417.79] Elapsed: 6:58, vertices: 1786, facets final: 17078, pending: 4901, pool: 38
I  422.79] Elapsed: 7:03, vertices: 1792, facets final: 17501, pending: 4498, pool: 34
I  427.79] Elapsed: 7:08, vertices: 1794, facets final: 17939, pending: 4061, pool: 39
I  432.79] Elapsed: 7:13, vertices: 1800, facets final: 18350, pending: 3706, pool: 38
I  437.79] Elapsed: 7:18, vertices: 1806, facets final: 18769, pending: 3302, pool: 39
I  442.79] Elapsed: 7:23, vertices: 1809, facets final: 19206, pending: 2873, pool: 39
I  447.80] Elapsed: 7:28, vertices: 1814, facets final: 19644, pending: 2440, pool: 35
I  452.80] Elapsed: 7:33, vertices: 1819, facets final: 20078, pending: 2017, pool: 34
I  457.83] Elapsed: 7:38, vertices: 1826, facets final: 20516, pending: 1600, pool: 31
I  462.83] Elapsed: 7:43, vertices: 1832, facets final: 20948, pending: 1180, pool: 30
I  467.83] Elapsed: 7:48, vertices: 1840, facets final: 21376, pending: 802, pool: 24
I  472.83] Elapsed: 7:53, vertices: 1859, facets final: 21753, pending: 513, pool: 14
I  477.83] Elapsed: 7:58, vertices: 1865, facets final: 22182, pending: 88, pool: 17
I  479.63] Elapsed: 8:00, vertices: 1888, facets final: 22316, pending: 0

--------------------------------
Problem completed
 name                    20.vlp
 output                  vlp/20.res
 rows, cols, objs        12, 4931, 10
 vertices, facets        1888, 22316
 total time              8:00
--------------------------------
Statistics
LP:
 oracle calls            25779
   avg iterations/calls  6.33
 total oracle time       4:44
Combinatorics:
 vertices added          1888
 facets probed           41746
 facets # max            22317
 memory allocated        17.27M
 storage expansion
   vertices # / upto     15 / 1916
   facets   # / upto     6 / 24572
 facet manipulating
   added avg / max       41.48 / 278.00
   compressed            77
 number of ridge tests
   avg / max             309.01k / 3.16M
--------------------------------
Parameters with non-default values
 VertexPoolSize = 200
 PolytopeEps = 4e-09
 LineqEps = 1e-07
