C applying rule 34.txt for base40.txt
I    5.02] Elapsed: 5.02, vertices: 97, facets final: 18, pending: 7333, pool: 125
I   10.06] Elapsed: 10.06, vertices: 137, facets final: 43, pending: 8969, pool: 169
I   15.09] Elapsed: 15.09, vertices: 175, facets final: 57, pending: 10619, pool: 188
I   20.17] Elapsed: 20.17, vertices: 207, facets final: 73, pending: 12497, pool: 196
I   25.26] Elapsed: 25.26, vertices: 235, facets final: 78, pending: 15468, pool: 198
I   30.32] Elapsed: 30.32, vertices: 257, facets final: 87, pending: 17373, pool: 198
I   35.41] Elapsed: 35.41, vertices: 277, facets final: 90, pending: 18930, pool: 199
I   40.56] Elapsed: 40.56, vertices: 296, facets final: 97, pending: 20714, pool: 199
I   45.71] Elapsed: 45.71, vertices: 313, facets final: 100, pending: 21771, pool: 200
I   50.85] Elapsed: 50.85, vertices: 329, facets final: 105, pending: 22564, pool: 200
I   55.97] Elapsed: 55.97, vertices: 345, facets final: 110, pending: 23276, pool: 199
I   61.21] Elapsed: 1:01, vertices: 360, facets final: 112, pending: 24513, pool: 200
I   66.21] Elapsed: 1:06, vertices: 373, facets final: 115, pending: 25406, pool: 200
I   71.80] Elapsed: 1:12, vertices: 386, facets final: 117, pending: 26092, pool: 200
I   76.82] Elapsed: 1:17, vertices: 398, facets final: 121, pending: 27193, pool: 200
I   82.42] Elapsed: 1:22, vertices: 412, facets final: 123, pending: 27547, pool: 200
I   87.60] Elapsed: 1:28, vertices: 423, facets final: 124, pending: 28467, pool: 200
I   92.81] Elapsed: 1:33, vertices: 434, facets final: 126, pending: 29752, pool: 199
I   97.82] Elapsed: 1:38, vertices: 445, facets final: 128, pending: 30373, pool: 199
I  103.41] Elapsed: 1:43, vertices: 455, facets final: 128, pending: 31105, pool: 200
I  108.76] Elapsed: 1:49, vertices: 468, facets final: 128, pending: 32165, pool: 200
I  113.84] Elapsed: 1:54, vertices: 478, facets final: 131, pending: 32981, pool: 199
I  119.41] Elapsed: 1:59, vertices: 489, facets final: 135, pending: 33933, pool: 200
I  124.94] Elapsed: 2:05, vertices: 499, facets final: 136, pending: 34863, pool: 200
I  130.28] Elapsed: 2:10, vertices: 510, facets final: 136, pending: 34975, pool: 200
I  135.89] Elapsed: 2:16, vertices: 519, facets final: 138, pending: 35522, pool: 199
I  141.36] Elapsed: 2:21, vertices: 527, facets final: 139, pending: 36193, pool: 200
I  146.88] Elapsed: 2:27, vertices: 537, facets final: 140, pending: 36531, pool: 200
I  152.15] Elapsed: 2:32, vertices: 546, facets final: 143, pending: 36986, pool: 200
I  157.27] Elapsed: 2:37, vertices: 553, facets final: 144, pending: 37063, pool: 200
I  162.50] Elapsed: 2:43, vertices: 562, facets final: 145, pending: 37089, pool: 200
I  167.93] Elapsed: 2:48, vertices: 572, facets final: 148, pending: 37854, pool: 200
I  173.31] Elapsed: 2:53, vertices: 580, facets final: 150, pending: 39190, pool: 200
I  178.45] Elapsed: 2:58, vertices: 588, facets final: 153, pending: 39773, pool: 200
I  184.04] Elapsed: 3:04, vertices: 596, facets final: 155, pending: 40524, pool: 200
I  189.39] Elapsed: 3:09, vertices: 605, facets final: 158, pending: 41105, pool: 200
I  194.49] Elapsed: 3:14, vertices: 613, facets final: 160, pending: 41487, pool: 200
I  199.55] Elapsed: 3:20, vertices: 621, facets final: 165, pending: 42053, pool: 200
I  204.70] Elapsed: 3:25, vertices: 629, facets final: 167, pending: 42629, pool: 200
I  210.12] Elapsed: 3:30, vertices: 635, facets final: 167, pending: 42835, pool: 200
I  215.44] Elapsed: 3:35, vertices: 641, facets final: 167, pending: 42870, pool: 200
I  220.92] Elapsed: 3:41, vertices: 648, facets final: 169, pending: 43566, pool: 200
I  226.72] Elapsed: 3:47, vertices: 656, facets final: 171, pending: 44141, pool: 200
I  231.72] Elapsed: 3:52, vertices: 662, facets final: 173, pending: 44274, pool: 200
I  236.88] Elapsed: 3:57, vertices: 669, facets final: 175, pending: 44593, pool: 200
I  242.32] Elapsed: 4:02, vertices: 676, facets final: 178, pending: 45081, pool: 200
I  247.47] Elapsed: 4:07, vertices: 682, facets final: 179, pending: 45658, pool: 200
I  253.06] Elapsed: 4:13, vertices: 689, facets final: 187, pending: 45891, pool: 200
I  258.87] Elapsed: 4:19, vertices: 696, facets final: 191, pending: 46244, pool: 200
I  264.39] Elapsed: 4:24, vertices: 703, facets final: 193, pending: 46566, pool: 200
I  269.57] Elapsed: 4:30, vertices: 708, facets final: 193, pending: 46561, pool: 200
I  274.64] Elapsed: 4:35, vertices: 715, facets final: 194, pending: 46987, pool: 200
I  280.20] Elapsed: 4:40, vertices: 720, facets final: 194, pending: 47382, pool: 200
I  285.31] Elapsed: 4:45, vertices: 727, facets final: 195, pending: 47936, pool: 200
I  290.77] Elapsed: 4:51, vertices: 735, facets final: 197, pending: 48032, pool: 200
I  295.93] Elapsed: 4:56, vertices: 742, facets final: 197, pending: 48243, pool: 200
I  301.72] Elapsed: 5:02, vertices: 748, facets final: 197, pending: 48627, pool: 200
I  307.96] Elapsed: 5:08, vertices: 755, facets final: 199, pending: 48627, pool: 200
I  313.26] Elapsed: 5:13, vertices: 760, facets final: 204, pending: 48483, pool: 200
I  318.47] Elapsed: 5:18, vertices: 766, facets final: 206, pending: 48648, pool: 200
I  323.92] Elapsed: 5:24, vertices: 774, facets final: 206, pending: 48844, pool: 200
I  329.17] Elapsed: 5:29, vertices: 779, facets final: 206, pending: 48777, pool: 200
I  334.20] Elapsed: 5:34, vertices: 784, facets final: 206, pending: 48725, pool: 200
I  339.33] Elapsed: 5:39, vertices: 788, facets final: 206, pending: 48967, pool: 200
I  344.53] Elapsed: 5:45, vertices: 794, facets final: 209, pending: 49140, pool: 200
I  349.74] Elapsed: 5:50, vertices: 800, facets final: 209, pending: 48873, pool: 200
I  354.82] Elapsed: 5:55, vertices: 806, facets final: 211, pending: 49049, pool: 200
I  360.18] Elapsed: 6:00, vertices: 813, facets final: 211, pending: 49369, pool: 200
I  365.99] Elapsed: 6:06, vertices: 820, facets final: 211, pending: 49502, pool: 200
I  371.23] Elapsed: 6:11, vertices: 826, facets final: 213, pending: 49272, pool: 200
I  376.85] Elapsed: 6:17, vertices: 832, facets final: 215, pending: 49726, pool: 200
I  382.76] Elapsed: 6:23, vertices: 839, facets final: 215, pending: 50479, pool: 200
I  387.79] Elapsed: 6:28, vertices: 845, facets final: 215, pending: 50691, pool: 200
I  393.14] Elapsed: 6:33, vertices: 851, facets final: 217, pending: 50816, pool: 200
I  398.62] Elapsed: 6:39, vertices: 857, facets final: 220, pending: 51293, pool: 200
I  404.27] Elapsed: 6:44, vertices: 863, facets final: 220, pending: 51567, pool: 200
I  409.27] Elapsed: 6:49, vertices: 869, facets final: 220, pending: 51488, pool: 200
I  414.68] Elapsed: 6:55, vertices: 875, facets final: 221, pending: 51587, pool: 200
I  419.74] Elapsed: 7:00, vertices: 881, facets final: 222, pending: 51966, pool: 200
I  424.92] Elapsed: 7:05, vertices: 887, facets final: 224, pending: 52126, pool: 200
I  430.70] Elapsed: 7:11, vertices: 892, facets final: 226, pending: 52955, pool: 200
I  435.92] Elapsed: 7:16, vertices: 898, facets final: 228, pending: 53024, pool: 200
I  441.14] Elapsed: 7:21, vertices: 904, facets final: 231, pending: 53441, pool: 199
I  447.40] Elapsed: 7:27, vertices: 910, facets final: 231, pending: 53466, pool: 200
I  453.97] Elapsed: 7:34, vertices: 916, facets final: 233, pending: 53618, pool: 200
I  459.47] Elapsed: 7:39, vertices: 920, facets final: 234, pending: 53464, pool: 200
I  464.72] Elapsed: 7:45, vertices: 925, facets final: 234, pending: 53236, pool: 200
I  471.01] Elapsed: 7:51, vertices: 931, facets final: 239, pending: 53581, pool: 200
I  477.06] Elapsed: 7:57, vertices: 939, facets final: 244, pending: 53823, pool: 200
I  482.59] Elapsed: 8:03, vertices: 945, facets final: 244, pending: 53912, pool: 199
I  488.26] Elapsed: 8:08, vertices: 951, facets final: 246, pending: 54095, pool: 200
I  493.48] Elapsed: 8:13, vertices: 957, facets final: 246, pending: 54048, pool: 199
I  498.54] Elapsed: 8:19, vertices: 960, facets final: 246, pending: 54205, pool: 200
I  503.64] Elapsed: 8:24, vertices: 965, facets final: 247, pending: 53969, pool: 200
I  508.72] Elapsed: 8:29, vertices: 972, facets final: 251, pending: 54146, pool: 200
I  514.40] Elapsed: 8:34, vertices: 977, facets final: 251, pending: 54301, pool: 200
I  519.59] Elapsed: 8:40, vertices: 983, facets final: 254, pending: 54398, pool: 200
I  524.64] Elapsed: 8:45, vertices: 990, facets final: 256, pending: 54456, pool: 200
I  529.79] Elapsed: 8:50, vertices: 996, facets final: 257, pending: 54689, pool: 200
I  535.30] Elapsed: 8:55, vertices: 1003, facets final: 260, pending: 55000, pool: 200
I  540.30] Elapsed: 9:00, vertices: 1009, facets final: 261, pending: 54869, pool: 200
I  545.89] Elapsed: 9:06, vertices: 1015, facets final: 263, pending: 54961, pool: 200
I  551.42] Elapsed: 9:11, vertices: 1020, facets final: 264, pending: 55149, pool: 200
I  556.66] Elapsed: 9:17, vertices: 1025, facets final: 264, pending: 55345, pool: 200
I  561.93] Elapsed: 9:22, vertices: 1031, facets final: 268, pending: 55700, pool: 200
I  567.64] Elapsed: 9:28, vertices: 1036, facets final: 270, pending: 55536, pool: 200
I  572.77] Elapsed: 9:33, vertices: 1042, facets final: 271, pending: 55271, pool: 200
I  579.33] Elapsed: 9:39, vertices: 1047, facets final: 271, pending: 55444, pool: 200
I  584.69] Elapsed: 9:45, vertices: 1053, facets final: 277, pending: 55455, pool: 200
I  591.05] Elapsed: 9:51, vertices: 1060, facets final: 283, pending: 55551, pool: 200
I  596.54] Elapsed: 9:57, vertices: 1067, facets final: 286, pending: 55542, pool: 200
I  601.93] Elapsed: 10:02, vertices: 1072, facets final: 290, pending: 55416, pool: 200
I  606.94] Elapsed: 10:07, vertices: 1078, facets final: 291, pending: 55316, pool: 200
I  612.51] Elapsed: 10:13, vertices: 1083, facets final: 292, pending: 55368, pool: 200
I  617.83] Elapsed: 10:18, vertices: 1089, facets final: 294, pending: 55497, pool: 200
I  622.91] Elapsed: 10:23, vertices: 1095, facets final: 294, pending: 55812, pool: 200
I  628.58] Elapsed: 10:29, vertices: 1102, facets final: 296, pending: 55980, pool: 200
I  634.17] Elapsed: 10:34, vertices: 1110, facets final: 304, pending: 56001, pool: 199
I  640.08] Elapsed: 10:40, vertices: 1116, facets final: 304, pending: 56009, pool: 200
I  645.19] Elapsed: 10:45, vertices: 1122, facets final: 307, pending: 56053, pool: 200
I  650.76] Elapsed: 10:51, vertices: 1128, facets final: 309, pending: 56203, pool: 200
I  656.26] Elapsed: 10:56, vertices: 1133, facets final: 311, pending: 56131, pool: 200
I  661.62] Elapsed: 11:02, vertices: 1139, facets final: 313, pending: 56139, pool: 200
I  667.36] Elapsed: 11:07, vertices: 1145, facets final: 315, pending: 56003, pool: 200
I  672.75] Elapsed: 11:13, vertices: 1152, facets final: 317, pending: 55961, pool: 200
I  678.43] Elapsed: 11:18, vertices: 1158, facets final: 319, pending: 56054, pool: 200
I  684.02] Elapsed: 11:24, vertices: 1163, facets final: 321, pending: 56288, pool: 200
I  689.28] Elapsed: 11:29, vertices: 1168, facets final: 322, pending: 56170, pool: 200
I  694.62] Elapsed: 11:35, vertices: 1173, facets final: 325, pending: 56219, pool: 200
I  700.26] Elapsed: 11:40, vertices: 1177, facets final: 326, pending: 56189, pool: 200
I  706.22] Elapsed: 11:46, vertices: 1184, facets final: 326, pending: 56192, pool: 200
I  712.02] Elapsed: 11:52, vertices: 1191, facets final: 329, pending: 56104, pool: 200
I  717.06] Elapsed: 11:57, vertices: 1198, facets final: 330, pending: 56246, pool: 199
I  722.09] Elapsed: 12:02, vertices: 1203, facets final: 332, pending: 55993, pool: 200
I  728.22] Elapsed: 12:08, vertices: 1209, facets final: 333, pending: 55911, pool: 200
I  733.49] Elapsed: 12:13, vertices: 1215, facets final: 341, pending: 55745, pool: 200
I  739.08] Elapsed: 12:19, vertices: 1222, facets final: 342, pending: 55912, pool: 200
I  744.31] Elapsed: 12:24, vertices: 1228, facets final: 346, pending: 55917, pool: 200
I  750.24] Elapsed: 12:30, vertices: 1234, facets final: 351, pending: 55986, pool: 200
I  755.82] Elapsed: 12:36, vertices: 1240, facets final: 353, pending: 55880, pool: 200
I  761.20] Elapsed: 12:41, vertices: 1246, facets final: 357, pending: 55898, pool: 200
I  766.91] Elapsed: 12:47, vertices: 1252, facets final: 358, pending: 55655, pool: 200
I  772.32] Elapsed: 12:52, vertices: 1257, facets final: 360, pending: 55552, pool: 200
I  777.62] Elapsed: 12:58, vertices: 1263, facets final: 363, pending: 55855, pool: 200
I  783.35] Elapsed: 13:03, vertices: 1269, facets final: 368, pending: 55753, pool: 200
I  788.59] Elapsed: 13:09, vertices: 1276, facets final: 372, pending: 55685, pool: 200
I  794.46] Elapsed: 13:14, vertices: 1281, facets final: 373, pending: 55222, pool: 200
I  799.87] Elapsed: 13:20, vertices: 1288, facets final: 376, pending: 55214, pool: 200
I  805.13] Elapsed: 13:25, vertices: 1294, facets final: 381, pending: 55303, pool: 200
I  810.64] Elapsed: 13:31, vertices: 1300, facets final: 383, pending: 55188, pool: 200
I  815.87] Elapsed: 13:36, vertices: 1306, facets final: 383, pending: 55380, pool: 200
I  821.22] Elapsed: 13:41, vertices: 1312, facets final: 385, pending: 55415, pool: 200
I  826.47] Elapsed: 13:46, vertices: 1319, facets final: 387, pending: 55525, pool: 200
I  831.54] Elapsed: 13:52, vertices: 1325, facets final: 388, pending: 55293, pool: 200
I  836.54] Elapsed: 13:57, vertices: 1331, facets final: 389, pending: 55104, pool: 200
I  842.27] Elapsed: 14:02, vertices: 1337, facets final: 391, pending: 54958, pool: 200
I  847.28] Elapsed: 14:07, vertices: 1343, facets final: 392, pending: 54979, pool: 200
I  853.16] Elapsed: 14:13, vertices: 1350, facets final: 397, pending: 55218, pool: 200
I  859.06] Elapsed: 14:19, vertices: 1355, facets final: 399, pending: 55001, pool: 200
I  864.63] Elapsed: 14:25, vertices: 1361, facets final: 399, pending: 55237, pool: 200
I  870.47] Elapsed: 14:30, vertices: 1368, facets final: 400, pending: 55109, pool: 200
I  875.91] Elapsed: 14:36, vertices: 1374, facets final: 406, pending: 55159, pool: 200
I  881.86] Elapsed: 14:42, vertices: 1381, facets final: 406, pending: 55081, pool: 200
I  887.69] Elapsed: 14:48, vertices: 1387, facets final: 406, pending: 55059, pool: 200
I  892.94] Elapsed: 14:53, vertices: 1394, facets final: 410, pending: 55018, pool: 200
I  898.88] Elapsed: 14:59, vertices: 1400, facets final: 413, pending: 54960, pool: 200
I  904.10] Elapsed: 15:04, vertices: 1407, facets final: 418, pending: 55032, pool: 200
I  909.83] Elapsed: 15:10, vertices: 1413, facets final: 420, pending: 54963, pool: 200
I  915.43] Elapsed: 15:15, vertices: 1420, facets final: 424, pending: 54872, pool: 200
I  920.79] Elapsed: 15:21, vertices: 1426, facets final: 427, pending: 54866, pool: 200
I  926.39] Elapsed: 15:26, vertices: 1431, facets final: 427, pending: 54788, pool: 200
I  931.96] Elapsed: 15:32, vertices: 1437, facets final: 433, pending: 54653, pool: 200
I  937.33] Elapsed: 15:37, vertices: 1444, facets final: 433, pending: 54454, pool: 200
I  942.87] Elapsed: 15:43, vertices: 1451, facets final: 437, pending: 54591, pool: 200
I  948.05] Elapsed: 15:48, vertices: 1458, facets final: 441, pending: 54520, pool: 200
I  953.48] Elapsed: 15:53, vertices: 1463, facets final: 444, pending: 54610, pool: 200
I  958.50] Elapsed: 15:59, vertices: 1468, facets final: 449, pending: 54653, pool: 200
I  963.60] Elapsed: 16:04, vertices: 1475, facets final: 451, pending: 54582, pool: 200
I  968.84] Elapsed: 16:09, vertices: 1481, facets final: 454, pending: 54648, pool: 200
I  974.71] Elapsed: 16:15, vertices: 1489, facets final: 458, pending: 54623, pool: 200
I  980.33] Elapsed: 16:20, vertices: 1496, facets final: 459, pending: 54608, pool: 200
I  986.05] Elapsed: 16:26, vertices: 1502, facets final: 463, pending: 54338, pool: 200
I  991.74] Elapsed: 16:32, vertices: 1510, facets final: 466, pending: 54300, pool: 200
I  997.10] Elapsed: 16:37, vertices: 1515, facets final: 470, pending: 54004, pool: 200
I 1002.97] Elapsed: 16:43, vertices: 1521, facets final: 474, pending: 53819, pool: 200
I 1008.79] Elapsed: 16:49, vertices: 1527, facets final: 482, pending: 53933, pool: 200
I 1013.81] Elapsed: 16:54, vertices: 1532, facets final: 486, pending: 53790, pool: 200
I 1019.58] Elapsed: 17:00, vertices: 1537, facets final: 489, pending: 53818, pool: 200
I 1025.43] Elapsed: 17:05, vertices: 1544, facets final: 491, pending: 53777, pool: 200
I 1030.56] Elapsed: 17:11, vertices: 1551, facets final: 495, pending: 53713, pool: 200
I 1036.18] Elapsed: 17:16, vertices: 1558, facets final: 499, pending: 53542, pool: 200
I 1041.21] Elapsed: 17:21, vertices: 1563, facets final: 502, pending: 53649, pool: 200
I 1046.66] Elapsed: 17:27, vertices: 1569, facets final: 504, pending: 53587, pool: 200
I 1051.87] Elapsed: 17:32, vertices: 1576, facets final: 507, pending: 53621, pool: 200
I 1056.92] Elapsed: 17:37, vertices: 1582, facets final: 512, pending: 53724, pool: 199
I 1062.01] Elapsed: 17:42, vertices: 1588, facets final: 513, pending: 53615, pool: 200
I 1067.59] Elapsed: 17:48, vertices: 1595, facets final: 515, pending: 53526, pool: 200
I 1072.96] Elapsed: 17:53, vertices: 1601, facets final: 520, pending: 53604, pool: 200
I 1078.10] Elapsed: 17:58, vertices: 1608, facets final: 524, pending: 53619, pool: 200
I 1083.43] Elapsed: 18:03, vertices: 1614, facets final: 524, pending: 53327, pool: 200
I 1088.91] Elapsed: 18:09, vertices: 1621, facets final: 530, pending: 53337, pool: 200
I 1094.04] Elapsed: 18:14, vertices: 1627, facets final: 532, pending: 53143, pool: 200
I 1099.62] Elapsed: 18:20, vertices: 1633, facets final: 536, pending: 53120, pool: 200
I 1105.04] Elapsed: 18:25, vertices: 1639, facets final: 538, pending: 53055, pool: 200
I 1110.90] Elapsed: 18:31, vertices: 1646, facets final: 545, pending: 52896, pool: 200
I 1116.42] Elapsed: 18:36, vertices: 1653, facets final: 545, pending: 52728, pool: 200
I 1121.72] Elapsed: 18:42, vertices: 1660, facets final: 550, pending: 52688, pool: 200
I 1126.79] Elapsed: 18:47, vertices: 1665, facets final: 554, pending: 52735, pool: 200
I 1131.84] Elapsed: 18:52, vertices: 1670, facets final: 557, pending: 52888, pool: 200
I 1137.31] Elapsed: 18:57, vertices: 1677, facets final: 561, pending: 52681, pool: 199
I 1142.56] Elapsed: 19:03, vertices: 1683, facets final: 568, pending: 52564, pool: 200
I 1147.97] Elapsed: 19:08, vertices: 1690, facets final: 575, pending: 52486, pool: 200
I 1153.64] Elapsed: 19:14, vertices: 1696, facets final: 580, pending: 52459, pool: 200
I 1158.94] Elapsed: 19:19, vertices: 1703, facets final: 584, pending: 52387, pool: 200
I 1164.22] Elapsed: 19:24, vertices: 1710, facets final: 588, pending: 52207, pool: 200
I 1169.43] Elapsed: 19:29, vertices: 1716, facets final: 589, pending: 52155, pool: 200
I 1175.46] Elapsed: 19:35, vertices: 1723, facets final: 595, pending: 52316, pool: 200
I 1180.83] Elapsed: 19:41, vertices: 1730, facets final: 598, pending: 52531, pool: 199
I 1186.41] Elapsed: 19:46, vertices: 1737, facets final: 600, pending: 52380, pool: 200
I 1191.62] Elapsed: 19:52, vertices: 1744, facets final: 602, pending: 52388, pool: 199
I 1196.62] Elapsed: 19:57, vertices: 1749, facets final: 606, pending: 52260, pool: 200
I 1202.08] Elapsed: 20:02, vertices: 1756, facets final: 607, pending: 52174, pool: 200
I 1207.17] Elapsed: 20:07, vertices: 1763, facets final: 613, pending: 52086, pool: 199
I 1212.79] Elapsed: 20:13, vertices: 1770, facets final: 615, pending: 52022, pool: 200
I 1218.47] Elapsed: 20:18, vertices: 1777, facets final: 617, pending: 51937, pool: 200
I 1223.49] Elapsed: 20:23, vertices: 1783, facets final: 620, pending: 51850, pool: 200
I 1229.01] Elapsed: 20:29, vertices: 1789, facets final: 628, pending: 51822, pool: 200
I 1235.20] Elapsed: 20:35, vertices: 1796, facets final: 630, pending: 51530, pool: 200
I 1240.34] Elapsed: 20:40, vertices: 1802, facets final: 632, pending: 51407, pool: 200
I 1245.88] Elapsed: 20:46, vertices: 1809, facets final: 638, pending: 51308, pool: 200
I 1251.85] Elapsed: 20:52, vertices: 1817, facets final: 647, pending: 51210, pool: 200
I 1257.38] Elapsed: 20:57, vertices: 1824, facets final: 651, pending: 51003, pool: 200
I 1263.38] Elapsed: 21:03, vertices: 1831, facets final: 655, pending: 50807, pool: 200
I 1269.12] Elapsed: 21:09, vertices: 1838, facets final: 661, pending: 50800, pool: 200
I 1274.15] Elapsed: 21:14, vertices: 1844, facets final: 664, pending: 50799, pool: 200
I 1279.24] Elapsed: 21:19, vertices: 1850, facets final: 673, pending: 50730, pool: 200
I 1284.61] Elapsed: 21:25, vertices: 1857, facets final: 676, pending: 50600, pool: 200
I 1289.81] Elapsed: 21:30, vertices: 1864, facets final: 680, pending: 50419, pool: 199
I 1295.75] Elapsed: 21:36, vertices: 1871, facets final: 693, pending: 50454, pool: 200
I 1300.75] Elapsed: 21:41, vertices: 1877, facets final: 698, pending: 50432, pool: 200
I 1306.09] Elapsed: 21:46, vertices: 1884, facets final: 699, pending: 50349, pool: 200
I 1311.55] Elapsed: 21:52, vertices: 1891, facets final: 708, pending: 50193, pool: 200
I 1316.62] Elapsed: 21:57, vertices: 1896, facets final: 715, pending: 50095, pool: 200
I 1321.78] Elapsed: 22:02, vertices: 1902, facets final: 719, pending: 49887, pool: 200
I 1327.21] Elapsed: 22:07, vertices: 1909, facets final: 723, pending: 49750, pool: 200
I 1332.48] Elapsed: 22:12, vertices: 1914, facets final: 724, pending: 49649, pool: 200
I 1337.95] Elapsed: 22:18, vertices: 1922, facets final: 734, pending: 49617, pool: 200
I 1343.34] Elapsed: 22:23, vertices: 1930, facets final: 737, pending: 49794, pool: 200
I 1348.57] Elapsed: 22:29, vertices: 1937, facets final: 738, pending: 49746, pool: 200
I 1353.61] Elapsed: 22:34, vertices: 1944, facets final: 748, pending: 49748, pool: 200
I 1358.89] Elapsed: 22:39, vertices: 1951, facets final: 759, pending: 49697, pool: 200
I 1364.29] Elapsed: 22:44, vertices: 1958, facets final: 770, pending: 49545, pool: 200
I 1369.81] Elapsed: 22:50, vertices: 1965, facets final: 778, pending: 49393, pool: 200
I 1375.14] Elapsed: 22:55, vertices: 1972, facets final: 783, pending: 49442, pool: 200
I 1380.17] Elapsed: 23:00, vertices: 1978, facets final: 791, pending: 49407, pool: 200
I 1385.59] Elapsed: 23:06, vertices: 1985, facets final: 799, pending: 49256, pool: 200
I 1391.17] Elapsed: 23:11, vertices: 1992, facets final: 806, pending: 49268, pool: 200
I 1396.67] Elapsed: 23:17, vertices: 2000, facets final: 810, pending: 49342, pool: 200
I 1402.83] Elapsed: 23:23, vertices: 2006, facets final: 814, pending: 49304, pool: 200
I 1408.52] Elapsed: 23:29, vertices: 2013, facets final: 823, pending: 49301, pool: 200
I 1413.96] Elapsed: 23:34, vertices: 2021, facets final: 830, pending: 49227, pool: 200
I 1419.18] Elapsed: 23:39, vertices: 2028, facets final: 838, pending: 49120, pool: 200
I 1424.37] Elapsed: 23:44, vertices: 2036, facets final: 845, pending: 48915, pool: 200
I 1429.82] Elapsed: 23:50, vertices: 2044, facets final: 848, pending: 48705, pool: 199
I 1434.88] Elapsed: 23:55, vertices: 2052, facets final: 858, pending: 48697, pool: 200
I 1440.41] Elapsed: 24:00, vertices: 2060, facets final: 866, pending: 48788, pool: 200
I 1445.45] Elapsed: 24:05, vertices: 2067, facets final: 866, pending: 48881, pool: 200
I 1450.53] Elapsed: 24:11, vertices: 2074, facets final: 871, pending: 48771, pool: 200
I 1455.53] Elapsed: 24:16, vertices: 2081, facets final: 876, pending: 48687, pool: 200
I 1460.55] Elapsed: 24:21, vertices: 2085, facets final: 881, pending: 48497, pool: 200
I 1465.82] Elapsed: 24:26, vertices: 2093, facets final: 891, pending: 48367, pool: 200
I 1471.44] Elapsed: 24:31, vertices: 2101, facets final: 893, pending: 48346, pool: 200
I 1477.01] Elapsed: 24:37, vertices: 2108, facets final: 900, pending: 48155, pool: 200
I 1482.74] Elapsed: 24:43, vertices: 2116, facets final: 914, pending: 48047, pool: 200
I 1487.80] Elapsed: 24:48, vertices: 2123, facets final: 921, pending: 47918, pool: 200
I 1492.97] Elapsed: 24:53, vertices: 2130, facets final: 925, pending: 47977, pool: 200
I 1498.33] Elapsed: 24:58, vertices: 2138, facets final: 934, pending: 47852, pool: 200
I 1503.51] Elapsed: 25:04, vertices: 2146, facets final: 941, pending: 47757, pool: 200
I 1508.76] Elapsed: 25:09, vertices: 2154, facets final: 943, pending: 47633, pool: 200
I 1514.16] Elapsed: 25:14, vertices: 2161, facets final: 947, pending: 47521, pool: 200
I 1519.35] Elapsed: 25:19, vertices: 2169, facets final: 953, pending: 47446, pool: 200
I 1524.36] Elapsed: 25:24, vertices: 2177, facets final: 954, pending: 47443, pool: 199
I 1529.42] Elapsed: 25:29, vertices: 2185, facets final: 963, pending: 47315, pool: 200
I 1534.71] Elapsed: 25:35, vertices: 2194, facets final: 966, pending: 47254, pool: 200
I 1539.94] Elapsed: 25:40, vertices: 2202, facets final: 971, pending: 47291, pool: 200
I 1545.40] Elapsed: 25:45, vertices: 2211, facets final: 975, pending: 47277, pool: 200
I 1550.50] Elapsed: 25:51, vertices: 2219, facets final: 984, pending: 47316, pool: 200
I 1555.61] Elapsed: 25:56, vertices: 2226, facets final: 987, pending: 47219, pool: 200
I 1561.12] Elapsed: 26:01, vertices: 2234, facets final: 994, pending: 47073, pool: 200
I 1566.63] Elapsed: 26:07, vertices: 2242, facets final: 1005, pending: 47000, pool: 200
I 1572.37] Elapsed: 26:12, vertices: 2250, facets final: 1019, pending: 46950, pool: 200
I 1577.85] Elapsed: 26:18, vertices: 2258, facets final: 1030, pending: 46888, pool: 200
I 1583.30] Elapsed: 26:23, vertices: 2265, facets final: 1035, pending: 46799, pool: 200
I 1588.73] Elapsed: 26:29, vertices: 2272, facets final: 1048, pending: 46977, pool: 200
I 1594.10] Elapsed: 26:34, vertices: 2280, facets final: 1067, pending: 47064, pool: 200
I 1599.49] Elapsed: 26:39, vertices: 2287, facets final: 1084, pending: 46861, pool: 200
I 1605.30] Elapsed: 26:45, vertices: 2294, facets final: 1088, pending: 46815, pool: 200
I 1611.08] Elapsed: 26:51, vertices: 2302, facets final: 1093, pending: 46894, pool: 200
I 1616.36] Elapsed: 26:56, vertices: 2309, facets final: 1097, pending: 46803, pool: 200
I 1621.60] Elapsed: 27:02, vertices: 2317, facets final: 1103, pending: 46823, pool: 200
I 1627.00] Elapsed: 27:07, vertices: 2324, facets final: 1112, pending: 46807, pool: 200
I 1632.08] Elapsed: 27:12, vertices: 2331, facets final: 1133, pending: 46948, pool: 200
I 1637.27] Elapsed: 27:17, vertices: 2337, facets final: 1141, pending: 46904, pool: 200
I 1642.42] Elapsed: 27:22, vertices: 2345, facets final: 1149, pending: 46911, pool: 200
I 1647.73] Elapsed: 27:28, vertices: 2354, facets final: 1156, pending: 46866, pool: 200
I 1653.31] Elapsed: 27:33, vertices: 2363, facets final: 1156, pending: 46856, pool: 200
I 1658.65] Elapsed: 27:39, vertices: 2371, facets final: 1168, pending: 46763, pool: 200
I 1663.81] Elapsed: 27:44, vertices: 2379, facets final: 1186, pending: 46759, pool: 200
I 1668.97] Elapsed: 27:49, vertices: 2386, facets final: 1195, pending: 46756, pool: 200
I 1674.19] Elapsed: 27:54, vertices: 2392, facets final: 1202, pending: 46938, pool: 200
I 1679.68] Elapsed: 28:00, vertices: 2399, facets final: 1209, pending: 46844, pool: 200
I 1685.34] Elapsed: 28:05, vertices: 2406, facets final: 1226, pending: 46627, pool: 200
I 1690.85] Elapsed: 28:11, vertices: 2415, facets final: 1234, pending: 46693, pool: 200
I 1696.37] Elapsed: 28:16, vertices: 2422, facets final: 1246, pending: 46563, pool: 200
I 1701.64] Elapsed: 28:22, vertices: 2430, facets final: 1255, pending: 46507, pool: 200
I 1707.14] Elapsed: 28:27, vertices: 2438, facets final: 1273, pending: 46425, pool: 200
I 1712.14] Elapsed: 28:32, vertices: 2446, facets final: 1283, pending: 46470, pool: 200
I 1717.51] Elapsed: 28:38, vertices: 2453, facets final: 1284, pending: 46371, pool: 200
I 1723.08] Elapsed: 28:43, vertices: 2461, facets final: 1295, pending: 46327, pool: 200
I 1728.21] Elapsed: 28:48, vertices: 2468, facets final: 1302, pending: 46199, pool: 200
I 1733.31] Elapsed: 28:53, vertices: 2475, facets final: 1313, pending: 46129, pool: 199
I 1738.66] Elapsed: 28:59, vertices: 2482, facets final: 1325, pending: 46092, pool: 200
I 1743.99] Elapsed: 29:04, vertices: 2490, facets final: 1336, pending: 45930, pool: 199
I 1749.64] Elapsed: 29:10, vertices: 2498, facets final: 1348, pending: 45932, pool: 200
I 1754.88] Elapsed: 29:15, vertices: 2505, facets final: 1362, pending: 45857, pool: 200
I 1760.09] Elapsed: 29:20, vertices: 2512, facets final: 1378, pending: 45855, pool: 200
I 1765.68] Elapsed: 29:26, vertices: 2520, facets final: 1396, pending: 45807, pool: 200
I 1771.33] Elapsed: 29:31, vertices: 2528, facets final: 1408, pending: 45862, pool: 200
I 1776.34] Elapsed: 29:36, vertices: 2536, facets final: 1415, pending: 45783, pool: 200
I 1781.34] Elapsed: 29:41, vertices: 2544, facets final: 1432, pending: 45682, pool: 200
I 1786.60] Elapsed: 29:47, vertices: 2553, facets final: 1462, pending: 45639, pool: 200
I 1792.06] Elapsed: 29:52, vertices: 2563, facets final: 1488, pending: 45781, pool: 200
I 1797.22] Elapsed: 29:57, vertices: 2571, facets final: 1504, pending: 45780, pool: 200
I 1802.47] Elapsed: 30:02, vertices: 2579, facets final: 1516, pending: 45750, pool: 200
I 1807.85] Elapsed: 30:08, vertices: 2587, facets final: 1525, pending: 45687, pool: 200
I 1813.21] Elapsed: 30:13, vertices: 2595, facets final: 1536, pending: 45598, pool: 200
I 1818.77] Elapsed: 30:19, vertices: 2603, facets final: 1552, pending: 45562, pool: 200
I 1824.24] Elapsed: 30:24, vertices: 2611, facets final: 1559, pending: 45576, pool: 200
I 1829.24] Elapsed: 30:29, vertices: 2619, facets final: 1569, pending: 45555, pool: 200
I 1834.48] Elapsed: 30:34, vertices: 2627, facets final: 1590, pending: 45441, pool: 200
I 1839.94] Elapsed: 30:40, vertices: 2635, facets final: 1620, pending: 45372, pool: 200
I 1845.10] Elapsed: 30:45, vertices: 2642, facets final: 1643, pending: 45219, pool: 200
I 1850.44] Elapsed: 30:50, vertices: 2651, facets final: 1663, pending: 45180, pool: 200
I 1855.76] Elapsed: 30:56, vertices: 2659, facets final: 1680, pending: 45087, pool: 200
I 1861.41] Elapsed: 31:01, vertices: 2668, facets final: 1689, pending: 45013, pool: 200
I 1867.01] Elapsed: 31:07, vertices: 2676, facets final: 1701, pending: 45096, pool: 200
I 1872.01] Elapsed: 31:12, vertices: 2683, facets final: 1719, pending: 45116, pool: 200
I 1877.30] Elapsed: 31:17, vertices: 2691, facets final: 1732, pending: 45031, pool: 200
I 1882.88] Elapsed: 31:23, vertices: 2699, facets final: 1743, pending: 44990, pool: 200
I 1888.26] Elapsed: 31:28, vertices: 2707, facets final: 1754, pending: 45034, pool: 200
I 1893.69] Elapsed: 31:34, vertices: 2714, facets final: 1760, pending: 45082, pool: 200
I 1898.71] Elapsed: 31:39, vertices: 2721, facets final: 1770, pending: 45121, pool: 200
I 1903.88] Elapsed: 31:44, vertices: 2729, facets final: 1790, pending: 45030, pool: 200
I 1909.42] Elapsed: 31:49, vertices: 2737, facets final: 1796, pending: 45061, pool: 200
I 1914.91] Elapsed: 31:55, vertices: 2745, facets final: 1815, pending: 45032, pool: 200
I 1920.02] Elapsed: 32:00, vertices: 2752, facets final: 1828, pending: 45012, pool: 200
I 1925.28] Elapsed: 32:05, vertices: 2759, facets final: 1835, pending: 44899, pool: 200
I 1930.44] Elapsed: 32:10, vertices: 2767, facets final: 1845, pending: 44901, pool: 200
I 1935.58] Elapsed: 32:16, vertices: 2774, facets final: 1857, pending: 44960, pool: 200
I 1941.06] Elapsed: 32:21, vertices: 2781, facets final: 1866, pending: 45012, pool: 200
I 1946.23] Elapsed: 32:26, vertices: 2789, facets final: 1884, pending: 44991, pool: 200
I 1951.71] Elapsed: 32:32, vertices: 2799, facets final: 1903, pending: 44979, pool: 200
I 1956.75] Elapsed: 32:37, vertices: 2805, facets final: 1916, pending: 45103, pool: 200
I 1962.17] Elapsed: 32:42, vertices: 2814, facets final: 1951, pending: 45069, pool: 200
I 1967.18] Elapsed: 32:47, vertices: 2822, facets final: 1980, pending: 45016, pool: 200
I 1972.18] Elapsed: 32:52, vertices: 2828, facets final: 1987, pending: 45081, pool: 200
I 1978.37] Elapsed: 32:58, vertices: 2836, facets final: 2002, pending: 45136, pool: 200
I 1983.54] Elapsed: 33:04, vertices: 2844, facets final: 2010, pending: 45121, pool: 200
I 1989.02] Elapsed: 33:09, vertices: 2852, facets final: 2035, pending: 44956, pool: 200
I 1994.43] Elapsed: 33:14, vertices: 2861, facets final: 2057, pending: 44893, pool: 200
I 2000.00] Elapsed: 33:20, vertices: 2869, facets final: 2071, pending: 45006, pool: 200
I 2005.00] Elapsed: 33:25, vertices: 2877, facets final: 2084, pending: 44959, pool: 200
I 2010.59] Elapsed: 33:31, vertices: 2884, facets final: 2091, pending: 44825, pool: 200
I 2015.96] Elapsed: 33:36, vertices: 2893, facets final: 2107, pending: 44726, pool: 200
I 2020.96] Elapsed: 33:41, vertices: 2901, facets final: 2120, pending: 44698, pool: 200
I 2026.13] Elapsed: 33:46, vertices: 2908, facets final: 2126, pending: 44669, pool: 200
I 2031.33] Elapsed: 33:51, vertices: 2916, facets final: 2136, pending: 44554, pool: 200
I 2036.33] Elapsed: 33:56, vertices: 2923, facets final: 2143, pending: 44602, pool: 200
I 2041.72] Elapsed: 34:02, vertices: 2930, facets final: 2163, pending: 44586, pool: 200
I 2046.86] Elapsed: 34:07, vertices: 2936, facets final: 2169, pending: 44499, pool: 200
I 2051.93] Elapsed: 34:12, vertices: 2944, facets final: 2188, pending: 44453, pool: 200
I 2057.37] Elapsed: 34:17, vertices: 2952, facets final: 2195, pending: 44361, pool: 199
I 2062.43] Elapsed: 34:22, vertices: 2959, facets final: 2205, pending: 44336, pool: 200
I 2067.43] Elapsed: 34:27, vertices: 2966, facets final: 2230, pending: 44379, pool: 200
I 2072.94] Elapsed: 34:33, vertices: 2973, facets final: 2249, pending: 44336, pool: 200
I 2078.46] Elapsed: 34:38, vertices: 2980, facets final: 2270, pending: 44329, pool: 200
I 2083.66] Elapsed: 34:44, vertices: 2988, facets final: 2283, pending: 44394, pool: 200
I 2088.97] Elapsed: 34:49, vertices: 2996, facets final: 2293, pending: 44403, pool: 200
I 2094.31] Elapsed: 34:54, vertices: 3002, facets final: 2312, pending: 44299, pool: 200
I 2100.05] Elapsed: 35:00, vertices: 3010, facets final: 2343, pending: 44261, pool: 200
I 2105.20] Elapsed: 35:05, vertices: 3018, facets final: 2353, pending: 44217, pool: 200
I 2110.60] Elapsed: 35:11, vertices: 3026, facets final: 2369, pending: 44114, pool: 200
I 2115.71] Elapsed: 35:16, vertices: 3034, facets final: 2399, pending: 44062, pool: 200
I 2121.35] Elapsed: 35:21, vertices: 3042, facets final: 2413, pending: 44009, pool: 200
I 2126.53] Elapsed: 35:27, vertices: 3050, facets final: 2447, pending: 43880, pool: 200
I 2131.80] Elapsed: 35:32, vertices: 3058, facets final: 2484, pending: 43898, pool: 200
I 2137.09] Elapsed: 35:37, vertices: 3067, facets final: 2497, pending: 43821, pool: 200
I 2142.28] Elapsed: 35:42, vertices: 3075, facets final: 2516, pending: 43790, pool: 200
I 2147.32] Elapsed: 35:47, vertices: 3084, facets final: 2539, pending: 43724, pool: 200
I 2152.82] Elapsed: 35:53, vertices: 3093, facets final: 2556, pending: 43643, pool: 200
I 2158.31] Elapsed: 35:58, vertices: 3102, facets final: 2597, pending: 43586, pool: 200
I 2163.53] Elapsed: 36:04, vertices: 3111, facets final: 2616, pending: 43525, pool: 200
I 2168.99] Elapsed: 36:09, vertices: 3120, facets final: 2629, pending: 43565, pool: 200
I 2174.91] Elapsed: 36:15, vertices: 3129, facets final: 2656, pending: 43699, pool: 200
I 2180.09] Elapsed: 36:20, vertices: 3138, facets final: 2669, pending: 43735, pool: 200
I 2185.58] Elapsed: 36:26, vertices: 3147, facets final: 2693, pending: 43634, pool: 200
I 2190.78] Elapsed: 36:31, vertices: 3154, facets final: 2704, pending: 43563, pool: 200
I 2196.19] Elapsed: 36:36, vertices: 3163, facets final: 2725, pending: 43595, pool: 200
I 2201.39] Elapsed: 36:41, vertices: 3171, facets final: 2752, pending: 43638, pool: 200
I 2206.81] Elapsed: 36:47, vertices: 3179, facets final: 2795, pending: 43693, pool: 200
I 2212.62] Elapsed: 36:53, vertices: 3188, facets final: 2826, pending: 43637, pool: 200
I 2218.59] Elapsed: 36:59, vertices: 3196, facets final: 2840, pending: 43568, pool: 200
I 2224.01] Elapsed: 37:04, vertices: 3205, facets final: 2868, pending: 43471, pool: 200
I 2229.11] Elapsed: 37:09, vertices: 3214, facets final: 2893, pending: 43412, pool: 200
I 2234.39] Elapsed: 37:14, vertices: 3222, facets final: 2915, pending: 43445, pool: 200
I 2239.78] Elapsed: 37:20, vertices: 3231, facets final: 2938, pending: 43370, pool: 199
I 2244.88] Elapsed: 37:25, vertices: 3238, facets final: 2978, pending: 43257, pool: 200
I 2249.90] Elapsed: 37:30, vertices: 3246, facets final: 2994, pending: 43205, pool: 200
I 2255.47] Elapsed: 37:35, vertices: 3255, facets final: 3010, pending: 43209, pool: 200
I 2260.57] Elapsed: 37:41, vertices: 3263, facets final: 3033, pending: 43176, pool: 200
I 2266.16] Elapsed: 37:46, vertices: 3271, facets final: 3079, pending: 43222, pool: 200
I 2271.40] Elapsed: 37:51, vertices: 3279, facets final: 3089, pending: 43195, pool: 200
I 2276.65] Elapsed: 37:57, vertices: 3288, facets final: 3108, pending: 43251, pool: 200
I 2281.72] Elapsed: 38:02, vertices: 3297, facets final: 3125, pending: 43278, pool: 200
recalculate_facet: numerical instability at facet 52994, coord 5 (-2.33471e-06)
I 2287.38] Elapsed: 38:07, vertices: 3305, facets final: 3149, pending: 43153, pool: 200
I 2292.97] Elapsed: 38:13, vertices: 3314, facets final: 3162, pending: 43133, pool: 200
I 2298.45] Elapsed: 38:18, vertices: 3323, facets final: 3179, pending: 43156, pool: 200
I 2303.45] Elapsed: 38:23, vertices: 3330, facets final: 3202, pending: 43175, pool: 199
I 2308.52] Elapsed: 38:29, vertices: 3337, facets final: 3228, pending: 43149, pool: 200
I 2313.56] Elapsed: 38:34, vertices: 3345, facets final: 3244, pending: 43119, pool: 200
I 2318.75] Elapsed: 38:39, vertices: 3352, facets final: 3270, pending: 43065, pool: 200
I 2323.92] Elapsed: 38:44, vertices: 3360, facets final: 3297, pending: 43074, pool: 200
I 2329.71] Elapsed: 38:50, vertices: 3368, facets final: 3333, pending: 42961, pool: 200
I 2335.21] Elapsed: 38:55, vertices: 3375, facets final: 3366, pending: 42940, pool: 200
I 2340.37] Elapsed: 39:00, vertices: 3382, facets final: 3385, pending: 42989, pool: 200
I 2345.53] Elapsed: 39:06, vertices: 3390, facets final: 3403, pending: 42926, pool: 200
I 2350.60] Elapsed: 39:11, vertices: 3398, facets final: 3421, pending: 42957, pool: 200
I 2355.76] Elapsed: 39:16, vertices: 3406, facets final: 3445, pending: 42961, pool: 200
I 2361.19] Elapsed: 39:21, vertices: 3415, facets final: 3467, pending: 42913, pool: 200
I 2366.21] Elapsed: 39:26, vertices: 3424, facets final: 3504, pending: 42835, pool: 200
I 2371.63] Elapsed: 39:32, vertices: 3433, facets final: 3538, pending: 42780, pool: 200
I 2376.67] Elapsed: 39:37, vertices: 3442, facets final: 3567, pending: 42778, pool: 200
I 2381.93] Elapsed: 39:42, vertices: 3451, facets final: 3620, pending: 42734, pool: 199
I 2387.07] Elapsed: 39:47, vertices: 3460, facets final: 3661, pending: 42722, pool: 200
I 2392.25] Elapsed: 39:52, vertices: 3469, facets final: 3685, pending: 42619, pool: 200
I 2397.46] Elapsed: 39:57, vertices: 3478, facets final: 3734, pending: 42556, pool: 200
I 2402.73] Elapsed: 40:03, vertices: 3486, facets final: 3764, pending: 42495, pool: 200
I 2407.73] Elapsed: 40:08, vertices: 3494, facets final: 3792, pending: 42427, pool: 200
I 2412.74] Elapsed: 40:13, vertices: 3501, facets final: 3824, pending: 42552, pool: 200
I 2418.15] Elapsed: 40:18, vertices: 3510, facets final: 3845, pending: 42414, pool: 200
I 2423.50] Elapsed: 40:24, vertices: 3518, facets final: 3871, pending: 42328, pool: 197
I 2428.98] Elapsed: 40:29, vertices: 3526, facets final: 3933, pending: 42225, pool: 200
I 2433.98] Elapsed: 40:34, vertices: 3535, facets final: 3958, pending: 42188, pool: 200
I 2439.32] Elapsed: 40:39, vertices: 3544, facets final: 3989, pending: 42155, pool: 200
I 2444.85] Elapsed: 40:45, vertices: 3553, facets final: 4038, pending: 42171, pool: 200
I 2449.85] Elapsed: 40:50, vertices: 3561, facets final: 4087, pending: 42100, pool: 200
I 2455.07] Elapsed: 40:55, vertices: 3569, facets final: 4115, pending: 42066, pool: 200
I 2460.42] Elapsed: 41:00, vertices: 3577, facets final: 4140, pending: 41915, pool: 200
I 2465.84] Elapsed: 41:06, vertices: 3585, facets final: 4189, pending: 41775, pool: 200
I 2470.96] Elapsed: 41:11, vertices: 3592, facets final: 4217, pending: 41706, pool: 200
I 2476.38] Elapsed: 41:16, vertices: 3601, facets final: 4258, pending: 41587, pool: 200
I 2482.14] Elapsed: 41:22, vertices: 3610, facets final: 4281, pending: 41491, pool: 200
I 2487.19] Elapsed: 41:27, vertices: 3618, facets final: 4318, pending: 41453, pool: 200
I 2492.54] Elapsed: 41:33, vertices: 3626, facets final: 4355, pending: 41386, pool: 200
I 2497.93] Elapsed: 41:38, vertices: 3634, facets final: 4436, pending: 41288, pool: 200
I 2503.55] Elapsed: 41:44, vertices: 3642, facets final: 4469, pending: 41245, pool: 200
I 2508.57] Elapsed: 41:49, vertices: 3650, facets final: 4504, pending: 41156, pool: 200
I 2514.01] Elapsed: 41:54, vertices: 3659, facets final: 4570, pending: 41061, pool: 200
I 2519.19] Elapsed: 41:59, vertices: 3667, facets final: 4626, pending: 40931, pool: 200
I 2525.07] Elapsed: 42:05, vertices: 3675, facets final: 4681, pending: 40826, pool: 200
I 2530.51] Elapsed: 42:11, vertices: 3685, facets final: 4714, pending: 40814, pool: 200
I 2535.53] Elapsed: 42:16, vertices: 3692, facets final: 4729, pending: 40832, pool: 200
I 2540.63] Elapsed: 42:21, vertices: 3700, facets final: 4775, pending: 40770, pool: 200
I 2545.73] Elapsed: 42:26, vertices: 3708, facets final: 4818, pending: 40739, pool: 200
I 2551.15] Elapsed: 42:31, vertices: 3717, facets final: 4862, pending: 40763, pool: 200
I 2556.15] Elapsed: 42:36, vertices: 3725, facets final: 4909, pending: 40682, pool: 200
I 2561.43] Elapsed: 42:41, vertices: 3733, facets final: 4948, pending: 40664, pool: 200
I 2566.62] Elapsed: 42:47, vertices: 3741, facets final: 4976, pending: 40604, pool: 199
I 2571.66] Elapsed: 42:52, vertices: 3749, facets final: 5021, pending: 40597, pool: 200
I 2576.96] Elapsed: 42:57, vertices: 3757, facets final: 5085, pending: 40495, pool: 199
I 2581.99] Elapsed: 43:02, vertices: 3765, facets final: 5110, pending: 40475, pool: 200
I 2587.64] Elapsed: 43:08, vertices: 3773, facets final: 5169, pending: 40452, pool: 200
I 2592.87] Elapsed: 43:13, vertices: 3781, facets final: 5188, pending: 40443, pool: 200
I 2597.87] Elapsed: 43:18, vertices: 3789, facets final: 5194, pending: 40340, pool: 200
I 2603.26] Elapsed: 43:23, vertices: 3797, facets final: 5262, pending: 40235, pool: 200
I 2609.05] Elapsed: 43:29, vertices: 3805, facets final: 5310, pending: 40156, pool: 200
I 2614.31] Elapsed: 43:34, vertices: 3812, facets final: 5355, pending: 40059, pool: 200
I 2619.84] Elapsed: 43:40, vertices: 3820, facets final: 5397, pending: 40010, pool: 200
I 2625.10] Elapsed: 43:45, vertices: 3828, facets final: 5445, pending: 39930, pool: 200
I 2630.61] Elapsed: 43:51, vertices: 3837, facets final: 5485, pending: 39880, pool: 200
I 2636.19] Elapsed: 43:56, vertices: 3846, facets final: 5527, pending: 39786, pool: 200
I 2641.29] Elapsed: 44:01, vertices: 3854, facets final: 5561, pending: 39752, pool: 200
I 2646.31] Elapsed: 44:06, vertices: 3862, facets final: 5590, pending: 39683, pool: 200
I 2651.32] Elapsed: 44:11, vertices: 3870, facets final: 5623, pending: 39623, pool: 200
I 2656.76] Elapsed: 44:17, vertices: 3879, facets final: 5694, pending: 39506, pool: 199
I 2661.77] Elapsed: 44:22, vertices: 3887, facets final: 5754, pending: 39434, pool: 199
I 2666.81] Elapsed: 44:27, vertices: 3894, facets final: 5802, pending: 39288, pool: 200
I 2671.82] Elapsed: 44:32, vertices: 3901, facets final: 5849, pending: 39183, pool: 200
I 2676.86] Elapsed: 44:37, vertices: 3909, facets final: 5891, pending: 39144, pool: 200
I 2682.29] Elapsed: 44:42, vertices: 3917, facets final: 5940, pending: 39023, pool: 200
I 2687.29] Elapsed: 44:47, vertices: 3925, facets final: 5999, pending: 38963, pool: 199
I 2692.72] Elapsed: 44:53, vertices: 3933, facets final: 6011, pending: 38914, pool: 200
I 2697.72] Elapsed: 44:58, vertices: 3941, facets final: 6060, pending: 38823, pool: 200
I 2702.74] Elapsed: 45:03, vertices: 3949, facets final: 6107, pending: 38731, pool: 199
I 2707.79] Elapsed: 45:08, vertices: 3957, facets final: 6149, pending: 38684, pool: 200
I 2713.21] Elapsed: 45:13, vertices: 3966, facets final: 6202, pending: 38581, pool: 200
I 2718.89] Elapsed: 45:19, vertices: 3975, facets final: 6260, pending: 38510, pool: 200
I 2723.89] Elapsed: 45:24, vertices: 3982, facets final: 6313, pending: 38357, pool: 200
I 2729.11] Elapsed: 45:29, vertices: 3990, facets final: 6374, pending: 38226, pool: 200
I 2734.11] Elapsed: 45:34, vertices: 3999, facets final: 6449, pending: 38118, pool: 199
I 2739.38] Elapsed: 45:39, vertices: 4008, facets final: 6503, pending: 38121, pool: 200
I 2744.53] Elapsed: 45:45, vertices: 4016, facets final: 6602, pending: 38018, pool: 200
I 2749.78] Elapsed: 45:50, vertices: 4026, facets final: 6634, pending: 37923, pool: 200
I 2755.18] Elapsed: 45:55, vertices: 4036, facets final: 6678, pending: 37809, pool: 200
I 2760.57] Elapsed: 46:01, vertices: 4046, facets final: 6749, pending: 37721, pool: 199
I 2765.96] Elapsed: 46:06, vertices: 4056, facets final: 6803, pending: 37667, pool: 199
I 2771.22] Elapsed: 46:11, vertices: 4066, facets final: 6860, pending: 37587, pool: 200
I 2776.27] Elapsed: 46:16, vertices: 4074, facets final: 6951, pending: 37487, pool: 200
I 2781.39] Elapsed: 46:21, vertices: 4082, facets final: 7047, pending: 37362, pool: 200
I 2786.87] Elapsed: 46:27, vertices: 4091, facets final: 7143, pending: 37242, pool: 200
I 2791.87] Elapsed: 46:32, vertices: 4099, facets final: 7227, pending: 37110, pool: 200
I 2797.20] Elapsed: 46:37, vertices: 4108, facets final: 7287, pending: 37001, pool: 200
I 2802.59] Elapsed: 46:43, vertices: 4118, facets final: 7331, pending: 36927, pool: 199
I 2807.73] Elapsed: 46:48, vertices: 4127, facets final: 7411, pending: 36871, pool: 200
I 2813.04] Elapsed: 46:53, vertices: 4136, facets final: 7521, pending: 36712, pool: 200
I 2818.04] Elapsed: 46:58, vertices: 4144, facets final: 7624, pending: 36594, pool: 199
I 2823.10] Elapsed: 47:03, vertices: 4152, facets final: 7716, pending: 36452, pool: 200
I 2828.35] Elapsed: 47:08, vertices: 4160, facets final: 7849, pending: 36301, pool: 200
I 2833.52] Elapsed: 47:14, vertices: 4168, facets final: 7966, pending: 36173, pool: 200
I 2839.02] Elapsed: 47:19, vertices: 4177, facets final: 8068, pending: 36016, pool: 200
I 2844.02] Elapsed: 47:24, vertices: 4186, facets final: 8140, pending: 35919, pool: 199
I 2849.20] Elapsed: 47:29, vertices: 4195, facets final: 8204, pending: 35830, pool: 200
I 2854.20] Elapsed: 47:34, vertices: 4203, facets final: 8291, pending: 35709, pool: 200
I 2859.54] Elapsed: 47:40, vertices: 4212, facets final: 8377, pending: 35627, pool: 200
I 2864.66] Elapsed: 47:45, vertices: 4219, facets final: 8545, pending: 35440, pool: 200
I 2870.02] Elapsed: 47:50, vertices: 4228, facets final: 8645, pending: 35290, pool: 200
I 2875.12] Elapsed: 47:55, vertices: 4236, facets final: 8720, pending: 35333, pool: 200
I 2880.13] Elapsed: 48:00, vertices: 4244, facets final: 8818, pending: 35226, pool: 200
I 2885.93] Elapsed: 48:06, vertices: 4252, facets final: 8948, pending: 35070, pool: 199
I 2891.10] Elapsed: 48:11, vertices: 4260, facets final: 9042, pending: 34994, pool: 199
I 2896.10] Elapsed: 48:16, vertices: 4268, facets final: 9148, pending: 34834, pool: 200
I 2901.43] Elapsed: 48:21, vertices: 4278, facets final: 9210, pending: 34763, pool: 199
I 2906.66] Elapsed: 48:27, vertices: 4286, facets final: 9292, pending: 34675, pool: 200
I 2911.93] Elapsed: 48:32, vertices: 4294, facets final: 9424, pending: 34533, pool: 200
I 2916.97] Elapsed: 48:37, vertices: 4300, facets final: 9584, pending: 34340, pool: 200
I 2921.97] Elapsed: 48:42, vertices: 4309, facets final: 9649, pending: 34238, pool: 199
I 2927.36] Elapsed: 48:47, vertices: 4318, facets final: 9747, pending: 34151, pool: 199
I 2932.71] Elapsed: 48:53, vertices: 4327, facets final: 9827, pending: 34121, pool: 200
I 2938.02] Elapsed: 48:58, vertices: 4336, facets final: 9909, pending: 33998, pool: 200
I 2943.39] Elapsed: 49:03, vertices: 4345, facets final: 9996, pending: 33935, pool: 200
I 2948.72] Elapsed: 49:09, vertices: 4353, facets final: 10095, pending: 33813, pool: 199
I 2953.93] Elapsed: 49:14, vertices: 4361, facets final: 10197, pending: 33724, pool: 200
I 2959.26] Elapsed: 49:19, vertices: 4369, facets final: 10293, pending: 33691, pool: 200
I 2964.60] Elapsed: 49:25, vertices: 4378, facets final: 10392, pending: 33596, pool: 200
I 2969.93] Elapsed: 49:30, vertices: 4387, facets final: 10481, pending: 33506, pool: 199
I 2975.03] Elapsed: 49:35, vertices: 4395, facets final: 10576, pending: 33411, pool: 199
I 2980.03] Elapsed: 49:40, vertices: 4402, facets final: 10703, pending: 33306, pool: 200
I 2985.45] Elapsed: 49:45, vertices: 4411, facets final: 10803, pending: 33206, pool: 200
I 2990.49] Elapsed: 49:50, vertices: 4417, facets final: 10985, pending: 33051, pool: 200
I 2995.65] Elapsed: 49:56, vertices: 4424, facets final: 11125, pending: 32909, pool: 199
I 3000.67] Elapsed: 50:01, vertices: 4432, facets final: 11192, pending: 32806, pool: 200
I 3005.67] Elapsed: 50:06, vertices: 4440, facets final: 11303, pending: 32699, pool: 200
I 3010.92] Elapsed: 50:11, vertices: 4448, facets final: 11406, pending: 32607, pool: 200
I 3016.02] Elapsed: 50:16, vertices: 4457, facets final: 11482, pending: 32558, pool: 200
I 3021.20] Elapsed: 50:21, vertices: 4465, facets final: 11606, pending: 32401, pool: 200
I 3026.20] Elapsed: 50:26, vertices: 4472, facets final: 11756, pending: 32240, pool: 199
I 3031.54] Elapsed: 50:32, vertices: 4479, facets final: 11921, pending: 32072, pool: 200
I 3036.54] Elapsed: 50:37, vertices: 4485, facets final: 12105, pending: 31896, pool: 198
I 3041.67] Elapsed: 50:42, vertices: 4492, facets final: 12240, pending: 31736, pool: 198
I 3047.05] Elapsed: 50:47, vertices: 4498, facets final: 12457, pending: 31512, pool: 200
I 3052.06] Elapsed: 50:52, vertices: 4505, facets final: 12565, pending: 31404, pool: 200
I 3057.07] Elapsed: 50:57, vertices: 4511, facets final: 12748, pending: 31231, pool: 199
I 3062.07] Elapsed: 51:02, vertices: 4516, facets final: 12961, pending: 31034, pool: 198
I 3067.38] Elapsed: 51:07, vertices: 4523, facets final: 13136, pending: 30863, pool: 198
I 3072.80] Elapsed: 51:13, vertices: 4531, facets final: 13259, pending: 30750, pool: 200
I 3077.80] Elapsed: 51:18, vertices: 4538, facets final: 13391, pending: 30612, pool: 200
I 3082.80] Elapsed: 51:23, vertices: 4545, facets final: 13543, pending: 30448, pool: 200
I 3088.06] Elapsed: 51:28, vertices: 4552, facets final: 13708, pending: 30285, pool: 200
I 3093.10] Elapsed: 51:33, vertices: 4559, facets final: 13856, pending: 30121, pool: 200
I 3098.23] Elapsed: 51:38, vertices: 4565, facets final: 14053, pending: 29932, pool: 200
I 3103.74] Elapsed: 51:44, vertices: 4574, facets final: 14142, pending: 29824, pool: 200
I 3108.79] Elapsed: 51:49, vertices: 4582, facets final: 14260, pending: 29675, pool: 199
I 3114.17] Elapsed: 51:54, vertices: 4588, facets final: 14479, pending: 29474, pool: 200
I 3119.17] Elapsed: 51:59, vertices: 4595, facets final: 14625, pending: 29321, pool: 199
I 3124.22] Elapsed: 52:04, vertices: 4602, facets final: 14742, pending: 29179, pool: 200
I 3129.22] Elapsed: 52:09, vertices: 4608, facets final: 14919, pending: 28992, pool: 199
I 3134.23] Elapsed: 52:14, vertices: 4614, facets final: 15108, pending: 28832, pool: 200
I 3139.23] Elapsed: 52:19, vertices: 4620, facets final: 15295, pending: 28666, pool: 200
I 3144.52] Elapsed: 52:25, vertices: 4628, facets final: 15434, pending: 28535, pool: 199
I 3149.52] Elapsed: 52:30, vertices: 4635, facets final: 15576, pending: 28386, pool: 199
I 3154.52] Elapsed: 52:35, vertices: 4641, facets final: 15753, pending: 28215, pool: 198
I 3159.52] Elapsed: 52:40, vertices: 4647, facets final: 15945, pending: 28015, pool: 199
I 3164.52] Elapsed: 52:45, vertices: 4653, facets final: 16121, pending: 27837, pool: 199
I 3169.52] Elapsed: 52:50, vertices: 4660, facets final: 16262, pending: 27685, pool: 199
I 3174.68] Elapsed: 52:55, vertices: 4666, facets final: 16447, pending: 27471, pool: 197
I 3179.74] Elapsed: 53:00, vertices: 4670, facets final: 16713, pending: 27192, pool: 198
I 3184.78] Elapsed: 53:05, vertices: 4677, facets final: 16859, pending: 27054, pool: 199
I 3189.88] Elapsed: 53:10, vertices: 4684, facets final: 17022, pending: 26883, pool: 198
I 3194.88] Elapsed: 53:15, vertices: 4691, facets final: 17165, pending: 26733, pool: 197
I 3200.28] Elapsed: 53:20, vertices: 4697, facets final: 17381, pending: 26525, pool: 200
I 3205.47] Elapsed: 53:25, vertices: 4705, facets final: 17490, pending: 26403, pool: 199
I 3210.66] Elapsed: 53:31, vertices: 4711, facets final: 17696, pending: 26168, pool: 198
I 3215.66] Elapsed: 53:36, vertices: 4716, facets final: 17925, pending: 25932, pool: 197
I 3220.92] Elapsed: 53:41, vertices: 4723, facets final: 18083, pending: 25756, pool: 199
I 3226.07] Elapsed: 53:46, vertices: 4729, facets final: 18236, pending: 25585, pool: 198
I 3231.07] Elapsed: 53:51, vertices: 4735, facets final: 18412, pending: 25405, pool: 199
I 3236.07] Elapsed: 53:56, vertices: 4740, facets final: 18637, pending: 25167, pool: 199
I 3241.07] Elapsed: 54:01, vertices: 4746, facets final: 18826, pending: 24968, pool: 199
I 3246.08] Elapsed: 54:06, vertices: 4751, facets final: 19056, pending: 24732, pool: 197
I 3251.16] Elapsed: 54:11, vertices: 4757, facets final: 19255, pending: 24528, pool: 198
I 3256.16] Elapsed: 54:16, vertices: 4762, facets final: 19481, pending: 24288, pool: 199
I 3261.16] Elapsed: 54:21, vertices: 4767, facets final: 19712, pending: 24047, pool: 199
I 3266.29] Elapsed: 54:26, vertices: 4773, facets final: 19912, pending: 23830, pool: 198
I 3271.29] Elapsed: 54:31, vertices: 4777, facets final: 20177, pending: 23551, pool: 198
I 3276.64] Elapsed: 54:37, vertices: 4783, facets final: 20391, pending: 23349, pool: 198
I 3282.02] Elapsed: 54:42, vertices: 4788, facets final: 20635, pending: 23077, pool: 199
I 3287.02] Elapsed: 54:47, vertices: 4794, facets final: 20824, pending: 22878, pool: 197
I 3292.22] Elapsed: 54:52, vertices: 4800, facets final: 21025, pending: 22671, pool: 200
I 3297.22] Elapsed: 54:57, vertices: 4806, facets final: 21197, pending: 22487, pool: 198
I 3302.56] Elapsed: 55:03, vertices: 4810, facets final: 21497, pending: 22182, pool: 196
I 3307.56] Elapsed: 55:08, vertices: 4813, facets final: 21805, pending: 21873, pool: 194
I 3312.57] Elapsed: 55:13, vertices: 4817, facets final: 22066, pending: 21610, pool: 196
I 3317.57] Elapsed: 55:18, vertices: 4822, facets final: 22297, pending: 21367, pool: 197
I 3322.57] Elapsed: 55:23, vertices: 4827, facets final: 22526, pending: 21133, pool: 197
I 3327.57] Elapsed: 55:28, vertices: 4831, facets final: 22800, pending: 20852, pool: 194
I 3332.85] Elapsed: 55:33, vertices: 4835, facets final: 23090, pending: 20556, pool: 196
I 3337.85] Elapsed: 55:38, vertices: 4838, facets final: 23392, pending: 20247, pool: 196
I 3342.85] Elapsed: 55:43, vertices: 4843, facets final: 23617, pending: 20011, pool: 194
I 3348.24] Elapsed: 55:48, vertices: 4848, facets final: 23876, pending: 19741, pool: 199
I 3353.24] Elapsed: 55:53, vertices: 4854, facets final: 24063, pending: 19538, pool: 197
I 3358.24] Elapsed: 55:58, vertices: 4860, facets final: 24254, pending: 19337, pool: 198
I 3363.74] Elapsed: 56:04, vertices: 4866, facets final: 24487, pending: 19083, pool: 196
I 3368.74] Elapsed: 56:09, vertices: 4870, facets final: 24767, pending: 18806, pool: 193
I 3373.74] Elapsed: 56:14, vertices: 4873, facets final: 25083, pending: 18484, pool: 193
I 3378.74] Elapsed: 56:19, vertices: 4877, facets final: 25360, pending: 18207, pool: 193
I 3383.74] Elapsed: 56:24, vertices: 4880, facets final: 25672, pending: 17886, pool: 194
I 3389.14] Elapsed: 56:29, vertices: 4883, facets final: 26015, pending: 17535, pool: 194
I 3394.14] Elapsed: 56:34, vertices: 4888, facets final: 26258, pending: 17286, pool: 190
I 3399.21] Elapsed: 56:39, vertices: 4892, facets final: 26538, pending: 16995, pool: 190
I 3404.21] Elapsed: 56:44, vertices: 4895, facets final: 26856, pending: 16675, pool: 191
I 3409.21] Elapsed: 56:49, vertices: 4897, facets final: 27208, pending: 16321, pool: 190
I 3414.22] Elapsed: 56:54, vertices: 4901, facets final: 27466, pending: 16064, pool: 190
I 3419.60] Elapsed: 57:00, vertices: 4905, facets final: 27771, pending: 15747, pool: 191
I 3424.71] Elapsed: 57:05, vertices: 4909, facets final: 28049, pending: 15466, pool: 193
I 3429.72] Elapsed: 57:10, vertices: 4911, facets final: 28399, pending: 15106, pool: 193
I 3434.72] Elapsed: 57:15, vertices: 4914, facets final: 28713, pending: 14788, pool: 193
I 3439.72] Elapsed: 57:20, vertices: 4917, facets final: 29028, pending: 14488, pool: 191
I 3445.09] Elapsed: 57:25, vertices: 4921, facets final: 29335, pending: 14173, pool: 193
I 3450.40] Elapsed: 57:30, vertices: 4924, facets final: 29674, pending: 13835, pool: 193
I 3455.40] Elapsed: 57:35, vertices: 4927, facets final: 29990, pending: 13516, pool: 190
I 3460.40] Elapsed: 57:40, vertices: 4930, facets final: 30304, pending: 13198, pool: 188
I 3465.40] Elapsed: 57:45, vertices: 4934, facets final: 30586, pending: 12911, pool: 185
I 3470.40] Elapsed: 57:50, vertices: 4939, facets final: 30839, pending: 12651, pool: 181
I 3475.41] Elapsed: 57:55, vertices: 4943, facets final: 31129, pending: 12356, pool: 177
I 3480.41] Elapsed: 58:00, vertices: 4946, facets final: 31447, pending: 12037, pool: 177
I 3485.41] Elapsed: 58:05, vertices: 4949, facets final: 31763, pending: 11728, pool: 178
I 3490.64] Elapsed: 58:11, vertices: 4954, facets final: 32040, pending: 11497, pool: 174
I 3495.64] Elapsed: 58:16, vertices: 4956, facets final: 32399, pending: 11134, pool: 175
I 3500.64] Elapsed: 58:21, vertices: 4959, facets final: 32727, pending: 10806, pool: 172
I 3505.66] Elapsed: 58:26, vertices: 4963, facets final: 33023, pending: 10507, pool: 169
I 3510.67] Elapsed: 58:31, vertices: 4967, facets final: 33319, pending: 10204, pool: 168
I 3515.78] Elapsed: 58:36, vertices: 4969, facets final: 33675, pending: 9869, pool: 172
I 3520.78] Elapsed: 58:41, vertices: 4973, facets final: 33962, pending: 9576, pool: 169
I 3525.78] Elapsed: 58:46, vertices: 4975, facets final: 34321, pending: 9213, pool: 170
I 3530.78] Elapsed: 58:51, vertices: 4980, facets final: 34576, pending: 8957, pool: 168
I 3535.85] Elapsed: 58:56, vertices: 4985, facets final: 34841, pending: 8702, pool: 166
I 3540.85] Elapsed: 59:01, vertices: 4988, facets final: 35169, pending: 8371, pool: 165
I 3545.85] Elapsed: 59:06, vertices: 4991, facets final: 35504, pending: 8036, pool: 163
I 3550.85] Elapsed: 59:11, vertices: 4996, facets final: 35772, pending: 7765, pool: 160
I 3555.86] Elapsed: 59:16, vertices: 4998, facets final: 36135, pending: 7400, pool: 158
I 3561.11] Elapsed: 59:21, vertices: 5003, facets final: 36397, pending: 7128, pool: 158
I 3566.11] Elapsed: 59:26, vertices: 5007, facets final: 36701, pending: 6829, pool: 154
I 3571.12] Elapsed: 59:31, vertices: 5009, facets final: 37072, pending: 6452, pool: 158
I 3576.12] Elapsed: 59:36, vertices: 5012, facets final: 37403, pending: 6127, pool: 158
I 3581.12] Elapsed: 59:41, vertices: 5016, facets final: 37705, pending: 5827, pool: 158
I 3586.12] Elapsed: 59:46, vertices: 5019, facets final: 38045, pending: 5491, pool: 155
I 3591.12] Elapsed: 59:51, vertices: 5023, facets final: 38357, pending: 5178, pool: 151
I 3596.15] Elapsed: 59:56, vertices: 5028, facets final: 38634, pending: 4921, pool: 149
I 3601.15] Elapsed: 1:00:01, vertices: 5033, facets final: 38919, pending: 4652, pool: 145
I 3606.15] Elapsed: 1:00:06, vertices: 5036, facets final: 39245, pending: 4357, pool: 143
I 3611.16] Elapsed: 1:00:11, vertices: 5043, facets final: 39482, pending: 4118, pool: 137
I 3616.16] Elapsed: 1:00:16, vertices: 5046, facets final: 39819, pending: 3777, pool: 138
I 3621.23] Elapsed: 1:00:21, vertices: 5050, facets final: 40141, pending: 3447, pool: 137
I 3626.23] Elapsed: 1:00:26, vertices: 5053, facets final: 40482, pending: 3108, pool: 136
I 3631.25] Elapsed: 1:00:31, vertices: 5058, facets final: 40781, pending: 2804, pool: 132
I 3636.25] Elapsed: 1:00:36, vertices: 5064, facets final: 41023, pending: 2568, pool: 129
I 3641.26] Elapsed: 1:00:41, vertices: 5068, facets final: 41346, pending: 2237, pool: 127
I 3646.42] Elapsed: 1:00:46, vertices: 5074, facets final: 41638, pending: 1939, pool: 123
I 3651.49] Elapsed: 1:00:51, vertices: 5080, facets final: 41922, pending: 1654, pool: 120
I 3656.49] Elapsed: 1:00:56, vertices: 5088, facets final: 42140, pending: 1435, pool: 116
I 3661.50] Elapsed: 1:01:02, vertices: 5097, facets final: 42356, pending: 1216, pool: 112
I 3666.60] Elapsed: 1:01:07, vertices: 5108, facets final: 42519, pending: 1064, pool: 107
I 3671.60] Elapsed: 1:01:12, vertices: 5121, facets final: 42659, pending: 917, pool: 98
I 3676.67] Elapsed: 1:01:17, vertices: 5135, facets final: 42781, pending: 837, pool: 95
I 3681.70] Elapsed: 1:01:22, vertices: 5152, facets final: 42887, pending: 713, pool: 82
I 3686.70] Elapsed: 1:01:27, vertices: 5170, facets final: 43013, pending: 595, pool: 67
I 3691.70] Elapsed: 1:01:32, vertices: 5193, facets final: 43129, pending: 466, pool: 49
I 3696.74] Elapsed: 1:01:37, vertices: 5222, facets final: 43263, pending: 336, pool: 24
I 3701.75] Elapsed: 1:01:42, vertices: 5262, facets final: 43494, pending: 90, pool: 2
I 3704.40] Elapsed: 1:01:44, vertices: 5284, facets final: 43597, pending: 0

--------------------------------
Problem completed
 name                    34.vlp
 output                  vlp/34.res
 rows, cols, objs        12, 4941, 10
 vertices, facets        5284, 43597
 total time              1:01:44
--------------------------------
Statistics
LP:
 oracle calls            49772
   avg iterations/calls  8.48
 total oracle time       9:37
Combinatorics:
 vertices added          5284
 facets probed           82227
 facets # max            56610
 memory allocated        89.95M
 instability warnings    1
 storage expansion
   vertices # / upto     42 / 5372
   facets   # / upto     14 / 57340
 facet manipulating
   added avg / max       94.74 / 1.28k
   compressed            256
 number of ridge tests
   avg / max             3.53M / 47.71M
--------------------------------
Parameters with non-default values
 VertexPoolSize = 200
 PolytopeEps = 4e-09
 LineqEps = 1e-07
