C applying rule 43.txt for base40.txt
I    5.01] Elapsed: 5.01, vertices: 89, facets final: 23, pending: 5674, pool: 135
I   10.10] Elapsed: 10.10, vertices: 133, facets final: 32, pending: 9975, pool: 183
I   15.19] Elapsed: 15.19, vertices: 163, facets final: 33, pending: 13291, pool: 198
I   20.20] Elapsed: 20.20, vertices: 188, facets final: 36, pending: 15529, pool: 198
I   25.36] Elapsed: 25.36, vertices: 211, facets final: 38, pending: 17579, pool: 200
I   30.46] Elapsed: 30.46, vertices: 232, facets final: 39, pending: 19181, pool: 200
I   35.60] Elapsed: 35.60, vertices: 250, facets final: 39, pending: 20316, pool: 200
I   40.69] Elapsed: 40.69, vertices: 266, facets final: 40, pending: 21723, pool: 197
I   45.69] Elapsed: 45.69, vertices: 279, facets final: 44, pending: 22351, pool: 200
I   50.83] Elapsed: 50.83, vertices: 293, facets final: 48, pending: 23422, pool: 200
I   55.88] Elapsed: 55.88, vertices: 307, facets final: 51, pending: 24236, pool: 200
I   61.12] Elapsed: 1:01, vertices: 321, facets final: 51, pending: 24915, pool: 200
I   66.27] Elapsed: 1:06, vertices: 335, facets final: 53, pending: 25763, pool: 200
I   71.28] Elapsed: 1:11, vertices: 348, facets final: 58, pending: 26509, pool: 200
I   76.70] Elapsed: 1:17, vertices: 362, facets final: 61, pending: 27055, pool: 200
I   81.97] Elapsed: 1:22, vertices: 376, facets final: 63, pending: 27510, pool: 199
I   87.24] Elapsed: 1:27, vertices: 387, facets final: 64, pending: 27890, pool: 200
I   92.54] Elapsed: 1:33, vertices: 400, facets final: 69, pending: 28816, pool: 200
I   97.68] Elapsed: 1:38, vertices: 411, facets final: 70, pending: 28677, pool: 200
I  102.97] Elapsed: 1:43, vertices: 423, facets final: 75, pending: 29551, pool: 200
I  108.45] Elapsed: 1:48, vertices: 433, facets final: 78, pending: 30036, pool: 200
I  113.76] Elapsed: 1:54, vertices: 444, facets final: 80, pending: 30477, pool: 199
I  118.95] Elapsed: 1:59, vertices: 455, facets final: 81, pending: 30843, pool: 199
I  124.27] Elapsed: 2:04, vertices: 466, facets final: 85, pending: 31481, pool: 200
I  129.52] Elapsed: 2:10, vertices: 476, facets final: 85, pending: 31984, pool: 200
I  134.99] Elapsed: 2:15, vertices: 486, facets final: 87, pending: 32452, pool: 200
I  140.22] Elapsed: 2:20, vertices: 497, facets final: 87, pending: 32886, pool: 200
I  145.66] Elapsed: 2:26, vertices: 507, facets final: 90, pending: 32893, pool: 200
I  151.01] Elapsed: 2:31, vertices: 516, facets final: 90, pending: 33072, pool: 200
I  156.07] Elapsed: 2:36, vertices: 526, facets final: 91, pending: 33047, pool: 199
I  161.45] Elapsed: 2:41, vertices: 536, facets final: 97, pending: 33442, pool: 199
I  166.55] Elapsed: 2:47, vertices: 547, facets final: 98, pending: 34124, pool: 198
I  171.58] Elapsed: 2:52, vertices: 556, facets final: 100, pending: 34324, pool: 199
I  177.04] Elapsed: 2:57, vertices: 565, facets final: 103, pending: 34555, pool: 200
I  182.19] Elapsed: 3:02, vertices: 573, facets final: 104, pending: 35072, pool: 199
I  187.59] Elapsed: 3:08, vertices: 583, facets final: 107, pending: 35799, pool: 200
I  192.89] Elapsed: 3:13, vertices: 594, facets final: 110, pending: 35697, pool: 200
recalculate_facet: numerical instability at facet 5197, coord 0 (-1.15052e-06)
recalculate_facet: numerical instability at facet 5257, coord 0 (-1.11065e-06)
recalculate_facet: numerical instability at facet 9687, coord 0 (-1.10426e-06)
recalculate_facet: numerical instability at facet 10167, coord 0 (-1.14384e-06)
recalculate_facet: numerical instability at facet 36151, coord 0 (-4.99546e-06)
recalculate_facet: numerical instability at facet 36151, coord 4 (6.62397e-06)
recalculate_facet: numerical instability at facet 36151, coord 10 (3.20342e-06)
recalculate_facet: numerical instability at facet 36253, coord 0 (-5.4743e-06)
recalculate_facet: numerical instability at facet 36253, coord 4 (5.93509e-06)
recalculate_facet: numerical instability at facet 36253, coord 10 (3.45275e-06)
I  197.92] Elapsed: 3:18, vertices: 603, facets final: 115, pending: 35758, pool: 199
I  203.30] Elapsed: 3:23, vertices: 612, facets final: 118, pending: 36213, pool: 200
I  208.38] Elapsed: 3:28, vertices: 621, facets final: 119, pending: 36349, pool: 200
I  213.41] Elapsed: 3:33, vertices: 629, facets final: 126, pending: 36401, pool: 200
I  218.48] Elapsed: 3:38, vertices: 638, facets final: 130, pending: 36199, pool: 200
I  224.05] Elapsed: 3:44, vertices: 648, facets final: 133, pending: 36158, pool: 200
I  229.28] Elapsed: 3:49, vertices: 658, facets final: 135, pending: 36526, pool: 200
I  234.77] Elapsed: 3:55, vertices: 666, facets final: 137, pending: 36423, pool: 200
I  240.05] Elapsed: 4:00, vertices: 676, facets final: 139, pending: 36581, pool: 200
I  245.46] Elapsed: 4:05, vertices: 686, facets final: 143, pending: 36297, pool: 200
I  250.47] Elapsed: 4:10, vertices: 694, facets final: 145, pending: 35949, pool: 199
I  255.59] Elapsed: 4:16, vertices: 704, facets final: 145, pending: 36214, pool: 200
I  260.89] Elapsed: 4:21, vertices: 713, facets final: 149, pending: 36311, pool: 200
I  265.93] Elapsed: 4:26, vertices: 723, facets final: 152, pending: 36566, pool: 200
I  271.34] Elapsed: 4:31, vertices: 733, facets final: 155, pending: 36832, pool: 200
I  276.78] Elapsed: 4:37, vertices: 742, facets final: 156, pending: 36693, pool: 200
I  281.85] Elapsed: 4:42, vertices: 751, facets final: 159, pending: 36839, pool: 200
I  287.27] Elapsed: 4:47, vertices: 760, facets final: 161, pending: 36773, pool: 200
I  292.67] Elapsed: 4:53, vertices: 770, facets final: 163, pending: 36842, pool: 200
I  297.86] Elapsed: 4:58, vertices: 779, facets final: 170, pending: 36941, pool: 200
I  302.96] Elapsed: 5:03, vertices: 789, facets final: 175, pending: 36959, pool: 200
I  308.07] Elapsed: 5:08, vertices: 798, facets final: 182, pending: 37407, pool: 200
I  313.77] Elapsed: 5:14, vertices: 808, facets final: 187, pending: 37776, pool: 200
I  318.77] Elapsed: 5:19, vertices: 816, facets final: 189, pending: 37779, pool: 200
I  323.98] Elapsed: 5:24, vertices: 824, facets final: 190, pending: 37528, pool: 200
I  329.04] Elapsed: 5:29, vertices: 833, facets final: 191, pending: 37631, pool: 200
I  334.37] Elapsed: 5:34, vertices: 843, facets final: 194, pending: 37676, pool: 200
I  339.48] Elapsed: 5:39, vertices: 852, facets final: 197, pending: 37749, pool: 200
I  344.86] Elapsed: 5:45, vertices: 859, facets final: 197, pending: 37657, pool: 200
I  350.27] Elapsed: 5:50, vertices: 868, facets final: 205, pending: 37728, pool: 200
I  355.29] Elapsed: 5:55, vertices: 876, facets final: 206, pending: 37461, pool: 200
I  360.79] Elapsed: 6:01, vertices: 884, facets final: 209, pending: 37539, pool: 200
I  365.93] Elapsed: 6:06, vertices: 891, facets final: 214, pending: 37617, pool: 200
recalculate_facet: numerical instability at facet 36597, coord 0 (-1.47237e-06)
recalculate_facet: numerical instability at facet 36597, coord 4 (1.14154e-06)
recalculate_facet: numerical instability at facet 36934, coord 0 (-1.31909e-06)
recalculate_facet: numerical instability at facet 36934, coord 4 (1.38289e-06)
I  371.25] Elapsed: 6:11, vertices: 901, facets final: 217, pending: 37717, pool: 200
I  376.31] Elapsed: 6:16, vertices: 909, facets final: 225, pending: 37733, pool: 200
I  381.45] Elapsed: 6:21, vertices: 918, facets final: 231, pending: 37769, pool: 200
I  386.57] Elapsed: 6:27, vertices: 926, facets final: 237, pending: 37910, pool: 200
I  391.94] Elapsed: 6:32, vertices: 935, facets final: 240, pending: 38099, pool: 200
I  397.20] Elapsed: 6:37, vertices: 943, facets final: 253, pending: 38159, pool: 198
I  402.45] Elapsed: 6:42, vertices: 951, facets final: 256, pending: 37879, pool: 200
I  407.87] Elapsed: 6:48, vertices: 959, facets final: 256, pending: 37650, pool: 200
I  413.24] Elapsed: 6:53, vertices: 968, facets final: 257, pending: 37774, pool: 200
I  418.50] Elapsed: 6:59, vertices: 977, facets final: 262, pending: 37546, pool: 200
I  423.71] Elapsed: 7:04, vertices: 987, facets final: 271, pending: 37670, pool: 200
I  429.22] Elapsed: 7:09, vertices: 996, facets final: 274, pending: 37976, pool: 200
I  434.65] Elapsed: 7:15, vertices: 1005, facets final: 276, pending: 37791, pool: 200
I  439.69] Elapsed: 7:20, vertices: 1013, facets final: 277, pending: 37920, pool: 200
I  445.09] Elapsed: 7:25, vertices: 1022, facets final: 283, pending: 38141, pool: 199
I  450.26] Elapsed: 7:30, vertices: 1030, facets final: 284, pending: 38121, pool: 199
I  455.58] Elapsed: 7:36, vertices: 1037, facets final: 291, pending: 38269, pool: 200
I  460.83] Elapsed: 7:41, vertices: 1045, facets final: 291, pending: 38168, pool: 200
I  466.15] Elapsed: 7:46, vertices: 1054, facets final: 294, pending: 38291, pool: 200
I  471.27] Elapsed: 7:51, vertices: 1062, facets final: 295, pending: 38007, pool: 200
I  476.53] Elapsed: 7:57, vertices: 1071, facets final: 300, pending: 37904, pool: 198
I  481.81] Elapsed: 8:02, vertices: 1081, facets final: 308, pending: 37801, pool: 200
I  487.61] Elapsed: 8:08, vertices: 1090, facets final: 312, pending: 37924, pool: 200
I  492.67] Elapsed: 8:13, vertices: 1099, facets final: 324, pending: 37767, pool: 200
recalculate_facet: numerical instability at facet 2759, coord 0 (1.19399e-06)
recalculate_facet: numerical instability at facet 2759, coord 4 (-1.70581e-06)
recalculate_facet: numerical instability at facet 2759, coord 10 (-1.02844e-06)
recalculate_facet: numerical instability at facet 2817, coord 0 (1.254e-06)
recalculate_facet: numerical instability at facet 2817, coord 4 (-1.75082e-06)
recalculate_facet: numerical instability at facet 2817, coord 10 (-1.08104e-06)
I  497.80] Elapsed: 8:18, vertices: 1107, facets final: 326, pending: 38015, pool: 200
I  503.37] Elapsed: 8:23, vertices: 1117, facets final: 326, pending: 37895, pool: 200
I  508.41] Elapsed: 8:28, vertices: 1126, facets final: 333, pending: 37728, pool: 200
I  513.88] Elapsed: 8:34, vertices: 1136, facets final: 343, pending: 37513, pool: 200
I  519.01] Elapsed: 8:39, vertices: 1145, facets final: 348, pending: 37229, pool: 200
I  524.18] Elapsed: 8:44, vertices: 1153, facets final: 352, pending: 36958, pool: 200
I  529.27] Elapsed: 8:49, vertices: 1162, facets final: 362, pending: 36922, pool: 200
I  534.77] Elapsed: 8:55, vertices: 1171, facets final: 364, pending: 36771, pool: 200
I  540.05] Elapsed: 9:00, vertices: 1181, facets final: 367, pending: 36369, pool: 200
I  545.30] Elapsed: 9:05, vertices: 1191, facets final: 372, pending: 36363, pool: 200
I  550.30] Elapsed: 9:10, vertices: 1200, facets final: 373, pending: 36331, pool: 200
I  555.68] Elapsed: 9:16, vertices: 1210, facets final: 377, pending: 36379, pool: 200
I  561.09] Elapsed: 9:21, vertices: 1220, facets final: 383, pending: 36406, pool: 199
I  566.49] Elapsed: 9:26, vertices: 1229, facets final: 384, pending: 36330, pool: 200
I  571.65] Elapsed: 9:32, vertices: 1238, facets final: 389, pending: 36326, pool: 200
I  576.96] Elapsed: 9:37, vertices: 1246, facets final: 392, pending: 36213, pool: 200
I  582.22] Elapsed: 9:42, vertices: 1255, facets final: 398, pending: 36037, pool: 200
I  587.48] Elapsed: 9:47, vertices: 1265, facets final: 407, pending: 36039, pool: 200
I  592.69] Elapsed: 9:53, vertices: 1275, facets final: 414, pending: 35782, pool: 200
I  597.81] Elapsed: 9:58, vertices: 1285, facets final: 424, pending: 35775, pool: 200
I  603.43] Elapsed: 10:03, vertices: 1295, facets final: 429, pending: 35620, pool: 200
I  608.43] Elapsed: 10:08, vertices: 1303, facets final: 440, pending: 35641, pool: 200
I  613.59] Elapsed: 10:14, vertices: 1312, facets final: 442, pending: 35411, pool: 200
I  618.60] Elapsed: 10:19, vertices: 1322, facets final: 446, pending: 35373, pool: 200
I  623.92] Elapsed: 10:24, vertices: 1333, facets final: 464, pending: 35388, pool: 200
I  629.30] Elapsed: 10:29, vertices: 1344, facets final: 470, pending: 35309, pool: 200
I  634.76] Elapsed: 10:35, vertices: 1354, facets final: 478, pending: 35111, pool: 200
I  640.07] Elapsed: 10:40, vertices: 1364, facets final: 489, pending: 34974, pool: 200
I  645.57] Elapsed: 10:46, vertices: 1374, facets final: 492, pending: 34840, pool: 200
I  651.20] Elapsed: 10:51, vertices: 1384, facets final: 502, pending: 34448, pool: 200
I  656.35] Elapsed: 10:56, vertices: 1395, facets final: 506, pending: 34283, pool: 200
I  661.46] Elapsed: 11:01, vertices: 1405, facets final: 520, pending: 33990, pool: 199
I  666.46] Elapsed: 11:06, vertices: 1415, facets final: 530, pending: 33922, pool: 200
I  671.47] Elapsed: 11:11, vertices: 1425, facets final: 538, pending: 34174, pool: 200
I  676.55] Elapsed: 11:17, vertices: 1435, facets final: 547, pending: 34077, pool: 200
I  681.58] Elapsed: 11:22, vertices: 1445, facets final: 552, pending: 33779, pool: 200
I  686.81] Elapsed: 11:27, vertices: 1453, facets final: 565, pending: 33686, pool: 199
I  692.14] Elapsed: 11:32, vertices: 1463, facets final: 582, pending: 33609, pool: 199
I  697.27] Elapsed: 11:37, vertices: 1474, facets final: 598, pending: 33510, pool: 200
I  702.31] Elapsed: 11:42, vertices: 1485, facets final: 606, pending: 33326, pool: 200
I  707.31] Elapsed: 11:47, vertices: 1495, facets final: 623, pending: 33372, pool: 199
I  712.66] Elapsed: 11:53, vertices: 1505, facets final: 638, pending: 33351, pool: 200
I  717.98] Elapsed: 11:58, vertices: 1515, facets final: 650, pending: 33512, pool: 200
I  723.39] Elapsed: 12:03, vertices: 1525, facets final: 662, pending: 33641, pool: 200
I  728.82] Elapsed: 12:09, vertices: 1534, facets final: 668, pending: 33369, pool: 200
I  734.33] Elapsed: 12:14, vertices: 1544, facets final: 679, pending: 33321, pool: 200
I  739.37] Elapsed: 12:19, vertices: 1554, facets final: 687, pending: 32932, pool: 200
I  744.44] Elapsed: 12:24, vertices: 1563, facets final: 698, pending: 32780, pool: 200
I  749.66] Elapsed: 12:30, vertices: 1574, facets final: 710, pending: 32646, pool: 200
I  754.83] Elapsed: 12:35, vertices: 1585, facets final: 717, pending: 32483, pool: 200
I  759.83] Elapsed: 12:40, vertices: 1595, facets final: 728, pending: 32519, pool: 200
recalculate_facet: numerical instability at facet 13966, coord 0 (-5.02523e-06)
recalculate_facet: numerical instability at facet 13966, coord 4 (4.62626e-06)
recalculate_facet: numerical instability at facet 13966, coord 10 (1.70581e-06)
recalculate_facet: numerical instability at facet 14092, coord 0 (-4.64421e-06)
recalculate_facet: numerical instability at facet 14092, coord 4 (5.16221e-06)
recalculate_facet: numerical instability at facet 14092, coord 10 (1.50089e-06)
I  765.05] Elapsed: 12:45, vertices: 1605, facets final: 742, pending: 32312, pool: 199
I  770.07] Elapsed: 12:50, vertices: 1615, facets final: 752, pending: 32222, pool: 200
I  775.16] Elapsed: 12:55, vertices: 1626, facets final: 767, pending: 31976, pool: 200
I  780.68] Elapsed: 13:01, vertices: 1637, facets final: 787, pending: 31853, pool: 200
I  786.02] Elapsed: 13:06, vertices: 1648, facets final: 798, pending: 31821, pool: 200
I  791.46] Elapsed: 13:11, vertices: 1659, facets final: 813, pending: 31659, pool: 200
I  796.73] Elapsed: 13:17, vertices: 1671, facets final: 828, pending: 31751, pool: 200
I  801.93] Elapsed: 13:22, vertices: 1683, facets final: 835, pending: 31653, pool: 200
I  807.08] Elapsed: 13:27, vertices: 1694, facets final: 839, pending: 31349, pool: 200
I  812.08] Elapsed: 13:32, vertices: 1705, facets final: 848, pending: 31219, pool: 200
I  817.09] Elapsed: 13:37, vertices: 1716, facets final: 865, pending: 30989, pool: 200
I  822.22] Elapsed: 13:42, vertices: 1727, facets final: 881, pending: 30922, pool: 200
I  827.35] Elapsed: 13:47, vertices: 1739, facets final: 897, pending: 30815, pool: 198
I  832.62] Elapsed: 13:53, vertices: 1750, facets final: 915, pending: 30519, pool: 200
I  837.62] Elapsed: 13:58, vertices: 1761, facets final: 923, pending: 30464, pool: 200
I  842.86] Elapsed: 14:03, vertices: 1772, facets final: 940, pending: 30460, pool: 199
I  848.27] Elapsed: 14:08, vertices: 1783, facets final: 964, pending: 30132, pool: 200
I  853.69] Elapsed: 14:14, vertices: 1794, facets final: 995, pending: 30043, pool: 200
I  858.71] Elapsed: 14:19, vertices: 1804, facets final: 1013, pending: 29880, pool: 200
I  864.09] Elapsed: 14:24, vertices: 1815, facets final: 1024, pending: 29772, pool: 200
I  869.43] Elapsed: 14:29, vertices: 1826, facets final: 1045, pending: 29626, pool: 200
I  874.54] Elapsed: 14:35, vertices: 1839, facets final: 1069, pending: 29663, pool: 200
I  879.72] Elapsed: 14:40, vertices: 1852, facets final: 1085, pending: 29527, pool: 200
I  884.75] Elapsed: 14:45, vertices: 1864, facets final: 1110, pending: 29496, pool: 198
I  889.93] Elapsed: 14:50, vertices: 1876, facets final: 1153, pending: 29280, pool: 200
I  895.05] Elapsed: 14:55, vertices: 1888, facets final: 1177, pending: 29082, pool: 200
I  900.08] Elapsed: 15:00, vertices: 1900, facets final: 1212, pending: 28917, pool: 199
I  905.19] Elapsed: 15:05, vertices: 1912, facets final: 1235, pending: 28725, pool: 200
I  910.45] Elapsed: 15:10, vertices: 1925, facets final: 1246, pending: 28511, pool: 199
I  915.77] Elapsed: 15:16, vertices: 1938, facets final: 1261, pending: 28479, pool: 200
I  920.78] Elapsed: 15:21, vertices: 1950, facets final: 1285, pending: 28271, pool: 200
I  925.99] Elapsed: 15:26, vertices: 1962, facets final: 1312, pending: 28088, pool: 200
I  931.01] Elapsed: 15:31, vertices: 1973, facets final: 1347, pending: 28044, pool: 200
I  936.21] Elapsed: 15:36, vertices: 1985, facets final: 1381, pending: 27860, pool: 200
I  941.43] Elapsed: 15:41, vertices: 1997, facets final: 1423, pending: 27602, pool: 200
I  946.57] Elapsed: 15:47, vertices: 2009, facets final: 1447, pending: 27463, pool: 200
I  951.59] Elapsed: 15:52, vertices: 2021, facets final: 1473, pending: 27313, pool: 200
I  956.70] Elapsed: 15:57, vertices: 2033, facets final: 1505, pending: 27083, pool: 200
I  961.88] Elapsed: 16:02, vertices: 2044, facets final: 1534, pending: 26872, pool: 200
I  967.20] Elapsed: 16:07, vertices: 2057, facets final: 1572, pending: 26794, pool: 200
I  972.48] Elapsed: 16:12, vertices: 2069, facets final: 1613, pending: 26665, pool: 199
I  977.84] Elapsed: 16:18, vertices: 2080, facets final: 1653, pending: 26321, pool: 200
I  983.07] Elapsed: 16:23, vertices: 2092, facets final: 1681, pending: 26110, pool: 200
I  988.29] Elapsed: 16:28, vertices: 2104, facets final: 1708, pending: 25985, pool: 200
I  993.54] Elapsed: 16:34, vertices: 2116, facets final: 1743, pending: 25738, pool: 200
I  998.85] Elapsed: 16:39, vertices: 2127, facets final: 1791, pending: 25395, pool: 200
I 1003.98] Elapsed: 16:44, vertices: 2140, facets final: 1820, pending: 25230, pool: 200
I 1009.09] Elapsed: 16:49, vertices: 2153, facets final: 1835, pending: 25141, pool: 200
I 1014.18] Elapsed: 16:54, vertices: 2165, facets final: 1878, pending: 25018, pool: 200
I 1019.41] Elapsed: 16:59, vertices: 2177, facets final: 1930, pending: 24845, pool: 199
I 1024.57] Elapsed: 17:05, vertices: 2188, facets final: 1998, pending: 24703, pool: 200
I 1029.62] Elapsed: 17:10, vertices: 2199, facets final: 2045, pending: 24445, pool: 200
I 1034.90] Elapsed: 17:15, vertices: 2211, facets final: 2092, pending: 24261, pool: 196
I 1039.99] Elapsed: 17:20, vertices: 2221, facets final: 2180, pending: 24008, pool: 200
I 1044.99] Elapsed: 17:25, vertices: 2233, facets final: 2243, pending: 23928, pool: 200
I 1050.18] Elapsed: 17:30, vertices: 2248, facets final: 2301, pending: 23672, pool: 200
I 1055.18] Elapsed: 17:35, vertices: 2263, facets final: 2358, pending: 23468, pool: 199
I 1060.36] Elapsed: 17:40, vertices: 2277, facets final: 2444, pending: 23366, pool: 200
I 1065.52] Elapsed: 17:46, vertices: 2292, facets final: 2498, pending: 23164, pool: 200
I 1070.74] Elapsed: 17:51, vertices: 2305, facets final: 2587, pending: 22936, pool: 200
I 1075.86] Elapsed: 17:56, vertices: 2317, facets final: 2725, pending: 22733, pool: 200
I 1081.09] Elapsed: 18:01, vertices: 2332, facets final: 2803, pending: 22648, pool: 199
I 1086.24] Elapsed: 18:06, vertices: 2345, facets final: 2912, pending: 22402, pool: 200
I 1091.24] Elapsed: 18:11, vertices: 2359, facets final: 2989, pending: 22190, pool: 200
I 1096.29] Elapsed: 18:16, vertices: 2373, facets final: 3078, pending: 21999, pool: 200
I 1101.53] Elapsed: 18:22, vertices: 2387, facets final: 3177, pending: 21809, pool: 200
I 1106.54] Elapsed: 18:27, vertices: 2400, facets final: 3270, pending: 21625, pool: 199
I 1111.54] Elapsed: 18:32, vertices: 2413, facets final: 3366, pending: 21418, pool: 200
I 1116.75] Elapsed: 18:37, vertices: 2428, facets final: 3438, pending: 21304, pool: 199
I 1121.98] Elapsed: 18:42, vertices: 2441, facets final: 3552, pending: 21097, pool: 200
I 1127.12] Elapsed: 18:47, vertices: 2457, facets final: 3597, pending: 20939, pool: 198
I 1132.20] Elapsed: 18:52, vertices: 2468, facets final: 3752, pending: 20698, pool: 198
I 1137.21] Elapsed: 18:57, vertices: 2481, facets final: 3857, pending: 20488, pool: 198
I 1142.22] Elapsed: 19:02, vertices: 2490, facets final: 4049, pending: 20216, pool: 199
I 1147.26] Elapsed: 19:07, vertices: 2502, facets final: 4177, pending: 20032, pool: 198
I 1152.26] Elapsed: 19:12, vertices: 2514, facets final: 4299, pending: 19851, pool: 198
I 1157.26] Elapsed: 19:17, vertices: 2525, facets final: 4448, pending: 19622, pool: 197
I 1162.27] Elapsed: 19:22, vertices: 2534, facets final: 4648, pending: 19347, pool: 195
I 1167.27] Elapsed: 19:27, vertices: 2544, facets final: 4816, pending: 19121, pool: 197
I 1172.41] Elapsed: 19:32, vertices: 2556, facets final: 4964, pending: 18884, pool: 197
I 1177.41] Elapsed: 19:37, vertices: 2566, facets final: 5138, pending: 18669, pool: 196
I 1182.61] Elapsed: 19:43, vertices: 2577, facets final: 5310, pending: 18438, pool: 200
I 1187.61] Elapsed: 19:48, vertices: 2588, facets final: 5471, pending: 18231, pool: 200
I 1192.91] Elapsed: 19:53, vertices: 2599, facets final: 5641, pending: 18037, pool: 200
I 1197.91] Elapsed: 19:58, vertices: 2606, facets final: 5877, pending: 17792, pool: 197
I 1202.91] Elapsed: 20:03, vertices: 2615, facets final: 6079, pending: 17565, pool: 194
I 1207.91] Elapsed: 20:08, vertices: 2624, facets final: 6279, pending: 17290, pool: 194
I 1212.92] Elapsed: 20:13, vertices: 2634, facets final: 6464, pending: 17089, pool: 189
I 1218.10] Elapsed: 20:18, vertices: 2644, facets final: 6671, pending: 16834, pool: 187
I 1223.10] Elapsed: 20:23, vertices: 2653, facets final: 6887, pending: 16591, pool: 183
I 1228.10] Elapsed: 20:28, vertices: 2663, facets final: 7074, pending: 16379, pool: 185
I 1233.10] Elapsed: 20:33, vertices: 2674, facets final: 7258, pending: 16199, pool: 177
I 1238.14] Elapsed: 20:38, vertices: 2682, facets final: 7499, pending: 15946, pool: 179
I 1243.33] Elapsed: 20:43, vertices: 2693, facets final: 7692, pending: 15732, pool: 174
I 1248.34] Elapsed: 20:48, vertices: 2700, facets final: 7944, pending: 15525, pool: 172
I 1253.36] Elapsed: 20:53, vertices: 2709, facets final: 8167, pending: 15267, pool: 171
I 1258.36] Elapsed: 20:58, vertices: 2718, facets final: 8400, pending: 14985, pool: 163
I 1263.47] Elapsed: 21:03, vertices: 2728, facets final: 8625, pending: 14758, pool: 157
I 1268.47] Elapsed: 21:08, vertices: 2733, facets final: 8930, pending: 14421, pool: 157
I 1273.47] Elapsed: 21:13, vertices: 2740, facets final: 9201, pending: 14117, pool: 158
I 1278.48] Elapsed: 21:18, vertices: 2747, facets final: 9474, pending: 13814, pool: 158
I 1283.67] Elapsed: 21:24, vertices: 2757, facets final: 9703, pending: 13553, pool: 155
I 1288.71] Elapsed: 21:29, vertices: 2765, facets final: 9964, pending: 13241, pool: 154
I 1293.71] Elapsed: 21:34, vertices: 2772, facets final: 10243, pending: 12934, pool: 150
I 1298.73] Elapsed: 21:39, vertices: 2779, facets final: 10525, pending: 12636, pool: 147
I 1303.73] Elapsed: 21:44, vertices: 2785, facets final: 10828, pending: 12315, pool: 145
I 1308.73] Elapsed: 21:49, vertices: 2792, facets final: 11110, pending: 12047, pool: 143
I 1313.75] Elapsed: 21:54, vertices: 2798, facets final: 11416, pending: 11714, pool: 142
I 1318.87] Elapsed: 21:59, vertices: 2806, facets final: 11687, pending: 11420, pool: 140
I 1323.87] Elapsed: 22:04, vertices: 2811, facets final: 12003, pending: 11090, pool: 140
I 1328.97] Elapsed: 22:09, vertices: 2819, facets final: 12293, pending: 10810, pool: 135
I 1333.97] Elapsed: 22:14, vertices: 2827, facets final: 12574, pending: 10534, pool: 131
I 1338.97] Elapsed: 22:19, vertices: 2835, facets final: 12847, pending: 10287, pool: 131
I 1343.98] Elapsed: 22:24, vertices: 2842, facets final: 13146, pending: 10034, pool: 127
I 1348.98] Elapsed: 22:29, vertices: 2849, facets final: 13438, pending: 9735, pool: 124
I 1353.98] Elapsed: 22:34, vertices: 2860, facets final: 13689, pending: 9439, pool: 116
I 1359.09] Elapsed: 22:39, vertices: 2868, facets final: 13977, pending: 9115, pool: 113
I 1364.09] Elapsed: 22:44, vertices: 2876, facets final: 14273, pending: 8789, pool: 111
I 1369.19] Elapsed: 22:49, vertices: 2884, facets final: 14579, pending: 8462, pool: 108
I 1374.32] Elapsed: 22:54, vertices: 2893, facets final: 14883, pending: 8160, pool: 101
I 1379.32] Elapsed: 22:59, vertices: 2896, facets final: 15253, pending: 7781, pool: 100
I 1384.32] Elapsed: 23:04, vertices: 2906, facets final: 15535, pending: 7471, pool: 91
I 1389.32] Elapsed: 23:09, vertices: 2912, facets final: 15879, pending: 7110, pool: 86
I 1394.32] Elapsed: 23:14, vertices: 2915, facets final: 16245, pending: 6710, pool: 85
I 1399.32] Elapsed: 23:19, vertices: 2918, facets final: 16609, pending: 6337, pool: 89
I 1404.32] Elapsed: 23:24, vertices: 2923, facets final: 16951, pending: 5970, pool: 89
I 1409.32] Elapsed: 23:29, vertices: 2927, facets final: 17314, pending: 5591, pool: 85
I 1414.32] Elapsed: 23:34, vertices: 2936, facets final: 17623, pending: 5251, pool: 80
I 1419.32] Elapsed: 23:39, vertices: 2942, facets final: 17973, pending: 4882, pool: 75
I 1424.32] Elapsed: 23:44, vertices: 2945, facets final: 18356, pending: 4484, pool: 75
I 1429.32] Elapsed: 23:49, vertices: 2950, facets final: 18717, pending: 4109, pool: 71
I 1434.33] Elapsed: 23:54, vertices: 2955, facets final: 19084, pending: 3729, pool: 68
I 1439.33] Elapsed: 23:59, vertices: 2965, facets final: 19413, pending: 3385, pool: 59
I 1444.33] Elapsed: 24:04, vertices: 2975, facets final: 19753, pending: 3026, pool: 49
I 1449.33] Elapsed: 24:09, vertices: 2982, facets final: 20111, pending: 2652, pool: 44
I 1454.33] Elapsed: 24:14, vertices: 2989, facets final: 20477, pending: 2272, pool: 39
I 1459.33] Elapsed: 24:19, vertices: 2996, facets final: 20853, pending: 1883, pool: 32
I 1464.33] Elapsed: 24:24, vertices: 3000, facets final: 21233, pending: 1494, pool: 32
I 1469.33] Elapsed: 24:29, vertices: 3001, facets final: 21638, pending: 1089, pool: 32
I 1474.34] Elapsed: 24:34, vertices: 3005, facets final: 22026, pending: 689, pool: 29
I 1479.34] Elapsed: 24:39, vertices: 3020, facets final: 22374, pending: 318, pool: 16
I 1483.30] Elapsed: 24:43, vertices: 3040, facets final: 22662, pending: 0

--------------------------------
Problem completed
 name                    43.vlp
 output                  vlp/43.res
 rows, cols, objs        12, 5048, 10
 vertices, facets        3040, 22662
 total time              24:43
--------------------------------
Statistics
LP:
 oracle calls            26806
   avg iterations/calls  6.71
 total oracle time       5:28
Combinatorics:
 vertices added          3040
 facets probed           34082
 facets # max            38622
 memory allocated        39.95M
 instability warnings    26
 storage expansion
   vertices # / upto     24 / 3068
   facets   # / upto     10 / 40956
 facet manipulating
   added avg / max       124.25 / 1.32k
   compressed            225
 number of ridge tests
   avg / max             3.31M / 29.07M
--------------------------------
Parameters with non-default values
 VertexPoolSize = 200
 PolytopeEps = 4e-09
 LineqEps = 1e-07
