C applying rule 44.txt for base40.txt
I    5.01] Elapsed: 5.01, vertices: 89, facets final: 30, pending: 6892, pool: 107
I   10.05] Elapsed: 10.05, vertices: 128, facets final: 45, pending: 11738, pool: 140
I   15.24] Elapsed: 15.24, vertices: 153, facets final: 54, pending: 14779, pool: 173
I   20.45] Elapsed: 20.45, vertices: 173, facets final: 61, pending: 16799, pool: 200
I   25.65] Elapsed: 25.65, vertices: 193, facets final: 65, pending: 18226, pool: 199
I   30.77] Elapsed: 30.77, vertices: 211, facets final: 68, pending: 21137, pool: 200
I   35.90] Elapsed: 35.90, vertices: 227, facets final: 68, pending: 22567, pool: 200
I   41.04] Elapsed: 41.04, vertices: 242, facets final: 70, pending: 23834, pool: 200
I   46.26] Elapsed: 46.26, vertices: 255, facets final: 72, pending: 25675, pool: 198
I   51.56] Elapsed: 51.56, vertices: 266, facets final: 75, pending: 27469, pool: 199
I   56.71] Elapsed: 56.71, vertices: 278, facets final: 77, pending: 28447, pool: 200
I   61.79] Elapsed: 1:02, vertices: 289, facets final: 79, pending: 28706, pool: 200
I   67.06] Elapsed: 1:07, vertices: 300, facets final: 84, pending: 29152, pool: 200
I   72.26] Elapsed: 1:12, vertices: 310, facets final: 84, pending: 29147, pool: 200
I   77.29] Elapsed: 1:17, vertices: 322, facets final: 86, pending: 29850, pool: 200
I   82.51] Elapsed: 1:23, vertices: 333, facets final: 88, pending: 31089, pool: 200
I   87.99] Elapsed: 1:28, vertices: 344, facets final: 94, pending: 31251, pool: 200
I   93.40] Elapsed: 1:33, vertices: 355, facets final: 95, pending: 31790, pool: 200
I   98.41] Elapsed: 1:38, vertices: 365, facets final: 98, pending: 31709, pool: 200
I  103.41] Elapsed: 1:43, vertices: 375, facets final: 101, pending: 31554, pool: 200
I  109.14] Elapsed: 1:49, vertices: 386, facets final: 104, pending: 31700, pool: 200
I  114.42] Elapsed: 1:54, vertices: 396, facets final: 110, pending: 31868, pool: 199
recalculate_facet: numerical instability at facet 6521, coord 3 (-2.84262e-06)
recalculate_facet: numerical instability at facet 6521, coord 5 (2.88819e-06)
I  120.06] Elapsed: 2:00, vertices: 406, facets final: 111, pending: 32028, pool: 200
I  125.13] Elapsed: 2:05, vertices: 416, facets final: 112, pending: 32261, pool: 199
I  130.16] Elapsed: 2:10, vertices: 425, facets final: 114, pending: 32314, pool: 200
I  135.32] Elapsed: 2:15, vertices: 436, facets final: 120, pending: 33065, pool: 200
I  140.40] Elapsed: 2:20, vertices: 447, facets final: 121, pending: 33363, pool: 200
I  145.82] Elapsed: 2:26, vertices: 458, facets final: 126, pending: 33105, pool: 200
I  151.15] Elapsed: 2:31, vertices: 469, facets final: 130, pending: 33349, pool: 200
I  156.59] Elapsed: 2:37, vertices: 480, facets final: 131, pending: 34090, pool: 200
I  161.86] Elapsed: 2:42, vertices: 490, facets final: 134, pending: 34736, pool: 200
I  166.89] Elapsed: 2:47, vertices: 500, facets final: 139, pending: 35105, pool: 200
I  172.35] Elapsed: 2:52, vertices: 510, facets final: 143, pending: 35456, pool: 200
I  177.35] Elapsed: 2:57, vertices: 519, facets final: 144, pending: 35861, pool: 200
I  182.89] Elapsed: 3:03, vertices: 528, facets final: 149, pending: 36130, pool: 200
I  188.31] Elapsed: 3:08, vertices: 538, facets final: 150, pending: 36715, pool: 200
I  193.56] Elapsed: 3:14, vertices: 548, facets final: 151, pending: 37147, pool: 200
I  199.06] Elapsed: 3:19, vertices: 558, facets final: 154, pending: 37497, pool: 200
I  204.39] Elapsed: 3:24, vertices: 567, facets final: 156, pending: 37608, pool: 200
I  209.80] Elapsed: 3:30, vertices: 576, facets final: 159, pending: 38150, pool: 200
I  215.05] Elapsed: 3:35, vertices: 585, facets final: 162, pending: 37984, pool: 200
I  220.31] Elapsed: 3:40, vertices: 593, facets final: 167, pending: 37947, pool: 200
I  225.50] Elapsed: 3:46, vertices: 602, facets final: 169, pending: 37555, pool: 200
I  230.59] Elapsed: 3:51, vertices: 610, facets final: 171, pending: 37717, pool: 200
I  236.07] Elapsed: 3:56, vertices: 620, facets final: 173, pending: 37841, pool: 200
I  241.36] Elapsed: 4:01, vertices: 629, facets final: 177, pending: 37916, pool: 200
I  246.45] Elapsed: 4:06, vertices: 638, facets final: 178, pending: 38131, pool: 200
I  251.69] Elapsed: 4:12, vertices: 646, facets final: 181, pending: 38135, pool: 200
I  257.16] Elapsed: 4:17, vertices: 656, facets final: 183, pending: 37963, pool: 200
I  262.61] Elapsed: 4:23, vertices: 665, facets final: 185, pending: 37928, pool: 200
I  267.63] Elapsed: 4:28, vertices: 673, facets final: 189, pending: 38248, pool: 200
I  273.34] Elapsed: 4:33, vertices: 682, facets final: 192, pending: 38355, pool: 200
I  278.59] Elapsed: 4:39, vertices: 690, facets final: 192, pending: 38530, pool: 199
I  284.12] Elapsed: 4:44, vertices: 699, facets final: 195, pending: 38649, pool: 200
I  289.49] Elapsed: 4:49, vertices: 708, facets final: 202, pending: 38573, pool: 200
I  294.92] Elapsed: 4:55, vertices: 718, facets final: 206, pending: 38925, pool: 199
I  300.06] Elapsed: 5:00, vertices: 725, facets final: 206, pending: 38944, pool: 200
I  305.07] Elapsed: 5:05, vertices: 734, facets final: 211, pending: 39091, pool: 200
I  310.72] Elapsed: 5:11, vertices: 743, facets final: 214, pending: 39297, pool: 200
I  316.29] Elapsed: 5:16, vertices: 750, facets final: 216, pending: 39947, pool: 200
I  321.60] Elapsed: 5:22, vertices: 758, facets final: 219, pending: 40542, pool: 200
I  327.15] Elapsed: 5:27, vertices: 766, facets final: 222, pending: 41073, pool: 199
I  332.30] Elapsed: 5:32, vertices: 773, facets final: 224, pending: 41231, pool: 200
I  337.33] Elapsed: 5:37, vertices: 781, facets final: 225, pending: 41262, pool: 200
I  342.63] Elapsed: 5:43, vertices: 789, facets final: 228, pending: 41421, pool: 200
I  348.17] Elapsed: 5:48, vertices: 796, facets final: 230, pending: 41617, pool: 200
I  353.61] Elapsed: 5:54, vertices: 805, facets final: 237, pending: 41616, pool: 200
I  359.17] Elapsed: 5:59, vertices: 812, facets final: 238, pending: 41941, pool: 200
I  364.40] Elapsed: 6:04, vertices: 820, facets final: 240, pending: 42088, pool: 200
I  369.80] Elapsed: 6:10, vertices: 829, facets final: 243, pending: 42080, pool: 200
I  375.27] Elapsed: 6:15, vertices: 838, facets final: 248, pending: 42164, pool: 200
I  380.61] Elapsed: 6:21, vertices: 847, facets final: 251, pending: 42433, pool: 200
I  385.61] Elapsed: 6:26, vertices: 855, facets final: 255, pending: 42393, pool: 200
I  390.82] Elapsed: 6:31, vertices: 863, facets final: 255, pending: 42547, pool: 199
I  396.20] Elapsed: 6:36, vertices: 871, facets final: 259, pending: 43112, pool: 200
I  401.52] Elapsed: 6:42, vertices: 880, facets final: 261, pending: 43131, pool: 200
I  406.80] Elapsed: 6:47, vertices: 888, facets final: 263, pending: 42970, pool: 200
I  411.97] Elapsed: 6:52, vertices: 895, facets final: 265, pending: 43247, pool: 200
I  417.15] Elapsed: 6:57, vertices: 903, facets final: 265, pending: 43156, pool: 200
I  422.31] Elapsed: 7:02, vertices: 911, facets final: 266, pending: 43252, pool: 200
I  427.71] Elapsed: 7:08, vertices: 919, facets final: 270, pending: 43147, pool: 199
I  433.25] Elapsed: 7:13, vertices: 927, facets final: 274, pending: 43269, pool: 200
I  438.35] Elapsed: 7:18, vertices: 935, facets final: 274, pending: 43211, pool: 199
I  443.83] Elapsed: 7:24, vertices: 944, facets final: 277, pending: 43333, pool: 200
I  449.10] Elapsed: 7:29, vertices: 952, facets final: 279, pending: 43294, pool: 200
I  454.22] Elapsed: 7:34, vertices: 960, facets final: 284, pending: 43351, pool: 200
I  459.60] Elapsed: 7:40, vertices: 968, facets final: 287, pending: 43441, pool: 200
I  465.35] Elapsed: 7:45, vertices: 977, facets final: 296, pending: 43701, pool: 200
I  470.44] Elapsed: 7:50, vertices: 984, facets final: 299, pending: 43582, pool: 199
I  475.68] Elapsed: 7:56, vertices: 991, facets final: 302, pending: 43550, pool: 200
I  481.31] Elapsed: 8:01, vertices: 1000, facets final: 304, pending: 43694, pool: 200
I  486.50] Elapsed: 8:07, vertices: 1006, facets final: 307, pending: 43706, pool: 200
I  492.14] Elapsed: 8:12, vertices: 1014, facets final: 314, pending: 43493, pool: 200
I  497.93] Elapsed: 8:18, vertices: 1022, facets final: 317, pending: 43222, pool: 200
I  503.07] Elapsed: 8:23, vertices: 1031, facets final: 324, pending: 43229, pool: 200
I  508.36] Elapsed: 8:28, vertices: 1040, facets final: 328, pending: 43144, pool: 199
I  513.36] Elapsed: 8:33, vertices: 1048, facets final: 333, pending: 43580, pool: 200
I  519.28] Elapsed: 8:39, vertices: 1055, facets final: 337, pending: 43723, pool: 200
I  524.30] Elapsed: 8:44, vertices: 1063, facets final: 339, pending: 43942, pool: 200
I  529.61] Elapsed: 8:50, vertices: 1071, facets final: 354, pending: 44041, pool: 200
I  535.16] Elapsed: 8:55, vertices: 1079, facets final: 356, pending: 44214, pool: 200
I  540.50] Elapsed: 9:01, vertices: 1086, facets final: 358, pending: 44245, pool: 200
I  545.66] Elapsed: 9:06, vertices: 1095, facets final: 363, pending: 44303, pool: 200
I  551.08] Elapsed: 9:11, vertices: 1102, facets final: 363, pending: 44662, pool: 200
I  556.23] Elapsed: 9:16, vertices: 1109, facets final: 365, pending: 45071, pool: 200
I  561.72] Elapsed: 9:22, vertices: 1117, facets final: 369, pending: 45244, pool: 199
I  567.09] Elapsed: 9:27, vertices: 1124, facets final: 383, pending: 45609, pool: 200
I  572.49] Elapsed: 9:32, vertices: 1131, facets final: 386, pending: 45342, pool: 200
I  577.75] Elapsed: 9:38, vertices: 1138, facets final: 390, pending: 45544, pool: 200
I  583.50] Elapsed: 9:44, vertices: 1145, facets final: 392, pending: 45528, pool: 200
I  588.53] Elapsed: 9:49, vertices: 1153, facets final: 395, pending: 45317, pool: 200
I  593.81] Elapsed: 9:54, vertices: 1161, facets final: 398, pending: 45492, pool: 200
I  599.18] Elapsed: 9:59, vertices: 1168, facets final: 402, pending: 45553, pool: 199
I  604.18] Elapsed: 10:04, vertices: 1175, facets final: 410, pending: 45413, pool: 200
I  609.62] Elapsed: 10:10, vertices: 1183, facets final: 417, pending: 45584, pool: 200
I  615.09] Elapsed: 10:15, vertices: 1190, facets final: 418, pending: 45420, pool: 199
I  620.44] Elapsed: 10:20, vertices: 1198, facets final: 423, pending: 45334, pool: 200
I  626.18] Elapsed: 10:26, vertices: 1206, facets final: 424, pending: 45327, pool: 200
I  631.53] Elapsed: 10:32, vertices: 1214, facets final: 426, pending: 45388, pool: 200
I  636.60] Elapsed: 10:37, vertices: 1221, facets final: 429, pending: 45241, pool: 200
I  641.97] Elapsed: 10:42, vertices: 1230, facets final: 432, pending: 45087, pool: 200
I  647.34] Elapsed: 10:47, vertices: 1238, facets final: 440, pending: 44940, pool: 200
I  652.83] Elapsed: 10:53, vertices: 1247, facets final: 444, pending: 45048, pool: 198
I  657.98] Elapsed: 10:58, vertices: 1255, facets final: 452, pending: 44837, pool: 200
I  663.47] Elapsed: 11:03, vertices: 1263, facets final: 464, pending: 44716, pool: 200
I  668.73] Elapsed: 11:09, vertices: 1271, facets final: 468, pending: 44756, pool: 199
I  674.18] Elapsed: 11:14, vertices: 1278, facets final: 470, pending: 44879, pool: 200
I  679.23] Elapsed: 11:19, vertices: 1286, facets final: 474, pending: 44669, pool: 200
I  684.34] Elapsed: 11:24, vertices: 1295, facets final: 481, pending: 44601, pool: 200
I  689.83] Elapsed: 11:30, vertices: 1304, facets final: 496, pending: 44605, pool: 200
I  695.56] Elapsed: 11:36, vertices: 1312, facets final: 506, pending: 44435, pool: 200
I  700.62] Elapsed: 11:41, vertices: 1320, facets final: 515, pending: 44369, pool: 200
I  706.21] Elapsed: 11:46, vertices: 1329, facets final: 519, pending: 44441, pool: 200
I  711.21] Elapsed: 11:51, vertices: 1336, facets final: 522, pending: 44574, pool: 200
I  716.21] Elapsed: 11:56, vertices: 1344, facets final: 529, pending: 44543, pool: 199
I  721.68] Elapsed: 12:02, vertices: 1352, facets final: 537, pending: 44422, pool: 200
I  726.69] Elapsed: 12:07, vertices: 1360, facets final: 541, pending: 44368, pool: 200
I  731.70] Elapsed: 12:12, vertices: 1368, facets final: 542, pending: 44168, pool: 199
I  736.75] Elapsed: 12:17, vertices: 1375, facets final: 547, pending: 44390, pool: 200
I  742.21] Elapsed: 12:22, vertices: 1380, facets final: 550, pending: 44527, pool: 200
I  747.65] Elapsed: 12:28, vertices: 1389, facets final: 551, pending: 44601, pool: 200
I  753.52] Elapsed: 12:34, vertices: 1396, facets final: 564, pending: 44719, pool: 200
I  758.52] Elapsed: 12:39, vertices: 1402, facets final: 567, pending: 44788, pool: 200
I  763.93] Elapsed: 12:44, vertices: 1411, facets final: 573, pending: 44857, pool: 200
I  769.21] Elapsed: 12:49, vertices: 1420, facets final: 576, pending: 45107, pool: 200
I  774.22] Elapsed: 12:54, vertices: 1428, facets final: 580, pending: 45074, pool: 199
I  779.51] Elapsed: 13:00, vertices: 1437, facets final: 588, pending: 44883, pool: 200
I  784.92] Elapsed: 13:05, vertices: 1446, facets final: 597, pending: 44741, pool: 200
I  790.48] Elapsed: 13:10, vertices: 1454, facets final: 609, pending: 44585, pool: 200
I  796.08] Elapsed: 13:16, vertices: 1462, facets final: 618, pending: 44701, pool: 200
I  801.15] Elapsed: 13:21, vertices: 1469, facets final: 619, pending: 44400, pool: 200
I  806.23] Elapsed: 13:26, vertices: 1477, facets final: 621, pending: 44328, pool: 200
I  811.87] Elapsed: 13:32, vertices: 1485, facets final: 631, pending: 44185, pool: 200
I  817.48] Elapsed: 13:37, vertices: 1493, facets final: 645, pending: 44160, pool: 200
I  823.01] Elapsed: 13:43, vertices: 1501, facets final: 649, pending: 43994, pool: 200
I  828.28] Elapsed: 13:48, vertices: 1509, facets final: 653, pending: 43943, pool: 200
I  833.28] Elapsed: 13:53, vertices: 1517, facets final: 660, pending: 43884, pool: 200
I  838.46] Elapsed: 13:58, vertices: 1525, facets final: 667, pending: 43784, pool: 200
I  843.94] Elapsed: 14:04, vertices: 1534, facets final: 674, pending: 43713, pool: 200
I  849.32] Elapsed: 14:09, vertices: 1542, facets final: 681, pending: 43641, pool: 200
I  854.32] Elapsed: 14:14, vertices: 1550, facets final: 689, pending: 43533, pool: 199
I  859.48] Elapsed: 14:19, vertices: 1559, facets final: 703, pending: 43373, pool: 200
I  864.73] Elapsed: 14:25, vertices: 1566, facets final: 720, pending: 43369, pool: 200
I  870.00] Elapsed: 14:30, vertices: 1574, facets final: 730, pending: 43193, pool: 200
I  875.36] Elapsed: 14:35, vertices: 1583, facets final: 740, pending: 43056, pool: 200
I  880.85] Elapsed: 14:41, vertices: 1592, facets final: 759, pending: 43233, pool: 200
I  886.42] Elapsed: 14:46, vertices: 1601, facets final: 773, pending: 43193, pool: 200
I  891.61] Elapsed: 14:52, vertices: 1610, facets final: 785, pending: 43067, pool: 200
I  896.92] Elapsed: 14:57, vertices: 1619, facets final: 790, pending: 42942, pool: 200
I  902.04] Elapsed: 15:02, vertices: 1627, facets final: 803, pending: 42859, pool: 200
I  907.09] Elapsed: 15:07, vertices: 1635, facets final: 819, pending: 42646, pool: 200
I  912.41] Elapsed: 15:12, vertices: 1644, facets final: 830, pending: 42605, pool: 199
I  917.64] Elapsed: 15:18, vertices: 1652, facets final: 836, pending: 42408, pool: 200
I  922.79] Elapsed: 15:23, vertices: 1659, facets final: 844, pending: 42366, pool: 200
I  928.38] Elapsed: 15:28, vertices: 1668, facets final: 854, pending: 42357, pool: 200
I  933.60] Elapsed: 15:34, vertices: 1678, facets final: 860, pending: 42370, pool: 200
I  939.03] Elapsed: 15:39, vertices: 1687, facets final: 873, pending: 42375, pool: 200
I  944.79] Elapsed: 15:45, vertices: 1697, facets final: 889, pending: 42251, pool: 200
I  949.98] Elapsed: 15:50, vertices: 1704, facets final: 905, pending: 42061, pool: 199
I  955.34] Elapsed: 15:55, vertices: 1713, facets final: 937, pending: 41977, pool: 199
I  960.76] Elapsed: 16:01, vertices: 1721, facets final: 942, pending: 41830, pool: 200
I  966.40] Elapsed: 16:06, vertices: 1729, facets final: 949, pending: 41851, pool: 200
I  971.52] Elapsed: 16:12, vertices: 1738, facets final: 968, pending: 41908, pool: 200
I  976.76] Elapsed: 16:17, vertices: 1747, facets final: 977, pending: 41773, pool: 200
I  981.77] Elapsed: 16:22, vertices: 1756, facets final: 996, pending: 41614, pool: 200
I  986.83] Elapsed: 16:27, vertices: 1764, facets final: 1009, pending: 41449, pool: 200
I  992.30] Elapsed: 16:32, vertices: 1773, facets final: 1023, pending: 41267, pool: 200
I  997.66] Elapsed: 16:38, vertices: 1783, facets final: 1031, pending: 41229, pool: 200
I 1003.01] Elapsed: 16:43, vertices: 1793, facets final: 1054, pending: 41058, pool: 200
I 1008.36] Elapsed: 16:48, vertices: 1802, facets final: 1062, pending: 41019, pool: 200
I 1013.86] Elapsed: 16:54, vertices: 1812, facets final: 1071, pending: 40918, pool: 200
I 1018.91] Elapsed: 16:59, vertices: 1820, facets final: 1098, pending: 40629, pool: 200
I 1024.14] Elapsed: 17:04, vertices: 1829, facets final: 1111, pending: 40572, pool: 200
I 1029.63] Elapsed: 17:10, vertices: 1839, facets final: 1123, pending: 40365, pool: 200
I 1035.07] Elapsed: 17:15, vertices: 1848, facets final: 1140, pending: 40190, pool: 200
I 1040.32] Elapsed: 17:20, vertices: 1856, facets final: 1168, pending: 40051, pool: 200
I 1045.38] Elapsed: 17:25, vertices: 1865, facets final: 1189, pending: 39993, pool: 199
I 1050.51] Elapsed: 17:31, vertices: 1874, facets final: 1198, pending: 39992, pool: 199
I 1055.96] Elapsed: 17:36, vertices: 1883, facets final: 1223, pending: 39968, pool: 199
I 1061.59] Elapsed: 17:42, vertices: 1893, facets final: 1238, pending: 39850, pool: 200
I 1067.02] Elapsed: 17:47, vertices: 1902, facets final: 1257, pending: 39813, pool: 200
I 1072.44] Elapsed: 17:52, vertices: 1911, facets final: 1277, pending: 39632, pool: 200
I 1077.72] Elapsed: 17:58, vertices: 1920, facets final: 1291, pending: 39556, pool: 200
I 1082.83] Elapsed: 18:03, vertices: 1928, facets final: 1304, pending: 39470, pool: 200
I 1087.87] Elapsed: 18:08, vertices: 1937, facets final: 1336, pending: 39496, pool: 200
I 1093.14] Elapsed: 18:13, vertices: 1947, facets final: 1363, pending: 39354, pool: 200
I 1098.44] Elapsed: 18:18, vertices: 1956, facets final: 1375, pending: 39288, pool: 200
I 1103.82] Elapsed: 18:24, vertices: 1966, facets final: 1410, pending: 39252, pool: 200
I 1108.98] Elapsed: 18:29, vertices: 1976, facets final: 1422, pending: 39220, pool: 200
I 1114.42] Elapsed: 18:34, vertices: 1986, facets final: 1442, pending: 39190, pool: 200
I 1119.74] Elapsed: 18:40, vertices: 1996, facets final: 1472, pending: 39146, pool: 200
I 1125.00] Elapsed: 18:45, vertices: 2004, facets final: 1485, pending: 39133, pool: 200
I 1130.39] Elapsed: 18:50, vertices: 2013, facets final: 1504, pending: 38964, pool: 200
I 1135.81] Elapsed: 18:56, vertices: 2023, facets final: 1510, pending: 38845, pool: 200
I 1141.12] Elapsed: 19:01, vertices: 2034, facets final: 1520, pending: 38777, pool: 200
I 1146.64] Elapsed: 19:07, vertices: 2043, facets final: 1539, pending: 38635, pool: 200
I 1152.13] Elapsed: 19:12, vertices: 2053, facets final: 1564, pending: 38545, pool: 200
I 1157.14] Elapsed: 19:17, vertices: 2061, facets final: 1586, pending: 38594, pool: 200
I 1162.61] Elapsed: 19:23, vertices: 2070, facets final: 1606, pending: 38412, pool: 200
I 1167.86] Elapsed: 19:28, vertices: 2079, facets final: 1620, pending: 38376, pool: 200
I 1173.04] Elapsed: 19:33, vertices: 2088, facets final: 1629, pending: 38445, pool: 200
I 1178.30] Elapsed: 19:38, vertices: 2097, facets final: 1643, pending: 38629, pool: 200
I 1183.63] Elapsed: 19:44, vertices: 2106, facets final: 1661, pending: 38865, pool: 200
I 1188.65] Elapsed: 19:49, vertices: 2115, facets final: 1675, pending: 38745, pool: 200
I 1194.05] Elapsed: 19:54, vertices: 2126, facets final: 1698, pending: 38765, pool: 200
I 1199.13] Elapsed: 19:59, vertices: 2136, facets final: 1720, pending: 38672, pool: 200
I 1204.14] Elapsed: 20:04, vertices: 2144, facets final: 1742, pending: 38545, pool: 200
I 1209.14] Elapsed: 20:09, vertices: 2153, facets final: 1788, pending: 38457, pool: 200
I 1214.65] Elapsed: 20:15, vertices: 2164, facets final: 1809, pending: 38429, pool: 200
I 1219.72] Elapsed: 20:20, vertices: 2174, facets final: 1824, pending: 38365, pool: 200
I 1224.93] Elapsed: 20:25, vertices: 2183, facets final: 1849, pending: 38441, pool: 199
I 1230.30] Elapsed: 20:30, vertices: 2193, facets final: 1875, pending: 38327, pool: 200
I 1235.69] Elapsed: 20:36, vertices: 2203, facets final: 1890, pending: 38261, pool: 200
I 1240.83] Elapsed: 20:41, vertices: 2213, facets final: 1903, pending: 38299, pool: 199
I 1246.14] Elapsed: 20:46, vertices: 2222, facets final: 1921, pending: 38393, pool: 200
I 1251.20] Elapsed: 20:51, vertices: 2230, facets final: 1957, pending: 38345, pool: 200
I 1256.25] Elapsed: 20:56, vertices: 2239, facets final: 1979, pending: 38324, pool: 200
I 1261.55] Elapsed: 21:02, vertices: 2249, facets final: 2004, pending: 38181, pool: 200
I 1266.76] Elapsed: 21:07, vertices: 2259, facets final: 2027, pending: 38089, pool: 200
I 1272.14] Elapsed: 21:12, vertices: 2267, facets final: 2056, pending: 38044, pool: 200
I 1277.59] Elapsed: 21:18, vertices: 2276, facets final: 2084, pending: 38206, pool: 200
I 1282.86] Elapsed: 21:23, vertices: 2284, facets final: 2101, pending: 38354, pool: 200
I 1288.59] Elapsed: 21:29, vertices: 2294, facets final: 2116, pending: 38565, pool: 200
I 1293.60] Elapsed: 21:34, vertices: 2302, facets final: 2139, pending: 38597, pool: 200
I 1299.53] Elapsed: 21:40, vertices: 2311, facets final: 2172, pending: 38580, pool: 200
I 1304.53] Elapsed: 21:45, vertices: 2319, facets final: 2203, pending: 38510, pool: 200
I 1309.53] Elapsed: 21:50, vertices: 2328, facets final: 2244, pending: 38503, pool: 200
I 1314.76] Elapsed: 21:55, vertices: 2338, facets final: 2303, pending: 38414, pool: 200
I 1319.96] Elapsed: 22:00, vertices: 2346, facets final: 2315, pending: 38491, pool: 200
I 1325.03] Elapsed: 22:05, vertices: 2355, facets final: 2349, pending: 38510, pool: 200
I 1330.07] Elapsed: 22:10, vertices: 2365, facets final: 2376, pending: 38384, pool: 200
I 1335.51] Elapsed: 22:16, vertices: 2373, facets final: 2392, pending: 38503, pool: 200
I 1340.79] Elapsed: 22:21, vertices: 2381, facets final: 2406, pending: 38524, pool: 200
I 1345.99] Elapsed: 22:26, vertices: 2392, facets final: 2416, pending: 38504, pool: 199
I 1351.15] Elapsed: 22:31, vertices: 2400, facets final: 2443, pending: 38519, pool: 199
I 1356.46] Elapsed: 22:36, vertices: 2408, facets final: 2461, pending: 38569, pool: 200
I 1361.54] Elapsed: 22:42, vertices: 2416, facets final: 2482, pending: 38498, pool: 200
I 1366.54] Elapsed: 22:47, vertices: 2424, facets final: 2495, pending: 38530, pool: 200
I 1371.77] Elapsed: 22:52, vertices: 2432, facets final: 2516, pending: 38522, pool: 200
I 1376.77] Elapsed: 22:57, vertices: 2441, facets final: 2534, pending: 38444, pool: 200
I 1382.10] Elapsed: 23:02, vertices: 2449, facets final: 2575, pending: 38290, pool: 200
I 1387.30] Elapsed: 23:07, vertices: 2458, facets final: 2608, pending: 38161, pool: 200
I 1392.35] Elapsed: 23:12, vertices: 2466, facets final: 2637, pending: 38035, pool: 200
I 1397.64] Elapsed: 23:18, vertices: 2474, facets final: 2662, pending: 37965, pool: 199
I 1403.06] Elapsed: 23:23, vertices: 2480, facets final: 2674, pending: 37956, pool: 200
I 1408.15] Elapsed: 23:28, vertices: 2489, facets final: 2700, pending: 37861, pool: 200
I 1413.62] Elapsed: 23:34, vertices: 2500, facets final: 2732, pending: 37879, pool: 198
I 1419.06] Elapsed: 23:39, vertices: 2509, facets final: 2760, pending: 37768, pool: 200
I 1424.11] Elapsed: 23:44, vertices: 2518, facets final: 2799, pending: 37685, pool: 200
I 1429.52] Elapsed: 23:50, vertices: 2526, facets final: 2820, pending: 37622, pool: 200
I 1434.66] Elapsed: 23:55, vertices: 2536, facets final: 2840, pending: 37527, pool: 200
I 1439.74] Elapsed: 24:00, vertices: 2546, facets final: 2872, pending: 37435, pool: 200
I 1444.77] Elapsed: 24:05, vertices: 2554, facets final: 2914, pending: 37461, pool: 200
I 1449.99] Elapsed: 24:10, vertices: 2563, facets final: 2950, pending: 37411, pool: 199
I 1455.22] Elapsed: 24:15, vertices: 2571, facets final: 2969, pending: 37500, pool: 200
I 1460.91] Elapsed: 24:21, vertices: 2580, facets final: 3008, pending: 37550, pool: 200
I 1466.34] Elapsed: 24:26, vertices: 2590, facets final: 3046, pending: 37569, pool: 200
I 1471.65] Elapsed: 24:32, vertices: 2598, facets final: 3099, pending: 37484, pool: 200
I 1476.98] Elapsed: 24:37, vertices: 2607, facets final: 3142, pending: 37521, pool: 200
I 1482.38] Elapsed: 24:42, vertices: 2616, facets final: 3171, pending: 37456, pool: 200
I 1487.52] Elapsed: 24:48, vertices: 2626, facets final: 3183, pending: 37471, pool: 200
I 1492.78] Elapsed: 24:53, vertices: 2634, facets final: 3218, pending: 37373, pool: 199
I 1497.86] Elapsed: 24:58, vertices: 2642, facets final: 3254, pending: 37316, pool: 200
I 1503.36] Elapsed: 25:03, vertices: 2650, facets final: 3298, pending: 37154, pool: 199
I 1508.94] Elapsed: 25:09, vertices: 2658, facets final: 3350, pending: 37178, pool: 199
I 1514.35] Elapsed: 25:14, vertices: 2668, facets final: 3374, pending: 37135, pool: 200
I 1519.45] Elapsed: 25:19, vertices: 2677, facets final: 3395, pending: 37103, pool: 200
I 1524.64] Elapsed: 25:25, vertices: 2686, facets final: 3429, pending: 37132, pool: 200
I 1531.02] Elapsed: 25:31, vertices: 2696, facets final: 3470, pending: 37050, pool: 200
I 1536.02] Elapsed: 25:36, vertices: 2705, facets final: 3498, pending: 37015, pool: 199
I 1541.03] Elapsed: 25:41, vertices: 2713, facets final: 3542, pending: 37029, pool: 200
I 1546.03] Elapsed: 25:46, vertices: 2722, facets final: 3593, pending: 36986, pool: 199
I 1551.36] Elapsed: 25:51, vertices: 2732, facets final: 3638, pending: 36919, pool: 200
I 1556.36] Elapsed: 25:56, vertices: 2740, facets final: 3678, pending: 36769, pool: 200
I 1561.48] Elapsed: 26:01, vertices: 2749, facets final: 3737, pending: 36835, pool: 200
I 1566.70] Elapsed: 26:07, vertices: 2759, facets final: 3788, pending: 36734, pool: 200
I 1571.71] Elapsed: 26:12, vertices: 2767, facets final: 3826, pending: 36649, pool: 200
I 1576.71] Elapsed: 26:17, vertices: 2776, facets final: 3876, pending: 36590, pool: 200
I 1581.83] Elapsed: 26:22, vertices: 2785, facets final: 3887, pending: 36638, pool: 200
I 1586.94] Elapsed: 26:27, vertices: 2793, facets final: 3941, pending: 36541, pool: 198
I 1592.45] Elapsed: 26:32, vertices: 2801, facets final: 3976, pending: 36462, pool: 200
I 1597.99] Elapsed: 26:38, vertices: 2810, facets final: 4019, pending: 36384, pool: 200
I 1602.99] Elapsed: 26:43, vertices: 2819, facets final: 4056, pending: 36333, pool: 200
I 1608.19] Elapsed: 26:48, vertices: 2828, facets final: 4109, pending: 36265, pool: 200
I 1613.54] Elapsed: 26:54, vertices: 2837, facets final: 4144, pending: 36181, pool: 199
I 1619.26] Elapsed: 26:59, vertices: 2846, facets final: 4198, pending: 36194, pool: 200
I 1624.47] Elapsed: 27:04, vertices: 2854, facets final: 4243, pending: 36178, pool: 200
I 1629.83] Elapsed: 27:10, vertices: 2864, facets final: 4274, pending: 36150, pool: 200
I 1634.88] Elapsed: 27:15, vertices: 2873, facets final: 4324, pending: 36092, pool: 200
I 1639.88] Elapsed: 27:20, vertices: 2881, facets final: 4361, pending: 36074, pool: 200
I 1645.42] Elapsed: 27:25, vertices: 2890, facets final: 4386, pending: 36215, pool: 200
I 1650.42] Elapsed: 27:30, vertices: 2899, facets final: 4429, pending: 36123, pool: 200
I 1655.56] Elapsed: 27:36, vertices: 2907, facets final: 4503, pending: 35993, pool: 200
I 1660.58] Elapsed: 27:41, vertices: 2915, facets final: 4578, pending: 35910, pool: 200
I 1665.71] Elapsed: 27:46, vertices: 2923, facets final: 4631, pending: 35842, pool: 200
I 1671.08] Elapsed: 27:51, vertices: 2932, facets final: 4665, pending: 35821, pool: 200
I 1676.08] Elapsed: 27:56, vertices: 2941, facets final: 4701, pending: 35792, pool: 200
I 1681.29] Elapsed: 28:01, vertices: 2950, facets final: 4739, pending: 35799, pool: 200
I 1686.48] Elapsed: 28:06, vertices: 2960, facets final: 4780, pending: 35784, pool: 200
I 1691.74] Elapsed: 28:12, vertices: 2969, facets final: 4835, pending: 35834, pool: 200
I 1697.15] Elapsed: 28:17, vertices: 2979, facets final: 4881, pending: 35783, pool: 200
I 1702.15] Elapsed: 28:22, vertices: 2988, facets final: 4937, pending: 35743, pool: 200
I 1707.28] Elapsed: 28:27, vertices: 2997, facets final: 5034, pending: 35623, pool: 198
I 1712.44] Elapsed: 28:32, vertices: 3005, facets final: 5099, pending: 35675, pool: 200
I 1717.58] Elapsed: 28:38, vertices: 3015, facets final: 5144, pending: 35597, pool: 199
I 1722.60] Elapsed: 28:43, vertices: 3023, facets final: 5195, pending: 35535, pool: 200
I 1728.18] Elapsed: 28:48, vertices: 3033, facets final: 5263, pending: 35415, pool: 200
I 1733.33] Elapsed: 28:53, vertices: 3043, facets final: 5306, pending: 35337, pool: 200
I 1738.49] Elapsed: 28:58, vertices: 3052, facets final: 5383, pending: 35286, pool: 200
I 1743.76] Elapsed: 29:04, vertices: 3061, facets final: 5438, pending: 35159, pool: 200
I 1748.84] Elapsed: 29:09, vertices: 3070, facets final: 5511, pending: 35045, pool: 200
I 1754.38] Elapsed: 29:14, vertices: 3079, facets final: 5573, pending: 35019, pool: 200
I 1759.56] Elapsed: 29:20, vertices: 3088, facets final: 5655, pending: 34997, pool: 200
I 1764.58] Elapsed: 29:25, vertices: 3097, facets final: 5746, pending: 34885, pool: 199
I 1769.90] Elapsed: 29:30, vertices: 3106, facets final: 5797, pending: 34829, pool: 200
I 1774.99] Elapsed: 29:35, vertices: 3116, facets final: 5834, pending: 34720, pool: 200
I 1780.00] Elapsed: 29:40, vertices: 3126, facets final: 5892, pending: 34629, pool: 196
I 1785.67] Elapsed: 29:46, vertices: 3134, facets final: 5989, pending: 34423, pool: 199
I 1790.90] Elapsed: 29:51, vertices: 3143, facets final: 6061, pending: 34386, pool: 200
I 1796.00] Elapsed: 29:56, vertices: 3151, facets final: 6175, pending: 34286, pool: 200
I 1801.00] Elapsed: 30:01, vertices: 3159, facets final: 6256, pending: 34149, pool: 200
I 1806.32] Elapsed: 30:06, vertices: 3168, facets final: 6338, pending: 34101, pool: 200
I 1811.37] Elapsed: 30:11, vertices: 3176, facets final: 6407, pending: 33983, pool: 200
I 1816.46] Elapsed: 30:16, vertices: 3185, facets final: 6468, pending: 33897, pool: 200
I 1821.50] Elapsed: 30:22, vertices: 3193, facets final: 6566, pending: 33846, pool: 200
I 1826.88] Elapsed: 30:27, vertices: 3203, facets final: 6622, pending: 33760, pool: 198
I 1832.00] Elapsed: 30:32, vertices: 3211, facets final: 6712, pending: 33702, pool: 199
I 1837.12] Elapsed: 30:37, vertices: 3219, facets final: 6841, pending: 33574, pool: 199
I 1842.55] Elapsed: 30:43, vertices: 3228, facets final: 6945, pending: 33487, pool: 200
I 1847.55] Elapsed: 30:48, vertices: 3236, facets final: 7064, pending: 33360, pool: 197
I 1852.78] Elapsed: 30:53, vertices: 3244, facets final: 7189, pending: 33201, pool: 200
I 1857.79] Elapsed: 30:58, vertices: 3252, facets final: 7289, pending: 33094, pool: 199
I 1862.88] Elapsed: 31:03, vertices: 3260, facets final: 7391, pending: 32973, pool: 200
I 1868.13] Elapsed: 31:08, vertices: 3269, facets final: 7485, pending: 32865, pool: 200
I 1873.13] Elapsed: 31:13, vertices: 3276, facets final: 7631, pending: 32710, pool: 199
I 1878.37] Elapsed: 31:18, vertices: 3285, facets final: 7713, pending: 32702, pool: 200
I 1883.41] Elapsed: 31:23, vertices: 3293, facets final: 7802, pending: 32649, pool: 200
I 1888.52] Elapsed: 31:29, vertices: 3300, facets final: 7936, pending: 32495, pool: 200
I 1893.53] Elapsed: 31:34, vertices: 3309, facets final: 8014, pending: 32456, pool: 199
I 1898.85] Elapsed: 31:39, vertices: 3316, facets final: 8148, pending: 32309, pool: 199
I 1904.02] Elapsed: 31:44, vertices: 3324, facets final: 8263, pending: 32173, pool: 199
I 1909.13] Elapsed: 31:49, vertices: 3332, facets final: 8358, pending: 32069, pool: 199
I 1914.19] Elapsed: 31:54, vertices: 3340, facets final: 8456, pending: 31923, pool: 200
I 1919.30] Elapsed: 31:59, vertices: 3349, facets final: 8528, pending: 31844, pool: 198
I 1924.52] Elapsed: 32:05, vertices: 3357, facets final: 8659, pending: 31670, pool: 198
I 1929.52] Elapsed: 32:10, vertices: 3365, facets final: 8750, pending: 31547, pool: 199
I 1934.93] Elapsed: 32:15, vertices: 3372, facets final: 8923, pending: 31318, pool: 199
I 1939.97] Elapsed: 32:20, vertices: 3379, facets final: 9046, pending: 31189, pool: 198
I 1945.01] Elapsed: 32:25, vertices: 3387, facets final: 9153, pending: 31076, pool: 200
I 1950.09] Elapsed: 32:30, vertices: 3395, facets final: 9265, pending: 30941, pool: 199
I 1955.09] Elapsed: 32:35, vertices: 3402, facets final: 9388, pending: 30862, pool: 199
I 1960.26] Elapsed: 32:40, vertices: 3411, facets final: 9480, pending: 30734, pool: 199
I 1965.43] Elapsed: 32:45, vertices: 3417, facets final: 9643, pending: 30574, pool: 199
I 1970.45] Elapsed: 32:50, vertices: 3424, facets final: 9795, pending: 30394, pool: 198
I 1975.82] Elapsed: 32:56, vertices: 3432, facets final: 9925, pending: 30270, pool: 199
I 1980.88] Elapsed: 33:01, vertices: 3438, facets final: 10086, pending: 30101, pool: 200
I 1985.88] Elapsed: 33:06, vertices: 3447, facets final: 10180, pending: 30027, pool: 198
I 1990.88] Elapsed: 33:11, vertices: 3455, facets final: 10309, pending: 29833, pool: 198
I 1996.04] Elapsed: 33:16, vertices: 3461, facets final: 10527, pending: 29588, pool: 198
I 2001.05] Elapsed: 33:21, vertices: 3467, facets final: 10713, pending: 29408, pool: 197
I 2006.06] Elapsed: 33:26, vertices: 3472, facets final: 10943, pending: 29145, pool: 199
I 2011.06] Elapsed: 33:31, vertices: 3479, facets final: 11115, pending: 28964, pool: 198
I 2016.07] Elapsed: 33:36, vertices: 3486, facets final: 11280, pending: 28817, pool: 198
I 2021.07] Elapsed: 33:41, vertices: 3492, facets final: 11476, pending: 28610, pool: 199
I 2026.28] Elapsed: 33:46, vertices: 3500, facets final: 11617, pending: 28446, pool: 200
I 2031.28] Elapsed: 33:51, vertices: 3508, facets final: 11748, pending: 28277, pool: 195
I 2036.51] Elapsed: 33:57, vertices: 3514, facets final: 11940, pending: 28031, pool: 200
I 2041.51] Elapsed: 34:02, vertices: 3522, facets final: 12089, pending: 27844, pool: 195
I 2046.58] Elapsed: 34:07, vertices: 3527, facets final: 12325, pending: 27563, pool: 197
I 2051.94] Elapsed: 34:12, vertices: 3536, facets final: 12461, pending: 27550, pool: 193
I 2057.11] Elapsed: 34:17, vertices: 3541, facets final: 12697, pending: 27295, pool: 200
I 2062.11] Elapsed: 34:22, vertices: 3548, facets final: 12870, pending: 27109, pool: 198
I 2067.11] Elapsed: 34:27, vertices: 3554, facets final: 13081, pending: 26901, pool: 195
I 2072.11] Elapsed: 34:32, vertices: 3560, facets final: 13288, pending: 26695, pool: 193
I 2077.11] Elapsed: 34:37, vertices: 3565, facets final: 13527, pending: 26469, pool: 198
I 2082.11] Elapsed: 34:42, vertices: 3572, facets final: 13688, pending: 26280, pool: 199
I 2087.12] Elapsed: 34:47, vertices: 3577, facets final: 13931, pending: 26005, pool: 199
I 2092.12] Elapsed: 34:52, vertices: 3584, facets final: 14115, pending: 25791, pool: 196
I 2097.36] Elapsed: 34:57, vertices: 3590, facets final: 14327, pending: 25554, pool: 200
I 2102.37] Elapsed: 35:02, vertices: 3597, facets final: 14510, pending: 25357, pool: 197
I 2107.38] Elapsed: 35:07, vertices: 3602, facets final: 14733, pending: 25111, pool: 198
I 2112.38] Elapsed: 35:12, vertices: 3608, facets final: 14932, pending: 24886, pool: 198
I 2117.38] Elapsed: 35:17, vertices: 3612, facets final: 15211, pending: 24591, pool: 194
I 2122.68] Elapsed: 35:23, vertices: 3618, facets final: 15452, pending: 24321, pool: 191
I 2127.68] Elapsed: 35:28, vertices: 3622, facets final: 15728, pending: 24025, pool: 192
I 2132.96] Elapsed: 35:33, vertices: 3628, facets final: 15970, pending: 23756, pool: 189
I 2137.96] Elapsed: 35:38, vertices: 3633, facets final: 16222, pending: 23572, pool: 186
I 2142.96] Elapsed: 35:43, vertices: 3639, facets final: 16446, pending: 23344, pool: 182
I 2147.96] Elapsed: 35:48, vertices: 3643, facets final: 16726, pending: 23049, pool: 180
I 2153.28] Elapsed: 35:53, vertices: 3650, facets final: 16946, pending: 22797, pool: 179
I 2158.58] Elapsed: 35:59, vertices: 3654, facets final: 17256, pending: 22471, pool: 176
I 2163.90] Elapsed: 36:04, vertices: 3661, facets final: 17484, pending: 22221, pool: 172
I 2168.91] Elapsed: 36:09, vertices: 3668, facets final: 17697, pending: 22025, pool: 167
I 2174.17] Elapsed: 36:14, vertices: 3672, facets final: 18009, pending: 21706, pool: 168
I 2179.17] Elapsed: 36:19, vertices: 3675, facets final: 18329, pending: 21378, pool: 170
I 2184.18] Elapsed: 36:24, vertices: 3680, facets final: 18596, pending: 21108, pool: 168
I 2189.23] Elapsed: 36:29, vertices: 3685, facets final: 18864, pending: 20868, pool: 167
I 2194.23] Elapsed: 36:34, vertices: 3689, facets final: 19159, pending: 20641, pool: 165
I 2199.23] Elapsed: 36:39, vertices: 3693, facets final: 19455, pending: 20335, pool: 165
I 2204.24] Elapsed: 36:44, vertices: 3699, facets final: 19695, pending: 20075, pool: 162
I 2209.24] Elapsed: 36:49, vertices: 3704, facets final: 19948, pending: 19824, pool: 161
I 2214.35] Elapsed: 36:54, vertices: 3709, facets final: 20213, pending: 19574, pool: 163
I 2219.35] Elapsed: 36:59, vertices: 3714, facets final: 20480, pending: 19297, pool: 161
I 2224.35] Elapsed: 37:04, vertices: 3718, facets final: 20770, pending: 18998, pool: 160
I 2229.35] Elapsed: 37:09, vertices: 3723, facets final: 21043, pending: 18725, pool: 158
I 2234.38] Elapsed: 37:14, vertices: 3728, facets final: 21324, pending: 18434, pool: 156
I 2239.38] Elapsed: 37:19, vertices: 3732, facets final: 21603, pending: 18214, pool: 157
I 2244.42] Elapsed: 37:24, vertices: 3736, facets final: 21899, pending: 17915, pool: 158
I 2249.54] Elapsed: 37:30, vertices: 3739, facets final: 22229, pending: 17623, pool: 160
I 2254.54] Elapsed: 37:35, vertices: 3744, facets final: 22495, pending: 17344, pool: 157
I 2259.71] Elapsed: 37:40, vertices: 3749, facets final: 22783, pending: 17056, pool: 153
I 2264.72] Elapsed: 37:45, vertices: 3755, facets final: 23039, pending: 16829, pool: 147
I 2269.72] Elapsed: 37:50, vertices: 3759, facets final: 23345, pending: 16529, pool: 145
I 2274.73] Elapsed: 37:55, vertices: 3762, facets final: 23677, pending: 16200, pool: 142
I 2279.73] Elapsed: 38:00, vertices: 3765, facets final: 24006, pending: 15873, pool: 141
I 2284.73] Elapsed: 38:05, vertices: 3769, facets final: 24317, pending: 15563, pool: 137
I 2289.74] Elapsed: 38:10, vertices: 3772, facets final: 24647, pending: 15244, pool: 137
I 2294.74] Elapsed: 38:15, vertices: 3775, facets final: 24971, pending: 14910, pool: 137
I 2299.75] Elapsed: 38:20, vertices: 3777, facets final: 25319, pending: 14574, pool: 139
I 2304.75] Elapsed: 38:25, vertices: 3781, facets final: 25625, pending: 14257, pool: 135
I 2309.75] Elapsed: 38:30, vertices: 3787, facets final: 25890, pending: 13978, pool: 132
I 2314.98] Elapsed: 38:35, vertices: 3792, facets final: 26198, pending: 13663, pool: 130
I 2319.98] Elapsed: 38:40, vertices: 3796, facets final: 26513, pending: 13336, pool: 126
I 2324.98] Elapsed: 38:45, vertices: 3800, facets final: 26810, pending: 13053, pool: 124
I 2329.99] Elapsed: 38:50, vertices: 3803, facets final: 27145, pending: 12709, pool: 123
I 2334.99] Elapsed: 38:55, vertices: 3809, facets final: 27422, pending: 12417, pool: 118
I 2340.17] Elapsed: 39:00, vertices: 3815, facets final: 27709, pending: 12117, pool: 114
I 2345.17] Elapsed: 39:05, vertices: 3816, facets final: 28084, pending: 11745, pool: 113
I 2350.17] Elapsed: 39:10, vertices: 3821, facets final: 28378, pending: 11520, pool: 110
I 2355.17] Elapsed: 39:15, vertices: 3823, facets final: 28735, pending: 11153, pool: 109
I 2360.29] Elapsed: 39:20, vertices: 3827, facets final: 29063, pending: 10828, pool: 109
I 2365.29] Elapsed: 39:25, vertices: 3832, facets final: 29359, pending: 10531, pool: 106
I 2370.29] Elapsed: 39:30, vertices: 3836, facets final: 29681, pending: 10200, pool: 102
I 2375.29] Elapsed: 39:35, vertices: 3839, facets final: 30023, pending: 9849, pool: 99
I 2380.30] Elapsed: 39:40, vertices: 3843, facets final: 30335, pending: 9568, pool: 98
I 2385.30] Elapsed: 39:45, vertices: 3847, facets final: 30659, pending: 9245, pool: 95
I 2390.48] Elapsed: 39:50, vertices: 3850, facets final: 30998, pending: 8888, pool: 94
I 2395.48] Elapsed: 39:55, vertices: 3857, facets final: 31272, pending: 8613, pool: 91
I 2400.48] Elapsed: 40:00, vertices: 3862, facets final: 31589, pending: 8282, pool: 87
I 2405.48] Elapsed: 40:05, vertices: 3870, facets final: 31860, pending: 7995, pool: 81
I 2410.49] Elapsed: 40:10, vertices: 3873, facets final: 32211, pending: 7638, pool: 78
I 2415.49] Elapsed: 40:15, vertices: 3878, facets final: 32537, pending: 7300, pool: 74
I 2420.60] Elapsed: 40:21, vertices: 3884, facets final: 32854, pending: 6949, pool: 69
I 2425.60] Elapsed: 40:26, vertices: 3888, facets final: 33194, pending: 6600, pool: 66
I 2430.60] Elapsed: 40:31, vertices: 3890, facets final: 33562, pending: 6230, pool: 65
I 2435.61] Elapsed: 40:36, vertices: 3894, facets final: 33905, pending: 5903, pool: 63
I 2440.61] Elapsed: 40:41, vertices: 3895, facets final: 34280, pending: 5536, pool: 63
I 2445.62] Elapsed: 40:46, vertices: 3897, facets final: 34639, pending: 5171, pool: 66
I 2450.62] Elapsed: 40:51, vertices: 3899, facets final: 35009, pending: 4810, pool: 64
I 2455.62] Elapsed: 40:56, vertices: 3902, facets final: 35348, pending: 4470, pool: 62
I 2460.62] Elapsed: 41:01, vertices: 3906, facets final: 35696, pending: 4116, pool: 59
I 2465.62] Elapsed: 41:06, vertices: 3909, facets final: 36054, pending: 3770, pool: 57
I 2470.66] Elapsed: 41:11, vertices: 3913, facets final: 36410, pending: 3417, pool: 54
I 2475.67] Elapsed: 41:16, vertices: 3916, facets final: 36775, pending: 3046, pool: 51
I 2480.68] Elapsed: 41:21, vertices: 3919, facets final: 37143, pending: 2676, pool: 49
I 2485.68] Elapsed: 41:26, vertices: 3923, facets final: 37503, pending: 2308, pool: 46
I 2490.68] Elapsed: 41:31, vertices: 3927, facets final: 37862, pending: 1947, pool: 42
I 2495.68] Elapsed: 41:36, vertices: 3938, facets final: 38174, pending: 1647, pool: 31
I 2500.68] Elapsed: 41:41, vertices: 3948, facets final: 38506, pending: 1320, pool: 21
I 2505.68] Elapsed: 41:46, vertices: 3955, facets final: 38859, pending: 959, pool: 15
I 2510.68] Elapsed: 41:51, vertices: 3964, facets final: 39205, pending: 596, pool: 8
I 2515.68] Elapsed: 41:56, vertices: 3974, facets final: 39629, pending: 172, pool: 1
I 2517.84] Elapsed: 41:58, vertices: 3985, facets final: 39789, pending: 0

--------------------------------
Problem completed
 name                    44.vlp
 output                  vlp/44.res
 rows, cols, objs        12, 4993, 10
 vertices, facets        3985, 39789
 total time              41:58
--------------------------------
Statistics
LP:
 oracle calls            44916
   avg iterations/calls  8.38
 total oracle time       9:17
Combinatorics:
 vertices added          3985
 facets probed           50756
 facets # max            46002
 memory allocated        60.86M
 instability warnings    2
 storage expansion
   vertices # / upto     32 / 4092
   facets   # / upto     12 / 49148
 facet manipulating
   added avg / max       112.31 / 1.93k
   compressed            225
 number of ridge tests
   avg / max             3.41M / 31.83M
--------------------------------
Parameters with non-default values
 VertexPoolSize = 200
 PolytopeEps = 4e-09
 LineqEps = 1e-07
